Error in <TFile::Init>: /eos/home-e/egkougko/Root/Carbon/CNM_10478_W5S1038_1e14_p/-30C/200V.root not a ROOT file

 *** Break *** segmentation violation



===========================================================
There was a crash.
This is the entire stack trace of all threads:
===========================================================
#0  0x00002acc4bf3f41c in waitpid () from /lib64/libc.so.6
#1  0x00002acc4bebcf12 in do_system () from /lib64/libc.so.6
#2  0x00002acc4b04c533 in TUnixSystem::StackTrace() () from /cvmfs/sft.cern.ch/lcg/releases/ROOT/6.18.04-c767d/x86_64-centos7-gcc8-opt/lib/libCore.so
#3  0x00002acc4b04ed84 in TUnixSystem::DispatchSignals(ESignals) () from /cvmfs/sft.cern.ch/lcg/releases/ROOT/6.18.04-c767d/x86_64-centos7-gcc8-opt/lib/libCore.so
#4  <signal handler called>
#5  0x00002acc5ffd8e83 in LGADUtils::Analyse(long long, std::__cxx11::basic_string<char, std::char_traits<char>, std::allocator<char> >) () from /afs/cern.ch/work/e/egkougko/private/LGADUtils/Root/LGADUtils_cxx.so
#6  0x00002acc4aaca0aa in ?? ()
#7  0x0000000001d87f70 in ?? ()
#8  0x0000000000000015 in ?? ()
#9  0x0000000000000015 in ?? ()
#10 0x00002acc4c241760 in ?? () from /lib64/libc.so.6
#11 0x00002acc4aaca000 in ?? ()
#12 0x0000000000006b58 in ?? ()
#13 0x0000000000000000 in ?? ()
===========================================================


The lines below might hint at the cause of the crash.
You may get help by asking at the ROOT forum http://root.cern.ch/forum
Only if you are really convinced it is a bug in ROOT then please submit a
report at http://root.cern.ch/bugs Please post the ENTIRE stack trace
from above as an attachment in addition to anything else
that might help us fixing this issue.
===========================================================
#5  0x00002acc5ffd8e83 in LGADUtils::Analyse(long long, std::__cxx11::basic_string<char, std::char_traits<char>, std::allocator<char> >) () from /afs/cern.ch/work/e/egkougko/private/LGADUtils/Root/LGADUtils_cxx.so
#6  0x00002acc4aaca0aa in ?? ()
#7  0x0000000001d87f70 in ?? ()
#8  0x0000000000000015 in ?? ()
#9  0x0000000000000015 in ?? ()
#10 0x00002acc4c241760 in ?? () from /lib64/libc.so.6
#11 0x00002acc4aaca000 in ?? ()
#12 0x0000000000006b58 in ?? ()
#13 0x0000000000000000 in ?? ()
===========================================================


