Info in <TSelector::Notify>: Opening a new file ...
Info in <TSelector::Notify>: Opening a new file ...
Error in <TFile::ReadBuffer>: error reading all requested bytes from file /eos/home-e/egkougko/Root/Carbon/CNM_10478_W5S1004_3e15_n/-20C/440V.root, got 143559 of 16005920
Error in <TBranchElement::GetBasket>: File: /eos/home-e/egkougko/Root/Carbon/CNM_10478_W5S1004_3e15_n/-20C/440V.root at byte:4935209, branch:t02, entry:100, badread=1, nerrors=1, basketnumber=100
R__unzip: error -3 in inflate (zlib)
Error in <TBasket::ReadBasketBuffers>: fNbytes = 7551, fKeylen = 69, fObjlen = 16038, noutot = 0, nout=0, nin=7482, nbuf=16038
Error in <TBranchElement::GetBasket>: File: /eos/home-e/egkougko/Root/Carbon/CNM_10478_W5S1004_3e15_n/-20C/440V.root at byte:5125747, branch:w03, entry:102, badread=1, nerrors=2, basketnumber=102
Error in <TBasket::Streamer>: The value of fKeylen is incorrect (-1410) ; trying to recover by setting it to zero
Error in <TBasket::Streamer>: The value of fObjlen is incorrect (-571931767) ; trying to recover by setting it to zero
Error in <TBranchElement::GetBasket>: File: /eos/home-e/egkougko/Root/Carbon/CNM_10478_W5S1004_3e15_n/-20C/440V.root at byte:288141014, branch:t02, entry:103, badread=1, nerrors=3, basketnumber=103
Error in <TBasket::Streamer>: The value of fIOBits (00000000000000000000000001001110) contains unknown flags (supported flags are 00000000000000000000000000000001), indicating this was written with a newer version of ROOT utilizing critical IO features this version of ROOT does not support.  Refusing to deserialize.
Error in <TBranchElement::GetBasket>: File: /eos/home-e/egkougko/Root/Carbon/CNM_10478_W5S1004_3e15_n/-20C/440V.root at byte:4200331847, branch:w02, entry:103, badread=1, nerrors=4, basketnumber=103
Error in <TBasket::Streamer>: The value of fKeylen is incorrect (-4126) ; trying to recover by setting it to zero
Error in <TBasket::Streamer>: The value of fObjlen is incorrect (-85697312) ; trying to recover by setting it to zero
Error in <TBasket::TBasket::Streamer>: The value of fNevBufSize (-1211199897) or fIOBits (155) is incorrect ; setting the buffer to a zombie.
Fatal in <TBuffer::TBuffer>: Request to create a buffer with a negative size, likely due to an integer overflow: 0xf71c71ff for a max of 0x7ffffffe.
aborting
#0  0x00002b3f3530541c in waitpid () from /lib64/libc.so.6
#1  0x00002b3f35282f12 in do_system () from /lib64/libc.so.6
#2  0x00002b3f34412533 in TUnixSystem::StackTrace() () from /cvmfs/sft.cern.ch/lcg/releases/ROOT/6.18.04-c767d/x86_64-centos7-gcc8-opt/lib/libCore.so
#3  0x00002b3f342ffd21 in DefaultErrorHandler(int, bool, char const*, char const*) () from /cvmfs/sft.cern.ch/lcg/releases/ROOT/6.18.04-c767d/x86_64-centos7-gcc8-opt/lib/libCore.so
#4  0x00002b3f342ff80a in ErrorHandler () from /cvmfs/sft.cern.ch/lcg/releases/ROOT/6.18.04-c767d/x86_64-centos7-gcc8-opt/lib/libCore.so
#5  0x00002b3f34313084 in TObject::Fatal(char const*, char const*, ...) const () from /cvmfs/sft.cern.ch/lcg/releases/ROOT/6.18.04-c767d/x86_64-centos7-gcc8-opt/lib/libCore.so
#6  0x00002b3f342eb8c0 in TBuffer::TBuffer(TBuffer::EMode, int) () from /cvmfs/sft.cern.ch/lcg/releases/ROOT/6.18.04-c767d/x86_64-centos7-gcc8-opt/lib/libCore.so
#7  0x00002b3f3694f179 in TBufferIO::TBufferIO(TBuffer::EMode, int) () from /cvmfs/sft.cern.ch/lcg/releases/ROOT/6.18.04-c767d/x86_64-centos7-gcc8-opt/lib/libRIO.so
#8  0x00002b3f369488d9 in TBufferFile::TBufferFile(TBuffer::EMode, int) () from /cvmfs/sft.cern.ch/lcg/releases/ROOT/6.18.04-c767d/x86_64-centos7-gcc8-opt/lib/libRIO.so
#9  0x00002b3f434f4c35 in TBasket::Streamer(TBuffer&) () from /cvmfs/sft.cern.ch/lcg/releases/ROOT/6.18.04-c767d/x86_64-centos7-gcc8-opt/lib/libTree.so
#10 0x00002b3f434f39a9 in TBasket::ReadBasketBuffers(long long, int, TFile*) () from /cvmfs/sft.cern.ch/lcg/releases/ROOT/6.18.04-c767d/x86_64-centos7-gcc8-opt/lib/libTree.so
#11 0x00002b3f434fdb8b in TBranch::GetBasketImpl(int, TBuffer*) () from /cvmfs/sft.cern.ch/lcg/releases/ROOT/6.18.04-c767d/x86_64-centos7-gcc8-opt/lib/libTree.so
#12 0x00002b3f434fe1f9 in TBranch::GetBasketAndFirst(TBasket*&, long long&, TBuffer*) () from /cvmfs/sft.cern.ch/lcg/releases/ROOT/6.18.04-c767d/x86_64-centos7-gcc8-opt/lib/libTree.so
#13 0x00002b3f434fe892 in TBranch::GetEntry(long long, int) () from /cvmfs/sft.cern.ch/lcg/releases/ROOT/6.18.04-c767d/x86_64-centos7-gcc8-opt/lib/libTree.so
#14 0x00002b3f4350e779 in TBranchElement::GetEntry(long long, int) () from /cvmfs/sft.cern.ch/lcg/releases/ROOT/6.18.04-c767d/x86_64-centos7-gcc8-opt/lib/libTree.so
#15 0x00002b3f49181d93 in LGADRun::Process(long long) () from /afs/cern.ch/work/e/egkougko/private/LGADUtils/Root/LGADRun_cxx.so
#16 0x00002b3f46dacee6 in TTreePlayer::Process(TSelector*, char const*, long long, long long) () from /cvmfs/sft.cern.ch/lcg/releases/ROOT/6.18.04-c767d/x86_64-centos7-gcc8-opt/lib/libTreePlayer.so
#17 0x00002b3f4939f1ff in LGADUtils::Analyse(long long, std::__cxx11::basic_string<char, std::char_traits<char>, std::allocator<char> >) () from /afs/cern.ch/work/e/egkougko/private/LGADUtils/Root/LGADUtils_cxx.so
#18 0x00002b3f33e900aa in ?? ()
#19 0x00000000061e6770 in ?? ()
#20 0x0000000000000015 in ?? ()
#21 0x0000000000000015 in ?? ()
#22 0x00002b3f35607760 in ?? () from /lib64/libc.so.6
#23 0x00002b3f33e90000 in ?? ()
#24 0x0000000000006b58 in ?? ()
#25 0x0000000000000000 in ?? ()
