Error R__unzip_header: error in header.  Values: 07d

 *** Break *** segmentation violation



===========================================================
There was a crash.
This is the entire stack trace of all threads:
===========================================================
#0  0x00002b6cde42c41c in waitpid () from /lib64/libc.so.6
#1  0x00002b6cde3a9f12 in do_system () from /lib64/libc.so.6
#2  0x00002b6cdd539533 in TUnixSystem::StackTrace() () from /cvmfs/sft.cern.ch/lcg/releases/ROOT/6.18.04-c767d/x86_64-centos7-gcc8-opt/lib/libCore.so
#3  0x00002b6cdd53bd84 in TUnixSystem::DispatchSignals(ESignals) () from /cvmfs/sft.cern.ch/lcg/releases/ROOT/6.18.04-c767d/x86_64-centos7-gcc8-opt/lib/libCore.so
#4  <signal handler called>
#5  0x00002b6cebb59c6f in LGADBase::SetRootTree(TFile*, std::__cxx11::basic_string<char, std::char_traits<char>, std::allocator<char> >) () from /afs/cern.ch/work/e/egkougko/private/LGADUtils/Root/LGADBase_cxx.so
#6  0x00002b6cf24c6072 in LGADUtils::Analyse(long long, std::__cxx11::basic_string<char, std::char_traits<char>, std::allocator<char> >) () from /afs/cern.ch/work/e/egkougko/private/LGADUtils/Root/LGADUtils_cxx.so
#7  0x00002b6cdcfb70aa in ?? ()
#8  0x0000000000e8b6c0 in ?? ()
#9  0x0000000000000015 in ?? ()
#10 0x0000000000000015 in ?? ()
#11 0x00002b6cde72e760 in ?? () from /lib64/libc.so.6
#12 0x00002b6cdcfb7000 in ?? ()
#13 0x0000000000006b58 in ?? ()
#14 0x0000000000000000 in ?? ()
===========================================================


The lines below might hint at the cause of the crash.
You may get help by asking at the ROOT forum http://root.cern.ch/forum
Only if you are really convinced it is a bug in ROOT then please submit a
report at http://root.cern.ch/bugs Please post the ENTIRE stack trace
from above as an attachment in addition to anything else
that might help us fixing this issue.
===========================================================
#5  0x00002b6cebb59c6f in LGADBase::SetRootTree(TFile*, std::__cxx11::basic_string<char, std::char_traits<char>, std::allocator<char> >) () from /afs/cern.ch/work/e/egkougko/private/LGADUtils/Root/LGADBase_cxx.so
#6  0x00002b6cf24c6072 in LGADUtils::Analyse(long long, std::__cxx11::basic_string<char, std::char_traits<char>, std::allocator<char> >) () from /afs/cern.ch/work/e/egkougko/private/LGADUtils/Root/LGADUtils_cxx.so
#7  0x00002b6cdcfb70aa in ?? ()
#8  0x0000000000e8b6c0 in ?? ()
#9  0x0000000000000015 in ?? ()
#10 0x0000000000000015 in ?? ()
#11 0x00002b6cde72e760 in ?? () from /lib64/libc.so.6
#12 0x00002b6cdcfb7000 in ?? ()
#13 0x0000000000006b58 in ?? ()
#14 0x0000000000000000 in ?? ()
===========================================================


