000 (3447447.000.000) 01/30 07:33:49 Job submitted from host: <188.185.71.142:9618?addrs=188.185.71.142-9618+[2001-1458-d00-7--100-388]-9618&alias=bigbird09.cern.ch&noUDP&sock=schedd_2208_1533_7>
...
040 (3447447.000.000) 01/30 07:55:49 Started transferring input files
	Transferring to host: <128.142.69.11:9618?addrs=128.142.69.11-9618+[2001-1458-301-52--100-488]-9618&noUDP&sock=14425_77a4_14113>
...
040 (3447447.000.000) 01/30 07:55:49 Finished transferring input files
...
001 (3447447.000.000) 01/30 07:55:50 Job executing on host: <128.142.69.11:9618?addrs=128.142.69.11-9618+[2001-1458-301-52--100-488]-9618&noUDP&sock=14220_50d2_3>
...
006 (3447447.000.000) 01/30 07:55:58 Image size of job updated: 106724
	51  -  MemoryUsage of job (MB)
	51452  -  ResidentSetSize of job (KB)
...
006 (3447447.000.000) 01/30 08:00:58 Image size of job updated: 366320
	355  -  MemoryUsage of job (MB)
	362568  -  ResidentSetSize of job (KB)
...
006 (3447447.000.000) 01/30 08:05:58 Image size of job updated: 366344
	355  -  MemoryUsage of job (MB)
	362592  -  ResidentSetSize of job (KB)
...
006 (3447447.000.000) 01/30 08:10:59 Image size of job updated: 366388
	355  -  MemoryUsage of job (MB)
	362636  -  ResidentSetSize of job (KB)
...
006 (3447447.000.000) 01/30 08:16:00 Image size of job updated: 366396
	355  -  MemoryUsage of job (MB)
	362644  -  ResidentSetSize of job (KB)
...
006 (3447447.000.000) 01/30 08:21:00 Image size of job updated: 366408
	355  -  MemoryUsage of job (MB)
	362656  -  ResidentSetSize of job (KB)
...
006 (3447447.000.000) 01/30 08:26:01 Image size of job updated: 366420
	355  -  MemoryUsage of job (MB)
	362668  -  ResidentSetSize of job (KB)
...
006 (3447447.000.000) 01/30 08:36:03 Image size of job updated: 366424
	355  -  MemoryUsage of job (MB)
	362672  -  ResidentSetSize of job (KB)
...
006 (3447447.000.000) 01/30 08:46:04 Image size of job updated: 366452
	355  -  MemoryUsage of job (MB)
	362700  -  ResidentSetSize of job (KB)
...
006 (3447447.000.000) 01/30 11:21:21 Image size of job updated: 366480
	355  -  MemoryUsage of job (MB)
	362752  -  ResidentSetSize of job (KB)
...
006 (3447447.000.000) 01/30 11:26:21 Image size of job updated: 366568
	355  -  MemoryUsage of job (MB)
	362840  -  ResidentSetSize of job (KB)
...
006 (3447447.000.000) 01/30 11:31:22 Image size of job updated: 366576
	355  -  MemoryUsage of job (MB)
	362848  -  ResidentSetSize of job (KB)
...
006 (3447447.000.000) 01/30 11:51:25 Image size of job updated: 366592
	355  -  MemoryUsage of job (MB)
	362864  -  ResidentSetSize of job (KB)
...
006 (3447447.000.000) 01/30 11:56:25 Image size of job updated: 366704
	355  -  MemoryUsage of job (MB)
	362976  -  ResidentSetSize of job (KB)
...
006 (3447447.000.000) 01/30 12:01:25 Image size of job updated: 366724
	355  -  MemoryUsage of job (MB)
	362996  -  ResidentSetSize of job (KB)
...
006 (3447447.000.000) 01/30 12:06:26 Image size of job updated: 366764
	355  -  MemoryUsage of job (MB)
	363036  -  ResidentSetSize of job (KB)
...
006 (3447447.000.000) 01/30 12:11:26 Image size of job updated: 366788
	355  -  MemoryUsage of job (MB)
	363060  -  ResidentSetSize of job (KB)
...
006 (3447447.000.000) 01/30 12:36:29 Image size of job updated: 366860
	355  -  MemoryUsage of job (MB)
	363132  -  ResidentSetSize of job (KB)
...
006 (3447447.000.000) 01/30 12:41:29 Image size of job updated: 367104
	355  -  MemoryUsage of job (MB)
	363212  -  ResidentSetSize of job (KB)
...
006 (3447447.000.000) 01/30 12:46:29 Image size of job updated: 367188
	355  -  MemoryUsage of job (MB)
	363296  -  ResidentSetSize of job (KB)
...
006 (3447447.000.000) 01/30 12:51:30 Image size of job updated: 367344
	355  -  MemoryUsage of job (MB)
	363452  -  ResidentSetSize of job (KB)
...
006 (3447447.000.000) 01/30 12:56:31 Image size of job updated: 367368
	355  -  MemoryUsage of job (MB)
	363476  -  ResidentSetSize of job (KB)
...
006 (3447447.000.000) 01/30 13:01:31 Image size of job updated: 367500
	356  -  MemoryUsage of job (MB)
	363608  -  ResidentSetSize of job (KB)
...
006 (3447447.000.000) 01/30 13:11:33 Image size of job updated: 367648
	356  -  MemoryUsage of job (MB)
	363756  -  ResidentSetSize of job (KB)
...
006 (3447447.000.000) 01/30 13:16:33 Image size of job updated: 367736
	356  -  MemoryUsage of job (MB)
	363844  -  ResidentSetSize of job (KB)
...
006 (3447447.000.000) 01/30 13:21:34 Image size of job updated: 367804
	356  -  MemoryUsage of job (MB)
	363912  -  ResidentSetSize of job (KB)
...
006 (3447447.000.000) 01/30 13:26:35 Image size of job updated: 367804
	356  -  MemoryUsage of job (MB)
	363952  -  ResidentSetSize of job (KB)
...
006 (3447447.000.000) 01/30 13:31:35 Image size of job updated: 367804
	356  -  MemoryUsage of job (MB)
	363992  -  ResidentSetSize of job (KB)
...
006 (3447447.000.000) 01/30 13:36:35 Image size of job updated: 367804
	356  -  MemoryUsage of job (MB)
	364084  -  ResidentSetSize of job (KB)
...
006 (3447447.000.000) 01/30 13:41:36 Image size of job updated: 367804
	356  -  MemoryUsage of job (MB)
	364140  -  ResidentSetSize of job (KB)
...
006 (3447447.000.000) 01/30 13:46:36 Image size of job updated: 367804
	356  -  MemoryUsage of job (MB)
	364232  -  ResidentSetSize of job (KB)
...
006 (3447447.000.000) 01/30 13:51:37 Image size of job updated: 367804
	356  -  MemoryUsage of job (MB)
	364304  -  ResidentSetSize of job (KB)
...
006 (3447447.000.000) 01/30 13:56:38 Image size of job updated: 367804
	356  -  MemoryUsage of job (MB)
	364320  -  ResidentSetSize of job (KB)
...
006 (3447447.000.000) 01/30 14:01:38 Image size of job updated: 367804
	356  -  MemoryUsage of job (MB)
	364472  -  ResidentSetSize of job (KB)
...
006 (3447447.000.000) 01/30 14:06:38 Image size of job updated: 367804
	357  -  MemoryUsage of job (MB)
	364572  -  ResidentSetSize of job (KB)
...
006 (3447447.000.000) 01/30 14:11:39 Image size of job updated: 367804
	357  -  MemoryUsage of job (MB)
	364600  -  ResidentSetSize of job (KB)
...
006 (3447447.000.000) 01/30 14:16:39 Image size of job updated: 367804
	357  -  MemoryUsage of job (MB)
	364752  -  ResidentSetSize of job (KB)
...
006 (3447447.000.000) 01/30 14:21:39 Image size of job updated: 367804
	357  -  MemoryUsage of job (MB)
	364808  -  ResidentSetSize of job (KB)
...
006 (3447447.000.000) 01/30 14:26:40 Image size of job updated: 367804
	357  -  MemoryUsage of job (MB)
	364896  -  ResidentSetSize of job (KB)
...
006 (3447447.000.000) 01/30 14:31:40 Image size of job updated: 367804
	357  -  MemoryUsage of job (MB)
	364920  -  ResidentSetSize of job (KB)
...
006 (3447447.000.000) 01/30 14:36:40 Image size of job updated: 367804
	357  -  MemoryUsage of job (MB)
	365008  -  ResidentSetSize of job (KB)
...
006 (3447447.000.000) 01/30 14:41:41 Image size of job updated: 367804
	357  -  MemoryUsage of job (MB)
	365108  -  ResidentSetSize of job (KB)
...
006 (3447447.000.000) 01/30 14:46:41 Image size of job updated: 367804
	357  -  MemoryUsage of job (MB)
	365136  -  ResidentSetSize of job (KB)
...
006 (3447447.000.000) 01/30 14:51:41 Image size of job updated: 367804
	357  -  MemoryUsage of job (MB)
	365292  -  ResidentSetSize of job (KB)
...
006 (3447447.000.000) 01/30 15:01:43 Image size of job updated: 367804
	357  -  MemoryUsage of job (MB)
	365384  -  ResidentSetSize of job (KB)
...
006 (3447447.000.000) 01/30 15:06:43 Image size of job updated: 367804
	357  -  MemoryUsage of job (MB)
	365484  -  ResidentSetSize of job (KB)
...
006 (3447447.000.000) 01/30 15:11:44 Image size of job updated: 367804
	357  -  MemoryUsage of job (MB)
	365512  -  ResidentSetSize of job (KB)
...
006 (3447447.000.000) 01/30 15:16:45 Image size of job updated: 367804
	358  -  MemoryUsage of job (MB)
	365584  -  ResidentSetSize of job (KB)
...
006 (3447447.000.000) 01/30 15:21:45 Image size of job updated: 367804
	358  -  MemoryUsage of job (MB)
	365604  -  ResidentSetSize of job (KB)
...
006 (3447447.000.000) 01/30 15:26:46 Image size of job updated: 367804
	358  -  MemoryUsage of job (MB)
	365644  -  ResidentSetSize of job (KB)
...
006 (3447447.000.000) 01/30 15:31:47 Image size of job updated: 367804
	358  -  MemoryUsage of job (MB)
	365760  -  ResidentSetSize of job (KB)
...
006 (3447447.000.000) 01/30 15:36:47 Image size of job updated: 367804
	358  -  MemoryUsage of job (MB)
	365816  -  ResidentSetSize of job (KB)
...
006 (3447447.000.000) 01/30 15:41:48 Image size of job updated: 367804
	358  -  MemoryUsage of job (MB)
	365840  -  ResidentSetSize of job (KB)
...
006 (3447447.000.000) 01/30 15:46:49 Image size of job updated: 367804
	358  -  MemoryUsage of job (MB)
	365932  -  ResidentSetSize of job (KB)
...
006 (3447447.000.000) 01/30 15:51:49 Image size of job updated: 367804
	358  -  MemoryUsage of job (MB)
	365980  -  ResidentSetSize of job (KB)
...
006 (3447447.000.000) 01/30 15:56:49 Image size of job updated: 367804
	358  -  MemoryUsage of job (MB)
	366080  -  ResidentSetSize of job (KB)
...
006 (3447447.000.000) 01/30 16:01:50 Image size of job updated: 367804
	358  -  MemoryUsage of job (MB)
	366156  -  ResidentSetSize of job (KB)
...
006 (3447447.000.000) 01/30 16:06:50 Image size of job updated: 367804
	358  -  MemoryUsage of job (MB)
	366224  -  ResidentSetSize of job (KB)
...
006 (3447447.000.000) 01/30 16:11:51 Image size of job updated: 367804
	358  -  MemoryUsage of job (MB)
	366236  -  ResidentSetSize of job (KB)
...
006 (3447447.000.000) 01/30 16:16:52 Image size of job updated: 367804
	358  -  MemoryUsage of job (MB)
	366316  -  ResidentSetSize of job (KB)
...
006 (3447447.000.000) 01/30 16:21:52 Image size of job updated: 367804
	358  -  MemoryUsage of job (MB)
	366380  -  ResidentSetSize of job (KB)
...
006 (3447447.000.000) 01/30 16:26:52 Image size of job updated: 367804
	358  -  MemoryUsage of job (MB)
	366492  -  ResidentSetSize of job (KB)
...
006 (3447447.000.000) 01/30 16:31:53 Image size of job updated: 367804
	359  -  MemoryUsage of job (MB)
	366812  -  ResidentSetSize of job (KB)
...
006 (3447447.000.000) 01/30 16:36:53 Image size of job updated: 369784
	361  -  MemoryUsage of job (MB)
	368960  -  ResidentSetSize of job (KB)
...
006 (3447447.000.000) 01/30 16:41:53 Image size of job updated: 369900
	361  -  MemoryUsage of job (MB)
	369076  -  ResidentSetSize of job (KB)
...
006 (3447447.000.000) 01/30 16:46:54 Image size of job updated: 369976
	361  -  MemoryUsage of job (MB)
	369152  -  ResidentSetSize of job (KB)
...
006 (3447447.000.000) 01/30 16:51:54 Image size of job updated: 369980
	361  -  MemoryUsage of job (MB)
	369156  -  ResidentSetSize of job (KB)
...
006 (3447447.000.000) 01/30 16:56:54 Image size of job updated: 370036
	361  -  MemoryUsage of job (MB)
	369212  -  ResidentSetSize of job (KB)
...
006 (3447447.000.000) 01/30 17:01:56 Image size of job updated: 370172
	361  -  MemoryUsage of job (MB)
	369348  -  ResidentSetSize of job (KB)
...
006 (3447447.000.000) 01/30 17:08:23 Image size of job updated: 370224
	361  -  MemoryUsage of job (MB)
	369400  -  ResidentSetSize of job (KB)
...
006 (3447447.000.000) 01/30 17:17:44 Image size of job updated: 370308
	361  -  MemoryUsage of job (MB)
	369484  -  ResidentSetSize of job (KB)
...
006 (3447447.000.000) 01/30 17:22:45 Image size of job updated: 370344
	361  -  MemoryUsage of job (MB)
	369520  -  ResidentSetSize of job (KB)
...
006 (3447447.000.000) 01/30 17:27:45 Image size of job updated: 370392
	361  -  MemoryUsage of job (MB)
	369568  -  ResidentSetSize of job (KB)
...
006 (3447447.000.000) 01/30 17:32:45 Image size of job updated: 370480
	361  -  MemoryUsage of job (MB)
	369656  -  ResidentSetSize of job (KB)
...
006 (3447447.000.000) 01/30 17:37:47 Image size of job updated: 370568
	362  -  MemoryUsage of job (MB)
	369744  -  ResidentSetSize of job (KB)
...
006 (3447447.000.000) 01/30 17:42:47 Image size of job updated: 370604
	362  -  MemoryUsage of job (MB)
	369780  -  ResidentSetSize of job (KB)
...
006 (3447447.000.000) 01/30 17:47:47 Image size of job updated: 370640
	362  -  MemoryUsage of job (MB)
	369816  -  ResidentSetSize of job (KB)
...
006 (3447447.000.000) 01/30 17:52:48 Image size of job updated: 370696
	362  -  MemoryUsage of job (MB)
	369872  -  ResidentSetSize of job (KB)
...
006 (3447447.000.000) 01/30 17:57:49 Image size of job updated: 370772
	362  -  MemoryUsage of job (MB)
	369948  -  ResidentSetSize of job (KB)
...
006 (3447447.000.000) 01/30 18:02:49 Image size of job updated: 370788
	362  -  MemoryUsage of job (MB)
	369964  -  ResidentSetSize of job (KB)
...
006 (3447447.000.000) 01/30 18:07:50 Image size of job updated: 370816
	362  -  MemoryUsage of job (MB)
	369992  -  ResidentSetSize of job (KB)
...
006 (3447447.000.000) 01/30 18:13:07 Image size of job updated: 370908
	362  -  MemoryUsage of job (MB)
	370084  -  ResidentSetSize of job (KB)
...
006 (3447447.000.000) 01/30 18:17:51 Image size of job updated: 370932
	362  -  MemoryUsage of job (MB)
	370108  -  ResidentSetSize of job (KB)
...
006 (3447447.000.000) 01/30 18:22:53 Image size of job updated: 371020
	362  -  MemoryUsage of job (MB)
	370196  -  ResidentSetSize of job (KB)
...
006 (3447447.000.000) 01/30 18:27:53 Image size of job updated: 371052
	362  -  MemoryUsage of job (MB)
	370228  -  ResidentSetSize of job (KB)
...
006 (3447447.000.000) 01/30 18:32:53 Image size of job updated: 371056
	362  -  MemoryUsage of job (MB)
	370232  -  ResidentSetSize of job (KB)
...
006 (3447447.000.000) 01/30 18:37:55 Image size of job updated: 371120
	362  -  MemoryUsage of job (MB)
	370296  -  ResidentSetSize of job (KB)
...
006 (3447447.000.000) 01/30 18:42:55 Image size of job updated: 371196
	362  -  MemoryUsage of job (MB)
	370372  -  ResidentSetSize of job (KB)
...
006 (3447447.000.000) 01/30 18:47:55 Image size of job updated: 371216
	362  -  MemoryUsage of job (MB)
	370392  -  ResidentSetSize of job (KB)
...
006 (3447447.000.000) 01/30 18:52:57 Image size of job updated: 371292
	362  -  MemoryUsage of job (MB)
	370468  -  ResidentSetSize of job (KB)
...
006 (3447447.000.000) 01/30 18:57:57 Image size of job updated: 371344
	362  -  MemoryUsage of job (MB)
	370520  -  ResidentSetSize of job (KB)
...
006 (3447447.000.000) 01/30 19:02:57 Image size of job updated: 371356
	362  -  MemoryUsage of job (MB)
	370532  -  ResidentSetSize of job (KB)
...
006 (3447447.000.000) 01/30 19:07:58 Image size of job updated: 371468
	362  -  MemoryUsage of job (MB)
	370644  -  ResidentSetSize of job (KB)
...
006 (3447447.000.000) 01/30 19:12:59 Image size of job updated: 371508
	362  -  MemoryUsage of job (MB)
	370684  -  ResidentSetSize of job (KB)
...
006 (3447447.000.000) 01/30 19:17:59 Image size of job updated: 371532
	363  -  MemoryUsage of job (MB)
	370708  -  ResidentSetSize of job (KB)
...
006 (3447447.000.000) 01/30 19:23:00 Image size of job updated: 371592
	363  -  MemoryUsage of job (MB)
	370768  -  ResidentSetSize of job (KB)
...
006 (3447447.000.000) 01/30 19:28:01 Image size of job updated: 371624
	363  -  MemoryUsage of job (MB)
	370800  -  ResidentSetSize of job (KB)
...
006 (3447447.000.000) 01/30 19:33:01 Image size of job updated: 371688
	363  -  MemoryUsage of job (MB)
	370864  -  ResidentSetSize of job (KB)
...
006 (3447447.000.000) 01/30 19:38:02 Image size of job updated: 371776
	363  -  MemoryUsage of job (MB)
	370952  -  ResidentSetSize of job (KB)
...
006 (3447447.000.000) 01/30 19:43:03 Image size of job updated: 371812
	363  -  MemoryUsage of job (MB)
	370988  -  ResidentSetSize of job (KB)
...
006 (3447447.000.000) 01/30 19:48:03 Image size of job updated: 371824
	363  -  MemoryUsage of job (MB)
	371000  -  ResidentSetSize of job (KB)
...
006 (3447447.000.000) 01/30 19:53:05 Image size of job updated: 371824
	363  -  MemoryUsage of job (MB)
	371024  -  ResidentSetSize of job (KB)
...
006 (3447447.000.000) 01/30 19:58:05 Image size of job updated: 371824
	363  -  MemoryUsage of job (MB)
	371036  -  ResidentSetSize of job (KB)
...
006 (3447447.000.000) 01/30 20:03:05 Image size of job updated: 371824
	363  -  MemoryUsage of job (MB)
	371152  -  ResidentSetSize of job (KB)
...
006 (3447447.000.000) 01/30 20:11:06 Image size of job updated: 371824
	363  -  MemoryUsage of job (MB)
	371192  -  ResidentSetSize of job (KB)
...
006 (3447447.000.000) 01/30 20:20:04 Image size of job updated: 371824
	363  -  MemoryUsage of job (MB)
	371252  -  ResidentSetSize of job (KB)
...
006 (3447447.000.000) 01/30 20:27:15 Image size of job updated: 371824
	363  -  MemoryUsage of job (MB)
	371320  -  ResidentSetSize of job (KB)
...
006 (3447447.000.000) 01/30 20:32:15 Image size of job updated: 371824
	363  -  MemoryUsage of job (MB)
	371364  -  ResidentSetSize of job (KB)
...
006 (3447447.000.000) 01/30 20:37:16 Image size of job updated: 371824
	363  -  MemoryUsage of job (MB)
	371396  -  ResidentSetSize of job (KB)
...
006 (3447447.000.000) 01/30 20:42:17 Image size of job updated: 371856
	363  -  MemoryUsage of job (MB)
	371456  -  ResidentSetSize of job (KB)
...
006 (3447447.000.000) 01/30 20:47:17 Image size of job updated: 371900
	363  -  MemoryUsage of job (MB)
	371500  -  ResidentSetSize of job (KB)
...
006 (3447447.000.000) 01/30 20:52:18 Image size of job updated: 371912
	363  -  MemoryUsage of job (MB)
	371512  -  ResidentSetSize of job (KB)
...
006 (3447447.000.000) 01/30 20:57:19 Image size of job updated: 371988
	363  -  MemoryUsage of job (MB)
	371588  -  ResidentSetSize of job (KB)
...
006 (3447447.000.000) 01/30 21:02:19 Image size of job updated: 372024
	363  -  MemoryUsage of job (MB)
	371624  -  ResidentSetSize of job (KB)
...
006 (3447447.000.000) 01/30 21:07:19 Image size of job updated: 372096
	363  -  MemoryUsage of job (MB)
	371696  -  ResidentSetSize of job (KB)
...
006 (3447447.000.000) 01/30 21:12:20 Image size of job updated: 372112
	363  -  MemoryUsage of job (MB)
	371712  -  ResidentSetSize of job (KB)
...
006 (3447447.000.000) 01/30 21:17:21 Image size of job updated: 372156
	364  -  MemoryUsage of job (MB)
	371756  -  ResidentSetSize of job (KB)
...
006 (3447447.000.000) 01/30 21:22:21 Image size of job updated: 372260
	364  -  MemoryUsage of job (MB)
	371860  -  ResidentSetSize of job (KB)
...
006 (3447447.000.000) 01/30 21:27:22 Image size of job updated: 372332
	364  -  MemoryUsage of job (MB)
	371932  -  ResidentSetSize of job (KB)
...
006 (3447447.000.000) 01/30 21:32:22 Image size of job updated: 372412
	364  -  MemoryUsage of job (MB)
	372012  -  ResidentSetSize of job (KB)
...
006 (3447447.000.000) 01/30 21:37:22 Image size of job updated: 372480
	364  -  MemoryUsage of job (MB)
	372080  -  ResidentSetSize of job (KB)
...
006 (3447447.000.000) 01/30 21:42:23 Image size of job updated: 372544
	364  -  MemoryUsage of job (MB)
	372144  -  ResidentSetSize of job (KB)
...
006 (3447447.000.000) 01/30 21:47:24 Image size of job updated: 372588
	364  -  MemoryUsage of job (MB)
	372188  -  ResidentSetSize of job (KB)
...
006 (3447447.000.000) 01/30 21:52:24 Image size of job updated: 372636
	364  -  MemoryUsage of job (MB)
	372236  -  ResidentSetSize of job (KB)
...
006 (3447447.000.000) 01/30 21:57:25 Image size of job updated: 372656
	364  -  MemoryUsage of job (MB)
	372256  -  ResidentSetSize of job (KB)
...
006 (3447447.000.000) 01/30 22:02:26 Image size of job updated: 372660
	364  -  MemoryUsage of job (MB)
	372260  -  ResidentSetSize of job (KB)
...
006 (3447447.000.000) 01/30 22:07:26 Image size of job updated: 372736
	364  -  MemoryUsage of job (MB)
	372336  -  ResidentSetSize of job (KB)
...
006 (3447447.000.000) 01/30 22:12:26 Image size of job updated: 372792
	364  -  MemoryUsage of job (MB)
	372392  -  ResidentSetSize of job (KB)
...
006 (3447447.000.000) 01/30 22:17:28 Image size of job updated: 372824
	364  -  MemoryUsage of job (MB)
	372424  -  ResidentSetSize of job (KB)
...
006 (3447447.000.000) 01/30 22:22:28 Image size of job updated: 372876
	364  -  MemoryUsage of job (MB)
	372476  -  ResidentSetSize of job (KB)
...
006 (3447447.000.000) 01/30 22:27:28 Image size of job updated: 372940
	364  -  MemoryUsage of job (MB)
	372540  -  ResidentSetSize of job (KB)
...
006 (3447447.000.000) 01/30 22:32:29 Image size of job updated: 372968
	364  -  MemoryUsage of job (MB)
	372568  -  ResidentSetSize of job (KB)
...
006 (3447447.000.000) 01/30 22:37:30 Image size of job updated: 373096
	364  -  MemoryUsage of job (MB)
	372696  -  ResidentSetSize of job (KB)
...
006 (3447447.000.000) 01/30 22:47:30 Image size of job updated: 373208
	365  -  MemoryUsage of job (MB)
	372808  -  ResidentSetSize of job (KB)
...
006 (3447447.000.000) 01/30 22:52:31 Image size of job updated: 373232
	365  -  MemoryUsage of job (MB)
	372832  -  ResidentSetSize of job (KB)
...
006 (3447447.000.000) 01/30 22:57:31 Image size of job updated: 373268
	365  -  MemoryUsage of job (MB)
	372868  -  ResidentSetSize of job (KB)
...
006 (3447447.000.000) 01/30 23:02:31 Image size of job updated: 373360
	365  -  MemoryUsage of job (MB)
	372960  -  ResidentSetSize of job (KB)
...
006 (3447447.000.000) 01/30 23:07:32 Image size of job updated: 373380
	365  -  MemoryUsage of job (MB)
	372980  -  ResidentSetSize of job (KB)
...
006 (3447447.000.000) 01/30 23:12:32 Image size of job updated: 373436
	365  -  MemoryUsage of job (MB)
	373036  -  ResidentSetSize of job (KB)
...
006 (3447447.000.000) 01/30 23:17:32 Image size of job updated: 373636
	365  -  MemoryUsage of job (MB)
	373236  -  ResidentSetSize of job (KB)
...
006 (3447447.000.000) 01/30 23:22:33 Image size of job updated: 373940
	365  -  MemoryUsage of job (MB)
	373540  -  ResidentSetSize of job (KB)
...
006 (3447447.000.000) 01/30 23:27:34 Image size of job updated: 374040
	365  -  MemoryUsage of job (MB)
	373640  -  ResidentSetSize of job (KB)
...
006 (3447447.000.000) 01/30 23:32:35 Image size of job updated: 374148
	365  -  MemoryUsage of job (MB)
	373748  -  ResidentSetSize of job (KB)
...
006 (3447447.000.000) 01/30 23:37:36 Image size of job updated: 374404
	366  -  MemoryUsage of job (MB)
	374004  -  ResidentSetSize of job (KB)
...
006 (3447447.000.000) 01/30 23:42:36 Image size of job updated: 374460
	366  -  MemoryUsage of job (MB)
	374060  -  ResidentSetSize of job (KB)
...
006 (3447447.000.000) 01/31 00:02:37 Image size of job updated: 374584
	366  -  MemoryUsage of job (MB)
	374184  -  ResidentSetSize of job (KB)
...
006 (3447447.000.000) 01/31 00:07:37 Image size of job updated: 374836
	366  -  MemoryUsage of job (MB)
	374436  -  ResidentSetSize of job (KB)
...
006 (3447447.000.000) 01/31 02:17:49 Image size of job updated: 374836
	366  -  MemoryUsage of job (MB)
	374444  -  ResidentSetSize of job (KB)
...
006 (3447447.000.000) 01/31 02:27:50 Image size of job updated: 374836
	366  -  MemoryUsage of job (MB)
	374512  -  ResidentSetSize of job (KB)
...
006 (3447447.000.000) 01/31 02:32:51 Image size of job updated: 374836
	366  -  MemoryUsage of job (MB)
	374520  -  ResidentSetSize of job (KB)
...
006 (3447447.000.000) 01/31 02:42:52 Image size of job updated: 374836
	366  -  MemoryUsage of job (MB)
	374564  -  ResidentSetSize of job (KB)
...
006 (3447447.000.000) 01/31 02:47:52 Image size of job updated: 374836
	366  -  MemoryUsage of job (MB)
	374584  -  ResidentSetSize of job (KB)
...
006 (3447447.000.000) 01/31 02:57:54 Image size of job updated: 374856
	366  -  MemoryUsage of job (MB)
	374644  -  ResidentSetSize of job (KB)
...
006 (3447447.000.000) 01/31 03:02:54 Image size of job updated: 374900
	366  -  MemoryUsage of job (MB)
	374688  -  ResidentSetSize of job (KB)
...
006 (3447447.000.000) 01/31 03:12:55 Image size of job updated: 374916
	366  -  MemoryUsage of job (MB)
	374704  -  ResidentSetSize of job (KB)
...
006 (3447447.000.000) 01/31 03:17:56 Image size of job updated: 374932
	366  -  MemoryUsage of job (MB)
	374720  -  ResidentSetSize of job (KB)
...
006 (3447447.000.000) 01/31 03:22:56 Image size of job updated: 374960
	366  -  MemoryUsage of job (MB)
	374740  -  ResidentSetSize of job (KB)
...
006 (3447447.000.000) 01/31 03:27:56 Image size of job updated: 374972
	366  -  MemoryUsage of job (MB)
	374740  -  ResidentSetSize of job (KB)
...
006 (3447447.000.000) 01/31 03:32:57 Image size of job updated: 374996
	366  -  MemoryUsage of job (MB)
	374764  -  ResidentSetSize of job (KB)
...
006 (3447447.000.000) 01/31 03:37:58 Image size of job updated: 375028
	367  -  MemoryUsage of job (MB)
	374796  -  ResidentSetSize of job (KB)
...
006 (3447447.000.000) 01/31 03:47:58 Image size of job updated: 375044
	367  -  MemoryUsage of job (MB)
	374812  -  ResidentSetSize of job (KB)
...
006 (3447447.000.000) 01/31 03:53:00 Image size of job updated: 375056
	367  -  MemoryUsage of job (MB)
	374824  -  ResidentSetSize of job (KB)
...
006 (3447447.000.000) 01/31 03:58:00 Image size of job updated: 375092
	367  -  MemoryUsage of job (MB)
	374860  -  ResidentSetSize of job (KB)
...
006 (3447447.000.000) 01/31 04:03:00 Image size of job updated: 375768
	367  -  MemoryUsage of job (MB)
	374860  -  ResidentSetSize of job (KB)
...
006 (3447447.000.000) 01/31 04:28:03 Image size of job updated: 375800
	367  -  MemoryUsage of job (MB)
	374892  -  ResidentSetSize of job (KB)
...
006 (3447447.000.000) 01/31 04:33:04 Image size of job updated: 375832
	367  -  MemoryUsage of job (MB)
	374924  -  ResidentSetSize of job (KB)
...
006 (3447447.000.000) 01/31 04:43:04 Image size of job updated: 375856
	367  -  MemoryUsage of job (MB)
	374948  -  ResidentSetSize of job (KB)
...
006 (3447447.000.000) 01/31 04:58:06 Image size of job updated: 375864
	367  -  MemoryUsage of job (MB)
	374956  -  ResidentSetSize of job (KB)
...
006 (3447447.000.000) 01/31 05:03:06 Image size of job updated: 375880
	367  -  MemoryUsage of job (MB)
	374972  -  ResidentSetSize of job (KB)
...
006 (3447447.000.000) 01/31 05:13:08 Image size of job updated: 375940
	367  -  MemoryUsage of job (MB)
	375032  -  ResidentSetSize of job (KB)
...
006 (3447447.000.000) 01/31 05:23:08 Image size of job updated: 375972
	367  -  MemoryUsage of job (MB)
	375064  -  ResidentSetSize of job (KB)
...
006 (3447447.000.000) 01/31 06:08:13 Image size of job updated: 376000
	367  -  MemoryUsage of job (MB)
	375092  -  ResidentSetSize of job (KB)
...
006 (3447447.000.000) 01/31 06:23:14 Image size of job updated: 376064
	367  -  MemoryUsage of job (MB)
	375156  -  ResidentSetSize of job (KB)
...
006 (3447447.000.000) 01/31 06:28:15 Image size of job updated: 376092
	367  -  MemoryUsage of job (MB)
	375184  -  ResidentSetSize of job (KB)
...
006 (3447447.000.000) 01/31 06:33:16 Image size of job updated: 376120
	367  -  MemoryUsage of job (MB)
	375212  -  ResidentSetSize of job (KB)
...
006 (3447447.000.000) 01/31 06:38:16 Image size of job updated: 376148
	367  -  MemoryUsage of job (MB)
	375240  -  ResidentSetSize of job (KB)
...
006 (3447447.000.000) 01/31 06:48:16 Image size of job updated: 376176
	367  -  MemoryUsage of job (MB)
	375268  -  ResidentSetSize of job (KB)
...
006 (3447447.000.000) 01/31 06:58:17 Image size of job updated: 376192
	367  -  MemoryUsage of job (MB)
	375284  -  ResidentSetSize of job (KB)
...
006 (3447447.000.000) 01/31 07:33:20 Image size of job updated: 376268
	367  -  MemoryUsage of job (MB)
	375360  -  ResidentSetSize of job (KB)
...
006 (3447447.000.000) 01/31 07:38:20 Image size of job updated: 376420
	367  -  MemoryUsage of job (MB)
	375512  -  ResidentSetSize of job (KB)
...
006 (3447447.000.000) 01/31 07:43:20 Image size of job updated: 376432
	367  -  MemoryUsage of job (MB)
	375524  -  ResidentSetSize of job (KB)
...
006 (3447447.000.000) 01/31 07:53:22 Image size of job updated: 376484
	367  -  MemoryUsage of job (MB)
	375576  -  ResidentSetSize of job (KB)
...
006 (3447447.000.000) 01/31 08:03:22 Image size of job updated: 376500
	367  -  MemoryUsage of job (MB)
	375592  -  ResidentSetSize of job (KB)
...
006 (3447447.000.000) 01/31 08:23:24 Image size of job updated: 376520
	367  -  MemoryUsage of job (MB)
	375612  -  ResidentSetSize of job (KB)
...
006 (3447447.000.000) 01/31 08:53:26 Image size of job updated: 376696
	367  -  MemoryUsage of job (MB)
	375788  -  ResidentSetSize of job (KB)
...
006 (3447447.000.000) 01/31 08:58:27 Image size of job updated: 376756
	368  -  MemoryUsage of job (MB)
	375848  -  ResidentSetSize of job (KB)
...
006 (3447447.000.000) 01/31 09:03:28 Image size of job updated: 376828
	368  -  MemoryUsage of job (MB)
	375920  -  ResidentSetSize of job (KB)
...
006 (3447447.000.000) 01/31 09:08:28 Image size of job updated: 376832
	368  -  MemoryUsage of job (MB)
	375924  -  ResidentSetSize of job (KB)
...
006 (3447447.000.000) 01/31 09:13:28 Image size of job updated: 376840
	368  -  MemoryUsage of job (MB)
	375932  -  ResidentSetSize of job (KB)
...
006 (3447447.000.000) 01/31 09:23:30 Image size of job updated: 376860
	368  -  MemoryUsage of job (MB)
	375952  -  ResidentSetSize of job (KB)
...
006 (3447447.000.000) 01/31 09:38:32 Image size of job updated: 376868
	368  -  MemoryUsage of job (MB)
	375960  -  ResidentSetSize of job (KB)
...
006 (3447447.000.000) 01/31 09:48:33 Image size of job updated: 376888
	368  -  MemoryUsage of job (MB)
	375980  -  ResidentSetSize of job (KB)
...
006 (3447447.000.000) 01/31 09:58:34 Image size of job updated: 376916
	368  -  MemoryUsage of job (MB)
	376008  -  ResidentSetSize of job (KB)
...
006 (3447447.000.000) 01/31 10:03:35 Image size of job updated: 376924
	368  -  MemoryUsage of job (MB)
	376016  -  ResidentSetSize of job (KB)
...
006 (3447447.000.000) 01/31 10:08:35 Image size of job updated: 376992
	368  -  MemoryUsage of job (MB)
	376084  -  ResidentSetSize of job (KB)
...
006 (3447447.000.000) 01/31 10:13:35 Image size of job updated: 377072
	368  -  MemoryUsage of job (MB)
	376164  -  ResidentSetSize of job (KB)
...
006 (3447447.000.000) 01/31 10:23:37 Image size of job updated: 377084
	368  -  MemoryUsage of job (MB)
	376176  -  ResidentSetSize of job (KB)
...
006 (3447447.000.000) 01/31 10:28:37 Image size of job updated: 377116
	368  -  MemoryUsage of job (MB)
	376208  -  ResidentSetSize of job (KB)
...
006 (3447447.000.000) 01/31 10:33:37 Image size of job updated: 377128
	368  -  MemoryUsage of job (MB)
	376220  -  ResidentSetSize of job (KB)
...
006 (3447447.000.000) 01/31 11:23:42 Image size of job updated: 377144
	368  -  MemoryUsage of job (MB)
	376236  -  ResidentSetSize of job (KB)
...
006 (3447447.000.000) 01/31 11:28:43 Image size of job updated: 377156
	368  -  MemoryUsage of job (MB)
	376248  -  ResidentSetSize of job (KB)
...
006 (3447447.000.000) 01/31 11:38:43 Image size of job updated: 377180
	368  -  MemoryUsage of job (MB)
	376272  -  ResidentSetSize of job (KB)
...
006 (3447447.000.000) 01/31 11:43:44 Image size of job updated: 377184
	368  -  MemoryUsage of job (MB)
	376276  -  ResidentSetSize of job (KB)
...
006 (3447447.000.000) 01/31 11:48:45 Image size of job updated: 377396
	368  -  MemoryUsage of job (MB)
	376276  -  ResidentSetSize of job (KB)
...
006 (3447447.000.000) 01/31 11:53:45 Image size of job updated: 377408
	368  -  MemoryUsage of job (MB)
	376288  -  ResidentSetSize of job (KB)
...
006 (3447447.000.000) 01/31 11:58:45 Image size of job updated: 377436
	368  -  MemoryUsage of job (MB)
	376316  -  ResidentSetSize of job (KB)
...
006 (3447447.000.000) 01/31 12:03:46 Image size of job updated: 377448
	368  -  MemoryUsage of job (MB)
	376328  -  ResidentSetSize of job (KB)
...
006 (3447447.000.000) 01/31 12:08:47 Image size of job updated: 377516
	368  -  MemoryUsage of job (MB)
	376340  -  ResidentSetSize of job (KB)
...
006 (3447447.000.000) 01/31 12:13:47 Image size of job updated: 377528
	368  -  MemoryUsage of job (MB)
	376352  -  ResidentSetSize of job (KB)
...
006 (3447447.000.000) 01/31 12:18:47 Image size of job updated: 377592
	368  -  MemoryUsage of job (MB)
	376416  -  ResidentSetSize of job (KB)
...
006 (3447447.000.000) 01/31 12:33:50 Image size of job updated: 377604
	368  -  MemoryUsage of job (MB)
	376428  -  ResidentSetSize of job (KB)
...
006 (3447447.000.000) 01/31 12:38:50 Image size of job updated: 377628
	368  -  MemoryUsage of job (MB)
	376452  -  ResidentSetSize of job (KB)
...
006 (3447447.000.000) 01/31 12:43:51 Image size of job updated: 377648
	368  -  MemoryUsage of job (MB)
	376472  -  ResidentSetSize of job (KB)
...
006 (3447447.000.000) 01/31 12:48:53 Image size of job updated: 377656
	368  -  MemoryUsage of job (MB)
	376472  -  ResidentSetSize of job (KB)
...
006 (3447447.000.000) 01/31 12:53:53 Image size of job updated: 377692
	368  -  MemoryUsage of job (MB)
	376496  -  ResidentSetSize of job (KB)
...
006 (3447447.000.000) 01/31 12:58:53 Image size of job updated: 377716
	368  -  MemoryUsage of job (MB)
	376520  -  ResidentSetSize of job (KB)
...
006 (3447447.000.000) 01/31 13:03:54 Image size of job updated: 377720
	368  -  MemoryUsage of job (MB)
	376524  -  ResidentSetSize of job (KB)
...
006 (3447447.000.000) 01/31 13:08:56 Image size of job updated: 377752
	368  -  MemoryUsage of job (MB)
	376556  -  ResidentSetSize of job (KB)
...
006 (3447447.000.000) 01/31 13:13:56 Image size of job updated: 377776
	368  -  MemoryUsage of job (MB)
	376580  -  ResidentSetSize of job (KB)
...
006 (3447447.000.000) 01/31 13:23:56 Image size of job updated: 377824
	368  -  MemoryUsage of job (MB)
	376628  -  ResidentSetSize of job (KB)
...
006 (3447447.000.000) 01/31 13:28:57 Image size of job updated: 377840
	368  -  MemoryUsage of job (MB)
	376644  -  ResidentSetSize of job (KB)
...
006 (3447447.000.000) 01/31 13:38:58 Image size of job updated: 377892
	368  -  MemoryUsage of job (MB)
	376696  -  ResidentSetSize of job (KB)
...
006 (3447447.000.000) 01/31 13:43:59 Image size of job updated: 377892
	368  -  MemoryUsage of job (MB)
	376740  -  ResidentSetSize of job (KB)
...
006 (3447447.000.000) 01/31 14:04:02 Image size of job updated: 377908
	368  -  MemoryUsage of job (MB)
	376760  -  ResidentSetSize of job (KB)
...
006 (3447447.000.000) 01/31 14:09:02 Image size of job updated: 377948
	368  -  MemoryUsage of job (MB)
	376800  -  ResidentSetSize of job (KB)
...
006 (3447447.000.000) 01/31 14:14:02 Image size of job updated: 377952
	368  -  MemoryUsage of job (MB)
	376804  -  ResidentSetSize of job (KB)
...
006 (3447447.000.000) 01/31 14:44:06 Image size of job updated: 377972
	368  -  MemoryUsage of job (MB)
	376824  -  ResidentSetSize of job (KB)
...
006 (3447447.000.000) 01/31 14:49:07 Image size of job updated: 377980
	368  -  MemoryUsage of job (MB)
	376832  -  ResidentSetSize of job (KB)
...
006 (3447447.000.000) 01/31 15:04:09 Image size of job updated: 377980
	369  -  MemoryUsage of job (MB)
	376868  -  ResidentSetSize of job (KB)
...
006 (3447447.000.000) 01/31 15:11:51 Image size of job updated: 377980
	369  -  MemoryUsage of job (MB)
	376896  -  ResidentSetSize of job (KB)
...
006 (3447447.000.000) 01/31 16:41:29 Image size of job updated: 378268
	369  -  MemoryUsage of job (MB)
	376896  -  ResidentSetSize of job (KB)
...
006 (3447447.000.000) 01/31 16:46:29 Image size of job updated: 378276
	369  -  MemoryUsage of job (MB)
	376896  -  ResidentSetSize of job (KB)
...
006 (3447447.000.000) 01/31 17:42:49 Image size of job updated: 378284
	369  -  MemoryUsage of job (MB)
	376896  -  ResidentSetSize of job (KB)
...
006 (3447447.000.000) 01/31 18:04:36 Image size of job updated: 378428
	369  -  MemoryUsage of job (MB)
	376896  -  ResidentSetSize of job (KB)
...
006 (3447447.000.000) 01/31 18:17:41 Image size of job updated: 378456
	369  -  MemoryUsage of job (MB)
	376896  -  ResidentSetSize of job (KB)
...
006 (3447447.000.000) 01/31 18:25:32 Image size of job updated: 378460
	369  -  MemoryUsage of job (MB)
	376896  -  ResidentSetSize of job (KB)
...
006 (3447447.000.000) 01/31 18:30:33 Image size of job updated: 378468
	369  -  MemoryUsage of job (MB)
	376896  -  ResidentSetSize of job (KB)
...
006 (3447447.000.000) 01/31 18:40:33 Image size of job updated: 378488
	369  -  MemoryUsage of job (MB)
	376896  -  ResidentSetSize of job (KB)
...
006 (3447447.000.000) 01/31 18:45:34 Image size of job updated: 378516
	369  -  MemoryUsage of job (MB)
	376896  -  ResidentSetSize of job (KB)
...
006 (3447447.000.000) 01/31 18:50:35 Image size of job updated: 378596
	369  -  MemoryUsage of job (MB)
	376896  -  ResidentSetSize of job (KB)
...
006 (3447447.000.000) 01/31 18:55:35 Image size of job updated: 378668
	369  -  MemoryUsage of job (MB)
	376896  -  ResidentSetSize of job (KB)
...
006 (3447447.000.000) 01/31 19:00:35 Image size of job updated: 378752
	369  -  MemoryUsage of job (MB)
	376896  -  ResidentSetSize of job (KB)
...
006 (3447447.000.000) 01/31 19:10:36 Image size of job updated: 378796
	369  -  MemoryUsage of job (MB)
	376896  -  ResidentSetSize of job (KB)
...
006 (3447447.000.000) 01/31 19:35:39 Image size of job updated: 378856
	369  -  MemoryUsage of job (MB)
	376896  -  ResidentSetSize of job (KB)
...
006 (3447447.000.000) 01/31 19:50:40 Image size of job updated: 379120
	369  -  MemoryUsage of job (MB)
	376896  -  ResidentSetSize of job (KB)
...
006 (3447447.000.000) 01/31 19:55:40 Image size of job updated: 379176
	369  -  MemoryUsage of job (MB)
	376896  -  ResidentSetSize of job (KB)
...
006 (3447447.000.000) 01/31 20:00:41 Image size of job updated: 379228
	369  -  MemoryUsage of job (MB)
	376896  -  ResidentSetSize of job (KB)
...
006 (3447447.000.000) 01/31 20:05:42 Image size of job updated: 379240
	369  -  MemoryUsage of job (MB)
	376896  -  ResidentSetSize of job (KB)
...
006 (3447447.000.000) 01/31 20:15:42 Image size of job updated: 379260
	369  -  MemoryUsage of job (MB)
	376896  -  ResidentSetSize of job (KB)
...
006 (3447447.000.000) 01/31 20:25:44 Image size of job updated: 379292
	369  -  MemoryUsage of job (MB)
	376896  -  ResidentSetSize of job (KB)
...
006 (3447447.000.000) 01/31 20:30:44 Image size of job updated: 379372
	369  -  MemoryUsage of job (MB)
	376896  -  ResidentSetSize of job (KB)
...
006 (3447447.000.000) 01/31 20:55:46 Image size of job updated: 379388
	369  -  MemoryUsage of job (MB)
	376896  -  ResidentSetSize of job (KB)
...
006 (3447447.000.000) 01/31 21:00:47 Image size of job updated: 379392
	369  -  MemoryUsage of job (MB)
	376896  -  ResidentSetSize of job (KB)
...
006 (3447447.000.000) 01/31 21:05:47 Image size of job updated: 379408
	369  -  MemoryUsage of job (MB)
	376896  -  ResidentSetSize of job (KB)
...
006 (3447447.000.000) 01/31 21:10:48 Image size of job updated: 379420
	369  -  MemoryUsage of job (MB)
	376896  -  ResidentSetSize of job (KB)
...
006 (3447447.000.000) 01/31 21:15:49 Image size of job updated: 379444
	369  -  MemoryUsage of job (MB)
	376896  -  ResidentSetSize of job (KB)
...
006 (3447447.000.000) 01/31 21:20:49 Image size of job updated: 379468
	369  -  MemoryUsage of job (MB)
	376896  -  ResidentSetSize of job (KB)
...
006 (3447447.000.000) 01/31 21:25:49 Image size of job updated: 379512
	369  -  MemoryUsage of job (MB)
	376896  -  ResidentSetSize of job (KB)
...
006 (3447447.000.000) 01/31 21:45:51 Image size of job updated: 379548
	369  -  MemoryUsage of job (MB)
	376896  -  ResidentSetSize of job (KB)
...
006 (3447447.000.000) 01/31 21:50:52 Image size of job updated: 379560
	369  -  MemoryUsage of job (MB)
	376896  -  ResidentSetSize of job (KB)
...
006 (3447447.000.000) 01/31 22:00:53 Image size of job updated: 379576
	369  -  MemoryUsage of job (MB)
	376896  -  ResidentSetSize of job (KB)
...
006 (3447447.000.000) 01/31 22:05:54 Image size of job updated: 379640
	369  -  MemoryUsage of job (MB)
	376896  -  ResidentSetSize of job (KB)
...
006 (3447447.000.000) 01/31 22:45:32 Image size of job updated: 379656
	369  -  MemoryUsage of job (MB)
	376896  -  ResidentSetSize of job (KB)
...
006 (3447447.000.000) 01/31 22:55:33 Image size of job updated: 379660
	369  -  MemoryUsage of job (MB)
	376896  -  ResidentSetSize of job (KB)
...
006 (3447447.000.000) 01/31 23:00:34 Image size of job updated: 379668
	369  -  MemoryUsage of job (MB)
	376896  -  ResidentSetSize of job (KB)
...
006 (3447447.000.000) 01/31 23:05:34 Image size of job updated: 379684
	369  -  MemoryUsage of job (MB)
	376896  -  ResidentSetSize of job (KB)
...
006 (3447447.000.000) 01/31 23:10:35 Image size of job updated: 379724
	369  -  MemoryUsage of job (MB)
	376896  -  ResidentSetSize of job (KB)
...
006 (3447447.000.000) 01/31 23:15:36 Image size of job updated: 379744
	369  -  MemoryUsage of job (MB)
	376896  -  ResidentSetSize of job (KB)
...
006 (3447447.000.000) 01/31 23:20:36 Image size of job updated: 379768
	369  -  MemoryUsage of job (MB)
	376896  -  ResidentSetSize of job (KB)
...
006 (3447447.000.000) 01/31 23:55:38 Image size of job updated: 379824
	369  -  MemoryUsage of job (MB)
	376896  -  ResidentSetSize of job (KB)
...
006 (3447447.000.000) 02/01 00:00:39 Image size of job updated: 379840
	369  -  MemoryUsage of job (MB)
	376896  -  ResidentSetSize of job (KB)
...
006 (3447447.000.000) 02/01 00:10:39 Image size of job updated: 379848
	369  -  MemoryUsage of job (MB)
	376896  -  ResidentSetSize of job (KB)
...
006 (3447447.000.000) 02/01 00:20:40 Image size of job updated: 379876
	369  -  MemoryUsage of job (MB)
	376896  -  ResidentSetSize of job (KB)
...
006 (3447447.000.000) 02/01 00:30:41 Image size of job updated: 379936
	369  -  MemoryUsage of job (MB)
	376896  -  ResidentSetSize of job (KB)
...
006 (3447447.000.000) 02/01 00:35:41 Image size of job updated: 379944
	369  -  MemoryUsage of job (MB)
	376896  -  ResidentSetSize of job (KB)
...
006 (3447447.000.000) 02/01 00:40:41 Image size of job updated: 379952
	369  -  MemoryUsage of job (MB)
	376896  -  ResidentSetSize of job (KB)
...
006 (3447447.000.000) 02/01 00:50:43 Image size of job updated: 379956
	369  -  MemoryUsage of job (MB)
	376896  -  ResidentSetSize of job (KB)
...
006 (3447447.000.000) 02/01 00:55:43 Image size of job updated: 379976
	369  -  MemoryUsage of job (MB)
	376896  -  ResidentSetSize of job (KB)
...
006 (3447447.000.000) 02/01 01:00:44 Image size of job updated: 379984
	369  -  MemoryUsage of job (MB)
	376896  -  ResidentSetSize of job (KB)
...
006 (3447447.000.000) 02/01 01:05:45 Image size of job updated: 380016
	369  -  MemoryUsage of job (MB)
	376896  -  ResidentSetSize of job (KB)
...
006 (3447447.000.000) 02/01 01:25:47 Image size of job updated: 380048
	369  -  MemoryUsage of job (MB)
	376896  -  ResidentSetSize of job (KB)
...
006 (3447447.000.000) 02/01 01:35:48 Image size of job updated: 380064
	369  -  MemoryUsage of job (MB)
	376896  -  ResidentSetSize of job (KB)
...
006 (3447447.000.000) 02/01 01:40:48 Image size of job updated: 380076
	369  -  MemoryUsage of job (MB)
	376896  -  ResidentSetSize of job (KB)
...
006 (3447447.000.000) 02/01 01:50:49 Image size of job updated: 380108
	369  -  MemoryUsage of job (MB)
	376896  -  ResidentSetSize of job (KB)
...
006 (3447447.000.000) 02/01 01:55:49 Image size of job updated: 380156
	369  -  MemoryUsage of job (MB)
	376896  -  ResidentSetSize of job (KB)
...
006 (3447447.000.000) 02/01 02:00:49 Image size of job updated: 380172
	369  -  MemoryUsage of job (MB)
	376896  -  ResidentSetSize of job (KB)
...
006 (3447447.000.000) 02/01 02:15:51 Image size of job updated: 380184
	369  -  MemoryUsage of job (MB)
	376896  -  ResidentSetSize of job (KB)
...
006 (3447447.000.000) 02/01 02:20:51 Image size of job updated: 380232
	369  -  MemoryUsage of job (MB)
	376896  -  ResidentSetSize of job (KB)
...
006 (3447447.000.000) 02/01 02:25:51 Image size of job updated: 380260
	369  -  MemoryUsage of job (MB)
	376896  -  ResidentSetSize of job (KB)
...
006 (3447447.000.000) 02/01 02:30:52 Image size of job updated: 380264
	369  -  MemoryUsage of job (MB)
	376896  -  ResidentSetSize of job (KB)
...
006 (3447447.000.000) 02/01 02:40:53 Image size of job updated: 380284
	369  -  MemoryUsage of job (MB)
	376896  -  ResidentSetSize of job (KB)
...
006 (3447447.000.000) 02/01 02:45:54 Image size of job updated: 380316
	369  -  MemoryUsage of job (MB)
	376896  -  ResidentSetSize of job (KB)
...
006 (3447447.000.000) 02/01 03:00:56 Image size of job updated: 380356
	369  -  MemoryUsage of job (MB)
	376896  -  ResidentSetSize of job (KB)
...
006 (3447447.000.000) 02/01 03:05:57 Image size of job updated: 380408
	369  -  MemoryUsage of job (MB)
	376896  -  ResidentSetSize of job (KB)
...
006 (3447447.000.000) 02/01 03:36:00 Image size of job updated: 380432
	369  -  MemoryUsage of job (MB)
	376896  -  ResidentSetSize of job (KB)
...
006 (3447447.000.000) 02/01 03:41:01 Image size of job updated: 380592
	369  -  MemoryUsage of job (MB)
	376896  -  ResidentSetSize of job (KB)
...
006 (3447447.000.000) 02/01 03:46:01 Image size of job updated: 380708
	369  -  MemoryUsage of job (MB)
	376896  -  ResidentSetSize of job (KB)
...
006 (3447447.000.000) 02/01 04:01:02 Image size of job updated: 380736
	369  -  MemoryUsage of job (MB)
	376896  -  ResidentSetSize of job (KB)
...
006 (3447447.000.000) 02/01 04:06:02 Image size of job updated: 380760
	369  -  MemoryUsage of job (MB)
	376896  -  ResidentSetSize of job (KB)
...
006 (3447447.000.000) 02/01 04:11:03 Image size of job updated: 380792
	369  -  MemoryUsage of job (MB)
	376896  -  ResidentSetSize of job (KB)
...
006 (3447447.000.000) 02/01 04:16:03 Image size of job updated: 380796
	369  -  MemoryUsage of job (MB)
	376896  -  ResidentSetSize of job (KB)
...
006 (3447447.000.000) 02/01 04:21:03 Image size of job updated: 380860
	369  -  MemoryUsage of job (MB)
	376896  -  ResidentSetSize of job (KB)
...
006 (3447447.000.000) 02/01 04:36:05 Image size of job updated: 380868
	369  -  MemoryUsage of job (MB)
	376896  -  ResidentSetSize of job (KB)
...
006 (3447447.000.000) 02/01 04:41:06 Image size of job updated: 380880
	369  -  MemoryUsage of job (MB)
	376896  -  ResidentSetSize of job (KB)
...
006 (3447447.000.000) 02/01 05:01:07 Image size of job updated: 380912
	369  -  MemoryUsage of job (MB)
	376896  -  ResidentSetSize of job (KB)
...
006 (3447447.000.000) 02/01 05:06:07 Image size of job updated: 380916
	369  -  MemoryUsage of job (MB)
	376896  -  ResidentSetSize of job (KB)
...
006 (3447447.000.000) 02/01 05:11:09 Image size of job updated: 380924
	369  -  MemoryUsage of job (MB)
	376896  -  ResidentSetSize of job (KB)
...
006 (3447447.000.000) 02/01 05:16:09 Image size of job updated: 380944
	369  -  MemoryUsage of job (MB)
	376896  -  ResidentSetSize of job (KB)
...
006 (3447447.000.000) 02/01 05:21:09 Image size of job updated: 380972
	369  -  MemoryUsage of job (MB)
	376896  -  ResidentSetSize of job (KB)
...
006 (3447447.000.000) 02/01 05:26:10 Image size of job updated: 381004
	369  -  MemoryUsage of job (MB)
	376896  -  ResidentSetSize of job (KB)
...
006 (3447447.000.000) 02/01 05:31:11 Image size of job updated: 381028
	369  -  MemoryUsage of job (MB)
	376896  -  ResidentSetSize of job (KB)
...
006 (3447447.000.000) 02/01 05:46:13 Image size of job updated: 381056
	369  -  MemoryUsage of job (MB)
	376896  -  ResidentSetSize of job (KB)
...
006 (3447447.000.000) 02/01 05:56:14 Image size of job updated: 381072
	369  -  MemoryUsage of job (MB)
	376896  -  ResidentSetSize of job (KB)
...
006 (3447447.000.000) 02/01 06:06:15 Image size of job updated: 381092
	369  -  MemoryUsage of job (MB)
	376896  -  ResidentSetSize of job (KB)
...
006 (3447447.000.000) 02/01 06:11:16 Image size of job updated: 381104
	369  -  MemoryUsage of job (MB)
	376896  -  ResidentSetSize of job (KB)
...
006 (3447447.000.000) 02/01 06:21:17 Image size of job updated: 381116
	369  -  MemoryUsage of job (MB)
	376896  -  ResidentSetSize of job (KB)
...
006 (3447447.000.000) 02/01 06:26:18 Image size of job updated: 381140
	369  -  MemoryUsage of job (MB)
	376896  -  ResidentSetSize of job (KB)
...
006 (3447447.000.000) 02/01 06:36:19 Image size of job updated: 381172
	369  -  MemoryUsage of job (MB)
	376896  -  ResidentSetSize of job (KB)
...
006 (3447447.000.000) 02/01 06:41:19 Image size of job updated: 381180
	369  -  MemoryUsage of job (MB)
	376896  -  ResidentSetSize of job (KB)
...
006 (3447447.000.000) 02/01 06:46:20 Image size of job updated: 381208
	369  -  MemoryUsage of job (MB)
	376896  -  ResidentSetSize of job (KB)
...
006 (3447447.000.000) 02/01 06:51:20 Image size of job updated: 381228
	369  -  MemoryUsage of job (MB)
	376896  -  ResidentSetSize of job (KB)
...
006 (3447447.000.000) 02/01 06:56:20 Image size of job updated: 381252
	369  -  MemoryUsage of job (MB)
	376896  -  ResidentSetSize of job (KB)
...
006 (3447447.000.000) 02/01 07:08:06 Image size of job updated: 381256
	369  -  MemoryUsage of job (MB)
	376896  -  ResidentSetSize of job (KB)
...
006 (3447447.000.000) 02/01 07:13:21 Image size of job updated: 381264
	369  -  MemoryUsage of job (MB)
	376896  -  ResidentSetSize of job (KB)
...
006 (3447447.000.000) 02/01 07:18:22 Image size of job updated: 381296
	369  -  MemoryUsage of job (MB)
	376896  -  ResidentSetSize of job (KB)
...
006 (3447447.000.000) 02/01 07:23:23 Image size of job updated: 381372
	369  -  MemoryUsage of job (MB)
	376896  -  ResidentSetSize of job (KB)
...
006 (3447447.000.000) 02/01 07:33:24 Image size of job updated: 381380
	369  -  MemoryUsage of job (MB)
	376896  -  ResidentSetSize of job (KB)
...
006 (3447447.000.000) 02/01 07:43:25 Image size of job updated: 381400
	369  -  MemoryUsage of job (MB)
	376896  -  ResidentSetSize of job (KB)
...
006 (3447447.000.000) 02/01 07:48:26 Image size of job updated: 381428
	369  -  MemoryUsage of job (MB)
	376896  -  ResidentSetSize of job (KB)
...
006 (3447447.000.000) 02/01 07:53:27 Image size of job updated: 381448
	369  -  MemoryUsage of job (MB)
	376896  -  ResidentSetSize of job (KB)
...
006 (3447447.000.000) 02/01 07:58:27 Image size of job updated: 381524
	369  -  MemoryUsage of job (MB)
	376896  -  ResidentSetSize of job (KB)
...
006 (3447447.000.000) 02/01 08:13:28 Image size of job updated: 381548
	369  -  MemoryUsage of job (MB)
	376896  -  ResidentSetSize of job (KB)
...
006 (3447447.000.000) 02/01 08:18:29 Image size of job updated: 381560
	369  -  MemoryUsage of job (MB)
	376896  -  ResidentSetSize of job (KB)
...
006 (3447447.000.000) 02/01 08:28:29 Image size of job updated: 381564
	369  -  MemoryUsage of job (MB)
	376896  -  ResidentSetSize of job (KB)
...
006 (3447447.000.000) 02/01 08:33:30 Image size of job updated: 381600
	369  -  MemoryUsage of job (MB)
	376896  -  ResidentSetSize of job (KB)
...
006 (3447447.000.000) 02/01 08:38:31 Image size of job updated: 381628
	369  -  MemoryUsage of job (MB)
	376896  -  ResidentSetSize of job (KB)
...
006 (3447447.000.000) 02/01 08:43:31 Image size of job updated: 381648
	369  -  MemoryUsage of job (MB)
	376896  -  ResidentSetSize of job (KB)
...
006 (3447447.000.000) 02/01 08:48:32 Image size of job updated: 381724
	369  -  MemoryUsage of job (MB)
	376896  -  ResidentSetSize of job (KB)
...
006 (3447447.000.000) 02/01 08:53:33 Image size of job updated: 381748
	369  -  MemoryUsage of job (MB)
	376896  -  ResidentSetSize of job (KB)
...
006 (3447447.000.000) 02/01 09:03:33 Image size of job updated: 381768
	369  -  MemoryUsage of job (MB)
	376896  -  ResidentSetSize of job (KB)
...
006 (3447447.000.000) 02/01 09:08:34 Image size of job updated: 381772
	369  -  MemoryUsage of job (MB)
	376896  -  ResidentSetSize of job (KB)
...
006 (3447447.000.000) 02/01 09:13:34 Image size of job updated: 381784
	369  -  MemoryUsage of job (MB)
	376896  -  ResidentSetSize of job (KB)
...
006 (3447447.000.000) 02/01 09:18:34 Image size of job updated: 381808
	369  -  MemoryUsage of job (MB)
	376896  -  ResidentSetSize of job (KB)
...
006 (3447447.000.000) 02/01 09:23:35 Image size of job updated: 381856
	369  -  MemoryUsage of job (MB)
	376896  -  ResidentSetSize of job (KB)
...
006 (3447447.000.000) 02/01 09:33:35 Image size of job updated: 381864
	369  -  MemoryUsage of job (MB)
	376896  -  ResidentSetSize of job (KB)
...
006 (3447447.000.000) 02/01 09:38:37 Image size of job updated: 381872
	369  -  MemoryUsage of job (MB)
	376896  -  ResidentSetSize of job (KB)
...
006 (3447447.000.000) 02/01 09:43:37 Image size of job updated: 381900
	369  -  MemoryUsage of job (MB)
	376896  -  ResidentSetSize of job (KB)
...
006 (3447447.000.000) 02/01 09:48:37 Image size of job updated: 381936
	369  -  MemoryUsage of job (MB)
	376896  -  ResidentSetSize of job (KB)
...
006 (3447447.000.000) 02/01 09:53:38 Image size of job updated: 381960
	369  -  MemoryUsage of job (MB)
	376896  -  ResidentSetSize of job (KB)
...
006 (3447447.000.000) 02/01 10:03:39 Image size of job updated: 381976
	369  -  MemoryUsage of job (MB)
	376896  -  ResidentSetSize of job (KB)
...
006 (3447447.000.000) 02/01 10:08:40 Image size of job updated: 381984
	369  -  MemoryUsage of job (MB)
	376896  -  ResidentSetSize of job (KB)
...
006 (3447447.000.000) 02/01 10:13:41 Image size of job updated: 382000
	369  -  MemoryUsage of job (MB)
	376896  -  ResidentSetSize of job (KB)
...
006 (3447447.000.000) 02/01 10:18:41 Image size of job updated: 382008
	369  -  MemoryUsage of job (MB)
	376896  -  ResidentSetSize of job (KB)
...
040 (3447447.000.000) 02/01 19:43:35 Started transferring input files
	Transferring to host: <128.142.71.112:9618?addrs=128.142.71.112-9618+[2001-1458-301-52--100-3da]-9618&noUDP&sock=14354_7101_13524>
...
040 (3447447.000.000) 02/01 19:43:35 Finished transferring input files
...
001 (3447447.000.000) 02/01 19:43:36 Job executing on host: <128.142.71.112:9618?addrs=128.142.71.112-9618+[2001-1458-301-52--100-3da]-9618&noUDP&sock=14150_4d31_3>
...
040 (3447447.000.000) 02/01 19:44:12 Started transferring output files
...
040 (3447447.000.000) 02/01 19:44:12 Finished transferring output files
...
005 (3447447.000.000) 02/01 19:44:12 Job terminated.
	(1) Normal termination (return value 0)
		Usr 0 00:00:05, Sys 0 00:00:05  -  Run Remote Usage
		Usr 0 00:00:00, Sys 0 00:00:00  -  Run Local Usage
		Usr 0 00:00:05, Sys 0 00:00:05  -  Total Remote Usage
		Usr 0 00:00:00, Sys 0 00:00:00  -  Total Local Usage
	9715  -  Run Bytes Sent By Job
	493  -  Run Bytes Received By Job
	9715  -  Total Bytes Sent By Job
	986  -  Total Bytes Received By Job
	Partitionable Resources :    Usage  Request Allocated 
	   Cpus                 :                 1           
	   Disk (KB)            :       24       40   2768934 
	   Memory (MB)          :      391     2000      2000 
...
