000 (3447442.001.000) 01/30 07:33:09 Job submitted from host: <188.185.71.142:9618?addrs=188.185.71.142-9618+[2001-1458-d00-7--100-388]-9618&alias=bigbird09.cern.ch&noUDP&sock=schedd_2208_1533_7>
...
000 (3447443.001.000) 01/30 07:33:17 Job submitted from host: <188.185.71.142:9618?addrs=188.185.71.142-9618+[2001-1458-d00-7--100-388]-9618&alias=bigbird09.cern.ch&noUDP&sock=schedd_2208_1533_7>
...
000 (3447444.001.000) 01/30 07:33:26 Job submitted from host: <188.185.71.142:9618?addrs=188.185.71.142-9618+[2001-1458-d00-7--100-388]-9618&alias=bigbird09.cern.ch&noUDP&sock=schedd_2208_1533_7>
...
040 (3447444.001.000) 01/30 07:55:34 Started transferring input files
	Transferring to host: <188.184.197.202:9618?addrs=188.184.197.202-9618+[2001-1458-301-103--100-dd]-9618&noUDP&sock=20514_b7fb_192847>
...
040 (3447444.001.000) 01/30 07:55:34 Finished transferring input files
...
001 (3447444.001.000) 01/30 07:55:35 Job executing on host: <188.184.197.202:9618?addrs=188.184.197.202-9618+[2001-1458-301-103--100-dd]-9618&noUDP&sock=20369_04ac_3>
...
040 (3447443.001.000) 01/30 07:55:35 Started transferring input files
	Transferring to host: <128.142.65.183:9618?addrs=128.142.65.183-9618+[2001-1458-301-4c--100-3ff]-9618&noUDP&sock=21077_6732_24570>
...
040 (3447443.001.000) 01/30 07:55:35 Finished transferring input files
...
001 (3447443.001.000) 01/30 07:55:36 Job executing on host: <128.142.65.183:9618?addrs=128.142.65.183-9618+[2001-1458-301-4c--100-3ff]-9618&noUDP&sock=21011_6079_3>
...
006 (3447444.001.000) 01/30 07:55:43 Image size of job updated: 48036
	0  -  MemoryUsage of job (MB)
	0  -  ResidentSetSize of job (KB)
...
040 (3447444.001.000) 01/30 07:55:45 Started transferring output files
...
040 (3447444.001.000) 01/30 07:55:45 Finished transferring output files
...
005 (3447444.001.000) 01/30 07:55:45 Job terminated.
	(1) Normal termination (return value 0)
		Usr 0 00:00:02, Sys 0 00:00:03  -  Run Remote Usage
		Usr 0 00:00:00, Sys 0 00:00:00  -  Run Local Usage
		Usr 0 00:00:02, Sys 0 00:00:03  -  Total Remote Usage
		Usr 0 00:00:00, Sys 0 00:00:00  -  Total Local Usage
	327  -  Run Bytes Sent By Job
	493  -  Run Bytes Received By Job
	327  -  Total Bytes Sent By Job
	493  -  Total Bytes Received By Job
	Partitionable Resources :    Usage  Request Allocated 
	   Cpus                 :                 1           
	   Disk (KB)            :       17        1   2911774 
	   Memory (MB)          :        0     2000      2000 
...
006 (3447443.001.000) 01/30 07:55:45 Image size of job updated: 5232
	4  -  MemoryUsage of job (MB)
	4036  -  ResidentSetSize of job (KB)
...
006 (3447443.001.000) 01/30 07:55:56 Image size of job updated: 16772
	4  -  MemoryUsage of job (MB)
	4036  -  ResidentSetSize of job (KB)
...
040 (3447443.001.000) 01/30 07:55:56 Started transferring output files
...
040 (3447443.001.000) 01/30 07:55:56 Finished transferring output files
...
005 (3447443.001.000) 01/30 07:55:56 Job terminated.
	(1) Normal termination (return value 0)
		Usr 0 00:00:01, Sys 0 00:00:03  -  Run Remote Usage
		Usr 0 00:00:00, Sys 0 00:00:00  -  Run Local Usage
		Usr 0 00:00:01, Sys 0 00:00:03  -  Total Remote Usage
		Usr 0 00:00:00, Sys 0 00:00:00  -  Total Local Usage
	327  -  Run Bytes Sent By Job
	493  -  Run Bytes Received By Job
	327  -  Total Bytes Sent By Job
	493  -  Total Bytes Received By Job
	Partitionable Resources :    Usage  Request Allocated 
	   Cpus                 :                 1           
	   Disk (KB)            :       17        1   2850615 
	   Memory (MB)          :        4     2000      2000 
...
040 (3447442.001.000) 01/30 07:56:13 Started transferring input files
	Transferring to host: <188.184.213.113:9618?addrs=188.184.213.113-9618+[2001-1458-301-10c--100-148]-9618&noUDP&sock=7686_3b72_148921>
...
040 (3447442.001.000) 01/30 07:56:13 Finished transferring input files
...
001 (3447442.001.000) 01/30 07:56:14 Job executing on host: <188.184.213.113:9618?addrs=188.184.213.113-9618+[2001-1458-301-10c--100-148]-9618&noUDP&sock=5705_bbe4_3>
...
006 (3447442.001.000) 01/30 07:56:23 Image size of job updated: 95724
	48  -  MemoryUsage of job (MB)
	48160  -  ResidentSetSize of job (KB)
...
006 (3447442.001.000) 01/30 08:01:24 Image size of job updated: 430604
	354  -  MemoryUsage of job (MB)
	361636  -  ResidentSetSize of job (KB)
...
006 (3447442.001.000) 01/30 08:11:25 Image size of job updated: 430660
	354  -  MemoryUsage of job (MB)
	361692  -  ResidentSetSize of job (KB)
...
006 (3447442.001.000) 01/30 08:16:26 Image size of job updated: 430660
	354  -  MemoryUsage of job (MB)
	361704  -  ResidentSetSize of job (KB)
...
006 (3447442.001.000) 01/30 08:21:26 Image size of job updated: 430660
	354  -  MemoryUsage of job (MB)
	361716  -  ResidentSetSize of job (KB)
...
006 (3447442.001.000) 01/30 08:31:27 Image size of job updated: 430660
	354  -  MemoryUsage of job (MB)
	361736  -  ResidentSetSize of job (KB)
...
006 (3447442.001.000) 01/30 08:36:27 Image size of job updated: 430660
	354  -  MemoryUsage of job (MB)
	361756  -  ResidentSetSize of job (KB)
...
006 (3447442.001.000) 01/30 08:46:28 Image size of job updated: 430660
	354  -  MemoryUsage of job (MB)
	361768  -  ResidentSetSize of job (KB)
...
006 (3447442.001.000) 01/30 09:16:30 Image size of job updated: 430660
	354  -  MemoryUsage of job (MB)
	361792  -  ResidentSetSize of job (KB)
...
006 (3447442.001.000) 01/30 12:26:50 Image size of job updated: 430660
	354  -  MemoryUsage of job (MB)
	361836  -  ResidentSetSize of job (KB)
...
006 (3447442.001.000) 01/30 12:31:52 Image size of job updated: 430660
	354  -  MemoryUsage of job (MB)
	362024  -  ResidentSetSize of job (KB)
...
006 (3447442.001.000) 01/30 12:36:52 Image size of job updated: 430732
	354  -  MemoryUsage of job (MB)
	362108  -  ResidentSetSize of job (KB)
...
006 (3447442.001.000) 01/30 12:46:53 Image size of job updated: 430960
	354  -  MemoryUsage of job (MB)
	362336  -  ResidentSetSize of job (KB)
...
006 (3447442.001.000) 01/30 13:11:56 Image size of job updated: 430960
	354  -  MemoryUsage of job (MB)
	362340  -  ResidentSetSize of job (KB)
...
006 (3447442.001.000) 01/30 13:16:56 Image size of job updated: 430964
	354  -  MemoryUsage of job (MB)
	362380  -  ResidentSetSize of job (KB)
...
006 (3447442.001.000) 01/30 13:21:57 Image size of job updated: 431024
	354  -  MemoryUsage of job (MB)
	362440  -  ResidentSetSize of job (KB)
...
006 (3447442.001.000) 01/30 13:26:57 Image size of job updated: 431024
	354  -  MemoryUsage of job (MB)
	362448  -  ResidentSetSize of job (KB)
...
006 (3447442.001.000) 01/30 13:31:57 Image size of job updated: 431024
	354  -  MemoryUsage of job (MB)
	362476  -  ResidentSetSize of job (KB)
...
006 (3447442.001.000) 01/30 13:50:39 Image size of job updated: 431024
	355  -  MemoryUsage of job (MB)
	362544  -  ResidentSetSize of job (KB)
...
006 (3447442.001.000) 01/30 14:01:38 Image size of job updated: 431024
	355  -  MemoryUsage of job (MB)
	362712  -  ResidentSetSize of job (KB)
...
006 (3447442.001.000) 01/30 14:10:26 Image size of job updated: 431024
	355  -  MemoryUsage of job (MB)
	362896  -  ResidentSetSize of job (KB)
...
006 (3447442.001.000) 01/30 14:15:43 Image size of job updated: 431024
	355  -  MemoryUsage of job (MB)
	362964  -  ResidentSetSize of job (KB)
...
006 (3447442.001.000) 01/30 14:20:44 Image size of job updated: 431024
	355  -  MemoryUsage of job (MB)
	363076  -  ResidentSetSize of job (KB)
...
006 (3447442.001.000) 01/30 14:25:44 Image size of job updated: 431024
	355  -  MemoryUsage of job (MB)
	363100  -  ResidentSetSize of job (KB)
...
006 (3447442.001.000) 01/30 14:30:44 Image size of job updated: 431024
	355  -  MemoryUsage of job (MB)
	363256  -  ResidentSetSize of job (KB)
...
006 (3447442.001.000) 01/30 14:35:45 Image size of job updated: 431024
	355  -  MemoryUsage of job (MB)
	363340  -  ResidentSetSize of job (KB)
...
006 (3447442.001.000) 01/30 14:40:45 Image size of job updated: 431024
	355  -  MemoryUsage of job (MB)
	363384  -  ResidentSetSize of job (KB)
...
006 (3447442.001.000) 01/30 14:45:46 Image size of job updated: 431024
	356  -  MemoryUsage of job (MB)
	363560  -  ResidentSetSize of job (KB)
...
006 (3447442.001.000) 01/30 14:50:47 Image size of job updated: 431024
	356  -  MemoryUsage of job (MB)
	363576  -  ResidentSetSize of job (KB)
...
006 (3447442.001.000) 01/30 14:55:47 Image size of job updated: 431024
	356  -  MemoryUsage of job (MB)
	363632  -  ResidentSetSize of job (KB)
...
006 (3447442.001.000) 01/30 15:00:47 Image size of job updated: 431024
	356  -  MemoryUsage of job (MB)
	363712  -  ResidentSetSize of job (KB)
...
006 (3447442.001.000) 01/30 15:05:49 Image size of job updated: 431024
	356  -  MemoryUsage of job (MB)
	363848  -  ResidentSetSize of job (KB)
...
006 (3447442.001.000) 01/30 15:10:49 Image size of job updated: 431024
	356  -  MemoryUsage of job (MB)
	363912  -  ResidentSetSize of job (KB)
...
006 (3447442.001.000) 01/30 15:15:49 Image size of job updated: 431024
	356  -  MemoryUsage of job (MB)
	364012  -  ResidentSetSize of job (KB)
...
006 (3447442.001.000) 01/30 15:20:50 Image size of job updated: 431024
	356  -  MemoryUsage of job (MB)
	364112  -  ResidentSetSize of job (KB)
...
006 (3447442.001.000) 01/30 15:25:51 Image size of job updated: 431024
	356  -  MemoryUsage of job (MB)
	364220  -  ResidentSetSize of job (KB)
...
006 (3447442.001.000) 01/30 15:30:51 Image size of job updated: 431024
	356  -  MemoryUsage of job (MB)
	364360  -  ResidentSetSize of job (KB)
...
006 (3447442.001.000) 01/30 15:35:51 Image size of job updated: 431024
	356  -  MemoryUsage of job (MB)
	364372  -  ResidentSetSize of job (KB)
...
006 (3447442.001.000) 01/30 15:40:52 Image size of job updated: 431024
	356  -  MemoryUsage of job (MB)
	364456  -  ResidentSetSize of job (KB)
...
006 (3447442.001.000) 01/30 15:45:52 Image size of job updated: 431024
	357  -  MemoryUsage of job (MB)
	364564  -  ResidentSetSize of job (KB)
...
006 (3447442.001.000) 01/30 15:50:52 Image size of job updated: 431024
	357  -  MemoryUsage of job (MB)
	364604  -  ResidentSetSize of job (KB)
...
006 (3447442.001.000) 01/30 15:55:53 Image size of job updated: 431024
	357  -  MemoryUsage of job (MB)
	364716  -  ResidentSetSize of job (KB)
...
006 (3447442.001.000) 01/30 16:00:54 Image size of job updated: 431024
	357  -  MemoryUsage of job (MB)
	364808  -  ResidentSetSize of job (KB)
...
006 (3447442.001.000) 01/30 16:05:54 Image size of job updated: 431024
	357  -  MemoryUsage of job (MB)
	364872  -  ResidentSetSize of job (KB)
...
006 (3447442.001.000) 01/30 16:13:15 Image size of job updated: 431024
	357  -  MemoryUsage of job (MB)
	364988  -  ResidentSetSize of job (KB)
...
006 (3447442.001.000) 01/30 16:20:12 Image size of job updated: 431024
	357  -  MemoryUsage of job (MB)
	365032  -  ResidentSetSize of job (KB)
...
006 (3447442.001.000) 01/30 16:25:46 Image size of job updated: 431024
	357  -  MemoryUsage of job (MB)
	365144  -  ResidentSetSize of job (KB)
...
006 (3447442.001.000) 01/30 16:30:47 Image size of job updated: 431024
	357  -  MemoryUsage of job (MB)
	365264  -  ResidentSetSize of job (KB)
...
006 (3447442.001.000) 01/30 16:35:47 Image size of job updated: 431024
	357  -  MemoryUsage of job (MB)
	365288  -  ResidentSetSize of job (KB)
...
006 (3447442.001.000) 01/30 16:40:47 Image size of job updated: 431024
	357  -  MemoryUsage of job (MB)
	365332  -  ResidentSetSize of job (KB)
...
006 (3447442.001.000) 01/30 16:45:48 Image size of job updated: 431024
	357  -  MemoryUsage of job (MB)
	365400  -  ResidentSetSize of job (KB)
...
006 (3447442.001.000) 01/30 16:50:49 Image size of job updated: 431024
	358  -  MemoryUsage of job (MB)
	365572  -  ResidentSetSize of job (KB)
...
006 (3447442.001.000) 01/30 16:55:49 Image size of job updated: 431024
	358  -  MemoryUsage of job (MB)
	365604  -  ResidentSetSize of job (KB)
...
006 (3447442.001.000) 01/30 17:00:49 Image size of job updated: 431024
	358  -  MemoryUsage of job (MB)
	365672  -  ResidentSetSize of job (KB)
...
006 (3447442.001.000) 01/30 17:05:50 Image size of job updated: 431024
	358  -  MemoryUsage of job (MB)
	365764  -  ResidentSetSize of job (KB)
...
006 (3447442.001.000) 01/30 17:10:50 Image size of job updated: 431024
	358  -  MemoryUsage of job (MB)
	365796  -  ResidentSetSize of job (KB)
...
006 (3447442.001.000) 01/30 17:15:51 Image size of job updated: 431024
	358  -  MemoryUsage of job (MB)
	365868  -  ResidentSetSize of job (KB)
...
006 (3447442.001.000) 01/30 17:20:52 Image size of job updated: 431024
	358  -  MemoryUsage of job (MB)
	366044  -  ResidentSetSize of job (KB)
...
006 (3447442.001.000) 01/30 17:25:52 Image size of job updated: 431024
	358  -  MemoryUsage of job (MB)
	366136  -  ResidentSetSize of job (KB)
...
006 (3447442.001.000) 01/30 17:30:52 Image size of job updated: 431024
	358  -  MemoryUsage of job (MB)
	366164  -  ResidentSetSize of job (KB)
...
006 (3447442.001.000) 01/30 17:35:53 Image size of job updated: 431024
	359  -  MemoryUsage of job (MB)
	367200  -  ResidentSetSize of job (KB)
...
006 (3447442.001.000) 01/30 17:40:54 Image size of job updated: 431024
	359  -  MemoryUsage of job (MB)
	367256  -  ResidentSetSize of job (KB)
...
006 (3447442.001.000) 01/30 17:45:54 Image size of job updated: 431024
	360  -  MemoryUsage of job (MB)
	368512  -  ResidentSetSize of job (KB)
...
006 (3447442.001.000) 01/30 17:50:55 Image size of job updated: 431024
	360  -  MemoryUsage of job (MB)
	368552  -  ResidentSetSize of job (KB)
...
006 (3447442.001.000) 01/30 17:55:56 Image size of job updated: 431024
	360  -  MemoryUsage of job (MB)
	368636  -  ResidentSetSize of job (KB)
...
006 (3447442.001.000) 01/30 18:00:56 Image size of job updated: 431024
	361  -  MemoryUsage of job (MB)
	368644  -  ResidentSetSize of job (KB)
...
006 (3447442.001.000) 01/30 18:05:56 Image size of job updated: 431024
	361  -  MemoryUsage of job (MB)
	368724  -  ResidentSetSize of job (KB)
...
006 (3447442.001.000) 01/30 18:10:57 Image size of job updated: 431024
	361  -  MemoryUsage of job (MB)
	368804  -  ResidentSetSize of job (KB)
...
006 (3447442.001.000) 01/30 18:15:57 Image size of job updated: 431024
	361  -  MemoryUsage of job (MB)
	368844  -  ResidentSetSize of job (KB)
...
006 (3447442.001.000) 01/30 18:20:57 Image size of job updated: 431024
	361  -  MemoryUsage of job (MB)
	368912  -  ResidentSetSize of job (KB)
...
006 (3447442.001.000) 01/30 18:25:58 Image size of job updated: 431024
	361  -  MemoryUsage of job (MB)
	368928  -  ResidentSetSize of job (KB)
...
006 (3447442.001.000) 01/30 18:30:59 Image size of job updated: 431024
	361  -  MemoryUsage of job (MB)
	369036  -  ResidentSetSize of job (KB)
...
006 (3447442.001.000) 01/30 18:35:59 Image size of job updated: 431024
	361  -  MemoryUsage of job (MB)
	369068  -  ResidentSetSize of job (KB)
...
006 (3447442.001.000) 01/30 18:41:00 Image size of job updated: 431024
	361  -  MemoryUsage of job (MB)
	369120  -  ResidentSetSize of job (KB)
...
006 (3447442.001.000) 01/30 18:46:01 Image size of job updated: 431024
	361  -  MemoryUsage of job (MB)
	369160  -  ResidentSetSize of job (KB)
...
006 (3447442.001.000) 01/30 18:51:01 Image size of job updated: 431024
	361  -  MemoryUsage of job (MB)
	369244  -  ResidentSetSize of job (KB)
...
006 (3447442.001.000) 01/30 18:56:02 Image size of job updated: 431024
	361  -  MemoryUsage of job (MB)
	369288  -  ResidentSetSize of job (KB)
...
006 (3447442.001.000) 01/30 19:01:03 Image size of job updated: 431024
	361  -  MemoryUsage of job (MB)
	369336  -  ResidentSetSize of job (KB)
...
006 (3447442.001.000) 01/30 19:06:03 Image size of job updated: 431024
	361  -  MemoryUsage of job (MB)
	369356  -  ResidentSetSize of job (KB)
...
006 (3447442.001.000) 01/30 19:11:04 Image size of job updated: 431024
	361  -  MemoryUsage of job (MB)
	369380  -  ResidentSetSize of job (KB)
...
006 (3447442.001.000) 01/30 19:16:04 Image size of job updated: 431024
	361  -  MemoryUsage of job (MB)
	369508  -  ResidentSetSize of job (KB)
...
006 (3447442.001.000) 01/30 19:21:04 Image size of job updated: 431024
	361  -  MemoryUsage of job (MB)
	369564  -  ResidentSetSize of job (KB)
...
006 (3447442.001.000) 01/30 19:26:05 Image size of job updated: 431024
	361  -  MemoryUsage of job (MB)
	369612  -  ResidentSetSize of job (KB)
...
006 (3447442.001.000) 01/30 19:31:05 Image size of job updated: 431024
	361  -  MemoryUsage of job (MB)
	369660  -  ResidentSetSize of job (KB)
...
006 (3447442.001.000) 01/30 19:36:05 Image size of job updated: 431024
	362  -  MemoryUsage of job (MB)
	369764  -  ResidentSetSize of job (KB)
...
006 (3447442.001.000) 01/30 19:41:06 Image size of job updated: 431024
	362  -  MemoryUsage of job (MB)
	369792  -  ResidentSetSize of job (KB)
...
006 (3447442.001.000) 01/30 19:46:06 Image size of job updated: 431024
	362  -  MemoryUsage of job (MB)
	369824  -  ResidentSetSize of job (KB)
...
006 (3447442.001.000) 01/30 19:51:07 Image size of job updated: 431024
	362  -  MemoryUsage of job (MB)
	369888  -  ResidentSetSize of job (KB)
...
006 (3447442.001.000) 01/30 19:56:08 Image size of job updated: 431024
	362  -  MemoryUsage of job (MB)
	369940  -  ResidentSetSize of job (KB)
...
006 (3447442.001.000) 01/30 20:01:08 Image size of job updated: 431024
	362  -  MemoryUsage of job (MB)
	369944  -  ResidentSetSize of job (KB)
...
006 (3447442.001.000) 01/30 20:06:09 Image size of job updated: 431024
	362  -  MemoryUsage of job (MB)
	370076  -  ResidentSetSize of job (KB)
...
006 (3447442.001.000) 01/30 20:11:10 Image size of job updated: 431024
	362  -  MemoryUsage of job (MB)
	370116  -  ResidentSetSize of job (KB)
...
006 (3447442.001.000) 01/30 20:16:10 Image size of job updated: 431024
	362  -  MemoryUsage of job (MB)
	370128  -  ResidentSetSize of job (KB)
...
006 (3447442.001.000) 01/30 20:21:10 Image size of job updated: 431024
	362  -  MemoryUsage of job (MB)
	370224  -  ResidentSetSize of job (KB)
...
006 (3447442.001.000) 01/30 20:26:11 Image size of job updated: 431024
	362  -  MemoryUsage of job (MB)
	370300  -  ResidentSetSize of job (KB)
...
006 (3447442.001.000) 01/30 20:31:11 Image size of job updated: 431024
	362  -  MemoryUsage of job (MB)
	370376  -  ResidentSetSize of job (KB)
...
006 (3447442.001.000) 01/30 20:36:11 Image size of job updated: 431024
	362  -  MemoryUsage of job (MB)
	370452  -  ResidentSetSize of job (KB)
...
006 (3447442.001.000) 01/30 20:41:12 Image size of job updated: 431024
	362  -  MemoryUsage of job (MB)
	370492  -  ResidentSetSize of job (KB)
...
006 (3447442.001.000) 01/30 20:46:13 Image size of job updated: 431024
	362  -  MemoryUsage of job (MB)
	370532  -  ResidentSetSize of job (KB)
...
006 (3447442.001.000) 01/30 20:51:13 Image size of job updated: 431024
	362  -  MemoryUsage of job (MB)
	370584  -  ResidentSetSize of job (KB)
...
006 (3447442.001.000) 01/30 20:56:14 Image size of job updated: 431024
	362  -  MemoryUsage of job (MB)
	370604  -  ResidentSetSize of job (KB)
...
006 (3447442.001.000) 01/30 21:01:15 Image size of job updated: 431024
	363  -  MemoryUsage of job (MB)
	370728  -  ResidentSetSize of job (KB)
...
006 (3447442.001.000) 01/30 21:06:15 Image size of job updated: 431024
	363  -  MemoryUsage of job (MB)
	370772  -  ResidentSetSize of job (KB)
...
006 (3447442.001.000) 01/30 21:11:16 Image size of job updated: 431024
	363  -  MemoryUsage of job (MB)
	370812  -  ResidentSetSize of job (KB)
...
006 (3447442.001.000) 01/30 21:16:17 Image size of job updated: 431024
	363  -  MemoryUsage of job (MB)
	370856  -  ResidentSetSize of job (KB)
...
006 (3447442.001.000) 01/30 21:21:17 Image size of job updated: 431024
	363  -  MemoryUsage of job (MB)
	370900  -  ResidentSetSize of job (KB)
...
006 (3447442.001.000) 01/30 21:26:19 Image size of job updated: 431024
	363  -  MemoryUsage of job (MB)
	370940  -  ResidentSetSize of job (KB)
...
006 (3447442.001.000) 01/30 21:31:19 Image size of job updated: 431024
	363  -  MemoryUsage of job (MB)
	371060  -  ResidentSetSize of job (KB)
...
006 (3447442.001.000) 01/30 21:36:19 Image size of job updated: 431024
	363  -  MemoryUsage of job (MB)
	371084  -  ResidentSetSize of job (KB)
...
006 (3447442.001.000) 01/30 21:41:20 Image size of job updated: 431024
	363  -  MemoryUsage of job (MB)
	371232  -  ResidentSetSize of job (KB)
...
006 (3447442.001.000) 01/30 21:46:21 Image size of job updated: 431024
	363  -  MemoryUsage of job (MB)
	371300  -  ResidentSetSize of job (KB)
...
006 (3447442.001.000) 01/30 21:51:21 Image size of job updated: 431024
	363  -  MemoryUsage of job (MB)
	371392  -  ResidentSetSize of job (KB)
...
006 (3447442.001.000) 01/30 21:56:22 Image size of job updated: 431024
	363  -  MemoryUsage of job (MB)
	371436  -  ResidentSetSize of job (KB)
...
006 (3447442.001.000) 01/30 22:01:23 Image size of job updated: 431024
	363  -  MemoryUsage of job (MB)
	371476  -  ResidentSetSize of job (KB)
...
006 (3447442.001.000) 01/30 22:06:23 Image size of job updated: 431024
	363  -  MemoryUsage of job (MB)
	371520  -  ResidentSetSize of job (KB)
...
006 (3447442.001.000) 01/30 22:11:24 Image size of job updated: 431024
	363  -  MemoryUsage of job (MB)
	371528  -  ResidentSetSize of job (KB)
...
006 (3447442.001.000) 01/30 22:16:25 Image size of job updated: 431024
	363  -  MemoryUsage of job (MB)
	371604  -  ResidentSetSize of job (KB)
...
006 (3447442.001.000) 01/30 22:21:25 Image size of job updated: 431024
	363  -  MemoryUsage of job (MB)
	371644  -  ResidentSetSize of job (KB)
...
006 (3447442.001.000) 01/30 22:26:26 Image size of job updated: 431024
	363  -  MemoryUsage of job (MB)
	371684  -  ResidentSetSize of job (KB)
...
006 (3447442.001.000) 01/30 22:31:27 Image size of job updated: 431024
	364  -  MemoryUsage of job (MB)
	371752  -  ResidentSetSize of job (KB)
...
006 (3447442.001.000) 01/30 22:36:27 Image size of job updated: 431024
	364  -  MemoryUsage of job (MB)
	371808  -  ResidentSetSize of job (KB)
...
006 (3447442.001.000) 01/30 22:41:27 Image size of job updated: 431024
	364  -  MemoryUsage of job (MB)
	371848  -  ResidentSetSize of job (KB)
...
006 (3447442.001.000) 01/30 22:46:28 Image size of job updated: 431024
	364  -  MemoryUsage of job (MB)
	371896  -  ResidentSetSize of job (KB)
...
006 (3447442.001.000) 01/30 22:51:28 Image size of job updated: 431024
	364  -  MemoryUsage of job (MB)
	371960  -  ResidentSetSize of job (KB)
...
006 (3447442.001.000) 01/30 22:56:28 Image size of job updated: 431024
	364  -  MemoryUsage of job (MB)
	372032  -  ResidentSetSize of job (KB)
...
006 (3447442.001.000) 01/30 23:06:29 Image size of job updated: 431024
	364  -  MemoryUsage of job (MB)
	372100  -  ResidentSetSize of job (KB)
...
006 (3447442.001.000) 01/30 23:11:29 Image size of job updated: 431024
	364  -  MemoryUsage of job (MB)
	372192  -  ResidentSetSize of job (KB)
...
006 (3447442.001.000) 01/30 23:16:31 Image size of job updated: 431024
	364  -  MemoryUsage of job (MB)
	372264  -  ResidentSetSize of job (KB)
...
006 (3447442.001.000) 01/30 23:21:31 Image size of job updated: 431024
	364  -  MemoryUsage of job (MB)
	372332  -  ResidentSetSize of job (KB)
...
006 (3447442.001.000) 01/30 23:26:31 Image size of job updated: 431024
	364  -  MemoryUsage of job (MB)
	372352  -  ResidentSetSize of job (KB)
...
006 (3447442.001.000) 01/30 23:31:32 Image size of job updated: 431024
	364  -  MemoryUsage of job (MB)
	372432  -  ResidentSetSize of job (KB)
...
006 (3447442.001.000) 01/30 23:36:33 Image size of job updated: 431024
	364  -  MemoryUsage of job (MB)
	372548  -  ResidentSetSize of job (KB)
...
006 (3447442.001.000) 01/30 23:46:34 Image size of job updated: 431024
	364  -  MemoryUsage of job (MB)
	372692  -  ResidentSetSize of job (KB)
...
006 (3447442.001.000) 01/30 23:51:35 Image size of job updated: 431024
	364  -  MemoryUsage of job (MB)
	372720  -  ResidentSetSize of job (KB)
...
006 (3447442.001.000) 01/30 23:56:35 Image size of job updated: 431024
	365  -  MemoryUsage of job (MB)
	372952  -  ResidentSetSize of job (KB)
...
006 (3447442.001.000) 01/31 00:01:36 Image size of job updated: 431024
	365  -  MemoryUsage of job (MB)
	373028  -  ResidentSetSize of job (KB)
...
006 (3447442.001.000) 01/31 00:06:37 Image size of job updated: 431024
	365  -  MemoryUsage of job (MB)
	373036  -  ResidentSetSize of job (KB)
...
006 (3447442.001.000) 01/31 00:11:37 Image size of job updated: 431024
	365  -  MemoryUsage of job (MB)
	373044  -  ResidentSetSize of job (KB)
...
006 (3447442.001.000) 01/31 01:16:43 Image size of job updated: 431024
	365  -  MemoryUsage of job (MB)
	373068  -  ResidentSetSize of job (KB)
...
006 (3447442.001.000) 01/31 01:21:44 Image size of job updated: 431024
	365  -  MemoryUsage of job (MB)
	373092  -  ResidentSetSize of job (KB)
...
006 (3447442.001.000) 01/31 01:26:44 Image size of job updated: 431024
	365  -  MemoryUsage of job (MB)
	373108  -  ResidentSetSize of job (KB)
...
006 (3447442.001.000) 01/31 01:31:44 Image size of job updated: 431024
	365  -  MemoryUsage of job (MB)
	373144  -  ResidentSetSize of job (KB)
...
006 (3447442.001.000) 01/31 01:36:45 Image size of job updated: 431024
	365  -  MemoryUsage of job (MB)
	373152  -  ResidentSetSize of job (KB)
...
006 (3447442.001.000) 01/31 01:41:46 Image size of job updated: 431024
	365  -  MemoryUsage of job (MB)
	373180  -  ResidentSetSize of job (KB)
...
006 (3447442.001.000) 01/31 01:51:46 Image size of job updated: 431024
	365  -  MemoryUsage of job (MB)
	373192  -  ResidentSetSize of job (KB)
...
006 (3447442.001.000) 01/31 01:56:47 Image size of job updated: 431024
	365  -  MemoryUsage of job (MB)
	373212  -  ResidentSetSize of job (KB)
...
006 (3447442.001.000) 01/31 02:01:47 Image size of job updated: 431024
	365  -  MemoryUsage of job (MB)
	373228  -  ResidentSetSize of job (KB)
...
006 (3447442.001.000) 01/31 02:11:48 Image size of job updated: 431024
	365  -  MemoryUsage of job (MB)
	373252  -  ResidentSetSize of job (KB)
...
006 (3447442.001.000) 01/31 02:16:49 Image size of job updated: 431024
	365  -  MemoryUsage of job (MB)
	373256  -  ResidentSetSize of job (KB)
...
006 (3447442.001.000) 01/31 02:26:50 Image size of job updated: 431024
	365  -  MemoryUsage of job (MB)
	373264  -  ResidentSetSize of job (KB)
...
006 (3447442.001.000) 01/31 02:36:51 Image size of job updated: 431024
	365  -  MemoryUsage of job (MB)
	373296  -  ResidentSetSize of job (KB)
...
006 (3447442.001.000) 01/31 02:41:51 Image size of job updated: 431024
	365  -  MemoryUsage of job (MB)
	373332  -  ResidentSetSize of job (KB)
...
006 (3447442.001.000) 01/31 02:46:52 Image size of job updated: 431024
	365  -  MemoryUsage of job (MB)
	373364  -  ResidentSetSize of job (KB)
...
006 (3447442.001.000) 01/31 02:51:53 Image size of job updated: 431024
	365  -  MemoryUsage of job (MB)
	373380  -  ResidentSetSize of job (KB)
...
006 (3447442.001.000) 01/31 02:56:53 Image size of job updated: 431024
	365  -  MemoryUsage of job (MB)
	373412  -  ResidentSetSize of job (KB)
...
006 (3447442.001.000) 01/31 03:01:53 Image size of job updated: 431024
	365  -  MemoryUsage of job (MB)
	373448  -  ResidentSetSize of job (KB)
...
006 (3447442.001.000) 01/31 03:06:54 Image size of job updated: 431024
	365  -  MemoryUsage of job (MB)
	373488  -  ResidentSetSize of job (KB)
...
006 (3447442.001.000) 01/31 03:16:54 Image size of job updated: 431024
	365  -  MemoryUsage of job (MB)
	373500  -  ResidentSetSize of job (KB)
...
006 (3447442.001.000) 01/31 03:21:55 Image size of job updated: 431024
	365  -  MemoryUsage of job (MB)
	373556  -  ResidentSetSize of job (KB)
...
006 (3447442.001.000) 01/31 03:31:56 Image size of job updated: 431024
	365  -  MemoryUsage of job (MB)
	373576  -  ResidentSetSize of job (KB)
...
006 (3447442.001.000) 01/31 03:41:57 Image size of job updated: 431024
	365  -  MemoryUsage of job (MB)
	373608  -  ResidentSetSize of job (KB)
...
006 (3447442.001.000) 01/31 03:51:58 Image size of job updated: 431024
	365  -  MemoryUsage of job (MB)
	373648  -  ResidentSetSize of job (KB)
...
006 (3447442.001.000) 01/31 03:56:58 Image size of job updated: 431024
	365  -  MemoryUsage of job (MB)
	373668  -  ResidentSetSize of job (KB)
...
006 (3447442.001.000) 01/31 04:01:59 Image size of job updated: 431024
	365  -  MemoryUsage of job (MB)
	373704  -  ResidentSetSize of job (KB)
...
006 (3447442.001.000) 01/31 04:11:59 Image size of job updated: 431024
	365  -  MemoryUsage of job (MB)
	373720  -  ResidentSetSize of job (KB)
...
006 (3447442.001.000) 01/31 04:17:00 Image size of job updated: 431024
	365  -  MemoryUsage of job (MB)
	373744  -  ResidentSetSize of job (KB)
...
006 (3447442.001.000) 01/31 04:32:01 Image size of job updated: 431024
	365  -  MemoryUsage of job (MB)
	373760  -  ResidentSetSize of job (KB)
...
006 (3447442.001.000) 01/31 04:42:03 Image size of job updated: 431024
	366  -  MemoryUsage of job (MB)
	373768  -  ResidentSetSize of job (KB)
...
006 (3447442.001.000) 01/31 04:52:03 Image size of job updated: 431024
	366  -  MemoryUsage of job (MB)
	373872  -  ResidentSetSize of job (KB)
...
006 (3447442.001.000) 01/31 04:57:04 Image size of job updated: 431024
	366  -  MemoryUsage of job (MB)
	373888  -  ResidentSetSize of job (KB)
...
006 (3447442.001.000) 01/31 05:02:04 Image size of job updated: 431024
	366  -  MemoryUsage of job (MB)
	373904  -  ResidentSetSize of job (KB)
...
006 (3447442.001.000) 01/31 05:07:04 Image size of job updated: 431024
	366  -  MemoryUsage of job (MB)
	373912  -  ResidentSetSize of job (KB)
...
006 (3447442.001.000) 01/31 05:17:06 Image size of job updated: 431024
	366  -  MemoryUsage of job (MB)
	373924  -  ResidentSetSize of job (KB)
...
006 (3447442.001.000) 01/31 05:22:06 Image size of job updated: 431024
	366  -  MemoryUsage of job (MB)
	373928  -  ResidentSetSize of job (KB)
...
006 (3447442.001.000) 01/31 05:27:06 Image size of job updated: 431024
	366  -  MemoryUsage of job (MB)
	373932  -  ResidentSetSize of job (KB)
...
006 (3447442.001.000) 01/31 05:32:07 Image size of job updated: 431024
	366  -  MemoryUsage of job (MB)
	373956  -  ResidentSetSize of job (KB)
...
006 (3447442.001.000) 01/31 05:37:08 Image size of job updated: 431024
	366  -  MemoryUsage of job (MB)
	373996  -  ResidentSetSize of job (KB)
...
006 (3447442.001.000) 01/31 05:47:08 Image size of job updated: 431024
	366  -  MemoryUsage of job (MB)
	374004  -  ResidentSetSize of job (KB)
...
006 (3447442.001.000) 01/31 05:52:10 Image size of job updated: 431024
	366  -  MemoryUsage of job (MB)
	374056  -  ResidentSetSize of job (KB)
...
006 (3447442.001.000) 01/31 06:07:10 Image size of job updated: 431024
	366  -  MemoryUsage of job (MB)
	374132  -  ResidentSetSize of job (KB)
...
006 (3447442.001.000) 01/31 06:17:11 Image size of job updated: 431024
	366  -  MemoryUsage of job (MB)
	374216  -  ResidentSetSize of job (KB)
...
006 (3447442.001.000) 01/31 06:27:12 Image size of job updated: 431024
	366  -  MemoryUsage of job (MB)
	374324  -  ResidentSetSize of job (KB)
...
006 (3447442.001.000) 01/31 07:32:19 Image size of job updated: 431024
	366  -  MemoryUsage of job (MB)
	374396  -  ResidentSetSize of job (KB)
...
006 (3447442.001.000) 01/31 07:37:19 Image size of job updated: 431024
	366  -  MemoryUsage of job (MB)
	374420  -  ResidentSetSize of job (KB)
...
006 (3447442.001.000) 01/31 07:52:21 Image size of job updated: 431024
	366  -  MemoryUsage of job (MB)
	374476  -  ResidentSetSize of job (KB)
...
006 (3447442.001.000) 01/31 07:57:21 Image size of job updated: 431024
	366  -  MemoryUsage of job (MB)
	374496  -  ResidentSetSize of job (KB)
...
006 (3447442.001.000) 01/31 08:07:23 Image size of job updated: 431024
	366  -  MemoryUsage of job (MB)
	374524  -  ResidentSetSize of job (KB)
...
006 (3447442.001.000) 01/31 08:12:23 Image size of job updated: 431024
	366  -  MemoryUsage of job (MB)
	374544  -  ResidentSetSize of job (KB)
...
006 (3447442.001.000) 01/31 08:17:23 Image size of job updated: 431024
	366  -  MemoryUsage of job (MB)
	374600  -  ResidentSetSize of job (KB)
...
006 (3447442.001.000) 01/31 08:37:26 Image size of job updated: 431024
	366  -  MemoryUsage of job (MB)
	374604  -  ResidentSetSize of job (KB)
...
006 (3447442.001.000) 01/31 08:42:27 Image size of job updated: 431024
	366  -  MemoryUsage of job (MB)
	374608  -  ResidentSetSize of job (KB)
...
006 (3447442.001.000) 01/31 08:47:27 Image size of job updated: 431024
	366  -  MemoryUsage of job (MB)
	374644  -  ResidentSetSize of job (KB)
...
006 (3447442.001.000) 01/31 08:52:27 Image size of job updated: 431024
	366  -  MemoryUsage of job (MB)
	374692  -  ResidentSetSize of job (KB)
...
006 (3447442.001.000) 01/31 08:57:28 Image size of job updated: 431024
	366  -  MemoryUsage of job (MB)
	374712  -  ResidentSetSize of job (KB)
...
006 (3447442.001.000) 01/31 09:07:28 Image size of job updated: 431024
	366  -  MemoryUsage of job (MB)
	374716  -  ResidentSetSize of job (KB)
...
006 (3447442.001.000) 01/31 09:12:29 Image size of job updated: 431024
	366  -  MemoryUsage of job (MB)
	374732  -  ResidentSetSize of job (KB)
...
006 (3447442.001.000) 01/31 09:17:29 Image size of job updated: 431024
	366  -  MemoryUsage of job (MB)
	374736  -  ResidentSetSize of job (KB)
...
006 (3447442.001.000) 01/31 09:27:30 Image size of job updated: 431024
	366  -  MemoryUsage of job (MB)
	374744  -  ResidentSetSize of job (KB)
...
006 (3447442.001.000) 01/31 09:32:31 Image size of job updated: 431024
	366  -  MemoryUsage of job (MB)
	374748  -  ResidentSetSize of job (KB)
...
006 (3447442.001.000) 01/31 09:37:31 Image size of job updated: 431024
	366  -  MemoryUsage of job (MB)
	374752  -  ResidentSetSize of job (KB)
...
006 (3447442.001.000) 01/31 09:47:33 Image size of job updated: 431024
	366  -  MemoryUsage of job (MB)
	374776  -  ResidentSetSize of job (KB)
...
006 (3447442.001.000) 01/31 09:52:33 Image size of job updated: 431024
	366  -  MemoryUsage of job (MB)
	374780  -  ResidentSetSize of job (KB)
...
006 (3447442.001.000) 01/31 09:57:33 Image size of job updated: 431024
	367  -  MemoryUsage of job (MB)
	374804  -  ResidentSetSize of job (KB)
...
006 (3447442.001.000) 01/31 10:02:34 Image size of job updated: 431024
	367  -  MemoryUsage of job (MB)
	374812  -  ResidentSetSize of job (KB)
...
006 (3447442.001.000) 01/31 10:07:35 Image size of job updated: 431024
	367  -  MemoryUsage of job (MB)
	374828  -  ResidentSetSize of job (KB)
...
006 (3447442.001.000) 01/31 10:12:35 Image size of job updated: 431024
	367  -  MemoryUsage of job (MB)
	374836  -  ResidentSetSize of job (KB)
...
006 (3447442.001.000) 01/31 10:17:35 Image size of job updated: 431024
	367  -  MemoryUsage of job (MB)
	374864  -  ResidentSetSize of job (KB)
...
006 (3447442.001.000) 01/31 10:22:36 Image size of job updated: 431024
	367  -  MemoryUsage of job (MB)
	374884  -  ResidentSetSize of job (KB)
...
006 (3447442.001.000) 01/31 10:27:37 Image size of job updated: 431024
	367  -  MemoryUsage of job (MB)
	374892  -  ResidentSetSize of job (KB)
...
006 (3447442.001.000) 01/31 10:32:37 Image size of job updated: 431024
	367  -  MemoryUsage of job (MB)
	374972  -  ResidentSetSize of job (KB)
...
006 (3447442.001.000) 01/31 11:02:41 Image size of job updated: 431024
	367  -  MemoryUsage of job (MB)
	375012  -  ResidentSetSize of job (KB)
...
006 (3447442.001.000) 01/31 11:12:43 Image size of job updated: 431024
	367  -  MemoryUsage of job (MB)
	375024  -  ResidentSetSize of job (KB)
...
006 (3447442.001.000) 01/31 11:17:43 Image size of job updated: 431024
	367  -  MemoryUsage of job (MB)
	375040  -  ResidentSetSize of job (KB)
...
006 (3447442.001.000) 01/31 11:22:43 Image size of job updated: 431024
	367  -  MemoryUsage of job (MB)
	375052  -  ResidentSetSize of job (KB)
...
006 (3447442.001.000) 01/31 11:27:44 Image size of job updated: 431024
	367  -  MemoryUsage of job (MB)
	375056  -  ResidentSetSize of job (KB)
...
006 (3447442.001.000) 01/31 11:32:44 Image size of job updated: 431024
	367  -  MemoryUsage of job (MB)
	375084  -  ResidentSetSize of job (KB)
...
006 (3447442.001.000) 01/31 11:37:44 Image size of job updated: 431024
	367  -  MemoryUsage of job (MB)
	375088  -  ResidentSetSize of job (KB)
...
006 (3447442.001.000) 01/31 11:42:45 Image size of job updated: 431024
	367  -  MemoryUsage of job (MB)
	375100  -  ResidentSetSize of job (KB)
...
006 (3447442.001.000) 01/31 11:47:46 Image size of job updated: 431024
	367  -  MemoryUsage of job (MB)
	375128  -  ResidentSetSize of job (KB)
...
006 (3447442.001.000) 01/31 12:02:48 Image size of job updated: 431024
	367  -  MemoryUsage of job (MB)
	375148  -  ResidentSetSize of job (KB)
...
006 (3447442.001.000) 01/31 12:07:48 Image size of job updated: 431024
	367  -  MemoryUsage of job (MB)
	375172  -  ResidentSetSize of job (KB)
...
006 (3447442.001.000) 01/31 12:17:49 Image size of job updated: 431024
	367  -  MemoryUsage of job (MB)
	375184  -  ResidentSetSize of job (KB)
...
006 (3447442.001.000) 01/31 12:22:49 Image size of job updated: 431024
	367  -  MemoryUsage of job (MB)
	375216  -  ResidentSetSize of job (KB)
...
006 (3447442.001.000) 01/31 12:27:49 Image size of job updated: 431024
	367  -  MemoryUsage of job (MB)
	375232  -  ResidentSetSize of job (KB)
...
006 (3447442.001.000) 01/31 12:32:50 Image size of job updated: 431024
	367  -  MemoryUsage of job (MB)
	375256  -  ResidentSetSize of job (KB)
...
006 (3447442.001.000) 01/31 12:42:51 Image size of job updated: 431024
	367  -  MemoryUsage of job (MB)
	375268  -  ResidentSetSize of job (KB)
...
006 (3447442.001.000) 01/31 12:47:52 Image size of job updated: 431024
	367  -  MemoryUsage of job (MB)
	375296  -  ResidentSetSize of job (KB)
...
006 (3447442.001.000) 01/31 12:52:53 Image size of job updated: 431024
	367  -  MemoryUsage of job (MB)
	375312  -  ResidentSetSize of job (KB)
...
006 (3447442.001.000) 01/31 12:57:53 Image size of job updated: 431024
	367  -  MemoryUsage of job (MB)
	375324  -  ResidentSetSize of job (KB)
...
006 (3447442.001.000) 01/31 13:07:54 Image size of job updated: 431024
	367  -  MemoryUsage of job (MB)
	375336  -  ResidentSetSize of job (KB)
...
006 (3447442.001.000) 01/31 13:12:54 Image size of job updated: 431024
	367  -  MemoryUsage of job (MB)
	375340  -  ResidentSetSize of job (KB)
...
006 (3447442.001.000) 01/31 13:17:54 Image size of job updated: 431024
	367  -  MemoryUsage of job (MB)
	375380  -  ResidentSetSize of job (KB)
...
006 (3447442.001.000) 01/31 13:22:55 Image size of job updated: 431024
	367  -  MemoryUsage of job (MB)
	375388  -  ResidentSetSize of job (KB)
...
006 (3447442.001.000) 01/31 13:27:56 Image size of job updated: 431024
	367  -  MemoryUsage of job (MB)
	375404  -  ResidentSetSize of job (KB)
...
006 (3447442.001.000) 01/31 13:37:57 Image size of job updated: 431024
	367  -  MemoryUsage of job (MB)
	375428  -  ResidentSetSize of job (KB)
...
006 (3447442.001.000) 01/31 13:47:58 Image size of job updated: 431024
	367  -  MemoryUsage of job (MB)
	375464  -  ResidentSetSize of job (KB)
...
006 (3447442.001.000) 01/31 13:52:59 Image size of job updated: 431024
	367  -  MemoryUsage of job (MB)
	375480  -  ResidentSetSize of job (KB)
...
006 (3447442.001.000) 01/31 14:13:02 Image size of job updated: 431024
	367  -  MemoryUsage of job (MB)
	375520  -  ResidentSetSize of job (KB)
...
006 (3447442.001.000) 01/31 14:33:04 Image size of job updated: 431024
	367  -  MemoryUsage of job (MB)
	375528  -  ResidentSetSize of job (KB)
...
006 (3447442.001.000) 01/31 14:38:04 Image size of job updated: 431024
	367  -  MemoryUsage of job (MB)
	375568  -  ResidentSetSize of job (KB)
...
006 (3447442.001.000) 01/31 14:48:05 Image size of job updated: 431024
	367  -  MemoryUsage of job (MB)
	375576  -  ResidentSetSize of job (KB)
...
006 (3447442.001.000) 01/31 14:53:05 Image size of job updated: 431024
	367  -  MemoryUsage of job (MB)
	375604  -  ResidentSetSize of job (KB)
...
006 (3447442.001.000) 01/31 14:58:06 Image size of job updated: 431024
	367  -  MemoryUsage of job (MB)
	375612  -  ResidentSetSize of job (KB)
...
006 (3447442.001.000) 01/31 15:08:06 Image size of job updated: 431024
	367  -  MemoryUsage of job (MB)
	375644  -  ResidentSetSize of job (KB)
...
006 (3447442.001.000) 01/31 15:13:07 Image size of job updated: 431024
	367  -  MemoryUsage of job (MB)
	375664  -  ResidentSetSize of job (KB)
...
006 (3447442.001.000) 01/31 15:18:07 Image size of job updated: 431024
	367  -  MemoryUsage of job (MB)
	375680  -  ResidentSetSize of job (KB)
...
006 (3447442.001.000) 01/31 15:28:09 Image size of job updated: 431024
	367  -  MemoryUsage of job (MB)
	375708  -  ResidentSetSize of job (KB)
...
006 (3447442.001.000) 01/31 15:33:09 Image size of job updated: 431024
	367  -  MemoryUsage of job (MB)
	375728  -  ResidentSetSize of job (KB)
...
006 (3447442.001.000) 01/31 15:38:09 Image size of job updated: 431024
	367  -  MemoryUsage of job (MB)
	375748  -  ResidentSetSize of job (KB)
...
006 (3447442.001.000) 01/31 15:48:11 Image size of job updated: 431024
	367  -  MemoryUsage of job (MB)
	375768  -  ResidentSetSize of job (KB)
...
006 (3447442.001.000) 01/31 15:53:11 Image size of job updated: 431024
	367  -  MemoryUsage of job (MB)
	375788  -  ResidentSetSize of job (KB)
...
006 (3447442.001.000) 01/31 16:08:13 Image size of job updated: 431024
	368  -  MemoryUsage of job (MB)
	375816  -  ResidentSetSize of job (KB)
...
006 (3447442.001.000) 01/31 16:13:14 Image size of job updated: 431024
	368  -  MemoryUsage of job (MB)
	375828  -  ResidentSetSize of job (KB)
...
006 (3447442.001.000) 01/31 16:18:15 Image size of job updated: 431024
	368  -  MemoryUsage of job (MB)
	375864  -  ResidentSetSize of job (KB)
...
006 (3447442.001.000) 01/31 16:28:16 Image size of job updated: 431024
	368  -  MemoryUsage of job (MB)
	375928  -  ResidentSetSize of job (KB)
...
006 (3447442.001.000) 01/31 16:33:17 Image size of job updated: 431024
	368  -  MemoryUsage of job (MB)
	375960  -  ResidentSetSize of job (KB)
...
006 (3447442.001.000) 01/31 16:38:17 Image size of job updated: 431024
	368  -  MemoryUsage of job (MB)
	375968  -  ResidentSetSize of job (KB)
...
006 (3447442.001.000) 01/31 16:48:18 Image size of job updated: 431024
	368  -  MemoryUsage of job (MB)
	375984  -  ResidentSetSize of job (KB)
...
006 (3447442.001.000) 01/31 16:53:18 Image size of job updated: 431024
	368  -  MemoryUsage of job (MB)
	375996  -  ResidentSetSize of job (KB)
...
006 (3447442.001.000) 01/31 17:18:22 Image size of job updated: 431024
	368  -  MemoryUsage of job (MB)
	376004  -  ResidentSetSize of job (KB)
...
006 (3447442.001.000) 01/31 17:23:22 Image size of job updated: 431024
	368  -  MemoryUsage of job (MB)
	376016  -  ResidentSetSize of job (KB)
...
006 (3447442.001.000) 01/31 17:28:23 Image size of job updated: 431024
	368  -  MemoryUsage of job (MB)
	376032  -  ResidentSetSize of job (KB)
...
006 (3447442.001.000) 01/31 17:33:24 Image size of job updated: 431024
	368  -  MemoryUsage of job (MB)
	376060  -  ResidentSetSize of job (KB)
...
006 (3447442.001.000) 01/31 17:38:24 Image size of job updated: 431024
	368  -  MemoryUsage of job (MB)
	376096  -  ResidentSetSize of job (KB)
...
006 (3447442.001.000) 01/31 17:43:24 Image size of job updated: 431024
	368  -  MemoryUsage of job (MB)
	376216  -  ResidentSetSize of job (KB)
...
006 (3447442.001.000) 01/31 17:48:25 Image size of job updated: 431024
	368  -  MemoryUsage of job (MB)
	376248  -  ResidentSetSize of job (KB)
...
006 (3447442.001.000) 01/31 18:23:29 Image size of job updated: 431024
	368  -  MemoryUsage of job (MB)
	376276  -  ResidentSetSize of job (KB)
...
006 (3447442.001.000) 01/31 18:28:29 Image size of job updated: 431024
	368  -  MemoryUsage of job (MB)
	376288  -  ResidentSetSize of job (KB)
...
006 (3447442.001.000) 01/31 18:33:29 Image size of job updated: 431024
	368  -  MemoryUsage of job (MB)
	376308  -  ResidentSetSize of job (KB)
...
006 (3447442.001.000) 01/31 18:38:30 Image size of job updated: 431024
	368  -  MemoryUsage of job (MB)
	376312  -  ResidentSetSize of job (KB)
...
006 (3447442.001.000) 01/31 18:43:30 Image size of job updated: 431024
	368  -  MemoryUsage of job (MB)
	376336  -  ResidentSetSize of job (KB)
...
006 (3447442.001.000) 01/31 18:48:30 Image size of job updated: 431024
	368  -  MemoryUsage of job (MB)
	376376  -  ResidentSetSize of job (KB)
...
006 (3447442.001.000) 01/31 18:53:31 Image size of job updated: 431024
	368  -  MemoryUsage of job (MB)
	376408  -  ResidentSetSize of job (KB)
...
006 (3447442.001.000) 01/31 19:08:32 Image size of job updated: 431024
	368  -  MemoryUsage of job (MB)
	376432  -  ResidentSetSize of job (KB)
...
006 (3447442.001.000) 01/31 19:13:33 Image size of job updated: 431024
	368  -  MemoryUsage of job (MB)
	376464  -  ResidentSetSize of job (KB)
...
006 (3447442.001.000) 01/31 19:23:34 Image size of job updated: 431024
	368  -  MemoryUsage of job (MB)
	376484  -  ResidentSetSize of job (KB)
...
006 (3447442.001.000) 01/31 19:33:35 Image size of job updated: 431024
	368  -  MemoryUsage of job (MB)
	376512  -  ResidentSetSize of job (KB)
...
006 (3447442.001.000) 01/31 19:38:36 Image size of job updated: 431024
	368  -  MemoryUsage of job (MB)
	376524  -  ResidentSetSize of job (KB)
...
006 (3447442.001.000) 01/31 19:43:37 Image size of job updated: 431024
	368  -  MemoryUsage of job (MB)
	376528  -  ResidentSetSize of job (KB)
...
006 (3447442.001.000) 01/31 19:48:37 Image size of job updated: 431024
	368  -  MemoryUsage of job (MB)
	376552  -  ResidentSetSize of job (KB)
...
006 (3447442.001.000) 01/31 19:53:37 Image size of job updated: 431024
	368  -  MemoryUsage of job (MB)
	376576  -  ResidentSetSize of job (KB)
...
006 (3447442.001.000) 01/31 20:03:39 Image size of job updated: 431024
	368  -  MemoryUsage of job (MB)
	376588  -  ResidentSetSize of job (KB)
...
006 (3447442.001.000) 01/31 20:08:39 Image size of job updated: 431024
	368  -  MemoryUsage of job (MB)
	376604  -  ResidentSetSize of job (KB)
...
006 (3447442.001.000) 01/31 20:13:40 Image size of job updated: 431024
	368  -  MemoryUsage of job (MB)
	376620  -  ResidentSetSize of job (KB)
...
006 (3447442.001.000) 01/31 20:18:41 Image size of job updated: 431024
	368  -  MemoryUsage of job (MB)
	376632  -  ResidentSetSize of job (KB)
...
006 (3447442.001.000) 01/31 20:23:41 Image size of job updated: 431024
	368  -  MemoryUsage of job (MB)
	376636  -  ResidentSetSize of job (KB)
...
006 (3447442.001.000) 01/31 20:28:42 Image size of job updated: 431024
	368  -  MemoryUsage of job (MB)
	376660  -  ResidentSetSize of job (KB)
...
006 (3447442.001.000) 01/31 20:38:43 Image size of job updated: 431024
	368  -  MemoryUsage of job (MB)
	376720  -  ResidentSetSize of job (KB)
...
006 (3447442.001.000) 01/31 20:43:44 Image size of job updated: 431024
	368  -  MemoryUsage of job (MB)
	376744  -  ResidentSetSize of job (KB)
...
006 (3447442.001.000) 01/31 21:03:46 Image size of job updated: 431024
	368  -  MemoryUsage of job (MB)
	376756  -  ResidentSetSize of job (KB)
...
006 (3447442.001.000) 01/31 21:08:46 Image size of job updated: 431024
	368  -  MemoryUsage of job (MB)
	376800  -  ResidentSetSize of job (KB)
...
006 (3447442.001.000) 01/31 21:13:46 Image size of job updated: 431024
	368  -  MemoryUsage of job (MB)
	376824  -  ResidentSetSize of job (KB)
...
006 (3447442.001.000) 01/31 21:28:48 Image size of job updated: 431024
	368  -  MemoryUsage of job (MB)
	376828  -  ResidentSetSize of job (KB)
...
006 (3447442.001.000) 01/31 21:33:49 Image size of job updated: 431024
	369  -  MemoryUsage of job (MB)
	376848  -  ResidentSetSize of job (KB)
...
006 (3447442.001.000) 01/31 21:38:50 Image size of job updated: 431024
	369  -  MemoryUsage of job (MB)
	376852  -  ResidentSetSize of job (KB)
...
006 (3447442.001.000) 01/31 21:43:50 Image size of job updated: 431024
	369  -  MemoryUsage of job (MB)
	376868  -  ResidentSetSize of job (KB)
...
006 (3447442.001.000) 01/31 21:48:50 Image size of job updated: 431024
	369  -  MemoryUsage of job (MB)
	376884  -  ResidentSetSize of job (KB)
...
006 (3447442.001.000) 01/31 21:53:51 Image size of job updated: 431024
	369  -  MemoryUsage of job (MB)
	376908  -  ResidentSetSize of job (KB)
...
006 (3447442.001.000) 01/31 21:58:51 Image size of job updated: 431024
	369  -  MemoryUsage of job (MB)
	376920  -  ResidentSetSize of job (KB)
...
006 (3447442.001.000) 01/31 22:08:52 Image size of job updated: 431024
	369  -  MemoryUsage of job (MB)
	376944  -  ResidentSetSize of job (KB)
...
006 (3447442.001.000) 01/31 22:13:53 Image size of job updated: 431024
	369  -  MemoryUsage of job (MB)
	376956  -  ResidentSetSize of job (KB)
...
006 (3447442.001.000) 01/31 22:23:20 Image size of job updated: 431024
	369  -  MemoryUsage of job (MB)
	376964  -  ResidentSetSize of job (KB)
...
006 (3447442.001.000) 01/31 22:36:41 Image size of job updated: 431024
	369  -  MemoryUsage of job (MB)
	377028  -  ResidentSetSize of job (KB)
...
006 (3447442.001.000) 01/31 22:47:22 Image size of job updated: 431024
	369  -  MemoryUsage of job (MB)
	377052  -  ResidentSetSize of job (KB)
...
006 (3447442.001.000) 01/31 22:53:47 Image size of job updated: 431024
	369  -  MemoryUsage of job (MB)
	377056  -  ResidentSetSize of job (KB)
...
006 (3447442.001.000) 01/31 22:58:47 Image size of job updated: 431024
	369  -  MemoryUsage of job (MB)
	377120  -  ResidentSetSize of job (KB)
...
006 (3447442.001.000) 01/31 23:13:49 Image size of job updated: 431024
	369  -  MemoryUsage of job (MB)
	377156  -  ResidentSetSize of job (KB)
...
006 (3447442.001.000) 01/31 23:18:50 Image size of job updated: 431024
	369  -  MemoryUsage of job (MB)
	377164  -  ResidentSetSize of job (KB)
...
006 (3447442.001.000) 01/31 23:28:51 Image size of job updated: 431024
	369  -  MemoryUsage of job (MB)
	377172  -  ResidentSetSize of job (KB)
...
006 (3447442.001.000) 01/31 23:33:52 Image size of job updated: 431024
	369  -  MemoryUsage of job (MB)
	377192  -  ResidentSetSize of job (KB)
...
006 (3447442.001.000) 01/31 23:43:52 Image size of job updated: 431024
	369  -  MemoryUsage of job (MB)
	377228  -  ResidentSetSize of job (KB)
...
006 (3447442.001.000) 01/31 23:53:53 Image size of job updated: 431024
	369  -  MemoryUsage of job (MB)
	377252  -  ResidentSetSize of job (KB)
...
006 (3447442.001.000) 01/31 23:58:53 Image size of job updated: 431024
	369  -  MemoryUsage of job (MB)
	377292  -  ResidentSetSize of job (KB)
...
006 (3447442.001.000) 02/01 00:03:54 Image size of job updated: 431024
	369  -  MemoryUsage of job (MB)
	377308  -  ResidentSetSize of job (KB)
...
006 (3447442.001.000) 02/01 00:08:55 Image size of job updated: 431024
	369  -  MemoryUsage of job (MB)
	377320  -  ResidentSetSize of job (KB)
...
006 (3447442.001.000) 02/01 00:13:55 Image size of job updated: 431024
	369  -  MemoryUsage of job (MB)
	377356  -  ResidentSetSize of job (KB)
...
006 (3447442.001.000) 02/01 00:18:56 Image size of job updated: 431024
	369  -  MemoryUsage of job (MB)
	377412  -  ResidentSetSize of job (KB)
...
006 (3447442.001.000) 02/01 00:23:57 Image size of job updated: 431024
	369  -  MemoryUsage of job (MB)
	377424  -  ResidentSetSize of job (KB)
...
006 (3447442.001.000) 02/01 00:38:59 Image size of job updated: 431024
	369  -  MemoryUsage of job (MB)
	377432  -  ResidentSetSize of job (KB)
...
006 (3447442.001.000) 02/01 00:43:59 Image size of job updated: 431024
	369  -  MemoryUsage of job (MB)
	377440  -  ResidentSetSize of job (KB)
...
006 (3447442.001.000) 02/01 00:48:59 Image size of job updated: 431024
	369  -  MemoryUsage of job (MB)
	377468  -  ResidentSetSize of job (KB)
...
006 (3447442.001.000) 02/01 00:59:01 Image size of job updated: 431024
	369  -  MemoryUsage of job (MB)
	377508  -  ResidentSetSize of job (KB)
...
006 (3447442.001.000) 02/01 01:04:01 Image size of job updated: 431024
	369  -  MemoryUsage of job (MB)
	377512  -  ResidentSetSize of job (KB)
...
006 (3447442.001.000) 02/01 01:14:03 Image size of job updated: 431024
	369  -  MemoryUsage of job (MB)
	377524  -  ResidentSetSize of job (KB)
...
006 (3447442.001.000) 02/01 01:19:03 Image size of job updated: 431024
	369  -  MemoryUsage of job (MB)
	377540  -  ResidentSetSize of job (KB)
...
006 (3447442.001.000) 02/01 01:24:03 Image size of job updated: 431024
	369  -  MemoryUsage of job (MB)
	377556  -  ResidentSetSize of job (KB)
...
006 (3447442.001.000) 02/01 01:29:04 Image size of job updated: 431024
	369  -  MemoryUsage of job (MB)
	377580  -  ResidentSetSize of job (KB)
...
006 (3447442.001.000) 02/01 01:34:04 Image size of job updated: 431024
	369  -  MemoryUsage of job (MB)
	377604  -  ResidentSetSize of job (KB)
...
006 (3447442.001.000) 02/01 01:44:05 Image size of job updated: 431024
	369  -  MemoryUsage of job (MB)
	377640  -  ResidentSetSize of job (KB)
...
006 (3447442.001.000) 02/01 01:49:06 Image size of job updated: 431024
	369  -  MemoryUsage of job (MB)
	377644  -  ResidentSetSize of job (KB)
...
006 (3447442.001.000) 02/01 01:54:06 Image size of job updated: 431024
	369  -  MemoryUsage of job (MB)
	377648  -  ResidentSetSize of job (KB)
...
006 (3447442.001.000) 02/01 01:59:06 Image size of job updated: 431024
	369  -  MemoryUsage of job (MB)
	377652  -  ResidentSetSize of job (KB)
...
006 (3447442.001.000) 02/01 02:04:07 Image size of job updated: 431024
	369  -  MemoryUsage of job (MB)
	377688  -  ResidentSetSize of job (KB)
...
006 (3447442.001.000) 02/01 02:10:10 Image size of job updated: 431024
	369  -  MemoryUsage of job (MB)
	377700  -  ResidentSetSize of job (KB)
...
006 (3447442.001.000) 02/01 02:19:07 Image size of job updated: 431024
	369  -  MemoryUsage of job (MB)
	377728  -  ResidentSetSize of job (KB)
...
006 (3447442.001.000) 02/01 02:34:09 Image size of job updated: 431024
	369  -  MemoryUsage of job (MB)
	377816  -  ResidentSetSize of job (KB)
...
006 (3447442.001.000) 02/01 02:54:10 Image size of job updated: 431024
	369  -  MemoryUsage of job (MB)
	377844  -  ResidentSetSize of job (KB)
...
006 (3447442.001.000) 02/01 02:59:11 Image size of job updated: 431024
	369  -  MemoryUsage of job (MB)
	377856  -  ResidentSetSize of job (KB)
...
006 (3447442.001.000) 02/01 03:04:12 Image size of job updated: 431024
	370  -  MemoryUsage of job (MB)
	377860  -  ResidentSetSize of job (KB)
...
006 (3447442.001.000) 02/01 03:09:12 Image size of job updated: 431024
	370  -  MemoryUsage of job (MB)
	377884  -  ResidentSetSize of job (KB)
...
006 (3447442.001.000) 02/01 03:19:14 Image size of job updated: 431024
	370  -  MemoryUsage of job (MB)
	377912  -  ResidentSetSize of job (KB)
...
006 (3447442.001.000) 02/01 03:24:14 Image size of job updated: 431024
	370  -  MemoryUsage of job (MB)
	377936  -  ResidentSetSize of job (KB)
...
006 (3447442.001.000) 02/01 03:34:15 Image size of job updated: 431024
	370  -  MemoryUsage of job (MB)
	377956  -  ResidentSetSize of job (KB)
...
006 (3447442.001.000) 02/01 03:39:15 Image size of job updated: 431024
	370  -  MemoryUsage of job (MB)
	378000  -  ResidentSetSize of job (KB)
...
006 (3447442.001.000) 02/01 03:49:16 Image size of job updated: 431024
	370  -  MemoryUsage of job (MB)
	378020  -  ResidentSetSize of job (KB)
...
006 (3447442.001.000) 02/01 03:59:16 Image size of job updated: 431024
	370  -  MemoryUsage of job (MB)
	378068  -  ResidentSetSize of job (KB)
...
006 (3447442.001.000) 02/01 04:04:17 Image size of job updated: 431024
	370  -  MemoryUsage of job (MB)
	378104  -  ResidentSetSize of job (KB)
...
006 (3447442.001.000) 02/01 04:14:18 Image size of job updated: 431024
	370  -  MemoryUsage of job (MB)
	378108  -  ResidentSetSize of job (KB)
...
006 (3447442.001.000) 02/01 04:19:19 Image size of job updated: 431024
	370  -  MemoryUsage of job (MB)
	378132  -  ResidentSetSize of job (KB)
...
006 (3447442.001.000) 02/01 06:14:34 Image size of job updated: 431024
	370  -  MemoryUsage of job (MB)
	378164  -  ResidentSetSize of job (KB)
...
006 (3447442.001.000) 02/01 06:19:34 Image size of job updated: 431024
	370  -  MemoryUsage of job (MB)
	378168  -  ResidentSetSize of job (KB)
...
006 (3447442.001.000) 02/01 06:24:35 Image size of job updated: 431024
	370  -  MemoryUsage of job (MB)
	378208  -  ResidentSetSize of job (KB)
...
006 (3447442.001.000) 02/01 06:39:36 Image size of job updated: 431024
	370  -  MemoryUsage of job (MB)
	378228  -  ResidentSetSize of job (KB)
...
006 (3447442.001.000) 02/01 06:44:36 Image size of job updated: 431024
	370  -  MemoryUsage of job (MB)
	378232  -  ResidentSetSize of job (KB)
...
006 (3447442.001.000) 02/01 06:49:36 Image size of job updated: 431024
	370  -  MemoryUsage of job (MB)
	378252  -  ResidentSetSize of job (KB)
...
006 (3447442.001.000) 02/01 06:59:37 Image size of job updated: 431024
	370  -  MemoryUsage of job (MB)
	378268  -  ResidentSetSize of job (KB)
...
006 (3447442.001.000) 02/01 07:04:37 Image size of job updated: 431024
	370  -  MemoryUsage of job (MB)
	378284  -  ResidentSetSize of job (KB)
...
006 (3447442.001.000) 02/01 07:09:38 Image size of job updated: 431024
	370  -  MemoryUsage of job (MB)
	378320  -  ResidentSetSize of job (KB)
...
006 (3447442.001.000) 02/01 07:14:38 Image size of job updated: 431024
	370  -  MemoryUsage of job (MB)
	378340  -  ResidentSetSize of job (KB)
...
006 (3447442.001.000) 02/01 07:34:39 Image size of job updated: 431024
	370  -  MemoryUsage of job (MB)
	378368  -  ResidentSetSize of job (KB)
...
006 (3447442.001.000) 02/01 07:39:40 Image size of job updated: 431024
	370  -  MemoryUsage of job (MB)
	378384  -  ResidentSetSize of job (KB)
...
006 (3447442.001.000) 02/01 07:44:40 Image size of job updated: 431024
	370  -  MemoryUsage of job (MB)
	378408  -  ResidentSetSize of job (KB)
...
006 (3447442.001.000) 02/01 07:49:40 Image size of job updated: 431024
	370  -  MemoryUsage of job (MB)
	378468  -  ResidentSetSize of job (KB)
...
006 (3447442.001.000) 02/01 07:54:41 Image size of job updated: 431024
	370  -  MemoryUsage of job (MB)
	378476  -  ResidentSetSize of job (KB)
...
006 (3447442.001.000) 02/01 07:59:41 Image size of job updated: 431024
	370  -  MemoryUsage of job (MB)
	378488  -  ResidentSetSize of job (KB)
...
006 (3447442.001.000) 02/01 08:04:41 Image size of job updated: 431024
	370  -  MemoryUsage of job (MB)
	378492  -  ResidentSetSize of job (KB)
...
006 (3447442.001.000) 02/01 08:13:03 Image size of job updated: 431024
	370  -  MemoryUsage of job (MB)
	378512  -  ResidentSetSize of job (KB)
...
006 (3447442.001.000) 02/01 08:23:09 Image size of job updated: 431024
	370  -  MemoryUsage of job (MB)
	378544  -  ResidentSetSize of job (KB)
...
006 (3447442.001.000) 02/01 08:31:13 Image size of job updated: 431024
	370  -  MemoryUsage of job (MB)
	378568  -  ResidentSetSize of job (KB)
...
006 (3447442.001.000) 02/01 08:41:14 Image size of job updated: 431024
	370  -  MemoryUsage of job (MB)
	378572  -  ResidentSetSize of job (KB)
...
006 (3447442.001.000) 02/01 08:46:14 Image size of job updated: 431024
	370  -  MemoryUsage of job (MB)
	378628  -  ResidentSetSize of job (KB)
...
006 (3447442.001.000) 02/01 08:51:15 Image size of job updated: 431024
	370  -  MemoryUsage of job (MB)
	378636  -  ResidentSetSize of job (KB)
...
006 (3447442.001.000) 02/01 09:01:15 Image size of job updated: 431024
	370  -  MemoryUsage of job (MB)
	378648  -  ResidentSetSize of job (KB)
...
006 (3447442.001.000) 02/01 09:06:16 Image size of job updated: 431024
	370  -  MemoryUsage of job (MB)
	378668  -  ResidentSetSize of job (KB)
...
006 (3447442.001.000) 02/01 09:11:17 Image size of job updated: 431024
	370  -  MemoryUsage of job (MB)
	378720  -  ResidentSetSize of job (KB)
...
006 (3447442.001.000) 02/01 09:21:18 Image size of job updated: 431024
	370  -  MemoryUsage of job (MB)
	378760  -  ResidentSetSize of job (KB)
...
006 (3447442.001.000) 02/01 09:26:19 Image size of job updated: 431024
	370  -  MemoryUsage of job (MB)
	378776  -  ResidentSetSize of job (KB)
...
006 (3447442.001.000) 02/01 09:31:19 Image size of job updated: 431024
	370  -  MemoryUsage of job (MB)
	378780  -  ResidentSetSize of job (KB)
...
006 (3447442.001.000) 02/01 09:36:19 Image size of job updated: 431024
	370  -  MemoryUsage of job (MB)
	378792  -  ResidentSetSize of job (KB)
...
006 (3447442.001.000) 02/01 09:46:20 Image size of job updated: 431024
	370  -  MemoryUsage of job (MB)
	378824  -  ResidentSetSize of job (KB)
...
006 (3447442.001.000) 02/01 09:51:20 Image size of job updated: 431024
	370  -  MemoryUsage of job (MB)
	378844  -  ResidentSetSize of job (KB)
...
006 (3447442.001.000) 02/01 10:01:22 Image size of job updated: 431024
	370  -  MemoryUsage of job (MB)
	378864  -  ResidentSetSize of job (KB)
...
006 (3447442.001.000) 02/01 10:06:22 Image size of job updated: 431024
	371  -  MemoryUsage of job (MB)
	379104  -  ResidentSetSize of job (KB)
...
006 (3447442.001.000) 02/01 10:11:24 Image size of job updated: 431024
	371  -  MemoryUsage of job (MB)
	379868  -  ResidentSetSize of job (KB)
...
006 (3447442.001.000) 02/01 10:12:47 Image size of job updated: 1223412
	371  -  MemoryUsage of job (MB)
	379868  -  ResidentSetSize of job (KB)
...
040 (3447442.001.000) 02/01 10:12:53 Entered queue to transfer output files
...
040 (3447442.001.000) 02/01 10:12:54 Started transferring output files
...
040 (3447442.001.000) 02/01 10:12:54 Finished transferring output files
...
005 (3447442.001.000) 02/01 10:12:55 Job terminated.
	(1) Normal termination (return value 0)
		Usr 2 01:34:35, Sys 0 00:02:57  -  Run Remote Usage
		Usr 0 00:00:00, Sys 0 00:00:00  -  Run Local Usage
		Usr 2 01:34:35, Sys 0 00:02:57  -  Total Remote Usage
		Usr 0 00:00:00, Sys 0 00:00:00  -  Total Local Usage
	34711  -  Run Bytes Sent By Job
	493  -  Run Bytes Received By Job
	34711  -  Total Bytes Sent By Job
	493  -  Total Bytes Received By Job
	Partitionable Resources :    Usage  Request Allocated 
	   Cpus                 :                 1           
	   Disk (KB)            :       48        1   2841527 
	   Memory (MB)          :      371     2000      2000 
...
