000 (3444396.011.000) 01/29 18:50:48 Job submitted from host: <188.185.71.142:9618?addrs=188.185.71.142-9618+[2001-1458-d00-7--100-388]-9618&alias=bigbird09.cern.ch&noUDP&sock=schedd_2208_1533_7>
...
040 (3444396.011.000) 01/29 20:53:59 Started transferring input files
	Transferring to host: <188.184.138.68:9618?addrs=188.184.138.68-9618+[2001-1458-301-45--100-71]-9618&noUDP&sock=1189_8209_195172>
...
040 (3444396.011.000) 01/29 20:53:59 Finished transferring input files
...
001 (3444396.011.000) 01/29 20:54:00 Job executing on host: <188.184.138.68:9618?addrs=188.184.138.68-9618+[2001-1458-301-45--100-71]-9618&noUDP&sock=5610_9265_3>
...
006 (3444396.011.000) 01/29 20:54:08 Image size of job updated: 1464
	2  -  MemoryUsage of job (MB)
	1464  -  ResidentSetSize of job (KB)
...
006 (3444396.011.000) 01/29 20:59:08 Image size of job updated: 429200
	347  -  MemoryUsage of job (MB)
	354616  -  ResidentSetSize of job (KB)
...
006 (3444396.011.000) 01/29 21:04:09 Image size of job updated: 437304
	355  -  MemoryUsage of job (MB)
	362564  -  ResidentSetSize of job (KB)
...
006 (3444396.011.000) 01/29 21:09:10 Image size of job updated: 437332
	355  -  MemoryUsage of job (MB)
	362592  -  ResidentSetSize of job (KB)
...
006 (3444396.011.000) 01/29 21:14:10 Image size of job updated: 437344
	355  -  MemoryUsage of job (MB)
	362604  -  ResidentSetSize of job (KB)
...
006 (3444396.011.000) 01/29 21:19:10 Image size of job updated: 437364
	355  -  MemoryUsage of job (MB)
	362624  -  ResidentSetSize of job (KB)
...
006 (3444396.011.000) 01/29 21:24:11 Image size of job updated: 437412
	355  -  MemoryUsage of job (MB)
	362672  -  ResidentSetSize of job (KB)
...
006 (3444396.011.000) 01/29 21:29:11 Image size of job updated: 437460
	355  -  MemoryUsage of job (MB)
	362720  -  ResidentSetSize of job (KB)
...
006 (3444396.011.000) 01/29 21:34:11 Image size of job updated: 437464
	355  -  MemoryUsage of job (MB)
	362724  -  ResidentSetSize of job (KB)
...
006 (3444396.011.000) 01/29 21:39:12 Image size of job updated: 437480
	355  -  MemoryUsage of job (MB)
	362740  -  ResidentSetSize of job (KB)
...
006 (3444396.011.000) 01/29 21:49:12 Image size of job updated: 437484
	355  -  MemoryUsage of job (MB)
	362744  -  ResidentSetSize of job (KB)
...
006 (3444396.011.000) 01/29 21:54:13 Image size of job updated: 437500
	355  -  MemoryUsage of job (MB)
	362760  -  ResidentSetSize of job (KB)
...
006 (3444396.011.000) 01/29 21:59:13 Image size of job updated: 437508
	355  -  MemoryUsage of job (MB)
	362768  -  ResidentSetSize of job (KB)
...
006 (3444396.011.000) 01/29 22:09:15 Image size of job updated: 437508
	355  -  MemoryUsage of job (MB)
	362772  -  ResidentSetSize of job (KB)
...
006 (3444396.011.000) 01/29 22:14:15 Image size of job updated: 437508
	355  -  MemoryUsage of job (MB)
	362804  -  ResidentSetSize of job (KB)
...
006 (3444396.011.000) 01/30 01:44:41 Image size of job updated: 437508
	355  -  MemoryUsage of job (MB)
	362808  -  ResidentSetSize of job (KB)
...
006 (3444396.011.000) 01/30 02:19:45 Image size of job updated: 437508
	355  -  MemoryUsage of job (MB)
	362856  -  ResidentSetSize of job (KB)
...
006 (3444396.011.000) 01/30 02:24:45 Image size of job updated: 437508
	355  -  MemoryUsage of job (MB)
	362976  -  ResidentSetSize of job (KB)
...
006 (3444396.011.000) 01/30 02:29:45 Image size of job updated: 437508
	355  -  MemoryUsage of job (MB)
	362988  -  ResidentSetSize of job (KB)
...
006 (3444396.011.000) 01/30 02:34:46 Image size of job updated: 437508
	355  -  MemoryUsage of job (MB)
	363212  -  ResidentSetSize of job (KB)
...
006 (3444396.011.000) 01/30 03:34:53 Image size of job updated: 437508
	355  -  MemoryUsage of job (MB)
	363364  -  ResidentSetSize of job (KB)
...
006 (3444396.011.000) 01/30 03:39:53 Image size of job updated: 437508
	355  -  MemoryUsage of job (MB)
	363440  -  ResidentSetSize of job (KB)
...
006 (3444396.011.000) 01/30 03:44:55 Image size of job updated: 437508
	355  -  MemoryUsage of job (MB)
	363464  -  ResidentSetSize of job (KB)
...
006 (3444396.011.000) 01/30 03:49:55 Image size of job updated: 437508
	356  -  MemoryUsage of job (MB)
	363596  -  ResidentSetSize of job (KB)
...
006 (3444396.011.000) 01/30 03:54:55 Image size of job updated: 437508
	356  -  MemoryUsage of job (MB)
	363604  -  ResidentSetSize of job (KB)
...
006 (3444396.011.000) 01/30 03:59:56 Image size of job updated: 437508
	356  -  MemoryUsage of job (MB)
	363672  -  ResidentSetSize of job (KB)
...
006 (3444396.011.000) 01/30 04:04:57 Image size of job updated: 437508
	356  -  MemoryUsage of job (MB)
	363816  -  ResidentSetSize of job (KB)
...
006 (3444396.011.000) 01/30 04:09:57 Image size of job updated: 437508
	356  -  MemoryUsage of job (MB)
	363844  -  ResidentSetSize of job (KB)
...
006 (3444396.011.000) 01/30 04:14:57 Image size of job updated: 437508
	356  -  MemoryUsage of job (MB)
	364036  -  ResidentSetSize of job (KB)
...
006 (3444396.011.000) 01/30 04:19:58 Image size of job updated: 437508
	356  -  MemoryUsage of job (MB)
	364100  -  ResidentSetSize of job (KB)
...
006 (3444396.011.000) 01/30 04:24:58 Image size of job updated: 437508
	356  -  MemoryUsage of job (MB)
	364204  -  ResidentSetSize of job (KB)
...
006 (3444396.011.000) 01/30 04:29:58 Image size of job updated: 437508
	356  -  MemoryUsage of job (MB)
	364288  -  ResidentSetSize of job (KB)
...
006 (3444396.011.000) 01/30 04:34:59 Image size of job updated: 437508
	356  -  MemoryUsage of job (MB)
	364324  -  ResidentSetSize of job (KB)
...
006 (3444396.011.000) 01/30 04:40:00 Image size of job updated: 437508
	356  -  MemoryUsage of job (MB)
	364380  -  ResidentSetSize of job (KB)
...
006 (3444396.011.000) 01/30 04:45:00 Image size of job updated: 437508
	356  -  MemoryUsage of job (MB)
	364432  -  ResidentSetSize of job (KB)
...
006 (3444396.011.000) 01/30 04:50:01 Image size of job updated: 437508
	357  -  MemoryUsage of job (MB)
	364572  -  ResidentSetSize of job (KB)
...
006 (3444396.011.000) 01/30 04:55:02 Image size of job updated: 437508
	357  -  MemoryUsage of job (MB)
	364624  -  ResidentSetSize of job (KB)
...
006 (3444396.011.000) 01/30 05:00:02 Image size of job updated: 437508
	357  -  MemoryUsage of job (MB)
	364756  -  ResidentSetSize of job (KB)
...
006 (3444396.011.000) 01/30 05:05:03 Image size of job updated: 437508
	357  -  MemoryUsage of job (MB)
	364796  -  ResidentSetSize of job (KB)
...
006 (3444396.011.000) 01/30 05:10:04 Image size of job updated: 437508
	357  -  MemoryUsage of job (MB)
	364896  -  ResidentSetSize of job (KB)
...
006 (3444396.011.000) 01/30 05:15:04 Image size of job updated: 437508
	357  -  MemoryUsage of job (MB)
	364932  -  ResidentSetSize of job (KB)
...
006 (3444396.011.000) 01/30 05:20:05 Image size of job updated: 437508
	357  -  MemoryUsage of job (MB)
	364944  -  ResidentSetSize of job (KB)
...
006 (3444396.011.000) 01/30 05:25:06 Image size of job updated: 437508
	357  -  MemoryUsage of job (MB)
	365156  -  ResidentSetSize of job (KB)
...
006 (3444396.011.000) 01/30 05:35:07 Image size of job updated: 437508
	357  -  MemoryUsage of job (MB)
	365260  -  ResidentSetSize of job (KB)
...
006 (3444396.011.000) 01/30 05:40:08 Image size of job updated: 437508
	357  -  MemoryUsage of job (MB)
	365324  -  ResidentSetSize of job (KB)
...
006 (3444396.011.000) 01/30 05:45:08 Image size of job updated: 437508
	357  -  MemoryUsage of job (MB)
	365328  -  ResidentSetSize of job (KB)
...
006 (3444396.011.000) 01/30 05:50:08 Image size of job updated: 437508
	357  -  MemoryUsage of job (MB)
	365424  -  ResidentSetSize of job (KB)
...
006 (3444396.011.000) 01/30 05:55:09 Image size of job updated: 437508
	357  -  MemoryUsage of job (MB)
	365560  -  ResidentSetSize of job (KB)
...
006 (3444396.011.000) 01/30 06:00:09 Image size of job updated: 437508
	358  -  MemoryUsage of job (MB)
	365660  -  ResidentSetSize of job (KB)
...
006 (3444396.011.000) 01/30 06:05:09 Image size of job updated: 437508
	358  -  MemoryUsage of job (MB)
	365732  -  ResidentSetSize of job (KB)
...
006 (3444396.011.000) 01/30 06:10:11 Image size of job updated: 437508
	358  -  MemoryUsage of job (MB)
	365824  -  ResidentSetSize of job (KB)
...
006 (3444396.011.000) 01/30 06:15:11 Image size of job updated: 437508
	358  -  MemoryUsage of job (MB)
	365856  -  ResidentSetSize of job (KB)
...
006 (3444396.011.000) 01/30 06:20:11 Image size of job updated: 437508
	358  -  MemoryUsage of job (MB)
	365944  -  ResidentSetSize of job (KB)
...
006 (3444396.011.000) 01/30 06:25:12 Image size of job updated: 437508
	358  -  MemoryUsage of job (MB)
	366108  -  ResidentSetSize of job (KB)
...
006 (3444396.011.000) 01/30 06:30:13 Image size of job updated: 437508
	358  -  MemoryUsage of job (MB)
	366196  -  ResidentSetSize of job (KB)
...
006 (3444396.011.000) 01/30 06:35:13 Image size of job updated: 437508
	358  -  MemoryUsage of job (MB)
	366204  -  ResidentSetSize of job (KB)
...
006 (3444396.011.000) 01/30 06:40:14 Image size of job updated: 437508
	358  -  MemoryUsage of job (MB)
	366312  -  ResidentSetSize of job (KB)
...
006 (3444396.011.000) 01/30 06:45:15 Image size of job updated: 437508
	358  -  MemoryUsage of job (MB)
	366464  -  ResidentSetSize of job (KB)
...
006 (3444396.011.000) 01/30 06:50:15 Image size of job updated: 437508
	358  -  MemoryUsage of job (MB)
	366484  -  ResidentSetSize of job (KB)
...
006 (3444396.011.000) 01/30 06:55:15 Image size of job updated: 437508
	358  -  MemoryUsage of job (MB)
	366556  -  ResidentSetSize of job (KB)
...
006 (3444396.011.000) 01/30 07:00:16 Image size of job updated: 437508
	359  -  MemoryUsage of job (MB)
	366644  -  ResidentSetSize of job (KB)
...
006 (3444396.011.000) 01/30 07:05:16 Image size of job updated: 437508
	360  -  MemoryUsage of job (MB)
	367788  -  ResidentSetSize of job (KB)
...
006 (3444396.011.000) 01/30 07:10:16 Image size of job updated: 437508
	361  -  MemoryUsage of job (MB)
	369100  -  ResidentSetSize of job (KB)
...
006 (3444396.011.000) 01/30 07:15:17 Image size of job updated: 437508
	361  -  MemoryUsage of job (MB)
	369156  -  ResidentSetSize of job (KB)
...
006 (3444396.011.000) 01/30 07:20:18 Image size of job updated: 437508
	361  -  MemoryUsage of job (MB)
	369188  -  ResidentSetSize of job (KB)
...
006 (3444396.011.000) 01/30 07:25:18 Image size of job updated: 437508
	361  -  MemoryUsage of job (MB)
	369228  -  ResidentSetSize of job (KB)
...
006 (3444396.011.000) 01/30 07:30:19 Image size of job updated: 437508
	361  -  MemoryUsage of job (MB)
	369256  -  ResidentSetSize of job (KB)
...
006 (3444396.011.000) 01/30 07:35:20 Image size of job updated: 437508
	361  -  MemoryUsage of job (MB)
	369336  -  ResidentSetSize of job (KB)
...
006 (3444396.011.000) 01/30 07:45:20 Image size of job updated: 437508
	361  -  MemoryUsage of job (MB)
	369384  -  ResidentSetSize of job (KB)
...
006 (3444396.011.000) 01/30 07:50:21 Image size of job updated: 437508
	361  -  MemoryUsage of job (MB)
	369472  -  ResidentSetSize of job (KB)
...
006 (3444396.011.000) 01/30 07:55:22 Image size of job updated: 437508
	361  -  MemoryUsage of job (MB)
	369524  -  ResidentSetSize of job (KB)
...
006 (3444396.011.000) 01/30 08:00:22 Image size of job updated: 437508
	361  -  MemoryUsage of job (MB)
	369576  -  ResidentSetSize of job (KB)
...
006 (3444396.011.000) 01/30 08:05:23 Image size of job updated: 437508
	361  -  MemoryUsage of job (MB)
	369652  -  ResidentSetSize of job (KB)
...
006 (3444396.011.000) 01/30 08:10:24 Image size of job updated: 437508
	362  -  MemoryUsage of job (MB)
	369688  -  ResidentSetSize of job (KB)
...
006 (3444396.011.000) 01/30 08:15:24 Image size of job updated: 437508
	362  -  MemoryUsage of job (MB)
	369800  -  ResidentSetSize of job (KB)
...
006 (3444396.011.000) 01/30 08:30:25 Image size of job updated: 437508
	362  -  MemoryUsage of job (MB)
	369928  -  ResidentSetSize of job (KB)
...
006 (3444396.011.000) 01/30 08:35:25 Image size of job updated: 437508
	362  -  MemoryUsage of job (MB)
	369996  -  ResidentSetSize of job (KB)
...
006 (3444396.011.000) 01/30 08:40:26 Image size of job updated: 437508
	362  -  MemoryUsage of job (MB)
	370004  -  ResidentSetSize of job (KB)
...
006 (3444396.011.000) 01/30 08:45:27 Image size of job updated: 437508
	362  -  MemoryUsage of job (MB)
	370052  -  ResidentSetSize of job (KB)
...
006 (3444396.011.000) 01/30 08:50:27 Image size of job updated: 437508
	362  -  MemoryUsage of job (MB)
	370096  -  ResidentSetSize of job (KB)
...
006 (3444396.011.000) 01/30 08:55:28 Image size of job updated: 437508
	362  -  MemoryUsage of job (MB)
	370116  -  ResidentSetSize of job (KB)
...
006 (3444396.011.000) 01/30 09:00:29 Image size of job updated: 437508
	362  -  MemoryUsage of job (MB)
	370144  -  ResidentSetSize of job (KB)
...
006 (3444396.011.000) 01/30 09:05:29 Image size of job updated: 437508
	362  -  MemoryUsage of job (MB)
	370208  -  ResidentSetSize of job (KB)
...
006 (3444396.011.000) 01/30 09:10:29 Image size of job updated: 437508
	362  -  MemoryUsage of job (MB)
	370264  -  ResidentSetSize of job (KB)
...
006 (3444396.011.000) 01/30 09:15:30 Image size of job updated: 437508
	362  -  MemoryUsage of job (MB)
	370284  -  ResidentSetSize of job (KB)
...
006 (3444396.011.000) 01/30 09:20:30 Image size of job updated: 437508
	362  -  MemoryUsage of job (MB)
	370340  -  ResidentSetSize of job (KB)
...
006 (3444396.011.000) 01/30 09:25:30 Image size of job updated: 437508
	362  -  MemoryUsage of job (MB)
	370380  -  ResidentSetSize of job (KB)
...
006 (3444396.011.000) 01/30 09:30:31 Image size of job updated: 437508
	362  -  MemoryUsage of job (MB)
	370404  -  ResidentSetSize of job (KB)
...
006 (3444396.011.000) 01/30 09:35:32 Image size of job updated: 437508
	362  -  MemoryUsage of job (MB)
	370452  -  ResidentSetSize of job (KB)
...
006 (3444396.011.000) 01/30 09:40:32 Image size of job updated: 437508
	362  -  MemoryUsage of job (MB)
	370484  -  ResidentSetSize of job (KB)
...
006 (3444396.011.000) 01/30 09:50:33 Image size of job updated: 437508
	362  -  MemoryUsage of job (MB)
	370588  -  ResidentSetSize of job (KB)
...
006 (3444396.011.000) 01/30 09:55:33 Image size of job updated: 437508
	362  -  MemoryUsage of job (MB)
	370636  -  ResidentSetSize of job (KB)
...
006 (3444396.011.000) 01/30 10:05:34 Image size of job updated: 437508
	363  -  MemoryUsage of job (MB)
	370728  -  ResidentSetSize of job (KB)
...
006 (3444396.011.000) 01/30 10:10:35 Image size of job updated: 437508
	363  -  MemoryUsage of job (MB)
	370788  -  ResidentSetSize of job (KB)
...
006 (3444396.011.000) 01/30 10:15:35 Image size of job updated: 437508
	363  -  MemoryUsage of job (MB)
	370792  -  ResidentSetSize of job (KB)
...
006 (3444396.011.000) 01/30 10:20:36 Image size of job updated: 437508
	363  -  MemoryUsage of job (MB)
	370876  -  ResidentSetSize of job (KB)
...
006 (3444396.011.000) 01/30 10:25:37 Image size of job updated: 437508
	363  -  MemoryUsage of job (MB)
	370904  -  ResidentSetSize of job (KB)
...
006 (3444396.011.000) 01/30 10:30:37 Image size of job updated: 437508
	363  -  MemoryUsage of job (MB)
	370984  -  ResidentSetSize of job (KB)
...
006 (3444396.011.000) 01/30 10:35:37 Image size of job updated: 437508
	363  -  MemoryUsage of job (MB)
	371004  -  ResidentSetSize of job (KB)
...
006 (3444396.011.000) 01/30 10:40:38 Image size of job updated: 437508
	363  -  MemoryUsage of job (MB)
	371080  -  ResidentSetSize of job (KB)
...
006 (3444396.011.000) 01/30 10:45:39 Image size of job updated: 437508
	363  -  MemoryUsage of job (MB)
	371132  -  ResidentSetSize of job (KB)
...
006 (3444396.011.000) 01/30 10:50:39 Image size of job updated: 437508
	363  -  MemoryUsage of job (MB)
	371144  -  ResidentSetSize of job (KB)
...
006 (3444396.011.000) 01/30 10:55:40 Image size of job updated: 437508
	363  -  MemoryUsage of job (MB)
	371224  -  ResidentSetSize of job (KB)
...
006 (3444396.011.000) 01/30 11:00:41 Image size of job updated: 437508
	363  -  MemoryUsage of job (MB)
	371232  -  ResidentSetSize of job (KB)
...
006 (3444396.011.000) 01/30 11:05:41 Image size of job updated: 437508
	363  -  MemoryUsage of job (MB)
	371292  -  ResidentSetSize of job (KB)
...
006 (3444396.011.000) 01/30 11:10:42 Image size of job updated: 437508
	363  -  MemoryUsage of job (MB)
	371320  -  ResidentSetSize of job (KB)
...
006 (3444396.011.000) 01/30 11:15:43 Image size of job updated: 437508
	363  -  MemoryUsage of job (MB)
	371384  -  ResidentSetSize of job (KB)
...
006 (3444396.011.000) 01/30 11:20:43 Image size of job updated: 437508
	363  -  MemoryUsage of job (MB)
	371404  -  ResidentSetSize of job (KB)
...
006 (3444396.011.000) 01/30 11:25:43 Image size of job updated: 437508
	363  -  MemoryUsage of job (MB)
	371452  -  ResidentSetSize of job (KB)
...
006 (3444396.011.000) 01/30 11:30:44 Image size of job updated: 437508
	363  -  MemoryUsage of job (MB)
	371492  -  ResidentSetSize of job (KB)
...
006 (3444396.011.000) 01/30 11:35:45 Image size of job updated: 437508
	363  -  MemoryUsage of job (MB)
	371528  -  ResidentSetSize of job (KB)
...
006 (3444396.011.000) 01/30 11:40:45 Image size of job updated: 437508
	363  -  MemoryUsage of job (MB)
	371616  -  ResidentSetSize of job (KB)
...
006 (3444396.011.000) 01/30 11:45:46 Image size of job updated: 437508
	363  -  MemoryUsage of job (MB)
	371644  -  ResidentSetSize of job (KB)
...
006 (3444396.011.000) 01/30 11:50:47 Image size of job updated: 437508
	364  -  MemoryUsage of job (MB)
	371720  -  ResidentSetSize of job (KB)
...
006 (3444396.011.000) 01/30 11:55:47 Image size of job updated: 437508
	364  -  MemoryUsage of job (MB)
	371740  -  ResidentSetSize of job (KB)
...
006 (3444396.011.000) 01/30 12:00:47 Image size of job updated: 437508
	364  -  MemoryUsage of job (MB)
	371820  -  ResidentSetSize of job (KB)
...
006 (3444396.011.000) 01/30 12:05:48 Image size of job updated: 437508
	364  -  MemoryUsage of job (MB)
	371864  -  ResidentSetSize of job (KB)
...
006 (3444396.011.000) 01/30 12:10:49 Image size of job updated: 437508
	364  -  MemoryUsage of job (MB)
	371904  -  ResidentSetSize of job (KB)
...
006 (3444396.011.000) 01/30 12:15:49 Image size of job updated: 437508
	364  -  MemoryUsage of job (MB)
	371952  -  ResidentSetSize of job (KB)
...
006 (3444396.011.000) 01/30 12:25:50 Image size of job updated: 437508
	364  -  MemoryUsage of job (MB)
	372072  -  ResidentSetSize of job (KB)
...
006 (3444396.011.000) 01/30 12:30:50 Image size of job updated: 437508
	364  -  MemoryUsage of job (MB)
	372112  -  ResidentSetSize of job (KB)
...
006 (3444396.011.000) 01/30 12:35:50 Image size of job updated: 437508
	364  -  MemoryUsage of job (MB)
	372132  -  ResidentSetSize of job (KB)
...
006 (3444396.011.000) 01/30 12:40:51 Image size of job updated: 437508
	364  -  MemoryUsage of job (MB)
	372188  -  ResidentSetSize of job (KB)
...
006 (3444396.011.000) 01/30 12:45:52 Image size of job updated: 437508
	364  -  MemoryUsage of job (MB)
	372212  -  ResidentSetSize of job (KB)
...
006 (3444396.011.000) 01/30 12:50:52 Image size of job updated: 437508
	364  -  MemoryUsage of job (MB)
	372264  -  ResidentSetSize of job (KB)
...
006 (3444396.011.000) 01/30 12:55:52 Image size of job updated: 437508
	364  -  MemoryUsage of job (MB)
	372304  -  ResidentSetSize of job (KB)
...
006 (3444396.011.000) 01/30 13:00:53 Image size of job updated: 437508
	364  -  MemoryUsage of job (MB)
	372352  -  ResidentSetSize of job (KB)
...
006 (3444396.011.000) 01/30 13:05:54 Image size of job updated: 437508
	364  -  MemoryUsage of job (MB)
	372376  -  ResidentSetSize of job (KB)
...
006 (3444396.011.000) 01/30 13:10:54 Image size of job updated: 437508
	364  -  MemoryUsage of job (MB)
	372408  -  ResidentSetSize of job (KB)
...
006 (3444396.011.000) 01/30 13:15:55 Image size of job updated: 437508
	364  -  MemoryUsage of job (MB)
	372440  -  ResidentSetSize of job (KB)
...
006 (3444396.011.000) 01/30 13:20:56 Image size of job updated: 437508
	364  -  MemoryUsage of job (MB)
	372516  -  ResidentSetSize of job (KB)
...
006 (3444396.011.000) 01/30 13:25:56 Image size of job updated: 437508
	364  -  MemoryUsage of job (MB)
	372604  -  ResidentSetSize of job (KB)
...
006 (3444396.011.000) 01/30 13:30:57 Image size of job updated: 437508
	364  -  MemoryUsage of job (MB)
	372656  -  ResidentSetSize of job (KB)
...
006 (3444396.011.000) 01/30 13:35:58 Image size of job updated: 437508
	364  -  MemoryUsage of job (MB)
	372700  -  ResidentSetSize of job (KB)
...
006 (3444396.011.000) 01/30 13:40:58 Image size of job updated: 437508
	365  -  MemoryUsage of job (MB)
	372768  -  ResidentSetSize of job (KB)
...
006 (3444396.011.000) 01/30 13:50:59 Image size of job updated: 437508
	365  -  MemoryUsage of job (MB)
	372884  -  ResidentSetSize of job (KB)
...
006 (3444396.011.000) 01/30 13:56:00 Image size of job updated: 437508
	365  -  MemoryUsage of job (MB)
	372912  -  ResidentSetSize of job (KB)
...
006 (3444396.011.000) 01/30 14:01:00 Image size of job updated: 437508
	365  -  MemoryUsage of job (MB)
	372988  -  ResidentSetSize of job (KB)
...
006 (3444396.011.000) 01/30 14:11:02 Image size of job updated: 437508
	365  -  MemoryUsage of job (MB)
	373052  -  ResidentSetSize of job (KB)
...
006 (3444396.011.000) 01/30 14:16:02 Image size of job updated: 437508
	365  -  MemoryUsage of job (MB)
	373108  -  ResidentSetSize of job (KB)
...
006 (3444396.011.000) 01/30 14:21:02 Image size of job updated: 437508
	365  -  MemoryUsage of job (MB)
	373156  -  ResidentSetSize of job (KB)
...
006 (3444396.011.000) 01/30 14:26:03 Image size of job updated: 437508
	365  -  MemoryUsage of job (MB)
	373160  -  ResidentSetSize of job (KB)
...
006 (3444396.011.000) 01/30 14:31:03 Image size of job updated: 437508
	365  -  MemoryUsage of job (MB)
	373244  -  ResidentSetSize of job (KB)
...
006 (3444396.011.000) 01/30 14:36:03 Image size of job updated: 437508
	365  -  MemoryUsage of job (MB)
	373272  -  ResidentSetSize of job (KB)
...
006 (3444396.011.000) 01/30 14:41:04 Image size of job updated: 437508
	365  -  MemoryUsage of job (MB)
	373296  -  ResidentSetSize of job (KB)
...
006 (3444396.011.000) 01/30 14:46:05 Image size of job updated: 437508
	365  -  MemoryUsage of job (MB)
	373440  -  ResidentSetSize of job (KB)
...
006 (3444396.011.000) 01/30 14:56:06 Image size of job updated: 437508
	365  -  MemoryUsage of job (MB)
	373500  -  ResidentSetSize of job (KB)
...
006 (3444396.011.000) 01/30 15:01:07 Image size of job updated: 437508
	365  -  MemoryUsage of job (MB)
	373536  -  ResidentSetSize of job (KB)
...
006 (3444396.011.000) 01/30 15:06:07 Image size of job updated: 437508
	365  -  MemoryUsage of job (MB)
	373540  -  ResidentSetSize of job (KB)
...
006 (3444396.011.000) 01/30 15:11:07 Image size of job updated: 437508
	365  -  MemoryUsage of job (MB)
	373544  -  ResidentSetSize of job (KB)
...
006 (3444396.011.000) 01/30 15:16:08 Image size of job updated: 437508
	365  -  MemoryUsage of job (MB)
	373564  -  ResidentSetSize of job (KB)
...
006 (3444396.011.000) 01/30 15:41:10 Image size of job updated: 437508
	365  -  MemoryUsage of job (MB)
	373612  -  ResidentSetSize of job (KB)
...
006 (3444396.011.000) 01/30 15:46:11 Image size of job updated: 437508
	365  -  MemoryUsage of job (MB)
	373640  -  ResidentSetSize of job (KB)
...
006 (3444396.011.000) 01/30 15:51:12 Image size of job updated: 437508
	365  -  MemoryUsage of job (MB)
	373712  -  ResidentSetSize of job (KB)
...
006 (3444396.011.000) 01/30 16:01:13 Image size of job updated: 437508
	366  -  MemoryUsage of job (MB)
	373856  -  ResidentSetSize of job (KB)
...
006 (3444396.011.000) 01/30 16:09:22 Image size of job updated: 437508
	366  -  MemoryUsage of job (MB)
	373908  -  ResidentSetSize of job (KB)
...
006 (3444396.011.000) 01/30 16:18:46 Image size of job updated: 437508
	366  -  MemoryUsage of job (MB)
	373924  -  ResidentSetSize of job (KB)
...
006 (3444396.011.000) 01/30 16:26:18 Image size of job updated: 437508
	366  -  MemoryUsage of job (MB)
	373948  -  ResidentSetSize of job (KB)
...
006 (3444396.011.000) 01/30 16:36:18 Image size of job updated: 437508
	366  -  MemoryUsage of job (MB)
	373956  -  ResidentSetSize of job (KB)
...
006 (3444396.011.000) 01/30 16:41:20 Image size of job updated: 437508
	366  -  MemoryUsage of job (MB)
	373988  -  ResidentSetSize of job (KB)
...
006 (3444396.011.000) 01/30 16:46:20 Image size of job updated: 437508
	366  -  MemoryUsage of job (MB)
	374012  -  ResidentSetSize of job (KB)
...
006 (3444396.011.000) 01/30 17:01:22 Image size of job updated: 437508
	366  -  MemoryUsage of job (MB)
	374028  -  ResidentSetSize of job (KB)
...
006 (3444396.011.000) 01/30 17:06:22 Image size of job updated: 437508
	366  -  MemoryUsage of job (MB)
	374044  -  ResidentSetSize of job (KB)
...
006 (3444396.011.000) 01/30 17:11:23 Image size of job updated: 437508
	366  -  MemoryUsage of job (MB)
	374068  -  ResidentSetSize of job (KB)
...
006 (3444396.011.000) 01/30 17:16:24 Image size of job updated: 437508
	366  -  MemoryUsage of job (MB)
	374072  -  ResidentSetSize of job (KB)
...
006 (3444396.011.000) 01/30 17:46:27 Image size of job updated: 437508
	366  -  MemoryUsage of job (MB)
	374084  -  ResidentSetSize of job (KB)
...
006 (3444396.011.000) 01/30 17:51:27 Image size of job updated: 437508
	366  -  MemoryUsage of job (MB)
	374088  -  ResidentSetSize of job (KB)
...
006 (3444396.011.000) 01/30 18:06:28 Image size of job updated: 437508
	366  -  MemoryUsage of job (MB)
	374096  -  ResidentSetSize of job (KB)
...
006 (3444396.011.000) 01/30 18:21:30 Image size of job updated: 437508
	366  -  MemoryUsage of job (MB)
	374104  -  ResidentSetSize of job (KB)
...
006 (3444396.011.000) 01/30 18:31:31 Image size of job updated: 437508
	366  -  MemoryUsage of job (MB)
	374116  -  ResidentSetSize of job (KB)
...
006 (3444396.011.000) 01/30 18:36:32 Image size of job updated: 437508
	366  -  MemoryUsage of job (MB)
	374128  -  ResidentSetSize of job (KB)
...
006 (3444396.011.000) 01/30 18:46:33 Image size of job updated: 437508
	366  -  MemoryUsage of job (MB)
	374144  -  ResidentSetSize of job (KB)
...
006 (3444396.011.000) 01/30 18:56:34 Image size of job updated: 437508
	366  -  MemoryUsage of job (MB)
	374160  -  ResidentSetSize of job (KB)
...
006 (3444396.011.000) 01/30 19:01:35 Image size of job updated: 437508
	366  -  MemoryUsage of job (MB)
	374184  -  ResidentSetSize of job (KB)
...
006 (3444396.011.000) 01/30 19:11:36 Image size of job updated: 437508
	366  -  MemoryUsage of job (MB)
	374188  -  ResidentSetSize of job (KB)
...
006 (3444396.011.000) 01/30 19:21:37 Image size of job updated: 437508
	366  -  MemoryUsage of job (MB)
	374216  -  ResidentSetSize of job (KB)
...
006 (3444396.011.000) 01/30 19:26:38 Image size of job updated: 437508
	366  -  MemoryUsage of job (MB)
	374240  -  ResidentSetSize of job (KB)
...
006 (3444396.011.000) 01/30 20:11:43 Image size of job updated: 437508
	366  -  MemoryUsage of job (MB)
	374244  -  ResidentSetSize of job (KB)
...
006 (3444396.011.000) 01/30 20:16:44 Image size of job updated: 437508
	366  -  MemoryUsage of job (MB)
	374256  -  ResidentSetSize of job (KB)
...
006 (3444396.011.000) 01/30 20:31:45 Image size of job updated: 437508
	366  -  MemoryUsage of job (MB)
	374292  -  ResidentSetSize of job (KB)
...
006 (3444396.011.000) 01/30 20:36:45 Image size of job updated: 437508
	366  -  MemoryUsage of job (MB)
	374344  -  ResidentSetSize of job (KB)
...
006 (3444396.011.000) 01/30 20:46:46 Image size of job updated: 437508
	366  -  MemoryUsage of job (MB)
	374376  -  ResidentSetSize of job (KB)
...
006 (3444396.011.000) 01/30 20:51:46 Image size of job updated: 437508
	366  -  MemoryUsage of job (MB)
	374380  -  ResidentSetSize of job (KB)
...
006 (3444396.011.000) 01/30 20:56:46 Image size of job updated: 437508
	366  -  MemoryUsage of job (MB)
	374404  -  ResidentSetSize of job (KB)
...
006 (3444396.011.000) 01/30 21:06:47 Image size of job updated: 437508
	366  -  MemoryUsage of job (MB)
	374424  -  ResidentSetSize of job (KB)
...
006 (3444396.011.000) 01/30 21:16:48 Image size of job updated: 437508
	366  -  MemoryUsage of job (MB)
	374444  -  ResidentSetSize of job (KB)
...
006 (3444396.011.000) 01/30 21:21:49 Image size of job updated: 437508
	366  -  MemoryUsage of job (MB)
	374452  -  ResidentSetSize of job (KB)
...
006 (3444396.011.000) 01/30 21:26:49 Image size of job updated: 437508
	366  -  MemoryUsage of job (MB)
	374512  -  ResidentSetSize of job (KB)
...
006 (3444396.011.000) 01/30 21:36:50 Image size of job updated: 437508
	366  -  MemoryUsage of job (MB)
	374552  -  ResidentSetSize of job (KB)
...
006 (3444396.011.000) 01/30 21:46:50 Image size of job updated: 437508
	366  -  MemoryUsage of job (MB)
	374588  -  ResidentSetSize of job (KB)
...
006 (3444396.011.000) 01/30 22:06:52 Image size of job updated: 437508
	366  -  MemoryUsage of job (MB)
	374612  -  ResidentSetSize of job (KB)
...
006 (3444396.011.000) 01/30 22:11:53 Image size of job updated: 437508
	366  -  MemoryUsage of job (MB)
	374616  -  ResidentSetSize of job (KB)
...
006 (3444396.011.000) 01/30 22:26:55 Image size of job updated: 437508
	366  -  MemoryUsage of job (MB)
	374652  -  ResidentSetSize of job (KB)
...
006 (3444396.011.000) 01/30 22:36:56 Image size of job updated: 437508
	366  -  MemoryUsage of job (MB)
	374708  -  ResidentSetSize of job (KB)
...
006 (3444396.011.000) 01/30 22:51:57 Image size of job updated: 437508
	366  -  MemoryUsage of job (MB)
	374752  -  ResidentSetSize of job (KB)
...
006 (3444396.011.000) 01/30 22:56:58 Image size of job updated: 437508
	366  -  MemoryUsage of job (MB)
	374784  -  ResidentSetSize of job (KB)
...
006 (3444396.011.000) 01/30 23:01:58 Image size of job updated: 437508
	367  -  MemoryUsage of job (MB)
	374796  -  ResidentSetSize of job (KB)
...
006 (3444396.011.000) 01/30 23:11:59 Image size of job updated: 437508
	367  -  MemoryUsage of job (MB)
	374844  -  ResidentSetSize of job (KB)
...
006 (3444396.011.000) 01/30 23:16:59 Image size of job updated: 437508
	367  -  MemoryUsage of job (MB)
	374860  -  ResidentSetSize of job (KB)
...
006 (3444396.011.000) 01/30 23:21:59 Image size of job updated: 437508
	367  -  MemoryUsage of job (MB)
	374880  -  ResidentSetSize of job (KB)
...
006 (3444396.011.000) 01/30 23:32:00 Image size of job updated: 437508
	367  -  MemoryUsage of job (MB)
	374888  -  ResidentSetSize of job (KB)
...
006 (3444396.011.000) 01/30 23:37:00 Image size of job updated: 437508
	367  -  MemoryUsage of job (MB)
	374916  -  ResidentSetSize of job (KB)
...
006 (3444396.011.000) 01/30 23:42:01 Image size of job updated: 437508
	367  -  MemoryUsage of job (MB)
	374968  -  ResidentSetSize of job (KB)
...
006 (3444396.011.000) 01/30 23:47:01 Image size of job updated: 437508
	367  -  MemoryUsage of job (MB)
	375012  -  ResidentSetSize of job (KB)
...
006 (3444396.011.000) 01/30 23:52:02 Image size of job updated: 437508
	367  -  MemoryUsage of job (MB)
	375016  -  ResidentSetSize of job (KB)
...
006 (3444396.011.000) 01/31 00:02:03 Image size of job updated: 437508
	367  -  MemoryUsage of job (MB)
	375020  -  ResidentSetSize of job (KB)
...
006 (3444396.011.000) 01/31 00:07:04 Image size of job updated: 437508
	367  -  MemoryUsage of job (MB)
	375036  -  ResidentSetSize of job (KB)
...
006 (3444396.011.000) 01/31 00:12:04 Image size of job updated: 437508
	367  -  MemoryUsage of job (MB)
	375044  -  ResidentSetSize of job (KB)
...
006 (3444396.011.000) 01/31 00:17:04 Image size of job updated: 437508
	367  -  MemoryUsage of job (MB)
	375048  -  ResidentSetSize of job (KB)
...
006 (3444396.011.000) 01/31 00:32:06 Image size of job updated: 437508
	367  -  MemoryUsage of job (MB)
	375052  -  ResidentSetSize of job (KB)
...
006 (3444396.011.000) 01/31 00:37:07 Image size of job updated: 437508
	367  -  MemoryUsage of job (MB)
	375072  -  ResidentSetSize of job (KB)
...
006 (3444396.011.000) 01/31 00:47:08 Image size of job updated: 437508
	367  -  MemoryUsage of job (MB)
	375076  -  ResidentSetSize of job (KB)
...
006 (3444396.011.000) 01/31 00:52:08 Image size of job updated: 437508
	367  -  MemoryUsage of job (MB)
	375104  -  ResidentSetSize of job (KB)
...
006 (3444396.011.000) 01/31 00:57:09 Image size of job updated: 437508
	367  -  MemoryUsage of job (MB)
	375116  -  ResidentSetSize of job (KB)
...
006 (3444396.011.000) 01/31 01:02:10 Image size of job updated: 437508
	367  -  MemoryUsage of job (MB)
	375132  -  ResidentSetSize of job (KB)
...
006 (3444396.011.000) 01/31 01:07:10 Image size of job updated: 437508
	367  -  MemoryUsage of job (MB)
	375156  -  ResidentSetSize of job (KB)
...
006 (3444396.011.000) 01/31 01:17:12 Image size of job updated: 437508
	367  -  MemoryUsage of job (MB)
	375176  -  ResidentSetSize of job (KB)
...
006 (3444396.011.000) 01/31 01:37:14 Image size of job updated: 437508
	367  -  MemoryUsage of job (MB)
	375212  -  ResidentSetSize of job (KB)
...
006 (3444396.011.000) 01/31 01:52:16 Image size of job updated: 437508
	367  -  MemoryUsage of job (MB)
	375232  -  ResidentSetSize of job (KB)
...
006 (3444396.011.000) 01/31 01:57:16 Image size of job updated: 437508
	367  -  MemoryUsage of job (MB)
	375256  -  ResidentSetSize of job (KB)
...
006 (3444396.011.000) 01/31 02:02:17 Image size of job updated: 437508
	367  -  MemoryUsage of job (MB)
	375280  -  ResidentSetSize of job (KB)
...
006 (3444396.011.000) 01/31 02:07:18 Image size of job updated: 437508
	367  -  MemoryUsage of job (MB)
	375296  -  ResidentSetSize of job (KB)
...
006 (3444396.011.000) 01/31 02:12:18 Image size of job updated: 437508
	367  -  MemoryUsage of job (MB)
	375336  -  ResidentSetSize of job (KB)
...
006 (3444396.011.000) 01/31 02:22:19 Image size of job updated: 437508
	367  -  MemoryUsage of job (MB)
	375352  -  ResidentSetSize of job (KB)
...
006 (3444396.011.000) 01/31 02:27:20 Image size of job updated: 437508
	367  -  MemoryUsage of job (MB)
	375356  -  ResidentSetSize of job (KB)
...
006 (3444396.011.000) 01/31 02:32:20 Image size of job updated: 437508
	367  -  MemoryUsage of job (MB)
	375372  -  ResidentSetSize of job (KB)
...
006 (3444396.011.000) 01/31 02:37:20 Image size of job updated: 437508
	367  -  MemoryUsage of job (MB)
	375388  -  ResidentSetSize of job (KB)
...
006 (3444396.011.000) 01/31 02:42:21 Image size of job updated: 437508
	367  -  MemoryUsage of job (MB)
	375420  -  ResidentSetSize of job (KB)
...
006 (3444396.011.000) 01/31 02:47:22 Image size of job updated: 437508
	367  -  MemoryUsage of job (MB)
	375428  -  ResidentSetSize of job (KB)
...
006 (3444396.011.000) 01/31 02:52:22 Image size of job updated: 437508
	367  -  MemoryUsage of job (MB)
	375440  -  ResidentSetSize of job (KB)
...
006 (3444396.011.000) 01/31 02:57:23 Image size of job updated: 437508
	367  -  MemoryUsage of job (MB)
	375456  -  ResidentSetSize of job (KB)
...
006 (3444396.011.000) 01/31 03:02:25 Image size of job updated: 437508
	367  -  MemoryUsage of job (MB)
	375468  -  ResidentSetSize of job (KB)
...
006 (3444396.011.000) 01/31 03:07:25 Image size of job updated: 437508
	367  -  MemoryUsage of job (MB)
	375484  -  ResidentSetSize of job (KB)
...
006 (3444396.011.000) 01/31 03:12:25 Image size of job updated: 437508
	367  -  MemoryUsage of job (MB)
	375508  -  ResidentSetSize of job (KB)
...
006 (3444396.011.000) 01/31 03:17:26 Image size of job updated: 437508
	367  -  MemoryUsage of job (MB)
	375536  -  ResidentSetSize of job (KB)
...
006 (3444396.011.000) 01/31 03:27:27 Image size of job updated: 437508
	367  -  MemoryUsage of job (MB)
	375564  -  ResidentSetSize of job (KB)
...
006 (3444396.011.000) 01/31 03:32:27 Image size of job updated: 437508
	367  -  MemoryUsage of job (MB)
	375588  -  ResidentSetSize of job (KB)
...
006 (3444396.011.000) 01/31 03:37:28 Image size of job updated: 437508
	367  -  MemoryUsage of job (MB)
	375608  -  ResidentSetSize of job (KB)
...
006 (3444396.011.000) 01/31 03:42:29 Image size of job updated: 437508
	367  -  MemoryUsage of job (MB)
	375620  -  ResidentSetSize of job (KB)
...
006 (3444396.011.000) 01/31 03:47:29 Image size of job updated: 437508
	367  -  MemoryUsage of job (MB)
	375648  -  ResidentSetSize of job (KB)
...
006 (3444396.011.000) 01/31 03:52:30 Image size of job updated: 437508
	367  -  MemoryUsage of job (MB)
	375672  -  ResidentSetSize of job (KB)
...
006 (3444396.011.000) 01/31 03:57:32 Image size of job updated: 437508
	367  -  MemoryUsage of job (MB)
	375688  -  ResidentSetSize of job (KB)
...
006 (3444396.011.000) 01/31 04:02:32 Image size of job updated: 437508
	367  -  MemoryUsage of job (MB)
	375708  -  ResidentSetSize of job (KB)
...
006 (3444396.011.000) 01/31 04:07:32 Image size of job updated: 437508
	367  -  MemoryUsage of job (MB)
	375736  -  ResidentSetSize of job (KB)
...
006 (3444396.011.000) 01/31 04:12:33 Image size of job updated: 437508
	367  -  MemoryUsage of job (MB)
	375760  -  ResidentSetSize of job (KB)
...
006 (3444396.011.000) 01/31 04:22:35 Image size of job updated: 437508
	367  -  MemoryUsage of job (MB)
	375784  -  ResidentSetSize of job (KB)
...
006 (3444396.011.000) 01/31 04:37:37 Image size of job updated: 437508
	368  -  MemoryUsage of job (MB)
	375820  -  ResidentSetSize of job (KB)
...
006 (3444396.011.000) 01/31 04:47:37 Image size of job updated: 437508
	368  -  MemoryUsage of job (MB)
	375828  -  ResidentSetSize of job (KB)
...
006 (3444396.011.000) 01/31 04:52:38 Image size of job updated: 437508
	368  -  MemoryUsage of job (MB)
	375848  -  ResidentSetSize of job (KB)
...
006 (3444396.011.000) 01/31 04:57:39 Image size of job updated: 437508
	368  -  MemoryUsage of job (MB)
	375872  -  ResidentSetSize of job (KB)
...
006 (3444396.011.000) 01/31 05:02:39 Image size of job updated: 437508
	368  -  MemoryUsage of job (MB)
	375876  -  ResidentSetSize of job (KB)
...
006 (3444396.011.000) 01/31 05:07:39 Image size of job updated: 437508
	368  -  MemoryUsage of job (MB)
	375892  -  ResidentSetSize of job (KB)
...
006 (3444396.011.000) 01/31 05:12:40 Image size of job updated: 437508
	368  -  MemoryUsage of job (MB)
	375912  -  ResidentSetSize of job (KB)
...
006 (3444396.011.000) 01/31 05:17:41 Image size of job updated: 437508
	368  -  MemoryUsage of job (MB)
	375940  -  ResidentSetSize of job (KB)
...
006 (3444396.011.000) 01/31 05:22:41 Image size of job updated: 437508
	368  -  MemoryUsage of job (MB)
	375948  -  ResidentSetSize of job (KB)
...
006 (3444396.011.000) 01/31 05:27:41 Image size of job updated: 437508
	368  -  MemoryUsage of job (MB)
	375964  -  ResidentSetSize of job (KB)
...
006 (3444396.011.000) 01/31 05:32:42 Image size of job updated: 437508
	368  -  MemoryUsage of job (MB)
	375976  -  ResidentSetSize of job (KB)
...
006 (3444396.011.000) 01/31 05:37:42 Image size of job updated: 437508
	368  -  MemoryUsage of job (MB)
	376004  -  ResidentSetSize of job (KB)
...
006 (3444396.011.000) 01/31 05:42:42 Image size of job updated: 437508
	368  -  MemoryUsage of job (MB)
	376012  -  ResidentSetSize of job (KB)
...
006 (3444396.011.000) 01/31 05:47:43 Image size of job updated: 437508
	368  -  MemoryUsage of job (MB)
	376048  -  ResidentSetSize of job (KB)
...
006 (3444396.011.000) 01/31 06:02:44 Image size of job updated: 437508
	368  -  MemoryUsage of job (MB)
	376080  -  ResidentSetSize of job (KB)
...
006 (3444396.011.000) 01/31 06:07:45 Image size of job updated: 437508
	368  -  MemoryUsage of job (MB)
	376084  -  ResidentSetSize of job (KB)
...
006 (3444396.011.000) 01/31 06:12:45 Image size of job updated: 437508
	368  -  MemoryUsage of job (MB)
	376140  -  ResidentSetSize of job (KB)
...
006 (3444396.011.000) 01/31 06:27:47 Image size of job updated: 437508
	368  -  MemoryUsage of job (MB)
	376160  -  ResidentSetSize of job (KB)
...
006 (3444396.011.000) 01/31 06:32:47 Image size of job updated: 437508
	368  -  MemoryUsage of job (MB)
	376172  -  ResidentSetSize of job (KB)
...
006 (3444396.011.000) 01/31 06:37:47 Image size of job updated: 437508
	368  -  MemoryUsage of job (MB)
	376188  -  ResidentSetSize of job (KB)
...
006 (3444396.011.000) 01/31 06:42:49 Image size of job updated: 437508
	368  -  MemoryUsage of job (MB)
	376200  -  ResidentSetSize of job (KB)
...
006 (3444396.011.000) 01/31 06:52:49 Image size of job updated: 437508
	368  -  MemoryUsage of job (MB)
	376272  -  ResidentSetSize of job (KB)
...
006 (3444396.011.000) 01/31 06:57:50 Image size of job updated: 437508
	368  -  MemoryUsage of job (MB)
	376280  -  ResidentSetSize of job (KB)
...
006 (3444396.011.000) 01/31 07:02:51 Image size of job updated: 437508
	368  -  MemoryUsage of job (MB)
	376304  -  ResidentSetSize of job (KB)
...
006 (3444396.011.000) 01/31 07:07:51 Image size of job updated: 437508
	368  -  MemoryUsage of job (MB)
	376312  -  ResidentSetSize of job (KB)
...
006 (3444396.011.000) 01/31 07:12:51 Image size of job updated: 437508
	368  -  MemoryUsage of job (MB)
	376328  -  ResidentSetSize of job (KB)
...
006 (3444396.011.000) 01/31 07:17:52 Image size of job updated: 437508
	368  -  MemoryUsage of job (MB)
	376392  -  ResidentSetSize of job (KB)
...
006 (3444396.011.000) 01/31 07:22:53 Image size of job updated: 437508
	368  -  MemoryUsage of job (MB)
	376420  -  ResidentSetSize of job (KB)
...
006 (3444396.011.000) 01/31 07:27:53 Image size of job updated: 437508
	368  -  MemoryUsage of job (MB)
	376452  -  ResidentSetSize of job (KB)
...
006 (3444396.011.000) 01/31 07:37:55 Image size of job updated: 437508
	368  -  MemoryUsage of job (MB)
	376480  -  ResidentSetSize of job (KB)
...
006 (3444396.011.000) 01/31 07:47:56 Image size of job updated: 437508
	368  -  MemoryUsage of job (MB)
	376484  -  ResidentSetSize of job (KB)
...
006 (3444396.011.000) 01/31 07:52:57 Image size of job updated: 437508
	368  -  MemoryUsage of job (MB)
	376492  -  ResidentSetSize of job (KB)
...
006 (3444396.011.000) 01/31 07:57:58 Image size of job updated: 437508
	368  -  MemoryUsage of job (MB)
	376500  -  ResidentSetSize of job (KB)
...
006 (3444396.011.000) 01/31 08:02:58 Image size of job updated: 437508
	368  -  MemoryUsage of job (MB)
	376512  -  ResidentSetSize of job (KB)
...
006 (3444396.011.000) 01/31 08:07:58 Image size of job updated: 437508
	368  -  MemoryUsage of job (MB)
	376540  -  ResidentSetSize of job (KB)
...
006 (3444396.011.000) 01/31 08:12:59 Image size of job updated: 437508
	368  -  MemoryUsage of job (MB)
	376568  -  ResidentSetSize of job (KB)
...
006 (3444396.011.000) 01/31 08:18:00 Image size of job updated: 437508
	368  -  MemoryUsage of job (MB)
	376608  -  ResidentSetSize of job (KB)
...
006 (3444396.011.000) 01/31 08:23:00 Image size of job updated: 437508
	368  -  MemoryUsage of job (MB)
	376668  -  ResidentSetSize of job (KB)
...
006 (3444396.011.000) 01/31 08:28:01 Image size of job updated: 437508
	368  -  MemoryUsage of job (MB)
	376692  -  ResidentSetSize of job (KB)
...
006 (3444396.011.000) 01/31 08:33:02 Image size of job updated: 437508
	368  -  MemoryUsage of job (MB)
	376712  -  ResidentSetSize of job (KB)
...
006 (3444396.011.000) 01/31 08:38:02 Image size of job updated: 437508
	368  -  MemoryUsage of job (MB)
	376724  -  ResidentSetSize of job (KB)
...
006 (3444396.011.000) 01/31 08:43:02 Image size of job updated: 437508
	368  -  MemoryUsage of job (MB)
	376748  -  ResidentSetSize of job (KB)
...
006 (3444396.011.000) 01/31 08:48:03 Image size of job updated: 437508
	368  -  MemoryUsage of job (MB)
	376764  -  ResidentSetSize of job (KB)
...
006 (3444396.011.000) 01/31 08:53:03 Image size of job updated: 437508
	368  -  MemoryUsage of job (MB)
	376780  -  ResidentSetSize of job (KB)
...
006 (3444396.011.000) 01/31 08:58:03 Image size of job updated: 437508
	368  -  MemoryUsage of job (MB)
	376804  -  ResidentSetSize of job (KB)
...
006 (3444396.011.000) 01/31 09:03:04 Image size of job updated: 437508
	368  -  MemoryUsage of job (MB)
	376812  -  ResidentSetSize of job (KB)
...
006 (3444396.011.000) 01/31 09:08:05 Image size of job updated: 437508
	369  -  MemoryUsage of job (MB)
	376848  -  ResidentSetSize of job (KB)
...
006 (3444396.011.000) 01/31 09:13:05 Image size of job updated: 437508
	369  -  MemoryUsage of job (MB)
	376856  -  ResidentSetSize of job (KB)
...
006 (3444396.011.000) 01/31 09:18:05 Image size of job updated: 437508
	369  -  MemoryUsage of job (MB)
	376900  -  ResidentSetSize of job (KB)
...
006 (3444396.011.000) 01/31 09:23:06 Image size of job updated: 437508
	369  -  MemoryUsage of job (MB)
	376908  -  ResidentSetSize of job (KB)
...
006 (3444396.011.000) 01/31 09:28:07 Image size of job updated: 437508
	369  -  MemoryUsage of job (MB)
	376932  -  ResidentSetSize of job (KB)
...
006 (3444396.011.000) 01/31 09:33:07 Image size of job updated: 437508
	369  -  MemoryUsage of job (MB)
	376956  -  ResidentSetSize of job (KB)
...
006 (3444396.011.000) 01/31 09:38:07 Image size of job updated: 437508
	369  -  MemoryUsage of job (MB)
	377004  -  ResidentSetSize of job (KB)
...
006 (3444396.011.000) 01/31 09:53:09 Image size of job updated: 437508
	369  -  MemoryUsage of job (MB)
	377044  -  ResidentSetSize of job (KB)
...
006 (3444396.011.000) 01/31 10:03:10 Image size of job updated: 437508
	369  -  MemoryUsage of job (MB)
	377108  -  ResidentSetSize of job (KB)
...
006 (3444396.011.000) 01/31 10:08:11 Image size of job updated: 437508
	369  -  MemoryUsage of job (MB)
	377120  -  ResidentSetSize of job (KB)
...
006 (3444396.011.000) 01/31 10:18:11 Image size of job updated: 437508
	369  -  MemoryUsage of job (MB)
	377144  -  ResidentSetSize of job (KB)
...
006 (3444396.011.000) 01/31 10:28:13 Image size of job updated: 437508
	369  -  MemoryUsage of job (MB)
	377160  -  ResidentSetSize of job (KB)
...
006 (3444396.011.000) 01/31 10:33:13 Image size of job updated: 437508
	369  -  MemoryUsage of job (MB)
	377172  -  ResidentSetSize of job (KB)
...
006 (3444396.011.000) 01/31 10:38:13 Image size of job updated: 437508
	369  -  MemoryUsage of job (MB)
	377200  -  ResidentSetSize of job (KB)
...
006 (3444396.011.000) 01/31 10:43:14 Image size of job updated: 437508
	369  -  MemoryUsage of job (MB)
	377244  -  ResidentSetSize of job (KB)
...
006 (3444396.011.000) 01/31 10:48:15 Image size of job updated: 437508
	369  -  MemoryUsage of job (MB)
	377268  -  ResidentSetSize of job (KB)
...
006 (3444396.011.000) 01/31 10:53:15 Image size of job updated: 437508
	369  -  MemoryUsage of job (MB)
	377280  -  ResidentSetSize of job (KB)
...
006 (3444396.011.000) 01/31 10:58:15 Image size of job updated: 437508
	369  -  MemoryUsage of job (MB)
	377292  -  ResidentSetSize of job (KB)
...
006 (3444396.011.000) 01/31 11:03:16 Image size of job updated: 437508
	369  -  MemoryUsage of job (MB)
	377332  -  ResidentSetSize of job (KB)
...
006 (3444396.011.000) 01/31 11:08:17 Image size of job updated: 437508
	369  -  MemoryUsage of job (MB)
	377336  -  ResidentSetSize of job (KB)
...
006 (3444396.011.000) 01/31 11:13:17 Image size of job updated: 437508
	369  -  MemoryUsage of job (MB)
	377364  -  ResidentSetSize of job (KB)
...
006 (3444396.011.000) 01/31 11:18:17 Image size of job updated: 437508
	369  -  MemoryUsage of job (MB)
	377372  -  ResidentSetSize of job (KB)
...
006 (3444396.011.000) 01/31 11:23:18 Image size of job updated: 437508
	369  -  MemoryUsage of job (MB)
	377404  -  ResidentSetSize of job (KB)
...
006 (3444396.011.000) 01/31 11:28:19 Image size of job updated: 437508
	369  -  MemoryUsage of job (MB)
	377428  -  ResidentSetSize of job (KB)
...
006 (3444396.011.000) 01/31 11:33:19 Image size of job updated: 437508
	369  -  MemoryUsage of job (MB)
	377448  -  ResidentSetSize of job (KB)
...
006 (3444396.011.000) 01/31 11:38:19 Image size of job updated: 437508
	369  -  MemoryUsage of job (MB)
	377464  -  ResidentSetSize of job (KB)
...
006 (3444396.011.000) 01/31 11:43:20 Image size of job updated: 437508
	369  -  MemoryUsage of job (MB)
	377496  -  ResidentSetSize of job (KB)
...
006 (3444396.011.000) 01/31 11:48:21 Image size of job updated: 437508
	369  -  MemoryUsage of job (MB)
	377500  -  ResidentSetSize of job (KB)
...
006 (3444396.011.000) 01/31 11:53:21 Image size of job updated: 437508
	369  -  MemoryUsage of job (MB)
	377548  -  ResidentSetSize of job (KB)
...
006 (3444396.011.000) 01/31 11:58:22 Image size of job updated: 437508
	369  -  MemoryUsage of job (MB)
	377552  -  ResidentSetSize of job (KB)
...
006 (3444396.011.000) 01/31 12:03:24 Image size of job updated: 437508
	369  -  MemoryUsage of job (MB)
	377564  -  ResidentSetSize of job (KB)
...
006 (3444396.011.000) 01/31 12:08:24 Image size of job updated: 437508
	369  -  MemoryUsage of job (MB)
	377568  -  ResidentSetSize of job (KB)
...
006 (3444396.011.000) 01/31 12:13:24 Image size of job updated: 437508
	369  -  MemoryUsage of job (MB)
	377604  -  ResidentSetSize of job (KB)
...
006 (3444396.011.000) 01/31 12:18:25 Image size of job updated: 437508
	369  -  MemoryUsage of job (MB)
	377632  -  ResidentSetSize of job (KB)
...
006 (3444396.011.000) 01/31 12:23:26 Image size of job updated: 437508
	369  -  MemoryUsage of job (MB)
	377660  -  ResidentSetSize of job (KB)
...
006 (3444396.011.000) 01/31 12:28:26 Image size of job updated: 437508
	369  -  MemoryUsage of job (MB)
	377688  -  ResidentSetSize of job (KB)
...
006 (3444396.011.000) 01/31 12:33:26 Image size of job updated: 437508
	369  -  MemoryUsage of job (MB)
	377720  -  ResidentSetSize of job (KB)
...
006 (3444396.011.000) 01/31 12:38:27 Image size of job updated: 437508
	369  -  MemoryUsage of job (MB)
	377744  -  ResidentSetSize of job (KB)
...
006 (3444396.011.000) 01/31 12:43:28 Image size of job updated: 437508
	369  -  MemoryUsage of job (MB)
	377768  -  ResidentSetSize of job (KB)
...
006 (3444396.011.000) 01/31 12:48:28 Image size of job updated: 437508
	369  -  MemoryUsage of job (MB)
	377788  -  ResidentSetSize of job (KB)
...
006 (3444396.011.000) 01/31 12:53:28 Image size of job updated: 437508
	369  -  MemoryUsage of job (MB)
	377820  -  ResidentSetSize of job (KB)
...
006 (3444396.011.000) 01/31 12:58:29 Image size of job updated: 437508
	369  -  MemoryUsage of job (MB)
	377856  -  ResidentSetSize of job (KB)
...
006 (3444396.011.000) 01/31 13:08:31 Image size of job updated: 437508
	370  -  MemoryUsage of job (MB)
	377912  -  ResidentSetSize of job (KB)
...
006 (3444396.011.000) 01/31 13:18:32 Image size of job updated: 437508
	370  -  MemoryUsage of job (MB)
	377928  -  ResidentSetSize of job (KB)
...
006 (3444396.011.000) 01/31 13:23:33 Image size of job updated: 437508
	370  -  MemoryUsage of job (MB)
	377956  -  ResidentSetSize of job (KB)
...
006 (3444396.011.000) 01/31 13:33:33 Image size of job updated: 437508
	370  -  MemoryUsage of job (MB)
	378000  -  ResidentSetSize of job (KB)
...
006 (3444396.011.000) 01/31 13:38:34 Image size of job updated: 437508
	370  -  MemoryUsage of job (MB)
	378028  -  ResidentSetSize of job (KB)
...
006 (3444396.011.000) 01/31 13:43:35 Image size of job updated: 437508
	370  -  MemoryUsage of job (MB)
	378048  -  ResidentSetSize of job (KB)
...
006 (3444396.011.000) 01/31 13:48:35 Image size of job updated: 437508
	370  -  MemoryUsage of job (MB)
	378052  -  ResidentSetSize of job (KB)
...
006 (3444396.011.000) 01/31 13:53:35 Image size of job updated: 437508
	370  -  MemoryUsage of job (MB)
	378104  -  ResidentSetSize of job (KB)
...
006 (3444396.011.000) 01/31 13:58:36 Image size of job updated: 437508
	370  -  MemoryUsage of job (MB)
	378120  -  ResidentSetSize of job (KB)
...
006 (3444396.011.000) 01/31 14:03:37 Image size of job updated: 437508
	370  -  MemoryUsage of job (MB)
	378164  -  ResidentSetSize of job (KB)
...
006 (3444396.011.000) 01/31 14:08:37 Image size of job updated: 437508
	370  -  MemoryUsage of job (MB)
	378180  -  ResidentSetSize of job (KB)
...
006 (3444396.011.000) 01/31 14:13:37 Image size of job updated: 437508
	370  -  MemoryUsage of job (MB)
	378228  -  ResidentSetSize of job (KB)
...
006 (3444396.011.000) 01/31 14:23:40 Image size of job updated: 437508
	370  -  MemoryUsage of job (MB)
	378280  -  ResidentSetSize of job (KB)
...
006 (3444396.011.000) 01/31 14:28:40 Image size of job updated: 437508
	370  -  MemoryUsage of job (MB)
	378292  -  ResidentSetSize of job (KB)
...
006 (3444396.011.000) 01/31 14:33:40 Image size of job updated: 437508
	370  -  MemoryUsage of job (MB)
	378336  -  ResidentSetSize of job (KB)
...
006 (3444396.011.000) 01/31 14:38:40 Image size of job updated: 437508
	370  -  MemoryUsage of job (MB)
	378368  -  ResidentSetSize of job (KB)
...
006 (3444396.011.000) 01/31 14:48:42 Image size of job updated: 437508
	370  -  MemoryUsage of job (MB)
	378420  -  ResidentSetSize of job (KB)
...
006 (3444396.011.000) 01/31 14:58:43 Image size of job updated: 437508
	370  -  MemoryUsage of job (MB)
	378444  -  ResidentSetSize of job (KB)
...
006 (3444396.011.000) 01/31 15:03:44 Image size of job updated: 437508
	370  -  MemoryUsage of job (MB)
	378492  -  ResidentSetSize of job (KB)
...
006 (3444396.011.000) 01/31 15:08:44 Image size of job updated: 437508
	370  -  MemoryUsage of job (MB)
	378520  -  ResidentSetSize of job (KB)
...
006 (3444396.011.000) 01/31 15:13:44 Image size of job updated: 437508
	370  -  MemoryUsage of job (MB)
	378576  -  ResidentSetSize of job (KB)
...
006 (3444396.011.000) 01/31 15:18:45 Image size of job updated: 437508
	370  -  MemoryUsage of job (MB)
	378596  -  ResidentSetSize of job (KB)
...
006 (3444396.011.000) 01/31 15:23:46 Image size of job updated: 437508
	370  -  MemoryUsage of job (MB)
	378624  -  ResidentSetSize of job (KB)
...
006 (3444396.011.000) 01/31 15:28:46 Image size of job updated: 437508
	370  -  MemoryUsage of job (MB)
	378648  -  ResidentSetSize of job (KB)
...
006 (3444396.011.000) 01/31 15:38:47 Image size of job updated: 437508
	370  -  MemoryUsage of job (MB)
	378680  -  ResidentSetSize of job (KB)
...
006 (3444396.011.000) 01/31 15:43:48 Image size of job updated: 437508
	370  -  MemoryUsage of job (MB)
	378684  -  ResidentSetSize of job (KB)
...
006 (3444396.011.000) 01/31 15:48:48 Image size of job updated: 437508
	370  -  MemoryUsage of job (MB)
	378712  -  ResidentSetSize of job (KB)
...
006 (3444396.011.000) 01/31 15:53:48 Image size of job updated: 437508
	370  -  MemoryUsage of job (MB)
	378732  -  ResidentSetSize of job (KB)
...
006 (3444396.011.000) 01/31 15:58:49 Image size of job updated: 437508
	370  -  MemoryUsage of job (MB)
	378780  -  ResidentSetSize of job (KB)
...
006 (3444396.011.000) 01/31 16:03:50 Image size of job updated: 437508
	370  -  MemoryUsage of job (MB)
	378804  -  ResidentSetSize of job (KB)
...
006 (3444396.011.000) 01/31 16:08:50 Image size of job updated: 437508
	370  -  MemoryUsage of job (MB)
	378820  -  ResidentSetSize of job (KB)
...
006 (3444396.011.000) 01/31 16:13:50 Image size of job updated: 437508
	370  -  MemoryUsage of job (MB)
	378852  -  ResidentSetSize of job (KB)
...
006 (3444396.011.000) 01/31 16:18:50 Image size of job updated: 437508
	370  -  MemoryUsage of job (MB)
	378864  -  ResidentSetSize of job (KB)
...
006 (3444396.011.000) 01/31 16:23:51 Image size of job updated: 437508
	371  -  MemoryUsage of job (MB)
	378908  -  ResidentSetSize of job (KB)
...
006 (3444396.011.000) 01/31 16:28:52 Image size of job updated: 437508
	371  -  MemoryUsage of job (MB)
	378956  -  ResidentSetSize of job (KB)
...
006 (3444396.011.000) 01/31 16:38:52 Image size of job updated: 437508
	371  -  MemoryUsage of job (MB)
	378996  -  ResidentSetSize of job (KB)
...
006 (3444396.011.000) 01/31 16:43:53 Image size of job updated: 437508
	371  -  MemoryUsage of job (MB)
	379012  -  ResidentSetSize of job (KB)
...
006 (3444396.011.000) 01/31 16:48:54 Image size of job updated: 437508
	371  -  MemoryUsage of job (MB)
	379040  -  ResidentSetSize of job (KB)
...
006 (3444396.011.000) 01/31 16:53:54 Image size of job updated: 437508
	371  -  MemoryUsage of job (MB)
	379056  -  ResidentSetSize of job (KB)
...
006 (3444396.011.000) 01/31 16:58:55 Image size of job updated: 437508
	371  -  MemoryUsage of job (MB)
	379076  -  ResidentSetSize of job (KB)
...
006 (3444396.011.000) 01/31 17:03:56 Image size of job updated: 437508
	371  -  MemoryUsage of job (MB)
	379136  -  ResidentSetSize of job (KB)
...
006 (3444396.011.000) 01/31 17:08:56 Image size of job updated: 437508
	371  -  MemoryUsage of job (MB)
	379156  -  ResidentSetSize of job (KB)
...
006 (3444396.011.000) 01/31 17:13:57 Image size of job updated: 437508
	371  -  MemoryUsage of job (MB)
	379180  -  ResidentSetSize of job (KB)
...
006 (3444396.011.000) 01/31 17:18:58 Image size of job updated: 437508
	371  -  MemoryUsage of job (MB)
	379200  -  ResidentSetSize of job (KB)
...
006 (3444396.011.000) 01/31 17:23:58 Image size of job updated: 437508
	371  -  MemoryUsage of job (MB)
	379220  -  ResidentSetSize of job (KB)
...
006 (3444396.011.000) 01/31 17:34:25 Image size of job updated: 437508
	371  -  MemoryUsage of job (MB)
	379260  -  ResidentSetSize of job (KB)
...
007 (3444396.011.000) 01/31 17:34:25 Shadow exception!
	Assertion ERROR on (result)
	0  -  Run Bytes Sent By Job
	493  -  Run Bytes Received By Job
...
040 (3444396.011.000) 02/01 07:53:52 Started transferring input files
	Transferring to host: <188.184.142.80:9618?addrs=188.184.142.80-9618+[2001-1458-301-46--100-4b]-9618&noUDP&sock=4583_e353_83443>
...
040 (3444396.011.000) 02/01 07:53:53 Finished transferring input files
...
001 (3444396.011.000) 02/01 07:53:53 Job executing on host: <188.184.142.80:9618?addrs=188.184.142.80-9618+[2001-1458-301-46--100-4b]-9618&noUDP&sock=2399_17ca_3>
...
040 (3444396.011.000) 02/01 07:54:32 Started transferring output files
...
040 (3444396.011.000) 02/01 07:54:32 Finished transferring output files
...
005 (3444396.011.000) 02/01 07:54:32 Job terminated.
	(1) Normal termination (return value 0)
		Usr 0 00:00:07, Sys 0 00:00:05  -  Run Remote Usage
		Usr 0 00:00:00, Sys 0 00:00:00  -  Run Local Usage
		Usr 0 00:00:07, Sys 0 00:00:05  -  Total Remote Usage
		Usr 0 00:00:00, Sys 0 00:00:00  -  Total Local Usage
	9715  -  Run Bytes Sent By Job
	493  -  Run Bytes Received By Job
	9715  -  Total Bytes Sent By Job
	986  -  Total Bytes Received By Job
	Partitionable Resources :    Usage  Request Allocated 
	   Cpus                 :                 1           
	   Disk (KB)            :       24       40   2081713 
	   Memory (MB)          :      391     2000      2000 
...
