000 (3447350.012.000) 01/30 00:59:39 Job submitted from host: <188.185.71.142:9618?addrs=188.185.71.142-9618+[2001-1458-d00-7--100-388]-9618&alias=bigbird09.cern.ch&noUDP&sock=schedd_2208_1533_7>
...
040 (3447350.012.000) 01/30 04:24:07 Started transferring input files
	Transferring to host: <188.184.210.218:9618?addrs=188.184.210.218-9618+[2001-1458-301-10b--100-e1]-9618&noUDP&sock=7705_9e92_148489>
...
040 (3447350.012.000) 01/30 04:24:07 Finished transferring input files
...
001 (3447350.012.000) 01/30 04:24:08 Job executing on host: <188.184.210.218:9618?addrs=188.184.210.218-9618+[2001-1458-301-10b--100-e1]-9618&noUDP&sock=5760_7599_3>
...
006 (3447350.012.000) 01/30 04:24:16 Image size of job updated: 4528
	4  -  MemoryUsage of job (MB)
	3512  -  ResidentSetSize of job (KB)
...
006 (3447350.012.000) 01/30 04:29:16 Image size of job updated: 484224
	401  -  MemoryUsage of job (MB)
	409712  -  ResidentSetSize of job (KB)
...
006 (3447350.012.000) 01/30 05:54:28 Image size of job updated: 484248
	401  -  MemoryUsage of job (MB)
	409736  -  ResidentSetSize of job (KB)
...
006 (3447350.012.000) 01/30 05:59:28 Image size of job updated: 484252
	401  -  MemoryUsage of job (MB)
	409740  -  ResidentSetSize of job (KB)
...
006 (3447350.012.000) 01/30 07:44:22 Image size of job updated: 484252
	401  -  MemoryUsage of job (MB)
	409816  -  ResidentSetSize of job (KB)
...
006 (3447350.012.000) 01/30 07:49:23 Image size of job updated: 484252
	401  -  MemoryUsage of job (MB)
	409892  -  ResidentSetSize of job (KB)
...
006 (3447350.012.000) 01/30 07:54:23 Image size of job updated: 484252
	401  -  MemoryUsage of job (MB)
	409996  -  ResidentSetSize of job (KB)
...
006 (3447350.012.000) 01/30 07:59:23 Image size of job updated: 484252
	401  -  MemoryUsage of job (MB)
	410000  -  ResidentSetSize of job (KB)
...
006 (3447350.012.000) 01/30 08:04:24 Image size of job updated: 484252
	401  -  MemoryUsage of job (MB)
	410104  -  ResidentSetSize of job (KB)
...
006 (3447350.012.000) 01/30 08:09:25 Image size of job updated: 484352
	401  -  MemoryUsage of job (MB)
	410220  -  ResidentSetSize of job (KB)
...
006 (3447350.012.000) 01/30 08:14:25 Image size of job updated: 484576
	401  -  MemoryUsage of job (MB)
	410444  -  ResidentSetSize of job (KB)
...
006 (3447350.012.000) 01/30 08:19:26 Image size of job updated: 484652
	401  -  MemoryUsage of job (MB)
	410520  -  ResidentSetSize of job (KB)
...
006 (3447350.012.000) 01/30 08:24:27 Image size of job updated: 484808
	402  -  MemoryUsage of job (MB)
	410676  -  ResidentSetSize of job (KB)
...
006 (3447350.012.000) 01/30 08:29:27 Image size of job updated: 484924
	402  -  MemoryUsage of job (MB)
	410792  -  ResidentSetSize of job (KB)
...
006 (3447350.012.000) 01/30 08:34:27 Image size of job updated: 485164
	402  -  MemoryUsage of job (MB)
	411032  -  ResidentSetSize of job (KB)
...
006 (3447350.012.000) 01/30 08:39:29 Image size of job updated: 485304
	402  -  MemoryUsage of job (MB)
	411172  -  ResidentSetSize of job (KB)
...
006 (3447350.012.000) 01/30 09:39:33 Image size of job updated: 485304
	402  -  MemoryUsage of job (MB)
	411180  -  ResidentSetSize of job (KB)
...
006 (3447350.012.000) 01/30 09:44:34 Image size of job updated: 485456
	402  -  MemoryUsage of job (MB)
	411344  -  ResidentSetSize of job (KB)
...
006 (3447350.012.000) 01/30 09:49:35 Image size of job updated: 485500
	402  -  MemoryUsage of job (MB)
	411388  -  ResidentSetSize of job (KB)
...
006 (3447350.012.000) 01/30 09:54:35 Image size of job updated: 485632
	402  -  MemoryUsage of job (MB)
	411520  -  ResidentSetSize of job (KB)
...
006 (3447350.012.000) 01/30 09:59:36 Image size of job updated: 485680
	402  -  MemoryUsage of job (MB)
	411568  -  ResidentSetSize of job (KB)
...
006 (3447350.012.000) 01/30 10:04:37 Image size of job updated: 485704
	402  -  MemoryUsage of job (MB)
	411592  -  ResidentSetSize of job (KB)
...
006 (3447350.012.000) 01/30 10:09:37 Image size of job updated: 485724
	402  -  MemoryUsage of job (MB)
	411612  -  ResidentSetSize of job (KB)
...
006 (3447350.012.000) 01/30 10:14:38 Image size of job updated: 485876
	403  -  MemoryUsage of job (MB)
	411764  -  ResidentSetSize of job (KB)
...
006 (3447350.012.000) 01/30 10:19:39 Image size of job updated: 485916
	403  -  MemoryUsage of job (MB)
	411804  -  ResidentSetSize of job (KB)
...
006 (3447350.012.000) 01/30 10:24:39 Image size of job updated: 485992
	403  -  MemoryUsage of job (MB)
	411880  -  ResidentSetSize of job (KB)
...
006 (3447350.012.000) 01/30 10:29:39 Image size of job updated: 486304
	403  -  MemoryUsage of job (MB)
	412192  -  ResidentSetSize of job (KB)
...
006 (3447350.012.000) 01/30 10:34:41 Image size of job updated: 486512
	403  -  MemoryUsage of job (MB)
	412400  -  ResidentSetSize of job (KB)
...
006 (3447350.012.000) 01/30 10:39:41 Image size of job updated: 486564
	404  -  MemoryUsage of job (MB)
	412736  -  ResidentSetSize of job (KB)
...
006 (3447350.012.000) 01/30 10:44:41 Image size of job updated: 486712
	404  -  MemoryUsage of job (MB)
	412884  -  ResidentSetSize of job (KB)
...
006 (3447350.012.000) 01/30 13:04:57 Image size of job updated: 486724
	404  -  MemoryUsage of job (MB)
	412916  -  ResidentSetSize of job (KB)
...
006 (3447350.012.000) 01/30 13:09:58 Image size of job updated: 486800
	404  -  MemoryUsage of job (MB)
	412992  -  ResidentSetSize of job (KB)
...
006 (3447350.012.000) 01/30 13:14:58 Image size of job updated: 486972
	404  -  MemoryUsage of job (MB)
	413164  -  ResidentSetSize of job (KB)
...
006 (3447350.012.000) 01/30 13:19:58 Image size of job updated: 487080
	404  -  MemoryUsage of job (MB)
	413272  -  ResidentSetSize of job (KB)
...
006 (3447350.012.000) 01/30 13:24:59 Image size of job updated: 487108
	404  -  MemoryUsage of job (MB)
	413300  -  ResidentSetSize of job (KB)
...
006 (3447350.012.000) 01/30 13:29:59 Image size of job updated: 487108
	404  -  MemoryUsage of job (MB)
	413440  -  ResidentSetSize of job (KB)
...
006 (3447350.012.000) 01/30 13:34:59 Image size of job updated: 487108
	405  -  MemoryUsage of job (MB)
	413744  -  ResidentSetSize of job (KB)
...
006 (3447350.012.000) 01/30 13:40:00 Image size of job updated: 487108
	405  -  MemoryUsage of job (MB)
	413764  -  ResidentSetSize of job (KB)
...
006 (3447350.012.000) 01/30 13:45:01 Image size of job updated: 487108
	405  -  MemoryUsage of job (MB)
	413860  -  ResidentSetSize of job (KB)
...
006 (3447350.012.000) 01/30 13:50:01 Image size of job updated: 487108
	405  -  MemoryUsage of job (MB)
	414004  -  ResidentSetSize of job (KB)
...
006 (3447350.012.000) 01/30 13:55:02 Image size of job updated: 487108
	405  -  MemoryUsage of job (MB)
	414084  -  ResidentSetSize of job (KB)
...
006 (3447350.012.000) 01/30 14:05:03 Image size of job updated: 487108
	405  -  MemoryUsage of job (MB)
	414180  -  ResidentSetSize of job (KB)
...
006 (3447350.012.000) 01/30 14:10:03 Image size of job updated: 487108
	405  -  MemoryUsage of job (MB)
	414232  -  ResidentSetSize of job (KB)
...
006 (3447350.012.000) 01/30 14:15:03 Image size of job updated: 487108
	405  -  MemoryUsage of job (MB)
	414244  -  ResidentSetSize of job (KB)
...
006 (3447350.012.000) 01/30 14:20:03 Image size of job updated: 487108
	405  -  MemoryUsage of job (MB)
	414320  -  ResidentSetSize of job (KB)
...
006 (3447350.012.000) 01/30 14:25:04 Image size of job updated: 487108
	405  -  MemoryUsage of job (MB)
	414400  -  ResidentSetSize of job (KB)
...
006 (3447350.012.000) 01/30 14:30:04 Image size of job updated: 487108
	405  -  MemoryUsage of job (MB)
	414520  -  ResidentSetSize of job (KB)
...
006 (3447350.012.000) 01/30 14:35:04 Image size of job updated: 487108
	405  -  MemoryUsage of job (MB)
	414568  -  ResidentSetSize of job (KB)
...
006 (3447350.012.000) 01/30 14:40:05 Image size of job updated: 487108
	405  -  MemoryUsage of job (MB)
	414688  -  ResidentSetSize of job (KB)
...
006 (3447350.012.000) 01/30 14:45:05 Image size of job updated: 487108
	405  -  MemoryUsage of job (MB)
	414720  -  ResidentSetSize of job (KB)
...
006 (3447350.012.000) 01/30 14:50:06 Image size of job updated: 487108
	406  -  MemoryUsage of job (MB)
	414792  -  ResidentSetSize of job (KB)
...
006 (3447350.012.000) 01/30 14:55:07 Image size of job updated: 487108
	406  -  MemoryUsage of job (MB)
	414896  -  ResidentSetSize of job (KB)
...
006 (3447350.012.000) 01/30 15:00:07 Image size of job updated: 487108
	406  -  MemoryUsage of job (MB)
	415160  -  ResidentSetSize of job (KB)
...
006 (3447350.012.000) 01/30 15:05:07 Image size of job updated: 487108
	406  -  MemoryUsage of job (MB)
	415396  -  ResidentSetSize of job (KB)
...
006 (3447350.012.000) 01/30 15:40:11 Image size of job updated: 487108
	406  -  MemoryUsage of job (MB)
	415456  -  ResidentSetSize of job (KB)
...
006 (3447350.012.000) 01/30 15:45:12 Image size of job updated: 487108
	406  -  MemoryUsage of job (MB)
	415500  -  ResidentSetSize of job (KB)
...
006 (3447350.012.000) 01/30 15:50:12 Image size of job updated: 487108
	406  -  MemoryUsage of job (MB)
	415572  -  ResidentSetSize of job (KB)
...
006 (3447350.012.000) 01/30 15:55:13 Image size of job updated: 487108
	406  -  MemoryUsage of job (MB)
	415612  -  ResidentSetSize of job (KB)
...
006 (3447350.012.000) 01/30 16:00:14 Image size of job updated: 487108
	406  -  MemoryUsage of job (MB)
	415616  -  ResidentSetSize of job (KB)
...
006 (3447350.012.000) 01/30 16:05:14 Image size of job updated: 487108
	406  -  MemoryUsage of job (MB)
	415708  -  ResidentSetSize of job (KB)
...
006 (3447350.012.000) 01/30 16:10:14 Image size of job updated: 487108
	407  -  MemoryUsage of job (MB)
	415764  -  ResidentSetSize of job (KB)
...
006 (3447350.012.000) 01/30 16:15:15 Image size of job updated: 487108
	407  -  MemoryUsage of job (MB)
	415844  -  ResidentSetSize of job (KB)
...
006 (3447350.012.000) 01/30 16:20:15 Image size of job updated: 487108
	407  -  MemoryUsage of job (MB)
	415888  -  ResidentSetSize of job (KB)
...
006 (3447350.012.000) 01/30 16:25:15 Image size of job updated: 487108
	407  -  MemoryUsage of job (MB)
	415940  -  ResidentSetSize of job (KB)
...
006 (3447350.012.000) 01/30 16:30:16 Image size of job updated: 487108
	407  -  MemoryUsage of job (MB)
	416056  -  ResidentSetSize of job (KB)
...
006 (3447350.012.000) 01/30 16:40:16 Image size of job updated: 487108
	407  -  MemoryUsage of job (MB)
	416204  -  ResidentSetSize of job (KB)
...
006 (3447350.012.000) 01/30 16:45:17 Image size of job updated: 487108
	407  -  MemoryUsage of job (MB)
	416220  -  ResidentSetSize of job (KB)
...
006 (3447350.012.000) 01/30 16:50:17 Image size of job updated: 487108
	407  -  MemoryUsage of job (MB)
	416328  -  ResidentSetSize of job (KB)
...
006 (3447350.012.000) 01/30 17:00:18 Image size of job updated: 487108
	407  -  MemoryUsage of job (MB)
	416448  -  ResidentSetSize of job (KB)
...
006 (3447350.012.000) 01/30 17:05:18 Image size of job updated: 487108
	407  -  MemoryUsage of job (MB)
	416452  -  ResidentSetSize of job (KB)
...
006 (3447350.012.000) 01/30 17:10:18 Image size of job updated: 487108
	407  -  MemoryUsage of job (MB)
	416500  -  ResidentSetSize of job (KB)
...
006 (3447350.012.000) 01/30 17:15:19 Image size of job updated: 487108
	407  -  MemoryUsage of job (MB)
	416648  -  ResidentSetSize of job (KB)
...
006 (3447350.012.000) 01/30 17:20:19 Image size of job updated: 487108
	407  -  MemoryUsage of job (MB)
	416684  -  ResidentSetSize of job (KB)
...
006 (3447350.012.000) 01/30 17:25:19 Image size of job updated: 487108
	411  -  MemoryUsage of job (MB)
	420424  -  ResidentSetSize of job (KB)
...
006 (3447350.012.000) 01/30 17:30:20 Image size of job updated: 487108
	411  -  MemoryUsage of job (MB)
	420524  -  ResidentSetSize of job (KB)
...
006 (3447350.012.000) 01/30 17:35:20 Image size of job updated: 487108
	411  -  MemoryUsage of job (MB)
	420592  -  ResidentSetSize of job (KB)
...
006 (3447350.012.000) 01/30 17:40:20 Image size of job updated: 487108
	411  -  MemoryUsage of job (MB)
	420732  -  ResidentSetSize of job (KB)
...
006 (3447350.012.000) 01/30 17:45:21 Image size of job updated: 487108
	412  -  MemoryUsage of job (MB)
	420884  -  ResidentSetSize of job (KB)
...
006 (3447350.012.000) 01/30 17:55:21 Image size of job updated: 487108
	412  -  MemoryUsage of job (MB)
	420948  -  ResidentSetSize of job (KB)
...
006 (3447350.012.000) 01/30 18:00:22 Image size of job updated: 487108
	412  -  MemoryUsage of job (MB)
	421088  -  ResidentSetSize of job (KB)
...
006 (3447350.012.000) 01/30 18:05:22 Image size of job updated: 487108
	412  -  MemoryUsage of job (MB)
	421092  -  ResidentSetSize of job (KB)
...
006 (3447350.012.000) 01/30 18:10:22 Image size of job updated: 487108
	412  -  MemoryUsage of job (MB)
	421136  -  ResidentSetSize of job (KB)
...
006 (3447350.012.000) 01/30 18:20:23 Image size of job updated: 487108
	412  -  MemoryUsage of job (MB)
	421168  -  ResidentSetSize of job (KB)
...
006 (3447350.012.000) 01/30 18:25:23 Image size of job updated: 487108
	412  -  MemoryUsage of job (MB)
	421360  -  ResidentSetSize of job (KB)
...
006 (3447350.012.000) 01/30 18:30:24 Image size of job updated: 487108
	412  -  MemoryUsage of job (MB)
	421364  -  ResidentSetSize of job (KB)
...
006 (3447350.012.000) 01/30 18:35:24 Image size of job updated: 487108
	412  -  MemoryUsage of job (MB)
	421512  -  ResidentSetSize of job (KB)
...
006 (3447350.012.000) 01/30 18:45:25 Image size of job updated: 487108
	412  -  MemoryUsage of job (MB)
	421588  -  ResidentSetSize of job (KB)
...
006 (3447350.012.000) 01/30 18:50:25 Image size of job updated: 487108
	412  -  MemoryUsage of job (MB)
	421744  -  ResidentSetSize of job (KB)
...
006 (3447350.012.000) 01/30 19:00:26 Image size of job updated: 487108
	412  -  MemoryUsage of job (MB)
	421840  -  ResidentSetSize of job (KB)
...
006 (3447350.012.000) 01/30 19:05:26 Image size of job updated: 487108
	412  -  MemoryUsage of job (MB)
	421888  -  ResidentSetSize of job (KB)
...
006 (3447350.012.000) 01/30 19:10:26 Image size of job updated: 487108
	413  -  MemoryUsage of job (MB)
	421960  -  ResidentSetSize of job (KB)
...
006 (3447350.012.000) 01/30 19:15:28 Image size of job updated: 487108
	413  -  MemoryUsage of job (MB)
	422008  -  ResidentSetSize of job (KB)
...
006 (3447350.012.000) 01/30 19:20:28 Image size of job updated: 487108
	413  -  MemoryUsage of job (MB)
	422032  -  ResidentSetSize of job (KB)
...
006 (3447350.012.000) 01/30 19:25:28 Image size of job updated: 487108
	413  -  MemoryUsage of job (MB)
	422152  -  ResidentSetSize of job (KB)
...
006 (3447350.012.000) 01/30 19:30:29 Image size of job updated: 487108
	413  -  MemoryUsage of job (MB)
	422200  -  ResidentSetSize of job (KB)
...
006 (3447350.012.000) 01/30 19:35:29 Image size of job updated: 487108
	413  -  MemoryUsage of job (MB)
	422340  -  ResidentSetSize of job (KB)
...
006 (3447350.012.000) 01/30 19:40:29 Image size of job updated: 487108
	413  -  MemoryUsage of job (MB)
	422420  -  ResidentSetSize of job (KB)
...
006 (3447350.012.000) 01/30 19:45:30 Image size of job updated: 487108
	413  -  MemoryUsage of job (MB)
	422508  -  ResidentSetSize of job (KB)
...
006 (3447350.012.000) 01/30 19:50:30 Image size of job updated: 487108
	413  -  MemoryUsage of job (MB)
	422564  -  ResidentSetSize of job (KB)
...
006 (3447350.012.000) 01/30 19:55:30 Image size of job updated: 487108
	413  -  MemoryUsage of job (MB)
	422672  -  ResidentSetSize of job (KB)
...
006 (3447350.012.000) 01/30 20:00:31 Image size of job updated: 487108
	413  -  MemoryUsage of job (MB)
	422676  -  ResidentSetSize of job (KB)
...
006 (3447350.012.000) 01/30 20:05:31 Image size of job updated: 487108
	413  -  MemoryUsage of job (MB)
	422732  -  ResidentSetSize of job (KB)
...
006 (3447350.012.000) 01/30 20:10:31 Image size of job updated: 487108
	413  -  MemoryUsage of job (MB)
	422844  -  ResidentSetSize of job (KB)
...
006 (3447350.012.000) 01/30 20:15:32 Image size of job updated: 487108
	414  -  MemoryUsage of job (MB)
	422936  -  ResidentSetSize of job (KB)
...
006 (3447350.012.000) 01/30 20:20:33 Image size of job updated: 487108
	414  -  MemoryUsage of job (MB)
	422976  -  ResidentSetSize of job (KB)
...
006 (3447350.012.000) 01/30 20:25:33 Image size of job updated: 487108
	414  -  MemoryUsage of job (MB)
	423032  -  ResidentSetSize of job (KB)
...
006 (3447350.012.000) 01/30 20:30:35 Image size of job updated: 487108
	414  -  MemoryUsage of job (MB)
	423124  -  ResidentSetSize of job (KB)
...
006 (3447350.012.000) 01/30 20:35:35 Image size of job updated: 487108
	414  -  MemoryUsage of job (MB)
	423256  -  ResidentSetSize of job (KB)
...
006 (3447350.012.000) 01/30 20:40:35 Image size of job updated: 487108
	414  -  MemoryUsage of job (MB)
	423284  -  ResidentSetSize of job (KB)
...
006 (3447350.012.000) 01/30 20:45:37 Image size of job updated: 487108
	414  -  MemoryUsage of job (MB)
	423444  -  ResidentSetSize of job (KB)
...
006 (3447350.012.000) 01/30 20:50:37 Image size of job updated: 487108
	414  -  MemoryUsage of job (MB)
	423452  -  ResidentSetSize of job (KB)
...
006 (3447350.012.000) 01/30 20:55:37 Image size of job updated: 487108
	414  -  MemoryUsage of job (MB)
	423620  -  ResidentSetSize of job (KB)
...
006 (3447350.012.000) 01/30 21:00:38 Image size of job updated: 487108
	414  -  MemoryUsage of job (MB)
	423696  -  ResidentSetSize of job (KB)
...
006 (3447350.012.000) 01/30 21:05:39 Image size of job updated: 487108
	414  -  MemoryUsage of job (MB)
	423828  -  ResidentSetSize of job (KB)
...
006 (3447350.012.000) 01/30 21:10:39 Image size of job updated: 487108
	414  -  MemoryUsage of job (MB)
	423876  -  ResidentSetSize of job (KB)
...
006 (3447350.012.000) 01/30 21:20:41 Image size of job updated: 487108
	415  -  MemoryUsage of job (MB)
	423952  -  ResidentSetSize of job (KB)
...
006 (3447350.012.000) 01/30 21:25:41 Image size of job updated: 487108
	415  -  MemoryUsage of job (MB)
	424088  -  ResidentSetSize of job (KB)
...
006 (3447350.012.000) 01/30 21:30:41 Image size of job updated: 487108
	415  -  MemoryUsage of job (MB)
	424232  -  ResidentSetSize of job (KB)
...
006 (3447350.012.000) 01/30 21:35:42 Image size of job updated: 487108
	415  -  MemoryUsage of job (MB)
	424260  -  ResidentSetSize of job (KB)
...
006 (3447350.012.000) 01/30 21:40:42 Image size of job updated: 487108
	415  -  MemoryUsage of job (MB)
	424348  -  ResidentSetSize of job (KB)
...
006 (3447350.012.000) 01/30 21:45:42 Image size of job updated: 487108
	415  -  MemoryUsage of job (MB)
	424368  -  ResidentSetSize of job (KB)
...
006 (3447350.012.000) 01/30 21:50:44 Image size of job updated: 487108
	415  -  MemoryUsage of job (MB)
	424556  -  ResidentSetSize of job (KB)
...
006 (3447350.012.000) 01/30 21:55:44 Image size of job updated: 487108
	416  -  MemoryUsage of job (MB)
	425008  -  ResidentSetSize of job (KB)
...
006 (3447350.012.000) 01/30 22:00:44 Image size of job updated: 487108
	416  -  MemoryUsage of job (MB)
	425160  -  ResidentSetSize of job (KB)
...
006 (3447350.012.000) 01/30 22:10:46 Image size of job updated: 487108
	416  -  MemoryUsage of job (MB)
	425356  -  ResidentSetSize of job (KB)
...
006 (3447350.012.000) 01/30 22:15:46 Image size of job updated: 487108
	416  -  MemoryUsage of job (MB)
	425380  -  ResidentSetSize of job (KB)
...
006 (3447350.012.000) 01/30 22:20:47 Image size of job updated: 487108
	416  -  MemoryUsage of job (MB)
	425532  -  ResidentSetSize of job (KB)
...
006 (3447350.012.000) 01/31 01:36:09 Image size of job updated: 487108
	416  -  MemoryUsage of job (MB)
	425548  -  ResidentSetSize of job (KB)
...
006 (3447350.012.000) 01/31 01:41:09 Image size of job updated: 487108
	416  -  MemoryUsage of job (MB)
	425568  -  ResidentSetSize of job (KB)
...
006 (3447350.012.000) 01/31 01:46:09 Image size of job updated: 487108
	416  -  MemoryUsage of job (MB)
	425576  -  ResidentSetSize of job (KB)
...
006 (3447350.012.000) 01/31 01:56:10 Image size of job updated: 487108
	416  -  MemoryUsage of job (MB)
	425588  -  ResidentSetSize of job (KB)
...
006 (3447350.012.000) 01/31 02:16:12 Image size of job updated: 487108
	416  -  MemoryUsage of job (MB)
	425608  -  ResidentSetSize of job (KB)
...
006 (3447350.012.000) 01/31 02:26:13 Image size of job updated: 487108
	416  -  MemoryUsage of job (MB)
	425640  -  ResidentSetSize of job (KB)
...
006 (3447350.012.000) 01/31 02:41:14 Image size of job updated: 487108
	416  -  MemoryUsage of job (MB)
	425648  -  ResidentSetSize of job (KB)
...
006 (3447350.012.000) 01/31 02:51:15 Image size of job updated: 487108
	416  -  MemoryUsage of job (MB)
	425660  -  ResidentSetSize of job (KB)
...
006 (3447350.012.000) 01/31 03:01:16 Image size of job updated: 487108
	416  -  MemoryUsage of job (MB)
	425668  -  ResidentSetSize of job (KB)
...
006 (3447350.012.000) 01/31 03:11:16 Image size of job updated: 487108
	416  -  MemoryUsage of job (MB)
	425696  -  ResidentSetSize of job (KB)
...
006 (3447350.012.000) 01/31 03:26:18 Image size of job updated: 487108
	416  -  MemoryUsage of job (MB)
	425728  -  ResidentSetSize of job (KB)
...
006 (3447350.012.000) 01/31 03:51:20 Image size of job updated: 487108
	416  -  MemoryUsage of job (MB)
	425744  -  ResidentSetSize of job (KB)
...
006 (3447350.012.000) 01/31 04:06:21 Image size of job updated: 487108
	416  -  MemoryUsage of job (MB)
	425760  -  ResidentSetSize of job (KB)
...
006 (3447350.012.000) 01/31 04:16:23 Image size of job updated: 487108
	416  -  MemoryUsage of job (MB)
	425768  -  ResidentSetSize of job (KB)
...
006 (3447350.012.000) 01/31 04:36:25 Image size of job updated: 487108
	416  -  MemoryUsage of job (MB)
	425796  -  ResidentSetSize of job (KB)
...
006 (3447350.012.000) 01/31 04:51:26 Image size of job updated: 487108
	416  -  MemoryUsage of job (MB)
	425812  -  ResidentSetSize of job (KB)
...
006 (3447350.012.000) 01/31 04:56:26 Image size of job updated: 487108
	416  -  MemoryUsage of job (MB)
	425828  -  ResidentSetSize of job (KB)
...
006 (3447350.012.000) 01/31 05:01:27 Image size of job updated: 487108
	416  -  MemoryUsage of job (MB)
	425896  -  ResidentSetSize of job (KB)
...
006 (3447350.012.000) 01/31 05:11:28 Image size of job updated: 487108
	416  -  MemoryUsage of job (MB)
	425920  -  ResidentSetSize of job (KB)
...
006 (3447350.012.000) 01/31 05:21:29 Image size of job updated: 487108
	416  -  MemoryUsage of job (MB)
	425972  -  ResidentSetSize of job (KB)
...
006 (3447350.012.000) 01/31 05:31:30 Image size of job updated: 487108
	417  -  MemoryUsage of job (MB)
	425992  -  ResidentSetSize of job (KB)
...
006 (3447350.012.000) 01/31 05:36:31 Image size of job updated: 487108
	417  -  MemoryUsage of job (MB)
	426040  -  ResidentSetSize of job (KB)
...
006 (3447350.012.000) 01/31 06:01:34 Image size of job updated: 487108
	417  -  MemoryUsage of job (MB)
	426084  -  ResidentSetSize of job (KB)
...
006 (3447350.012.000) 01/31 06:11:35 Image size of job updated: 487108
	417  -  MemoryUsage of job (MB)
	426104  -  ResidentSetSize of job (KB)
...
006 (3447350.012.000) 01/31 06:31:37 Image size of job updated: 487108
	417  -  MemoryUsage of job (MB)
	426164  -  ResidentSetSize of job (KB)
...
006 (3447350.012.000) 01/31 06:41:38 Image size of job updated: 487108
	417  -  MemoryUsage of job (MB)
	426176  -  ResidentSetSize of job (KB)
...
006 (3447350.012.000) 01/31 07:01:40 Image size of job updated: 487108
	417  -  MemoryUsage of job (MB)
	426236  -  ResidentSetSize of job (KB)
...
006 (3447350.012.000) 01/31 07:11:41 Image size of job updated: 487108
	417  -  MemoryUsage of job (MB)
	426312  -  ResidentSetSize of job (KB)
...
006 (3447350.012.000) 01/31 07:31:43 Image size of job updated: 487108
	417  -  MemoryUsage of job (MB)
	426412  -  ResidentSetSize of job (KB)
...
006 (3447350.012.000) 01/31 07:41:44 Image size of job updated: 487108
	417  -  MemoryUsage of job (MB)
	426488  -  ResidentSetSize of job (KB)
...
006 (3447350.012.000) 01/31 07:46:45 Image size of job updated: 487108
	417  -  MemoryUsage of job (MB)
	426560  -  ResidentSetSize of job (KB)
...
006 (3447350.012.000) 01/31 07:51:45 Image size of job updated: 487108
	417  -  MemoryUsage of job (MB)
	426620  -  ResidentSetSize of job (KB)
...
006 (3447350.012.000) 01/31 07:56:46 Image size of job updated: 487108
	417  -  MemoryUsage of job (MB)
	426632  -  ResidentSetSize of job (KB)
...
006 (3447350.012.000) 01/31 08:01:47 Image size of job updated: 487108
	417  -  MemoryUsage of job (MB)
	426644  -  ResidentSetSize of job (KB)
...
006 (3447350.012.000) 01/31 08:11:47 Image size of job updated: 487108
	417  -  MemoryUsage of job (MB)
	426680  -  ResidentSetSize of job (KB)
...
006 (3447350.012.000) 01/31 08:16:49 Image size of job updated: 487108
	417  -  MemoryUsage of job (MB)
	426700  -  ResidentSetSize of job (KB)
...
006 (3447350.012.000) 01/31 08:26:49 Image size of job updated: 487108
	417  -  MemoryUsage of job (MB)
	426732  -  ResidentSetSize of job (KB)
...
006 (3447350.012.000) 01/31 08:31:50 Image size of job updated: 487108
	417  -  MemoryUsage of job (MB)
	426744  -  ResidentSetSize of job (KB)
...
006 (3447350.012.000) 01/31 08:46:51 Image size of job updated: 487108
	417  -  MemoryUsage of job (MB)
	426756  -  ResidentSetSize of job (KB)
...
006 (3447350.012.000) 01/31 08:51:52 Image size of job updated: 487108
	417  -  MemoryUsage of job (MB)
	426784  -  ResidentSetSize of job (KB)
...
006 (3447350.012.000) 01/31 08:56:53 Image size of job updated: 487108
	417  -  MemoryUsage of job (MB)
	426800  -  ResidentSetSize of job (KB)
...
006 (3447350.012.000) 01/31 09:01:53 Image size of job updated: 487108
	417  -  MemoryUsage of job (MB)
	426824  -  ResidentSetSize of job (KB)
...
006 (3447350.012.000) 01/31 09:06:54 Image size of job updated: 487108
	417  -  MemoryUsage of job (MB)
	426836  -  ResidentSetSize of job (KB)
...
006 (3447350.012.000) 01/31 09:21:55 Image size of job updated: 487108
	417  -  MemoryUsage of job (MB)
	426852  -  ResidentSetSize of job (KB)
...
006 (3447350.012.000) 01/31 09:36:57 Image size of job updated: 487108
	417  -  MemoryUsage of job (MB)
	426864  -  ResidentSetSize of job (KB)
...
006 (3447350.012.000) 01/31 10:01:59 Image size of job updated: 487108
	417  -  MemoryUsage of job (MB)
	426876  -  ResidentSetSize of job (KB)
...
006 (3447350.012.000) 01/31 10:07:01 Image size of job updated: 487108
	417  -  MemoryUsage of job (MB)
	426884  -  ResidentSetSize of job (KB)
...
006 (3447350.012.000) 01/31 10:12:01 Image size of job updated: 487108
	417  -  MemoryUsage of job (MB)
	426916  -  ResidentSetSize of job (KB)
...
006 (3447350.012.000) 01/31 10:42:05 Image size of job updated: 487108
	417  -  MemoryUsage of job (MB)
	426964  -  ResidentSetSize of job (KB)
...
006 (3447350.012.000) 01/31 10:47:05 Image size of job updated: 487108
	417  -  MemoryUsage of job (MB)
	426992  -  ResidentSetSize of job (KB)
...
006 (3447350.012.000) 01/31 11:22:09 Image size of job updated: 487108
	417  -  MemoryUsage of job (MB)
	427000  -  ResidentSetSize of job (KB)
...
006 (3447350.012.000) 01/31 11:32:10 Image size of job updated: 487108
	418  -  MemoryUsage of job (MB)
	427012  -  ResidentSetSize of job (KB)
...
006 (3447350.012.000) 01/31 11:37:10 Image size of job updated: 487108
	418  -  MemoryUsage of job (MB)
	427020  -  ResidentSetSize of job (KB)
...
006 (3447350.012.000) 01/31 11:42:10 Image size of job updated: 487108
	418  -  MemoryUsage of job (MB)
	427024  -  ResidentSetSize of job (KB)
...
006 (3447350.012.000) 01/31 11:47:11 Image size of job updated: 487108
	418  -  MemoryUsage of job (MB)
	427040  -  ResidentSetSize of job (KB)
...
006 (3447350.012.000) 01/31 12:07:14 Image size of job updated: 487108
	418  -  MemoryUsage of job (MB)
	427048  -  ResidentSetSize of job (KB)
...
006 (3447350.012.000) 01/31 12:12:14 Image size of job updated: 487108
	418  -  MemoryUsage of job (MB)
	427064  -  ResidentSetSize of job (KB)
...
006 (3447350.012.000) 01/31 12:27:15 Image size of job updated: 487108
	418  -  MemoryUsage of job (MB)
	427084  -  ResidentSetSize of job (KB)
...
006 (3447350.012.000) 01/31 12:32:15 Image size of job updated: 487108
	418  -  MemoryUsage of job (MB)
	427096  -  ResidentSetSize of job (KB)
...
006 (3447350.012.000) 01/31 12:37:17 Image size of job updated: 487108
	418  -  MemoryUsage of job (MB)
	427116  -  ResidentSetSize of job (KB)
...
006 (3447350.012.000) 01/31 12:42:17 Image size of job updated: 487108
	418  -  MemoryUsage of job (MB)
	427124  -  ResidentSetSize of job (KB)
...
006 (3447350.012.000) 01/31 12:52:18 Image size of job updated: 487108
	418  -  MemoryUsage of job (MB)
	427136  -  ResidentSetSize of job (KB)
...
006 (3447350.012.000) 01/31 13:02:19 Image size of job updated: 487108
	418  -  MemoryUsage of job (MB)
	427144  -  ResidentSetSize of job (KB)
...
006 (3447350.012.000) 01/31 13:07:20 Image size of job updated: 487108
	418  -  MemoryUsage of job (MB)
	427152  -  ResidentSetSize of job (KB)
...
006 (3447350.012.000) 01/31 13:12:21 Image size of job updated: 487108
	418  -  MemoryUsage of job (MB)
	427156  -  ResidentSetSize of job (KB)
...
006 (3447350.012.000) 01/31 13:17:21 Image size of job updated: 487108
	418  -  MemoryUsage of job (MB)
	427172  -  ResidentSetSize of job (KB)
...
006 (3447350.012.000) 01/31 13:22:21 Image size of job updated: 487108
	418  -  MemoryUsage of job (MB)
	427176  -  ResidentSetSize of job (KB)
...
006 (3447350.012.000) 01/31 13:27:22 Image size of job updated: 487108
	418  -  MemoryUsage of job (MB)
	427216  -  ResidentSetSize of job (KB)
...
006 (3447350.012.000) 01/31 13:32:22 Image size of job updated: 487108
	418  -  MemoryUsage of job (MB)
	427244  -  ResidentSetSize of job (KB)
...
006 (3447350.012.000) 01/31 14:12:26 Image size of job updated: 487108
	418  -  MemoryUsage of job (MB)
	427256  -  ResidentSetSize of job (KB)
...
006 (3447350.012.000) 01/31 14:22:27 Image size of job updated: 487108
	418  -  MemoryUsage of job (MB)
	427264  -  ResidentSetSize of job (KB)
...
006 (3447350.012.000) 01/31 14:27:28 Image size of job updated: 487108
	418  -  MemoryUsage of job (MB)
	427268  -  ResidentSetSize of job (KB)
...
006 (3447350.012.000) 01/31 14:32:29 Image size of job updated: 487108
	418  -  MemoryUsage of job (MB)
	427312  -  ResidentSetSize of job (KB)
...
006 (3447350.012.000) 01/31 14:37:29 Image size of job updated: 487108
	418  -  MemoryUsage of job (MB)
	427324  -  ResidentSetSize of job (KB)
...
006 (3447350.012.000) 01/31 14:42:30 Image size of job updated: 487108
	418  -  MemoryUsage of job (MB)
	427328  -  ResidentSetSize of job (KB)
...
006 (3447350.012.000) 01/31 14:47:30 Image size of job updated: 487108
	418  -  MemoryUsage of job (MB)
	427356  -  ResidentSetSize of job (KB)
...
006 (3447350.012.000) 01/31 15:07:33 Image size of job updated: 487108
	418  -  MemoryUsage of job (MB)
	427360  -  ResidentSetSize of job (KB)
...
006 (3447350.012.000) 01/31 15:12:34 Image size of job updated: 487108
	418  -  MemoryUsage of job (MB)
	427364  -  ResidentSetSize of job (KB)
...
006 (3447350.012.000) 01/31 15:17:34 Image size of job updated: 487108
	418  -  MemoryUsage of job (MB)
	427372  -  ResidentSetSize of job (KB)
...
006 (3447350.012.000) 01/31 15:22:34 Image size of job updated: 487108
	418  -  MemoryUsage of job (MB)
	427408  -  ResidentSetSize of job (KB)
...
006 (3447350.012.000) 01/31 15:27:35 Image size of job updated: 487108
	418  -  MemoryUsage of job (MB)
	427440  -  ResidentSetSize of job (KB)
...
006 (3447350.012.000) 01/31 15:37:35 Image size of job updated: 487108
	418  -  MemoryUsage of job (MB)
	427456  -  ResidentSetSize of job (KB)
...
006 (3447350.012.000) 01/31 15:42:36 Image size of job updated: 487108
	418  -  MemoryUsage of job (MB)
	427484  -  ResidentSetSize of job (KB)
...
006 (3447350.012.000) 01/31 16:02:38 Image size of job updated: 487108
	418  -  MemoryUsage of job (MB)
	427496  -  ResidentSetSize of job (KB)
...
006 (3447350.012.000) 01/31 16:07:38 Image size of job updated: 487108
	418  -  MemoryUsage of job (MB)
	427500  -  ResidentSetSize of job (KB)
...
006 (3447350.012.000) 01/31 16:17:40 Image size of job updated: 487108
	418  -  MemoryUsage of job (MB)
	427516  -  ResidentSetSize of job (KB)
...
006 (3447350.012.000) 01/31 16:37:42 Image size of job updated: 487108
	418  -  MemoryUsage of job (MB)
	427560  -  ResidentSetSize of job (KB)
...
006 (3447350.012.000) 01/31 16:42:43 Image size of job updated: 487108
	418  -  MemoryUsage of job (MB)
	427584  -  ResidentSetSize of job (KB)
...
006 (3447350.012.000) 01/31 16:47:44 Image size of job updated: 487108
	418  -  MemoryUsage of job (MB)
	427596  -  ResidentSetSize of job (KB)
...
006 (3447350.012.000) 01/31 16:52:44 Image size of job updated: 487108
	418  -  MemoryUsage of job (MB)
	427620  -  ResidentSetSize of job (KB)
...
006 (3447350.012.000) 01/31 16:57:45 Image size of job updated: 487108
	418  -  MemoryUsage of job (MB)
	427624  -  ResidentSetSize of job (KB)
...
006 (3447350.012.000) 01/31 17:07:46 Image size of job updated: 487108
	418  -  MemoryUsage of job (MB)
	427656  -  ResidentSetSize of job (KB)
...
006 (3447350.012.000) 01/31 17:23:59 Image size of job updated: 487108
	418  -  MemoryUsage of job (MB)
	427680  -  ResidentSetSize of job (KB)
...
006 (3447350.012.000) 01/31 17:54:04 Image size of job updated: 487108
	418  -  MemoryUsage of job (MB)
	427708  -  ResidentSetSize of job (KB)
...
006 (3447350.012.000) 01/31 18:14:14 Image size of job updated: 487108
	418  -  MemoryUsage of job (MB)
	427724  -  ResidentSetSize of job (KB)
...
006 (3447350.012.000) 01/31 18:29:42 Image size of job updated: 487108
	418  -  MemoryUsage of job (MB)
	427824  -  ResidentSetSize of job (KB)
...
006 (3447350.012.000) 01/31 18:49:29 Image size of job updated: 487108
	418  -  MemoryUsage of job (MB)
	427828  -  ResidentSetSize of job (KB)
...
006 (3447350.012.000) 01/31 18:59:30 Image size of job updated: 487108
	418  -  MemoryUsage of job (MB)
	427836  -  ResidentSetSize of job (KB)
...
006 (3447350.012.000) 01/31 19:04:30 Image size of job updated: 487108
	418  -  MemoryUsage of job (MB)
	427860  -  ResidentSetSize of job (KB)
...
006 (3447350.012.000) 01/31 19:09:52 Image size of job updated: 487108
	418  -  MemoryUsage of job (MB)
	427868  -  ResidentSetSize of job (KB)
...
006 (3447350.012.000) 01/31 19:14:31 Image size of job updated: 487108
	418  -  MemoryUsage of job (MB)
	427908  -  ResidentSetSize of job (KB)
...
006 (3447350.012.000) 01/31 19:29:33 Image size of job updated: 487108
	418  -  MemoryUsage of job (MB)
	427928  -  ResidentSetSize of job (KB)
...
006 (3447350.012.000) 01/31 19:44:35 Image size of job updated: 487108
	418  -  MemoryUsage of job (MB)
	427956  -  ResidentSetSize of job (KB)
...
006 (3447350.012.000) 01/31 19:49:36 Image size of job updated: 487108
	418  -  MemoryUsage of job (MB)
	427984  -  ResidentSetSize of job (KB)
...
006 (3447350.012.000) 01/31 19:54:36 Image size of job updated: 487108
	418  -  MemoryUsage of job (MB)
	428012  -  ResidentSetSize of job (KB)
...
006 (3447350.012.000) 01/31 20:43:41 Image size of job updated: 487108
	419  -  MemoryUsage of job (MB)
	428084  -  ResidentSetSize of job (KB)
...
006 (3447350.012.000) 01/31 21:07:07 Image size of job updated: 487108
	419  -  MemoryUsage of job (MB)
	428104  -  ResidentSetSize of job (KB)
...
006 (3447350.012.000) 01/31 21:21:11 Image size of job updated: 487108
	419  -  MemoryUsage of job (MB)
	428176  -  ResidentSetSize of job (KB)
...
006 (3447350.012.000) 01/31 21:39:42 Image size of job updated: 487108
	419  -  MemoryUsage of job (MB)
	428196  -  ResidentSetSize of job (KB)
...
006 (3447350.012.000) 01/31 21:44:43 Image size of job updated: 487108
	419  -  MemoryUsage of job (MB)
	428208  -  ResidentSetSize of job (KB)
...
006 (3447350.012.000) 01/31 21:49:43 Image size of job updated: 487108
	419  -  MemoryUsage of job (MB)
	428260  -  ResidentSetSize of job (KB)
...
006 (3447350.012.000) 01/31 21:54:43 Image size of job updated: 487108
	419  -  MemoryUsage of job (MB)
	428408  -  ResidentSetSize of job (KB)
...
006 (3447350.012.000) 01/31 21:59:44 Image size of job updated: 487108
	419  -  MemoryUsage of job (MB)
	428428  -  ResidentSetSize of job (KB)
...
006 (3447350.012.000) 01/31 23:09:51 Image size of job updated: 487108
	419  -  MemoryUsage of job (MB)
	428452  -  ResidentSetSize of job (KB)
...
006 (3447350.012.000) 01/31 23:14:51 Image size of job updated: 487108
	419  -  MemoryUsage of job (MB)
	428476  -  ResidentSetSize of job (KB)
...
006 (3447350.012.000) 01/31 23:19:52 Image size of job updated: 487108
	419  -  MemoryUsage of job (MB)
	428504  -  ResidentSetSize of job (KB)
...
006 (3447350.012.000) 01/31 23:24:52 Image size of job updated: 487108
	419  -  MemoryUsage of job (MB)
	428536  -  ResidentSetSize of job (KB)
...
006 (3447350.012.000) 01/31 23:29:52 Image size of job updated: 487108
	419  -  MemoryUsage of job (MB)
	428584  -  ResidentSetSize of job (KB)
...
006 (3447350.012.000) 01/31 23:44:53 Image size of job updated: 487108
	419  -  MemoryUsage of job (MB)
	428632  -  ResidentSetSize of job (KB)
...
006 (3447350.012.000) 01/31 23:54:55 Image size of job updated: 487108
	419  -  MemoryUsage of job (MB)
	428684  -  ResidentSetSize of job (KB)
...
006 (3447350.012.000) 02/01 00:19:57 Image size of job updated: 487108
	419  -  MemoryUsage of job (MB)
	428692  -  ResidentSetSize of job (KB)
...
006 (3447350.012.000) 02/01 00:29:58 Image size of job updated: 487108
	419  -  MemoryUsage of job (MB)
	428712  -  ResidentSetSize of job (KB)
...
006 (3447350.012.000) 02/01 00:34:58 Image size of job updated: 487108
	419  -  MemoryUsage of job (MB)
	428720  -  ResidentSetSize of job (KB)
...
006 (3447350.012.000) 02/01 00:39:59 Image size of job updated: 487108
	419  -  MemoryUsage of job (MB)
	428724  -  ResidentSetSize of job (KB)
...
006 (3447350.012.000) 02/01 00:45:00 Image size of job updated: 487108
	419  -  MemoryUsage of job (MB)
	428752  -  ResidentSetSize of job (KB)
...
006 (3447350.012.000) 02/01 00:55:01 Image size of job updated: 487108
	419  -  MemoryUsage of job (MB)
	428760  -  ResidentSetSize of job (KB)
...
006 (3447350.012.000) 02/01 01:00:02 Image size of job updated: 487108
	419  -  MemoryUsage of job (MB)
	428764  -  ResidentSetSize of job (KB)
...
006 (3447350.012.000) 02/01 01:05:02 Image size of job updated: 487108
	419  -  MemoryUsage of job (MB)
	428780  -  ResidentSetSize of job (KB)
...
006 (3447350.012.000) 02/01 01:11:49 Image size of job updated: 487108
	419  -  MemoryUsage of job (MB)
	428800  -  ResidentSetSize of job (KB)
...
006 (3447350.012.000) 02/01 01:17:06 Image size of job updated: 487108
	419  -  MemoryUsage of job (MB)
	428816  -  ResidentSetSize of job (KB)
...
006 (3447350.012.000) 02/01 01:32:08 Image size of job updated: 487108
	419  -  MemoryUsage of job (MB)
	428820  -  ResidentSetSize of job (KB)
...
006 (3447350.012.000) 02/01 01:37:09 Image size of job updated: 487108
	419  -  MemoryUsage of job (MB)
	428844  -  ResidentSetSize of job (KB)
...
006 (3447350.012.000) 02/01 01:42:10 Image size of job updated: 487108
	419  -  MemoryUsage of job (MB)
	428848  -  ResidentSetSize of job (KB)
...
006 (3447350.012.000) 02/01 01:47:10 Image size of job updated: 487108
	419  -  MemoryUsage of job (MB)
	428864  -  ResidentSetSize of job (KB)
...
006 (3447350.012.000) 02/01 01:52:11 Image size of job updated: 487108
	419  -  MemoryUsage of job (MB)
	428880  -  ResidentSetSize of job (KB)
...
006 (3447350.012.000) 02/01 01:57:12 Image size of job updated: 487108
	419  -  MemoryUsage of job (MB)
	428884  -  ResidentSetSize of job (KB)
...
006 (3447350.012.000) 02/01 02:02:12 Image size of job updated: 487108
	419  -  MemoryUsage of job (MB)
	428912  -  ResidentSetSize of job (KB)
...
006 (3447350.012.000) 02/01 02:12:14 Image size of job updated: 487108
	419  -  MemoryUsage of job (MB)
	428928  -  ResidentSetSize of job (KB)
...
006 (3447350.012.000) 02/01 02:17:14 Image size of job updated: 487108
	419  -  MemoryUsage of job (MB)
	428968  -  ResidentSetSize of job (KB)
...
006 (3447350.012.000) 02/01 02:42:18 Image size of job updated: 487108
	419  -  MemoryUsage of job (MB)
	428988  -  ResidentSetSize of job (KB)
...
006 (3447350.012.000) 02/01 02:47:18 Image size of job updated: 487108
	419  -  MemoryUsage of job (MB)
	429016  -  ResidentSetSize of job (KB)
...
006 (3447350.012.000) 02/01 02:52:18 Image size of job updated: 487108
	419  -  MemoryUsage of job (MB)
	429028  -  ResidentSetSize of job (KB)
...
006 (3447350.012.000) 02/01 03:07:19 Image size of job updated: 487108
	419  -  MemoryUsage of job (MB)
	429032  -  ResidentSetSize of job (KB)
...
006 (3447350.012.000) 02/01 03:22:20 Image size of job updated: 487108
	420  -  MemoryUsage of job (MB)
	429060  -  ResidentSetSize of job (KB)
...
006 (3447350.012.000) 02/01 03:27:22 Image size of job updated: 487108
	420  -  MemoryUsage of job (MB)
	429080  -  ResidentSetSize of job (KB)
...
006 (3447350.012.000) 02/01 03:32:22 Image size of job updated: 487108
	420  -  MemoryUsage of job (MB)
	429088  -  ResidentSetSize of job (KB)
...
006 (3447350.012.000) 02/01 03:37:22 Image size of job updated: 487108
	420  -  MemoryUsage of job (MB)
	429104  -  ResidentSetSize of job (KB)
...
006 (3447350.012.000) 02/01 03:47:24 Image size of job updated: 487108
	420  -  MemoryUsage of job (MB)
	429112  -  ResidentSetSize of job (KB)
...
006 (3447350.012.000) 02/01 03:57:25 Image size of job updated: 487108
	420  -  MemoryUsage of job (MB)
	429148  -  ResidentSetSize of job (KB)
...
006 (3447350.012.000) 02/01 04:02:26 Image size of job updated: 487108
	420  -  MemoryUsage of job (MB)
	429172  -  ResidentSetSize of job (KB)
...
006 (3447350.012.000) 02/01 04:27:29 Image size of job updated: 487108
	420  -  MemoryUsage of job (MB)
	429212  -  ResidentSetSize of job (KB)
...
006 (3447350.012.000) 02/01 04:42:31 Image size of job updated: 487108
	420  -  MemoryUsage of job (MB)
	429240  -  ResidentSetSize of job (KB)
...
006 (3447350.012.000) 02/01 04:52:32 Image size of job updated: 487108
	420  -  MemoryUsage of job (MB)
	429256  -  ResidentSetSize of job (KB)
...
006 (3447350.012.000) 02/01 04:57:33 Image size of job updated: 487108
	420  -  MemoryUsage of job (MB)
	429276  -  ResidentSetSize of job (KB)
...
006 (3447350.012.000) 02/01 05:02:34 Image size of job updated: 487108
	420  -  MemoryUsage of job (MB)
	429316  -  ResidentSetSize of job (KB)
...
006 (3447350.012.000) 02/01 05:12:35 Image size of job updated: 487108
	420  -  MemoryUsage of job (MB)
	429320  -  ResidentSetSize of job (KB)
...
006 (3447350.012.000) 02/01 05:17:36 Image size of job updated: 487108
	420  -  MemoryUsage of job (MB)
	429332  -  ResidentSetSize of job (KB)
...
006 (3447350.012.000) 02/01 05:32:38 Image size of job updated: 487108
	420  -  MemoryUsage of job (MB)
	429352  -  ResidentSetSize of job (KB)
...
006 (3447350.012.000) 02/01 05:37:38 Image size of job updated: 487108
	420  -  MemoryUsage of job (MB)
	429380  -  ResidentSetSize of job (KB)
...
006 (3447350.012.000) 02/01 05:42:38 Image size of job updated: 487108
	420  -  MemoryUsage of job (MB)
	429388  -  ResidentSetSize of job (KB)
...
006 (3447350.012.000) 02/01 05:47:39 Image size of job updated: 487108
	420  -  MemoryUsage of job (MB)
	429396  -  ResidentSetSize of job (KB)
...
006 (3447350.012.000) 02/01 05:57:39 Image size of job updated: 487108
	420  -  MemoryUsage of job (MB)
	429424  -  ResidentSetSize of job (KB)
...
006 (3447350.012.000) 02/01 06:22:41 Image size of job updated: 487108
	420  -  MemoryUsage of job (MB)
	429448  -  ResidentSetSize of job (KB)
...
006 (3447350.012.000) 02/01 06:27:41 Image size of job updated: 487108
	420  -  MemoryUsage of job (MB)
	429460  -  ResidentSetSize of job (KB)
...
006 (3447350.012.000) 02/01 06:32:42 Image size of job updated: 487108
	420  -  MemoryUsage of job (MB)
	429464  -  ResidentSetSize of job (KB)
...
006 (3447350.012.000) 02/01 06:37:42 Image size of job updated: 487108
	420  -  MemoryUsage of job (MB)
	429476  -  ResidentSetSize of job (KB)
...
006 (3447350.012.000) 02/01 06:42:42 Image size of job updated: 487108
	420  -  MemoryUsage of job (MB)
	429500  -  ResidentSetSize of job (KB)
...
006 (3447350.012.000) 02/01 06:57:44 Image size of job updated: 487108
	420  -  MemoryUsage of job (MB)
	429528  -  ResidentSetSize of job (KB)
...
006 (3447350.012.000) 02/01 07:07:46 Image size of job updated: 487108
	420  -  MemoryUsage of job (MB)
	429552  -  ResidentSetSize of job (KB)
...
006 (3447350.012.000) 02/01 07:12:46 Image size of job updated: 487108
	420  -  MemoryUsage of job (MB)
	429592  -  ResidentSetSize of job (KB)
...
006 (3447350.012.000) 02/01 07:17:47 Image size of job updated: 487108
	420  -  MemoryUsage of job (MB)
	429628  -  ResidentSetSize of job (KB)
...
006 (3447350.012.000) 02/01 07:22:48 Image size of job updated: 487108
	420  -  MemoryUsage of job (MB)
	429632  -  ResidentSetSize of job (KB)
...
006 (3447350.012.000) 02/01 07:42:50 Image size of job updated: 487108
	420  -  MemoryUsage of job (MB)
	429652  -  ResidentSetSize of job (KB)
...
006 (3447350.012.000) 02/01 08:02:53 Image size of job updated: 487108
	420  -  MemoryUsage of job (MB)
	429680  -  ResidentSetSize of job (KB)
...
006 (3447350.012.000) 02/01 08:07:54 Image size of job updated: 487108
	420  -  MemoryUsage of job (MB)
	429712  -  ResidentSetSize of job (KB)
...
006 (3447350.012.000) 02/01 08:14:45 Image size of job updated: 487108
	420  -  MemoryUsage of job (MB)
	429716  -  ResidentSetSize of job (KB)
...
006 (3447350.012.000) 02/01 08:35:20 Image size of job updated: 487108
	420  -  MemoryUsage of job (MB)
	429728  -  ResidentSetSize of job (KB)
...
006 (3447350.012.000) 02/01 08:40:21 Image size of job updated: 487108
	420  -  MemoryUsage of job (MB)
	429768  -  ResidentSetSize of job (KB)
...
006 (3447350.012.000) 02/01 08:45:21 Image size of job updated: 487108
	420  -  MemoryUsage of job (MB)
	429784  -  ResidentSetSize of job (KB)
...
006 (3447350.012.000) 02/01 08:50:22 Image size of job updated: 487108
	420  -  MemoryUsage of job (MB)
	429840  -  ResidentSetSize of job (KB)
...
006 (3447350.012.000) 02/01 09:15:25 Image size of job updated: 487108
	420  -  MemoryUsage of job (MB)
	429848  -  ResidentSetSize of job (KB)
...
006 (3447350.012.000) 02/01 09:20:25 Image size of job updated: 487108
	420  -  MemoryUsage of job (MB)
	429864  -  ResidentSetSize of job (KB)
...
006 (3447350.012.000) 02/01 09:35:26 Image size of job updated: 487108
	420  -  MemoryUsage of job (MB)
	429876  -  ResidentSetSize of job (KB)
...
006 (3447350.012.000) 02/01 09:45:27 Image size of job updated: 487108
	420  -  MemoryUsage of job (MB)
	429896  -  ResidentSetSize of job (KB)
...
006 (3447350.012.000) 02/01 09:50:27 Image size of job updated: 487108
	420  -  MemoryUsage of job (MB)
	429904  -  ResidentSetSize of job (KB)
...
006 (3447350.012.000) 02/01 09:55:28 Image size of job updated: 487108
	420  -  MemoryUsage of job (MB)
	429932  -  ResidentSetSize of job (KB)
...
006 (3447350.012.000) 02/01 10:00:28 Image size of job updated: 487108
	420  -  MemoryUsage of job (MB)
	429972  -  ResidentSetSize of job (KB)
...
006 (3447350.012.000) 02/01 10:05:28 Image size of job updated: 487108
	420  -  MemoryUsage of job (MB)
	430000  -  ResidentSetSize of job (KB)
...
006 (3447350.012.000) 02/01 10:11:15 Image size of job updated: 487108
	420  -  MemoryUsage of job (MB)
	430012  -  ResidentSetSize of job (KB)
...
006 (3447350.012.000) 02/01 10:25:30 Image size of job updated: 487108
	420  -  MemoryUsage of job (MB)
	430036  -  ResidentSetSize of job (KB)
...
006 (3447350.012.000) 02/01 10:30:31 Image size of job updated: 487108
	420  -  MemoryUsage of job (MB)
	430064  -  ResidentSetSize of job (KB)
...
006 (3447350.012.000) 02/01 10:50:34 Image size of job updated: 487108
	420  -  MemoryUsage of job (MB)
	430080  -  ResidentSetSize of job (KB)
...
006 (3447350.012.000) 02/01 11:00:35 Image size of job updated: 487108
	421  -  MemoryUsage of job (MB)
	430092  -  ResidentSetSize of job (KB)
...
006 (3447350.012.000) 02/01 11:05:36 Image size of job updated: 487108
	421  -  MemoryUsage of job (MB)
	430096  -  ResidentSetSize of job (KB)
...
006 (3447350.012.000) 02/01 11:10:36 Image size of job updated: 487108
	421  -  MemoryUsage of job (MB)
	430108  -  ResidentSetSize of job (KB)
...
006 (3447350.012.000) 02/01 11:15:36 Image size of job updated: 487108
	421  -  MemoryUsage of job (MB)
	430124  -  ResidentSetSize of job (KB)
...
006 (3447350.012.000) 02/01 11:20:37 Image size of job updated: 487108
	421  -  MemoryUsage of job (MB)
	430136  -  ResidentSetSize of job (KB)
...
006 (3447350.012.000) 02/01 11:25:37 Image size of job updated: 487108
	421  -  MemoryUsage of job (MB)
	430144  -  ResidentSetSize of job (KB)
...
006 (3447350.012.000) 02/01 11:31:10 Image size of job updated: 487108
	421  -  MemoryUsage of job (MB)
	430168  -  ResidentSetSize of job (KB)
...
006 (3447350.012.000) 02/01 11:40:39 Image size of job updated: 487108
	421  -  MemoryUsage of job (MB)
	430192  -  ResidentSetSize of job (KB)
...
006 (3447350.012.000) 02/01 11:45:39 Image size of job updated: 487108
	421  -  MemoryUsage of job (MB)
	430200  -  ResidentSetSize of job (KB)
...
006 (3447350.012.000) 02/01 11:50:39 Image size of job updated: 487108
	421  -  MemoryUsage of job (MB)
	430248  -  ResidentSetSize of job (KB)
...
006 (3447350.012.000) 02/01 11:55:41 Image size of job updated: 487108
	421  -  MemoryUsage of job (MB)
	430272  -  ResidentSetSize of job (KB)
...
006 (3447350.012.000) 02/01 12:05:41 Image size of job updated: 487108
	421  -  MemoryUsage of job (MB)
	430296  -  ResidentSetSize of job (KB)
...
006 (3447350.012.000) 02/01 12:15:43 Image size of job updated: 487108
	421  -  MemoryUsage of job (MB)
	430304  -  ResidentSetSize of job (KB)
...
006 (3447350.012.000) 02/01 12:25:44 Image size of job updated: 487108
	421  -  MemoryUsage of job (MB)
	430320  -  ResidentSetSize of job (KB)
...
006 (3447350.012.000) 02/01 12:35:46 Image size of job updated: 487108
	421  -  MemoryUsage of job (MB)
	430348  -  ResidentSetSize of job (KB)
...
006 (3447350.012.000) 02/01 12:40:47 Image size of job updated: 487108
	421  -  MemoryUsage of job (MB)
	430364  -  ResidentSetSize of job (KB)
...
006 (3447350.012.000) 02/01 12:50:48 Image size of job updated: 487108
	421  -  MemoryUsage of job (MB)
	430404  -  ResidentSetSize of job (KB)
...
006 (3447350.012.000) 02/01 12:55:49 Image size of job updated: 487108
	421  -  MemoryUsage of job (MB)
	430408  -  ResidentSetSize of job (KB)
...
006 (3447350.012.000) 02/01 13:00:49 Image size of job updated: 487108
	421  -  MemoryUsage of job (MB)
	430460  -  ResidentSetSize of job (KB)
...
006 (3447350.012.000) 02/01 13:15:50 Image size of job updated: 487108
	421  -  MemoryUsage of job (MB)
	430472  -  ResidentSetSize of job (KB)
...
006 (3447350.012.000) 02/01 13:20:50 Image size of job updated: 487108
	421  -  MemoryUsage of job (MB)
	430492  -  ResidentSetSize of job (KB)
...
006 (3447350.012.000) 02/01 13:25:51 Image size of job updated: 487108
	421  -  MemoryUsage of job (MB)
	430512  -  ResidentSetSize of job (KB)
...
006 (3447350.012.000) 02/01 13:30:51 Image size of job updated: 487108
	421  -  MemoryUsage of job (MB)
	430532  -  ResidentSetSize of job (KB)
...
006 (3447350.012.000) 02/01 13:45:52 Image size of job updated: 487108
	421  -  MemoryUsage of job (MB)
	430544  -  ResidentSetSize of job (KB)
...
006 (3447350.012.000) 02/01 13:50:53 Image size of job updated: 487108
	421  -  MemoryUsage of job (MB)
	430576  -  ResidentSetSize of job (KB)
...
006 (3447350.012.000) 02/01 13:55:54 Image size of job updated: 487108
	421  -  MemoryUsage of job (MB)
	430580  -  ResidentSetSize of job (KB)
...
006 (3447350.012.000) 02/01 14:00:54 Image size of job updated: 487108
	421  -  MemoryUsage of job (MB)
	430628  -  ResidentSetSize of job (KB)
...
006 (3447350.012.000) 02/01 14:15:56 Image size of job updated: 487108
	421  -  MemoryUsage of job (MB)
	430640  -  ResidentSetSize of job (KB)
...
006 (3447350.012.000) 02/01 14:20:57 Image size of job updated: 487108
	421  -  MemoryUsage of job (MB)
	430652  -  ResidentSetSize of job (KB)
...
006 (3447350.012.000) 02/01 14:25:58 Image size of job updated: 487108
	421  -  MemoryUsage of job (MB)
	430712  -  ResidentSetSize of job (KB)
...
006 (3447350.012.000) 02/01 14:35:59 Image size of job updated: 487108
	421  -  MemoryUsage of job (MB)
	430720  -  ResidentSetSize of job (KB)
...
006 (3447350.012.000) 02/01 14:46:00 Image size of job updated: 487108
	421  -  MemoryUsage of job (MB)
	430748  -  ResidentSetSize of job (KB)
...
006 (3447350.012.000) 02/01 15:01:01 Image size of job updated: 487108
	421  -  MemoryUsage of job (MB)
	430784  -  ResidentSetSize of job (KB)
...
006 (3447350.012.000) 02/01 15:06:01 Image size of job updated: 487108
	421  -  MemoryUsage of job (MB)
	430788  -  ResidentSetSize of job (KB)
...
006 (3447350.012.000) 02/01 15:11:02 Image size of job updated: 487108
	421  -  MemoryUsage of job (MB)
	430820  -  ResidentSetSize of job (KB)
...
006 (3447350.012.000) 02/01 15:16:03 Image size of job updated: 487108
	421  -  MemoryUsage of job (MB)
	430844  -  ResidentSetSize of job (KB)
...
006 (3447350.012.000) 02/01 15:21:03 Image size of job updated: 487108
	421  -  MemoryUsage of job (MB)
	430864  -  ResidentSetSize of job (KB)
...
006 (3447350.012.000) 02/01 15:26:04 Image size of job updated: 487108
	421  -  MemoryUsage of job (MB)
	430908  -  ResidentSetSize of job (KB)
...
006 (3447350.012.000) 02/01 15:38:21 Image size of job updated: 487108
	421  -  MemoryUsage of job (MB)
	430928  -  ResidentSetSize of job (KB)
...
006 (3447350.012.000) 02/01 15:45:12 Image size of job updated: 487108
	421  -  MemoryUsage of job (MB)
	430956  -  ResidentSetSize of job (KB)
...
006 (3447350.012.000) 02/01 15:50:42 Image size of job updated: 487108
	421  -  MemoryUsage of job (MB)
	430960  -  ResidentSetSize of job (KB)
...
006 (3447350.012.000) 02/01 15:55:42 Image size of job updated: 487108
	421  -  MemoryUsage of job (MB)
	430980  -  ResidentSetSize of job (KB)
...
040 (3447350.012.000) 02/01 19:28:57 Started transferring input files
	Transferring to host: <188.184.211.189:9618?addrs=188.184.211.189-9618+[2001-1458-301-10b--100-1bb]-9618&noUDP&sock=20348_c1b5_200524>
...
040 (3447350.012.000) 02/01 19:28:57 Finished transferring input files
...
001 (3447350.012.000) 02/01 19:28:58 Job executing on host: <188.184.211.189:9618?addrs=188.184.211.189-9618+[2001-1458-301-10b--100-1bb]-9618&noUDP&sock=20214_b37e_3>
...
040 (3447350.012.000) 02/01 19:29:31 Started transferring output files
...
040 (3447350.012.000) 02/01 19:29:32 Finished transferring output files
...
005 (3447350.012.000) 02/01 19:29:32 Job terminated.
	(1) Normal termination (return value 0)
		Usr 0 00:00:07, Sys 0 00:00:04  -  Run Remote Usage
		Usr 0 00:00:00, Sys 0 00:00:00  -  Run Local Usage
		Usr 0 00:00:07, Sys 0 00:00:04  -  Total Remote Usage
		Usr 0 00:00:00, Sys 0 00:00:00  -  Total Local Usage
	9715  -  Run Bytes Sent By Job
	493  -  Run Bytes Received By Job
	9715  -  Total Bytes Sent By Job
	986  -  Total Bytes Received By Job
	Partitionable Resources :    Usage  Request Allocated 
	   Cpus                 :                 1           
	   Disk (KB)            :       24       40   2618982 
	   Memory (MB)          :      440     2000      2000 
...
