000 (3444394.002.000) 01/29 18:50:25 Job submitted from host: <188.185.71.142:9618?addrs=188.185.71.142-9618+[2001-1458-d00-7--100-388]-9618&alias=bigbird09.cern.ch&noUDP&sock=schedd_2208_1533_7>
...
040 (3444394.002.000) 01/29 20:06:46 Started transferring input files
	Transferring to host: <188.184.213.121:9618?addrs=188.184.213.121-9618+[2001-1458-301-10c--100-170]-9618&noUDP&sock=7590_976e_181670>
...
040 (3444394.002.000) 01/29 20:06:47 Finished transferring input files
...
001 (3444394.002.000) 01/29 20:06:48 Job executing on host: <188.184.213.121:9618?addrs=188.184.213.121-9618+[2001-1458-301-10c--100-170]-9618&noUDP&sock=5701_fd83_3>
...
006 (3444394.002.000) 01/29 20:06:56 Image size of job updated: 4536
	4  -  MemoryUsage of job (MB)
	4052  -  ResidentSetSize of job (KB)
...
006 (3444394.002.000) 01/29 20:11:56 Image size of job updated: 402392
	354  -  MemoryUsage of job (MB)
	362292  -  ResidentSetSize of job (KB)
...
006 (3444394.002.000) 01/29 20:16:56 Image size of job updated: 402400
	354  -  MemoryUsage of job (MB)
	362300  -  ResidentSetSize of job (KB)
...
006 (3444394.002.000) 01/29 20:21:57 Image size of job updated: 402408
	354  -  MemoryUsage of job (MB)
	362308  -  ResidentSetSize of job (KB)
...
006 (3444394.002.000) 01/29 20:26:58 Image size of job updated: 402412
	354  -  MemoryUsage of job (MB)
	362312  -  ResidentSetSize of job (KB)
...
006 (3444394.002.000) 01/29 20:52:00 Image size of job updated: 402432
	354  -  MemoryUsage of job (MB)
	362332  -  ResidentSetSize of job (KB)
...
006 (3444394.002.000) 01/29 23:12:15 Image size of job updated: 402432
	354  -  MemoryUsage of job (MB)
	362336  -  ResidentSetSize of job (KB)
...
006 (3444394.002.000) 01/29 23:17:15 Image size of job updated: 402432
	355  -  MemoryUsage of job (MB)
	362704  -  ResidentSetSize of job (KB)
...
006 (3444394.002.000) 01/29 23:22:15 Image size of job updated: 402432
	355  -  MemoryUsage of job (MB)
	362740  -  ResidentSetSize of job (KB)
...
006 (3444394.002.000) 01/29 23:52:19 Image size of job updated: 402432
	355  -  MemoryUsage of job (MB)
	362768  -  ResidentSetSize of job (KB)
...
006 (3444394.002.000) 01/30 00:12:21 Image size of job updated: 402432
	355  -  MemoryUsage of job (MB)
	362772  -  ResidentSetSize of job (KB)
...
006 (3444394.002.000) 01/30 00:17:21 Image size of job updated: 402432
	355  -  MemoryUsage of job (MB)
	362860  -  ResidentSetSize of job (KB)
...
006 (3444394.002.000) 01/30 00:22:22 Image size of job updated: 402432
	355  -  MemoryUsage of job (MB)
	362912  -  ResidentSetSize of job (KB)
...
006 (3444394.002.000) 01/30 00:27:23 Image size of job updated: 402432
	355  -  MemoryUsage of job (MB)
	363164  -  ResidentSetSize of job (KB)
...
006 (3444394.002.000) 01/30 00:32:23 Image size of job updated: 402432
	355  -  MemoryUsage of job (MB)
	363172  -  ResidentSetSize of job (KB)
...
006 (3444394.002.000) 01/30 00:37:23 Image size of job updated: 402432
	355  -  MemoryUsage of job (MB)
	363276  -  ResidentSetSize of job (KB)
...
006 (3444394.002.000) 01/30 00:42:24 Image size of job updated: 402432
	355  -  MemoryUsage of job (MB)
	363392  -  ResidentSetSize of job (KB)
...
006 (3444394.002.000) 01/30 00:47:25 Image size of job updated: 402432
	355  -  MemoryUsage of job (MB)
	363516  -  ResidentSetSize of job (KB)
...
006 (3444394.002.000) 01/30 00:52:25 Image size of job updated: 402432
	356  -  MemoryUsage of job (MB)
	363612  -  ResidentSetSize of job (KB)
...
006 (3444394.002.000) 01/30 00:57:25 Image size of job updated: 402432
	356  -  MemoryUsage of job (MB)
	363724  -  ResidentSetSize of job (KB)
...
006 (3444394.002.000) 01/30 01:02:26 Image size of job updated: 402432
	356  -  MemoryUsage of job (MB)
	363768  -  ResidentSetSize of job (KB)
...
006 (3444394.002.000) 01/30 01:07:26 Image size of job updated: 402432
	356  -  MemoryUsage of job (MB)
	363840  -  ResidentSetSize of job (KB)
...
006 (3444394.002.000) 01/30 01:12:26 Image size of job updated: 402432
	356  -  MemoryUsage of job (MB)
	363956  -  ResidentSetSize of job (KB)
...
006 (3444394.002.000) 01/30 01:17:27 Image size of job updated: 402432
	356  -  MemoryUsage of job (MB)
	364124  -  ResidentSetSize of job (KB)
...
006 (3444394.002.000) 01/30 01:22:28 Image size of job updated: 402432
	356  -  MemoryUsage of job (MB)
	364232  -  ResidentSetSize of job (KB)
...
006 (3444394.002.000) 01/30 01:27:28 Image size of job updated: 402432
	357  -  MemoryUsage of job (MB)
	364548  -  ResidentSetSize of job (KB)
...
006 (3444394.002.000) 01/30 01:32:28 Image size of job updated: 402432
	357  -  MemoryUsage of job (MB)
	364604  -  ResidentSetSize of job (KB)
...
006 (3444394.002.000) 01/30 01:52:30 Image size of job updated: 402432
	357  -  MemoryUsage of job (MB)
	364720  -  ResidentSetSize of job (KB)
...
006 (3444394.002.000) 01/30 01:57:31 Image size of job updated: 402432
	357  -  MemoryUsage of job (MB)
	364824  -  ResidentSetSize of job (KB)
...
006 (3444394.002.000) 01/30 02:02:32 Image size of job updated: 402432
	357  -  MemoryUsage of job (MB)
	364860  -  ResidentSetSize of job (KB)
...
006 (3444394.002.000) 01/30 02:07:32 Image size of job updated: 402432
	357  -  MemoryUsage of job (MB)
	364944  -  ResidentSetSize of job (KB)
...
006 (3444394.002.000) 01/30 02:12:32 Image size of job updated: 402432
	357  -  MemoryUsage of job (MB)
	364980  -  ResidentSetSize of job (KB)
...
006 (3444394.002.000) 01/30 02:17:33 Image size of job updated: 402432
	357  -  MemoryUsage of job (MB)
	365028  -  ResidentSetSize of job (KB)
...
006 (3444394.002.000) 01/30 02:22:34 Image size of job updated: 402432
	357  -  MemoryUsage of job (MB)
	365148  -  ResidentSetSize of job (KB)
...
006 (3444394.002.000) 01/30 02:27:34 Image size of job updated: 402432
	357  -  MemoryUsage of job (MB)
	365256  -  ResidentSetSize of job (KB)
...
006 (3444394.002.000) 01/30 02:32:34 Image size of job updated: 402432
	357  -  MemoryUsage of job (MB)
	365360  -  ResidentSetSize of job (KB)
...
006 (3444394.002.000) 01/30 02:37:35 Image size of job updated: 402432
	357  -  MemoryUsage of job (MB)
	365452  -  ResidentSetSize of job (KB)
...
006 (3444394.002.000) 01/30 02:42:36 Image size of job updated: 402432
	357  -  MemoryUsage of job (MB)
	365528  -  ResidentSetSize of job (KB)
...
006 (3444394.002.000) 01/30 02:47:36 Image size of job updated: 402432
	357  -  MemoryUsage of job (MB)
	365552  -  ResidentSetSize of job (KB)
...
006 (3444394.002.000) 01/30 02:52:37 Image size of job updated: 402432
	358  -  MemoryUsage of job (MB)
	365720  -  ResidentSetSize of job (KB)
...
006 (3444394.002.000) 01/30 02:57:38 Image size of job updated: 402432
	358  -  MemoryUsage of job (MB)
	365760  -  ResidentSetSize of job (KB)
...
006 (3444394.002.000) 01/30 03:02:38 Image size of job updated: 402432
	358  -  MemoryUsage of job (MB)
	365904  -  ResidentSetSize of job (KB)
...
006 (3444394.002.000) 01/30 03:07:38 Image size of job updated: 402432
	358  -  MemoryUsage of job (MB)
	365928  -  ResidentSetSize of job (KB)
...
006 (3444394.002.000) 01/30 03:12:39 Image size of job updated: 402432
	358  -  MemoryUsage of job (MB)
	366088  -  ResidentSetSize of job (KB)
...
006 (3444394.002.000) 01/30 03:17:41 Image size of job updated: 402432
	358  -  MemoryUsage of job (MB)
	366176  -  ResidentSetSize of job (KB)
...
006 (3444394.002.000) 01/30 03:22:41 Image size of job updated: 402432
	358  -  MemoryUsage of job (MB)
	366228  -  ResidentSetSize of job (KB)
...
006 (3444394.002.000) 01/30 03:27:41 Image size of job updated: 402432
	358  -  MemoryUsage of job (MB)
	366380  -  ResidentSetSize of job (KB)
...
006 (3444394.002.000) 01/30 03:32:41 Image size of job updated: 402432
	359  -  MemoryUsage of job (MB)
	367016  -  ResidentSetSize of job (KB)
...
006 (3444394.002.000) 01/30 03:37:43 Image size of job updated: 402432
	360  -  MemoryUsage of job (MB)
	367992  -  ResidentSetSize of job (KB)
...
006 (3444394.002.000) 01/30 03:42:43 Image size of job updated: 402432
	361  -  MemoryUsage of job (MB)
	369288  -  ResidentSetSize of job (KB)
...
006 (3444394.002.000) 01/30 03:47:43 Image size of job updated: 402432
	361  -  MemoryUsage of job (MB)
	369336  -  ResidentSetSize of job (KB)
...
006 (3444394.002.000) 01/30 03:52:43 Image size of job updated: 402432
	361  -  MemoryUsage of job (MB)
	369448  -  ResidentSetSize of job (KB)
...
006 (3444394.002.000) 01/30 03:57:45 Image size of job updated: 402432
	361  -  MemoryUsage of job (MB)
	369496  -  ResidentSetSize of job (KB)
...
006 (3444394.002.000) 01/30 04:02:45 Image size of job updated: 402432
	361  -  MemoryUsage of job (MB)
	369512  -  ResidentSetSize of job (KB)
...
006 (3444394.002.000) 01/30 04:07:45 Image size of job updated: 402432
	361  -  MemoryUsage of job (MB)
	369624  -  ResidentSetSize of job (KB)
...
006 (3444394.002.000) 01/30 04:12:46 Image size of job updated: 402432
	362  -  MemoryUsage of job (MB)
	369684  -  ResidentSetSize of job (KB)
...
006 (3444394.002.000) 01/30 04:17:47 Image size of job updated: 402432
	362  -  MemoryUsage of job (MB)
	369736  -  ResidentSetSize of job (KB)
...
006 (3444394.002.000) 01/30 04:22:47 Image size of job updated: 402432
	362  -  MemoryUsage of job (MB)
	369824  -  ResidentSetSize of job (KB)
...
006 (3444394.002.000) 01/30 04:27:47 Image size of job updated: 402432
	362  -  MemoryUsage of job (MB)
	369852  -  ResidentSetSize of job (KB)
...
006 (3444394.002.000) 01/30 04:32:48 Image size of job updated: 402432
	362  -  MemoryUsage of job (MB)
	370448  -  ResidentSetSize of job (KB)
...
006 (3444394.002.000) 01/30 04:37:49 Image size of job updated: 402432
	362  -  MemoryUsage of job (MB)
	370492  -  ResidentSetSize of job (KB)
...
006 (3444394.002.000) 01/30 04:42:49 Image size of job updated: 402432
	362  -  MemoryUsage of job (MB)
	370580  -  ResidentSetSize of job (KB)
...
006 (3444394.002.000) 01/30 04:47:50 Image size of job updated: 402432
	362  -  MemoryUsage of job (MB)
	370604  -  ResidentSetSize of job (KB)
...
006 (3444394.002.000) 01/30 04:52:51 Image size of job updated: 402432
	362  -  MemoryUsage of job (MB)
	370644  -  ResidentSetSize of job (KB)
...
006 (3444394.002.000) 01/30 04:57:51 Image size of job updated: 402432
	363  -  MemoryUsage of job (MB)
	370708  -  ResidentSetSize of job (KB)
...
006 (3444394.002.000) 01/30 05:02:51 Image size of job updated: 402432
	363  -  MemoryUsage of job (MB)
	370768  -  ResidentSetSize of job (KB)
...
006 (3444394.002.000) 01/30 05:07:52 Image size of job updated: 402432
	363  -  MemoryUsage of job (MB)
	370804  -  ResidentSetSize of job (KB)
...
006 (3444394.002.000) 01/30 05:12:53 Image size of job updated: 402432
	363  -  MemoryUsage of job (MB)
	370852  -  ResidentSetSize of job (KB)
...
006 (3444394.002.000) 01/30 05:17:53 Image size of job updated: 402432
	363  -  MemoryUsage of job (MB)
	370912  -  ResidentSetSize of job (KB)
...
006 (3444394.002.000) 01/30 05:22:53 Image size of job updated: 402432
	363  -  MemoryUsage of job (MB)
	370940  -  ResidentSetSize of job (KB)
...
006 (3444394.002.000) 01/30 05:27:54 Image size of job updated: 402432
	363  -  MemoryUsage of job (MB)
	371012  -  ResidentSetSize of job (KB)
...
006 (3444394.002.000) 01/30 05:32:55 Image size of job updated: 402432
	363  -  MemoryUsage of job (MB)
	371048  -  ResidentSetSize of job (KB)
...
006 (3444394.002.000) 01/30 05:37:55 Image size of job updated: 402432
	363  -  MemoryUsage of job (MB)
	371120  -  ResidentSetSize of job (KB)
...
006 (3444394.002.000) 01/30 05:42:55 Image size of job updated: 402432
	363  -  MemoryUsage of job (MB)
	371140  -  ResidentSetSize of job (KB)
...
006 (3444394.002.000) 01/30 05:47:57 Image size of job updated: 402432
	363  -  MemoryUsage of job (MB)
	371308  -  ResidentSetSize of job (KB)
...
006 (3444394.002.000) 01/30 05:52:57 Image size of job updated: 402432
	363  -  MemoryUsage of job (MB)
	371344  -  ResidentSetSize of job (KB)
...
006 (3444394.002.000) 01/30 05:57:57 Image size of job updated: 402432
	363  -  MemoryUsage of job (MB)
	371428  -  ResidentSetSize of job (KB)
...
006 (3444394.002.000) 01/30 06:02:58 Image size of job updated: 402432
	363  -  MemoryUsage of job (MB)
	371436  -  ResidentSetSize of job (KB)
...
006 (3444394.002.000) 01/30 06:07:59 Image size of job updated: 402432
	363  -  MemoryUsage of job (MB)
	371520  -  ResidentSetSize of job (KB)
...
006 (3444394.002.000) 01/30 06:12:59 Image size of job updated: 402432
	363  -  MemoryUsage of job (MB)
	371552  -  ResidentSetSize of job (KB)
...
006 (3444394.002.000) 01/30 06:17:59 Image size of job updated: 402432
	363  -  MemoryUsage of job (MB)
	371612  -  ResidentSetSize of job (KB)
...
006 (3444394.002.000) 01/30 06:23:00 Image size of job updated: 402432
	363  -  MemoryUsage of job (MB)
	371684  -  ResidentSetSize of job (KB)
...
006 (3444394.002.000) 01/30 06:28:01 Image size of job updated: 402432
	364  -  MemoryUsage of job (MB)
	371740  -  ResidentSetSize of job (KB)
...
006 (3444394.002.000) 01/30 06:33:01 Image size of job updated: 402432
	364  -  MemoryUsage of job (MB)
	371792  -  ResidentSetSize of job (KB)
...
006 (3444394.002.000) 01/30 06:38:01 Image size of job updated: 402432
	364  -  MemoryUsage of job (MB)
	371832  -  ResidentSetSize of job (KB)
...
006 (3444394.002.000) 01/30 06:43:02 Image size of job updated: 402432
	364  -  MemoryUsage of job (MB)
	371864  -  ResidentSetSize of job (KB)
...
006 (3444394.002.000) 01/30 06:48:02 Image size of job updated: 402432
	364  -  MemoryUsage of job (MB)
	371896  -  ResidentSetSize of job (KB)
...
006 (3444394.002.000) 01/30 06:53:02 Image size of job updated: 402432
	364  -  MemoryUsage of job (MB)
	371968  -  ResidentSetSize of job (KB)
...
006 (3444394.002.000) 01/30 07:03:04 Image size of job updated: 402432
	364  -  MemoryUsage of job (MB)
	372000  -  ResidentSetSize of job (KB)
...
006 (3444394.002.000) 01/30 07:08:04 Image size of job updated: 402432
	364  -  MemoryUsage of job (MB)
	372056  -  ResidentSetSize of job (KB)
...
006 (3444394.002.000) 01/30 07:13:05 Image size of job updated: 402432
	364  -  MemoryUsage of job (MB)
	372076  -  ResidentSetSize of job (KB)
...
006 (3444394.002.000) 01/30 07:23:06 Image size of job updated: 402432
	364  -  MemoryUsage of job (MB)
	372156  -  ResidentSetSize of job (KB)
...
006 (3444394.002.000) 01/30 07:28:06 Image size of job updated: 402432
	364  -  MemoryUsage of job (MB)
	372224  -  ResidentSetSize of job (KB)
...
006 (3444394.002.000) 01/30 07:33:07 Image size of job updated: 402432
	364  -  MemoryUsage of job (MB)
	372308  -  ResidentSetSize of job (KB)
...
006 (3444394.002.000) 01/30 07:38:08 Image size of job updated: 402432
	364  -  MemoryUsage of job (MB)
	372380  -  ResidentSetSize of job (KB)
...
006 (3444394.002.000) 01/30 07:43:08 Image size of job updated: 402432
	364  -  MemoryUsage of job (MB)
	372412  -  ResidentSetSize of job (KB)
...
006 (3444394.002.000) 01/30 07:48:08 Image size of job updated: 402432
	364  -  MemoryUsage of job (MB)
	372516  -  ResidentSetSize of job (KB)
...
006 (3444394.002.000) 01/30 07:53:09 Image size of job updated: 402432
	364  -  MemoryUsage of job (MB)
	372540  -  ResidentSetSize of job (KB)
...
006 (3444394.002.000) 01/30 07:58:10 Image size of job updated: 402432
	364  -  MemoryUsage of job (MB)
	372620  -  ResidentSetSize of job (KB)
...
006 (3444394.002.000) 01/30 08:03:10 Image size of job updated: 402432
	364  -  MemoryUsage of job (MB)
	372648  -  ResidentSetSize of job (KB)
...
006 (3444394.002.000) 01/30 08:08:10 Image size of job updated: 402432
	364  -  MemoryUsage of job (MB)
	372724  -  ResidentSetSize of job (KB)
...
006 (3444394.002.000) 01/30 08:13:11 Image size of job updated: 402432
	365  -  MemoryUsage of job (MB)
	372772  -  ResidentSetSize of job (KB)
...
006 (3444394.002.000) 01/30 08:18:12 Image size of job updated: 402432
	365  -  MemoryUsage of job (MB)
	372840  -  ResidentSetSize of job (KB)
...
006 (3444394.002.000) 01/30 08:23:12 Image size of job updated: 402432
	365  -  MemoryUsage of job (MB)
	372892  -  ResidentSetSize of job (KB)
...
006 (3444394.002.000) 01/30 08:28:12 Image size of job updated: 402432
	365  -  MemoryUsage of job (MB)
	372976  -  ResidentSetSize of job (KB)
...
006 (3444394.002.000) 01/30 08:33:13 Image size of job updated: 402432
	365  -  MemoryUsage of job (MB)
	373076  -  ResidentSetSize of job (KB)
...
006 (3444394.002.000) 01/30 08:38:13 Image size of job updated: 402432
	365  -  MemoryUsage of job (MB)
	373124  -  ResidentSetSize of job (KB)
...
006 (3444394.002.000) 01/30 08:43:13 Image size of job updated: 402432
	365  -  MemoryUsage of job (MB)
	373172  -  ResidentSetSize of job (KB)
...
006 (3444394.002.000) 01/30 08:48:14 Image size of job updated: 402432
	365  -  MemoryUsage of job (MB)
	373220  -  ResidentSetSize of job (KB)
...
006 (3444394.002.000) 01/30 08:53:15 Image size of job updated: 402432
	365  -  MemoryUsage of job (MB)
	373260  -  ResidentSetSize of job (KB)
...
006 (3444394.002.000) 01/30 08:58:15 Image size of job updated: 402432
	365  -  MemoryUsage of job (MB)
	373368  -  ResidentSetSize of job (KB)
...
006 (3444394.002.000) 01/30 09:03:15 Image size of job updated: 402432
	365  -  MemoryUsage of job (MB)
	373420  -  ResidentSetSize of job (KB)
...
006 (3444394.002.000) 01/30 09:08:16 Image size of job updated: 402432
	365  -  MemoryUsage of job (MB)
	373476  -  ResidentSetSize of job (KB)
...
006 (3444394.002.000) 01/30 09:18:18 Image size of job updated: 402432
	365  -  MemoryUsage of job (MB)
	373604  -  ResidentSetSize of job (KB)
...
006 (3444394.002.000) 01/30 09:23:18 Image size of job updated: 402432
	365  -  MemoryUsage of job (MB)
	373700  -  ResidentSetSize of job (KB)
...
006 (3444394.002.000) 01/30 09:28:18 Image size of job updated: 402432
	365  -  MemoryUsage of job (MB)
	373752  -  ResidentSetSize of job (KB)
...
006 (3444394.002.000) 01/30 09:33:19 Image size of job updated: 402432
	366  -  MemoryUsage of job (MB)
	373888  -  ResidentSetSize of job (KB)
...
006 (3444394.002.000) 01/30 09:38:20 Image size of job updated: 402432
	366  -  MemoryUsage of job (MB)
	373956  -  ResidentSetSize of job (KB)
...
006 (3444394.002.000) 01/30 09:43:20 Image size of job updated: 402432
	366  -  MemoryUsage of job (MB)
	374012  -  ResidentSetSize of job (KB)
...
006 (3444394.002.000) 01/30 09:48:20 Image size of job updated: 402432
	366  -  MemoryUsage of job (MB)
	374208  -  ResidentSetSize of job (KB)
...
006 (3444394.002.000) 01/30 09:53:21 Image size of job updated: 402432
	366  -  MemoryUsage of job (MB)
	374316  -  ResidentSetSize of job (KB)
...
006 (3444394.002.000) 01/30 09:58:22 Image size of job updated: 402432
	366  -  MemoryUsage of job (MB)
	374328  -  ResidentSetSize of job (KB)
...
006 (3444394.002.000) 01/30 10:03:22 Image size of job updated: 402432
	366  -  MemoryUsage of job (MB)
	374348  -  ResidentSetSize of job (KB)
...
006 (3444394.002.000) 01/30 10:28:24 Image size of job updated: 402432
	366  -  MemoryUsage of job (MB)
	374404  -  ResidentSetSize of job (KB)
...
006 (3444394.002.000) 01/30 10:33:25 Image size of job updated: 402432
	366  -  MemoryUsage of job (MB)
	374500  -  ResidentSetSize of job (KB)
...
006 (3444394.002.000) 01/30 10:38:26 Image size of job updated: 402432
	366  -  MemoryUsage of job (MB)
	374544  -  ResidentSetSize of job (KB)
...
006 (3444394.002.000) 01/30 10:43:26 Image size of job updated: 402432
	366  -  MemoryUsage of job (MB)
	374616  -  ResidentSetSize of job (KB)
...
006 (3444394.002.000) 01/30 10:48:26 Image size of job updated: 402432
	366  -  MemoryUsage of job (MB)
	374664  -  ResidentSetSize of job (KB)
...
006 (3444394.002.000) 01/30 11:03:28 Image size of job updated: 402432
	366  -  MemoryUsage of job (MB)
	374688  -  ResidentSetSize of job (KB)
...
006 (3444394.002.000) 01/30 11:13:29 Image size of job updated: 402432
	366  -  MemoryUsage of job (MB)
	374696  -  ResidentSetSize of job (KB)
...
006 (3444394.002.000) 01/30 11:23:29 Image size of job updated: 402432
	366  -  MemoryUsage of job (MB)
	374704  -  ResidentSetSize of job (KB)
...
006 (3444394.002.000) 01/30 11:28:30 Image size of job updated: 402432
	366  -  MemoryUsage of job (MB)
	374744  -  ResidentSetSize of job (KB)
...
006 (3444394.002.000) 01/30 11:43:31 Image size of job updated: 402432
	366  -  MemoryUsage of job (MB)
	374752  -  ResidentSetSize of job (KB)
...
006 (3444394.002.000) 01/30 12:13:35 Image size of job updated: 402432
	366  -  MemoryUsage of job (MB)
	374776  -  ResidentSetSize of job (KB)
...
006 (3444394.002.000) 01/30 12:18:35 Image size of job updated: 402432
	366  -  MemoryUsage of job (MB)
	374780  -  ResidentSetSize of job (KB)
...
006 (3444394.002.000) 01/30 12:23:36 Image size of job updated: 402432
	367  -  MemoryUsage of job (MB)
	374824  -  ResidentSetSize of job (KB)
...
006 (3444394.002.000) 01/30 12:33:36 Image size of job updated: 402432
	367  -  MemoryUsage of job (MB)
	374848  -  ResidentSetSize of job (KB)
...
006 (3444394.002.000) 01/30 12:38:37 Image size of job updated: 402432
	367  -  MemoryUsage of job (MB)
	374904  -  ResidentSetSize of job (KB)
...
006 (3444394.002.000) 01/30 12:48:38 Image size of job updated: 402432
	367  -  MemoryUsage of job (MB)
	374920  -  ResidentSetSize of job (KB)
...
006 (3444394.002.000) 01/30 13:08:41 Image size of job updated: 402432
	367  -  MemoryUsage of job (MB)
	374964  -  ResidentSetSize of job (KB)
...
006 (3444394.002.000) 01/30 13:13:42 Image size of job updated: 402432
	367  -  MemoryUsage of job (MB)
	374976  -  ResidentSetSize of job (KB)
...
006 (3444394.002.000) 01/30 13:23:43 Image size of job updated: 402432
	367  -  MemoryUsage of job (MB)
	374992  -  ResidentSetSize of job (KB)
...
006 (3444394.002.000) 01/30 13:33:44 Image size of job updated: 402432
	367  -  MemoryUsage of job (MB)
	375004  -  ResidentSetSize of job (KB)
...
006 (3444394.002.000) 01/30 13:43:45 Image size of job updated: 402432
	367  -  MemoryUsage of job (MB)
	375048  -  ResidentSetSize of job (KB)
...
006 (3444394.002.000) 01/30 13:53:45 Image size of job updated: 402432
	367  -  MemoryUsage of job (MB)
	375108  -  ResidentSetSize of job (KB)
...
006 (3444394.002.000) 01/30 14:03:46 Image size of job updated: 402432
	367  -  MemoryUsage of job (MB)
	375132  -  ResidentSetSize of job (KB)
...
006 (3444394.002.000) 01/30 14:13:47 Image size of job updated: 402432
	367  -  MemoryUsage of job (MB)
	375140  -  ResidentSetSize of job (KB)
...
006 (3444394.002.000) 01/30 14:18:47 Image size of job updated: 402432
	367  -  MemoryUsage of job (MB)
	375144  -  ResidentSetSize of job (KB)
...
006 (3444394.002.000) 01/30 14:23:47 Image size of job updated: 402432
	367  -  MemoryUsage of job (MB)
	375200  -  ResidentSetSize of job (KB)
...
006 (3444394.002.000) 01/30 14:33:47 Image size of job updated: 402432
	367  -  MemoryUsage of job (MB)
	375236  -  ResidentSetSize of job (KB)
...
006 (3444394.002.000) 01/30 14:38:48 Image size of job updated: 402432
	367  -  MemoryUsage of job (MB)
	375264  -  ResidentSetSize of job (KB)
...
006 (3444394.002.000) 01/30 14:48:48 Image size of job updated: 402432
	367  -  MemoryUsage of job (MB)
	375284  -  ResidentSetSize of job (KB)
...
006 (3444394.002.000) 01/30 14:58:49 Image size of job updated: 402432
	367  -  MemoryUsage of job (MB)
	375296  -  ResidentSetSize of job (KB)
...
006 (3444394.002.000) 01/30 15:03:49 Image size of job updated: 402432
	367  -  MemoryUsage of job (MB)
	375388  -  ResidentSetSize of job (KB)
...
006 (3444394.002.000) 01/30 15:09:35 Image size of job updated: 402432
	367  -  MemoryUsage of job (MB)
	375420  -  ResidentSetSize of job (KB)
...
006 (3444394.002.000) 01/30 15:18:52 Image size of job updated: 402432
	367  -  MemoryUsage of job (MB)
	375428  -  ResidentSetSize of job (KB)
...
006 (3444394.002.000) 01/30 15:28:53 Image size of job updated: 402432
	367  -  MemoryUsage of job (MB)
	375452  -  ResidentSetSize of job (KB)
...
006 (3444394.002.000) 01/30 15:43:55 Image size of job updated: 402432
	367  -  MemoryUsage of job (MB)
	375528  -  ResidentSetSize of job (KB)
...
006 (3444394.002.000) 01/30 15:58:57 Image size of job updated: 402432
	367  -  MemoryUsage of job (MB)
	375540  -  ResidentSetSize of job (KB)
...
006 (3444394.002.000) 01/30 16:03:58 Image size of job updated: 402432
	367  -  MemoryUsage of job (MB)
	375556  -  ResidentSetSize of job (KB)
...
006 (3444394.002.000) 01/30 16:13:59 Image size of job updated: 402432
	367  -  MemoryUsage of job (MB)
	375600  -  ResidentSetSize of job (KB)
...
006 (3444394.002.000) 01/30 16:29:00 Image size of job updated: 402432
	367  -  MemoryUsage of job (MB)
	375636  -  ResidentSetSize of job (KB)
...
006 (3444394.002.000) 01/30 16:44:01 Image size of job updated: 402432
	367  -  MemoryUsage of job (MB)
	375712  -  ResidentSetSize of job (KB)
...
006 (3444394.002.000) 01/30 16:54:02 Image size of job updated: 402432
	367  -  MemoryUsage of job (MB)
	375724  -  ResidentSetSize of job (KB)
...
006 (3444394.002.000) 01/30 17:11:12 Image size of job updated: 402432
	367  -  MemoryUsage of job (MB)
	375768  -  ResidentSetSize of job (KB)
...
006 (3444394.002.000) 01/30 17:37:21 Image size of job updated: 402432
	368  -  MemoryUsage of job (MB)
	375828  -  ResidentSetSize of job (KB)
...
006 (3444394.002.000) 01/30 17:52:23 Image size of job updated: 402432
	368  -  MemoryUsage of job (MB)
	375856  -  ResidentSetSize of job (KB)
...
006 (3444394.002.000) 01/30 18:02:24 Image size of job updated: 402432
	368  -  MemoryUsage of job (MB)
	375900  -  ResidentSetSize of job (KB)
...
006 (3444394.002.000) 01/30 18:11:17 Image size of job updated: 402432
	368  -  MemoryUsage of job (MB)
	375908  -  ResidentSetSize of job (KB)
...
006 (3444394.002.000) 01/30 18:32:17 Image size of job updated: 402432
	368  -  MemoryUsage of job (MB)
	375940  -  ResidentSetSize of job (KB)
...
006 (3444394.002.000) 01/30 18:37:53 Image size of job updated: 402432
	368  -  MemoryUsage of job (MB)
	375944  -  ResidentSetSize of job (KB)
...
006 (3444394.002.000) 01/30 18:47:54 Image size of job updated: 402432
	368  -  MemoryUsage of job (MB)
	375992  -  ResidentSetSize of job (KB)
...
006 (3444394.002.000) 01/30 18:57:56 Image size of job updated: 402432
	368  -  MemoryUsage of job (MB)
	376012  -  ResidentSetSize of job (KB)
...
006 (3444394.002.000) 01/30 19:02:56 Image size of job updated: 402432
	368  -  MemoryUsage of job (MB)
	376020  -  ResidentSetSize of job (KB)
...
006 (3444394.002.000) 01/30 19:23:00 Image size of job updated: 402432
	368  -  MemoryUsage of job (MB)
	376040  -  ResidentSetSize of job (KB)
...
006 (3444394.002.000) 01/30 20:23:04 Image size of job updated: 402432
	368  -  MemoryUsage of job (MB)
	376056  -  ResidentSetSize of job (KB)
...
006 (3444394.002.000) 01/30 20:38:06 Image size of job updated: 402432
	368  -  MemoryUsage of job (MB)
	376100  -  ResidentSetSize of job (KB)
...
006 (3444394.002.000) 01/30 20:48:06 Image size of job updated: 402432
	368  -  MemoryUsage of job (MB)
	376148  -  ResidentSetSize of job (KB)
...
006 (3444394.002.000) 01/30 20:58:07 Image size of job updated: 402432
	368  -  MemoryUsage of job (MB)
	376224  -  ResidentSetSize of job (KB)
...
006 (3444394.002.000) 01/30 21:03:08 Image size of job updated: 402432
	368  -  MemoryUsage of job (MB)
	376232  -  ResidentSetSize of job (KB)
...
006 (3444394.002.000) 01/30 21:08:08 Image size of job updated: 402432
	368  -  MemoryUsage of job (MB)
	376244  -  ResidentSetSize of job (KB)
...
006 (3444394.002.000) 01/30 22:18:17 Image size of job updated: 402432
	368  -  MemoryUsage of job (MB)
	376300  -  ResidentSetSize of job (KB)
...
006 (3444394.002.000) 01/30 22:33:19 Image size of job updated: 402432
	368  -  MemoryUsage of job (MB)
	376304  -  ResidentSetSize of job (KB)
...
006 (3444394.002.000) 01/30 22:38:19 Image size of job updated: 402432
	368  -  MemoryUsage of job (MB)
	376320  -  ResidentSetSize of job (KB)
...
006 (3444394.002.000) 01/30 22:43:20 Image size of job updated: 402432
	368  -  MemoryUsage of job (MB)
	376328  -  ResidentSetSize of job (KB)
...
006 (3444394.002.000) 01/30 22:48:21 Image size of job updated: 402432
	368  -  MemoryUsage of job (MB)
	376336  -  ResidentSetSize of job (KB)
...
006 (3444394.002.000) 01/30 22:53:21 Image size of job updated: 402432
	368  -  MemoryUsage of job (MB)
	376348  -  ResidentSetSize of job (KB)
...
006 (3444394.002.000) 01/30 23:08:22 Image size of job updated: 402432
	368  -  MemoryUsage of job (MB)
	376384  -  ResidentSetSize of job (KB)
...
006 (3444394.002.000) 01/30 23:13:22 Image size of job updated: 402432
	368  -  MemoryUsage of job (MB)
	376392  -  ResidentSetSize of job (KB)
...
006 (3444394.002.000) 01/30 23:23:23 Image size of job updated: 402432
	368  -  MemoryUsage of job (MB)
	376396  -  ResidentSetSize of job (KB)
...
006 (3444394.002.000) 01/30 23:28:23 Image size of job updated: 402432
	368  -  MemoryUsage of job (MB)
	376408  -  ResidentSetSize of job (KB)
...
006 (3444394.002.000) 01/30 23:33:24 Image size of job updated: 402432
	368  -  MemoryUsage of job (MB)
	376420  -  ResidentSetSize of job (KB)
...
006 (3444394.002.000) 01/30 23:38:24 Image size of job updated: 402432
	368  -  MemoryUsage of job (MB)
	376448  -  ResidentSetSize of job (KB)
...
006 (3444394.002.000) 01/30 23:43:25 Image size of job updated: 402432
	368  -  MemoryUsage of job (MB)
	376468  -  ResidentSetSize of job (KB)
...
006 (3444394.002.000) 01/30 23:53:26 Image size of job updated: 402432
	368  -  MemoryUsage of job (MB)
	376476  -  ResidentSetSize of job (KB)
...
006 (3444394.002.000) 01/30 23:58:26 Image size of job updated: 402432
	368  -  MemoryUsage of job (MB)
	376520  -  ResidentSetSize of job (KB)
...
006 (3444394.002.000) 01/31 00:08:27 Image size of job updated: 402432
	368  -  MemoryUsage of job (MB)
	376532  -  ResidentSetSize of job (KB)
...
006 (3444394.002.000) 01/31 00:15:51 Image size of job updated: 402432
	368  -  MemoryUsage of job (MB)
	376556  -  ResidentSetSize of job (KB)
...
006 (3444394.002.000) 01/31 00:23:05 Image size of job updated: 402432
	368  -  MemoryUsage of job (MB)
	376588  -  ResidentSetSize of job (KB)
...
006 (3444394.002.000) 01/31 00:28:52 Image size of job updated: 402432
	368  -  MemoryUsage of job (MB)
	376596  -  ResidentSetSize of job (KB)
...
006 (3444394.002.000) 01/31 00:38:53 Image size of job updated: 402432
	368  -  MemoryUsage of job (MB)
	376620  -  ResidentSetSize of job (KB)
...
006 (3444394.002.000) 01/31 00:43:53 Image size of job updated: 402432
	368  -  MemoryUsage of job (MB)
	376624  -  ResidentSetSize of job (KB)
...
006 (3444394.002.000) 01/31 00:48:54 Image size of job updated: 402432
	368  -  MemoryUsage of job (MB)
	376636  -  ResidentSetSize of job (KB)
...
006 (3444394.002.000) 01/31 00:53:55 Image size of job updated: 402432
	368  -  MemoryUsage of job (MB)
	376640  -  ResidentSetSize of job (KB)
...
006 (3444394.002.000) 01/31 00:58:55 Image size of job updated: 402432
	368  -  MemoryUsage of job (MB)
	376644  -  ResidentSetSize of job (KB)
...
006 (3444394.002.000) 01/31 01:03:56 Image size of job updated: 402432
	368  -  MemoryUsage of job (MB)
	376668  -  ResidentSetSize of job (KB)
...
006 (3444394.002.000) 01/31 01:08:57 Image size of job updated: 402432
	368  -  MemoryUsage of job (MB)
	376672  -  ResidentSetSize of job (KB)
...
006 (3444394.002.000) 01/31 01:18:57 Image size of job updated: 402432
	368  -  MemoryUsage of job (MB)
	376712  -  ResidentSetSize of job (KB)
...
006 (3444394.002.000) 01/31 01:23:58 Image size of job updated: 402432
	368  -  MemoryUsage of job (MB)
	376744  -  ResidentSetSize of job (KB)
...
006 (3444394.002.000) 01/31 01:28:58 Image size of job updated: 402432
	368  -  MemoryUsage of job (MB)
	376748  -  ResidentSetSize of job (KB)
...
006 (3444394.002.000) 01/31 01:38:59 Image size of job updated: 402432
	368  -  MemoryUsage of job (MB)
	376760  -  ResidentSetSize of job (KB)
...
006 (3444394.002.000) 01/31 01:59:02 Image size of job updated: 402432
	368  -  MemoryUsage of job (MB)
	376784  -  ResidentSetSize of job (KB)
...
006 (3444394.002.000) 01/31 02:04:02 Image size of job updated: 402432
	368  -  MemoryUsage of job (MB)
	376816  -  ResidentSetSize of job (KB)
...
006 (3444394.002.000) 01/31 02:09:03 Image size of job updated: 402432
	369  -  MemoryUsage of job (MB)
	376836  -  ResidentSetSize of job (KB)
...
006 (3444394.002.000) 01/31 02:19:04 Image size of job updated: 402432
	369  -  MemoryUsage of job (MB)
	376840  -  ResidentSetSize of job (KB)
...
006 (3444394.002.000) 01/31 02:29:06 Image size of job updated: 402432
	369  -  MemoryUsage of job (MB)
	376872  -  ResidentSetSize of job (KB)
...
006 (3444394.002.000) 01/31 02:34:06 Image size of job updated: 402432
	369  -  MemoryUsage of job (MB)
	376904  -  ResidentSetSize of job (KB)
...
006 (3444394.002.000) 01/31 02:39:06 Image size of job updated: 402432
	369  -  MemoryUsage of job (MB)
	376916  -  ResidentSetSize of job (KB)
...
006 (3444394.002.000) 01/31 02:44:07 Image size of job updated: 402432
	369  -  MemoryUsage of job (MB)
	376928  -  ResidentSetSize of job (KB)
...
006 (3444394.002.000) 01/31 02:49:07 Image size of job updated: 402432
	369  -  MemoryUsage of job (MB)
	376956  -  ResidentSetSize of job (KB)
...
006 (3444394.002.000) 01/31 02:54:07 Image size of job updated: 402432
	369  -  MemoryUsage of job (MB)
	376968  -  ResidentSetSize of job (KB)
...
006 (3444394.002.000) 01/31 02:59:08 Image size of job updated: 402432
	369  -  MemoryUsage of job (MB)
	376984  -  ResidentSetSize of job (KB)
...
006 (3444394.002.000) 01/31 03:04:08 Image size of job updated: 402432
	369  -  MemoryUsage of job (MB)
	376992  -  ResidentSetSize of job (KB)
...
006 (3444394.002.000) 01/31 03:19:10 Image size of job updated: 402432
	369  -  MemoryUsage of job (MB)
	377036  -  ResidentSetSize of job (KB)
...
006 (3444394.002.000) 01/31 03:24:10 Image size of job updated: 402432
	369  -  MemoryUsage of job (MB)
	377096  -  ResidentSetSize of job (KB)
...
006 (3444394.002.000) 01/31 03:39:11 Image size of job updated: 402432
	369  -  MemoryUsage of job (MB)
	377104  -  ResidentSetSize of job (KB)
...
006 (3444394.002.000) 01/31 03:59:12 Image size of job updated: 402432
	369  -  MemoryUsage of job (MB)
	377108  -  ResidentSetSize of job (KB)
...
006 (3444394.002.000) 01/31 04:04:13 Image size of job updated: 402432
	369  -  MemoryUsage of job (MB)
	377120  -  ResidentSetSize of job (KB)
...
006 (3444394.002.000) 01/31 04:09:13 Image size of job updated: 402432
	369  -  MemoryUsage of job (MB)
	377128  -  ResidentSetSize of job (KB)
...
006 (3444394.002.000) 01/31 04:34:15 Image size of job updated: 402432
	369  -  MemoryUsage of job (MB)
	377156  -  ResidentSetSize of job (KB)
...
006 (3444394.002.000) 01/31 04:39:15 Image size of job updated: 402432
	369  -  MemoryUsage of job (MB)
	377180  -  ResidentSetSize of job (KB)
...
006 (3444394.002.000) 01/31 04:44:15 Image size of job updated: 402432
	369  -  MemoryUsage of job (MB)
	377208  -  ResidentSetSize of job (KB)
...
006 (3444394.002.000) 01/31 04:59:16 Image size of job updated: 402432
	369  -  MemoryUsage of job (MB)
	377212  -  ResidentSetSize of job (KB)
...
006 (3444394.002.000) 01/31 05:09:18 Image size of job updated: 402432
	369  -  MemoryUsage of job (MB)
	377240  -  ResidentSetSize of job (KB)
...
006 (3444394.002.000) 01/31 05:19:19 Image size of job updated: 402432
	369  -  MemoryUsage of job (MB)
	377244  -  ResidentSetSize of job (KB)
...
006 (3444394.002.000) 01/31 05:24:20 Image size of job updated: 402432
	369  -  MemoryUsage of job (MB)
	377308  -  ResidentSetSize of job (KB)
...
006 (3444394.002.000) 01/31 05:29:20 Image size of job updated: 402432
	369  -  MemoryUsage of job (MB)
	377360  -  ResidentSetSize of job (KB)
...
006 (3444394.002.000) 01/31 05:34:20 Image size of job updated: 402432
	369  -  MemoryUsage of job (MB)
	377384  -  ResidentSetSize of job (KB)
...
006 (3444394.002.000) 01/31 05:39:21 Image size of job updated: 402432
	369  -  MemoryUsage of job (MB)
	377388  -  ResidentSetSize of job (KB)
...
006 (3444394.002.000) 01/31 05:44:21 Image size of job updated: 402432
	369  -  MemoryUsage of job (MB)
	377444  -  ResidentSetSize of job (KB)
...
006 (3444394.002.000) 01/31 06:24:24 Image size of job updated: 402432
	369  -  MemoryUsage of job (MB)
	377476  -  ResidentSetSize of job (KB)
...
006 (3444394.002.000) 01/31 06:29:25 Image size of job updated: 402432
	369  -  MemoryUsage of job (MB)
	377488  -  ResidentSetSize of job (KB)
...
006 (3444394.002.000) 01/31 06:34:25 Image size of job updated: 402432
	369  -  MemoryUsage of job (MB)
	377552  -  ResidentSetSize of job (KB)
...
006 (3444394.002.000) 01/31 06:39:26 Image size of job updated: 402432
	369  -  MemoryUsage of job (MB)
	377584  -  ResidentSetSize of job (KB)
...
006 (3444394.002.000) 01/31 06:44:27 Image size of job updated: 402432
	369  -  MemoryUsage of job (MB)
	377680  -  ResidentSetSize of job (KB)
...
006 (3444394.002.000) 01/31 06:49:27 Image size of job updated: 402432
	369  -  MemoryUsage of job (MB)
	377692  -  ResidentSetSize of job (KB)
...
006 (3444394.002.000) 01/31 07:34:32 Image size of job updated: 402432
	369  -  MemoryUsage of job (MB)
	377732  -  ResidentSetSize of job (KB)
...
006 (3444394.002.000) 01/31 07:39:32 Image size of job updated: 402432
	369  -  MemoryUsage of job (MB)
	377740  -  ResidentSetSize of job (KB)
...
006 (3444394.002.000) 01/31 07:44:33 Image size of job updated: 402432
	369  -  MemoryUsage of job (MB)
	377748  -  ResidentSetSize of job (KB)
...
006 (3444394.002.000) 01/31 07:49:33 Image size of job updated: 402432
	369  -  MemoryUsage of job (MB)
	377752  -  ResidentSetSize of job (KB)
...
006 (3444394.002.000) 01/31 07:54:33 Image size of job updated: 402432
	369  -  MemoryUsage of job (MB)
	377780  -  ResidentSetSize of job (KB)
...
006 (3444394.002.000) 01/31 07:59:34 Image size of job updated: 402432
	369  -  MemoryUsage of job (MB)
	377796  -  ResidentSetSize of job (KB)
...
006 (3444394.002.000) 01/31 08:04:34 Image size of job updated: 402432
	369  -  MemoryUsage of job (MB)
	377816  -  ResidentSetSize of job (KB)
...
006 (3444394.002.000) 01/31 08:09:34 Image size of job updated: 402432
	369  -  MemoryUsage of job (MB)
	377824  -  ResidentSetSize of job (KB)
...
006 (3444394.002.000) 01/31 08:14:36 Image size of job updated: 402432
	369  -  MemoryUsage of job (MB)
	377836  -  ResidentSetSize of job (KB)
...
006 (3444394.002.000) 01/31 08:19:36 Image size of job updated: 402432
	370  -  MemoryUsage of job (MB)
	377868  -  ResidentSetSize of job (KB)
...
006 (3444394.002.000) 01/31 08:24:36 Image size of job updated: 402432
	370  -  MemoryUsage of job (MB)
	377892  -  ResidentSetSize of job (KB)
...
006 (3444394.002.000) 01/31 08:34:38 Image size of job updated: 402432
	370  -  MemoryUsage of job (MB)
	377944  -  ResidentSetSize of job (KB)
...
040 (3444394.002.000) 02/01 07:53:51 Started transferring input files
	Transferring to host: <128.142.240.152:9618?addrs=128.142.240.152-9618+[2001-1458-301-9--100-10]-9618&noUDP&sock=4922_be81_80449>
...
040 (3444394.002.000) 02/01 07:53:51 Finished transferring input files
...
001 (3444394.002.000) 02/01 07:53:52 Job executing on host: <128.142.240.152:9618?addrs=128.142.240.152-9618+[2001-1458-301-9--100-10]-9618&noUDP&sock=3284_211b_3>
...
040 (3444394.002.000) 02/01 07:54:19 Started transferring output files
...
040 (3444394.002.000) 02/01 07:54:19 Finished transferring output files
...
005 (3444394.002.000) 02/01 07:54:20 Job terminated.
	(1) Normal termination (return value 0)
		Usr 0 00:00:06, Sys 0 00:00:04  -  Run Remote Usage
		Usr 0 00:00:00, Sys 0 00:00:00  -  Run Local Usage
		Usr 0 00:00:06, Sys 0 00:00:04  -  Total Remote Usage
		Usr 0 00:00:00, Sys 0 00:00:00  -  Total Local Usage
	9715  -  Run Bytes Sent By Job
	493  -  Run Bytes Received By Job
	9715  -  Total Bytes Sent By Job
	986  -  Total Bytes Received By Job
	Partitionable Resources :    Usage  Request Allocated 
	   Cpus                 :                 1           
	   Disk (KB)            :       24       40   3353447 
	   Memory (MB)          :      391     2000      2000 
...
