000 (3447417.008.000) 01/30 01:28:08 Job submitted from host: <188.185.71.142:9618?addrs=188.185.71.142-9618+[2001-1458-d00-7--100-388]-9618&alias=bigbird09.cern.ch&noUDP&sock=schedd_2208_1533_7>
...
040 (3447417.008.000) 01/30 04:24:10 Started transferring input files
	Transferring to host: <188.184.212.91:9618?addrs=188.184.212.91-9618+[2001-1458-301-10c--100-5a]-9618&noUDP&sock=20649_d6a1_199002>
...
040 (3447417.008.000) 01/30 04:24:10 Finished transferring input files
...
001 (3447417.008.000) 01/30 04:24:11 Job executing on host: <188.184.212.91:9618?addrs=188.184.212.91-9618+[2001-1458-301-10c--100-5a]-9618&noUDP&sock=20489_5409_3>
...
006 (3447417.008.000) 01/30 04:24:20 Image size of job updated: 6608
	7  -  MemoryUsage of job (MB)
	6608  -  ResidentSetSize of job (KB)
...
006 (3447417.008.000) 01/30 04:29:21 Image size of job updated: 441468
	359  -  MemoryUsage of job (MB)
	366956  -  ResidentSetSize of job (KB)
...
006 (3447417.008.000) 01/30 04:34:21 Image size of job updated: 441480
	359  -  MemoryUsage of job (MB)
	366968  -  ResidentSetSize of job (KB)
...
006 (3447417.008.000) 01/30 05:29:27 Image size of job updated: 441504
	359  -  MemoryUsage of job (MB)
	366992  -  ResidentSetSize of job (KB)
...
006 (3447417.008.000) 01/30 06:39:34 Image size of job updated: 441540
	359  -  MemoryUsage of job (MB)
	366992  -  ResidentSetSize of job (KB)
...
006 (3447417.008.000) 01/30 08:24:45 Image size of job updated: 441540
	359  -  MemoryUsage of job (MB)
	367012  -  ResidentSetSize of job (KB)
...
006 (3447417.008.000) 01/30 08:29:46 Image size of job updated: 441540
	359  -  MemoryUsage of job (MB)
	367076  -  ResidentSetSize of job (KB)
...
006 (3447417.008.000) 01/30 08:59:49 Image size of job updated: 441540
	359  -  MemoryUsage of job (MB)
	367080  -  ResidentSetSize of job (KB)
...
006 (3447417.008.000) 01/30 09:04:50 Image size of job updated: 441540
	359  -  MemoryUsage of job (MB)
	367132  -  ResidentSetSize of job (KB)
...
006 (3447417.008.000) 01/30 09:09:50 Image size of job updated: 441540
	359  -  MemoryUsage of job (MB)
	367204  -  ResidentSetSize of job (KB)
...
006 (3447417.008.000) 01/30 09:14:50 Image size of job updated: 441540
	359  -  MemoryUsage of job (MB)
	367260  -  ResidentSetSize of job (KB)
...
006 (3447417.008.000) 01/30 09:39:52 Image size of job updated: 441540
	359  -  MemoryUsage of job (MB)
	367268  -  ResidentSetSize of job (KB)
...
006 (3447417.008.000) 01/30 09:44:52 Image size of job updated: 441540
	359  -  MemoryUsage of job (MB)
	367348  -  ResidentSetSize of job (KB)
...
006 (3447417.008.000) 01/30 09:49:53 Image size of job updated: 441540
	359  -  MemoryUsage of job (MB)
	367360  -  ResidentSetSize of job (KB)
...
006 (3447417.008.000) 01/30 09:54:54 Image size of job updated: 441540
	359  -  MemoryUsage of job (MB)
	367420  -  ResidentSetSize of job (KB)
...
006 (3447417.008.000) 01/30 09:59:54 Image size of job updated: 441588
	359  -  MemoryUsage of job (MB)
	367488  -  ResidentSetSize of job (KB)
...
006 (3447417.008.000) 01/30 10:04:55 Image size of job updated: 441604
	359  -  MemoryUsage of job (MB)
	367504  -  ResidentSetSize of job (KB)
...
006 (3447417.008.000) 01/30 10:09:56 Image size of job updated: 441664
	359  -  MemoryUsage of job (MB)
	367564  -  ResidentSetSize of job (KB)
...
006 (3447417.008.000) 01/30 10:14:56 Image size of job updated: 441784
	360  -  MemoryUsage of job (MB)
	367684  -  ResidentSetSize of job (KB)
...
006 (3447417.008.000) 01/30 10:19:57 Image size of job updated: 441868
	360  -  MemoryUsage of job (MB)
	367768  -  ResidentSetSize of job (KB)
...
006 (3447417.008.000) 01/30 10:24:58 Image size of job updated: 441904
	360  -  MemoryUsage of job (MB)
	367804  -  ResidentSetSize of job (KB)
...
006 (3447417.008.000) 01/30 10:29:58 Image size of job updated: 441968
	360  -  MemoryUsage of job (MB)
	367868  -  ResidentSetSize of job (KB)
...
006 (3447417.008.000) 01/30 10:34:59 Image size of job updated: 442028
	360  -  MemoryUsage of job (MB)
	367928  -  ResidentSetSize of job (KB)
...
006 (3447417.008.000) 01/30 10:40:00 Image size of job updated: 442088
	360  -  MemoryUsage of job (MB)
	367988  -  ResidentSetSize of job (KB)
...
006 (3447417.008.000) 01/30 10:45:00 Image size of job updated: 442152
	360  -  MemoryUsage of job (MB)
	368052  -  ResidentSetSize of job (KB)
...
006 (3447417.008.000) 01/30 10:50:00 Image size of job updated: 442180
	360  -  MemoryUsage of job (MB)
	368080  -  ResidentSetSize of job (KB)
...
006 (3447417.008.000) 01/30 10:55:01 Image size of job updated: 442380
	360  -  MemoryUsage of job (MB)
	368280  -  ResidentSetSize of job (KB)
...
006 (3447417.008.000) 01/30 11:00:01 Image size of job updated: 442440
	360  -  MemoryUsage of job (MB)
	368340  -  ResidentSetSize of job (KB)
...
006 (3447417.008.000) 01/30 11:05:01 Image size of job updated: 442516
	360  -  MemoryUsage of job (MB)
	368416  -  ResidentSetSize of job (KB)
...
006 (3447417.008.000) 01/30 11:10:02 Image size of job updated: 442604
	360  -  MemoryUsage of job (MB)
	368504  -  ResidentSetSize of job (KB)
...
006 (3447417.008.000) 01/30 11:15:02 Image size of job updated: 442644
	360  -  MemoryUsage of job (MB)
	368544  -  ResidentSetSize of job (KB)
...
006 (3447417.008.000) 01/30 11:20:02 Image size of job updated: 442740
	360  -  MemoryUsage of job (MB)
	368640  -  ResidentSetSize of job (KB)
...
006 (3447417.008.000) 01/30 11:25:03 Image size of job updated: 442832
	361  -  MemoryUsage of job (MB)
	368732  -  ResidentSetSize of job (KB)
...
006 (3447417.008.000) 01/30 11:30:03 Image size of job updated: 442948
	361  -  MemoryUsage of job (MB)
	368848  -  ResidentSetSize of job (KB)
...
006 (3447417.008.000) 01/30 11:35:03 Image size of job updated: 443060
	361  -  MemoryUsage of job (MB)
	368960  -  ResidentSetSize of job (KB)
...
006 (3447417.008.000) 01/30 11:40:04 Image size of job updated: 443088
	361  -  MemoryUsage of job (MB)
	368988  -  ResidentSetSize of job (KB)
...
006 (3447417.008.000) 01/30 11:45:05 Image size of job updated: 443168
	361  -  MemoryUsage of job (MB)
	369068  -  ResidentSetSize of job (KB)
...
006 (3447417.008.000) 01/30 11:50:05 Image size of job updated: 443296
	361  -  MemoryUsage of job (MB)
	369196  -  ResidentSetSize of job (KB)
...
006 (3447417.008.000) 01/30 11:55:05 Image size of job updated: 443388
	361  -  MemoryUsage of job (MB)
	369288  -  ResidentSetSize of job (KB)
...
006 (3447417.008.000) 01/30 12:00:07 Image size of job updated: 443468
	361  -  MemoryUsage of job (MB)
	369368  -  ResidentSetSize of job (KB)
...
006 (3447417.008.000) 01/30 12:10:07 Image size of job updated: 443604
	361  -  MemoryUsage of job (MB)
	369504  -  ResidentSetSize of job (KB)
...
006 (3447417.008.000) 01/30 12:15:08 Image size of job updated: 443656
	361  -  MemoryUsage of job (MB)
	369556  -  ResidentSetSize of job (KB)
...
006 (3447417.008.000) 01/30 12:20:09 Image size of job updated: 443680
	361  -  MemoryUsage of job (MB)
	369580  -  ResidentSetSize of job (KB)
...
006 (3447417.008.000) 01/30 12:25:09 Image size of job updated: 443812
	362  -  MemoryUsage of job (MB)
	369712  -  ResidentSetSize of job (KB)
...
006 (3447417.008.000) 01/30 12:30:09 Image size of job updated: 443852
	362  -  MemoryUsage of job (MB)
	369752  -  ResidentSetSize of job (KB)
...
006 (3447417.008.000) 01/30 12:35:11 Image size of job updated: 443984
	362  -  MemoryUsage of job (MB)
	369884  -  ResidentSetSize of job (KB)
...
006 (3447417.008.000) 01/30 12:40:11 Image size of job updated: 444068
	362  -  MemoryUsage of job (MB)
	369968  -  ResidentSetSize of job (KB)
...
006 (3447417.008.000) 01/30 12:45:11 Image size of job updated: 444120
	362  -  MemoryUsage of job (MB)
	370020  -  ResidentSetSize of job (KB)
...
006 (3447417.008.000) 01/30 12:50:12 Image size of job updated: 444208
	362  -  MemoryUsage of job (MB)
	370108  -  ResidentSetSize of job (KB)
...
006 (3447417.008.000) 01/30 12:55:13 Image size of job updated: 444352
	362  -  MemoryUsage of job (MB)
	370228  -  ResidentSetSize of job (KB)
...
006 (3447417.008.000) 01/30 13:00:13 Image size of job updated: 444420
	362  -  MemoryUsage of job (MB)
	370296  -  ResidentSetSize of job (KB)
...
006 (3447417.008.000) 01/30 13:05:13 Image size of job updated: 444620
	362  -  MemoryUsage of job (MB)
	370496  -  ResidentSetSize of job (KB)
...
006 (3447417.008.000) 01/30 13:10:14 Image size of job updated: 444740
	362  -  MemoryUsage of job (MB)
	370616  -  ResidentSetSize of job (KB)
...
006 (3447417.008.000) 01/30 13:15:15 Image size of job updated: 444824
	363  -  MemoryUsage of job (MB)
	370700  -  ResidentSetSize of job (KB)
...
006 (3447417.008.000) 01/30 13:20:15 Image size of job updated: 444928
	363  -  MemoryUsage of job (MB)
	370804  -  ResidentSetSize of job (KB)
...
006 (3447417.008.000) 01/30 13:25:16 Image size of job updated: 445004
	363  -  MemoryUsage of job (MB)
	370880  -  ResidentSetSize of job (KB)
...
006 (3447417.008.000) 01/30 13:30:18 Image size of job updated: 445004
	364  -  MemoryUsage of job (MB)
	372376  -  ResidentSetSize of job (KB)
...
006 (3447417.008.000) 01/30 13:35:18 Image size of job updated: 445004
	364  -  MemoryUsage of job (MB)
	372428  -  ResidentSetSize of job (KB)
...
006 (3447417.008.000) 01/30 13:40:18 Image size of job updated: 445004
	365  -  MemoryUsage of job (MB)
	373612  -  ResidentSetSize of job (KB)
...
006 (3447417.008.000) 01/30 13:45:19 Image size of job updated: 445004
	365  -  MemoryUsage of job (MB)
	373632  -  ResidentSetSize of job (KB)
...
006 (3447417.008.000) 01/30 13:50:20 Image size of job updated: 445004
	365  -  MemoryUsage of job (MB)
	373648  -  ResidentSetSize of job (KB)
...
006 (3447417.008.000) 01/30 13:55:20 Image size of job updated: 445004
	365  -  MemoryUsage of job (MB)
	373708  -  ResidentSetSize of job (KB)
...
006 (3447417.008.000) 01/30 14:00:21 Image size of job updated: 445004
	365  -  MemoryUsage of job (MB)
	373712  -  ResidentSetSize of job (KB)
...
006 (3447417.008.000) 01/30 14:05:22 Image size of job updated: 445004
	365  -  MemoryUsage of job (MB)
	373752  -  ResidentSetSize of job (KB)
...
006 (3447417.008.000) 01/30 14:10:22 Image size of job updated: 445004
	366  -  MemoryUsage of job (MB)
	373800  -  ResidentSetSize of job (KB)
...
006 (3447417.008.000) 01/30 14:15:22 Image size of job updated: 445004
	366  -  MemoryUsage of job (MB)
	373812  -  ResidentSetSize of job (KB)
...
006 (3447417.008.000) 01/30 14:20:23 Image size of job updated: 445004
	366  -  MemoryUsage of job (MB)
	373836  -  ResidentSetSize of job (KB)
...
006 (3447417.008.000) 01/30 14:25:24 Image size of job updated: 445004
	366  -  MemoryUsage of job (MB)
	373872  -  ResidentSetSize of job (KB)
...
006 (3447417.008.000) 01/30 14:30:24 Image size of job updated: 445004
	366  -  MemoryUsage of job (MB)
	373896  -  ResidentSetSize of job (KB)
...
006 (3447417.008.000) 01/30 14:35:25 Image size of job updated: 445004
	366  -  MemoryUsage of job (MB)
	373920  -  ResidentSetSize of job (KB)
...
006 (3447417.008.000) 01/30 14:40:26 Image size of job updated: 445004
	366  -  MemoryUsage of job (MB)
	373944  -  ResidentSetSize of job (KB)
...
006 (3447417.008.000) 01/30 14:45:26 Image size of job updated: 445004
	366  -  MemoryUsage of job (MB)
	373964  -  ResidentSetSize of job (KB)
...
006 (3447417.008.000) 01/30 14:50:27 Image size of job updated: 445004
	366  -  MemoryUsage of job (MB)
	373992  -  ResidentSetSize of job (KB)
...
006 (3447417.008.000) 01/30 15:00:28 Image size of job updated: 445004
	366  -  MemoryUsage of job (MB)
	374080  -  ResidentSetSize of job (KB)
...
006 (3447417.008.000) 01/30 15:05:29 Image size of job updated: 445004
	366  -  MemoryUsage of job (MB)
	374084  -  ResidentSetSize of job (KB)
...
006 (3447417.008.000) 01/30 15:10:30 Image size of job updated: 445004
	366  -  MemoryUsage of job (MB)
	374108  -  ResidentSetSize of job (KB)
...
006 (3447417.008.000) 01/30 15:15:30 Image size of job updated: 445004
	366  -  MemoryUsage of job (MB)
	374136  -  ResidentSetSize of job (KB)
...
006 (3447417.008.000) 01/30 15:20:31 Image size of job updated: 445004
	366  -  MemoryUsage of job (MB)
	374148  -  ResidentSetSize of job (KB)
...
006 (3447417.008.000) 01/30 15:25:32 Image size of job updated: 445004
	366  -  MemoryUsage of job (MB)
	374204  -  ResidentSetSize of job (KB)
...
006 (3447417.008.000) 01/30 15:30:32 Image size of job updated: 445004
	366  -  MemoryUsage of job (MB)
	374224  -  ResidentSetSize of job (KB)
...
006 (3447417.008.000) 01/30 15:35:33 Image size of job updated: 445004
	366  -  MemoryUsage of job (MB)
	374240  -  ResidentSetSize of job (KB)
...
006 (3447417.008.000) 01/30 15:40:34 Image size of job updated: 445004
	366  -  MemoryUsage of job (MB)
	374264  -  ResidentSetSize of job (KB)
...
006 (3447417.008.000) 01/30 15:45:34 Image size of job updated: 445004
	366  -  MemoryUsage of job (MB)
	374288  -  ResidentSetSize of job (KB)
...
006 (3447417.008.000) 01/30 15:50:34 Image size of job updated: 445004
	366  -  MemoryUsage of job (MB)
	374364  -  ResidentSetSize of job (KB)
...
006 (3447417.008.000) 01/30 15:55:35 Image size of job updated: 445004
	366  -  MemoryUsage of job (MB)
	374372  -  ResidentSetSize of job (KB)
...
006 (3447417.008.000) 01/30 16:00:35 Image size of job updated: 445004
	366  -  MemoryUsage of job (MB)
	374396  -  ResidentSetSize of job (KB)
...
006 (3447417.008.000) 01/30 16:05:35 Image size of job updated: 445004
	366  -  MemoryUsage of job (MB)
	374420  -  ResidentSetSize of job (KB)
...
006 (3447417.008.000) 01/30 16:10:36 Image size of job updated: 445004
	366  -  MemoryUsage of job (MB)
	374508  -  ResidentSetSize of job (KB)
...
006 (3447417.008.000) 01/30 16:20:36 Image size of job updated: 445004
	366  -  MemoryUsage of job (MB)
	374520  -  ResidentSetSize of job (KB)
...
006 (3447417.008.000) 01/30 16:25:37 Image size of job updated: 445004
	366  -  MemoryUsage of job (MB)
	374564  -  ResidentSetSize of job (KB)
...
006 (3447417.008.000) 01/30 16:35:37 Image size of job updated: 445004
	366  -  MemoryUsage of job (MB)
	374596  -  ResidentSetSize of job (KB)
...
006 (3447417.008.000) 01/30 16:40:38 Image size of job updated: 445004
	366  -  MemoryUsage of job (MB)
	374624  -  ResidentSetSize of job (KB)
...
006 (3447417.008.000) 01/30 16:45:38 Image size of job updated: 445004
	366  -  MemoryUsage of job (MB)
	374648  -  ResidentSetSize of job (KB)
...
006 (3447417.008.000) 01/30 16:50:38 Image size of job updated: 445004
	366  -  MemoryUsage of job (MB)
	374684  -  ResidentSetSize of job (KB)
...
006 (3447417.008.000) 01/30 16:55:39 Image size of job updated: 445004
	366  -  MemoryUsage of job (MB)
	374692  -  ResidentSetSize of job (KB)
...
006 (3447417.008.000) 01/30 17:00:40 Image size of job updated: 445004
	366  -  MemoryUsage of job (MB)
	374740  -  ResidentSetSize of job (KB)
...
006 (3447417.008.000) 01/30 17:10:41 Image size of job updated: 445004
	367  -  MemoryUsage of job (MB)
	374792  -  ResidentSetSize of job (KB)
...
006 (3447417.008.000) 01/30 17:20:42 Image size of job updated: 445004
	367  -  MemoryUsage of job (MB)
	374812  -  ResidentSetSize of job (KB)
...
006 (3447417.008.000) 01/30 17:25:43 Image size of job updated: 445004
	367  -  MemoryUsage of job (MB)
	374876  -  ResidentSetSize of job (KB)
...
006 (3447417.008.000) 01/30 17:30:44 Image size of job updated: 445004
	367  -  MemoryUsage of job (MB)
	374904  -  ResidentSetSize of job (KB)
...
006 (3447417.008.000) 01/30 17:40:45 Image size of job updated: 445004
	367  -  MemoryUsage of job (MB)
	374928  -  ResidentSetSize of job (KB)
...
006 (3447417.008.000) 01/30 17:45:46 Image size of job updated: 445004
	367  -  MemoryUsage of job (MB)
	374976  -  ResidentSetSize of job (KB)
...
006 (3447417.008.000) 01/30 17:50:46 Image size of job updated: 445004
	367  -  MemoryUsage of job (MB)
	374996  -  ResidentSetSize of job (KB)
...
006 (3447417.008.000) 01/30 17:55:46 Image size of job updated: 445004
	367  -  MemoryUsage of job (MB)
	375024  -  ResidentSetSize of job (KB)
...
006 (3447417.008.000) 01/30 18:00:47 Image size of job updated: 445004
	367  -  MemoryUsage of job (MB)
	375040  -  ResidentSetSize of job (KB)
...
006 (3447417.008.000) 01/30 18:05:47 Image size of job updated: 445004
	367  -  MemoryUsage of job (MB)
	375072  -  ResidentSetSize of job (KB)
...
006 (3447417.008.000) 01/30 18:10:47 Image size of job updated: 445004
	367  -  MemoryUsage of job (MB)
	375084  -  ResidentSetSize of job (KB)
...
006 (3447417.008.000) 01/30 18:15:48 Image size of job updated: 445004
	367  -  MemoryUsage of job (MB)
	375144  -  ResidentSetSize of job (KB)
...
006 (3447417.008.000) 01/30 18:25:48 Image size of job updated: 445004
	367  -  MemoryUsage of job (MB)
	375156  -  ResidentSetSize of job (KB)
...
006 (3447417.008.000) 01/30 18:30:49 Image size of job updated: 445004
	367  -  MemoryUsage of job (MB)
	375192  -  ResidentSetSize of job (KB)
...
006 (3447417.008.000) 01/30 18:35:49 Image size of job updated: 445004
	367  -  MemoryUsage of job (MB)
	375244  -  ResidentSetSize of job (KB)
...
006 (3447417.008.000) 01/30 18:45:50 Image size of job updated: 445004
	367  -  MemoryUsage of job (MB)
	375248  -  ResidentSetSize of job (KB)
...
006 (3447417.008.000) 01/30 18:50:50 Image size of job updated: 445004
	367  -  MemoryUsage of job (MB)
	375284  -  ResidentSetSize of job (KB)
...
006 (3447417.008.000) 01/30 18:55:50 Image size of job updated: 445004
	367  -  MemoryUsage of job (MB)
	375316  -  ResidentSetSize of job (KB)
...
006 (3447417.008.000) 01/30 19:00:51 Image size of job updated: 445004
	367  -  MemoryUsage of job (MB)
	375324  -  ResidentSetSize of job (KB)
...
006 (3447417.008.000) 01/30 19:05:51 Image size of job updated: 445004
	367  -  MemoryUsage of job (MB)
	375376  -  ResidentSetSize of job (KB)
...
006 (3447417.008.000) 01/30 19:10:51 Image size of job updated: 445004
	367  -  MemoryUsage of job (MB)
	375400  -  ResidentSetSize of job (KB)
...
006 (3447417.008.000) 01/30 19:15:52 Image size of job updated: 445004
	367  -  MemoryUsage of job (MB)
	375436  -  ResidentSetSize of job (KB)
...
006 (3447417.008.000) 01/30 19:25:52 Image size of job updated: 445004
	367  -  MemoryUsage of job (MB)
	375476  -  ResidentSetSize of job (KB)
...
006 (3447417.008.000) 01/30 19:35:53 Image size of job updated: 445004
	367  -  MemoryUsage of job (MB)
	375524  -  ResidentSetSize of job (KB)
...
006 (3447417.008.000) 01/30 19:40:53 Image size of job updated: 445004
	367  -  MemoryUsage of job (MB)
	375536  -  ResidentSetSize of job (KB)
...
006 (3447417.008.000) 01/30 19:50:54 Image size of job updated: 445004
	367  -  MemoryUsage of job (MB)
	375608  -  ResidentSetSize of job (KB)
...
006 (3447417.008.000) 01/30 19:55:54 Image size of job updated: 445004
	367  -  MemoryUsage of job (MB)
	375620  -  ResidentSetSize of job (KB)
...
006 (3447417.008.000) 01/30 20:00:55 Image size of job updated: 445004
	367  -  MemoryUsage of job (MB)
	375684  -  ResidentSetSize of job (KB)
...
006 (3447417.008.000) 01/30 20:05:55 Image size of job updated: 445004
	367  -  MemoryUsage of job (MB)
	375692  -  ResidentSetSize of job (KB)
...
006 (3447417.008.000) 01/30 20:10:55 Image size of job updated: 445004
	367  -  MemoryUsage of job (MB)
	375700  -  ResidentSetSize of job (KB)
...
006 (3447417.008.000) 01/30 20:15:56 Image size of job updated: 445004
	367  -  MemoryUsage of job (MB)
	375756  -  ResidentSetSize of job (KB)
...
006 (3447417.008.000) 01/30 20:20:56 Image size of job updated: 445004
	367  -  MemoryUsage of job (MB)
	375764  -  ResidentSetSize of job (KB)
...
006 (3447417.008.000) 01/30 20:30:57 Image size of job updated: 445004
	367  -  MemoryUsage of job (MB)
	375808  -  ResidentSetSize of job (KB)
...
006 (3447417.008.000) 01/30 20:35:57 Image size of job updated: 445004
	368  -  MemoryUsage of job (MB)
	375840  -  ResidentSetSize of job (KB)
...
006 (3447417.008.000) 01/30 20:40:57 Image size of job updated: 445004
	368  -  MemoryUsage of job (MB)
	375868  -  ResidentSetSize of job (KB)
...
006 (3447417.008.000) 01/30 20:45:58 Image size of job updated: 445004
	368  -  MemoryUsage of job (MB)
	375916  -  ResidentSetSize of job (KB)
...
006 (3447417.008.000) 01/30 20:50:58 Image size of job updated: 445004
	368  -  MemoryUsage of job (MB)
	375964  -  ResidentSetSize of job (KB)
...
006 (3447417.008.000) 01/30 20:55:59 Image size of job updated: 445004
	368  -  MemoryUsage of job (MB)
	375968  -  ResidentSetSize of job (KB)
...
006 (3447417.008.000) 01/30 21:01:00 Image size of job updated: 445004
	368  -  MemoryUsage of job (MB)
	375992  -  ResidentSetSize of job (KB)
...
006 (3447417.008.000) 01/30 21:06:00 Image size of job updated: 445004
	368  -  MemoryUsage of job (MB)
	376008  -  ResidentSetSize of job (KB)
...
006 (3447417.008.000) 01/30 21:11:00 Image size of job updated: 445004
	368  -  MemoryUsage of job (MB)
	376032  -  ResidentSetSize of job (KB)
...
006 (3447417.008.000) 01/30 21:21:01 Image size of job updated: 445004
	368  -  MemoryUsage of job (MB)
	376064  -  ResidentSetSize of job (KB)
...
006 (3447417.008.000) 01/30 21:26:01 Image size of job updated: 445004
	368  -  MemoryUsage of job (MB)
	376084  -  ResidentSetSize of job (KB)
...
006 (3447417.008.000) 01/30 21:31:02 Image size of job updated: 445004
	368  -  MemoryUsage of job (MB)
	376136  -  ResidentSetSize of job (KB)
...
006 (3447417.008.000) 01/30 21:36:02 Image size of job updated: 445004
	368  -  MemoryUsage of job (MB)
	376148  -  ResidentSetSize of job (KB)
...
006 (3447417.008.000) 01/30 21:46:03 Image size of job updated: 445004
	368  -  MemoryUsage of job (MB)
	376220  -  ResidentSetSize of job (KB)
...
006 (3447417.008.000) 01/30 21:51:03 Image size of job updated: 445004
	368  -  MemoryUsage of job (MB)
	376260  -  ResidentSetSize of job (KB)
...
006 (3447417.008.000) 01/30 21:56:03 Image size of job updated: 445004
	368  -  MemoryUsage of job (MB)
	376284  -  ResidentSetSize of job (KB)
...
006 (3447417.008.000) 01/30 22:01:04 Image size of job updated: 445004
	368  -  MemoryUsage of job (MB)
	376332  -  ResidentSetSize of job (KB)
...
006 (3447417.008.000) 01/30 22:06:04 Image size of job updated: 445004
	368  -  MemoryUsage of job (MB)
	376424  -  ResidentSetSize of job (KB)
...
006 (3447417.008.000) 01/30 22:11:04 Image size of job updated: 445004
	368  -  MemoryUsage of job (MB)
	376436  -  ResidentSetSize of job (KB)
...
006 (3447417.008.000) 01/30 22:21:06 Image size of job updated: 445004
	368  -  MemoryUsage of job (MB)
	376444  -  ResidentSetSize of job (KB)
...
006 (3447417.008.000) 01/30 22:26:06 Image size of job updated: 445004
	368  -  MemoryUsage of job (MB)
	376500  -  ResidentSetSize of job (KB)
...
006 (3447417.008.000) 01/30 22:31:07 Image size of job updated: 445004
	368  -  MemoryUsage of job (MB)
	376540  -  ResidentSetSize of job (KB)
...
006 (3447417.008.000) 01/30 22:36:08 Image size of job updated: 445004
	368  -  MemoryUsage of job (MB)
	376560  -  ResidentSetSize of job (KB)
...
006 (3447417.008.000) 01/30 22:41:08 Image size of job updated: 445004
	368  -  MemoryUsage of job (MB)
	376568  -  ResidentSetSize of job (KB)
...
006 (3447417.008.000) 01/30 22:46:09 Image size of job updated: 445004
	368  -  MemoryUsage of job (MB)
	376608  -  ResidentSetSize of job (KB)
...
006 (3447417.008.000) 01/30 22:51:10 Image size of job updated: 445004
	368  -  MemoryUsage of job (MB)
	376620  -  ResidentSetSize of job (KB)
...
006 (3447417.008.000) 01/30 22:56:10 Image size of job updated: 445004
	368  -  MemoryUsage of job (MB)
	376644  -  ResidentSetSize of job (KB)
...
006 (3447417.008.000) 01/30 23:01:11 Image size of job updated: 445004
	368  -  MemoryUsage of job (MB)
	376684  -  ResidentSetSize of job (KB)
...
006 (3447417.008.000) 01/30 23:06:12 Image size of job updated: 445004
	368  -  MemoryUsage of job (MB)
	376696  -  ResidentSetSize of job (KB)
...
006 (3447417.008.000) 01/30 23:11:12 Image size of job updated: 445004
	368  -  MemoryUsage of job (MB)
	376732  -  ResidentSetSize of job (KB)
...
006 (3447417.008.000) 01/30 23:16:12 Image size of job updated: 445004
	368  -  MemoryUsage of job (MB)
	376772  -  ResidentSetSize of job (KB)
...
006 (3447417.008.000) 01/30 23:21:13 Image size of job updated: 445004
	368  -  MemoryUsage of job (MB)
	376788  -  ResidentSetSize of job (KB)
...
006 (3447417.008.000) 01/30 23:26:14 Image size of job updated: 445004
	368  -  MemoryUsage of job (MB)
	376808  -  ResidentSetSize of job (KB)
...
006 (3447417.008.000) 01/30 23:31:14 Image size of job updated: 445004
	369  -  MemoryUsage of job (MB)
	376840  -  ResidentSetSize of job (KB)
...
006 (3447417.008.000) 01/30 23:41:16 Image size of job updated: 445004
	369  -  MemoryUsage of job (MB)
	376896  -  ResidentSetSize of job (KB)
...
006 (3447417.008.000) 01/30 23:46:16 Image size of job updated: 445004
	369  -  MemoryUsage of job (MB)
	376912  -  ResidentSetSize of job (KB)
...
006 (3447417.008.000) 01/30 23:56:17 Image size of job updated: 445004
	369  -  MemoryUsage of job (MB)
	376956  -  ResidentSetSize of job (KB)
...
006 (3447417.008.000) 01/31 00:01:18 Image size of job updated: 445004
	369  -  MemoryUsage of job (MB)
	377012  -  ResidentSetSize of job (KB)
...
006 (3447417.008.000) 01/31 00:06:18 Image size of job updated: 445004
	369  -  MemoryUsage of job (MB)
	377036  -  ResidentSetSize of job (KB)
...
006 (3447417.008.000) 01/31 00:11:18 Image size of job updated: 445004
	369  -  MemoryUsage of job (MB)
	377092  -  ResidentSetSize of job (KB)
...
006 (3447417.008.000) 01/31 00:16:20 Image size of job updated: 445004
	369  -  MemoryUsage of job (MB)
	377100  -  ResidentSetSize of job (KB)
...
006 (3447417.008.000) 01/31 00:21:20 Image size of job updated: 445004
	369  -  MemoryUsage of job (MB)
	377132  -  ResidentSetSize of job (KB)
...
006 (3447417.008.000) 01/31 00:26:20 Image size of job updated: 445004
	369  -  MemoryUsage of job (MB)
	377176  -  ResidentSetSize of job (KB)
...
006 (3447417.008.000) 01/31 00:31:21 Image size of job updated: 445004
	369  -  MemoryUsage of job (MB)
	377200  -  ResidentSetSize of job (KB)
...
006 (3447417.008.000) 01/31 00:36:22 Image size of job updated: 445004
	369  -  MemoryUsage of job (MB)
	377228  -  ResidentSetSize of job (KB)
...
006 (3447417.008.000) 01/31 00:41:22 Image size of job updated: 445004
	369  -  MemoryUsage of job (MB)
	377248  -  ResidentSetSize of job (KB)
...
006 (3447417.008.000) 01/31 00:46:22 Image size of job updated: 445004
	369  -  MemoryUsage of job (MB)
	377304  -  ResidentSetSize of job (KB)
...
006 (3447417.008.000) 01/31 00:51:23 Image size of job updated: 445004
	369  -  MemoryUsage of job (MB)
	377316  -  ResidentSetSize of job (KB)
...
006 (3447417.008.000) 01/31 00:56:23 Image size of job updated: 445004
	369  -  MemoryUsage of job (MB)
	377372  -  ResidentSetSize of job (KB)
...
006 (3447417.008.000) 01/31 01:01:23 Image size of job updated: 445004
	369  -  MemoryUsage of job (MB)
	377412  -  ResidentSetSize of job (KB)
...
006 (3447417.008.000) 01/31 01:06:24 Image size of job updated: 445004
	369  -  MemoryUsage of job (MB)
	377432  -  ResidentSetSize of job (KB)
...
006 (3447417.008.000) 01/31 01:11:24 Image size of job updated: 445004
	369  -  MemoryUsage of job (MB)
	377444  -  ResidentSetSize of job (KB)
...
006 (3447417.008.000) 01/31 01:16:24 Image size of job updated: 445004
	369  -  MemoryUsage of job (MB)
	377488  -  ResidentSetSize of job (KB)
...
006 (3447417.008.000) 01/31 01:21:25 Image size of job updated: 445004
	369  -  MemoryUsage of job (MB)
	377504  -  ResidentSetSize of job (KB)
...
006 (3447417.008.000) 01/31 01:26:25 Image size of job updated: 445004
	369  -  MemoryUsage of job (MB)
	377556  -  ResidentSetSize of job (KB)
...
006 (3447417.008.000) 01/31 01:31:25 Image size of job updated: 445004
	369  -  MemoryUsage of job (MB)
	377576  -  ResidentSetSize of job (KB)
...
006 (3447417.008.000) 01/31 01:36:26 Image size of job updated: 445004
	369  -  MemoryUsage of job (MB)
	377596  -  ResidentSetSize of job (KB)
...
006 (3447417.008.000) 01/31 01:41:26 Image size of job updated: 445004
	369  -  MemoryUsage of job (MB)
	377636  -  ResidentSetSize of job (KB)
...
006 (3447417.008.000) 01/31 01:51:27 Image size of job updated: 445004
	369  -  MemoryUsage of job (MB)
	377656  -  ResidentSetSize of job (KB)
...
006 (3447417.008.000) 01/31 01:56:28 Image size of job updated: 445004
	369  -  MemoryUsage of job (MB)
	377764  -  ResidentSetSize of job (KB)
...
006 (3447417.008.000) 01/31 02:01:28 Image size of job updated: 445004
	369  -  MemoryUsage of job (MB)
	377768  -  ResidentSetSize of job (KB)
...
006 (3447417.008.000) 01/31 02:06:29 Image size of job updated: 445004
	369  -  MemoryUsage of job (MB)
	377812  -  ResidentSetSize of job (KB)
...
006 (3447417.008.000) 01/31 02:11:30 Image size of job updated: 445004
	370  -  MemoryUsage of job (MB)
	377876  -  ResidentSetSize of job (KB)
...
006 (3447417.008.000) 01/31 02:16:30 Image size of job updated: 445004
	370  -  MemoryUsage of job (MB)
	377880  -  ResidentSetSize of job (KB)
...
006 (3447417.008.000) 01/31 02:21:30 Image size of job updated: 445004
	370  -  MemoryUsage of job (MB)
	377912  -  ResidentSetSize of job (KB)
...
006 (3447417.008.000) 01/31 02:26:31 Image size of job updated: 445004
	370  -  MemoryUsage of job (MB)
	377940  -  ResidentSetSize of job (KB)
...
006 (3447417.008.000) 01/31 02:31:31 Image size of job updated: 445004
	370  -  MemoryUsage of job (MB)
	377956  -  ResidentSetSize of job (KB)
...
006 (3447417.008.000) 01/31 02:36:31 Image size of job updated: 445004
	370  -  MemoryUsage of job (MB)
	377960  -  ResidentSetSize of job (KB)
...
006 (3447417.008.000) 01/31 02:41:32 Image size of job updated: 445004
	370  -  MemoryUsage of job (MB)
	377988  -  ResidentSetSize of job (KB)
...
006 (3447417.008.000) 01/31 02:46:33 Image size of job updated: 445004
	370  -  MemoryUsage of job (MB)
	378008  -  ResidentSetSize of job (KB)
...
006 (3447417.008.000) 01/31 02:51:33 Image size of job updated: 445004
	370  -  MemoryUsage of job (MB)
	378084  -  ResidentSetSize of job (KB)
...
006 (3447417.008.000) 01/31 02:56:34 Image size of job updated: 445004
	370  -  MemoryUsage of job (MB)
	378216  -  ResidentSetSize of job (KB)
...
006 (3447417.008.000) 01/31 03:01:35 Image size of job updated: 445004
	370  -  MemoryUsage of job (MB)
	378364  -  ResidentSetSize of job (KB)
...
006 (3447417.008.000) 01/31 03:46:39 Image size of job updated: 445004
	370  -  MemoryUsage of job (MB)
	378396  -  ResidentSetSize of job (KB)
...
006 (3447417.008.000) 01/31 03:51:40 Image size of job updated: 445004
	370  -  MemoryUsage of job (MB)
	378412  -  ResidentSetSize of job (KB)
...
006 (3447417.008.000) 01/31 03:56:40 Image size of job updated: 445004
	370  -  MemoryUsage of job (MB)
	378432  -  ResidentSetSize of job (KB)
...
006 (3447417.008.000) 01/31 04:01:41 Image size of job updated: 445004
	370  -  MemoryUsage of job (MB)
	378444  -  ResidentSetSize of job (KB)
...
006 (3447417.008.000) 01/31 04:06:42 Image size of job updated: 445004
	370  -  MemoryUsage of job (MB)
	378468  -  ResidentSetSize of job (KB)
...
006 (3447417.008.000) 01/31 04:11:42 Image size of job updated: 445004
	370  -  MemoryUsage of job (MB)
	378608  -  ResidentSetSize of job (KB)
...
006 (3447417.008.000) 01/31 04:16:42 Image size of job updated: 445004
	370  -  MemoryUsage of job (MB)
	378632  -  ResidentSetSize of job (KB)
...
006 (3447417.008.000) 01/31 04:21:43 Image size of job updated: 445004
	370  -  MemoryUsage of job (MB)
	378656  -  ResidentSetSize of job (KB)
...
006 (3447417.008.000) 01/31 04:31:44 Image size of job updated: 445004
	370  -  MemoryUsage of job (MB)
	378672  -  ResidentSetSize of job (KB)
...
006 (3447417.008.000) 01/31 04:36:45 Image size of job updated: 445004
	370  -  MemoryUsage of job (MB)
	378684  -  ResidentSetSize of job (KB)
...
006 (3447417.008.000) 01/31 04:46:46 Image size of job updated: 445004
	370  -  MemoryUsage of job (MB)
	378716  -  ResidentSetSize of job (KB)
...
006 (3447417.008.000) 01/31 05:31:52 Image size of job updated: 445004
	370  -  MemoryUsage of job (MB)
	378724  -  ResidentSetSize of job (KB)
...
006 (3447417.008.000) 01/31 05:41:53 Image size of job updated: 445004
	370  -  MemoryUsage of job (MB)
	378732  -  ResidentSetSize of job (KB)
...
006 (3447417.008.000) 01/31 05:56:55 Image size of job updated: 445004
	370  -  MemoryUsage of job (MB)
	378748  -  ResidentSetSize of job (KB)
...
006 (3447417.008.000) 01/31 06:01:55 Image size of job updated: 445004
	370  -  MemoryUsage of job (MB)
	378756  -  ResidentSetSize of job (KB)
...
006 (3447417.008.000) 01/31 06:06:56 Image size of job updated: 445004
	370  -  MemoryUsage of job (MB)
	378768  -  ResidentSetSize of job (KB)
...
006 (3447417.008.000) 01/31 06:11:57 Image size of job updated: 445004
	370  -  MemoryUsage of job (MB)
	378772  -  ResidentSetSize of job (KB)
...
006 (3447417.008.000) 01/31 06:21:58 Image size of job updated: 445004
	370  -  MemoryUsage of job (MB)
	378800  -  ResidentSetSize of job (KB)
...
006 (3447417.008.000) 01/31 06:26:59 Image size of job updated: 445004
	370  -  MemoryUsage of job (MB)
	378804  -  ResidentSetSize of job (KB)
...
006 (3447417.008.000) 01/31 06:31:59 Image size of job updated: 445004
	370  -  MemoryUsage of job (MB)
	378824  -  ResidentSetSize of job (KB)
...
006 (3447417.008.000) 01/31 06:36:59 Image size of job updated: 445004
	370  -  MemoryUsage of job (MB)
	378836  -  ResidentSetSize of job (KB)
...
006 (3447417.008.000) 01/31 06:42:01 Image size of job updated: 445004
	370  -  MemoryUsage of job (MB)
	378840  -  ResidentSetSize of job (KB)
...
006 (3447417.008.000) 01/31 06:47:01 Image size of job updated: 445004
	370  -  MemoryUsage of job (MB)
	378880  -  ResidentSetSize of job (KB)
...
006 (3447417.008.000) 01/31 06:52:01 Image size of job updated: 445004
	371  -  MemoryUsage of job (MB)
	378908  -  ResidentSetSize of job (KB)
...
006 (3447417.008.000) 01/31 07:02:03 Image size of job updated: 445004
	371  -  MemoryUsage of job (MB)
	378940  -  ResidentSetSize of job (KB)
...
006 (3447417.008.000) 01/31 07:07:03 Image size of job updated: 445004
	371  -  MemoryUsage of job (MB)
	378948  -  ResidentSetSize of job (KB)
...
006 (3447417.008.000) 01/31 07:12:04 Image size of job updated: 445004
	371  -  MemoryUsage of job (MB)
	378952  -  ResidentSetSize of job (KB)
...
006 (3447417.008.000) 01/31 07:22:05 Image size of job updated: 445004
	371  -  MemoryUsage of job (MB)
	379028  -  ResidentSetSize of job (KB)
...
006 (3447417.008.000) 01/31 07:32:06 Image size of job updated: 445004
	371  -  MemoryUsage of job (MB)
	379112  -  ResidentSetSize of job (KB)
...
006 (3447417.008.000) 01/31 07:42:06 Image size of job updated: 445004
	371  -  MemoryUsage of job (MB)
	379128  -  ResidentSetSize of job (KB)
...
006 (3447417.008.000) 01/31 07:52:07 Image size of job updated: 445004
	371  -  MemoryUsage of job (MB)
	379164  -  ResidentSetSize of job (KB)
...
006 (3447417.008.000) 01/31 07:57:07 Image size of job updated: 445004
	371  -  MemoryUsage of job (MB)
	379172  -  ResidentSetSize of job (KB)
...
006 (3447417.008.000) 01/31 08:02:08 Image size of job updated: 445004
	371  -  MemoryUsage of job (MB)
	379180  -  ResidentSetSize of job (KB)
...
006 (3447417.008.000) 01/31 08:12:09 Image size of job updated: 445004
	371  -  MemoryUsage of job (MB)
	379220  -  ResidentSetSize of job (KB)
...
006 (3447417.008.000) 01/31 08:17:10 Image size of job updated: 445004
	371  -  MemoryUsage of job (MB)
	379236  -  ResidentSetSize of job (KB)
...
006 (3447417.008.000) 01/31 08:27:11 Image size of job updated: 445004
	371  -  MemoryUsage of job (MB)
	379264  -  ResidentSetSize of job (KB)
...
006 (3447417.008.000) 01/31 08:32:12 Image size of job updated: 445004
	371  -  MemoryUsage of job (MB)
	379304  -  ResidentSetSize of job (KB)
...
006 (3447417.008.000) 01/31 08:42:13 Image size of job updated: 445004
	371  -  MemoryUsage of job (MB)
	379324  -  ResidentSetSize of job (KB)
...
006 (3447417.008.000) 01/31 09:02:15 Image size of job updated: 445004
	371  -  MemoryUsage of job (MB)
	379472  -  ResidentSetSize of job (KB)
...
006 (3447417.008.000) 01/31 09:12:15 Image size of job updated: 445004
	371  -  MemoryUsage of job (MB)
	379512  -  ResidentSetSize of job (KB)
...
006 (3447417.008.000) 01/31 09:32:17 Image size of job updated: 445004
	371  -  MemoryUsage of job (MB)
	379520  -  ResidentSetSize of job (KB)
...
006 (3447417.008.000) 01/31 09:37:18 Image size of job updated: 445004
	371  -  MemoryUsage of job (MB)
	379536  -  ResidentSetSize of job (KB)
...
006 (3447417.008.000) 01/31 09:57:20 Image size of job updated: 445004
	371  -  MemoryUsage of job (MB)
	379580  -  ResidentSetSize of job (KB)
...
006 (3447417.008.000) 01/31 10:27:22 Image size of job updated: 445004
	371  -  MemoryUsage of job (MB)
	379604  -  ResidentSetSize of job (KB)
...
006 (3447417.008.000) 01/31 10:37:23 Image size of job updated: 445004
	371  -  MemoryUsage of job (MB)
	379612  -  ResidentSetSize of job (KB)
...
006 (3447417.008.000) 01/31 11:07:25 Image size of job updated: 445004
	371  -  MemoryUsage of job (MB)
	379748  -  ResidentSetSize of job (KB)
...
006 (3447417.008.000) 01/31 11:32:27 Image size of job updated: 445004
	371  -  MemoryUsage of job (MB)
	379764  -  ResidentSetSize of job (KB)
...
006 (3447417.008.000) 01/31 11:42:28 Image size of job updated: 445004
	371  -  MemoryUsage of job (MB)
	379780  -  ResidentSetSize of job (KB)
...
006 (3447417.008.000) 01/31 12:07:31 Image size of job updated: 445004
	371  -  MemoryUsage of job (MB)
	379824  -  ResidentSetSize of job (KB)
...
006 (3447417.008.000) 01/31 12:12:32 Image size of job updated: 445004
	371  -  MemoryUsage of job (MB)
	379836  -  ResidentSetSize of job (KB)
...
006 (3447417.008.000) 01/31 12:22:33 Image size of job updated: 445004
	371  -  MemoryUsage of job (MB)
	379844  -  ResidentSetSize of job (KB)
...
006 (3447417.008.000) 01/31 12:32:34 Image size of job updated: 445004
	372  -  MemoryUsage of job (MB)
	379960  -  ResidentSetSize of job (KB)
...
006 (3447417.008.000) 01/31 12:42:35 Image size of job updated: 445004
	372  -  MemoryUsage of job (MB)
	380016  -  ResidentSetSize of job (KB)
...
006 (3447417.008.000) 01/31 12:47:36 Image size of job updated: 445004
	372  -  MemoryUsage of job (MB)
	380044  -  ResidentSetSize of job (KB)
...
006 (3447417.008.000) 01/31 12:52:36 Image size of job updated: 445004
	372  -  MemoryUsage of job (MB)
	380048  -  ResidentSetSize of job (KB)
...
006 (3447417.008.000) 01/31 13:02:37 Image size of job updated: 445004
	372  -  MemoryUsage of job (MB)
	380052  -  ResidentSetSize of job (KB)
...
006 (3447417.008.000) 01/31 13:07:38 Image size of job updated: 445004
	372  -  MemoryUsage of job (MB)
	380104  -  ResidentSetSize of job (KB)
...
006 (3447417.008.000) 01/31 14:22:45 Image size of job updated: 445004
	372  -  MemoryUsage of job (MB)
	380132  -  ResidentSetSize of job (KB)
...
006 (3447417.008.000) 01/31 14:27:46 Image size of job updated: 445004
	372  -  MemoryUsage of job (MB)
	380152  -  ResidentSetSize of job (KB)
...
006 (3447417.008.000) 01/31 14:32:46 Image size of job updated: 445004
	372  -  MemoryUsage of job (MB)
	380172  -  ResidentSetSize of job (KB)
...
006 (3447417.008.000) 01/31 14:37:46 Image size of job updated: 445004
	372  -  MemoryUsage of job (MB)
	380208  -  ResidentSetSize of job (KB)
...
006 (3447417.008.000) 01/31 14:57:48 Image size of job updated: 445004
	372  -  MemoryUsage of job (MB)
	380220  -  ResidentSetSize of job (KB)
...
006 (3447417.008.000) 01/31 15:02:49 Image size of job updated: 445004
	372  -  MemoryUsage of job (MB)
	380224  -  ResidentSetSize of job (KB)
...
006 (3447417.008.000) 01/31 15:07:50 Image size of job updated: 445004
	372  -  MemoryUsage of job (MB)
	380256  -  ResidentSetSize of job (KB)
...
006 (3447417.008.000) 01/31 15:17:50 Image size of job updated: 445004
	372  -  MemoryUsage of job (MB)
	380284  -  ResidentSetSize of job (KB)
...
006 (3447417.008.000) 01/31 15:22:51 Image size of job updated: 445004
	372  -  MemoryUsage of job (MB)
	380300  -  ResidentSetSize of job (KB)
...
006 (3447417.008.000) 01/31 15:27:52 Image size of job updated: 445004
	372  -  MemoryUsage of job (MB)
	380332  -  ResidentSetSize of job (KB)
...
006 (3447417.008.000) 01/31 15:37:52 Image size of job updated: 445004
	372  -  MemoryUsage of job (MB)
	380368  -  ResidentSetSize of job (KB)
...
006 (3447417.008.000) 01/31 15:42:53 Image size of job updated: 445004
	372  -  MemoryUsage of job (MB)
	380412  -  ResidentSetSize of job (KB)
...
006 (3447417.008.000) 01/31 15:47:54 Image size of job updated: 445004
	372  -  MemoryUsage of job (MB)
	380420  -  ResidentSetSize of job (KB)
...
006 (3447417.008.000) 01/31 15:52:54 Image size of job updated: 445004
	372  -  MemoryUsage of job (MB)
	380436  -  ResidentSetSize of job (KB)
...
006 (3447417.008.000) 01/31 16:02:55 Image size of job updated: 445004
	372  -  MemoryUsage of job (MB)
	380456  -  ResidentSetSize of job (KB)
...
006 (3447417.008.000) 01/31 16:07:57 Image size of job updated: 445004
	372  -  MemoryUsage of job (MB)
	380472  -  ResidentSetSize of job (KB)
...
006 (3447417.008.000) 01/31 16:12:57 Image size of job updated: 445004
	372  -  MemoryUsage of job (MB)
	380504  -  ResidentSetSize of job (KB)
...
006 (3447417.008.000) 01/31 16:17:57 Image size of job updated: 445004
	372  -  MemoryUsage of job (MB)
	380508  -  ResidentSetSize of job (KB)
...
006 (3447417.008.000) 01/31 16:22:58 Image size of job updated: 445004
	372  -  MemoryUsage of job (MB)
	380544  -  ResidentSetSize of job (KB)
...
006 (3447417.008.000) 01/31 16:27:59 Image size of job updated: 445004
	372  -  MemoryUsage of job (MB)
	380612  -  ResidentSetSize of job (KB)
...
006 (3447417.008.000) 01/31 16:38:00 Image size of job updated: 445004
	372  -  MemoryUsage of job (MB)
	380636  -  ResidentSetSize of job (KB)
...
006 (3447417.008.000) 01/31 16:48:01 Image size of job updated: 445004
	372  -  MemoryUsage of job (MB)
	380644  -  ResidentSetSize of job (KB)
...
006 (3447417.008.000) 01/31 16:53:01 Image size of job updated: 445004
	372  -  MemoryUsage of job (MB)
	380656  -  ResidentSetSize of job (KB)
...
006 (3447417.008.000) 01/31 16:58:01 Image size of job updated: 445004
	372  -  MemoryUsage of job (MB)
	380672  -  ResidentSetSize of job (KB)
...
006 (3447417.008.000) 01/31 17:03:02 Image size of job updated: 445004
	372  -  MemoryUsage of job (MB)
	380696  -  ResidentSetSize of job (KB)
...
006 (3447417.008.000) 01/31 17:08:03 Image size of job updated: 445004
	372  -  MemoryUsage of job (MB)
	380708  -  ResidentSetSize of job (KB)
...
006 (3447417.008.000) 01/31 17:14:36 Image size of job updated: 445004
	372  -  MemoryUsage of job (MB)
	380736  -  ResidentSetSize of job (KB)
...
006 (3447417.008.000) 01/31 17:19:14 Image size of job updated: 445004
	372  -  MemoryUsage of job (MB)
	380772  -  ResidentSetSize of job (KB)
...
006 (3447417.008.000) 01/31 17:24:14 Image size of job updated: 445004
	372  -  MemoryUsage of job (MB)
	380800  -  ResidentSetSize of job (KB)
...
006 (3447417.008.000) 01/31 17:29:15 Image size of job updated: 445004
	372  -  MemoryUsage of job (MB)
	380808  -  ResidentSetSize of job (KB)
...
006 (3447417.008.000) 01/31 17:34:16 Image size of job updated: 445004
	372  -  MemoryUsage of job (MB)
	380836  -  ResidentSetSize of job (KB)
...
006 (3447417.008.000) 01/31 17:39:17 Image size of job updated: 445004
	372  -  MemoryUsage of job (MB)
	380860  -  ResidentSetSize of job (KB)
...
006 (3447417.008.000) 01/31 17:44:17 Image size of job updated: 445004
	372  -  MemoryUsage of job (MB)
	380888  -  ResidentSetSize of job (KB)
...
006 (3447417.008.000) 01/31 17:49:17 Image size of job updated: 445004
	372  -  MemoryUsage of job (MB)
	380896  -  ResidentSetSize of job (KB)
...
006 (3447417.008.000) 01/31 17:54:17 Image size of job updated: 445004
	372  -  MemoryUsage of job (MB)
	380920  -  ResidentSetSize of job (KB)
...
006 (3447417.008.000) 01/31 17:59:18 Image size of job updated: 445004
	373  -  MemoryUsage of job (MB)
	380956  -  ResidentSetSize of job (KB)
...
006 (3447417.008.000) 01/31 18:04:19 Image size of job updated: 445004
	373  -  MemoryUsage of job (MB)
	380968  -  ResidentSetSize of job (KB)
...
006 (3447417.008.000) 01/31 18:09:19 Image size of job updated: 445004
	373  -  MemoryUsage of job (MB)
	380984  -  ResidentSetSize of job (KB)
...
006 (3447417.008.000) 01/31 18:14:19 Image size of job updated: 445004
	373  -  MemoryUsage of job (MB)
	381012  -  ResidentSetSize of job (KB)
...
006 (3447417.008.000) 01/31 18:19:20 Image size of job updated: 445004
	373  -  MemoryUsage of job (MB)
	381016  -  ResidentSetSize of job (KB)
...
006 (3447417.008.000) 01/31 18:24:20 Image size of job updated: 445004
	373  -  MemoryUsage of job (MB)
	381052  -  ResidentSetSize of job (KB)
...
006 (3447417.008.000) 01/31 18:29:20 Image size of job updated: 445004
	373  -  MemoryUsage of job (MB)
	381080  -  ResidentSetSize of job (KB)
...
006 (3447417.008.000) 01/31 18:34:21 Image size of job updated: 445004
	373  -  MemoryUsage of job (MB)
	381124  -  ResidentSetSize of job (KB)
...
006 (3447417.008.000) 01/31 18:39:22 Image size of job updated: 445004
	373  -  MemoryUsage of job (MB)
	381144  -  ResidentSetSize of job (KB)
...
006 (3447417.008.000) 01/31 18:44:22 Image size of job updated: 445004
	373  -  MemoryUsage of job (MB)
	381200  -  ResidentSetSize of job (KB)
...
006 (3447417.008.000) 01/31 18:49:23 Image size of job updated: 445004
	373  -  MemoryUsage of job (MB)
	381208  -  ResidentSetSize of job (KB)
...
006 (3447417.008.000) 01/31 18:59:25 Image size of job updated: 445004
	373  -  MemoryUsage of job (MB)
	381232  -  ResidentSetSize of job (KB)
...
006 (3447417.008.000) 01/31 19:04:25 Image size of job updated: 445004
	373  -  MemoryUsage of job (MB)
	381256  -  ResidentSetSize of job (KB)
...
006 (3447417.008.000) 01/31 19:09:25 Image size of job updated: 445004
	373  -  MemoryUsage of job (MB)
	381288  -  ResidentSetSize of job (KB)
...
006 (3447417.008.000) 01/31 19:14:26 Image size of job updated: 445004
	373  -  MemoryUsage of job (MB)
	381384  -  ResidentSetSize of job (KB)
...
006 (3447417.008.000) 01/31 19:24:27 Image size of job updated: 445004
	373  -  MemoryUsage of job (MB)
	381416  -  ResidentSetSize of job (KB)
...
006 (3447417.008.000) 01/31 19:44:29 Image size of job updated: 445004
	373  -  MemoryUsage of job (MB)
	381424  -  ResidentSetSize of job (KB)
...
006 (3447417.008.000) 01/31 19:49:29 Image size of job updated: 445004
	373  -  MemoryUsage of job (MB)
	381448  -  ResidentSetSize of job (KB)
...
006 (3447417.008.000) 01/31 19:54:30 Image size of job updated: 445004
	373  -  MemoryUsage of job (MB)
	381492  -  ResidentSetSize of job (KB)
...
040 (3447417.008.000) 02/01 10:36:22 Started transferring output files
...
040 (3447417.008.000) 02/01 10:36:30 Finished transferring output files
...
005 (3447417.008.000) 02/01 10:36:39 Job terminated.
	(1) Normal termination (return value 0)
		Usr 2 05:09:05, Sys 0 00:03:37  -  Run Remote Usage
		Usr 0 00:00:00, Sys 0 00:00:00  -  Run Local Usage
		Usr 2 05:09:05, Sys 0 00:03:37  -  Total Remote Usage
		Usr 0 00:00:00, Sys 0 00:00:00  -  Total Local Usage
	34705  -  Run Bytes Sent By Job
	493  -  Run Bytes Received By Job
	34705  -  Total Bytes Sent By Job
	493  -  Total Bytes Received By Job
	Partitionable Resources :    Usage  Request Allocated 
	   Cpus                 :                 1           
	   Disk (KB)            :       47        1   2808585 
	   Memory (MB)          :      373     2000      2000 
...
