000 (3447350.002.000) 01/30 00:59:39 Job submitted from host: <188.185.71.142:9618?addrs=188.185.71.142-9618+[2001-1458-d00-7--100-388]-9618&alias=bigbird09.cern.ch&noUDP&sock=schedd_2208_1533_7>
...
040 (3447350.002.000) 01/30 04:11:57 Started transferring input files
	Transferring to host: <188.184.213.133:9618?addrs=188.184.213.133-9618+[--1]-9618&noUDP&sock=3954_b35a_17679>
...
040 (3447350.002.000) 01/30 04:11:57 Finished transferring input files
...
001 (3447350.002.000) 01/30 04:11:58 Job executing on host: <188.184.213.133:9618?addrs=188.184.213.133-9618+[--1]-9618&noUDP&sock=3238_93c0_3>
...
006 (3447350.002.000) 01/30 04:12:07 Image size of job updated: 7288
	3  -  MemoryUsage of job (MB)
	3072  -  ResidentSetSize of job (KB)
...
006 (3447350.002.000) 01/30 04:17:08 Image size of job updated: 478460
	400  -  MemoryUsage of job (MB)
	409512  -  ResidentSetSize of job (KB)
...
006 (3447350.002.000) 01/30 04:22:08 Image size of job updated: 478516
	400  -  MemoryUsage of job (MB)
	409568  -  ResidentSetSize of job (KB)
...
006 (3447350.002.000) 01/30 04:42:09 Image size of job updated: 478536
	400  -  MemoryUsage of job (MB)
	409588  -  ResidentSetSize of job (KB)
...
006 (3447350.002.000) 01/30 04:52:10 Image size of job updated: 478540
	400  -  MemoryUsage of job (MB)
	409592  -  ResidentSetSize of job (KB)
...
006 (3447350.002.000) 01/30 04:57:10 Image size of job updated: 478548
	400  -  MemoryUsage of job (MB)
	409600  -  ResidentSetSize of job (KB)
...
006 (3447350.002.000) 01/30 05:02:11 Image size of job updated: 478560
	401  -  MemoryUsage of job (MB)
	409612  -  ResidentSetSize of job (KB)
...
006 (3447350.002.000) 01/30 05:12:11 Image size of job updated: 478580
	401  -  MemoryUsage of job (MB)
	409632  -  ResidentSetSize of job (KB)
...
006 (3447350.002.000) 01/30 05:17:12 Image size of job updated: 478584
	401  -  MemoryUsage of job (MB)
	409636  -  ResidentSetSize of job (KB)
...
006 (3447350.002.000) 01/30 07:42:27 Image size of job updated: 478584
	401  -  MemoryUsage of job (MB)
	409756  -  ResidentSetSize of job (KB)
...
006 (3447350.002.000) 01/30 07:47:27 Image size of job updated: 478584
	401  -  MemoryUsage of job (MB)
	409792  -  ResidentSetSize of job (KB)
...
006 (3447350.002.000) 01/30 07:52:27 Image size of job updated: 478584
	401  -  MemoryUsage of job (MB)
	409856  -  ResidentSetSize of job (KB)
...
006 (3447350.002.000) 01/30 07:57:29 Image size of job updated: 478584
	401  -  MemoryUsage of job (MB)
	409912  -  ResidentSetSize of job (KB)
...
006 (3447350.002.000) 01/30 08:07:29 Image size of job updated: 478584
	401  -  MemoryUsage of job (MB)
	410024  -  ResidentSetSize of job (KB)
...
006 (3447350.002.000) 01/30 08:12:30 Image size of job updated: 478584
	401  -  MemoryUsage of job (MB)
	410124  -  ResidentSetSize of job (KB)
...
006 (3447350.002.000) 01/30 08:22:31 Image size of job updated: 478656
	401  -  MemoryUsage of job (MB)
	410248  -  ResidentSetSize of job (KB)
...
006 (3447350.002.000) 01/30 08:27:32 Image size of job updated: 478672
	401  -  MemoryUsage of job (MB)
	410264  -  ResidentSetSize of job (KB)
...
006 (3447350.002.000) 01/30 08:32:33 Image size of job updated: 478752
	401  -  MemoryUsage of job (MB)
	410344  -  ResidentSetSize of job (KB)
...
006 (3447350.002.000) 01/30 08:37:33 Image size of job updated: 478760
	401  -  MemoryUsage of job (MB)
	410352  -  ResidentSetSize of job (KB)
...
006 (3447350.002.000) 01/30 08:42:33 Image size of job updated: 478880
	401  -  MemoryUsage of job (MB)
	410472  -  ResidentSetSize of job (KB)
...
006 (3447350.002.000) 01/30 08:52:34 Image size of job updated: 478972
	401  -  MemoryUsage of job (MB)
	410564  -  ResidentSetSize of job (KB)
...
006 (3447350.002.000) 01/30 08:57:34 Image size of job updated: 479052
	402  -  MemoryUsage of job (MB)
	410628  -  ResidentSetSize of job (KB)
...
006 (3447350.002.000) 01/30 09:02:35 Image size of job updated: 479084
	402  -  MemoryUsage of job (MB)
	410660  -  ResidentSetSize of job (KB)
...
006 (3447350.002.000) 01/30 09:07:35 Image size of job updated: 479220
	402  -  MemoryUsage of job (MB)
	410796  -  ResidentSetSize of job (KB)
...
006 (3447350.002.000) 01/30 09:12:35 Image size of job updated: 479228
	402  -  MemoryUsage of job (MB)
	410804  -  ResidentSetSize of job (KB)
...
006 (3447350.002.000) 01/30 09:17:37 Image size of job updated: 479272
	402  -  MemoryUsage of job (MB)
	410848  -  ResidentSetSize of job (KB)
...
006 (3447350.002.000) 01/30 09:22:37 Image size of job updated: 479292
	402  -  MemoryUsage of job (MB)
	410868  -  ResidentSetSize of job (KB)
...
006 (3447350.002.000) 01/30 09:27:37 Image size of job updated: 479428
	402  -  MemoryUsage of job (MB)
	411004  -  ResidentSetSize of job (KB)
...
006 (3447350.002.000) 01/30 09:32:38 Image size of job updated: 479476
	402  -  MemoryUsage of job (MB)
	411052  -  ResidentSetSize of job (KB)
...
006 (3447350.002.000) 01/30 09:37:39 Image size of job updated: 479592
	402  -  MemoryUsage of job (MB)
	411168  -  ResidentSetSize of job (KB)
...
006 (3447350.002.000) 01/30 09:42:39 Image size of job updated: 479620
	402  -  MemoryUsage of job (MB)
	411196  -  ResidentSetSize of job (KB)
...
006 (3447350.002.000) 01/30 09:47:40 Image size of job updated: 479672
	402  -  MemoryUsage of job (MB)
	411248  -  ResidentSetSize of job (KB)
...
006 (3447350.002.000) 01/30 09:57:41 Image size of job updated: 479688
	402  -  MemoryUsage of job (MB)
	411264  -  ResidentSetSize of job (KB)
...
006 (3447350.002.000) 01/30 10:02:42 Image size of job updated: 479804
	402  -  MemoryUsage of job (MB)
	411380  -  ResidentSetSize of job (KB)
...
006 (3447350.002.000) 01/30 10:13:06 Image size of job updated: 480004
	402  -  MemoryUsage of job (MB)
	411580  -  ResidentSetSize of job (KB)
...
006 (3447350.002.000) 01/30 10:29:18 Image size of job updated: 480208
	403  -  MemoryUsage of job (MB)
	411784  -  ResidentSetSize of job (KB)
...
006 (3447350.002.000) 01/30 10:42:16 Image size of job updated: 480216
	403  -  MemoryUsage of job (MB)
	411792  -  ResidentSetSize of job (KB)
...
006 (3447350.002.000) 01/30 10:55:03 Image size of job updated: 480216
	403  -  MemoryUsage of job (MB)
	411816  -  ResidentSetSize of job (KB)
...
006 (3447350.002.000) 01/30 11:00:03 Image size of job updated: 480216
	403  -  MemoryUsage of job (MB)
	411836  -  ResidentSetSize of job (KB)
...
006 (3447350.002.000) 01/30 11:05:04 Image size of job updated: 480216
	403  -  MemoryUsage of job (MB)
	411924  -  ResidentSetSize of job (KB)
...
006 (3447350.002.000) 01/30 11:25:05 Image size of job updated: 480216
	403  -  MemoryUsage of job (MB)
	411928  -  ResidentSetSize of job (KB)
...
006 (3447350.002.000) 01/30 11:40:06 Image size of job updated: 480216
	403  -  MemoryUsage of job (MB)
	411932  -  ResidentSetSize of job (KB)
...
006 (3447350.002.000) 01/30 11:50:07 Image size of job updated: 480216
	403  -  MemoryUsage of job (MB)
	411964  -  ResidentSetSize of job (KB)
...
006 (3447350.002.000) 01/30 11:55:07 Image size of job updated: 480216
	403  -  MemoryUsage of job (MB)
	411968  -  ResidentSetSize of job (KB)
...
006 (3447350.002.000) 01/30 12:00:07 Image size of job updated: 480216
	403  -  MemoryUsage of job (MB)
	411992  -  ResidentSetSize of job (KB)
...
006 (3447350.002.000) 01/30 12:05:09 Image size of job updated: 480216
	403  -  MemoryUsage of job (MB)
	411996  -  ResidentSetSize of job (KB)
...
006 (3447350.002.000) 01/30 12:10:09 Image size of job updated: 480216
	403  -  MemoryUsage of job (MB)
	412028  -  ResidentSetSize of job (KB)
...
006 (3447350.002.000) 01/30 12:20:10 Image size of job updated: 480216
	403  -  MemoryUsage of job (MB)
	412032  -  ResidentSetSize of job (KB)
...
006 (3447350.002.000) 01/30 12:25:11 Image size of job updated: 480216
	403  -  MemoryUsage of job (MB)
	412040  -  ResidentSetSize of job (KB)
...
006 (3447350.002.000) 01/30 12:35:12 Image size of job updated: 480216
	403  -  MemoryUsage of job (MB)
	412044  -  ResidentSetSize of job (KB)
...
006 (3447350.002.000) 01/30 12:45:13 Image size of job updated: 480272
	403  -  MemoryUsage of job (MB)
	412152  -  ResidentSetSize of job (KB)
...
006 (3447350.002.000) 01/30 12:50:14 Image size of job updated: 480416
	403  -  MemoryUsage of job (MB)
	412296  -  ResidentSetSize of job (KB)
...
006 (3447350.002.000) 01/30 12:55:15 Image size of job updated: 480528
	403  -  MemoryUsage of job (MB)
	412408  -  ResidentSetSize of job (KB)
...
006 (3447350.002.000) 01/30 13:00:15 Image size of job updated: 480696
	403  -  MemoryUsage of job (MB)
	412576  -  ResidentSetSize of job (KB)
...
006 (3447350.002.000) 01/30 13:05:15 Image size of job updated: 480724
	403  -  MemoryUsage of job (MB)
	412604  -  ResidentSetSize of job (KB)
...
006 (3447350.002.000) 01/30 13:10:16 Image size of job updated: 480984
	404  -  MemoryUsage of job (MB)
	412864  -  ResidentSetSize of job (KB)
...
006 (3447350.002.000) 01/30 13:25:17 Image size of job updated: 481052
	404  -  MemoryUsage of job (MB)
	412932  -  ResidentSetSize of job (KB)
...
006 (3447350.002.000) 01/30 13:30:17 Image size of job updated: 481052
	404  -  MemoryUsage of job (MB)
	413224  -  ResidentSetSize of job (KB)
...
006 (3447350.002.000) 01/30 14:52:47 Image size of job updated: 481052
	404  -  MemoryUsage of job (MB)
	413228  -  ResidentSetSize of job (KB)
...
006 (3447350.002.000) 01/30 14:57:47 Image size of job updated: 481052
	404  -  MemoryUsage of job (MB)
	413252  -  ResidentSetSize of job (KB)
...
006 (3447350.002.000) 01/30 15:02:47 Image size of job updated: 481052
	404  -  MemoryUsage of job (MB)
	413288  -  ResidentSetSize of job (KB)
...
006 (3447350.002.000) 01/30 15:07:49 Image size of job updated: 481052
	404  -  MemoryUsage of job (MB)
	413420  -  ResidentSetSize of job (KB)
...
006 (3447350.002.000) 01/30 15:12:49 Image size of job updated: 481052
	404  -  MemoryUsage of job (MB)
	413452  -  ResidentSetSize of job (KB)
...
006 (3447350.002.000) 01/30 15:17:49 Image size of job updated: 481052
	404  -  MemoryUsage of job (MB)
	413484  -  ResidentSetSize of job (KB)
...
006 (3447350.002.000) 01/30 15:22:50 Image size of job updated: 481052
	404  -  MemoryUsage of job (MB)
	413620  -  ResidentSetSize of job (KB)
...
006 (3447350.002.000) 01/30 15:32:51 Image size of job updated: 481052
	405  -  MemoryUsage of job (MB)
	413724  -  ResidentSetSize of job (KB)
...
006 (3447350.002.000) 01/30 15:37:52 Image size of job updated: 481052
	405  -  MemoryUsage of job (MB)
	413772  -  ResidentSetSize of job (KB)
...
006 (3447350.002.000) 01/30 15:42:53 Image size of job updated: 481052
	405  -  MemoryUsage of job (MB)
	413808  -  ResidentSetSize of job (KB)
...
006 (3447350.002.000) 01/30 15:47:53 Image size of job updated: 481052
	405  -  MemoryUsage of job (MB)
	413856  -  ResidentSetSize of job (KB)
...
006 (3447350.002.000) 01/30 15:52:54 Image size of job updated: 481052
	405  -  MemoryUsage of job (MB)
	413884  -  ResidentSetSize of job (KB)
...
006 (3447350.002.000) 01/30 15:57:55 Image size of job updated: 481052
	405  -  MemoryUsage of job (MB)
	413972  -  ResidentSetSize of job (KB)
...
006 (3447350.002.000) 01/30 16:02:55 Image size of job updated: 481052
	405  -  MemoryUsage of job (MB)
	413988  -  ResidentSetSize of job (KB)
...
006 (3447350.002.000) 01/30 16:07:56 Image size of job updated: 481052
	405  -  MemoryUsage of job (MB)
	414020  -  ResidentSetSize of job (KB)
...
006 (3447350.002.000) 01/30 16:12:57 Image size of job updated: 481052
	405  -  MemoryUsage of job (MB)
	414032  -  ResidentSetSize of job (KB)
...
006 (3447350.002.000) 01/30 16:17:57 Image size of job updated: 481052
	405  -  MemoryUsage of job (MB)
	414172  -  ResidentSetSize of job (KB)
...
006 (3447350.002.000) 01/30 16:22:57 Image size of job updated: 481052
	405  -  MemoryUsage of job (MB)
	414188  -  ResidentSetSize of job (KB)
...
006 (3447350.002.000) 01/30 16:27:59 Image size of job updated: 481052
	405  -  MemoryUsage of job (MB)
	414216  -  ResidentSetSize of job (KB)
...
006 (3447350.002.000) 01/30 16:32:59 Image size of job updated: 481052
	405  -  MemoryUsage of job (MB)
	414316  -  ResidentSetSize of job (KB)
...
006 (3447350.002.000) 01/30 16:37:59 Image size of job updated: 481052
	405  -  MemoryUsage of job (MB)
	414404  -  ResidentSetSize of job (KB)
...
006 (3447350.002.000) 01/30 16:43:00 Image size of job updated: 481052
	405  -  MemoryUsage of job (MB)
	414476  -  ResidentSetSize of job (KB)
...
006 (3447350.002.000) 01/30 16:48:01 Image size of job updated: 481052
	405  -  MemoryUsage of job (MB)
	414536  -  ResidentSetSize of job (KB)
...
006 (3447350.002.000) 01/30 16:58:02 Image size of job updated: 481052
	405  -  MemoryUsage of job (MB)
	414656  -  ResidentSetSize of job (KB)
...
006 (3447350.002.000) 01/30 17:03:03 Image size of job updated: 481052
	405  -  MemoryUsage of job (MB)
	414672  -  ResidentSetSize of job (KB)
...
006 (3447350.002.000) 01/30 17:09:08 Image size of job updated: 481052
	405  -  MemoryUsage of job (MB)
	414700  -  ResidentSetSize of job (KB)
...
006 (3447350.002.000) 01/30 17:13:04 Image size of job updated: 481052
	406  -  MemoryUsage of job (MB)
	414792  -  ResidentSetSize of job (KB)
...
006 (3447350.002.000) 01/30 17:18:05 Image size of job updated: 481052
	406  -  MemoryUsage of job (MB)
	414828  -  ResidentSetSize of job (KB)
...
006 (3447350.002.000) 01/30 17:23:05 Image size of job updated: 481052
	406  -  MemoryUsage of job (MB)
	414932  -  ResidentSetSize of job (KB)
...
006 (3447350.002.000) 01/30 17:28:06 Image size of job updated: 481052
	406  -  MemoryUsage of job (MB)
	415004  -  ResidentSetSize of job (KB)
...
006 (3447350.002.000) 01/30 17:33:07 Image size of job updated: 481052
	406  -  MemoryUsage of job (MB)
	415088  -  ResidentSetSize of job (KB)
...
006 (3447350.002.000) 01/30 17:38:07 Image size of job updated: 481052
	406  -  MemoryUsage of job (MB)
	415100  -  ResidentSetSize of job (KB)
...
006 (3447350.002.000) 01/30 17:43:07 Image size of job updated: 481052
	406  -  MemoryUsage of job (MB)
	415220  -  ResidentSetSize of job (KB)
...
006 (3447350.002.000) 01/30 17:48:09 Image size of job updated: 481052
	406  -  MemoryUsage of job (MB)
	415348  -  ResidentSetSize of job (KB)
...
006 (3447350.002.000) 01/30 17:58:09 Image size of job updated: 481052
	406  -  MemoryUsage of job (MB)
	415424  -  ResidentSetSize of job (KB)
...
006 (3447350.002.000) 01/30 18:08:10 Image size of job updated: 481052
	406  -  MemoryUsage of job (MB)
	415528  -  ResidentSetSize of job (KB)
...
006 (3447350.002.000) 01/30 18:13:11 Image size of job updated: 481052
	406  -  MemoryUsage of job (MB)
	415596  -  ResidentSetSize of job (KB)
...
006 (3447350.002.000) 01/30 18:18:12 Image size of job updated: 481052
	406  -  MemoryUsage of job (MB)
	415608  -  ResidentSetSize of job (KB)
...
006 (3447350.002.000) 01/30 18:23:12 Image size of job updated: 481052
	406  -  MemoryUsage of job (MB)
	415668  -  ResidentSetSize of job (KB)
...
006 (3447350.002.000) 01/30 18:28:12 Image size of job updated: 481052
	406  -  MemoryUsage of job (MB)
	415736  -  ResidentSetSize of job (KB)
...
006 (3447350.002.000) 01/30 18:33:13 Image size of job updated: 481052
	407  -  MemoryUsage of job (MB)
	415756  -  ResidentSetSize of job (KB)
...
006 (3447350.002.000) 01/30 18:38:13 Image size of job updated: 481052
	407  -  MemoryUsage of job (MB)
	415864  -  ResidentSetSize of job (KB)
...
006 (3447350.002.000) 01/30 18:43:13 Image size of job updated: 481052
	407  -  MemoryUsage of job (MB)
	415936  -  ResidentSetSize of job (KB)
...
006 (3447350.002.000) 01/30 18:53:14 Image size of job updated: 481052
	407  -  MemoryUsage of job (MB)
	415980  -  ResidentSetSize of job (KB)
...
006 (3447350.002.000) 01/30 18:58:14 Image size of job updated: 481052
	407  -  MemoryUsage of job (MB)
	416120  -  ResidentSetSize of job (KB)
...
006 (3447350.002.000) 01/30 19:03:15 Image size of job updated: 481052
	407  -  MemoryUsage of job (MB)
	416144  -  ResidentSetSize of job (KB)
...
006 (3447350.002.000) 01/30 19:08:15 Image size of job updated: 481052
	407  -  MemoryUsage of job (MB)
	416248  -  ResidentSetSize of job (KB)
...
006 (3447350.002.000) 01/30 19:13:15 Image size of job updated: 481052
	407  -  MemoryUsage of job (MB)
	416292  -  ResidentSetSize of job (KB)
...
006 (3447350.002.000) 01/30 19:18:16 Image size of job updated: 481052
	408  -  MemoryUsage of job (MB)
	417132  -  ResidentSetSize of job (KB)
...
006 (3447350.002.000) 01/30 19:23:16 Image size of job updated: 481052
	409  -  MemoryUsage of job (MB)
	418476  -  ResidentSetSize of job (KB)
...
006 (3447350.002.000) 01/30 19:33:17 Image size of job updated: 481052
	409  -  MemoryUsage of job (MB)
	418528  -  ResidentSetSize of job (KB)
...
006 (3447350.002.000) 01/30 19:38:17 Image size of job updated: 481052
	410  -  MemoryUsage of job (MB)
	419624  -  ResidentSetSize of job (KB)
...
006 (3447350.002.000) 01/30 19:43:17 Image size of job updated: 481052
	410  -  MemoryUsage of job (MB)
	419720  -  ResidentSetSize of job (KB)
...
006 (3447350.002.000) 01/30 19:48:18 Image size of job updated: 481052
	411  -  MemoryUsage of job (MB)
	419868  -  ResidentSetSize of job (KB)
...
006 (3447350.002.000) 01/30 19:53:18 Image size of job updated: 481052
	411  -  MemoryUsage of job (MB)
	419904  -  ResidentSetSize of job (KB)
...
006 (3447350.002.000) 01/30 19:58:18 Image size of job updated: 481052
	411  -  MemoryUsage of job (MB)
	419992  -  ResidentSetSize of job (KB)
...
006 (3447350.002.000) 01/30 20:03:19 Image size of job updated: 481052
	411  -  MemoryUsage of job (MB)
	420044  -  ResidentSetSize of job (KB)
...
006 (3447350.002.000) 01/30 20:13:26 Image size of job updated: 481052
	411  -  MemoryUsage of job (MB)
	420164  -  ResidentSetSize of job (KB)
...
006 (3447350.002.000) 01/30 20:18:20 Image size of job updated: 481052
	411  -  MemoryUsage of job (MB)
	420184  -  ResidentSetSize of job (KB)
...
006 (3447350.002.000) 01/30 20:23:20 Image size of job updated: 481052
	411  -  MemoryUsage of job (MB)
	420348  -  ResidentSetSize of job (KB)
...
006 (3447350.002.000) 01/30 20:28:20 Image size of job updated: 481052
	411  -  MemoryUsage of job (MB)
	420420  -  ResidentSetSize of job (KB)
...
006 (3447350.002.000) 01/30 20:33:21 Image size of job updated: 481052
	411  -  MemoryUsage of job (MB)
	420460  -  ResidentSetSize of job (KB)
...
006 (3447350.002.000) 01/30 20:38:21 Image size of job updated: 481052
	411  -  MemoryUsage of job (MB)
	420584  -  ResidentSetSize of job (KB)
...
006 (3447350.002.000) 01/30 20:43:21 Image size of job updated: 481052
	411  -  MemoryUsage of job (MB)
	420712  -  ResidentSetSize of job (KB)
...
006 (3447350.002.000) 01/30 20:48:22 Image size of job updated: 481052
	411  -  MemoryUsage of job (MB)
	420736  -  ResidentSetSize of job (KB)
...
006 (3447350.002.000) 01/30 20:53:22 Image size of job updated: 481052
	411  -  MemoryUsage of job (MB)
	420856  -  ResidentSetSize of job (KB)
...
006 (3447350.002.000) 01/30 20:58:22 Image size of job updated: 481052
	411  -  MemoryUsage of job (MB)
	420860  -  ResidentSetSize of job (KB)
...
006 (3447350.002.000) 01/30 21:03:23 Image size of job updated: 481052
	412  -  MemoryUsage of job (MB)
	421040  -  ResidentSetSize of job (KB)
...
006 (3447350.002.000) 01/30 21:08:23 Image size of job updated: 481052
	412  -  MemoryUsage of job (MB)
	421044  -  ResidentSetSize of job (KB)
...
006 (3447350.002.000) 01/30 21:13:23 Image size of job updated: 481052
	412  -  MemoryUsage of job (MB)
	421152  -  ResidentSetSize of job (KB)
...
006 (3447350.002.000) 01/30 21:18:24 Image size of job updated: 481052
	412  -  MemoryUsage of job (MB)
	421280  -  ResidentSetSize of job (KB)
...
006 (3447350.002.000) 01/30 21:23:25 Image size of job updated: 481052
	412  -  MemoryUsage of job (MB)
	421424  -  ResidentSetSize of job (KB)
...
006 (3447350.002.000) 01/30 21:28:25 Image size of job updated: 481052
	412  -  MemoryUsage of job (MB)
	421484  -  ResidentSetSize of job (KB)
...
006 (3447350.002.000) 01/30 21:33:26 Image size of job updated: 481052
	412  -  MemoryUsage of job (MB)
	421544  -  ResidentSetSize of job (KB)
...
006 (3447350.002.000) 01/30 21:38:27 Image size of job updated: 481052
	412  -  MemoryUsage of job (MB)
	421552  -  ResidentSetSize of job (KB)
...
006 (3447350.002.000) 01/30 21:43:27 Image size of job updated: 481052
	412  -  MemoryUsage of job (MB)
	421704  -  ResidentSetSize of job (KB)
...
006 (3447350.002.000) 01/30 21:48:27 Image size of job updated: 481052
	412  -  MemoryUsage of job (MB)
	421796  -  ResidentSetSize of job (KB)
...
006 (3447350.002.000) 01/30 21:53:28 Image size of job updated: 481052
	412  -  MemoryUsage of job (MB)
	421832  -  ResidentSetSize of job (KB)
...
006 (3447350.002.000) 01/30 21:58:28 Image size of job updated: 481052
	412  -  MemoryUsage of job (MB)
	421880  -  ResidentSetSize of job (KB)
...
006 (3447350.002.000) 01/30 22:03:28 Image size of job updated: 481052
	413  -  MemoryUsage of job (MB)
	421912  -  ResidentSetSize of job (KB)
...
006 (3447350.002.000) 01/30 22:08:29 Image size of job updated: 481052
	413  -  MemoryUsage of job (MB)
	422008  -  ResidentSetSize of job (KB)
...
006 (3447350.002.000) 01/30 22:13:29 Image size of job updated: 481052
	413  -  MemoryUsage of job (MB)
	422076  -  ResidentSetSize of job (KB)
...
006 (3447350.002.000) 01/30 22:18:29 Image size of job updated: 481052
	413  -  MemoryUsage of job (MB)
	422084  -  ResidentSetSize of job (KB)
...
006 (3447350.002.000) 01/30 22:23:30 Image size of job updated: 481052
	413  -  MemoryUsage of job (MB)
	422192  -  ResidentSetSize of job (KB)
...
006 (3447350.002.000) 01/30 22:33:31 Image size of job updated: 481052
	413  -  MemoryUsage of job (MB)
	422364  -  ResidentSetSize of job (KB)
...
006 (3447350.002.000) 01/30 22:43:33 Image size of job updated: 481052
	413  -  MemoryUsage of job (MB)
	422488  -  ResidentSetSize of job (KB)
...
006 (3447350.002.000) 01/30 22:48:33 Image size of job updated: 481052
	413  -  MemoryUsage of job (MB)
	422516  -  ResidentSetSize of job (KB)
...
006 (3447350.002.000) 01/30 22:53:34 Image size of job updated: 481052
	413  -  MemoryUsage of job (MB)
	422680  -  ResidentSetSize of job (KB)
...
006 (3447350.002.000) 01/30 22:58:35 Image size of job updated: 481052
	413  -  MemoryUsage of job (MB)
	422692  -  ResidentSetSize of job (KB)
...
006 (3447350.002.000) 01/30 23:03:35 Image size of job updated: 481052
	413  -  MemoryUsage of job (MB)
	422748  -  ResidentSetSize of job (KB)
...
006 (3447350.002.000) 01/30 23:08:35 Image size of job updated: 481052
	413  -  MemoryUsage of job (MB)
	422892  -  ResidentSetSize of job (KB)
...
006 (3447350.002.000) 01/30 23:13:36 Image size of job updated: 481052
	414  -  MemoryUsage of job (MB)
	422952  -  ResidentSetSize of job (KB)
...
006 (3447350.002.000) 01/30 23:18:36 Image size of job updated: 481052
	414  -  MemoryUsage of job (MB)
	422964  -  ResidentSetSize of job (KB)
...
006 (3447350.002.000) 01/30 23:23:36 Image size of job updated: 481052
	414  -  MemoryUsage of job (MB)
	423112  -  ResidentSetSize of job (KB)
...
006 (3447350.002.000) 01/30 23:28:37 Image size of job updated: 481052
	414  -  MemoryUsage of job (MB)
	423232  -  ResidentSetSize of job (KB)
...
006 (3447350.002.000) 01/30 23:33:38 Image size of job updated: 481052
	414  -  MemoryUsage of job (MB)
	423248  -  ResidentSetSize of job (KB)
...
006 (3447350.002.000) 01/30 23:38:38 Image size of job updated: 481052
	414  -  MemoryUsage of job (MB)
	423352  -  ResidentSetSize of job (KB)
...
006 (3447350.002.000) 01/30 23:43:39 Image size of job updated: 481052
	414  -  MemoryUsage of job (MB)
	423408  -  ResidentSetSize of job (KB)
...
006 (3447350.002.000) 01/30 23:48:40 Image size of job updated: 481052
	414  -  MemoryUsage of job (MB)
	423424  -  ResidentSetSize of job (KB)
...
006 (3447350.002.000) 01/30 23:53:40 Image size of job updated: 481052
	414  -  MemoryUsage of job (MB)
	423548  -  ResidentSetSize of job (KB)
...
006 (3447350.002.000) 01/30 23:58:41 Image size of job updated: 481052
	414  -  MemoryUsage of job (MB)
	423656  -  ResidentSetSize of job (KB)
...
006 (3447350.002.000) 01/31 00:03:42 Image size of job updated: 481052
	414  -  MemoryUsage of job (MB)
	423660  -  ResidentSetSize of job (KB)
...
006 (3447350.002.000) 01/31 00:08:42 Image size of job updated: 481052
	414  -  MemoryUsage of job (MB)
	423832  -  ResidentSetSize of job (KB)
...
006 (3447350.002.000) 01/31 00:13:43 Image size of job updated: 481052
	415  -  MemoryUsage of job (MB)
	424084  -  ResidentSetSize of job (KB)
...
006 (3447350.002.000) 01/31 00:28:44 Image size of job updated: 481052
	415  -  MemoryUsage of job (MB)
	424208  -  ResidentSetSize of job (KB)
...
006 (3447350.002.000) 01/31 00:38:45 Image size of job updated: 481052
	415  -  MemoryUsage of job (MB)
	424236  -  ResidentSetSize of job (KB)
...
006 (3447350.002.000) 01/31 01:48:51 Image size of job updated: 481052
	415  -  MemoryUsage of job (MB)
	424276  -  ResidentSetSize of job (KB)
...
006 (3447350.002.000) 01/31 01:53:52 Image size of job updated: 481052
	415  -  MemoryUsage of job (MB)
	424312  -  ResidentSetSize of job (KB)
...
006 (3447350.002.000) 01/31 02:03:52 Image size of job updated: 481052
	415  -  MemoryUsage of job (MB)
	424348  -  ResidentSetSize of job (KB)
...
006 (3447350.002.000) 01/31 02:13:54 Image size of job updated: 481052
	415  -  MemoryUsage of job (MB)
	424456  -  ResidentSetSize of job (KB)
...
006 (3447350.002.000) 01/31 02:18:54 Image size of job updated: 481052
	415  -  MemoryUsage of job (MB)
	424468  -  ResidentSetSize of job (KB)
...
006 (3447350.002.000) 01/31 02:23:55 Image size of job updated: 481052
	415  -  MemoryUsage of job (MB)
	424496  -  ResidentSetSize of job (KB)
...
006 (3447350.002.000) 01/31 02:28:56 Image size of job updated: 481052
	415  -  MemoryUsage of job (MB)
	424504  -  ResidentSetSize of job (KB)
...
006 (3447350.002.000) 01/31 02:38:56 Image size of job updated: 481052
	415  -  MemoryUsage of job (MB)
	424512  -  ResidentSetSize of job (KB)
...
006 (3447350.002.000) 01/31 02:53:57 Image size of job updated: 481052
	415  -  MemoryUsage of job (MB)
	424532  -  ResidentSetSize of job (KB)
...
006 (3447350.002.000) 01/31 02:58:58 Image size of job updated: 481052
	415  -  MemoryUsage of job (MB)
	424552  -  ResidentSetSize of job (KB)
...
006 (3447350.002.000) 01/31 03:03:59 Image size of job updated: 481052
	415  -  MemoryUsage of job (MB)
	424592  -  ResidentSetSize of job (KB)
...
006 (3447350.002.000) 01/31 03:08:59 Image size of job updated: 481052
	415  -  MemoryUsage of job (MB)
	424596  -  ResidentSetSize of job (KB)
...
006 (3447350.002.000) 01/31 03:13:59 Image size of job updated: 481052
	415  -  MemoryUsage of job (MB)
	424608  -  ResidentSetSize of job (KB)
...
006 (3447350.002.000) 01/31 03:19:00 Image size of job updated: 481052
	415  -  MemoryUsage of job (MB)
	424652  -  ResidentSetSize of job (KB)
...
006 (3447350.002.000) 01/31 03:34:01 Image size of job updated: 481052
	415  -  MemoryUsage of job (MB)
	424672  -  ResidentSetSize of job (KB)
...
006 (3447350.002.000) 01/31 03:39:01 Image size of job updated: 481052
	415  -  MemoryUsage of job (MB)
	424688  -  ResidentSetSize of job (KB)
...
006 (3447350.002.000) 01/31 03:54:03 Image size of job updated: 481052
	415  -  MemoryUsage of job (MB)
	424700  -  ResidentSetSize of job (KB)
...
006 (3447350.002.000) 01/31 04:04:03 Image size of job updated: 481052
	415  -  MemoryUsage of job (MB)
	424716  -  ResidentSetSize of job (KB)
...
006 (3447350.002.000) 01/31 04:09:04 Image size of job updated: 481052
	415  -  MemoryUsage of job (MB)
	424760  -  ResidentSetSize of job (KB)
...
006 (3447350.002.000) 01/31 04:14:04 Image size of job updated: 481052
	415  -  MemoryUsage of job (MB)
	424784  -  ResidentSetSize of job (KB)
...
006 (3447350.002.000) 01/31 04:24:05 Image size of job updated: 481052
	415  -  MemoryUsage of job (MB)
	424792  -  ResidentSetSize of job (KB)
...
006 (3447350.002.000) 01/31 04:34:06 Image size of job updated: 481052
	415  -  MemoryUsage of job (MB)
	424808  -  ResidentSetSize of job (KB)
...
006 (3447350.002.000) 01/31 04:44:08 Image size of job updated: 481052
	415  -  MemoryUsage of job (MB)
	424848  -  ResidentSetSize of job (KB)
...
006 (3447350.002.000) 01/31 04:49:08 Image size of job updated: 481052
	415  -  MemoryUsage of job (MB)
	424876  -  ResidentSetSize of job (KB)
...
006 (3447350.002.000) 01/31 04:59:09 Image size of job updated: 481052
	415  -  MemoryUsage of job (MB)
	424912  -  ResidentSetSize of job (KB)
...
006 (3447350.002.000) 01/31 05:14:11 Image size of job updated: 481052
	415  -  MemoryUsage of job (MB)
	424924  -  ResidentSetSize of job (KB)
...
006 (3447350.002.000) 01/31 05:24:12 Image size of job updated: 481052
	416  -  MemoryUsage of job (MB)
	424972  -  ResidentSetSize of job (KB)
...
006 (3447350.002.000) 01/31 05:59:16 Image size of job updated: 481052
	416  -  MemoryUsage of job (MB)
	425008  -  ResidentSetSize of job (KB)
...
006 (3447350.002.000) 01/31 06:09:16 Image size of job updated: 481052
	416  -  MemoryUsage of job (MB)
	425052  -  ResidentSetSize of job (KB)
...
006 (3447350.002.000) 01/31 06:14:18 Image size of job updated: 481052
	416  -  MemoryUsage of job (MB)
	425064  -  ResidentSetSize of job (KB)
...
006 (3447350.002.000) 01/31 06:19:18 Image size of job updated: 481052
	416  -  MemoryUsage of job (MB)
	425112  -  ResidentSetSize of job (KB)
...
006 (3447350.002.000) 01/31 06:29:19 Image size of job updated: 481052
	416  -  MemoryUsage of job (MB)
	425152  -  ResidentSetSize of job (KB)
...
006 (3447350.002.000) 01/31 06:34:20 Image size of job updated: 481052
	416  -  MemoryUsage of job (MB)
	425192  -  ResidentSetSize of job (KB)
...
006 (3447350.002.000) 01/31 06:49:21 Image size of job updated: 481052
	416  -  MemoryUsage of job (MB)
	425212  -  ResidentSetSize of job (KB)
...
006 (3447350.002.000) 01/31 06:59:22 Image size of job updated: 481052
	416  -  MemoryUsage of job (MB)
	425252  -  ResidentSetSize of job (KB)
...
006 (3447350.002.000) 01/31 07:04:22 Image size of job updated: 481052
	416  -  MemoryUsage of job (MB)
	425268  -  ResidentSetSize of job (KB)
...
006 (3447350.002.000) 01/31 07:14:24 Image size of job updated: 481052
	416  -  MemoryUsage of job (MB)
	425304  -  ResidentSetSize of job (KB)
...
006 (3447350.002.000) 01/31 07:19:24 Image size of job updated: 481052
	416  -  MemoryUsage of job (MB)
	425312  -  ResidentSetSize of job (KB)
...
006 (3447350.002.000) 01/31 07:39:26 Image size of job updated: 481052
	416  -  MemoryUsage of job (MB)
	425440  -  ResidentSetSize of job (KB)
...
006 (3447350.002.000) 01/31 07:49:27 Image size of job updated: 481052
	416  -  MemoryUsage of job (MB)
	425452  -  ResidentSetSize of job (KB)
...
006 (3447350.002.000) 01/31 08:24:31 Image size of job updated: 481052
	416  -  MemoryUsage of job (MB)
	425476  -  ResidentSetSize of job (KB)
...
006 (3447350.002.000) 01/31 08:59:34 Image size of job updated: 481052
	416  -  MemoryUsage of job (MB)
	425548  -  ResidentSetSize of job (KB)
...
006 (3447350.002.000) 01/31 09:04:35 Image size of job updated: 481052
	416  -  MemoryUsage of job (MB)
	425616  -  ResidentSetSize of job (KB)
...
006 (3447350.002.000) 01/31 09:09:36 Image size of job updated: 481052
	416  -  MemoryUsage of job (MB)
	425692  -  ResidentSetSize of job (KB)
...
006 (3447350.002.000) 01/31 09:29:38 Image size of job updated: 481052
	416  -  MemoryUsage of job (MB)
	425700  -  ResidentSetSize of job (KB)
...
006 (3447350.002.000) 01/31 09:49:39 Image size of job updated: 481052
	416  -  MemoryUsage of job (MB)
	425744  -  ResidentSetSize of job (KB)
...
006 (3447350.002.000) 01/31 09:59:39 Image size of job updated: 481052
	416  -  MemoryUsage of job (MB)
	425748  -  ResidentSetSize of job (KB)
...
006 (3447350.002.000) 01/31 10:04:40 Image size of job updated: 481052
	416  -  MemoryUsage of job (MB)
	425760  -  ResidentSetSize of job (KB)
...
006 (3447350.002.000) 01/31 10:14:40 Image size of job updated: 481052
	416  -  MemoryUsage of job (MB)
	425768  -  ResidentSetSize of job (KB)
...
006 (3447350.002.000) 01/31 10:19:41 Image size of job updated: 481052
	416  -  MemoryUsage of job (MB)
	425804  -  ResidentSetSize of job (KB)
...
006 (3447350.002.000) 01/31 10:24:42 Image size of job updated: 481052
	416  -  MemoryUsage of job (MB)
	425844  -  ResidentSetSize of job (KB)
...
006 (3447350.002.000) 01/31 10:39:43 Image size of job updated: 481052
	416  -  MemoryUsage of job (MB)
	425864  -  ResidentSetSize of job (KB)
...
006 (3447350.002.000) 01/31 10:44:44 Image size of job updated: 481052
	416  -  MemoryUsage of job (MB)
	425888  -  ResidentSetSize of job (KB)
...
006 (3447350.002.000) 01/31 10:49:44 Image size of job updated: 481052
	416  -  MemoryUsage of job (MB)
	425908  -  ResidentSetSize of job (KB)
...
006 (3447350.002.000) 01/31 11:14:47 Image size of job updated: 481052
	416  -  MemoryUsage of job (MB)
	425912  -  ResidentSetSize of job (KB)
...
006 (3447350.002.000) 01/31 11:19:47 Image size of job updated: 481052
	417  -  MemoryUsage of job (MB)
	426004  -  ResidentSetSize of job (KB)
...
006 (3447350.002.000) 01/31 11:39:49 Image size of job updated: 481052
	417  -  MemoryUsage of job (MB)
	426024  -  ResidentSetSize of job (KB)
...
006 (3447350.002.000) 01/31 12:04:52 Image size of job updated: 481052
	417  -  MemoryUsage of job (MB)
	426032  -  ResidentSetSize of job (KB)
...
006 (3447350.002.000) 01/31 12:24:55 Image size of job updated: 481052
	417  -  MemoryUsage of job (MB)
	426036  -  ResidentSetSize of job (KB)
...
006 (3447350.002.000) 01/31 12:29:55 Image size of job updated: 481052
	417  -  MemoryUsage of job (MB)
	426064  -  ResidentSetSize of job (KB)
...
006 (3447350.002.000) 01/31 12:34:56 Image size of job updated: 481052
	417  -  MemoryUsage of job (MB)
	426080  -  ResidentSetSize of job (KB)
...
006 (3447350.002.000) 01/31 12:49:57 Image size of job updated: 481052
	417  -  MemoryUsage of job (MB)
	426100  -  ResidentSetSize of job (KB)
...
006 (3447350.002.000) 01/31 13:04:59 Image size of job updated: 481052
	417  -  MemoryUsage of job (MB)
	426108  -  ResidentSetSize of job (KB)
...
006 (3447350.002.000) 01/31 13:15:01 Image size of job updated: 481052
	417  -  MemoryUsage of job (MB)
	426120  -  ResidentSetSize of job (KB)
...
006 (3447350.002.000) 01/31 13:20:01 Image size of job updated: 481052
	417  -  MemoryUsage of job (MB)
	426168  -  ResidentSetSize of job (KB)
...
006 (3447350.002.000) 01/31 13:30:03 Image size of job updated: 481052
	417  -  MemoryUsage of job (MB)
	426192  -  ResidentSetSize of job (KB)
...
006 (3447350.002.000) 01/31 13:35:03 Image size of job updated: 481052
	417  -  MemoryUsage of job (MB)
	426208  -  ResidentSetSize of job (KB)
...
006 (3447350.002.000) 01/31 13:45:05 Image size of job updated: 481052
	417  -  MemoryUsage of job (MB)
	426212  -  ResidentSetSize of job (KB)
...
006 (3447350.002.000) 01/31 13:50:05 Image size of job updated: 481052
	417  -  MemoryUsage of job (MB)
	426216  -  ResidentSetSize of job (KB)
...
006 (3447350.002.000) 01/31 13:55:05 Image size of job updated: 481052
	417  -  MemoryUsage of job (MB)
	426220  -  ResidentSetSize of job (KB)
...
006 (3447350.002.000) 01/31 14:00:06 Image size of job updated: 481052
	417  -  MemoryUsage of job (MB)
	426252  -  ResidentSetSize of job (KB)
...
006 (3447350.002.000) 01/31 14:05:07 Image size of job updated: 481052
	417  -  MemoryUsage of job (MB)
	426268  -  ResidentSetSize of job (KB)
...
006 (3447350.002.000) 01/31 14:10:07 Image size of job updated: 481052
	417  -  MemoryUsage of job (MB)
	426280  -  ResidentSetSize of job (KB)
...
006 (3447350.002.000) 01/31 14:30:09 Image size of job updated: 481052
	417  -  MemoryUsage of job (MB)
	426296  -  ResidentSetSize of job (KB)
...
006 (3447350.002.000) 01/31 14:35:10 Image size of job updated: 481052
	417  -  MemoryUsage of job (MB)
	426308  -  ResidentSetSize of job (KB)
...
006 (3447350.002.000) 01/31 14:40:10 Image size of job updated: 481052
	417  -  MemoryUsage of job (MB)
	426324  -  ResidentSetSize of job (KB)
...
006 (3447350.002.000) 01/31 14:45:10 Image size of job updated: 481052
	417  -  MemoryUsage of job (MB)
	426344  -  ResidentSetSize of job (KB)
...
006 (3447350.002.000) 01/31 14:55:11 Image size of job updated: 481052
	417  -  MemoryUsage of job (MB)
	426364  -  ResidentSetSize of job (KB)
...
006 (3447350.002.000) 01/31 15:10:12 Image size of job updated: 481052
	417  -  MemoryUsage of job (MB)
	426388  -  ResidentSetSize of job (KB)
...
006 (3447350.002.000) 01/31 15:15:12 Image size of job updated: 481052
	417  -  MemoryUsage of job (MB)
	426404  -  ResidentSetSize of job (KB)
...
006 (3447350.002.000) 01/31 15:25:14 Image size of job updated: 481052
	417  -  MemoryUsage of job (MB)
	426436  -  ResidentSetSize of job (KB)
...
006 (3447350.002.000) 01/31 15:40:16 Image size of job updated: 481052
	417  -  MemoryUsage of job (MB)
	426440  -  ResidentSetSize of job (KB)
...
006 (3447350.002.000) 01/31 15:45:16 Image size of job updated: 481052
	417  -  MemoryUsage of job (MB)
	426460  -  ResidentSetSize of job (KB)
...
006 (3447350.002.000) 01/31 15:50:16 Image size of job updated: 481052
	417  -  MemoryUsage of job (MB)
	426508  -  ResidentSetSize of job (KB)
...
006 (3447350.002.000) 01/31 15:55:17 Image size of job updated: 481052
	417  -  MemoryUsage of job (MB)
	426520  -  ResidentSetSize of job (KB)
...
006 (3447350.002.000) 01/31 16:10:19 Image size of job updated: 481052
	417  -  MemoryUsage of job (MB)
	426548  -  ResidentSetSize of job (KB)
...
006 (3447350.002.000) 01/31 16:15:19 Image size of job updated: 481052
	417  -  MemoryUsage of job (MB)
	426572  -  ResidentSetSize of job (KB)
...
006 (3447350.002.000) 01/31 16:25:20 Image size of job updated: 481052
	417  -  MemoryUsage of job (MB)
	426576  -  ResidentSetSize of job (KB)
...
006 (3447350.002.000) 01/31 16:45:23 Image size of job updated: 481052
	417  -  MemoryUsage of job (MB)
	426592  -  ResidentSetSize of job (KB)
...
006 (3447350.002.000) 01/31 16:55:23 Image size of job updated: 481052
	417  -  MemoryUsage of job (MB)
	426628  -  ResidentSetSize of job (KB)
...
006 (3447350.002.000) 01/31 17:16:12 Image size of job updated: 481052
	417  -  MemoryUsage of job (MB)
	426632  -  ResidentSetSize of job (KB)
...
006 (3447350.002.000) 01/31 17:20:27 Image size of job updated: 481052
	417  -  MemoryUsage of job (MB)
	426640  -  ResidentSetSize of job (KB)
...
040 (3447350.002.000) 02/01 07:54:04 Started transferring input files
	Transferring to host: <188.184.186.136:9618?addrs=188.184.186.136-9618+[2001-1458-301-f8--100-44]-9618&noUDP&sock=4220_1f25_83358>
...
040 (3447350.002.000) 02/01 07:54:04 Finished transferring input files
...
001 (3447350.002.000) 02/01 07:54:05 Job executing on host: <188.184.186.136:9618?addrs=188.184.186.136-9618+[2001-1458-301-f8--100-44]-9618&noUDP&sock=2328_6491_3>
...
040 (3447350.002.000) 02/01 07:54:46 Started transferring output files
...
040 (3447350.002.000) 02/01 07:54:46 Finished transferring output files
...
005 (3447350.002.000) 02/01 07:54:46 Job terminated.
	(1) Normal termination (return value 0)
		Usr 0 00:00:06, Sys 0 00:00:05  -  Run Remote Usage
		Usr 0 00:00:00, Sys 0 00:00:00  -  Run Local Usage
		Usr 0 00:00:06, Sys 0 00:00:05  -  Total Remote Usage
		Usr 0 00:00:00, Sys 0 00:00:00  -  Total Local Usage
	9715  -  Run Bytes Sent By Job
	493  -  Run Bytes Received By Job
	9715  -  Total Bytes Sent By Job
	986  -  Total Bytes Received By Job
	Partitionable Resources :    Usage  Request Allocated 
	   Cpus                 :                 1           
	   Disk (KB)            :       24       35   2140084 
	   Memory (MB)          :      440     2000      2000 
...
