000 (3447455.005.000) 01/30 08:57:54 Job submitted from host: <188.185.71.142:9618?addrs=188.185.71.142-9618+[2001-1458-d00-7--100-388]-9618&alias=bigbird09.cern.ch&noUDP&sock=schedd_2208_1533_7>
...
000 (3447456.005.000) 01/30 08:58:41 Job submitted from host: <188.185.71.142:9618?addrs=188.185.71.142-9618+[2001-1458-d00-7--100-388]-9618&alias=bigbird09.cern.ch&noUDP&sock=schedd_2208_1533_7>
...
009 (3447456.005.000) 01/30 08:59:16 Job was aborted by the user.
	via condor_rm (by user egkougko)
...
040 (3447455.005.000) 01/31 05:18:03 Started transferring input files
	Transferring to host: <137.138.119.233:9618?addrs=137.138.119.233-9618+[2001-1458-d00-4--2cf]-9618&noUDP&sock=14364_7cc1_72970>
...
040 (3447455.005.000) 01/31 05:18:03 Finished transferring input files
...
001 (3447455.005.000) 01/31 05:18:04 Job executing on host: <137.138.119.233:9618?addrs=137.138.119.233-9618+[2001-1458-d00-4--2cf]-9618&noUDP&sock=14231_dc5c_3>
...
006 (3447455.005.000) 01/31 05:18:13 Image size of job updated: 528
	1  -  MemoryUsage of job (MB)
	528  -  ResidentSetSize of job (KB)
...
006 (3447455.005.000) 01/31 05:23:13 Image size of job updated: 436180
	353  -  MemoryUsage of job (MB)
	361340  -  ResidentSetSize of job (KB)
...
006 (3447455.005.000) 01/31 05:33:13 Image size of job updated: 436184
	353  -  MemoryUsage of job (MB)
	361344  -  ResidentSetSize of job (KB)
...
006 (3447455.005.000) 01/31 05:43:14 Image size of job updated: 436192
	353  -  MemoryUsage of job (MB)
	361352  -  ResidentSetSize of job (KB)
...
006 (3447455.005.000) 01/31 06:03:16 Image size of job updated: 436196
	353  -  MemoryUsage of job (MB)
	361356  -  ResidentSetSize of job (KB)
...
006 (3447455.005.000) 01/31 06:33:19 Image size of job updated: 436208
	353  -  MemoryUsage of job (MB)
	361368  -  ResidentSetSize of job (KB)
...
006 (3447455.005.000) 01/31 06:38:20 Image size of job updated: 436220
	353  -  MemoryUsage of job (MB)
	361380  -  ResidentSetSize of job (KB)
...
006 (3447455.005.000) 01/31 09:53:40 Image size of job updated: 436220
	354  -  MemoryUsage of job (MB)
	361476  -  ResidentSetSize of job (KB)
...
006 (3447455.005.000) 01/31 09:58:40 Image size of job updated: 436220
	354  -  MemoryUsage of job (MB)
	361484  -  ResidentSetSize of job (KB)
...
006 (3447455.005.000) 01/31 10:03:40 Image size of job updated: 436220
	354  -  MemoryUsage of job (MB)
	361524  -  ResidentSetSize of job (KB)
...
006 (3447455.005.000) 01/31 10:08:41 Image size of job updated: 436220
	354  -  MemoryUsage of job (MB)
	361580  -  ResidentSetSize of job (KB)
...
006 (3447455.005.000) 01/31 10:13:42 Image size of job updated: 436220
	354  -  MemoryUsage of job (MB)
	361692  -  ResidentSetSize of job (KB)
...
006 (3447455.005.000) 01/31 10:18:42 Image size of job updated: 436220
	354  -  MemoryUsage of job (MB)
	361732  -  ResidentSetSize of job (KB)
...
006 (3447455.005.000) 01/31 10:38:45 Image size of job updated: 436220
	354  -  MemoryUsage of job (MB)
	361756  -  ResidentSetSize of job (KB)
...
006 (3447455.005.000) 01/31 10:48:47 Image size of job updated: 436220
	354  -  MemoryUsage of job (MB)
	361880  -  ResidentSetSize of job (KB)
...
006 (3447455.005.000) 01/31 10:53:47 Image size of job updated: 436220
	354  -  MemoryUsage of job (MB)
	361920  -  ResidentSetSize of job (KB)
...
006 (3447455.005.000) 01/31 10:58:47 Image size of job updated: 436220
	354  -  MemoryUsage of job (MB)
	362004  -  ResidentSetSize of job (KB)
...
006 (3447455.005.000) 01/31 11:03:48 Image size of job updated: 436244
	354  -  MemoryUsage of job (MB)
	362052  -  ResidentSetSize of job (KB)
...
006 (3447455.005.000) 01/31 11:08:49 Image size of job updated: 436328
	354  -  MemoryUsage of job (MB)
	362136  -  ResidentSetSize of job (KB)
...
006 (3447455.005.000) 01/31 11:13:49 Image size of job updated: 436336
	354  -  MemoryUsage of job (MB)
	362144  -  ResidentSetSize of job (KB)
...
006 (3447455.005.000) 01/31 11:18:50 Image size of job updated: 436404
	354  -  MemoryUsage of job (MB)
	362212  -  ResidentSetSize of job (KB)
...
006 (3447455.005.000) 01/31 11:23:51 Image size of job updated: 436480
	354  -  MemoryUsage of job (MB)
	362288  -  ResidentSetSize of job (KB)
...
006 (3447455.005.000) 01/31 11:28:51 Image size of job updated: 436576
	354  -  MemoryUsage of job (MB)
	362384  -  ResidentSetSize of job (KB)
...
006 (3447455.005.000) 01/31 11:33:51 Image size of job updated: 436596
	354  -  MemoryUsage of job (MB)
	362404  -  ResidentSetSize of job (KB)
...
006 (3447455.005.000) 01/31 11:38:53 Image size of job updated: 436688
	354  -  MemoryUsage of job (MB)
	362496  -  ResidentSetSize of job (KB)
...
006 (3447455.005.000) 01/31 11:43:53 Image size of job updated: 436744
	355  -  MemoryUsage of job (MB)
	362552  -  ResidentSetSize of job (KB)
...
006 (3447455.005.000) 01/31 11:48:53 Image size of job updated: 436744
	355  -  MemoryUsage of job (MB)
	362684  -  ResidentSetSize of job (KB)
...
006 (3447455.005.000) 01/31 11:53:54 Image size of job updated: 436744
	355  -  MemoryUsage of job (MB)
	362744  -  ResidentSetSize of job (KB)
...
006 (3447455.005.000) 01/31 11:58:55 Image size of job updated: 436744
	355  -  MemoryUsage of job (MB)
	362896  -  ResidentSetSize of job (KB)
...
006 (3447455.005.000) 01/31 12:08:55 Image size of job updated: 436744
	355  -  MemoryUsage of job (MB)
	363008  -  ResidentSetSize of job (KB)
...
006 (3447455.005.000) 01/31 12:13:56 Image size of job updated: 436744
	355  -  MemoryUsage of job (MB)
	363060  -  ResidentSetSize of job (KB)
...
006 (3447455.005.000) 01/31 12:18:56 Image size of job updated: 436744
	355  -  MemoryUsage of job (MB)
	363200  -  ResidentSetSize of job (KB)
...
006 (3447455.005.000) 01/31 12:23:56 Image size of job updated: 436744
	355  -  MemoryUsage of job (MB)
	363208  -  ResidentSetSize of job (KB)
...
006 (3447455.005.000) 01/31 12:28:58 Image size of job updated: 436744
	355  -  MemoryUsage of job (MB)
	363276  -  ResidentSetSize of job (KB)
...
006 (3447455.005.000) 01/31 12:33:58 Image size of job updated: 436744
	355  -  MemoryUsage of job (MB)
	363368  -  ResidentSetSize of job (KB)
...
006 (3447455.005.000) 01/31 12:38:58 Image size of job updated: 436744
	355  -  MemoryUsage of job (MB)
	363428  -  ResidentSetSize of job (KB)
...
006 (3447455.005.000) 01/31 12:43:59 Image size of job updated: 436744
	355  -  MemoryUsage of job (MB)
	363448  -  ResidentSetSize of job (KB)
...
006 (3447455.005.000) 01/31 12:49:00 Image size of job updated: 436744
	355  -  MemoryUsage of job (MB)
	363504  -  ResidentSetSize of job (KB)
...
006 (3447455.005.000) 01/31 12:54:00 Image size of job updated: 436744
	356  -  MemoryUsage of job (MB)
	363576  -  ResidentSetSize of job (KB)
...
006 (3447455.005.000) 01/31 12:59:01 Image size of job updated: 436744
	356  -  MemoryUsage of job (MB)
	363696  -  ResidentSetSize of job (KB)
...
006 (3447455.005.000) 01/31 13:04:02 Image size of job updated: 436744
	356  -  MemoryUsage of job (MB)
	363756  -  ResidentSetSize of job (KB)
...
006 (3447455.005.000) 01/31 13:09:02 Image size of job updated: 436744
	356  -  MemoryUsage of job (MB)
	363840  -  ResidentSetSize of job (KB)
...
006 (3447455.005.000) 01/31 13:14:02 Image size of job updated: 436744
	356  -  MemoryUsage of job (MB)
	363860  -  ResidentSetSize of job (KB)
...
006 (3447455.005.000) 01/31 13:19:03 Image size of job updated: 436744
	356  -  MemoryUsage of job (MB)
	363968  -  ResidentSetSize of job (KB)
...
006 (3447455.005.000) 01/31 13:24:04 Image size of job updated: 436744
	356  -  MemoryUsage of job (MB)
	364036  -  ResidentSetSize of job (KB)
...
006 (3447455.005.000) 01/31 13:29:04 Image size of job updated: 436744
	356  -  MemoryUsage of job (MB)
	364088  -  ResidentSetSize of job (KB)
...
006 (3447455.005.000) 01/31 13:34:05 Image size of job updated: 436744
	356  -  MemoryUsage of job (MB)
	364156  -  ResidentSetSize of job (KB)
...
006 (3447455.005.000) 01/31 13:39:06 Image size of job updated: 436744
	358  -  MemoryUsage of job (MB)
	366132  -  ResidentSetSize of job (KB)
...
006 (3447455.005.000) 01/31 13:44:06 Image size of job updated: 436744
	358  -  MemoryUsage of job (MB)
	366172  -  ResidentSetSize of job (KB)
...
006 (3447455.005.000) 01/31 13:49:06 Image size of job updated: 436744
	358  -  MemoryUsage of job (MB)
	366244  -  ResidentSetSize of job (KB)
...
006 (3447455.005.000) 01/31 13:54:07 Image size of job updated: 436744
	358  -  MemoryUsage of job (MB)
	366328  -  ResidentSetSize of job (KB)
...
006 (3447455.005.000) 01/31 14:04:08 Image size of job updated: 436744
	358  -  MemoryUsage of job (MB)
	366412  -  ResidentSetSize of job (KB)
...
006 (3447455.005.000) 01/31 14:09:09 Image size of job updated: 436744
	358  -  MemoryUsage of job (MB)
	366440  -  ResidentSetSize of job (KB)
...
006 (3447455.005.000) 01/31 14:14:10 Image size of job updated: 436744
	358  -  MemoryUsage of job (MB)
	366532  -  ResidentSetSize of job (KB)
...
006 (3447455.005.000) 01/31 14:19:10 Image size of job updated: 436744
	359  -  MemoryUsage of job (MB)
	366596  -  ResidentSetSize of job (KB)
...
006 (3447455.005.000) 01/31 14:24:11 Image size of job updated: 436744
	359  -  MemoryUsage of job (MB)
	366680  -  ResidentSetSize of job (KB)
...
006 (3447455.005.000) 01/31 14:29:12 Image size of job updated: 436744
	359  -  MemoryUsage of job (MB)
	366772  -  ResidentSetSize of job (KB)
...
006 (3447455.005.000) 01/31 14:34:12 Image size of job updated: 436744
	359  -  MemoryUsage of job (MB)
	366800  -  ResidentSetSize of job (KB)
...
006 (3447455.005.000) 01/31 14:39:13 Image size of job updated: 436744
	359  -  MemoryUsage of job (MB)
	366932  -  ResidentSetSize of job (KB)
...
006 (3447455.005.000) 01/31 14:44:14 Image size of job updated: 436744
	359  -  MemoryUsage of job (MB)
	366996  -  ResidentSetSize of job (KB)
...
006 (3447455.005.000) 01/31 14:49:14 Image size of job updated: 436744
	359  -  MemoryUsage of job (MB)
	367032  -  ResidentSetSize of job (KB)
...
006 (3447455.005.000) 01/31 14:54:15 Image size of job updated: 436744
	359  -  MemoryUsage of job (MB)
	367108  -  ResidentSetSize of job (KB)
...
006 (3447455.005.000) 01/31 14:59:16 Image size of job updated: 436744
	359  -  MemoryUsage of job (MB)
	367228  -  ResidentSetSize of job (KB)
...
006 (3447455.005.000) 01/31 15:09:17 Image size of job updated: 436744
	359  -  MemoryUsage of job (MB)
	367384  -  ResidentSetSize of job (KB)
...
006 (3447455.005.000) 01/31 15:14:18 Image size of job updated: 436744
	362  -  MemoryUsage of job (MB)
	369752  -  ResidentSetSize of job (KB)
...
006 (3447455.005.000) 01/31 15:19:18 Image size of job updated: 436744
	362  -  MemoryUsage of job (MB)
	369836  -  ResidentSetSize of job (KB)
...
006 (3447455.005.000) 01/31 15:24:18 Image size of job updated: 436744
	362  -  MemoryUsage of job (MB)
	369964  -  ResidentSetSize of job (KB)
...
006 (3447455.005.000) 01/31 15:29:19 Image size of job updated: 436744
	362  -  MemoryUsage of job (MB)
	370032  -  ResidentSetSize of job (KB)
...
006 (3447455.005.000) 01/31 15:34:19 Image size of job updated: 436744
	362  -  MemoryUsage of job (MB)
	370096  -  ResidentSetSize of job (KB)
...
006 (3447455.005.000) 01/31 15:39:19 Image size of job updated: 436744
	362  -  MemoryUsage of job (MB)
	370120  -  ResidentSetSize of job (KB)
...
006 (3447455.005.000) 01/31 15:44:20 Image size of job updated: 436744
	362  -  MemoryUsage of job (MB)
	370164  -  ResidentSetSize of job (KB)
...
006 (3447455.005.000) 01/31 15:49:20 Image size of job updated: 436744
	362  -  MemoryUsage of job (MB)
	370340  -  ResidentSetSize of job (KB)
...
006 (3447455.005.000) 01/31 15:54:20 Image size of job updated: 436744
	362  -  MemoryUsage of job (MB)
	370412  -  ResidentSetSize of job (KB)
...
006 (3447455.005.000) 01/31 15:59:21 Image size of job updated: 436744
	362  -  MemoryUsage of job (MB)
	370500  -  ResidentSetSize of job (KB)
...
006 (3447455.005.000) 01/31 16:04:21 Image size of job updated: 436744
	362  -  MemoryUsage of job (MB)
	370536  -  ResidentSetSize of job (KB)
...
006 (3447455.005.000) 01/31 16:09:21 Image size of job updated: 436744
	362  -  MemoryUsage of job (MB)
	370656  -  ResidentSetSize of job (KB)
...
006 (3447455.005.000) 01/31 16:14:22 Image size of job updated: 436744
	362  -  MemoryUsage of job (MB)
	370660  -  ResidentSetSize of job (KB)
...
006 (3447455.005.000) 01/31 16:19:23 Image size of job updated: 436744
	363  -  MemoryUsage of job (MB)
	370832  -  ResidentSetSize of job (KB)
...
006 (3447455.005.000) 01/31 16:24:23 Image size of job updated: 436744
	363  -  MemoryUsage of job (MB)
	370940  -  ResidentSetSize of job (KB)
...
006 (3447455.005.000) 01/31 16:29:24 Image size of job updated: 436744
	363  -  MemoryUsage of job (MB)
	371000  -  ResidentSetSize of job (KB)
...
006 (3447455.005.000) 01/31 16:34:25 Image size of job updated: 436744
	363  -  MemoryUsage of job (MB)
	371072  -  ResidentSetSize of job (KB)
...
006 (3447455.005.000) 01/31 16:39:25 Image size of job updated: 436744
	363  -  MemoryUsage of job (MB)
	371108  -  ResidentSetSize of job (KB)
...
006 (3447455.005.000) 01/31 16:44:26 Image size of job updated: 436744
	363  -  MemoryUsage of job (MB)
	371232  -  ResidentSetSize of job (KB)
...
006 (3447455.005.000) 01/31 16:49:27 Image size of job updated: 436744
	363  -  MemoryUsage of job (MB)
	371268  -  ResidentSetSize of job (KB)
...
006 (3447455.005.000) 01/31 16:54:27 Image size of job updated: 436744
	363  -  MemoryUsage of job (MB)
	371356  -  ResidentSetSize of job (KB)
...
006 (3447455.005.000) 01/31 17:14:29 Image size of job updated: 436744
	363  -  MemoryUsage of job (MB)
	371400  -  ResidentSetSize of job (KB)
...
006 (3447455.005.000) 01/31 17:23:46 Image size of job updated: 436744
	363  -  MemoryUsage of job (MB)
	371408  -  ResidentSetSize of job (KB)
...
006 (3447455.005.000) 01/31 17:36:39 Image size of job updated: 436744
	364  -  MemoryUsage of job (MB)
	371716  -  ResidentSetSize of job (KB)
...
006 (3447455.005.000) 01/31 17:46:57 Image size of job updated: 436744
	364  -  MemoryUsage of job (MB)
	371812  -  ResidentSetSize of job (KB)
...
006 (3447455.005.000) 01/31 17:53:08 Image size of job updated: 436744
	364  -  MemoryUsage of job (MB)
	371952  -  ResidentSetSize of job (KB)
...
006 (3447455.005.000) 01/31 17:58:09 Image size of job updated: 436744
	364  -  MemoryUsage of job (MB)
	372036  -  ResidentSetSize of job (KB)
...
006 (3447455.005.000) 01/31 18:03:10 Image size of job updated: 436744
	364  -  MemoryUsage of job (MB)
	372076  -  ResidentSetSize of job (KB)
...
006 (3447455.005.000) 01/31 18:08:10 Image size of job updated: 436744
	364  -  MemoryUsage of job (MB)
	372124  -  ResidentSetSize of job (KB)
...
006 (3447455.005.000) 01/31 18:13:10 Image size of job updated: 436744
	364  -  MemoryUsage of job (MB)
	372148  -  ResidentSetSize of job (KB)
...
006 (3447455.005.000) 01/31 18:18:11 Image size of job updated: 436744
	364  -  MemoryUsage of job (MB)
	372284  -  ResidentSetSize of job (KB)
...
006 (3447455.005.000) 01/31 18:23:11 Image size of job updated: 436744
	364  -  MemoryUsage of job (MB)
	372376  -  ResidentSetSize of job (KB)
...
006 (3447455.005.000) 01/31 18:28:11 Image size of job updated: 436744
	364  -  MemoryUsage of job (MB)
	372404  -  ResidentSetSize of job (KB)
...
006 (3447455.005.000) 01/31 18:33:12 Image size of job updated: 436744
	364  -  MemoryUsage of job (MB)
	372480  -  ResidentSetSize of job (KB)
...
006 (3447455.005.000) 01/31 18:38:13 Image size of job updated: 436744
	364  -  MemoryUsage of job (MB)
	372552  -  ResidentSetSize of job (KB)
...
006 (3447455.005.000) 01/31 18:43:13 Image size of job updated: 436744
	364  -  MemoryUsage of job (MB)
	372652  -  ResidentSetSize of job (KB)
...
006 (3447455.005.000) 01/31 18:48:13 Image size of job updated: 436744
	364  -  MemoryUsage of job (MB)
	372736  -  ResidentSetSize of job (KB)
...
006 (3447455.005.000) 01/31 18:53:14 Image size of job updated: 436744
	365  -  MemoryUsage of job (MB)
	372816  -  ResidentSetSize of job (KB)
...
006 (3447455.005.000) 01/31 18:58:14 Image size of job updated: 436744
	365  -  MemoryUsage of job (MB)
	372848  -  ResidentSetSize of job (KB)
...
006 (3447455.005.000) 01/31 19:03:14 Image size of job updated: 436744
	365  -  MemoryUsage of job (MB)
	373020  -  ResidentSetSize of job (KB)
...
006 (3447455.005.000) 01/31 19:13:16 Image size of job updated: 436744
	365  -  MemoryUsage of job (MB)
	373172  -  ResidentSetSize of job (KB)
...
006 (3447455.005.000) 01/31 19:18:16 Image size of job updated: 436744
	365  -  MemoryUsage of job (MB)
	373424  -  ResidentSetSize of job (KB)
...
006 (3447455.005.000) 01/31 19:23:17 Image size of job updated: 436744
	366  -  MemoryUsage of job (MB)
	374004  -  ResidentSetSize of job (KB)
...
006 (3447455.005.000) 01/31 19:28:18 Image size of job updated: 436744
	366  -  MemoryUsage of job (MB)
	374152  -  ResidentSetSize of job (KB)
...
006 (3447455.005.000) 01/31 19:33:18 Image size of job updated: 436744
	366  -  MemoryUsage of job (MB)
	374240  -  ResidentSetSize of job (KB)
...
006 (3447455.005.000) 01/31 19:43:20 Image size of job updated: 436744
	366  -  MemoryUsage of job (MB)
	374292  -  ResidentSetSize of job (KB)
...
006 (3447455.005.000) 01/31 19:48:20 Image size of job updated: 436744
	366  -  MemoryUsage of job (MB)
	374484  -  ResidentSetSize of job (KB)
...
006 (3447455.005.000) 01/31 19:58:22 Image size of job updated: 436744
	366  -  MemoryUsage of job (MB)
	374608  -  ResidentSetSize of job (KB)
...
006 (3447455.005.000) 01/31 20:13:24 Image size of job updated: 436744
	366  -  MemoryUsage of job (MB)
	374648  -  ResidentSetSize of job (KB)
...
040 (3447455.005.000) 02/01 19:58:44 Started transferring input files
	Transferring to host: <188.184.194.11:9618?addrs=188.184.194.11-9618+[2001-1458-301-50--100-36]-9618&noUDP&sock=14713_63af_45260>
...
040 (3447455.005.000) 02/01 19:58:44 Finished transferring input files
...
001 (3447455.005.000) 02/01 19:58:45 Job executing on host: <188.184.194.11:9618?addrs=188.184.194.11-9618+[2001-1458-301-50--100-36]-9618&noUDP&sock=14506_7ce8_3>
...
040 (3447455.005.000) 02/01 19:59:08 Started transferring output files
...
040 (3447455.005.000) 02/01 19:59:08 Finished transferring output files
...
005 (3447455.005.000) 02/01 19:59:08 Job terminated.
	(1) Normal termination (return value 0)
		Usr 0 00:00:04, Sys 0 00:00:03  -  Run Remote Usage
		Usr 0 00:00:00, Sys 0 00:00:00  -  Run Local Usage
		Usr 0 00:00:04, Sys 0 00:00:03  -  Total Remote Usage
		Usr 0 00:00:00, Sys 0 00:00:00  -  Total Local Usage
	9715  -  Run Bytes Sent By Job
	493  -  Run Bytes Received By Job
	9715  -  Total Bytes Sent By Job
	986  -  Total Bytes Received By Job
	Partitionable Resources :    Usage  Request Allocated 
	   Cpus                 :                 1           
	   Disk (KB)            :       24       35   2816195 
	   Memory (MB)          :      367     2000      2000 
...
