000 (3447454.008.000) 01/30 08:57:46 Job submitted from host: <188.185.71.142:9618?addrs=188.185.71.142-9618+[2001-1458-d00-7--100-388]-9618&alias=bigbird09.cern.ch&noUDP&sock=schedd_2208_1533_7>
...
040 (3447454.008.000) 01/31 05:18:02 Started transferring input files
	Transferring to host: <188.184.205.86:9618?addrs=188.184.205.86-9618+[2001-1458-301-7d--100-179]-9618&noUDP&sock=4160_d8a2_83994>
...
040 (3447454.008.000) 01/31 05:18:02 Finished transferring input files
...
001 (3447454.008.000) 01/31 05:18:03 Job executing on host: <188.184.205.86:9618?addrs=188.184.205.86-9618+[2001-1458-301-7d--100-179]-9618&noUDP&sock=2328_6491_3>
...
006 (3447454.008.000) 01/31 05:18:11 Image size of job updated: 524
	1  -  MemoryUsage of job (MB)
	524  -  ResidentSetSize of job (KB)
...
006 (3447454.008.000) 01/31 05:23:11 Image size of job updated: 436704
	354  -  MemoryUsage of job (MB)
	361880  -  ResidentSetSize of job (KB)
...
006 (3447454.008.000) 01/31 05:28:12 Image size of job updated: 436780
	354  -  MemoryUsage of job (MB)
	361956  -  ResidentSetSize of job (KB)
...
006 (3447454.008.000) 01/31 05:33:13 Image size of job updated: 436824
	354  -  MemoryUsage of job (MB)
	362000  -  ResidentSetSize of job (KB)
...
006 (3447454.008.000) 01/31 05:43:13 Image size of job updated: 436856
	354  -  MemoryUsage of job (MB)
	362032  -  ResidentSetSize of job (KB)
...
006 (3447454.008.000) 01/31 05:48:14 Image size of job updated: 436876
	354  -  MemoryUsage of job (MB)
	362052  -  ResidentSetSize of job (KB)
...
006 (3447454.008.000) 01/31 05:53:15 Image size of job updated: 436908
	354  -  MemoryUsage of job (MB)
	362084  -  ResidentSetSize of job (KB)
...
006 (3447454.008.000) 01/31 05:58:15 Image size of job updated: 436920
	354  -  MemoryUsage of job (MB)
	362096  -  ResidentSetSize of job (KB)
...
006 (3447454.008.000) 01/31 06:03:15 Image size of job updated: 436924
	354  -  MemoryUsage of job (MB)
	362100  -  ResidentSetSize of job (KB)
...
006 (3447454.008.000) 01/31 06:13:16 Image size of job updated: 436928
	354  -  MemoryUsage of job (MB)
	362104  -  ResidentSetSize of job (KB)
...
006 (3447454.008.000) 01/31 06:18:16 Image size of job updated: 436932
	354  -  MemoryUsage of job (MB)
	362108  -  ResidentSetSize of job (KB)
...
006 (3447454.008.000) 01/31 06:48:20 Image size of job updated: 436944
	354  -  MemoryUsage of job (MB)
	362120  -  ResidentSetSize of job (KB)
...
006 (3447454.008.000) 01/31 08:58:34 Image size of job updated: 436944
	354  -  MemoryUsage of job (MB)
	362248  -  ResidentSetSize of job (KB)
...
006 (3447454.008.000) 01/31 09:03:34 Image size of job updated: 436944
	354  -  MemoryUsage of job (MB)
	362332  -  ResidentSetSize of job (KB)
...
006 (3447454.008.000) 01/31 09:13:36 Image size of job updated: 436944
	354  -  MemoryUsage of job (MB)
	362352  -  ResidentSetSize of job (KB)
...
006 (3447454.008.000) 01/31 09:18:36 Image size of job updated: 436944
	354  -  MemoryUsage of job (MB)
	362360  -  ResidentSetSize of job (KB)
...
006 (3447454.008.000) 01/31 10:08:42 Image size of job updated: 436944
	354  -  MemoryUsage of job (MB)
	362396  -  ResidentSetSize of job (KB)
...
006 (3447454.008.000) 01/31 10:13:42 Image size of job updated: 436944
	354  -  MemoryUsage of job (MB)
	362488  -  ResidentSetSize of job (KB)
...
006 (3447454.008.000) 01/31 10:23:43 Image size of job updated: 436944
	355  -  MemoryUsage of job (MB)
	362548  -  ResidentSetSize of job (KB)
...
006 (3447454.008.000) 01/31 11:08:47 Image size of job updated: 436944
	355  -  MemoryUsage of job (MB)
	362580  -  ResidentSetSize of job (KB)
...
006 (3447454.008.000) 01/31 11:13:47 Image size of job updated: 436944
	355  -  MemoryUsage of job (MB)
	362616  -  ResidentSetSize of job (KB)
...
006 (3447454.008.000) 01/31 11:18:48 Image size of job updated: 436944
	355  -  MemoryUsage of job (MB)
	362768  -  ResidentSetSize of job (KB)
...
006 (3447454.008.000) 01/31 11:23:48 Image size of job updated: 437008
	355  -  MemoryUsage of job (MB)
	362888  -  ResidentSetSize of job (KB)
...
006 (3447454.008.000) 01/31 11:28:48 Image size of job updated: 437016
	355  -  MemoryUsage of job (MB)
	362896  -  ResidentSetSize of job (KB)
...
006 (3447454.008.000) 01/31 11:33:49 Image size of job updated: 437112
	355  -  MemoryUsage of job (MB)
	362992  -  ResidentSetSize of job (KB)
...
006 (3447454.008.000) 01/31 11:38:50 Image size of job updated: 437216
	355  -  MemoryUsage of job (MB)
	363096  -  ResidentSetSize of job (KB)
...
006 (3447454.008.000) 01/31 11:43:50 Image size of job updated: 437380
	355  -  MemoryUsage of job (MB)
	363260  -  ResidentSetSize of job (KB)
...
006 (3447454.008.000) 01/31 11:48:50 Image size of job updated: 437380
	355  -  MemoryUsage of job (MB)
	363308  -  ResidentSetSize of job (KB)
...
006 (3447454.008.000) 01/31 11:53:51 Image size of job updated: 437380
	355  -  MemoryUsage of job (MB)
	363388  -  ResidentSetSize of job (KB)
...
006 (3447454.008.000) 01/31 11:58:51 Image size of job updated: 437380
	355  -  MemoryUsage of job (MB)
	363484  -  ResidentSetSize of job (KB)
...
006 (3447454.008.000) 01/31 12:03:51 Image size of job updated: 437380
	356  -  MemoryUsage of job (MB)
	363596  -  ResidentSetSize of job (KB)
...
006 (3447454.008.000) 01/31 12:13:53 Image size of job updated: 437380
	356  -  MemoryUsage of job (MB)
	363756  -  ResidentSetSize of job (KB)
...
006 (3447454.008.000) 01/31 12:23:54 Image size of job updated: 437380
	356  -  MemoryUsage of job (MB)
	363804  -  ResidentSetSize of job (KB)
...
006 (3447454.008.000) 01/31 12:28:55 Image size of job updated: 437380
	356  -  MemoryUsage of job (MB)
	363832  -  ResidentSetSize of job (KB)
...
006 (3447454.008.000) 01/31 12:33:55 Image size of job updated: 437380
	356  -  MemoryUsage of job (MB)
	363900  -  ResidentSetSize of job (KB)
...
006 (3447454.008.000) 01/31 12:38:55 Image size of job updated: 437380
	356  -  MemoryUsage of job (MB)
	363968  -  ResidentSetSize of job (KB)
...
006 (3447454.008.000) 01/31 12:43:57 Image size of job updated: 437380
	356  -  MemoryUsage of job (MB)
	364068  -  ResidentSetSize of job (KB)
...
006 (3447454.008.000) 01/31 12:48:57 Image size of job updated: 437380
	356  -  MemoryUsage of job (MB)
	364224  -  ResidentSetSize of job (KB)
...
006 (3447454.008.000) 01/31 12:53:57 Image size of job updated: 437380
	356  -  MemoryUsage of job (MB)
	364228  -  ResidentSetSize of job (KB)
...
006 (3447454.008.000) 01/31 12:58:58 Image size of job updated: 437380
	356  -  MemoryUsage of job (MB)
	364324  -  ResidentSetSize of job (KB)
...
006 (3447454.008.000) 01/31 13:03:59 Image size of job updated: 437380
	356  -  MemoryUsage of job (MB)
	364428  -  ResidentSetSize of job (KB)
...
006 (3447454.008.000) 01/31 13:08:59 Image size of job updated: 437380
	356  -  MemoryUsage of job (MB)
	364456  -  ResidentSetSize of job (KB)
...
006 (3447454.008.000) 01/31 13:14:00 Image size of job updated: 437380
	357  -  MemoryUsage of job (MB)
	364568  -  ResidentSetSize of job (KB)
...
006 (3447454.008.000) 01/31 13:19:01 Image size of job updated: 437380
	357  -  MemoryUsage of job (MB)
	364616  -  ResidentSetSize of job (KB)
...
006 (3447454.008.000) 01/31 13:24:01 Image size of job updated: 437380
	357  -  MemoryUsage of job (MB)
	364708  -  ResidentSetSize of job (KB)
...
006 (3447454.008.000) 01/31 13:34:02 Image size of job updated: 437380
	357  -  MemoryUsage of job (MB)
	364916  -  ResidentSetSize of job (KB)
...
006 (3447454.008.000) 01/31 13:39:03 Image size of job updated: 437380
	357  -  MemoryUsage of job (MB)
	364944  -  ResidentSetSize of job (KB)
...
006 (3447454.008.000) 01/31 13:44:03 Image size of job updated: 437380
	357  -  MemoryUsage of job (MB)
	365008  -  ResidentSetSize of job (KB)
...
006 (3447454.008.000) 01/31 13:49:03 Image size of job updated: 437380
	357  -  MemoryUsage of job (MB)
	365040  -  ResidentSetSize of job (KB)
...
006 (3447454.008.000) 01/31 13:54:05 Image size of job updated: 437380
	357  -  MemoryUsage of job (MB)
	365232  -  ResidentSetSize of job (KB)
...
006 (3447454.008.000) 01/31 13:59:05 Image size of job updated: 437380
	357  -  MemoryUsage of job (MB)
	365272  -  ResidentSetSize of job (KB)
...
006 (3447454.008.000) 01/31 14:04:05 Image size of job updated: 437380
	357  -  MemoryUsage of job (MB)
	365376  -  ResidentSetSize of job (KB)
...
006 (3447454.008.000) 01/31 14:09:06 Image size of job updated: 437380
	357  -  MemoryUsage of job (MB)
	365400  -  ResidentSetSize of job (KB)
...
006 (3447454.008.000) 01/31 14:14:07 Image size of job updated: 437380
	357  -  MemoryUsage of job (MB)
	365452  -  ResidentSetSize of job (KB)
...
006 (3447454.008.000) 01/31 14:19:07 Image size of job updated: 437380
	357  -  MemoryUsage of job (MB)
	365528  -  ResidentSetSize of job (KB)
...
006 (3447454.008.000) 01/31 14:24:08 Image size of job updated: 437380
	358  -  MemoryUsage of job (MB)
	365580  -  ResidentSetSize of job (KB)
...
006 (3447454.008.000) 01/31 14:29:09 Image size of job updated: 437380
	358  -  MemoryUsage of job (MB)
	365648  -  ResidentSetSize of job (KB)
...
006 (3447454.008.000) 01/31 14:34:09 Image size of job updated: 437380
	358  -  MemoryUsage of job (MB)
	365664  -  ResidentSetSize of job (KB)
...
006 (3447454.008.000) 01/31 14:39:09 Image size of job updated: 437380
	358  -  MemoryUsage of job (MB)
	365816  -  ResidentSetSize of job (KB)
...
006 (3447454.008.000) 01/31 14:44:10 Image size of job updated: 437380
	358  -  MemoryUsage of job (MB)
	365904  -  ResidentSetSize of job (KB)
...
006 (3447454.008.000) 01/31 14:49:10 Image size of job updated: 437380
	358  -  MemoryUsage of job (MB)
	366000  -  ResidentSetSize of job (KB)
...
006 (3447454.008.000) 01/31 14:54:10 Image size of job updated: 437380
	359  -  MemoryUsage of job (MB)
	367060  -  ResidentSetSize of job (KB)
...
006 (3447454.008.000) 01/31 15:04:12 Image size of job updated: 437380
	360  -  MemoryUsage of job (MB)
	368408  -  ResidentSetSize of job (KB)
...
006 (3447454.008.000) 01/31 15:09:12 Image size of job updated: 437380
	360  -  MemoryUsage of job (MB)
	368460  -  ResidentSetSize of job (KB)
...
006 (3447454.008.000) 01/31 15:14:13 Image size of job updated: 437380
	360  -  MemoryUsage of job (MB)
	368536  -  ResidentSetSize of job (KB)
...
006 (3447454.008.000) 01/31 15:19:14 Image size of job updated: 437380
	360  -  MemoryUsage of job (MB)
	368544  -  ResidentSetSize of job (KB)
...
006 (3447454.008.000) 01/31 15:24:14 Image size of job updated: 437380
	360  -  MemoryUsage of job (MB)
	368620  -  ResidentSetSize of job (KB)
...
006 (3447454.008.000) 01/31 15:34:15 Image size of job updated: 437380
	361  -  MemoryUsage of job (MB)
	368680  -  ResidentSetSize of job (KB)
...
006 (3447454.008.000) 01/31 15:39:15 Image size of job updated: 437380
	361  -  MemoryUsage of job (MB)
	368820  -  ResidentSetSize of job (KB)
...
006 (3447454.008.000) 01/31 15:44:15 Image size of job updated: 437380
	361  -  MemoryUsage of job (MB)
	368872  -  ResidentSetSize of job (KB)
...
006 (3447454.008.000) 01/31 15:49:17 Image size of job updated: 437380
	361  -  MemoryUsage of job (MB)
	368924  -  ResidentSetSize of job (KB)
...
006 (3447454.008.000) 01/31 15:54:17 Image size of job updated: 437380
	361  -  MemoryUsage of job (MB)
	368952  -  ResidentSetSize of job (KB)
...
006 (3447454.008.000) 01/31 15:59:17 Image size of job updated: 437380
	361  -  MemoryUsage of job (MB)
	369008  -  ResidentSetSize of job (KB)
...
006 (3447454.008.000) 01/31 16:04:18 Image size of job updated: 437380
	361  -  MemoryUsage of job (MB)
	369024  -  ResidentSetSize of job (KB)
...
006 (3447454.008.000) 01/31 16:09:19 Image size of job updated: 437380
	361  -  MemoryUsage of job (MB)
	369104  -  ResidentSetSize of job (KB)
...
006 (3447454.008.000) 01/31 16:14:19 Image size of job updated: 437380
	361  -  MemoryUsage of job (MB)
	369140  -  ResidentSetSize of job (KB)
...
006 (3447454.008.000) 01/31 16:19:20 Image size of job updated: 437380
	361  -  MemoryUsage of job (MB)
	369216  -  ResidentSetSize of job (KB)
...
006 (3447454.008.000) 01/31 16:24:21 Image size of job updated: 437380
	361  -  MemoryUsage of job (MB)
	369240  -  ResidentSetSize of job (KB)
...
006 (3447454.008.000) 01/31 16:29:21 Image size of job updated: 437380
	361  -  MemoryUsage of job (MB)
	369412  -  ResidentSetSize of job (KB)
...
006 (3447454.008.000) 01/31 16:34:22 Image size of job updated: 437380
	361  -  MemoryUsage of job (MB)
	369424  -  ResidentSetSize of job (KB)
...
006 (3447454.008.000) 01/31 16:39:23 Image size of job updated: 437380
	361  -  MemoryUsage of job (MB)
	369544  -  ResidentSetSize of job (KB)
...
006 (3447454.008.000) 01/31 16:44:23 Image size of job updated: 437380
	361  -  MemoryUsage of job (MB)
	369548  -  ResidentSetSize of job (KB)
...
006 (3447454.008.000) 01/31 16:49:23 Image size of job updated: 437380
	361  -  MemoryUsage of job (MB)
	369616  -  ResidentSetSize of job (KB)
...
006 (3447454.008.000) 01/31 16:54:24 Image size of job updated: 437380
	362  -  MemoryUsage of job (MB)
	369688  -  ResidentSetSize of job (KB)
...
006 (3447454.008.000) 01/31 16:59:24 Image size of job updated: 437380
	362  -  MemoryUsage of job (MB)
	369772  -  ResidentSetSize of job (KB)
...
006 (3447454.008.000) 01/31 17:04:26 Image size of job updated: 437380
	362  -  MemoryUsage of job (MB)
	369836  -  ResidentSetSize of job (KB)
...
006 (3447454.008.000) 01/31 17:09:26 Image size of job updated: 437380
	362  -  MemoryUsage of job (MB)
	369876  -  ResidentSetSize of job (KB)
...
006 (3447454.008.000) 01/31 17:14:26 Image size of job updated: 437380
	362  -  MemoryUsage of job (MB)
	369880  -  ResidentSetSize of job (KB)
...
006 (3447454.008.000) 01/31 17:23:39 Image size of job updated: 437380
	362  -  MemoryUsage of job (MB)
	369912  -  ResidentSetSize of job (KB)
...
040 (3447454.008.000) 02/01 07:54:44 Started transferring input files
	Transferring to host: <188.184.194.83:9618?addrs=188.184.194.83-9618+[2001-1458-301-50--100-71]-9618&noUDP&sock=14190_e37a_41933>
...
040 (3447454.008.000) 02/01 07:54:44 Finished transferring input files
...
001 (3447454.008.000) 02/01 07:54:45 Job executing on host: <188.184.194.83:9618?addrs=188.184.194.83-9618+[2001-1458-301-50--100-71]-9618&noUDP&sock=13982_1147_3>
...
040 (3447454.008.000) 02/01 07:55:00 Started transferring output files
...
040 (3447454.008.000) 02/01 07:55:00 Finished transferring output files
...
005 (3447454.008.000) 02/01 07:55:00 Job terminated.
	(1) Normal termination (return value 0)
		Usr 0 00:00:05, Sys 0 00:00:03  -  Run Remote Usage
		Usr 0 00:00:00, Sys 0 00:00:00  -  Run Local Usage
		Usr 0 00:00:05, Sys 0 00:00:03  -  Total Remote Usage
		Usr 0 00:00:00, Sys 0 00:00:00  -  Total Local Usage
	9715  -  Run Bytes Sent By Job
	493  -  Run Bytes Received By Job
	9715  -  Total Bytes Sent By Job
	986  -  Total Bytes Received By Job
	Partitionable Resources :    Usage  Request Allocated 
	   Cpus                 :                 1           
	   Disk (KB)            :       24       37   2886581 
	   Memory (MB)          :      367     2000      2000 
...
