000 (3447342.001.000) 01/30 00:59:21 Job submitted from host: <188.185.71.142:9618?addrs=188.185.71.142-9618+[2001-1458-d00-7--100-388]-9618&alias=bigbird09.cern.ch&noUDP&sock=schedd_2208_1533_7>
...
040 (3447342.001.000) 01/30 04:24:00 Started transferring input files
	Transferring to host: <188.184.139.32:9618?addrs=188.184.139.32-9618+[2001-1458-301-45--100-123]-9618&noUDP&sock=7494_f36a_161844>
...
040 (3447342.001.000) 01/30 04:24:00 Finished transferring input files
...
001 (3447342.001.000) 01/30 04:24:01 Job executing on host: <188.184.139.32:9618?addrs=188.184.139.32-9618+[2001-1458-301-45--100-123]-9618&noUDP&sock=5720_05d0_3>
...
006 (3447342.001.000) 01/30 04:24:09 Image size of job updated: 5244
	4  -  MemoryUsage of job (MB)
	4048  -  ResidentSetSize of job (KB)
...
006 (3447342.001.000) 01/30 04:29:09 Image size of job updated: 484404
	400  -  MemoryUsage of job (MB)
	409564  -  ResidentSetSize of job (KB)
...
006 (3447342.001.000) 01/30 04:34:09 Image size of job updated: 484412
	400  -  MemoryUsage of job (MB)
	409572  -  ResidentSetSize of job (KB)
...
006 (3447342.001.000) 01/30 04:59:11 Image size of job updated: 484416
	400  -  MemoryUsage of job (MB)
	409576  -  ResidentSetSize of job (KB)
...
006 (3447342.001.000) 01/30 05:29:15 Image size of job updated: 484416
	400  -  MemoryUsage of job (MB)
	409600  -  ResidentSetSize of job (KB)
...
006 (3447342.001.000) 01/30 07:16:31 Image size of job updated: 484416
	401  -  MemoryUsage of job (MB)
	409660  -  ResidentSetSize of job (KB)
...
006 (3447342.001.000) 01/30 07:26:32 Image size of job updated: 484416
	401  -  MemoryUsage of job (MB)
	409740  -  ResidentSetSize of job (KB)
...
006 (3447342.001.000) 01/30 07:31:33 Image size of job updated: 484416
	401  -  MemoryUsage of job (MB)
	409744  -  ResidentSetSize of job (KB)
...
006 (3447342.001.000) 01/30 07:36:34 Image size of job updated: 484416
	401  -  MemoryUsage of job (MB)
	409892  -  ResidentSetSize of job (KB)
...
006 (3447342.001.000) 01/30 07:41:34 Image size of job updated: 484416
	401  -  MemoryUsage of job (MB)
	409996  -  ResidentSetSize of job (KB)
...
006 (3447342.001.000) 01/30 07:46:35 Image size of job updated: 484416
	401  -  MemoryUsage of job (MB)
	410052  -  ResidentSetSize of job (KB)
...
006 (3447342.001.000) 01/30 07:51:36 Image size of job updated: 484416
	401  -  MemoryUsage of job (MB)
	410088  -  ResidentSetSize of job (KB)
...
006 (3447342.001.000) 01/30 07:56:36 Image size of job updated: 484416
	401  -  MemoryUsage of job (MB)
	410136  -  ResidentSetSize of job (KB)
...
006 (3447342.001.000) 01/30 08:01:37 Image size of job updated: 484416
	401  -  MemoryUsage of job (MB)
	410232  -  ResidentSetSize of job (KB)
...
006 (3447342.001.000) 01/30 08:06:38 Image size of job updated: 484492
	401  -  MemoryUsage of job (MB)
	410340  -  ResidentSetSize of job (KB)
...
006 (3447342.001.000) 01/30 08:16:38 Image size of job updated: 484584
	401  -  MemoryUsage of job (MB)
	410432  -  ResidentSetSize of job (KB)
...
006 (3447342.001.000) 01/30 08:21:39 Image size of job updated: 484616
	401  -  MemoryUsage of job (MB)
	410464  -  ResidentSetSize of job (KB)
...
006 (3447342.001.000) 01/30 08:26:39 Image size of job updated: 484672
	401  -  MemoryUsage of job (MB)
	410520  -  ResidentSetSize of job (KB)
...
006 (3447342.001.000) 01/30 08:31:39 Image size of job updated: 484704
	401  -  MemoryUsage of job (MB)
	410552  -  ResidentSetSize of job (KB)
...
006 (3447342.001.000) 01/30 08:36:40 Image size of job updated: 484780
	402  -  MemoryUsage of job (MB)
	410628  -  ResidentSetSize of job (KB)
...
006 (3447342.001.000) 01/30 08:41:40 Image size of job updated: 484968
	402  -  MemoryUsage of job (MB)
	410816  -  ResidentSetSize of job (KB)
...
006 (3447342.001.000) 01/30 08:46:40 Image size of job updated: 485036
	402  -  MemoryUsage of job (MB)
	410884  -  ResidentSetSize of job (KB)
...
006 (3447342.001.000) 01/30 08:51:41 Image size of job updated: 485084
	402  -  MemoryUsage of job (MB)
	410932  -  ResidentSetSize of job (KB)
...
006 (3447342.001.000) 01/30 08:56:41 Image size of job updated: 485116
	402  -  MemoryUsage of job (MB)
	410964  -  ResidentSetSize of job (KB)
...
006 (3447342.001.000) 01/30 09:01:41 Image size of job updated: 485196
	402  -  MemoryUsage of job (MB)
	411044  -  ResidentSetSize of job (KB)
...
006 (3447342.001.000) 01/30 09:06:42 Image size of job updated: 485268
	402  -  MemoryUsage of job (MB)
	411116  -  ResidentSetSize of job (KB)
...
006 (3447342.001.000) 01/30 09:16:43 Image size of job updated: 485396
	402  -  MemoryUsage of job (MB)
	411244  -  ResidentSetSize of job (KB)
...
006 (3447342.001.000) 01/30 09:21:44 Image size of job updated: 485396
	402  -  MemoryUsage of job (MB)
	411256  -  ResidentSetSize of job (KB)
...
006 (3447342.001.000) 01/30 09:26:45 Image size of job updated: 485624
	402  -  MemoryUsage of job (MB)
	411492  -  ResidentSetSize of job (KB)
...
006 (3447342.001.000) 01/30 09:31:45 Image size of job updated: 485636
	402  -  MemoryUsage of job (MB)
	411504  -  ResidentSetSize of job (KB)
...
006 (3447342.001.000) 01/30 09:36:46 Image size of job updated: 485668
	402  -  MemoryUsage of job (MB)
	411536  -  ResidentSetSize of job (KB)
...
006 (3447342.001.000) 01/30 10:21:51 Image size of job updated: 485688
	402  -  MemoryUsage of job (MB)
	411556  -  ResidentSetSize of job (KB)
...
006 (3447342.001.000) 01/30 10:26:52 Image size of job updated: 485744
	402  -  MemoryUsage of job (MB)
	411612  -  ResidentSetSize of job (KB)
...
006 (3447342.001.000) 01/30 10:31:52 Image size of job updated: 485896
	403  -  MemoryUsage of job (MB)
	411764  -  ResidentSetSize of job (KB)
...
006 (3447342.001.000) 01/30 10:36:53 Image size of job updated: 485984
	403  -  MemoryUsage of job (MB)
	411852  -  ResidentSetSize of job (KB)
...
006 (3447342.001.000) 01/30 10:41:54 Image size of job updated: 486132
	403  -  MemoryUsage of job (MB)
	412000  -  ResidentSetSize of job (KB)
...
006 (3447342.001.000) 01/30 10:46:54 Image size of job updated: 486204
	403  -  MemoryUsage of job (MB)
	412072  -  ResidentSetSize of job (KB)
...
006 (3447342.001.000) 01/30 10:51:55 Image size of job updated: 486284
	403  -  MemoryUsage of job (MB)
	412152  -  ResidentSetSize of job (KB)
...
006 (3447342.001.000) 01/30 10:56:56 Image size of job updated: 486500
	403  -  MemoryUsage of job (MB)
	412368  -  ResidentSetSize of job (KB)
...
006 (3447342.001.000) 01/30 11:01:56 Image size of job updated: 486760
	403  -  MemoryUsage of job (MB)
	412628  -  ResidentSetSize of job (KB)
...
006 (3447342.001.000) 01/30 11:06:56 Image size of job updated: 486916
	404  -  MemoryUsage of job (MB)
	412784  -  ResidentSetSize of job (KB)
...
006 (3447342.001.000) 01/30 13:12:10 Image size of job updated: 486924
	404  -  MemoryUsage of job (MB)
	412784  -  ResidentSetSize of job (KB)
...
006 (3447342.001.000) 01/30 14:03:37 Image size of job updated: 486924
	404  -  MemoryUsage of job (MB)
	412800  -  ResidentSetSize of job (KB)
...
006 (3447342.001.000) 01/30 14:08:38 Image size of job updated: 486924
	404  -  MemoryUsage of job (MB)
	412920  -  ResidentSetSize of job (KB)
...
006 (3447342.001.000) 01/30 14:13:38 Image size of job updated: 486924
	404  -  MemoryUsage of job (MB)
	413112  -  ResidentSetSize of job (KB)
...
006 (3447342.001.000) 01/30 14:23:39 Image size of job updated: 486924
	404  -  MemoryUsage of job (MB)
	413204  -  ResidentSetSize of job (KB)
...
006 (3447342.001.000) 01/30 14:28:39 Image size of job updated: 486924
	404  -  MemoryUsage of job (MB)
	413288  -  ResidentSetSize of job (KB)
...
006 (3447342.001.000) 01/30 14:33:39 Image size of job updated: 486924
	404  -  MemoryUsage of job (MB)
	413324  -  ResidentSetSize of job (KB)
...
006 (3447342.001.000) 01/30 14:38:40 Image size of job updated: 486924
	404  -  MemoryUsage of job (MB)
	413392  -  ResidentSetSize of job (KB)
...
006 (3447342.001.000) 01/30 14:43:41 Image size of job updated: 486924
	404  -  MemoryUsage of job (MB)
	413520  -  ResidentSetSize of job (KB)
...
006 (3447342.001.000) 01/30 14:48:41 Image size of job updated: 486924
	404  -  MemoryUsage of job (MB)
	413656  -  ResidentSetSize of job (KB)
...
006 (3447342.001.000) 01/30 14:53:41 Image size of job updated: 486924
	405  -  MemoryUsage of job (MB)
	413716  -  ResidentSetSize of job (KB)
...
006 (3447342.001.000) 01/30 14:58:42 Image size of job updated: 486924
	405  -  MemoryUsage of job (MB)
	413808  -  ResidentSetSize of job (KB)
...
006 (3447342.001.000) 01/30 15:03:43 Image size of job updated: 486924
	405  -  MemoryUsage of job (MB)
	413848  -  ResidentSetSize of job (KB)
...
006 (3447342.001.000) 01/30 15:08:43 Image size of job updated: 486924
	405  -  MemoryUsage of job (MB)
	413964  -  ResidentSetSize of job (KB)
...
006 (3447342.001.000) 01/30 15:13:43 Image size of job updated: 486924
	405  -  MemoryUsage of job (MB)
	413988  -  ResidentSetSize of job (KB)
...
006 (3447342.001.000) 01/30 15:18:44 Image size of job updated: 486924
	405  -  MemoryUsage of job (MB)
	414064  -  ResidentSetSize of job (KB)
...
006 (3447342.001.000) 01/30 15:23:45 Image size of job updated: 486924
	405  -  MemoryUsage of job (MB)
	414196  -  ResidentSetSize of job (KB)
...
006 (3447342.001.000) 01/30 15:28:45 Image size of job updated: 486924
	405  -  MemoryUsage of job (MB)
	414244  -  ResidentSetSize of job (KB)
...
006 (3447342.001.000) 01/30 15:33:46 Image size of job updated: 486924
	405  -  MemoryUsage of job (MB)
	414364  -  ResidentSetSize of job (KB)
...
006 (3447342.001.000) 01/30 15:38:48 Image size of job updated: 486924
	405  -  MemoryUsage of job (MB)
	414408  -  ResidentSetSize of job (KB)
...
006 (3447342.001.000) 01/30 15:43:48 Image size of job updated: 486924
	405  -  MemoryUsage of job (MB)
	414500  -  ResidentSetSize of job (KB)
...
006 (3447342.001.000) 01/30 15:48:48 Image size of job updated: 486924
	405  -  MemoryUsage of job (MB)
	414564  -  ResidentSetSize of job (KB)
...
006 (3447342.001.000) 01/30 15:53:49 Image size of job updated: 486924
	405  -  MemoryUsage of job (MB)
	414644  -  ResidentSetSize of job (KB)
...
006 (3447342.001.000) 01/30 15:58:50 Image size of job updated: 486924
	405  -  MemoryUsage of job (MB)
	414688  -  ResidentSetSize of job (KB)
...
006 (3447342.001.000) 01/30 16:03:50 Image size of job updated: 486924
	406  -  MemoryUsage of job (MB)
	414784  -  ResidentSetSize of job (KB)
...
006 (3447342.001.000) 01/30 16:11:39 Image size of job updated: 486924
	406  -  MemoryUsage of job (MB)
	415044  -  ResidentSetSize of job (KB)
...
006 (3447342.001.000) 01/30 16:20:06 Image size of job updated: 486924
	406  -  MemoryUsage of job (MB)
	415184  -  ResidentSetSize of job (KB)
...
006 (3447342.001.000) 01/30 16:26:52 Image size of job updated: 486924
	406  -  MemoryUsage of job (MB)
	415204  -  ResidentSetSize of job (KB)
...
006 (3447342.001.000) 01/30 16:31:52 Image size of job updated: 486924
	406  -  MemoryUsage of job (MB)
	415420  -  ResidentSetSize of job (KB)
...
006 (3447342.001.000) 01/30 16:36:53 Image size of job updated: 486924
	406  -  MemoryUsage of job (MB)
	415496  -  ResidentSetSize of job (KB)
...
006 (3447342.001.000) 01/30 16:41:54 Image size of job updated: 486924
	406  -  MemoryUsage of job (MB)
	415596  -  ResidentSetSize of job (KB)
...
006 (3447342.001.000) 01/30 16:46:54 Image size of job updated: 486924
	406  -  MemoryUsage of job (MB)
	415620  -  ResidentSetSize of job (KB)
...
006 (3447342.001.000) 01/30 16:51:54 Image size of job updated: 486924
	407  -  MemoryUsage of job (MB)
	415820  -  ResidentSetSize of job (KB)
...
006 (3447342.001.000) 01/30 16:56:55 Image size of job updated: 486924
	407  -  MemoryUsage of job (MB)
	415876  -  ResidentSetSize of job (KB)
...
006 (3447342.001.000) 01/30 17:01:56 Image size of job updated: 486924
	407  -  MemoryUsage of job (MB)
	416056  -  ResidentSetSize of job (KB)
...
006 (3447342.001.000) 01/30 17:06:56 Image size of job updated: 486924
	408  -  MemoryUsage of job (MB)
	417340  -  ResidentSetSize of job (KB)
...
006 (3447342.001.000) 01/30 17:11:56 Image size of job updated: 486924
	409  -  MemoryUsage of job (MB)
	418516  -  ResidentSetSize of job (KB)
...
006 (3447342.001.000) 01/30 17:16:57 Image size of job updated: 486924
	409  -  MemoryUsage of job (MB)
	418624  -  ResidentSetSize of job (KB)
...
006 (3447342.001.000) 01/30 17:21:57 Image size of job updated: 486924
	409  -  MemoryUsage of job (MB)
	418684  -  ResidentSetSize of job (KB)
...
006 (3447342.001.000) 01/30 17:26:58 Image size of job updated: 486924
	410  -  MemoryUsage of job (MB)
	418840  -  ResidentSetSize of job (KB)
...
006 (3447342.001.000) 01/30 17:31:59 Image size of job updated: 486924
	410  -  MemoryUsage of job (MB)
	418888  -  ResidentSetSize of job (KB)
...
006 (3447342.001.000) 01/30 17:36:59 Image size of job updated: 486924
	410  -  MemoryUsage of job (MB)
	419120  -  ResidentSetSize of job (KB)
...
006 (3447342.001.000) 01/30 17:41:59 Image size of job updated: 486924
	410  -  MemoryUsage of job (MB)
	419164  -  ResidentSetSize of job (KB)
...
006 (3447342.001.000) 01/30 17:47:01 Image size of job updated: 486924
	410  -  MemoryUsage of job (MB)
	419312  -  ResidentSetSize of job (KB)
...
006 (3447342.001.000) 01/30 17:52:01 Image size of job updated: 486924
	410  -  MemoryUsage of job (MB)
	419420  -  ResidentSetSize of job (KB)
...
006 (3447342.001.000) 01/30 17:57:01 Image size of job updated: 486924
	410  -  MemoryUsage of job (MB)
	419568  -  ResidentSetSize of job (KB)
...
006 (3447342.001.000) 01/30 18:02:02 Image size of job updated: 486924
	410  -  MemoryUsage of job (MB)
	419632  -  ResidentSetSize of job (KB)
...
006 (3447342.001.000) 01/30 18:07:03 Image size of job updated: 486924
	410  -  MemoryUsage of job (MB)
	419756  -  ResidentSetSize of job (KB)
...
006 (3447342.001.000) 01/30 18:12:03 Image size of job updated: 486924
	410  -  MemoryUsage of job (MB)
	419780  -  ResidentSetSize of job (KB)
...
006 (3447342.001.000) 01/30 18:17:03 Image size of job updated: 486924
	411  -  MemoryUsage of job (MB)
	419912  -  ResidentSetSize of job (KB)
...
006 (3447342.001.000) 01/30 18:22:04 Image size of job updated: 486924
	411  -  MemoryUsage of job (MB)
	420044  -  ResidentSetSize of job (KB)
...
006 (3447342.001.000) 01/30 18:27:05 Image size of job updated: 486924
	411  -  MemoryUsage of job (MB)
	420164  -  ResidentSetSize of job (KB)
...
006 (3447342.001.000) 01/30 18:32:05 Image size of job updated: 486924
	411  -  MemoryUsage of job (MB)
	420204  -  ResidentSetSize of job (KB)
...
006 (3447342.001.000) 01/30 18:37:05 Image size of job updated: 486924
	411  -  MemoryUsage of job (MB)
	420268  -  ResidentSetSize of job (KB)
...
006 (3447342.001.000) 01/30 18:42:06 Image size of job updated: 486924
	411  -  MemoryUsage of job (MB)
	420384  -  ResidentSetSize of job (KB)
...
006 (3447342.001.000) 01/30 18:47:07 Image size of job updated: 486924
	411  -  MemoryUsage of job (MB)
	420472  -  ResidentSetSize of job (KB)
...
006 (3447342.001.000) 01/30 18:52:07 Image size of job updated: 486924
	411  -  MemoryUsage of job (MB)
	420600  -  ResidentSetSize of job (KB)
...
006 (3447342.001.000) 01/30 18:57:07 Image size of job updated: 486924
	411  -  MemoryUsage of job (MB)
	420644  -  ResidentSetSize of job (KB)
...
006 (3447342.001.000) 01/30 19:02:08 Image size of job updated: 486924
	411  -  MemoryUsage of job (MB)
	420704  -  ResidentSetSize of job (KB)
...
006 (3447342.001.000) 01/30 19:07:08 Image size of job updated: 486924
	411  -  MemoryUsage of job (MB)
	420792  -  ResidentSetSize of job (KB)
...
006 (3447342.001.000) 01/30 19:12:55 Image size of job updated: 486924
	411  -  MemoryUsage of job (MB)
	420856  -  ResidentSetSize of job (KB)
...
006 (3447342.001.000) 01/30 19:17:10 Image size of job updated: 486924
	412  -  MemoryUsage of job (MB)
	420956  -  ResidentSetSize of job (KB)
...
006 (3447342.001.000) 01/30 19:22:10 Image size of job updated: 486924
	412  -  MemoryUsage of job (MB)
	421036  -  ResidentSetSize of job (KB)
...
006 (3447342.001.000) 01/30 19:27:10 Image size of job updated: 486924
	412  -  MemoryUsage of job (MB)
	421124  -  ResidentSetSize of job (KB)
...
006 (3447342.001.000) 01/30 19:32:11 Image size of job updated: 486924
	412  -  MemoryUsage of job (MB)
	421212  -  ResidentSetSize of job (KB)
...
006 (3447342.001.000) 01/30 19:37:12 Image size of job updated: 486924
	412  -  MemoryUsage of job (MB)
	421260  -  ResidentSetSize of job (KB)
...
006 (3447342.001.000) 01/30 19:42:12 Image size of job updated: 486924
	412  -  MemoryUsage of job (MB)
	421396  -  ResidentSetSize of job (KB)
...
006 (3447342.001.000) 01/30 19:47:12 Image size of job updated: 486924
	412  -  MemoryUsage of job (MB)
	421428  -  ResidentSetSize of job (KB)
...
006 (3447342.001.000) 01/30 19:52:13 Image size of job updated: 486924
	412  -  MemoryUsage of job (MB)
	421496  -  ResidentSetSize of job (KB)
...
006 (3447342.001.000) 01/30 19:57:14 Image size of job updated: 486924
	412  -  MemoryUsage of job (MB)
	421760  -  ResidentSetSize of job (KB)
...
006 (3447342.001.000) 01/30 20:02:14 Image size of job updated: 486924
	412  -  MemoryUsage of job (MB)
	421768  -  ResidentSetSize of job (KB)
...
006 (3447342.001.000) 01/30 20:07:14 Image size of job updated: 486924
	413  -  MemoryUsage of job (MB)
	421940  -  ResidentSetSize of job (KB)
...
006 (3447342.001.000) 01/30 20:13:44 Image size of job updated: 486924
	413  -  MemoryUsage of job (MB)
	422196  -  ResidentSetSize of job (KB)
...
006 (3447342.001.000) 01/30 20:18:12 Image size of job updated: 486924
	413  -  MemoryUsage of job (MB)
	422232  -  ResidentSetSize of job (KB)
...
006 (3447342.001.000) 01/30 20:23:12 Image size of job updated: 486924
	413  -  MemoryUsage of job (MB)
	422328  -  ResidentSetSize of job (KB)
...
006 (3447342.001.000) 01/30 20:28:12 Image size of job updated: 486924
	413  -  MemoryUsage of job (MB)
	422724  -  ResidentSetSize of job (KB)
...
006 (3447342.001.000) 01/30 20:33:14 Image size of job updated: 486924
	414  -  MemoryUsage of job (MB)
	423048  -  ResidentSetSize of job (KB)
...
006 (3447342.001.000) 01/30 20:38:14 Image size of job updated: 486924
	414  -  MemoryUsage of job (MB)
	423192  -  ResidentSetSize of job (KB)
...
006 (3447342.001.000) 01/30 20:43:14 Image size of job updated: 486924
	414  -  MemoryUsage of job (MB)
	423848  -  ResidentSetSize of job (KB)
...
006 (3447342.001.000) 01/31 04:24:03 Image size of job updated: 486924
	414  -  MemoryUsage of job (MB)
	423852  -  ResidentSetSize of job (KB)
...
006 (3447342.001.000) 01/31 04:29:03 Image size of job updated: 486924
	414  -  MemoryUsage of job (MB)
	423876  -  ResidentSetSize of job (KB)
...
006 (3447342.001.000) 01/31 04:59:07 Image size of job updated: 486924
	415  -  MemoryUsage of job (MB)
	423992  -  ResidentSetSize of job (KB)
...
006 (3447342.001.000) 01/31 05:14:09 Image size of job updated: 486924
	415  -  MemoryUsage of job (MB)
	424056  -  ResidentSetSize of job (KB)
...
006 (3447342.001.000) 01/31 05:44:11 Image size of job updated: 486924
	415  -  MemoryUsage of job (MB)
	424076  -  ResidentSetSize of job (KB)
...
006 (3447342.001.000) 01/31 05:59:12 Image size of job updated: 486924
	415  -  MemoryUsage of job (MB)
	424156  -  ResidentSetSize of job (KB)
...
006 (3447342.001.000) 01/31 06:34:15 Image size of job updated: 486924
	415  -  MemoryUsage of job (MB)
	424180  -  ResidentSetSize of job (KB)
...
006 (3447342.001.000) 01/31 06:39:15 Image size of job updated: 486924
	415  -  MemoryUsage of job (MB)
	424280  -  ResidentSetSize of job (KB)
...
006 (3447342.001.000) 01/31 06:59:18 Image size of job updated: 486924
	415  -  MemoryUsage of job (MB)
	424312  -  ResidentSetSize of job (KB)
...
006 (3447342.001.000) 01/31 07:14:20 Image size of job updated: 486924
	415  -  MemoryUsage of job (MB)
	424388  -  ResidentSetSize of job (KB)
...
006 (3447342.001.000) 01/31 07:24:21 Image size of job updated: 486924
	415  -  MemoryUsage of job (MB)
	424412  -  ResidentSetSize of job (KB)
...
006 (3447342.001.000) 01/31 07:39:23 Image size of job updated: 486924
	415  -  MemoryUsage of job (MB)
	424456  -  ResidentSetSize of job (KB)
...
006 (3447342.001.000) 01/31 07:49:25 Image size of job updated: 486924
	415  -  MemoryUsage of job (MB)
	424616  -  ResidentSetSize of job (KB)
...
006 (3447342.001.000) 01/31 08:04:26 Image size of job updated: 486924
	415  -  MemoryUsage of job (MB)
	424632  -  ResidentSetSize of job (KB)
...
006 (3447342.001.000) 01/31 08:19:27 Image size of job updated: 486924
	415  -  MemoryUsage of job (MB)
	424652  -  ResidentSetSize of job (KB)
...
006 (3447342.001.000) 01/31 08:24:28 Image size of job updated: 486924
	415  -  MemoryUsage of job (MB)
	424660  -  ResidentSetSize of job (KB)
...
006 (3447342.001.000) 01/31 08:44:30 Image size of job updated: 486924
	415  -  MemoryUsage of job (MB)
	424692  -  ResidentSetSize of job (KB)
...
006 (3447342.001.000) 01/31 08:49:31 Image size of job updated: 486924
	415  -  MemoryUsage of job (MB)
	424712  -  ResidentSetSize of job (KB)
...
006 (3447342.001.000) 01/31 08:54:32 Image size of job updated: 486924
	415  -  MemoryUsage of job (MB)
	424716  -  ResidentSetSize of job (KB)
...
006 (3447342.001.000) 01/31 09:04:33 Image size of job updated: 486924
	415  -  MemoryUsage of job (MB)
	424728  -  ResidentSetSize of job (KB)
...
006 (3447342.001.000) 01/31 09:19:39 Image size of job updated: 486924
	415  -  MemoryUsage of job (MB)
	424792  -  ResidentSetSize of job (KB)
...
006 (3447342.001.000) 01/31 09:25:43 Image size of job updated: 486924
	415  -  MemoryUsage of job (MB)
	424800  -  ResidentSetSize of job (KB)
...
006 (3447342.001.000) 01/31 09:35:43 Image size of job updated: 486924
	415  -  MemoryUsage of job (MB)
	424808  -  ResidentSetSize of job (KB)
...
006 (3447342.001.000) 01/31 09:40:44 Image size of job updated: 486924
	415  -  MemoryUsage of job (MB)
	424824  -  ResidentSetSize of job (KB)
...
006 (3447342.001.000) 01/31 09:45:45 Image size of job updated: 486924
	415  -  MemoryUsage of job (MB)
	424828  -  ResidentSetSize of job (KB)
...
006 (3447342.001.000) 01/31 09:50:45 Image size of job updated: 486924
	415  -  MemoryUsage of job (MB)
	424832  -  ResidentSetSize of job (KB)
...
006 (3447342.001.000) 01/31 09:55:46 Image size of job updated: 486924
	415  -  MemoryUsage of job (MB)
	424876  -  ResidentSetSize of job (KB)
...
006 (3447342.001.000) 01/31 10:00:48 Image size of job updated: 486924
	415  -  MemoryUsage of job (MB)
	424880  -  ResidentSetSize of job (KB)
...
006 (3447342.001.000) 01/31 10:05:48 Image size of job updated: 486924
	415  -  MemoryUsage of job (MB)
	424900  -  ResidentSetSize of job (KB)
...
006 (3447342.001.000) 01/31 10:10:48 Image size of job updated: 486924
	415  -  MemoryUsage of job (MB)
	424908  -  ResidentSetSize of job (KB)
...
006 (3447342.001.000) 01/31 10:20:50 Image size of job updated: 486924
	415  -  MemoryUsage of job (MB)
	424944  -  ResidentSetSize of job (KB)
...
006 (3447342.001.000) 01/31 10:30:51 Image size of job updated: 486924
	415  -  MemoryUsage of job (MB)
	424952  -  ResidentSetSize of job (KB)
...
006 (3447342.001.000) 01/31 10:35:52 Image size of job updated: 486924
	416  -  MemoryUsage of job (MB)
	424980  -  ResidentSetSize of job (KB)
...
006 (3447342.001.000) 01/31 10:45:53 Image size of job updated: 486924
	416  -  MemoryUsage of job (MB)
	424984  -  ResidentSetSize of job (KB)
...
006 (3447342.001.000) 01/31 10:50:54 Image size of job updated: 486924
	416  -  MemoryUsage of job (MB)
	425004  -  ResidentSetSize of job (KB)
...
006 (3447342.001.000) 01/31 10:55:54 Image size of job updated: 486924
	416  -  MemoryUsage of job (MB)
	425040  -  ResidentSetSize of job (KB)
...
006 (3447342.001.000) 01/31 11:10:56 Image size of job updated: 486924
	416  -  MemoryUsage of job (MB)
	425068  -  ResidentSetSize of job (KB)
...
006 (3447342.001.000) 01/31 11:15:56 Image size of job updated: 486924
	416  -  MemoryUsage of job (MB)
	425088  -  ResidentSetSize of job (KB)
...
006 (3447342.001.000) 01/31 11:20:57 Image size of job updated: 486924
	416  -  MemoryUsage of job (MB)
	425092  -  ResidentSetSize of job (KB)
...
006 (3447342.001.000) 01/31 11:40:59 Image size of job updated: 486924
	416  -  MemoryUsage of job (MB)
	425100  -  ResidentSetSize of job (KB)
...
006 (3447342.001.000) 01/31 11:51:00 Image size of job updated: 486924
	416  -  MemoryUsage of job (MB)
	425136  -  ResidentSetSize of job (KB)
...
006 (3447342.001.000) 01/31 11:56:01 Image size of job updated: 486924
	416  -  MemoryUsage of job (MB)
	425144  -  ResidentSetSize of job (KB)
...
006 (3447342.001.000) 01/31 12:01:01 Image size of job updated: 486924
	416  -  MemoryUsage of job (MB)
	425148  -  ResidentSetSize of job (KB)
...
006 (3447342.001.000) 01/31 12:06:02 Image size of job updated: 486924
	416  -  MemoryUsage of job (MB)
	425192  -  ResidentSetSize of job (KB)
...
006 (3447342.001.000) 01/31 12:11:03 Image size of job updated: 486924
	416  -  MemoryUsage of job (MB)
	425196  -  ResidentSetSize of job (KB)
...
006 (3447342.001.000) 01/31 12:21:03 Image size of job updated: 486924
	416  -  MemoryUsage of job (MB)
	425204  -  ResidentSetSize of job (KB)
...
006 (3447342.001.000) 01/31 12:26:04 Image size of job updated: 486924
	416  -  MemoryUsage of job (MB)
	425220  -  ResidentSetSize of job (KB)
...
006 (3447342.001.000) 01/31 12:31:05 Image size of job updated: 486924
	416  -  MemoryUsage of job (MB)
	425244  -  ResidentSetSize of job (KB)
...
006 (3447342.001.000) 01/31 12:36:05 Image size of job updated: 486924
	416  -  MemoryUsage of job (MB)
	425260  -  ResidentSetSize of job (KB)
...
006 (3447342.001.000) 01/31 12:41:05 Image size of job updated: 486924
	416  -  MemoryUsage of job (MB)
	425268  -  ResidentSetSize of job (KB)
...
006 (3447342.001.000) 01/31 12:51:07 Image size of job updated: 486924
	416  -  MemoryUsage of job (MB)
	425272  -  ResidentSetSize of job (KB)
...
006 (3447342.001.000) 01/31 13:01:08 Image size of job updated: 486924
	416  -  MemoryUsage of job (MB)
	425304  -  ResidentSetSize of job (KB)
...
006 (3447342.001.000) 01/31 13:06:09 Image size of job updated: 486924
	416  -  MemoryUsage of job (MB)
	425324  -  ResidentSetSize of job (KB)
...
006 (3447342.001.000) 01/31 13:11:09 Image size of job updated: 486924
	416  -  MemoryUsage of job (MB)
	425336  -  ResidentSetSize of job (KB)
...
006 (3447342.001.000) 01/31 13:26:11 Image size of job updated: 486924
	416  -  MemoryUsage of job (MB)
	425352  -  ResidentSetSize of job (KB)
...
006 (3447342.001.000) 01/31 13:31:11 Image size of job updated: 486924
	416  -  MemoryUsage of job (MB)
	425356  -  ResidentSetSize of job (KB)
...
006 (3447342.001.000) 01/31 13:36:12 Image size of job updated: 486924
	416  -  MemoryUsage of job (MB)
	425396  -  ResidentSetSize of job (KB)
...
006 (3447342.001.000) 01/31 13:41:13 Image size of job updated: 486924
	416  -  MemoryUsage of job (MB)
	425412  -  ResidentSetSize of job (KB)
...
006 (3447342.001.000) 01/31 13:46:13 Image size of job updated: 486924
	416  -  MemoryUsage of job (MB)
	425420  -  ResidentSetSize of job (KB)
...
006 (3447342.001.000) 01/31 13:51:13 Image size of job updated: 486924
	416  -  MemoryUsage of job (MB)
	425428  -  ResidentSetSize of job (KB)
...
006 (3447342.001.000) 01/31 13:56:14 Image size of job updated: 486924
	416  -  MemoryUsage of job (MB)
	425436  -  ResidentSetSize of job (KB)
...
006 (3447342.001.000) 01/31 14:01:14 Image size of job updated: 486924
	416  -  MemoryUsage of job (MB)
	425476  -  ResidentSetSize of job (KB)
...
006 (3447342.001.000) 01/31 14:21:16 Image size of job updated: 486924
	416  -  MemoryUsage of job (MB)
	425508  -  ResidentSetSize of job (KB)
...
006 (3447342.001.000) 01/31 14:36:18 Image size of job updated: 486924
	416  -  MemoryUsage of job (MB)
	425544  -  ResidentSetSize of job (KB)
...
006 (3447342.001.000) 01/31 14:41:18 Image size of job updated: 486924
	416  -  MemoryUsage of job (MB)
	425556  -  ResidentSetSize of job (KB)
...
006 (3447342.001.000) 01/31 14:51:20 Image size of job updated: 486924
	416  -  MemoryUsage of job (MB)
	425596  -  ResidentSetSize of job (KB)
...
006 (3447342.001.000) 01/31 14:56:20 Image size of job updated: 486924
	416  -  MemoryUsage of job (MB)
	425628  -  ResidentSetSize of job (KB)
...
006 (3447342.001.000) 01/31 15:11:22 Image size of job updated: 486924
	416  -  MemoryUsage of job (MB)
	425656  -  ResidentSetSize of job (KB)
...
006 (3447342.001.000) 01/31 15:16:22 Image size of job updated: 486924
	416  -  MemoryUsage of job (MB)
	425680  -  ResidentSetSize of job (KB)
...
006 (3447342.001.000) 01/31 15:46:26 Image size of job updated: 486924
	416  -  MemoryUsage of job (MB)
	425688  -  ResidentSetSize of job (KB)
...
006 (3447342.001.000) 01/31 16:01:28 Image size of job updated: 486924
	416  -  MemoryUsage of job (MB)
	425712  -  ResidentSetSize of job (KB)
...
006 (3447342.001.000) 01/31 16:06:28 Image size of job updated: 486924
	416  -  MemoryUsage of job (MB)
	425748  -  ResidentSetSize of job (KB)
...
006 (3447342.001.000) 01/31 16:11:29 Image size of job updated: 486924
	416  -  MemoryUsage of job (MB)
	425752  -  ResidentSetSize of job (KB)
...
006 (3447342.001.000) 01/31 16:21:29 Image size of job updated: 486924
	416  -  MemoryUsage of job (MB)
	425760  -  ResidentSetSize of job (KB)
...
006 (3447342.001.000) 01/31 16:26:30 Image size of job updated: 486924
	416  -  MemoryUsage of job (MB)
	425792  -  ResidentSetSize of job (KB)
...
006 (3447342.001.000) 01/31 16:31:31 Image size of job updated: 486924
	416  -  MemoryUsage of job (MB)
	425804  -  ResidentSetSize of job (KB)
...
006 (3447342.001.000) 01/31 16:41:31 Image size of job updated: 486924
	416  -  MemoryUsage of job (MB)
	425860  -  ResidentSetSize of job (KB)
...
006 (3447342.001.000) 01/31 16:46:32 Image size of job updated: 486924
	416  -  MemoryUsage of job (MB)
	425888  -  ResidentSetSize of job (KB)
...
006 (3447342.001.000) 01/31 16:51:32 Image size of job updated: 486924
	417  -  MemoryUsage of job (MB)
	426016  -  ResidentSetSize of job (KB)
...
006 (3447342.001.000) 01/31 16:56:32 Image size of job updated: 486924
	417  -  MemoryUsage of job (MB)
	426028  -  ResidentSetSize of job (KB)
...
006 (3447342.001.000) 01/31 17:23:42 Image size of job updated: 486924
	417  -  MemoryUsage of job (MB)
	426044  -  ResidentSetSize of job (KB)
...
040 (3447342.001.000) 02/01 07:54:04 Started transferring input files
	Transferring to host: <128.142.65.143:9618?addrs=128.142.65.143-9618+[2001-1458-301-4c--100-4b2]-9618&noUDP&sock=31771_4b25_25255>
...
040 (3447342.001.000) 02/01 07:54:04 Finished transferring input files
...
001 (3447342.001.000) 02/01 07:54:05 Job executing on host: <128.142.65.143:9618?addrs=128.142.65.143-9618+[2001-1458-301-4c--100-4b2]-9618&noUDP&sock=31719_2c98_3>
...
040 (3447342.001.000) 02/01 07:54:40 Started transferring output files
...
040 (3447342.001.000) 02/01 07:54:40 Finished transferring output files
...
005 (3447342.001.000) 02/01 07:54:40 Job terminated.
	(1) Normal termination (return value 0)
		Usr 0 00:00:05, Sys 0 00:00:04  -  Run Remote Usage
		Usr 0 00:00:00, Sys 0 00:00:00  -  Run Local Usage
		Usr 0 00:00:05, Sys 0 00:00:04  -  Total Remote Usage
		Usr 0 00:00:00, Sys 0 00:00:00  -  Total Local Usage
	9715  -  Run Bytes Sent By Job
	493  -  Run Bytes Received By Job
	9715  -  Total Bytes Sent By Job
	986  -  Total Bytes Received By Job
	Partitionable Resources :    Usage  Request Allocated 
	   Cpus                 :                 1           
	   Disk (KB)            :       24       35   2758086 
	   Memory (MB)          :      440     2000      2000 
...
