000 (3446285.004.000) 01/30 00:14:54 Job submitted from host: <188.185.71.142:9618?addrs=188.185.71.142-9618+[2001-1458-d00-7--100-388]-9618&alias=bigbird09.cern.ch&noUDP&sock=schedd_2208_1533_7>
...
040 (3446285.004.000) 01/30 04:11:50 Started transferring input files
	Transferring to host: <188.184.210.181:9618?addrs=188.184.210.181-9618+[2001-1458-301-10b--100-a8]-9618&noUDP&sock=21910_53b4_201304>
...
040 (3446285.004.000) 01/30 04:11:50 Finished transferring input files
...
001 (3446285.004.000) 01/30 04:11:51 Job executing on host: <188.184.210.181:9618?addrs=188.184.210.181-9618+[2001-1458-301-10b--100-a8]-9618&noUDP&sock=21776_1a6d_3>
...
006 (3446285.004.000) 01/30 04:12:00 Image size of job updated: 2100
	3  -  MemoryUsage of job (MB)
	2100  -  ResidentSetSize of job (KB)
...
006 (3446285.004.000) 01/30 04:17:00 Image size of job updated: 484452
	401  -  MemoryUsage of job (MB)
	409640  -  ResidentSetSize of job (KB)
...
006 (3446285.004.000) 01/30 04:22:00 Image size of job updated: 484504
	401  -  MemoryUsage of job (MB)
	409664  -  ResidentSetSize of job (KB)
...
006 (3446285.004.000) 01/30 04:27:01 Image size of job updated: 484516
	401  -  MemoryUsage of job (MB)
	409676  -  ResidentSetSize of job (KB)
...
006 (3446285.004.000) 01/30 04:52:03 Image size of job updated: 484540
	401  -  MemoryUsage of job (MB)
	409700  -  ResidentSetSize of job (KB)
...
006 (3446285.004.000) 01/30 04:57:04 Image size of job updated: 484544
	401  -  MemoryUsage of job (MB)
	409704  -  ResidentSetSize of job (KB)
...
006 (3446285.004.000) 01/30 05:17:06 Image size of job updated: 484552
	401  -  MemoryUsage of job (MB)
	409712  -  ResidentSetSize of job (KB)
...
006 (3446285.004.000) 01/30 05:22:06 Image size of job updated: 484552
	401  -  MemoryUsage of job (MB)
	409716  -  ResidentSetSize of job (KB)
...
006 (3446285.004.000) 01/30 06:37:12 Image size of job updated: 484552
	401  -  MemoryUsage of job (MB)
	409740  -  ResidentSetSize of job (KB)
...
006 (3446285.004.000) 01/30 06:42:13 Image size of job updated: 484552
	401  -  MemoryUsage of job (MB)
	409768  -  ResidentSetSize of job (KB)
...
006 (3446285.004.000) 01/30 06:47:14 Image size of job updated: 484552
	401  -  MemoryUsage of job (MB)
	409896  -  ResidentSetSize of job (KB)
...
006 (3446285.004.000) 01/30 06:52:14 Image size of job updated: 484552
	401  -  MemoryUsage of job (MB)
	409920  -  ResidentSetSize of job (KB)
...
006 (3446285.004.000) 01/30 06:57:14 Image size of job updated: 484552
	401  -  MemoryUsage of job (MB)
	410072  -  ResidentSetSize of job (KB)
...
006 (3446285.004.000) 01/30 07:02:15 Image size of job updated: 484556
	401  -  MemoryUsage of job (MB)
	410136  -  ResidentSetSize of job (KB)
...
006 (3446285.004.000) 01/30 07:07:15 Image size of job updated: 484632
	401  -  MemoryUsage of job (MB)
	410212  -  ResidentSetSize of job (KB)
...
006 (3446285.004.000) 01/30 07:12:15 Image size of job updated: 484880
	401  -  MemoryUsage of job (MB)
	410460  -  ResidentSetSize of job (KB)
...
006 (3446285.004.000) 01/30 07:17:16 Image size of job updated: 484908
	401  -  MemoryUsage of job (MB)
	410488  -  ResidentSetSize of job (KB)
...
006 (3446285.004.000) 01/30 07:22:17 Image size of job updated: 485072
	402  -  MemoryUsage of job (MB)
	410652  -  ResidentSetSize of job (KB)
...
006 (3446285.004.000) 01/30 07:27:17 Image size of job updated: 485216
	402  -  MemoryUsage of job (MB)
	410796  -  ResidentSetSize of job (KB)
...
006 (3446285.004.000) 01/30 07:42:19 Image size of job updated: 485300
	402  -  MemoryUsage of job (MB)
	410880  -  ResidentSetSize of job (KB)
...
006 (3446285.004.000) 01/30 07:52:19 Image size of job updated: 485312
	402  -  MemoryUsage of job (MB)
	410892  -  ResidentSetSize of job (KB)
...
006 (3446285.004.000) 01/30 08:12:22 Image size of job updated: 485328
	402  -  MemoryUsage of job (MB)
	410908  -  ResidentSetSize of job (KB)
...
006 (3446285.004.000) 01/30 08:17:23 Image size of job updated: 485348
	402  -  MemoryUsage of job (MB)
	410928  -  ResidentSetSize of job (KB)
...
006 (3446285.004.000) 01/30 08:22:23 Image size of job updated: 485480
	402  -  MemoryUsage of job (MB)
	411060  -  ResidentSetSize of job (KB)
...
006 (3446285.004.000) 01/30 08:27:23 Image size of job updated: 485620
	402  -  MemoryUsage of job (MB)
	411200  -  ResidentSetSize of job (KB)
...
006 (3446285.004.000) 01/30 08:32:24 Image size of job updated: 485700
	402  -  MemoryUsage of job (MB)
	411280  -  ResidentSetSize of job (KB)
...
006 (3446285.004.000) 01/30 08:37:25 Image size of job updated: 485744
	402  -  MemoryUsage of job (MB)
	411324  -  ResidentSetSize of job (KB)
...
006 (3446285.004.000) 01/30 08:42:25 Image size of job updated: 485884
	402  -  MemoryUsage of job (MB)
	411464  -  ResidentSetSize of job (KB)
...
006 (3446285.004.000) 01/30 08:47:25 Image size of job updated: 486008
	402  -  MemoryUsage of job (MB)
	411588  -  ResidentSetSize of job (KB)
...
006 (3446285.004.000) 01/30 08:52:26 Image size of job updated: 486064
	402  -  MemoryUsage of job (MB)
	411644  -  ResidentSetSize of job (KB)
...
006 (3446285.004.000) 01/30 08:57:27 Image size of job updated: 486292
	403  -  MemoryUsage of job (MB)
	411872  -  ResidentSetSize of job (KB)
...
006 (3446285.004.000) 01/30 09:02:27 Image size of job updated: 486324
	403  -  MemoryUsage of job (MB)
	411904  -  ResidentSetSize of job (KB)
...
006 (3446285.004.000) 01/30 09:07:27 Image size of job updated: 486428
	403  -  MemoryUsage of job (MB)
	412008  -  ResidentSetSize of job (KB)
...
006 (3446285.004.000) 01/30 09:22:29 Image size of job updated: 486452
	403  -  MemoryUsage of job (MB)
	412032  -  ResidentSetSize of job (KB)
...
006 (3446285.004.000) 01/30 09:27:29 Image size of job updated: 486716
	403  -  MemoryUsage of job (MB)
	412296  -  ResidentSetSize of job (KB)
...
006 (3446285.004.000) 01/30 09:57:33 Image size of job updated: 486720
	403  -  MemoryUsage of job (MB)
	412300  -  ResidentSetSize of job (KB)
...
006 (3446285.004.000) 01/30 10:02:33 Image size of job updated: 486728
	403  -  MemoryUsage of job (MB)
	412308  -  ResidentSetSize of job (KB)
...
006 (3446285.004.000) 01/30 10:07:34 Image size of job updated: 486744
	403  -  MemoryUsage of job (MB)
	412324  -  ResidentSetSize of job (KB)
...
006 (3446285.004.000) 01/30 10:12:35 Image size of job updated: 486776
	403  -  MemoryUsage of job (MB)
	412356  -  ResidentSetSize of job (KB)
...
006 (3446285.004.000) 01/30 10:17:36 Image size of job updated: 486784
	403  -  MemoryUsage of job (MB)
	412364  -  ResidentSetSize of job (KB)
...
006 (3446285.004.000) 01/30 10:22:36 Image size of job updated: 486820
	403  -  MemoryUsage of job (MB)
	412400  -  ResidentSetSize of job (KB)
...
006 (3446285.004.000) 01/30 10:27:36 Image size of job updated: 486840
	403  -  MemoryUsage of job (MB)
	412420  -  ResidentSetSize of job (KB)
...
006 (3446285.004.000) 01/30 10:37:38 Image size of job updated: 486884
	403  -  MemoryUsage of job (MB)
	412464  -  ResidentSetSize of job (KB)
...
006 (3446285.004.000) 01/30 10:42:38 Image size of job updated: 486916
	403  -  MemoryUsage of job (MB)
	412496  -  ResidentSetSize of job (KB)
...
006 (3446285.004.000) 01/30 10:47:38 Image size of job updated: 486968
	403  -  MemoryUsage of job (MB)
	412548  -  ResidentSetSize of job (KB)
...
006 (3446285.004.000) 01/30 10:52:39 Image size of job updated: 487016
	403  -  MemoryUsage of job (MB)
	412596  -  ResidentSetSize of job (KB)
...
006 (3446285.004.000) 01/30 10:57:40 Image size of job updated: 487040
	403  -  MemoryUsage of job (MB)
	412620  -  ResidentSetSize of job (KB)
...
006 (3446285.004.000) 01/30 11:02:40 Image size of job updated: 487140
	404  -  MemoryUsage of job (MB)
	412720  -  ResidentSetSize of job (KB)
...
006 (3446285.004.000) 01/30 11:07:40 Image size of job updated: 487232
	404  -  MemoryUsage of job (MB)
	412812  -  ResidentSetSize of job (KB)
...
006 (3446285.004.000) 01/30 11:17:42 Image size of job updated: 487232
	404  -  MemoryUsage of job (MB)
	412856  -  ResidentSetSize of job (KB)
...
006 (3446285.004.000) 01/30 11:27:43 Image size of job updated: 487232
	404  -  MemoryUsage of job (MB)
	412884  -  ResidentSetSize of job (KB)
...
006 (3446285.004.000) 01/30 11:37:44 Image size of job updated: 487232
	404  -  MemoryUsage of job (MB)
	412904  -  ResidentSetSize of job (KB)
...
006 (3446285.004.000) 01/30 12:02:48 Image size of job updated: 487232
	404  -  MemoryUsage of job (MB)
	412928  -  ResidentSetSize of job (KB)
...
006 (3446285.004.000) 01/30 12:27:51 Image size of job updated: 487232
	404  -  MemoryUsage of job (MB)
	412936  -  ResidentSetSize of job (KB)
...
006 (3446285.004.000) 01/30 12:37:52 Image size of job updated: 487232
	404  -  MemoryUsage of job (MB)
	412956  -  ResidentSetSize of job (KB)
...
006 (3446285.004.000) 01/30 14:13:01 Image size of job updated: 487232
	404  -  MemoryUsage of job (MB)
	413012  -  ResidentSetSize of job (KB)
...
006 (3446285.004.000) 01/30 14:18:03 Image size of job updated: 487232
	404  -  MemoryUsage of job (MB)
	413112  -  ResidentSetSize of job (KB)
...
006 (3446285.004.000) 01/30 14:23:03 Image size of job updated: 487232
	404  -  MemoryUsage of job (MB)
	413140  -  ResidentSetSize of job (KB)
...
006 (3446285.004.000) 01/30 14:28:03 Image size of job updated: 487232
	404  -  MemoryUsage of job (MB)
	413216  -  ResidentSetSize of job (KB)
...
006 (3446285.004.000) 01/30 14:33:05 Image size of job updated: 487232
	404  -  MemoryUsage of job (MB)
	413304  -  ResidentSetSize of job (KB)
...
006 (3446285.004.000) 01/30 14:38:05 Image size of job updated: 487232
	404  -  MemoryUsage of job (MB)
	413376  -  ResidentSetSize of job (KB)
...
006 (3446285.004.000) 01/30 14:48:06 Image size of job updated: 487232
	404  -  MemoryUsage of job (MB)
	413432  -  ResidentSetSize of job (KB)
...
006 (3446285.004.000) 01/30 14:53:07 Image size of job updated: 487232
	404  -  MemoryUsage of job (MB)
	413560  -  ResidentSetSize of job (KB)
...
006 (3446285.004.000) 01/30 14:58:07 Image size of job updated: 487232
	405  -  MemoryUsage of job (MB)
	413712  -  ResidentSetSize of job (KB)
...
006 (3446285.004.000) 01/30 15:03:08 Image size of job updated: 487232
	405  -  MemoryUsage of job (MB)
	413920  -  ResidentSetSize of job (KB)
...
006 (3446285.004.000) 01/30 15:08:09 Image size of job updated: 487232
	405  -  MemoryUsage of job (MB)
	413944  -  ResidentSetSize of job (KB)
...
006 (3446285.004.000) 01/30 15:13:09 Image size of job updated: 487232
	405  -  MemoryUsage of job (MB)
	414128  -  ResidentSetSize of job (KB)
...
006 (3446285.004.000) 01/30 15:18:09 Image size of job updated: 487232
	405  -  MemoryUsage of job (MB)
	414164  -  ResidentSetSize of job (KB)
...
006 (3446285.004.000) 01/30 15:23:11 Image size of job updated: 487232
	405  -  MemoryUsage of job (MB)
	414280  -  ResidentSetSize of job (KB)
...
006 (3446285.004.000) 01/30 15:28:11 Image size of job updated: 487232
	405  -  MemoryUsage of job (MB)
	414288  -  ResidentSetSize of job (KB)
...
006 (3446285.004.000) 01/30 15:33:11 Image size of job updated: 487232
	405  -  MemoryUsage of job (MB)
	414328  -  ResidentSetSize of job (KB)
...
006 (3446285.004.000) 01/30 15:38:12 Image size of job updated: 487232
	405  -  MemoryUsage of job (MB)
	414364  -  ResidentSetSize of job (KB)
...
006 (3446285.004.000) 01/30 15:43:13 Image size of job updated: 487232
	405  -  MemoryUsage of job (MB)
	414460  -  ResidentSetSize of job (KB)
...
006 (3446285.004.000) 01/30 15:48:13 Image size of job updated: 487232
	405  -  MemoryUsage of job (MB)
	414520  -  ResidentSetSize of job (KB)
...
006 (3446285.004.000) 01/30 15:53:14 Image size of job updated: 487232
	405  -  MemoryUsage of job (MB)
	414524  -  ResidentSetSize of job (KB)
...
006 (3446285.004.000) 01/30 15:58:15 Image size of job updated: 487232
	405  -  MemoryUsage of job (MB)
	414556  -  ResidentSetSize of job (KB)
...
006 (3446285.004.000) 01/30 16:03:15 Image size of job updated: 487232
	405  -  MemoryUsage of job (MB)
	414624  -  ResidentSetSize of job (KB)
...
006 (3446285.004.000) 01/30 16:13:17 Image size of job updated: 487232
	405  -  MemoryUsage of job (MB)
	414704  -  ResidentSetSize of job (KB)
...
006 (3446285.004.000) 01/30 16:18:17 Image size of job updated: 487232
	406  -  MemoryUsage of job (MB)
	414760  -  ResidentSetSize of job (KB)
...
006 (3446285.004.000) 01/30 16:23:17 Image size of job updated: 487232
	406  -  MemoryUsage of job (MB)
	414840  -  ResidentSetSize of job (KB)
...
006 (3446285.004.000) 01/30 16:28:18 Image size of job updated: 487232
	406  -  MemoryUsage of job (MB)
	414976  -  ResidentSetSize of job (KB)
...
006 (3446285.004.000) 01/30 16:33:18 Image size of job updated: 487232
	406  -  MemoryUsage of job (MB)
	415128  -  ResidentSetSize of job (KB)
...
006 (3446285.004.000) 01/30 16:43:19 Image size of job updated: 487232
	406  -  MemoryUsage of job (MB)
	415204  -  ResidentSetSize of job (KB)
...
006 (3446285.004.000) 01/30 16:48:19 Image size of job updated: 487232
	406  -  MemoryUsage of job (MB)
	415260  -  ResidentSetSize of job (KB)
...
006 (3446285.004.000) 01/30 16:53:19 Image size of job updated: 487232
	406  -  MemoryUsage of job (MB)
	415360  -  ResidentSetSize of job (KB)
...
006 (3446285.004.000) 01/30 16:58:20 Image size of job updated: 487232
	406  -  MemoryUsage of job (MB)
	415376  -  ResidentSetSize of job (KB)
...
006 (3446285.004.000) 01/30 17:03:20 Image size of job updated: 487232
	406  -  MemoryUsage of job (MB)
	415468  -  ResidentSetSize of job (KB)
...
006 (3446285.004.000) 01/30 17:08:20 Image size of job updated: 487232
	406  -  MemoryUsage of job (MB)
	415484  -  ResidentSetSize of job (KB)
...
006 (3446285.004.000) 01/30 17:13:21 Image size of job updated: 487232
	406  -  MemoryUsage of job (MB)
	415536  -  ResidentSetSize of job (KB)
...
006 (3446285.004.000) 01/30 17:23:21 Image size of job updated: 487232
	406  -  MemoryUsage of job (MB)
	415672  -  ResidentSetSize of job (KB)
...
006 (3446285.004.000) 01/30 17:28:22 Image size of job updated: 487232
	407  -  MemoryUsage of job (MB)
	415752  -  ResidentSetSize of job (KB)
...
006 (3446285.004.000) 01/30 17:33:23 Image size of job updated: 487232
	407  -  MemoryUsage of job (MB)
	415832  -  ResidentSetSize of job (KB)
...
006 (3446285.004.000) 01/30 17:38:23 Image size of job updated: 487232
	407  -  MemoryUsage of job (MB)
	415836  -  ResidentSetSize of job (KB)
...
006 (3446285.004.000) 01/30 17:43:24 Image size of job updated: 487232
	407  -  MemoryUsage of job (MB)
	415924  -  ResidentSetSize of job (KB)
...
006 (3446285.004.000) 01/30 17:48:25 Image size of job updated: 487232
	407  -  MemoryUsage of job (MB)
	415996  -  ResidentSetSize of job (KB)
...
006 (3446285.004.000) 01/30 17:53:25 Image size of job updated: 487232
	407  -  MemoryUsage of job (MB)
	416080  -  ResidentSetSize of job (KB)
...
006 (3446285.004.000) 01/30 17:58:26 Image size of job updated: 487232
	407  -  MemoryUsage of job (MB)
	416164  -  ResidentSetSize of job (KB)
...
006 (3446285.004.000) 01/30 18:03:27 Image size of job updated: 487232
	407  -  MemoryUsage of job (MB)
	416268  -  ResidentSetSize of job (KB)
...
006 (3446285.004.000) 01/30 18:08:27 Image size of job updated: 487232
	407  -  MemoryUsage of job (MB)
	416276  -  ResidentSetSize of job (KB)
...
006 (3446285.004.000) 01/30 18:18:29 Image size of job updated: 487232
	407  -  MemoryUsage of job (MB)
	416428  -  ResidentSetSize of job (KB)
...
006 (3446285.004.000) 01/30 18:28:30 Image size of job updated: 487232
	407  -  MemoryUsage of job (MB)
	416500  -  ResidentSetSize of job (KB)
...
006 (3446285.004.000) 01/30 18:33:31 Image size of job updated: 487232
	407  -  MemoryUsage of job (MB)
	416620  -  ResidentSetSize of job (KB)
...
006 (3446285.004.000) 01/30 18:38:31 Image size of job updated: 487232
	407  -  MemoryUsage of job (MB)
	416696  -  ResidentSetSize of job (KB)
...
006 (3446285.004.000) 01/30 18:43:32 Image size of job updated: 487232
	407  -  MemoryUsage of job (MB)
	416740  -  ResidentSetSize of job (KB)
...
006 (3446285.004.000) 01/30 18:53:33 Image size of job updated: 487232
	409  -  MemoryUsage of job (MB)
	417964  -  ResidentSetSize of job (KB)
...
006 (3446285.004.000) 01/30 18:58:34 Image size of job updated: 487232
	409  -  MemoryUsage of job (MB)
	418472  -  ResidentSetSize of job (KB)
...
006 (3446285.004.000) 01/30 19:09:24 Image size of job updated: 487232
	409  -  MemoryUsage of job (MB)
	418564  -  ResidentSetSize of job (KB)
...
006 (3446285.004.000) 01/30 19:13:36 Image size of job updated: 487232
	410  -  MemoryUsage of job (MB)
	419716  -  ResidentSetSize of job (KB)
...
006 (3446285.004.000) 01/30 19:18:37 Image size of job updated: 487232
	410  -  MemoryUsage of job (MB)
	419760  -  ResidentSetSize of job (KB)
...
006 (3446285.004.000) 01/30 19:23:38 Image size of job updated: 487232
	411  -  MemoryUsage of job (MB)
	419872  -  ResidentSetSize of job (KB)
...
006 (3446285.004.000) 01/30 19:28:38 Image size of job updated: 487232
	411  -  MemoryUsage of job (MB)
	419964  -  ResidentSetSize of job (KB)
...
006 (3446285.004.000) 01/30 19:33:39 Image size of job updated: 487232
	411  -  MemoryUsage of job (MB)
	420052  -  ResidentSetSize of job (KB)
...
006 (3446285.004.000) 01/30 19:38:40 Image size of job updated: 487232
	411  -  MemoryUsage of job (MB)
	420136  -  ResidentSetSize of job (KB)
...
006 (3446285.004.000) 01/30 19:43:40 Image size of job updated: 487232
	411  -  MemoryUsage of job (MB)
	420236  -  ResidentSetSize of job (KB)
...
006 (3446285.004.000) 01/30 19:48:41 Image size of job updated: 487232
	411  -  MemoryUsage of job (MB)
	420280  -  ResidentSetSize of job (KB)
...
006 (3446285.004.000) 01/30 19:53:42 Image size of job updated: 487232
	411  -  MemoryUsage of job (MB)
	420316  -  ResidentSetSize of job (KB)
...
006 (3446285.004.000) 01/30 19:58:42 Image size of job updated: 487232
	411  -  MemoryUsage of job (MB)
	420388  -  ResidentSetSize of job (KB)
...
006 (3446285.004.000) 01/30 20:03:43 Image size of job updated: 487232
	411  -  MemoryUsage of job (MB)
	420424  -  ResidentSetSize of job (KB)
...
006 (3446285.004.000) 01/30 20:10:24 Image size of job updated: 487232
	411  -  MemoryUsage of job (MB)
	420492  -  ResidentSetSize of job (KB)
...
006 (3446285.004.000) 01/30 20:15:27 Image size of job updated: 487232
	411  -  MemoryUsage of job (MB)
	420644  -  ResidentSetSize of job (KB)
...
006 (3446285.004.000) 01/30 20:20:27 Image size of job updated: 487232
	411  -  MemoryUsage of job (MB)
	420676  -  ResidentSetSize of job (KB)
...
006 (3446285.004.000) 01/30 20:25:27 Image size of job updated: 487232
	411  -  MemoryUsage of job (MB)
	420808  -  ResidentSetSize of job (KB)
...
006 (3446285.004.000) 01/30 20:30:28 Image size of job updated: 487232
	412  -  MemoryUsage of job (MB)
	420928  -  ResidentSetSize of job (KB)
...
006 (3446285.004.000) 01/30 20:35:28 Image size of job updated: 487232
	412  -  MemoryUsage of job (MB)
	421044  -  ResidentSetSize of job (KB)
...
006 (3446285.004.000) 01/30 20:40:28 Image size of job updated: 487232
	412  -  MemoryUsage of job (MB)
	421120  -  ResidentSetSize of job (KB)
...
006 (3446285.004.000) 01/30 20:45:29 Image size of job updated: 487232
	412  -  MemoryUsage of job (MB)
	421276  -  ResidentSetSize of job (KB)
...
040 (3446285.004.000) 02/01 16:39:18 Started transferring input files
	Transferring to host: <188.184.197.55:9618?addrs=188.184.197.55-9618+[2001-1458-301-103--100-39]-9618&noUDP&sock=20398_fc77_201122>
...
040 (3446285.004.000) 02/01 16:39:18 Finished transferring input files
...
001 (3446285.004.000) 02/01 16:39:19 Job executing on host: <188.184.197.55:9618?addrs=188.184.197.55-9618+[2001-1458-301-103--100-39]-9618&noUDP&sock=20266_5e6b_3>
...
040 (3446285.004.000) 02/01 16:39:52 Started transferring output files
...
040 (3446285.004.000) 02/01 16:39:52 Finished transferring output files
...
005 (3446285.004.000) 02/01 16:39:53 Job terminated.
	(1) Normal termination (return value 0)
		Usr 0 00:00:06, Sys 0 00:00:04  -  Run Remote Usage
		Usr 0 00:00:00, Sys 0 00:00:00  -  Run Local Usage
		Usr 0 00:00:06, Sys 0 00:00:04  -  Total Remote Usage
		Usr 0 00:00:00, Sys 0 00:00:00  -  Total Local Usage
	9714  -  Run Bytes Sent By Job
	492  -  Run Bytes Received By Job
	9714  -  Total Bytes Sent By Job
	984  -  Total Bytes Received By Job
	Partitionable Resources :    Usage  Request Allocated 
	   Cpus                 :                 1           
	   Disk (KB)            :       24       40   2932670 
	   Memory (MB)          :      416     2000      2000 
...
