000 (3447419.004.000) 01/30 01:28:32 Job submitted from host: <188.185.71.142:9618?addrs=188.185.71.142-9618+[2001-1458-d00-7--100-388]-9618&alias=bigbird09.cern.ch&noUDP&sock=schedd_2208_1533_7>
...
040 (3447419.004.000) 01/30 07:23:48 Started transferring input files
	Transferring to host: <188.184.210.164:9618?addrs=188.184.210.164-9618+[2001-1458-301-10b--100-86]-9618&noUDP&sock=7709_7013_142410>
...
040 (3447419.004.000) 01/30 07:23:48 Finished transferring input files
...
001 (3447419.004.000) 01/30 07:23:49 Job executing on host: <188.184.210.164:9618?addrs=188.184.210.164-9618+[2001-1458-301-10b--100-86]-9618&noUDP&sock=5771_0124_3>
...
006 (3447419.004.000) 01/30 07:23:57 Image size of job updated: 5244
	4  -  MemoryUsage of job (MB)
	4048  -  ResidentSetSize of job (KB)
...
006 (3447419.004.000) 01/30 07:28:57 Image size of job updated: 450124
	367  -  MemoryUsage of job (MB)
	375312  -  ResidentSetSize of job (KB)
...
006 (3447419.004.000) 01/30 08:24:02 Image size of job updated: 450128
	367  -  MemoryUsage of job (MB)
	375316  -  ResidentSetSize of job (KB)
...
006 (3447419.004.000) 01/30 08:34:03 Image size of job updated: 450156
	367  -  MemoryUsage of job (MB)
	375344  -  ResidentSetSize of job (KB)
...
006 (3447419.004.000) 01/30 09:44:11 Image size of job updated: 450232
	367  -  MemoryUsage of job (MB)
	375420  -  ResidentSetSize of job (KB)
...
006 (3447419.004.000) 01/30 09:49:12 Image size of job updated: 450332
	367  -  MemoryUsage of job (MB)
	375520  -  ResidentSetSize of job (KB)
...
006 (3447419.004.000) 01/30 09:54:12 Image size of job updated: 450364
	367  -  MemoryUsage of job (MB)
	375552  -  ResidentSetSize of job (KB)
...
006 (3447419.004.000) 01/30 09:59:13 Image size of job updated: 450520
	367  -  MemoryUsage of job (MB)
	375708  -  ResidentSetSize of job (KB)
...
006 (3447419.004.000) 01/30 10:04:14 Image size of job updated: 450568
	367  -  MemoryUsage of job (MB)
	375756  -  ResidentSetSize of job (KB)
...
006 (3447419.004.000) 01/30 10:09:14 Image size of job updated: 450708
	368  -  MemoryUsage of job (MB)
	375896  -  ResidentSetSize of job (KB)
...
006 (3447419.004.000) 01/30 10:14:14 Image size of job updated: 450736
	368  -  MemoryUsage of job (MB)
	375924  -  ResidentSetSize of job (KB)
...
006 (3447419.004.000) 01/30 10:19:15 Image size of job updated: 450800
	368  -  MemoryUsage of job (MB)
	375988  -  ResidentSetSize of job (KB)
...
006 (3447419.004.000) 01/30 10:24:15 Image size of job updated: 450856
	368  -  MemoryUsage of job (MB)
	376044  -  ResidentSetSize of job (KB)
...
006 (3447419.004.000) 01/30 10:29:15 Image size of job updated: 450900
	368  -  MemoryUsage of job (MB)
	376088  -  ResidentSetSize of job (KB)
...
006 (3447419.004.000) 01/30 10:34:16 Image size of job updated: 451024
	368  -  MemoryUsage of job (MB)
	376212  -  ResidentSetSize of job (KB)
...
006 (3447419.004.000) 01/30 10:39:16 Image size of job updated: 451136
	368  -  MemoryUsage of job (MB)
	376324  -  ResidentSetSize of job (KB)
...
006 (3447419.004.000) 01/30 10:44:16 Image size of job updated: 451176
	368  -  MemoryUsage of job (MB)
	376364  -  ResidentSetSize of job (KB)
...
006 (3447419.004.000) 01/30 10:49:17 Image size of job updated: 451224
	368  -  MemoryUsage of job (MB)
	376412  -  ResidentSetSize of job (KB)
...
006 (3447419.004.000) 01/30 10:54:17 Image size of job updated: 451280
	368  -  MemoryUsage of job (MB)
	376468  -  ResidentSetSize of job (KB)
...
006 (3447419.004.000) 01/30 10:59:17 Image size of job updated: 451436
	368  -  MemoryUsage of job (MB)
	376624  -  ResidentSetSize of job (KB)
...
006 (3447419.004.000) 01/30 11:04:18 Image size of job updated: 451472
	368  -  MemoryUsage of job (MB)
	376660  -  ResidentSetSize of job (KB)
...
006 (3447419.004.000) 01/30 11:09:18 Image size of job updated: 451532
	368  -  MemoryUsage of job (MB)
	376720  -  ResidentSetSize of job (KB)
...
006 (3447419.004.000) 01/30 11:14:18 Image size of job updated: 451612
	368  -  MemoryUsage of job (MB)
	376800  -  ResidentSetSize of job (KB)
...
006 (3447419.004.000) 01/30 11:19:19 Image size of job updated: 451708
	369  -  MemoryUsage of job (MB)
	376896  -  ResidentSetSize of job (KB)
...
006 (3447419.004.000) 01/30 11:24:19 Image size of job updated: 451736
	369  -  MemoryUsage of job (MB)
	376924  -  ResidentSetSize of job (KB)
...
006 (3447419.004.000) 01/30 11:29:19 Image size of job updated: 451812
	369  -  MemoryUsage of job (MB)
	377000  -  ResidentSetSize of job (KB)
...
006 (3447419.004.000) 01/30 11:34:20 Image size of job updated: 451832
	369  -  MemoryUsage of job (MB)
	377020  -  ResidentSetSize of job (KB)
...
006 (3447419.004.000) 01/30 11:39:20 Image size of job updated: 451856
	369  -  MemoryUsage of job (MB)
	377044  -  ResidentSetSize of job (KB)
...
006 (3447419.004.000) 01/30 11:44:20 Image size of job updated: 451896
	369  -  MemoryUsage of job (MB)
	377084  -  ResidentSetSize of job (KB)
...
006 (3447419.004.000) 01/30 11:49:21 Image size of job updated: 451924
	369  -  MemoryUsage of job (MB)
	377112  -  ResidentSetSize of job (KB)
...
006 (3447419.004.000) 01/30 11:54:22 Image size of job updated: 451960
	369  -  MemoryUsage of job (MB)
	377148  -  ResidentSetSize of job (KB)
...
006 (3447419.004.000) 01/30 12:04:22 Image size of job updated: 451964
	369  -  MemoryUsage of job (MB)
	377152  -  ResidentSetSize of job (KB)
...
006 (3447419.004.000) 01/30 12:09:23 Image size of job updated: 451980
	369  -  MemoryUsage of job (MB)
	377168  -  ResidentSetSize of job (KB)
...
006 (3447419.004.000) 01/30 12:14:23 Image size of job updated: 452088
	369  -  MemoryUsage of job (MB)
	377276  -  ResidentSetSize of job (KB)
...
006 (3447419.004.000) 01/30 12:19:23 Image size of job updated: 452156
	369  -  MemoryUsage of job (MB)
	377344  -  ResidentSetSize of job (KB)
...
006 (3447419.004.000) 01/30 12:24:24 Image size of job updated: 452220
	369  -  MemoryUsage of job (MB)
	377408  -  ResidentSetSize of job (KB)
...
006 (3447419.004.000) 01/30 12:29:25 Image size of job updated: 452312
	369  -  MemoryUsage of job (MB)
	377500  -  ResidentSetSize of job (KB)
...
006 (3447419.004.000) 01/30 12:39:26 Image size of job updated: 452456
	369  -  MemoryUsage of job (MB)
	377644  -  ResidentSetSize of job (KB)
...
006 (3447419.004.000) 01/30 12:44:27 Image size of job updated: 452504
	369  -  MemoryUsage of job (MB)
	377692  -  ResidentSetSize of job (KB)
...
006 (3447419.004.000) 01/30 12:49:27 Image size of job updated: 452532
	369  -  MemoryUsage of job (MB)
	377720  -  ResidentSetSize of job (KB)
...
006 (3447419.004.000) 01/30 12:54:27 Image size of job updated: 452604
	369  -  MemoryUsage of job (MB)
	377792  -  ResidentSetSize of job (KB)
...
006 (3447419.004.000) 01/30 12:59:28 Image size of job updated: 452664
	369  -  MemoryUsage of job (MB)
	377852  -  ResidentSetSize of job (KB)
...
006 (3447419.004.000) 01/30 13:04:29 Image size of job updated: 452800
	370  -  MemoryUsage of job (MB)
	377988  -  ResidentSetSize of job (KB)
...
006 (3447419.004.000) 01/30 13:09:29 Image size of job updated: 452848
	370  -  MemoryUsage of job (MB)
	378036  -  ResidentSetSize of job (KB)
...
006 (3447419.004.000) 01/30 13:14:29 Image size of job updated: 452972
	370  -  MemoryUsage of job (MB)
	378160  -  ResidentSetSize of job (KB)
...
006 (3447419.004.000) 01/30 13:19:30 Image size of job updated: 453064
	370  -  MemoryUsage of job (MB)
	378252  -  ResidentSetSize of job (KB)
...
006 (3447419.004.000) 01/30 13:24:31 Image size of job updated: 453132
	370  -  MemoryUsage of job (MB)
	378320  -  ResidentSetSize of job (KB)
...
006 (3447419.004.000) 01/30 13:29:31 Image size of job updated: 453132
	370  -  MemoryUsage of job (MB)
	378488  -  ResidentSetSize of job (KB)
...
006 (3447419.004.000) 01/30 13:34:32 Image size of job updated: 453132
	370  -  MemoryUsage of job (MB)
	378496  -  ResidentSetSize of job (KB)
...
006 (3447419.004.000) 01/30 13:39:33 Image size of job updated: 453132
	370  -  MemoryUsage of job (MB)
	378584  -  ResidentSetSize of job (KB)
...
006 (3447419.004.000) 01/30 13:44:33 Image size of job updated: 453132
	370  -  MemoryUsage of job (MB)
	378748  -  ResidentSetSize of job (KB)
...
006 (3447419.004.000) 01/30 13:49:33 Image size of job updated: 453132
	370  -  MemoryUsage of job (MB)
	378756  -  ResidentSetSize of job (KB)
...
006 (3447419.004.000) 01/30 13:54:34 Image size of job updated: 453132
	370  -  MemoryUsage of job (MB)
	378820  -  ResidentSetSize of job (KB)
...
006 (3447419.004.000) 01/30 13:59:34 Image size of job updated: 453132
	371  -  MemoryUsage of job (MB)
	378908  -  ResidentSetSize of job (KB)
...
006 (3447419.004.000) 01/30 14:04:34 Image size of job updated: 453132
	371  -  MemoryUsage of job (MB)
	378976  -  ResidentSetSize of job (KB)
...
006 (3447419.004.000) 01/30 14:09:35 Image size of job updated: 453132
	371  -  MemoryUsage of job (MB)
	379096  -  ResidentSetSize of job (KB)
...
006 (3447419.004.000) 01/30 14:14:36 Image size of job updated: 453132
	371  -  MemoryUsage of job (MB)
	379128  -  ResidentSetSize of job (KB)
...
006 (3447419.004.000) 01/30 14:19:36 Image size of job updated: 453132
	371  -  MemoryUsage of job (MB)
	379272  -  ResidentSetSize of job (KB)
...
006 (3447419.004.000) 01/30 14:24:37 Image size of job updated: 453132
	371  -  MemoryUsage of job (MB)
	379344  -  ResidentSetSize of job (KB)
...
006 (3447419.004.000) 01/30 14:29:38 Image size of job updated: 453132
	371  -  MemoryUsage of job (MB)
	379400  -  ResidentSetSize of job (KB)
...
006 (3447419.004.000) 01/30 14:34:38 Image size of job updated: 453132
	371  -  MemoryUsage of job (MB)
	379432  -  ResidentSetSize of job (KB)
...
006 (3447419.004.000) 01/30 14:39:38 Image size of job updated: 453132
	371  -  MemoryUsage of job (MB)
	379604  -  ResidentSetSize of job (KB)
...
006 (3447419.004.000) 01/30 14:44:39 Image size of job updated: 453132
	371  -  MemoryUsage of job (MB)
	379676  -  ResidentSetSize of job (KB)
...
006 (3447419.004.000) 01/30 14:49:39 Image size of job updated: 453132
	371  -  MemoryUsage of job (MB)
	379712  -  ResidentSetSize of job (KB)
...
006 (3447419.004.000) 01/30 14:54:39 Image size of job updated: 453132
	371  -  MemoryUsage of job (MB)
	379852  -  ResidentSetSize of job (KB)
...
006 (3447419.004.000) 01/30 14:59:40 Image size of job updated: 453132
	371  -  MemoryUsage of job (MB)
	379892  -  ResidentSetSize of job (KB)
...
006 (3447419.004.000) 01/30 15:04:40 Image size of job updated: 453132
	372  -  MemoryUsage of job (MB)
	379920  -  ResidentSetSize of job (KB)
...
006 (3447419.004.000) 01/30 15:09:40 Image size of job updated: 453132
	372  -  MemoryUsage of job (MB)
	379988  -  ResidentSetSize of job (KB)
...
006 (3447419.004.000) 01/30 15:14:42 Image size of job updated: 453132
	372  -  MemoryUsage of job (MB)
	380132  -  ResidentSetSize of job (KB)
...
006 (3447419.004.000) 01/30 15:19:42 Image size of job updated: 453132
	372  -  MemoryUsage of job (MB)
	380272  -  ResidentSetSize of job (KB)
...
006 (3447419.004.000) 01/30 15:24:42 Image size of job updated: 453132
	372  -  MemoryUsage of job (MB)
	380356  -  ResidentSetSize of job (KB)
...
006 (3447419.004.000) 01/30 15:29:43 Image size of job updated: 453132
	372  -  MemoryUsage of job (MB)
	380460  -  ResidentSetSize of job (KB)
...
006 (3447419.004.000) 01/30 15:34:44 Image size of job updated: 453132
	372  -  MemoryUsage of job (MB)
	380480  -  ResidentSetSize of job (KB)
...
006 (3447419.004.000) 01/30 15:39:44 Image size of job updated: 453132
	372  -  MemoryUsage of job (MB)
	380588  -  ResidentSetSize of job (KB)
...
006 (3447419.004.000) 01/30 15:44:45 Image size of job updated: 453132
	372  -  MemoryUsage of job (MB)
	380672  -  ResidentSetSize of job (KB)
...
006 (3447419.004.000) 01/30 15:49:46 Image size of job updated: 453132
	372  -  MemoryUsage of job (MB)
	380728  -  ResidentSetSize of job (KB)
...
006 (3447419.004.000) 01/30 15:54:46 Image size of job updated: 453132
	372  -  MemoryUsage of job (MB)
	380848  -  ResidentSetSize of job (KB)
...
006 (3447419.004.000) 01/30 15:59:46 Image size of job updated: 453132
	372  -  MemoryUsage of job (MB)
	380876  -  ResidentSetSize of job (KB)
...
006 (3447419.004.000) 01/30 16:04:47 Image size of job updated: 453132
	373  -  MemoryUsage of job (MB)
	381164  -  ResidentSetSize of job (KB)
...
006 (3447419.004.000) 01/30 16:09:47 Image size of job updated: 453132
	373  -  MemoryUsage of job (MB)
	381892  -  ResidentSetSize of job (KB)
...
006 (3447419.004.000) 01/30 16:14:47 Image size of job updated: 453132
	375  -  MemoryUsage of job (MB)
	383116  -  ResidentSetSize of job (KB)
...
006 (3447419.004.000) 01/30 16:19:48 Image size of job updated: 453132
	375  -  MemoryUsage of job (MB)
	383188  -  ResidentSetSize of job (KB)
...
006 (3447419.004.000) 01/30 16:24:49 Image size of job updated: 453132
	375  -  MemoryUsage of job (MB)
	383280  -  ResidentSetSize of job (KB)
...
006 (3447419.004.000) 01/30 16:29:49 Image size of job updated: 453132
	375  -  MemoryUsage of job (MB)
	383308  -  ResidentSetSize of job (KB)
...
006 (3447419.004.000) 01/30 16:34:50 Image size of job updated: 453132
	375  -  MemoryUsage of job (MB)
	383316  -  ResidentSetSize of job (KB)
...
006 (3447419.004.000) 01/30 16:39:51 Image size of job updated: 453132
	375  -  MemoryUsage of job (MB)
	383336  -  ResidentSetSize of job (KB)
...
006 (3447419.004.000) 01/30 16:44:51 Image size of job updated: 453132
	375  -  MemoryUsage of job (MB)
	383388  -  ResidentSetSize of job (KB)
...
006 (3447419.004.000) 01/30 16:49:51 Image size of job updated: 453132
	375  -  MemoryUsage of job (MB)
	383404  -  ResidentSetSize of job (KB)
...
006 (3447419.004.000) 01/30 16:54:52 Image size of job updated: 453132
	375  -  MemoryUsage of job (MB)
	383432  -  ResidentSetSize of job (KB)
...
006 (3447419.004.000) 01/30 16:59:52 Image size of job updated: 453132
	375  -  MemoryUsage of job (MB)
	383460  -  ResidentSetSize of job (KB)
...
006 (3447419.004.000) 01/30 17:04:52 Image size of job updated: 453132
	375  -  MemoryUsage of job (MB)
	383480  -  ResidentSetSize of job (KB)
...
006 (3447419.004.000) 01/30 17:09:53 Image size of job updated: 453132
	375  -  MemoryUsage of job (MB)
	383492  -  ResidentSetSize of job (KB)
...
006 (3447419.004.000) 01/30 17:14:54 Image size of job updated: 453132
	375  -  MemoryUsage of job (MB)
	383524  -  ResidentSetSize of job (KB)
...
006 (3447419.004.000) 01/30 17:19:54 Image size of job updated: 453132
	375  -  MemoryUsage of job (MB)
	383552  -  ResidentSetSize of job (KB)
...
006 (3447419.004.000) 01/30 17:29:56 Image size of job updated: 453132
	375  -  MemoryUsage of job (MB)
	383564  -  ResidentSetSize of job (KB)
...
006 (3447419.004.000) 01/30 17:34:56 Image size of job updated: 453132
	375  -  MemoryUsage of job (MB)
	383620  -  ResidentSetSize of job (KB)
...
006 (3447419.004.000) 01/30 17:39:56 Image size of job updated: 453132
	375  -  MemoryUsage of job (MB)
	383624  -  ResidentSetSize of job (KB)
...
006 (3447419.004.000) 01/30 17:49:57 Image size of job updated: 453132
	375  -  MemoryUsage of job (MB)
	383660  -  ResidentSetSize of job (KB)
...
006 (3447419.004.000) 01/30 17:54:57 Image size of job updated: 453132
	375  -  MemoryUsage of job (MB)
	383688  -  ResidentSetSize of job (KB)
...
006 (3447419.004.000) 01/30 17:59:58 Image size of job updated: 453132
	375  -  MemoryUsage of job (MB)
	383740  -  ResidentSetSize of job (KB)
...
006 (3447419.004.000) 01/30 18:04:59 Image size of job updated: 453132
	375  -  MemoryUsage of job (MB)
	383752  -  ResidentSetSize of job (KB)
...
006 (3447419.004.000) 01/30 18:09:59 Image size of job updated: 453132
	375  -  MemoryUsage of job (MB)
	383788  -  ResidentSetSize of job (KB)
...
006 (3447419.004.000) 01/30 18:15:00 Image size of job updated: 453132
	375  -  MemoryUsage of job (MB)
	383852  -  ResidentSetSize of job (KB)
...
006 (3447419.004.000) 01/30 18:20:01 Image size of job updated: 453132
	375  -  MemoryUsage of job (MB)
	383888  -  ResidentSetSize of job (KB)
...
006 (3447419.004.000) 01/30 18:25:01 Image size of job updated: 453132
	375  -  MemoryUsage of job (MB)
	383912  -  ResidentSetSize of job (KB)
...
006 (3447419.004.000) 01/30 18:30:01 Image size of job updated: 453132
	375  -  MemoryUsage of job (MB)
	383936  -  ResidentSetSize of job (KB)
...
006 (3447419.004.000) 01/30 18:35:02 Image size of job updated: 453132
	375  -  MemoryUsage of job (MB)
	383952  -  ResidentSetSize of job (KB)
...
006 (3447419.004.000) 01/30 18:40:03 Image size of job updated: 453132
	375  -  MemoryUsage of job (MB)
	384000  -  ResidentSetSize of job (KB)
...
006 (3447419.004.000) 01/30 18:45:03 Image size of job updated: 453132
	376  -  MemoryUsage of job (MB)
	384028  -  ResidentSetSize of job (KB)
...
006 (3447419.004.000) 01/30 18:55:05 Image size of job updated: 453132
	376  -  MemoryUsage of job (MB)
	384064  -  ResidentSetSize of job (KB)
...
006 (3447419.004.000) 01/30 19:00:05 Image size of job updated: 453132
	376  -  MemoryUsage of job (MB)
	384096  -  ResidentSetSize of job (KB)
...
006 (3447419.004.000) 01/30 19:05:06 Image size of job updated: 453132
	376  -  MemoryUsage of job (MB)
	384132  -  ResidentSetSize of job (KB)
...
006 (3447419.004.000) 01/30 19:10:07 Image size of job updated: 453132
	376  -  MemoryUsage of job (MB)
	384148  -  ResidentSetSize of job (KB)
...
006 (3447419.004.000) 01/30 19:20:08 Image size of job updated: 453132
	376  -  MemoryUsage of job (MB)
	384168  -  ResidentSetSize of job (KB)
...
006 (3447419.004.000) 01/30 19:25:09 Image size of job updated: 453132
	376  -  MemoryUsage of job (MB)
	384208  -  ResidentSetSize of job (KB)
...
006 (3447419.004.000) 01/30 19:30:09 Image size of job updated: 453132
	376  -  MemoryUsage of job (MB)
	384212  -  ResidentSetSize of job (KB)
...
006 (3447419.004.000) 01/30 19:35:10 Image size of job updated: 453132
	376  -  MemoryUsage of job (MB)
	384260  -  ResidentSetSize of job (KB)
...
006 (3447419.004.000) 01/30 19:40:11 Image size of job updated: 453132
	376  -  MemoryUsage of job (MB)
	384288  -  ResidentSetSize of job (KB)
...
006 (3447419.004.000) 01/30 19:45:11 Image size of job updated: 453132
	376  -  MemoryUsage of job (MB)
	384320  -  ResidentSetSize of job (KB)
...
006 (3447419.004.000) 01/30 19:50:11 Image size of job updated: 453132
	376  -  MemoryUsage of job (MB)
	384328  -  ResidentSetSize of job (KB)
...
006 (3447419.004.000) 01/30 19:55:12 Image size of job updated: 453132
	376  -  MemoryUsage of job (MB)
	384400  -  ResidentSetSize of job (KB)
...
006 (3447419.004.000) 01/30 20:00:12 Image size of job updated: 453132
	376  -  MemoryUsage of job (MB)
	384420  -  ResidentSetSize of job (KB)
...
006 (3447419.004.000) 01/30 20:05:12 Image size of job updated: 453132
	376  -  MemoryUsage of job (MB)
	384464  -  ResidentSetSize of job (KB)
...
006 (3447419.004.000) 01/30 20:15:13 Image size of job updated: 453132
	376  -  MemoryUsage of job (MB)
	384504  -  ResidentSetSize of job (KB)
...
006 (3447419.004.000) 01/30 20:20:13 Image size of job updated: 453132
	376  -  MemoryUsage of job (MB)
	384536  -  ResidentSetSize of job (KB)
...
006 (3447419.004.000) 01/30 20:25:14 Image size of job updated: 453132
	376  -  MemoryUsage of job (MB)
	384544  -  ResidentSetSize of job (KB)
...
006 (3447419.004.000) 01/30 20:30:14 Image size of job updated: 453132
	376  -  MemoryUsage of job (MB)
	384556  -  ResidentSetSize of job (KB)
...
006 (3447419.004.000) 01/30 20:40:15 Image size of job updated: 453132
	376  -  MemoryUsage of job (MB)
	384600  -  ResidentSetSize of job (KB)
...
006 (3447419.004.000) 01/30 20:45:16 Image size of job updated: 453132
	376  -  MemoryUsage of job (MB)
	384632  -  ResidentSetSize of job (KB)
...
006 (3447419.004.000) 01/30 21:25:21 Image size of job updated: 453132
	376  -  MemoryUsage of job (MB)
	384656  -  ResidentSetSize of job (KB)
...
006 (3447419.004.000) 01/30 23:15:32 Image size of job updated: 453132
	376  -  MemoryUsage of job (MB)
	384700  -  ResidentSetSize of job (KB)
...
006 (3447419.004.000) 01/30 23:20:33 Image size of job updated: 453132
	376  -  MemoryUsage of job (MB)
	384712  -  ResidentSetSize of job (KB)
...
006 (3447419.004.000) 01/30 23:25:34 Image size of job updated: 453132
	376  -  MemoryUsage of job (MB)
	384752  -  ResidentSetSize of job (KB)
...
006 (3447419.004.000) 01/30 23:30:34 Image size of job updated: 453132
	376  -  MemoryUsage of job (MB)
	384764  -  ResidentSetSize of job (KB)
...
006 (3447419.004.000) 01/30 23:35:35 Image size of job updated: 453132
	376  -  MemoryUsage of job (MB)
	384808  -  ResidentSetSize of job (KB)
...
006 (3447419.004.000) 01/30 23:40:36 Image size of job updated: 453132
	376  -  MemoryUsage of job (MB)
	384860  -  ResidentSetSize of job (KB)
...
006 (3447419.004.000) 01/30 23:45:36 Image size of job updated: 453132
	376  -  MemoryUsage of job (MB)
	384880  -  ResidentSetSize of job (KB)
...
006 (3447419.004.000) 01/30 23:50:36 Image size of job updated: 453132
	376  -  MemoryUsage of job (MB)
	384892  -  ResidentSetSize of job (KB)
...
006 (3447419.004.000) 01/30 23:55:36 Image size of job updated: 453132
	376  -  MemoryUsage of job (MB)
	384908  -  ResidentSetSize of job (KB)
...
006 (3447419.004.000) 01/31 00:00:37 Image size of job updated: 453132
	376  -  MemoryUsage of job (MB)
	384968  -  ResidentSetSize of job (KB)
...
006 (3447419.004.000) 01/31 00:05:38 Image size of job updated: 453132
	376  -  MemoryUsage of job (MB)
	385004  -  ResidentSetSize of job (KB)
...
006 (3447419.004.000) 01/31 00:10:38 Image size of job updated: 453132
	376  -  MemoryUsage of job (MB)
	385008  -  ResidentSetSize of job (KB)
...
006 (3447419.004.000) 01/31 00:15:39 Image size of job updated: 453132
	377  -  MemoryUsage of job (MB)
	385060  -  ResidentSetSize of job (KB)
...
006 (3447419.004.000) 01/31 00:20:40 Image size of job updated: 453132
	377  -  MemoryUsage of job (MB)
	385100  -  ResidentSetSize of job (KB)
...
006 (3447419.004.000) 01/31 00:30:41 Image size of job updated: 453132
	377  -  MemoryUsage of job (MB)
	385148  -  ResidentSetSize of job (KB)
...
006 (3447419.004.000) 01/31 00:35:42 Image size of job updated: 453132
	377  -  MemoryUsage of job (MB)
	385164  -  ResidentSetSize of job (KB)
...
006 (3447419.004.000) 01/31 00:40:42 Image size of job updated: 453132
	377  -  MemoryUsage of job (MB)
	385184  -  ResidentSetSize of job (KB)
...
006 (3447419.004.000) 01/31 00:45:42 Image size of job updated: 453132
	377  -  MemoryUsage of job (MB)
	385192  -  ResidentSetSize of job (KB)
...
006 (3447419.004.000) 01/31 00:50:43 Image size of job updated: 453132
	377  -  MemoryUsage of job (MB)
	385216  -  ResidentSetSize of job (KB)
...
006 (3447419.004.000) 01/31 00:55:43 Image size of job updated: 453132
	377  -  MemoryUsage of job (MB)
	385228  -  ResidentSetSize of job (KB)
...
006 (3447419.004.000) 01/31 01:00:43 Image size of job updated: 453132
	377  -  MemoryUsage of job (MB)
	385240  -  ResidentSetSize of job (KB)
...
006 (3447419.004.000) 01/31 01:05:44 Image size of job updated: 453132
	377  -  MemoryUsage of job (MB)
	385296  -  ResidentSetSize of job (KB)
...
006 (3447419.004.000) 01/31 01:10:44 Image size of job updated: 453132
	377  -  MemoryUsage of job (MB)
	385340  -  ResidentSetSize of job (KB)
...
006 (3447419.004.000) 01/31 01:20:45 Image size of job updated: 453132
	377  -  MemoryUsage of job (MB)
	385348  -  ResidentSetSize of job (KB)
...
006 (3447419.004.000) 01/31 01:25:46 Image size of job updated: 453132
	377  -  MemoryUsage of job (MB)
	385376  -  ResidentSetSize of job (KB)
...
006 (3447419.004.000) 01/31 01:30:46 Image size of job updated: 453132
	377  -  MemoryUsage of job (MB)
	385404  -  ResidentSetSize of job (KB)
...
006 (3447419.004.000) 01/31 01:35:46 Image size of job updated: 453132
	377  -  MemoryUsage of job (MB)
	385432  -  ResidentSetSize of job (KB)
...
006 (3447419.004.000) 01/31 01:40:47 Image size of job updated: 453132
	377  -  MemoryUsage of job (MB)
	385464  -  ResidentSetSize of job (KB)
...
006 (3447419.004.000) 01/31 01:45:47 Image size of job updated: 453132
	377  -  MemoryUsage of job (MB)
	385508  -  ResidentSetSize of job (KB)
...
006 (3447419.004.000) 01/31 01:50:47 Image size of job updated: 453132
	377  -  MemoryUsage of job (MB)
	385544  -  ResidentSetSize of job (KB)
...
006 (3447419.004.000) 01/31 01:55:48 Image size of job updated: 453132
	377  -  MemoryUsage of job (MB)
	385568  -  ResidentSetSize of job (KB)
...
006 (3447419.004.000) 01/31 02:00:49 Image size of job updated: 453132
	377  -  MemoryUsage of job (MB)
	385604  -  ResidentSetSize of job (KB)
...
006 (3447419.004.000) 01/31 02:05:49 Image size of job updated: 453132
	377  -  MemoryUsage of job (MB)
	385648  -  ResidentSetSize of job (KB)
...
006 (3447419.004.000) 01/31 02:10:49 Image size of job updated: 453132
	377  -  MemoryUsage of job (MB)
	385676  -  ResidentSetSize of job (KB)
...
006 (3447419.004.000) 01/31 02:15:50 Image size of job updated: 453132
	377  -  MemoryUsage of job (MB)
	385724  -  ResidentSetSize of job (KB)
...
006 (3447419.004.000) 01/31 02:20:51 Image size of job updated: 453132
	377  -  MemoryUsage of job (MB)
	385744  -  ResidentSetSize of job (KB)
...
006 (3447419.004.000) 01/31 02:25:51 Image size of job updated: 453132
	377  -  MemoryUsage of job (MB)
	385800  -  ResidentSetSize of job (KB)
...
006 (3447419.004.000) 01/31 02:30:51 Image size of job updated: 453132
	377  -  MemoryUsage of job (MB)
	385844  -  ResidentSetSize of job (KB)
...
006 (3447419.004.000) 01/31 02:35:52 Image size of job updated: 453132
	377  -  MemoryUsage of job (MB)
	385876  -  ResidentSetSize of job (KB)
...
006 (3447419.004.000) 01/31 02:40:53 Image size of job updated: 453132
	377  -  MemoryUsage of job (MB)
	385896  -  ResidentSetSize of job (KB)
...
006 (3447419.004.000) 01/31 02:45:53 Image size of job updated: 453132
	377  -  MemoryUsage of job (MB)
	385924  -  ResidentSetSize of job (KB)
...
006 (3447419.004.000) 01/31 02:50:53 Image size of job updated: 453132
	377  -  MemoryUsage of job (MB)
	385988  -  ResidentSetSize of job (KB)
...
006 (3447419.004.000) 01/31 02:55:54 Image size of job updated: 453132
	377  -  MemoryUsage of job (MB)
	386004  -  ResidentSetSize of job (KB)
...
006 (3447419.004.000) 01/31 03:00:55 Image size of job updated: 453132
	378  -  MemoryUsage of job (MB)
	386068  -  ResidentSetSize of job (KB)
...
006 (3447419.004.000) 01/31 03:05:55 Image size of job updated: 453132
	378  -  MemoryUsage of job (MB)
	386128  -  ResidentSetSize of job (KB)
...
006 (3447419.004.000) 01/31 03:10:55 Image size of job updated: 453132
	378  -  MemoryUsage of job (MB)
	386136  -  ResidentSetSize of job (KB)
...
006 (3447419.004.000) 01/31 03:15:56 Image size of job updated: 453132
	378  -  MemoryUsage of job (MB)
	386228  -  ResidentSetSize of job (KB)
...
006 (3447419.004.000) 01/31 03:20:57 Image size of job updated: 453132
	378  -  MemoryUsage of job (MB)
	386236  -  ResidentSetSize of job (KB)
...
006 (3447419.004.000) 01/31 03:25:58 Image size of job updated: 453132
	378  -  MemoryUsage of job (MB)
	386268  -  ResidentSetSize of job (KB)
...
006 (3447419.004.000) 01/31 03:30:58 Image size of job updated: 453132
	378  -  MemoryUsage of job (MB)
	386296  -  ResidentSetSize of job (KB)
...
006 (3447419.004.000) 01/31 03:35:58 Image size of job updated: 453132
	378  -  MemoryUsage of job (MB)
	386340  -  ResidentSetSize of job (KB)
...
006 (3447419.004.000) 01/31 03:40:59 Image size of job updated: 453132
	378  -  MemoryUsage of job (MB)
	386400  -  ResidentSetSize of job (KB)
...
006 (3447419.004.000) 01/31 03:46:00 Image size of job updated: 453132
	378  -  MemoryUsage of job (MB)
	386432  -  ResidentSetSize of job (KB)
...
006 (3447419.004.000) 01/31 03:51:00 Image size of job updated: 453132
	378  -  MemoryUsage of job (MB)
	386508  -  ResidentSetSize of job (KB)
...
006 (3447419.004.000) 01/31 03:56:00 Image size of job updated: 453132
	378  -  MemoryUsage of job (MB)
	386552  -  ResidentSetSize of job (KB)
...
006 (3447419.004.000) 01/31 04:01:01 Image size of job updated: 453132
	378  -  MemoryUsage of job (MB)
	386620  -  ResidentSetSize of job (KB)
...
006 (3447419.004.000) 01/31 04:11:02 Image size of job updated: 453132
	378  -  MemoryUsage of job (MB)
	386660  -  ResidentSetSize of job (KB)
...
006 (3447419.004.000) 01/31 04:16:02 Image size of job updated: 453132
	378  -  MemoryUsage of job (MB)
	386708  -  ResidentSetSize of job (KB)
...
006 (3447419.004.000) 01/31 04:21:03 Image size of job updated: 453132
	378  -  MemoryUsage of job (MB)
	386716  -  ResidentSetSize of job (KB)
...
006 (3447419.004.000) 01/31 04:26:04 Image size of job updated: 453132
	378  -  MemoryUsage of job (MB)
	386744  -  ResidentSetSize of job (KB)
...
006 (3447419.004.000) 01/31 04:31:04 Image size of job updated: 453132
	378  -  MemoryUsage of job (MB)
	386764  -  ResidentSetSize of job (KB)
...
006 (3447419.004.000) 01/31 04:36:05 Image size of job updated: 453132
	378  -  MemoryUsage of job (MB)
	386812  -  ResidentSetSize of job (KB)
...
006 (3447419.004.000) 01/31 04:46:06 Image size of job updated: 453132
	378  -  MemoryUsage of job (MB)
	386832  -  ResidentSetSize of job (KB)
...
006 (3447419.004.000) 01/31 04:51:07 Image size of job updated: 453132
	378  -  MemoryUsage of job (MB)
	386852  -  ResidentSetSize of job (KB)
...
006 (3447419.004.000) 01/31 04:56:08 Image size of job updated: 453132
	378  -  MemoryUsage of job (MB)
	386880  -  ResidentSetSize of job (KB)
...
006 (3447419.004.000) 01/31 05:01:08 Image size of job updated: 453132
	378  -  MemoryUsage of job (MB)
	386904  -  ResidentSetSize of job (KB)
...
006 (3447419.004.000) 01/31 05:06:08 Image size of job updated: 453132
	378  -  MemoryUsage of job (MB)
	386940  -  ResidentSetSize of job (KB)
...
006 (3447419.004.000) 01/31 05:11:09 Image size of job updated: 453132
	378  -  MemoryUsage of job (MB)
	386980  -  ResidentSetSize of job (KB)
...
006 (3447419.004.000) 01/31 05:16:09 Image size of job updated: 453132
	378  -  MemoryUsage of job (MB)
	386992  -  ResidentSetSize of job (KB)
...
006 (3447419.004.000) 01/31 05:21:09 Image size of job updated: 453132
	378  -  MemoryUsage of job (MB)
	387008  -  ResidentSetSize of job (KB)
...
006 (3447419.004.000) 01/31 05:26:10 Image size of job updated: 453132
	378  -  MemoryUsage of job (MB)
	387056  -  ResidentSetSize of job (KB)
...
006 (3447419.004.000) 01/31 05:36:10 Image size of job updated: 453132
	378  -  MemoryUsage of job (MB)
	387064  -  ResidentSetSize of job (KB)
...
006 (3447419.004.000) 01/31 05:41:12 Image size of job updated: 453132
	379  -  MemoryUsage of job (MB)
	387208  -  ResidentSetSize of job (KB)
...
006 (3447419.004.000) 01/31 05:46:12 Image size of job updated: 453132
	379  -  MemoryUsage of job (MB)
	387300  -  ResidentSetSize of job (KB)
...
006 (3447419.004.000) 01/31 05:51:12 Image size of job updated: 453132
	379  -  MemoryUsage of job (MB)
	387332  -  ResidentSetSize of job (KB)
...
006 (3447419.004.000) 01/31 05:56:13 Image size of job updated: 453132
	379  -  MemoryUsage of job (MB)
	387404  -  ResidentSetSize of job (KB)
...
006 (3447419.004.000) 01/31 06:01:14 Image size of job updated: 453132
	379  -  MemoryUsage of job (MB)
	387444  -  ResidentSetSize of job (KB)
...
006 (3447419.004.000) 01/31 06:06:14 Image size of job updated: 453132
	379  -  MemoryUsage of job (MB)
	387452  -  ResidentSetSize of job (KB)
...
006 (3447419.004.000) 01/31 06:51:19 Image size of job updated: 453132
	379  -  MemoryUsage of job (MB)
	387560  -  ResidentSetSize of job (KB)
...
006 (3447419.004.000) 01/31 06:56:19 Image size of job updated: 453132
	379  -  MemoryUsage of job (MB)
	387656  -  ResidentSetSize of job (KB)
...
006 (3447419.004.000) 01/31 07:01:20 Image size of job updated: 453132
	379  -  MemoryUsage of job (MB)
	387732  -  ResidentSetSize of job (KB)
...
006 (3447419.004.000) 01/31 07:06:20 Image size of job updated: 453132
	379  -  MemoryUsage of job (MB)
	387748  -  ResidentSetSize of job (KB)
...
006 (3447419.004.000) 01/31 07:16:21 Image size of job updated: 453132
	379  -  MemoryUsage of job (MB)
	387776  -  ResidentSetSize of job (KB)
...
006 (3447419.004.000) 01/31 07:31:22 Image size of job updated: 453132
	379  -  MemoryUsage of job (MB)
	387792  -  ResidentSetSize of job (KB)
...
006 (3447419.004.000) 01/31 07:41:22 Image size of job updated: 453132
	379  -  MemoryUsage of job (MB)
	387816  -  ResidentSetSize of job (KB)
...
006 (3447419.004.000) 01/31 07:51:23 Image size of job updated: 453132
	379  -  MemoryUsage of job (MB)
	387840  -  ResidentSetSize of job (KB)
...
006 (3447419.004.000) 01/31 07:56:23 Image size of job updated: 453132
	379  -  MemoryUsage of job (MB)
	387856  -  ResidentSetSize of job (KB)
...
006 (3447419.004.000) 01/31 08:11:25 Image size of job updated: 453132
	379  -  MemoryUsage of job (MB)
	387876  -  ResidentSetSize of job (KB)
...
006 (3447419.004.000) 01/31 08:31:28 Image size of job updated: 453132
	379  -  MemoryUsage of job (MB)
	387884  -  ResidentSetSize of job (KB)
...
006 (3447419.004.000) 01/31 09:06:32 Image size of job updated: 453132
	379  -  MemoryUsage of job (MB)
	387896  -  ResidentSetSize of job (KB)
...
006 (3447419.004.000) 01/31 09:16:33 Image size of job updated: 453132
	379  -  MemoryUsage of job (MB)
	387916  -  ResidentSetSize of job (KB)
...
006 (3447419.004.000) 01/31 09:21:34 Image size of job updated: 453132
	379  -  MemoryUsage of job (MB)
	387920  -  ResidentSetSize of job (KB)
...
006 (3447419.004.000) 01/31 09:31:35 Image size of job updated: 453132
	379  -  MemoryUsage of job (MB)
	387952  -  ResidentSetSize of job (KB)
...
006 (3447419.004.000) 01/31 09:41:36 Image size of job updated: 453132
	379  -  MemoryUsage of job (MB)
	388000  -  ResidentSetSize of job (KB)
...
006 (3447419.004.000) 01/31 09:56:38 Image size of job updated: 453132
	379  -  MemoryUsage of job (MB)
	388008  -  ResidentSetSize of job (KB)
...
006 (3447419.004.000) 01/31 10:06:39 Image size of job updated: 453132
	379  -  MemoryUsage of job (MB)
	388028  -  ResidentSetSize of job (KB)
...
006 (3447419.004.000) 01/31 10:16:39 Image size of job updated: 453132
	379  -  MemoryUsage of job (MB)
	388036  -  ResidentSetSize of job (KB)
...
006 (3447419.004.000) 01/31 10:31:40 Image size of job updated: 453132
	380  -  MemoryUsage of job (MB)
	388104  -  ResidentSetSize of job (KB)
...
006 (3447419.004.000) 01/31 10:51:43 Image size of job updated: 453132
	380  -  MemoryUsage of job (MB)
	388144  -  ResidentSetSize of job (KB)
...
006 (3447419.004.000) 01/31 11:11:45 Image size of job updated: 453132
	380  -  MemoryUsage of job (MB)
	388180  -  ResidentSetSize of job (KB)
...
006 (3447419.004.000) 01/31 11:16:45 Image size of job updated: 453132
	380  -  MemoryUsage of job (MB)
	388204  -  ResidentSetSize of job (KB)
...
006 (3447419.004.000) 01/31 13:11:57 Image size of job updated: 453132
	380  -  MemoryUsage of job (MB)
	388228  -  ResidentSetSize of job (KB)
...
006 (3447419.004.000) 01/31 13:32:00 Image size of job updated: 453132
	380  -  MemoryUsage of job (MB)
	388260  -  ResidentSetSize of job (KB)
...
006 (3447419.004.000) 01/31 13:42:01 Image size of job updated: 453132
	380  -  MemoryUsage of job (MB)
	388276  -  ResidentSetSize of job (KB)
...
006 (3447419.004.000) 01/31 13:47:02 Image size of job updated: 453132
	380  -  MemoryUsage of job (MB)
	388280  -  ResidentSetSize of job (KB)
...
006 (3447419.004.000) 01/31 13:52:02 Image size of job updated: 453132
	380  -  MemoryUsage of job (MB)
	388288  -  ResidentSetSize of job (KB)
...
006 (3447419.004.000) 01/31 13:57:02 Image size of job updated: 453132
	380  -  MemoryUsage of job (MB)
	388320  -  ResidentSetSize of job (KB)
...
006 (3447419.004.000) 01/31 14:02:03 Image size of job updated: 453132
	380  -  MemoryUsage of job (MB)
	388348  -  ResidentSetSize of job (KB)
...
006 (3447419.004.000) 01/31 14:07:03 Image size of job updated: 453132
	380  -  MemoryUsage of job (MB)
	388360  -  ResidentSetSize of job (KB)
...
006 (3447419.004.000) 01/31 14:12:03 Image size of job updated: 453132
	380  -  MemoryUsage of job (MB)
	388376  -  ResidentSetSize of job (KB)
...
006 (3447419.004.000) 01/31 14:17:04 Image size of job updated: 453132
	380  -  MemoryUsage of job (MB)
	388396  -  ResidentSetSize of job (KB)
...
006 (3447419.004.000) 01/31 14:22:04 Image size of job updated: 453132
	380  -  MemoryUsage of job (MB)
	388400  -  ResidentSetSize of job (KB)
...
006 (3447419.004.000) 01/31 14:42:05 Image size of job updated: 453132
	380  -  MemoryUsage of job (MB)
	388428  -  ResidentSetSize of job (KB)
...
006 (3447419.004.000) 01/31 14:47:07 Image size of job updated: 453132
	380  -  MemoryUsage of job (MB)
	388456  -  ResidentSetSize of job (KB)
...
006 (3447419.004.000) 01/31 14:57:07 Image size of job updated: 453132
	380  -  MemoryUsage of job (MB)
	388528  -  ResidentSetSize of job (KB)
...
006 (3447419.004.000) 01/31 15:22:11 Image size of job updated: 453132
	380  -  MemoryUsage of job (MB)
	388564  -  ResidentSetSize of job (KB)
...
006 (3447419.004.000) 01/31 15:27:11 Image size of job updated: 453132
	380  -  MemoryUsage of job (MB)
	388588  -  ResidentSetSize of job (KB)
...
006 (3447419.004.000) 01/31 16:07:15 Image size of job updated: 453132
	380  -  MemoryUsage of job (MB)
	388608  -  ResidentSetSize of job (KB)
...
006 (3447419.004.000) 01/31 16:12:15 Image size of job updated: 453132
	380  -  MemoryUsage of job (MB)
	388628  -  ResidentSetSize of job (KB)
...
006 (3447419.004.000) 01/31 16:17:16 Image size of job updated: 453132
	380  -  MemoryUsage of job (MB)
	388644  -  ResidentSetSize of job (KB)
...
006 (3447419.004.000) 01/31 16:37:19 Image size of job updated: 453132
	380  -  MemoryUsage of job (MB)
	388664  -  ResidentSetSize of job (KB)
...
006 (3447419.004.000) 01/31 17:02:22 Image size of job updated: 453132
	380  -  MemoryUsage of job (MB)
	388668  -  ResidentSetSize of job (KB)
...
006 (3447419.004.000) 01/31 17:07:23 Image size of job updated: 453132
	380  -  MemoryUsage of job (MB)
	388696  -  ResidentSetSize of job (KB)
...
006 (3447419.004.000) 01/31 17:12:23 Image size of job updated: 453132
	380  -  MemoryUsage of job (MB)
	388716  -  ResidentSetSize of job (KB)
...
006 (3447419.004.000) 01/31 17:22:25 Image size of job updated: 453132
	380  -  MemoryUsage of job (MB)
	388720  -  ResidentSetSize of job (KB)
...
040 (3447419.004.000) 02/01 07:54:12 Started transferring input files
	Transferring to host: <128.142.66.150:9618?addrs=128.142.66.150-9618+[2001-1458-301-4c--100-184]-9618&noUDP&sock=14586_e80a_12072>
...
040 (3447419.004.000) 02/01 07:54:12 Finished transferring input files
...
001 (3447419.004.000) 02/01 07:54:13 Job executing on host: <128.142.66.150:9618?addrs=128.142.66.150-9618+[2001-1458-301-4c--100-184]-9618&noUDP&sock=14380_0ff9_3>
...
040 (3447419.004.000) 02/01 07:54:58 Started transferring output files
...
040 (3447419.004.000) 02/01 07:54:58 Finished transferring output files
...
005 (3447419.004.000) 02/01 07:54:58 Job terminated.
	(1) Normal termination (return value 0)
		Usr 0 00:00:05, Sys 0 00:00:04  -  Run Remote Usage
		Usr 0 00:00:00, Sys 0 00:00:00  -  Run Local Usage
		Usr 0 00:00:05, Sys 0 00:00:04  -  Total Remote Usage
		Usr 0 00:00:00, Sys 0 00:00:00  -  Total Local Usage
	9715  -  Run Bytes Sent By Job
	493  -  Run Bytes Received By Job
	9715  -  Total Bytes Sent By Job
	986  -  Total Bytes Received By Job
	Partitionable Resources :    Usage  Request Allocated 
	   Cpus                 :                 1           
	   Disk (KB)            :       24       35   2767674 
	   Memory (MB)          :      391     2000      2000 
...
