000 (3446285.000.000) 01/30 00:14:54 Job submitted from host: <188.185.71.142:9618?addrs=188.185.71.142-9618+[2001-1458-d00-7--100-388]-9618&alias=bigbird09.cern.ch&noUDP&sock=schedd_2208_1533_7>
...
040 (3446285.000.000) 01/30 04:23:59 Started transferring input files
	Transferring to host: <188.184.138.160:9618?addrs=188.184.138.160-9618+[2001-1458-301-45--100-b6]-9618&noUDP&sock=987_2e41_199167>
...
040 (3446285.000.000) 01/30 04:23:59 Finished transferring input files
...
001 (3446285.000.000) 01/30 04:24:00 Job executing on host: <188.184.138.160:9618?addrs=188.184.138.160-9618+[2001-1458-301-45--100-b6]-9618&noUDP&sock=5589_2ae8_3>
...
006 (3446285.000.000) 01/30 04:24:09 Image size of job updated: 5228
	4  -  MemoryUsage of job (MB)
	4032  -  ResidentSetSize of job (KB)
...
006 (3446285.000.000) 01/30 04:29:10 Image size of job updated: 484384
	401  -  MemoryUsage of job (MB)
	409804  -  ResidentSetSize of job (KB)
...
006 (3446285.000.000) 01/30 07:19:26 Image size of job updated: 484448
	401  -  MemoryUsage of job (MB)
	409868  -  ResidentSetSize of job (KB)
...
006 (3446285.000.000) 01/30 07:24:27 Image size of job updated: 484664
	401  -  MemoryUsage of job (MB)
	410084  -  ResidentSetSize of job (KB)
...
006 (3446285.000.000) 01/30 07:34:27 Image size of job updated: 484684
	401  -  MemoryUsage of job (MB)
	410104  -  ResidentSetSize of job (KB)
...
006 (3446285.000.000) 01/30 07:54:30 Image size of job updated: 484780
	401  -  MemoryUsage of job (MB)
	410200  -  ResidentSetSize of job (KB)
...
006 (3446285.000.000) 01/30 08:04:31 Image size of job updated: 484920
	401  -  MemoryUsage of job (MB)
	410340  -  ResidentSetSize of job (KB)
...
006 (3446285.000.000) 01/30 08:09:32 Image size of job updated: 484952
	401  -  MemoryUsage of job (MB)
	410372  -  ResidentSetSize of job (KB)
...
006 (3446285.000.000) 01/30 08:14:33 Image size of job updated: 485000
	401  -  MemoryUsage of job (MB)
	410420  -  ResidentSetSize of job (KB)
...
006 (3446285.000.000) 01/30 08:19:33 Image size of job updated: 485084
	401  -  MemoryUsage of job (MB)
	410504  -  ResidentSetSize of job (KB)
...
006 (3446285.000.000) 01/30 08:24:33 Image size of job updated: 485148
	401  -  MemoryUsage of job (MB)
	410568  -  ResidentSetSize of job (KB)
...
006 (3446285.000.000) 01/30 08:29:34 Image size of job updated: 485304
	402  -  MemoryUsage of job (MB)
	410724  -  ResidentSetSize of job (KB)
...
006 (3446285.000.000) 01/30 08:34:34 Image size of job updated: 485304
	402  -  MemoryUsage of job (MB)
	410748  -  ResidentSetSize of job (KB)
...
006 (3446285.000.000) 01/30 08:39:34 Image size of job updated: 485304
	402  -  MemoryUsage of job (MB)
	410776  -  ResidentSetSize of job (KB)
...
006 (3446285.000.000) 01/30 08:44:35 Image size of job updated: 485372
	402  -  MemoryUsage of job (MB)
	410884  -  ResidentSetSize of job (KB)
...
006 (3446285.000.000) 01/30 08:49:36 Image size of job updated: 485380
	402  -  MemoryUsage of job (MB)
	410892  -  ResidentSetSize of job (KB)
...
006 (3446285.000.000) 01/30 08:54:36 Image size of job updated: 485532
	402  -  MemoryUsage of job (MB)
	411044  -  ResidentSetSize of job (KB)
...
006 (3446285.000.000) 01/30 08:59:37 Image size of job updated: 485540
	402  -  MemoryUsage of job (MB)
	411052  -  ResidentSetSize of job (KB)
...
006 (3446285.000.000) 01/30 09:04:38 Image size of job updated: 485540
	402  -  MemoryUsage of job (MB)
	411128  -  ResidentSetSize of job (KB)
...
006 (3446285.000.000) 01/30 09:14:39 Image size of job updated: 485540
	402  -  MemoryUsage of job (MB)
	411232  -  ResidentSetSize of job (KB)
...
006 (3446285.000.000) 01/30 09:19:40 Image size of job updated: 485568
	402  -  MemoryUsage of job (MB)
	411364  -  ResidentSetSize of job (KB)
...
006 (3446285.000.000) 01/30 09:29:40 Image size of job updated: 485672
	402  -  MemoryUsage of job (MB)
	411468  -  ResidentSetSize of job (KB)
...
006 (3446285.000.000) 01/30 09:34:41 Image size of job updated: 485776
	402  -  MemoryUsage of job (MB)
	411572  -  ResidentSetSize of job (KB)
...
006 (3446285.000.000) 01/30 09:39:41 Image size of job updated: 485872
	403  -  MemoryUsage of job (MB)
	411668  -  ResidentSetSize of job (KB)
...
006 (3446285.000.000) 01/30 09:44:41 Image size of job updated: 486080
	403  -  MemoryUsage of job (MB)
	411876  -  ResidentSetSize of job (KB)
...
006 (3446285.000.000) 01/30 09:54:43 Image size of job updated: 486164
	403  -  MemoryUsage of job (MB)
	411960  -  ResidentSetSize of job (KB)
...
006 (3446285.000.000) 01/30 10:29:47 Image size of job updated: 486188
	403  -  MemoryUsage of job (MB)
	411984  -  ResidentSetSize of job (KB)
...
006 (3446285.000.000) 01/30 10:34:47 Image size of job updated: 486232
	403  -  MemoryUsage of job (MB)
	412028  -  ResidentSetSize of job (KB)
...
006 (3446285.000.000) 01/30 11:04:49 Image size of job updated: 486260
	403  -  MemoryUsage of job (MB)
	412056  -  ResidentSetSize of job (KB)
...
006 (3446285.000.000) 01/30 11:09:50 Image size of job updated: 486292
	403  -  MemoryUsage of job (MB)
	412088  -  ResidentSetSize of job (KB)
...
006 (3446285.000.000) 01/30 11:14:50 Image size of job updated: 486304
	403  -  MemoryUsage of job (MB)
	412100  -  ResidentSetSize of job (KB)
...
006 (3446285.000.000) 01/30 11:19:50 Image size of job updated: 486348
	403  -  MemoryUsage of job (MB)
	412144  -  ResidentSetSize of job (KB)
...
006 (3446285.000.000) 01/30 11:29:51 Image size of job updated: 486368
	403  -  MemoryUsage of job (MB)
	412164  -  ResidentSetSize of job (KB)
...
006 (3446285.000.000) 01/30 11:34:52 Image size of job updated: 486472
	403  -  MemoryUsage of job (MB)
	412268  -  ResidentSetSize of job (KB)
...
006 (3446285.000.000) 01/30 11:39:52 Image size of job updated: 486496
	403  -  MemoryUsage of job (MB)
	412292  -  ResidentSetSize of job (KB)
...
006 (3446285.000.000) 01/30 11:44:52 Image size of job updated: 486652
	403  -  MemoryUsage of job (MB)
	412448  -  ResidentSetSize of job (KB)
...
006 (3446285.000.000) 01/30 11:49:53 Image size of job updated: 486748
	403  -  MemoryUsage of job (MB)
	412544  -  ResidentSetSize of job (KB)
...
006 (3446285.000.000) 01/30 11:54:53 Image size of job updated: 486788
	403  -  MemoryUsage of job (MB)
	412584  -  ResidentSetSize of job (KB)
...
006 (3446285.000.000) 01/30 11:59:53 Image size of job updated: 486988
	404  -  MemoryUsage of job (MB)
	412784  -  ResidentSetSize of job (KB)
...
006 (3446285.000.000) 01/30 12:04:54 Image size of job updated: 487080
	404  -  MemoryUsage of job (MB)
	412876  -  ResidentSetSize of job (KB)
...
006 (3446285.000.000) 01/30 12:09:55 Image size of job updated: 487084
	404  -  MemoryUsage of job (MB)
	412880  -  ResidentSetSize of job (KB)
...
006 (3446285.000.000) 01/30 12:14:55 Image size of job updated: 487164
	404  -  MemoryUsage of job (MB)
	412960  -  ResidentSetSize of job (KB)
...
006 (3446285.000.000) 01/30 12:19:56 Image size of job updated: 487208
	404  -  MemoryUsage of job (MB)
	413004  -  ResidentSetSize of job (KB)
...
006 (3446285.000.000) 01/30 12:24:57 Image size of job updated: 487416
	404  -  MemoryUsage of job (MB)
	413212  -  ResidentSetSize of job (KB)
...
006 (3446285.000.000) 01/30 12:29:57 Image size of job updated: 487428
	404  -  MemoryUsage of job (MB)
	413224  -  ResidentSetSize of job (KB)
...
006 (3446285.000.000) 01/30 12:34:57 Image size of job updated: 487428
	404  -  MemoryUsage of job (MB)
	413416  -  ResidentSetSize of job (KB)
...
006 (3446285.000.000) 01/30 12:39:58 Image size of job updated: 487428
	404  -  MemoryUsage of job (MB)
	413468  -  ResidentSetSize of job (KB)
...
006 (3446285.000.000) 01/30 12:44:58 Image size of job updated: 487608
	405  -  MemoryUsage of job (MB)
	413780  -  ResidentSetSize of job (KB)
...
006 (3446285.000.000) 01/30 12:49:58 Image size of job updated: 487692
	405  -  MemoryUsage of job (MB)
	413864  -  ResidentSetSize of job (KB)
...
006 (3446285.000.000) 01/30 12:55:00 Image size of job updated: 487724
	405  -  MemoryUsage of job (MB)
	413896  -  ResidentSetSize of job (KB)
...
006 (3446285.000.000) 01/30 13:45:05 Image size of job updated: 487724
	405  -  MemoryUsage of job (MB)
	413932  -  ResidentSetSize of job (KB)
...
006 (3446285.000.000) 01/30 13:50:05 Image size of job updated: 487724
	405  -  MemoryUsage of job (MB)
	414016  -  ResidentSetSize of job (KB)
...
006 (3446285.000.000) 01/30 13:55:05 Image size of job updated: 487724
	405  -  MemoryUsage of job (MB)
	414020  -  ResidentSetSize of job (KB)
...
006 (3446285.000.000) 01/30 14:00:07 Image size of job updated: 487724
	405  -  MemoryUsage of job (MB)
	414068  -  ResidentSetSize of job (KB)
...
006 (3446285.000.000) 01/30 14:05:07 Image size of job updated: 487724
	405  -  MemoryUsage of job (MB)
	414180  -  ResidentSetSize of job (KB)
...
006 (3446285.000.000) 01/30 14:10:07 Image size of job updated: 487724
	405  -  MemoryUsage of job (MB)
	414236  -  ResidentSetSize of job (KB)
...
006 (3446285.000.000) 01/30 14:15:08 Image size of job updated: 487724
	405  -  MemoryUsage of job (MB)
	414308  -  ResidentSetSize of job (KB)
...
006 (3446285.000.000) 01/30 14:20:09 Image size of job updated: 487724
	405  -  MemoryUsage of job (MB)
	414336  -  ResidentSetSize of job (KB)
...
006 (3446285.000.000) 01/30 14:25:09 Image size of job updated: 487724
	405  -  MemoryUsage of job (MB)
	414468  -  ResidentSetSize of job (KB)
...
006 (3446285.000.000) 01/30 14:30:10 Image size of job updated: 487724
	405  -  MemoryUsage of job (MB)
	414560  -  ResidentSetSize of job (KB)
...
006 (3446285.000.000) 01/30 14:40:11 Image size of job updated: 487724
	405  -  MemoryUsage of job (MB)
	414612  -  ResidentSetSize of job (KB)
...
006 (3446285.000.000) 01/30 14:45:12 Image size of job updated: 487724
	406  -  MemoryUsage of job (MB)
	414752  -  ResidentSetSize of job (KB)
...
006 (3446285.000.000) 01/30 14:50:13 Image size of job updated: 487724
	406  -  MemoryUsage of job (MB)
	414824  -  ResidentSetSize of job (KB)
...
006 (3446285.000.000) 01/30 14:55:13 Image size of job updated: 487724
	406  -  MemoryUsage of job (MB)
	414936  -  ResidentSetSize of job (KB)
...
006 (3446285.000.000) 01/30 15:00:14 Image size of job updated: 487724
	406  -  MemoryUsage of job (MB)
	414984  -  ResidentSetSize of job (KB)
...
006 (3446285.000.000) 01/30 15:05:15 Image size of job updated: 487724
	406  -  MemoryUsage of job (MB)
	415024  -  ResidentSetSize of job (KB)
...
006 (3446285.000.000) 01/30 15:10:15 Image size of job updated: 487724
	406  -  MemoryUsage of job (MB)
	415144  -  ResidentSetSize of job (KB)
...
006 (3446285.000.000) 01/30 15:20:17 Image size of job updated: 487724
	406  -  MemoryUsage of job (MB)
	415256  -  ResidentSetSize of job (KB)
...
006 (3446285.000.000) 01/30 15:25:17 Image size of job updated: 487724
	406  -  MemoryUsage of job (MB)
	415400  -  ResidentSetSize of job (KB)
...
006 (3446285.000.000) 01/30 15:30:17 Image size of job updated: 487724
	406  -  MemoryUsage of job (MB)
	415496  -  ResidentSetSize of job (KB)
...
006 (3446285.000.000) 01/30 15:35:18 Image size of job updated: 487724
	406  -  MemoryUsage of job (MB)
	415576  -  ResidentSetSize of job (KB)
...
006 (3446285.000.000) 01/30 15:40:18 Image size of job updated: 487724
	406  -  MemoryUsage of job (MB)
	415600  -  ResidentSetSize of job (KB)
...
006 (3446285.000.000) 01/30 15:45:18 Image size of job updated: 487724
	406  -  MemoryUsage of job (MB)
	415688  -  ResidentSetSize of job (KB)
...
006 (3446285.000.000) 01/30 15:50:20 Image size of job updated: 487724
	407  -  MemoryUsage of job (MB)
	415804  -  ResidentSetSize of job (KB)
...
006 (3446285.000.000) 01/30 15:55:20 Image size of job updated: 487724
	407  -  MemoryUsage of job (MB)
	415808  -  ResidentSetSize of job (KB)
...
006 (3446285.000.000) 01/30 16:00:20 Image size of job updated: 487724
	407  -  MemoryUsage of job (MB)
	415884  -  ResidentSetSize of job (KB)
...
006 (3446285.000.000) 01/30 16:05:21 Image size of job updated: 487724
	407  -  MemoryUsage of job (MB)
	416064  -  ResidentSetSize of job (KB)
...
006 (3446285.000.000) 01/30 16:10:22 Image size of job updated: 487724
	407  -  MemoryUsage of job (MB)
	416144  -  ResidentSetSize of job (KB)
...
006 (3446285.000.000) 01/30 16:15:22 Image size of job updated: 487724
	407  -  MemoryUsage of job (MB)
	416184  -  ResidentSetSize of job (KB)
...
006 (3446285.000.000) 01/30 16:20:23 Image size of job updated: 487724
	408  -  MemoryUsage of job (MB)
	417172  -  ResidentSetSize of job (KB)
...
006 (3446285.000.000) 01/30 16:25:24 Image size of job updated: 487724
	410  -  MemoryUsage of job (MB)
	419312  -  ResidentSetSize of job (KB)
...
006 (3446285.000.000) 01/30 16:30:24 Image size of job updated: 487724
	410  -  MemoryUsage of job (MB)
	419420  -  ResidentSetSize of job (KB)
...
006 (3446285.000.000) 01/30 16:35:25 Image size of job updated: 487724
	410  -  MemoryUsage of job (MB)
	419524  -  ResidentSetSize of job (KB)
...
006 (3446285.000.000) 01/30 16:40:26 Image size of job updated: 487724
	410  -  MemoryUsage of job (MB)
	419672  -  ResidentSetSize of job (KB)
...
006 (3446285.000.000) 01/30 16:45:26 Image size of job updated: 487724
	410  -  MemoryUsage of job (MB)
	419740  -  ResidentSetSize of job (KB)
...
006 (3446285.000.000) 01/30 16:50:26 Image size of job updated: 487724
	410  -  MemoryUsage of job (MB)
	419788  -  ResidentSetSize of job (KB)
...
006 (3446285.000.000) 01/30 16:55:27 Image size of job updated: 487724
	411  -  MemoryUsage of job (MB)
	419888  -  ResidentSetSize of job (KB)
...
006 (3446285.000.000) 01/30 17:00:27 Image size of job updated: 487724
	411  -  MemoryUsage of job (MB)
	419916  -  ResidentSetSize of job (KB)
...
006 (3446285.000.000) 01/30 17:05:27 Image size of job updated: 487724
	411  -  MemoryUsage of job (MB)
	419956  -  ResidentSetSize of job (KB)
...
006 (3446285.000.000) 01/30 17:10:28 Image size of job updated: 487724
	411  -  MemoryUsage of job (MB)
	420044  -  ResidentSetSize of job (KB)
...
006 (3446285.000.000) 01/30 17:15:28 Image size of job updated: 487724
	411  -  MemoryUsage of job (MB)
	420104  -  ResidentSetSize of job (KB)
...
006 (3446285.000.000) 01/30 17:20:28 Image size of job updated: 487724
	411  -  MemoryUsage of job (MB)
	420120  -  ResidentSetSize of job (KB)
...
006 (3446285.000.000) 01/30 17:25:29 Image size of job updated: 487724
	411  -  MemoryUsage of job (MB)
	420172  -  ResidentSetSize of job (KB)
...
006 (3446285.000.000) 01/30 17:30:29 Image size of job updated: 487724
	411  -  MemoryUsage of job (MB)
	420212  -  ResidentSetSize of job (KB)
...
006 (3446285.000.000) 01/30 17:35:29 Image size of job updated: 487724
	411  -  MemoryUsage of job (MB)
	420260  -  ResidentSetSize of job (KB)
...
006 (3446285.000.000) 01/30 17:40:30 Image size of job updated: 487724
	411  -  MemoryUsage of job (MB)
	420428  -  ResidentSetSize of job (KB)
...
006 (3446285.000.000) 01/30 17:45:31 Image size of job updated: 487724
	411  -  MemoryUsage of job (MB)
	420500  -  ResidentSetSize of job (KB)
...
006 (3446285.000.000) 01/30 17:50:31 Image size of job updated: 487724
	411  -  MemoryUsage of job (MB)
	420536  -  ResidentSetSize of job (KB)
...
006 (3446285.000.000) 01/30 17:55:32 Image size of job updated: 487724
	411  -  MemoryUsage of job (MB)
	420556  -  ResidentSetSize of job (KB)
...
006 (3446285.000.000) 01/30 18:00:33 Image size of job updated: 487724
	411  -  MemoryUsage of job (MB)
	420632  -  ResidentSetSize of job (KB)
...
006 (3446285.000.000) 01/30 18:05:33 Image size of job updated: 487724
	411  -  MemoryUsage of job (MB)
	420684  -  ResidentSetSize of job (KB)
...
006 (3446285.000.000) 01/30 18:10:34 Image size of job updated: 487724
	411  -  MemoryUsage of job (MB)
	420768  -  ResidentSetSize of job (KB)
...
006 (3446285.000.000) 01/30 18:15:34 Image size of job updated: 487724
	412  -  MemoryUsage of job (MB)
	420868  -  ResidentSetSize of job (KB)
...
006 (3446285.000.000) 01/30 18:20:35 Image size of job updated: 487724
	412  -  MemoryUsage of job (MB)
	420880  -  ResidentSetSize of job (KB)
...
006 (3446285.000.000) 01/30 18:25:35 Image size of job updated: 487724
	412  -  MemoryUsage of job (MB)
	421020  -  ResidentSetSize of job (KB)
...
006 (3446285.000.000) 01/30 18:30:35 Image size of job updated: 487724
	412  -  MemoryUsage of job (MB)
	421040  -  ResidentSetSize of job (KB)
...
006 (3446285.000.000) 01/30 18:35:36 Image size of job updated: 487724
	412  -  MemoryUsage of job (MB)
	421224  -  ResidentSetSize of job (KB)
...
006 (3446285.000.000) 01/30 18:40:36 Image size of job updated: 487724
	412  -  MemoryUsage of job (MB)
	421272  -  ResidentSetSize of job (KB)
...
006 (3446285.000.000) 01/30 18:45:36 Image size of job updated: 487724
	412  -  MemoryUsage of job (MB)
	421368  -  ResidentSetSize of job (KB)
...
006 (3446285.000.000) 01/30 18:55:38 Image size of job updated: 487724
	412  -  MemoryUsage of job (MB)
	421488  -  ResidentSetSize of job (KB)
...
006 (3446285.000.000) 01/30 19:00:38 Image size of job updated: 487724
	412  -  MemoryUsage of job (MB)
	421524  -  ResidentSetSize of job (KB)
...
006 (3446285.000.000) 01/30 19:05:39 Image size of job updated: 487724
	412  -  MemoryUsage of job (MB)
	421596  -  ResidentSetSize of job (KB)
...
006 (3446285.000.000) 01/30 19:10:40 Image size of job updated: 487724
	412  -  MemoryUsage of job (MB)
	421632  -  ResidentSetSize of job (KB)
...
006 (3446285.000.000) 01/30 19:15:40 Image size of job updated: 487724
	412  -  MemoryUsage of job (MB)
	421740  -  ResidentSetSize of job (KB)
...
006 (3446285.000.000) 01/30 19:20:41 Image size of job updated: 487724
	412  -  MemoryUsage of job (MB)
	421812  -  ResidentSetSize of job (KB)
...
006 (3446285.000.000) 01/30 19:25:42 Image size of job updated: 487724
	412  -  MemoryUsage of job (MB)
	421840  -  ResidentSetSize of job (KB)
...
006 (3446285.000.000) 01/30 19:30:42 Image size of job updated: 487724
	413  -  MemoryUsage of job (MB)
	421916  -  ResidentSetSize of job (KB)
...
006 (3446285.000.000) 01/30 19:35:43 Image size of job updated: 487724
	413  -  MemoryUsage of job (MB)
	421992  -  ResidentSetSize of job (KB)
...
006 (3446285.000.000) 01/30 19:45:44 Image size of job updated: 487724
	413  -  MemoryUsage of job (MB)
	422124  -  ResidentSetSize of job (KB)
...
006 (3446285.000.000) 01/30 19:50:45 Image size of job updated: 487724
	413  -  MemoryUsage of job (MB)
	422164  -  ResidentSetSize of job (KB)
...
006 (3446285.000.000) 01/30 20:00:46 Image size of job updated: 487724
	413  -  MemoryUsage of job (MB)
	422232  -  ResidentSetSize of job (KB)
...
006 (3446285.000.000) 01/30 20:05:47 Image size of job updated: 487724
	413  -  MemoryUsage of job (MB)
	422432  -  ResidentSetSize of job (KB)
...
006 (3446285.000.000) 01/30 20:10:48 Image size of job updated: 487724
	413  -  MemoryUsage of job (MB)
	422444  -  ResidentSetSize of job (KB)
...
006 (3446285.000.000) 01/30 20:15:48 Image size of job updated: 487724
	413  -  MemoryUsage of job (MB)
	422516  -  ResidentSetSize of job (KB)
...
006 (3446285.000.000) 01/30 20:20:48 Image size of job updated: 487724
	413  -  MemoryUsage of job (MB)
	422684  -  ResidentSetSize of job (KB)
...
006 (3446285.000.000) 01/30 20:25:49 Image size of job updated: 487724
	413  -  MemoryUsage of job (MB)
	422724  -  ResidentSetSize of job (KB)
...
006 (3446285.000.000) 01/30 20:30:49 Image size of job updated: 487724
	413  -  MemoryUsage of job (MB)
	422880  -  ResidentSetSize of job (KB)
...
006 (3446285.000.000) 01/30 20:35:49 Image size of job updated: 487724
	414  -  MemoryUsage of job (MB)
	422936  -  ResidentSetSize of job (KB)
...
006 (3446285.000.000) 01/30 20:40:50 Image size of job updated: 487724
	414  -  MemoryUsage of job (MB)
	422972  -  ResidentSetSize of job (KB)
...
006 (3446285.000.000) 01/30 20:45:50 Image size of job updated: 487724
	414  -  MemoryUsage of job (MB)
	423080  -  ResidentSetSize of job (KB)
...
006 (3446285.000.000) 01/30 20:55:51 Image size of job updated: 487724
	414  -  MemoryUsage of job (MB)
	423192  -  ResidentSetSize of job (KB)
...
006 (3446285.000.000) 01/30 21:00:52 Image size of job updated: 487724
	414  -  MemoryUsage of job (MB)
	423244  -  ResidentSetSize of job (KB)
...
006 (3446285.000.000) 01/30 21:05:53 Image size of job updated: 487724
	414  -  MemoryUsage of job (MB)
	423396  -  ResidentSetSize of job (KB)
...
006 (3446285.000.000) 01/30 21:10:54 Image size of job updated: 487724
	414  -  MemoryUsage of job (MB)
	423560  -  ResidentSetSize of job (KB)
...
006 (3446285.000.000) 01/30 21:15:54 Image size of job updated: 487724
	414  -  MemoryUsage of job (MB)
	423860  -  ResidentSetSize of job (KB)
...
006 (3446285.000.000) 01/30 21:20:55 Image size of job updated: 487724
	415  -  MemoryUsage of job (MB)
	424152  -  ResidentSetSize of job (KB)
...
006 (3446285.000.000) 01/30 21:45:57 Image size of job updated: 487724
	415  -  MemoryUsage of job (MB)
	424236  -  ResidentSetSize of job (KB)
...
006 (3446285.000.000) 01/30 23:11:05 Image size of job updated: 487724
	415  -  MemoryUsage of job (MB)
	424264  -  ResidentSetSize of job (KB)
...
006 (3446285.000.000) 01/30 23:16:06 Image size of job updated: 487724
	415  -  MemoryUsage of job (MB)
	424304  -  ResidentSetSize of job (KB)
...
006 (3446285.000.000) 01/30 23:21:07 Image size of job updated: 487724
	415  -  MemoryUsage of job (MB)
	424332  -  ResidentSetSize of job (KB)
...
006 (3446285.000.000) 01/30 23:26:07 Image size of job updated: 487724
	415  -  MemoryUsage of job (MB)
	424440  -  ResidentSetSize of job (KB)
...
006 (3446285.000.000) 01/30 23:46:09 Image size of job updated: 487724
	415  -  MemoryUsage of job (MB)
	424596  -  ResidentSetSize of job (KB)
...
006 (3446285.000.000) 01/31 00:11:13 Image size of job updated: 487724
	415  -  MemoryUsage of job (MB)
	424640  -  ResidentSetSize of job (KB)
...
006 (3446285.000.000) 01/31 00:21:13 Image size of job updated: 487724
	415  -  MemoryUsage of job (MB)
	424748  -  ResidentSetSize of job (KB)
...
006 (3446285.000.000) 01/31 00:31:15 Image size of job updated: 487724
	415  -  MemoryUsage of job (MB)
	424796  -  ResidentSetSize of job (KB)
...
006 (3446285.000.000) 01/31 01:21:19 Image size of job updated: 487724
	415  -  MemoryUsage of job (MB)
	424832  -  ResidentSetSize of job (KB)
...
006 (3446285.000.000) 01/31 01:36:20 Image size of job updated: 487724
	415  -  MemoryUsage of job (MB)
	424836  -  ResidentSetSize of job (KB)
...
006 (3446285.000.000) 01/31 01:41:21 Image size of job updated: 487724
	415  -  MemoryUsage of job (MB)
	424844  -  ResidentSetSize of job (KB)
...
006 (3446285.000.000) 01/31 01:46:22 Image size of job updated: 487724
	415  -  MemoryUsage of job (MB)
	424852  -  ResidentSetSize of job (KB)
...
006 (3446285.000.000) 01/31 01:51:22 Image size of job updated: 487724
	415  -  MemoryUsage of job (MB)
	424864  -  ResidentSetSize of job (KB)
...
006 (3446285.000.000) 01/31 01:56:22 Image size of job updated: 487724
	415  -  MemoryUsage of job (MB)
	424872  -  ResidentSetSize of job (KB)
...
006 (3446285.000.000) 01/31 02:01:24 Image size of job updated: 487724
	415  -  MemoryUsage of job (MB)
	424896  -  ResidentSetSize of job (KB)
...
006 (3446285.000.000) 01/31 02:16:25 Image size of job updated: 487724
	415  -  MemoryUsage of job (MB)
	424924  -  ResidentSetSize of job (KB)
...
006 (3446285.000.000) 01/31 02:26:26 Image size of job updated: 487724
	415  -  MemoryUsage of job (MB)
	424936  -  ResidentSetSize of job (KB)
...
006 (3446285.000.000) 01/31 02:31:26 Image size of job updated: 487724
	416  -  MemoryUsage of job (MB)
	424964  -  ResidentSetSize of job (KB)
...
006 (3446285.000.000) 01/31 02:41:28 Image size of job updated: 487724
	416  -  MemoryUsage of job (MB)
	424992  -  ResidentSetSize of job (KB)
...
006 (3446285.000.000) 01/31 02:46:28 Image size of job updated: 487724
	416  -  MemoryUsage of job (MB)
	425008  -  ResidentSetSize of job (KB)
...
006 (3446285.000.000) 01/31 02:51:29 Image size of job updated: 487724
	416  -  MemoryUsage of job (MB)
	425036  -  ResidentSetSize of job (KB)
...
006 (3446285.000.000) 01/31 03:01:30 Image size of job updated: 487724
	416  -  MemoryUsage of job (MB)
	425072  -  ResidentSetSize of job (KB)
...
006 (3446285.000.000) 01/31 03:11:32 Image size of job updated: 487724
	416  -  MemoryUsage of job (MB)
	425084  -  ResidentSetSize of job (KB)
...
006 (3446285.000.000) 01/31 03:16:32 Image size of job updated: 487724
	416  -  MemoryUsage of job (MB)
	425100  -  ResidentSetSize of job (KB)
...
006 (3446285.000.000) 01/31 03:21:32 Image size of job updated: 487724
	416  -  MemoryUsage of job (MB)
	425132  -  ResidentSetSize of job (KB)
...
006 (3446285.000.000) 01/31 03:26:33 Image size of job updated: 487724
	416  -  MemoryUsage of job (MB)
	425144  -  ResidentSetSize of job (KB)
...
006 (3446285.000.000) 01/31 03:31:34 Image size of job updated: 487724
	416  -  MemoryUsage of job (MB)
	425156  -  ResidentSetSize of job (KB)
...
006 (3446285.000.000) 01/31 03:36:34 Image size of job updated: 487724
	416  -  MemoryUsage of job (MB)
	425180  -  ResidentSetSize of job (KB)
...
006 (3446285.000.000) 01/31 03:46:36 Image size of job updated: 487724
	416  -  MemoryUsage of job (MB)
	425240  -  ResidentSetSize of job (KB)
...
006 (3446285.000.000) 01/31 03:56:36 Image size of job updated: 487724
	416  -  MemoryUsage of job (MB)
	425300  -  ResidentSetSize of job (KB)
...
006 (3446285.000.000) 01/31 04:01:37 Image size of job updated: 487724
	416  -  MemoryUsage of job (MB)
	425312  -  ResidentSetSize of job (KB)
...
006 (3446285.000.000) 01/31 04:16:39 Image size of job updated: 487724
	416  -  MemoryUsage of job (MB)
	425336  -  ResidentSetSize of job (KB)
...
006 (3446285.000.000) 01/31 04:26:40 Image size of job updated: 487724
	416  -  MemoryUsage of job (MB)
	425344  -  ResidentSetSize of job (KB)
...
006 (3446285.000.000) 01/31 04:46:42 Image size of job updated: 487724
	416  -  MemoryUsage of job (MB)
	425352  -  ResidentSetSize of job (KB)
...
006 (3446285.000.000) 01/31 05:06:44 Image size of job updated: 487724
	416  -  MemoryUsage of job (MB)
	425448  -  ResidentSetSize of job (KB)
...
006 (3446285.000.000) 01/31 05:11:46 Image size of job updated: 487724
	416  -  MemoryUsage of job (MB)
	425524  -  ResidentSetSize of job (KB)
...
006 (3446285.000.000) 01/31 05:41:48 Image size of job updated: 487724
	416  -  MemoryUsage of job (MB)
	425636  -  ResidentSetSize of job (KB)
...
006 (3446285.000.000) 01/31 06:06:52 Image size of job updated: 487724
	416  -  MemoryUsage of job (MB)
	425696  -  ResidentSetSize of job (KB)
...
006 (3446285.000.000) 01/31 06:31:54 Image size of job updated: 487724
	416  -  MemoryUsage of job (MB)
	425784  -  ResidentSetSize of job (KB)
...
006 (3446285.000.000) 01/31 06:41:56 Image size of job updated: 487724
	416  -  MemoryUsage of job (MB)
	425816  -  ResidentSetSize of job (KB)
...
006 (3446285.000.000) 01/31 06:56:57 Image size of job updated: 487724
	416  -  MemoryUsage of job (MB)
	425872  -  ResidentSetSize of job (KB)
...
006 (3446285.000.000) 01/31 07:01:58 Image size of job updated: 487724
	416  -  MemoryUsage of job (MB)
	425884  -  ResidentSetSize of job (KB)
...
006 (3446285.000.000) 01/31 07:06:58 Image size of job updated: 487724
	416  -  MemoryUsage of job (MB)
	425900  -  ResidentSetSize of job (KB)
...
006 (3446285.000.000) 01/31 07:11:59 Image size of job updated: 487724
	416  -  MemoryUsage of job (MB)
	425912  -  ResidentSetSize of job (KB)
...
006 (3446285.000.000) 01/31 07:17:00 Image size of job updated: 487724
	416  -  MemoryUsage of job (MB)
	425932  -  ResidentSetSize of job (KB)
...
006 (3446285.000.000) 01/31 07:22:00 Image size of job updated: 487724
	416  -  MemoryUsage of job (MB)
	425952  -  ResidentSetSize of job (KB)
...
006 (3446285.000.000) 01/31 07:27:00 Image size of job updated: 487724
	417  -  MemoryUsage of job (MB)
	425996  -  ResidentSetSize of job (KB)
...
006 (3446285.000.000) 01/31 07:32:01 Image size of job updated: 487724
	417  -  MemoryUsage of job (MB)
	426008  -  ResidentSetSize of job (KB)
...
006 (3446285.000.000) 01/31 07:37:01 Image size of job updated: 487724
	417  -  MemoryUsage of job (MB)
	426036  -  ResidentSetSize of job (KB)
...
006 (3446285.000.000) 01/31 07:42:01 Image size of job updated: 487724
	417  -  MemoryUsage of job (MB)
	426048  -  ResidentSetSize of job (KB)
...
006 (3446285.000.000) 01/31 07:47:02 Image size of job updated: 487724
	417  -  MemoryUsage of job (MB)
	426096  -  ResidentSetSize of job (KB)
...
006 (3446285.000.000) 01/31 07:52:02 Image size of job updated: 487724
	417  -  MemoryUsage of job (MB)
	426144  -  ResidentSetSize of job (KB)
...
006 (3446285.000.000) 01/31 07:57:02 Image size of job updated: 487724
	417  -  MemoryUsage of job (MB)
	426184  -  ResidentSetSize of job (KB)
...
006 (3446285.000.000) 01/31 08:07:03 Image size of job updated: 487724
	417  -  MemoryUsage of job (MB)
	426224  -  ResidentSetSize of job (KB)
...
006 (3446285.000.000) 01/31 08:12:03 Image size of job updated: 487724
	417  -  MemoryUsage of job (MB)
	426240  -  ResidentSetSize of job (KB)
...
006 (3446285.000.000) 01/31 08:17:04 Image size of job updated: 487724
	417  -  MemoryUsage of job (MB)
	426268  -  ResidentSetSize of job (KB)
...
006 (3446285.000.000) 01/31 08:22:04 Image size of job updated: 487724
	417  -  MemoryUsage of job (MB)
	426280  -  ResidentSetSize of job (KB)
...
006 (3446285.000.000) 01/31 08:27:04 Image size of job updated: 487724
	417  -  MemoryUsage of job (MB)
	426284  -  ResidentSetSize of job (KB)
...
006 (3446285.000.000) 01/31 08:37:06 Image size of job updated: 487724
	417  -  MemoryUsage of job (MB)
	426292  -  ResidentSetSize of job (KB)
...
006 (3446285.000.000) 01/31 14:07:41 Image size of job updated: 487724
	417  -  MemoryUsage of job (MB)
	426296  -  ResidentSetSize of job (KB)
...
006 (3446285.000.000) 01/31 14:12:42 Image size of job updated: 487724
	417  -  MemoryUsage of job (MB)
	426308  -  ResidentSetSize of job (KB)
...
006 (3446285.000.000) 01/31 14:17:42 Image size of job updated: 487724
	417  -  MemoryUsage of job (MB)
	426312  -  ResidentSetSize of job (KB)
...
006 (3446285.000.000) 01/31 14:27:44 Image size of job updated: 487724
	417  -  MemoryUsage of job (MB)
	426324  -  ResidentSetSize of job (KB)
...
006 (3446285.000.000) 01/31 14:32:44 Image size of job updated: 487724
	417  -  MemoryUsage of job (MB)
	426352  -  ResidentSetSize of job (KB)
...
006 (3446285.000.000) 01/31 14:57:47 Image size of job updated: 487724
	417  -  MemoryUsage of job (MB)
	426388  -  ResidentSetSize of job (KB)
...
006 (3446285.000.000) 01/31 15:02:47 Image size of job updated: 487724
	417  -  MemoryUsage of job (MB)
	426392  -  ResidentSetSize of job (KB)
...
006 (3446285.000.000) 01/31 15:17:49 Image size of job updated: 487724
	417  -  MemoryUsage of job (MB)
	426412  -  ResidentSetSize of job (KB)
...
006 (3446285.000.000) 01/31 15:32:51 Image size of job updated: 487724
	417  -  MemoryUsage of job (MB)
	426440  -  ResidentSetSize of job (KB)
...
006 (3446285.000.000) 01/31 15:37:51 Image size of job updated: 487724
	417  -  MemoryUsage of job (MB)
	426460  -  ResidentSetSize of job (KB)
...
006 (3446285.000.000) 01/31 15:52:53 Image size of job updated: 487724
	417  -  MemoryUsage of job (MB)
	426468  -  ResidentSetSize of job (KB)
...
006 (3446285.000.000) 01/31 15:57:54 Image size of job updated: 487724
	417  -  MemoryUsage of job (MB)
	426484  -  ResidentSetSize of job (KB)
...
006 (3446285.000.000) 01/31 16:02:55 Image size of job updated: 487724
	417  -  MemoryUsage of job (MB)
	426528  -  ResidentSetSize of job (KB)
...
006 (3446285.000.000) 01/31 16:12:55 Image size of job updated: 487724
	417  -  MemoryUsage of job (MB)
	426532  -  ResidentSetSize of job (KB)
...
006 (3446285.000.000) 01/31 16:17:57 Image size of job updated: 487724
	417  -  MemoryUsage of job (MB)
	426536  -  ResidentSetSize of job (KB)
...
006 (3446285.000.000) 01/31 16:22:57 Image size of job updated: 487724
	417  -  MemoryUsage of job (MB)
	426552  -  ResidentSetSize of job (KB)
...
006 (3446285.000.000) 01/31 16:27:57 Image size of job updated: 487724
	417  -  MemoryUsage of job (MB)
	426584  -  ResidentSetSize of job (KB)
...
006 (3446285.000.000) 01/31 16:32:58 Image size of job updated: 487724
	417  -  MemoryUsage of job (MB)
	426604  -  ResidentSetSize of job (KB)
...
006 (3446285.000.000) 01/31 16:42:59 Image size of job updated: 487724
	417  -  MemoryUsage of job (MB)
	426608  -  ResidentSetSize of job (KB)
...
006 (3446285.000.000) 01/31 16:53:01 Image size of job updated: 487724
	417  -  MemoryUsage of job (MB)
	426632  -  ResidentSetSize of job (KB)
...
006 (3446285.000.000) 01/31 16:58:01 Image size of job updated: 487724
	417  -  MemoryUsage of job (MB)
	426648  -  ResidentSetSize of job (KB)
...
006 (3446285.000.000) 01/31 17:18:22 Image size of job updated: 487724
	417  -  MemoryUsage of job (MB)
	426676  -  ResidentSetSize of job (KB)
...
006 (3446285.000.000) 01/31 17:28:23 Image size of job updated: 487724
	417  -  MemoryUsage of job (MB)
	426728  -  ResidentSetSize of job (KB)
...
006 (3446285.000.000) 01/31 19:18:34 Image size of job updated: 487724
	417  -  MemoryUsage of job (MB)
	426740  -  ResidentSetSize of job (KB)
...
006 (3446285.000.000) 01/31 19:23:35 Image size of job updated: 487724
	417  -  MemoryUsage of job (MB)
	426764  -  ResidentSetSize of job (KB)
...
006 (3446285.000.000) 01/31 19:28:36 Image size of job updated: 487724
	417  -  MemoryUsage of job (MB)
	426816  -  ResidentSetSize of job (KB)
...
006 (3446285.000.000) 01/31 19:33:36 Image size of job updated: 487724
	417  -  MemoryUsage of job (MB)
	426868  -  ResidentSetSize of job (KB)
...
006 (3446285.000.000) 01/31 19:38:36 Image size of job updated: 487724
	417  -  MemoryUsage of job (MB)
	426904  -  ResidentSetSize of job (KB)
...
006 (3446285.000.000) 01/31 19:48:37 Image size of job updated: 487724
	417  -  MemoryUsage of job (MB)
	426920  -  ResidentSetSize of job (KB)
...
006 (3446285.000.000) 01/31 19:53:37 Image size of job updated: 487724
	417  -  MemoryUsage of job (MB)
	426964  -  ResidentSetSize of job (KB)
...
006 (3446285.000.000) 01/31 19:58:38 Image size of job updated: 487724
	418  -  MemoryUsage of job (MB)
	427028  -  ResidentSetSize of job (KB)
...
006 (3446285.000.000) 02/01 02:59:20 Image size of job updated: 487724
	418  -  MemoryUsage of job (MB)
	427060  -  ResidentSetSize of job (KB)
...
006 (3446285.000.000) 02/01 03:04:20 Image size of job updated: 487724
	418  -  MemoryUsage of job (MB)
	427072  -  ResidentSetSize of job (KB)
...
006 (3446285.000.000) 02/01 03:34:22 Image size of job updated: 487724
	418  -  MemoryUsage of job (MB)
	427124  -  ResidentSetSize of job (KB)
...
006 (3446285.000.000) 02/01 03:39:22 Image size of job updated: 487724
	418  -  MemoryUsage of job (MB)
	427140  -  ResidentSetSize of job (KB)
...
006 (3446285.000.000) 02/01 03:54:23 Image size of job updated: 487724
	418  -  MemoryUsage of job (MB)
	427160  -  ResidentSetSize of job (KB)
...
006 (3446285.000.000) 02/01 04:09:24 Image size of job updated: 487724
	418  -  MemoryUsage of job (MB)
	427168  -  ResidentSetSize of job (KB)
...
006 (3446285.000.000) 02/01 04:14:26 Image size of job updated: 487724
	418  -  MemoryUsage of job (MB)
	427176  -  ResidentSetSize of job (KB)
...
006 (3446285.000.000) 02/01 04:19:26 Image size of job updated: 487724
	418  -  MemoryUsage of job (MB)
	427192  -  ResidentSetSize of job (KB)
...
006 (3446285.000.000) 02/01 04:29:27 Image size of job updated: 487724
	418  -  MemoryUsage of job (MB)
	427224  -  ResidentSetSize of job (KB)
...
006 (3446285.000.000) 02/01 04:54:30 Image size of job updated: 487724
	418  -  MemoryUsage of job (MB)
	427252  -  ResidentSetSize of job (KB)
...
006 (3446285.000.000) 02/01 04:59:31 Image size of job updated: 487724
	418  -  MemoryUsage of job (MB)
	427264  -  ResidentSetSize of job (KB)
...
006 (3446285.000.000) 02/01 05:04:31 Image size of job updated: 487724
	418  -  MemoryUsage of job (MB)
	427304  -  ResidentSetSize of job (KB)
...
006 (3446285.000.000) 02/01 05:19:32 Image size of job updated: 487724
	418  -  MemoryUsage of job (MB)
	427332  -  ResidentSetSize of job (KB)
...
006 (3446285.000.000) 02/01 05:29:33 Image size of job updated: 487724
	418  -  MemoryUsage of job (MB)
	427336  -  ResidentSetSize of job (KB)
...
006 (3446285.000.000) 02/01 05:39:33 Image size of job updated: 487724
	418  -  MemoryUsage of job (MB)
	427352  -  ResidentSetSize of job (KB)
...
006 (3446285.000.000) 02/01 05:49:35 Image size of job updated: 487724
	418  -  MemoryUsage of job (MB)
	427404  -  ResidentSetSize of job (KB)
...
006 (3446285.000.000) 02/01 05:54:35 Image size of job updated: 487724
	418  -  MemoryUsage of job (MB)
	427456  -  ResidentSetSize of job (KB)
...
006 (3446285.000.000) 02/01 06:19:39 Image size of job updated: 487724
	418  -  MemoryUsage of job (MB)
	427484  -  ResidentSetSize of job (KB)
...
006 (3446285.000.000) 02/01 06:24:39 Image size of job updated: 487724
	418  -  MemoryUsage of job (MB)
	427488  -  ResidentSetSize of job (KB)
...
006 (3446285.000.000) 02/01 06:39:41 Image size of job updated: 487724
	418  -  MemoryUsage of job (MB)
	427512  -  ResidentSetSize of job (KB)
...
006 (3446285.000.000) 02/01 06:44:42 Image size of job updated: 487724
	418  -  MemoryUsage of job (MB)
	427516  -  ResidentSetSize of job (KB)
...
006 (3446285.000.000) 02/01 06:49:43 Image size of job updated: 487724
	418  -  MemoryUsage of job (MB)
	427560  -  ResidentSetSize of job (KB)
...
006 (3446285.000.000) 02/01 07:14:45 Image size of job updated: 487724
	418  -  MemoryUsage of job (MB)
	427564  -  ResidentSetSize of job (KB)
...
006 (3446285.000.000) 02/01 07:19:46 Image size of job updated: 487724
	418  -  MemoryUsage of job (MB)
	427588  -  ResidentSetSize of job (KB)
...
006 (3446285.000.000) 02/01 07:44:48 Image size of job updated: 487724
	418  -  MemoryUsage of job (MB)
	427592  -  ResidentSetSize of job (KB)
...
006 (3446285.000.000) 02/01 07:49:49 Image size of job updated: 487724
	418  -  MemoryUsage of job (MB)
	427624  -  ResidentSetSize of job (KB)
...
006 (3446285.000.000) 02/01 07:54:50 Image size of job updated: 487724
	418  -  MemoryUsage of job (MB)
	427664  -  ResidentSetSize of job (KB)
...
006 (3446285.000.000) 02/01 07:59:50 Image size of job updated: 487724
	418  -  MemoryUsage of job (MB)
	427672  -  ResidentSetSize of job (KB)
...
006 (3446285.000.000) 02/01 08:09:52 Image size of job updated: 487724
	418  -  MemoryUsage of job (MB)
	427692  -  ResidentSetSize of job (KB)
...
006 (3446285.000.000) 02/01 08:44:56 Image size of job updated: 487724
	418  -  MemoryUsage of job (MB)
	427708  -  ResidentSetSize of job (KB)
...
006 (3446285.000.000) 02/01 09:04:58 Image size of job updated: 487724
	418  -  MemoryUsage of job (MB)
	427728  -  ResidentSetSize of job (KB)
...
006 (3446285.000.000) 02/01 09:09:58 Image size of job updated: 487724
	418  -  MemoryUsage of job (MB)
	427784  -  ResidentSetSize of job (KB)
...
006 (3446285.000.000) 02/01 09:20:00 Image size of job updated: 487724
	418  -  MemoryUsage of job (MB)
	427828  -  ResidentSetSize of job (KB)
...
006 (3446285.000.000) 02/01 09:35:02 Image size of job updated: 487724
	418  -  MemoryUsage of job (MB)
	427832  -  ResidentSetSize of job (KB)
...
006 (3446285.000.000) 02/01 09:50:03 Image size of job updated: 487724
	418  -  MemoryUsage of job (MB)
	427848  -  ResidentSetSize of job (KB)
...
006 (3446285.000.000) 02/01 09:55:03 Image size of job updated: 487724
	418  -  MemoryUsage of job (MB)
	427876  -  ResidentSetSize of job (KB)
...
006 (3446285.000.000) 02/01 10:05:04 Image size of job updated: 487724
	418  -  MemoryUsage of job (MB)
	427932  -  ResidentSetSize of job (KB)
...
006 (3446285.000.000) 02/01 10:10:04 Image size of job updated: 487724
	418  -  MemoryUsage of job (MB)
	427936  -  ResidentSetSize of job (KB)
...
006 (3446285.000.000) 02/01 10:20:05 Image size of job updated: 487724
	418  -  MemoryUsage of job (MB)
	427956  -  ResidentSetSize of job (KB)
...
006 (3446285.000.000) 02/01 10:30:06 Image size of job updated: 487724
	418  -  MemoryUsage of job (MB)
	427976  -  ResidentSetSize of job (KB)
...
006 (3446285.000.000) 02/01 10:35:07 Image size of job updated: 487724
	419  -  MemoryUsage of job (MB)
	428044  -  ResidentSetSize of job (KB)
...
006 (3446285.000.000) 02/01 10:45:08 Image size of job updated: 487724
	419  -  MemoryUsage of job (MB)
	428064  -  ResidentSetSize of job (KB)
...
006 (3446285.000.000) 02/01 10:50:09 Image size of job updated: 487724
	419  -  MemoryUsage of job (MB)
	428080  -  ResidentSetSize of job (KB)
...
006 (3446285.000.000) 02/01 10:55:10 Image size of job updated: 487724
	419  -  MemoryUsage of job (MB)
	428088  -  ResidentSetSize of job (KB)
...
006 (3446285.000.000) 02/01 11:00:10 Image size of job updated: 487724
	419  -  MemoryUsage of job (MB)
	428128  -  ResidentSetSize of job (KB)
...
006 (3446285.000.000) 02/01 11:10:11 Image size of job updated: 487724
	419  -  MemoryUsage of job (MB)
	428160  -  ResidentSetSize of job (KB)
...
006 (3446285.000.000) 02/01 11:15:11 Image size of job updated: 487724
	419  -  MemoryUsage of job (MB)
	428168  -  ResidentSetSize of job (KB)
...
006 (3446285.000.000) 02/01 11:20:11 Image size of job updated: 487724
	419  -  MemoryUsage of job (MB)
	428188  -  ResidentSetSize of job (KB)
...
006 (3446285.000.000) 02/01 11:25:12 Image size of job updated: 487724
	419  -  MemoryUsage of job (MB)
	428224  -  ResidentSetSize of job (KB)
...
006 (3446285.000.000) 02/01 11:32:46 Image size of job updated: 487724
	419  -  MemoryUsage of job (MB)
	428252  -  ResidentSetSize of job (KB)
...
006 (3446285.000.000) 02/01 11:40:26 Image size of job updated: 487724
	419  -  MemoryUsage of job (MB)
	428256  -  ResidentSetSize of job (KB)
...
006 (3446285.000.000) 02/01 11:46:35 Image size of job updated: 487724
	419  -  MemoryUsage of job (MB)
	428264  -  ResidentSetSize of job (KB)
...
006 (3446285.000.000) 02/01 11:51:35 Image size of job updated: 487724
	419  -  MemoryUsage of job (MB)
	428316  -  ResidentSetSize of job (KB)
...
006 (3446285.000.000) 02/01 12:01:38 Image size of job updated: 487724
	419  -  MemoryUsage of job (MB)
	428392  -  ResidentSetSize of job (KB)
...
006 (3446285.000.000) 02/01 12:06:38 Image size of job updated: 487724
	419  -  MemoryUsage of job (MB)
	428416  -  ResidentSetSize of job (KB)
...
006 (3446285.000.000) 02/01 12:16:39 Image size of job updated: 487724
	419  -  MemoryUsage of job (MB)
	428444  -  ResidentSetSize of job (KB)
...
006 (3446285.000.000) 02/01 12:21:40 Image size of job updated: 487724
	419  -  MemoryUsage of job (MB)
	428460  -  ResidentSetSize of job (KB)
...
006 (3446285.000.000) 02/01 12:36:42 Image size of job updated: 487724
	419  -  MemoryUsage of job (MB)
	428540  -  ResidentSetSize of job (KB)
...
006 (3446285.000.000) 02/01 12:41:42 Image size of job updated: 487724
	419  -  MemoryUsage of job (MB)
	428564  -  ResidentSetSize of job (KB)
...
006 (3446285.000.000) 02/01 12:51:44 Image size of job updated: 487724
	419  -  MemoryUsage of job (MB)
	428576  -  ResidentSetSize of job (KB)
...
006 (3446285.000.000) 02/01 13:01:44 Image size of job updated: 487724
	419  -  MemoryUsage of job (MB)
	428580  -  ResidentSetSize of job (KB)
...
006 (3446285.000.000) 02/01 13:11:46 Image size of job updated: 487724
	419  -  MemoryUsage of job (MB)
	428672  -  ResidentSetSize of job (KB)
...
006 (3446285.000.000) 02/01 13:16:46 Image size of job updated: 487724
	419  -  MemoryUsage of job (MB)
	428692  -  ResidentSetSize of job (KB)
...
006 (3446285.000.000) 02/01 13:21:47 Image size of job updated: 487724
	419  -  MemoryUsage of job (MB)
	428696  -  ResidentSetSize of job (KB)
...
006 (3446285.000.000) 02/01 13:26:48 Image size of job updated: 487724
	419  -  MemoryUsage of job (MB)
	428712  -  ResidentSetSize of job (KB)
...
006 (3446285.000.000) 02/01 13:31:48 Image size of job updated: 487724
	419  -  MemoryUsage of job (MB)
	428724  -  ResidentSetSize of job (KB)
...
006 (3446285.000.000) 02/01 13:36:48 Image size of job updated: 487724
	419  -  MemoryUsage of job (MB)
	428744  -  ResidentSetSize of job (KB)
...
006 (3446285.000.000) 02/01 13:41:49 Image size of job updated: 487724
	419  -  MemoryUsage of job (MB)
	428764  -  ResidentSetSize of job (KB)
...
006 (3446285.000.000) 02/01 13:46:50 Image size of job updated: 487724
	419  -  MemoryUsage of job (MB)
	428808  -  ResidentSetSize of job (KB)
...
006 (3446285.000.000) 02/01 13:56:51 Image size of job updated: 487724
	419  -  MemoryUsage of job (MB)
	428900  -  ResidentSetSize of job (KB)
...
006 (3446285.000.000) 02/01 14:01:52 Image size of job updated: 487724
	419  -  MemoryUsage of job (MB)
	428916  -  ResidentSetSize of job (KB)
...
006 (3446285.000.000) 02/01 14:06:52 Image size of job updated: 487724
	419  -  MemoryUsage of job (MB)
	428956  -  ResidentSetSize of job (KB)
...
006 (3446285.000.000) 02/01 14:11:52 Image size of job updated: 487724
	419  -  MemoryUsage of job (MB)
	428960  -  ResidentSetSize of job (KB)
...
006 (3446285.000.000) 02/01 14:16:53 Image size of job updated: 487724
	419  -  MemoryUsage of job (MB)
	428972  -  ResidentSetSize of job (KB)
...
040 (3446285.000.000) 02/01 19:21:01 Started transferring input files
	Transferring to host: <188.184.211.210:9618?addrs=188.184.211.210-9618+[2001-1458-301-10b--100-1c0]-9618&noUDP&sock=20461_6019_201496>
...
040 (3446285.000.000) 02/01 19:21:01 Finished transferring input files
...
001 (3446285.000.000) 02/01 19:21:02 Job executing on host: <188.184.211.210:9618?addrs=188.184.211.210-9618+[2001-1458-301-10b--100-1c0]-9618&noUDP&sock=20329_94e2_3>
...
040 (3446285.000.000) 02/01 19:21:38 Started transferring output files
...
040 (3446285.000.000) 02/01 19:21:38 Finished transferring output files
...
005 (3446285.000.000) 02/01 19:21:38 Job terminated.
	(1) Normal termination (return value 0)
		Usr 0 00:00:06, Sys 0 00:00:04  -  Run Remote Usage
		Usr 0 00:00:00, Sys 0 00:00:00  -  Run Local Usage
		Usr 0 00:00:06, Sys 0 00:00:04  -  Total Remote Usage
		Usr 0 00:00:00, Sys 0 00:00:00  -  Total Local Usage
	9715  -  Run Bytes Sent By Job
	493  -  Run Bytes Received By Job
	9715  -  Total Bytes Sent By Job
	986  -  Total Bytes Received By Job
	Partitionable Resources :    Usage  Request Allocated 
	   Cpus                 :                 1           
	   Disk (KB)            :       24       40   2940316 
	   Memory (MB)          :      440     2000      2000 
...
