000 (3447342.002.000) 01/30 00:59:21 Job submitted from host: <188.185.71.142:9618?addrs=188.185.71.142-9618+[2001-1458-d00-7--100-388]-9618&alias=bigbird09.cern.ch&noUDP&sock=schedd_2208_1533_7>
...
040 (3447342.002.000) 01/30 04:24:01 Started transferring input files
	Transferring to host: <188.184.211.64:9618?addrs=188.184.211.64-9618+[2001-1458-301-10b--100-126]-9618&noUDP&sock=20399_b0d7_200504>
...
040 (3447342.002.000) 01/30 04:24:01 Finished transferring input files
...
001 (3447342.002.000) 01/30 04:24:02 Job executing on host: <188.184.211.64:9618?addrs=188.184.211.64-9618+[2001-1458-301-10b--100-126]-9618&noUDP&sock=20265_aed2_3>
...
006 (3447342.002.000) 01/30 04:24:11 Image size of job updated: 1180
	2  -  MemoryUsage of job (MB)
	1180  -  ResidentSetSize of job (KB)
...
006 (3447342.002.000) 01/30 04:29:12 Image size of job updated: 481756
	398  -  MemoryUsage of job (MB)
	407048  -  ResidentSetSize of job (KB)
...
006 (3447342.002.000) 01/30 04:34:13 Image size of job updated: 484448
	401  -  MemoryUsage of job (MB)
	409616  -  ResidentSetSize of job (KB)
...
006 (3447342.002.000) 01/30 05:04:16 Image size of job updated: 484448
	401  -  MemoryUsage of job (MB)
	409628  -  ResidentSetSize of job (KB)
...
006 (3447342.002.000) 01/30 05:44:19 Image size of job updated: 484448
	401  -  MemoryUsage of job (MB)
	409648  -  ResidentSetSize of job (KB)
...
006 (3447342.002.000) 01/30 05:49:20 Image size of job updated: 484448
	401  -  MemoryUsage of job (MB)
	409652  -  ResidentSetSize of job (KB)
...
006 (3447342.002.000) 01/30 07:19:29 Image size of job updated: 484448
	401  -  MemoryUsage of job (MB)
	409700  -  ResidentSetSize of job (KB)
...
006 (3447342.002.000) 01/30 07:24:30 Image size of job updated: 484448
	401  -  MemoryUsage of job (MB)
	409844  -  ResidentSetSize of job (KB)
...
006 (3447342.002.000) 01/30 07:29:31 Image size of job updated: 484448
	401  -  MemoryUsage of job (MB)
	409908  -  ResidentSetSize of job (KB)
...
006 (3447342.002.000) 01/30 07:34:31 Image size of job updated: 484448
	401  -  MemoryUsage of job (MB)
	410000  -  ResidentSetSize of job (KB)
...
006 (3447342.002.000) 01/30 07:39:31 Image size of job updated: 484448
	401  -  MemoryUsage of job (MB)
	410108  -  ResidentSetSize of job (KB)
...
006 (3447342.002.000) 01/30 07:49:32 Image size of job updated: 484448
	401  -  MemoryUsage of job (MB)
	410212  -  ResidentSetSize of job (KB)
...
006 (3447342.002.000) 01/30 07:54:32 Image size of job updated: 484448
	401  -  MemoryUsage of job (MB)
	410292  -  ResidentSetSize of job (KB)
...
006 (3447342.002.000) 01/30 07:59:34 Image size of job updated: 484448
	401  -  MemoryUsage of job (MB)
	410344  -  ResidentSetSize of job (KB)
...
006 (3447342.002.000) 01/30 08:04:34 Image size of job updated: 484516
	401  -  MemoryUsage of job (MB)
	410472  -  ResidentSetSize of job (KB)
...
006 (3447342.002.000) 01/30 08:09:34 Image size of job updated: 484560
	401  -  MemoryUsage of job (MB)
	410516  -  ResidentSetSize of job (KB)
...
006 (3447342.002.000) 01/30 08:14:35 Image size of job updated: 484676
	402  -  MemoryUsage of job (MB)
	410632  -  ResidentSetSize of job (KB)
...
006 (3447342.002.000) 01/30 08:19:36 Image size of job updated: 484736
	402  -  MemoryUsage of job (MB)
	410692  -  ResidentSetSize of job (KB)
...
006 (3447342.002.000) 01/30 08:24:36 Image size of job updated: 484764
	402  -  MemoryUsage of job (MB)
	410720  -  ResidentSetSize of job (KB)
...
006 (3447342.002.000) 01/30 08:29:37 Image size of job updated: 484856
	402  -  MemoryUsage of job (MB)
	410812  -  ResidentSetSize of job (KB)
...
006 (3447342.002.000) 01/30 08:34:38 Image size of job updated: 485008
	402  -  MemoryUsage of job (MB)
	410964  -  ResidentSetSize of job (KB)
...
006 (3447342.002.000) 01/30 08:39:38 Image size of job updated: 485056
	402  -  MemoryUsage of job (MB)
	411012  -  ResidentSetSize of job (KB)
...
006 (3447342.002.000) 01/30 08:44:38 Image size of job updated: 485124
	402  -  MemoryUsage of job (MB)
	411080  -  ResidentSetSize of job (KB)
...
006 (3447342.002.000) 01/30 08:49:39 Image size of job updated: 485208
	402  -  MemoryUsage of job (MB)
	411164  -  ResidentSetSize of job (KB)
...
006 (3447342.002.000) 01/30 08:54:40 Image size of job updated: 485300
	402  -  MemoryUsage of job (MB)
	411256  -  ResidentSetSize of job (KB)
...
006 (3447342.002.000) 01/30 08:59:40 Image size of job updated: 485572
	402  -  MemoryUsage of job (MB)
	411528  -  ResidentSetSize of job (KB)
...
006 (3447342.002.000) 01/30 09:04:41 Image size of job updated: 485656
	402  -  MemoryUsage of job (MB)
	411612  -  ResidentSetSize of job (KB)
...
006 (3447342.002.000) 01/30 09:39:44 Image size of job updated: 485716
	402  -  MemoryUsage of job (MB)
	411648  -  ResidentSetSize of job (KB)
...
006 (3447342.002.000) 01/30 09:44:45 Image size of job updated: 485792
	403  -  MemoryUsage of job (MB)
	411724  -  ResidentSetSize of job (KB)
...
006 (3447342.002.000) 01/30 09:49:45 Image size of job updated: 485824
	403  -  MemoryUsage of job (MB)
	411756  -  ResidentSetSize of job (KB)
...
006 (3447342.002.000) 01/30 10:29:49 Image size of job updated: 485840
	403  -  MemoryUsage of job (MB)
	411772  -  ResidentSetSize of job (KB)
...
006 (3447342.002.000) 01/30 10:39:51 Image size of job updated: 485968
	403  -  MemoryUsage of job (MB)
	411900  -  ResidentSetSize of job (KB)
...
006 (3447342.002.000) 01/30 10:44:51 Image size of job updated: 485976
	403  -  MemoryUsage of job (MB)
	411908  -  ResidentSetSize of job (KB)
...
006 (3447342.002.000) 01/30 10:49:52 Image size of job updated: 486060
	403  -  MemoryUsage of job (MB)
	411992  -  ResidentSetSize of job (KB)
...
006 (3447342.002.000) 01/30 10:59:53 Image size of job updated: 486192
	403  -  MemoryUsage of job (MB)
	412132  -  ResidentSetSize of job (KB)
...
006 (3447342.002.000) 01/30 11:09:54 Image size of job updated: 486336
	403  -  MemoryUsage of job (MB)
	412276  -  ResidentSetSize of job (KB)
...
006 (3447342.002.000) 01/30 11:14:54 Image size of job updated: 486368
	403  -  MemoryUsage of job (MB)
	412308  -  ResidentSetSize of job (KB)
...
006 (3447342.002.000) 01/30 11:19:54 Image size of job updated: 486452
	403  -  MemoryUsage of job (MB)
	412392  -  ResidentSetSize of job (KB)
...
006 (3447342.002.000) 01/30 11:24:55 Image size of job updated: 486540
	403  -  MemoryUsage of job (MB)
	412480  -  ResidentSetSize of job (KB)
...
006 (3447342.002.000) 01/30 11:29:56 Image size of job updated: 486680
	403  -  MemoryUsage of job (MB)
	412620  -  ResidentSetSize of job (KB)
...
006 (3447342.002.000) 01/30 11:34:56 Image size of job updated: 486728
	403  -  MemoryUsage of job (MB)
	412668  -  ResidentSetSize of job (KB)
...
006 (3447342.002.000) 01/30 11:39:57 Image size of job updated: 486864
	404  -  MemoryUsage of job (MB)
	412804  -  ResidentSetSize of job (KB)
...
006 (3447342.002.000) 01/30 11:44:58 Image size of job updated: 486932
	404  -  MemoryUsage of job (MB)
	412872  -  ResidentSetSize of job (KB)
...
006 (3447342.002.000) 01/30 11:49:58 Image size of job updated: 487028
	404  -  MemoryUsage of job (MB)
	412968  -  ResidentSetSize of job (KB)
...
006 (3447342.002.000) 01/30 11:54:58 Image size of job updated: 487060
	404  -  MemoryUsage of job (MB)
	412996  -  ResidentSetSize of job (KB)
...
006 (3447342.002.000) 01/30 11:59:59 Image size of job updated: 487148
	404  -  MemoryUsage of job (MB)
	413084  -  ResidentSetSize of job (KB)
...
006 (3447342.002.000) 01/30 12:05:00 Image size of job updated: 487224
	404  -  MemoryUsage of job (MB)
	413152  -  ResidentSetSize of job (KB)
...
006 (3447342.002.000) 01/30 12:10:00 Image size of job updated: 487268
	404  -  MemoryUsage of job (MB)
	413196  -  ResidentSetSize of job (KB)
...
006 (3447342.002.000) 01/30 12:15:01 Image size of job updated: 487336
	404  -  MemoryUsage of job (MB)
	413248  -  ResidentSetSize of job (KB)
...
006 (3447342.002.000) 01/30 12:20:02 Image size of job updated: 487360
	404  -  MemoryUsage of job (MB)
	413272  -  ResidentSetSize of job (KB)
...
006 (3447342.002.000) 01/30 12:25:02 Image size of job updated: 487440
	404  -  MemoryUsage of job (MB)
	413352  -  ResidentSetSize of job (KB)
...
006 (3447342.002.000) 01/30 12:30:03 Image size of job updated: 487444
	404  -  MemoryUsage of job (MB)
	413356  -  ResidentSetSize of job (KB)
...
006 (3447342.002.000) 01/30 12:35:04 Image size of job updated: 487536
	404  -  MemoryUsage of job (MB)
	413468  -  ResidentSetSize of job (KB)
...
006 (3447342.002.000) 01/30 12:40:04 Image size of job updated: 487556
	404  -  MemoryUsage of job (MB)
	413488  -  ResidentSetSize of job (KB)
...
006 (3447342.002.000) 01/30 12:45:04 Image size of job updated: 487628
	404  -  MemoryUsage of job (MB)
	413560  -  ResidentSetSize of job (KB)
...
006 (3447342.002.000) 01/30 12:50:06 Image size of job updated: 487648
	404  -  MemoryUsage of job (MB)
	413580  -  ResidentSetSize of job (KB)
...
006 (3447342.002.000) 01/30 12:55:06 Image size of job updated: 487700
	404  -  MemoryUsage of job (MB)
	413632  -  ResidentSetSize of job (KB)
...
006 (3447342.002.000) 01/30 13:00:06 Image size of job updated: 487768
	405  -  MemoryUsage of job (MB)
	413700  -  ResidentSetSize of job (KB)
...
006 (3447342.002.000) 01/30 13:05:07 Image size of job updated: 487896
	405  -  MemoryUsage of job (MB)
	413828  -  ResidentSetSize of job (KB)
...
006 (3447342.002.000) 01/30 13:10:08 Image size of job updated: 488060
	405  -  MemoryUsage of job (MB)
	413992  -  ResidentSetSize of job (KB)
...
006 (3447342.002.000) 01/30 13:15:08 Image size of job updated: 488112
	405  -  MemoryUsage of job (MB)
	414044  -  ResidentSetSize of job (KB)
...
006 (3447342.002.000) 01/30 13:20:08 Image size of job updated: 488160
	405  -  MemoryUsage of job (MB)
	414092  -  ResidentSetSize of job (KB)
...
006 (3447342.002.000) 01/30 13:25:09 Image size of job updated: 488268
	405  -  MemoryUsage of job (MB)
	414200  -  ResidentSetSize of job (KB)
...
006 (3447342.002.000) 01/30 13:30:10 Image size of job updated: 488268
	405  -  MemoryUsage of job (MB)
	414264  -  ResidentSetSize of job (KB)
...
006 (3447342.002.000) 01/30 13:35:10 Image size of job updated: 488268
	405  -  MemoryUsage of job (MB)
	414340  -  ResidentSetSize of job (KB)
...
006 (3447342.002.000) 01/30 13:40:10 Image size of job updated: 488268
	405  -  MemoryUsage of job (MB)
	414480  -  ResidentSetSize of job (KB)
...
006 (3447342.002.000) 01/30 13:45:11 Image size of job updated: 488268
	405  -  MemoryUsage of job (MB)
	414568  -  ResidentSetSize of job (KB)
...
006 (3447342.002.000) 01/30 13:50:12 Image size of job updated: 488268
	405  -  MemoryUsage of job (MB)
	414596  -  ResidentSetSize of job (KB)
...
006 (3447342.002.000) 01/30 13:55:12 Image size of job updated: 488268
	405  -  MemoryUsage of job (MB)
	414648  -  ResidentSetSize of job (KB)
...
006 (3447342.002.000) 01/30 14:00:12 Image size of job updated: 488268
	406  -  MemoryUsage of job (MB)
	414768  -  ResidentSetSize of job (KB)
...
006 (3447342.002.000) 01/30 14:05:14 Image size of job updated: 488268
	406  -  MemoryUsage of job (MB)
	414832  -  ResidentSetSize of job (KB)
...
006 (3447342.002.000) 01/30 14:10:14 Image size of job updated: 488268
	406  -  MemoryUsage of job (MB)
	414884  -  ResidentSetSize of job (KB)
...
006 (3447342.002.000) 01/30 14:15:14 Image size of job updated: 488268
	406  -  MemoryUsage of job (MB)
	415048  -  ResidentSetSize of job (KB)
...
006 (3447342.002.000) 01/30 14:20:14 Image size of job updated: 488268
	406  -  MemoryUsage of job (MB)
	415148  -  ResidentSetSize of job (KB)
...
006 (3447342.002.000) 01/30 14:25:15 Image size of job updated: 488268
	406  -  MemoryUsage of job (MB)
	415344  -  ResidentSetSize of job (KB)
...
006 (3447342.002.000) 01/30 14:30:16 Image size of job updated: 488268
	406  -  MemoryUsage of job (MB)
	415432  -  ResidentSetSize of job (KB)
...
006 (3447342.002.000) 01/30 14:35:16 Image size of job updated: 488268
	406  -  MemoryUsage of job (MB)
	415504  -  ResidentSetSize of job (KB)
...
006 (3447342.002.000) 01/30 14:40:16 Image size of job updated: 488268
	406  -  MemoryUsage of job (MB)
	415632  -  ResidentSetSize of job (KB)
...
006 (3447342.002.000) 01/30 14:45:17 Image size of job updated: 488268
	406  -  MemoryUsage of job (MB)
	415716  -  ResidentSetSize of job (KB)
...
006 (3447342.002.000) 01/30 14:50:18 Image size of job updated: 488268
	408  -  MemoryUsage of job (MB)
	417288  -  ResidentSetSize of job (KB)
...
006 (3447342.002.000) 01/30 14:55:18 Image size of job updated: 488268
	409  -  MemoryUsage of job (MB)
	418524  -  ResidentSetSize of job (KB)
...
006 (3447342.002.000) 01/30 15:00:18 Image size of job updated: 488268
	409  -  MemoryUsage of job (MB)
	418660  -  ResidentSetSize of job (KB)
...
006 (3447342.002.000) 01/30 15:05:19 Image size of job updated: 488268
	409  -  MemoryUsage of job (MB)
	418768  -  ResidentSetSize of job (KB)
...
006 (3447342.002.000) 01/30 15:10:20 Image size of job updated: 488268
	410  -  MemoryUsage of job (MB)
	418980  -  ResidentSetSize of job (KB)
...
006 (3447342.002.000) 01/30 15:15:20 Image size of job updated: 488268
	410  -  MemoryUsage of job (MB)
	419044  -  ResidentSetSize of job (KB)
...
006 (3447342.002.000) 01/30 15:20:20 Image size of job updated: 488268
	410  -  MemoryUsage of job (MB)
	419120  -  ResidentSetSize of job (KB)
...
006 (3447342.002.000) 01/30 15:25:20 Image size of job updated: 488268
	410  -  MemoryUsage of job (MB)
	419212  -  ResidentSetSize of job (KB)
...
006 (3447342.002.000) 01/30 15:30:21 Image size of job updated: 488268
	410  -  MemoryUsage of job (MB)
	419340  -  ResidentSetSize of job (KB)
...
006 (3447342.002.000) 01/30 15:35:22 Image size of job updated: 488268
	410  -  MemoryUsage of job (MB)
	419404  -  ResidentSetSize of job (KB)
...
006 (3447342.002.000) 01/30 15:40:22 Image size of job updated: 488268
	410  -  MemoryUsage of job (MB)
	419560  -  ResidentSetSize of job (KB)
...
006 (3447342.002.000) 01/30 15:45:23 Image size of job updated: 488268
	410  -  MemoryUsage of job (MB)
	419664  -  ResidentSetSize of job (KB)
...
006 (3447342.002.000) 01/30 15:50:24 Image size of job updated: 488268
	410  -  MemoryUsage of job (MB)
	419748  -  ResidentSetSize of job (KB)
...
006 (3447342.002.000) 01/30 15:55:24 Image size of job updated: 488268
	411  -  MemoryUsage of job (MB)
	419900  -  ResidentSetSize of job (KB)
...
006 (3447342.002.000) 01/30 16:00:24 Image size of job updated: 488268
	411  -  MemoryUsage of job (MB)
	419972  -  ResidentSetSize of job (KB)
...
006 (3447342.002.000) 01/30 16:05:24 Image size of job updated: 488268
	411  -  MemoryUsage of job (MB)
	420040  -  ResidentSetSize of job (KB)
...
006 (3447342.002.000) 01/30 16:10:25 Image size of job updated: 488268
	411  -  MemoryUsage of job (MB)
	420248  -  ResidentSetSize of job (KB)
...
006 (3447342.002.000) 01/30 16:15:26 Image size of job updated: 488268
	411  -  MemoryUsage of job (MB)
	420432  -  ResidentSetSize of job (KB)
...
006 (3447342.002.000) 01/30 16:20:26 Image size of job updated: 488268
	411  -  MemoryUsage of job (MB)
	420504  -  ResidentSetSize of job (KB)
...
006 (3447342.002.000) 01/30 16:25:26 Image size of job updated: 488268
	411  -  MemoryUsage of job (MB)
	420644  -  ResidentSetSize of job (KB)
...
006 (3447342.002.000) 01/30 16:30:27 Image size of job updated: 488268
	411  -  MemoryUsage of job (MB)
	420864  -  ResidentSetSize of job (KB)
...
006 (3447342.002.000) 01/30 16:35:28 Image size of job updated: 488268
	412  -  MemoryUsage of job (MB)
	420952  -  ResidentSetSize of job (KB)
...
006 (3447342.002.000) 01/30 16:40:28 Image size of job updated: 488268
	412  -  MemoryUsage of job (MB)
	421036  -  ResidentSetSize of job (KB)
...
006 (3447342.002.000) 01/30 16:45:28 Image size of job updated: 488268
	412  -  MemoryUsage of job (MB)
	421120  -  ResidentSetSize of job (KB)
...
006 (3447342.002.000) 01/30 16:50:29 Image size of job updated: 488268
	412  -  MemoryUsage of job (MB)
	421244  -  ResidentSetSize of job (KB)
...
006 (3447342.002.000) 01/30 16:55:30 Image size of job updated: 488268
	412  -  MemoryUsage of job (MB)
	421364  -  ResidentSetSize of job (KB)
...
006 (3447342.002.000) 01/30 17:00:30 Image size of job updated: 488268
	412  -  MemoryUsage of job (MB)
	421504  -  ResidentSetSize of job (KB)
...
006 (3447342.002.000) 01/30 17:05:30 Image size of job updated: 488268
	412  -  MemoryUsage of job (MB)
	421536  -  ResidentSetSize of job (KB)
...
006 (3447342.002.000) 01/30 17:10:31 Image size of job updated: 488268
	412  -  MemoryUsage of job (MB)
	421752  -  ResidentSetSize of job (KB)
...
006 (3447342.002.000) 01/30 17:50:35 Image size of job updated: 488268
	412  -  MemoryUsage of job (MB)
	421784  -  ResidentSetSize of job (KB)
...
006 (3447342.002.000) 01/30 17:55:36 Image size of job updated: 488268
	413  -  MemoryUsage of job (MB)
	421976  -  ResidentSetSize of job (KB)
...
006 (3447342.002.000) 01/30 19:00:42 Image size of job updated: 488268
	413  -  MemoryUsage of job (MB)
	422040  -  ResidentSetSize of job (KB)
...
006 (3447342.002.000) 01/30 19:10:42 Image size of job updated: 488268
	413  -  MemoryUsage of job (MB)
	422060  -  ResidentSetSize of job (KB)
...
006 (3447342.002.000) 01/30 19:15:42 Image size of job updated: 488268
	413  -  MemoryUsage of job (MB)
	422068  -  ResidentSetSize of job (KB)
...
006 (3447342.002.000) 01/30 19:20:43 Image size of job updated: 488268
	413  -  MemoryUsage of job (MB)
	422104  -  ResidentSetSize of job (KB)
...
006 (3447342.002.000) 01/30 19:30:43 Image size of job updated: 488268
	413  -  MemoryUsage of job (MB)
	422136  -  ResidentSetSize of job (KB)
...
006 (3447342.002.000) 01/30 19:45:46 Image size of job updated: 488268
	413  -  MemoryUsage of job (MB)
	422152  -  ResidentSetSize of job (KB)
...
006 (3447342.002.000) 01/30 19:55:46 Image size of job updated: 488268
	413  -  MemoryUsage of job (MB)
	422172  -  ResidentSetSize of job (KB)
...
006 (3447342.002.000) 01/30 20:00:47 Image size of job updated: 488268
	413  -  MemoryUsage of job (MB)
	422184  -  ResidentSetSize of job (KB)
...
006 (3447342.002.000) 01/30 20:05:48 Image size of job updated: 488268
	413  -  MemoryUsage of job (MB)
	422200  -  ResidentSetSize of job (KB)
...
006 (3447342.002.000) 01/30 22:51:07 Image size of job updated: 488268
	413  -  MemoryUsage of job (MB)
	422212  -  ResidentSetSize of job (KB)
...
006 (3447342.002.000) 01/30 23:01:09 Image size of job updated: 488268
	413  -  MemoryUsage of job (MB)
	422220  -  ResidentSetSize of job (KB)
...
006 (3447342.002.000) 01/30 23:06:09 Image size of job updated: 488268
	413  -  MemoryUsage of job (MB)
	422240  -  ResidentSetSize of job (KB)
...
006 (3447342.002.000) 01/30 23:16:10 Image size of job updated: 488268
	413  -  MemoryUsage of job (MB)
	422248  -  ResidentSetSize of job (KB)
...
006 (3447342.002.000) 01/30 23:21:10 Image size of job updated: 488268
	413  -  MemoryUsage of job (MB)
	422288  -  ResidentSetSize of job (KB)
...
006 (3447342.002.000) 01/30 23:31:12 Image size of job updated: 488268
	413  -  MemoryUsage of job (MB)
	422292  -  ResidentSetSize of job (KB)
...
006 (3447342.002.000) 01/30 23:36:12 Image size of job updated: 488268
	413  -  MemoryUsage of job (MB)
	422308  -  ResidentSetSize of job (KB)
...
006 (3447342.002.000) 01/30 23:41:12 Image size of job updated: 488268
	413  -  MemoryUsage of job (MB)
	422312  -  ResidentSetSize of job (KB)
...
006 (3447342.002.000) 01/30 23:46:12 Image size of job updated: 488268
	413  -  MemoryUsage of job (MB)
	422324  -  ResidentSetSize of job (KB)
...
006 (3447342.002.000) 01/30 23:51:13 Image size of job updated: 488268
	413  -  MemoryUsage of job (MB)
	422344  -  ResidentSetSize of job (KB)
...
006 (3447342.002.000) 01/30 23:56:13 Image size of job updated: 488268
	413  -  MemoryUsage of job (MB)
	422368  -  ResidentSetSize of job (KB)
...
006 (3447342.002.000) 01/31 00:01:13 Image size of job updated: 488268
	413  -  MemoryUsage of job (MB)
	422404  -  ResidentSetSize of job (KB)
...
006 (3447342.002.000) 01/31 00:26:16 Image size of job updated: 488268
	413  -  MemoryUsage of job (MB)
	422436  -  ResidentSetSize of job (KB)
...
006 (3447342.002.000) 01/31 00:46:19 Image size of job updated: 488268
	413  -  MemoryUsage of job (MB)
	422556  -  ResidentSetSize of job (KB)
...
006 (3447342.002.000) 01/31 00:56:21 Image size of job updated: 488268
	413  -  MemoryUsage of job (MB)
	422600  -  ResidentSetSize of job (KB)
...
006 (3447342.002.000) 01/31 01:01:21 Image size of job updated: 488268
	413  -  MemoryUsage of job (MB)
	422656  -  ResidentSetSize of job (KB)
...
006 (3447342.002.000) 01/31 01:11:21 Image size of job updated: 488268
	413  -  MemoryUsage of job (MB)
	422744  -  ResidentSetSize of job (KB)
...
006 (3447342.002.000) 01/31 01:16:21 Image size of job updated: 488268
	413  -  MemoryUsage of job (MB)
	422764  -  ResidentSetSize of job (KB)
...
006 (3447342.002.000) 01/31 01:21:22 Image size of job updated: 488268
	413  -  MemoryUsage of job (MB)
	422840  -  ResidentSetSize of job (KB)
...
006 (3447342.002.000) 01/31 01:26:23 Image size of job updated: 488268
	413  -  MemoryUsage of job (MB)
	422900  -  ResidentSetSize of job (KB)
...
006 (3447342.002.000) 01/31 01:31:23 Image size of job updated: 488268
	413  -  MemoryUsage of job (MB)
	422904  -  ResidentSetSize of job (KB)
...
006 (3447342.002.000) 01/31 01:41:24 Image size of job updated: 488268
	414  -  MemoryUsage of job (MB)
	422952  -  ResidentSetSize of job (KB)
...
006 (3447342.002.000) 01/31 01:46:25 Image size of job updated: 488268
	414  -  MemoryUsage of job (MB)
	422964  -  ResidentSetSize of job (KB)
...
006 (3447342.002.000) 01/31 01:51:25 Image size of job updated: 488268
	414  -  MemoryUsage of job (MB)
	422976  -  ResidentSetSize of job (KB)
...
006 (3447342.002.000) 01/31 09:02:08 Image size of job updated: 488268
	414  -  MemoryUsage of job (MB)
	422980  -  ResidentSetSize of job (KB)
...
006 (3447342.002.000) 01/31 09:12:08 Image size of job updated: 488268
	414  -  MemoryUsage of job (MB)
	422988  -  ResidentSetSize of job (KB)
...
006 (3447342.002.000) 01/31 09:17:09 Image size of job updated: 488268
	414  -  MemoryUsage of job (MB)
	422996  -  ResidentSetSize of job (KB)
...
006 (3447342.002.000) 01/31 09:22:09 Image size of job updated: 488268
	414  -  MemoryUsage of job (MB)
	423004  -  ResidentSetSize of job (KB)
...
006 (3447342.002.000) 01/31 09:27:09 Image size of job updated: 488268
	414  -  MemoryUsage of job (MB)
	423036  -  ResidentSetSize of job (KB)
...
006 (3447342.002.000) 01/31 09:32:10 Image size of job updated: 488268
	414  -  MemoryUsage of job (MB)
	423068  -  ResidentSetSize of job (KB)
...
006 (3447342.002.000) 01/31 09:37:11 Image size of job updated: 488268
	414  -  MemoryUsage of job (MB)
	423100  -  ResidentSetSize of job (KB)
...
006 (3447342.002.000) 01/31 09:42:11 Image size of job updated: 488268
	414  -  MemoryUsage of job (MB)
	423148  -  ResidentSetSize of job (KB)
...
006 (3447342.002.000) 01/31 09:47:11 Image size of job updated: 488268
	414  -  MemoryUsage of job (MB)
	423172  -  ResidentSetSize of job (KB)
...
006 (3447342.002.000) 01/31 09:52:12 Image size of job updated: 488268
	414  -  MemoryUsage of job (MB)
	423208  -  ResidentSetSize of job (KB)
...
006 (3447342.002.000) 01/31 09:57:13 Image size of job updated: 488268
	414  -  MemoryUsage of job (MB)
	423288  -  ResidentSetSize of job (KB)
...
006 (3447342.002.000) 01/31 10:27:15 Image size of job updated: 488268
	414  -  MemoryUsage of job (MB)
	423320  -  ResidentSetSize of job (KB)
...
006 (3447342.002.000) 01/31 10:32:16 Image size of job updated: 488268
	414  -  MemoryUsage of job (MB)
	423324  -  ResidentSetSize of job (KB)
...
006 (3447342.002.000) 01/31 10:37:16 Image size of job updated: 488268
	414  -  MemoryUsage of job (MB)
	423340  -  ResidentSetSize of job (KB)
...
006 (3447342.002.000) 01/31 10:42:17 Image size of job updated: 488268
	414  -  MemoryUsage of job (MB)
	423356  -  ResidentSetSize of job (KB)
...
006 (3447342.002.000) 01/31 10:52:18 Image size of job updated: 488268
	414  -  MemoryUsage of job (MB)
	423372  -  ResidentSetSize of job (KB)
...
006 (3447342.002.000) 01/31 10:57:18 Image size of job updated: 488268
	414  -  MemoryUsage of job (MB)
	423396  -  ResidentSetSize of job (KB)
...
006 (3447342.002.000) 01/31 11:07:19 Image size of job updated: 488268
	414  -  MemoryUsage of job (MB)
	423420  -  ResidentSetSize of job (KB)
...
006 (3447342.002.000) 01/31 11:12:19 Image size of job updated: 488268
	414  -  MemoryUsage of job (MB)
	423436  -  ResidentSetSize of job (KB)
...
006 (3447342.002.000) 01/31 11:22:21 Image size of job updated: 488268
	414  -  MemoryUsage of job (MB)
	423452  -  ResidentSetSize of job (KB)
...
006 (3447342.002.000) 01/31 11:27:21 Image size of job updated: 488268
	414  -  MemoryUsage of job (MB)
	423464  -  ResidentSetSize of job (KB)
...
006 (3447342.002.000) 01/31 11:47:24 Image size of job updated: 488268
	414  -  MemoryUsage of job (MB)
	423488  -  ResidentSetSize of job (KB)
...
006 (3447342.002.000) 01/31 11:52:25 Image size of job updated: 488268
	414  -  MemoryUsage of job (MB)
	423508  -  ResidentSetSize of job (KB)
...
006 (3447342.002.000) 01/31 11:57:25 Image size of job updated: 488268
	414  -  MemoryUsage of job (MB)
	423524  -  ResidentSetSize of job (KB)
...
006 (3447342.002.000) 01/31 12:17:26 Image size of job updated: 488268
	414  -  MemoryUsage of job (MB)
	423548  -  ResidentSetSize of job (KB)
...
006 (3447342.002.000) 01/31 12:22:27 Image size of job updated: 488268
	414  -  MemoryUsage of job (MB)
	423624  -  ResidentSetSize of job (KB)
...
006 (3447342.002.000) 01/31 12:27:28 Image size of job updated: 488268
	414  -  MemoryUsage of job (MB)
	423652  -  ResidentSetSize of job (KB)
...
006 (3447342.002.000) 01/31 12:52:29 Image size of job updated: 488268
	414  -  MemoryUsage of job (MB)
	423656  -  ResidentSetSize of job (KB)
...
006 (3447342.002.000) 01/31 12:57:30 Image size of job updated: 488268
	414  -  MemoryUsage of job (MB)
	423704  -  ResidentSetSize of job (KB)
...
006 (3447342.002.000) 01/31 13:07:31 Image size of job updated: 488268
	414  -  MemoryUsage of job (MB)
	423720  -  ResidentSetSize of job (KB)
...
006 (3447342.002.000) 01/31 13:17:33 Image size of job updated: 488268
	414  -  MemoryUsage of job (MB)
	423732  -  ResidentSetSize of job (KB)
...
006 (3447342.002.000) 01/31 13:22:33 Image size of job updated: 488268
	414  -  MemoryUsage of job (MB)
	423740  -  ResidentSetSize of job (KB)
...
006 (3447342.002.000) 01/31 13:27:33 Image size of job updated: 488268
	414  -  MemoryUsage of job (MB)
	423772  -  ResidentSetSize of job (KB)
...
006 (3447342.002.000) 01/31 13:37:34 Image size of job updated: 488268
	414  -  MemoryUsage of job (MB)
	423800  -  ResidentSetSize of job (KB)
...
006 (3447342.002.000) 01/31 13:52:36 Image size of job updated: 488268
	414  -  MemoryUsage of job (MB)
	423828  -  ResidentSetSize of job (KB)
...
006 (3447342.002.000) 01/31 13:57:36 Image size of job updated: 488268
	414  -  MemoryUsage of job (MB)
	423832  -  ResidentSetSize of job (KB)
...
006 (3447342.002.000) 01/31 14:02:36 Image size of job updated: 488268
	414  -  MemoryUsage of job (MB)
	423864  -  ResidentSetSize of job (KB)
...
006 (3447342.002.000) 01/31 14:12:37 Image size of job updated: 488268
	414  -  MemoryUsage of job (MB)
	423868  -  ResidentSetSize of job (KB)
...
006 (3447342.002.000) 01/31 14:22:38 Image size of job updated: 488268
	414  -  MemoryUsage of job (MB)
	423888  -  ResidentSetSize of job (KB)
...
006 (3447342.002.000) 01/31 14:27:39 Image size of job updated: 488268
	414  -  MemoryUsage of job (MB)
	423904  -  ResidentSetSize of job (KB)
...
006 (3447342.002.000) 01/31 14:32:39 Image size of job updated: 488268
	414  -  MemoryUsage of job (MB)
	423928  -  ResidentSetSize of job (KB)
...
006 (3447342.002.000) 01/31 14:42:41 Image size of job updated: 488268
	415  -  MemoryUsage of job (MB)
	423944  -  ResidentSetSize of job (KB)
...
006 (3447342.002.000) 01/31 14:47:41 Image size of job updated: 488268
	415  -  MemoryUsage of job (MB)
	423948  -  ResidentSetSize of job (KB)
...
006 (3447342.002.000) 01/31 14:52:41 Image size of job updated: 488268
	415  -  MemoryUsage of job (MB)
	423960  -  ResidentSetSize of job (KB)
...
006 (3447342.002.000) 01/31 15:02:43 Image size of job updated: 488268
	415  -  MemoryUsage of job (MB)
	423992  -  ResidentSetSize of job (KB)
...
006 (3447342.002.000) 01/31 15:12:43 Image size of job updated: 488268
	415  -  MemoryUsage of job (MB)
	424012  -  ResidentSetSize of job (KB)
...
006 (3447342.002.000) 01/31 15:17:44 Image size of job updated: 488268
	415  -  MemoryUsage of job (MB)
	424052  -  ResidentSetSize of job (KB)
...
006 (3447342.002.000) 01/31 15:22:44 Image size of job updated: 488268
	415  -  MemoryUsage of job (MB)
	424060  -  ResidentSetSize of job (KB)
...
006 (3447342.002.000) 01/31 15:42:46 Image size of job updated: 488268
	415  -  MemoryUsage of job (MB)
	424128  -  ResidentSetSize of job (KB)
...
006 (3447342.002.000) 01/31 15:57:48 Image size of job updated: 488268
	415  -  MemoryUsage of job (MB)
	424156  -  ResidentSetSize of job (KB)
...
006 (3447342.002.000) 01/31 16:02:49 Image size of job updated: 488268
	415  -  MemoryUsage of job (MB)
	424172  -  ResidentSetSize of job (KB)
...
006 (3447342.002.000) 01/31 16:07:50 Image size of job updated: 488268
	415  -  MemoryUsage of job (MB)
	424176  -  ResidentSetSize of job (KB)
...
006 (3447342.002.000) 01/31 16:17:50 Image size of job updated: 488268
	415  -  MemoryUsage of job (MB)
	424188  -  ResidentSetSize of job (KB)
...
006 (3447342.002.000) 01/31 16:22:51 Image size of job updated: 488268
	415  -  MemoryUsage of job (MB)
	424208  -  ResidentSetSize of job (KB)
...
006 (3447342.002.000) 01/31 16:27:51 Image size of job updated: 488268
	415  -  MemoryUsage of job (MB)
	424240  -  ResidentSetSize of job (KB)
...
006 (3447342.002.000) 01/31 16:37:52 Image size of job updated: 488268
	415  -  MemoryUsage of job (MB)
	424252  -  ResidentSetSize of job (KB)
...
006 (3447342.002.000) 01/31 16:42:53 Image size of job updated: 488268
	415  -  MemoryUsage of job (MB)
	424280  -  ResidentSetSize of job (KB)
...
006 (3447342.002.000) 01/31 16:47:53 Image size of job updated: 488268
	415  -  MemoryUsage of job (MB)
	424284  -  ResidentSetSize of job (KB)
...
006 (3447342.002.000) 01/31 17:02:54 Image size of job updated: 488268
	415  -  MemoryUsage of job (MB)
	424304  -  ResidentSetSize of job (KB)
...
006 (3447342.002.000) 01/31 17:07:55 Image size of job updated: 488268
	415  -  MemoryUsage of job (MB)
	424312  -  ResidentSetSize of job (KB)
...
006 (3447342.002.000) 01/31 17:13:57 Image size of job updated: 488268
	415  -  MemoryUsage of job (MB)
	424316  -  ResidentSetSize of job (KB)
...
006 (3447342.002.000) 01/31 17:17:56 Image size of job updated: 488268
	415  -  MemoryUsage of job (MB)
	424340  -  ResidentSetSize of job (KB)
...
006 (3447342.002.000) 01/31 17:22:57 Image size of job updated: 488268
	415  -  MemoryUsage of job (MB)
	424360  -  ResidentSetSize of job (KB)
...
040 (3447342.002.000) 02/01 07:54:02 Started transferring input files
	Transferring to host: <188.184.142.80:9618?addrs=188.184.142.80-9618+[2001-1458-301-46--100-4b]-9618&noUDP&sock=4583_e353_83444>
...
040 (3447342.002.000) 02/01 07:54:02 Finished transferring input files
...
001 (3447342.002.000) 02/01 07:54:03 Job executing on host: <188.184.142.80:9618?addrs=188.184.142.80-9618+[2001-1458-301-46--100-4b]-9618&noUDP&sock=2399_17ca_3>
...
040 (3447342.002.000) 02/01 07:54:32 Started transferring output files
...
040 (3447342.002.000) 02/01 07:54:32 Finished transferring output files
...
005 (3447342.002.000) 02/01 07:54:32 Job terminated.
	(1) Normal termination (return value 0)
		Usr 0 00:00:07, Sys 0 00:00:04  -  Run Remote Usage
		Usr 0 00:00:00, Sys 0 00:00:00  -  Run Local Usage
		Usr 0 00:00:07, Sys 0 00:00:04  -  Total Remote Usage
		Usr 0 00:00:00, Sys 0 00:00:00  -  Total Local Usage
	9715  -  Run Bytes Sent By Job
	493  -  Run Bytes Received By Job
	9715  -  Total Bytes Sent By Job
	986  -  Total Bytes Received By Job
	Partitionable Resources :    Usage  Request Allocated 
	   Cpus                 :                 1           
	   Disk (KB)            :       24       40   2081380 
	   Memory (MB)          :      416     2000      2000 
...
