000 (3447417.005.000) 01/30 01:28:08 Job submitted from host: <188.185.71.142:9618?addrs=188.185.71.142-9618+[2001-1458-d00-7--100-388]-9618&alias=bigbird09.cern.ch&noUDP&sock=schedd_2208_1533_7>
...
040 (3447417.005.000) 01/30 04:24:08 Started transferring input files
	Transferring to host: <188.184.210.189:9618?addrs=188.184.210.189-9618+[2001-1458-301-10b--100-8a]-9618&noUDP&sock=20470_b779_199891>
...
040 (3447417.005.000) 01/30 04:24:08 Finished transferring input files
...
001 (3447417.005.000) 01/30 04:24:09 Job executing on host: <188.184.210.189:9618?addrs=188.184.210.189-9618+[2001-1458-301-10b--100-8a]-9618&noUDP&sock=20338_c13c_3>
...
006 (3447417.005.000) 01/30 04:24:18 Image size of job updated: 5236
	4  -  MemoryUsage of job (MB)
	4040  -  ResidentSetSize of job (KB)
...
006 (3447417.005.000) 01/30 04:29:18 Image size of job updated: 447548
	365  -  MemoryUsage of job (MB)
	372748  -  ResidentSetSize of job (KB)
...
006 (3447417.005.000) 01/30 04:54:20 Image size of job updated: 447552
	365  -  MemoryUsage of job (MB)
	372752  -  ResidentSetSize of job (KB)
...
006 (3447417.005.000) 01/30 08:44:44 Image size of job updated: 447736
	365  -  MemoryUsage of job (MB)
	372936  -  ResidentSetSize of job (KB)
...
006 (3447417.005.000) 01/30 09:29:47 Image size of job updated: 447764
	365  -  MemoryUsage of job (MB)
	372964  -  ResidentSetSize of job (KB)
...
006 (3447417.005.000) 01/30 09:39:48 Image size of job updated: 447848
	365  -  MemoryUsage of job (MB)
	373048  -  ResidentSetSize of job (KB)
...
006 (3447417.005.000) 01/30 09:44:48 Image size of job updated: 447936
	365  -  MemoryUsage of job (MB)
	373136  -  ResidentSetSize of job (KB)
...
006 (3447417.005.000) 01/30 09:49:49 Image size of job updated: 448044
	365  -  MemoryUsage of job (MB)
	373244  -  ResidentSetSize of job (KB)
...
006 (3447417.005.000) 01/30 09:59:49 Image size of job updated: 448184
	365  -  MemoryUsage of job (MB)
	373384  -  ResidentSetSize of job (KB)
...
006 (3447417.005.000) 01/30 10:04:50 Image size of job updated: 448292
	365  -  MemoryUsage of job (MB)
	373492  -  ResidentSetSize of job (KB)
...
006 (3447417.005.000) 01/30 10:09:50 Image size of job updated: 448380
	365  -  MemoryUsage of job (MB)
	373580  -  ResidentSetSize of job (KB)
...
006 (3447417.005.000) 01/30 10:14:50 Image size of job updated: 448472
	365  -  MemoryUsage of job (MB)
	373672  -  ResidentSetSize of job (KB)
...
006 (3447417.005.000) 01/30 10:19:51 Image size of job updated: 448516
	365  -  MemoryUsage of job (MB)
	373716  -  ResidentSetSize of job (KB)
...
006 (3447417.005.000) 01/30 10:24:52 Image size of job updated: 448600
	366  -  MemoryUsage of job (MB)
	373800  -  ResidentSetSize of job (KB)
...
006 (3447417.005.000) 01/30 10:34:53 Image size of job updated: 448744
	366  -  MemoryUsage of job (MB)
	373944  -  ResidentSetSize of job (KB)
...
006 (3447417.005.000) 01/30 10:39:54 Image size of job updated: 448804
	366  -  MemoryUsage of job (MB)
	374004  -  ResidentSetSize of job (KB)
...
006 (3447417.005.000) 01/30 10:44:54 Image size of job updated: 448868
	366  -  MemoryUsage of job (MB)
	374068  -  ResidentSetSize of job (KB)
...
006 (3447417.005.000) 01/30 10:49:55 Image size of job updated: 448912
	366  -  MemoryUsage of job (MB)
	374112  -  ResidentSetSize of job (KB)
...
006 (3447417.005.000) 01/30 10:54:56 Image size of job updated: 448992
	366  -  MemoryUsage of job (MB)
	374192  -  ResidentSetSize of job (KB)
...
006 (3447417.005.000) 01/30 10:59:56 Image size of job updated: 449028
	366  -  MemoryUsage of job (MB)
	374228  -  ResidentSetSize of job (KB)
...
006 (3447417.005.000) 01/30 11:04:57 Image size of job updated: 449116
	366  -  MemoryUsage of job (MB)
	374316  -  ResidentSetSize of job (KB)
...
006 (3447417.005.000) 01/30 11:09:58 Image size of job updated: 449152
	366  -  MemoryUsage of job (MB)
	374352  -  ResidentSetSize of job (KB)
...
006 (3447417.005.000) 01/30 11:14:58 Image size of job updated: 449224
	366  -  MemoryUsage of job (MB)
	374424  -  ResidentSetSize of job (KB)
...
006 (3447417.005.000) 01/30 11:19:59 Image size of job updated: 449376
	366  -  MemoryUsage of job (MB)
	374576  -  ResidentSetSize of job (KB)
...
006 (3447417.005.000) 01/30 11:25:00 Image size of job updated: 449452
	366  -  MemoryUsage of job (MB)
	374652  -  ResidentSetSize of job (KB)
...
006 (3447417.005.000) 01/30 11:30:00 Image size of job updated: 449480
	366  -  MemoryUsage of job (MB)
	374680  -  ResidentSetSize of job (KB)
...
006 (3447417.005.000) 01/30 11:35:01 Image size of job updated: 449620
	367  -  MemoryUsage of job (MB)
	374820  -  ResidentSetSize of job (KB)
...
006 (3447417.005.000) 01/30 11:40:02 Image size of job updated: 449648
	367  -  MemoryUsage of job (MB)
	374848  -  ResidentSetSize of job (KB)
...
006 (3447417.005.000) 01/30 11:45:02 Image size of job updated: 449788
	367  -  MemoryUsage of job (MB)
	374988  -  ResidentSetSize of job (KB)
...
006 (3447417.005.000) 01/30 11:50:03 Image size of job updated: 449920
	367  -  MemoryUsage of job (MB)
	375120  -  ResidentSetSize of job (KB)
...
006 (3447417.005.000) 01/30 11:55:04 Image size of job updated: 450000
	367  -  MemoryUsage of job (MB)
	375200  -  ResidentSetSize of job (KB)
...
006 (3447417.005.000) 01/30 12:00:04 Image size of job updated: 450004
	367  -  MemoryUsage of job (MB)
	375204  -  ResidentSetSize of job (KB)
...
006 (3447417.005.000) 01/30 12:05:04 Image size of job updated: 450188
	367  -  MemoryUsage of job (MB)
	375388  -  ResidentSetSize of job (KB)
...
006 (3447417.005.000) 01/30 12:10:05 Image size of job updated: 450236
	367  -  MemoryUsage of job (MB)
	375436  -  ResidentSetSize of job (KB)
...
006 (3447417.005.000) 01/30 12:15:05 Image size of job updated: 450308
	367  -  MemoryUsage of job (MB)
	375508  -  ResidentSetSize of job (KB)
...
006 (3447417.005.000) 01/30 12:20:05 Image size of job updated: 450440
	367  -  MemoryUsage of job (MB)
	375640  -  ResidentSetSize of job (KB)
...
006 (3447417.005.000) 01/30 12:25:07 Image size of job updated: 450532
	367  -  MemoryUsage of job (MB)
	375732  -  ResidentSetSize of job (KB)
...
006 (3447417.005.000) 01/30 12:30:07 Image size of job updated: 450552
	367  -  MemoryUsage of job (MB)
	375752  -  ResidentSetSize of job (KB)
...
006 (3447417.005.000) 01/30 12:35:08 Image size of job updated: 450676
	368  -  MemoryUsage of job (MB)
	375876  -  ResidentSetSize of job (KB)
...
006 (3447417.005.000) 01/30 12:40:09 Image size of job updated: 450704
	368  -  MemoryUsage of job (MB)
	375904  -  ResidentSetSize of job (KB)
...
006 (3447417.005.000) 01/30 12:45:09 Image size of job updated: 450816
	368  -  MemoryUsage of job (MB)
	376016  -  ResidentSetSize of job (KB)
...
006 (3447417.005.000) 01/30 12:50:09 Image size of job updated: 450956
	368  -  MemoryUsage of job (MB)
	376156  -  ResidentSetSize of job (KB)
...
006 (3447417.005.000) 01/30 12:55:10 Image size of job updated: 451076
	368  -  MemoryUsage of job (MB)
	376276  -  ResidentSetSize of job (KB)
...
006 (3447417.005.000) 01/30 13:00:10 Image size of job updated: 451216
	368  -  MemoryUsage of job (MB)
	376416  -  ResidentSetSize of job (KB)
...
006 (3447417.005.000) 01/30 13:05:10 Image size of job updated: 451268
	368  -  MemoryUsage of job (MB)
	376468  -  ResidentSetSize of job (KB)
...
006 (3447417.005.000) 01/30 13:10:11 Image size of job updated: 451376
	368  -  MemoryUsage of job (MB)
	376576  -  ResidentSetSize of job (KB)
...
006 (3447417.005.000) 01/30 13:15:11 Image size of job updated: 451860
	369  -  MemoryUsage of job (MB)
	377056  -  ResidentSetSize of job (KB)
...
006 (3447417.005.000) 01/30 13:20:11 Image size of job updated: 453152
	369  -  MemoryUsage of job (MB)
	377632  -  ResidentSetSize of job (KB)
...
006 (3447417.005.000) 01/30 13:25:12 Image size of job updated: 454416
	370  -  MemoryUsage of job (MB)
	378844  -  ResidentSetSize of job (KB)
...
006 (3447417.005.000) 01/30 13:30:12 Image size of job updated: 454416
	371  -  MemoryUsage of job (MB)
	378944  -  ResidentSetSize of job (KB)
...
006 (3447417.005.000) 01/30 13:35:13 Image size of job updated: 454416
	371  -  MemoryUsage of job (MB)
	378984  -  ResidentSetSize of job (KB)
...
006 (3447417.005.000) 01/30 13:45:14 Image size of job updated: 454416
	371  -  MemoryUsage of job (MB)
	379060  -  ResidentSetSize of job (KB)
...
006 (3447417.005.000) 01/30 13:50:15 Image size of job updated: 454416
	371  -  MemoryUsage of job (MB)
	379064  -  ResidentSetSize of job (KB)
...
006 (3447417.005.000) 01/30 13:55:16 Image size of job updated: 454416
	371  -  MemoryUsage of job (MB)
	379120  -  ResidentSetSize of job (KB)
...
006 (3447417.005.000) 01/30 14:00:16 Image size of job updated: 454416
	371  -  MemoryUsage of job (MB)
	379168  -  ResidentSetSize of job (KB)
...
006 (3447417.005.000) 01/30 14:05:16 Image size of job updated: 454416
	371  -  MemoryUsage of job (MB)
	379192  -  ResidentSetSize of job (KB)
...
006 (3447417.005.000) 01/30 14:10:17 Image size of job updated: 454416
	371  -  MemoryUsage of job (MB)
	379224  -  ResidentSetSize of job (KB)
...
006 (3447417.005.000) 01/30 14:15:17 Image size of job updated: 454416
	371  -  MemoryUsage of job (MB)
	379228  -  ResidentSetSize of job (KB)
...
006 (3447417.005.000) 01/30 14:20:17 Image size of job updated: 454416
	371  -  MemoryUsage of job (MB)
	379304  -  ResidentSetSize of job (KB)
...
006 (3447417.005.000) 01/30 14:30:19 Image size of job updated: 454416
	371  -  MemoryUsage of job (MB)
	379340  -  ResidentSetSize of job (KB)
...
006 (3447417.005.000) 01/30 14:35:19 Image size of job updated: 454416
	371  -  MemoryUsage of job (MB)
	379408  -  ResidentSetSize of job (KB)
...
006 (3447417.005.000) 01/30 14:40:20 Image size of job updated: 454416
	371  -  MemoryUsage of job (MB)
	379416  -  ResidentSetSize of job (KB)
...
006 (3447417.005.000) 01/30 14:45:21 Image size of job updated: 454416
	371  -  MemoryUsage of job (MB)
	379468  -  ResidentSetSize of job (KB)
...
006 (3447417.005.000) 01/30 14:50:21 Image size of job updated: 454416
	371  -  MemoryUsage of job (MB)
	379520  -  ResidentSetSize of job (KB)
...
006 (3447417.005.000) 01/30 14:55:22 Image size of job updated: 454416
	371  -  MemoryUsage of job (MB)
	379524  -  ResidentSetSize of job (KB)
...
006 (3447417.005.000) 01/30 15:00:23 Image size of job updated: 454416
	371  -  MemoryUsage of job (MB)
	379612  -  ResidentSetSize of job (KB)
...
006 (3447417.005.000) 01/30 15:05:23 Image size of job updated: 454416
	371  -  MemoryUsage of job (MB)
	379656  -  ResidentSetSize of job (KB)
...
006 (3447417.005.000) 01/30 15:10:23 Image size of job updated: 454416
	371  -  MemoryUsage of job (MB)
	379692  -  ResidentSetSize of job (KB)
...
006 (3447417.005.000) 01/30 15:15:24 Image size of job updated: 454416
	371  -  MemoryUsage of job (MB)
	379720  -  ResidentSetSize of job (KB)
...
006 (3447417.005.000) 01/30 15:20:25 Image size of job updated: 454416
	371  -  MemoryUsage of job (MB)
	379732  -  ResidentSetSize of job (KB)
...
006 (3447417.005.000) 01/30 15:25:25 Image size of job updated: 454416
	371  -  MemoryUsage of job (MB)
	379768  -  ResidentSetSize of job (KB)
...
006 (3447417.005.000) 01/30 15:30:26 Image size of job updated: 454416
	371  -  MemoryUsage of job (MB)
	379788  -  ResidentSetSize of job (KB)
...
006 (3447417.005.000) 01/30 15:35:27 Image size of job updated: 454416
	371  -  MemoryUsage of job (MB)
	379796  -  ResidentSetSize of job (KB)
...
006 (3447417.005.000) 01/30 15:40:27 Image size of job updated: 454416
	371  -  MemoryUsage of job (MB)
	379824  -  ResidentSetSize of job (KB)
...
006 (3447417.005.000) 01/30 15:45:27 Image size of job updated: 454416
	371  -  MemoryUsage of job (MB)
	379836  -  ResidentSetSize of job (KB)
...
006 (3447417.005.000) 01/30 15:50:29 Image size of job updated: 454416
	371  -  MemoryUsage of job (MB)
	379840  -  ResidentSetSize of job (KB)
...
006 (3447417.005.000) 01/30 15:55:29 Image size of job updated: 454416
	371  -  MemoryUsage of job (MB)
	379872  -  ResidentSetSize of job (KB)
...
006 (3447417.005.000) 01/30 16:00:29 Image size of job updated: 454416
	371  -  MemoryUsage of job (MB)
	379896  -  ResidentSetSize of job (KB)
...
006 (3447417.005.000) 01/30 16:05:30 Image size of job updated: 454416
	371  -  MemoryUsage of job (MB)
	379900  -  ResidentSetSize of job (KB)
...
006 (3447417.005.000) 01/30 16:10:31 Image size of job updated: 454416
	372  -  MemoryUsage of job (MB)
	379968  -  ResidentSetSize of job (KB)
...
006 (3447417.005.000) 01/30 16:15:31 Image size of job updated: 454416
	372  -  MemoryUsage of job (MB)
	380036  -  ResidentSetSize of job (KB)
...
006 (3447417.005.000) 01/30 16:25:32 Image size of job updated: 454416
	372  -  MemoryUsage of job (MB)
	380092  -  ResidentSetSize of job (KB)
...
006 (3447417.005.000) 01/30 16:30:33 Image size of job updated: 454416
	372  -  MemoryUsage of job (MB)
	380104  -  ResidentSetSize of job (KB)
...
006 (3447417.005.000) 01/30 16:35:33 Image size of job updated: 454416
	372  -  MemoryUsage of job (MB)
	380168  -  ResidentSetSize of job (KB)
...
006 (3447417.005.000) 01/30 16:40:34 Image size of job updated: 454416
	372  -  MemoryUsage of job (MB)
	380192  -  ResidentSetSize of job (KB)
...
006 (3447417.005.000) 01/30 16:45:35 Image size of job updated: 454416
	372  -  MemoryUsage of job (MB)
	380232  -  ResidentSetSize of job (KB)
...
006 (3447417.005.000) 01/30 16:50:35 Image size of job updated: 454416
	372  -  MemoryUsage of job (MB)
	380244  -  ResidentSetSize of job (KB)
...
006 (3447417.005.000) 01/30 16:55:35 Image size of job updated: 454416
	372  -  MemoryUsage of job (MB)
	380268  -  ResidentSetSize of job (KB)
...
006 (3447417.005.000) 01/30 17:00:36 Image size of job updated: 454416
	372  -  MemoryUsage of job (MB)
	380340  -  ResidentSetSize of job (KB)
...
006 (3447417.005.000) 01/30 17:10:37 Image size of job updated: 454416
	372  -  MemoryUsage of job (MB)
	380400  -  ResidentSetSize of job (KB)
...
006 (3447417.005.000) 01/30 17:15:37 Image size of job updated: 454416
	372  -  MemoryUsage of job (MB)
	380420  -  ResidentSetSize of job (KB)
...
006 (3447417.005.000) 01/30 17:20:38 Image size of job updated: 454416
	372  -  MemoryUsage of job (MB)
	380444  -  ResidentSetSize of job (KB)
...
006 (3447417.005.000) 01/30 17:25:39 Image size of job updated: 454416
	372  -  MemoryUsage of job (MB)
	380484  -  ResidentSetSize of job (KB)
...
006 (3447417.005.000) 01/30 17:30:39 Image size of job updated: 454416
	372  -  MemoryUsage of job (MB)
	380536  -  ResidentSetSize of job (KB)
...
006 (3447417.005.000) 01/30 17:35:39 Image size of job updated: 454416
	372  -  MemoryUsage of job (MB)
	380576  -  ResidentSetSize of job (KB)
...
006 (3447417.005.000) 01/30 17:40:40 Image size of job updated: 454416
	372  -  MemoryUsage of job (MB)
	380620  -  ResidentSetSize of job (KB)
...
006 (3447417.005.000) 01/30 17:45:41 Image size of job updated: 454416
	372  -  MemoryUsage of job (MB)
	380632  -  ResidentSetSize of job (KB)
...
006 (3447417.005.000) 01/30 17:50:41 Image size of job updated: 454416
	372  -  MemoryUsage of job (MB)
	380672  -  ResidentSetSize of job (KB)
...
006 (3447417.005.000) 01/30 17:55:42 Image size of job updated: 454416
	372  -  MemoryUsage of job (MB)
	380720  -  ResidentSetSize of job (KB)
...
006 (3447417.005.000) 01/30 18:00:43 Image size of job updated: 454416
	372  -  MemoryUsage of job (MB)
	380740  -  ResidentSetSize of job (KB)
...
006 (3447417.005.000) 01/30 18:05:43 Image size of job updated: 454416
	372  -  MemoryUsage of job (MB)
	380760  -  ResidentSetSize of job (KB)
...
006 (3447417.005.000) 01/30 18:10:44 Image size of job updated: 454416
	372  -  MemoryUsage of job (MB)
	380820  -  ResidentSetSize of job (KB)
...
006 (3447417.005.000) 01/30 18:15:45 Image size of job updated: 454416
	372  -  MemoryUsage of job (MB)
	380848  -  ResidentSetSize of job (KB)
...
006 (3447417.005.000) 01/30 18:20:45 Image size of job updated: 454416
	372  -  MemoryUsage of job (MB)
	380864  -  ResidentSetSize of job (KB)
...
006 (3447417.005.000) 01/30 18:25:46 Image size of job updated: 454416
	372  -  MemoryUsage of job (MB)
	380884  -  ResidentSetSize of job (KB)
...
006 (3447417.005.000) 01/30 18:30:47 Image size of job updated: 454416
	372  -  MemoryUsage of job (MB)
	380912  -  ResidentSetSize of job (KB)
...
006 (3447417.005.000) 01/30 18:35:47 Image size of job updated: 454416
	373  -  MemoryUsage of job (MB)
	380968  -  ResidentSetSize of job (KB)
...
006 (3447417.005.000) 01/30 18:40:47 Image size of job updated: 454416
	373  -  MemoryUsage of job (MB)
	380976  -  ResidentSetSize of job (KB)
...
006 (3447417.005.000) 01/30 18:45:48 Image size of job updated: 454416
	373  -  MemoryUsage of job (MB)
	381024  -  ResidentSetSize of job (KB)
...
006 (3447417.005.000) 01/30 18:50:49 Image size of job updated: 454416
	373  -  MemoryUsage of job (MB)
	381084  -  ResidentSetSize of job (KB)
...
006 (3447417.005.000) 01/30 19:00:49 Image size of job updated: 454416
	373  -  MemoryUsage of job (MB)
	381124  -  ResidentSetSize of job (KB)
...
006 (3447417.005.000) 01/30 19:05:50 Image size of job updated: 454416
	373  -  MemoryUsage of job (MB)
	381140  -  ResidentSetSize of job (KB)
...
006 (3447417.005.000) 01/30 19:10:51 Image size of job updated: 454416
	373  -  MemoryUsage of job (MB)
	381196  -  ResidentSetSize of job (KB)
...
006 (3447417.005.000) 01/30 19:15:51 Image size of job updated: 454416
	373  -  MemoryUsage of job (MB)
	381236  -  ResidentSetSize of job (KB)
...
006 (3447417.005.000) 01/30 19:20:51 Image size of job updated: 454416
	373  -  MemoryUsage of job (MB)
	381272  -  ResidentSetSize of job (KB)
...
006 (3447417.005.000) 01/30 19:25:52 Image size of job updated: 454416
	373  -  MemoryUsage of job (MB)
	381284  -  ResidentSetSize of job (KB)
...
006 (3447417.005.000) 01/30 19:30:52 Image size of job updated: 454416
	373  -  MemoryUsage of job (MB)
	381324  -  ResidentSetSize of job (KB)
...
006 (3447417.005.000) 01/30 19:35:53 Image size of job updated: 454416
	373  -  MemoryUsage of job (MB)
	381364  -  ResidentSetSize of job (KB)
...
006 (3447417.005.000) 01/30 19:40:54 Image size of job updated: 454416
	373  -  MemoryUsage of job (MB)
	381384  -  ResidentSetSize of job (KB)
...
006 (3447417.005.000) 01/30 19:45:54 Image size of job updated: 454416
	373  -  MemoryUsage of job (MB)
	381428  -  ResidentSetSize of job (KB)
...
006 (3447417.005.000) 01/30 19:50:54 Image size of job updated: 454416
	373  -  MemoryUsage of job (MB)
	381452  -  ResidentSetSize of job (KB)
...
006 (3447417.005.000) 01/30 19:55:55 Image size of job updated: 454416
	373  -  MemoryUsage of job (MB)
	381456  -  ResidentSetSize of job (KB)
...
006 (3447417.005.000) 01/30 20:00:56 Image size of job updated: 454416
	373  -  MemoryUsage of job (MB)
	381492  -  ResidentSetSize of job (KB)
...
006 (3447417.005.000) 01/30 20:05:56 Image size of job updated: 454416
	373  -  MemoryUsage of job (MB)
	381560  -  ResidentSetSize of job (KB)
...
006 (3447417.005.000) 01/30 20:10:56 Image size of job updated: 454416
	373  -  MemoryUsage of job (MB)
	381612  -  ResidentSetSize of job (KB)
...
006 (3447417.005.000) 01/30 20:15:57 Image size of job updated: 454416
	373  -  MemoryUsage of job (MB)
	381656  -  ResidentSetSize of job (KB)
...
006 (3447417.005.000) 01/30 20:20:58 Image size of job updated: 454416
	373  -  MemoryUsage of job (MB)
	381736  -  ResidentSetSize of job (KB)
...
006 (3447417.005.000) 01/30 20:30:58 Image size of job updated: 454416
	373  -  MemoryUsage of job (MB)
	381784  -  ResidentSetSize of job (KB)
...
006 (3447417.005.000) 01/30 20:35:59 Image size of job updated: 454416
	373  -  MemoryUsage of job (MB)
	381792  -  ResidentSetSize of job (KB)
...
006 (3447417.005.000) 01/30 20:41:00 Image size of job updated: 454416
	373  -  MemoryUsage of job (MB)
	381824  -  ResidentSetSize of job (KB)
...
006 (3447417.005.000) 01/30 20:46:00 Image size of job updated: 454416
	373  -  MemoryUsage of job (MB)
	381884  -  ResidentSetSize of job (KB)
...
006 (3447417.005.000) 01/30 20:51:01 Image size of job updated: 454416
	373  -  MemoryUsage of job (MB)
	381920  -  ResidentSetSize of job (KB)
...
006 (3447417.005.000) 01/30 20:56:02 Image size of job updated: 454416
	373  -  MemoryUsage of job (MB)
	381924  -  ResidentSetSize of job (KB)
...
006 (3447417.005.000) 01/30 21:01:03 Image size of job updated: 454416
	374  -  MemoryUsage of job (MB)
	381988  -  ResidentSetSize of job (KB)
...
006 (3447417.005.000) 01/30 21:11:03 Image size of job updated: 454416
	374  -  MemoryUsage of job (MB)
	382024  -  ResidentSetSize of job (KB)
...
006 (3447417.005.000) 01/30 21:16:04 Image size of job updated: 454416
	374  -  MemoryUsage of job (MB)
	382044  -  ResidentSetSize of job (KB)
...
006 (3447417.005.000) 01/30 21:21:04 Image size of job updated: 454416
	374  -  MemoryUsage of job (MB)
	382116  -  ResidentSetSize of job (KB)
...
006 (3447417.005.000) 01/30 21:31:05 Image size of job updated: 454416
	374  -  MemoryUsage of job (MB)
	382156  -  ResidentSetSize of job (KB)
...
006 (3447417.005.000) 01/30 21:36:07 Image size of job updated: 454416
	374  -  MemoryUsage of job (MB)
	382236  -  ResidentSetSize of job (KB)
...
006 (3447417.005.000) 01/30 21:41:07 Image size of job updated: 454416
	374  -  MemoryUsage of job (MB)
	382256  -  ResidentSetSize of job (KB)
...
006 (3447417.005.000) 01/30 21:46:07 Image size of job updated: 454416
	374  -  MemoryUsage of job (MB)
	382288  -  ResidentSetSize of job (KB)
...
006 (3447417.005.000) 01/30 21:51:07 Image size of job updated: 454416
	374  -  MemoryUsage of job (MB)
	382320  -  ResidentSetSize of job (KB)
...
006 (3447417.005.000) 01/30 21:56:09 Image size of job updated: 454416
	374  -  MemoryUsage of job (MB)
	382344  -  ResidentSetSize of job (KB)
...
006 (3447417.005.000) 01/30 22:01:09 Image size of job updated: 454416
	374  -  MemoryUsage of job (MB)
	382368  -  ResidentSetSize of job (KB)
...
006 (3447417.005.000) 01/30 22:06:09 Image size of job updated: 454416
	374  -  MemoryUsage of job (MB)
	382416  -  ResidentSetSize of job (KB)
...
006 (3447417.005.000) 01/30 22:11:10 Image size of job updated: 454416
	374  -  MemoryUsage of job (MB)
	382456  -  ResidentSetSize of job (KB)
...
006 (3447417.005.000) 01/30 22:16:11 Image size of job updated: 454416
	374  -  MemoryUsage of job (MB)
	382472  -  ResidentSetSize of job (KB)
...
006 (3447417.005.000) 01/30 22:21:11 Image size of job updated: 454416
	374  -  MemoryUsage of job (MB)
	382496  -  ResidentSetSize of job (KB)
...
006 (3447417.005.000) 01/30 22:26:11 Image size of job updated: 454416
	374  -  MemoryUsage of job (MB)
	382552  -  ResidentSetSize of job (KB)
...
006 (3447417.005.000) 01/30 22:31:12 Image size of job updated: 454416
	374  -  MemoryUsage of job (MB)
	382580  -  ResidentSetSize of job (KB)
...
006 (3447417.005.000) 01/30 22:36:13 Image size of job updated: 454416
	374  -  MemoryUsage of job (MB)
	382596  -  ResidentSetSize of job (KB)
...
006 (3447417.005.000) 01/30 22:41:13 Image size of job updated: 454416
	374  -  MemoryUsage of job (MB)
	382648  -  ResidentSetSize of job (KB)
...
006 (3447417.005.000) 01/30 22:46:13 Image size of job updated: 454416
	374  -  MemoryUsage of job (MB)
	382660  -  ResidentSetSize of job (KB)
...
006 (3447417.005.000) 01/30 22:51:14 Image size of job updated: 454416
	374  -  MemoryUsage of job (MB)
	382696  -  ResidentSetSize of job (KB)
...
006 (3447417.005.000) 01/30 22:56:14 Image size of job updated: 454416
	374  -  MemoryUsage of job (MB)
	382724  -  ResidentSetSize of job (KB)
...
006 (3447417.005.000) 01/30 23:01:14 Image size of job updated: 454416
	374  -  MemoryUsage of job (MB)
	382772  -  ResidentSetSize of job (KB)
...
006 (3447417.005.000) 01/30 23:06:15 Image size of job updated: 454416
	374  -  MemoryUsage of job (MB)
	382792  -  ResidentSetSize of job (KB)
...
006 (3447417.005.000) 01/30 23:11:16 Image size of job updated: 454416
	374  -  MemoryUsage of job (MB)
	382840  -  ResidentSetSize of job (KB)
...
006 (3447417.005.000) 01/30 23:16:16 Image size of job updated: 454416
	374  -  MemoryUsage of job (MB)
	382860  -  ResidentSetSize of job (KB)
...
006 (3447417.005.000) 01/30 23:21:16 Image size of job updated: 454416
	374  -  MemoryUsage of job (MB)
	382876  -  ResidentSetSize of job (KB)
...
006 (3447417.005.000) 01/30 23:26:18 Image size of job updated: 454416
	374  -  MemoryUsage of job (MB)
	382912  -  ResidentSetSize of job (KB)
...
006 (3447417.005.000) 01/30 23:31:18 Image size of job updated: 454416
	374  -  MemoryUsage of job (MB)
	382956  -  ResidentSetSize of job (KB)
...
006 (3447417.005.000) 01/30 23:36:18 Image size of job updated: 454416
	375  -  MemoryUsage of job (MB)
	382984  -  ResidentSetSize of job (KB)
...
006 (3447417.005.000) 01/30 23:41:19 Image size of job updated: 454416
	375  -  MemoryUsage of job (MB)
	383004  -  ResidentSetSize of job (KB)
...
006 (3447417.005.000) 01/30 23:46:20 Image size of job updated: 454416
	375  -  MemoryUsage of job (MB)
	383048  -  ResidentSetSize of job (KB)
...
006 (3447417.005.000) 01/30 23:51:21 Image size of job updated: 454416
	375  -  MemoryUsage of job (MB)
	383088  -  ResidentSetSize of job (KB)
...
006 (3447417.005.000) 01/31 00:01:22 Image size of job updated: 454416
	375  -  MemoryUsage of job (MB)
	383144  -  ResidentSetSize of job (KB)
...
006 (3447417.005.000) 01/31 00:06:22 Image size of job updated: 454416
	375  -  MemoryUsage of job (MB)
	383196  -  ResidentSetSize of job (KB)
...
006 (3447417.005.000) 01/31 00:11:23 Image size of job updated: 454416
	375  -  MemoryUsage of job (MB)
	383208  -  ResidentSetSize of job (KB)
...
006 (3447417.005.000) 01/31 00:16:24 Image size of job updated: 454416
	375  -  MemoryUsage of job (MB)
	383288  -  ResidentSetSize of job (KB)
...
006 (3447417.005.000) 01/31 00:26:24 Image size of job updated: 454416
	375  -  MemoryUsage of job (MB)
	383328  -  ResidentSetSize of job (KB)
...
006 (3447417.005.000) 01/31 00:31:26 Image size of job updated: 454416
	375  -  MemoryUsage of job (MB)
	383352  -  ResidentSetSize of job (KB)
...
006 (3447417.005.000) 01/31 00:36:26 Image size of job updated: 454416
	375  -  MemoryUsage of job (MB)
	383660  -  ResidentSetSize of job (KB)
...
006 (3447417.005.000) 01/31 00:46:27 Image size of job updated: 454416
	375  -  MemoryUsage of job (MB)
	383784  -  ResidentSetSize of job (KB)
...
006 (3447417.005.000) 01/31 01:41:33 Image size of job updated: 454416
	375  -  MemoryUsage of job (MB)
	383924  -  ResidentSetSize of job (KB)
...
006 (3447417.005.000) 01/31 01:46:34 Image size of job updated: 454416
	375  -  MemoryUsage of job (MB)
	383936  -  ResidentSetSize of job (KB)
...
006 (3447417.005.000) 01/31 01:51:34 Image size of job updated: 454416
	375  -  MemoryUsage of job (MB)
	383948  -  ResidentSetSize of job (KB)
...
006 (3447417.005.000) 01/31 01:56:34 Image size of job updated: 454416
	375  -  MemoryUsage of job (MB)
	383976  -  ResidentSetSize of job (KB)
...
006 (3447417.005.000) 01/31 02:06:36 Image size of job updated: 454416
	375  -  MemoryUsage of job (MB)
	384000  -  ResidentSetSize of job (KB)
...
006 (3447417.005.000) 01/31 02:11:36 Image size of job updated: 454416
	376  -  MemoryUsage of job (MB)
	384036  -  ResidentSetSize of job (KB)
...
006 (3447417.005.000) 01/31 02:16:36 Image size of job updated: 454416
	376  -  MemoryUsage of job (MB)
	384048  -  ResidentSetSize of job (KB)
...
006 (3447417.005.000) 01/31 02:21:37 Image size of job updated: 454416
	376  -  MemoryUsage of job (MB)
	384060  -  ResidentSetSize of job (KB)
...
006 (3447417.005.000) 01/31 02:26:37 Image size of job updated: 454416
	376  -  MemoryUsage of job (MB)
	384112  -  ResidentSetSize of job (KB)
...
006 (3447417.005.000) 01/31 02:41:39 Image size of job updated: 454416
	376  -  MemoryUsage of job (MB)
	384120  -  ResidentSetSize of job (KB)
...
006 (3447417.005.000) 01/31 02:46:39 Image size of job updated: 454416
	376  -  MemoryUsage of job (MB)
	384140  -  ResidentSetSize of job (KB)
...
006 (3447417.005.000) 01/31 02:51:40 Image size of job updated: 454416
	376  -  MemoryUsage of job (MB)
	384144  -  ResidentSetSize of job (KB)
...
006 (3447417.005.000) 01/31 03:01:41 Image size of job updated: 454416
	376  -  MemoryUsage of job (MB)
	384180  -  ResidentSetSize of job (KB)
...
006 (3447417.005.000) 01/31 03:16:43 Image size of job updated: 454416
	376  -  MemoryUsage of job (MB)
	384204  -  ResidentSetSize of job (KB)
...
006 (3447417.005.000) 01/31 03:21:43 Image size of job updated: 454416
	376  -  MemoryUsage of job (MB)
	384228  -  ResidentSetSize of job (KB)
...
006 (3447417.005.000) 01/31 03:31:45 Image size of job updated: 454416
	376  -  MemoryUsage of job (MB)
	384236  -  ResidentSetSize of job (KB)
...
006 (3447417.005.000) 01/31 03:36:45 Image size of job updated: 454416
	376  -  MemoryUsage of job (MB)
	384244  -  ResidentSetSize of job (KB)
...
006 (3447417.005.000) 01/31 03:46:47 Image size of job updated: 454416
	376  -  MemoryUsage of job (MB)
	384260  -  ResidentSetSize of job (KB)
...
006 (3447417.005.000) 01/31 03:51:47 Image size of job updated: 454416
	376  -  MemoryUsage of job (MB)
	384276  -  ResidentSetSize of job (KB)
...
006 (3447417.005.000) 01/31 03:56:47 Image size of job updated: 454416
	376  -  MemoryUsage of job (MB)
	384288  -  ResidentSetSize of job (KB)
...
006 (3447417.005.000) 01/31 04:01:48 Image size of job updated: 454416
	376  -  MemoryUsage of job (MB)
	384300  -  ResidentSetSize of job (KB)
...
006 (3447417.005.000) 01/31 04:06:48 Image size of job updated: 454416
	376  -  MemoryUsage of job (MB)
	384320  -  ResidentSetSize of job (KB)
...
006 (3447417.005.000) 01/31 04:16:49 Image size of job updated: 454416
	376  -  MemoryUsage of job (MB)
	384336  -  ResidentSetSize of job (KB)
...
006 (3447417.005.000) 01/31 04:21:50 Image size of job updated: 454416
	376  -  MemoryUsage of job (MB)
	384376  -  ResidentSetSize of job (KB)
...
006 (3447417.005.000) 01/31 04:31:50 Image size of job updated: 454416
	376  -  MemoryUsage of job (MB)
	384392  -  ResidentSetSize of job (KB)
...
006 (3447417.005.000) 01/31 04:41:51 Image size of job updated: 454416
	376  -  MemoryUsage of job (MB)
	384424  -  ResidentSetSize of job (KB)
...
006 (3447417.005.000) 01/31 04:51:52 Image size of job updated: 454416
	376  -  MemoryUsage of job (MB)
	384448  -  ResidentSetSize of job (KB)
...
006 (3447417.005.000) 01/31 05:01:53 Image size of job updated: 454416
	376  -  MemoryUsage of job (MB)
	384484  -  ResidentSetSize of job (KB)
...
006 (3447417.005.000) 01/31 05:11:55 Image size of job updated: 454416
	376  -  MemoryUsage of job (MB)
	384524  -  ResidentSetSize of job (KB)
...
006 (3447417.005.000) 01/31 05:21:55 Image size of job updated: 454416
	376  -  MemoryUsage of job (MB)
	384528  -  ResidentSetSize of job (KB)
...
006 (3447417.005.000) 01/31 06:07:01 Image size of job updated: 454416
	376  -  MemoryUsage of job (MB)
	384540  -  ResidentSetSize of job (KB)
...
006 (3447417.005.000) 01/31 06:12:01 Image size of job updated: 454416
	376  -  MemoryUsage of job (MB)
	384544  -  ResidentSetSize of job (KB)
...
006 (3447417.005.000) 01/31 06:17:02 Image size of job updated: 454416
	376  -  MemoryUsage of job (MB)
	384548  -  ResidentSetSize of job (KB)
...
006 (3447417.005.000) 01/31 06:22:03 Image size of job updated: 454416
	376  -  MemoryUsage of job (MB)
	384592  -  ResidentSetSize of job (KB)
...
006 (3447417.005.000) 01/31 06:27:03 Image size of job updated: 454416
	376  -  MemoryUsage of job (MB)
	384608  -  ResidentSetSize of job (KB)
...
006 (3447417.005.000) 01/31 06:37:05 Image size of job updated: 454416
	376  -  MemoryUsage of job (MB)
	384652  -  ResidentSetSize of job (KB)
...
006 (3447417.005.000) 01/31 06:42:05 Image size of job updated: 454416
	376  -  MemoryUsage of job (MB)
	384676  -  ResidentSetSize of job (KB)
...
006 (3447417.005.000) 01/31 06:47:05 Image size of job updated: 454416
	376  -  MemoryUsage of job (MB)
	384684  -  ResidentSetSize of job (KB)
...
006 (3447417.005.000) 01/31 06:52:06 Image size of job updated: 454416
	376  -  MemoryUsage of job (MB)
	384696  -  ResidentSetSize of job (KB)
...
006 (3447417.005.000) 01/31 07:02:07 Image size of job updated: 454416
	376  -  MemoryUsage of job (MB)
	384744  -  ResidentSetSize of job (KB)
...
006 (3447417.005.000) 01/31 07:17:09 Image size of job updated: 454416
	376  -  MemoryUsage of job (MB)
	384832  -  ResidentSetSize of job (KB)
...
006 (3447417.005.000) 01/31 07:37:11 Image size of job updated: 454416
	376  -  MemoryUsage of job (MB)
	384872  -  ResidentSetSize of job (KB)
...
006 (3447417.005.000) 01/31 07:42:11 Image size of job updated: 454416
	376  -  MemoryUsage of job (MB)
	384880  -  ResidentSetSize of job (KB)
...
006 (3447417.005.000) 01/31 08:07:14 Image size of job updated: 454416
	376  -  MemoryUsage of job (MB)
	384920  -  ResidentSetSize of job (KB)
...
006 (3447417.005.000) 01/31 08:17:15 Image size of job updated: 454416
	376  -  MemoryUsage of job (MB)
	384952  -  ResidentSetSize of job (KB)
...
006 (3447417.005.000) 01/31 08:22:15 Image size of job updated: 454416
	376  -  MemoryUsage of job (MB)
	384968  -  ResidentSetSize of job (KB)
...
006 (3447417.005.000) 01/31 08:27:16 Image size of job updated: 454416
	376  -  MemoryUsage of job (MB)
	384988  -  ResidentSetSize of job (KB)
...
006 (3447417.005.000) 01/31 08:42:17 Image size of job updated: 454416
	376  -  MemoryUsage of job (MB)
	385020  -  ResidentSetSize of job (KB)
...
006 (3447417.005.000) 01/31 08:47:18 Image size of job updated: 454416
	377  -  MemoryUsage of job (MB)
	385040  -  ResidentSetSize of job (KB)
...
006 (3447417.005.000) 01/31 09:12:20 Image size of job updated: 454416
	377  -  MemoryUsage of job (MB)
	385116  -  ResidentSetSize of job (KB)
...
006 (3447417.005.000) 01/31 09:22:22 Image size of job updated: 454416
	377  -  MemoryUsage of job (MB)
	385152  -  ResidentSetSize of job (KB)
...
006 (3447417.005.000) 01/31 09:32:22 Image size of job updated: 454416
	377  -  MemoryUsage of job (MB)
	385156  -  ResidentSetSize of job (KB)
...
006 (3447417.005.000) 01/31 09:37:23 Image size of job updated: 454416
	377  -  MemoryUsage of job (MB)
	385176  -  ResidentSetSize of job (KB)
...
006 (3447417.005.000) 01/31 09:42:24 Image size of job updated: 454416
	377  -  MemoryUsage of job (MB)
	385204  -  ResidentSetSize of job (KB)
...
006 (3447417.005.000) 01/31 18:13:42 Image size of job updated: 454416
	377  -  MemoryUsage of job (MB)
	385288  -  ResidentSetSize of job (KB)
...
006 (3447417.005.000) 01/31 18:23:43 Image size of job updated: 454416
	377  -  MemoryUsage of job (MB)
	385308  -  ResidentSetSize of job (KB)
...
006 (3447417.005.000) 01/31 18:31:43 Image size of job updated: 454416
	377  -  MemoryUsage of job (MB)
	385324  -  ResidentSetSize of job (KB)
...
006 (3447417.005.000) 01/31 18:41:44 Image size of job updated: 454416
	377  -  MemoryUsage of job (MB)
	385332  -  ResidentSetSize of job (KB)
...
006 (3447417.005.000) 01/31 18:56:45 Image size of job updated: 454416
	377  -  MemoryUsage of job (MB)
	385336  -  ResidentSetSize of job (KB)
...
006 (3447417.005.000) 01/31 19:01:46 Image size of job updated: 454416
	377  -  MemoryUsage of job (MB)
	385340  -  ResidentSetSize of job (KB)
...
006 (3447417.005.000) 01/31 19:06:46 Image size of job updated: 454416
	377  -  MemoryUsage of job (MB)
	385372  -  ResidentSetSize of job (KB)
...
006 (3447417.005.000) 01/31 19:11:46 Image size of job updated: 454416
	377  -  MemoryUsage of job (MB)
	385412  -  ResidentSetSize of job (KB)
...
006 (3447417.005.000) 01/31 19:16:47 Image size of job updated: 454416
	377  -  MemoryUsage of job (MB)
	385416  -  ResidentSetSize of job (KB)
...
006 (3447417.005.000) 01/31 19:21:48 Image size of job updated: 454416
	377  -  MemoryUsage of job (MB)
	385436  -  ResidentSetSize of job (KB)
...
006 (3447417.005.000) 01/31 19:26:48 Image size of job updated: 454416
	377  -  MemoryUsage of job (MB)
	385468  -  ResidentSetSize of job (KB)
...
006 (3447417.005.000) 01/31 19:31:49 Image size of job updated: 454416
	377  -  MemoryUsage of job (MB)
	385516  -  ResidentSetSize of job (KB)
...
006 (3447417.005.000) 01/31 19:36:50 Image size of job updated: 454416
	377  -  MemoryUsage of job (MB)
	385552  -  ResidentSetSize of job (KB)
...
006 (3447417.005.000) 01/31 19:41:50 Image size of job updated: 454416
	377  -  MemoryUsage of job (MB)
	385580  -  ResidentSetSize of job (KB)
...
006 (3447417.005.000) 01/31 20:10:29 Image size of job updated: 454416
	377  -  MemoryUsage of job (MB)
	385592  -  ResidentSetSize of job (KB)
...
006 (3447417.005.000) 01/31 20:21:16 Image size of job updated: 454416
	377  -  MemoryUsage of job (MB)
	385620  -  ResidentSetSize of job (KB)
...
006 (3447417.005.000) 01/31 20:29:53 Image size of job updated: 454416
	377  -  MemoryUsage of job (MB)
	385648  -  ResidentSetSize of job (KB)
...
006 (3447417.005.000) 01/31 20:35:04 Image size of job updated: 454416
	377  -  MemoryUsage of job (MB)
	385672  -  ResidentSetSize of job (KB)
...
006 (3447417.005.000) 02/01 09:59:29 Image size of job updated: 454416
	377  -  MemoryUsage of job (MB)
	385684  -  ResidentSetSize of job (KB)
...
006 (3447417.005.000) 02/01 10:04:29 Image size of job updated: 454416
	377  -  MemoryUsage of job (MB)
	385692  -  ResidentSetSize of job (KB)
...
006 (3447417.005.000) 02/01 10:09:30 Image size of job updated: 454416
	377  -  MemoryUsage of job (MB)
	385708  -  ResidentSetSize of job (KB)
...
006 (3447417.005.000) 02/01 10:14:31 Image size of job updated: 454416
	377  -  MemoryUsage of job (MB)
	385732  -  ResidentSetSize of job (KB)
...
006 (3447417.005.000) 02/01 10:19:31 Image size of job updated: 454416
	377  -  MemoryUsage of job (MB)
	385764  -  ResidentSetSize of job (KB)
...
006 (3447417.005.000) 02/01 10:24:32 Image size of job updated: 454416
	377  -  MemoryUsage of job (MB)
	385804  -  ResidentSetSize of job (KB)
...
006 (3447417.005.000) 02/01 10:29:33 Image size of job updated: 454416
	377  -  MemoryUsage of job (MB)
	385812  -  ResidentSetSize of job (KB)
...
006 (3447417.005.000) 02/01 10:34:33 Image size of job updated: 454416
	377  -  MemoryUsage of job (MB)
	385824  -  ResidentSetSize of job (KB)
...
006 (3447417.005.000) 02/01 10:39:33 Image size of job updated: 454416
	377  -  MemoryUsage of job (MB)
	385844  -  ResidentSetSize of job (KB)
...
040 (3447417.005.000) 02/01 19:28:56 Started transferring input files
	Transferring to host: <188.184.139.155:9618?addrs=188.184.139.155-9618+[2001-1458-301-45--100-1b6]-9618&noUDP&sock=3997_ff7c_59026>
...
040 (3447417.005.000) 02/01 19:28:56 Finished transferring input files
...
001 (3447417.005.000) 02/01 19:28:57 Job executing on host: <188.184.139.155:9618?addrs=188.184.139.155-9618+[2001-1458-301-45--100-1b6]-9618&noUDP&sock=3229_6765_3>
...
040 (3447417.005.000) 02/01 19:29:24 Started transferring output files
...
040 (3447417.005.000) 02/01 19:29:24 Finished transferring output files
...
005 (3447417.005.000) 02/01 19:29:24 Job terminated.
	(1) Normal termination (return value 0)
		Usr 0 00:00:05, Sys 0 00:00:04  -  Run Remote Usage
		Usr 0 00:00:00, Sys 0 00:00:00  -  Run Local Usage
		Usr 0 00:00:05, Sys 0 00:00:04  -  Total Remote Usage
		Usr 0 00:00:00, Sys 0 00:00:00  -  Total Local Usage
	9715  -  Run Bytes Sent By Job
	493  -  Run Bytes Received By Job
	9715  -  Total Bytes Sent By Job
	986  -  Total Bytes Received By Job
	Partitionable Resources :    Usage  Request Allocated 
	   Cpus                 :                 1           
	   Disk (KB)            :       24       40   3125333 
	   Memory (MB)          :      391     2000      2000 
...
