000 (3447426.010.000) 01/30 01:49:35 Job submitted from host: <188.185.71.142:9618?addrs=188.185.71.142-9618+[2001-1458-d00-7--100-388]-9618&alias=bigbird09.cern.ch&noUDP&sock=schedd_2208_1533_7>
...
040 (3447426.010.000) 01/30 07:16:49 Started transferring input files
	Transferring to host: <188.184.138.67:9618?addrs=188.184.138.67-9618+[2001-1458-301-45--100-56]-9618&noUDP&sock=31058_eba8_199056>
...
040 (3447426.010.000) 01/30 07:16:49 Finished transferring input files
...
001 (3447426.010.000) 01/30 07:16:50 Job executing on host: <188.184.138.67:9618?addrs=188.184.138.67-9618+[2001-1458-301-45--100-56]-9618&noUDP&sock=5609_e2cc_3>
...
006 (3447426.010.000) 01/30 07:16:58 Image size of job updated: 4640
	4  -  MemoryUsage of job (MB)
	4048  -  ResidentSetSize of job (KB)
...
006 (3447426.010.000) 01/30 07:21:58 Image size of job updated: 434668
	376  -  MemoryUsage of job (MB)
	384480  -  ResidentSetSize of job (KB)
...
006 (3447426.010.000) 01/30 07:26:59 Image size of job updated: 434680
	376  -  MemoryUsage of job (MB)
	384492  -  ResidentSetSize of job (KB)
...
006 (3447426.010.000) 01/30 09:42:12 Image size of job updated: 434688
	376  -  MemoryUsage of job (MB)
	384512  -  ResidentSetSize of job (KB)
...
006 (3447426.010.000) 01/30 09:47:12 Image size of job updated: 434692
	376  -  MemoryUsage of job (MB)
	384516  -  ResidentSetSize of job (KB)
...
006 (3447426.010.000) 01/30 15:37:53 Image size of job updated: 434692
	376  -  MemoryUsage of job (MB)
	384528  -  ResidentSetSize of job (KB)
...
006 (3447426.010.000) 01/30 15:47:54 Image size of job updated: 434692
	376  -  MemoryUsage of job (MB)
	384552  -  ResidentSetSize of job (KB)
...
006 (3447426.010.000) 01/30 15:52:54 Image size of job updated: 434692
	376  -  MemoryUsage of job (MB)
	384624  -  ResidentSetSize of job (KB)
...
006 (3447426.010.000) 01/30 15:57:55 Image size of job updated: 434692
	376  -  MemoryUsage of job (MB)
	384640  -  ResidentSetSize of job (KB)
...
006 (3447426.010.000) 01/30 16:02:55 Image size of job updated: 434692
	376  -  MemoryUsage of job (MB)
	384660  -  ResidentSetSize of job (KB)
...
006 (3447426.010.000) 01/30 16:07:55 Image size of job updated: 434692
	376  -  MemoryUsage of job (MB)
	384724  -  ResidentSetSize of job (KB)
...
006 (3447426.010.000) 01/30 16:12:56 Image size of job updated: 434692
	376  -  MemoryUsage of job (MB)
	384732  -  ResidentSetSize of job (KB)
...
006 (3447426.010.000) 01/30 16:17:57 Image size of job updated: 434692
	376  -  MemoryUsage of job (MB)
	384784  -  ResidentSetSize of job (KB)
...
006 (3447426.010.000) 01/30 16:22:57 Image size of job updated: 434692
	376  -  MemoryUsage of job (MB)
	384864  -  ResidentSetSize of job (KB)
...
006 (3447426.010.000) 01/30 16:27:58 Image size of job updated: 434692
	376  -  MemoryUsage of job (MB)
	384888  -  ResidentSetSize of job (KB)
...
006 (3447426.010.000) 01/30 16:37:59 Image size of job updated: 434692
	376  -  MemoryUsage of job (MB)
	385012  -  ResidentSetSize of job (KB)
...
006 (3447426.010.000) 01/30 16:43:00 Image size of job updated: 434692
	376  -  MemoryUsage of job (MB)
	385016  -  ResidentSetSize of job (KB)
...
006 (3447426.010.000) 01/30 16:48:01 Image size of job updated: 434692
	376  -  MemoryUsage of job (MB)
	385020  -  ResidentSetSize of job (KB)
...
006 (3447426.010.000) 01/30 16:53:01 Image size of job updated: 434692
	377  -  MemoryUsage of job (MB)
	385072  -  ResidentSetSize of job (KB)
...
006 (3447426.010.000) 01/30 16:58:02 Image size of job updated: 434692
	377  -  MemoryUsage of job (MB)
	385080  -  ResidentSetSize of job (KB)
...
006 (3447426.010.000) 01/30 17:03:03 Image size of job updated: 434692
	377  -  MemoryUsage of job (MB)
	385116  -  ResidentSetSize of job (KB)
...
006 (3447426.010.000) 01/30 17:08:03 Image size of job updated: 434692
	377  -  MemoryUsage of job (MB)
	385124  -  ResidentSetSize of job (KB)
...
006 (3447426.010.000) 01/30 17:13:03 Image size of job updated: 434692
	377  -  MemoryUsage of job (MB)
	385148  -  ResidentSetSize of job (KB)
...
006 (3447426.010.000) 01/30 17:18:04 Image size of job updated: 434692
	377  -  MemoryUsage of job (MB)
	385160  -  ResidentSetSize of job (KB)
...
006 (3447426.010.000) 01/30 17:23:04 Image size of job updated: 434692
	377  -  MemoryUsage of job (MB)
	385200  -  ResidentSetSize of job (KB)
...
006 (3447426.010.000) 01/30 17:33:05 Image size of job updated: 434692
	377  -  MemoryUsage of job (MB)
	385260  -  ResidentSetSize of job (KB)
...
006 (3447426.010.000) 01/30 17:38:05 Image size of job updated: 434692
	377  -  MemoryUsage of job (MB)
	385300  -  ResidentSetSize of job (KB)
...
006 (3447426.010.000) 01/30 17:43:05 Image size of job updated: 434692
	377  -  MemoryUsage of job (MB)
	385364  -  ResidentSetSize of job (KB)
...
006 (3447426.010.000) 01/30 17:48:07 Image size of job updated: 434692
	377  -  MemoryUsage of job (MB)
	385412  -  ResidentSetSize of job (KB)
...
006 (3447426.010.000) 01/30 17:53:07 Image size of job updated: 434692
	377  -  MemoryUsage of job (MB)
	385416  -  ResidentSetSize of job (KB)
...
006 (3447426.010.000) 01/30 17:58:07 Image size of job updated: 434692
	377  -  MemoryUsage of job (MB)
	385440  -  ResidentSetSize of job (KB)
...
006 (3447426.010.000) 01/30 18:03:09 Image size of job updated: 434692
	377  -  MemoryUsage of job (MB)
	385480  -  ResidentSetSize of job (KB)
...
006 (3447426.010.000) 01/30 18:08:09 Image size of job updated: 434692
	377  -  MemoryUsage of job (MB)
	385516  -  ResidentSetSize of job (KB)
...
006 (3447426.010.000) 01/30 18:13:09 Image size of job updated: 434692
	377  -  MemoryUsage of job (MB)
	385572  -  ResidentSetSize of job (KB)
...
006 (3447426.010.000) 01/30 18:18:10 Image size of job updated: 434692
	377  -  MemoryUsage of job (MB)
	385580  -  ResidentSetSize of job (KB)
...
006 (3447426.010.000) 01/30 18:23:11 Image size of job updated: 434692
	377  -  MemoryUsage of job (MB)
	385588  -  ResidentSetSize of job (KB)
...
006 (3447426.010.000) 01/30 18:28:11 Image size of job updated: 434692
	377  -  MemoryUsage of job (MB)
	385636  -  ResidentSetSize of job (KB)
...
006 (3447426.010.000) 01/30 18:33:12 Image size of job updated: 434692
	377  -  MemoryUsage of job (MB)
	385656  -  ResidentSetSize of job (KB)
...
006 (3447426.010.000) 01/30 18:38:13 Image size of job updated: 434692
	377  -  MemoryUsage of job (MB)
	385680  -  ResidentSetSize of job (KB)
...
006 (3447426.010.000) 01/30 18:43:13 Image size of job updated: 434692
	377  -  MemoryUsage of job (MB)
	385708  -  ResidentSetSize of job (KB)
...
006 (3447426.010.000) 01/30 18:48:14 Image size of job updated: 434692
	377  -  MemoryUsage of job (MB)
	385732  -  ResidentSetSize of job (KB)
...
006 (3447426.010.000) 01/30 18:53:15 Image size of job updated: 434692
	377  -  MemoryUsage of job (MB)
	385748  -  ResidentSetSize of job (KB)
...
006 (3447426.010.000) 01/30 18:58:15 Image size of job updated: 434692
	377  -  MemoryUsage of job (MB)
	385796  -  ResidentSetSize of job (KB)
...
006 (3447426.010.000) 01/30 19:03:16 Image size of job updated: 434692
	377  -  MemoryUsage of job (MB)
	385804  -  ResidentSetSize of job (KB)
...
006 (3447426.010.000) 01/30 19:13:17 Image size of job updated: 434692
	377  -  MemoryUsage of job (MB)
	385808  -  ResidentSetSize of job (KB)
...
006 (3447426.010.000) 01/30 19:18:18 Image size of job updated: 434692
	377  -  MemoryUsage of job (MB)
	385880  -  ResidentSetSize of job (KB)
...
006 (3447426.010.000) 01/30 19:23:19 Image size of job updated: 434692
	377  -  MemoryUsage of job (MB)
	385888  -  ResidentSetSize of job (KB)
...
006 (3447426.010.000) 01/30 19:33:19 Image size of job updated: 434692
	377  -  MemoryUsage of job (MB)
	385912  -  ResidentSetSize of job (KB)
...
006 (3447426.010.000) 01/30 19:38:20 Image size of job updated: 434692
	377  -  MemoryUsage of job (MB)
	386032  -  ResidentSetSize of job (KB)
...
006 (3447426.010.000) 01/30 19:48:20 Image size of job updated: 434692
	378  -  MemoryUsage of job (MB)
	386236  -  ResidentSetSize of job (KB)
...
006 (3447426.010.000) 01/30 19:53:21 Image size of job updated: 434692
	378  -  MemoryUsage of job (MB)
	386408  -  ResidentSetSize of job (KB)
...
006 (3447426.010.000) 01/30 20:08:21 Image size of job updated: 434692
	378  -  MemoryUsage of job (MB)
	386520  -  ResidentSetSize of job (KB)
...
006 (3447426.010.000) 01/30 20:38:25 Image size of job updated: 434692
	378  -  MemoryUsage of job (MB)
	386624  -  ResidentSetSize of job (KB)
...
006 (3447426.010.000) 01/30 20:48:26 Image size of job updated: 434692
	378  -  MemoryUsage of job (MB)
	386748  -  ResidentSetSize of job (KB)
...
006 (3447426.010.000) 01/30 20:53:26 Image size of job updated: 434692
	378  -  MemoryUsage of job (MB)
	386764  -  ResidentSetSize of job (KB)
...
006 (3447426.010.000) 01/30 20:58:26 Image size of job updated: 434692
	378  -  MemoryUsage of job (MB)
	386792  -  ResidentSetSize of job (KB)
...
006 (3447426.010.000) 01/30 22:23:34 Image size of job updated: 434692
	378  -  MemoryUsage of job (MB)
	386796  -  ResidentSetSize of job (KB)
...
006 (3447426.010.000) 01/30 22:28:35 Image size of job updated: 434692
	378  -  MemoryUsage of job (MB)
	386820  -  ResidentSetSize of job (KB)
...
006 (3447426.010.000) 01/30 22:33:35 Image size of job updated: 434692
	378  -  MemoryUsage of job (MB)
	386836  -  ResidentSetSize of job (KB)
...
006 (3447426.010.000) 01/30 22:43:37 Image size of job updated: 434692
	378  -  MemoryUsage of job (MB)
	386912  -  ResidentSetSize of job (KB)
...
006 (3447426.010.000) 01/30 22:48:37 Image size of job updated: 434692
	378  -  MemoryUsage of job (MB)
	386964  -  ResidentSetSize of job (KB)
...
006 (3447426.010.000) 01/30 22:53:38 Image size of job updated: 434692
	378  -  MemoryUsage of job (MB)
	386968  -  ResidentSetSize of job (KB)
...
006 (3447426.010.000) 01/30 22:58:39 Image size of job updated: 434692
	378  -  MemoryUsage of job (MB)
	387036  -  ResidentSetSize of job (KB)
...
006 (3447426.010.000) 01/30 23:03:39 Image size of job updated: 434692
	378  -  MemoryUsage of job (MB)
	387068  -  ResidentSetSize of job (KB)
...
006 (3447426.010.000) 01/30 23:13:41 Image size of job updated: 434692
	379  -  MemoryUsage of job (MB)
	387160  -  ResidentSetSize of job (KB)
...
006 (3447426.010.000) 01/30 23:18:41 Image size of job updated: 434692
	379  -  MemoryUsage of job (MB)
	387164  -  ResidentSetSize of job (KB)
...
006 (3447426.010.000) 01/30 23:23:42 Image size of job updated: 434692
	379  -  MemoryUsage of job (MB)
	387224  -  ResidentSetSize of job (KB)
...
006 (3447426.010.000) 01/30 23:28:43 Image size of job updated: 434692
	379  -  MemoryUsage of job (MB)
	387228  -  ResidentSetSize of job (KB)
...
006 (3447426.010.000) 01/30 23:33:43 Image size of job updated: 434692
	379  -  MemoryUsage of job (MB)
	387304  -  ResidentSetSize of job (KB)
...
006 (3447426.010.000) 01/30 23:38:43 Image size of job updated: 434692
	379  -  MemoryUsage of job (MB)
	387368  -  ResidentSetSize of job (KB)
...
006 (3447426.010.000) 01/30 23:43:44 Image size of job updated: 434692
	379  -  MemoryUsage of job (MB)
	387400  -  ResidentSetSize of job (KB)
...
006 (3447426.010.000) 01/30 23:48:44 Image size of job updated: 434692
	379  -  MemoryUsage of job (MB)
	387440  -  ResidentSetSize of job (KB)
...
006 (3447426.010.000) 01/30 23:53:44 Image size of job updated: 434692
	379  -  MemoryUsage of job (MB)
	387444  -  ResidentSetSize of job (KB)
...
006 (3447426.010.000) 01/30 23:58:45 Image size of job updated: 434692
	379  -  MemoryUsage of job (MB)
	387532  -  ResidentSetSize of job (KB)
...
006 (3447426.010.000) 01/31 00:03:46 Image size of job updated: 434692
	379  -  MemoryUsage of job (MB)
	387536  -  ResidentSetSize of job (KB)
...
006 (3447426.010.000) 01/31 00:08:46 Image size of job updated: 434692
	379  -  MemoryUsage of job (MB)
	387572  -  ResidentSetSize of job (KB)
...
006 (3447426.010.000) 01/31 00:13:47 Image size of job updated: 434692
	379  -  MemoryUsage of job (MB)
	387596  -  ResidentSetSize of job (KB)
...
006 (3447426.010.000) 01/31 00:18:48 Image size of job updated: 434692
	379  -  MemoryUsage of job (MB)
	387656  -  ResidentSetSize of job (KB)
...
006 (3447426.010.000) 01/31 00:28:48 Image size of job updated: 434692
	379  -  MemoryUsage of job (MB)
	387764  -  ResidentSetSize of job (KB)
...
006 (3447426.010.000) 01/31 00:33:49 Image size of job updated: 434692
	379  -  MemoryUsage of job (MB)
	387780  -  ResidentSetSize of job (KB)
...
006 (3447426.010.000) 01/31 00:38:49 Image size of job updated: 434692
	379  -  MemoryUsage of job (MB)
	387836  -  ResidentSetSize of job (KB)
...
006 (3447426.010.000) 01/31 00:43:49 Image size of job updated: 434692
	379  -  MemoryUsage of job (MB)
	387840  -  ResidentSetSize of job (KB)
...
006 (3447426.010.000) 01/31 00:48:50 Image size of job updated: 434692
	379  -  MemoryUsage of job (MB)
	387888  -  ResidentSetSize of job (KB)
...
006 (3447426.010.000) 01/31 00:53:50 Image size of job updated: 434692
	379  -  MemoryUsage of job (MB)
	388016  -  ResidentSetSize of job (KB)
...
006 (3447426.010.000) 01/31 00:58:50 Image size of job updated: 434692
	379  -  MemoryUsage of job (MB)
	388040  -  ResidentSetSize of job (KB)
...
006 (3447426.010.000) 01/31 01:03:51 Image size of job updated: 434692
	379  -  MemoryUsage of job (MB)
	388056  -  ResidentSetSize of job (KB)
...
006 (3447426.010.000) 01/31 01:08:51 Image size of job updated: 434692
	380  -  MemoryUsage of job (MB)
	388120  -  ResidentSetSize of job (KB)
...
006 (3447426.010.000) 01/31 01:13:51 Image size of job updated: 434692
	380  -  MemoryUsage of job (MB)
	388164  -  ResidentSetSize of job (KB)
...
006 (3447426.010.000) 01/31 01:18:52 Image size of job updated: 434692
	380  -  MemoryUsage of job (MB)
	388176  -  ResidentSetSize of job (KB)
...
006 (3447426.010.000) 01/31 01:23:52 Image size of job updated: 434692
	380  -  MemoryUsage of job (MB)
	388200  -  ResidentSetSize of job (KB)
...
006 (3447426.010.000) 01/31 01:28:52 Image size of job updated: 434692
	380  -  MemoryUsage of job (MB)
	388220  -  ResidentSetSize of job (KB)
...
006 (3447426.010.000) 01/31 01:33:53 Image size of job updated: 434692
	380  -  MemoryUsage of job (MB)
	388244  -  ResidentSetSize of job (KB)
...
006 (3447426.010.000) 01/31 01:38:54 Image size of job updated: 434692
	380  -  MemoryUsage of job (MB)
	388324  -  ResidentSetSize of job (KB)
...
006 (3447426.010.000) 01/31 01:48:55 Image size of job updated: 434692
	380  -  MemoryUsage of job (MB)
	388356  -  ResidentSetSize of job (KB)
...
006 (3447426.010.000) 01/31 01:53:56 Image size of job updated: 434692
	380  -  MemoryUsage of job (MB)
	388448  -  ResidentSetSize of job (KB)
...
006 (3447426.010.000) 01/31 01:58:56 Image size of job updated: 434692
	380  -  MemoryUsage of job (MB)
	388484  -  ResidentSetSize of job (KB)
...
006 (3447426.010.000) 01/31 02:08:57 Image size of job updated: 434692
	380  -  MemoryUsage of job (MB)
	388528  -  ResidentSetSize of job (KB)
...
006 (3447426.010.000) 01/31 02:13:57 Image size of job updated: 434692
	380  -  MemoryUsage of job (MB)
	388568  -  ResidentSetSize of job (KB)
...
006 (3447426.010.000) 01/31 02:18:57 Image size of job updated: 434692
	380  -  MemoryUsage of job (MB)
	388596  -  ResidentSetSize of job (KB)
...
006 (3447426.010.000) 01/31 02:23:58 Image size of job updated: 434692
	380  -  MemoryUsage of job (MB)
	388632  -  ResidentSetSize of job (KB)
...
006 (3447426.010.000) 01/31 02:28:59 Image size of job updated: 434692
	380  -  MemoryUsage of job (MB)
	388648  -  ResidentSetSize of job (KB)
...
006 (3447426.010.000) 01/31 02:33:59 Image size of job updated: 434692
	380  -  MemoryUsage of job (MB)
	388672  -  ResidentSetSize of job (KB)
...
006 (3447426.010.000) 01/31 02:38:59 Image size of job updated: 434692
	380  -  MemoryUsage of job (MB)
	388708  -  ResidentSetSize of job (KB)
...
006 (3447426.010.000) 01/31 02:44:00 Image size of job updated: 434692
	380  -  MemoryUsage of job (MB)
	388712  -  ResidentSetSize of job (KB)
...
006 (3447426.010.000) 01/31 02:49:01 Image size of job updated: 434692
	380  -  MemoryUsage of job (MB)
	388716  -  ResidentSetSize of job (KB)
...
006 (3447426.010.000) 01/31 02:54:01 Image size of job updated: 434692
	380  -  MemoryUsage of job (MB)
	388768  -  ResidentSetSize of job (KB)
...
006 (3447426.010.000) 01/31 02:59:02 Image size of job updated: 434692
	380  -  MemoryUsage of job (MB)
	388840  -  ResidentSetSize of job (KB)
...
006 (3447426.010.000) 01/31 03:04:03 Image size of job updated: 434692
	380  -  MemoryUsage of job (MB)
	388916  -  ResidentSetSize of job (KB)
...
006 (3447426.010.000) 01/31 03:09:03 Image size of job updated: 434692
	380  -  MemoryUsage of job (MB)
	388948  -  ResidentSetSize of job (KB)
...
006 (3447426.010.000) 01/31 03:14:03 Image size of job updated: 434692
	380  -  MemoryUsage of job (MB)
	388980  -  ResidentSetSize of job (KB)
...
006 (3447426.010.000) 01/31 03:19:04 Image size of job updated: 434692
	380  -  MemoryUsage of job (MB)
	389024  -  ResidentSetSize of job (KB)
...
006 (3447426.010.000) 01/31 03:24:05 Image size of job updated: 434692
	380  -  MemoryUsage of job (MB)
	389040  -  ResidentSetSize of job (KB)
...
006 (3447426.010.000) 01/31 03:29:05 Image size of job updated: 434692
	380  -  MemoryUsage of job (MB)
	389092  -  ResidentSetSize of job (KB)
...
006 (3447426.010.000) 01/31 03:34:06 Image size of job updated: 434692
	381  -  MemoryUsage of job (MB)
	389140  -  ResidentSetSize of job (KB)
...
006 (3447426.010.000) 01/31 03:39:07 Image size of job updated: 434692
	381  -  MemoryUsage of job (MB)
	389196  -  ResidentSetSize of job (KB)
...
006 (3447426.010.000) 01/31 03:49:07 Image size of job updated: 434692
	381  -  MemoryUsage of job (MB)
	389288  -  ResidentSetSize of job (KB)
...
006 (3447426.010.000) 01/31 03:54:08 Image size of job updated: 434692
	381  -  MemoryUsage of job (MB)
	389312  -  ResidentSetSize of job (KB)
...
006 (3447426.010.000) 01/31 03:59:09 Image size of job updated: 434692
	381  -  MemoryUsage of job (MB)
	389344  -  ResidentSetSize of job (KB)
...
006 (3447426.010.000) 01/31 04:04:09 Image size of job updated: 434692
	381  -  MemoryUsage of job (MB)
	389380  -  ResidentSetSize of job (KB)
...
006 (3447426.010.000) 01/31 04:09:09 Image size of job updated: 434692
	381  -  MemoryUsage of job (MB)
	389440  -  ResidentSetSize of job (KB)
...
006 (3447426.010.000) 01/31 04:14:11 Image size of job updated: 434692
	381  -  MemoryUsage of job (MB)
	389496  -  ResidentSetSize of job (KB)
...
006 (3447426.010.000) 01/31 04:19:11 Image size of job updated: 434692
	381  -  MemoryUsage of job (MB)
	389552  -  ResidentSetSize of job (KB)
...
006 (3447426.010.000) 01/31 04:24:11 Image size of job updated: 434692
	381  -  MemoryUsage of job (MB)
	389572  -  ResidentSetSize of job (KB)
...
006 (3447426.010.000) 01/31 04:29:12 Image size of job updated: 434692
	381  -  MemoryUsage of job (MB)
	389620  -  ResidentSetSize of job (KB)
...
006 (3447426.010.000) 01/31 04:34:13 Image size of job updated: 434692
	381  -  MemoryUsage of job (MB)
	389628  -  ResidentSetSize of job (KB)
...
006 (3447426.010.000) 01/31 04:39:13 Image size of job updated: 434692
	381  -  MemoryUsage of job (MB)
	389632  -  ResidentSetSize of job (KB)
...
006 (3447426.010.000) 01/31 04:44:13 Image size of job updated: 434692
	381  -  MemoryUsage of job (MB)
	389708  -  ResidentSetSize of job (KB)
...
006 (3447426.010.000) 01/31 04:49:15 Image size of job updated: 434692
	381  -  MemoryUsage of job (MB)
	389796  -  ResidentSetSize of job (KB)
...
006 (3447426.010.000) 01/31 04:54:15 Image size of job updated: 434692
	381  -  MemoryUsage of job (MB)
	389864  -  ResidentSetSize of job (KB)
...
006 (3447426.010.000) 01/31 04:59:15 Image size of job updated: 434692
	381  -  MemoryUsage of job (MB)
	389896  -  ResidentSetSize of job (KB)
...
006 (3447426.010.000) 01/31 05:04:16 Image size of job updated: 434692
	381  -  MemoryUsage of job (MB)
	389908  -  ResidentSetSize of job (KB)
...
006 (3447426.010.000) 01/31 05:09:17 Image size of job updated: 434692
	381  -  MemoryUsage of job (MB)
	389948  -  ResidentSetSize of job (KB)
...
006 (3447426.010.000) 01/31 05:14:17 Image size of job updated: 434692
	381  -  MemoryUsage of job (MB)
	389996  -  ResidentSetSize of job (KB)
...
006 (3447426.010.000) 01/31 05:19:17 Image size of job updated: 434692
	381  -  MemoryUsage of job (MB)
	390032  -  ResidentSetSize of job (KB)
...
006 (3447426.010.000) 01/31 05:24:18 Image size of job updated: 434692
	381  -  MemoryUsage of job (MB)
	390116  -  ResidentSetSize of job (KB)
...
006 (3447426.010.000) 01/31 05:29:19 Image size of job updated: 434692
	382  -  MemoryUsage of job (MB)
	390152  -  ResidentSetSize of job (KB)
...
006 (3447426.010.000) 01/31 05:34:19 Image size of job updated: 434692
	382  -  MemoryUsage of job (MB)
	390212  -  ResidentSetSize of job (KB)
...
006 (3447426.010.000) 01/31 05:39:19 Image size of job updated: 434692
	382  -  MemoryUsage of job (MB)
	390280  -  ResidentSetSize of job (KB)
...
006 (3447426.010.000) 01/31 05:44:20 Image size of job updated: 434692
	382  -  MemoryUsage of job (MB)
	390332  -  ResidentSetSize of job (KB)
...
006 (3447426.010.000) 01/31 05:49:20 Image size of job updated: 434692
	382  -  MemoryUsage of job (MB)
	390348  -  ResidentSetSize of job (KB)
...
006 (3447426.010.000) 01/31 05:54:20 Image size of job updated: 434692
	382  -  MemoryUsage of job (MB)
	390436  -  ResidentSetSize of job (KB)
...
006 (3447426.010.000) 01/31 05:59:21 Image size of job updated: 434692
	382  -  MemoryUsage of job (MB)
	390476  -  ResidentSetSize of job (KB)
...
006 (3447426.010.000) 01/31 06:04:22 Image size of job updated: 434692
	382  -  MemoryUsage of job (MB)
	390588  -  ResidentSetSize of job (KB)
...
006 (3447426.010.000) 01/31 06:09:22 Image size of job updated: 434692
	382  -  MemoryUsage of job (MB)
	390632  -  ResidentSetSize of job (KB)
...
006 (3447426.010.000) 01/31 06:14:23 Image size of job updated: 434692
	382  -  MemoryUsage of job (MB)
	390648  -  ResidentSetSize of job (KB)
...
006 (3447426.010.000) 01/31 06:19:24 Image size of job updated: 434692
	382  -  MemoryUsage of job (MB)
	390748  -  ResidentSetSize of job (KB)
...
006 (3447426.010.000) 01/31 06:24:24 Image size of job updated: 434692
	382  -  MemoryUsage of job (MB)
	390776  -  ResidentSetSize of job (KB)
...
006 (3447426.010.000) 01/31 06:29:24 Image size of job updated: 434692
	383  -  MemoryUsage of job (MB)
	391956  -  ResidentSetSize of job (KB)
...
006 (3447426.010.000) 01/31 06:34:26 Image size of job updated: 434692
	385  -  MemoryUsage of job (MB)
	393264  -  ResidentSetSize of job (KB)
...
006 (3447426.010.000) 01/31 06:39:26 Image size of job updated: 434692
	385  -  MemoryUsage of job (MB)
	393404  -  ResidentSetSize of job (KB)
...
006 (3447426.010.000) 01/31 06:44:26 Image size of job updated: 434692
	385  -  MemoryUsage of job (MB)
	393420  -  ResidentSetSize of job (KB)
...
006 (3447426.010.000) 01/31 06:49:27 Image size of job updated: 434692
	385  -  MemoryUsage of job (MB)
	393496  -  ResidentSetSize of job (KB)
...
006 (3447426.010.000) 01/31 06:54:28 Image size of job updated: 434692
	385  -  MemoryUsage of job (MB)
	393636  -  ResidentSetSize of job (KB)
...
006 (3447426.010.000) 01/31 06:59:28 Image size of job updated: 434692
	385  -  MemoryUsage of job (MB)
	393732  -  ResidentSetSize of job (KB)
...
006 (3447426.010.000) 01/31 07:04:28 Image size of job updated: 434692
	385  -  MemoryUsage of job (MB)
	393872  -  ResidentSetSize of job (KB)
...
006 (3447426.010.000) 01/31 07:09:30 Image size of job updated: 434692
	385  -  MemoryUsage of job (MB)
	393976  -  ResidentSetSize of job (KB)
...
006 (3447426.010.000) 01/31 07:14:30 Image size of job updated: 434692
	385  -  MemoryUsage of job (MB)
	394188  -  ResidentSetSize of job (KB)
...
006 (3447426.010.000) 01/31 07:19:30 Image size of job updated: 434692
	386  -  MemoryUsage of job (MB)
	394300  -  ResidentSetSize of job (KB)
...
006 (3447426.010.000) 01/31 07:24:31 Image size of job updated: 434692
	386  -  MemoryUsage of job (MB)
	394360  -  ResidentSetSize of job (KB)
...
006 (3447426.010.000) 01/31 07:29:32 Image size of job updated: 434692
	386  -  MemoryUsage of job (MB)
	394512  -  ResidentSetSize of job (KB)
...
006 (3447426.010.000) 01/31 07:34:32 Image size of job updated: 434692
	386  -  MemoryUsage of job (MB)
	394568  -  ResidentSetSize of job (KB)
...
006 (3447426.010.000) 01/31 07:39:32 Image size of job updated: 434692
	386  -  MemoryUsage of job (MB)
	394756  -  ResidentSetSize of job (KB)
...
006 (3447426.010.000) 01/31 07:44:33 Image size of job updated: 434692
	386  -  MemoryUsage of job (MB)
	394900  -  ResidentSetSize of job (KB)
...
006 (3447426.010.000) 01/31 07:49:33 Image size of job updated: 434692
	386  -  MemoryUsage of job (MB)
	395012  -  ResidentSetSize of job (KB)
...
006 (3447426.010.000) 01/31 07:54:33 Image size of job updated: 434692
	386  -  MemoryUsage of job (MB)
	395108  -  ResidentSetSize of job (KB)
...
006 (3447426.010.000) 01/31 08:14:35 Image size of job updated: 434692
	386  -  MemoryUsage of job (MB)
	395192  -  ResidentSetSize of job (KB)
...
006 (3447426.010.000) 01/31 08:19:36 Image size of job updated: 434692
	387  -  MemoryUsage of job (MB)
	395292  -  ResidentSetSize of job (KB)
...
006 (3447426.010.000) 01/31 08:24:36 Image size of job updated: 434692
	387  -  MemoryUsage of job (MB)
	395432  -  ResidentSetSize of job (KB)
...
006 (3447426.010.000) 01/31 08:29:37 Image size of job updated: 434692
	387  -  MemoryUsage of job (MB)
	395568  -  ResidentSetSize of job (KB)
...
006 (3447426.010.000) 01/31 08:34:38 Image size of job updated: 434692
	387  -  MemoryUsage of job (MB)
	395752  -  ResidentSetSize of job (KB)
...
006 (3447426.010.000) 01/31 08:39:38 Image size of job updated: 434692
	387  -  MemoryUsage of job (MB)
	395836  -  ResidentSetSize of job (KB)
...
006 (3447426.010.000) 01/31 08:44:38 Image size of job updated: 434692
	387  -  MemoryUsage of job (MB)
	395928  -  ResidentSetSize of job (KB)
...
006 (3447426.010.000) 01/31 08:49:39 Image size of job updated: 434692
	387  -  MemoryUsage of job (MB)
	396040  -  ResidentSetSize of job (KB)
...
006 (3447426.010.000) 01/31 08:54:39 Image size of job updated: 434692
	387  -  MemoryUsage of job (MB)
	396224  -  ResidentSetSize of job (KB)
...
006 (3447426.010.000) 01/31 08:59:39 Image size of job updated: 434692
	388  -  MemoryUsage of job (MB)
	396360  -  ResidentSetSize of job (KB)
...
006 (3447426.010.000) 01/31 09:04:40 Image size of job updated: 434692
	388  -  MemoryUsage of job (MB)
	396408  -  ResidentSetSize of job (KB)
...
006 (3447426.010.000) 01/31 09:09:40 Image size of job updated: 434692
	388  -  MemoryUsage of job (MB)
	396616  -  ResidentSetSize of job (KB)
...
006 (3447426.010.000) 01/31 09:14:40 Image size of job updated: 434692
	388  -  MemoryUsage of job (MB)
	396656  -  ResidentSetSize of job (KB)
...
006 (3447426.010.000) 01/31 09:19:41 Image size of job updated: 434692
	388  -  MemoryUsage of job (MB)
	396748  -  ResidentSetSize of job (KB)
...
006 (3447426.010.000) 01/31 09:24:42 Image size of job updated: 434692
	388  -  MemoryUsage of job (MB)
	397172  -  ResidentSetSize of job (KB)
...
006 (3447426.010.000) 01/31 09:39:44 Image size of job updated: 434692
	388  -  MemoryUsage of job (MB)
	397272  -  ResidentSetSize of job (KB)
...
006 (3447426.010.000) 01/31 09:44:44 Image size of job updated: 434692
	389  -  MemoryUsage of job (MB)
	397340  -  ResidentSetSize of job (KB)
...
006 (3447426.010.000) 01/31 09:49:44 Image size of job updated: 434692
	389  -  MemoryUsage of job (MB)
	397856  -  ResidentSetSize of job (KB)
...
006 (3447426.010.000) 01/31 12:50:03 Image size of job updated: 434692
	389  -  MemoryUsage of job (MB)
	397868  -  ResidentSetSize of job (KB)
...
006 (3447426.010.000) 01/31 12:55:04 Image size of job updated: 434692
	389  -  MemoryUsage of job (MB)
	397880  -  ResidentSetSize of job (KB)
...
006 (3447426.010.000) 01/31 13:00:05 Image size of job updated: 434692
	389  -  MemoryUsage of job (MB)
	397884  -  ResidentSetSize of job (KB)
...
006 (3447426.010.000) 01/31 13:05:05 Image size of job updated: 434692
	389  -  MemoryUsage of job (MB)
	397904  -  ResidentSetSize of job (KB)
...
006 (3447426.010.000) 01/31 13:10:05 Image size of job updated: 434692
	389  -  MemoryUsage of job (MB)
	397916  -  ResidentSetSize of job (KB)
...
006 (3447426.010.000) 01/31 13:15:06 Image size of job updated: 434692
	389  -  MemoryUsage of job (MB)
	397948  -  ResidentSetSize of job (KB)
...
006 (3447426.010.000) 01/31 13:25:06 Image size of job updated: 434692
	389  -  MemoryUsage of job (MB)
	397996  -  ResidentSetSize of job (KB)
...
006 (3447426.010.000) 01/31 13:35:08 Image size of job updated: 434692
	389  -  MemoryUsage of job (MB)
	398008  -  ResidentSetSize of job (KB)
...
006 (3447426.010.000) 01/31 13:45:09 Image size of job updated: 434692
	389  -  MemoryUsage of job (MB)
	398032  -  ResidentSetSize of job (KB)
...
006 (3447426.010.000) 01/31 13:55:10 Image size of job updated: 434692
	389  -  MemoryUsage of job (MB)
	398072  -  ResidentSetSize of job (KB)
...
006 (3447426.010.000) 01/31 14:00:11 Image size of job updated: 434692
	389  -  MemoryUsage of job (MB)
	398084  -  ResidentSetSize of job (KB)
...
006 (3447426.010.000) 01/31 14:10:12 Image size of job updated: 434692
	389  -  MemoryUsage of job (MB)
	398108  -  ResidentSetSize of job (KB)
...
006 (3447426.010.000) 01/31 14:20:13 Image size of job updated: 434692
	389  -  MemoryUsage of job (MB)
	398152  -  ResidentSetSize of job (KB)
...
006 (3447426.010.000) 01/31 14:40:15 Image size of job updated: 434692
	389  -  MemoryUsage of job (MB)
	398160  -  ResidentSetSize of job (KB)
...
006 (3447426.010.000) 01/31 14:55:17 Image size of job updated: 434692
	389  -  MemoryUsage of job (MB)
	398196  -  ResidentSetSize of job (KB)
...
006 (3447426.010.000) 01/31 15:10:19 Image size of job updated: 434692
	389  -  MemoryUsage of job (MB)
	398208  -  ResidentSetSize of job (KB)
...
006 (3447426.010.000) 01/31 18:01:14 Image size of job updated: 434692
	389  -  MemoryUsage of job (MB)
	398244  -  ResidentSetSize of job (KB)
...
006 (3447426.010.000) 01/31 18:16:16 Image size of job updated: 434692
	389  -  MemoryUsage of job (MB)
	398280  -  ResidentSetSize of job (KB)
...
006 (3447426.010.000) 01/31 18:21:16 Image size of job updated: 434692
	389  -  MemoryUsage of job (MB)
	398312  -  ResidentSetSize of job (KB)
...
006 (3447426.010.000) 01/31 18:41:18 Image size of job updated: 434692
	389  -  MemoryUsage of job (MB)
	398320  -  ResidentSetSize of job (KB)
...
006 (3447426.010.000) 01/31 18:46:19 Image size of job updated: 434692
	390  -  MemoryUsage of job (MB)
	398404  -  ResidentSetSize of job (KB)
...
006 (3447426.010.000) 01/31 19:01:21 Image size of job updated: 434692
	390  -  MemoryUsage of job (MB)
	398464  -  ResidentSetSize of job (KB)
...
006 (3447426.010.000) 01/31 19:21:24 Image size of job updated: 434692
	390  -  MemoryUsage of job (MB)
	398472  -  ResidentSetSize of job (KB)
...
006 (3447426.010.000) 01/31 19:26:24 Image size of job updated: 434692
	390  -  MemoryUsage of job (MB)
	398496  -  ResidentSetSize of job (KB)
...
006 (3447426.010.000) 01/31 19:41:25 Image size of job updated: 434692
	390  -  MemoryUsage of job (MB)
	398520  -  ResidentSetSize of job (KB)
...
006 (3447426.010.000) 01/31 19:56:27 Image size of job updated: 434692
	390  -  MemoryUsage of job (MB)
	398540  -  ResidentSetSize of job (KB)
...
006 (3447426.010.000) 01/31 20:06:27 Image size of job updated: 434692
	390  -  MemoryUsage of job (MB)
	398576  -  ResidentSetSize of job (KB)
...
006 (3447426.010.000) 01/31 20:11:29 Image size of job updated: 434692
	390  -  MemoryUsage of job (MB)
	398600  -  ResidentSetSize of job (KB)
...
006 (3447426.010.000) 01/31 20:16:29 Image size of job updated: 434692
	390  -  MemoryUsage of job (MB)
	398612  -  ResidentSetSize of job (KB)
...
006 (3447426.010.000) 01/31 20:36:30 Image size of job updated: 434692
	390  -  MemoryUsage of job (MB)
	398624  -  ResidentSetSize of job (KB)
...
006 (3447426.010.000) 01/31 20:41:30 Image size of job updated: 434692
	390  -  MemoryUsage of job (MB)
	398640  -  ResidentSetSize of job (KB)
...
006 (3447426.010.000) 01/31 20:46:30 Image size of job updated: 434692
	390  -  MemoryUsage of job (MB)
	398696  -  ResidentSetSize of job (KB)
...
006 (3447426.010.000) 01/31 21:01:32 Image size of job updated: 434692
	390  -  MemoryUsage of job (MB)
	398704  -  ResidentSetSize of job (KB)
...
006 (3447426.010.000) 01/31 21:06:32 Image size of job updated: 434692
	390  -  MemoryUsage of job (MB)
	398716  -  ResidentSetSize of job (KB)
...
006 (3447426.010.000) 01/31 21:11:33 Image size of job updated: 434692
	390  -  MemoryUsage of job (MB)
	398752  -  ResidentSetSize of job (KB)
...
006 (3447426.010.000) 01/31 21:16:34 Image size of job updated: 434692
	390  -  MemoryUsage of job (MB)
	398756  -  ResidentSetSize of job (KB)
...
006 (3447426.010.000) 01/31 21:21:34 Image size of job updated: 434692
	390  -  MemoryUsage of job (MB)
	398780  -  ResidentSetSize of job (KB)
...
006 (3447426.010.000) 01/31 21:26:34 Image size of job updated: 434692
	390  -  MemoryUsage of job (MB)
	398812  -  ResidentSetSize of job (KB)
...
006 (3447426.010.000) 01/31 21:51:37 Image size of job updated: 434692
	390  -  MemoryUsage of job (MB)
	398828  -  ResidentSetSize of job (KB)
...
006 (3447426.010.000) 01/31 21:56:37 Image size of job updated: 434692
	390  -  MemoryUsage of job (MB)
	398832  -  ResidentSetSize of job (KB)
...
006 (3447426.010.000) 01/31 22:06:38 Image size of job updated: 434692
	390  -  MemoryUsage of job (MB)
	398840  -  ResidentSetSize of job (KB)
...
006 (3447426.010.000) 01/31 22:14:18 Image size of job updated: 434692
	390  -  MemoryUsage of job (MB)
	398860  -  ResidentSetSize of job (KB)
...
006 (3447426.010.000) 01/31 22:22:16 Image size of job updated: 434692
	390  -  MemoryUsage of job (MB)
	398912  -  ResidentSetSize of job (KB)
...
006 (3447426.010.000) 01/31 22:33:40 Image size of job updated: 434692
	390  -  MemoryUsage of job (MB)
	398916  -  ResidentSetSize of job (KB)
...
006 (3447426.010.000) 01/31 22:38:40 Image size of job updated: 434692
	390  -  MemoryUsage of job (MB)
	398956  -  ResidentSetSize of job (KB)
...
006 (3447426.010.000) 01/31 22:48:42 Image size of job updated: 434692
	390  -  MemoryUsage of job (MB)
	398960  -  ResidentSetSize of job (KB)
...
006 (3447426.010.000) 01/31 22:53:42 Image size of job updated: 434692
	390  -  MemoryUsage of job (MB)
	398988  -  ResidentSetSize of job (KB)
...
006 (3447426.010.000) 01/31 22:58:42 Image size of job updated: 434692
	390  -  MemoryUsage of job (MB)
	399016  -  ResidentSetSize of job (KB)
...
006 (3447426.010.000) 01/31 23:08:44 Image size of job updated: 434692
	390  -  MemoryUsage of job (MB)
	399060  -  ResidentSetSize of job (KB)
...
006 (3447426.010.000) 01/31 23:13:44 Image size of job updated: 434692
	390  -  MemoryUsage of job (MB)
	399072  -  ResidentSetSize of job (KB)
...
006 (3447426.010.000) 01/31 23:38:46 Image size of job updated: 434692
	390  -  MemoryUsage of job (MB)
	399100  -  ResidentSetSize of job (KB)
...
006 (3447426.010.000) 01/31 23:43:47 Image size of job updated: 434692
	390  -  MemoryUsage of job (MB)
	399108  -  ResidentSetSize of job (KB)
...
006 (3447426.010.000) 01/31 23:48:47 Image size of job updated: 434692
	390  -  MemoryUsage of job (MB)
	399144  -  ResidentSetSize of job (KB)
...
006 (3447426.010.000) 01/31 23:53:47 Image size of job updated: 434692
	390  -  MemoryUsage of job (MB)
	399176  -  ResidentSetSize of job (KB)
...
006 (3447426.010.000) 01/31 23:58:48 Image size of job updated: 434692
	390  -  MemoryUsage of job (MB)
	399216  -  ResidentSetSize of job (KB)
...
006 (3447426.010.000) 02/01 00:13:49 Image size of job updated: 434692
	390  -  MemoryUsage of job (MB)
	399220  -  ResidentSetSize of job (KB)
...
006 (3447426.010.000) 02/01 00:23:51 Image size of job updated: 434692
	390  -  MemoryUsage of job (MB)
	399232  -  ResidentSetSize of job (KB)
...
006 (3447426.010.000) 02/01 00:43:53 Image size of job updated: 434692
	390  -  MemoryUsage of job (MB)
	399260  -  ResidentSetSize of job (KB)
...
006 (3447426.010.000) 02/01 00:48:53 Image size of job updated: 434692
	390  -  MemoryUsage of job (MB)
	399308  -  ResidentSetSize of job (KB)
...
006 (3447426.010.000) 02/01 00:53:53 Image size of job updated: 434692
	390  -  MemoryUsage of job (MB)
	399332  -  ResidentSetSize of job (KB)
...
006 (3447426.010.000) 02/01 07:37:08 Image size of job updated: 434692
	391  -  MemoryUsage of job (MB)
	399388  -  ResidentSetSize of job (KB)
...
006 (3447426.010.000) 02/01 07:42:09 Image size of job updated: 434692
	391  -  MemoryUsage of job (MB)
	399500  -  ResidentSetSize of job (KB)
...
006 (3447426.010.000) 02/01 08:42:15 Image size of job updated: 434692
	391  -  MemoryUsage of job (MB)
	399516  -  ResidentSetSize of job (KB)
...
006 (3447426.010.000) 02/01 08:47:15 Image size of job updated: 434692
	391  -  MemoryUsage of job (MB)
	399520  -  ResidentSetSize of job (KB)
...
006 (3447426.010.000) 02/01 08:52:16 Image size of job updated: 434692
	391  -  MemoryUsage of job (MB)
	399572  -  ResidentSetSize of job (KB)
...
006 (3447426.010.000) 02/01 08:57:16 Image size of job updated: 434692
	391  -  MemoryUsage of job (MB)
	399576  -  ResidentSetSize of job (KB)
...
006 (3447426.010.000) 02/01 09:02:16 Image size of job updated: 434692
	391  -  MemoryUsage of job (MB)
	399612  -  ResidentSetSize of job (KB)
...
006 (3447426.010.000) 02/01 09:12:17 Image size of job updated: 434692
	391  -  MemoryUsage of job (MB)
	399664  -  ResidentSetSize of job (KB)
...
006 (3447426.010.000) 02/01 09:17:17 Image size of job updated: 434692
	391  -  MemoryUsage of job (MB)
	399668  -  ResidentSetSize of job (KB)
...
006 (3447426.010.000) 02/01 09:22:18 Image size of job updated: 434692
	391  -  MemoryUsage of job (MB)
	399700  -  ResidentSetSize of job (KB)
...
006 (3447426.010.000) 02/01 09:27:19 Image size of job updated: 434692
	391  -  MemoryUsage of job (MB)
	399732  -  ResidentSetSize of job (KB)
...
006 (3447426.010.000) 02/01 09:32:19 Image size of job updated: 434692
	391  -  MemoryUsage of job (MB)
	399740  -  ResidentSetSize of job (KB)
...
006 (3447426.010.000) 02/01 09:37:21 Image size of job updated: 434692
	391  -  MemoryUsage of job (MB)
	399768  -  ResidentSetSize of job (KB)
...
006 (3447426.010.000) 02/01 09:47:21 Image size of job updated: 434692
	391  -  MemoryUsage of job (MB)
	399780  -  ResidentSetSize of job (KB)
...
006 (3447426.010.000) 02/01 09:57:23 Image size of job updated: 434692
	391  -  MemoryUsage of job (MB)
	399800  -  ResidentSetSize of job (KB)
...
006 (3447426.010.000) 02/01 10:02:23 Image size of job updated: 434692
	391  -  MemoryUsage of job (MB)
	399808  -  ResidentSetSize of job (KB)
...
006 (3447426.010.000) 02/01 10:07:24 Image size of job updated: 434692
	391  -  MemoryUsage of job (MB)
	399812  -  ResidentSetSize of job (KB)
...
006 (3447426.010.000) 02/01 10:12:25 Image size of job updated: 434692
	391  -  MemoryUsage of job (MB)
	399840  -  ResidentSetSize of job (KB)
...
006 (3447426.010.000) 02/01 10:17:25 Image size of job updated: 434692
	391  -  MemoryUsage of job (MB)
	399864  -  ResidentSetSize of job (KB)
...
006 (3447426.010.000) 02/01 10:22:27 Image size of job updated: 434692
	391  -  MemoryUsage of job (MB)
	399888  -  ResidentSetSize of job (KB)
...
006 (3447426.010.000) 02/01 10:42:28 Image size of job updated: 434692
	391  -  MemoryUsage of job (MB)
	399892  -  ResidentSetSize of job (KB)
...
006 (3447426.010.000) 02/01 10:47:28 Image size of job updated: 434692
	391  -  MemoryUsage of job (MB)
	399908  -  ResidentSetSize of job (KB)
...
006 (3447426.010.000) 02/01 10:52:30 Image size of job updated: 434692
	391  -  MemoryUsage of job (MB)
	399940  -  ResidentSetSize of job (KB)
...
006 (3447426.010.000) 02/01 10:57:30 Image size of job updated: 434692
	391  -  MemoryUsage of job (MB)
	399972  -  ResidentSetSize of job (KB)
...
006 (3447426.010.000) 02/01 11:02:30 Image size of job updated: 434692
	391  -  MemoryUsage of job (MB)
	400016  -  ResidentSetSize of job (KB)
...
006 (3447426.010.000) 02/01 11:27:33 Image size of job updated: 434692
	391  -  MemoryUsage of job (MB)
	400024  -  ResidentSetSize of job (KB)
...
006 (3447426.010.000) 02/01 11:37:34 Image size of job updated: 434692
	391  -  MemoryUsage of job (MB)
	400040  -  ResidentSetSize of job (KB)
...
006 (3447426.010.000) 02/01 11:47:35 Image size of job updated: 434692
	391  -  MemoryUsage of job (MB)
	400068  -  ResidentSetSize of job (KB)
...
006 (3447426.010.000) 02/01 11:57:37 Image size of job updated: 434692
	391  -  MemoryUsage of job (MB)
	400080  -  ResidentSetSize of job (KB)
...
006 (3447426.010.000) 02/01 12:12:39 Image size of job updated: 434692
	391  -  MemoryUsage of job (MB)
	400108  -  ResidentSetSize of job (KB)
...
006 (3447426.010.000) 02/01 12:17:39 Image size of job updated: 434692
	391  -  MemoryUsage of job (MB)
	400116  -  ResidentSetSize of job (KB)
...
006 (3447426.010.000) 02/01 12:32:41 Image size of job updated: 434692
	391  -  MemoryUsage of job (MB)
	400188  -  ResidentSetSize of job (KB)
...
006 (3447426.010.000) 02/01 12:37:42 Image size of job updated: 434692
	391  -  MemoryUsage of job (MB)
	400240  -  ResidentSetSize of job (KB)
...
006 (3447426.010.000) 02/01 12:42:43 Image size of job updated: 434692
	391  -  MemoryUsage of job (MB)
	400268  -  ResidentSetSize of job (KB)
...
040 (3447426.010.000) 02/01 19:43:33 Started transferring input files
	Transferring to host: <128.142.71.112:9618?addrs=128.142.71.112-9618+[2001-1458-301-52--100-3da]-9618&noUDP&sock=14354_7101_13517>
...
040 (3447426.010.000) 02/01 19:43:33 Finished transferring input files
...
001 (3447426.010.000) 02/01 19:43:34 Job executing on host: <128.142.71.112:9618?addrs=128.142.71.112-9618+[2001-1458-301-52--100-3da]-9618&noUDP&sock=14150_4d31_3>
...
