000 (3447426.001.000) 01/30 01:49:35 Job submitted from host: <188.185.71.142:9618?addrs=188.185.71.142-9618+[2001-1458-d00-7--100-388]-9618&alias=bigbird09.cern.ch&noUDP&sock=schedd_2208_1533_7>
...
040 (3447426.001.000) 01/30 07:30:14 Started transferring input files
	Transferring to host: <188.184.138.139:9618?addrs=188.184.138.139-9618+[2001-1458-301-45--100-85]-9618&noUDP&sock=32531_c844_199309>
...
040 (3447426.001.000) 01/30 07:30:14 Finished transferring input files
...
001 (3447426.001.000) 01/30 07:30:15 Job executing on host: <188.184.138.139:9618?addrs=188.184.138.139-9618+[2001-1458-301-45--100-85]-9618&noUDP&sock=5614_50c6_3>
...
006 (3447426.001.000) 01/30 07:30:23 Image size of job updated: 5232
	4  -  MemoryUsage of job (MB)
	4036  -  ResidentSetSize of job (KB)
...
006 (3447426.001.000) 01/30 07:35:23 Image size of job updated: 454828
	372  -  MemoryUsage of job (MB)
	380276  -  ResidentSetSize of job (KB)
...
006 (3447426.001.000) 01/30 08:00:26 Image size of job updated: 454832
	372  -  MemoryUsage of job (MB)
	380280  -  ResidentSetSize of job (KB)
...
006 (3447426.001.000) 01/30 09:25:35 Image size of job updated: 454832
	372  -  MemoryUsage of job (MB)
	380308  -  ResidentSetSize of job (KB)
...
006 (3447426.001.000) 01/30 12:35:53 Image size of job updated: 454832
	372  -  MemoryUsage of job (MB)
	380320  -  ResidentSetSize of job (KB)
...
006 (3447426.001.000) 01/30 12:40:54 Image size of job updated: 454832
	372  -  MemoryUsage of job (MB)
	380384  -  ResidentSetSize of job (KB)
...
006 (3447426.001.000) 01/30 12:50:54 Image size of job updated: 454832
	372  -  MemoryUsage of job (MB)
	380400  -  ResidentSetSize of job (KB)
...
006 (3447426.001.000) 01/30 12:55:55 Image size of job updated: 454832
	372  -  MemoryUsage of job (MB)
	380440  -  ResidentSetSize of job (KB)
...
006 (3447426.001.000) 01/30 13:00:55 Image size of job updated: 454832
	372  -  MemoryUsage of job (MB)
	380452  -  ResidentSetSize of job (KB)
...
006 (3447426.001.000) 01/30 13:05:55 Image size of job updated: 454832
	372  -  MemoryUsage of job (MB)
	380500  -  ResidentSetSize of job (KB)
...
006 (3447426.001.000) 01/30 13:10:56 Image size of job updated: 454832
	372  -  MemoryUsage of job (MB)
	380528  -  ResidentSetSize of job (KB)
...
006 (3447426.001.000) 01/30 13:15:57 Image size of job updated: 454832
	372  -  MemoryUsage of job (MB)
	380544  -  ResidentSetSize of job (KB)
...
006 (3447426.001.000) 01/30 13:20:57 Image size of job updated: 454868
	372  -  MemoryUsage of job (MB)
	380628  -  ResidentSetSize of job (KB)
...
006 (3447426.001.000) 01/30 13:30:59 Image size of job updated: 454868
	372  -  MemoryUsage of job (MB)
	380676  -  ResidentSetSize of job (KB)
...
006 (3447426.001.000) 01/30 13:35:59 Image size of job updated: 454868
	372  -  MemoryUsage of job (MB)
	380716  -  ResidentSetSize of job (KB)
...
006 (3447426.001.000) 01/30 13:40:59 Image size of job updated: 454868
	372  -  MemoryUsage of job (MB)
	380784  -  ResidentSetSize of job (KB)
...
006 (3447426.001.000) 01/30 13:46:00 Image size of job updated: 454868
	372  -  MemoryUsage of job (MB)
	380796  -  ResidentSetSize of job (KB)
...
006 (3447426.001.000) 01/30 13:51:28 Image size of job updated: 454868
	372  -  MemoryUsage of job (MB)
	380840  -  ResidentSetSize of job (KB)
...
006 (3447426.001.000) 01/30 13:56:00 Image size of job updated: 454868
	372  -  MemoryUsage of job (MB)
	380884  -  ResidentSetSize of job (KB)
...
006 (3447426.001.000) 01/30 14:01:01 Image size of job updated: 454868
	372  -  MemoryUsage of job (MB)
	380904  -  ResidentSetSize of job (KB)
...
006 (3447426.001.000) 01/30 14:06:02 Image size of job updated: 454868
	372  -  MemoryUsage of job (MB)
	380920  -  ResidentSetSize of job (KB)
...
006 (3447426.001.000) 01/30 14:11:02 Image size of job updated: 454868
	373  -  MemoryUsage of job (MB)
	380952  -  ResidentSetSize of job (KB)
...
006 (3447426.001.000) 01/30 14:16:02 Image size of job updated: 454868
	373  -  MemoryUsage of job (MB)
	380984  -  ResidentSetSize of job (KB)
...
006 (3447426.001.000) 01/30 14:21:03 Image size of job updated: 454868
	373  -  MemoryUsage of job (MB)
	381004  -  ResidentSetSize of job (KB)
...
006 (3447426.001.000) 01/30 14:26:03 Image size of job updated: 454868
	373  -  MemoryUsage of job (MB)
	381020  -  ResidentSetSize of job (KB)
...
006 (3447426.001.000) 01/30 14:31:03 Image size of job updated: 454868
	373  -  MemoryUsage of job (MB)
	381048  -  ResidentSetSize of job (KB)
...
006 (3447426.001.000) 01/30 14:36:05 Image size of job updated: 454868
	373  -  MemoryUsage of job (MB)
	381076  -  ResidentSetSize of job (KB)
...
006 (3447426.001.000) 01/30 14:41:05 Image size of job updated: 454868
	373  -  MemoryUsage of job (MB)
	381140  -  ResidentSetSize of job (KB)
...
006 (3447426.001.000) 01/30 14:46:05 Image size of job updated: 454868
	373  -  MemoryUsage of job (MB)
	381176  -  ResidentSetSize of job (KB)
...
006 (3447426.001.000) 01/30 14:51:06 Image size of job updated: 454868
	373  -  MemoryUsage of job (MB)
	381192  -  ResidentSetSize of job (KB)
...
006 (3447426.001.000) 01/30 14:56:07 Image size of job updated: 454868
	373  -  MemoryUsage of job (MB)
	381240  -  ResidentSetSize of job (KB)
...
006 (3447426.001.000) 01/30 15:01:07 Image size of job updated: 454868
	373  -  MemoryUsage of job (MB)
	381264  -  ResidentSetSize of job (KB)
...
006 (3447426.001.000) 01/30 15:06:08 Image size of job updated: 454868
	373  -  MemoryUsage of job (MB)
	381284  -  ResidentSetSize of job (KB)
...
006 (3447426.001.000) 01/30 15:12:09 Image size of job updated: 454868
	373  -  MemoryUsage of job (MB)
	381336  -  ResidentSetSize of job (KB)
...
006 (3447426.001.000) 01/30 15:16:09 Image size of job updated: 454868
	373  -  MemoryUsage of job (MB)
	381356  -  ResidentSetSize of job (KB)
...
006 (3447426.001.000) 01/30 15:21:09 Image size of job updated: 454868
	373  -  MemoryUsage of job (MB)
	381376  -  ResidentSetSize of job (KB)
...
006 (3447426.001.000) 01/30 15:26:10 Image size of job updated: 454868
	373  -  MemoryUsage of job (MB)
	381384  -  ResidentSetSize of job (KB)
...
006 (3447426.001.000) 01/30 15:31:11 Image size of job updated: 454868
	373  -  MemoryUsage of job (MB)
	381464  -  ResidentSetSize of job (KB)
...
006 (3447426.001.000) 01/30 15:36:11 Image size of job updated: 454868
	373  -  MemoryUsage of job (MB)
	381468  -  ResidentSetSize of job (KB)
...
006 (3447426.001.000) 01/30 15:41:11 Image size of job updated: 454868
	373  -  MemoryUsage of job (MB)
	381504  -  ResidentSetSize of job (KB)
...
006 (3447426.001.000) 01/30 15:46:12 Image size of job updated: 454868
	373  -  MemoryUsage of job (MB)
	381544  -  ResidentSetSize of job (KB)
...
006 (3447426.001.000) 01/30 15:51:12 Image size of job updated: 454868
	373  -  MemoryUsage of job (MB)
	381572  -  ResidentSetSize of job (KB)
...
006 (3447426.001.000) 01/30 15:56:12 Image size of job updated: 454868
	373  -  MemoryUsage of job (MB)
	381588  -  ResidentSetSize of job (KB)
...
006 (3447426.001.000) 01/30 16:01:13 Image size of job updated: 454868
	373  -  MemoryUsage of job (MB)
	381604  -  ResidentSetSize of job (KB)
...
006 (3447426.001.000) 01/30 16:06:14 Image size of job updated: 454868
	373  -  MemoryUsage of job (MB)
	381648  -  ResidentSetSize of job (KB)
...
006 (3447426.001.000) 01/30 16:11:14 Image size of job updated: 454868
	373  -  MemoryUsage of job (MB)
	381724  -  ResidentSetSize of job (KB)
...
006 (3447426.001.000) 01/30 16:16:14 Image size of job updated: 454868
	373  -  MemoryUsage of job (MB)
	381832  -  ResidentSetSize of job (KB)
...
006 (3447426.001.000) 01/30 16:46:17 Image size of job updated: 454868
	373  -  MemoryUsage of job (MB)
	381852  -  ResidentSetSize of job (KB)
...
006 (3447426.001.000) 01/30 16:51:18 Image size of job updated: 454868
	373  -  MemoryUsage of job (MB)
	381864  -  ResidentSetSize of job (KB)
...
006 (3447426.001.000) 01/30 16:56:19 Image size of job updated: 454868
	373  -  MemoryUsage of job (MB)
	381932  -  ResidentSetSize of job (KB)
...
006 (3447426.001.000) 01/30 17:01:19 Image size of job updated: 454868
	373  -  MemoryUsage of job (MB)
	381936  -  ResidentSetSize of job (KB)
...
006 (3447426.001.000) 01/30 17:06:19 Image size of job updated: 454868
	373  -  MemoryUsage of job (MB)
	381948  -  ResidentSetSize of job (KB)
...
006 (3447426.001.000) 01/30 17:11:20 Image size of job updated: 454868
	374  -  MemoryUsage of job (MB)
	382012  -  ResidentSetSize of job (KB)
...
006 (3447426.001.000) 01/30 17:16:20 Image size of job updated: 454868
	374  -  MemoryUsage of job (MB)
	382052  -  ResidentSetSize of job (KB)
...
006 (3447426.001.000) 01/30 17:26:21 Image size of job updated: 454868
	374  -  MemoryUsage of job (MB)
	382148  -  ResidentSetSize of job (KB)
...
006 (3447426.001.000) 01/30 17:31:22 Image size of job updated: 454868
	374  -  MemoryUsage of job (MB)
	382160  -  ResidentSetSize of job (KB)
...
006 (3447426.001.000) 01/30 17:36:22 Image size of job updated: 454868
	374  -  MemoryUsage of job (MB)
	382228  -  ResidentSetSize of job (KB)
...
006 (3447426.001.000) 01/30 17:41:22 Image size of job updated: 454868
	374  -  MemoryUsage of job (MB)
	382232  -  ResidentSetSize of job (KB)
...
006 (3447426.001.000) 01/30 17:46:23 Image size of job updated: 454868
	374  -  MemoryUsage of job (MB)
	382276  -  ResidentSetSize of job (KB)
...
006 (3447426.001.000) 01/30 17:51:23 Image size of job updated: 454868
	374  -  MemoryUsage of job (MB)
	382316  -  ResidentSetSize of job (KB)
...
006 (3447426.001.000) 01/30 17:56:24 Image size of job updated: 454868
	374  -  MemoryUsage of job (MB)
	382336  -  ResidentSetSize of job (KB)
...
006 (3447426.001.000) 01/30 18:01:25 Image size of job updated: 454868
	374  -  MemoryUsage of job (MB)
	382376  -  ResidentSetSize of job (KB)
...
006 (3447426.001.000) 01/30 18:06:25 Image size of job updated: 454868
	374  -  MemoryUsage of job (MB)
	382392  -  ResidentSetSize of job (KB)
...
006 (3447426.001.000) 01/30 18:11:25 Image size of job updated: 454868
	374  -  MemoryUsage of job (MB)
	382428  -  ResidentSetSize of job (KB)
...
006 (3447426.001.000) 01/30 18:16:26 Image size of job updated: 454868
	374  -  MemoryUsage of job (MB)
	382464  -  ResidentSetSize of job (KB)
...
006 (3447426.001.000) 01/30 18:21:26 Image size of job updated: 454868
	374  -  MemoryUsage of job (MB)
	382532  -  ResidentSetSize of job (KB)
...
006 (3447426.001.000) 01/30 18:31:27 Image size of job updated: 454868
	374  -  MemoryUsage of job (MB)
	382588  -  ResidentSetSize of job (KB)
...
006 (3447426.001.000) 01/30 18:36:28 Image size of job updated: 454868
	374  -  MemoryUsage of job (MB)
	382592  -  ResidentSetSize of job (KB)
...
006 (3447426.001.000) 01/30 18:41:28 Image size of job updated: 454868
	374  -  MemoryUsage of job (MB)
	382740  -  ResidentSetSize of job (KB)
...
006 (3447426.001.000) 01/30 18:46:28 Image size of job updated: 454868
	374  -  MemoryUsage of job (MB)
	382872  -  ResidentSetSize of job (KB)
...
006 (3447426.001.000) 01/30 18:51:29 Image size of job updated: 454868
	374  -  MemoryUsage of job (MB)
	382948  -  ResidentSetSize of job (KB)
...
006 (3447426.001.000) 01/30 19:16:32 Image size of job updated: 454868
	375  -  MemoryUsage of job (MB)
	382992  -  ResidentSetSize of job (KB)
...
006 (3447426.001.000) 01/30 19:21:32 Image size of job updated: 454868
	375  -  MemoryUsage of job (MB)
	383016  -  ResidentSetSize of job (KB)
...
006 (3447426.001.000) 01/30 19:26:33 Image size of job updated: 454868
	375  -  MemoryUsage of job (MB)
	383068  -  ResidentSetSize of job (KB)
...
006 (3447426.001.000) 01/30 19:31:33 Image size of job updated: 454868
	375  -  MemoryUsage of job (MB)
	383104  -  ResidentSetSize of job (KB)
...
006 (3447426.001.000) 01/30 20:06:36 Image size of job updated: 454868
	375  -  MemoryUsage of job (MB)
	383144  -  ResidentSetSize of job (KB)
...
006 (3447426.001.000) 01/30 20:11:36 Image size of job updated: 454868
	375  -  MemoryUsage of job (MB)
	383148  -  ResidentSetSize of job (KB)
...
006 (3447426.001.000) 01/30 20:16:37 Image size of job updated: 454868
	375  -  MemoryUsage of job (MB)
	383208  -  ResidentSetSize of job (KB)
...
006 (3447426.001.000) 01/30 20:26:38 Image size of job updated: 454868
	375  -  MemoryUsage of job (MB)
	383248  -  ResidentSetSize of job (KB)
...
006 (3447426.001.000) 01/30 20:31:39 Image size of job updated: 454868
	375  -  MemoryUsage of job (MB)
	383260  -  ResidentSetSize of job (KB)
...
006 (3447426.001.000) 01/30 20:36:40 Image size of job updated: 454868
	375  -  MemoryUsage of job (MB)
	383316  -  ResidentSetSize of job (KB)
...
006 (3447426.001.000) 01/30 20:41:40 Image size of job updated: 454868
	375  -  MemoryUsage of job (MB)
	383340  -  ResidentSetSize of job (KB)
...
006 (3447426.001.000) 01/30 20:46:41 Image size of job updated: 454868
	375  -  MemoryUsage of job (MB)
	383356  -  ResidentSetSize of job (KB)
...
006 (3447426.001.000) 01/30 20:51:42 Image size of job updated: 454868
	375  -  MemoryUsage of job (MB)
	383404  -  ResidentSetSize of job (KB)
...
006 (3447426.001.000) 01/30 21:01:43 Image size of job updated: 454868
	375  -  MemoryUsage of job (MB)
	383440  -  ResidentSetSize of job (KB)
...
006 (3447426.001.000) 01/30 21:06:44 Image size of job updated: 454868
	375  -  MemoryUsage of job (MB)
	383492  -  ResidentSetSize of job (KB)
...
006 (3447426.001.000) 01/30 21:11:44 Image size of job updated: 454868
	375  -  MemoryUsage of job (MB)
	383548  -  ResidentSetSize of job (KB)
...
006 (3447426.001.000) 01/30 21:16:44 Image size of job updated: 454868
	375  -  MemoryUsage of job (MB)
	383576  -  ResidentSetSize of job (KB)
...
006 (3447426.001.000) 01/30 21:21:45 Image size of job updated: 454868
	375  -  MemoryUsage of job (MB)
	383592  -  ResidentSetSize of job (KB)
...
006 (3447426.001.000) 01/30 21:26:45 Image size of job updated: 454868
	375  -  MemoryUsage of job (MB)
	383628  -  ResidentSetSize of job (KB)
...
006 (3447426.001.000) 01/30 21:31:45 Image size of job updated: 454868
	375  -  MemoryUsage of job (MB)
	383644  -  ResidentSetSize of job (KB)
...
006 (3447426.001.000) 01/30 21:36:46 Image size of job updated: 454868
	375  -  MemoryUsage of job (MB)
	383696  -  ResidentSetSize of job (KB)
...
006 (3447426.001.000) 01/30 21:41:46 Image size of job updated: 454868
	375  -  MemoryUsage of job (MB)
	383716  -  ResidentSetSize of job (KB)
...
006 (3447426.001.000) 01/30 21:46:46 Image size of job updated: 454868
	375  -  MemoryUsage of job (MB)
	383720  -  ResidentSetSize of job (KB)
...
006 (3447426.001.000) 01/30 21:51:47 Image size of job updated: 454868
	375  -  MemoryUsage of job (MB)
	383756  -  ResidentSetSize of job (KB)
...
006 (3447426.001.000) 01/30 21:56:48 Image size of job updated: 454868
	375  -  MemoryUsage of job (MB)
	383764  -  ResidentSetSize of job (KB)
...
006 (3447426.001.000) 01/30 22:01:48 Image size of job updated: 454868
	375  -  MemoryUsage of job (MB)
	383804  -  ResidentSetSize of job (KB)
...
006 (3447426.001.000) 01/30 22:06:49 Image size of job updated: 454868
	375  -  MemoryUsage of job (MB)
	383856  -  ResidentSetSize of job (KB)
...
006 (3447426.001.000) 01/30 22:11:50 Image size of job updated: 454868
	375  -  MemoryUsage of job (MB)
	383860  -  ResidentSetSize of job (KB)
...
006 (3447426.001.000) 01/30 22:16:50 Image size of job updated: 454868
	375  -  MemoryUsage of job (MB)
	383908  -  ResidentSetSize of job (KB)
...
006 (3447426.001.000) 01/30 22:26:51 Image size of job updated: 454868
	375  -  MemoryUsage of job (MB)
	383940  -  ResidentSetSize of job (KB)
...
006 (3447426.001.000) 01/30 22:31:51 Image size of job updated: 454868
	376  -  MemoryUsage of job (MB)
	384004  -  ResidentSetSize of job (KB)
...
006 (3447426.001.000) 01/30 22:36:51 Image size of job updated: 454868
	376  -  MemoryUsage of job (MB)
	384044  -  ResidentSetSize of job (KB)
...
006 (3447426.001.000) 01/30 22:41:53 Image size of job updated: 454868
	376  -  MemoryUsage of job (MB)
	384072  -  ResidentSetSize of job (KB)
...
006 (3447426.001.000) 01/30 22:46:53 Image size of job updated: 454868
	376  -  MemoryUsage of job (MB)
	384156  -  ResidentSetSize of job (KB)
...
006 (3447426.001.000) 01/30 22:56:54 Image size of job updated: 454868
	376  -  MemoryUsage of job (MB)
	384232  -  ResidentSetSize of job (KB)
...
006 (3447426.001.000) 01/30 23:01:55 Image size of job updated: 454868
	376  -  MemoryUsage of job (MB)
	384236  -  ResidentSetSize of job (KB)
...
006 (3447426.001.000) 01/30 23:06:55 Image size of job updated: 454868
	376  -  MemoryUsage of job (MB)
	384320  -  ResidentSetSize of job (KB)
...
006 (3447426.001.000) 01/30 23:11:56 Image size of job updated: 454868
	376  -  MemoryUsage of job (MB)
	384364  -  ResidentSetSize of job (KB)
...
006 (3447426.001.000) 01/30 23:16:57 Image size of job updated: 454868
	376  -  MemoryUsage of job (MB)
	384396  -  ResidentSetSize of job (KB)
...
006 (3447426.001.000) 01/30 23:26:58 Image size of job updated: 454868
	376  -  MemoryUsage of job (MB)
	384460  -  ResidentSetSize of job (KB)
...
006 (3447426.001.000) 01/30 23:31:59 Image size of job updated: 454868
	376  -  MemoryUsage of job (MB)
	384476  -  ResidentSetSize of job (KB)
...
006 (3447426.001.000) 01/30 23:36:59 Image size of job updated: 454868
	376  -  MemoryUsage of job (MB)
	384492  -  ResidentSetSize of job (KB)
...
006 (3447426.001.000) 01/30 23:42:00 Image size of job updated: 454868
	376  -  MemoryUsage of job (MB)
	384560  -  ResidentSetSize of job (KB)
...
006 (3447426.001.000) 01/30 23:47:01 Image size of job updated: 454868
	376  -  MemoryUsage of job (MB)
	384580  -  ResidentSetSize of job (KB)
...
006 (3447426.001.000) 01/30 23:52:01 Image size of job updated: 454868
	376  -  MemoryUsage of job (MB)
	384620  -  ResidentSetSize of job (KB)
...
006 (3447426.001.000) 01/30 23:57:01 Image size of job updated: 454868
	376  -  MemoryUsage of job (MB)
	384660  -  ResidentSetSize of job (KB)
...
006 (3447426.001.000) 01/31 00:02:02 Image size of job updated: 454868
	376  -  MemoryUsage of job (MB)
	384704  -  ResidentSetSize of job (KB)
...
006 (3447426.001.000) 01/31 00:07:03 Image size of job updated: 454868
	376  -  MemoryUsage of job (MB)
	384712  -  ResidentSetSize of job (KB)
...
006 (3447426.001.000) 01/31 00:12:03 Image size of job updated: 454868
	376  -  MemoryUsage of job (MB)
	384744  -  ResidentSetSize of job (KB)
...
006 (3447426.001.000) 01/31 00:17:04 Image size of job updated: 454868
	376  -  MemoryUsage of job (MB)
	384760  -  ResidentSetSize of job (KB)
...
006 (3447426.001.000) 01/31 00:22:05 Image size of job updated: 454868
	376  -  MemoryUsage of job (MB)
	384832  -  ResidentSetSize of job (KB)
...
006 (3447426.001.000) 01/31 00:27:05 Image size of job updated: 454868
	376  -  MemoryUsage of job (MB)
	384872  -  ResidentSetSize of job (KB)
...
006 (3447426.001.000) 01/31 00:32:06 Image size of job updated: 454868
	376  -  MemoryUsage of job (MB)
	384928  -  ResidentSetSize of job (KB)
...
006 (3447426.001.000) 01/31 00:37:07 Image size of job updated: 454868
	376  -  MemoryUsage of job (MB)
	384936  -  ResidentSetSize of job (KB)
...
006 (3447426.001.000) 01/31 00:42:07 Image size of job updated: 454868
	376  -  MemoryUsage of job (MB)
	384980  -  ResidentSetSize of job (KB)
...
006 (3447426.001.000) 01/31 00:47:07 Image size of job updated: 454868
	377  -  MemoryUsage of job (MB)
	385028  -  ResidentSetSize of job (KB)
...
006 (3447426.001.000) 01/31 00:52:08 Image size of job updated: 454868
	377  -  MemoryUsage of job (MB)
	385088  -  ResidentSetSize of job (KB)
...
006 (3447426.001.000) 01/31 00:57:08 Image size of job updated: 454868
	377  -  MemoryUsage of job (MB)
	385112  -  ResidentSetSize of job (KB)
...
006 (3447426.001.000) 01/31 01:02:08 Image size of job updated: 454868
	377  -  MemoryUsage of job (MB)
	385184  -  ResidentSetSize of job (KB)
...
006 (3447426.001.000) 01/31 01:07:09 Image size of job updated: 454868
	377  -  MemoryUsage of job (MB)
	385204  -  ResidentSetSize of job (KB)
...
006 (3447426.001.000) 01/31 01:12:10 Image size of job updated: 454868
	377  -  MemoryUsage of job (MB)
	385252  -  ResidentSetSize of job (KB)
...
006 (3447426.001.000) 01/31 01:17:10 Image size of job updated: 454868
	377  -  MemoryUsage of job (MB)
	385280  -  ResidentSetSize of job (KB)
...
006 (3447426.001.000) 01/31 01:22:10 Image size of job updated: 454868
	377  -  MemoryUsage of job (MB)
	385296  -  ResidentSetSize of job (KB)
...
006 (3447426.001.000) 01/31 01:27:11 Image size of job updated: 454868
	377  -  MemoryUsage of job (MB)
	385336  -  ResidentSetSize of job (KB)
...
006 (3447426.001.000) 01/31 01:32:12 Image size of job updated: 454868
	377  -  MemoryUsage of job (MB)
	385364  -  ResidentSetSize of job (KB)
...
006 (3447426.001.000) 01/31 01:37:12 Image size of job updated: 454868
	377  -  MemoryUsage of job (MB)
	385396  -  ResidentSetSize of job (KB)
...
006 (3447426.001.000) 01/31 01:42:13 Image size of job updated: 454868
	377  -  MemoryUsage of job (MB)
	385468  -  ResidentSetSize of job (KB)
...
006 (3447426.001.000) 01/31 01:47:15 Image size of job updated: 454868
	377  -  MemoryUsage of job (MB)
	385496  -  ResidentSetSize of job (KB)
...
006 (3447426.001.000) 01/31 01:52:15 Image size of job updated: 454868
	377  -  MemoryUsage of job (MB)
	385568  -  ResidentSetSize of job (KB)
...
006 (3447426.001.000) 01/31 01:57:15 Image size of job updated: 454868
	377  -  MemoryUsage of job (MB)
	385588  -  ResidentSetSize of job (KB)
...
006 (3447426.001.000) 01/31 02:02:16 Image size of job updated: 454868
	377  -  MemoryUsage of job (MB)
	385644  -  ResidentSetSize of job (KB)
...
006 (3447426.001.000) 01/31 02:07:17 Image size of job updated: 454868
	377  -  MemoryUsage of job (MB)
	385660  -  ResidentSetSize of job (KB)
...
006 (3447426.001.000) 01/31 02:12:17 Image size of job updated: 454868
	377  -  MemoryUsage of job (MB)
	385740  -  ResidentSetSize of job (KB)
...
006 (3447426.001.000) 01/31 02:17:17 Image size of job updated: 454868
	377  -  MemoryUsage of job (MB)
	385768  -  ResidentSetSize of job (KB)
...
006 (3447426.001.000) 01/31 02:22:18 Image size of job updated: 454868
	377  -  MemoryUsage of job (MB)
	385780  -  ResidentSetSize of job (KB)
...
006 (3447426.001.000) 01/31 02:27:18 Image size of job updated: 454868
	377  -  MemoryUsage of job (MB)
	385864  -  ResidentSetSize of job (KB)
...
006 (3447426.001.000) 01/31 02:32:18 Image size of job updated: 454868
	377  -  MemoryUsage of job (MB)
	385868  -  ResidentSetSize of job (KB)
...
006 (3447426.001.000) 01/31 02:37:19 Image size of job updated: 454868
	377  -  MemoryUsage of job (MB)
	385944  -  ResidentSetSize of job (KB)
...
006 (3447426.001.000) 01/31 02:42:20 Image size of job updated: 454868
	377  -  MemoryUsage of job (MB)
	386016  -  ResidentSetSize of job (KB)
...
006 (3447426.001.000) 01/31 02:47:20 Image size of job updated: 454868
	377  -  MemoryUsage of job (MB)
	386040  -  ResidentSetSize of job (KB)
...
006 (3447426.001.000) 01/31 02:52:20 Image size of job updated: 454868
	378  -  MemoryUsage of job (MB)
	386088  -  ResidentSetSize of job (KB)
...
006 (3447426.001.000) 01/31 02:57:21 Image size of job updated: 454868
	378  -  MemoryUsage of job (MB)
	386104  -  ResidentSetSize of job (KB)
...
006 (3447426.001.000) 01/31 03:02:22 Image size of job updated: 454868
	378  -  MemoryUsage of job (MB)
	386172  -  ResidentSetSize of job (KB)
...
006 (3447426.001.000) 01/31 03:07:22 Image size of job updated: 454868
	378  -  MemoryUsage of job (MB)
	386212  -  ResidentSetSize of job (KB)
...
006 (3447426.001.000) 01/31 03:12:23 Image size of job updated: 454868
	378  -  MemoryUsage of job (MB)
	386252  -  ResidentSetSize of job (KB)
...
006 (3447426.001.000) 01/31 03:17:24 Image size of job updated: 454868
	378  -  MemoryUsage of job (MB)
	386288  -  ResidentSetSize of job (KB)
...
006 (3447426.001.000) 01/31 03:22:24 Image size of job updated: 454868
	378  -  MemoryUsage of job (MB)
	386316  -  ResidentSetSize of job (KB)
...
006 (3447426.001.000) 01/31 03:27:24 Image size of job updated: 454868
	378  -  MemoryUsage of job (MB)
	386328  -  ResidentSetSize of job (KB)
...
006 (3447426.001.000) 01/31 03:37:26 Image size of job updated: 454868
	378  -  MemoryUsage of job (MB)
	386432  -  ResidentSetSize of job (KB)
...
006 (3447426.001.000) 01/31 03:42:26 Image size of job updated: 454868
	378  -  MemoryUsage of job (MB)
	386444  -  ResidentSetSize of job (KB)
...
006 (3447426.001.000) 01/31 03:47:27 Image size of job updated: 454868
	378  -  MemoryUsage of job (MB)
	386472  -  ResidentSetSize of job (KB)
...
006 (3447426.001.000) 01/31 03:52:28 Image size of job updated: 454868
	378  -  MemoryUsage of job (MB)
	386532  -  ResidentSetSize of job (KB)
...
006 (3447426.001.000) 01/31 03:57:28 Image size of job updated: 454868
	378  -  MemoryUsage of job (MB)
	386560  -  ResidentSetSize of job (KB)
...
006 (3447426.001.000) 01/31 04:02:28 Image size of job updated: 454868
	378  -  MemoryUsage of job (MB)
	386572  -  ResidentSetSize of job (KB)
...
006 (3447426.001.000) 01/31 04:07:29 Image size of job updated: 454868
	378  -  MemoryUsage of job (MB)
	386612  -  ResidentSetSize of job (KB)
...
006 (3447426.001.000) 01/31 04:12:29 Image size of job updated: 454868
	378  -  MemoryUsage of job (MB)
	386616  -  ResidentSetSize of job (KB)
...
006 (3447426.001.000) 01/31 04:17:29 Image size of job updated: 454868
	378  -  MemoryUsage of job (MB)
	386672  -  ResidentSetSize of job (KB)
...
006 (3447426.001.000) 01/31 04:22:30 Image size of job updated: 454868
	378  -  MemoryUsage of job (MB)
	386712  -  ResidentSetSize of job (KB)
...
006 (3447426.001.000) 01/31 04:27:31 Image size of job updated: 454868
	378  -  MemoryUsage of job (MB)
	386768  -  ResidentSetSize of job (KB)
...
006 (3447426.001.000) 01/31 04:32:31 Image size of job updated: 454868
	378  -  MemoryUsage of job (MB)
	386800  -  ResidentSetSize of job (KB)
...
006 (3447426.001.000) 01/31 04:37:32 Image size of job updated: 454868
	378  -  MemoryUsage of job (MB)
	386840  -  ResidentSetSize of job (KB)
...
006 (3447426.001.000) 01/31 04:42:33 Image size of job updated: 454868
	378  -  MemoryUsage of job (MB)
	386848  -  ResidentSetSize of job (KB)
...
006 (3447426.001.000) 01/31 04:47:33 Image size of job updated: 454868
	378  -  MemoryUsage of job (MB)
	386908  -  ResidentSetSize of job (KB)
...
006 (3447426.001.000) 01/31 04:52:33 Image size of job updated: 454868
	378  -  MemoryUsage of job (MB)
	386924  -  ResidentSetSize of job (KB)
...
006 (3447426.001.000) 01/31 04:57:35 Image size of job updated: 454868
	378  -  MemoryUsage of job (MB)
	386940  -  ResidentSetSize of job (KB)
...
006 (3447426.001.000) 01/31 05:07:35 Image size of job updated: 454868
	378  -  MemoryUsage of job (MB)
	386972  -  ResidentSetSize of job (KB)
...
006 (3447426.001.000) 01/31 05:12:36 Image size of job updated: 454868
	378  -  MemoryUsage of job (MB)
	387044  -  ResidentSetSize of job (KB)
...
006 (3447426.001.000) 01/31 05:17:37 Image size of job updated: 454868
	378  -  MemoryUsage of job (MB)
	387068  -  ResidentSetSize of job (KB)
...
006 (3447426.001.000) 01/31 05:22:37 Image size of job updated: 454868
	379  -  MemoryUsage of job (MB)
	387092  -  ResidentSetSize of job (KB)
...
006 (3447426.001.000) 01/31 05:27:37 Image size of job updated: 454868
	379  -  MemoryUsage of job (MB)
	387108  -  ResidentSetSize of job (KB)
...
006 (3447426.001.000) 01/31 05:32:38 Image size of job updated: 454868
	379  -  MemoryUsage of job (MB)
	387132  -  ResidentSetSize of job (KB)
...
006 (3447426.001.000) 01/31 05:37:38 Image size of job updated: 454868
	379  -  MemoryUsage of job (MB)
	387248  -  ResidentSetSize of job (KB)
...
006 (3447426.001.000) 01/31 05:42:38 Image size of job updated: 454868
	379  -  MemoryUsage of job (MB)
	387264  -  ResidentSetSize of job (KB)
...
006 (3447426.001.000) 01/31 05:47:39 Image size of job updated: 454868
	379  -  MemoryUsage of job (MB)
	387284  -  ResidentSetSize of job (KB)
...
006 (3447426.001.000) 01/31 05:52:39 Image size of job updated: 454868
	379  -  MemoryUsage of job (MB)
	387308  -  ResidentSetSize of job (KB)
...
006 (3447426.001.000) 01/31 05:57:39 Image size of job updated: 454868
	379  -  MemoryUsage of job (MB)
	387320  -  ResidentSetSize of job (KB)
...
006 (3447426.001.000) 01/31 06:07:41 Image size of job updated: 454868
	380  -  MemoryUsage of job (MB)
	388496  -  ResidentSetSize of job (KB)
...
006 (3447426.001.000) 01/31 06:12:41 Image size of job updated: 454868
	381  -  MemoryUsage of job (MB)
	389744  -  ResidentSetSize of job (KB)
...
006 (3447426.001.000) 01/31 06:17:42 Image size of job updated: 454868
	381  -  MemoryUsage of job (MB)
	389848  -  ResidentSetSize of job (KB)
...
006 (3447426.001.000) 01/31 06:22:43 Image size of job updated: 454868
	381  -  MemoryUsage of job (MB)
	389940  -  ResidentSetSize of job (KB)
...
006 (3447426.001.000) 01/31 06:27:43 Image size of job updated: 454868
	381  -  MemoryUsage of job (MB)
	389972  -  ResidentSetSize of job (KB)
...
006 (3447426.001.000) 01/31 06:32:43 Image size of job updated: 454868
	381  -  MemoryUsage of job (MB)
	390116  -  ResidentSetSize of job (KB)
...
006 (3447426.001.000) 01/31 06:37:45 Image size of job updated: 454868
	382  -  MemoryUsage of job (MB)
	390272  -  ResidentSetSize of job (KB)
...
006 (3447426.001.000) 01/31 06:42:45 Image size of job updated: 454868
	382  -  MemoryUsage of job (MB)
	390284  -  ResidentSetSize of job (KB)
...
006 (3447426.001.000) 01/31 06:47:45 Image size of job updated: 454868
	382  -  MemoryUsage of job (MB)
	390480  -  ResidentSetSize of job (KB)
...
006 (3447426.001.000) 01/31 06:52:46 Image size of job updated: 454868
	382  -  MemoryUsage of job (MB)
	390536  -  ResidentSetSize of job (KB)
...
006 (3447426.001.000) 01/31 07:02:47 Image size of job updated: 454868
	382  -  MemoryUsage of job (MB)
	390640  -  ResidentSetSize of job (KB)
...
006 (3447426.001.000) 01/31 07:07:48 Image size of job updated: 454868
	382  -  MemoryUsage of job (MB)
	390800  -  ResidentSetSize of job (KB)
...
006 (3447426.001.000) 01/31 07:12:49 Image size of job updated: 454868
	382  -  MemoryUsage of job (MB)
	390840  -  ResidentSetSize of job (KB)
...
006 (3447426.001.000) 01/31 07:17:49 Image size of job updated: 454868
	382  -  MemoryUsage of job (MB)
	390940  -  ResidentSetSize of job (KB)
...
006 (3447426.001.000) 01/31 07:22:49 Image size of job updated: 454868
	382  -  MemoryUsage of job (MB)
	391108  -  ResidentSetSize of job (KB)
...
006 (3447426.001.000) 01/31 07:27:50 Image size of job updated: 454868
	382  -  MemoryUsage of job (MB)
	391152  -  ResidentSetSize of job (KB)
...
006 (3447426.001.000) 01/31 07:32:50 Image size of job updated: 454868
	383  -  MemoryUsage of job (MB)
	391232  -  ResidentSetSize of job (KB)
...
006 (3447426.001.000) 01/31 07:37:50 Image size of job updated: 454868
	383  -  MemoryUsage of job (MB)
	391280  -  ResidentSetSize of job (KB)
...
006 (3447426.001.000) 01/31 07:42:51 Image size of job updated: 454868
	383  -  MemoryUsage of job (MB)
	391460  -  ResidentSetSize of job (KB)
...
006 (3447426.001.000) 01/31 07:47:51 Image size of job updated: 454868
	383  -  MemoryUsage of job (MB)
	391524  -  ResidentSetSize of job (KB)
...
006 (3447426.001.000) 01/31 07:52:51 Image size of job updated: 454868
	383  -  MemoryUsage of job (MB)
	391644  -  ResidentSetSize of job (KB)
...
006 (3447426.001.000) 01/31 07:57:52 Image size of job updated: 454868
	383  -  MemoryUsage of job (MB)
	391652  -  ResidentSetSize of job (KB)
...
006 (3447426.001.000) 01/31 08:02:53 Image size of job updated: 454868
	383  -  MemoryUsage of job (MB)
	391820  -  ResidentSetSize of job (KB)
...
006 (3447426.001.000) 01/31 08:12:54 Image size of job updated: 454868
	383  -  MemoryUsage of job (MB)
	391956  -  ResidentSetSize of job (KB)
...
006 (3447426.001.000) 01/31 08:17:55 Image size of job updated: 454868
	383  -  MemoryUsage of job (MB)
	392020  -  ResidentSetSize of job (KB)
...
006 (3447426.001.000) 01/31 08:22:55 Image size of job updated: 454868
	383  -  MemoryUsage of job (MB)
	392064  -  ResidentSetSize of job (KB)
...
006 (3447426.001.000) 01/31 08:27:55 Image size of job updated: 454868
	383  -  MemoryUsage of job (MB)
	392152  -  ResidentSetSize of job (KB)
...
006 (3447426.001.000) 01/31 08:32:56 Image size of job updated: 454868
	384  -  MemoryUsage of job (MB)
	392328  -  ResidentSetSize of job (KB)
...
006 (3447426.001.000) 01/31 08:37:56 Image size of job updated: 454868
	384  -  MemoryUsage of job (MB)
	392436  -  ResidentSetSize of job (KB)
...
006 (3447426.001.000) 01/31 08:42:56 Image size of job updated: 454868
	384  -  MemoryUsage of job (MB)
	392524  -  ResidentSetSize of job (KB)
...
006 (3447426.001.000) 01/31 08:47:57 Image size of job updated: 454868
	384  -  MemoryUsage of job (MB)
	392576  -  ResidentSetSize of job (KB)
...
006 (3447426.001.000) 01/31 08:52:58 Image size of job updated: 454868
	384  -  MemoryUsage of job (MB)
	392636  -  ResidentSetSize of job (KB)
...
006 (3447426.001.000) 01/31 08:57:58 Image size of job updated: 454868
	384  -  MemoryUsage of job (MB)
	392732  -  ResidentSetSize of job (KB)
...
006 (3447426.001.000) 01/31 09:02:59 Image size of job updated: 454868
	384  -  MemoryUsage of job (MB)
	392792  -  ResidentSetSize of job (KB)
...
006 (3447426.001.000) 01/31 09:08:00 Image size of job updated: 454868
	384  -  MemoryUsage of job (MB)
	392840  -  ResidentSetSize of job (KB)
...
006 (3447426.001.000) 01/31 09:13:00 Image size of job updated: 454868
	384  -  MemoryUsage of job (MB)
	392960  -  ResidentSetSize of job (KB)
...
006 (3447426.001.000) 01/31 09:18:01 Image size of job updated: 454868
	384  -  MemoryUsage of job (MB)
	393032  -  ResidentSetSize of job (KB)
...
006 (3447426.001.000) 01/31 09:23:02 Image size of job updated: 454868
	384  -  MemoryUsage of job (MB)
	393044  -  ResidentSetSize of job (KB)
...
006 (3447426.001.000) 01/31 09:28:02 Image size of job updated: 454868
	384  -  MemoryUsage of job (MB)
	393184  -  ResidentSetSize of job (KB)
...
006 (3447426.001.000) 01/31 09:33:02 Image size of job updated: 454868
	385  -  MemoryUsage of job (MB)
	393232  -  ResidentSetSize of job (KB)
...
006 (3447426.001.000) 01/31 09:38:04 Image size of job updated: 454868
	385  -  MemoryUsage of job (MB)
	393396  -  ResidentSetSize of job (KB)
...
006 (3447426.001.000) 01/31 09:43:04 Image size of job updated: 454868
	385  -  MemoryUsage of job (MB)
	393428  -  ResidentSetSize of job (KB)
...
006 (3447426.001.000) 01/31 09:48:04 Image size of job updated: 454868
	385  -  MemoryUsage of job (MB)
	393552  -  ResidentSetSize of job (KB)
...
006 (3447426.001.000) 01/31 09:53:05 Image size of job updated: 454868
	385  -  MemoryUsage of job (MB)
	393668  -  ResidentSetSize of job (KB)
...
006 (3447426.001.000) 01/31 09:58:06 Image size of job updated: 454868
	385  -  MemoryUsage of job (MB)
	393888  -  ResidentSetSize of job (KB)
...
006 (3447426.001.000) 01/31 10:03:06 Image size of job updated: 454868
	385  -  MemoryUsage of job (MB)
	393992  -  ResidentSetSize of job (KB)
...
006 (3447426.001.000) 01/31 10:13:08 Image size of job updated: 454868
	385  -  MemoryUsage of job (MB)
	394040  -  ResidentSetSize of job (KB)
...
006 (3447426.001.000) 01/31 10:43:11 Image size of job updated: 454868
	385  -  MemoryUsage of job (MB)
	394124  -  ResidentSetSize of job (KB)
...
006 (3447426.001.000) 01/31 10:48:12 Image size of job updated: 454868
	385  -  MemoryUsage of job (MB)
	394224  -  ResidentSetSize of job (KB)
...
006 (3447426.001.000) 01/31 10:53:12 Image size of job updated: 454868
	386  -  MemoryUsage of job (MB)
	394292  -  ResidentSetSize of job (KB)
...
006 (3447426.001.000) 01/31 10:58:13 Image size of job updated: 454868
	386  -  MemoryUsage of job (MB)
	394300  -  ResidentSetSize of job (KB)
...
006 (3447426.001.000) 01/31 11:23:16 Image size of job updated: 454868
	386  -  MemoryUsage of job (MB)
	394420  -  ResidentSetSize of job (KB)
...
006 (3447426.001.000) 01/31 11:28:16 Image size of job updated: 454868
	386  -  MemoryUsage of job (MB)
	394476  -  ResidentSetSize of job (KB)
...
006 (3447426.001.000) 01/31 11:38:17 Image size of job updated: 454868
	386  -  MemoryUsage of job (MB)
	394516  -  ResidentSetSize of job (KB)
...
006 (3447426.001.000) 01/31 11:43:17 Image size of job updated: 454868
	386  -  MemoryUsage of job (MB)
	394560  -  ResidentSetSize of job (KB)
...
006 (3447426.001.000) 01/31 11:53:18 Image size of job updated: 454868
	386  -  MemoryUsage of job (MB)
	394584  -  ResidentSetSize of job (KB)
...
006 (3447426.001.000) 01/31 11:58:18 Image size of job updated: 454868
	386  -  MemoryUsage of job (MB)
	394608  -  ResidentSetSize of job (KB)
...
006 (3447426.001.000) 01/31 12:03:19 Image size of job updated: 454868
	386  -  MemoryUsage of job (MB)
	394612  -  ResidentSetSize of job (KB)
...
006 (3447426.001.000) 01/31 12:08:20 Image size of job updated: 454868
	386  -  MemoryUsage of job (MB)
	394648  -  ResidentSetSize of job (KB)
...
006 (3447426.001.000) 01/31 12:18:21 Image size of job updated: 454868
	386  -  MemoryUsage of job (MB)
	394692  -  ResidentSetSize of job (KB)
...
006 (3447426.001.000) 01/31 12:23:22 Image size of job updated: 454868
	386  -  MemoryUsage of job (MB)
	394712  -  ResidentSetSize of job (KB)
...
006 (3447426.001.000) 01/31 12:33:22 Image size of job updated: 454868
	386  -  MemoryUsage of job (MB)
	394740  -  ResidentSetSize of job (KB)
...
006 (3447426.001.000) 01/31 12:38:23 Image size of job updated: 454868
	386  -  MemoryUsage of job (MB)
	394804  -  ResidentSetSize of job (KB)
...
006 (3447426.001.000) 01/31 12:48:23 Image size of job updated: 454868
	386  -  MemoryUsage of job (MB)
	394852  -  ResidentSetSize of job (KB)
...
006 (3447426.001.000) 01/31 13:03:24 Image size of job updated: 454868
	386  -  MemoryUsage of job (MB)
	394888  -  ResidentSetSize of job (KB)
...
006 (3447426.001.000) 01/31 13:08:26 Image size of job updated: 454868
	386  -  MemoryUsage of job (MB)
	394916  -  ResidentSetSize of job (KB)
...
006 (3447426.001.000) 01/31 13:18:26 Image size of job updated: 454868
	386  -  MemoryUsage of job (MB)
	394980  -  ResidentSetSize of job (KB)
...
006 (3447426.001.000) 01/31 13:38:29 Image size of job updated: 454868
	386  -  MemoryUsage of job (MB)
	395048  -  ResidentSetSize of job (KB)
...
006 (3447426.001.000) 01/31 13:48:30 Image size of job updated: 454868
	386  -  MemoryUsage of job (MB)
	395068  -  ResidentSetSize of job (KB)
...
006 (3447426.001.000) 01/31 13:53:31 Image size of job updated: 454868
	386  -  MemoryUsage of job (MB)
	395088  -  ResidentSetSize of job (KB)
...
006 (3447426.001.000) 01/31 14:08:33 Image size of job updated: 454868
	386  -  MemoryUsage of job (MB)
	395104  -  ResidentSetSize of job (KB)
...
006 (3447426.001.000) 01/31 14:28:36 Image size of job updated: 454868
	386  -  MemoryUsage of job (MB)
	395108  -  ResidentSetSize of job (KB)
...
006 (3447426.001.000) 01/31 14:33:36 Image size of job updated: 454868
	386  -  MemoryUsage of job (MB)
	395140  -  ResidentSetSize of job (KB)
...
006 (3447426.001.000) 01/31 14:43:37 Image size of job updated: 454868
	386  -  MemoryUsage of job (MB)
	395152  -  ResidentSetSize of job (KB)
...
006 (3447426.001.000) 01/31 14:53:37 Image size of job updated: 454868
	386  -  MemoryUsage of job (MB)
	395212  -  ResidentSetSize of job (KB)
...
006 (3447426.001.000) 01/31 15:03:38 Image size of job updated: 454868
	386  -  MemoryUsage of job (MB)
	395232  -  ResidentSetSize of job (KB)
...
006 (3447426.001.000) 01/31 15:13:39 Image size of job updated: 454868
	387  -  MemoryUsage of job (MB)
	395288  -  ResidentSetSize of job (KB)
...
006 (3447426.001.000) 01/31 15:18:39 Image size of job updated: 454868
	387  -  MemoryUsage of job (MB)
	395300  -  ResidentSetSize of job (KB)
...
006 (3447426.001.000) 01/31 15:23:39 Image size of job updated: 454868
	387  -  MemoryUsage of job (MB)
	395324  -  ResidentSetSize of job (KB)
...
006 (3447426.001.000) 01/31 15:33:41 Image size of job updated: 454868
	387  -  MemoryUsage of job (MB)
	395344  -  ResidentSetSize of job (KB)
...
006 (3447426.001.000) 01/31 15:53:43 Image size of job updated: 454868
	387  -  MemoryUsage of job (MB)
	395368  -  ResidentSetSize of job (KB)
...
006 (3447426.001.000) 01/31 16:08:45 Image size of job updated: 454868
	387  -  MemoryUsage of job (MB)
	395384  -  ResidentSetSize of job (KB)
...
006 (3447426.001.000) 01/31 16:18:47 Image size of job updated: 454868
	387  -  MemoryUsage of job (MB)
	395404  -  ResidentSetSize of job (KB)
...
006 (3447426.001.000) 01/31 16:23:47 Image size of job updated: 454868
	387  -  MemoryUsage of job (MB)
	395428  -  ResidentSetSize of job (KB)
...
006 (3447426.001.000) 01/31 16:38:49 Image size of job updated: 454868
	387  -  MemoryUsage of job (MB)
	395484  -  ResidentSetSize of job (KB)
...
006 (3447426.001.000) 01/31 17:03:51 Image size of job updated: 454868
	387  -  MemoryUsage of job (MB)
	395528  -  ResidentSetSize of job (KB)
...
006 (3447426.001.000) 01/31 17:13:51 Image size of job updated: 454868
	387  -  MemoryUsage of job (MB)
	395556  -  ResidentSetSize of job (KB)
...
006 (3447426.001.000) 01/31 17:31:03 Image size of job updated: 454868
	387  -  MemoryUsage of job (MB)
	395580  -  ResidentSetSize of job (KB)
...
006 (3447426.001.000) 01/31 17:36:03 Image size of job updated: 454868
	387  -  MemoryUsage of job (MB)
	395608  -  ResidentSetSize of job (KB)
...
006 (3447426.001.000) 01/31 17:41:04 Image size of job updated: 454868
	387  -  MemoryUsage of job (MB)
	395632  -  ResidentSetSize of job (KB)
...
006 (3447426.001.000) 01/31 17:51:05 Image size of job updated: 454868
	387  -  MemoryUsage of job (MB)
	395656  -  ResidentSetSize of job (KB)
...
006 (3447426.001.000) 01/31 17:56:06 Image size of job updated: 454868
	387  -  MemoryUsage of job (MB)
	395664  -  ResidentSetSize of job (KB)
...
006 (3447426.001.000) 01/31 18:06:07 Image size of job updated: 454868
	387  -  MemoryUsage of job (MB)
	395708  -  ResidentSetSize of job (KB)
...
006 (3447426.001.000) 01/31 18:13:25 Image size of job updated: 454868
	387  -  MemoryUsage of job (MB)
	395736  -  ResidentSetSize of job (KB)
...
006 (3447426.001.000) 01/31 18:25:55 Image size of job updated: 454868
	387  -  MemoryUsage of job (MB)
	395764  -  ResidentSetSize of job (KB)
...
006 (3447426.001.000) 01/31 18:30:55 Image size of job updated: 454868
	387  -  MemoryUsage of job (MB)
	395796  -  ResidentSetSize of job (KB)
...
006 (3447426.001.000) 01/31 18:35:56 Image size of job updated: 454868
	387  -  MemoryUsage of job (MB)
	395812  -  ResidentSetSize of job (KB)
...
006 (3447426.001.000) 01/31 18:50:57 Image size of job updated: 454868
	387  -  MemoryUsage of job (MB)
	395832  -  ResidentSetSize of job (KB)
...
006 (3447426.001.000) 01/31 18:55:58 Image size of job updated: 454868
	387  -  MemoryUsage of job (MB)
	395852  -  ResidentSetSize of job (KB)
...
006 (3447426.001.000) 01/31 19:00:58 Image size of job updated: 454868
	387  -  MemoryUsage of job (MB)
	395876  -  ResidentSetSize of job (KB)
...
006 (3447426.001.000) 01/31 19:08:01 Image size of job updated: 454868
	387  -  MemoryUsage of job (MB)
	395916  -  ResidentSetSize of job (KB)
...
006 (3447426.001.000) 01/31 20:13:31 Image size of job updated: 454868
	387  -  MemoryUsage of job (MB)
	395920  -  ResidentSetSize of job (KB)
...
006 (3447426.001.000) 01/31 20:41:28 Image size of job updated: 454868
	387  -  MemoryUsage of job (MB)
	395992  -  ResidentSetSize of job (KB)
...
006 (3447426.001.000) 01/31 21:17:12 Image size of job updated: 454868
	387  -  MemoryUsage of job (MB)
	396020  -  ResidentSetSize of job (KB)
...
006 (3447426.001.000) 01/31 21:25:15 Image size of job updated: 454868
	387  -  MemoryUsage of job (MB)
	396052  -  ResidentSetSize of job (KB)
...
006 (3447426.001.000) 01/31 21:30:16 Image size of job updated: 454868
	387  -  MemoryUsage of job (MB)
	396096  -  ResidentSetSize of job (KB)
...
006 (3447426.001.000) 01/31 21:35:16 Image size of job updated: 454868
	387  -  MemoryUsage of job (MB)
	396104  -  ResidentSetSize of job (KB)
...
006 (3447426.001.000) 01/31 21:40:16 Image size of job updated: 454868
	387  -  MemoryUsage of job (MB)
	396124  -  ResidentSetSize of job (KB)
...
006 (3447426.001.000) 01/31 21:45:17 Image size of job updated: 454868
	387  -  MemoryUsage of job (MB)
	396156  -  ResidentSetSize of job (KB)
...
006 (3447426.001.000) 01/31 21:50:18 Image size of job updated: 454868
	387  -  MemoryUsage of job (MB)
	396176  -  ResidentSetSize of job (KB)
...
006 (3447426.001.000) 01/31 22:33:21 Image size of job updated: 454868
	387  -  MemoryUsage of job (MB)
	396180  -  ResidentSetSize of job (KB)
...
006 (3447426.001.000) 01/31 22:38:22 Image size of job updated: 454868
	387  -  MemoryUsage of job (MB)
	396188  -  ResidentSetSize of job (KB)
...
006 (3447426.001.000) 01/31 22:43:22 Image size of job updated: 454868
	387  -  MemoryUsage of job (MB)
	396192  -  ResidentSetSize of job (KB)
...
006 (3447426.001.000) 01/31 22:48:22 Image size of job updated: 454868
	387  -  MemoryUsage of job (MB)
	396196  -  ResidentSetSize of job (KB)
...
006 (3447426.001.000) 01/31 22:53:23 Image size of job updated: 454868
	387  -  MemoryUsage of job (MB)
	396212  -  ResidentSetSize of job (KB)
...
006 (3447426.001.000) 01/31 22:58:23 Image size of job updated: 454868
	387  -  MemoryUsage of job (MB)
	396224  -  ResidentSetSize of job (KB)
...
006 (3447426.001.000) 01/31 23:03:24 Image size of job updated: 454868
	387  -  MemoryUsage of job (MB)
	396268  -  ResidentSetSize of job (KB)
...
006 (3447426.001.000) 01/31 23:08:25 Image size of job updated: 454868
	387  -  MemoryUsage of job (MB)
	396272  -  ResidentSetSize of job (KB)
...
006 (3447426.001.000) 01/31 23:23:27 Image size of job updated: 454868
	387  -  MemoryUsage of job (MB)
	396280  -  ResidentSetSize of job (KB)
...
006 (3447426.001.000) 01/31 23:33:28 Image size of job updated: 454868
	387  -  MemoryUsage of job (MB)
	396288  -  ResidentSetSize of job (KB)
...
006 (3447426.001.000) 01/31 23:38:29 Image size of job updated: 454868
	388  -  MemoryUsage of job (MB)
	396300  -  ResidentSetSize of job (KB)
...
006 (3447426.001.000) 01/31 23:43:29 Image size of job updated: 454868
	388  -  MemoryUsage of job (MB)
	396364  -  ResidentSetSize of job (KB)
...
006 (3447426.001.000) 01/31 23:48:29 Image size of job updated: 454868
	388  -  MemoryUsage of job (MB)
	396400  -  ResidentSetSize of job (KB)
...
006 (3447426.001.000) 02/01 00:23:32 Image size of job updated: 454868
	388  -  MemoryUsage of job (MB)
	396432  -  ResidentSetSize of job (KB)
...
006 (3447426.001.000) 02/01 00:28:32 Image size of job updated: 454868
	388  -  MemoryUsage of job (MB)
	396488  -  ResidentSetSize of job (KB)
...
006 (3447426.001.000) 02/01 00:38:33 Image size of job updated: 454868
	388  -  MemoryUsage of job (MB)
	396516  -  ResidentSetSize of job (KB)
...
006 (3447426.001.000) 02/01 00:43:33 Image size of job updated: 454868
	388  -  MemoryUsage of job (MB)
	396532  -  ResidentSetSize of job (KB)
...
006 (3447426.001.000) 02/01 01:23:36 Image size of job updated: 454868
	388  -  MemoryUsage of job (MB)
	396552  -  ResidentSetSize of job (KB)
...
006 (3447426.001.000) 02/01 01:28:37 Image size of job updated: 454868
	388  -  MemoryUsage of job (MB)
	396560  -  ResidentSetSize of job (KB)
...
006 (3447426.001.000) 02/01 01:43:38 Image size of job updated: 454868
	388  -  MemoryUsage of job (MB)
	396592  -  ResidentSetSize of job (KB)
...
006 (3447426.001.000) 02/01 01:48:38 Image size of job updated: 454868
	388  -  MemoryUsage of job (MB)
	396620  -  ResidentSetSize of job (KB)
...
006 (3447426.001.000) 02/01 02:10:57 Image size of job updated: 454868
	388  -  MemoryUsage of job (MB)
	396656  -  ResidentSetSize of job (KB)
...
006 (3447426.001.000) 02/01 02:23:20 Image size of job updated: 454868
	388  -  MemoryUsage of job (MB)
	396664  -  ResidentSetSize of job (KB)
...
006 (3447426.001.000) 02/01 02:28:21 Image size of job updated: 454868
	388  -  MemoryUsage of job (MB)
	396684  -  ResidentSetSize of job (KB)
...
006 (3447426.001.000) 02/01 02:33:21 Image size of job updated: 454868
	388  -  MemoryUsage of job (MB)
	396696  -  ResidentSetSize of job (KB)
...
006 (3447426.001.000) 02/01 02:43:22 Image size of job updated: 454868
	388  -  MemoryUsage of job (MB)
	396708  -  ResidentSetSize of job (KB)
...
006 (3447426.001.000) 02/01 02:58:24 Image size of job updated: 454868
	388  -  MemoryUsage of job (MB)
	396748  -  ResidentSetSize of job (KB)
...
006 (3447426.001.000) 02/01 03:03:24 Image size of job updated: 454868
	388  -  MemoryUsage of job (MB)
	396776  -  ResidentSetSize of job (KB)
...
006 (3447426.001.000) 02/01 03:15:26 Image size of job updated: 454868
	388  -  MemoryUsage of job (MB)
	396788  -  ResidentSetSize of job (KB)
...
006 (3447426.001.000) 02/01 03:25:27 Image size of job updated: 454868
	388  -  MemoryUsage of job (MB)
	396820  -  ResidentSetSize of job (KB)
...
006 (3447426.001.000) 02/01 03:30:27 Image size of job updated: 454868
	388  -  MemoryUsage of job (MB)
	396824  -  ResidentSetSize of job (KB)
...
006 (3447426.001.000) 02/01 03:35:28 Image size of job updated: 454868
	388  -  MemoryUsage of job (MB)
	396832  -  ResidentSetSize of job (KB)
...
006 (3447426.001.000) 02/01 03:40:28 Image size of job updated: 454868
	388  -  MemoryUsage of job (MB)
	396836  -  ResidentSetSize of job (KB)
...
006 (3447426.001.000) 02/01 04:00:29 Image size of job updated: 454868
	388  -  MemoryUsage of job (MB)
	396880  -  ResidentSetSize of job (KB)
...
006 (3447426.001.000) 02/01 04:10:30 Image size of job updated: 454868
	388  -  MemoryUsage of job (MB)
	396888  -  ResidentSetSize of job (KB)
...
006 (3447426.001.000) 02/01 04:18:34 Image size of job updated: 454868
	388  -  MemoryUsage of job (MB)
	396908  -  ResidentSetSize of job (KB)
...
006 (3447426.001.000) 02/01 04:27:48 Image size of job updated: 454868
	388  -  MemoryUsage of job (MB)
	396936  -  ResidentSetSize of job (KB)
...
006 (3447426.001.000) 02/01 04:35:12 Image size of job updated: 454868
	388  -  MemoryUsage of job (MB)
	396948  -  ResidentSetSize of job (KB)
...
006 (3447426.001.000) 02/01 04:40:12 Image size of job updated: 454868
	388  -  MemoryUsage of job (MB)
	396972  -  ResidentSetSize of job (KB)
...
006 (3447426.001.000) 02/01 04:45:13 Image size of job updated: 454868
	388  -  MemoryUsage of job (MB)
	396992  -  ResidentSetSize of job (KB)
...
006 (3447426.001.000) 02/01 05:05:16 Image size of job updated: 454868
	388  -  MemoryUsage of job (MB)
	397016  -  ResidentSetSize of job (KB)
...
006 (3447426.001.000) 02/01 05:10:16 Image size of job updated: 454868
	388  -  MemoryUsage of job (MB)
	397032  -  ResidentSetSize of job (KB)
...
006 (3447426.001.000) 02/01 05:15:17 Image size of job updated: 454868
	388  -  MemoryUsage of job (MB)
	397048  -  ResidentSetSize of job (KB)
...
006 (3447426.001.000) 02/01 05:30:19 Image size of job updated: 454868
	388  -  MemoryUsage of job (MB)
	397076  -  ResidentSetSize of job (KB)
...
006 (3447426.001.000) 02/01 05:35:20 Image size of job updated: 454868
	388  -  MemoryUsage of job (MB)
	397088  -  ResidentSetSize of job (KB)
...
006 (3447426.001.000) 02/01 05:45:20 Image size of job updated: 454868
	388  -  MemoryUsage of job (MB)
	397096  -  ResidentSetSize of job (KB)
...
006 (3447426.001.000) 02/01 05:55:21 Image size of job updated: 454868
	388  -  MemoryUsage of job (MB)
	397104  -  ResidentSetSize of job (KB)
...
006 (3447426.001.000) 02/01 06:10:22 Image size of job updated: 454868
	388  -  MemoryUsage of job (MB)
	397184  -  ResidentSetSize of job (KB)
...
006 (3447426.001.000) 02/01 06:15:22 Image size of job updated: 454868
	388  -  MemoryUsage of job (MB)
	397232  -  ResidentSetSize of job (KB)
...
006 (3447426.001.000) 02/01 06:20:24 Image size of job updated: 454868
	388  -  MemoryUsage of job (MB)
	397272  -  ResidentSetSize of job (KB)
...
006 (3447426.001.000) 02/01 07:00:28 Image size of job updated: 454868
	388  -  MemoryUsage of job (MB)
	397276  -  ResidentSetSize of job (KB)
...
006 (3447426.001.000) 02/01 07:05:29 Image size of job updated: 454868
	388  -  MemoryUsage of job (MB)
	397288  -  ResidentSetSize of job (KB)
...
006 (3447426.001.000) 02/01 07:10:30 Image size of job updated: 454868
	388  -  MemoryUsage of job (MB)
	397308  -  ResidentSetSize of job (KB)
...
006 (3447426.001.000) 02/01 07:15:30 Image size of job updated: 454868
	389  -  MemoryUsage of job (MB)
	397320  -  ResidentSetSize of job (KB)
...
006 (3447426.001.000) 02/01 07:20:31 Image size of job updated: 454868
	389  -  MemoryUsage of job (MB)
	397344  -  ResidentSetSize of job (KB)
...
006 (3447426.001.000) 02/01 07:25:32 Image size of job updated: 454868
	389  -  MemoryUsage of job (MB)
	397356  -  ResidentSetSize of job (KB)
...
006 (3447426.001.000) 02/01 07:30:32 Image size of job updated: 454868
	389  -  MemoryUsage of job (MB)
	397400  -  ResidentSetSize of job (KB)
...
006 (3447426.001.000) 02/01 07:35:33 Image size of job updated: 454868
	389  -  MemoryUsage of job (MB)
	397416  -  ResidentSetSize of job (KB)
...
006 (3447426.001.000) 02/01 07:40:34 Image size of job updated: 454868
	389  -  MemoryUsage of job (MB)
	397456  -  ResidentSetSize of job (KB)
...
006 (3447426.001.000) 02/01 07:45:34 Image size of job updated: 454868
	389  -  MemoryUsage of job (MB)
	397516  -  ResidentSetSize of job (KB)
...
006 (3447426.001.000) 02/01 07:50:36 Image size of job updated: 454868
	389  -  MemoryUsage of job (MB)
	397528  -  ResidentSetSize of job (KB)
...
006 (3447426.001.000) 02/01 08:00:36 Image size of job updated: 454868
	389  -  MemoryUsage of job (MB)
	397532  -  ResidentSetSize of job (KB)
...
006 (3447426.001.000) 02/01 08:25:40 Image size of job updated: 454868
	389  -  MemoryUsage of job (MB)
	397536  -  ResidentSetSize of job (KB)
...
006 (3447426.001.000) 02/01 09:10:45 Image size of job updated: 454868
	389  -  MemoryUsage of job (MB)
	397560  -  ResidentSetSize of job (KB)
...
006 (3447426.001.000) 02/01 09:40:47 Image size of job updated: 454868
	389  -  MemoryUsage of job (MB)
	397576  -  ResidentSetSize of job (KB)
...
006 (3447426.001.000) 02/01 09:45:47 Image size of job updated: 454868
	389  -  MemoryUsage of job (MB)
	397588  -  ResidentSetSize of job (KB)
...
006 (3447426.001.000) 02/01 09:50:47 Image size of job updated: 454868
	389  -  MemoryUsage of job (MB)
	397608  -  ResidentSetSize of job (KB)
...
006 (3447426.001.000) 02/01 10:05:49 Image size of job updated: 454868
	389  -  MemoryUsage of job (MB)
	397628  -  ResidentSetSize of job (KB)
...
006 (3447426.001.000) 02/01 10:11:48 Image size of job updated: 454868
	389  -  MemoryUsage of job (MB)
	397660  -  ResidentSetSize of job (KB)
...
006 (3447426.001.000) 02/01 10:15:51 Image size of job updated: 454868
	389  -  MemoryUsage of job (MB)
	397688  -  ResidentSetSize of job (KB)
...
006 (3447426.001.000) 02/01 10:20:53 Image size of job updated: 454868
	389  -  MemoryUsage of job (MB)
	397696  -  ResidentSetSize of job (KB)
...
006 (3447426.001.000) 02/01 10:55:57 Image size of job updated: 454868
	389  -  MemoryUsage of job (MB)
	397728  -  ResidentSetSize of job (KB)
...
006 (3447426.001.000) 02/01 11:00:57 Image size of job updated: 454868
	389  -  MemoryUsage of job (MB)
	397776  -  ResidentSetSize of job (KB)
...
006 (3447426.001.000) 02/01 11:05:58 Image size of job updated: 454868
	389  -  MemoryUsage of job (MB)
	397792  -  ResidentSetSize of job (KB)
...
006 (3447426.001.000) 02/01 11:10:59 Image size of job updated: 454868
	389  -  MemoryUsage of job (MB)
	397796  -  ResidentSetSize of job (KB)
...
006 (3447426.001.000) 02/01 11:31:00 Image size of job updated: 454868
	389  -  MemoryUsage of job (MB)
	397808  -  ResidentSetSize of job (KB)
...
006 (3447426.001.000) 02/01 11:41:02 Image size of job updated: 454868
	389  -  MemoryUsage of job (MB)
	397824  -  ResidentSetSize of job (KB)
...
006 (3447426.001.000) 02/01 11:46:02 Image size of job updated: 454868
	389  -  MemoryUsage of job (MB)
	397840  -  ResidentSetSize of job (KB)
...
006 (3447426.001.000) 02/01 11:51:03 Image size of job updated: 454868
	389  -  MemoryUsage of job (MB)
	397848  -  ResidentSetSize of job (KB)
...
006 (3447426.001.000) 02/01 11:56:04 Image size of job updated: 454868
	389  -  MemoryUsage of job (MB)
	397852  -  ResidentSetSize of job (KB)
...
006 (3447426.001.000) 02/01 12:01:04 Image size of job updated: 454868
	389  -  MemoryUsage of job (MB)
	397864  -  ResidentSetSize of job (KB)
...
006 (3447426.001.000) 02/01 12:11:06 Image size of job updated: 454868
	389  -  MemoryUsage of job (MB)
	397872  -  ResidentSetSize of job (KB)
...
006 (3447426.001.000) 02/01 12:16:06 Image size of job updated: 454868
	389  -  MemoryUsage of job (MB)
	397884  -  ResidentSetSize of job (KB)
...
006 (3447426.001.000) 02/01 12:21:07 Image size of job updated: 454868
	389  -  MemoryUsage of job (MB)
	397904  -  ResidentSetSize of job (KB)
...
006 (3447426.001.000) 02/01 12:27:27 Image size of job updated: 454868
	389  -  MemoryUsage of job (MB)
	397916  -  ResidentSetSize of job (KB)
...
006 (3447426.001.000) 02/01 12:31:26 Image size of job updated: 454868
	389  -  MemoryUsage of job (MB)
	397944  -  ResidentSetSize of job (KB)
...
006 (3447426.001.000) 02/01 12:46:27 Image size of job updated: 454868
	389  -  MemoryUsage of job (MB)
	397948  -  ResidentSetSize of job (KB)
...
006 (3447426.001.000) 02/01 12:51:28 Image size of job updated: 454868
	389  -  MemoryUsage of job (MB)
	397972  -  ResidentSetSize of job (KB)
...
006 (3447426.001.000) 02/01 12:56:28 Image size of job updated: 454868
	389  -  MemoryUsage of job (MB)
	397984  -  ResidentSetSize of job (KB)
...
006 (3447426.001.000) 02/01 13:06:30 Image size of job updated: 454868
	389  -  MemoryUsage of job (MB)
	398040  -  ResidentSetSize of job (KB)
...
006 (3447426.001.000) 02/01 13:21:31 Image size of job updated: 454868
	389  -  MemoryUsage of job (MB)
	398060  -  ResidentSetSize of job (KB)
...
006 (3447426.001.000) 02/01 13:26:31 Image size of job updated: 454868
	389  -  MemoryUsage of job (MB)
	398088  -  ResidentSetSize of job (KB)
...
006 (3447426.001.000) 02/01 13:41:32 Image size of job updated: 454868
	389  -  MemoryUsage of job (MB)
	398108  -  ResidentSetSize of job (KB)
...
006 (3447426.001.000) 02/01 13:46:32 Image size of job updated: 454868
	389  -  MemoryUsage of job (MB)
	398148  -  ResidentSetSize of job (KB)
...
006 (3447426.001.000) 02/01 13:51:33 Image size of job updated: 454868
	389  -  MemoryUsage of job (MB)
	398156  -  ResidentSetSize of job (KB)
...
006 (3447426.001.000) 02/01 13:56:33 Image size of job updated: 454868
	389  -  MemoryUsage of job (MB)
	398160  -  ResidentSetSize of job (KB)
...
006 (3447426.001.000) 02/01 14:01:33 Image size of job updated: 454868
	389  -  MemoryUsage of job (MB)
	398168  -  ResidentSetSize of job (KB)
...
006 (3447426.001.000) 02/01 14:06:45 Image size of job updated: 454868
	389  -  MemoryUsage of job (MB)
	398176  -  ResidentSetSize of job (KB)
...
006 (3447426.001.000) 02/01 14:21:36 Image size of job updated: 454868
	389  -  MemoryUsage of job (MB)
	398184  -  ResidentSetSize of job (KB)
...
040 (3447426.001.000) 02/01 19:38:02 Started transferring input files
	Transferring to host: <188.184.190.110:9618?addrs=188.184.190.110-9618+[2001-1458-301-4b--100-7b]-9618&noUDP&sock=32644_66a9_202875>
...
040 (3447426.001.000) 02/01 19:38:02 Finished transferring input files
...
001 (3447426.001.000) 02/01 19:38:03 Job executing on host: <188.184.190.110:9618?addrs=188.184.190.110-9618+[2001-1458-301-4b--100-7b]-9618&noUDP&sock=5599_06da_3>
...
040 (3447426.001.000) 02/01 19:39:09 Started transferring output files
...
040 (3447426.001.000) 02/01 19:39:09 Finished transferring output files
...
005 (3447426.001.000) 02/01 19:39:09 Job terminated.
	(1) Normal termination (return value 0)
		Usr 0 00:00:09, Sys 0 00:00:04  -  Run Remote Usage
		Usr 0 00:00:00, Sys 0 00:00:00  -  Run Local Usage
		Usr 0 00:00:09, Sys 0 00:00:04  -  Total Remote Usage
		Usr 0 00:00:00, Sys 0 00:00:00  -  Total Local Usage
	12253  -  Run Bytes Sent By Job
	493  -  Run Bytes Received By Job
	12253  -  Total Bytes Sent By Job
	986  -  Total Bytes Received By Job
	Partitionable Resources :    Usage  Request Allocated 
	   Cpus                 :                 1           
	   Disk (KB)            :       26       40   2840625 
	   Memory (MB)          :      391     2000      2000 
...
