000 (3447442.009.000) 01/30 07:33:09 Job submitted from host: <188.185.71.142:9618?addrs=188.185.71.142-9618+[2001-1458-d00-7--100-388]-9618&alias=bigbird09.cern.ch&noUDP&sock=schedd_2208_1533_7>
...
000 (3447443.009.000) 01/30 07:33:17 Job submitted from host: <188.185.71.142:9618?addrs=188.185.71.142-9618+[2001-1458-d00-7--100-388]-9618&alias=bigbird09.cern.ch&noUDP&sock=schedd_2208_1533_7>
...
000 (3447444.010.000) 01/30 07:33:26 Job submitted from host: <188.185.71.142:9618?addrs=188.185.71.142-9618+[2001-1458-d00-7--100-388]-9618&alias=bigbird09.cern.ch&noUDP&sock=schedd_2208_1533_7>
...
040 (3447442.009.000) 01/30 07:55:34 Started transferring input files
	Transferring to host: <128.142.67.228:9618?addrs=128.142.67.228-9618+[2001-1458-301-4c--100-539]-9618&noUDP&sock=14475_b266_11695>
...
040 (3447442.009.000) 01/30 07:55:34 Finished transferring input files
...
001 (3447442.009.000) 01/30 07:55:35 Job executing on host: <128.142.67.228:9618?addrs=128.142.67.228-9618+[2001-1458-301-4c--100-539]-9618&noUDP&sock=14275_0a87_3>
...
040 (3447444.010.000) 01/30 07:55:37 Started transferring input files
	Transferring to host: <188.184.138.94:9618?addrs=188.184.138.94-9618+[2001-1458-301-45--100-7f]-9618&noUDP&sock=1877_4425_198955>
...
040 (3447444.010.000) 01/30 07:55:37 Finished transferring input files
...
001 (3447444.010.000) 01/30 07:55:38 Job executing on host: <188.184.138.94:9618?addrs=188.184.138.94-9618+[2001-1458-301-45--100-7f]-9618&noUDP&sock=5579_4ef5_3>
...
006 (3447442.009.000) 01/30 07:55:44 Image size of job updated: 5240
	4  -  MemoryUsage of job (MB)
	4044  -  ResidentSetSize of job (KB)
...
006 (3447444.010.000) 01/30 07:55:46 Image size of job updated: 72
	0  -  MemoryUsage of job (MB)
	0  -  ResidentSetSize of job (KB)
...
040 (3447444.010.000) 01/30 07:55:46 Started transferring output files
...
040 (3447444.010.000) 01/30 07:55:46 Finished transferring output files
...
005 (3447444.010.000) 01/30 07:55:47 Job terminated.
	(1) Normal termination (return value 0)
		Usr 0 00:00:01, Sys 0 00:00:03  -  Run Remote Usage
		Usr 0 00:00:00, Sys 0 00:00:00  -  Run Local Usage
		Usr 0 00:00:01, Sys 0 00:00:03  -  Total Remote Usage
		Usr 0 00:00:00, Sys 0 00:00:00  -  Total Local Usage
	327  -  Run Bytes Sent By Job
	493  -  Run Bytes Received By Job
	327  -  Total Bytes Sent By Job
	493  -  Total Bytes Received By Job
	Partitionable Resources :    Usage  Request Allocated 
	   Cpus                 :                 1           
	   Disk (KB)            :       17        1   3061957 
	   Memory (MB)          :        0     2000      2000 
...
040 (3447443.009.000) 01/30 07:56:19 Started transferring input files
	Transferring to host: <128.142.70.132:9618?addrs=128.142.70.132-9618+[2001-1458-301-52--100-2ce]-9618&noUDP&sock=14461_d525_15929>
...
040 (3447443.009.000) 01/30 07:56:19 Finished transferring input files
...
001 (3447443.009.000) 01/30 07:56:20 Job executing on host: <128.142.70.132:9618?addrs=128.142.70.132-9618+[2001-1458-301-52--100-2ce]-9618&noUDP&sock=14255_52a2_3>
...
006 (3447443.009.000) 01/30 07:56:27 Image size of job updated: 2636
	0  -  MemoryUsage of job (MB)
	0  -  ResidentSetSize of job (KB)
...
040 (3447443.009.000) 01/30 07:56:27 Started transferring output files
...
040 (3447443.009.000) 01/30 07:56:27 Finished transferring output files
...
005 (3447443.009.000) 01/30 07:56:27 Job terminated.
	(1) Normal termination (return value 0)
		Usr 0 00:00:01, Sys 0 00:00:03  -  Run Remote Usage
		Usr 0 00:00:00, Sys 0 00:00:00  -  Run Local Usage
		Usr 0 00:00:01, Sys 0 00:00:03  -  Total Remote Usage
		Usr 0 00:00:00, Sys 0 00:00:00  -  Total Local Usage
	327  -  Run Bytes Sent By Job
	493  -  Run Bytes Received By Job
	327  -  Total Bytes Sent By Job
	493  -  Total Bytes Received By Job
	Partitionable Resources :    Usage  Request Allocated 
	   Cpus                 :                 1           
	   Disk (KB)            :       17        1   2845861 
	   Memory (MB)          :        0     2000      2000 
...
006 (3447442.009.000) 01/30 08:00:45 Image size of job updated: 374952
	360  -  MemoryUsage of job (MB)
	368560  -  ResidentSetSize of job (KB)
...
006 (3447442.009.000) 01/30 08:05:45 Image size of job updated: 374956
	360  -  MemoryUsage of job (MB)
	368564  -  ResidentSetSize of job (KB)
...
006 (3447442.009.000) 01/30 08:35:50 Image size of job updated: 374980
	360  -  MemoryUsage of job (MB)
	368588  -  ResidentSetSize of job (KB)
...
006 (3447442.009.000) 01/30 08:40:50 Image size of job updated: 374984
	360  -  MemoryUsage of job (MB)
	368592  -  ResidentSetSize of job (KB)
...
006 (3447442.009.000) 01/30 10:46:04 Image size of job updated: 375016
	360  -  MemoryUsage of job (MB)
	368624  -  ResidentSetSize of job (KB)
...
006 (3447442.009.000) 01/30 10:51:04 Image size of job updated: 375028
	360  -  MemoryUsage of job (MB)
	368636  -  ResidentSetSize of job (KB)
...
006 (3447442.009.000) 01/30 10:56:04 Image size of job updated: 375216
	361  -  MemoryUsage of job (MB)
	368824  -  ResidentSetSize of job (KB)
...
006 (3447442.009.000) 01/30 11:01:05 Image size of job updated: 375312
	361  -  MemoryUsage of job (MB)
	368920  -  ResidentSetSize of job (KB)
...
006 (3447442.009.000) 01/30 11:11:06 Image size of job updated: 375396
	361  -  MemoryUsage of job (MB)
	369004  -  ResidentSetSize of job (KB)
...
006 (3447442.009.000) 01/30 11:16:06 Image size of job updated: 375472
	361  -  MemoryUsage of job (MB)
	369080  -  ResidentSetSize of job (KB)
...
006 (3447442.009.000) 01/30 11:21:07 Image size of job updated: 375476
	361  -  MemoryUsage of job (MB)
	369084  -  ResidentSetSize of job (KB)
...
006 (3447442.009.000) 01/30 11:46:10 Image size of job updated: 375520
	361  -  MemoryUsage of job (MB)
	369128  -  ResidentSetSize of job (KB)
...
006 (3447442.009.000) 01/30 11:51:10 Image size of job updated: 375544
	361  -  MemoryUsage of job (MB)
	369152  -  ResidentSetSize of job (KB)
...
006 (3447442.009.000) 01/30 11:56:11 Image size of job updated: 375548
	361  -  MemoryUsage of job (MB)
	369156  -  ResidentSetSize of job (KB)
...
006 (3447442.009.000) 01/30 12:01:12 Image size of job updated: 375720
	361  -  MemoryUsage of job (MB)
	369328  -  ResidentSetSize of job (KB)
...
006 (3447442.009.000) 01/30 12:06:12 Image size of job updated: 375820
	361  -  MemoryUsage of job (MB)
	369428  -  ResidentSetSize of job (KB)
...
006 (3447442.009.000) 01/30 12:11:12 Image size of job updated: 375944
	361  -  MemoryUsage of job (MB)
	369552  -  ResidentSetSize of job (KB)
...
006 (3447442.009.000) 01/30 12:16:13 Image size of job updated: 376080
	362  -  MemoryUsage of job (MB)
	369688  -  ResidentSetSize of job (KB)
...
006 (3447442.009.000) 01/30 12:21:14 Image size of job updated: 376156
	362  -  MemoryUsage of job (MB)
	369764  -  ResidentSetSize of job (KB)
...
006 (3447442.009.000) 01/30 12:26:14 Image size of job updated: 376240
	362  -  MemoryUsage of job (MB)
	369848  -  ResidentSetSize of job (KB)
...
006 (3447442.009.000) 01/30 12:31:14 Image size of job updated: 376328
	362  -  MemoryUsage of job (MB)
	369936  -  ResidentSetSize of job (KB)
...
006 (3447442.009.000) 01/30 12:36:15 Image size of job updated: 376472
	362  -  MemoryUsage of job (MB)
	370080  -  ResidentSetSize of job (KB)
...
006 (3447442.009.000) 01/30 12:41:16 Image size of job updated: 376508
	362  -  MemoryUsage of job (MB)
	370116  -  ResidentSetSize of job (KB)
...
006 (3447442.009.000) 01/30 12:46:16 Image size of job updated: 376640
	362  -  MemoryUsage of job (MB)
	370248  -  ResidentSetSize of job (KB)
...
006 (3447442.009.000) 01/30 12:51:16 Image size of job updated: 376720
	362  -  MemoryUsage of job (MB)
	370328  -  ResidentSetSize of job (KB)
...
006 (3447442.009.000) 01/30 12:56:17 Image size of job updated: 376848
	362  -  MemoryUsage of job (MB)
	370456  -  ResidentSetSize of job (KB)
...
006 (3447442.009.000) 01/30 13:01:18 Image size of job updated: 377040
	362  -  MemoryUsage of job (MB)
	370648  -  ResidentSetSize of job (KB)
...
006 (3447442.009.000) 01/30 13:06:18 Image size of job updated: 377204
	363  -  MemoryUsage of job (MB)
	370812  -  ResidentSetSize of job (KB)
...
006 (3447442.009.000) 01/30 13:11:18 Image size of job updated: 377352
	363  -  MemoryUsage of job (MB)
	370972  -  ResidentSetSize of job (KB)
...
006 (3447442.009.000) 01/30 13:16:20 Image size of job updated: 377436
	363  -  MemoryUsage of job (MB)
	371056  -  ResidentSetSize of job (KB)
...
006 (3447442.009.000) 01/30 13:21:20 Image size of job updated: 377492
	363  -  MemoryUsage of job (MB)
	371112  -  ResidentSetSize of job (KB)
...
006 (3447442.009.000) 01/30 13:26:20 Image size of job updated: 377576
	363  -  MemoryUsage of job (MB)
	371196  -  ResidentSetSize of job (KB)
...
006 (3447442.009.000) 01/30 13:31:21 Image size of job updated: 377576
	363  -  MemoryUsage of job (MB)
	371292  -  ResidentSetSize of job (KB)
...
006 (3447442.009.000) 01/30 13:36:22 Image size of job updated: 377576
	363  -  MemoryUsage of job (MB)
	371316  -  ResidentSetSize of job (KB)
...
006 (3447442.009.000) 01/30 13:41:22 Image size of job updated: 377576
	363  -  MemoryUsage of job (MB)
	371468  -  ResidentSetSize of job (KB)
...
006 (3447442.009.000) 01/30 13:47:19 Image size of job updated: 377576
	363  -  MemoryUsage of job (MB)
	371536  -  ResidentSetSize of job (KB)
...
006 (3447442.009.000) 01/30 13:51:24 Image size of job updated: 377576
	363  -  MemoryUsage of job (MB)
	371652  -  ResidentSetSize of job (KB)
...
006 (3447442.009.000) 01/30 13:56:25 Image size of job updated: 377576
	364  -  MemoryUsage of job (MB)
	371796  -  ResidentSetSize of job (KB)
...
006 (3447442.009.000) 01/30 14:01:25 Image size of job updated: 377576
	364  -  MemoryUsage of job (MB)
	371836  -  ResidentSetSize of job (KB)
...
006 (3447442.009.000) 01/30 14:06:25 Image size of job updated: 377576
	364  -  MemoryUsage of job (MB)
	371872  -  ResidentSetSize of job (KB)
...
006 (3447442.009.000) 01/30 14:11:26 Image size of job updated: 377576
	364  -  MemoryUsage of job (MB)
	371984  -  ResidentSetSize of job (KB)
...
006 (3447442.009.000) 01/30 14:16:27 Image size of job updated: 377576
	364  -  MemoryUsage of job (MB)
	372028  -  ResidentSetSize of job (KB)
...
006 (3447442.009.000) 01/30 14:21:27 Image size of job updated: 377576
	364  -  MemoryUsage of job (MB)
	372136  -  ResidentSetSize of job (KB)
...
006 (3447442.009.000) 01/30 14:26:28 Image size of job updated: 377576
	364  -  MemoryUsage of job (MB)
	372216  -  ResidentSetSize of job (KB)
...
006 (3447442.009.000) 01/30 14:31:29 Image size of job updated: 377576
	364  -  MemoryUsage of job (MB)
	372376  -  ResidentSetSize of job (KB)
...
006 (3447442.009.000) 01/30 14:36:29 Image size of job updated: 377576
	364  -  MemoryUsage of job (MB)
	372632  -  ResidentSetSize of job (KB)
...
006 (3447442.009.000) 01/30 14:46:30 Image size of job updated: 377576
	364  -  MemoryUsage of job (MB)
	372684  -  ResidentSetSize of job (KB)
...
006 (3447442.009.000) 01/30 14:51:30 Image size of job updated: 377576
	365  -  MemoryUsage of job (MB)
	373060  -  ResidentSetSize of job (KB)
...
006 (3447442.009.000) 01/30 14:56:30 Image size of job updated: 377576
	365  -  MemoryUsage of job (MB)
	373428  -  ResidentSetSize of job (KB)
...
006 (3447442.009.000) 01/30 15:16:32 Image size of job updated: 377576
	365  -  MemoryUsage of job (MB)
	373524  -  ResidentSetSize of job (KB)
...
006 (3447442.009.000) 01/30 16:34:21 Image size of job updated: 377604
	366  -  MemoryUsage of job (MB)
	374568  -  ResidentSetSize of job (KB)
...
006 (3447442.009.000) 01/30 16:42:27 Image size of job updated: 378144
	367  -  MemoryUsage of job (MB)
	375108  -  ResidentSetSize of job (KB)
...
006 (3447442.009.000) 01/30 16:48:56 Image size of job updated: 378208
	367  -  MemoryUsage of job (MB)
	375160  -  ResidentSetSize of job (KB)
...
006 (3447442.009.000) 01/30 16:58:58 Image size of job updated: 379496
	368  -  MemoryUsage of job (MB)
	376328  -  ResidentSetSize of job (KB)
...
006 (3447442.009.000) 01/30 17:03:58 Image size of job updated: 379532
	368  -  MemoryUsage of job (MB)
	376364  -  ResidentSetSize of job (KB)
...
006 (3447442.009.000) 01/30 17:10:25 Image size of job updated: 379604
	368  -  MemoryUsage of job (MB)
	376436  -  ResidentSetSize of job (KB)
...
006 (3447442.009.000) 01/30 17:15:17 Image size of job updated: 379648
	368  -  MemoryUsage of job (MB)
	376480  -  ResidentSetSize of job (KB)
...
006 (3447442.009.000) 01/30 17:20:18 Image size of job updated: 379772
	368  -  MemoryUsage of job (MB)
	376604  -  ResidentSetSize of job (KB)
...
006 (3447442.009.000) 01/30 17:25:18 Image size of job updated: 379788
	368  -  MemoryUsage of job (MB)
	376620  -  ResidentSetSize of job (KB)
...
006 (3447442.009.000) 01/30 17:30:18 Image size of job updated: 379816
	368  -  MemoryUsage of job (MB)
	376648  -  ResidentSetSize of job (KB)
...
006 (3447442.009.000) 01/30 17:35:18 Image size of job updated: 379884
	368  -  MemoryUsage of job (MB)
	376692  -  ResidentSetSize of job (KB)
...
006 (3447442.009.000) 01/30 17:40:20 Image size of job updated: 379948
	368  -  MemoryUsage of job (MB)
	376756  -  ResidentSetSize of job (KB)
...
006 (3447442.009.000) 01/30 17:45:20 Image size of job updated: 379976
	368  -  MemoryUsage of job (MB)
	376784  -  ResidentSetSize of job (KB)
...
006 (3447442.009.000) 01/30 17:50:20 Image size of job updated: 380028
	368  -  MemoryUsage of job (MB)
	376784  -  ResidentSetSize of job (KB)
...
006 (3447442.009.000) 01/30 17:55:21 Image size of job updated: 380100
	369  -  MemoryUsage of job (MB)
	376848  -  ResidentSetSize of job (KB)
...
006 (3447442.009.000) 01/30 18:05:22 Image size of job updated: 380260
	369  -  MemoryUsage of job (MB)
	377008  -  ResidentSetSize of job (KB)
...
006 (3447442.009.000) 01/30 18:10:23 Image size of job updated: 380284
	369  -  MemoryUsage of job (MB)
	377032  -  ResidentSetSize of job (KB)
...
006 (3447442.009.000) 01/30 18:15:24 Image size of job updated: 380344
	369  -  MemoryUsage of job (MB)
	377092  -  ResidentSetSize of job (KB)
...
006 (3447442.009.000) 01/30 18:20:24 Image size of job updated: 380364
	369  -  MemoryUsage of job (MB)
	377112  -  ResidentSetSize of job (KB)
...
006 (3447442.009.000) 01/30 18:25:25 Image size of job updated: 380416
	369  -  MemoryUsage of job (MB)
	377164  -  ResidentSetSize of job (KB)
...
006 (3447442.009.000) 01/30 18:30:26 Image size of job updated: 380440
	369  -  MemoryUsage of job (MB)
	377188  -  ResidentSetSize of job (KB)
...
006 (3447442.009.000) 01/30 18:35:26 Image size of job updated: 380492
	369  -  MemoryUsage of job (MB)
	377236  -  ResidentSetSize of job (KB)
...
006 (3447442.009.000) 01/30 18:40:27 Image size of job updated: 380544
	369  -  MemoryUsage of job (MB)
	377284  -  ResidentSetSize of job (KB)
...
006 (3447442.009.000) 01/30 18:45:28 Image size of job updated: 380612
	369  -  MemoryUsage of job (MB)
	377352  -  ResidentSetSize of job (KB)
...
006 (3447442.009.000) 01/30 18:50:28 Image size of job updated: 380656
	369  -  MemoryUsage of job (MB)
	377396  -  ResidentSetSize of job (KB)
...
006 (3447442.009.000) 01/30 18:55:29 Image size of job updated: 380696
	369  -  MemoryUsage of job (MB)
	377436  -  ResidentSetSize of job (KB)
...
006 (3447442.009.000) 01/30 19:00:30 Image size of job updated: 380732
	369  -  MemoryUsage of job (MB)
	377472  -  ResidentSetSize of job (KB)
...
006 (3447442.009.000) 01/30 19:05:30 Image size of job updated: 380796
	369  -  MemoryUsage of job (MB)
	377536  -  ResidentSetSize of job (KB)
...
006 (3447442.009.000) 01/30 19:10:30 Image size of job updated: 380804
	369  -  MemoryUsage of job (MB)
	377544  -  ResidentSetSize of job (KB)
...
006 (3447442.009.000) 01/30 19:15:30 Image size of job updated: 380844
	369  -  MemoryUsage of job (MB)
	377584  -  ResidentSetSize of job (KB)
...
006 (3447442.009.000) 01/30 19:20:30 Image size of job updated: 380896
	369  -  MemoryUsage of job (MB)
	377636  -  ResidentSetSize of job (KB)
...
006 (3447442.009.000) 01/30 19:25:31 Image size of job updated: 380920
	369  -  MemoryUsage of job (MB)
	377660  -  ResidentSetSize of job (KB)
...
006 (3447442.009.000) 01/30 19:30:31 Image size of job updated: 380940
	369  -  MemoryUsage of job (MB)
	377680  -  ResidentSetSize of job (KB)
...
006 (3447442.009.000) 01/30 19:35:32 Image size of job updated: 381024
	369  -  MemoryUsage of job (MB)
	377764  -  ResidentSetSize of job (KB)
...
006 (3447442.009.000) 01/30 19:40:32 Image size of job updated: 381088
	369  -  MemoryUsage of job (MB)
	377828  -  ResidentSetSize of job (KB)
...
006 (3447442.009.000) 01/30 19:45:32 Image size of job updated: 381184
	370  -  MemoryUsage of job (MB)
	377924  -  ResidentSetSize of job (KB)
...
006 (3447442.009.000) 01/30 19:50:33 Image size of job updated: 381184
	370  -  MemoryUsage of job (MB)
	377968  -  ResidentSetSize of job (KB)
...
006 (3447442.009.000) 01/30 19:55:33 Image size of job updated: 381184
	370  -  MemoryUsage of job (MB)
	378016  -  ResidentSetSize of job (KB)
...
006 (3447442.009.000) 01/30 20:00:34 Image size of job updated: 381184
	370  -  MemoryUsage of job (MB)
	378032  -  ResidentSetSize of job (KB)
...
006 (3447442.009.000) 01/30 20:05:35 Image size of job updated: 381184
	370  -  MemoryUsage of job (MB)
	378092  -  ResidentSetSize of job (KB)
...
006 (3447442.009.000) 01/30 20:10:35 Image size of job updated: 381184
	370  -  MemoryUsage of job (MB)
	378136  -  ResidentSetSize of job (KB)
...
006 (3447442.009.000) 01/30 20:15:36 Image size of job updated: 381184
	370  -  MemoryUsage of job (MB)
	378196  -  ResidentSetSize of job (KB)
...
006 (3447442.009.000) 01/30 20:20:37 Image size of job updated: 381184
	370  -  MemoryUsage of job (MB)
	378328  -  ResidentSetSize of job (KB)
...
006 (3447442.009.000) 01/30 20:25:37 Image size of job updated: 381184
	370  -  MemoryUsage of job (MB)
	378392  -  ResidentSetSize of job (KB)
...
006 (3447442.009.000) 01/30 20:30:37 Image size of job updated: 381184
	370  -  MemoryUsage of job (MB)
	378456  -  ResidentSetSize of job (KB)
...
006 (3447442.009.000) 01/30 20:35:38 Image size of job updated: 381184
	370  -  MemoryUsage of job (MB)
	378484  -  ResidentSetSize of job (KB)
...
006 (3447442.009.000) 01/30 20:40:39 Image size of job updated: 381184
	370  -  MemoryUsage of job (MB)
	378572  -  ResidentSetSize of job (KB)
...
006 (3447442.009.000) 01/30 20:45:39 Image size of job updated: 381184
	370  -  MemoryUsage of job (MB)
	378644  -  ResidentSetSize of job (KB)
...
006 (3447442.009.000) 01/30 20:50:40 Image size of job updated: 381184
	370  -  MemoryUsage of job (MB)
	378720  -  ResidentSetSize of job (KB)
...
006 (3447442.009.000) 01/30 20:55:41 Image size of job updated: 381184
	370  -  MemoryUsage of job (MB)
	378736  -  ResidentSetSize of job (KB)
...
006 (3447442.009.000) 01/30 21:00:41 Image size of job updated: 381184
	370  -  MemoryUsage of job (MB)
	378796  -  ResidentSetSize of job (KB)
...
006 (3447442.009.000) 01/30 21:05:41 Image size of job updated: 381184
	370  -  MemoryUsage of job (MB)
	378852  -  ResidentSetSize of job (KB)
...
006 (3447442.009.000) 01/30 21:10:42 Image size of job updated: 381184
	371  -  MemoryUsage of job (MB)
	378912  -  ResidentSetSize of job (KB)
...
006 (3447442.009.000) 01/30 21:15:42 Image size of job updated: 381184
	371  -  MemoryUsage of job (MB)
	378964  -  ResidentSetSize of job (KB)
...
006 (3447442.009.000) 01/30 21:20:42 Image size of job updated: 381184
	371  -  MemoryUsage of job (MB)
	379024  -  ResidentSetSize of job (KB)
...
006 (3447442.009.000) 01/30 21:25:43 Image size of job updated: 381184
	371  -  MemoryUsage of job (MB)
	379032  -  ResidentSetSize of job (KB)
...
006 (3447442.009.000) 01/30 21:30:44 Image size of job updated: 381184
	371  -  MemoryUsage of job (MB)
	379100  -  ResidentSetSize of job (KB)
...
006 (3447442.009.000) 01/30 21:35:44 Image size of job updated: 381184
	371  -  MemoryUsage of job (MB)
	379140  -  ResidentSetSize of job (KB)
...
006 (3447442.009.000) 01/30 21:40:45 Image size of job updated: 381184
	371  -  MemoryUsage of job (MB)
	379176  -  ResidentSetSize of job (KB)
...
006 (3447442.009.000) 01/30 21:45:46 Image size of job updated: 381184
	371  -  MemoryUsage of job (MB)
	379256  -  ResidentSetSize of job (KB)
...
006 (3447442.009.000) 01/30 21:50:46 Image size of job updated: 381184
	371  -  MemoryUsage of job (MB)
	379296  -  ResidentSetSize of job (KB)
...
006 (3447442.009.000) 01/30 21:55:46 Image size of job updated: 381184
	371  -  MemoryUsage of job (MB)
	379316  -  ResidentSetSize of job (KB)
...
006 (3447442.009.000) 01/30 22:00:47 Image size of job updated: 381184
	371  -  MemoryUsage of job (MB)
	379412  -  ResidentSetSize of job (KB)
...
006 (3447442.009.000) 01/30 22:05:48 Image size of job updated: 381184
	371  -  MemoryUsage of job (MB)
	379452  -  ResidentSetSize of job (KB)
...
006 (3447442.009.000) 01/30 22:10:48 Image size of job updated: 381184
	371  -  MemoryUsage of job (MB)
	379456  -  ResidentSetSize of job (KB)
...
006 (3447442.009.000) 01/30 22:15:49 Image size of job updated: 381184
	371  -  MemoryUsage of job (MB)
	379512  -  ResidentSetSize of job (KB)
...
006 (3447442.009.000) 01/30 22:20:50 Image size of job updated: 381184
	371  -  MemoryUsage of job (MB)
	379604  -  ResidentSetSize of job (KB)
...
006 (3447442.009.000) 01/30 22:25:50 Image size of job updated: 381184
	371  -  MemoryUsage of job (MB)
	379612  -  ResidentSetSize of job (KB)
...
006 (3447442.009.000) 01/30 22:30:50 Image size of job updated: 381184
	371  -  MemoryUsage of job (MB)
	379676  -  ResidentSetSize of job (KB)
...
006 (3447442.009.000) 01/30 22:35:51 Image size of job updated: 381184
	371  -  MemoryUsage of job (MB)
	379748  -  ResidentSetSize of job (KB)
...
006 (3447442.009.000) 01/30 22:40:52 Image size of job updated: 381184
	371  -  MemoryUsage of job (MB)
	379796  -  ResidentSetSize of job (KB)
...
006 (3447442.009.000) 01/30 22:45:52 Image size of job updated: 381184
	371  -  MemoryUsage of job (MB)
	379868  -  ResidentSetSize of job (KB)
...
006 (3447442.009.000) 01/30 22:50:53 Image size of job updated: 381184
	372  -  MemoryUsage of job (MB)
	379928  -  ResidentSetSize of job (KB)
...
006 (3447442.009.000) 01/30 22:55:54 Image size of job updated: 381184
	372  -  MemoryUsage of job (MB)
	379996  -  ResidentSetSize of job (KB)
...
006 (3447442.009.000) 01/30 23:00:54 Image size of job updated: 381184
	372  -  MemoryUsage of job (MB)
	380064  -  ResidentSetSize of job (KB)
...
006 (3447442.009.000) 01/30 23:05:54 Image size of job updated: 381184
	372  -  MemoryUsage of job (MB)
	380108  -  ResidentSetSize of job (KB)
...
006 (3447442.009.000) 01/30 23:10:55 Image size of job updated: 381196
	372  -  MemoryUsage of job (MB)
	380156  -  ResidentSetSize of job (KB)
...
006 (3447442.009.000) 01/30 23:15:56 Image size of job updated: 381260
	372  -  MemoryUsage of job (MB)
	380220  -  ResidentSetSize of job (KB)
...
006 (3447442.009.000) 01/30 23:20:56 Image size of job updated: 381284
	372  -  MemoryUsage of job (MB)
	380244  -  ResidentSetSize of job (KB)
...
006 (3447442.009.000) 01/30 23:25:56 Image size of job updated: 381372
	372  -  MemoryUsage of job (MB)
	380332  -  ResidentSetSize of job (KB)
...
006 (3447442.009.000) 01/30 23:30:57 Image size of job updated: 381668
	372  -  MemoryUsage of job (MB)
	380628  -  ResidentSetSize of job (KB)
...
006 (3447442.009.000) 01/30 23:35:58 Image size of job updated: 381744
	372  -  MemoryUsage of job (MB)
	380704  -  ResidentSetSize of job (KB)
...
006 (3447442.009.000) 01/30 23:40:58 Image size of job updated: 381764
	372  -  MemoryUsage of job (MB)
	380724  -  ResidentSetSize of job (KB)
...
006 (3447442.009.000) 01/31 00:16:03 Image size of job updated: 381812
	372  -  MemoryUsage of job (MB)
	380772  -  ResidentSetSize of job (KB)
...
006 (3447442.009.000) 01/31 00:21:03 Image size of job updated: 381880
	372  -  MemoryUsage of job (MB)
	380840  -  ResidentSetSize of job (KB)
...
006 (3447442.009.000) 01/31 00:26:04 Image size of job updated: 381880
	372  -  MemoryUsage of job (MB)
	380868  -  ResidentSetSize of job (KB)
...
006 (3447442.009.000) 01/31 00:31:05 Image size of job updated: 381880
	372  -  MemoryUsage of job (MB)
	380900  -  ResidentSetSize of job (KB)
...
006 (3447442.009.000) 01/31 00:41:06 Image size of job updated: 381900
	373  -  MemoryUsage of job (MB)
	381092  -  ResidentSetSize of job (KB)
...
006 (3447442.009.000) 01/31 00:46:07 Image size of job updated: 381924
	373  -  MemoryUsage of job (MB)
	381116  -  ResidentSetSize of job (KB)
...
006 (3447442.009.000) 01/31 00:56:07 Image size of job updated: 381948
	373  -  MemoryUsage of job (MB)
	381140  -  ResidentSetSize of job (KB)
...
006 (3447442.009.000) 01/31 01:01:08 Image size of job updated: 381988
	373  -  MemoryUsage of job (MB)
	381180  -  ResidentSetSize of job (KB)
...
006 (3447442.009.000) 01/31 01:06:08 Image size of job updated: 382000
	373  -  MemoryUsage of job (MB)
	381192  -  ResidentSetSize of job (KB)
...
006 (3447442.009.000) 01/31 01:11:08 Image size of job updated: 382028
	373  -  MemoryUsage of job (MB)
	381220  -  ResidentSetSize of job (KB)
...
006 (3447442.009.000) 01/31 01:16:09 Image size of job updated: 382064
	373  -  MemoryUsage of job (MB)
	381256  -  ResidentSetSize of job (KB)
...
006 (3447442.009.000) 01/31 01:26:10 Image size of job updated: 382092
	373  -  MemoryUsage of job (MB)
	381284  -  ResidentSetSize of job (KB)
...
006 (3447442.009.000) 01/31 01:36:11 Image size of job updated: 382116
	373  -  MemoryUsage of job (MB)
	381308  -  ResidentSetSize of job (KB)
...
006 (3447442.009.000) 01/31 01:46:12 Image size of job updated: 382144
	373  -  MemoryUsage of job (MB)
	381336  -  ResidentSetSize of job (KB)
...
006 (3447442.009.000) 01/31 01:51:12 Image size of job updated: 382148
	373  -  MemoryUsage of job (MB)
	381340  -  ResidentSetSize of job (KB)
...
006 (3447442.009.000) 01/31 01:56:13 Image size of job updated: 382160
	373  -  MemoryUsage of job (MB)
	381352  -  ResidentSetSize of job (KB)
...
006 (3447442.009.000) 01/31 02:01:14 Image size of job updated: 382172
	373  -  MemoryUsage of job (MB)
	381364  -  ResidentSetSize of job (KB)
...
006 (3447442.009.000) 01/31 02:21:16 Image size of job updated: 382192
	373  -  MemoryUsage of job (MB)
	381384  -  ResidentSetSize of job (KB)
...
006 (3447442.009.000) 01/31 02:36:17 Image size of job updated: 382208
	373  -  MemoryUsage of job (MB)
	381400  -  ResidentSetSize of job (KB)
...
006 (3447442.009.000) 01/31 02:46:18 Image size of job updated: 382232
	373  -  MemoryUsage of job (MB)
	381424  -  ResidentSetSize of job (KB)
...
006 (3447442.009.000) 01/31 02:51:18 Image size of job updated: 382248
	373  -  MemoryUsage of job (MB)
	381440  -  ResidentSetSize of job (KB)
...
006 (3447442.009.000) 01/31 03:01:19 Image size of job updated: 382260
	373  -  MemoryUsage of job (MB)
	381452  -  ResidentSetSize of job (KB)
...
006 (3447442.009.000) 01/31 03:06:20 Image size of job updated: 382296
	373  -  MemoryUsage of job (MB)
	381488  -  ResidentSetSize of job (KB)
...
006 (3447442.009.000) 01/31 03:11:20 Image size of job updated: 382300
	373  -  MemoryUsage of job (MB)
	381492  -  ResidentSetSize of job (KB)
...
006 (3447442.009.000) 01/31 03:16:20 Image size of job updated: 382312
	373  -  MemoryUsage of job (MB)
	381504  -  ResidentSetSize of job (KB)
...
006 (3447442.009.000) 01/31 03:31:22 Image size of job updated: 382324
	373  -  MemoryUsage of job (MB)
	381516  -  ResidentSetSize of job (KB)
...
006 (3447442.009.000) 01/31 03:36:22 Image size of job updated: 382340
	373  -  MemoryUsage of job (MB)
	381532  -  ResidentSetSize of job (KB)
...
006 (3447442.009.000) 01/31 03:41:23 Image size of job updated: 382344
	373  -  MemoryUsage of job (MB)
	381536  -  ResidentSetSize of job (KB)
...
006 (3447442.009.000) 01/31 03:51:25 Image size of job updated: 382364
	373  -  MemoryUsage of job (MB)
	381556  -  ResidentSetSize of job (KB)
...
006 (3447442.009.000) 01/31 03:56:25 Image size of job updated: 382372
	373  -  MemoryUsage of job (MB)
	381564  -  ResidentSetSize of job (KB)
...
006 (3447442.009.000) 01/31 04:01:25 Image size of job updated: 383276
	373  -  MemoryUsage of job (MB)
	381584  -  ResidentSetSize of job (KB)
...
006 (3447442.009.000) 01/31 04:06:26 Image size of job updated: 383368
	373  -  MemoryUsage of job (MB)
	381616  -  ResidentSetSize of job (KB)
...
006 (3447442.009.000) 01/31 04:16:28 Image size of job updated: 383380
	373  -  MemoryUsage of job (MB)
	381628  -  ResidentSetSize of job (KB)
...
006 (3447442.009.000) 01/31 04:26:29 Image size of job updated: 383432
	373  -  MemoryUsage of job (MB)
	381680  -  ResidentSetSize of job (KB)
...
006 (3447442.009.000) 01/31 04:31:30 Image size of job updated: 383432
	373  -  MemoryUsage of job (MB)
	381700  -  ResidentSetSize of job (KB)
...
006 (3447442.009.000) 01/31 05:01:33 Image size of job updated: 383440
	373  -  MemoryUsage of job (MB)
	381700  -  ResidentSetSize of job (KB)
...
006 (3447442.009.000) 01/31 05:06:34 Image size of job updated: 383460
	373  -  MemoryUsage of job (MB)
	381700  -  ResidentSetSize of job (KB)
...
006 (3447442.009.000) 01/31 05:21:35 Image size of job updated: 383496
	373  -  MemoryUsage of job (MB)
	381700  -  ResidentSetSize of job (KB)
...
006 (3447442.009.000) 01/31 05:26:36 Image size of job updated: 383500
	373  -  MemoryUsage of job (MB)
	381700  -  ResidentSetSize of job (KB)
...
006 (3447442.009.000) 01/31 05:36:37 Image size of job updated: 383560
	373  -  MemoryUsage of job (MB)
	381700  -  ResidentSetSize of job (KB)
...
006 (3447442.009.000) 01/31 05:41:38 Image size of job updated: 383604
	373  -  MemoryUsage of job (MB)
	381700  -  ResidentSetSize of job (KB)
...
006 (3447442.009.000) 01/31 06:01:40 Image size of job updated: 383608
	373  -  MemoryUsage of job (MB)
	381700  -  ResidentSetSize of job (KB)
...
006 (3447442.009.000) 01/31 06:06:40 Image size of job updated: 383724
	373  -  MemoryUsage of job (MB)
	381700  -  ResidentSetSize of job (KB)
...
006 (3447442.009.000) 01/31 06:16:41 Image size of job updated: 383748
	373  -  MemoryUsage of job (MB)
	381700  -  ResidentSetSize of job (KB)
...
006 (3447442.009.000) 01/31 06:21:42 Image size of job updated: 383768
	373  -  MemoryUsage of job (MB)
	381700  -  ResidentSetSize of job (KB)
...
006 (3447442.009.000) 01/31 06:26:42 Image size of job updated: 383788
	373  -  MemoryUsage of job (MB)
	381700  -  ResidentSetSize of job (KB)
...
006 (3447442.009.000) 01/31 06:31:42 Image size of job updated: 383836
	373  -  MemoryUsage of job (MB)
	381700  -  ResidentSetSize of job (KB)
...
006 (3447442.009.000) 01/31 06:41:44 Image size of job updated: 383852
	373  -  MemoryUsage of job (MB)
	381700  -  ResidentSetSize of job (KB)
...
006 (3447442.009.000) 01/31 06:46:44 Image size of job updated: 383880
	373  -  MemoryUsage of job (MB)
	381700  -  ResidentSetSize of job (KB)
...
006 (3447442.009.000) 01/31 06:51:45 Image size of job updated: 383888
	373  -  MemoryUsage of job (MB)
	381700  -  ResidentSetSize of job (KB)
...
006 (3447442.009.000) 01/31 06:56:46 Image size of job updated: 383916
	373  -  MemoryUsage of job (MB)
	381700  -  ResidentSetSize of job (KB)
...
006 (3447442.009.000) 01/31 07:01:46 Image size of job updated: 383948
	373  -  MemoryUsage of job (MB)
	381700  -  ResidentSetSize of job (KB)
...
006 (3447442.009.000) 01/31 07:11:47 Image size of job updated: 383968
	373  -  MemoryUsage of job (MB)
	381700  -  ResidentSetSize of job (KB)
...
006 (3447442.009.000) 01/31 07:21:48 Image size of job updated: 383992
	373  -  MemoryUsage of job (MB)
	381700  -  ResidentSetSize of job (KB)
...
006 (3447442.009.000) 01/31 07:31:50 Image size of job updated: 384000
	373  -  MemoryUsage of job (MB)
	381700  -  ResidentSetSize of job (KB)
...
006 (3447442.009.000) 01/31 07:41:50 Image size of job updated: 384048
	373  -  MemoryUsage of job (MB)
	381700  -  ResidentSetSize of job (KB)
...
006 (3447442.009.000) 01/31 07:46:51 Image size of job updated: 384052
	373  -  MemoryUsage of job (MB)
	381700  -  ResidentSetSize of job (KB)
...
006 (3447442.009.000) 01/31 07:51:52 Image size of job updated: 384060
	373  -  MemoryUsage of job (MB)
	381700  -  ResidentSetSize of job (KB)
...
006 (3447442.009.000) 01/31 08:16:55 Image size of job updated: 384076
	373  -  MemoryUsage of job (MB)
	381700  -  ResidentSetSize of job (KB)
...
006 (3447442.009.000) 01/31 08:26:56 Image size of job updated: 384104
	373  -  MemoryUsage of job (MB)
	381700  -  ResidentSetSize of job (KB)
...
006 (3447442.009.000) 01/31 08:36:58 Image size of job updated: 384108
	373  -  MemoryUsage of job (MB)
	381700  -  ResidentSetSize of job (KB)
...
006 (3447442.009.000) 01/31 08:51:59 Image size of job updated: 384132
	373  -  MemoryUsage of job (MB)
	381700  -  ResidentSetSize of job (KB)
...
006 (3447442.009.000) 01/31 08:56:59 Image size of job updated: 384156
	373  -  MemoryUsage of job (MB)
	381700  -  ResidentSetSize of job (KB)
...
006 (3447442.009.000) 01/31 09:01:59 Image size of job updated: 384164
	373  -  MemoryUsage of job (MB)
	381700  -  ResidentSetSize of job (KB)
...
006 (3447442.009.000) 01/31 09:11:04 Image size of job updated: 384196
	373  -  MemoryUsage of job (MB)
	381700  -  ResidentSetSize of job (KB)
...
006 (3447442.009.000) 01/31 09:23:16 Image size of job updated: 384252
	373  -  MemoryUsage of job (MB)
	381700  -  ResidentSetSize of job (KB)
...
006 (3447442.009.000) 01/31 09:33:01 Image size of job updated: 384324
	373  -  MemoryUsage of job (MB)
	381700  -  ResidentSetSize of job (KB)
...
006 (3447442.009.000) 01/31 09:38:53 Image size of job updated: 384336
	373  -  MemoryUsage of job (MB)
	381700  -  ResidentSetSize of job (KB)
...
006 (3447442.009.000) 01/31 09:58:55 Image size of job updated: 384340
	373  -  MemoryUsage of job (MB)
	381700  -  ResidentSetSize of job (KB)
...
006 (3447442.009.000) 01/31 10:03:55 Image size of job updated: 384344
	373  -  MemoryUsage of job (MB)
	381700  -  ResidentSetSize of job (KB)
...
006 (3447442.009.000) 01/31 10:08:56 Image size of job updated: 384412
	373  -  MemoryUsage of job (MB)
	381700  -  ResidentSetSize of job (KB)
...
006 (3447442.009.000) 01/31 10:13:57 Image size of job updated: 384416
	373  -  MemoryUsage of job (MB)
	381700  -  ResidentSetSize of job (KB)
...
006 (3447442.009.000) 01/31 10:18:57 Image size of job updated: 384420
	373  -  MemoryUsage of job (MB)
	381700  -  ResidentSetSize of job (KB)
...
006 (3447442.009.000) 01/31 10:33:59 Image size of job updated: 384448
	373  -  MemoryUsage of job (MB)
	381700  -  ResidentSetSize of job (KB)
...
006 (3447442.009.000) 01/31 10:39:00 Image size of job updated: 384464
	373  -  MemoryUsage of job (MB)
	381700  -  ResidentSetSize of job (KB)
...
006 (3447442.009.000) 01/31 10:44:01 Image size of job updated: 384512
	373  -  MemoryUsage of job (MB)
	381700  -  ResidentSetSize of job (KB)
...
006 (3447442.009.000) 01/31 10:49:01 Image size of job updated: 384524
	373  -  MemoryUsage of job (MB)
	381700  -  ResidentSetSize of job (KB)
...
006 (3447442.009.000) 01/31 10:54:01 Image size of job updated: 384528
	373  -  MemoryUsage of job (MB)
	381700  -  ResidentSetSize of job (KB)
...
006 (3447442.009.000) 01/31 11:04:02 Image size of job updated: 384560
	373  -  MemoryUsage of job (MB)
	381700  -  ResidentSetSize of job (KB)
...
006 (3447442.009.000) 01/31 11:09:02 Image size of job updated: 384564
	373  -  MemoryUsage of job (MB)
	381700  -  ResidentSetSize of job (KB)
...
006 (3447442.009.000) 01/31 11:19:04 Image size of job updated: 384580
	373  -  MemoryUsage of job (MB)
	381700  -  ResidentSetSize of job (KB)
...
006 (3447442.009.000) 01/31 11:24:04 Image size of job updated: 384592
	373  -  MemoryUsage of job (MB)
	381700  -  ResidentSetSize of job (KB)
...
006 (3447442.009.000) 01/31 11:34:06 Image size of job updated: 384612
	373  -  MemoryUsage of job (MB)
	381700  -  ResidentSetSize of job (KB)
...
006 (3447442.009.000) 01/31 11:39:06 Image size of job updated: 384624
	373  -  MemoryUsage of job (MB)
	381700  -  ResidentSetSize of job (KB)
...
006 (3447442.009.000) 01/31 11:44:07 Image size of job updated: 384648
	373  -  MemoryUsage of job (MB)
	381700  -  ResidentSetSize of job (KB)
...
006 (3447442.009.000) 01/31 15:29:30 Image size of job updated: 384652
	373  -  MemoryUsage of job (MB)
	381700  -  ResidentSetSize of job (KB)
...
006 (3447442.009.000) 01/31 15:54:32 Image size of job updated: 384668
	373  -  MemoryUsage of job (MB)
	381700  -  ResidentSetSize of job (KB)
...
006 (3447442.009.000) 01/31 15:59:33 Image size of job updated: 384692
	373  -  MemoryUsage of job (MB)
	381700  -  ResidentSetSize of job (KB)
...
006 (3447442.009.000) 01/31 16:04:34 Image size of job updated: 384724
	373  -  MemoryUsage of job (MB)
	381700  -  ResidentSetSize of job (KB)
...
006 (3447442.009.000) 01/31 16:09:34 Image size of job updated: 384748
	373  -  MemoryUsage of job (MB)
	381700  -  ResidentSetSize of job (KB)
...
006 (3447442.009.000) 01/31 16:14:35 Image size of job updated: 384756
	373  -  MemoryUsage of job (MB)
	381700  -  ResidentSetSize of job (KB)
...
006 (3447442.009.000) 01/31 16:24:36 Image size of job updated: 384768
	373  -  MemoryUsage of job (MB)
	381700  -  ResidentSetSize of job (KB)
...
006 (3447442.009.000) 01/31 16:29:37 Image size of job updated: 384780
	373  -  MemoryUsage of job (MB)
	381700  -  ResidentSetSize of job (KB)
...
006 (3447442.009.000) 01/31 16:34:38 Image size of job updated: 384804
	373  -  MemoryUsage of job (MB)
	381700  -  ResidentSetSize of job (KB)
...
006 (3447442.009.000) 01/31 16:44:39 Image size of job updated: 385244
	373  -  MemoryUsage of job (MB)
	381700  -  ResidentSetSize of job (KB)
...
006 (3447442.009.000) 01/31 16:54:40 Image size of job updated: 385616
	373  -  MemoryUsage of job (MB)
	381700  -  ResidentSetSize of job (KB)
...
006 (3447442.009.000) 01/31 17:09:42 Image size of job updated: 385864
	373  -  MemoryUsage of job (MB)
	381700  -  ResidentSetSize of job (KB)
...
006 (3447442.009.000) 01/31 17:21:13 Image size of job updated: 385872
	373  -  MemoryUsage of job (MB)
	381700  -  ResidentSetSize of job (KB)
...
007 (3447442.009.000) 01/31 17:21:13 Shadow exception!
	Assertion ERROR on (result)
	0  -  Run Bytes Sent By Job
	493  -  Run Bytes Received By Job
...
040 (3447442.009.000) 02/01 07:54:28 Started transferring input files
	Transferring to host: <128.142.65.55:9618?addrs=128.142.65.55-9618+[2001-1458-301-4c--100-1cf]-9618&noUDP&sock=14377_a5a2_12207>
...
040 (3447442.009.000) 02/01 07:54:28 Finished transferring input files
...
001 (3447442.009.000) 02/01 07:54:29 Job executing on host: <128.142.65.55:9618?addrs=128.142.65.55-9618+[2001-1458-301-4c--100-1cf]-9618&noUDP&sock=14171_b4ae_3>
...
040 (3447442.009.000) 02/01 07:54:53 Started transferring output files
...
040 (3447442.009.000) 02/01 07:54:53 Finished transferring output files
...
005 (3447442.009.000) 02/01 07:54:53 Job terminated.
	(1) Normal termination (return value 0)
		Usr 0 00:00:06, Sys 0 00:00:04  -  Run Remote Usage
		Usr 0 00:00:00, Sys 0 00:00:00  -  Run Local Usage
		Usr 0 00:00:06, Sys 0 00:00:04  -  Total Remote Usage
		Usr 0 00:00:00, Sys 0 00:00:00  -  Total Local Usage
	9715  -  Run Bytes Sent By Job
	493  -  Run Bytes Received By Job
	9715  -  Total Bytes Sent By Job
	986  -  Total Bytes Received By Job
	Partitionable Resources :    Usage  Request Allocated 
	   Cpus                 :                 1           
	   Disk (KB)            :       24       40   2919936 
	   Memory (MB)          :      391     2000      2000 
...
