000 (3444396.008.000) 01/29 18:50:48 Job submitted from host: <188.185.71.142:9618?addrs=188.185.71.142-9618+[2001-1458-d00-7--100-388]-9618&alias=bigbird09.cern.ch&noUDP&sock=schedd_2208_1533_7>
...
040 (3444396.008.000) 01/29 20:53:56 Started transferring input files
	Transferring to host: <188.184.211.88:9618?addrs=188.184.211.88-9618+[2001-1458-301-10b--100-158]-9618&noUDP&sock=20446_ce79_199245>
...
040 (3444396.008.000) 01/29 20:53:56 Finished transferring input files
...
001 (3444396.008.000) 01/29 20:53:57 Job executing on host: <188.184.211.88:9618?addrs=188.184.211.88-9618+[2001-1458-301-10b--100-158]-9618&noUDP&sock=20315_fa8f_3>
...
006 (3444396.008.000) 01/29 20:54:05 Image size of job updated: 5248
	4  -  MemoryUsage of job (MB)
	4052  -  ResidentSetSize of job (KB)
...
006 (3444396.008.000) 01/29 20:59:05 Image size of job updated: 439228
	356  -  MemoryUsage of job (MB)
	364320  -  ResidentSetSize of job (KB)
...
006 (3444396.008.000) 01/29 22:04:12 Image size of job updated: 439228
	356  -  MemoryUsage of job (MB)
	364332  -  ResidentSetSize of job (KB)
...
006 (3444396.008.000) 01/29 22:09:13 Image size of job updated: 439228
	356  -  MemoryUsage of job (MB)
	364360  -  ResidentSetSize of job (KB)
...
006 (3444396.008.000) 01/30 01:14:32 Image size of job updated: 439228
	356  -  MemoryUsage of job (MB)
	364400  -  ResidentSetSize of job (KB)
...
006 (3444396.008.000) 01/30 01:39:35 Image size of job updated: 439228
	356  -  MemoryUsage of job (MB)
	364500  -  ResidentSetSize of job (KB)
...
006 (3444396.008.000) 01/30 01:44:36 Image size of job updated: 439228
	356  -  MemoryUsage of job (MB)
	364520  -  ResidentSetSize of job (KB)
...
006 (3444396.008.000) 01/30 01:49:36 Image size of job updated: 439228
	357  -  MemoryUsage of job (MB)
	364580  -  ResidentSetSize of job (KB)
...
006 (3444396.008.000) 01/30 01:54:37 Image size of job updated: 439228
	357  -  MemoryUsage of job (MB)
	364612  -  ResidentSetSize of job (KB)
...
006 (3444396.008.000) 01/30 01:59:38 Image size of job updated: 439228
	357  -  MemoryUsage of job (MB)
	364636  -  ResidentSetSize of job (KB)
...
006 (3444396.008.000) 01/30 02:04:38 Image size of job updated: 439228
	357  -  MemoryUsage of job (MB)
	364668  -  ResidentSetSize of job (KB)
...
006 (3444396.008.000) 01/30 02:44:41 Image size of job updated: 439228
	357  -  MemoryUsage of job (MB)
	364728  -  ResidentSetSize of job (KB)
...
006 (3444396.008.000) 01/30 02:49:41 Image size of job updated: 439228
	357  -  MemoryUsage of job (MB)
	364740  -  ResidentSetSize of job (KB)
...
006 (3444396.008.000) 01/30 02:54:41 Image size of job updated: 439228
	357  -  MemoryUsage of job (MB)
	364868  -  ResidentSetSize of job (KB)
...
006 (3444396.008.000) 01/30 02:59:42 Image size of job updated: 439228
	357  -  MemoryUsage of job (MB)
	365008  -  ResidentSetSize of job (KB)
...
006 (3444396.008.000) 01/30 03:04:43 Image size of job updated: 439228
	357  -  MemoryUsage of job (MB)
	365076  -  ResidentSetSize of job (KB)
...
006 (3444396.008.000) 01/30 03:09:43 Image size of job updated: 439228
	357  -  MemoryUsage of job (MB)
	365144  -  ResidentSetSize of job (KB)
...
006 (3444396.008.000) 01/30 03:14:44 Image size of job updated: 439228
	357  -  MemoryUsage of job (MB)
	365260  -  ResidentSetSize of job (KB)
...
006 (3444396.008.000) 01/30 03:19:45 Image size of job updated: 439228
	357  -  MemoryUsage of job (MB)
	365348  -  ResidentSetSize of job (KB)
...
006 (3444396.008.000) 01/30 03:24:45 Image size of job updated: 439228
	357  -  MemoryUsage of job (MB)
	365488  -  ResidentSetSize of job (KB)
...
006 (3444396.008.000) 01/30 03:29:46 Image size of job updated: 439228
	357  -  MemoryUsage of job (MB)
	365528  -  ResidentSetSize of job (KB)
...
006 (3444396.008.000) 01/30 03:34:47 Image size of job updated: 439228
	358  -  MemoryUsage of job (MB)
	365616  -  ResidentSetSize of job (KB)
...
006 (3444396.008.000) 01/30 03:39:47 Image size of job updated: 439228
	358  -  MemoryUsage of job (MB)
	365700  -  ResidentSetSize of job (KB)
...
006 (3444396.008.000) 01/30 03:44:48 Image size of job updated: 439228
	358  -  MemoryUsage of job (MB)
	365752  -  ResidentSetSize of job (KB)
...
006 (3444396.008.000) 01/30 03:49:49 Image size of job updated: 439228
	358  -  MemoryUsage of job (MB)
	365884  -  ResidentSetSize of job (KB)
...
006 (3444396.008.000) 01/30 03:54:49 Image size of job updated: 439228
	358  -  MemoryUsage of job (MB)
	365892  -  ResidentSetSize of job (KB)
...
006 (3444396.008.000) 01/30 03:59:50 Image size of job updated: 439228
	358  -  MemoryUsage of job (MB)
	366060  -  ResidentSetSize of job (KB)
...
006 (3444396.008.000) 01/30 04:04:51 Image size of job updated: 439228
	358  -  MemoryUsage of job (MB)
	366088  -  ResidentSetSize of job (KB)
...
006 (3444396.008.000) 01/30 04:09:51 Image size of job updated: 439228
	358  -  MemoryUsage of job (MB)
	366100  -  ResidentSetSize of job (KB)
...
006 (3444396.008.000) 01/30 04:14:52 Image size of job updated: 439228
	358  -  MemoryUsage of job (MB)
	366216  -  ResidentSetSize of job (KB)
...
006 (3444396.008.000) 01/30 04:19:53 Image size of job updated: 439228
	358  -  MemoryUsage of job (MB)
	366252  -  ResidentSetSize of job (KB)
...
006 (3444396.008.000) 01/30 04:24:53 Image size of job updated: 439228
	358  -  MemoryUsage of job (MB)
	366356  -  ResidentSetSize of job (KB)
...
006 (3444396.008.000) 01/30 04:29:54 Image size of job updated: 439228
	358  -  MemoryUsage of job (MB)
	366444  -  ResidentSetSize of job (KB)
...
006 (3444396.008.000) 01/30 04:34:55 Image size of job updated: 439228
	358  -  MemoryUsage of job (MB)
	366512  -  ResidentSetSize of job (KB)
...
006 (3444396.008.000) 01/30 04:39:55 Image size of job updated: 439228
	358  -  MemoryUsage of job (MB)
	366580  -  ResidentSetSize of job (KB)
...
006 (3444396.008.000) 01/30 04:44:55 Image size of job updated: 439228
	359  -  MemoryUsage of job (MB)
	366624  -  ResidentSetSize of job (KB)
...
006 (3444396.008.000) 01/30 04:49:56 Image size of job updated: 439228
	359  -  MemoryUsage of job (MB)
	366724  -  ResidentSetSize of job (KB)
...
006 (3444396.008.000) 01/30 04:54:56 Image size of job updated: 439228
	359  -  MemoryUsage of job (MB)
	366856  -  ResidentSetSize of job (KB)
...
006 (3444396.008.000) 01/30 04:59:56 Image size of job updated: 439228
	359  -  MemoryUsage of job (MB)
	366888  -  ResidentSetSize of job (KB)
...
006 (3444396.008.000) 01/30 05:04:57 Image size of job updated: 439228
	359  -  MemoryUsage of job (MB)
	367004  -  ResidentSetSize of job (KB)
...
006 (3444396.008.000) 01/30 05:09:57 Image size of job updated: 439228
	359  -  MemoryUsage of job (MB)
	367068  -  ResidentSetSize of job (KB)
...
006 (3444396.008.000) 01/30 05:14:57 Image size of job updated: 439228
	359  -  MemoryUsage of job (MB)
	367164  -  ResidentSetSize of job (KB)
...
006 (3444396.008.000) 01/30 05:19:59 Image size of job updated: 439228
	359  -  MemoryUsage of job (MB)
	367200  -  ResidentSetSize of job (KB)
...
006 (3444396.008.000) 01/30 05:24:59 Image size of job updated: 439228
	359  -  MemoryUsage of job (MB)
	367276  -  ResidentSetSize of job (KB)
...
006 (3444396.008.000) 01/30 05:29:59 Image size of job updated: 439228
	359  -  MemoryUsage of job (MB)
	367320  -  ResidentSetSize of job (KB)
...
006 (3444396.008.000) 01/30 05:35:00 Image size of job updated: 439228
	359  -  MemoryUsage of job (MB)
	367372  -  ResidentSetSize of job (KB)
...
006 (3444396.008.000) 01/30 05:40:01 Image size of job updated: 439228
	359  -  MemoryUsage of job (MB)
	367468  -  ResidentSetSize of job (KB)
...
006 (3444396.008.000) 01/30 05:45:01 Image size of job updated: 439228
	359  -  MemoryUsage of job (MB)
	367524  -  ResidentSetSize of job (KB)
...
006 (3444396.008.000) 01/30 05:50:02 Image size of job updated: 439228
	360  -  MemoryUsage of job (MB)
	367628  -  ResidentSetSize of job (KB)
...
006 (3444396.008.000) 01/30 05:55:03 Image size of job updated: 439228
	360  -  MemoryUsage of job (MB)
	367648  -  ResidentSetSize of job (KB)
...
006 (3444396.008.000) 01/30 06:00:03 Image size of job updated: 439228
	360  -  MemoryUsage of job (MB)
	367708  -  ResidentSetSize of job (KB)
...
006 (3444396.008.000) 01/30 06:05:04 Image size of job updated: 439228
	360  -  MemoryUsage of job (MB)
	367716  -  ResidentSetSize of job (KB)
...
006 (3444396.008.000) 01/30 06:10:05 Image size of job updated: 439228
	360  -  MemoryUsage of job (MB)
	367872  -  ResidentSetSize of job (KB)
...
006 (3444396.008.000) 01/30 06:15:05 Image size of job updated: 439228
	360  -  MemoryUsage of job (MB)
	367960  -  ResidentSetSize of job (KB)
...
006 (3444396.008.000) 01/30 06:20:05 Image size of job updated: 439228
	360  -  MemoryUsage of job (MB)
	368100  -  ResidentSetSize of job (KB)
...
006 (3444396.008.000) 01/30 06:25:06 Image size of job updated: 439228
	360  -  MemoryUsage of job (MB)
	368176  -  ResidentSetSize of job (KB)
...
006 (3444396.008.000) 01/30 06:30:06 Image size of job updated: 439228
	360  -  MemoryUsage of job (MB)
	368276  -  ResidentSetSize of job (KB)
...
006 (3444396.008.000) 01/30 06:35:06 Image size of job updated: 439228
	360  -  MemoryUsage of job (MB)
	368532  -  ResidentSetSize of job (KB)
...
006 (3444396.008.000) 01/30 06:40:07 Image size of job updated: 439228
	361  -  MemoryUsage of job (MB)
	369436  -  ResidentSetSize of job (KB)
...
006 (3444396.008.000) 01/30 06:45:07 Image size of job updated: 439228
	362  -  MemoryUsage of job (MB)
	370664  -  ResidentSetSize of job (KB)
...
006 (3444396.008.000) 01/30 06:50:07 Image size of job updated: 439228
	362  -  MemoryUsage of job (MB)
	370688  -  ResidentSetSize of job (KB)
...
006 (3444396.008.000) 01/30 06:55:08 Image size of job updated: 439228
	363  -  MemoryUsage of job (MB)
	370716  -  ResidentSetSize of job (KB)
...
006 (3444396.008.000) 01/30 07:00:08 Image size of job updated: 439228
	363  -  MemoryUsage of job (MB)
	370848  -  ResidentSetSize of job (KB)
...
006 (3444396.008.000) 01/30 07:05:08 Image size of job updated: 439228
	363  -  MemoryUsage of job (MB)
	370928  -  ResidentSetSize of job (KB)
...
006 (3444396.008.000) 01/30 07:10:10 Image size of job updated: 439228
	363  -  MemoryUsage of job (MB)
	370940  -  ResidentSetSize of job (KB)
...
006 (3444396.008.000) 01/30 07:15:10 Image size of job updated: 439228
	363  -  MemoryUsage of job (MB)
	370964  -  ResidentSetSize of job (KB)
...
006 (3444396.008.000) 01/30 07:20:10 Image size of job updated: 439228
	363  -  MemoryUsage of job (MB)
	371024  -  ResidentSetSize of job (KB)
...
006 (3444396.008.000) 01/30 07:30:11 Image size of job updated: 439228
	363  -  MemoryUsage of job (MB)
	371108  -  ResidentSetSize of job (KB)
...
006 (3444396.008.000) 01/30 07:35:11 Image size of job updated: 439228
	363  -  MemoryUsage of job (MB)
	371156  -  ResidentSetSize of job (KB)
...
006 (3444396.008.000) 01/30 07:40:13 Image size of job updated: 439228
	363  -  MemoryUsage of job (MB)
	371200  -  ResidentSetSize of job (KB)
...
006 (3444396.008.000) 01/30 07:45:13 Image size of job updated: 439228
	363  -  MemoryUsage of job (MB)
	371248  -  ResidentSetSize of job (KB)
...
006 (3444396.008.000) 01/30 07:50:13 Image size of job updated: 439228
	363  -  MemoryUsage of job (MB)
	371336  -  ResidentSetSize of job (KB)
...
006 (3444396.008.000) 01/30 07:55:15 Image size of job updated: 439228
	363  -  MemoryUsage of job (MB)
	371388  -  ResidentSetSize of job (KB)
...
006 (3444396.008.000) 01/30 08:00:15 Image size of job updated: 439228
	363  -  MemoryUsage of job (MB)
	371392  -  ResidentSetSize of job (KB)
...
006 (3444396.008.000) 01/30 08:05:15 Image size of job updated: 439228
	363  -  MemoryUsage of job (MB)
	371444  -  ResidentSetSize of job (KB)
...
006 (3444396.008.000) 01/30 08:10:16 Image size of job updated: 439228
	363  -  MemoryUsage of job (MB)
	371516  -  ResidentSetSize of job (KB)
...
006 (3444396.008.000) 01/30 08:15:17 Image size of job updated: 439228
	363  -  MemoryUsage of job (MB)
	371592  -  ResidentSetSize of job (KB)
...
006 (3444396.008.000) 01/30 08:20:17 Image size of job updated: 439228
	363  -  MemoryUsage of job (MB)
	371664  -  ResidentSetSize of job (KB)
...
006 (3444396.008.000) 01/30 08:25:18 Image size of job updated: 439228
	364  -  MemoryUsage of job (MB)
	371728  -  ResidentSetSize of job (KB)
...
006 (3444396.008.000) 01/30 08:30:19 Image size of job updated: 439228
	364  -  MemoryUsage of job (MB)
	371748  -  ResidentSetSize of job (KB)
...
006 (3444396.008.000) 01/30 08:35:19 Image size of job updated: 439228
	364  -  MemoryUsage of job (MB)
	371792  -  ResidentSetSize of job (KB)
...
006 (3444396.008.000) 01/30 08:40:19 Image size of job updated: 439228
	364  -  MemoryUsage of job (MB)
	371864  -  ResidentSetSize of job (KB)
...
006 (3444396.008.000) 01/30 08:45:20 Image size of job updated: 439228
	364  -  MemoryUsage of job (MB)
	371872  -  ResidentSetSize of job (KB)
...
006 (3444396.008.000) 01/30 08:50:20 Image size of job updated: 439228
	364  -  MemoryUsage of job (MB)
	371916  -  ResidentSetSize of job (KB)
...
006 (3444396.008.000) 01/30 08:55:20 Image size of job updated: 439228
	364  -  MemoryUsage of job (MB)
	371952  -  ResidentSetSize of job (KB)
...
006 (3444396.008.000) 01/30 09:00:21 Image size of job updated: 439228
	364  -  MemoryUsage of job (MB)
	372004  -  ResidentSetSize of job (KB)
...
006 (3444396.008.000) 01/30 09:05:22 Image size of job updated: 439228
	364  -  MemoryUsage of job (MB)
	372008  -  ResidentSetSize of job (KB)
...
006 (3444396.008.000) 01/30 09:10:22 Image size of job updated: 439228
	364  -  MemoryUsage of job (MB)
	372088  -  ResidentSetSize of job (KB)
...
006 (3444396.008.000) 01/30 09:15:23 Image size of job updated: 439228
	364  -  MemoryUsage of job (MB)
	372128  -  ResidentSetSize of job (KB)
...
006 (3444396.008.000) 01/30 09:20:24 Image size of job updated: 439228
	364  -  MemoryUsage of job (MB)
	372164  -  ResidentSetSize of job (KB)
...
006 (3444396.008.000) 01/30 09:25:24 Image size of job updated: 439228
	364  -  MemoryUsage of job (MB)
	372188  -  ResidentSetSize of job (KB)
...
006 (3444396.008.000) 01/30 09:30:25 Image size of job updated: 439228
	364  -  MemoryUsage of job (MB)
	372244  -  ResidentSetSize of job (KB)
...
006 (3444396.008.000) 01/30 09:35:26 Image size of job updated: 439228
	364  -  MemoryUsage of job (MB)
	372312  -  ResidentSetSize of job (KB)
...
006 (3444396.008.000) 01/30 09:40:26 Image size of job updated: 439228
	364  -  MemoryUsage of job (MB)
	372376  -  ResidentSetSize of job (KB)
...
006 (3444396.008.000) 01/30 09:45:26 Image size of job updated: 439228
	364  -  MemoryUsage of job (MB)
	372400  -  ResidentSetSize of job (KB)
...
006 (3444396.008.000) 01/30 09:50:27 Image size of job updated: 439228
	364  -  MemoryUsage of job (MB)
	372416  -  ResidentSetSize of job (KB)
...
006 (3444396.008.000) 01/30 09:55:27 Image size of job updated: 439228
	364  -  MemoryUsage of job (MB)
	372556  -  ResidentSetSize of job (KB)
...
006 (3444396.008.000) 01/30 10:00:27 Image size of job updated: 439228
	364  -  MemoryUsage of job (MB)
	372596  -  ResidentSetSize of job (KB)
...
006 (3444396.008.000) 01/30 10:05:28 Image size of job updated: 439228
	364  -  MemoryUsage of job (MB)
	372632  -  ResidentSetSize of job (KB)
...
006 (3444396.008.000) 01/30 10:10:29 Image size of job updated: 439228
	364  -  MemoryUsage of job (MB)
	372684  -  ResidentSetSize of job (KB)
...
006 (3444396.008.000) 01/30 10:15:29 Image size of job updated: 439228
	365  -  MemoryUsage of job (MB)
	372752  -  ResidentSetSize of job (KB)
...
006 (3444396.008.000) 01/30 10:20:30 Image size of job updated: 439228
	365  -  MemoryUsage of job (MB)
	372848  -  ResidentSetSize of job (KB)
...
006 (3444396.008.000) 01/30 10:25:31 Image size of job updated: 439228
	365  -  MemoryUsage of job (MB)
	372860  -  ResidentSetSize of job (KB)
...
006 (3444396.008.000) 01/30 10:30:31 Image size of job updated: 439228
	365  -  MemoryUsage of job (MB)
	372876  -  ResidentSetSize of job (KB)
...
006 (3444396.008.000) 01/30 10:35:32 Image size of job updated: 439228
	365  -  MemoryUsage of job (MB)
	372932  -  ResidentSetSize of job (KB)
...
006 (3444396.008.000) 01/30 10:40:33 Image size of job updated: 439228
	365  -  MemoryUsage of job (MB)
	373040  -  ResidentSetSize of job (KB)
...
006 (3444396.008.000) 01/30 10:45:33 Image size of job updated: 439228
	365  -  MemoryUsage of job (MB)
	373108  -  ResidentSetSize of job (KB)
...
006 (3444396.008.000) 01/30 10:50:33 Image size of job updated: 439228
	365  -  MemoryUsage of job (MB)
	373180  -  ResidentSetSize of job (KB)
...
006 (3444396.008.000) 01/30 10:55:34 Image size of job updated: 439228
	365  -  MemoryUsage of job (MB)
	373208  -  ResidentSetSize of job (KB)
...
006 (3444396.008.000) 01/30 11:00:34 Image size of job updated: 439228
	365  -  MemoryUsage of job (MB)
	373236  -  ResidentSetSize of job (KB)
...
006 (3444396.008.000) 01/30 11:05:34 Image size of job updated: 439228
	365  -  MemoryUsage of job (MB)
	373296  -  ResidentSetSize of job (KB)
...
006 (3444396.008.000) 01/30 11:10:35 Image size of job updated: 439228
	365  -  MemoryUsage of job (MB)
	373344  -  ResidentSetSize of job (KB)
...
006 (3444396.008.000) 01/30 11:15:36 Image size of job updated: 439228
	365  -  MemoryUsage of job (MB)
	373384  -  ResidentSetSize of job (KB)
...
006 (3444396.008.000) 01/30 11:20:36 Image size of job updated: 439228
	365  -  MemoryUsage of job (MB)
	373452  -  ResidentSetSize of job (KB)
...
006 (3444396.008.000) 01/30 11:25:36 Image size of job updated: 439228
	365  -  MemoryUsage of job (MB)
	373516  -  ResidentSetSize of job (KB)
...
006 (3444396.008.000) 01/30 11:30:37 Image size of job updated: 439228
	365  -  MemoryUsage of job (MB)
	373592  -  ResidentSetSize of job (KB)
...
006 (3444396.008.000) 01/30 11:35:37 Image size of job updated: 439228
	365  -  MemoryUsage of job (MB)
	373652  -  ResidentSetSize of job (KB)
...
006 (3444396.008.000) 01/30 11:40:37 Image size of job updated: 439228
	365  -  MemoryUsage of job (MB)
	373684  -  ResidentSetSize of job (KB)
...
006 (3444396.008.000) 01/30 11:45:38 Image size of job updated: 439228
	365  -  MemoryUsage of job (MB)
	373756  -  ResidentSetSize of job (KB)
...
006 (3444396.008.000) 01/30 11:50:39 Image size of job updated: 439228
	366  -  MemoryUsage of job (MB)
	373840  -  ResidentSetSize of job (KB)
...
006 (3444396.008.000) 01/30 11:55:39 Image size of job updated: 439228
	366  -  MemoryUsage of job (MB)
	373936  -  ResidentSetSize of job (KB)
...
006 (3444396.008.000) 01/30 12:00:39 Image size of job updated: 439228
	366  -  MemoryUsage of job (MB)
	374072  -  ResidentSetSize of job (KB)
...
006 (3444396.008.000) 01/30 12:05:40 Image size of job updated: 439228
	366  -  MemoryUsage of job (MB)
	374152  -  ResidentSetSize of job (KB)
...
006 (3444396.008.000) 01/30 12:10:41 Image size of job updated: 439228
	366  -  MemoryUsage of job (MB)
	374176  -  ResidentSetSize of job (KB)
...
006 (3444396.008.000) 01/30 12:15:41 Image size of job updated: 439228
	366  -  MemoryUsage of job (MB)
	374256  -  ResidentSetSize of job (KB)
...
006 (3444396.008.000) 01/30 12:20:41 Image size of job updated: 439228
	366  -  MemoryUsage of job (MB)
	374352  -  ResidentSetSize of job (KB)
...
006 (3444396.008.000) 01/30 12:25:42 Image size of job updated: 439228
	366  -  MemoryUsage of job (MB)
	374416  -  ResidentSetSize of job (KB)
...
006 (3444396.008.000) 01/30 12:30:43 Image size of job updated: 439228
	366  -  MemoryUsage of job (MB)
	374444  -  ResidentSetSize of job (KB)
...
006 (3444396.008.000) 01/30 12:35:43 Image size of job updated: 439228
	366  -  MemoryUsage of job (MB)
	374540  -  ResidentSetSize of job (KB)
...
006 (3444396.008.000) 01/30 12:40:44 Image size of job updated: 439228
	366  -  MemoryUsage of job (MB)
	374608  -  ResidentSetSize of job (KB)
...
006 (3444396.008.000) 01/30 12:45:45 Image size of job updated: 439228
	366  -  MemoryUsage of job (MB)
	374620  -  ResidentSetSize of job (KB)
...
006 (3444396.008.000) 01/30 12:50:45 Image size of job updated: 439228
	366  -  MemoryUsage of job (MB)
	374628  -  ResidentSetSize of job (KB)
...
006 (3444396.008.000) 01/30 12:55:45 Image size of job updated: 439228
	366  -  MemoryUsage of job (MB)
	374684  -  ResidentSetSize of job (KB)
...
006 (3444396.008.000) 01/30 13:00:46 Image size of job updated: 439228
	367  -  MemoryUsage of job (MB)
	374800  -  ResidentSetSize of job (KB)
...
006 (3444396.008.000) 01/30 13:05:47 Image size of job updated: 439228
	367  -  MemoryUsage of job (MB)
	374944  -  ResidentSetSize of job (KB)
...
006 (3444396.008.000) 01/30 13:10:47 Image size of job updated: 439228
	367  -  MemoryUsage of job (MB)
	375256  -  ResidentSetSize of job (KB)
...
006 (3444396.008.000) 01/30 13:20:48 Image size of job updated: 439228
	367  -  MemoryUsage of job (MB)
	375292  -  ResidentSetSize of job (KB)
...
006 (3444396.008.000) 01/30 13:25:49 Image size of job updated: 439228
	367  -  MemoryUsage of job (MB)
	375316  -  ResidentSetSize of job (KB)
...
006 (3444396.008.000) 01/30 14:25:55 Image size of job updated: 439228
	367  -  MemoryUsage of job (MB)
	375320  -  ResidentSetSize of job (KB)
...
006 (3444396.008.000) 01/30 14:30:56 Image size of job updated: 439228
	367  -  MemoryUsage of job (MB)
	375392  -  ResidentSetSize of job (KB)
...
006 (3444396.008.000) 01/30 14:40:57 Image size of job updated: 439228
	367  -  MemoryUsage of job (MB)
	375404  -  ResidentSetSize of job (KB)
...
006 (3444396.008.000) 01/30 14:45:58 Image size of job updated: 439228
	367  -  MemoryUsage of job (MB)
	375468  -  ResidentSetSize of job (KB)
...
006 (3444396.008.000) 01/30 14:50:59 Image size of job updated: 439228
	367  -  MemoryUsage of job (MB)
	375480  -  ResidentSetSize of job (KB)
...
006 (3444396.008.000) 01/30 14:55:59 Image size of job updated: 439228
	367  -  MemoryUsage of job (MB)
	375484  -  ResidentSetSize of job (KB)
...
006 (3444396.008.000) 01/30 15:06:01 Image size of job updated: 439228
	367  -  MemoryUsage of job (MB)
	375488  -  ResidentSetSize of job (KB)
...
006 (3444396.008.000) 01/30 15:11:01 Image size of job updated: 439228
	367  -  MemoryUsage of job (MB)
	375504  -  ResidentSetSize of job (KB)
...
006 (3444396.008.000) 01/30 15:16:01 Image size of job updated: 439228
	367  -  MemoryUsage of job (MB)
	375516  -  ResidentSetSize of job (KB)
...
006 (3444396.008.000) 01/30 15:36:04 Image size of job updated: 439228
	367  -  MemoryUsage of job (MB)
	375524  -  ResidentSetSize of job (KB)
...
006 (3444396.008.000) 01/30 15:41:05 Image size of job updated: 439228
	367  -  MemoryUsage of job (MB)
	375544  -  ResidentSetSize of job (KB)
...
006 (3444396.008.000) 01/30 16:11:08 Image size of job updated: 439228
	367  -  MemoryUsage of job (MB)
	375572  -  ResidentSetSize of job (KB)
...
006 (3444396.008.000) 01/30 16:16:09 Image size of job updated: 439228
	367  -  MemoryUsage of job (MB)
	375580  -  ResidentSetSize of job (KB)
...
006 (3444396.008.000) 01/30 16:21:09 Image size of job updated: 439228
	367  -  MemoryUsage of job (MB)
	375596  -  ResidentSetSize of job (KB)
...
006 (3444396.008.000) 01/30 16:26:09 Image size of job updated: 439228
	367  -  MemoryUsage of job (MB)
	375600  -  ResidentSetSize of job (KB)
...
006 (3444396.008.000) 01/30 16:36:11 Image size of job updated: 439228
	367  -  MemoryUsage of job (MB)
	375616  -  ResidentSetSize of job (KB)
...
006 (3444396.008.000) 01/30 16:41:11 Image size of job updated: 439228
	367  -  MemoryUsage of job (MB)
	375632  -  ResidentSetSize of job (KB)
...
006 (3444396.008.000) 01/30 16:46:11 Image size of job updated: 439228
	367  -  MemoryUsage of job (MB)
	375644  -  ResidentSetSize of job (KB)
...
006 (3444396.008.000) 01/30 16:51:13 Image size of job updated: 439228
	367  -  MemoryUsage of job (MB)
	375652  -  ResidentSetSize of job (KB)
...
006 (3444396.008.000) 01/30 16:56:13 Image size of job updated: 439228
	367  -  MemoryUsage of job (MB)
	375672  -  ResidentSetSize of job (KB)
...
006 (3444396.008.000) 01/30 17:06:14 Image size of job updated: 439228
	367  -  MemoryUsage of job (MB)
	375708  -  ResidentSetSize of job (KB)
...
006 (3444396.008.000) 01/30 17:11:15 Image size of job updated: 439228
	367  -  MemoryUsage of job (MB)
	375712  -  ResidentSetSize of job (KB)
...
006 (3444396.008.000) 01/30 17:16:15 Image size of job updated: 439228
	367  -  MemoryUsage of job (MB)
	375716  -  ResidentSetSize of job (KB)
...
006 (3444396.008.000) 01/30 17:26:16 Image size of job updated: 439228
	367  -  MemoryUsage of job (MB)
	375744  -  ResidentSetSize of job (KB)
...
006 (3444396.008.000) 01/30 17:31:17 Image size of job updated: 439228
	367  -  MemoryUsage of job (MB)
	375764  -  ResidentSetSize of job (KB)
...
006 (3444396.008.000) 01/30 17:41:17 Image size of job updated: 439228
	367  -  MemoryUsage of job (MB)
	375788  -  ResidentSetSize of job (KB)
...
006 (3444396.008.000) 01/30 17:46:19 Image size of job updated: 439228
	367  -  MemoryUsage of job (MB)
	375792  -  ResidentSetSize of job (KB)
...
006 (3444396.008.000) 01/30 18:21:21 Image size of job updated: 439228
	367  -  MemoryUsage of job (MB)
	375796  -  ResidentSetSize of job (KB)
...
006 (3444396.008.000) 01/30 18:26:22 Image size of job updated: 439228
	368  -  MemoryUsage of job (MB)
	375812  -  ResidentSetSize of job (KB)
...
006 (3444396.008.000) 01/30 18:31:23 Image size of job updated: 439228
	368  -  MemoryUsage of job (MB)
	375836  -  ResidentSetSize of job (KB)
...
006 (3444396.008.000) 01/30 18:36:23 Image size of job updated: 439228
	368  -  MemoryUsage of job (MB)
	375848  -  ResidentSetSize of job (KB)
...
006 (3444396.008.000) 01/30 18:46:24 Image size of job updated: 439228
	368  -  MemoryUsage of job (MB)
	375856  -  ResidentSetSize of job (KB)
...
006 (3444396.008.000) 01/30 18:51:25 Image size of job updated: 439228
	368  -  MemoryUsage of job (MB)
	375860  -  ResidentSetSize of job (KB)
...
006 (3444396.008.000) 01/30 18:56:25 Image size of job updated: 439228
	368  -  MemoryUsage of job (MB)
	375888  -  ResidentSetSize of job (KB)
...
006 (3444396.008.000) 01/30 19:01:25 Image size of job updated: 439228
	368  -  MemoryUsage of job (MB)
	375892  -  ResidentSetSize of job (KB)
...
006 (3444396.008.000) 01/30 19:06:26 Image size of job updated: 439228
	368  -  MemoryUsage of job (MB)
	375904  -  ResidentSetSize of job (KB)
...
006 (3444396.008.000) 01/30 19:11:27 Image size of job updated: 439228
	368  -  MemoryUsage of job (MB)
	375952  -  ResidentSetSize of job (KB)
...
006 (3444396.008.000) 01/30 19:16:27 Image size of job updated: 439228
	368  -  MemoryUsage of job (MB)
	375980  -  ResidentSetSize of job (KB)
...
006 (3444396.008.000) 01/30 19:21:27 Image size of job updated: 439228
	368  -  MemoryUsage of job (MB)
	376004  -  ResidentSetSize of job (KB)
...
006 (3444396.008.000) 01/30 19:36:30 Image size of job updated: 439228
	368  -  MemoryUsage of job (MB)
	376076  -  ResidentSetSize of job (KB)
...
006 (3444396.008.000) 01/30 19:51:32 Image size of job updated: 439228
	368  -  MemoryUsage of job (MB)
	376092  -  ResidentSetSize of job (KB)
...
006 (3444396.008.000) 01/30 19:56:32 Image size of job updated: 439228
	368  -  MemoryUsage of job (MB)
	376112  -  ResidentSetSize of job (KB)
...
006 (3444396.008.000) 01/30 20:01:32 Image size of job updated: 439228
	368  -  MemoryUsage of job (MB)
	376116  -  ResidentSetSize of job (KB)
...
006 (3444396.008.000) 01/30 20:06:33 Image size of job updated: 439228
	368  -  MemoryUsage of job (MB)
	376128  -  ResidentSetSize of job (KB)
...
006 (3444396.008.000) 01/30 20:11:34 Image size of job updated: 439228
	368  -  MemoryUsage of job (MB)
	376176  -  ResidentSetSize of job (KB)
...
006 (3444396.008.000) 01/30 20:16:34 Image size of job updated: 439228
	368  -  MemoryUsage of job (MB)
	376212  -  ResidentSetSize of job (KB)
...
006 (3444396.008.000) 01/30 20:21:34 Image size of job updated: 439228
	368  -  MemoryUsage of job (MB)
	376256  -  ResidentSetSize of job (KB)
...
006 (3444396.008.000) 01/30 20:26:35 Image size of job updated: 439228
	368  -  MemoryUsage of job (MB)
	376288  -  ResidentSetSize of job (KB)
...
006 (3444396.008.000) 01/30 20:31:35 Image size of job updated: 439228
	368  -  MemoryUsage of job (MB)
	376348  -  ResidentSetSize of job (KB)
...
006 (3444396.008.000) 01/30 20:41:35 Image size of job updated: 439228
	368  -  MemoryUsage of job (MB)
	376396  -  ResidentSetSize of job (KB)
...
006 (3444396.008.000) 01/30 20:46:36 Image size of job updated: 439228
	368  -  MemoryUsage of job (MB)
	376408  -  ResidentSetSize of job (KB)
...
006 (3444396.008.000) 01/30 20:51:37 Image size of job updated: 439228
	368  -  MemoryUsage of job (MB)
	376496  -  ResidentSetSize of job (KB)
...
006 (3444396.008.000) 01/30 20:56:37 Image size of job updated: 439228
	368  -  MemoryUsage of job (MB)
	376508  -  ResidentSetSize of job (KB)
...
006 (3444396.008.000) 01/30 21:01:38 Image size of job updated: 439228
	368  -  MemoryUsage of job (MB)
	376512  -  ResidentSetSize of job (KB)
...
006 (3444396.008.000) 01/30 21:06:39 Image size of job updated: 439228
	368  -  MemoryUsage of job (MB)
	376528  -  ResidentSetSize of job (KB)
...
006 (3444396.008.000) 01/30 21:21:40 Image size of job updated: 439228
	368  -  MemoryUsage of job (MB)
	376548  -  ResidentSetSize of job (KB)
...
006 (3444396.008.000) 01/30 21:26:41 Image size of job updated: 439228
	368  -  MemoryUsage of job (MB)
	376568  -  ResidentSetSize of job (KB)
...
006 (3444396.008.000) 01/30 21:36:41 Image size of job updated: 439228
	368  -  MemoryUsage of job (MB)
	376584  -  ResidentSetSize of job (KB)
...
006 (3444396.008.000) 01/30 21:41:42 Image size of job updated: 439228
	368  -  MemoryUsage of job (MB)
	376612  -  ResidentSetSize of job (KB)
...
006 (3444396.008.000) 01/30 21:46:43 Image size of job updated: 439228
	368  -  MemoryUsage of job (MB)
	376636  -  ResidentSetSize of job (KB)
...
006 (3444396.008.000) 01/30 21:51:43 Image size of job updated: 439228
	368  -  MemoryUsage of job (MB)
	376704  -  ResidentSetSize of job (KB)
...
006 (3444396.008.000) 01/30 21:56:43 Image size of job updated: 439228
	368  -  MemoryUsage of job (MB)
	376732  -  ResidentSetSize of job (KB)
...
006 (3444396.008.000) 01/30 22:01:44 Image size of job updated: 439228
	368  -  MemoryUsage of job (MB)
	376744  -  ResidentSetSize of job (KB)
...
006 (3444396.008.000) 01/30 22:06:45 Image size of job updated: 439228
	368  -  MemoryUsage of job (MB)
	376772  -  ResidentSetSize of job (KB)
...
006 (3444396.008.000) 01/30 22:21:46 Image size of job updated: 439228
	368  -  MemoryUsage of job (MB)
	376800  -  ResidentSetSize of job (KB)
...
006 (3444396.008.000) 01/30 22:26:47 Image size of job updated: 439228
	369  -  MemoryUsage of job (MB)
	376836  -  ResidentSetSize of job (KB)
...
006 (3444396.008.000) 01/30 22:36:47 Image size of job updated: 439228
	369  -  MemoryUsage of job (MB)
	376896  -  ResidentSetSize of job (KB)
...
006 (3444396.008.000) 01/30 23:06:51 Image size of job updated: 439228
	369  -  MemoryUsage of job (MB)
	376900  -  ResidentSetSize of job (KB)
...
006 (3444396.008.000) 01/30 23:11:51 Image size of job updated: 439228
	369  -  MemoryUsage of job (MB)
	376932  -  ResidentSetSize of job (KB)
...
006 (3444396.008.000) 01/30 23:16:52 Image size of job updated: 439228
	369  -  MemoryUsage of job (MB)
	376940  -  ResidentSetSize of job (KB)
...
006 (3444396.008.000) 01/30 23:21:52 Image size of job updated: 439228
	369  -  MemoryUsage of job (MB)
	376956  -  ResidentSetSize of job (KB)
...
006 (3444396.008.000) 01/30 23:26:52 Image size of job updated: 439228
	369  -  MemoryUsage of job (MB)
	376964  -  ResidentSetSize of job (KB)
...
006 (3444396.008.000) 01/30 23:31:53 Image size of job updated: 439228
	369  -  MemoryUsage of job (MB)
	376992  -  ResidentSetSize of job (KB)
...
006 (3444396.008.000) 01/30 23:36:53 Image size of job updated: 439228
	369  -  MemoryUsage of job (MB)
	377008  -  ResidentSetSize of job (KB)
...
006 (3444396.008.000) 01/30 23:41:53 Image size of job updated: 439228
	369  -  MemoryUsage of job (MB)
	377016  -  ResidentSetSize of job (KB)
...
006 (3444396.008.000) 01/30 23:46:54 Image size of job updated: 439228
	369  -  MemoryUsage of job (MB)
	377024  -  ResidentSetSize of job (KB)
...
006 (3444396.008.000) 01/30 23:51:54 Image size of job updated: 439228
	369  -  MemoryUsage of job (MB)
	377028  -  ResidentSetSize of job (KB)
...
006 (3444396.008.000) 01/30 23:56:54 Image size of job updated: 439228
	369  -  MemoryUsage of job (MB)
	377048  -  ResidentSetSize of job (KB)
...
006 (3444396.008.000) 01/31 00:01:55 Image size of job updated: 439228
	369  -  MemoryUsage of job (MB)
	377068  -  ResidentSetSize of job (KB)
...
006 (3444396.008.000) 01/31 00:06:55 Image size of job updated: 439228
	369  -  MemoryUsage of job (MB)
	377072  -  ResidentSetSize of job (KB)
...
006 (3444396.008.000) 01/31 00:11:55 Image size of job updated: 439228
	369  -  MemoryUsage of job (MB)
	377092  -  ResidentSetSize of job (KB)
...
006 (3444396.008.000) 01/31 00:16:56 Image size of job updated: 439228
	369  -  MemoryUsage of job (MB)
	377096  -  ResidentSetSize of job (KB)
...
006 (3444396.008.000) 01/31 00:21:57 Image size of job updated: 439228
	369  -  MemoryUsage of job (MB)
	377128  -  ResidentSetSize of job (KB)
...
006 (3444396.008.000) 01/31 00:31:58 Image size of job updated: 439228
	369  -  MemoryUsage of job (MB)
	377140  -  ResidentSetSize of job (KB)
...
006 (3444396.008.000) 01/31 00:36:59 Image size of job updated: 439228
	369  -  MemoryUsage of job (MB)
	377160  -  ResidentSetSize of job (KB)
...
006 (3444396.008.000) 01/31 00:47:00 Image size of job updated: 439228
	369  -  MemoryUsage of job (MB)
	377164  -  ResidentSetSize of job (KB)
...
006 (3444396.008.000) 01/31 00:52:01 Image size of job updated: 439228
	369  -  MemoryUsage of job (MB)
	377188  -  ResidentSetSize of job (KB)
...
006 (3444396.008.000) 01/31 00:57:01 Image size of job updated: 439228
	369  -  MemoryUsage of job (MB)
	377204  -  ResidentSetSize of job (KB)
...
006 (3444396.008.000) 01/31 01:07:03 Image size of job updated: 439228
	369  -  MemoryUsage of job (MB)
	377224  -  ResidentSetSize of job (KB)
...
006 (3444396.008.000) 01/31 01:12:03 Image size of job updated: 439228
	369  -  MemoryUsage of job (MB)
	377240  -  ResidentSetSize of job (KB)
...
006 (3444396.008.000) 01/31 01:17:04 Image size of job updated: 439228
	369  -  MemoryUsage of job (MB)
	377248  -  ResidentSetSize of job (KB)
...
006 (3444396.008.000) 01/31 01:22:04 Image size of job updated: 439228
	369  -  MemoryUsage of job (MB)
	377268  -  ResidentSetSize of job (KB)
...
006 (3444396.008.000) 01/31 01:32:06 Image size of job updated: 439228
	369  -  MemoryUsage of job (MB)
	377284  -  ResidentSetSize of job (KB)
...
006 (3444396.008.000) 01/31 01:42:06 Image size of job updated: 439228
	369  -  MemoryUsage of job (MB)
	377304  -  ResidentSetSize of job (KB)
...
006 (3444396.008.000) 01/31 01:47:08 Image size of job updated: 439228
	369  -  MemoryUsage of job (MB)
	377316  -  ResidentSetSize of job (KB)
...
006 (3444396.008.000) 01/31 01:57:08 Image size of job updated: 439228
	369  -  MemoryUsage of job (MB)
	377328  -  ResidentSetSize of job (KB)
...
006 (3444396.008.000) 01/31 02:02:09 Image size of job updated: 439228
	369  -  MemoryUsage of job (MB)
	377372  -  ResidentSetSize of job (KB)
...
006 (3444396.008.000) 01/31 02:17:11 Image size of job updated: 439228
	369  -  MemoryUsage of job (MB)
	377384  -  ResidentSetSize of job (KB)
...
006 (3444396.008.000) 01/31 02:22:12 Image size of job updated: 439228
	369  -  MemoryUsage of job (MB)
	377396  -  ResidentSetSize of job (KB)
...
006 (3444396.008.000) 01/31 02:27:12 Image size of job updated: 439228
	369  -  MemoryUsage of job (MB)
	377404  -  ResidentSetSize of job (KB)
...
006 (3444396.008.000) 01/31 02:32:12 Image size of job updated: 439228
	369  -  MemoryUsage of job (MB)
	377456  -  ResidentSetSize of job (KB)
...
006 (3444396.008.000) 01/31 02:47:13 Image size of job updated: 439228
	369  -  MemoryUsage of job (MB)
	377472  -  ResidentSetSize of job (KB)
...
006 (3444396.008.000) 01/31 02:57:15 Image size of job updated: 439228
	369  -  MemoryUsage of job (MB)
	377500  -  ResidentSetSize of job (KB)
...
006 (3444396.008.000) 01/31 03:02:16 Image size of job updated: 439228
	369  -  MemoryUsage of job (MB)
	377532  -  ResidentSetSize of job (KB)
...
006 (3444396.008.000) 01/31 03:07:16 Image size of job updated: 439228
	369  -  MemoryUsage of job (MB)
	377544  -  ResidentSetSize of job (KB)
...
006 (3444396.008.000) 01/31 03:12:16 Image size of job updated: 439228
	369  -  MemoryUsage of job (MB)
	377548  -  ResidentSetSize of job (KB)
...
006 (3444396.008.000) 01/31 03:17:17 Image size of job updated: 439228
	369  -  MemoryUsage of job (MB)
	377568  -  ResidentSetSize of job (KB)
...
006 (3444396.008.000) 01/31 03:22:18 Image size of job updated: 439228
	369  -  MemoryUsage of job (MB)
	377616  -  ResidentSetSize of job (KB)
...
006 (3444396.008.000) 01/31 03:37:20 Image size of job updated: 439228
	369  -  MemoryUsage of job (MB)
	377628  -  ResidentSetSize of job (KB)
...
006 (3444396.008.000) 01/31 03:47:20 Image size of job updated: 439228
	369  -  MemoryUsage of job (MB)
	377664  -  ResidentSetSize of job (KB)
...
006 (3444396.008.000) 01/31 03:57:22 Image size of job updated: 439228
	369  -  MemoryUsage of job (MB)
	377672  -  ResidentSetSize of job (KB)
...
006 (3444396.008.000) 01/31 04:02:22 Image size of job updated: 439228
	369  -  MemoryUsage of job (MB)
	377728  -  ResidentSetSize of job (KB)
...
006 (3444396.008.000) 01/31 04:12:24 Image size of job updated: 439228
	369  -  MemoryUsage of job (MB)
	377756  -  ResidentSetSize of job (KB)
...
006 (3444396.008.000) 01/31 04:17:24 Image size of job updated: 439228
	369  -  MemoryUsage of job (MB)
	377768  -  ResidentSetSize of job (KB)
...
006 (3444396.008.000) 01/31 04:22:24 Image size of job updated: 439228
	369  -  MemoryUsage of job (MB)
	377784  -  ResidentSetSize of job (KB)
...
006 (3444396.008.000) 01/31 04:27:25 Image size of job updated: 439228
	369  -  MemoryUsage of job (MB)
	377840  -  ResidentSetSize of job (KB)
...
006 (3444396.008.000) 01/31 04:32:26 Image size of job updated: 439228
	370  -  MemoryUsage of job (MB)
	377980  -  ResidentSetSize of job (KB)
...
006 (3444396.008.000) 01/31 04:47:27 Image size of job updated: 439228
	370  -  MemoryUsage of job (MB)
	377988  -  ResidentSetSize of job (KB)
...
006 (3444396.008.000) 01/31 04:52:27 Image size of job updated: 439228
	370  -  MemoryUsage of job (MB)
	377996  -  ResidentSetSize of job (KB)
...
006 (3444396.008.000) 01/31 05:27:31 Image size of job updated: 439228
	370  -  MemoryUsage of job (MB)
	378072  -  ResidentSetSize of job (KB)
...
006 (3444396.008.000) 01/31 05:32:31 Image size of job updated: 439228
	370  -  MemoryUsage of job (MB)
	378096  -  ResidentSetSize of job (KB)
...
006 (3444396.008.000) 01/31 05:37:31 Image size of job updated: 439228
	370  -  MemoryUsage of job (MB)
	378132  -  ResidentSetSize of job (KB)
...
006 (3444396.008.000) 01/31 05:42:32 Image size of job updated: 439228
	370  -  MemoryUsage of job (MB)
	378220  -  ResidentSetSize of job (KB)
...
006 (3444396.008.000) 01/31 06:12:34 Image size of job updated: 439228
	370  -  MemoryUsage of job (MB)
	378228  -  ResidentSetSize of job (KB)
...
006 (3444396.008.000) 01/31 06:22:36 Image size of job updated: 439228
	370  -  MemoryUsage of job (MB)
	378264  -  ResidentSetSize of job (KB)
...
006 (3444396.008.000) 01/31 06:27:36 Image size of job updated: 439228
	370  -  MemoryUsage of job (MB)
	378276  -  ResidentSetSize of job (KB)
...
006 (3444396.008.000) 01/31 06:37:38 Image size of job updated: 439228
	370  -  MemoryUsage of job (MB)
	378300  -  ResidentSetSize of job (KB)
...
006 (3444396.008.000) 01/31 06:42:38 Image size of job updated: 439228
	370  -  MemoryUsage of job (MB)
	378336  -  ResidentSetSize of job (KB)
...
006 (3444396.008.000) 01/31 06:52:39 Image size of job updated: 439228
	370  -  MemoryUsage of job (MB)
	378364  -  ResidentSetSize of job (KB)
...
006 (3444396.008.000) 01/31 06:57:40 Image size of job updated: 439228
	370  -  MemoryUsage of job (MB)
	378396  -  ResidentSetSize of job (KB)
...
006 (3444396.008.000) 01/31 07:07:40 Image size of job updated: 439228
	370  -  MemoryUsage of job (MB)
	378412  -  ResidentSetSize of job (KB)
...
006 (3444396.008.000) 01/31 07:12:41 Image size of job updated: 439228
	370  -  MemoryUsage of job (MB)
	378424  -  ResidentSetSize of job (KB)
...
006 (3444396.008.000) 01/31 07:17:42 Image size of job updated: 439228
	370  -  MemoryUsage of job (MB)
	378432  -  ResidentSetSize of job (KB)
...
006 (3444396.008.000) 01/31 07:22:42 Image size of job updated: 439228
	370  -  MemoryUsage of job (MB)
	378464  -  ResidentSetSize of job (KB)
...
006 (3444396.008.000) 01/31 07:27:42 Image size of job updated: 439228
	370  -  MemoryUsage of job (MB)
	378480  -  ResidentSetSize of job (KB)
...
006 (3444396.008.000) 01/31 07:37:44 Image size of job updated: 439228
	370  -  MemoryUsage of job (MB)
	378488  -  ResidentSetSize of job (KB)
...
006 (3444396.008.000) 01/31 07:42:44 Image size of job updated: 439228
	370  -  MemoryUsage of job (MB)
	378524  -  ResidentSetSize of job (KB)
...
006 (3444396.008.000) 01/31 07:47:44 Image size of job updated: 439228
	370  -  MemoryUsage of job (MB)
	378536  -  ResidentSetSize of job (KB)
...
006 (3444396.008.000) 01/31 07:52:45 Image size of job updated: 439228
	370  -  MemoryUsage of job (MB)
	378560  -  ResidentSetSize of job (KB)
...
006 (3444396.008.000) 01/31 08:02:45 Image size of job updated: 439228
	370  -  MemoryUsage of job (MB)
	378608  -  ResidentSetSize of job (KB)
...
006 (3444396.008.000) 01/31 08:07:46 Image size of job updated: 439228
	370  -  MemoryUsage of job (MB)
	378612  -  ResidentSetSize of job (KB)
...
006 (3444396.008.000) 01/31 08:17:47 Image size of job updated: 439228
	370  -  MemoryUsage of job (MB)
	378624  -  ResidentSetSize of job (KB)
...
006 (3444396.008.000) 01/31 08:22:47 Image size of job updated: 439228
	370  -  MemoryUsage of job (MB)
	378648  -  ResidentSetSize of job (KB)
...
006 (3444396.008.000) 01/31 08:27:48 Image size of job updated: 439228
	370  -  MemoryUsage of job (MB)
	378660  -  ResidentSetSize of job (KB)
...
006 (3444396.008.000) 01/31 08:37:48 Image size of job updated: 439228
	370  -  MemoryUsage of job (MB)
	378664  -  ResidentSetSize of job (KB)
...
006 (3444396.008.000) 01/31 08:42:49 Image size of job updated: 439228
	370  -  MemoryUsage of job (MB)
	378704  -  ResidentSetSize of job (KB)
...
006 (3444396.008.000) 01/31 08:47:50 Image size of job updated: 439228
	370  -  MemoryUsage of job (MB)
	378724  -  ResidentSetSize of job (KB)
...
006 (3444396.008.000) 01/31 08:52:50 Image size of job updated: 439228
	370  -  MemoryUsage of job (MB)
	378732  -  ResidentSetSize of job (KB)
...
006 (3444396.008.000) 01/31 08:57:50 Image size of job updated: 439228
	370  -  MemoryUsage of job (MB)
	378748  -  ResidentSetSize of job (KB)
...
006 (3444396.008.000) 01/31 09:07:51 Image size of job updated: 439228
	370  -  MemoryUsage of job (MB)
	378756  -  ResidentSetSize of job (KB)
...
006 (3444396.008.000) 01/31 09:12:51 Image size of job updated: 439228
	370  -  MemoryUsage of job (MB)
	378796  -  ResidentSetSize of job (KB)
...
006 (3444396.008.000) 01/31 09:17:52 Image size of job updated: 439228
	370  -  MemoryUsage of job (MB)
	378804  -  ResidentSetSize of job (KB)
...
006 (3444396.008.000) 01/31 09:22:53 Image size of job updated: 439228
	370  -  MemoryUsage of job (MB)
	378816  -  ResidentSetSize of job (KB)
...
006 (3444396.008.000) 01/31 09:27:53 Image size of job updated: 439228
	370  -  MemoryUsage of job (MB)
	378824  -  ResidentSetSize of job (KB)
...
006 (3444396.008.000) 01/31 09:32:53 Image size of job updated: 439228
	370  -  MemoryUsage of job (MB)
	378848  -  ResidentSetSize of job (KB)
...
006 (3444396.008.000) 01/31 10:07:57 Image size of job updated: 439228
	371  -  MemoryUsage of job (MB)
	378892  -  ResidentSetSize of job (KB)
...
006 (3444396.008.000) 01/31 10:12:58 Image size of job updated: 439228
	371  -  MemoryUsage of job (MB)
	378904  -  ResidentSetSize of job (KB)
...
006 (3444396.008.000) 01/31 10:22:58 Image size of job updated: 439228
	371  -  MemoryUsage of job (MB)
	378944  -  ResidentSetSize of job (KB)
...
006 (3444396.008.000) 01/31 10:27:59 Image size of job updated: 439228
	371  -  MemoryUsage of job (MB)
	378948  -  ResidentSetSize of job (KB)
...
006 (3444396.008.000) 01/31 10:33:00 Image size of job updated: 439228
	371  -  MemoryUsage of job (MB)
	378988  -  ResidentSetSize of job (KB)
...
006 (3444396.008.000) 01/31 10:43:00 Image size of job updated: 439228
	371  -  MemoryUsage of job (MB)
	379016  -  ResidentSetSize of job (KB)
...
006 (3444396.008.000) 01/31 10:48:01 Image size of job updated: 439228
	371  -  MemoryUsage of job (MB)
	379040  -  ResidentSetSize of job (KB)
...
006 (3444396.008.000) 01/31 10:58:02 Image size of job updated: 439228
	371  -  MemoryUsage of job (MB)
	379060  -  ResidentSetSize of job (KB)
...
006 (3444396.008.000) 01/31 11:03:02 Image size of job updated: 439228
	371  -  MemoryUsage of job (MB)
	379112  -  ResidentSetSize of job (KB)
...
006 (3444396.008.000) 01/31 11:08:03 Image size of job updated: 439228
	371  -  MemoryUsage of job (MB)
	379128  -  ResidentSetSize of job (KB)
...
006 (3444396.008.000) 01/31 11:13:04 Image size of job updated: 439228
	371  -  MemoryUsage of job (MB)
	379136  -  ResidentSetSize of job (KB)
...
006 (3444396.008.000) 01/31 11:23:04 Image size of job updated: 439228
	371  -  MemoryUsage of job (MB)
	379164  -  ResidentSetSize of job (KB)
...
006 (3444396.008.000) 01/31 11:28:05 Image size of job updated: 439228
	371  -  MemoryUsage of job (MB)
	379180  -  ResidentSetSize of job (KB)
...
006 (3444396.008.000) 01/31 11:33:05 Image size of job updated: 439228
	371  -  MemoryUsage of job (MB)
	379184  -  ResidentSetSize of job (KB)
...
006 (3444396.008.000) 01/31 11:38:05 Image size of job updated: 439228
	371  -  MemoryUsage of job (MB)
	379204  -  ResidentSetSize of job (KB)
...
006 (3444396.008.000) 01/31 11:43:06 Image size of job updated: 439228
	371  -  MemoryUsage of job (MB)
	379220  -  ResidentSetSize of job (KB)
...
006 (3444396.008.000) 01/31 11:48:07 Image size of job updated: 439228
	371  -  MemoryUsage of job (MB)
	379240  -  ResidentSetSize of job (KB)
...
006 (3444396.008.000) 01/31 11:53:07 Image size of job updated: 439228
	371  -  MemoryUsage of job (MB)
	379276  -  ResidentSetSize of job (KB)
...
006 (3444396.008.000) 01/31 11:58:07 Image size of job updated: 439228
	371  -  MemoryUsage of job (MB)
	379304  -  ResidentSetSize of job (KB)
...
006 (3444396.008.000) 01/31 12:03:08 Image size of job updated: 439228
	371  -  MemoryUsage of job (MB)
	379316  -  ResidentSetSize of job (KB)
...
006 (3444396.008.000) 01/31 12:08:09 Image size of job updated: 439228
	371  -  MemoryUsage of job (MB)
	379328  -  ResidentSetSize of job (KB)
...
006 (3444396.008.000) 01/31 12:13:09 Image size of job updated: 439228
	371  -  MemoryUsage of job (MB)
	379332  -  ResidentSetSize of job (KB)
...
006 (3444396.008.000) 01/31 12:18:09 Image size of job updated: 439228
	371  -  MemoryUsage of job (MB)
	379368  -  ResidentSetSize of job (KB)
...
006 (3444396.008.000) 01/31 12:23:10 Image size of job updated: 439228
	371  -  MemoryUsage of job (MB)
	379376  -  ResidentSetSize of job (KB)
...
006 (3444396.008.000) 01/31 12:28:11 Image size of job updated: 439228
	371  -  MemoryUsage of job (MB)
	379404  -  ResidentSetSize of job (KB)
...
006 (3444396.008.000) 01/31 12:33:11 Image size of job updated: 439228
	371  -  MemoryUsage of job (MB)
	379428  -  ResidentSetSize of job (KB)
...
006 (3444396.008.000) 01/31 12:38:11 Image size of job updated: 439228
	371  -  MemoryUsage of job (MB)
	379440  -  ResidentSetSize of job (KB)
...
006 (3444396.008.000) 01/31 12:43:12 Image size of job updated: 439228
	371  -  MemoryUsage of job (MB)
	379476  -  ResidentSetSize of job (KB)
...
006 (3444396.008.000) 01/31 12:48:13 Image size of job updated: 439228
	371  -  MemoryUsage of job (MB)
	379524  -  ResidentSetSize of job (KB)
...
006 (3444396.008.000) 01/31 12:53:13 Image size of job updated: 439228
	371  -  MemoryUsage of job (MB)
	379544  -  ResidentSetSize of job (KB)
...
006 (3444396.008.000) 01/31 12:58:13 Image size of job updated: 439228
	371  -  MemoryUsage of job (MB)
	379568  -  ResidentSetSize of job (KB)
...
006 (3444396.008.000) 01/31 13:03:14 Image size of job updated: 439228
	371  -  MemoryUsage of job (MB)
	379580  -  ResidentSetSize of job (KB)
...
006 (3444396.008.000) 01/31 13:08:15 Image size of job updated: 439228
	371  -  MemoryUsage of job (MB)
	379596  -  ResidentSetSize of job (KB)
...
006 (3444396.008.000) 01/31 13:18:15 Image size of job updated: 439228
	371  -  MemoryUsage of job (MB)
	379652  -  ResidentSetSize of job (KB)
...
006 (3444396.008.000) 01/31 13:23:16 Image size of job updated: 439228
	371  -  MemoryUsage of job (MB)
	379672  -  ResidentSetSize of job (KB)
...
006 (3444396.008.000) 01/31 13:33:17 Image size of job updated: 439228
	371  -  MemoryUsage of job (MB)
	379732  -  ResidentSetSize of job (KB)
...
006 (3444396.008.000) 01/31 13:43:18 Image size of job updated: 439228
	371  -  MemoryUsage of job (MB)
	379736  -  ResidentSetSize of job (KB)
...
006 (3444396.008.000) 01/31 13:48:19 Image size of job updated: 439228
	371  -  MemoryUsage of job (MB)
	379752  -  ResidentSetSize of job (KB)
...
006 (3444396.008.000) 01/31 13:53:19 Image size of job updated: 439228
	371  -  MemoryUsage of job (MB)
	379768  -  ResidentSetSize of job (KB)
...
006 (3444396.008.000) 01/31 13:58:19 Image size of job updated: 439228
	371  -  MemoryUsage of job (MB)
	379784  -  ResidentSetSize of job (KB)
...
006 (3444396.008.000) 01/31 14:03:20 Image size of job updated: 439228
	371  -  MemoryUsage of job (MB)
	379812  -  ResidentSetSize of job (KB)
...
006 (3444396.008.000) 01/31 14:08:20 Image size of job updated: 439228
	371  -  MemoryUsage of job (MB)
	379824  -  ResidentSetSize of job (KB)
...
006 (3444396.008.000) 01/31 14:13:20 Image size of job updated: 439228
	371  -  MemoryUsage of job (MB)
	379844  -  ResidentSetSize of job (KB)
...
006 (3444396.008.000) 01/31 14:18:21 Image size of job updated: 439228
	371  -  MemoryUsage of job (MB)
	379860  -  ResidentSetSize of job (KB)
...
006 (3444396.008.000) 01/31 14:23:23 Image size of job updated: 439228
	371  -  MemoryUsage of job (MB)
	379892  -  ResidentSetSize of job (KB)
...
006 (3444396.008.000) 01/31 14:28:23 Image size of job updated: 439228
	372  -  MemoryUsage of job (MB)
	379920  -  ResidentSetSize of job (KB)
...
006 (3444396.008.000) 01/31 14:33:23 Image size of job updated: 439228
	372  -  MemoryUsage of job (MB)
	379940  -  ResidentSetSize of job (KB)
...
006 (3444396.008.000) 01/31 14:38:24 Image size of job updated: 439228
	372  -  MemoryUsage of job (MB)
	379956  -  ResidentSetSize of job (KB)
...
006 (3444396.008.000) 01/31 14:43:25 Image size of job updated: 439228
	372  -  MemoryUsage of job (MB)
	379996  -  ResidentSetSize of job (KB)
...
006 (3444396.008.000) 01/31 14:53:25 Image size of job updated: 439228
	372  -  MemoryUsage of job (MB)
	380028  -  ResidentSetSize of job (KB)
...
006 (3444396.008.000) 01/31 14:58:26 Image size of job updated: 439228
	372  -  MemoryUsage of job (MB)
	380060  -  ResidentSetSize of job (KB)
...
006 (3444396.008.000) 01/31 15:03:27 Image size of job updated: 439228
	372  -  MemoryUsage of job (MB)
	380108  -  ResidentSetSize of job (KB)
...
006 (3444396.008.000) 01/31 15:08:27 Image size of job updated: 439228
	372  -  MemoryUsage of job (MB)
	380116  -  ResidentSetSize of job (KB)
...
006 (3444396.008.000) 01/31 15:13:27 Image size of job updated: 439228
	372  -  MemoryUsage of job (MB)
	380144  -  ResidentSetSize of job (KB)
...
006 (3444396.008.000) 01/31 15:18:28 Image size of job updated: 439228
	372  -  MemoryUsage of job (MB)
	380184  -  ResidentSetSize of job (KB)
...
006 (3444396.008.000) 01/31 15:23:29 Image size of job updated: 439228
	372  -  MemoryUsage of job (MB)
	380212  -  ResidentSetSize of job (KB)
...
006 (3444396.008.000) 01/31 15:28:29 Image size of job updated: 439228
	372  -  MemoryUsage of job (MB)
	380248  -  ResidentSetSize of job (KB)
...
006 (3444396.008.000) 01/31 15:33:29 Image size of job updated: 439228
	372  -  MemoryUsage of job (MB)
	380276  -  ResidentSetSize of job (KB)
...
006 (3444396.008.000) 01/31 15:43:31 Image size of job updated: 439228
	372  -  MemoryUsage of job (MB)
	380308  -  ResidentSetSize of job (KB)
...
006 (3444396.008.000) 01/31 15:48:31 Image size of job updated: 439228
	372  -  MemoryUsage of job (MB)
	380348  -  ResidentSetSize of job (KB)
...
006 (3444396.008.000) 01/31 15:53:31 Image size of job updated: 439228
	372  -  MemoryUsage of job (MB)
	380368  -  ResidentSetSize of job (KB)
...
006 (3444396.008.000) 01/31 15:58:32 Image size of job updated: 439228
	372  -  MemoryUsage of job (MB)
	380384  -  ResidentSetSize of job (KB)
...
006 (3444396.008.000) 01/31 16:03:33 Image size of job updated: 439228
	372  -  MemoryUsage of job (MB)
	380432  -  ResidentSetSize of job (KB)
...
006 (3444396.008.000) 01/31 16:13:33 Image size of job updated: 439228
	372  -  MemoryUsage of job (MB)
	380472  -  ResidentSetSize of job (KB)
...
006 (3444396.008.000) 01/31 16:18:34 Image size of job updated: 439228
	372  -  MemoryUsage of job (MB)
	380504  -  ResidentSetSize of job (KB)
...
006 (3444396.008.000) 01/31 16:23:35 Image size of job updated: 439228
	372  -  MemoryUsage of job (MB)
	380536  -  ResidentSetSize of job (KB)
...
006 (3444396.008.000) 01/31 16:28:35 Image size of job updated: 439228
	372  -  MemoryUsage of job (MB)
	380564  -  ResidentSetSize of job (KB)
...
006 (3444396.008.000) 01/31 16:33:35 Image size of job updated: 439228
	372  -  MemoryUsage of job (MB)
	380592  -  ResidentSetSize of job (KB)
...
006 (3444396.008.000) 01/31 16:38:36 Image size of job updated: 439228
	372  -  MemoryUsage of job (MB)
	380608  -  ResidentSetSize of job (KB)
...
006 (3444396.008.000) 01/31 16:43:37 Image size of job updated: 439228
	372  -  MemoryUsage of job (MB)
	380624  -  ResidentSetSize of job (KB)
...
006 (3444396.008.000) 01/31 16:48:37 Image size of job updated: 439228
	372  -  MemoryUsage of job (MB)
	380632  -  ResidentSetSize of job (KB)
...
006 (3444396.008.000) 01/31 16:53:38 Image size of job updated: 439228
	372  -  MemoryUsage of job (MB)
	380636  -  ResidentSetSize of job (KB)
...
006 (3444396.008.000) 01/31 16:58:39 Image size of job updated: 439228
	372  -  MemoryUsage of job (MB)
	380656  -  ResidentSetSize of job (KB)
...
006 (3444396.008.000) 01/31 17:03:39 Image size of job updated: 439228
	372  -  MemoryUsage of job (MB)
	380708  -  ResidentSetSize of job (KB)
...
006 (3444396.008.000) 01/31 17:14:35 Image size of job updated: 439228
	372  -  MemoryUsage of job (MB)
	380732  -  ResidentSetSize of job (KB)
...
006 (3444396.008.000) 01/31 17:18:41 Image size of job updated: 439228
	372  -  MemoryUsage of job (MB)
	380748  -  ResidentSetSize of job (KB)
...
006 (3444396.008.000) 01/31 17:23:42 Image size of job updated: 439228
	372  -  MemoryUsage of job (MB)
	380804  -  ResidentSetSize of job (KB)
...
006 (3444396.008.000) 01/31 17:33:42 Image size of job updated: 439228
	372  -  MemoryUsage of job (MB)
	380832  -  ResidentSetSize of job (KB)
...
040 (3444396.008.000) 02/01 07:53:52 Started transferring input files
	Transferring to host: <128.142.240.247:9618?addrs=128.142.240.247-9618+[2001-1458-301-9--100-79]-9618&noUDP&sock=5056_28c7_80062>
...
040 (3444396.008.000) 02/01 07:53:52 Finished transferring input files
...
001 (3444396.008.000) 02/01 07:53:53 Job executing on host: <128.142.240.247:9618?addrs=128.142.240.247-9618+[2001-1458-301-9--100-79]-9618&noUDP&sock=3284_211b_3>
...
040 (3444396.008.000) 02/01 07:55:02 Started transferring output files
...
040 (3444396.008.000) 02/01 07:55:02 Finished transferring output files
...
005 (3444396.008.000) 02/01 07:55:02 Job terminated.
	(1) Normal termination (return value 0)
		Usr 0 00:00:07, Sys 0 00:00:04  -  Run Remote Usage
		Usr 0 00:00:00, Sys 0 00:00:00  -  Run Local Usage
		Usr 0 00:00:07, Sys 0 00:00:04  -  Total Remote Usage
		Usr 0 00:00:00, Sys 0 00:00:00  -  Total Local Usage
	9715  -  Run Bytes Sent By Job
	493  -  Run Bytes Received By Job
	9715  -  Total Bytes Sent By Job
	986  -  Total Bytes Received By Job
	Partitionable Resources :    Usage  Request Allocated 
	   Cpus                 :                 1           
	   Disk (KB)            :       24       40   2791527 
	   Memory (MB)          :      391     2000      2000 
...
