000 (3447350.003.000) 01/30 00:59:39 Job submitted from host: <188.185.71.142:9618?addrs=188.185.71.142-9618+[2001-1458-d00-7--100-388]-9618&alias=bigbird09.cern.ch&noUDP&sock=schedd_2208_1533_7>
...
040 (3447350.003.000) 01/30 04:24:04 Started transferring input files
	Transferring to host: <188.184.211.182:9618?addrs=188.184.211.182-9618+[2001-1458-301-10b--100-1af]-9618&noUDP&sock=7634_97f0_147205>
...
040 (3447350.003.000) 01/30 04:24:04 Finished transferring input files
...
001 (3447350.003.000) 01/30 04:24:05 Job executing on host: <188.184.211.182:9618?addrs=188.184.211.182-9618+[2001-1458-301-10b--100-1af]-9618&noUDP&sock=5696_8f8a_3>
...
006 (3447350.003.000) 01/30 04:24:13 Image size of job updated: 6616
	7  -  MemoryUsage of job (MB)
	6616  -  ResidentSetSize of job (KB)
...
006 (3447350.003.000) 01/30 04:29:13 Image size of job updated: 481072
	398  -  MemoryUsage of job (MB)
	406620  -  ResidentSetSize of job (KB)
...
006 (3447350.003.000) 01/30 04:34:14 Image size of job updated: 483844
	400  -  MemoryUsage of job (MB)
	409268  -  ResidentSetSize of job (KB)
...
006 (3447350.003.000) 01/30 04:39:14 Image size of job updated: 484020
	400  -  MemoryUsage of job (MB)
	409444  -  ResidentSetSize of job (KB)
...
006 (3447350.003.000) 01/30 04:44:14 Image size of job updated: 484244
	401  -  MemoryUsage of job (MB)
	409688  -  ResidentSetSize of job (KB)
...
006 (3447350.003.000) 01/30 04:49:15 Image size of job updated: 484276
	401  -  MemoryUsage of job (MB)
	409720  -  ResidentSetSize of job (KB)
...
006 (3447350.003.000) 01/30 04:54:15 Image size of job updated: 484328
	401  -  MemoryUsage of job (MB)
	409772  -  ResidentSetSize of job (KB)
...
006 (3447350.003.000) 01/30 04:59:15 Image size of job updated: 484388
	401  -  MemoryUsage of job (MB)
	409832  -  ResidentSetSize of job (KB)
...
006 (3447350.003.000) 01/30 05:04:16 Image size of job updated: 484400
	401  -  MemoryUsage of job (MB)
	409844  -  ResidentSetSize of job (KB)
...
006 (3447350.003.000) 01/30 05:14:16 Image size of job updated: 484408
	401  -  MemoryUsage of job (MB)
	409852  -  ResidentSetSize of job (KB)
...
006 (3447350.003.000) 01/30 05:24:18 Image size of job updated: 484412
	401  -  MemoryUsage of job (MB)
	409856  -  ResidentSetSize of job (KB)
...
006 (3447350.003.000) 01/30 05:29:18 Image size of job updated: 484432
	401  -  MemoryUsage of job (MB)
	409876  -  ResidentSetSize of job (KB)
...
006 (3447350.003.000) 01/30 05:34:19 Image size of job updated: 484448
	401  -  MemoryUsage of job (MB)
	409892  -  ResidentSetSize of job (KB)
...
006 (3447350.003.000) 01/30 05:44:20 Image size of job updated: 484452
	401  -  MemoryUsage of job (MB)
	409896  -  ResidentSetSize of job (KB)
...
006 (3447350.003.000) 01/30 05:54:22 Image size of job updated: 484456
	401  -  MemoryUsage of job (MB)
	409900  -  ResidentSetSize of job (KB)
...
006 (3447350.003.000) 01/30 06:04:23 Image size of job updated: 484464
	401  -  MemoryUsage of job (MB)
	409908  -  ResidentSetSize of job (KB)
...
006 (3447350.003.000) 01/30 06:09:24 Image size of job updated: 484468
	401  -  MemoryUsage of job (MB)
	409912  -  ResidentSetSize of job (KB)
...
006 (3447350.003.000) 01/30 07:49:33 Image size of job updated: 484468
	401  -  MemoryUsage of job (MB)
	409936  -  ResidentSetSize of job (KB)
...
006 (3447350.003.000) 01/30 07:59:34 Image size of job updated: 484468
	401  -  MemoryUsage of job (MB)
	410048  -  ResidentSetSize of job (KB)
...
006 (3447350.003.000) 01/30 08:09:35 Image size of job updated: 484468
	401  -  MemoryUsage of job (MB)
	410068  -  ResidentSetSize of job (KB)
...
006 (3447350.003.000) 01/30 08:14:36 Image size of job updated: 484468
	401  -  MemoryUsage of job (MB)
	410208  -  ResidentSetSize of job (KB)
...
006 (3447350.003.000) 01/30 08:19:37 Image size of job updated: 484468
	401  -  MemoryUsage of job (MB)
	410268  -  ResidentSetSize of job (KB)
...
006 (3447350.003.000) 01/30 08:24:37 Image size of job updated: 484520
	401  -  MemoryUsage of job (MB)
	410356  -  ResidentSetSize of job (KB)
...
006 (3447350.003.000) 01/30 08:29:37 Image size of job updated: 484560
	401  -  MemoryUsage of job (MB)
	410396  -  ResidentSetSize of job (KB)
...
006 (3447350.003.000) 01/30 08:34:38 Image size of job updated: 484560
	401  -  MemoryUsage of job (MB)
	410416  -  ResidentSetSize of job (KB)
...
006 (3447350.003.000) 01/30 08:39:38 Image size of job updated: 484732
	401  -  MemoryUsage of job (MB)
	410588  -  ResidentSetSize of job (KB)
...
006 (3447350.003.000) 01/30 08:44:38 Image size of job updated: 484784
	402  -  MemoryUsage of job (MB)
	410640  -  ResidentSetSize of job (KB)
...
006 (3447350.003.000) 01/30 08:49:39 Image size of job updated: 484872
	402  -  MemoryUsage of job (MB)
	410728  -  ResidentSetSize of job (KB)
...
006 (3447350.003.000) 01/30 08:54:40 Image size of job updated: 484944
	402  -  MemoryUsage of job (MB)
	410800  -  ResidentSetSize of job (KB)
...
006 (3447350.003.000) 01/30 08:59:40 Image size of job updated: 485032
	402  -  MemoryUsage of job (MB)
	410888  -  ResidentSetSize of job (KB)
...
006 (3447350.003.000) 01/30 09:09:41 Image size of job updated: 485080
	402  -  MemoryUsage of job (MB)
	410936  -  ResidentSetSize of job (KB)
...
006 (3447350.003.000) 01/30 09:14:42 Image size of job updated: 485212
	402  -  MemoryUsage of job (MB)
	411068  -  ResidentSetSize of job (KB)
...
006 (3447350.003.000) 01/30 09:19:42 Image size of job updated: 485220
	402  -  MemoryUsage of job (MB)
	411076  -  ResidentSetSize of job (KB)
...
006 (3447350.003.000) 01/30 09:24:43 Image size of job updated: 485356
	402  -  MemoryUsage of job (MB)
	411212  -  ResidentSetSize of job (KB)
...
006 (3447350.003.000) 01/30 09:29:44 Image size of job updated: 485368
	402  -  MemoryUsage of job (MB)
	411224  -  ResidentSetSize of job (KB)
...
006 (3447350.003.000) 01/30 09:34:44 Image size of job updated: 485368
	402  -  MemoryUsage of job (MB)
	411280  -  ResidentSetSize of job (KB)
...
006 (3447350.003.000) 01/30 09:39:44 Image size of job updated: 485368
	402  -  MemoryUsage of job (MB)
	411424  -  ResidentSetSize of job (KB)
...
006 (3447350.003.000) 01/30 09:44:45 Image size of job updated: 485368
	402  -  MemoryUsage of job (MB)
	411436  -  ResidentSetSize of job (KB)
...
006 (3447350.003.000) 01/30 09:49:45 Image size of job updated: 485368
	402  -  MemoryUsage of job (MB)
	411544  -  ResidentSetSize of job (KB)
...
006 (3447350.003.000) 01/30 09:54:45 Image size of job updated: 485368
	402  -  MemoryUsage of job (MB)
	411564  -  ResidentSetSize of job (KB)
...
006 (3447350.003.000) 01/30 09:59:46 Image size of job updated: 485368
	403  -  MemoryUsage of job (MB)
	411860  -  ResidentSetSize of job (KB)
...
006 (3447350.003.000) 01/30 10:09:47 Image size of job updated: 485368
	403  -  MemoryUsage of job (MB)
	411952  -  ResidentSetSize of job (KB)
...
006 (3447350.003.000) 01/30 10:34:50 Image size of job updated: 485368
	403  -  MemoryUsage of job (MB)
	411968  -  ResidentSetSize of job (KB)
...
006 (3447350.003.000) 01/30 10:39:50 Image size of job updated: 485368
	403  -  MemoryUsage of job (MB)
	412000  -  ResidentSetSize of job (KB)
...
006 (3447350.003.000) 01/30 10:44:50 Image size of job updated: 485368
	403  -  MemoryUsage of job (MB)
	412060  -  ResidentSetSize of job (KB)
...
006 (3447350.003.000) 01/30 11:09:54 Image size of job updated: 485368
	403  -  MemoryUsage of job (MB)
	412084  -  ResidentSetSize of job (KB)
...
006 (3447350.003.000) 01/30 11:14:54 Image size of job updated: 485368
	403  -  MemoryUsage of job (MB)
	412092  -  ResidentSetSize of job (KB)
...
006 (3447350.003.000) 01/30 11:19:54 Image size of job updated: 485368
	403  -  MemoryUsage of job (MB)
	412104  -  ResidentSetSize of job (KB)
...
006 (3447350.003.000) 01/30 11:24:55 Image size of job updated: 485368
	403  -  MemoryUsage of job (MB)
	412112  -  ResidentSetSize of job (KB)
...
006 (3447350.003.000) 01/30 11:29:55 Image size of job updated: 485368
	403  -  MemoryUsage of job (MB)
	412132  -  ResidentSetSize of job (KB)
...
006 (3447350.003.000) 01/30 11:34:55 Image size of job updated: 485368
	403  -  MemoryUsage of job (MB)
	412168  -  ResidentSetSize of job (KB)
...
006 (3447350.003.000) 01/30 11:39:56 Image size of job updated: 485368
	403  -  MemoryUsage of job (MB)
	412176  -  ResidentSetSize of job (KB)
...
006 (3447350.003.000) 01/30 11:44:57 Image size of job updated: 485368
	403  -  MemoryUsage of job (MB)
	412180  -  ResidentSetSize of job (KB)
...
006 (3447350.003.000) 01/30 11:49:57 Image size of job updated: 485368
	403  -  MemoryUsage of job (MB)
	412196  -  ResidentSetSize of job (KB)
...
006 (3447350.003.000) 01/30 11:54:58 Image size of job updated: 485368
	403  -  MemoryUsage of job (MB)
	412304  -  ResidentSetSize of job (KB)
...
006 (3447350.003.000) 01/30 11:59:59 Image size of job updated: 485368
	403  -  MemoryUsage of job (MB)
	412348  -  ResidentSetSize of job (KB)
...
006 (3447350.003.000) 01/30 12:04:59 Image size of job updated: 485368
	403  -  MemoryUsage of job (MB)
	412368  -  ResidentSetSize of job (KB)
...
006 (3447350.003.000) 01/30 12:15:01 Image size of job updated: 485368
	403  -  MemoryUsage of job (MB)
	412420  -  ResidentSetSize of job (KB)
...
006 (3447350.003.000) 01/30 12:20:01 Image size of job updated: 485368
	403  -  MemoryUsage of job (MB)
	412476  -  ResidentSetSize of job (KB)
...
006 (3447350.003.000) 01/30 12:25:01 Image size of job updated: 485368
	403  -  MemoryUsage of job (MB)
	412544  -  ResidentSetSize of job (KB)
...
006 (3447350.003.000) 01/30 12:30:02 Image size of job updated: 485368
	403  -  MemoryUsage of job (MB)
	412612  -  ResidentSetSize of job (KB)
...
006 (3447350.003.000) 01/30 12:35:03 Image size of job updated: 485368
	404  -  MemoryUsage of job (MB)
	412680  -  ResidentSetSize of job (KB)
...
006 (3447350.003.000) 01/30 12:40:03 Image size of job updated: 485368
	404  -  MemoryUsage of job (MB)
	412840  -  ResidentSetSize of job (KB)
...
006 (3447350.003.000) 01/30 12:45:03 Image size of job updated: 485368
	404  -  MemoryUsage of job (MB)
	412868  -  ResidentSetSize of job (KB)
...
006 (3447350.003.000) 01/30 12:50:04 Image size of job updated: 485368
	404  -  MemoryUsage of job (MB)
	412952  -  ResidentSetSize of job (KB)
...
006 (3447350.003.000) 01/30 12:55:05 Image size of job updated: 485368
	404  -  MemoryUsage of job (MB)
	413068  -  ResidentSetSize of job (KB)
...
006 (3447350.003.000) 01/30 13:00:05 Image size of job updated: 485368
	404  -  MemoryUsage of job (MB)
	413152  -  ResidentSetSize of job (KB)
...
006 (3447350.003.000) 01/30 13:05:05 Image size of job updated: 485368
	404  -  MemoryUsage of job (MB)
	413368  -  ResidentSetSize of job (KB)
...
006 (3447350.003.000) 01/30 13:10:06 Image size of job updated: 485368
	404  -  MemoryUsage of job (MB)
	413676  -  ResidentSetSize of job (KB)
...
006 (3447350.003.000) 01/30 13:15:06 Image size of job updated: 485368
	404  -  MemoryUsage of job (MB)
	413688  -  ResidentSetSize of job (KB)
...
006 (3447350.003.000) 01/30 13:45:09 Image size of job updated: 485368
	405  -  MemoryUsage of job (MB)
	413708  -  ResidentSetSize of job (KB)
...
006 (3447350.003.000) 01/30 13:50:10 Image size of job updated: 485368
	405  -  MemoryUsage of job (MB)
	413732  -  ResidentSetSize of job (KB)
...
006 (3447350.003.000) 01/30 13:55:10 Image size of job updated: 485368
	405  -  MemoryUsage of job (MB)
	413812  -  ResidentSetSize of job (KB)
...
006 (3447350.003.000) 01/30 14:00:10 Image size of job updated: 485368
	405  -  MemoryUsage of job (MB)
	413924  -  ResidentSetSize of job (KB)
...
006 (3447350.003.000) 01/30 14:10:12 Image size of job updated: 485368
	405  -  MemoryUsage of job (MB)
	414028  -  ResidentSetSize of job (KB)
...
006 (3447350.003.000) 01/30 14:20:13 Image size of job updated: 485368
	405  -  MemoryUsage of job (MB)
	414116  -  ResidentSetSize of job (KB)
...
006 (3447350.003.000) 01/30 14:30:14 Image size of job updated: 485368
	405  -  MemoryUsage of job (MB)
	414132  -  ResidentSetSize of job (KB)
...
006 (3447350.003.000) 01/30 14:35:15 Image size of job updated: 485368
	405  -  MemoryUsage of job (MB)
	414168  -  ResidentSetSize of job (KB)
...
006 (3447350.003.000) 01/30 14:40:16 Image size of job updated: 485368
	405  -  MemoryUsage of job (MB)
	414240  -  ResidentSetSize of job (KB)
...
006 (3447350.003.000) 01/30 14:45:16 Image size of job updated: 485368
	405  -  MemoryUsage of job (MB)
	414328  -  ResidentSetSize of job (KB)
...
006 (3447350.003.000) 01/30 14:50:16 Image size of job updated: 485368
	405  -  MemoryUsage of job (MB)
	414420  -  ResidentSetSize of job (KB)
...
006 (3447350.003.000) 01/30 14:55:17 Image size of job updated: 485368
	405  -  MemoryUsage of job (MB)
	414480  -  ResidentSetSize of job (KB)
...
006 (3447350.003.000) 01/30 15:00:19 Image size of job updated: 485368
	405  -  MemoryUsage of job (MB)
	414568  -  ResidentSetSize of job (KB)
...
006 (3447350.003.000) 01/30 15:05:19 Image size of job updated: 485368
	405  -  MemoryUsage of job (MB)
	414708  -  ResidentSetSize of job (KB)
...
006 (3447350.003.000) 01/30 15:10:19 Image size of job updated: 485368
	406  -  MemoryUsage of job (MB)
	414848  -  ResidentSetSize of job (KB)
...
006 (3447350.003.000) 01/30 15:15:20 Image size of job updated: 485368
	406  -  MemoryUsage of job (MB)
	414908  -  ResidentSetSize of job (KB)
...
006 (3447350.003.000) 01/30 15:30:21 Image size of job updated: 485368
	406  -  MemoryUsage of job (MB)
	414920  -  ResidentSetSize of job (KB)
...
006 (3447350.003.000) 01/30 15:35:22 Image size of job updated: 485368
	406  -  MemoryUsage of job (MB)
	414952  -  ResidentSetSize of job (KB)
...
006 (3447350.003.000) 01/30 15:40:23 Image size of job updated: 485368
	406  -  MemoryUsage of job (MB)
	415052  -  ResidentSetSize of job (KB)
...
006 (3447350.003.000) 01/30 15:45:23 Image size of job updated: 485368
	406  -  MemoryUsage of job (MB)
	415064  -  ResidentSetSize of job (KB)
...
006 (3447350.003.000) 01/30 15:50:24 Image size of job updated: 485368
	406  -  MemoryUsage of job (MB)
	415164  -  ResidentSetSize of job (KB)
...
006 (3447350.003.000) 01/30 16:00:25 Image size of job updated: 485368
	406  -  MemoryUsage of job (MB)
	415264  -  ResidentSetSize of job (KB)
...
006 (3447350.003.000) 01/30 16:05:25 Image size of job updated: 485368
	406  -  MemoryUsage of job (MB)
	415324  -  ResidentSetSize of job (KB)
...
006 (3447350.003.000) 01/30 16:10:26 Image size of job updated: 485368
	406  -  MemoryUsage of job (MB)
	415396  -  ResidentSetSize of job (KB)
...
006 (3447350.003.000) 01/30 16:15:27 Image size of job updated: 485368
	406  -  MemoryUsage of job (MB)
	415428  -  ResidentSetSize of job (KB)
...
006 (3447350.003.000) 01/30 16:20:27 Image size of job updated: 485368
	406  -  MemoryUsage of job (MB)
	415476  -  ResidentSetSize of job (KB)
...
006 (3447350.003.000) 01/30 16:25:27 Image size of job updated: 485368
	406  -  MemoryUsage of job (MB)
	415572  -  ResidentSetSize of job (KB)
...
006 (3447350.003.000) 01/30 16:30:28 Image size of job updated: 485368
	406  -  MemoryUsage of job (MB)
	415576  -  ResidentSetSize of job (KB)
...
006 (3447350.003.000) 01/30 16:35:28 Image size of job updated: 485368
	406  -  MemoryUsage of job (MB)
	415724  -  ResidentSetSize of job (KB)
...
006 (3447350.003.000) 01/30 16:45:29 Image size of job updated: 485368
	407  -  MemoryUsage of job (MB)
	415820  -  ResidentSetSize of job (KB)
...
006 (3447350.003.000) 01/30 16:50:30 Image size of job updated: 485368
	407  -  MemoryUsage of job (MB)
	415836  -  ResidentSetSize of job (KB)
...
006 (3447350.003.000) 01/30 16:55:30 Image size of job updated: 485368
	407  -  MemoryUsage of job (MB)
	415968  -  ResidentSetSize of job (KB)
...
006 (3447350.003.000) 01/30 17:00:31 Image size of job updated: 485368
	407  -  MemoryUsage of job (MB)
	415992  -  ResidentSetSize of job (KB)
...
006 (3447350.003.000) 01/30 17:05:32 Image size of job updated: 485368
	407  -  MemoryUsage of job (MB)
	416100  -  ResidentSetSize of job (KB)
...
006 (3447350.003.000) 01/30 17:10:32 Image size of job updated: 485368
	407  -  MemoryUsage of job (MB)
	416132  -  ResidentSetSize of job (KB)
...
006 (3447350.003.000) 01/30 17:15:33 Image size of job updated: 485368
	407  -  MemoryUsage of job (MB)
	416148  -  ResidentSetSize of job (KB)
...
006 (3447350.003.000) 01/30 17:20:34 Image size of job updated: 485368
	407  -  MemoryUsage of job (MB)
	416244  -  ResidentSetSize of job (KB)
...
006 (3447350.003.000) 01/30 17:25:34 Image size of job updated: 485368
	407  -  MemoryUsage of job (MB)
	416312  -  ResidentSetSize of job (KB)
...
006 (3447350.003.000) 01/30 17:30:34 Image size of job updated: 485368
	407  -  MemoryUsage of job (MB)
	416400  -  ResidentSetSize of job (KB)
...
006 (3447350.003.000) 01/30 17:35:35 Image size of job updated: 485368
	407  -  MemoryUsage of job (MB)
	416468  -  ResidentSetSize of job (KB)
...
006 (3447350.003.000) 01/30 17:40:35 Image size of job updated: 485368
	407  -  MemoryUsage of job (MB)
	416492  -  ResidentSetSize of job (KB)
...
006 (3447350.003.000) 01/30 17:45:35 Image size of job updated: 485368
	407  -  MemoryUsage of job (MB)
	416544  -  ResidentSetSize of job (KB)
...
006 (3447350.003.000) 01/30 17:50:36 Image size of job updated: 485368
	409  -  MemoryUsage of job (MB)
	417860  -  ResidentSetSize of job (KB)
...
006 (3447350.003.000) 01/30 17:55:37 Image size of job updated: 485368
	409  -  MemoryUsage of job (MB)
	418648  -  ResidentSetSize of job (KB)
...
006 (3447350.003.000) 01/30 18:10:38 Image size of job updated: 485368
	409  -  MemoryUsage of job (MB)
	418764  -  ResidentSetSize of job (KB)
...
006 (3447350.003.000) 01/30 18:20:38 Image size of job updated: 485368
	411  -  MemoryUsage of job (MB)
	419844  -  ResidentSetSize of job (KB)
...
006 (3447350.003.000) 01/30 18:25:39 Image size of job updated: 485368
	411  -  MemoryUsage of job (MB)
	420016  -  ResidentSetSize of job (KB)
...
006 (3447350.003.000) 01/30 18:30:40 Image size of job updated: 485368
	411  -  MemoryUsage of job (MB)
	420104  -  ResidentSetSize of job (KB)
...
006 (3447350.003.000) 01/30 18:35:40 Image size of job updated: 485368
	411  -  MemoryUsage of job (MB)
	420128  -  ResidentSetSize of job (KB)
...
006 (3447350.003.000) 01/30 18:45:42 Image size of job updated: 485368
	411  -  MemoryUsage of job (MB)
	420232  -  ResidentSetSize of job (KB)
...
006 (3447350.003.000) 01/30 18:50:42 Image size of job updated: 485368
	411  -  MemoryUsage of job (MB)
	420308  -  ResidentSetSize of job (KB)
...
006 (3447350.003.000) 01/30 18:55:43 Image size of job updated: 485368
	411  -  MemoryUsage of job (MB)
	420340  -  ResidentSetSize of job (KB)
...
006 (3447350.003.000) 01/30 19:00:44 Image size of job updated: 485368
	411  -  MemoryUsage of job (MB)
	420384  -  ResidentSetSize of job (KB)
...
006 (3447350.003.000) 01/30 19:05:44 Image size of job updated: 485368
	411  -  MemoryUsage of job (MB)
	420440  -  ResidentSetSize of job (KB)
...
006 (3447350.003.000) 01/30 19:10:45 Image size of job updated: 485368
	411  -  MemoryUsage of job (MB)
	420500  -  ResidentSetSize of job (KB)
...
006 (3447350.003.000) 01/30 19:15:46 Image size of job updated: 485368
	411  -  MemoryUsage of job (MB)
	420540  -  ResidentSetSize of job (KB)
...
006 (3447350.003.000) 01/30 19:20:46 Image size of job updated: 485368
	411  -  MemoryUsage of job (MB)
	420636  -  ResidentSetSize of job (KB)
...
006 (3447350.003.000) 01/30 19:25:47 Image size of job updated: 485368
	411  -  MemoryUsage of job (MB)
	420716  -  ResidentSetSize of job (KB)
...
006 (3447350.003.000) 01/30 19:35:48 Image size of job updated: 485368
	411  -  MemoryUsage of job (MB)
	420792  -  ResidentSetSize of job (KB)
...
006 (3447350.003.000) 01/30 19:40:49 Image size of job updated: 485368
	412  -  MemoryUsage of job (MB)
	420888  -  ResidentSetSize of job (KB)
...
006 (3447350.003.000) 01/30 19:45:50 Image size of job updated: 485368
	412  -  MemoryUsage of job (MB)
	421008  -  ResidentSetSize of job (KB)
...
006 (3447350.003.000) 01/30 19:55:51 Image size of job updated: 485368
	412  -  MemoryUsage of job (MB)
	421168  -  ResidentSetSize of job (KB)
...
006 (3447350.003.000) 01/30 20:05:52 Image size of job updated: 485368
	412  -  MemoryUsage of job (MB)
	421328  -  ResidentSetSize of job (KB)
...
006 (3447350.003.000) 01/30 20:15:54 Image size of job updated: 485368
	412  -  MemoryUsage of job (MB)
	421452  -  ResidentSetSize of job (KB)
...
006 (3447350.003.000) 01/30 20:20:54 Image size of job updated: 485368
	412  -  MemoryUsage of job (MB)
	421516  -  ResidentSetSize of job (KB)
...
006 (3447350.003.000) 01/30 20:25:54 Image size of job updated: 485368
	412  -  MemoryUsage of job (MB)
	421660  -  ResidentSetSize of job (KB)
...
006 (3447350.003.000) 01/30 20:30:55 Image size of job updated: 485368
	412  -  MemoryUsage of job (MB)
	421696  -  ResidentSetSize of job (KB)
...
006 (3447350.003.000) 01/30 20:35:55 Image size of job updated: 485368
	412  -  MemoryUsage of job (MB)
	421732  -  ResidentSetSize of job (KB)
...
006 (3447350.003.000) 01/30 20:40:56 Image size of job updated: 485368
	412  -  MemoryUsage of job (MB)
	421848  -  ResidentSetSize of job (KB)
...
006 (3447350.003.000) 01/30 20:45:57 Image size of job updated: 485368
	412  -  MemoryUsage of job (MB)
	421888  -  ResidentSetSize of job (KB)
...
006 (3447350.003.000) 01/30 20:50:57 Image size of job updated: 485368
	413  -  MemoryUsage of job (MB)
	422076  -  ResidentSetSize of job (KB)
...
006 (3447350.003.000) 01/30 21:00:59 Image size of job updated: 485368
	413  -  MemoryUsage of job (MB)
	422196  -  ResidentSetSize of job (KB)
...
006 (3447350.003.000) 01/30 21:05:59 Image size of job updated: 485368
	413  -  MemoryUsage of job (MB)
	422220  -  ResidentSetSize of job (KB)
...
006 (3447350.003.000) 01/30 21:11:00 Image size of job updated: 485368
	413  -  MemoryUsage of job (MB)
	422244  -  ResidentSetSize of job (KB)
...
006 (3447350.003.000) 01/30 21:21:01 Image size of job updated: 485368
	413  -  MemoryUsage of job (MB)
	422376  -  ResidentSetSize of job (KB)
...
006 (3447350.003.000) 01/30 21:26:02 Image size of job updated: 485368
	413  -  MemoryUsage of job (MB)
	422524  -  ResidentSetSize of job (KB)
...
006 (3447350.003.000) 01/30 21:31:03 Image size of job updated: 485368
	413  -  MemoryUsage of job (MB)
	422552  -  ResidentSetSize of job (KB)
...
006 (3447350.003.000) 01/30 21:36:03 Image size of job updated: 485368
	413  -  MemoryUsage of job (MB)
	422648  -  ResidentSetSize of job (KB)
...
006 (3447350.003.000) 01/30 21:41:03 Image size of job updated: 485368
	413  -  MemoryUsage of job (MB)
	422668  -  ResidentSetSize of job (KB)
...
006 (3447350.003.000) 01/30 21:46:04 Image size of job updated: 485368
	413  -  MemoryUsage of job (MB)
	422828  -  ResidentSetSize of job (KB)
...
006 (3447350.003.000) 01/30 21:51:04 Image size of job updated: 485368
	413  -  MemoryUsage of job (MB)
	422848  -  ResidentSetSize of job (KB)
...
006 (3447350.003.000) 01/30 21:56:04 Image size of job updated: 485368
	413  -  MemoryUsage of job (MB)
	422864  -  ResidentSetSize of job (KB)
...
006 (3447350.003.000) 01/30 22:01:05 Image size of job updated: 485368
	414  -  MemoryUsage of job (MB)
	423000  -  ResidentSetSize of job (KB)
...
006 (3447350.003.000) 01/30 22:06:05 Image size of job updated: 485368
	414  -  MemoryUsage of job (MB)
	423052  -  ResidentSetSize of job (KB)
...
006 (3447350.003.000) 01/30 22:16:06 Image size of job updated: 485368
	414  -  MemoryUsage of job (MB)
	423156  -  ResidentSetSize of job (KB)
...
006 (3447350.003.000) 01/30 22:21:06 Image size of job updated: 485368
	414  -  MemoryUsage of job (MB)
	423196  -  ResidentSetSize of job (KB)
...
006 (3447350.003.000) 01/30 22:26:06 Image size of job updated: 485368
	414  -  MemoryUsage of job (MB)
	423260  -  ResidentSetSize of job (KB)
...
006 (3447350.003.000) 01/30 22:31:08 Image size of job updated: 485368
	414  -  MemoryUsage of job (MB)
	423368  -  ResidentSetSize of job (KB)
...
006 (3447350.003.000) 01/30 22:36:08 Image size of job updated: 485368
	414  -  MemoryUsage of job (MB)
	423464  -  ResidentSetSize of job (KB)
...
006 (3447350.003.000) 01/30 22:46:09 Image size of job updated: 485368
	414  -  MemoryUsage of job (MB)
	423540  -  ResidentSetSize of job (KB)
...
006 (3447350.003.000) 01/30 22:51:10 Image size of job updated: 485368
	414  -  MemoryUsage of job (MB)
	423720  -  ResidentSetSize of job (KB)
...
006 (3447350.003.000) 01/30 23:01:11 Image size of job updated: 485368
	414  -  MemoryUsage of job (MB)
	423880  -  ResidentSetSize of job (KB)
...
006 (3447350.003.000) 01/30 23:06:12 Image size of job updated: 485368
	415  -  MemoryUsage of job (MB)
	423948  -  ResidentSetSize of job (KB)
...
006 (3447350.003.000) 01/30 23:11:12 Image size of job updated: 485368
	415  -  MemoryUsage of job (MB)
	424084  -  ResidentSetSize of job (KB)
...
006 (3447350.003.000) 01/30 23:16:13 Image size of job updated: 485368
	415  -  MemoryUsage of job (MB)
	424228  -  ResidentSetSize of job (KB)
...
006 (3447350.003.000) 01/30 23:21:14 Image size of job updated: 485368
	415  -  MemoryUsage of job (MB)
	424236  -  ResidentSetSize of job (KB)
...
006 (3447350.003.000) 01/30 23:31:15 Image size of job updated: 485368
	415  -  MemoryUsage of job (MB)
	424252  -  ResidentSetSize of job (KB)
...
006 (3447350.003.000) 01/31 00:11:21 Image size of job updated: 485368
	415  -  MemoryUsage of job (MB)
	424320  -  ResidentSetSize of job (KB)
...
006 (3447350.003.000) 01/31 00:16:21 Image size of job updated: 485368
	415  -  MemoryUsage of job (MB)
	424412  -  ResidentSetSize of job (KB)
...
006 (3447350.003.000) 01/31 00:21:21 Image size of job updated: 485368
	415  -  MemoryUsage of job (MB)
	424468  -  ResidentSetSize of job (KB)
...
006 (3447350.003.000) 01/31 00:31:23 Image size of job updated: 485368
	415  -  MemoryUsage of job (MB)
	424512  -  ResidentSetSize of job (KB)
...
006 (3447350.003.000) 01/31 00:36:23 Image size of job updated: 485368
	415  -  MemoryUsage of job (MB)
	424520  -  ResidentSetSize of job (KB)
...
006 (3447350.003.000) 01/31 00:46:24 Image size of job updated: 485368
	415  -  MemoryUsage of job (MB)
	424536  -  ResidentSetSize of job (KB)
...
006 (3447350.003.000) 01/31 00:51:24 Image size of job updated: 485368
	415  -  MemoryUsage of job (MB)
	424588  -  ResidentSetSize of job (KB)
...
006 (3447350.003.000) 01/31 01:01:26 Image size of job updated: 485368
	415  -  MemoryUsage of job (MB)
	424596  -  ResidentSetSize of job (KB)
...
006 (3447350.003.000) 01/31 01:11:26 Image size of job updated: 485368
	415  -  MemoryUsage of job (MB)
	424656  -  ResidentSetSize of job (KB)
...
006 (3447350.003.000) 01/31 01:21:27 Image size of job updated: 485368
	415  -  MemoryUsage of job (MB)
	424664  -  ResidentSetSize of job (KB)
...
006 (3447350.003.000) 01/31 01:31:28 Image size of job updated: 485368
	415  -  MemoryUsage of job (MB)
	424676  -  ResidentSetSize of job (KB)
...
006 (3447350.003.000) 01/31 01:36:29 Image size of job updated: 485368
	415  -  MemoryUsage of job (MB)
	424716  -  ResidentSetSize of job (KB)
...
006 (3447350.003.000) 01/31 01:46:29 Image size of job updated: 485368
	415  -  MemoryUsage of job (MB)
	424724  -  ResidentSetSize of job (KB)
...
006 (3447350.003.000) 01/31 01:56:30 Image size of job updated: 485368
	415  -  MemoryUsage of job (MB)
	424732  -  ResidentSetSize of job (KB)
...
006 (3447350.003.000) 01/31 02:06:31 Image size of job updated: 485368
	415  -  MemoryUsage of job (MB)
	424736  -  ResidentSetSize of job (KB)
...
006 (3447350.003.000) 01/31 02:11:32 Image size of job updated: 485368
	415  -  MemoryUsage of job (MB)
	424760  -  ResidentSetSize of job (KB)
...
006 (3447350.003.000) 01/31 02:16:32 Image size of job updated: 485368
	415  -  MemoryUsage of job (MB)
	424772  -  ResidentSetSize of job (KB)
...
006 (3447350.003.000) 01/31 02:21:33 Image size of job updated: 485368
	415  -  MemoryUsage of job (MB)
	424788  -  ResidentSetSize of job (KB)
...
006 (3447350.003.000) 01/31 02:41:35 Image size of job updated: 485368
	415  -  MemoryUsage of job (MB)
	424796  -  ResidentSetSize of job (KB)
...
006 (3447350.003.000) 01/31 02:56:36 Image size of job updated: 485368
	415  -  MemoryUsage of job (MB)
	424820  -  ResidentSetSize of job (KB)
...
006 (3447350.003.000) 01/31 03:06:37 Image size of job updated: 485368
	415  -  MemoryUsage of job (MB)
	424856  -  ResidentSetSize of job (KB)
...
006 (3447350.003.000) 01/31 03:16:39 Image size of job updated: 485368
	415  -  MemoryUsage of job (MB)
	424868  -  ResidentSetSize of job (KB)
...
006 (3447350.003.000) 01/31 03:51:43 Image size of job updated: 485368
	415  -  MemoryUsage of job (MB)
	424876  -  ResidentSetSize of job (KB)
...
006 (3447350.003.000) 01/31 04:06:45 Image size of job updated: 485368
	415  -  MemoryUsage of job (MB)
	424888  -  ResidentSetSize of job (KB)
...
006 (3447350.003.000) 01/31 04:11:45 Image size of job updated: 485368
	415  -  MemoryUsage of job (MB)
	424892  -  ResidentSetSize of job (KB)
...
006 (3447350.003.000) 01/31 04:21:46 Image size of job updated: 485368
	415  -  MemoryUsage of job (MB)
	424896  -  ResidentSetSize of job (KB)
...
006 (3447350.003.000) 01/31 04:31:46 Image size of job updated: 485368
	415  -  MemoryUsage of job (MB)
	424912  -  ResidentSetSize of job (KB)
...
006 (3447350.003.000) 01/31 04:36:47 Image size of job updated: 485368
	415  -  MemoryUsage of job (MB)
	424924  -  ResidentSetSize of job (KB)
...
006 (3447350.003.000) 01/31 04:41:48 Image size of job updated: 485368
	415  -  MemoryUsage of job (MB)
	424940  -  ResidentSetSize of job (KB)
...
006 (3447350.003.000) 01/31 04:51:49 Image size of job updated: 485368
	416  -  MemoryUsage of job (MB)
	424984  -  ResidentSetSize of job (KB)
...
006 (3447350.003.000) 01/31 04:56:50 Image size of job updated: 485368
	416  -  MemoryUsage of job (MB)
	425000  -  ResidentSetSize of job (KB)
...
006 (3447350.003.000) 01/31 05:06:50 Image size of job updated: 485368
	416  -  MemoryUsage of job (MB)
	425028  -  ResidentSetSize of job (KB)
...
006 (3447350.003.000) 01/31 05:11:51 Image size of job updated: 485368
	416  -  MemoryUsage of job (MB)
	425048  -  ResidentSetSize of job (KB)
...
006 (3447350.003.000) 01/31 05:21:52 Image size of job updated: 485368
	416  -  MemoryUsage of job (MB)
	425068  -  ResidentSetSize of job (KB)
...
006 (3447350.003.000) 01/31 05:56:55 Image size of job updated: 485368
	416  -  MemoryUsage of job (MB)
	425096  -  ResidentSetSize of job (KB)
...
006 (3447350.003.000) 01/31 06:06:57 Image size of job updated: 485368
	416  -  MemoryUsage of job (MB)
	425108  -  ResidentSetSize of job (KB)
...
006 (3447350.003.000) 01/31 06:16:57 Image size of job updated: 485368
	416  -  MemoryUsage of job (MB)
	425116  -  ResidentSetSize of job (KB)
...
006 (3447350.003.000) 01/31 06:26:59 Image size of job updated: 485368
	416  -  MemoryUsage of job (MB)
	425156  -  ResidentSetSize of job (KB)
...
006 (3447350.003.000) 01/31 06:31:59 Image size of job updated: 485368
	416  -  MemoryUsage of job (MB)
	425168  -  ResidentSetSize of job (KB)
...
006 (3447350.003.000) 01/31 06:37:00 Image size of job updated: 485368
	416  -  MemoryUsage of job (MB)
	425196  -  ResidentSetSize of job (KB)
...
006 (3447350.003.000) 01/31 06:47:01 Image size of job updated: 485368
	416  -  MemoryUsage of job (MB)
	425248  -  ResidentSetSize of job (KB)
...
006 (3447350.003.000) 01/31 06:52:01 Image size of job updated: 485368
	416  -  MemoryUsage of job (MB)
	425252  -  ResidentSetSize of job (KB)
...
006 (3447350.003.000) 01/31 06:57:02 Image size of job updated: 485368
	416  -  MemoryUsage of job (MB)
	425272  -  ResidentSetSize of job (KB)
...
006 (3447350.003.000) 01/31 07:07:03 Image size of job updated: 485368
	416  -  MemoryUsage of job (MB)
	425288  -  ResidentSetSize of job (KB)
...
006 (3447350.003.000) 01/31 07:17:05 Image size of job updated: 485368
	416  -  MemoryUsage of job (MB)
	425336  -  ResidentSetSize of job (KB)
...
006 (3447350.003.000) 01/31 07:37:07 Image size of job updated: 485368
	416  -  MemoryUsage of job (MB)
	425368  -  ResidentSetSize of job (KB)
...
006 (3447350.003.000) 01/31 07:57:08 Image size of job updated: 485368
	416  -  MemoryUsage of job (MB)
	425516  -  ResidentSetSize of job (KB)
...
006 (3447350.003.000) 01/31 08:07:09 Image size of job updated: 485368
	416  -  MemoryUsage of job (MB)
	425524  -  ResidentSetSize of job (KB)
...
006 (3447350.003.000) 01/31 08:37:13 Image size of job updated: 485368
	416  -  MemoryUsage of job (MB)
	425552  -  ResidentSetSize of job (KB)
...
006 (3447350.003.000) 01/31 08:42:14 Image size of job updated: 485368
	416  -  MemoryUsage of job (MB)
	425576  -  ResidentSetSize of job (KB)
...
006 (3447350.003.000) 01/31 08:57:16 Image size of job updated: 485368
	416  -  MemoryUsage of job (MB)
	425608  -  ResidentSetSize of job (KB)
...
006 (3447350.003.000) 01/31 09:02:16 Image size of job updated: 485368
	416  -  MemoryUsage of job (MB)
	425632  -  ResidentSetSize of job (KB)
...
006 (3447350.003.000) 01/31 09:07:16 Image size of job updated: 485368
	416  -  MemoryUsage of job (MB)
	425660  -  ResidentSetSize of job (KB)
...
006 (3447350.003.000) 01/31 09:12:17 Image size of job updated: 485368
	416  -  MemoryUsage of job (MB)
	425716  -  ResidentSetSize of job (KB)
...
006 (3447350.003.000) 01/31 09:17:17 Image size of job updated: 485368
	416  -  MemoryUsage of job (MB)
	425752  -  ResidentSetSize of job (KB)
...
006 (3447350.003.000) 01/31 09:22:17 Image size of job updated: 485368
	416  -  MemoryUsage of job (MB)
	425828  -  ResidentSetSize of job (KB)
...
006 (3447350.003.000) 01/31 09:32:19 Image size of job updated: 485368
	416  -  MemoryUsage of job (MB)
	425852  -  ResidentSetSize of job (KB)
...
006 (3447350.003.000) 01/31 09:37:19 Image size of job updated: 485368
	416  -  MemoryUsage of job (MB)
	425876  -  ResidentSetSize of job (KB)
...
006 (3447350.003.000) 01/31 09:47:20 Image size of job updated: 485368
	416  -  MemoryUsage of job (MB)
	425900  -  ResidentSetSize of job (KB)
...
006 (3447350.003.000) 01/31 09:52:20 Image size of job updated: 485368
	416  -  MemoryUsage of job (MB)
	425928  -  ResidentSetSize of job (KB)
...
006 (3447350.003.000) 01/31 09:57:20 Image size of job updated: 485368
	416  -  MemoryUsage of job (MB)
	425976  -  ResidentSetSize of job (KB)
...
006 (3447350.003.000) 01/31 10:02:21 Image size of job updated: 485368
	417  -  MemoryUsage of job (MB)
	426020  -  ResidentSetSize of job (KB)
...
006 (3447350.003.000) 01/31 10:07:22 Image size of job updated: 485368
	417  -  MemoryUsage of job (MB)
	426024  -  ResidentSetSize of job (KB)
...
006 (3447350.003.000) 01/31 10:17:22 Image size of job updated: 485368
	417  -  MemoryUsage of job (MB)
	426032  -  ResidentSetSize of job (KB)
...
006 (3447350.003.000) 01/31 10:22:23 Image size of job updated: 485368
	417  -  MemoryUsage of job (MB)
	426048  -  ResidentSetSize of job (KB)
...
006 (3447350.003.000) 01/31 10:32:23 Image size of job updated: 485368
	417  -  MemoryUsage of job (MB)
	426060  -  ResidentSetSize of job (KB)
...
006 (3447350.003.000) 01/31 10:37:24 Image size of job updated: 485368
	417  -  MemoryUsage of job (MB)
	426068  -  ResidentSetSize of job (KB)
...
006 (3447350.003.000) 01/31 10:42:25 Image size of job updated: 485368
	417  -  MemoryUsage of job (MB)
	426076  -  ResidentSetSize of job (KB)
...
006 (3447350.003.000) 01/31 10:47:25 Image size of job updated: 485368
	417  -  MemoryUsage of job (MB)
	426088  -  ResidentSetSize of job (KB)
...
006 (3447350.003.000) 01/31 11:07:27 Image size of job updated: 485368
	417  -  MemoryUsage of job (MB)
	426128  -  ResidentSetSize of job (KB)
...
006 (3447350.003.000) 01/31 11:12:28 Image size of job updated: 485368
	417  -  MemoryUsage of job (MB)
	426148  -  ResidentSetSize of job (KB)
...
006 (3447350.003.000) 01/31 11:17:29 Image size of job updated: 485368
	417  -  MemoryUsage of job (MB)
	426152  -  ResidentSetSize of job (KB)
...
006 (3447350.003.000) 01/31 11:22:29 Image size of job updated: 485368
	417  -  MemoryUsage of job (MB)
	426172  -  ResidentSetSize of job (KB)
...
006 (3447350.003.000) 01/31 11:37:31 Image size of job updated: 485368
	417  -  MemoryUsage of job (MB)
	426228  -  ResidentSetSize of job (KB)
...
006 (3447350.003.000) 01/31 11:42:31 Image size of job updated: 485368
	417  -  MemoryUsage of job (MB)
	426240  -  ResidentSetSize of job (KB)
...
006 (3447350.003.000) 01/31 12:12:34 Image size of job updated: 485368
	417  -  MemoryUsage of job (MB)
	426244  -  ResidentSetSize of job (KB)
...
006 (3447350.003.000) 01/31 12:17:35 Image size of job updated: 485368
	417  -  MemoryUsage of job (MB)
	426260  -  ResidentSetSize of job (KB)
...
006 (3447350.003.000) 01/31 12:37:38 Image size of job updated: 485368
	417  -  MemoryUsage of job (MB)
	426268  -  ResidentSetSize of job (KB)
...
006 (3447350.003.000) 01/31 12:47:38 Image size of job updated: 485368
	417  -  MemoryUsage of job (MB)
	426296  -  ResidentSetSize of job (KB)
...
006 (3447350.003.000) 01/31 12:52:40 Image size of job updated: 485368
	417  -  MemoryUsage of job (MB)
	426308  -  ResidentSetSize of job (KB)
...
006 (3447350.003.000) 01/31 12:57:40 Image size of job updated: 485368
	417  -  MemoryUsage of job (MB)
	426312  -  ResidentSetSize of job (KB)
...
006 (3447350.003.000) 01/31 13:02:40 Image size of job updated: 485368
	417  -  MemoryUsage of job (MB)
	426316  -  ResidentSetSize of job (KB)
...
006 (3447350.003.000) 01/31 13:07:41 Image size of job updated: 485368
	417  -  MemoryUsage of job (MB)
	426340  -  ResidentSetSize of job (KB)
...
006 (3447350.003.000) 01/31 13:12:42 Image size of job updated: 485368
	417  -  MemoryUsage of job (MB)
	426360  -  ResidentSetSize of job (KB)
...
006 (3447350.003.000) 01/31 13:17:42 Image size of job updated: 485368
	417  -  MemoryUsage of job (MB)
	426376  -  ResidentSetSize of job (KB)
...
006 (3447350.003.000) 01/31 13:22:43 Image size of job updated: 485368
	417  -  MemoryUsage of job (MB)
	426384  -  ResidentSetSize of job (KB)
...
006 (3447350.003.000) 01/31 13:57:46 Image size of job updated: 485368
	417  -  MemoryUsage of job (MB)
	426408  -  ResidentSetSize of job (KB)
...
006 (3447350.003.000) 01/31 14:17:49 Image size of job updated: 485368
	417  -  MemoryUsage of job (MB)
	426420  -  ResidentSetSize of job (KB)
...
006 (3447350.003.000) 01/31 14:22:49 Image size of job updated: 485368
	417  -  MemoryUsage of job (MB)
	426436  -  ResidentSetSize of job (KB)
...
006 (3447350.003.000) 01/31 14:32:50 Image size of job updated: 485368
	417  -  MemoryUsage of job (MB)
	426480  -  ResidentSetSize of job (KB)
...
006 (3447350.003.000) 01/31 14:37:50 Image size of job updated: 485368
	417  -  MemoryUsage of job (MB)
	426484  -  ResidentSetSize of job (KB)
...
006 (3447350.003.000) 01/31 14:42:50 Image size of job updated: 485368
	417  -  MemoryUsage of job (MB)
	426504  -  ResidentSetSize of job (KB)
...
006 (3447350.003.000) 01/31 14:47:51 Image size of job updated: 485368
	417  -  MemoryUsage of job (MB)
	426512  -  ResidentSetSize of job (KB)
...
006 (3447350.003.000) 01/31 14:57:52 Image size of job updated: 485368
	417  -  MemoryUsage of job (MB)
	426536  -  ResidentSetSize of job (KB)
...
006 (3447350.003.000) 01/31 15:02:53 Image size of job updated: 485368
	417  -  MemoryUsage of job (MB)
	426552  -  ResidentSetSize of job (KB)
...
006 (3447350.003.000) 01/31 15:22:55 Image size of job updated: 485368
	417  -  MemoryUsage of job (MB)
	426584  -  ResidentSetSize of job (KB)
...
006 (3447350.003.000) 01/31 15:32:56 Image size of job updated: 485368
	417  -  MemoryUsage of job (MB)
	426596  -  ResidentSetSize of job (KB)
...
006 (3447350.003.000) 01/31 16:13:01 Image size of job updated: 485368
	417  -  MemoryUsage of job (MB)
	426608  -  ResidentSetSize of job (KB)
...
040 (3447350.003.000) 02/01 07:54:07 Started transferring input files
	Transferring to host: <188.184.205.165:9618?addrs=188.184.205.165-9618+[2001-1458-301-7d--100-1a0]-9618&noUDP&sock=4130_b561_84208>
...
040 (3447350.003.000) 02/01 07:54:07 Finished transferring input files
...
001 (3447350.003.000) 02/01 07:54:08 Job executing on host: <188.184.205.165:9618?addrs=188.184.205.165-9618+[2001-1458-301-7d--100-1a0]-9618&noUDP&sock=2342_fee4_3>
...
006 (3447350.003.000) 02/01 07:54:56 Image size of job updated: 1400272
	440  -  MemoryUsage of job (MB)
	450000  -  ResidentSetSize of job (KB)
...
040 (3447350.003.000) 02/01 07:54:56 Started transferring output files
...
040 (3447350.003.000) 02/01 07:54:56 Finished transferring output files
...
005 (3447350.003.000) 02/01 07:54:56 Job terminated.
	(1) Normal termination (return value 0)
		Usr 0 00:00:07, Sys 0 00:00:05  -  Run Remote Usage
		Usr 0 00:00:00, Sys 0 00:00:00  -  Run Local Usage
		Usr 0 00:00:07, Sys 0 00:00:05  -  Total Remote Usage
		Usr 0 00:00:00, Sys 0 00:00:00  -  Total Local Usage
	9715  -  Run Bytes Sent By Job
	493  -  Run Bytes Received By Job
	9715  -  Total Bytes Sent By Job
	986  -  Total Bytes Received By Job
	Partitionable Resources :    Usage  Request Allocated 
	   Cpus                 :                 1           
	   Disk (KB)            :       24       35   2071679 
	   Memory (MB)          :      440     2000      2000 
...
