000 (3447350.000.000) 01/30 00:59:39 Job submitted from host: <188.185.71.142:9618?addrs=188.185.71.142-9618+[2001-1458-d00-7--100-388]-9618&alias=bigbird09.cern.ch&noUDP&sock=schedd_2208_1533_7>
...
040 (3447350.000.000) 01/30 04:11:58 Started transferring input files
	Transferring to host: <188.184.139.178:9618?addrs=188.184.139.178-9618+[2001-1458-301-45--100-1ac]-9618&noUDP&sock=17834_6a8e_35512>
...
040 (3447350.000.000) 01/30 04:11:58 Finished transferring input files
...
001 (3447350.000.000) 01/30 04:11:59 Job executing on host: <188.184.139.178:9618?addrs=188.184.139.178-9618+[2001-1458-301-45--100-1ac]-9618&noUDP&sock=5628_eb19_3>
...
006 (3447350.000.000) 01/30 04:12:08 Image size of job updated: 864
	1  -  MemoryUsage of job (MB)
	864  -  ResidentSetSize of job (KB)
...
006 (3447350.000.000) 01/30 04:17:09 Image size of job updated: 434248
	391  -  MemoryUsage of job (MB)
	399392  -  ResidentSetSize of job (KB)
...
006 (3447350.000.000) 01/30 04:22:09 Image size of job updated: 444484
	400  -  MemoryUsage of job (MB)
	409576  -  ResidentSetSize of job (KB)
...
006 (3447350.000.000) 01/30 04:37:11 Image size of job updated: 444488
	400  -  MemoryUsage of job (MB)
	409580  -  ResidentSetSize of job (KB)
...
006 (3447350.000.000) 01/30 04:52:13 Image size of job updated: 444492
	400  -  MemoryUsage of job (MB)
	409584  -  ResidentSetSize of job (KB)
...
006 (3447350.000.000) 01/30 05:17:15 Image size of job updated: 444508
	400  -  MemoryUsage of job (MB)
	409600  -  ResidentSetSize of job (KB)
...
006 (3447350.000.000) 01/30 05:22:16 Image size of job updated: 444512
	401  -  MemoryUsage of job (MB)
	409604  -  ResidentSetSize of job (KB)
...
006 (3447350.000.000) 01/30 06:27:22 Image size of job updated: 444548
	401  -  MemoryUsage of job (MB)
	409640  -  ResidentSetSize of job (KB)
...
006 (3447350.000.000) 01/30 06:32:22 Image size of job updated: 444608
	401  -  MemoryUsage of job (MB)
	409700  -  ResidentSetSize of job (KB)
...
006 (3447350.000.000) 01/30 06:37:23 Image size of job updated: 444676
	401  -  MemoryUsage of job (MB)
	409768  -  ResidentSetSize of job (KB)
...
006 (3447350.000.000) 01/30 06:42:23 Image size of job updated: 444740
	401  -  MemoryUsage of job (MB)
	409832  -  ResidentSetSize of job (KB)
...
006 (3447350.000.000) 01/30 06:47:23 Image size of job updated: 444840
	401  -  MemoryUsage of job (MB)
	409932  -  ResidentSetSize of job (KB)
...
006 (3447350.000.000) 01/30 06:52:24 Image size of job updated: 444948
	401  -  MemoryUsage of job (MB)
	410040  -  ResidentSetSize of job (KB)
...
006 (3447350.000.000) 01/30 06:57:25 Image size of job updated: 445044
	401  -  MemoryUsage of job (MB)
	410136  -  ResidentSetSize of job (KB)
...
006 (3447350.000.000) 01/30 07:02:25 Image size of job updated: 445056
	401  -  MemoryUsage of job (MB)
	410148  -  ResidentSetSize of job (KB)
...
006 (3447350.000.000) 01/30 07:07:25 Image size of job updated: 445128
	401  -  MemoryUsage of job (MB)
	410220  -  ResidentSetSize of job (KB)
...
006 (3447350.000.000) 01/30 07:12:26 Image size of job updated: 445304
	401  -  MemoryUsage of job (MB)
	410396  -  ResidentSetSize of job (KB)
...
006 (3447350.000.000) 01/30 07:17:26 Image size of job updated: 445416
	401  -  MemoryUsage of job (MB)
	410508  -  ResidentSetSize of job (KB)
...
006 (3447350.000.000) 01/30 07:22:26 Image size of job updated: 445492
	401  -  MemoryUsage of job (MB)
	410584  -  ResidentSetSize of job (KB)
...
006 (3447350.000.000) 01/30 07:27:27 Image size of job updated: 445668
	402  -  MemoryUsage of job (MB)
	410760  -  ResidentSetSize of job (KB)
...
006 (3447350.000.000) 01/30 07:32:28 Image size of job updated: 445748
	402  -  MemoryUsage of job (MB)
	410840  -  ResidentSetSize of job (KB)
...
006 (3447350.000.000) 01/30 07:37:28 Image size of job updated: 445796
	402  -  MemoryUsage of job (MB)
	410888  -  ResidentSetSize of job (KB)
...
006 (3447350.000.000) 01/30 07:42:28 Image size of job updated: 445904
	402  -  MemoryUsage of job (MB)
	410996  -  ResidentSetSize of job (KB)
...
006 (3447350.000.000) 01/30 07:47:29 Image size of job updated: 446008
	402  -  MemoryUsage of job (MB)
	411100  -  ResidentSetSize of job (KB)
...
006 (3447350.000.000) 01/30 07:52:29 Image size of job updated: 446108
	402  -  MemoryUsage of job (MB)
	411200  -  ResidentSetSize of job (KB)
...
006 (3447350.000.000) 01/30 08:02:30 Image size of job updated: 446340
	402  -  MemoryUsage of job (MB)
	411432  -  ResidentSetSize of job (KB)
...
006 (3447350.000.000) 01/30 08:07:31 Image size of job updated: 446440
	402  -  MemoryUsage of job (MB)
	411532  -  ResidentSetSize of job (KB)
...
006 (3447350.000.000) 01/30 08:12:31 Image size of job updated: 446572
	403  -  MemoryUsage of job (MB)
	411664  -  ResidentSetSize of job (KB)
...
006 (3447350.000.000) 01/30 08:17:31 Image size of job updated: 446576
	403  -  MemoryUsage of job (MB)
	411668  -  ResidentSetSize of job (KB)
...
006 (3447350.000.000) 01/30 08:32:33 Image size of job updated: 446588
	403  -  MemoryUsage of job (MB)
	411680  -  ResidentSetSize of job (KB)
...
006 (3447350.000.000) 01/30 08:37:34 Image size of job updated: 446612
	403  -  MemoryUsage of job (MB)
	411704  -  ResidentSetSize of job (KB)
...
006 (3447350.000.000) 01/30 08:42:35 Image size of job updated: 446656
	403  -  MemoryUsage of job (MB)
	411748  -  ResidentSetSize of job (KB)
...
006 (3447350.000.000) 01/30 08:47:35 Image size of job updated: 446728
	403  -  MemoryUsage of job (MB)
	411820  -  ResidentSetSize of job (KB)
...
006 (3447350.000.000) 01/30 08:52:35 Image size of job updated: 446788
	403  -  MemoryUsage of job (MB)
	411880  -  ResidentSetSize of job (KB)
...
006 (3447350.000.000) 01/30 08:57:36 Image size of job updated: 446812
	403  -  MemoryUsage of job (MB)
	411904  -  ResidentSetSize of job (KB)
...
006 (3447350.000.000) 01/30 09:37:41 Image size of job updated: 446828
	403  -  MemoryUsage of job (MB)
	411920  -  ResidentSetSize of job (KB)
...
006 (3447350.000.000) 01/30 09:42:41 Image size of job updated: 446840
	403  -  MemoryUsage of job (MB)
	411932  -  ResidentSetSize of job (KB)
...
006 (3447350.000.000) 01/30 09:47:41 Image size of job updated: 446868
	403  -  MemoryUsage of job (MB)
	411960  -  ResidentSetSize of job (KB)
...
006 (3447350.000.000) 01/30 09:52:42 Image size of job updated: 446884
	403  -  MemoryUsage of job (MB)
	411976  -  ResidentSetSize of job (KB)
...
006 (3447350.000.000) 01/30 10:02:43 Image size of job updated: 446916
	403  -  MemoryUsage of job (MB)
	412008  -  ResidentSetSize of job (KB)
...
006 (3447350.000.000) 01/30 10:07:43 Image size of job updated: 447060
	403  -  MemoryUsage of job (MB)
	412152  -  ResidentSetSize of job (KB)
...
006 (3447350.000.000) 01/30 10:12:44 Image size of job updated: 447248
	403  -  MemoryUsage of job (MB)
	412340  -  ResidentSetSize of job (KB)
...
006 (3447350.000.000) 01/30 10:17:45 Image size of job updated: 447360
	403  -  MemoryUsage of job (MB)
	412452  -  ResidentSetSize of job (KB)
...
006 (3447350.000.000) 01/30 10:22:45 Image size of job updated: 447464
	403  -  MemoryUsage of job (MB)
	412556  -  ResidentSetSize of job (KB)
...
006 (3447350.000.000) 01/30 10:27:46 Image size of job updated: 447544
	403  -  MemoryUsage of job (MB)
	412636  -  ResidentSetSize of job (KB)
...
006 (3447350.000.000) 01/30 10:37:47 Image size of job updated: 447652
	404  -  MemoryUsage of job (MB)
	412744  -  ResidentSetSize of job (KB)
...
006 (3447350.000.000) 01/30 10:42:47 Image size of job updated: 447856
	404  -  MemoryUsage of job (MB)
	412948  -  ResidentSetSize of job (KB)
...
006 (3447350.000.000) 01/30 10:47:48 Image size of job updated: 447900
	404  -  MemoryUsage of job (MB)
	412992  -  ResidentSetSize of job (KB)
...
006 (3447350.000.000) 01/30 10:52:49 Image size of job updated: 447996
	404  -  MemoryUsage of job (MB)
	413088  -  ResidentSetSize of job (KB)
...
006 (3447350.000.000) 01/30 10:57:49 Image size of job updated: 448036
	404  -  MemoryUsage of job (MB)
	413128  -  ResidentSetSize of job (KB)
...
006 (3447350.000.000) 01/30 11:02:49 Image size of job updated: 448144
	404  -  MemoryUsage of job (MB)
	413236  -  ResidentSetSize of job (KB)
...
006 (3447350.000.000) 01/30 11:07:50 Image size of job updated: 448344
	404  -  MemoryUsage of job (MB)
	413436  -  ResidentSetSize of job (KB)
...
006 (3447350.000.000) 01/30 11:12:50 Image size of job updated: 448396
	404  -  MemoryUsage of job (MB)
	413488  -  ResidentSetSize of job (KB)
...
006 (3447350.000.000) 01/30 11:17:50 Image size of job updated: 448476
	404  -  MemoryUsage of job (MB)
	413568  -  ResidentSetSize of job (KB)
...
006 (3447350.000.000) 01/30 11:22:51 Image size of job updated: 448536
	404  -  MemoryUsage of job (MB)
	413628  -  ResidentSetSize of job (KB)
...
006 (3447350.000.000) 01/30 11:27:52 Image size of job updated: 448688
	405  -  MemoryUsage of job (MB)
	413780  -  ResidentSetSize of job (KB)
...
006 (3447350.000.000) 01/30 11:32:52 Image size of job updated: 448804
	405  -  MemoryUsage of job (MB)
	413896  -  ResidentSetSize of job (KB)
...
006 (3447350.000.000) 01/30 11:37:52 Image size of job updated: 448932
	405  -  MemoryUsage of job (MB)
	414024  -  ResidentSetSize of job (KB)
...
006 (3447350.000.000) 01/30 11:42:53 Image size of job updated: 449012
	405  -  MemoryUsage of job (MB)
	414104  -  ResidentSetSize of job (KB)
...
006 (3447350.000.000) 01/30 11:47:54 Image size of job updated: 449160
	405  -  MemoryUsage of job (MB)
	414252  -  ResidentSetSize of job (KB)
...
006 (3447350.000.000) 01/30 11:52:54 Image size of job updated: 449280
	405  -  MemoryUsage of job (MB)
	414372  -  ResidentSetSize of job (KB)
...
006 (3447350.000.000) 01/30 11:57:55 Image size of job updated: 449356
	405  -  MemoryUsage of job (MB)
	414448  -  ResidentSetSize of job (KB)
...
006 (3447350.000.000) 01/30 12:02:56 Image size of job updated: 449444
	405  -  MemoryUsage of job (MB)
	414536  -  ResidentSetSize of job (KB)
...
006 (3447350.000.000) 01/30 12:07:56 Image size of job updated: 449612
	405  -  MemoryUsage of job (MB)
	414704  -  ResidentSetSize of job (KB)
...
006 (3447350.000.000) 01/30 12:12:56 Image size of job updated: 449852
	406  -  MemoryUsage of job (MB)
	414944  -  ResidentSetSize of job (KB)
...
006 (3447350.000.000) 01/30 12:17:57 Image size of job updated: 450064
	406  -  MemoryUsage of job (MB)
	415156  -  ResidentSetSize of job (KB)
...
006 (3447350.000.000) 01/30 12:22:58 Image size of job updated: 450216
	406  -  MemoryUsage of job (MB)
	415308  -  ResidentSetSize of job (KB)
...
006 (3447350.000.000) 01/30 12:27:58 Image size of job updated: 450432
	406  -  MemoryUsage of job (MB)
	415524  -  ResidentSetSize of job (KB)
...
006 (3447350.000.000) 01/30 13:13:03 Image size of job updated: 450692
	407  -  MemoryUsage of job (MB)
	415784  -  ResidentSetSize of job (KB)
...
006 (3447350.000.000) 01/30 13:18:03 Image size of job updated: 451032
	407  -  MemoryUsage of job (MB)
	416124  -  ResidentSetSize of job (KB)
...
006 (3447350.000.000) 01/30 13:48:06 Image size of job updated: 451032
	407  -  MemoryUsage of job (MB)
	416136  -  ResidentSetSize of job (KB)
...
006 (3447350.000.000) 01/30 13:53:07 Image size of job updated: 451032
	407  -  MemoryUsage of job (MB)
	416164  -  ResidentSetSize of job (KB)
...
006 (3447350.000.000) 01/30 13:58:07 Image size of job updated: 451032
	407  -  MemoryUsage of job (MB)
	416248  -  ResidentSetSize of job (KB)
...
006 (3447350.000.000) 01/30 14:03:08 Image size of job updated: 451032
	407  -  MemoryUsage of job (MB)
	416340  -  ResidentSetSize of job (KB)
...
006 (3447350.000.000) 01/30 14:08:08 Image size of job updated: 451032
	408  -  MemoryUsage of job (MB)
	417416  -  ResidentSetSize of job (KB)
...
006 (3447350.000.000) 01/30 14:13:08 Image size of job updated: 451032
	409  -  MemoryUsage of job (MB)
	417820  -  ResidentSetSize of job (KB)
...
006 (3447350.000.000) 01/30 14:18:10 Image size of job updated: 451032
	410  -  MemoryUsage of job (MB)
	419108  -  ResidentSetSize of job (KB)
...
006 (3447350.000.000) 01/30 14:23:10 Image size of job updated: 451032
	410  -  MemoryUsage of job (MB)
	419228  -  ResidentSetSize of job (KB)
...
006 (3447350.000.000) 01/30 14:28:10 Image size of job updated: 451032
	410  -  MemoryUsage of job (MB)
	419348  -  ResidentSetSize of job (KB)
...
006 (3447350.000.000) 01/30 14:33:11 Image size of job updated: 451032
	410  -  MemoryUsage of job (MB)
	419392  -  ResidentSetSize of job (KB)
...
006 (3447350.000.000) 01/30 14:38:12 Image size of job updated: 451032
	410  -  MemoryUsage of job (MB)
	419596  -  ResidentSetSize of job (KB)
...
006 (3447350.000.000) 01/30 14:48:13 Image size of job updated: 451032
	410  -  MemoryUsage of job (MB)
	419732  -  ResidentSetSize of job (KB)
...
006 (3447350.000.000) 01/30 14:53:14 Image size of job updated: 451032
	411  -  MemoryUsage of job (MB)
	419896  -  ResidentSetSize of job (KB)
...
006 (3447350.000.000) 01/30 14:58:14 Image size of job updated: 451032
	411  -  MemoryUsage of job (MB)
	419956  -  ResidentSetSize of job (KB)
...
006 (3447350.000.000) 01/30 15:03:14 Image size of job updated: 451032
	411  -  MemoryUsage of job (MB)
	420052  -  ResidentSetSize of job (KB)
...
006 (3447350.000.000) 01/30 15:08:15 Image size of job updated: 451032
	411  -  MemoryUsage of job (MB)
	420180  -  ResidentSetSize of job (KB)
...
006 (3447350.000.000) 01/30 15:13:16 Image size of job updated: 451032
	411  -  MemoryUsage of job (MB)
	420248  -  ResidentSetSize of job (KB)
...
006 (3447350.000.000) 01/30 15:18:16 Image size of job updated: 451032
	411  -  MemoryUsage of job (MB)
	420324  -  ResidentSetSize of job (KB)
...
006 (3447350.000.000) 01/30 15:23:16 Image size of job updated: 451032
	411  -  MemoryUsage of job (MB)
	420444  -  ResidentSetSize of job (KB)
...
006 (3447350.000.000) 01/30 15:28:17 Image size of job updated: 451032
	411  -  MemoryUsage of job (MB)
	420572  -  ResidentSetSize of job (KB)
...
006 (3447350.000.000) 01/30 15:33:18 Image size of job updated: 451032
	411  -  MemoryUsage of job (MB)
	420624  -  ResidentSetSize of job (KB)
...
006 (3447350.000.000) 01/30 15:38:18 Image size of job updated: 451032
	411  -  MemoryUsage of job (MB)
	420684  -  ResidentSetSize of job (KB)
...
006 (3447350.000.000) 01/30 15:43:18 Image size of job updated: 451032
	411  -  MemoryUsage of job (MB)
	420752  -  ResidentSetSize of job (KB)
...
006 (3447350.000.000) 01/30 15:48:19 Image size of job updated: 451032
	411  -  MemoryUsage of job (MB)
	420796  -  ResidentSetSize of job (KB)
...
006 (3447350.000.000) 01/30 15:53:19 Image size of job updated: 451032
	412  -  MemoryUsage of job (MB)
	420904  -  ResidentSetSize of job (KB)
...
006 (3447350.000.000) 01/30 15:58:19 Image size of job updated: 451032
	412  -  MemoryUsage of job (MB)
	420960  -  ResidentSetSize of job (KB)
...
006 (3447350.000.000) 01/30 16:03:20 Image size of job updated: 451032
	412  -  MemoryUsage of job (MB)
	421084  -  ResidentSetSize of job (KB)
...
006 (3447350.000.000) 01/30 16:08:21 Image size of job updated: 451032
	412  -  MemoryUsage of job (MB)
	421180  -  ResidentSetSize of job (KB)
...
006 (3447350.000.000) 01/30 16:13:21 Image size of job updated: 451032
	412  -  MemoryUsage of job (MB)
	421224  -  ResidentSetSize of job (KB)
...
006 (3447350.000.000) 01/30 16:18:21 Image size of job updated: 451032
	412  -  MemoryUsage of job (MB)
	421348  -  ResidentSetSize of job (KB)
...
006 (3447350.000.000) 01/30 16:28:23 Image size of job updated: 451032
	412  -  MemoryUsage of job (MB)
	421452  -  ResidentSetSize of job (KB)
...
006 (3447350.000.000) 01/30 16:33:23 Image size of job updated: 451032
	412  -  MemoryUsage of job (MB)
	421568  -  ResidentSetSize of job (KB)
...
006 (3447350.000.000) 01/30 16:38:23 Image size of job updated: 451032
	412  -  MemoryUsage of job (MB)
	421756  -  ResidentSetSize of job (KB)
...
006 (3447350.000.000) 01/30 16:43:24 Image size of job updated: 451032
	412  -  MemoryUsage of job (MB)
	421764  -  ResidentSetSize of job (KB)
...
006 (3447350.000.000) 01/30 16:48:25 Image size of job updated: 451032
	412  -  MemoryUsage of job (MB)
	421848  -  ResidentSetSize of job (KB)
...
006 (3447350.000.000) 01/30 16:53:25 Image size of job updated: 451032
	413  -  MemoryUsage of job (MB)
	422020  -  ResidentSetSize of job (KB)
...
006 (3447350.000.000) 01/30 16:58:26 Image size of job updated: 451032
	413  -  MemoryUsage of job (MB)
	422088  -  ResidentSetSize of job (KB)
...
006 (3447350.000.000) 01/30 17:03:27 Image size of job updated: 451032
	413  -  MemoryUsage of job (MB)
	422256  -  ResidentSetSize of job (KB)
...
006 (3447350.000.000) 01/30 17:08:27 Image size of job updated: 451032
	413  -  MemoryUsage of job (MB)
	422312  -  ResidentSetSize of job (KB)
...
006 (3447350.000.000) 01/30 17:13:27 Image size of job updated: 451032
	413  -  MemoryUsage of job (MB)
	422400  -  ResidentSetSize of job (KB)
...
006 (3447350.000.000) 01/30 17:18:28 Image size of job updated: 451032
	413  -  MemoryUsage of job (MB)
	422628  -  ResidentSetSize of job (KB)
...
006 (3447350.000.000) 01/30 17:23:29 Image size of job updated: 451032
	413  -  MemoryUsage of job (MB)
	422668  -  ResidentSetSize of job (KB)
...
006 (3447350.000.000) 01/30 17:28:30 Image size of job updated: 451032
	413  -  MemoryUsage of job (MB)
	422736  -  ResidentSetSize of job (KB)
...
006 (3447350.000.000) 01/30 17:33:31 Image size of job updated: 451032
	414  -  MemoryUsage of job (MB)
	422920  -  ResidentSetSize of job (KB)
...
006 (3447350.000.000) 01/30 17:38:31 Image size of job updated: 451032
	414  -  MemoryUsage of job (MB)
	422956  -  ResidentSetSize of job (KB)
...
006 (3447350.000.000) 01/30 17:43:31 Image size of job updated: 451032
	414  -  MemoryUsage of job (MB)
	423180  -  ResidentSetSize of job (KB)
...
006 (3447350.000.000) 01/30 17:48:32 Image size of job updated: 451032
	414  -  MemoryUsage of job (MB)
	423268  -  ResidentSetSize of job (KB)
...
006 (3447350.000.000) 01/30 17:53:33 Image size of job updated: 451032
	414  -  MemoryUsage of job (MB)
	423596  -  ResidentSetSize of job (KB)
...
006 (3447350.000.000) 01/30 17:58:33 Image size of job updated: 451032
	414  -  MemoryUsage of job (MB)
	423708  -  ResidentSetSize of job (KB)
...
006 (3447350.000.000) 01/30 18:08:34 Image size of job updated: 451032
	414  -  MemoryUsage of job (MB)
	423784  -  ResidentSetSize of job (KB)
...
006 (3447350.000.000) 01/30 19:03:40 Image size of job updated: 451032
	414  -  MemoryUsage of job (MB)
	423864  -  ResidentSetSize of job (KB)
...
006 (3447350.000.000) 01/30 19:08:41 Image size of job updated: 451032
	414  -  MemoryUsage of job (MB)
	423876  -  ResidentSetSize of job (KB)
...
006 (3447350.000.000) 01/30 19:13:41 Image size of job updated: 451032
	414  -  MemoryUsage of job (MB)
	423920  -  ResidentSetSize of job (KB)
...
006 (3447350.000.000) 01/30 19:18:41 Image size of job updated: 451032
	415  -  MemoryUsage of job (MB)
	423944  -  ResidentSetSize of job (KB)
...
006 (3447350.000.000) 01/30 19:28:42 Image size of job updated: 451032
	415  -  MemoryUsage of job (MB)
	424044  -  ResidentSetSize of job (KB)
...
006 (3447350.000.000) 01/30 19:33:42 Image size of job updated: 451032
	415  -  MemoryUsage of job (MB)
	424072  -  ResidentSetSize of job (KB)
...
006 (3447350.000.000) 01/30 19:48:44 Image size of job updated: 451032
	415  -  MemoryUsage of job (MB)
	424096  -  ResidentSetSize of job (KB)
...
006 (3447350.000.000) 01/30 19:53:44 Image size of job updated: 451032
	415  -  MemoryUsage of job (MB)
	424148  -  ResidentSetSize of job (KB)
...
006 (3447350.000.000) 01/30 19:58:45 Image size of job updated: 451032
	415  -  MemoryUsage of job (MB)
	424156  -  ResidentSetSize of job (KB)
...
006 (3447350.000.000) 01/30 20:03:45 Image size of job updated: 451032
	415  -  MemoryUsage of job (MB)
	424160  -  ResidentSetSize of job (KB)
...
006 (3447350.000.000) 01/30 20:08:45 Image size of job updated: 451032
	415  -  MemoryUsage of job (MB)
	424168  -  ResidentSetSize of job (KB)
...
006 (3447350.000.000) 01/30 20:18:47 Image size of job updated: 451032
	415  -  MemoryUsage of job (MB)
	424208  -  ResidentSetSize of job (KB)
...
006 (3447350.000.000) 01/30 20:28:47 Image size of job updated: 451032
	415  -  MemoryUsage of job (MB)
	424256  -  ResidentSetSize of job (KB)
...
006 (3447350.000.000) 01/30 20:33:48 Image size of job updated: 451032
	415  -  MemoryUsage of job (MB)
	424264  -  ResidentSetSize of job (KB)
...
006 (3447350.000.000) 01/30 20:48:49 Image size of job updated: 451032
	415  -  MemoryUsage of job (MB)
	424272  -  ResidentSetSize of job (KB)
...
006 (3447350.000.000) 01/30 20:53:50 Image size of job updated: 451032
	415  -  MemoryUsage of job (MB)
	424320  -  ResidentSetSize of job (KB)
...
006 (3447350.000.000) 01/30 21:23:52 Image size of job updated: 451032
	415  -  MemoryUsage of job (MB)
	424336  -  ResidentSetSize of job (KB)
...
006 (3447350.000.000) 01/30 21:33:54 Image size of job updated: 451032
	415  -  MemoryUsage of job (MB)
	424348  -  ResidentSetSize of job (KB)
...
006 (3447350.000.000) 01/30 21:38:54 Image size of job updated: 451032
	415  -  MemoryUsage of job (MB)
	424380  -  ResidentSetSize of job (KB)
...
006 (3447350.000.000) 01/30 21:48:55 Image size of job updated: 451032
	415  -  MemoryUsage of job (MB)
	424388  -  ResidentSetSize of job (KB)
...
006 (3447350.000.000) 01/30 21:58:56 Image size of job updated: 451032
	415  -  MemoryUsage of job (MB)
	424408  -  ResidentSetSize of job (KB)
...
006 (3447350.000.000) 01/30 22:03:56 Image size of job updated: 451032
	415  -  MemoryUsage of job (MB)
	424448  -  ResidentSetSize of job (KB)
...
006 (3447350.000.000) 01/30 22:13:58 Image size of job updated: 451032
	415  -  MemoryUsage of job (MB)
	424456  -  ResidentSetSize of job (KB)
...
006 (3447350.000.000) 01/30 22:18:58 Image size of job updated: 451032
	415  -  MemoryUsage of job (MB)
	424476  -  ResidentSetSize of job (KB)
...
006 (3447350.000.000) 01/30 22:29:00 Image size of job updated: 451032
	415  -  MemoryUsage of job (MB)
	424496  -  ResidentSetSize of job (KB)
...
006 (3447350.000.000) 01/30 22:34:00 Image size of job updated: 451032
	415  -  MemoryUsage of job (MB)
	424520  -  ResidentSetSize of job (KB)
...
006 (3447350.000.000) 01/30 23:29:05 Image size of job updated: 451032
	415  -  MemoryUsage of job (MB)
	424528  -  ResidentSetSize of job (KB)
...
006 (3447350.000.000) 01/30 23:39:07 Image size of job updated: 451032
	415  -  MemoryUsage of job (MB)
	424544  -  ResidentSetSize of job (KB)
...
006 (3447350.000.000) 01/30 23:44:07 Image size of job updated: 451032
	415  -  MemoryUsage of job (MB)
	424564  -  ResidentSetSize of job (KB)
...
006 (3447350.000.000) 01/30 23:49:07 Image size of job updated: 451032
	415  -  MemoryUsage of job (MB)
	424572  -  ResidentSetSize of job (KB)
...
006 (3447350.000.000) 01/31 00:04:09 Image size of job updated: 451032
	415  -  MemoryUsage of job (MB)
	424632  -  ResidentSetSize of job (KB)
...
006 (3447350.000.000) 01/31 00:09:10 Image size of job updated: 451032
	415  -  MemoryUsage of job (MB)
	424644  -  ResidentSetSize of job (KB)
...
006 (3447350.000.000) 01/31 00:24:11 Image size of job updated: 451032
	415  -  MemoryUsage of job (MB)
	424712  -  ResidentSetSize of job (KB)
...
006 (3447350.000.000) 01/31 00:34:13 Image size of job updated: 451032
	415  -  MemoryUsage of job (MB)
	424732  -  ResidentSetSize of job (KB)
...
006 (3447350.000.000) 01/31 00:59:15 Image size of job updated: 451032
	415  -  MemoryUsage of job (MB)
	424780  -  ResidentSetSize of job (KB)
...
006 (3447350.000.000) 01/31 01:09:16 Image size of job updated: 451032
	415  -  MemoryUsage of job (MB)
	424808  -  ResidentSetSize of job (KB)
...
006 (3447350.000.000) 01/31 01:24:17 Image size of job updated: 451032
	415  -  MemoryUsage of job (MB)
	424860  -  ResidentSetSize of job (KB)
...
006 (3447350.000.000) 01/31 01:29:18 Image size of job updated: 451032
	415  -  MemoryUsage of job (MB)
	424884  -  ResidentSetSize of job (KB)
...
006 (3447350.000.000) 01/31 02:14:23 Image size of job updated: 451032
	415  -  MemoryUsage of job (MB)
	424908  -  ResidentSetSize of job (KB)
...
006 (3447350.000.000) 01/31 02:24:24 Image size of job updated: 451032
	415  -  MemoryUsage of job (MB)
	424940  -  ResidentSetSize of job (KB)
...
006 (3447350.000.000) 01/31 02:29:24 Image size of job updated: 451032
	415  -  MemoryUsage of job (MB)
	424956  -  ResidentSetSize of job (KB)
...
006 (3447350.000.000) 01/31 02:39:25 Image size of job updated: 451032
	416  -  MemoryUsage of job (MB)
	425040  -  ResidentSetSize of job (KB)
...
006 (3447350.000.000) 01/31 02:44:26 Image size of job updated: 451032
	416  -  MemoryUsage of job (MB)
	425088  -  ResidentSetSize of job (KB)
...
006 (3447350.000.000) 01/31 02:49:26 Image size of job updated: 451032
	416  -  MemoryUsage of job (MB)
	425108  -  ResidentSetSize of job (KB)
...
006 (3447350.000.000) 01/31 02:59:27 Image size of job updated: 451032
	416  -  MemoryUsage of job (MB)
	425144  -  ResidentSetSize of job (KB)
...
006 (3447350.000.000) 01/31 03:14:28 Image size of job updated: 451032
	416  -  MemoryUsage of job (MB)
	425156  -  ResidentSetSize of job (KB)
...
006 (3447350.000.000) 01/31 03:19:29 Image size of job updated: 451032
	416  -  MemoryUsage of job (MB)
	425164  -  ResidentSetSize of job (KB)
...
006 (3447350.000.000) 01/31 03:24:30 Image size of job updated: 451032
	416  -  MemoryUsage of job (MB)
	425196  -  ResidentSetSize of job (KB)
...
006 (3447350.000.000) 01/31 04:04:33 Image size of job updated: 451032
	416  -  MemoryUsage of job (MB)
	425220  -  ResidentSetSize of job (KB)
...
006 (3447350.000.000) 01/31 04:09:34 Image size of job updated: 451032
	416  -  MemoryUsage of job (MB)
	425232  -  ResidentSetSize of job (KB)
...
006 (3447350.000.000) 01/31 04:14:35 Image size of job updated: 451032
	416  -  MemoryUsage of job (MB)
	425252  -  ResidentSetSize of job (KB)
...
006 (3447350.000.000) 01/31 04:19:35 Image size of job updated: 451032
	416  -  MemoryUsage of job (MB)
	425292  -  ResidentSetSize of job (KB)
...
006 (3447350.000.000) 01/31 04:49:38 Image size of job updated: 451032
	416  -  MemoryUsage of job (MB)
	425320  -  ResidentSetSize of job (KB)
...
006 (3447350.000.000) 01/31 04:59:39 Image size of job updated: 451032
	416  -  MemoryUsage of job (MB)
	425348  -  ResidentSetSize of job (KB)
...
006 (3447350.000.000) 01/31 05:09:40 Image size of job updated: 451032
	416  -  MemoryUsage of job (MB)
	425352  -  ResidentSetSize of job (KB)
...
006 (3447350.000.000) 01/31 05:24:42 Image size of job updated: 451032
	416  -  MemoryUsage of job (MB)
	425372  -  ResidentSetSize of job (KB)
...
006 (3447350.000.000) 01/31 05:34:43 Image size of job updated: 451032
	416  -  MemoryUsage of job (MB)
	425376  -  ResidentSetSize of job (KB)
...
006 (3447350.000.000) 01/31 05:44:44 Image size of job updated: 451032
	416  -  MemoryUsage of job (MB)
	425380  -  ResidentSetSize of job (KB)
...
006 (3447350.000.000) 01/31 05:54:45 Image size of job updated: 451032
	416  -  MemoryUsage of job (MB)
	425384  -  ResidentSetSize of job (KB)
...
006 (3447350.000.000) 01/31 06:04:46 Image size of job updated: 451032
	416  -  MemoryUsage of job (MB)
	425408  -  ResidentSetSize of job (KB)
...
006 (3447350.000.000) 01/31 06:09:46 Image size of job updated: 451032
	416  -  MemoryUsage of job (MB)
	425420  -  ResidentSetSize of job (KB)
...
006 (3447350.000.000) 01/31 06:14:47 Image size of job updated: 451032
	416  -  MemoryUsage of job (MB)
	425432  -  ResidentSetSize of job (KB)
...
006 (3447350.000.000) 01/31 06:19:47 Image size of job updated: 451032
	416  -  MemoryUsage of job (MB)
	425452  -  ResidentSetSize of job (KB)
...
006 (3447350.000.000) 01/31 06:24:47 Image size of job updated: 451032
	416  -  MemoryUsage of job (MB)
	425468  -  ResidentSetSize of job (KB)
...
006 (3447350.000.000) 01/31 06:29:48 Image size of job updated: 451032
	416  -  MemoryUsage of job (MB)
	425500  -  ResidentSetSize of job (KB)
...
006 (3447350.000.000) 01/31 06:34:49 Image size of job updated: 451032
	416  -  MemoryUsage of job (MB)
	425568  -  ResidentSetSize of job (KB)
...
006 (3447350.000.000) 01/31 06:49:50 Image size of job updated: 451032
	416  -  MemoryUsage of job (MB)
	425576  -  ResidentSetSize of job (KB)
...
006 (3447350.000.000) 01/31 06:54:50 Image size of job updated: 451032
	416  -  MemoryUsage of job (MB)
	425580  -  ResidentSetSize of job (KB)
...
006 (3447350.000.000) 01/31 07:09:52 Image size of job updated: 451032
	416  -  MemoryUsage of job (MB)
	425604  -  ResidentSetSize of job (KB)
...
006 (3447350.000.000) 01/31 07:19:52 Image size of job updated: 451032
	416  -  MemoryUsage of job (MB)
	425632  -  ResidentSetSize of job (KB)
...
006 (3447350.000.000) 01/31 07:29:53 Image size of job updated: 451032
	416  -  MemoryUsage of job (MB)
	425640  -  ResidentSetSize of job (KB)
...
006 (3447350.000.000) 01/31 07:34:53 Image size of job updated: 451032
	416  -  MemoryUsage of job (MB)
	425644  -  ResidentSetSize of job (KB)
...
006 (3447350.000.000) 01/31 07:44:55 Image size of job updated: 451032
	416  -  MemoryUsage of job (MB)
	425664  -  ResidentSetSize of job (KB)
...
006 (3447350.000.000) 01/31 07:49:55 Image size of job updated: 451032
	416  -  MemoryUsage of job (MB)
	425676  -  ResidentSetSize of job (KB)
...
006 (3447350.000.000) 01/31 07:54:55 Image size of job updated: 451032
	416  -  MemoryUsage of job (MB)
	425708  -  ResidentSetSize of job (KB)
...
006 (3447350.000.000) 01/31 07:59:56 Image size of job updated: 451032
	416  -  MemoryUsage of job (MB)
	425720  -  ResidentSetSize of job (KB)
...
006 (3447350.000.000) 01/31 08:04:56 Image size of job updated: 451032
	416  -  MemoryUsage of job (MB)
	425740  -  ResidentSetSize of job (KB)
...
006 (3447350.000.000) 01/31 08:09:56 Image size of job updated: 451032
	416  -  MemoryUsage of job (MB)
	425760  -  ResidentSetSize of job (KB)
...
006 (3447350.000.000) 01/31 08:14:58 Image size of job updated: 451032
	416  -  MemoryUsage of job (MB)
	425768  -  ResidentSetSize of job (KB)
...
006 (3447350.000.000) 01/31 08:19:58 Image size of job updated: 451032
	416  -  MemoryUsage of job (MB)
	425816  -  ResidentSetSize of job (KB)
...
006 (3447350.000.000) 01/31 08:24:58 Image size of job updated: 451032
	416  -  MemoryUsage of job (MB)
	425828  -  ResidentSetSize of job (KB)
...
006 (3447350.000.000) 01/31 08:30:00 Image size of job updated: 451032
	416  -  MemoryUsage of job (MB)
	425832  -  ResidentSetSize of job (KB)
...
006 (3447350.000.000) 01/31 08:40:00 Image size of job updated: 451032
	416  -  MemoryUsage of job (MB)
	425876  -  ResidentSetSize of job (KB)
...
006 (3447350.000.000) 01/31 09:00:03 Image size of job updated: 451032
	416  -  MemoryUsage of job (MB)
	425920  -  ResidentSetSize of job (KB)
...
006 (3447350.000.000) 01/31 09:15:05 Image size of job updated: 451032
	416  -  MemoryUsage of job (MB)
	425932  -  ResidentSetSize of job (KB)
...
006 (3447350.000.000) 01/31 09:20:06 Image size of job updated: 451032
	416  -  MemoryUsage of job (MB)
	425972  -  ResidentSetSize of job (KB)
...
006 (3447350.000.000) 01/31 09:35:07 Image size of job updated: 451032
	416  -  MemoryUsage of job (MB)
	425984  -  ResidentSetSize of job (KB)
...
006 (3447350.000.000) 01/31 09:40:07 Image size of job updated: 451032
	417  -  MemoryUsage of job (MB)
	426032  -  ResidentSetSize of job (KB)
...
006 (3447350.000.000) 01/31 09:45:07 Image size of job updated: 451032
	417  -  MemoryUsage of job (MB)
	426048  -  ResidentSetSize of job (KB)
...
006 (3447350.000.000) 01/31 09:55:09 Image size of job updated: 451032
	417  -  MemoryUsage of job (MB)
	426060  -  ResidentSetSize of job (KB)
...
006 (3447350.000.000) 01/31 10:10:10 Image size of job updated: 451032
	417  -  MemoryUsage of job (MB)
	426080  -  ResidentSetSize of job (KB)
...
006 (3447350.000.000) 01/31 10:15:11 Image size of job updated: 451032
	417  -  MemoryUsage of job (MB)
	426112  -  ResidentSetSize of job (KB)
...
006 (3447350.000.000) 01/31 10:20:11 Image size of job updated: 451032
	417  -  MemoryUsage of job (MB)
	426164  -  ResidentSetSize of job (KB)
...
006 (3447350.000.000) 01/31 10:40:13 Image size of job updated: 451032
	417  -  MemoryUsage of job (MB)
	426168  -  ResidentSetSize of job (KB)
...
006 (3447350.000.000) 01/31 10:50:14 Image size of job updated: 451032
	417  -  MemoryUsage of job (MB)
	426184  -  ResidentSetSize of job (KB)
...
006 (3447350.000.000) 01/31 11:05:16 Image size of job updated: 451032
	417  -  MemoryUsage of job (MB)
	426188  -  ResidentSetSize of job (KB)
...
006 (3447350.000.000) 01/31 11:15:18 Image size of job updated: 451032
	417  -  MemoryUsage of job (MB)
	426228  -  ResidentSetSize of job (KB)
...
006 (3447350.000.000) 01/31 11:20:18 Image size of job updated: 451032
	417  -  MemoryUsage of job (MB)
	426236  -  ResidentSetSize of job (KB)
...
006 (3447350.000.000) 01/31 11:25:18 Image size of job updated: 451032
	417  -  MemoryUsage of job (MB)
	426252  -  ResidentSetSize of job (KB)
...
006 (3447350.000.000) 01/31 11:30:19 Image size of job updated: 451032
	417  -  MemoryUsage of job (MB)
	426280  -  ResidentSetSize of job (KB)
...
006 (3447350.000.000) 01/31 11:40:20 Image size of job updated: 451032
	417  -  MemoryUsage of job (MB)
	426308  -  ResidentSetSize of job (KB)
...
006 (3447350.000.000) 01/31 11:45:21 Image size of job updated: 451032
	417  -  MemoryUsage of job (MB)
	426328  -  ResidentSetSize of job (KB)
...
006 (3447350.000.000) 01/31 11:50:22 Image size of job updated: 451032
	417  -  MemoryUsage of job (MB)
	426360  -  ResidentSetSize of job (KB)
...
006 (3447350.000.000) 01/31 12:05:23 Image size of job updated: 451032
	417  -  MemoryUsage of job (MB)
	426368  -  ResidentSetSize of job (KB)
...
006 (3447350.000.000) 01/31 12:10:23 Image size of job updated: 451032
	417  -  MemoryUsage of job (MB)
	426384  -  ResidentSetSize of job (KB)
...
006 (3447350.000.000) 01/31 12:15:23 Image size of job updated: 451032
	417  -  MemoryUsage of job (MB)
	426388  -  ResidentSetSize of job (KB)
...
006 (3447350.000.000) 01/31 12:40:27 Image size of job updated: 451032
	417  -  MemoryUsage of job (MB)
	426396  -  ResidentSetSize of job (KB)
...
006 (3447350.000.000) 01/31 12:45:27 Image size of job updated: 451032
	417  -  MemoryUsage of job (MB)
	426412  -  ResidentSetSize of job (KB)
...
006 (3447350.000.000) 01/31 12:50:28 Image size of job updated: 451032
	417  -  MemoryUsage of job (MB)
	426436  -  ResidentSetSize of job (KB)
...
006 (3447350.000.000) 01/31 12:55:29 Image size of job updated: 451032
	417  -  MemoryUsage of job (MB)
	426476  -  ResidentSetSize of job (KB)
...
006 (3447350.000.000) 01/31 13:00:29 Image size of job updated: 451032
	417  -  MemoryUsage of job (MB)
	426504  -  ResidentSetSize of job (KB)
...
006 (3447350.000.000) 01/31 13:05:30 Image size of job updated: 451032
	417  -  MemoryUsage of job (MB)
	426512  -  ResidentSetSize of job (KB)
...
006 (3447350.000.000) 01/31 13:15:31 Image size of job updated: 451032
	417  -  MemoryUsage of job (MB)
	426536  -  ResidentSetSize of job (KB)
...
006 (3447350.000.000) 01/31 13:20:31 Image size of job updated: 451032
	417  -  MemoryUsage of job (MB)
	426592  -  ResidentSetSize of job (KB)
...
006 (3447350.000.000) 01/31 13:25:32 Image size of job updated: 451032
	417  -  MemoryUsage of job (MB)
	426628  -  ResidentSetSize of job (KB)
...
006 (3447350.000.000) 01/31 14:05:34 Image size of job updated: 451032
	417  -  MemoryUsage of job (MB)
	426740  -  ResidentSetSize of job (KB)
...
006 (3447350.000.000) 01/31 14:10:35 Image size of job updated: 451032
	417  -  MemoryUsage of job (MB)
	426764  -  ResidentSetSize of job (KB)
...
006 (3447350.000.000) 01/31 15:20:42 Image size of job updated: 451032
	417  -  MemoryUsage of job (MB)
	426784  -  ResidentSetSize of job (KB)
...
006 (3447350.000.000) 01/31 15:25:42 Image size of job updated: 451032
	417  -  MemoryUsage of job (MB)
	426812  -  ResidentSetSize of job (KB)
...
006 (3447350.000.000) 01/31 15:35:43 Image size of job updated: 451032
	417  -  MemoryUsage of job (MB)
	426820  -  ResidentSetSize of job (KB)
...
006 (3447350.000.000) 01/31 15:40:43 Image size of job updated: 451032
	417  -  MemoryUsage of job (MB)
	426840  -  ResidentSetSize of job (KB)
...
006 (3447350.000.000) 01/31 15:45:44 Image size of job updated: 451032
	417  -  MemoryUsage of job (MB)
	426880  -  ResidentSetSize of job (KB)
...
006 (3447350.000.000) 01/31 15:50:44 Image size of job updated: 451032
	417  -  MemoryUsage of job (MB)
	426952  -  ResidentSetSize of job (KB)
...
006 (3447350.000.000) 01/31 15:55:44 Image size of job updated: 451032
	417  -  MemoryUsage of job (MB)
	426976  -  ResidentSetSize of job (KB)
...
006 (3447350.000.000) 01/31 16:05:46 Image size of job updated: 451032
	417  -  MemoryUsage of job (MB)
	426984  -  ResidentSetSize of job (KB)
...
006 (3447350.000.000) 01/31 16:15:47 Image size of job updated: 451032
	418  -  MemoryUsage of job (MB)
	427020  -  ResidentSetSize of job (KB)
...
006 (3447350.000.000) 01/31 16:20:48 Image size of job updated: 451032
	418  -  MemoryUsage of job (MB)
	427028  -  ResidentSetSize of job (KB)
...
006 (3447350.000.000) 01/31 16:35:50 Image size of job updated: 451032
	418  -  MemoryUsage of job (MB)
	427040  -  ResidentSetSize of job (KB)
...
006 (3447350.000.000) 01/31 16:40:50 Image size of job updated: 451032
	418  -  MemoryUsage of job (MB)
	427048  -  ResidentSetSize of job (KB)
...
006 (3447350.000.000) 01/31 16:45:51 Image size of job updated: 451032
	418  -  MemoryUsage of job (MB)
	427064  -  ResidentSetSize of job (KB)
...
006 (3447350.000.000) 01/31 16:55:52 Image size of job updated: 451032
	418  -  MemoryUsage of job (MB)
	427072  -  ResidentSetSize of job (KB)
...
006 (3447350.000.000) 01/31 17:00:52 Image size of job updated: 451032
	418  -  MemoryUsage of job (MB)
	427076  -  ResidentSetSize of job (KB)
...
006 (3447350.000.000) 01/31 17:05:53 Image size of job updated: 451032
	418  -  MemoryUsage of job (MB)
	427092  -  ResidentSetSize of job (KB)
...
006 (3447350.000.000) 01/31 17:10:54 Image size of job updated: 451032
	418  -  MemoryUsage of job (MB)
	427128  -  ResidentSetSize of job (KB)
...
006 (3447350.000.000) 01/31 17:15:54 Image size of job updated: 451032
	418  -  MemoryUsage of job (MB)
	427148  -  ResidentSetSize of job (KB)
...
006 (3447350.000.000) 01/31 17:20:55 Image size of job updated: 451032
	418  -  MemoryUsage of job (MB)
	427156  -  ResidentSetSize of job (KB)
...
006 (3447350.000.000) 01/31 17:48:19 Image size of job updated: 451032
	418  -  MemoryUsage of job (MB)
	427240  -  ResidentSetSize of job (KB)
...
006 (3447350.000.000) 01/31 17:58:45 Image size of job updated: 451032
	418  -  MemoryUsage of job (MB)
	427296  -  ResidentSetSize of job (KB)
...
006 (3447350.000.000) 01/31 18:05:01 Image size of job updated: 451032
	418  -  MemoryUsage of job (MB)
	427300  -  ResidentSetSize of job (KB)
...
006 (3447350.000.000) 01/31 18:25:04 Image size of job updated: 451032
	418  -  MemoryUsage of job (MB)
	427324  -  ResidentSetSize of job (KB)
...
006 (3447350.000.000) 01/31 18:30:04 Image size of job updated: 451032
	418  -  MemoryUsage of job (MB)
	427340  -  ResidentSetSize of job (KB)
...
006 (3447350.000.000) 01/31 18:40:05 Image size of job updated: 451032
	418  -  MemoryUsage of job (MB)
	427356  -  ResidentSetSize of job (KB)
...
006 (3447350.000.000) 01/31 18:55:06 Image size of job updated: 451032
	418  -  MemoryUsage of job (MB)
	427360  -  ResidentSetSize of job (KB)
...
006 (3447350.000.000) 01/31 19:00:06 Image size of job updated: 451032
	418  -  MemoryUsage of job (MB)
	427372  -  ResidentSetSize of job (KB)
...
006 (3447350.000.000) 01/31 19:05:06 Image size of job updated: 451032
	418  -  MemoryUsage of job (MB)
	427436  -  ResidentSetSize of job (KB)
...
006 (3447350.000.000) 01/31 19:10:07 Image size of job updated: 451032
	418  -  MemoryUsage of job (MB)
	427460  -  ResidentSetSize of job (KB)
...
006 (3447350.000.000) 01/31 19:35:09 Image size of job updated: 451032
	418  -  MemoryUsage of job (MB)
	427484  -  ResidentSetSize of job (KB)
...
006 (3447350.000.000) 01/31 19:40:11 Image size of job updated: 451032
	418  -  MemoryUsage of job (MB)
	427500  -  ResidentSetSize of job (KB)
...
006 (3447350.000.000) 01/31 19:50:11 Image size of job updated: 451032
	418  -  MemoryUsage of job (MB)
	427520  -  ResidentSetSize of job (KB)
...
006 (3447350.000.000) 01/31 19:55:12 Image size of job updated: 451032
	418  -  MemoryUsage of job (MB)
	427524  -  ResidentSetSize of job (KB)
...
006 (3447350.000.000) 01/31 20:00:12 Image size of job updated: 451032
	418  -  MemoryUsage of job (MB)
	427552  -  ResidentSetSize of job (KB)
...
006 (3447350.000.000) 01/31 20:05:12 Image size of job updated: 451032
	418  -  MemoryUsage of job (MB)
	427572  -  ResidentSetSize of job (KB)
...
006 (3447350.000.000) 01/31 20:10:14 Image size of job updated: 451032
	418  -  MemoryUsage of job (MB)
	427588  -  ResidentSetSize of job (KB)
...
006 (3447350.000.000) 01/31 20:30:16 Image size of job updated: 451032
	418  -  MemoryUsage of job (MB)
	427632  -  ResidentSetSize of job (KB)
...
006 (3447350.000.000) 01/31 20:35:16 Image size of job updated: 451032
	418  -  MemoryUsage of job (MB)
	427640  -  ResidentSetSize of job (KB)
...
006 (3447350.000.000) 01/31 20:45:18 Image size of job updated: 451032
	418  -  MemoryUsage of job (MB)
	427644  -  ResidentSetSize of job (KB)
...
006 (3447350.000.000) 01/31 20:50:18 Image size of job updated: 451032
	418  -  MemoryUsage of job (MB)
	427672  -  ResidentSetSize of job (KB)
...
006 (3447350.000.000) 01/31 20:55:18 Image size of job updated: 451032
	418  -  MemoryUsage of job (MB)
	427712  -  ResidentSetSize of job (KB)
...
006 (3447350.000.000) 01/31 21:15:20 Image size of job updated: 451032
	418  -  MemoryUsage of job (MB)
	427724  -  ResidentSetSize of job (KB)
...
006 (3447350.000.000) 01/31 21:20:21 Image size of job updated: 451032
	418  -  MemoryUsage of job (MB)
	427748  -  ResidentSetSize of job (KB)
...
006 (3447350.000.000) 01/31 21:25:21 Image size of job updated: 451032
	418  -  MemoryUsage of job (MB)
	427764  -  ResidentSetSize of job (KB)
...
006 (3447350.000.000) 01/31 21:35:22 Image size of job updated: 451032
	418  -  MemoryUsage of job (MB)
	427776  -  ResidentSetSize of job (KB)
...
006 (3447350.000.000) 01/31 21:40:23 Image size of job updated: 451032
	418  -  MemoryUsage of job (MB)
	427820  -  ResidentSetSize of job (KB)
...
006 (3447350.000.000) 01/31 21:45:23 Image size of job updated: 451032
	418  -  MemoryUsage of job (MB)
	427844  -  ResidentSetSize of job (KB)
...
006 (3447350.000.000) 01/31 21:55:25 Image size of job updated: 451032
	418  -  MemoryUsage of job (MB)
	427924  -  ResidentSetSize of job (KB)
...
006 (3447350.000.000) 01/31 22:10:26 Image size of job updated: 451032
	418  -  MemoryUsage of job (MB)
	427940  -  ResidentSetSize of job (KB)
...
006 (3447350.000.000) 01/31 22:20:27 Image size of job updated: 451032
	418  -  MemoryUsage of job (MB)
	427956  -  ResidentSetSize of job (KB)
...
006 (3447350.000.000) 01/31 22:25:27 Image size of job updated: 451032
	418  -  MemoryUsage of job (MB)
	427980  -  ResidentSetSize of job (KB)
...
006 (3447350.000.000) 01/31 22:30:29 Image size of job updated: 451032
	418  -  MemoryUsage of job (MB)
	428016  -  ResidentSetSize of job (KB)
...
006 (3447350.000.000) 01/31 22:35:29 Image size of job updated: 451032
	419  -  MemoryUsage of job (MB)
	428036  -  ResidentSetSize of job (KB)
...
006 (3447350.000.000) 01/31 22:40:29 Image size of job updated: 451032
	419  -  MemoryUsage of job (MB)
	428040  -  ResidentSetSize of job (KB)
...
006 (3447350.000.000) 01/31 22:55:31 Image size of job updated: 451032
	419  -  MemoryUsage of job (MB)
	428068  -  ResidentSetSize of job (KB)
...
006 (3447350.000.000) 01/31 23:00:31 Image size of job updated: 451032
	419  -  MemoryUsage of job (MB)
	428084  -  ResidentSetSize of job (KB)
...
006 (3447350.000.000) 01/31 23:05:32 Image size of job updated: 451032
	419  -  MemoryUsage of job (MB)
	428108  -  ResidentSetSize of job (KB)
...
006 (3447350.000.000) 01/31 23:15:32 Image size of job updated: 451032
	419  -  MemoryUsage of job (MB)
	428120  -  ResidentSetSize of job (KB)
...
006 (3447350.000.000) 01/31 23:20:33 Image size of job updated: 451032
	419  -  MemoryUsage of job (MB)
	428140  -  ResidentSetSize of job (KB)
...
006 (3447350.000.000) 02/01 00:00:37 Image size of job updated: 451032
	419  -  MemoryUsage of job (MB)
	428152  -  ResidentSetSize of job (KB)
...
006 (3447350.000.000) 02/01 00:05:37 Image size of job updated: 451032
	419  -  MemoryUsage of job (MB)
	428172  -  ResidentSetSize of job (KB)
...
006 (3447350.000.000) 02/01 00:20:39 Image size of job updated: 451032
	419  -  MemoryUsage of job (MB)
	428216  -  ResidentSetSize of job (KB)
...
006 (3447350.000.000) 02/01 00:25:40 Image size of job updated: 451032
	419  -  MemoryUsage of job (MB)
	428256  -  ResidentSetSize of job (KB)
...
006 (3447350.000.000) 02/01 00:30:41 Image size of job updated: 451032
	419  -  MemoryUsage of job (MB)
	428300  -  ResidentSetSize of job (KB)
...
006 (3447350.000.000) 02/01 01:05:44 Image size of job updated: 451032
	419  -  MemoryUsage of job (MB)
	428308  -  ResidentSetSize of job (KB)
...
006 (3447350.000.000) 02/01 01:10:44 Image size of job updated: 451032
	419  -  MemoryUsage of job (MB)
	428344  -  ResidentSetSize of job (KB)
...
006 (3447350.000.000) 02/01 01:30:47 Image size of job updated: 451032
	419  -  MemoryUsage of job (MB)
	428356  -  ResidentSetSize of job (KB)
...
006 (3447350.000.000) 02/01 01:35:48 Image size of job updated: 451032
	419  -  MemoryUsage of job (MB)
	428380  -  ResidentSetSize of job (KB)
...
006 (3447350.000.000) 02/01 01:40:48 Image size of job updated: 451032
	419  -  MemoryUsage of job (MB)
	428400  -  ResidentSetSize of job (KB)
...
006 (3447350.000.000) 02/01 01:45:48 Image size of job updated: 451032
	419  -  MemoryUsage of job (MB)
	428436  -  ResidentSetSize of job (KB)
...
006 (3447350.000.000) 02/01 01:50:49 Image size of job updated: 451032
	419  -  MemoryUsage of job (MB)
	428440  -  ResidentSetSize of job (KB)
...
006 (3447350.000.000) 02/01 02:13:10 Image size of job updated: 451032
	419  -  MemoryUsage of job (MB)
	428452  -  ResidentSetSize of job (KB)
...
006 (3447350.000.000) 02/01 02:20:11 Image size of job updated: 451032
	419  -  MemoryUsage of job (MB)
	428476  -  ResidentSetSize of job (KB)
...
006 (3447350.000.000) 02/01 02:25:48 Image size of job updated: 451032
	419  -  MemoryUsage of job (MB)
	428516  -  ResidentSetSize of job (KB)
...
006 (3447350.000.000) 02/01 02:35:49 Image size of job updated: 451032
	419  -  MemoryUsage of job (MB)
	428520  -  ResidentSetSize of job (KB)
...
006 (3447350.000.000) 02/01 02:40:49 Image size of job updated: 451032
	419  -  MemoryUsage of job (MB)
	428532  -  ResidentSetSize of job (KB)
...
006 (3447350.000.000) 02/01 02:50:50 Image size of job updated: 451032
	419  -  MemoryUsage of job (MB)
	428556  -  ResidentSetSize of job (KB)
...
006 (3447350.000.000) 02/01 03:00:51 Image size of job updated: 451032
	419  -  MemoryUsage of job (MB)
	428576  -  ResidentSetSize of job (KB)
...
006 (3447350.000.000) 02/01 03:05:52 Image size of job updated: 451032
	419  -  MemoryUsage of job (MB)
	428604  -  ResidentSetSize of job (KB)
...
040 (3447350.000.000) 02/01 11:57:57 Started transferring output files
...
040 (3447350.000.000) 02/01 11:57:58 Finished transferring output files
...
005 (3447350.000.000) 02/01 11:58:00 Job terminated.
	(1) Normal termination (return value 0)
		Usr 2 06:53:23, Sys 0 00:02:55  -  Run Remote Usage
		Usr 0 00:00:00, Sys 0 00:00:00  -  Run Local Usage
		Usr 2 06:53:23, Sys 0 00:02:55  -  Total Remote Usage
		Usr 0 00:00:00, Sys 0 00:00:00  -  Total Local Usage
	34708  -  Run Bytes Sent By Job
	493  -  Run Bytes Received By Job
	34708  -  Total Bytes Sent By Job
	493  -  Total Bytes Received By Job
	Partitionable Resources :    Usage  Request Allocated 
	   Cpus                 :     1.00        1         1 
	   Disk (KB)            :    54           1    284261 
	   Memory (MB)          :   419        2000      2000 
...
