000 (3447439.005.000) 01/30 07:32:22 Job submitted from host: <188.185.71.142:9618?addrs=188.185.71.142-9618+[2001-1458-d00-7--100-388]-9618&alias=bigbird09.cern.ch&noUDP&sock=schedd_2208_1533_7>
...
040 (3447439.005.000) 01/30 07:56:11 Started transferring input files
	Transferring to host: <188.184.138.15:9618?addrs=188.184.138.15-9618+[2001-1458-301-45--100-d]-9618&noUDP&sock=7565_fa0d_177501>
...
040 (3447439.005.000) 01/30 07:56:11 Finished transferring input files
...
001 (3447439.005.000) 01/30 07:56:12 Job executing on host: <188.184.138.15:9618?addrs=188.184.138.15-9618+[2001-1458-301-45--100-d]-9618&noUDP&sock=5696_8f8a_3>
...
006 (3447439.005.000) 01/30 07:56:21 Image size of job updated: 51856
	23  -  MemoryUsage of job (MB)
	23448  -  ResidentSetSize of job (KB)
...
006 (3447439.005.000) 01/30 08:01:22 Image size of job updated: 235740
	164  -  MemoryUsage of job (MB)
	167140  -  ResidentSetSize of job (KB)
...
006 (3447439.005.000) 01/30 08:06:23 Image size of job updated: 235760
	164  -  MemoryUsage of job (MB)
	167160  -  ResidentSetSize of job (KB)
...
006 (3447439.005.000) 01/30 08:11:23 Image size of job updated: 235776
	164  -  MemoryUsage of job (MB)
	167176  -  ResidentSetSize of job (KB)
...
006 (3447439.005.000) 01/30 08:16:24 Image size of job updated: 235792
	164  -  MemoryUsage of job (MB)
	167192  -  ResidentSetSize of job (KB)
...
006 (3447439.005.000) 01/30 08:21:25 Image size of job updated: 235808
	164  -  MemoryUsage of job (MB)
	167208  -  ResidentSetSize of job (KB)
...
006 (3447439.005.000) 01/30 09:26:30 Image size of job updated: 235832
	164  -  MemoryUsage of job (MB)
	167232  -  ResidentSetSize of job (KB)
...
006 (3447439.005.000) 01/30 11:36:43 Image size of job updated: 235860
	164  -  MemoryUsage of job (MB)
	167256  -  ResidentSetSize of job (KB)
...
006 (3447439.005.000) 01/30 11:41:44 Image size of job updated: 236116
	164  -  MemoryUsage of job (MB)
	167512  -  ResidentSetSize of job (KB)
...
006 (3447439.005.000) 01/30 11:46:45 Image size of job updated: 238304
	166  -  MemoryUsage of job (MB)
	169044  -  ResidentSetSize of job (KB)
...
006 (3447439.005.000) 01/30 11:51:45 Image size of job updated: 238472
	166  -  MemoryUsage of job (MB)
	169212  -  ResidentSetSize of job (KB)
...
006 (3447439.005.000) 01/30 11:56:46 Image size of job updated: 238548
	166  -  MemoryUsage of job (MB)
	169288  -  ResidentSetSize of job (KB)
...
006 (3447439.005.000) 01/30 12:01:47 Image size of job updated: 238760
	166  -  MemoryUsage of job (MB)
	169500  -  ResidentSetSize of job (KB)
...
006 (3447439.005.000) 01/30 12:06:47 Image size of job updated: 238820
	166  -  MemoryUsage of job (MB)
	169560  -  ResidentSetSize of job (KB)
...
006 (3447439.005.000) 01/30 12:11:47 Image size of job updated: 238916
	166  -  MemoryUsage of job (MB)
	169656  -  ResidentSetSize of job (KB)
...
006 (3447439.005.000) 01/30 12:16:48 Image size of job updated: 239000
	166  -  MemoryUsage of job (MB)
	169740  -  ResidentSetSize of job (KB)
...
006 (3447439.005.000) 01/30 12:21:48 Image size of job updated: 239340
	167  -  MemoryUsage of job (MB)
	170080  -  ResidentSetSize of job (KB)
...
006 (3447439.005.000) 01/30 12:26:48 Image size of job updated: 239444
	167  -  MemoryUsage of job (MB)
	170184  -  ResidentSetSize of job (KB)
...
006 (3447439.005.000) 01/30 12:31:49 Image size of job updated: 239484
	167  -  MemoryUsage of job (MB)
	170224  -  ResidentSetSize of job (KB)
...
006 (3447439.005.000) 01/30 12:36:49 Image size of job updated: 239488
	167  -  MemoryUsage of job (MB)
	170228  -  ResidentSetSize of job (KB)
...
006 (3447439.005.000) 01/30 12:46:50 Image size of job updated: 239544
	167  -  MemoryUsage of job (MB)
	170284  -  ResidentSetSize of job (KB)
...
006 (3447439.005.000) 01/30 13:16:53 Image size of job updated: 239712
	167  -  MemoryUsage of job (MB)
	170452  -  ResidentSetSize of job (KB)
...
006 (3447439.005.000) 01/30 13:21:54 Image size of job updated: 239740
	167  -  MemoryUsage of job (MB)
	170480  -  ResidentSetSize of job (KB)
...
006 (3447439.005.000) 01/30 13:31:55 Image size of job updated: 239740
	167  -  MemoryUsage of job (MB)
	170504  -  ResidentSetSize of job (KB)
...
006 (3447439.005.000) 01/30 13:36:56 Image size of job updated: 239740
	167  -  MemoryUsage of job (MB)
	170560  -  ResidentSetSize of job (KB)
...
006 (3447439.005.000) 01/30 13:56:57 Image size of job updated: 239740
	167  -  MemoryUsage of job (MB)
	170576  -  ResidentSetSize of job (KB)
...
006 (3447439.005.000) 01/30 14:01:57 Image size of job updated: 239740
	167  -  MemoryUsage of job (MB)
	170600  -  ResidentSetSize of job (KB)
...
006 (3447439.005.000) 01/30 14:06:58 Image size of job updated: 239740
	167  -  MemoryUsage of job (MB)
	170648  -  ResidentSetSize of job (KB)
...
006 (3447439.005.000) 01/30 14:21:59 Image size of job updated: 239740
	167  -  MemoryUsage of job (MB)
	170656  -  ResidentSetSize of job (KB)
...
006 (3447439.005.000) 01/30 14:27:00 Image size of job updated: 239740
	167  -  MemoryUsage of job (MB)
	170660  -  ResidentSetSize of job (KB)
...
006 (3447439.005.000) 01/30 14:32:00 Image size of job updated: 239740
	167  -  MemoryUsage of job (MB)
	170668  -  ResidentSetSize of job (KB)
...
006 (3447439.005.000) 01/30 14:42:01 Image size of job updated: 239740
	167  -  MemoryUsage of job (MB)
	170684  -  ResidentSetSize of job (KB)
...
006 (3447439.005.000) 01/30 14:47:02 Image size of job updated: 239740
	167  -  MemoryUsage of job (MB)
	170696  -  ResidentSetSize of job (KB)
...
006 (3447439.005.000) 01/30 14:52:02 Image size of job updated: 239740
	167  -  MemoryUsage of job (MB)
	170708  -  ResidentSetSize of job (KB)
...
006 (3447439.005.000) 01/30 15:02:04 Image size of job updated: 239740
	167  -  MemoryUsage of job (MB)
	170728  -  ResidentSetSize of job (KB)
...
006 (3447439.005.000) 01/30 15:07:04 Image size of job updated: 239740
	167  -  MemoryUsage of job (MB)
	170744  -  ResidentSetSize of job (KB)
...
006 (3447439.005.000) 01/30 15:27:05 Image size of job updated: 239740
	167  -  MemoryUsage of job (MB)
	170748  -  ResidentSetSize of job (KB)
...
006 (3447439.005.000) 01/30 15:42:06 Image size of job updated: 239740
	167  -  MemoryUsage of job (MB)
	170764  -  ResidentSetSize of job (KB)
...
006 (3447439.005.000) 01/30 15:47:07 Image size of job updated: 239740
	167  -  MemoryUsage of job (MB)
	170772  -  ResidentSetSize of job (KB)
...
006 (3447439.005.000) 01/30 15:52:08 Image size of job updated: 239740
	167  -  MemoryUsage of job (MB)
	170792  -  ResidentSetSize of job (KB)
...
006 (3447439.005.000) 01/30 15:57:08 Image size of job updated: 239740
	167  -  MemoryUsage of job (MB)
	170812  -  ResidentSetSize of job (KB)
...
006 (3447439.005.000) 01/30 16:02:09 Image size of job updated: 239740
	167  -  MemoryUsage of job (MB)
	170820  -  ResidentSetSize of job (KB)
...
006 (3447439.005.000) 01/30 16:07:10 Image size of job updated: 239740
	167  -  MemoryUsage of job (MB)
	170836  -  ResidentSetSize of job (KB)
...
006 (3447439.005.000) 01/30 16:12:10 Image size of job updated: 239740
	167  -  MemoryUsage of job (MB)
	170844  -  ResidentSetSize of job (KB)
...
006 (3447439.005.000) 01/30 16:17:10 Image size of job updated: 239740
	167  -  MemoryUsage of job (MB)
	170856  -  ResidentSetSize of job (KB)
...
006 (3447439.005.000) 01/30 16:22:11 Image size of job updated: 239740
	167  -  MemoryUsage of job (MB)
	170860  -  ResidentSetSize of job (KB)
...
006 (3447439.005.000) 01/30 16:27:11 Image size of job updated: 239740
	167  -  MemoryUsage of job (MB)
	170880  -  ResidentSetSize of job (KB)
...
006 (3447439.005.000) 01/30 16:32:11 Image size of job updated: 239740
	167  -  MemoryUsage of job (MB)
	170892  -  ResidentSetSize of job (KB)
...
006 (3447439.005.000) 01/30 16:37:12 Image size of job updated: 239740
	167  -  MemoryUsage of job (MB)
	170924  -  ResidentSetSize of job (KB)
...
006 (3447439.005.000) 01/30 16:42:12 Image size of job updated: 239740
	167  -  MemoryUsage of job (MB)
	170932  -  ResidentSetSize of job (KB)
...
006 (3447439.005.000) 01/30 16:57:14 Image size of job updated: 239740
	167  -  MemoryUsage of job (MB)
	171000  -  ResidentSetSize of job (KB)
...
006 (3447439.005.000) 01/30 17:07:15 Image size of job updated: 239740
	168  -  MemoryUsage of job (MB)
	171028  -  ResidentSetSize of job (KB)
...
006 (3447439.005.000) 01/30 17:17:16 Image size of job updated: 239740
	168  -  MemoryUsage of job (MB)
	171064  -  ResidentSetSize of job (KB)
...
006 (3447439.005.000) 01/30 17:22:16 Image size of job updated: 239740
	168  -  MemoryUsage of job (MB)
	171068  -  ResidentSetSize of job (KB)
...
006 (3447439.005.000) 01/30 17:27:17 Image size of job updated: 239740
	168  -  MemoryUsage of job (MB)
	171080  -  ResidentSetSize of job (KB)
...
006 (3447439.005.000) 01/30 17:32:17 Image size of job updated: 239740
	168  -  MemoryUsage of job (MB)
	171132  -  ResidentSetSize of job (KB)
...
006 (3447439.005.000) 01/30 17:42:19 Image size of job updated: 239740
	168  -  MemoryUsage of job (MB)
	171156  -  ResidentSetSize of job (KB)
...
006 (3447439.005.000) 01/30 17:47:19 Image size of job updated: 239740
	168  -  MemoryUsage of job (MB)
	171168  -  ResidentSetSize of job (KB)
...
006 (3447439.005.000) 01/30 17:52:19 Image size of job updated: 239740
	168  -  MemoryUsage of job (MB)
	171172  -  ResidentSetSize of job (KB)
...
006 (3447439.005.000) 01/30 17:57:20 Image size of job updated: 239740
	168  -  MemoryUsage of job (MB)
	171196  -  ResidentSetSize of job (KB)
...
006 (3447439.005.000) 01/30 18:02:21 Image size of job updated: 239740
	168  -  MemoryUsage of job (MB)
	171208  -  ResidentSetSize of job (KB)
...
006 (3447439.005.000) 01/30 18:07:21 Image size of job updated: 239740
	168  -  MemoryUsage of job (MB)
	171216  -  ResidentSetSize of job (KB)
...
006 (3447439.005.000) 01/30 18:12:22 Image size of job updated: 239740
	168  -  MemoryUsage of job (MB)
	171244  -  ResidentSetSize of job (KB)
...
006 (3447439.005.000) 01/30 18:17:22 Image size of job updated: 239740
	168  -  MemoryUsage of job (MB)
	171276  -  ResidentSetSize of job (KB)
...
006 (3447439.005.000) 01/30 18:22:23 Image size of job updated: 239740
	168  -  MemoryUsage of job (MB)
	171280  -  ResidentSetSize of job (KB)
...
006 (3447439.005.000) 01/30 18:27:24 Image size of job updated: 239740
	168  -  MemoryUsage of job (MB)
	171296  -  ResidentSetSize of job (KB)
...
006 (3447439.005.000) 01/30 18:32:24 Image size of job updated: 239740
	168  -  MemoryUsage of job (MB)
	171348  -  ResidentSetSize of job (KB)
...
006 (3447439.005.000) 01/30 18:42:26 Image size of job updated: 239740
	168  -  MemoryUsage of job (MB)
	171376  -  ResidentSetSize of job (KB)
...
006 (3447439.005.000) 01/30 18:52:26 Image size of job updated: 239740
	168  -  MemoryUsage of job (MB)
	171392  -  ResidentSetSize of job (KB)
...
006 (3447439.005.000) 01/30 18:57:27 Image size of job updated: 239740
	168  -  MemoryUsage of job (MB)
	171404  -  ResidentSetSize of job (KB)
...
006 (3447439.005.000) 01/30 19:02:27 Image size of job updated: 239740
	168  -  MemoryUsage of job (MB)
	171444  -  ResidentSetSize of job (KB)
...
006 (3447439.005.000) 01/30 19:07:27 Image size of job updated: 239740
	168  -  MemoryUsage of job (MB)
	171488  -  ResidentSetSize of job (KB)
...
006 (3447439.005.000) 01/30 19:17:28 Image size of job updated: 239740
	168  -  MemoryUsage of job (MB)
	171652  -  ResidentSetSize of job (KB)
...
006 (3447439.005.000) 01/30 19:22:28 Image size of job updated: 239740
	168  -  MemoryUsage of job (MB)
	171984  -  ResidentSetSize of job (KB)
...
006 (3447439.005.000) 01/30 19:27:29 Image size of job updated: 239740
	169  -  MemoryUsage of job (MB)
	172244  -  ResidentSetSize of job (KB)
...
006 (3447439.005.000) 01/30 19:28:42 Image size of job updated: 1207220
	169  -  MemoryUsage of job (MB)
	172244  -  ResidentSetSize of job (KB)
...
040 (3447439.005.000) 01/30 19:28:42 Started transferring output files
...
040 (3447439.005.000) 01/30 19:28:42 Finished transferring output files
...
005 (3447439.005.000) 01/30 19:28:42 Job terminated.
	(1) Normal termination (return value 0)
		Usr 0 11:20:50, Sys 0 00:00:25  -  Run Remote Usage
		Usr 0 00:00:00, Sys 0 00:00:00  -  Run Local Usage
		Usr 0 11:20:50, Sys 0 00:00:25  -  Total Remote Usage
		Usr 0 00:00:00, Sys 0 00:00:00  -  Total Local Usage
	34467  -  Run Bytes Sent By Job
	493  -  Run Bytes Received By Job
	34467  -  Total Bytes Sent By Job
	493  -  Total Bytes Received By Job
	Partitionable Resources :    Usage  Request Allocated 
	   Cpus                 :                 1           
	   Disk (KB)            :       47        1   2781198 
	   Memory (MB)          :      169     2000      2000 
...
