000 (3447421.001.000) 01/30 01:30:40 Job submitted from host: <188.185.71.142:9618?addrs=188.185.71.142-9618+[2001-1458-d00-7--100-388]-9618&alias=bigbird09.cern.ch&noUDP&sock=schedd_2208_1533_7>
...
040 (3447421.001.000) 01/30 07:55:25 Started transferring input files
	Transferring to host: <128.142.107.206:9618?addrs=128.142.107.206-9618+[2001-1458-301-8b--100-3c8]-9618&noUDP&sock=2339_c978_24203>
...
040 (3447421.001.000) 01/30 07:55:25 Finished transferring input files
...
001 (3447421.001.000) 01/30 07:55:26 Job executing on host: <128.142.107.206:9618?addrs=128.142.107.206-9618+[2001-1458-301-8b--100-3c8]-9618&noUDP&sock=1787_4fd4_3>
...
006 (3447421.001.000) 01/30 07:55:35 Image size of job updated: 6608
	7  -  MemoryUsage of job (MB)
	6608  -  ResidentSetSize of job (KB)
...
006 (3447421.001.000) 01/30 08:00:35 Image size of job updated: 204992
	195  -  MemoryUsage of job (MB)
	199260  -  ResidentSetSize of job (KB)
...
006 (3447421.001.000) 01/30 08:05:35 Image size of job updated: 205040
	195  -  MemoryUsage of job (MB)
	199308  -  ResidentSetSize of job (KB)
...
006 (3447421.001.000) 01/30 08:10:36 Image size of job updated: 205104
	195  -  MemoryUsage of job (MB)
	199372  -  ResidentSetSize of job (KB)
...
006 (3447421.001.000) 01/30 08:15:37 Image size of job updated: 205132
	195  -  MemoryUsage of job (MB)
	199372  -  ResidentSetSize of job (KB)
...
006 (3447421.001.000) 01/30 08:20:37 Image size of job updated: 205172
	195  -  MemoryUsage of job (MB)
	199372  -  ResidentSetSize of job (KB)
...
006 (3447421.001.000) 01/30 08:25:37 Image size of job updated: 205180
	195  -  MemoryUsage of job (MB)
	199372  -  ResidentSetSize of job (KB)
...
006 (3447421.001.000) 01/30 08:30:38 Image size of job updated: 205260
	195  -  MemoryUsage of job (MB)
	199372  -  ResidentSetSize of job (KB)
...
006 (3447421.001.000) 01/30 08:35:38 Image size of job updated: 205288
	195  -  MemoryUsage of job (MB)
	199372  -  ResidentSetSize of job (KB)
...
006 (3447421.001.000) 01/30 08:40:38 Image size of job updated: 205292
	195  -  MemoryUsage of job (MB)
	199372  -  ResidentSetSize of job (KB)
...
006 (3447421.001.000) 01/30 08:50:40 Image size of job updated: 207136
	196  -  MemoryUsage of job (MB)
	200660  -  ResidentSetSize of job (KB)
...
006 (3447421.001.000) 01/30 08:55:40 Image size of job updated: 207180
	196  -  MemoryUsage of job (MB)
	200704  -  ResidentSetSize of job (KB)
...
006 (3447421.001.000) 01/30 09:00:41 Image size of job updated: 207192
	196  -  MemoryUsage of job (MB)
	200704  -  ResidentSetSize of job (KB)
...
006 (3447421.001.000) 01/30 09:05:42 Image size of job updated: 207212
	196  -  MemoryUsage of job (MB)
	200704  -  ResidentSetSize of job (KB)
...
006 (3447421.001.000) 01/30 09:25:43 Image size of job updated: 207236
	196  -  MemoryUsage of job (MB)
	200704  -  ResidentSetSize of job (KB)
...
006 (3447421.001.000) 01/30 09:40:44 Image size of job updated: 207240
	196  -  MemoryUsage of job (MB)
	200704  -  ResidentSetSize of job (KB)
...
006 (3447421.001.000) 01/31 14:43:53 Image size of job updated: 218028
	196  -  MemoryUsage of job (MB)
	200704  -  ResidentSetSize of job (KB)
...
006 (3447421.001.000) 01/31 14:48:53 Image size of job updated: 218032
	196  -  MemoryUsage of job (MB)
	200704  -  ResidentSetSize of job (KB)
...
