000 (3447419.011.000) 01/30 01:28:32 Job submitted from host: <188.185.71.142:9618?addrs=188.185.71.142-9618+[2001-1458-d00-7--100-388]-9618&alias=bigbird09.cern.ch&noUDP&sock=schedd_2208_1533_7>
...
040 (3447419.011.000) 01/30 07:23:46 Started transferring input files
	Transferring to host: <188.184.196.66:9618?addrs=188.184.196.66-9618+[2001-1458-301-102--100-51]-9618&noUDP&sock=7671_a9d1_147631>
...
040 (3447419.011.000) 01/30 07:23:46 Finished transferring input files
...
001 (3447419.011.000) 01/30 07:23:47 Job executing on host: <188.184.196.66:9618?addrs=188.184.196.66-9618+[2001-1458-301-102--100-51]-9618&noUDP&sock=5674_7874_3>
...
006 (3447419.011.000) 01/30 07:23:56 Image size of job updated: 5244
	4  -  MemoryUsage of job (MB)
	4048  -  ResidentSetSize of job (KB)
...
006 (3447419.011.000) 01/30 07:28:56 Image size of job updated: 450824
	368  -  MemoryUsage of job (MB)
	376024  -  ResidentSetSize of job (KB)
...
006 (3447419.011.000) 01/30 08:19:01 Image size of job updated: 450824
	368  -  MemoryUsage of job (MB)
	376048  -  ResidentSetSize of job (KB)
...
006 (3447419.011.000) 01/30 10:24:14 Image size of job updated: 450824
	368  -  MemoryUsage of job (MB)
	376084  -  ResidentSetSize of job (KB)
...
006 (3447419.011.000) 01/30 10:39:16 Image size of job updated: 450824
	368  -  MemoryUsage of job (MB)
	376204  -  ResidentSetSize of job (KB)
...
006 (3447419.011.000) 01/30 10:44:16 Image size of job updated: 450992
	368  -  MemoryUsage of job (MB)
	376568  -  ResidentSetSize of job (KB)
...
006 (3447419.011.000) 01/30 12:09:25 Image size of job updated: 450992
	368  -  MemoryUsage of job (MB)
	376644  -  ResidentSetSize of job (KB)
...
006 (3447419.011.000) 01/30 12:14:25 Image size of job updated: 450992
	368  -  MemoryUsage of job (MB)
	376684  -  ResidentSetSize of job (KB)
...
006 (3447419.011.000) 01/30 12:19:25 Image size of job updated: 450992
	368  -  MemoryUsage of job (MB)
	376820  -  ResidentSetSize of job (KB)
...
006 (3447419.011.000) 01/30 12:24:26 Image size of job updated: 450992
	369  -  MemoryUsage of job (MB)
	376952  -  ResidentSetSize of job (KB)
...
006 (3447419.011.000) 01/30 12:29:27 Image size of job updated: 450992
	369  -  MemoryUsage of job (MB)
	376988  -  ResidentSetSize of job (KB)
...
006 (3447419.011.000) 01/30 12:34:27 Image size of job updated: 450992
	369  -  MemoryUsage of job (MB)
	377100  -  ResidentSetSize of job (KB)
...
006 (3447419.011.000) 01/30 12:39:27 Image size of job updated: 450992
	369  -  MemoryUsage of job (MB)
	377204  -  ResidentSetSize of job (KB)
...
006 (3447419.011.000) 01/30 12:44:28 Image size of job updated: 450992
	369  -  MemoryUsage of job (MB)
	377272  -  ResidentSetSize of job (KB)
...
006 (3447419.011.000) 01/30 12:49:29 Image size of job updated: 450992
	369  -  MemoryUsage of job (MB)
	377420  -  ResidentSetSize of job (KB)
...
006 (3447419.011.000) 01/30 12:54:29 Image size of job updated: 450992
	369  -  MemoryUsage of job (MB)
	377448  -  ResidentSetSize of job (KB)
...
006 (3447419.011.000) 01/30 12:59:30 Image size of job updated: 450992
	369  -  MemoryUsage of job (MB)
	377624  -  ResidentSetSize of job (KB)
...
006 (3447419.011.000) 01/30 13:04:31 Image size of job updated: 451084
	369  -  MemoryUsage of job (MB)
	377736  -  ResidentSetSize of job (KB)
...
006 (3447419.011.000) 01/30 13:09:31 Image size of job updated: 452432
	371  -  MemoryUsage of job (MB)
	379084  -  ResidentSetSize of job (KB)
...
006 (3447419.011.000) 01/30 13:14:31 Image size of job updated: 452432
	371  -  MemoryUsage of job (MB)
	379268  -  ResidentSetSize of job (KB)
...
006 (3447419.011.000) 01/30 13:19:32 Image size of job updated: 452432
	371  -  MemoryUsage of job (MB)
	379332  -  ResidentSetSize of job (KB)
...
006 (3447419.011.000) 01/30 13:24:33 Image size of job updated: 452432
	371  -  MemoryUsage of job (MB)
	379460  -  ResidentSetSize of job (KB)
...
006 (3447419.011.000) 01/30 13:29:33 Image size of job updated: 452432
	371  -  MemoryUsage of job (MB)
	379508  -  ResidentSetSize of job (KB)
...
006 (3447419.011.000) 01/30 13:34:34 Image size of job updated: 452432
	371  -  MemoryUsage of job (MB)
	379624  -  ResidentSetSize of job (KB)
...
006 (3447419.011.000) 01/30 13:39:35 Image size of job updated: 452432
	371  -  MemoryUsage of job (MB)
	379656  -  ResidentSetSize of job (KB)
...
006 (3447419.011.000) 01/30 13:44:35 Image size of job updated: 452432
	371  -  MemoryUsage of job (MB)
	379824  -  ResidentSetSize of job (KB)
...
006 (3447419.011.000) 01/30 13:49:35 Image size of job updated: 452432
	372  -  MemoryUsage of job (MB)
	379908  -  ResidentSetSize of job (KB)
...
006 (3447419.011.000) 01/30 13:54:36 Image size of job updated: 452432
	372  -  MemoryUsage of job (MB)
	379956  -  ResidentSetSize of job (KB)
...
006 (3447419.011.000) 01/30 13:59:37 Image size of job updated: 452432
	372  -  MemoryUsage of job (MB)
	380004  -  ResidentSetSize of job (KB)
...
006 (3447419.011.000) 01/30 14:04:37 Image size of job updated: 452432
	372  -  MemoryUsage of job (MB)
	380176  -  ResidentSetSize of job (KB)
...
006 (3447419.011.000) 01/30 14:09:37 Image size of job updated: 452432
	372  -  MemoryUsage of job (MB)
	380336  -  ResidentSetSize of job (KB)
...
006 (3447419.011.000) 01/30 14:14:39 Image size of job updated: 452432
	372  -  MemoryUsage of job (MB)
	380460  -  ResidentSetSize of job (KB)
...
006 (3447419.011.000) 01/30 14:19:39 Image size of job updated: 452432
	372  -  MemoryUsage of job (MB)
	380544  -  ResidentSetSize of job (KB)
...
006 (3447419.011.000) 01/30 14:24:39 Image size of job updated: 452432
	372  -  MemoryUsage of job (MB)
	380748  -  ResidentSetSize of job (KB)
...
006 (3447419.011.000) 01/30 14:29:39 Image size of job updated: 452432
	372  -  MemoryUsage of job (MB)
	380832  -  ResidentSetSize of job (KB)
...
006 (3447419.011.000) 01/30 14:34:40 Image size of job updated: 452432
	372  -  MemoryUsage of job (MB)
	380872  -  ResidentSetSize of job (KB)
...
006 (3447419.011.000) 01/30 14:39:41 Image size of job updated: 452432
	373  -  MemoryUsage of job (MB)
	381036  -  ResidentSetSize of job (KB)
...
006 (3447419.011.000) 01/30 14:44:41 Image size of job updated: 452432
	373  -  MemoryUsage of job (MB)
	381180  -  ResidentSetSize of job (KB)
...
006 (3447419.011.000) 01/30 14:49:42 Image size of job updated: 452432
	373  -  MemoryUsage of job (MB)
	381340  -  ResidentSetSize of job (KB)
...
006 (3447419.011.000) 01/30 14:54:43 Image size of job updated: 452432
	373  -  MemoryUsage of job (MB)
	381820  -  ResidentSetSize of job (KB)
...
006 (3447419.011.000) 01/30 14:59:43 Image size of job updated: 452432
	375  -  MemoryUsage of job (MB)
	383676  -  ResidentSetSize of job (KB)
...
006 (3447419.011.000) 01/30 15:04:43 Image size of job updated: 452432
	375  -  MemoryUsage of job (MB)
	383776  -  ResidentSetSize of job (KB)
...
006 (3447419.011.000) 01/30 15:09:44 Image size of job updated: 452432
	375  -  MemoryUsage of job (MB)
	383848  -  ResidentSetSize of job (KB)
...
006 (3447419.011.000) 01/30 15:14:45 Image size of job updated: 452432
	375  -  MemoryUsage of job (MB)
	383892  -  ResidentSetSize of job (KB)
...
006 (3447419.011.000) 01/30 15:19:45 Image size of job updated: 452432
	375  -  MemoryUsage of job (MB)
	383944  -  ResidentSetSize of job (KB)
...
006 (3447419.011.000) 01/30 15:24:45 Image size of job updated: 452432
	375  -  MemoryUsage of job (MB)
	383988  -  ResidentSetSize of job (KB)
...
006 (3447419.011.000) 01/30 15:29:45 Image size of job updated: 452432
	376  -  MemoryUsage of job (MB)
	384012  -  ResidentSetSize of job (KB)
...
006 (3447419.011.000) 01/30 15:34:46 Image size of job updated: 452432
	376  -  MemoryUsage of job (MB)
	384020  -  ResidentSetSize of job (KB)
...
006 (3447419.011.000) 01/30 15:39:46 Image size of job updated: 452432
	376  -  MemoryUsage of job (MB)
	384052  -  ResidentSetSize of job (KB)
...
006 (3447419.011.000) 01/30 15:44:46 Image size of job updated: 452432
	376  -  MemoryUsage of job (MB)
	384108  -  ResidentSetSize of job (KB)
...
006 (3447419.011.000) 01/30 15:49:47 Image size of job updated: 452432
	376  -  MemoryUsage of job (MB)
	384152  -  ResidentSetSize of job (KB)
...
006 (3447419.011.000) 01/30 15:59:48 Image size of job updated: 452432
	376  -  MemoryUsage of job (MB)
	384220  -  ResidentSetSize of job (KB)
...
006 (3447419.011.000) 01/30 16:04:48 Image size of job updated: 452432
	376  -  MemoryUsage of job (MB)
	384256  -  ResidentSetSize of job (KB)
...
006 (3447419.011.000) 01/30 16:09:49 Image size of job updated: 452432
	376  -  MemoryUsage of job (MB)
	384264  -  ResidentSetSize of job (KB)
...
006 (3447419.011.000) 01/30 16:14:50 Image size of job updated: 452432
	376  -  MemoryUsage of job (MB)
	384360  -  ResidentSetSize of job (KB)
...
006 (3447419.011.000) 01/30 16:19:50 Image size of job updated: 452432
	376  -  MemoryUsage of job (MB)
	384424  -  ResidentSetSize of job (KB)
...
006 (3447419.011.000) 01/30 16:24:50 Image size of job updated: 452432
	376  -  MemoryUsage of job (MB)
	384480  -  ResidentSetSize of job (KB)
...
006 (3447419.011.000) 01/30 16:29:51 Image size of job updated: 452432
	376  -  MemoryUsage of job (MB)
	384532  -  ResidentSetSize of job (KB)
...
006 (3447419.011.000) 01/30 16:34:52 Image size of job updated: 452432
	376  -  MemoryUsage of job (MB)
	384568  -  ResidentSetSize of job (KB)
...
006 (3447419.011.000) 01/30 16:39:52 Image size of job updated: 452432
	376  -  MemoryUsage of job (MB)
	384580  -  ResidentSetSize of job (KB)
...
006 (3447419.011.000) 01/30 16:44:52 Image size of job updated: 452432
	376  -  MemoryUsage of job (MB)
	384628  -  ResidentSetSize of job (KB)
...
006 (3447419.011.000) 01/30 16:49:53 Image size of job updated: 452432
	376  -  MemoryUsage of job (MB)
	384660  -  ResidentSetSize of job (KB)
...
006 (3447419.011.000) 01/30 16:54:54 Image size of job updated: 452432
	376  -  MemoryUsage of job (MB)
	384696  -  ResidentSetSize of job (KB)
...
006 (3447419.011.000) 01/30 16:59:54 Image size of job updated: 452432
	376  -  MemoryUsage of job (MB)
	384708  -  ResidentSetSize of job (KB)
...
006 (3447419.011.000) 01/30 17:04:54 Image size of job updated: 452432
	376  -  MemoryUsage of job (MB)
	384784  -  ResidentSetSize of job (KB)
...
006 (3447419.011.000) 01/30 17:09:55 Image size of job updated: 452432
	376  -  MemoryUsage of job (MB)
	384844  -  ResidentSetSize of job (KB)
...
006 (3447419.011.000) 01/30 17:14:56 Image size of job updated: 452432
	376  -  MemoryUsage of job (MB)
	384864  -  ResidentSetSize of job (KB)
...
006 (3447419.011.000) 01/30 17:19:56 Image size of job updated: 452432
	376  -  MemoryUsage of job (MB)
	384892  -  ResidentSetSize of job (KB)
...
006 (3447419.011.000) 01/30 17:24:56 Image size of job updated: 452432
	376  -  MemoryUsage of job (MB)
	384916  -  ResidentSetSize of job (KB)
...
006 (3447419.011.000) 01/30 17:29:56 Image size of job updated: 452432
	376  -  MemoryUsage of job (MB)
	384948  -  ResidentSetSize of job (KB)
...
006 (3447419.011.000) 01/30 17:34:56 Image size of job updated: 452432
	376  -  MemoryUsage of job (MB)
	384996  -  ResidentSetSize of job (KB)
...
006 (3447419.011.000) 01/30 17:39:57 Image size of job updated: 452432
	376  -  MemoryUsage of job (MB)
	385024  -  ResidentSetSize of job (KB)
...
006 (3447419.011.000) 01/30 17:44:58 Image size of job updated: 452432
	377  -  MemoryUsage of job (MB)
	385052  -  ResidentSetSize of job (KB)
...
006 (3447419.011.000) 01/30 17:49:58 Image size of job updated: 452432
	377  -  MemoryUsage of job (MB)
	385076  -  ResidentSetSize of job (KB)
...
006 (3447419.011.000) 01/30 17:54:58 Image size of job updated: 452432
	377  -  MemoryUsage of job (MB)
	385104  -  ResidentSetSize of job (KB)
...
006 (3447419.011.000) 01/30 17:59:59 Image size of job updated: 452432
	377  -  MemoryUsage of job (MB)
	385124  -  ResidentSetSize of job (KB)
...
006 (3447419.011.000) 01/30 18:05:00 Image size of job updated: 452432
	377  -  MemoryUsage of job (MB)
	385140  -  ResidentSetSize of job (KB)
...
006 (3447419.011.000) 01/30 18:10:00 Image size of job updated: 452432
	377  -  MemoryUsage of job (MB)
	385176  -  ResidentSetSize of job (KB)
...
006 (3447419.011.000) 01/30 18:15:00 Image size of job updated: 452432
	377  -  MemoryUsage of job (MB)
	385248  -  ResidentSetSize of job (KB)
...
006 (3447419.011.000) 01/30 18:20:01 Image size of job updated: 452432
	377  -  MemoryUsage of job (MB)
	385260  -  ResidentSetSize of job (KB)
...
006 (3447419.011.000) 01/30 18:25:02 Image size of job updated: 452432
	377  -  MemoryUsage of job (MB)
	385284  -  ResidentSetSize of job (KB)
...
006 (3447419.011.000) 01/30 18:30:02 Image size of job updated: 452432
	377  -  MemoryUsage of job (MB)
	385320  -  ResidentSetSize of job (KB)
...
006 (3447419.011.000) 01/30 18:35:02 Image size of job updated: 452432
	377  -  MemoryUsage of job (MB)
	385372  -  ResidentSetSize of job (KB)
...
006 (3447419.011.000) 01/30 18:40:03 Image size of job updated: 452432
	377  -  MemoryUsage of job (MB)
	385404  -  ResidentSetSize of job (KB)
...
006 (3447419.011.000) 01/30 18:45:04 Image size of job updated: 452432
	377  -  MemoryUsage of job (MB)
	385428  -  ResidentSetSize of job (KB)
...
006 (3447419.011.000) 01/30 18:50:04 Image size of job updated: 452432
	377  -  MemoryUsage of job (MB)
	385460  -  ResidentSetSize of job (KB)
...
006 (3447419.011.000) 01/30 18:55:05 Image size of job updated: 452432
	377  -  MemoryUsage of job (MB)
	385464  -  ResidentSetSize of job (KB)
...
006 (3447419.011.000) 01/30 19:00:06 Image size of job updated: 452432
	377  -  MemoryUsage of job (MB)
	385520  -  ResidentSetSize of job (KB)
...
006 (3447419.011.000) 01/30 19:05:06 Image size of job updated: 452432
	377  -  MemoryUsage of job (MB)
	385524  -  ResidentSetSize of job (KB)
...
006 (3447419.011.000) 01/30 19:10:06 Image size of job updated: 452432
	377  -  MemoryUsage of job (MB)
	385556  -  ResidentSetSize of job (KB)
...
006 (3447419.011.000) 01/30 19:20:07 Image size of job updated: 452432
	377  -  MemoryUsage of job (MB)
	385604  -  ResidentSetSize of job (KB)
...
006 (3447419.011.000) 01/30 19:25:07 Image size of job updated: 452432
	377  -  MemoryUsage of job (MB)
	385632  -  ResidentSetSize of job (KB)
...
006 (3447419.011.000) 01/30 19:30:08 Image size of job updated: 452432
	377  -  MemoryUsage of job (MB)
	385648  -  ResidentSetSize of job (KB)
...
006 (3447419.011.000) 01/30 19:35:09 Image size of job updated: 452432
	377  -  MemoryUsage of job (MB)
	385692  -  ResidentSetSize of job (KB)
...
006 (3447419.011.000) 01/30 19:40:09 Image size of job updated: 452432
	377  -  MemoryUsage of job (MB)
	385704  -  ResidentSetSize of job (KB)
...
006 (3447419.011.000) 01/30 19:45:09 Image size of job updated: 452432
	377  -  MemoryUsage of job (MB)
	385756  -  ResidentSetSize of job (KB)
...
006 (3447419.011.000) 01/30 19:50:10 Image size of job updated: 452432
	377  -  MemoryUsage of job (MB)
	385804  -  ResidentSetSize of job (KB)
...
006 (3447419.011.000) 01/30 19:55:11 Image size of job updated: 452432
	377  -  MemoryUsage of job (MB)
	385824  -  ResidentSetSize of job (KB)
...
006 (3447419.011.000) 01/30 20:00:11 Image size of job updated: 452432
	377  -  MemoryUsage of job (MB)
	385856  -  ResidentSetSize of job (KB)
...
006 (3447419.011.000) 01/30 20:10:13 Image size of job updated: 452432
	377  -  MemoryUsage of job (MB)
	385904  -  ResidentSetSize of job (KB)
...
006 (3447419.011.000) 01/30 20:15:13 Image size of job updated: 452432
	377  -  MemoryUsage of job (MB)
	385960  -  ResidentSetSize of job (KB)
...
006 (3447419.011.000) 01/30 20:20:13 Image size of job updated: 452432
	378  -  MemoryUsage of job (MB)
	386060  -  ResidentSetSize of job (KB)
...
006 (3447419.011.000) 01/30 20:25:14 Image size of job updated: 452432
	378  -  MemoryUsage of job (MB)
	386092  -  ResidentSetSize of job (KB)
...
006 (3447419.011.000) 01/30 20:30:15 Image size of job updated: 452432
	378  -  MemoryUsage of job (MB)
	386132  -  ResidentSetSize of job (KB)
...
006 (3447419.011.000) 01/30 20:40:15 Image size of job updated: 452432
	378  -  MemoryUsage of job (MB)
	386164  -  ResidentSetSize of job (KB)
...
006 (3447419.011.000) 01/30 20:45:17 Image size of job updated: 452432
	378  -  MemoryUsage of job (MB)
	386212  -  ResidentSetSize of job (KB)
...
006 (3447419.011.000) 01/30 20:50:17 Image size of job updated: 452432
	378  -  MemoryUsage of job (MB)
	386252  -  ResidentSetSize of job (KB)
...
006 (3447419.011.000) 01/30 20:55:17 Image size of job updated: 452432
	378  -  MemoryUsage of job (MB)
	386280  -  ResidentSetSize of job (KB)
...
006 (3447419.011.000) 01/30 21:00:18 Image size of job updated: 452432
	378  -  MemoryUsage of job (MB)
	386304  -  ResidentSetSize of job (KB)
...
006 (3447419.011.000) 01/30 21:05:19 Image size of job updated: 452432
	378  -  MemoryUsage of job (MB)
	386336  -  ResidentSetSize of job (KB)
...
006 (3447419.011.000) 01/30 21:10:19 Image size of job updated: 452432
	378  -  MemoryUsage of job (MB)
	386344  -  ResidentSetSize of job (KB)
...
006 (3447419.011.000) 01/30 21:15:19 Image size of job updated: 452432
	378  -  MemoryUsage of job (MB)
	386368  -  ResidentSetSize of job (KB)
...
006 (3447419.011.000) 01/30 21:20:20 Image size of job updated: 452432
	378  -  MemoryUsage of job (MB)
	386420  -  ResidentSetSize of job (KB)
...
006 (3447419.011.000) 01/30 21:25:20 Image size of job updated: 452432
	378  -  MemoryUsage of job (MB)
	386452  -  ResidentSetSize of job (KB)
...
006 (3447419.011.000) 01/30 21:30:20 Image size of job updated: 452432
	378  -  MemoryUsage of job (MB)
	386480  -  ResidentSetSize of job (KB)
...
006 (3447419.011.000) 01/30 21:35:21 Image size of job updated: 452432
	378  -  MemoryUsage of job (MB)
	386544  -  ResidentSetSize of job (KB)
...
006 (3447419.011.000) 01/30 21:40:22 Image size of job updated: 452432
	378  -  MemoryUsage of job (MB)
	386576  -  ResidentSetSize of job (KB)
...
006 (3447419.011.000) 01/30 21:45:22 Image size of job updated: 452432
	378  -  MemoryUsage of job (MB)
	386664  -  ResidentSetSize of job (KB)
...
006 (3447419.011.000) 01/30 21:50:22 Image size of job updated: 452432
	378  -  MemoryUsage of job (MB)
	386668  -  ResidentSetSize of job (KB)
...
006 (3447419.011.000) 01/30 21:55:23 Image size of job updated: 452432
	378  -  MemoryUsage of job (MB)
	386676  -  ResidentSetSize of job (KB)
...
006 (3447419.011.000) 01/30 22:00:24 Image size of job updated: 452432
	378  -  MemoryUsage of job (MB)
	386704  -  ResidentSetSize of job (KB)
...
006 (3447419.011.000) 01/30 22:10:24 Image size of job updated: 452432
	378  -  MemoryUsage of job (MB)
	386752  -  ResidentSetSize of job (KB)
...
006 (3447419.011.000) 01/30 22:15:25 Image size of job updated: 452432
	378  -  MemoryUsage of job (MB)
	386808  -  ResidentSetSize of job (KB)
...
006 (3447419.011.000) 01/30 22:20:26 Image size of job updated: 452432
	378  -  MemoryUsage of job (MB)
	386832  -  ResidentSetSize of job (KB)
...
006 (3447419.011.000) 01/30 22:25:26 Image size of job updated: 452432
	378  -  MemoryUsage of job (MB)
	386852  -  ResidentSetSize of job (KB)
...
006 (3447419.011.000) 01/30 22:30:27 Image size of job updated: 452432
	378  -  MemoryUsage of job (MB)
	386888  -  ResidentSetSize of job (KB)
...
006 (3447419.011.000) 01/30 22:35:28 Image size of job updated: 452432
	378  -  MemoryUsage of job (MB)
	386900  -  ResidentSetSize of job (KB)
...
006 (3447419.011.000) 01/30 22:40:28 Image size of job updated: 452432
	378  -  MemoryUsage of job (MB)
	386960  -  ResidentSetSize of job (KB)
...
006 (3447419.011.000) 01/30 22:45:28 Image size of job updated: 452432
	378  -  MemoryUsage of job (MB)
	386996  -  ResidentSetSize of job (KB)
...
006 (3447419.011.000) 01/30 22:50:29 Image size of job updated: 452432
	378  -  MemoryUsage of job (MB)
	387004  -  ResidentSetSize of job (KB)
...
006 (3447419.011.000) 01/30 22:55:30 Image size of job updated: 452432
	378  -  MemoryUsage of job (MB)
	387072  -  ResidentSetSize of job (KB)
...
006 (3447419.011.000) 01/30 23:00:30 Image size of job updated: 452432
	379  -  MemoryUsage of job (MB)
	387092  -  ResidentSetSize of job (KB)
...
006 (3447419.011.000) 01/30 23:05:30 Image size of job updated: 452432
	379  -  MemoryUsage of job (MB)
	387108  -  ResidentSetSize of job (KB)
...
006 (3447419.011.000) 01/30 23:10:31 Image size of job updated: 452432
	379  -  MemoryUsage of job (MB)
	387140  -  ResidentSetSize of job (KB)
...
006 (3447419.011.000) 01/30 23:20:32 Image size of job updated: 452432
	379  -  MemoryUsage of job (MB)
	387184  -  ResidentSetSize of job (KB)
...
006 (3447419.011.000) 01/30 23:25:32 Image size of job updated: 452432
	379  -  MemoryUsage of job (MB)
	387216  -  ResidentSetSize of job (KB)
...
006 (3447419.011.000) 01/30 23:30:33 Image size of job updated: 452432
	379  -  MemoryUsage of job (MB)
	387244  -  ResidentSetSize of job (KB)
...
006 (3447419.011.000) 01/30 23:35:33 Image size of job updated: 452432
	379  -  MemoryUsage of job (MB)
	387260  -  ResidentSetSize of job (KB)
...
006 (3447419.011.000) 01/30 23:40:34 Image size of job updated: 452432
	379  -  MemoryUsage of job (MB)
	387316  -  ResidentSetSize of job (KB)
...
006 (3447419.011.000) 01/30 23:45:35 Image size of job updated: 452432
	379  -  MemoryUsage of job (MB)
	387356  -  ResidentSetSize of job (KB)
...
006 (3447419.011.000) 01/30 23:50:35 Image size of job updated: 452432
	379  -  MemoryUsage of job (MB)
	387384  -  ResidentSetSize of job (KB)
...
006 (3447419.011.000) 01/30 23:55:35 Image size of job updated: 452432
	379  -  MemoryUsage of job (MB)
	387444  -  ResidentSetSize of job (KB)
...
006 (3447419.011.000) 01/31 00:00:36 Image size of job updated: 452432
	379  -  MemoryUsage of job (MB)
	387456  -  ResidentSetSize of job (KB)
...
006 (3447419.011.000) 01/31 00:05:37 Image size of job updated: 452432
	379  -  MemoryUsage of job (MB)
	387464  -  ResidentSetSize of job (KB)
...
006 (3447419.011.000) 01/31 00:10:37 Image size of job updated: 452432
	379  -  MemoryUsage of job (MB)
	387496  -  ResidentSetSize of job (KB)
...
006 (3447419.011.000) 01/31 00:15:37 Image size of job updated: 452432
	379  -  MemoryUsage of job (MB)
	387528  -  ResidentSetSize of job (KB)
...
006 (3447419.011.000) 01/31 00:20:39 Image size of job updated: 452432
	379  -  MemoryUsage of job (MB)
	387552  -  ResidentSetSize of job (KB)
...
006 (3447419.011.000) 01/31 00:25:39 Image size of job updated: 452432
	379  -  MemoryUsage of job (MB)
	387572  -  ResidentSetSize of job (KB)
...
006 (3447419.011.000) 01/31 00:30:39 Image size of job updated: 452432
	379  -  MemoryUsage of job (MB)
	387588  -  ResidentSetSize of job (KB)
...
006 (3447419.011.000) 01/31 00:35:40 Image size of job updated: 452432
	379  -  MemoryUsage of job (MB)
	387616  -  ResidentSetSize of job (KB)
...
006 (3447419.011.000) 01/31 00:40:41 Image size of job updated: 452432
	379  -  MemoryUsage of job (MB)
	387676  -  ResidentSetSize of job (KB)
...
006 (3447419.011.000) 01/31 00:45:41 Image size of job updated: 452432
	379  -  MemoryUsage of job (MB)
	387692  -  ResidentSetSize of job (KB)
...
006 (3447419.011.000) 01/31 00:50:41 Image size of job updated: 452432
	379  -  MemoryUsage of job (MB)
	387732  -  ResidentSetSize of job (KB)
...
006 (3447419.011.000) 01/31 00:55:42 Image size of job updated: 452432
	379  -  MemoryUsage of job (MB)
	387756  -  ResidentSetSize of job (KB)
...
006 (3447419.011.000) 01/31 01:00:43 Image size of job updated: 452432
	379  -  MemoryUsage of job (MB)
	387760  -  ResidentSetSize of job (KB)
...
006 (3447419.011.000) 01/31 01:05:43 Image size of job updated: 452432
	379  -  MemoryUsage of job (MB)
	387820  -  ResidentSetSize of job (KB)
...
006 (3447419.011.000) 01/31 01:10:43 Image size of job updated: 452432
	379  -  MemoryUsage of job (MB)
	387860  -  ResidentSetSize of job (KB)
...
006 (3447419.011.000) 01/31 01:15:44 Image size of job updated: 452432
	379  -  MemoryUsage of job (MB)
	387884  -  ResidentSetSize of job (KB)
...
006 (3447419.011.000) 01/31 01:20:45 Image size of job updated: 452432
	379  -  MemoryUsage of job (MB)
	387920  -  ResidentSetSize of job (KB)
...
006 (3447419.011.000) 01/31 01:25:45 Image size of job updated: 452432
	379  -  MemoryUsage of job (MB)
	387988  -  ResidentSetSize of job (KB)
...
006 (3447419.011.000) 01/31 01:30:46 Image size of job updated: 452432
	379  -  MemoryUsage of job (MB)
	388036  -  ResidentSetSize of job (KB)
...
006 (3447419.011.000) 01/31 01:35:48 Image size of job updated: 452432
	379  -  MemoryUsage of job (MB)
	388048  -  ResidentSetSize of job (KB)
...
006 (3447419.011.000) 01/31 01:40:48 Image size of job updated: 452432
	379  -  MemoryUsage of job (MB)
	388060  -  ResidentSetSize of job (KB)
...
006 (3447419.011.000) 01/31 01:45:48 Image size of job updated: 452432
	380  -  MemoryUsage of job (MB)
	388104  -  ResidentSetSize of job (KB)
...
006 (3447419.011.000) 01/31 01:50:49 Image size of job updated: 452432
	380  -  MemoryUsage of job (MB)
	388132  -  ResidentSetSize of job (KB)
...
006 (3447419.011.000) 01/31 01:55:50 Image size of job updated: 452432
	380  -  MemoryUsage of job (MB)
	388152  -  ResidentSetSize of job (KB)
...
006 (3447419.011.000) 01/31 02:00:50 Image size of job updated: 452432
	380  -  MemoryUsage of job (MB)
	388176  -  ResidentSetSize of job (KB)
...
006 (3447419.011.000) 01/31 02:05:50 Image size of job updated: 452432
	380  -  MemoryUsage of job (MB)
	388208  -  ResidentSetSize of job (KB)
...
006 (3447419.011.000) 01/31 02:10:52 Image size of job updated: 452432
	380  -  MemoryUsage of job (MB)
	388236  -  ResidentSetSize of job (KB)
...
006 (3447419.011.000) 01/31 02:15:52 Image size of job updated: 452432
	380  -  MemoryUsage of job (MB)
	388248  -  ResidentSetSize of job (KB)
...
006 (3447419.011.000) 01/31 02:20:52 Image size of job updated: 452432
	380  -  MemoryUsage of job (MB)
	388324  -  ResidentSetSize of job (KB)
...
006 (3447419.011.000) 01/31 02:25:53 Image size of job updated: 452432
	380  -  MemoryUsage of job (MB)
	388440  -  ResidentSetSize of job (KB)
...
006 (3447419.011.000) 01/31 02:30:54 Image size of job updated: 452432
	380  -  MemoryUsage of job (MB)
	388460  -  ResidentSetSize of job (KB)
...
006 (3447419.011.000) 01/31 02:35:54 Image size of job updated: 452432
	380  -  MemoryUsage of job (MB)
	388612  -  ResidentSetSize of job (KB)
...
006 (3447419.011.000) 01/31 02:45:55 Image size of job updated: 452432
	380  -  MemoryUsage of job (MB)
	388672  -  ResidentSetSize of job (KB)
...
006 (3447419.011.000) 01/31 02:50:56 Image size of job updated: 452432
	380  -  MemoryUsage of job (MB)
	388680  -  ResidentSetSize of job (KB)
...
006 (3447419.011.000) 01/31 03:25:59 Image size of job updated: 452432
	380  -  MemoryUsage of job (MB)
	388692  -  ResidentSetSize of job (KB)
...
006 (3447419.011.000) 01/31 03:31:00 Image size of job updated: 452432
	380  -  MemoryUsage of job (MB)
	388744  -  ResidentSetSize of job (KB)
...
006 (3447419.011.000) 01/31 03:36:00 Image size of job updated: 452432
	380  -  MemoryUsage of job (MB)
	388808  -  ResidentSetSize of job (KB)
...
006 (3447419.011.000) 01/31 03:41:00 Image size of job updated: 452432
	380  -  MemoryUsage of job (MB)
	388860  -  ResidentSetSize of job (KB)
...
006 (3447419.011.000) 01/31 03:46:01 Image size of job updated: 452432
	380  -  MemoryUsage of job (MB)
	388864  -  ResidentSetSize of job (KB)
...
006 (3447419.011.000) 01/31 03:51:02 Image size of job updated: 452432
	380  -  MemoryUsage of job (MB)
	388940  -  ResidentSetSize of job (KB)
...
006 (3447419.011.000) 01/31 03:56:02 Image size of job updated: 452432
	380  -  MemoryUsage of job (MB)
	388976  -  ResidentSetSize of job (KB)
...
006 (3447419.011.000) 01/31 04:01:02 Image size of job updated: 452432
	380  -  MemoryUsage of job (MB)
	389080  -  ResidentSetSize of job (KB)
...
006 (3447419.011.000) 01/31 04:06:03 Image size of job updated: 452432
	380  -  MemoryUsage of job (MB)
	389100  -  ResidentSetSize of job (KB)
...
006 (3447419.011.000) 01/31 04:16:04 Image size of job updated: 452432
	380  -  MemoryUsage of job (MB)
	389112  -  ResidentSetSize of job (KB)
...
006 (3447419.011.000) 01/31 04:21:05 Image size of job updated: 452432
	381  -  MemoryUsage of job (MB)
	389124  -  ResidentSetSize of job (KB)
...
006 (3447419.011.000) 01/31 04:36:06 Image size of job updated: 452432
	381  -  MemoryUsage of job (MB)
	389148  -  ResidentSetSize of job (KB)
...
006 (3447419.011.000) 01/31 06:01:16 Image size of job updated: 452432
	381  -  MemoryUsage of job (MB)
	389160  -  ResidentSetSize of job (KB)
...
006 (3447419.011.000) 01/31 06:06:17 Image size of job updated: 452432
	381  -  MemoryUsage of job (MB)
	389188  -  ResidentSetSize of job (KB)
...
006 (3447419.011.000) 01/31 06:11:18 Image size of job updated: 452432
	381  -  MemoryUsage of job (MB)
	389220  -  ResidentSetSize of job (KB)
...
006 (3447419.011.000) 01/31 06:21:18 Image size of job updated: 452432
	381  -  MemoryUsage of job (MB)
	389268  -  ResidentSetSize of job (KB)
...
006 (3447419.011.000) 01/31 06:31:20 Image size of job updated: 452432
	381  -  MemoryUsage of job (MB)
	389324  -  ResidentSetSize of job (KB)
...
006 (3447419.011.000) 01/31 06:36:20 Image size of job updated: 452432
	381  -  MemoryUsage of job (MB)
	389364  -  ResidentSetSize of job (KB)
...
006 (3447419.011.000) 01/31 06:41:20 Image size of job updated: 452432
	381  -  MemoryUsage of job (MB)
	389392  -  ResidentSetSize of job (KB)
...
006 (3447419.011.000) 01/31 06:46:21 Image size of job updated: 452432
	381  -  MemoryUsage of job (MB)
	389432  -  ResidentSetSize of job (KB)
...
006 (3447419.011.000) 01/31 06:56:23 Image size of job updated: 452432
	381  -  MemoryUsage of job (MB)
	389480  -  ResidentSetSize of job (KB)
...
006 (3447419.011.000) 01/31 07:01:23 Image size of job updated: 452432
	381  -  MemoryUsage of job (MB)
	389516  -  ResidentSetSize of job (KB)
...
006 (3447419.011.000) 01/31 08:31:32 Image size of job updated: 452432
	381  -  MemoryUsage of job (MB)
	389544  -  ResidentSetSize of job (KB)
...
006 (3447419.011.000) 01/31 08:36:33 Image size of job updated: 452432
	381  -  MemoryUsage of job (MB)
	389580  -  ResidentSetSize of job (KB)
...
006 (3447419.011.000) 01/31 08:46:33 Image size of job updated: 452432
	381  -  MemoryUsage of job (MB)
	389600  -  ResidentSetSize of job (KB)
...
006 (3447419.011.000) 01/31 08:51:34 Image size of job updated: 452432
	381  -  MemoryUsage of job (MB)
	389616  -  ResidentSetSize of job (KB)
...
006 (3447419.011.000) 01/31 09:01:35 Image size of job updated: 452432
	381  -  MemoryUsage of job (MB)
	389620  -  ResidentSetSize of job (KB)
...
006 (3447419.011.000) 01/31 09:06:35 Image size of job updated: 452432
	381  -  MemoryUsage of job (MB)
	389652  -  ResidentSetSize of job (KB)
...
006 (3447419.011.000) 01/31 09:11:36 Image size of job updated: 452432
	381  -  MemoryUsage of job (MB)
	389660  -  ResidentSetSize of job (KB)
...
006 (3447419.011.000) 01/31 09:16:37 Image size of job updated: 452432
	381  -  MemoryUsage of job (MB)
	389696  -  ResidentSetSize of job (KB)
...
006 (3447419.011.000) 01/31 09:26:37 Image size of job updated: 452432
	381  -  MemoryUsage of job (MB)
	389716  -  ResidentSetSize of job (KB)
...
006 (3447419.011.000) 01/31 09:46:39 Image size of job updated: 452432
	381  -  MemoryUsage of job (MB)
	389728  -  ResidentSetSize of job (KB)
...
006 (3447419.011.000) 01/31 09:51:40 Image size of job updated: 452432
	381  -  MemoryUsage of job (MB)
	389736  -  ResidentSetSize of job (KB)
...
006 (3447419.011.000) 01/31 09:56:41 Image size of job updated: 452432
	381  -  MemoryUsage of job (MB)
	389744  -  ResidentSetSize of job (KB)
...
006 (3447419.011.000) 01/31 10:11:42 Image size of job updated: 452432
	381  -  MemoryUsage of job (MB)
	389760  -  ResidentSetSize of job (KB)
...
006 (3447419.011.000) 01/31 10:16:43 Image size of job updated: 452432
	381  -  MemoryUsage of job (MB)
	389812  -  ResidentSetSize of job (KB)
...
006 (3447419.011.000) 01/31 10:21:43 Image size of job updated: 452432
	381  -  MemoryUsage of job (MB)
	389832  -  ResidentSetSize of job (KB)
...
006 (3447419.011.000) 01/31 10:41:45 Image size of job updated: 452432
	381  -  MemoryUsage of job (MB)
	389848  -  ResidentSetSize of job (KB)
...
006 (3447419.011.000) 01/31 10:46:45 Image size of job updated: 452432
	381  -  MemoryUsage of job (MB)
	389864  -  ResidentSetSize of job (KB)
...
006 (3447419.011.000) 01/31 10:51:45 Image size of job updated: 452432
	381  -  MemoryUsage of job (MB)
	389900  -  ResidentSetSize of job (KB)
...
006 (3447419.011.000) 01/31 10:56:46 Image size of job updated: 452432
	381  -  MemoryUsage of job (MB)
	389904  -  ResidentSetSize of job (KB)
...
006 (3447419.011.000) 01/31 11:01:47 Image size of job updated: 452432
	381  -  MemoryUsage of job (MB)
	389944  -  ResidentSetSize of job (KB)
...
006 (3447419.011.000) 01/31 11:11:47 Image size of job updated: 452432
	381  -  MemoryUsage of job (MB)
	389952  -  ResidentSetSize of job (KB)
...
006 (3447419.011.000) 01/31 11:16:48 Image size of job updated: 452432
	381  -  MemoryUsage of job (MB)
	389972  -  ResidentSetSize of job (KB)
...
006 (3447419.011.000) 01/31 11:26:49 Image size of job updated: 452432
	381  -  MemoryUsage of job (MB)
	389976  -  ResidentSetSize of job (KB)
...
006 (3447419.011.000) 01/31 11:31:49 Image size of job updated: 452432
	381  -  MemoryUsage of job (MB)
	390008  -  ResidentSetSize of job (KB)
...
006 (3447419.011.000) 01/31 11:51:51 Image size of job updated: 452432
	381  -  MemoryUsage of job (MB)
	390012  -  ResidentSetSize of job (KB)
...
006 (3447419.011.000) 01/31 11:56:51 Image size of job updated: 452432
	381  -  MemoryUsage of job (MB)
	390056  -  ResidentSetSize of job (KB)
...
006 (3447419.011.000) 01/31 12:01:52 Image size of job updated: 452432
	381  -  MemoryUsage of job (MB)
	390096  -  ResidentSetSize of job (KB)
...
006 (3447419.011.000) 01/31 12:06:53 Image size of job updated: 452432
	381  -  MemoryUsage of job (MB)
	390136  -  ResidentSetSize of job (KB)
...
006 (3447419.011.000) 01/31 12:26:55 Image size of job updated: 452432
	381  -  MemoryUsage of job (MB)
	390144  -  ResidentSetSize of job (KB)
...
006 (3447419.011.000) 01/31 12:31:55 Image size of job updated: 452432
	382  -  MemoryUsage of job (MB)
	390148  -  ResidentSetSize of job (KB)
...
006 (3447419.011.000) 01/31 12:41:56 Image size of job updated: 452432
	382  -  MemoryUsage of job (MB)
	390152  -  ResidentSetSize of job (KB)
...
006 (3447419.011.000) 01/31 12:46:57 Image size of job updated: 452432
	382  -  MemoryUsage of job (MB)
	390220  -  ResidentSetSize of job (KB)
...
006 (3447419.011.000) 01/31 13:11:59 Image size of job updated: 452432
	382  -  MemoryUsage of job (MB)
	390236  -  ResidentSetSize of job (KB)
...
006 (3447419.011.000) 01/31 13:16:59 Image size of job updated: 452432
	382  -  MemoryUsage of job (MB)
	390252  -  ResidentSetSize of job (KB)
...
006 (3447419.011.000) 01/31 13:21:59 Image size of job updated: 452432
	382  -  MemoryUsage of job (MB)
	390276  -  ResidentSetSize of job (KB)
...
006 (3447419.011.000) 01/31 13:27:00 Image size of job updated: 452432
	382  -  MemoryUsage of job (MB)
	390296  -  ResidentSetSize of job (KB)
...
006 (3447419.011.000) 01/31 13:37:01 Image size of job updated: 452432
	382  -  MemoryUsage of job (MB)
	390328  -  ResidentSetSize of job (KB)
...
006 (3447419.011.000) 01/31 13:42:01 Image size of job updated: 452432
	382  -  MemoryUsage of job (MB)
	390332  -  ResidentSetSize of job (KB)
...
006 (3447419.011.000) 01/31 13:52:03 Image size of job updated: 452432
	382  -  MemoryUsage of job (MB)
	390356  -  ResidentSetSize of job (KB)
...
006 (3447419.011.000) 01/31 13:57:03 Image size of job updated: 452432
	382  -  MemoryUsage of job (MB)
	390368  -  ResidentSetSize of job (KB)
...
006 (3447419.011.000) 01/31 14:02:04 Image size of job updated: 452432
	382  -  MemoryUsage of job (MB)
	390388  -  ResidentSetSize of job (KB)
...
006 (3447419.011.000) 01/31 14:07:05 Image size of job updated: 452432
	382  -  MemoryUsage of job (MB)
	390400  -  ResidentSetSize of job (KB)
...
006 (3447419.011.000) 01/31 14:12:05 Image size of job updated: 452432
	382  -  MemoryUsage of job (MB)
	390428  -  ResidentSetSize of job (KB)
...
006 (3447419.011.000) 01/31 14:22:07 Image size of job updated: 452432
	382  -  MemoryUsage of job (MB)
	390432  -  ResidentSetSize of job (KB)
...
006 (3447419.011.000) 01/31 14:27:07 Image size of job updated: 452432
	382  -  MemoryUsage of job (MB)
	390448  -  ResidentSetSize of job (KB)
...
006 (3447419.011.000) 01/31 14:32:07 Image size of job updated: 452432
	382  -  MemoryUsage of job (MB)
	390456  -  ResidentSetSize of job (KB)
...
006 (3447419.011.000) 01/31 14:37:08 Image size of job updated: 452432
	382  -  MemoryUsage of job (MB)
	390460  -  ResidentSetSize of job (KB)
...
006 (3447419.011.000) 01/31 14:42:08 Image size of job updated: 452432
	382  -  MemoryUsage of job (MB)
	390468  -  ResidentSetSize of job (KB)
...
006 (3447419.011.000) 01/31 14:47:08 Image size of job updated: 452432
	382  -  MemoryUsage of job (MB)
	390484  -  ResidentSetSize of job (KB)
...
006 (3447419.011.000) 01/31 14:52:09 Image size of job updated: 452432
	382  -  MemoryUsage of job (MB)
	390504  -  ResidentSetSize of job (KB)
...
006 (3447419.011.000) 01/31 14:57:09 Image size of job updated: 452432
	382  -  MemoryUsage of job (MB)
	390512  -  ResidentSetSize of job (KB)
...
006 (3447419.011.000) 01/31 15:02:09 Image size of job updated: 452432
	382  -  MemoryUsage of job (MB)
	390516  -  ResidentSetSize of job (KB)
...
006 (3447419.011.000) 01/31 15:07:10 Image size of job updated: 452432
	382  -  MemoryUsage of job (MB)
	390528  -  ResidentSetSize of job (KB)
...
006 (3447419.011.000) 01/31 15:12:10 Image size of job updated: 452432
	382  -  MemoryUsage of job (MB)
	390536  -  ResidentSetSize of job (KB)
...
006 (3447419.011.000) 01/31 15:17:10 Image size of job updated: 452432
	382  -  MemoryUsage of job (MB)
	390544  -  ResidentSetSize of job (KB)
...
006 (3447419.011.000) 01/31 15:22:12 Image size of job updated: 452432
	382  -  MemoryUsage of job (MB)
	390564  -  ResidentSetSize of job (KB)
...
006 (3447419.011.000) 01/31 15:27:12 Image size of job updated: 452432
	382  -  MemoryUsage of job (MB)
	390576  -  ResidentSetSize of job (KB)
...
006 (3447419.011.000) 01/31 15:32:12 Image size of job updated: 452432
	382  -  MemoryUsage of job (MB)
	390608  -  ResidentSetSize of job (KB)
...
006 (3447419.011.000) 01/31 15:37:14 Image size of job updated: 452432
	382  -  MemoryUsage of job (MB)
	390632  -  ResidentSetSize of job (KB)
...
006 (3447419.011.000) 01/31 15:52:16 Image size of job updated: 452432
	382  -  MemoryUsage of job (MB)
	390640  -  ResidentSetSize of job (KB)
...
006 (3447419.011.000) 01/31 15:57:16 Image size of job updated: 452432
	382  -  MemoryUsage of job (MB)
	390652  -  ResidentSetSize of job (KB)
...
006 (3447419.011.000) 01/31 16:02:16 Image size of job updated: 452432
	382  -  MemoryUsage of job (MB)
	390688  -  ResidentSetSize of job (KB)
...
006 (3447419.011.000) 01/31 16:07:18 Image size of job updated: 452432
	382  -  MemoryUsage of job (MB)
	390708  -  ResidentSetSize of job (KB)
...
006 (3447419.011.000) 01/31 16:17:18 Image size of job updated: 452432
	382  -  MemoryUsage of job (MB)
	390720  -  ResidentSetSize of job (KB)
...
006 (3447419.011.000) 01/31 16:27:20 Image size of job updated: 452432
	382  -  MemoryUsage of job (MB)
	390736  -  ResidentSetSize of job (KB)
...
006 (3447419.011.000) 01/31 16:32:20 Image size of job updated: 452432
	382  -  MemoryUsage of job (MB)
	390740  -  ResidentSetSize of job (KB)
...
006 (3447419.011.000) 01/31 16:37:21 Image size of job updated: 452432
	382  -  MemoryUsage of job (MB)
	390772  -  ResidentSetSize of job (KB)
...
006 (3447419.011.000) 01/31 16:42:22 Image size of job updated: 452432
	382  -  MemoryUsage of job (MB)
	390784  -  ResidentSetSize of job (KB)
...
006 (3447419.011.000) 01/31 16:57:24 Image size of job updated: 452432
	382  -  MemoryUsage of job (MB)
	390800  -  ResidentSetSize of job (KB)
...
006 (3447419.011.000) 01/31 17:02:24 Image size of job updated: 452432
	382  -  MemoryUsage of job (MB)
	390812  -  ResidentSetSize of job (KB)
...
006 (3447419.011.000) 01/31 17:12:26 Image size of job updated: 452432
	382  -  MemoryUsage of job (MB)
	390864  -  ResidentSetSize of job (KB)
...
006 (3447419.011.000) 01/31 17:17:26 Image size of job updated: 452432
	382  -  MemoryUsage of job (MB)
	390868  -  ResidentSetSize of job (KB)
...
040 (3447419.011.000) 02/01 07:54:16 Started transferring input files
	Transferring to host: <128.142.65.55:9618?addrs=128.142.65.55-9618+[2001-1458-301-4c--100-1cf]-9618&noUDP&sock=14377_a5a2_12206>
...
040 (3447419.011.000) 02/01 07:54:16 Finished transferring input files
...
001 (3447419.011.000) 02/01 07:54:17 Job executing on host: <128.142.65.55:9618?addrs=128.142.65.55-9618+[2001-1458-301-4c--100-1cf]-9618&noUDP&sock=14171_b4ae_3>
...
006 (3447419.011.000) 02/01 07:54:53 Image size of job updated: 913500
	391  -  MemoryUsage of job (MB)
	400000  -  ResidentSetSize of job (KB)
...
040 (3447419.011.000) 02/01 07:54:53 Started transferring output files
...
040 (3447419.011.000) 02/01 07:54:53 Finished transferring output files
...
005 (3447419.011.000) 02/01 07:54:53 Job terminated.
	(1) Normal termination (return value 0)
		Usr 0 00:00:06, Sys 0 00:00:04  -  Run Remote Usage
		Usr 0 00:00:00, Sys 0 00:00:00  -  Run Local Usage
		Usr 0 00:00:06, Sys 0 00:00:04  -  Total Remote Usage
		Usr 0 00:00:00, Sys 0 00:00:00  -  Total Local Usage
	9715  -  Run Bytes Sent By Job
	493  -  Run Bytes Received By Job
	9715  -  Total Bytes Sent By Job
	986  -  Total Bytes Received By Job
	Partitionable Resources :    Usage  Request Allocated 
	   Cpus                 :                 1           
	   Disk (KB)            :       24       35   2919920 
	   Memory (MB)          :      391     2000      2000 
...
