000 (3444394.003.000) 01/29 18:50:25 Job submitted from host: <188.185.71.142:9618?addrs=188.185.71.142-9618+[2001-1458-d00-7--100-388]-9618&alias=bigbird09.cern.ch&noUDP&sock=schedd_2208_1533_7>
...
040 (3444394.003.000) 01/29 20:24:50 Started transferring input files
	Transferring to host: <188.184.183.135:9618?addrs=188.184.183.135-9618+[2001-1458-301-2b--100-180]-9618&noUDP&sock=5025_5125_78783>
...
040 (3444394.003.000) 01/29 20:24:50 Finished transferring input files
...
001 (3444394.003.000) 01/29 20:24:51 Job executing on host: <188.184.183.135:9618?addrs=188.184.183.135-9618+[2001-1458-301-2b--100-180]-9618&noUDP&sock=3288_df7c_3>
...
006 (3444394.003.000) 01/29 20:24:59 Image size of job updated: 5236
	4  -  MemoryUsage of job (MB)
	4040  -  ResidentSetSize of job (KB)
...
006 (3444394.003.000) 01/29 20:29:59 Image size of job updated: 438112
	355  -  MemoryUsage of job (MB)
	363316  -  ResidentSetSize of job (KB)
...
006 (3444394.003.000) 01/29 21:30:06 Image size of job updated: 438132
	355  -  MemoryUsage of job (MB)
	363336  -  ResidentSetSize of job (KB)
...
006 (3444394.003.000) 01/29 21:35:06 Image size of job updated: 438140
	355  -  MemoryUsage of job (MB)
	363344  -  ResidentSetSize of job (KB)
...
006 (3444394.003.000) 01/29 21:40:07 Image size of job updated: 438152
	355  -  MemoryUsage of job (MB)
	363356  -  ResidentSetSize of job (KB)
...
009 (3440629.003.000) 01/29 23:40:15 Job was aborted by the user.
	via condor_rm (by user egkougko)
...
006 (3444394.003.000) 01/30 00:50:26 Image size of job updated: 438152
	355  -  MemoryUsage of job (MB)
	363360  -  ResidentSetSize of job (KB)
...
006 (3444394.003.000) 01/30 00:55:27 Image size of job updated: 438152
	355  -  MemoryUsage of job (MB)
	363372  -  ResidentSetSize of job (KB)
...
006 (3444394.003.000) 01/30 01:00:27 Image size of job updated: 438152
	355  -  MemoryUsage of job (MB)
	363396  -  ResidentSetSize of job (KB)
...
006 (3444394.003.000) 01/30 01:05:27 Image size of job updated: 438152
	355  -  MemoryUsage of job (MB)
	363456  -  ResidentSetSize of job (KB)
...
006 (3444394.003.000) 01/30 01:10:28 Image size of job updated: 438152
	356  -  MemoryUsage of job (MB)
	363548  -  ResidentSetSize of job (KB)
...
006 (3444394.003.000) 01/30 01:25:30 Image size of job updated: 438152
	356  -  MemoryUsage of job (MB)
	363636  -  ResidentSetSize of job (KB)
...
006 (3444394.003.000) 01/30 01:30:31 Image size of job updated: 438152
	356  -  MemoryUsage of job (MB)
	363720  -  ResidentSetSize of job (KB)
...
006 (3444394.003.000) 01/30 01:35:31 Image size of job updated: 438152
	356  -  MemoryUsage of job (MB)
	363772  -  ResidentSetSize of job (KB)
...
006 (3444394.003.000) 01/30 01:40:31 Image size of job updated: 438152
	356  -  MemoryUsage of job (MB)
	363824  -  ResidentSetSize of job (KB)
...
006 (3444394.003.000) 01/30 01:45:32 Image size of job updated: 438152
	356  -  MemoryUsage of job (MB)
	363864  -  ResidentSetSize of job (KB)
...
006 (3444394.003.000) 01/30 01:50:32 Image size of job updated: 438152
	356  -  MemoryUsage of job (MB)
	363972  -  ResidentSetSize of job (KB)
...
006 (3444394.003.000) 01/30 01:55:32 Image size of job updated: 438152
	356  -  MemoryUsage of job (MB)
	364060  -  ResidentSetSize of job (KB)
...
006 (3444394.003.000) 01/30 02:00:33 Image size of job updated: 438152
	356  -  MemoryUsage of job (MB)
	364108  -  ResidentSetSize of job (KB)
...
006 (3444394.003.000) 01/30 02:05:33 Image size of job updated: 438152
	356  -  MemoryUsage of job (MB)
	364228  -  ResidentSetSize of job (KB)
...
006 (3444394.003.000) 01/30 02:10:33 Image size of job updated: 438152
	356  -  MemoryUsage of job (MB)
	364272  -  ResidentSetSize of job (KB)
...
006 (3444394.003.000) 01/30 02:15:34 Image size of job updated: 438152
	356  -  MemoryUsage of job (MB)
	364348  -  ResidentSetSize of job (KB)
...
006 (3444394.003.000) 01/30 02:20:34 Image size of job updated: 438152
	356  -  MemoryUsage of job (MB)
	364412  -  ResidentSetSize of job (KB)
...
006 (3444394.003.000) 01/30 02:25:34 Image size of job updated: 438152
	356  -  MemoryUsage of job (MB)
	364496  -  ResidentSetSize of job (KB)
...
006 (3444394.003.000) 01/30 02:30:36 Image size of job updated: 438152
	357  -  MemoryUsage of job (MB)
	364688  -  ResidentSetSize of job (KB)
...
006 (3444394.003.000) 01/30 02:35:36 Image size of job updated: 438152
	357  -  MemoryUsage of job (MB)
	364768  -  ResidentSetSize of job (KB)
...
006 (3444394.003.000) 01/30 02:45:38 Image size of job updated: 438152
	357  -  MemoryUsage of job (MB)
	364844  -  ResidentSetSize of job (KB)
...
006 (3444394.003.000) 01/30 02:50:38 Image size of job updated: 438152
	357  -  MemoryUsage of job (MB)
	364984  -  ResidentSetSize of job (KB)
...
006 (3444394.003.000) 01/30 02:55:38 Image size of job updated: 438152
	357  -  MemoryUsage of job (MB)
	364992  -  ResidentSetSize of job (KB)
...
006 (3444394.003.000) 01/30 03:00:40 Image size of job updated: 438152
	357  -  MemoryUsage of job (MB)
	365112  -  ResidentSetSize of job (KB)
...
006 (3444394.003.000) 01/30 03:05:40 Image size of job updated: 438152
	357  -  MemoryUsage of job (MB)
	365168  -  ResidentSetSize of job (KB)
...
006 (3444394.003.000) 01/30 03:10:40 Image size of job updated: 438152
	357  -  MemoryUsage of job (MB)
	365252  -  ResidentSetSize of job (KB)
...
006 (3444394.003.000) 01/30 03:15:42 Image size of job updated: 438152
	357  -  MemoryUsage of job (MB)
	365360  -  ResidentSetSize of job (KB)
...
006 (3444394.003.000) 01/30 03:20:42 Image size of job updated: 438152
	357  -  MemoryUsage of job (MB)
	365392  -  ResidentSetSize of job (KB)
...
006 (3444394.003.000) 01/30 03:25:42 Image size of job updated: 438152
	357  -  MemoryUsage of job (MB)
	365512  -  ResidentSetSize of job (KB)
...
006 (3444394.003.000) 01/30 03:30:43 Image size of job updated: 438152
	358  -  MemoryUsage of job (MB)
	365632  -  ResidentSetSize of job (KB)
...
006 (3444394.003.000) 01/30 03:35:44 Image size of job updated: 438152
	358  -  MemoryUsage of job (MB)
	365680  -  ResidentSetSize of job (KB)
...
006 (3444394.003.000) 01/30 03:40:44 Image size of job updated: 438152
	358  -  MemoryUsage of job (MB)
	365716  -  ResidentSetSize of job (KB)
...
006 (3444394.003.000) 01/30 03:45:45 Image size of job updated: 438152
	358  -  MemoryUsage of job (MB)
	365784  -  ResidentSetSize of job (KB)
...
006 (3444394.003.000) 01/30 03:50:46 Image size of job updated: 438152
	358  -  MemoryUsage of job (MB)
	365836  -  ResidentSetSize of job (KB)
...
006 (3444394.003.000) 01/30 03:55:46 Image size of job updated: 438152
	358  -  MemoryUsage of job (MB)
	365936  -  ResidentSetSize of job (KB)
...
006 (3444394.003.000) 01/30 04:00:47 Image size of job updated: 438152
	358  -  MemoryUsage of job (MB)
	365952  -  ResidentSetSize of job (KB)
...
006 (3444394.003.000) 01/30 04:05:48 Image size of job updated: 438152
	358  -  MemoryUsage of job (MB)
	366044  -  ResidentSetSize of job (KB)
...
006 (3444394.003.000) 01/30 04:10:48 Image size of job updated: 438152
	358  -  MemoryUsage of job (MB)
	366076  -  ResidentSetSize of job (KB)
...
006 (3444394.003.000) 01/30 04:15:49 Image size of job updated: 438152
	358  -  MemoryUsage of job (MB)
	366168  -  ResidentSetSize of job (KB)
...
006 (3444394.003.000) 01/30 04:20:50 Image size of job updated: 438152
	358  -  MemoryUsage of job (MB)
	366260  -  ResidentSetSize of job (KB)
...
006 (3444394.003.000) 01/30 04:25:50 Image size of job updated: 438152
	358  -  MemoryUsage of job (MB)
	366296  -  ResidentSetSize of job (KB)
...
006 (3444394.003.000) 01/30 04:30:51 Image size of job updated: 438152
	358  -  MemoryUsage of job (MB)
	366452  -  ResidentSetSize of job (KB)
...
006 (3444394.003.000) 01/30 04:35:52 Image size of job updated: 438152
	358  -  MemoryUsage of job (MB)
	366540  -  ResidentSetSize of job (KB)
...
006 (3444394.003.000) 01/30 04:40:52 Image size of job updated: 438152
	359  -  MemoryUsage of job (MB)
	366644  -  ResidentSetSize of job (KB)
...
006 (3444394.003.000) 01/30 04:45:53 Image size of job updated: 438152
	359  -  MemoryUsage of job (MB)
	366716  -  ResidentSetSize of job (KB)
...
006 (3444394.003.000) 01/30 04:50:54 Image size of job updated: 438152
	359  -  MemoryUsage of job (MB)
	366768  -  ResidentSetSize of job (KB)
...
006 (3444394.003.000) 01/30 04:55:54 Image size of job updated: 438152
	359  -  MemoryUsage of job (MB)
	366804  -  ResidentSetSize of job (KB)
...
006 (3444394.003.000) 01/30 05:00:55 Image size of job updated: 438152
	359  -  MemoryUsage of job (MB)
	366884  -  ResidentSetSize of job (KB)
...
006 (3444394.003.000) 01/30 05:05:56 Image size of job updated: 438152
	359  -  MemoryUsage of job (MB)
	367020  -  ResidentSetSize of job (KB)
...
006 (3444394.003.000) 01/30 05:10:56 Image size of job updated: 438152
	359  -  MemoryUsage of job (MB)
	367116  -  ResidentSetSize of job (KB)
...
006 (3444394.003.000) 01/30 05:15:57 Image size of job updated: 438152
	360  -  MemoryUsage of job (MB)
	368436  -  ResidentSetSize of job (KB)
...
006 (3444394.003.000) 01/30 05:20:58 Image size of job updated: 438152
	361  -  MemoryUsage of job (MB)
	369636  -  ResidentSetSize of job (KB)
...
006 (3444394.003.000) 01/30 05:25:58 Image size of job updated: 438152
	362  -  MemoryUsage of job (MB)
	369692  -  ResidentSetSize of job (KB)
...
006 (3444394.003.000) 01/30 05:36:00 Image size of job updated: 438152
	362  -  MemoryUsage of job (MB)
	369752  -  ResidentSetSize of job (KB)
...
006 (3444394.003.000) 01/30 05:41:00 Image size of job updated: 438152
	362  -  MemoryUsage of job (MB)
	369796  -  ResidentSetSize of job (KB)
...
006 (3444394.003.000) 01/30 05:46:01 Image size of job updated: 438152
	362  -  MemoryUsage of job (MB)
	369800  -  ResidentSetSize of job (KB)
...
006 (3444394.003.000) 01/30 05:56:02 Image size of job updated: 438152
	362  -  MemoryUsage of job (MB)
	369940  -  ResidentSetSize of job (KB)
...
006 (3444394.003.000) 01/30 06:01:02 Image size of job updated: 438152
	362  -  MemoryUsage of job (MB)
	369948  -  ResidentSetSize of job (KB)
...
006 (3444394.003.000) 01/30 06:06:03 Image size of job updated: 438152
	362  -  MemoryUsage of job (MB)
	370004  -  ResidentSetSize of job (KB)
...
006 (3444394.003.000) 01/30 06:11:03 Image size of job updated: 438152
	362  -  MemoryUsage of job (MB)
	370024  -  ResidentSetSize of job (KB)
...
006 (3444394.003.000) 01/30 06:16:03 Image size of job updated: 438152
	362  -  MemoryUsage of job (MB)
	370076  -  ResidentSetSize of job (KB)
...
006 (3444394.003.000) 01/30 06:21:04 Image size of job updated: 438152
	362  -  MemoryUsage of job (MB)
	370112  -  ResidentSetSize of job (KB)
...
006 (3444394.003.000) 01/30 06:26:04 Image size of job updated: 438152
	362  -  MemoryUsage of job (MB)
	370224  -  ResidentSetSize of job (KB)
...
006 (3444394.003.000) 01/30 06:31:04 Image size of job updated: 438152
	362  -  MemoryUsage of job (MB)
	370260  -  ResidentSetSize of job (KB)
...
006 (3444394.003.000) 01/30 06:41:06 Image size of job updated: 438152
	362  -  MemoryUsage of job (MB)
	370316  -  ResidentSetSize of job (KB)
...
006 (3444394.003.000) 01/30 06:46:06 Image size of job updated: 438152
	362  -  MemoryUsage of job (MB)
	370372  -  ResidentSetSize of job (KB)
...
006 (3444394.003.000) 01/30 06:51:07 Image size of job updated: 438152
	362  -  MemoryUsage of job (MB)
	370408  -  ResidentSetSize of job (KB)
...
006 (3444394.003.000) 01/30 06:56:08 Image size of job updated: 438152
	362  -  MemoryUsage of job (MB)
	370508  -  ResidentSetSize of job (KB)
...
006 (3444394.003.000) 01/30 07:01:08 Image size of job updated: 438152
	362  -  MemoryUsage of job (MB)
	370532  -  ResidentSetSize of job (KB)
...
006 (3444394.003.000) 01/30 07:06:09 Image size of job updated: 438152
	362  -  MemoryUsage of job (MB)
	370572  -  ResidentSetSize of job (KB)
...
006 (3444394.003.000) 01/30 07:11:10 Image size of job updated: 438152
	362  -  MemoryUsage of job (MB)
	370596  -  ResidentSetSize of job (KB)
...
006 (3444394.003.000) 01/30 07:16:10 Image size of job updated: 438152
	362  -  MemoryUsage of job (MB)
	370640  -  ResidentSetSize of job (KB)
...
006 (3444394.003.000) 01/30 07:21:10 Image size of job updated: 438152
	363  -  MemoryUsage of job (MB)
	370748  -  ResidentSetSize of job (KB)
...
006 (3444394.003.000) 01/30 07:26:11 Image size of job updated: 438152
	363  -  MemoryUsage of job (MB)
	370764  -  ResidentSetSize of job (KB)
...
006 (3444394.003.000) 01/30 07:31:11 Image size of job updated: 438152
	363  -  MemoryUsage of job (MB)
	370828  -  ResidentSetSize of job (KB)
...
006 (3444394.003.000) 01/30 07:36:11 Image size of job updated: 438152
	363  -  MemoryUsage of job (MB)
	370872  -  ResidentSetSize of job (KB)
...
006 (3444394.003.000) 01/30 07:41:12 Image size of job updated: 438152
	363  -  MemoryUsage of job (MB)
	370948  -  ResidentSetSize of job (KB)
...
006 (3444394.003.000) 01/30 07:46:13 Image size of job updated: 438152
	363  -  MemoryUsage of job (MB)
	371004  -  ResidentSetSize of job (KB)
...
006 (3444394.003.000) 01/30 07:51:13 Image size of job updated: 438152
	363  -  MemoryUsage of job (MB)
	371068  -  ResidentSetSize of job (KB)
...
006 (3444394.003.000) 01/30 07:56:14 Image size of job updated: 438152
	363  -  MemoryUsage of job (MB)
	371088  -  ResidentSetSize of job (KB)
...
006 (3444394.003.000) 01/30 08:01:15 Image size of job updated: 438152
	363  -  MemoryUsage of job (MB)
	371108  -  ResidentSetSize of job (KB)
...
006 (3444394.003.000) 01/30 08:06:15 Image size of job updated: 438152
	363  -  MemoryUsage of job (MB)
	371264  -  ResidentSetSize of job (KB)
...
006 (3444394.003.000) 01/30 08:16:16 Image size of job updated: 438152
	363  -  MemoryUsage of job (MB)
	371328  -  ResidentSetSize of job (KB)
...
006 (3444394.003.000) 01/30 08:21:16 Image size of job updated: 438152
	363  -  MemoryUsage of job (MB)
	371376  -  ResidentSetSize of job (KB)
...
006 (3444394.003.000) 01/30 08:26:16 Image size of job updated: 438152
	363  -  MemoryUsage of job (MB)
	371476  -  ResidentSetSize of job (KB)
...
006 (3444394.003.000) 01/30 08:31:17 Image size of job updated: 438152
	363  -  MemoryUsage of job (MB)
	371524  -  ResidentSetSize of job (KB)
...
006 (3444394.003.000) 01/30 08:36:18 Image size of job updated: 438152
	363  -  MemoryUsage of job (MB)
	371568  -  ResidentSetSize of job (KB)
...
006 (3444394.003.000) 01/30 08:41:18 Image size of job updated: 438152
	363  -  MemoryUsage of job (MB)
	371596  -  ResidentSetSize of job (KB)
...
006 (3444394.003.000) 01/30 08:46:18 Image size of job updated: 438152
	363  -  MemoryUsage of job (MB)
	371696  -  ResidentSetSize of job (KB)
...
006 (3444394.003.000) 01/30 08:51:19 Image size of job updated: 438152
	364  -  MemoryUsage of job (MB)
	371724  -  ResidentSetSize of job (KB)
...
006 (3444394.003.000) 01/30 08:56:19 Image size of job updated: 438152
	364  -  MemoryUsage of job (MB)
	371776  -  ResidentSetSize of job (KB)
...
006 (3444394.003.000) 01/30 09:01:19 Image size of job updated: 438152
	364  -  MemoryUsage of job (MB)
	371864  -  ResidentSetSize of job (KB)
...
006 (3444394.003.000) 01/30 09:06:20 Image size of job updated: 438152
	364  -  MemoryUsage of job (MB)
	371932  -  ResidentSetSize of job (KB)
...
006 (3444394.003.000) 01/30 09:11:21 Image size of job updated: 438152
	364  -  MemoryUsage of job (MB)
	371964  -  ResidentSetSize of job (KB)
...
006 (3444394.003.000) 01/30 09:16:21 Image size of job updated: 438152
	364  -  MemoryUsage of job (MB)
	371992  -  ResidentSetSize of job (KB)
...
006 (3444394.003.000) 01/30 09:21:21 Image size of job updated: 438152
	364  -  MemoryUsage of job (MB)
	372112  -  ResidentSetSize of job (KB)
...
006 (3444394.003.000) 01/30 09:26:22 Image size of job updated: 438152
	364  -  MemoryUsage of job (MB)
	372176  -  ResidentSetSize of job (KB)
...
006 (3444394.003.000) 01/30 09:31:23 Image size of job updated: 438152
	364  -  MemoryUsage of job (MB)
	372204  -  ResidentSetSize of job (KB)
...
006 (3444394.003.000) 01/30 09:36:23 Image size of job updated: 438152
	364  -  MemoryUsage of job (MB)
	372244  -  ResidentSetSize of job (KB)
...
006 (3444394.003.000) 01/30 09:41:23 Image size of job updated: 438152
	364  -  MemoryUsage of job (MB)
	372368  -  ResidentSetSize of job (KB)
...
006 (3444394.003.000) 01/30 09:46:24 Image size of job updated: 438152
	364  -  MemoryUsage of job (MB)
	372400  -  ResidentSetSize of job (KB)
...
006 (3444394.003.000) 01/30 09:51:25 Image size of job updated: 438152
	364  -  MemoryUsage of job (MB)
	372464  -  ResidentSetSize of job (KB)
...
006 (3444394.003.000) 01/30 09:56:25 Image size of job updated: 438152
	364  -  MemoryUsage of job (MB)
	372540  -  ResidentSetSize of job (KB)
...
006 (3444394.003.000) 01/30 10:01:26 Image size of job updated: 438152
	364  -  MemoryUsage of job (MB)
	372564  -  ResidentSetSize of job (KB)
...
006 (3444394.003.000) 01/30 10:06:27 Image size of job updated: 438152
	364  -  MemoryUsage of job (MB)
	372584  -  ResidentSetSize of job (KB)
...
006 (3444394.003.000) 01/30 10:11:27 Image size of job updated: 438152
	364  -  MemoryUsage of job (MB)
	372608  -  ResidentSetSize of job (KB)
...
006 (3444394.003.000) 01/30 10:16:27 Image size of job updated: 438152
	364  -  MemoryUsage of job (MB)
	372684  -  ResidentSetSize of job (KB)
...
006 (3444394.003.000) 01/30 10:21:28 Image size of job updated: 438152
	365  -  MemoryUsage of job (MB)
	372764  -  ResidentSetSize of job (KB)
...
006 (3444394.003.000) 01/30 10:26:29 Image size of job updated: 438152
	365  -  MemoryUsage of job (MB)
	372860  -  ResidentSetSize of job (KB)
...
006 (3444394.003.000) 01/30 10:31:29 Image size of job updated: 438152
	365  -  MemoryUsage of job (MB)
	372876  -  ResidentSetSize of job (KB)
...
006 (3444394.003.000) 01/30 10:36:30 Image size of job updated: 438152
	365  -  MemoryUsage of job (MB)
	372940  -  ResidentSetSize of job (KB)
...
006 (3444394.003.000) 01/30 10:41:31 Image size of job updated: 438152
	365  -  MemoryUsage of job (MB)
	372996  -  ResidentSetSize of job (KB)
...
006 (3444394.003.000) 01/30 10:46:31 Image size of job updated: 438152
	365  -  MemoryUsage of job (MB)
	373040  -  ResidentSetSize of job (KB)
...
006 (3444394.003.000) 01/30 10:51:31 Image size of job updated: 438152
	365  -  MemoryUsage of job (MB)
	373092  -  ResidentSetSize of job (KB)
...
006 (3444394.003.000) 01/30 10:56:33 Image size of job updated: 438152
	365  -  MemoryUsage of job (MB)
	373144  -  ResidentSetSize of job (KB)
...
006 (3444394.003.000) 01/30 11:01:33 Image size of job updated: 438152
	365  -  MemoryUsage of job (MB)
	373280  -  ResidentSetSize of job (KB)
...
006 (3444394.003.000) 01/30 11:06:33 Image size of job updated: 438152
	365  -  MemoryUsage of job (MB)
	373340  -  ResidentSetSize of job (KB)
...
006 (3444394.003.000) 01/30 11:11:34 Image size of job updated: 438152
	365  -  MemoryUsage of job (MB)
	373444  -  ResidentSetSize of job (KB)
...
006 (3444394.003.000) 01/30 11:16:35 Image size of job updated: 438152
	365  -  MemoryUsage of job (MB)
	373512  -  ResidentSetSize of job (KB)
...
006 (3444394.003.000) 01/30 11:21:35 Image size of job updated: 438152
	365  -  MemoryUsage of job (MB)
	373576  -  ResidentSetSize of job (KB)
...
006 (3444394.003.000) 01/30 11:26:35 Image size of job updated: 438152
	365  -  MemoryUsage of job (MB)
	373620  -  ResidentSetSize of job (KB)
...
006 (3444394.003.000) 01/30 11:31:36 Image size of job updated: 438152
	365  -  MemoryUsage of job (MB)
	373728  -  ResidentSetSize of job (KB)
...
006 (3444394.003.000) 01/30 11:36:37 Image size of job updated: 438152
	366  -  MemoryUsage of job (MB)
	373916  -  ResidentSetSize of job (KB)
...
006 (3444394.003.000) 01/30 11:41:38 Image size of job updated: 438152
	366  -  MemoryUsage of job (MB)
	374196  -  ResidentSetSize of job (KB)
...
006 (3444394.003.000) 01/30 11:46:38 Image size of job updated: 438152
	366  -  MemoryUsage of job (MB)
	374252  -  ResidentSetSize of job (KB)
...
006 (3444394.003.000) 01/30 12:41:44 Image size of job updated: 438152
	366  -  MemoryUsage of job (MB)
	374308  -  ResidentSetSize of job (KB)
...
006 (3444394.003.000) 01/30 12:46:44 Image size of job updated: 438152
	366  -  MemoryUsage of job (MB)
	374324  -  ResidentSetSize of job (KB)
...
006 (3444394.003.000) 01/30 12:51:45 Image size of job updated: 438152
	366  -  MemoryUsage of job (MB)
	374332  -  ResidentSetSize of job (KB)
...
006 (3444394.003.000) 01/30 12:56:46 Image size of job updated: 438152
	366  -  MemoryUsage of job (MB)
	374376  -  ResidentSetSize of job (KB)
...
006 (3444394.003.000) 01/30 13:01:46 Image size of job updated: 438152
	366  -  MemoryUsage of job (MB)
	374380  -  ResidentSetSize of job (KB)
...
006 (3444394.003.000) 01/30 13:06:46 Image size of job updated: 438152
	366  -  MemoryUsage of job (MB)
	374412  -  ResidentSetSize of job (KB)
...
006 (3444394.003.000) 01/30 13:11:47 Image size of job updated: 438152
	366  -  MemoryUsage of job (MB)
	374424  -  ResidentSetSize of job (KB)
...
006 (3444394.003.000) 01/30 13:21:48 Image size of job updated: 438152
	366  -  MemoryUsage of job (MB)
	374452  -  ResidentSetSize of job (KB)
...
006 (3444394.003.000) 01/30 13:26:48 Image size of job updated: 438152
	366  -  MemoryUsage of job (MB)
	374476  -  ResidentSetSize of job (KB)
...
006 (3444394.003.000) 01/30 13:31:49 Image size of job updated: 438152
	366  -  MemoryUsage of job (MB)
	374500  -  ResidentSetSize of job (KB)
...
006 (3444394.003.000) 01/30 13:41:50 Image size of job updated: 438152
	366  -  MemoryUsage of job (MB)
	374512  -  ResidentSetSize of job (KB)
...
006 (3444394.003.000) 01/30 13:46:50 Image size of job updated: 438152
	366  -  MemoryUsage of job (MB)
	374524  -  ResidentSetSize of job (KB)
...
006 (3444394.003.000) 01/30 13:51:52 Image size of job updated: 438152
	366  -  MemoryUsage of job (MB)
	374564  -  ResidentSetSize of job (KB)
...
006 (3444394.003.000) 01/30 13:56:52 Image size of job updated: 438152
	366  -  MemoryUsage of job (MB)
	374584  -  ResidentSetSize of job (KB)
...
006 (3444394.003.000) 01/30 14:01:52 Image size of job updated: 438152
	366  -  MemoryUsage of job (MB)
	374588  -  ResidentSetSize of job (KB)
...
006 (3444394.003.000) 01/30 14:06:53 Image size of job updated: 438152
	366  -  MemoryUsage of job (MB)
	374608  -  ResidentSetSize of job (KB)
...
006 (3444394.003.000) 01/30 14:11:54 Image size of job updated: 438152
	366  -  MemoryUsage of job (MB)
	374624  -  ResidentSetSize of job (KB)
...
006 (3444394.003.000) 01/30 14:16:54 Image size of job updated: 438152
	366  -  MemoryUsage of job (MB)
	374664  -  ResidentSetSize of job (KB)
...
006 (3444394.003.000) 01/30 14:31:56 Image size of job updated: 438152
	366  -  MemoryUsage of job (MB)
	374672  -  ResidentSetSize of job (KB)
...
006 (3444394.003.000) 01/30 14:36:56 Image size of job updated: 438152
	366  -  MemoryUsage of job (MB)
	374716  -  ResidentSetSize of job (KB)
...
006 (3444394.003.000) 01/30 14:41:57 Image size of job updated: 438152
	366  -  MemoryUsage of job (MB)
	374724  -  ResidentSetSize of job (KB)
...
006 (3444394.003.000) 01/30 14:46:58 Image size of job updated: 438152
	366  -  MemoryUsage of job (MB)
	374752  -  ResidentSetSize of job (KB)
...
006 (3444394.003.000) 01/30 15:37:02 Image size of job updated: 438152
	366  -  MemoryUsage of job (MB)
	374756  -  ResidentSetSize of job (KB)
...
006 (3444394.003.000) 01/30 15:42:03 Image size of job updated: 438152
	366  -  MemoryUsage of job (MB)
	374784  -  ResidentSetSize of job (KB)
...
006 (3444394.003.000) 01/30 15:47:04 Image size of job updated: 438152
	367  -  MemoryUsage of job (MB)
	374808  -  ResidentSetSize of job (KB)
...
006 (3444394.003.000) 01/30 16:02:06 Image size of job updated: 438152
	367  -  MemoryUsage of job (MB)
	374852  -  ResidentSetSize of job (KB)
...
006 (3444394.003.000) 01/30 16:07:06 Image size of job updated: 438152
	367  -  MemoryUsage of job (MB)
	374856  -  ResidentSetSize of job (KB)
...
006 (3444394.003.000) 01/30 16:12:06 Image size of job updated: 438152
	367  -  MemoryUsage of job (MB)
	374908  -  ResidentSetSize of job (KB)
...
006 (3444394.003.000) 01/30 16:17:07 Image size of job updated: 438152
	367  -  MemoryUsage of job (MB)
	374928  -  ResidentSetSize of job (KB)
...
006 (3444394.003.000) 01/30 16:27:08 Image size of job updated: 438152
	367  -  MemoryUsage of job (MB)
	374996  -  ResidentSetSize of job (KB)
...
006 (3444394.003.000) 01/30 16:42:10 Image size of job updated: 438152
	367  -  MemoryUsage of job (MB)
	375072  -  ResidentSetSize of job (KB)
...
006 (3444394.003.000) 01/30 16:52:11 Image size of job updated: 438152
	367  -  MemoryUsage of job (MB)
	375120  -  ResidentSetSize of job (KB)
...
006 (3444394.003.000) 01/30 17:07:13 Image size of job updated: 438152
	367  -  MemoryUsage of job (MB)
	375132  -  ResidentSetSize of job (KB)
...
006 (3444394.003.000) 01/30 17:52:17 Image size of job updated: 438152
	367  -  MemoryUsage of job (MB)
	375220  -  ResidentSetSize of job (KB)
...
006 (3444394.003.000) 01/30 17:57:18 Image size of job updated: 438152
	367  -  MemoryUsage of job (MB)
	375252  -  ResidentSetSize of job (KB)
...
006 (3444394.003.000) 01/30 18:07:19 Image size of job updated: 438152
	367  -  MemoryUsage of job (MB)
	375296  -  ResidentSetSize of job (KB)
...
006 (3444394.003.000) 01/30 18:27:21 Image size of job updated: 438152
	367  -  MemoryUsage of job (MB)
	375340  -  ResidentSetSize of job (KB)
...
006 (3444394.003.000) 01/30 18:42:23 Image size of job updated: 438152
	367  -  MemoryUsage of job (MB)
	375356  -  ResidentSetSize of job (KB)
...
006 (3444394.003.000) 01/30 18:47:24 Image size of job updated: 438152
	367  -  MemoryUsage of job (MB)
	375376  -  ResidentSetSize of job (KB)
...
006 (3444394.003.000) 01/30 18:57:25 Image size of job updated: 438152
	367  -  MemoryUsage of job (MB)
	375436  -  ResidentSetSize of job (KB)
...
006 (3444394.003.000) 01/30 19:02:27 Image size of job updated: 438152
	367  -  MemoryUsage of job (MB)
	375448  -  ResidentSetSize of job (KB)
...
006 (3444394.003.000) 01/30 19:07:27 Image size of job updated: 438152
	367  -  MemoryUsage of job (MB)
	375472  -  ResidentSetSize of job (KB)
...
006 (3444394.003.000) 01/30 19:17:28 Image size of job updated: 438152
	367  -  MemoryUsage of job (MB)
	375476  -  ResidentSetSize of job (KB)
...
006 (3444394.003.000) 01/30 19:22:28 Image size of job updated: 438152
	367  -  MemoryUsage of job (MB)
	375492  -  ResidentSetSize of job (KB)
...
006 (3444394.003.000) 01/30 19:32:29 Image size of job updated: 438152
	367  -  MemoryUsage of job (MB)
	375508  -  ResidentSetSize of job (KB)
...
006 (3444394.003.000) 01/30 19:37:30 Image size of job updated: 438152
	367  -  MemoryUsage of job (MB)
	375512  -  ResidentSetSize of job (KB)
...
006 (3444394.003.000) 01/30 19:52:31 Image size of job updated: 438152
	367  -  MemoryUsage of job (MB)
	375536  -  ResidentSetSize of job (KB)
...
006 (3444394.003.000) 01/30 19:57:32 Image size of job updated: 438152
	367  -  MemoryUsage of job (MB)
	375540  -  ResidentSetSize of job (KB)
...
006 (3444394.003.000) 01/30 20:07:32 Image size of job updated: 438152
	367  -  MemoryUsage of job (MB)
	375560  -  ResidentSetSize of job (KB)
...
006 (3444394.003.000) 01/30 20:12:33 Image size of job updated: 438152
	367  -  MemoryUsage of job (MB)
	375580  -  ResidentSetSize of job (KB)
...
006 (3444394.003.000) 01/30 20:17:34 Image size of job updated: 438152
	367  -  MemoryUsage of job (MB)
	375676  -  ResidentSetSize of job (KB)
...
006 (3444394.003.000) 01/30 20:52:37 Image size of job updated: 438152
	367  -  MemoryUsage of job (MB)
	375688  -  ResidentSetSize of job (KB)
...
006 (3444394.003.000) 01/30 20:57:37 Image size of job updated: 438152
	367  -  MemoryUsage of job (MB)
	375720  -  ResidentSetSize of job (KB)
...
006 (3444394.003.000) 01/30 21:02:38 Image size of job updated: 438152
	367  -  MemoryUsage of job (MB)
	375736  -  ResidentSetSize of job (KB)
...
006 (3444394.003.000) 01/30 21:17:39 Image size of job updated: 438152
	367  -  MemoryUsage of job (MB)
	375776  -  ResidentSetSize of job (KB)
...
006 (3444394.003.000) 01/30 21:22:40 Image size of job updated: 438152
	367  -  MemoryUsage of job (MB)
	375788  -  ResidentSetSize of job (KB)
...
006 (3444394.003.000) 01/30 21:37:42 Image size of job updated: 438152
	367  -  MemoryUsage of job (MB)
	375792  -  ResidentSetSize of job (KB)
...
006 (3444394.003.000) 01/30 21:42:43 Image size of job updated: 438152
	367  -  MemoryUsage of job (MB)
	375800  -  ResidentSetSize of job (KB)
...
006 (3444394.003.000) 01/30 21:47:43 Image size of job updated: 438152
	368  -  MemoryUsage of job (MB)
	375816  -  ResidentSetSize of job (KB)
...
006 (3444394.003.000) 01/30 21:52:43 Image size of job updated: 438152
	368  -  MemoryUsage of job (MB)
	375828  -  ResidentSetSize of job (KB)
...
006 (3444394.003.000) 01/30 21:57:44 Image size of job updated: 438152
	368  -  MemoryUsage of job (MB)
	375852  -  ResidentSetSize of job (KB)
...
006 (3444394.003.000) 01/30 22:02:45 Image size of job updated: 438152
	368  -  MemoryUsage of job (MB)
	375868  -  ResidentSetSize of job (KB)
...
006 (3444394.003.000) 01/30 22:07:45 Image size of job updated: 438152
	368  -  MemoryUsage of job (MB)
	375888  -  ResidentSetSize of job (KB)
...
006 (3444394.003.000) 01/30 22:12:45 Image size of job updated: 438152
	368  -  MemoryUsage of job (MB)
	375896  -  ResidentSetSize of job (KB)
...
006 (3444394.003.000) 01/30 22:17:46 Image size of job updated: 438152
	368  -  MemoryUsage of job (MB)
	375916  -  ResidentSetSize of job (KB)
...
006 (3444394.003.000) 01/30 22:22:46 Image size of job updated: 438152
	368  -  MemoryUsage of job (MB)
	375948  -  ResidentSetSize of job (KB)
...
006 (3444394.003.000) 01/30 22:27:46 Image size of job updated: 438152
	368  -  MemoryUsage of job (MB)
	375960  -  ResidentSetSize of job (KB)
...
006 (3444394.003.000) 01/30 22:32:47 Image size of job updated: 438152
	368  -  MemoryUsage of job (MB)
	375972  -  ResidentSetSize of job (KB)
...
006 (3444394.003.000) 01/30 22:37:48 Image size of job updated: 438152
	368  -  MemoryUsage of job (MB)
	375980  -  ResidentSetSize of job (KB)
...
006 (3444394.003.000) 01/30 22:47:48 Image size of job updated: 438152
	368  -  MemoryUsage of job (MB)
	376032  -  ResidentSetSize of job (KB)
...
006 (3444394.003.000) 01/30 22:52:49 Image size of job updated: 438152
	368  -  MemoryUsage of job (MB)
	376064  -  ResidentSetSize of job (KB)
...
006 (3444394.003.000) 01/30 23:02:50 Image size of job updated: 438152
	368  -  MemoryUsage of job (MB)
	376092  -  ResidentSetSize of job (KB)
...
006 (3444394.003.000) 01/30 23:07:50 Image size of job updated: 438152
	368  -  MemoryUsage of job (MB)
	376108  -  ResidentSetSize of job (KB)
...
006 (3444394.003.000) 01/30 23:12:51 Image size of job updated: 438152
	368  -  MemoryUsage of job (MB)
	376132  -  ResidentSetSize of job (KB)
...
006 (3444394.003.000) 01/30 23:17:52 Image size of job updated: 438152
	368  -  MemoryUsage of job (MB)
	376148  -  ResidentSetSize of job (KB)
...
006 (3444394.003.000) 01/30 23:22:52 Image size of job updated: 438152
	368  -  MemoryUsage of job (MB)
	376156  -  ResidentSetSize of job (KB)
...
006 (3444394.003.000) 01/30 23:27:53 Image size of job updated: 438152
	368  -  MemoryUsage of job (MB)
	376188  -  ResidentSetSize of job (KB)
...
006 (3444394.003.000) 01/30 23:32:54 Image size of job updated: 438152
	368  -  MemoryUsage of job (MB)
	376200  -  ResidentSetSize of job (KB)
...
006 (3444394.003.000) 01/30 23:37:54 Image size of job updated: 438152
	368  -  MemoryUsage of job (MB)
	376228  -  ResidentSetSize of job (KB)
...
006 (3444394.003.000) 01/30 23:42:54 Image size of job updated: 438152
	368  -  MemoryUsage of job (MB)
	376240  -  ResidentSetSize of job (KB)
...
006 (3444394.003.000) 01/30 23:47:55 Image size of job updated: 438152
	368  -  MemoryUsage of job (MB)
	376304  -  ResidentSetSize of job (KB)
...
006 (3444394.003.000) 01/30 23:52:56 Image size of job updated: 438152
	368  -  MemoryUsage of job (MB)
	376320  -  ResidentSetSize of job (KB)
...
006 (3444394.003.000) 01/30 23:57:56 Image size of job updated: 438152
	368  -  MemoryUsage of job (MB)
	376352  -  ResidentSetSize of job (KB)
...
006 (3444394.003.000) 01/31 00:02:56 Image size of job updated: 438152
	368  -  MemoryUsage of job (MB)
	376376  -  ResidentSetSize of job (KB)
...
006 (3444394.003.000) 01/31 00:22:59 Image size of job updated: 438152
	368  -  MemoryUsage of job (MB)
	376416  -  ResidentSetSize of job (KB)
...
006 (3444394.003.000) 01/31 00:28:00 Image size of job updated: 438152
	368  -  MemoryUsage of job (MB)
	376460  -  ResidentSetSize of job (KB)
...
006 (3444394.003.000) 01/31 00:33:00 Image size of job updated: 438152
	368  -  MemoryUsage of job (MB)
	376472  -  ResidentSetSize of job (KB)
...
006 (3444394.003.000) 01/31 00:38:00 Image size of job updated: 438152
	368  -  MemoryUsage of job (MB)
	376480  -  ResidentSetSize of job (KB)
...
006 (3444394.003.000) 01/31 00:53:02 Image size of job updated: 438152
	368  -  MemoryUsage of job (MB)
	376508  -  ResidentSetSize of job (KB)
...
006 (3444394.003.000) 01/31 00:58:02 Image size of job updated: 438152
	368  -  MemoryUsage of job (MB)
	376532  -  ResidentSetSize of job (KB)
...
006 (3444394.003.000) 01/31 01:03:03 Image size of job updated: 438152
	368  -  MemoryUsage of job (MB)
	376564  -  ResidentSetSize of job (KB)
...
006 (3444394.003.000) 01/31 01:13:05 Image size of job updated: 438152
	368  -  MemoryUsage of job (MB)
	376588  -  ResidentSetSize of job (KB)
...
006 (3444394.003.000) 01/31 01:33:06 Image size of job updated: 438152
	368  -  MemoryUsage of job (MB)
	376604  -  ResidentSetSize of job (KB)
...
006 (3444394.003.000) 01/31 01:38:06 Image size of job updated: 438152
	368  -  MemoryUsage of job (MB)
	376608  -  ResidentSetSize of job (KB)
...
006 (3444394.003.000) 01/31 01:43:07 Image size of job updated: 438152
	368  -  MemoryUsage of job (MB)
	376632  -  ResidentSetSize of job (KB)
...
006 (3444394.003.000) 01/31 01:48:07 Image size of job updated: 438152
	368  -  MemoryUsage of job (MB)
	376684  -  ResidentSetSize of job (KB)
...
006 (3444394.003.000) 01/31 02:08:09 Image size of job updated: 438152
	368  -  MemoryUsage of job (MB)
	376696  -  ResidentSetSize of job (KB)
...
006 (3444394.003.000) 01/31 02:13:10 Image size of job updated: 438152
	368  -  MemoryUsage of job (MB)
	376712  -  ResidentSetSize of job (KB)
...
006 (3444394.003.000) 01/31 02:18:11 Image size of job updated: 438152
	368  -  MemoryUsage of job (MB)
	376716  -  ResidentSetSize of job (KB)
...
006 (3444394.003.000) 01/31 02:23:11 Image size of job updated: 438152
	368  -  MemoryUsage of job (MB)
	376736  -  ResidentSetSize of job (KB)
...
006 (3444394.003.000) 01/31 02:28:12 Image size of job updated: 438152
	368  -  MemoryUsage of job (MB)
	376740  -  ResidentSetSize of job (KB)
...
006 (3444394.003.000) 01/31 02:33:13 Image size of job updated: 438152
	368  -  MemoryUsage of job (MB)
	376764  -  ResidentSetSize of job (KB)
...
006 (3444394.003.000) 01/31 02:53:14 Image size of job updated: 438152
	368  -  MemoryUsage of job (MB)
	376828  -  ResidentSetSize of job (KB)
...
006 (3444394.003.000) 01/31 02:58:14 Image size of job updated: 438152
	369  -  MemoryUsage of job (MB)
	376836  -  ResidentSetSize of job (KB)
...
006 (3444394.003.000) 01/31 03:03:15 Image size of job updated: 438152
	369  -  MemoryUsage of job (MB)
	376876  -  ResidentSetSize of job (KB)
...
006 (3444394.003.000) 01/31 03:08:15 Image size of job updated: 438152
	369  -  MemoryUsage of job (MB)
	376896  -  ResidentSetSize of job (KB)
...
006 (3444394.003.000) 01/31 03:13:15 Image size of job updated: 438152
	369  -  MemoryUsage of job (MB)
	376944  -  ResidentSetSize of job (KB)
...
006 (3444394.003.000) 01/31 03:18:17 Image size of job updated: 438152
	369  -  MemoryUsage of job (MB)
	376972  -  ResidentSetSize of job (KB)
...
006 (3444394.003.000) 01/31 03:53:21 Image size of job updated: 438152
	369  -  MemoryUsage of job (MB)
	376984  -  ResidentSetSize of job (KB)
...
006 (3444394.003.000) 01/31 03:58:21 Image size of job updated: 438152
	369  -  MemoryUsage of job (MB)
	377020  -  ResidentSetSize of job (KB)
...
006 (3444394.003.000) 01/31 04:03:22 Image size of job updated: 438152
	369  -  MemoryUsage of job (MB)
	377036  -  ResidentSetSize of job (KB)
...
006 (3444394.003.000) 01/31 04:08:23 Image size of job updated: 438152
	369  -  MemoryUsage of job (MB)
	377064  -  ResidentSetSize of job (KB)
...
006 (3444394.003.000) 01/31 04:13:23 Image size of job updated: 438152
	369  -  MemoryUsage of job (MB)
	377136  -  ResidentSetSize of job (KB)
...
006 (3444394.003.000) 01/31 04:18:23 Image size of job updated: 438152
	369  -  MemoryUsage of job (MB)
	377188  -  ResidentSetSize of job (KB)
...
006 (3444394.003.000) 01/31 04:28:24 Image size of job updated: 438152
	369  -  MemoryUsage of job (MB)
	377220  -  ResidentSetSize of job (KB)
...
006 (3444394.003.000) 01/31 04:33:24 Image size of job updated: 438152
	369  -  MemoryUsage of job (MB)
	377268  -  ResidentSetSize of job (KB)
...
006 (3444394.003.000) 01/31 05:13:29 Image size of job updated: 438152
	369  -  MemoryUsage of job (MB)
	377284  -  ResidentSetSize of job (KB)
...
006 (3444394.003.000) 01/31 05:18:29 Image size of job updated: 438152
	369  -  MemoryUsage of job (MB)
	377292  -  ResidentSetSize of job (KB)
...
006 (3444394.003.000) 01/31 05:23:30 Image size of job updated: 438152
	369  -  MemoryUsage of job (MB)
	377308  -  ResidentSetSize of job (KB)
...
006 (3444394.003.000) 01/31 05:28:31 Image size of job updated: 438152
	369  -  MemoryUsage of job (MB)
	377320  -  ResidentSetSize of job (KB)
...
006 (3444394.003.000) 01/31 05:33:31 Image size of job updated: 438152
	369  -  MemoryUsage of job (MB)
	377340  -  ResidentSetSize of job (KB)
...
006 (3444394.003.000) 01/31 05:38:32 Image size of job updated: 438152
	369  -  MemoryUsage of job (MB)
	377360  -  ResidentSetSize of job (KB)
...
006 (3444394.003.000) 01/31 05:43:33 Image size of job updated: 438152
	369  -  MemoryUsage of job (MB)
	377364  -  ResidentSetSize of job (KB)
...
006 (3444394.003.000) 01/31 05:48:33 Image size of job updated: 438152
	369  -  MemoryUsage of job (MB)
	377372  -  ResidentSetSize of job (KB)
...
006 (3444394.003.000) 01/31 05:53:33 Image size of job updated: 438152
	369  -  MemoryUsage of job (MB)
	377404  -  ResidentSetSize of job (KB)
...
006 (3444394.003.000) 01/31 05:58:35 Image size of job updated: 438152
	369  -  MemoryUsage of job (MB)
	377424  -  ResidentSetSize of job (KB)
...
006 (3444394.003.000) 01/31 06:13:36 Image size of job updated: 438152
	369  -  MemoryUsage of job (MB)
	377452  -  ResidentSetSize of job (KB)
...
006 (3444394.003.000) 01/31 06:18:37 Image size of job updated: 438152
	369  -  MemoryUsage of job (MB)
	377484  -  ResidentSetSize of job (KB)
...
006 (3444394.003.000) 01/31 06:43:40 Image size of job updated: 438152
	369  -  MemoryUsage of job (MB)
	377496  -  ResidentSetSize of job (KB)
...
006 (3444394.003.000) 01/31 06:48:41 Image size of job updated: 438152
	369  -  MemoryUsage of job (MB)
	377532  -  ResidentSetSize of job (KB)
...
006 (3444394.003.000) 01/31 06:58:41 Image size of job updated: 438152
	369  -  MemoryUsage of job (MB)
	377552  -  ResidentSetSize of job (KB)
...
006 (3444394.003.000) 01/31 07:03:42 Image size of job updated: 438152
	369  -  MemoryUsage of job (MB)
	377564  -  ResidentSetSize of job (KB)
...
006 (3444394.003.000) 01/31 07:08:42 Image size of job updated: 438152
	369  -  MemoryUsage of job (MB)
	377592  -  ResidentSetSize of job (KB)
...
006 (3444394.003.000) 01/31 07:18:44 Image size of job updated: 438152
	369  -  MemoryUsage of job (MB)
	377604  -  ResidentSetSize of job (KB)
...
006 (3444394.003.000) 01/31 07:23:44 Image size of job updated: 438152
	369  -  MemoryUsage of job (MB)
	377616  -  ResidentSetSize of job (KB)
...
006 (3444394.003.000) 01/31 07:28:44 Image size of job updated: 438152
	369  -  MemoryUsage of job (MB)
	377656  -  ResidentSetSize of job (KB)
...
006 (3444394.003.000) 01/31 07:33:45 Image size of job updated: 438152
	369  -  MemoryUsage of job (MB)
	377668  -  ResidentSetSize of job (KB)
...
006 (3444394.003.000) 01/31 07:38:47 Image size of job updated: 438152
	369  -  MemoryUsage of job (MB)
	377684  -  ResidentSetSize of job (KB)
...
006 (3444394.003.000) 01/31 07:48:47 Image size of job updated: 438152
	369  -  MemoryUsage of job (MB)
	377700  -  ResidentSetSize of job (KB)
...
006 (3444394.003.000) 01/31 07:53:49 Image size of job updated: 438152
	369  -  MemoryUsage of job (MB)
	377708  -  ResidentSetSize of job (KB)
...
006 (3444394.003.000) 01/31 07:58:49 Image size of job updated: 438152
	369  -  MemoryUsage of job (MB)
	377736  -  ResidentSetSize of job (KB)
...
006 (3444394.003.000) 01/31 08:03:49 Image size of job updated: 438152
	369  -  MemoryUsage of job (MB)
	377752  -  ResidentSetSize of job (KB)
...
006 (3444394.003.000) 01/31 08:14:12 Image size of job updated: 438152
	369  -  MemoryUsage of job (MB)
	377764  -  ResidentSetSize of job (KB)
...
006 (3444394.003.000) 01/31 08:23:52 Image size of job updated: 438152
	369  -  MemoryUsage of job (MB)
	377808  -  ResidentSetSize of job (KB)
...
006 (3444394.003.000) 01/31 08:28:52 Image size of job updated: 438152
	369  -  MemoryUsage of job (MB)
	377840  -  ResidentSetSize of job (KB)
...
006 (3444394.003.000) 01/31 08:33:53 Image size of job updated: 438152
	369  -  MemoryUsage of job (MB)
	377856  -  ResidentSetSize of job (KB)
...
006 (3444394.003.000) 01/31 08:38:54 Image size of job updated: 438152
	370  -  MemoryUsage of job (MB)
	377880  -  ResidentSetSize of job (KB)
...
006 (3444394.003.000) 01/31 08:43:54 Image size of job updated: 438152
	370  -  MemoryUsage of job (MB)
	377904  -  ResidentSetSize of job (KB)
...
006 (3444394.003.000) 01/31 08:48:55 Image size of job updated: 438152
	370  -  MemoryUsage of job (MB)
	377920  -  ResidentSetSize of job (KB)
...
006 (3444394.003.000) 01/31 09:03:56 Image size of job updated: 438152
	370  -  MemoryUsage of job (MB)
	377928  -  ResidentSetSize of job (KB)
...
006 (3444394.003.000) 01/31 09:12:42 Image size of job updated: 438152
	370  -  MemoryUsage of job (MB)
	377940  -  ResidentSetSize of job (KB)
...
006 (3444394.003.000) 01/31 09:24:00 Image size of job updated: 438152
	370  -  MemoryUsage of job (MB)
	377980  -  ResidentSetSize of job (KB)
...
006 (3444394.003.000) 01/31 09:33:03 Image size of job updated: 438152
	370  -  MemoryUsage of job (MB)
	378004  -  ResidentSetSize of job (KB)
...
006 (3444394.003.000) 01/31 09:38:28 Image size of job updated: 438152
	370  -  MemoryUsage of job (MB)
	378020  -  ResidentSetSize of job (KB)
...
006 (3444394.003.000) 01/31 09:43:28 Image size of job updated: 438152
	370  -  MemoryUsage of job (MB)
	378036  -  ResidentSetSize of job (KB)
...
006 (3444394.003.000) 01/31 09:48:29 Image size of job updated: 438152
	370  -  MemoryUsage of job (MB)
	378052  -  ResidentSetSize of job (KB)
...
006 (3444394.003.000) 01/31 09:53:30 Image size of job updated: 438152
	370  -  MemoryUsage of job (MB)
	378068  -  ResidentSetSize of job (KB)
...
006 (3444394.003.000) 01/31 09:58:30 Image size of job updated: 438152
	370  -  MemoryUsage of job (MB)
	378076  -  ResidentSetSize of job (KB)
...
006 (3444394.003.000) 01/31 10:03:31 Image size of job updated: 438152
	370  -  MemoryUsage of job (MB)
	378104  -  ResidentSetSize of job (KB)
...
006 (3444394.003.000) 01/31 10:13:32 Image size of job updated: 438152
	370  -  MemoryUsage of job (MB)
	378116  -  ResidentSetSize of job (KB)
...
006 (3444394.003.000) 01/31 10:18:32 Image size of job updated: 438152
	370  -  MemoryUsage of job (MB)
	378180  -  ResidentSetSize of job (KB)
...
006 (3444394.003.000) 01/31 10:33:34 Image size of job updated: 438152
	370  -  MemoryUsage of job (MB)
	378196  -  ResidentSetSize of job (KB)
...
006 (3444394.003.000) 01/31 10:38:35 Image size of job updated: 438152
	370  -  MemoryUsage of job (MB)
	378216  -  ResidentSetSize of job (KB)
...
006 (3444394.003.000) 01/31 10:58:38 Image size of job updated: 438152
	370  -  MemoryUsage of job (MB)
	378248  -  ResidentSetSize of job (KB)
...
006 (3444394.003.000) 01/31 11:03:38 Image size of job updated: 438152
	370  -  MemoryUsage of job (MB)
	378280  -  ResidentSetSize of job (KB)
...
006 (3444394.003.000) 01/31 11:08:39 Image size of job updated: 438152
	370  -  MemoryUsage of job (MB)
	378292  -  ResidentSetSize of job (KB)
...
006 (3444394.003.000) 01/31 11:13:40 Image size of job updated: 438152
	370  -  MemoryUsage of job (MB)
	378296  -  ResidentSetSize of job (KB)
...
006 (3444394.003.000) 01/31 11:18:40 Image size of job updated: 438152
	370  -  MemoryUsage of job (MB)
	378308  -  ResidentSetSize of job (KB)
...
006 (3444394.003.000) 01/31 11:28:42 Image size of job updated: 438152
	370  -  MemoryUsage of job (MB)
	378332  -  ResidentSetSize of job (KB)
...
006 (3444394.003.000) 01/31 11:38:42 Image size of job updated: 438152
	370  -  MemoryUsage of job (MB)
	378336  -  ResidentSetSize of job (KB)
...
006 (3444394.003.000) 01/31 11:43:43 Image size of job updated: 438152
	370  -  MemoryUsage of job (MB)
	378364  -  ResidentSetSize of job (KB)
...
006 (3444394.003.000) 01/31 11:53:44 Image size of job updated: 438152
	370  -  MemoryUsage of job (MB)
	378392  -  ResidentSetSize of job (KB)
...
006 (3444394.003.000) 01/31 12:03:46 Image size of job updated: 438152
	370  -  MemoryUsage of job (MB)
	378440  -  ResidentSetSize of job (KB)
...
006 (3444394.003.000) 01/31 12:08:46 Image size of job updated: 438152
	370  -  MemoryUsage of job (MB)
	378456  -  ResidentSetSize of job (KB)
...
006 (3444394.003.000) 01/31 12:13:47 Image size of job updated: 438152
	370  -  MemoryUsage of job (MB)
	378492  -  ResidentSetSize of job (KB)
...
006 (3444394.003.000) 01/31 12:18:48 Image size of job updated: 438152
	370  -  MemoryUsage of job (MB)
	378516  -  ResidentSetSize of job (KB)
...
006 (3444394.003.000) 01/31 12:23:48 Image size of job updated: 438152
	370  -  MemoryUsage of job (MB)
	378552  -  ResidentSetSize of job (KB)
...
006 (3444394.003.000) 01/31 12:48:51 Image size of job updated: 438152
	370  -  MemoryUsage of job (MB)
	378568  -  ResidentSetSize of job (KB)
...
006 (3444394.003.000) 01/31 12:53:52 Image size of job updated: 438152
	370  -  MemoryUsage of job (MB)
	378584  -  ResidentSetSize of job (KB)
...
006 (3444394.003.000) 01/31 13:03:52 Image size of job updated: 438152
	370  -  MemoryUsage of job (MB)
	378588  -  ResidentSetSize of job (KB)
...
006 (3444394.003.000) 01/31 13:08:53 Image size of job updated: 438152
	370  -  MemoryUsage of job (MB)
	378592  -  ResidentSetSize of job (KB)
...
006 (3444394.003.000) 01/31 13:13:53 Image size of job updated: 438152
	370  -  MemoryUsage of job (MB)
	378612  -  ResidentSetSize of job (KB)
...
006 (3444394.003.000) 01/31 13:18:53 Image size of job updated: 438152
	370  -  MemoryUsage of job (MB)
	378652  -  ResidentSetSize of job (KB)
...
006 (3444394.003.000) 01/31 13:23:54 Image size of job updated: 438152
	370  -  MemoryUsage of job (MB)
	378676  -  ResidentSetSize of job (KB)
...
006 (3444394.003.000) 01/31 13:28:54 Image size of job updated: 438152
	370  -  MemoryUsage of job (MB)
	378688  -  ResidentSetSize of job (KB)
...
006 (3444394.003.000) 01/31 13:33:54 Image size of job updated: 438152
	370  -  MemoryUsage of job (MB)
	378724  -  ResidentSetSize of job (KB)
...
006 (3444394.003.000) 01/31 13:43:56 Image size of job updated: 438152
	370  -  MemoryUsage of job (MB)
	378732  -  ResidentSetSize of job (KB)
...
006 (3444394.003.000) 01/31 13:48:56 Image size of job updated: 438152
	370  -  MemoryUsage of job (MB)
	378744  -  ResidentSetSize of job (KB)
...
006 (3444394.003.000) 01/31 13:58:58 Image size of job updated: 438152
	370  -  MemoryUsage of job (MB)
	378760  -  ResidentSetSize of job (KB)
...
006 (3444394.003.000) 01/31 14:03:58 Image size of job updated: 438152
	370  -  MemoryUsage of job (MB)
	378780  -  ResidentSetSize of job (KB)
...
006 (3444394.003.000) 01/31 14:08:58 Image size of job updated: 438152
	370  -  MemoryUsage of job (MB)
	378804  -  ResidentSetSize of job (KB)
...
006 (3444394.003.000) 01/31 14:18:59 Image size of job updated: 438152
	370  -  MemoryUsage of job (MB)
	378808  -  ResidentSetSize of job (KB)
...
006 (3444394.003.000) 01/31 14:29:00 Image size of job updated: 438152
	370  -  MemoryUsage of job (MB)
	378816  -  ResidentSetSize of job (KB)
...
006 (3444394.003.000) 01/31 14:34:00 Image size of job updated: 438152
	370  -  MemoryUsage of job (MB)
	378828  -  ResidentSetSize of job (KB)
...
006 (3444394.003.000) 01/31 14:39:00 Image size of job updated: 438152
	371  -  MemoryUsage of job (MB)
	378896  -  ResidentSetSize of job (KB)
...
006 (3444394.003.000) 01/31 14:59:03 Image size of job updated: 438152
	371  -  MemoryUsage of job (MB)
	378904  -  ResidentSetSize of job (KB)
...
006 (3444394.003.000) 01/31 15:04:04 Image size of job updated: 438152
	371  -  MemoryUsage of job (MB)
	378916  -  ResidentSetSize of job (KB)
...
006 (3444394.003.000) 01/31 15:12:44 Image size of job updated: 438152
	371  -  MemoryUsage of job (MB)
	378996  -  ResidentSetSize of job (KB)
...
006 (3444394.003.000) 01/31 15:23:45 Image size of job updated: 438152
	371  -  MemoryUsage of job (MB)
	379016  -  ResidentSetSize of job (KB)
...
006 (3444394.003.000) 01/31 15:32:34 Image size of job updated: 438152
	371  -  MemoryUsage of job (MB)
	379024  -  ResidentSetSize of job (KB)
...
006 (3444394.003.000) 01/31 15:37:52 Image size of job updated: 438152
	371  -  MemoryUsage of job (MB)
	379044  -  ResidentSetSize of job (KB)
...
006 (3444394.003.000) 01/31 15:42:52 Image size of job updated: 438152
	371  -  MemoryUsage of job (MB)
	379080  -  ResidentSetSize of job (KB)
...
006 (3444394.003.000) 01/31 15:47:53 Image size of job updated: 438152
	371  -  MemoryUsage of job (MB)
	379112  -  ResidentSetSize of job (KB)
...
006 (3444394.003.000) 01/31 16:02:55 Image size of job updated: 438152
	371  -  MemoryUsage of job (MB)
	379120  -  ResidentSetSize of job (KB)
...
006 (3444394.003.000) 01/31 16:12:56 Image size of job updated: 438152
	371  -  MemoryUsage of job (MB)
	379172  -  ResidentSetSize of job (KB)
...
006 (3444394.003.000) 01/31 16:22:58 Image size of job updated: 438152
	371  -  MemoryUsage of job (MB)
	379188  -  ResidentSetSize of job (KB)
...
006 (3444394.003.000) 01/31 16:32:58 Image size of job updated: 438152
	371  -  MemoryUsage of job (MB)
	379196  -  ResidentSetSize of job (KB)
...
006 (3444394.003.000) 01/31 16:40:30 Image size of job updated: 438152
	371  -  MemoryUsage of job (MB)
	379224  -  ResidentSetSize of job (KB)
...
006 (3444394.003.000) 01/31 16:48:05 Image size of job updated: 438152
	371  -  MemoryUsage of job (MB)
	379268  -  ResidentSetSize of job (KB)
...
006 (3444394.003.000) 01/31 16:59:10 Image size of job updated: 438152
	371  -  MemoryUsage of job (MB)
	379308  -  ResidentSetSize of job (KB)
...
006 (3444394.003.000) 01/31 17:04:11 Image size of job updated: 438152
	371  -  MemoryUsage of job (MB)
	379328  -  ResidentSetSize of job (KB)
...
006 (3444394.003.000) 01/31 17:09:11 Image size of job updated: 438152
	371  -  MemoryUsage of job (MB)
	379348  -  ResidentSetSize of job (KB)
...
006 (3444394.003.000) 01/31 17:15:08 Image size of job updated: 438152
	371  -  MemoryUsage of job (MB)
	379356  -  ResidentSetSize of job (KB)
...
006 (3444394.003.000) 01/31 17:19:12 Image size of job updated: 438152
	371  -  MemoryUsage of job (MB)
	379372  -  ResidentSetSize of job (KB)
...
040 (3444394.003.000) 02/01 07:53:47 Started transferring input files
	Transferring to host: <188.184.182.90:9618?addrs=188.184.182.90-9618+[2001-1458-301-2b--100-53]-9618&noUDP&sock=5138_ef8a_81986>
...
040 (3444394.003.000) 02/01 07:53:47 Finished transferring input files
...
001 (3444394.003.000) 02/01 07:53:48 Job executing on host: <188.184.182.90:9618?addrs=188.184.182.90-9618+[2001-1458-301-2b--100-53]-9618&noUDP&sock=3285_d0b3_3>
...
040 (3444394.003.000) 02/01 16:50:44 Started transferring input files
	Transferring to host: <188.184.197.55:9618?addrs=188.184.197.55-9618+[2001-1458-301-103--100-39]-9618&noUDP&sock=20398_fc77_201131>
...
040 (3444394.003.000) 02/01 16:50:44 Finished transferring input files
...
001 (3444394.003.000) 02/01 16:50:45 Job executing on host: <188.184.197.55:9618?addrs=188.184.197.55-9618+[2001-1458-301-103--100-39]-9618&noUDP&sock=20266_5e6b_3>
...
