000 (3447422.001.000) 01/30 01:30:48 Job submitted from host: <188.185.71.142:9618?addrs=188.185.71.142-9618+[2001-1458-d00-7--100-388]-9618&alias=bigbird09.cern.ch&noUDP&sock=schedd_2208_1533_7>
...
040 (3447422.001.000) 01/30 07:30:10 Started transferring input files
	Transferring to host: <188.184.210.220:9618?addrs=188.184.210.220-9618+[2001-1458-301-10b--100-bc]-9618&noUDP&sock=20699_1163_198403>
...
040 (3447422.001.000) 01/30 07:30:10 Finished transferring input files
...
001 (3447422.001.000) 01/30 07:30:11 Job executing on host: <188.184.210.220:9618?addrs=188.184.210.220-9618+[2001-1458-301-10b--100-bc]-9618&noUDP&sock=20344_dece_3>
...
006 (3447422.001.000) 01/30 07:30:20 Image size of job updated: 31531704
	6  -  MemoryUsage of job (MB)
	5752  -  ResidentSetSize of job (KB)
...
006 (3447422.001.000) 01/30 07:35:21 Image size of job updated: 31531704
	162  -  MemoryUsage of job (MB)
	165688  -  ResidentSetSize of job (KB)
...
006 (3447422.001.000) 01/30 07:40:22 Image size of job updated: 31531704
	162  -  MemoryUsage of job (MB)
	165696  -  ResidentSetSize of job (KB)
...
006 (3447422.001.000) 01/30 07:45:22 Image size of job updated: 31531704
	162  -  MemoryUsage of job (MB)
	165700  -  ResidentSetSize of job (KB)
...
006 (3447422.001.000) 01/30 07:50:22 Image size of job updated: 31531704
	162  -  MemoryUsage of job (MB)
	165712  -  ResidentSetSize of job (KB)
...
006 (3447422.001.000) 01/30 07:55:23 Image size of job updated: 31531704
	162  -  MemoryUsage of job (MB)
	165716  -  ResidentSetSize of job (KB)
...
006 (3447422.001.000) 01/30 08:10:24 Image size of job updated: 31531704
	162  -  MemoryUsage of job (MB)
	165744  -  ResidentSetSize of job (KB)
...
006 (3447422.001.000) 01/30 13:35:58 Image size of job updated: 31531704
	162  -  MemoryUsage of job (MB)
	165752  -  ResidentSetSize of job (KB)
...
006 (3447422.001.000) 01/30 13:56:00 Image size of job updated: 31531704
	162  -  MemoryUsage of job (MB)
	165776  -  ResidentSetSize of job (KB)
...
006 (3447422.001.000) 01/30 14:01:01 Image size of job updated: 31531704
	162  -  MemoryUsage of job (MB)
	165780  -  ResidentSetSize of job (KB)
...
006 (3447422.001.000) 01/30 14:11:02 Image size of job updated: 31531704
	162  -  MemoryUsage of job (MB)
	165784  -  ResidentSetSize of job (KB)
...
006 (3447422.001.000) 01/30 14:31:05 Image size of job updated: 31531704
	162  -  MemoryUsage of job (MB)
	165800  -  ResidentSetSize of job (KB)
...
006 (3447422.001.000) 01/30 14:36:06 Image size of job updated: 31531704
	162  -  MemoryUsage of job (MB)
	165844  -  ResidentSetSize of job (KB)
...
006 (3447422.001.000) 01/30 14:41:06 Image size of job updated: 31531704
	163  -  MemoryUsage of job (MB)
	165896  -  ResidentSetSize of job (KB)
...
006 (3447422.001.000) 01/30 14:56:08 Image size of job updated: 31531704
	163  -  MemoryUsage of job (MB)
	165932  -  ResidentSetSize of job (KB)
...
006 (3447422.001.000) 01/30 15:06:10 Image size of job updated: 31531704
	163  -  MemoryUsage of job (MB)
	165952  -  ResidentSetSize of job (KB)
...
006 (3447422.001.000) 01/30 15:31:13 Image size of job updated: 31531704
	163  -  MemoryUsage of job (MB)
	165980  -  ResidentSetSize of job (KB)
...
006 (3447422.001.000) 01/30 15:36:14 Image size of job updated: 31531704
	163  -  MemoryUsage of job (MB)
	165996  -  ResidentSetSize of job (KB)
...
006 (3447422.001.000) 01/30 15:46:16 Image size of job updated: 31531704
	163  -  MemoryUsage of job (MB)
	166008  -  ResidentSetSize of job (KB)
...
006 (3447422.001.000) 01/30 15:51:16 Image size of job updated: 31531704
	163  -  MemoryUsage of job (MB)
	166076  -  ResidentSetSize of job (KB)
...
006 (3447422.001.000) 01/30 15:56:16 Image size of job updated: 31531704
	163  -  MemoryUsage of job (MB)
	166108  -  ResidentSetSize of job (KB)
...
006 (3447422.001.000) 01/30 16:01:17 Image size of job updated: 31531704
	163  -  MemoryUsage of job (MB)
	166120  -  ResidentSetSize of job (KB)
...
006 (3447422.001.000) 01/30 16:06:18 Image size of job updated: 31531704
	163  -  MemoryUsage of job (MB)
	166140  -  ResidentSetSize of job (KB)
...
006 (3447422.001.000) 01/30 16:11:18 Image size of job updated: 31531704
	163  -  MemoryUsage of job (MB)
	166184  -  ResidentSetSize of job (KB)
...
006 (3447422.001.000) 01/30 16:16:19 Image size of job updated: 31531704
	163  -  MemoryUsage of job (MB)
	166220  -  ResidentSetSize of job (KB)
...
006 (3447422.001.000) 01/30 16:21:20 Image size of job updated: 31531704
	163  -  MemoryUsage of job (MB)
	166264  -  ResidentSetSize of job (KB)
...
006 (3447422.001.000) 01/30 16:36:21 Image size of job updated: 31531704
	163  -  MemoryUsage of job (MB)
	166336  -  ResidentSetSize of job (KB)
...
006 (3447422.001.000) 01/30 16:41:21 Image size of job updated: 31531704
	163  -  MemoryUsage of job (MB)
	166364  -  ResidentSetSize of job (KB)
...
006 (3447422.001.000) 01/30 16:46:21 Image size of job updated: 31531704
	163  -  MemoryUsage of job (MB)
	166400  -  ResidentSetSize of job (KB)
...
006 (3447422.001.000) 01/30 16:56:23 Image size of job updated: 31531704
	164  -  MemoryUsage of job (MB)
	167324  -  ResidentSetSize of job (KB)
...
006 (3447422.001.000) 01/30 17:06:24 Image size of job updated: 31531704
	164  -  MemoryUsage of job (MB)
	167432  -  ResidentSetSize of job (KB)
...
006 (3447422.001.000) 01/30 17:11:25 Image size of job updated: 31531704
	164  -  MemoryUsage of job (MB)
	167488  -  ResidentSetSize of job (KB)
...
006 (3447422.001.000) 01/30 17:21:25 Image size of job updated: 31531704
	165  -  MemoryUsage of job (MB)
	168692  -  ResidentSetSize of job (KB)
...
006 (3447422.001.000) 01/30 17:26:26 Image size of job updated: 31531704
	165  -  MemoryUsage of job (MB)
	168776  -  ResidentSetSize of job (KB)
...
006 (3447422.001.000) 01/30 17:31:26 Image size of job updated: 31531704
	165  -  MemoryUsage of job (MB)
	168856  -  ResidentSetSize of job (KB)
...
006 (3447422.001.000) 01/30 17:36:26 Image size of job updated: 31531704
	165  -  MemoryUsage of job (MB)
	168908  -  ResidentSetSize of job (KB)
...
006 (3447422.001.000) 01/30 17:41:27 Image size of job updated: 31531704
	165  -  MemoryUsage of job (MB)
	168924  -  ResidentSetSize of job (KB)
...
006 (3447422.001.000) 01/30 17:46:27 Image size of job updated: 31531704
	166  -  MemoryUsage of job (MB)
	168964  -  ResidentSetSize of job (KB)
...
006 (3447422.001.000) 01/30 17:51:28 Image size of job updated: 31531704
	166  -  MemoryUsage of job (MB)
	169012  -  ResidentSetSize of job (KB)
...
006 (3447422.001.000) 01/30 17:56:29 Image size of job updated: 31531704
	166  -  MemoryUsage of job (MB)
	169076  -  ResidentSetSize of job (KB)
...
006 (3447422.001.000) 01/30 18:01:29 Image size of job updated: 31531704
	166  -  MemoryUsage of job (MB)
	169112  -  ResidentSetSize of job (KB)
...
006 (3447422.001.000) 01/30 18:06:29 Image size of job updated: 31531704
	166  -  MemoryUsage of job (MB)
	169124  -  ResidentSetSize of job (KB)
...
006 (3447422.001.000) 01/30 18:11:30 Image size of job updated: 31531704
	166  -  MemoryUsage of job (MB)
	169172  -  ResidentSetSize of job (KB)
...
006 (3447422.001.000) 01/30 18:16:30 Image size of job updated: 31531704
	166  -  MemoryUsage of job (MB)
	169180  -  ResidentSetSize of job (KB)
...
006 (3447422.001.000) 01/30 18:21:31 Image size of job updated: 31531704
	166  -  MemoryUsage of job (MB)
	169220  -  ResidentSetSize of job (KB)
...
006 (3447422.001.000) 01/30 18:26:31 Image size of job updated: 31531704
	166  -  MemoryUsage of job (MB)
	169236  -  ResidentSetSize of job (KB)
...
006 (3447422.001.000) 01/30 18:31:31 Image size of job updated: 31531704
	166  -  MemoryUsage of job (MB)
	169272  -  ResidentSetSize of job (KB)
...
006 (3447422.001.000) 01/30 18:36:32 Image size of job updated: 31531704
	166  -  MemoryUsage of job (MB)
	169336  -  ResidentSetSize of job (KB)
...
006 (3447422.001.000) 01/30 18:41:33 Image size of job updated: 31531704
	166  -  MemoryUsage of job (MB)
	169352  -  ResidentSetSize of job (KB)
...
006 (3447422.001.000) 01/30 18:46:33 Image size of job updated: 31531704
	166  -  MemoryUsage of job (MB)
	169368  -  ResidentSetSize of job (KB)
...
006 (3447422.001.000) 01/30 18:51:33 Image size of job updated: 31531704
	166  -  MemoryUsage of job (MB)
	169400  -  ResidentSetSize of job (KB)
...
006 (3447422.001.000) 01/30 18:56:35 Image size of job updated: 31531704
	166  -  MemoryUsage of job (MB)
	169424  -  ResidentSetSize of job (KB)
...
006 (3447422.001.000) 01/30 19:01:35 Image size of job updated: 31531704
	166  -  MemoryUsage of job (MB)
	169548  -  ResidentSetSize of job (KB)
...
006 (3447422.001.000) 01/30 19:06:35 Image size of job updated: 31531704
	166  -  MemoryUsage of job (MB)
	169836  -  ResidentSetSize of job (KB)
...
006 (3447422.001.000) 01/30 19:11:36 Image size of job updated: 31531704
	167  -  MemoryUsage of job (MB)
	170240  -  ResidentSetSize of job (KB)
...
006 (3447422.001.000) 01/30 19:16:37 Image size of job updated: 31531704
	167  -  MemoryUsage of job (MB)
	170396  -  ResidentSetSize of job (KB)
...
006 (3447422.001.000) 01/30 19:21:37 Image size of job updated: 31531704
	167  -  MemoryUsage of job (MB)
	170432  -  ResidentSetSize of job (KB)
...
006 (3447422.001.000) 01/30 21:41:50 Image size of job updated: 31531704
	167  -  MemoryUsage of job (MB)
	170452  -  ResidentSetSize of job (KB)
...
006 (3447422.001.000) 01/30 22:01:51 Image size of job updated: 31531704
	167  -  MemoryUsage of job (MB)
	170464  -  ResidentSetSize of job (KB)
...
006 (3447422.001.000) 01/30 22:06:51 Image size of job updated: 31531704
	167  -  MemoryUsage of job (MB)
	170472  -  ResidentSetSize of job (KB)
...
006 (3447422.001.000) 01/30 23:06:59 Image size of job updated: 31531704
	167  -  MemoryUsage of job (MB)
	170484  -  ResidentSetSize of job (KB)
...
006 (3447422.001.000) 01/30 23:12:00 Image size of job updated: 31531704
	167  -  MemoryUsage of job (MB)
	170508  -  ResidentSetSize of job (KB)
...
006 (3447422.001.000) 01/30 23:17:01 Image size of job updated: 31531704
	167  -  MemoryUsage of job (MB)
	170536  -  ResidentSetSize of job (KB)
...
006 (3447422.001.000) 01/30 23:22:01 Image size of job updated: 31531704
	167  -  MemoryUsage of job (MB)
	170556  -  ResidentSetSize of job (KB)
...
006 (3447422.001.000) 01/30 23:27:01 Image size of job updated: 31531704
	167  -  MemoryUsage of job (MB)
	170576  -  ResidentSetSize of job (KB)
...
006 (3447422.001.000) 01/30 23:32:02 Image size of job updated: 31531704
	167  -  MemoryUsage of job (MB)
	170596  -  ResidentSetSize of job (KB)
...
006 (3447422.001.000) 01/30 23:37:02 Image size of job updated: 31531704
	167  -  MemoryUsage of job (MB)
	170612  -  ResidentSetSize of job (KB)
...
006 (3447422.001.000) 01/30 23:47:03 Image size of job updated: 31531704
	167  -  MemoryUsage of job (MB)
	170636  -  ResidentSetSize of job (KB)
...
006 (3447422.001.000) 01/31 00:07:05 Image size of job updated: 31531704
	167  -  MemoryUsage of job (MB)
	170668  -  ResidentSetSize of job (KB)
...
006 (3447422.001.000) 01/31 00:12:05 Image size of job updated: 31531704
	167  -  MemoryUsage of job (MB)
	170712  -  ResidentSetSize of job (KB)
...
006 (3447422.001.000) 01/31 00:27:07 Image size of job updated: 31531704
	167  -  MemoryUsage of job (MB)
	170768  -  ResidentSetSize of job (KB)
...
006 (3447422.001.000) 01/31 00:32:07 Image size of job updated: 31531704
	167  -  MemoryUsage of job (MB)
	170800  -  ResidentSetSize of job (KB)
...
006 (3447422.001.000) 01/31 00:37:08 Image size of job updated: 31531704
	167  -  MemoryUsage of job (MB)
	170848  -  ResidentSetSize of job (KB)
...
006 (3447422.001.000) 01/31 00:42:09 Image size of job updated: 31531704
	167  -  MemoryUsage of job (MB)
	170856  -  ResidentSetSize of job (KB)
...
006 (3447422.001.000) 01/31 00:47:09 Image size of job updated: 31531704
	167  -  MemoryUsage of job (MB)
	170868  -  ResidentSetSize of job (KB)
...
006 (3447422.001.000) 01/31 00:57:11 Image size of job updated: 31531704
	167  -  MemoryUsage of job (MB)
	170872  -  ResidentSetSize of job (KB)
...
006 (3447422.001.000) 01/31 01:02:11 Image size of job updated: 31531704
	167  -  MemoryUsage of job (MB)
	170912  -  ResidentSetSize of job (KB)
...
006 (3447422.001.000) 01/31 01:12:12 Image size of job updated: 31531704
	167  -  MemoryUsage of job (MB)
	170928  -  ResidentSetSize of job (KB)
...
006 (3447422.001.000) 01/31 01:22:12 Image size of job updated: 31531704
	167  -  MemoryUsage of job (MB)
	170980  -  ResidentSetSize of job (KB)
...
006 (3447422.001.000) 01/31 01:27:13 Image size of job updated: 31531704
	168  -  MemoryUsage of job (MB)
	171020  -  ResidentSetSize of job (KB)
...
006 (3447422.001.000) 01/31 01:32:13 Image size of job updated: 31531704
	168  -  MemoryUsage of job (MB)
	171036  -  ResidentSetSize of job (KB)
...
006 (3447422.001.000) 01/31 01:42:15 Image size of job updated: 31531704
	168  -  MemoryUsage of job (MB)
	171040  -  ResidentSetSize of job (KB)
...
006 (3447422.001.000) 01/31 01:47:15 Image size of job updated: 31531704
	168  -  MemoryUsage of job (MB)
	171068  -  ResidentSetSize of job (KB)
...
006 (3447422.001.000) 01/31 01:57:16 Image size of job updated: 31531704
	168  -  MemoryUsage of job (MB)
	171092  -  ResidentSetSize of job (KB)
...
006 (3447422.001.000) 01/31 02:02:17 Image size of job updated: 31531704
	168  -  MemoryUsage of job (MB)
	171096  -  ResidentSetSize of job (KB)
...
006 (3447422.001.000) 01/31 02:07:17 Image size of job updated: 31531704
	168  -  MemoryUsage of job (MB)
	171116  -  ResidentSetSize of job (KB)
...
006 (3447422.001.000) 01/31 02:12:18 Image size of job updated: 31531704
	168  -  MemoryUsage of job (MB)
	171124  -  ResidentSetSize of job (KB)
...
006 (3447422.001.000) 01/31 02:27:20 Image size of job updated: 31531704
	168  -  MemoryUsage of job (MB)
	171184  -  ResidentSetSize of job (KB)
...
006 (3447422.001.000) 01/31 02:42:22 Image size of job updated: 31531704
	168  -  MemoryUsage of job (MB)
	171248  -  ResidentSetSize of job (KB)
...
006 (3447422.001.000) 01/31 02:47:23 Image size of job updated: 31531704
	168  -  MemoryUsage of job (MB)
	171260  -  ResidentSetSize of job (KB)
...
006 (3447422.001.000) 01/31 03:02:25 Image size of job updated: 31531704
	168  -  MemoryUsage of job (MB)
	171284  -  ResidentSetSize of job (KB)
...
006 (3447422.001.000) 01/31 03:12:25 Image size of job updated: 31531704
	168  -  MemoryUsage of job (MB)
	171296  -  ResidentSetSize of job (KB)
...
006 (3447422.001.000) 01/31 03:17:26 Image size of job updated: 31531704
	168  -  MemoryUsage of job (MB)
	171352  -  ResidentSetSize of job (KB)
...
006 (3447422.001.000) 01/31 03:22:27 Image size of job updated: 31531704
	168  -  MemoryUsage of job (MB)
	171372  -  ResidentSetSize of job (KB)
...
006 (3447422.001.000) 01/31 03:27:27 Image size of job updated: 31531704
	168  -  MemoryUsage of job (MB)
	171448  -  ResidentSetSize of job (KB)
...
006 (3447422.001.000) 01/31 03:32:28 Image size of job updated: 31531704
	168  -  MemoryUsage of job (MB)
	171484  -  ResidentSetSize of job (KB)
...
006 (3447422.001.000) 01/31 03:37:29 Image size of job updated: 31531704
	168  -  MemoryUsage of job (MB)
	171512  -  ResidentSetSize of job (KB)
...
006 (3447422.001.000) 01/31 03:42:29 Image size of job updated: 31531704
	168  -  MemoryUsage of job (MB)
	171536  -  ResidentSetSize of job (KB)
...
006 (3447422.001.000) 01/31 03:47:30 Image size of job updated: 31531704
	168  -  MemoryUsage of job (MB)
	171568  -  ResidentSetSize of job (KB)
...
006 (3447422.001.000) 01/31 03:52:31 Image size of job updated: 31531704
	168  -  MemoryUsage of job (MB)
	171580  -  ResidentSetSize of job (KB)
...
006 (3447422.001.000) 01/31 03:57:31 Image size of job updated: 31531704
	168  -  MemoryUsage of job (MB)
	171628  -  ResidentSetSize of job (KB)
...
006 (3447422.001.000) 01/31 04:12:33 Image size of job updated: 31531704
	168  -  MemoryUsage of job (MB)
	171816  -  ResidentSetSize of job (KB)
...
006 (3447422.001.000) 01/31 04:17:34 Image size of job updated: 31531704
	169  -  MemoryUsage of job (MB)
	172216  -  ResidentSetSize of job (KB)
...
040 (3447422.001.000) 01/31 04:19:13 Started transferring output files
...
040 (3447422.001.000) 01/31 04:19:13 Finished transferring output files
...
005 (3447422.001.000) 01/31 04:19:14 Job terminated.
	(1) Normal termination (return value 0)
		Usr 0 20:28:38, Sys 0 00:00:47  -  Run Remote Usage
		Usr 0 00:00:00, Sys 0 00:00:00  -  Run Local Usage
		Usr 0 20:28:38, Sys 0 00:00:47  -  Total Remote Usage
		Usr 0 00:00:00, Sys 0 00:00:00  -  Total Local Usage
	34512  -  Run Bytes Sent By Job
	493  -  Run Bytes Received By Job
	34512  -  Total Bytes Sent By Job
	493  -  Total Bytes Received By Job
	Partitionable Resources :    Usage  Request Allocated 
	   Cpus                 :                 1           
	   Disk (KB)            :       47        1   2855628 
	   Memory (MB)          :      169     2000      2000 
...
