000 (3445799.010.000) 01/29 23:49:15 Job submitted from host: <188.185.71.142:9618?addrs=188.185.71.142-9618+[2001-1458-d00-7--100-388]-9618&alias=bigbird09.cern.ch&noUDP&sock=schedd_2208_1533_7>
...
040 (3445799.010.000) 01/30 04:11:39 Started transferring input files
	Transferring to host: <188.184.139.43:9618?addrs=188.184.139.43-9618+[2001-1458-301-45--100-13b]-9618&noUDP&sock=31437_f5d7_198927>
...
040 (3445799.010.000) 01/30 04:11:39 Finished transferring input files
...
001 (3445799.010.000) 01/30 04:11:40 Job executing on host: <188.184.139.43:9618?addrs=188.184.139.43-9618+[2001-1458-301-45--100-13b]-9618&noUDP&sock=5604_74d3_3>
...
006 (3445799.010.000) 01/30 04:11:49 Image size of job updated: 852
	1  -  MemoryUsage of job (MB)
	852  -  ResidentSetSize of job (KB)
...
006 (3445799.010.000) 01/30 04:21:51 Image size of job updated: 441716
	359  -  MemoryUsage of job (MB)
	366896  -  ResidentSetSize of job (KB)
...
006 (3445799.010.000) 01/30 05:36:58 Image size of job updated: 441724
	359  -  MemoryUsage of job (MB)
	366904  -  ResidentSetSize of job (KB)
...
006 (3445799.010.000) 01/30 05:41:59 Image size of job updated: 441728
	359  -  MemoryUsage of job (MB)
	366908  -  ResidentSetSize of job (KB)
...
006 (3445799.010.000) 01/30 08:47:19 Image size of job updated: 441756
	359  -  MemoryUsage of job (MB)
	366936  -  ResidentSetSize of job (KB)
...
006 (3445799.010.000) 01/30 09:32:24 Image size of job updated: 441756
	359  -  MemoryUsage of job (MB)
	366972  -  ResidentSetSize of job (KB)
...
006 (3445799.010.000) 01/30 09:37:24 Image size of job updated: 441764
	359  -  MemoryUsage of job (MB)
	367036  -  ResidentSetSize of job (KB)
...
006 (3445799.010.000) 01/30 09:42:24 Image size of job updated: 441868
	359  -  MemoryUsage of job (MB)
	367140  -  ResidentSetSize of job (KB)
...
006 (3445799.010.000) 01/30 10:07:26 Image size of job updated: 441908
	359  -  MemoryUsage of job (MB)
	367180  -  ResidentSetSize of job (KB)
...
006 (3445799.010.000) 01/30 10:12:26 Image size of job updated: 441992
	359  -  MemoryUsage of job (MB)
	367264  -  ResidentSetSize of job (KB)
...
006 (3445799.010.000) 01/30 10:17:27 Image size of job updated: 441996
	359  -  MemoryUsage of job (MB)
	367268  -  ResidentSetSize of job (KB)
...
006 (3445799.010.000) 01/30 10:22:27 Image size of job updated: 442128
	359  -  MemoryUsage of job (MB)
	367400  -  ResidentSetSize of job (KB)
...
006 (3445799.010.000) 01/30 10:27:27 Image size of job updated: 442128
	359  -  MemoryUsage of job (MB)
	367464  -  ResidentSetSize of job (KB)
...
006 (3445799.010.000) 01/30 10:32:29 Image size of job updated: 442128
	359  -  MemoryUsage of job (MB)
	367524  -  ResidentSetSize of job (KB)
...
006 (3445799.010.000) 01/30 10:37:29 Image size of job updated: 442128
	360  -  MemoryUsage of job (MB)
	367636  -  ResidentSetSize of job (KB)
...
006 (3445799.010.000) 01/30 10:42:29 Image size of job updated: 442128
	360  -  MemoryUsage of job (MB)
	367644  -  ResidentSetSize of job (KB)
...
006 (3445799.010.000) 01/30 10:47:30 Image size of job updated: 442128
	360  -  MemoryUsage of job (MB)
	367732  -  ResidentSetSize of job (KB)
...
006 (3445799.010.000) 01/30 10:52:31 Image size of job updated: 442128
	360  -  MemoryUsage of job (MB)
	367852  -  ResidentSetSize of job (KB)
...
006 (3445799.010.000) 01/30 10:57:31 Image size of job updated: 442128
	360  -  MemoryUsage of job (MB)
	367912  -  ResidentSetSize of job (KB)
...
006 (3445799.010.000) 01/30 11:02:32 Image size of job updated: 442128
	360  -  MemoryUsage of job (MB)
	367924  -  ResidentSetSize of job (KB)
...
006 (3445799.010.000) 01/30 11:07:33 Image size of job updated: 442128
	360  -  MemoryUsage of job (MB)
	367992  -  ResidentSetSize of job (KB)
...
006 (3445799.010.000) 01/30 11:12:33 Image size of job updated: 442128
	360  -  MemoryUsage of job (MB)
	368120  -  ResidentSetSize of job (KB)
...
006 (3445799.010.000) 01/30 11:17:34 Image size of job updated: 442128
	360  -  MemoryUsage of job (MB)
	368212  -  ResidentSetSize of job (KB)
...
006 (3445799.010.000) 01/30 11:22:35 Image size of job updated: 442224
	360  -  MemoryUsage of job (MB)
	368328  -  ResidentSetSize of job (KB)
...
006 (3445799.010.000) 01/30 11:27:35 Image size of job updated: 442288
	360  -  MemoryUsage of job (MB)
	368392  -  ResidentSetSize of job (KB)
...
006 (3445799.010.000) 01/30 11:32:35 Image size of job updated: 442380
	360  -  MemoryUsage of job (MB)
	368484  -  ResidentSetSize of job (KB)
...
006 (3445799.010.000) 01/30 11:37:36 Image size of job updated: 442528
	360  -  MemoryUsage of job (MB)
	368632  -  ResidentSetSize of job (KB)
...
006 (3445799.010.000) 01/30 11:42:36 Image size of job updated: 442656
	361  -  MemoryUsage of job (MB)
	368760  -  ResidentSetSize of job (KB)
...
006 (3445799.010.000) 01/30 11:47:36 Image size of job updated: 442700
	361  -  MemoryUsage of job (MB)
	368804  -  ResidentSetSize of job (KB)
...
006 (3445799.010.000) 01/30 11:52:38 Image size of job updated: 442728
	361  -  MemoryUsage of job (MB)
	368832  -  ResidentSetSize of job (KB)
...
006 (3445799.010.000) 01/30 11:57:38 Image size of job updated: 442764
	361  -  MemoryUsage of job (MB)
	368868  -  ResidentSetSize of job (KB)
...
006 (3445799.010.000) 01/30 12:02:38 Image size of job updated: 442912
	361  -  MemoryUsage of job (MB)
	369016  -  ResidentSetSize of job (KB)
...
006 (3445799.010.000) 01/30 12:07:39 Image size of job updated: 442928
	361  -  MemoryUsage of job (MB)
	369032  -  ResidentSetSize of job (KB)
...
006 (3445799.010.000) 01/30 12:12:40 Image size of job updated: 443052
	361  -  MemoryUsage of job (MB)
	369156  -  ResidentSetSize of job (KB)
...
006 (3445799.010.000) 01/30 12:17:40 Image size of job updated: 443152
	361  -  MemoryUsage of job (MB)
	369256  -  ResidentSetSize of job (KB)
...
006 (3445799.010.000) 01/30 12:22:41 Image size of job updated: 443192
	361  -  MemoryUsage of job (MB)
	369296  -  ResidentSetSize of job (KB)
...
006 (3445799.010.000) 01/30 12:27:41 Image size of job updated: 443352
	361  -  MemoryUsage of job (MB)
	369456  -  ResidentSetSize of job (KB)
...
006 (3445799.010.000) 01/30 12:32:41 Image size of job updated: 443448
	361  -  MemoryUsage of job (MB)
	369552  -  ResidentSetSize of job (KB)
...
006 (3445799.010.000) 01/30 12:37:43 Image size of job updated: 443504
	361  -  MemoryUsage of job (MB)
	369608  -  ResidentSetSize of job (KB)
...
006 (3445799.010.000) 01/30 12:42:43 Image size of job updated: 443524
	361  -  MemoryUsage of job (MB)
	369628  -  ResidentSetSize of job (KB)
...
006 (3445799.010.000) 01/30 12:47:43 Image size of job updated: 443660
	362  -  MemoryUsage of job (MB)
	369764  -  ResidentSetSize of job (KB)
...
006 (3445799.010.000) 01/30 12:52:44 Image size of job updated: 443708
	362  -  MemoryUsage of job (MB)
	369812  -  ResidentSetSize of job (KB)
...
006 (3445799.010.000) 01/30 12:57:45 Image size of job updated: 443796
	362  -  MemoryUsage of job (MB)
	369900  -  ResidentSetSize of job (KB)
...
006 (3445799.010.000) 01/30 13:02:45 Image size of job updated: 443868
	362  -  MemoryUsage of job (MB)
	369972  -  ResidentSetSize of job (KB)
...
006 (3445799.010.000) 01/30 13:07:46 Image size of job updated: 443976
	362  -  MemoryUsage of job (MB)
	370080  -  ResidentSetSize of job (KB)
...
006 (3445799.010.000) 01/30 13:12:47 Image size of job updated: 444104
	362  -  MemoryUsage of job (MB)
	370208  -  ResidentSetSize of job (KB)
...
006 (3445799.010.000) 01/30 13:17:47 Image size of job updated: 444136
	362  -  MemoryUsage of job (MB)
	370240  -  ResidentSetSize of job (KB)
...
006 (3445799.010.000) 01/30 13:22:48 Image size of job updated: 444220
	362  -  MemoryUsage of job (MB)
	370324  -  ResidentSetSize of job (KB)
...
006 (3445799.010.000) 01/30 13:27:49 Image size of job updated: 444220
	362  -  MemoryUsage of job (MB)
	370468  -  ResidentSetSize of job (KB)
...
006 (3445799.010.000) 01/30 13:32:49 Image size of job updated: 444220
	362  -  MemoryUsage of job (MB)
	370512  -  ResidentSetSize of job (KB)
...
006 (3445799.010.000) 01/30 13:37:49 Image size of job updated: 444220
	362  -  MemoryUsage of job (MB)
	370568  -  ResidentSetSize of job (KB)
...
006 (3445799.010.000) 01/30 13:42:50 Image size of job updated: 444220
	362  -  MemoryUsage of job (MB)
	370664  -  ResidentSetSize of job (KB)
...
006 (3445799.010.000) 01/30 13:47:50 Image size of job updated: 444220
	363  -  MemoryUsage of job (MB)
	370748  -  ResidentSetSize of job (KB)
...
006 (3445799.010.000) 01/30 13:52:50 Image size of job updated: 444220
	363  -  MemoryUsage of job (MB)
	371520  -  ResidentSetSize of job (KB)
...
006 (3445799.010.000) 01/30 13:57:51 Image size of job updated: 444220
	364  -  MemoryUsage of job (MB)
	372036  -  ResidentSetSize of job (KB)
...
006 (3445799.010.000) 01/30 14:02:51 Image size of job updated: 444220
	365  -  MemoryUsage of job (MB)
	373300  -  ResidentSetSize of job (KB)
...
006 (3445799.010.000) 01/30 14:07:51 Image size of job updated: 444220
	365  -  MemoryUsage of job (MB)
	373364  -  ResidentSetSize of job (KB)
...
006 (3445799.010.000) 01/30 14:12:52 Image size of job updated: 444220
	365  -  MemoryUsage of job (MB)
	373400  -  ResidentSetSize of job (KB)
...
006 (3445799.010.000) 01/30 14:17:52 Image size of job updated: 444220
	365  -  MemoryUsage of job (MB)
	373460  -  ResidentSetSize of job (KB)
...
006 (3445799.010.000) 01/30 14:27:54 Image size of job updated: 444220
	365  -  MemoryUsage of job (MB)
	373608  -  ResidentSetSize of job (KB)
...
006 (3445799.010.000) 01/30 14:32:54 Image size of job updated: 444220
	365  -  MemoryUsage of job (MB)
	373676  -  ResidentSetSize of job (KB)
...
006 (3445799.010.000) 01/30 14:37:54 Image size of job updated: 444220
	365  -  MemoryUsage of job (MB)
	373712  -  ResidentSetSize of job (KB)
...
006 (3445799.010.000) 01/30 14:42:56 Image size of job updated: 444220
	366  -  MemoryUsage of job (MB)
	373792  -  ResidentSetSize of job (KB)
...
006 (3445799.010.000) 01/30 14:47:56 Image size of job updated: 444220
	366  -  MemoryUsage of job (MB)
	373920  -  ResidentSetSize of job (KB)
...
006 (3445799.010.000) 01/30 14:52:56 Image size of job updated: 444220
	366  -  MemoryUsage of job (MB)
	373992  -  ResidentSetSize of job (KB)
...
006 (3445799.010.000) 01/30 14:57:57 Image size of job updated: 444220
	366  -  MemoryUsage of job (MB)
	374084  -  ResidentSetSize of job (KB)
...
006 (3445799.010.000) 01/30 15:02:58 Image size of job updated: 444220
	366  -  MemoryUsage of job (MB)
	374176  -  ResidentSetSize of job (KB)
...
006 (3445799.010.000) 01/30 15:07:58 Image size of job updated: 444220
	366  -  MemoryUsage of job (MB)
	374216  -  ResidentSetSize of job (KB)
...
006 (3445799.010.000) 01/30 15:12:59 Image size of job updated: 444220
	366  -  MemoryUsage of job (MB)
	374344  -  ResidentSetSize of job (KB)
...
006 (3445799.010.000) 01/30 15:18:00 Image size of job updated: 444220
	366  -  MemoryUsage of job (MB)
	374384  -  ResidentSetSize of job (KB)
...
006 (3445799.010.000) 01/30 15:23:00 Image size of job updated: 444220
	366  -  MemoryUsage of job (MB)
	374504  -  ResidentSetSize of job (KB)
...
006 (3445799.010.000) 01/30 15:28:01 Image size of job updated: 444220
	366  -  MemoryUsage of job (MB)
	374596  -  ResidentSetSize of job (KB)
...
006 (3445799.010.000) 01/30 15:33:02 Image size of job updated: 444220
	366  -  MemoryUsage of job (MB)
	374656  -  ResidentSetSize of job (KB)
...
006 (3445799.010.000) 01/30 15:38:02 Image size of job updated: 444220
	366  -  MemoryUsage of job (MB)
	374716  -  ResidentSetSize of job (KB)
...
006 (3445799.010.000) 01/30 15:43:03 Image size of job updated: 444220
	366  -  MemoryUsage of job (MB)
	374736  -  ResidentSetSize of job (KB)
...
006 (3445799.010.000) 01/30 15:48:04 Image size of job updated: 444220
	367  -  MemoryUsage of job (MB)
	374832  -  ResidentSetSize of job (KB)
...
006 (3445799.010.000) 01/30 15:53:04 Image size of job updated: 444220
	367  -  MemoryUsage of job (MB)
	374956  -  ResidentSetSize of job (KB)
...
006 (3445799.010.000) 01/30 15:58:05 Image size of job updated: 444220
	367  -  MemoryUsage of job (MB)
	375052  -  ResidentSetSize of job (KB)
...
006 (3445799.010.000) 01/30 16:03:06 Image size of job updated: 444220
	367  -  MemoryUsage of job (MB)
	375096  -  ResidentSetSize of job (KB)
...
006 (3445799.010.000) 01/30 16:08:06 Image size of job updated: 444220
	367  -  MemoryUsage of job (MB)
	375172  -  ResidentSetSize of job (KB)
...
006 (3445799.010.000) 01/30 16:13:06 Image size of job updated: 444220
	367  -  MemoryUsage of job (MB)
	375268  -  ResidentSetSize of job (KB)
...
006 (3445799.010.000) 01/30 16:18:07 Image size of job updated: 444220
	367  -  MemoryUsage of job (MB)
	375348  -  ResidentSetSize of job (KB)
...
006 (3445799.010.000) 01/30 16:23:07 Image size of job updated: 444220
	367  -  MemoryUsage of job (MB)
	375424  -  ResidentSetSize of job (KB)
...
006 (3445799.010.000) 01/30 16:28:07 Image size of job updated: 444220
	367  -  MemoryUsage of job (MB)
	375464  -  ResidentSetSize of job (KB)
...
006 (3445799.010.000) 01/30 16:33:08 Image size of job updated: 444220
	367  -  MemoryUsage of job (MB)
	375624  -  ResidentSetSize of job (KB)
...
006 (3445799.010.000) 01/30 16:43:08 Image size of job updated: 444220
	367  -  MemoryUsage of job (MB)
	375716  -  ResidentSetSize of job (KB)
...
006 (3445799.010.000) 01/30 16:48:10 Image size of job updated: 444220
	368  -  MemoryUsage of job (MB)
	375840  -  ResidentSetSize of job (KB)
...
006 (3445799.010.000) 01/30 16:53:10 Image size of job updated: 444220
	368  -  MemoryUsage of job (MB)
	375896  -  ResidentSetSize of job (KB)
...
006 (3445799.010.000) 01/30 16:58:10 Image size of job updated: 444220
	368  -  MemoryUsage of job (MB)
	375924  -  ResidentSetSize of job (KB)
...
006 (3445799.010.000) 01/30 17:03:11 Image size of job updated: 444220
	368  -  MemoryUsage of job (MB)
	376012  -  ResidentSetSize of job (KB)
...
006 (3445799.010.000) 01/30 17:08:12 Image size of job updated: 444220
	368  -  MemoryUsage of job (MB)
	376080  -  ResidentSetSize of job (KB)
...
006 (3445799.010.000) 01/30 17:13:12 Image size of job updated: 444220
	368  -  MemoryUsage of job (MB)
	376108  -  ResidentSetSize of job (KB)
...
006 (3445799.010.000) 01/30 17:18:13 Image size of job updated: 444220
	368  -  MemoryUsage of job (MB)
	376272  -  ResidentSetSize of job (KB)
...
006 (3445799.010.000) 01/30 17:23:14 Image size of job updated: 444220
	368  -  MemoryUsage of job (MB)
	376396  -  ResidentSetSize of job (KB)
...
006 (3445799.010.000) 01/30 17:28:15 Image size of job updated: 444220
	368  -  MemoryUsage of job (MB)
	376408  -  ResidentSetSize of job (KB)
...
006 (3445799.010.000) 01/30 17:33:16 Image size of job updated: 444220
	368  -  MemoryUsage of job (MB)
	376468  -  ResidentSetSize of job (KB)
...
006 (3445799.010.000) 01/30 17:38:16 Image size of job updated: 444220
	368  -  MemoryUsage of job (MB)
	376604  -  ResidentSetSize of job (KB)
...
006 (3445799.010.000) 01/30 17:43:16 Image size of job updated: 444220
	368  -  MemoryUsage of job (MB)
	376696  -  ResidentSetSize of job (KB)
...
006 (3445799.010.000) 01/30 17:48:17 Image size of job updated: 444220
	368  -  MemoryUsage of job (MB)
	376724  -  ResidentSetSize of job (KB)
...
006 (3445799.010.000) 01/30 17:53:17 Image size of job updated: 444220
	368  -  MemoryUsage of job (MB)
	376828  -  ResidentSetSize of job (KB)
...
006 (3445799.010.000) 01/30 17:58:17 Image size of job updated: 444220
	369  -  MemoryUsage of job (MB)
	376840  -  ResidentSetSize of job (KB)
...
006 (3445799.010.000) 01/30 18:03:18 Image size of job updated: 444220
	369  -  MemoryUsage of job (MB)
	377008  -  ResidentSetSize of job (KB)
...
006 (3445799.010.000) 01/30 18:08:18 Image size of job updated: 444220
	369  -  MemoryUsage of job (MB)
	377100  -  ResidentSetSize of job (KB)
...
006 (3445799.010.000) 01/30 18:13:18 Image size of job updated: 444220
	369  -  MemoryUsage of job (MB)
	377140  -  ResidentSetSize of job (KB)
...
006 (3445799.010.000) 01/30 18:18:19 Image size of job updated: 444220
	369  -  MemoryUsage of job (MB)
	377232  -  ResidentSetSize of job (KB)
...
006 (3445799.010.000) 01/30 18:23:19 Image size of job updated: 444220
	369  -  MemoryUsage of job (MB)
	377416  -  ResidentSetSize of job (KB)
...
006 (3445799.010.000) 01/30 18:28:19 Image size of job updated: 444220
	369  -  MemoryUsage of job (MB)
	377460  -  ResidentSetSize of job (KB)
...
006 (3445799.010.000) 01/30 18:33:20 Image size of job updated: 444220
	369  -  MemoryUsage of job (MB)
	377476  -  ResidentSetSize of job (KB)
...
006 (3445799.010.000) 01/30 18:38:21 Image size of job updated: 444220
	369  -  MemoryUsage of job (MB)
	377484  -  ResidentSetSize of job (KB)
...
006 (3445799.010.000) 01/30 19:13:12 Image size of job updated: 444220
	369  -  MemoryUsage of job (MB)
	377536  -  ResidentSetSize of job (KB)
...
006 (3445799.010.000) 01/30 19:27:36 Image size of job updated: 444220
	369  -  MemoryUsage of job (MB)
	377652  -  ResidentSetSize of job (KB)
...
006 (3445799.010.000) 01/30 19:39:08 Image size of job updated: 444220
	370  -  MemoryUsage of job (MB)
	377860  -  ResidentSetSize of job (KB)
...
006 (3445799.010.000) 01/30 19:51:04 Image size of job updated: 444220
	370  -  MemoryUsage of job (MB)
	377888  -  ResidentSetSize of job (KB)
...
006 (3445799.010.000) 01/30 19:56:04 Image size of job updated: 444220
	370  -  MemoryUsage of job (MB)
	377916  -  ResidentSetSize of job (KB)
...
006 (3445799.010.000) 01/30 20:06:06 Image size of job updated: 444220
	370  -  MemoryUsage of job (MB)
	377940  -  ResidentSetSize of job (KB)
...
006 (3445799.010.000) 01/30 20:42:13 Image size of job updated: 444220
	370  -  MemoryUsage of job (MB)
	377984  -  ResidentSetSize of job (KB)
...
006 (3445799.010.000) 01/30 21:12:51 Image size of job updated: 444220
	370  -  MemoryUsage of job (MB)
	377988  -  ResidentSetSize of job (KB)
...
006 (3445799.010.000) 01/30 21:27:42 Image size of job updated: 444220
	370  -  MemoryUsage of job (MB)
	377992  -  ResidentSetSize of job (KB)
...
006 (3445799.010.000) 01/30 21:32:43 Image size of job updated: 444220
	370  -  MemoryUsage of job (MB)
	378008  -  ResidentSetSize of job (KB)
...
006 (3445799.010.000) 01/30 21:52:46 Image size of job updated: 444220
	370  -  MemoryUsage of job (MB)
	378020  -  ResidentSetSize of job (KB)
...
006 (3445799.010.000) 01/30 21:57:46 Image size of job updated: 444220
	370  -  MemoryUsage of job (MB)
	378044  -  ResidentSetSize of job (KB)
...
006 (3445799.010.000) 01/30 22:07:48 Image size of job updated: 444220
	370  -  MemoryUsage of job (MB)
	378056  -  ResidentSetSize of job (KB)
...
006 (3445799.010.000) 01/30 22:12:48 Image size of job updated: 444220
	370  -  MemoryUsage of job (MB)
	378092  -  ResidentSetSize of job (KB)
...
006 (3445799.010.000) 01/30 22:17:49 Image size of job updated: 444220
	370  -  MemoryUsage of job (MB)
	378116  -  ResidentSetSize of job (KB)
...
006 (3445799.010.000) 01/30 22:27:50 Image size of job updated: 444220
	370  -  MemoryUsage of job (MB)
	378132  -  ResidentSetSize of job (KB)
...
006 (3445799.010.000) 01/30 22:32:50 Image size of job updated: 444220
	370  -  MemoryUsage of job (MB)
	378148  -  ResidentSetSize of job (KB)
...
006 (3445799.010.000) 01/30 23:07:54 Image size of job updated: 444220
	370  -  MemoryUsage of job (MB)
	378164  -  ResidentSetSize of job (KB)
...
006 (3445799.010.000) 01/30 23:12:55 Image size of job updated: 444220
	370  -  MemoryUsage of job (MB)
	378168  -  ResidentSetSize of job (KB)
...
006 (3445799.010.000) 01/30 23:17:55 Image size of job updated: 444220
	370  -  MemoryUsage of job (MB)
	378176  -  ResidentSetSize of job (KB)
...
006 (3445799.010.000) 01/30 23:27:56 Image size of job updated: 444220
	370  -  MemoryUsage of job (MB)
	378192  -  ResidentSetSize of job (KB)
...
006 (3445799.010.000) 01/30 23:32:57 Image size of job updated: 444220
	370  -  MemoryUsage of job (MB)
	378200  -  ResidentSetSize of job (KB)
...
006 (3445799.010.000) 01/30 23:37:57 Image size of job updated: 444220
	370  -  MemoryUsage of job (MB)
	378212  -  ResidentSetSize of job (KB)
...
006 (3445799.010.000) 01/30 23:42:58 Image size of job updated: 444220
	370  -  MemoryUsage of job (MB)
	378228  -  ResidentSetSize of job (KB)
...
006 (3445799.010.000) 01/30 23:57:59 Image size of job updated: 444220
	370  -  MemoryUsage of job (MB)
	378248  -  ResidentSetSize of job (KB)
...
006 (3445799.010.000) 01/31 00:03:00 Image size of job updated: 444220
	370  -  MemoryUsage of job (MB)
	378284  -  ResidentSetSize of job (KB)
...
006 (3445799.010.000) 01/31 00:08:00 Image size of job updated: 444220
	370  -  MemoryUsage of job (MB)
	378296  -  ResidentSetSize of job (KB)
...
006 (3445799.010.000) 01/31 00:13:00 Image size of job updated: 444220
	370  -  MemoryUsage of job (MB)
	378312  -  ResidentSetSize of job (KB)
...
006 (3445799.010.000) 01/31 00:18:01 Image size of job updated: 444220
	370  -  MemoryUsage of job (MB)
	378324  -  ResidentSetSize of job (KB)
...
006 (3445799.010.000) 01/31 00:28:01 Image size of job updated: 444220
	370  -  MemoryUsage of job (MB)
	378336  -  ResidentSetSize of job (KB)
...
006 (3445799.010.000) 01/31 00:33:02 Image size of job updated: 444220
	370  -  MemoryUsage of job (MB)
	378348  -  ResidentSetSize of job (KB)
...
006 (3445799.010.000) 01/31 00:38:03 Image size of job updated: 444220
	370  -  MemoryUsage of job (MB)
	378356  -  ResidentSetSize of job (KB)
...
006 (3445799.010.000) 01/31 00:48:04 Image size of job updated: 444220
	370  -  MemoryUsage of job (MB)
	378440  -  ResidentSetSize of job (KB)
...
006 (3445799.010.000) 01/31 01:03:05 Image size of job updated: 444220
	370  -  MemoryUsage of job (MB)
	378452  -  ResidentSetSize of job (KB)
...
006 (3445799.010.000) 01/31 01:13:06 Image size of job updated: 444220
	370  -  MemoryUsage of job (MB)
	378516  -  ResidentSetSize of job (KB)
...
006 (3445799.010.000) 01/31 01:23:07 Image size of job updated: 444220
	370  -  MemoryUsage of job (MB)
	378520  -  ResidentSetSize of job (KB)
...
006 (3445799.010.000) 01/31 01:33:08 Image size of job updated: 444220
	370  -  MemoryUsage of job (MB)
	378552  -  ResidentSetSize of job (KB)
...
006 (3445799.010.000) 01/31 01:38:08 Image size of job updated: 444220
	370  -  MemoryUsage of job (MB)
	378588  -  ResidentSetSize of job (KB)
...
006 (3445799.010.000) 01/31 01:43:10 Image size of job updated: 444220
	370  -  MemoryUsage of job (MB)
	378660  -  ResidentSetSize of job (KB)
...
006 (3445799.010.000) 01/31 01:48:10 Image size of job updated: 444220
	370  -  MemoryUsage of job (MB)
	378720  -  ResidentSetSize of job (KB)
...
006 (3445799.010.000) 01/31 01:53:10 Image size of job updated: 444220
	370  -  MemoryUsage of job (MB)
	378736  -  ResidentSetSize of job (KB)
...
006 (3445799.010.000) 01/31 01:58:11 Image size of job updated: 444220
	370  -  MemoryUsage of job (MB)
	378772  -  ResidentSetSize of job (KB)
...
006 (3445799.010.000) 01/31 02:03:12 Image size of job updated: 444220
	370  -  MemoryUsage of job (MB)
	378800  -  ResidentSetSize of job (KB)
...
006 (3445799.010.000) 01/31 02:08:12 Image size of job updated: 444220
	370  -  MemoryUsage of job (MB)
	378836  -  ResidentSetSize of job (KB)
...
006 (3445799.010.000) 01/31 02:13:12 Image size of job updated: 444220
	370  -  MemoryUsage of job (MB)
	378880  -  ResidentSetSize of job (KB)
...
006 (3445799.010.000) 01/31 02:18:13 Image size of job updated: 444220
	371  -  MemoryUsage of job (MB)
	378896  -  ResidentSetSize of job (KB)
...
006 (3445799.010.000) 01/31 02:23:13 Image size of job updated: 444220
	371  -  MemoryUsage of job (MB)
	378936  -  ResidentSetSize of job (KB)
...
006 (3445799.010.000) 01/31 02:28:13 Image size of job updated: 444220
	371  -  MemoryUsage of job (MB)
	378952  -  ResidentSetSize of job (KB)
...
006 (3445799.010.000) 01/31 02:33:13 Image size of job updated: 444220
	371  -  MemoryUsage of job (MB)
	379004  -  ResidentSetSize of job (KB)
...
006 (3445799.010.000) 01/31 02:43:14 Image size of job updated: 444220
	371  -  MemoryUsage of job (MB)
	379012  -  ResidentSetSize of job (KB)
...
006 (3445799.010.000) 01/31 02:48:14 Image size of job updated: 444220
	371  -  MemoryUsage of job (MB)
	379032  -  ResidentSetSize of job (KB)
...
006 (3445799.010.000) 01/31 02:53:15 Image size of job updated: 444220
	371  -  MemoryUsage of job (MB)
	379052  -  ResidentSetSize of job (KB)
...
006 (3445799.010.000) 01/31 02:58:16 Image size of job updated: 444220
	371  -  MemoryUsage of job (MB)
	379064  -  ResidentSetSize of job (KB)
...
006 (3445799.010.000) 01/31 03:03:16 Image size of job updated: 444220
	371  -  MemoryUsage of job (MB)
	379080  -  ResidentSetSize of job (KB)
...
006 (3445799.010.000) 01/31 03:18:18 Image size of job updated: 444220
	371  -  MemoryUsage of job (MB)
	379112  -  ResidentSetSize of job (KB)
...
006 (3445799.010.000) 01/31 03:23:18 Image size of job updated: 444220
	371  -  MemoryUsage of job (MB)
	379140  -  ResidentSetSize of job (KB)
...
006 (3445799.010.000) 01/31 03:33:20 Image size of job updated: 444220
	371  -  MemoryUsage of job (MB)
	379148  -  ResidentSetSize of job (KB)
...
006 (3445799.010.000) 01/31 03:38:20 Image size of job updated: 444220
	371  -  MemoryUsage of job (MB)
	379184  -  ResidentSetSize of job (KB)
...
006 (3445799.010.000) 01/31 03:48:21 Image size of job updated: 444220
	371  -  MemoryUsage of job (MB)
	379204  -  ResidentSetSize of job (KB)
...
006 (3445799.010.000) 01/31 03:53:22 Image size of job updated: 444220
	371  -  MemoryUsage of job (MB)
	379212  -  ResidentSetSize of job (KB)
...
006 (3445799.010.000) 01/31 03:58:22 Image size of job updated: 444220
	371  -  MemoryUsage of job (MB)
	379228  -  ResidentSetSize of job (KB)
...
006 (3445799.010.000) 01/31 04:03:23 Image size of job updated: 444220
	371  -  MemoryUsage of job (MB)
	379236  -  ResidentSetSize of job (KB)
...
006 (3445799.010.000) 01/31 04:08:24 Image size of job updated: 444220
	371  -  MemoryUsage of job (MB)
	379260  -  ResidentSetSize of job (KB)
...
006 (3445799.010.000) 01/31 04:18:24 Image size of job updated: 444220
	371  -  MemoryUsage of job (MB)
	379284  -  ResidentSetSize of job (KB)
...
006 (3445799.010.000) 01/31 04:23:25 Image size of job updated: 444220
	371  -  MemoryUsage of job (MB)
	379292  -  ResidentSetSize of job (KB)
...
006 (3445799.010.000) 01/31 04:28:25 Image size of job updated: 444220
	371  -  MemoryUsage of job (MB)
	379332  -  ResidentSetSize of job (KB)
...
006 (3445799.010.000) 01/31 04:33:25 Image size of job updated: 444220
	371  -  MemoryUsage of job (MB)
	379344  -  ResidentSetSize of job (KB)
...
006 (3445799.010.000) 01/31 04:38:26 Image size of job updated: 444220
	371  -  MemoryUsage of job (MB)
	379356  -  ResidentSetSize of job (KB)
...
006 (3445799.010.000) 01/31 04:43:27 Image size of job updated: 444220
	371  -  MemoryUsage of job (MB)
	379360  -  ResidentSetSize of job (KB)
...
006 (3445799.010.000) 01/31 04:48:27 Image size of job updated: 444220
	371  -  MemoryUsage of job (MB)
	379392  -  ResidentSetSize of job (KB)
...
006 (3445799.010.000) 01/31 04:53:27 Image size of job updated: 444220
	371  -  MemoryUsage of job (MB)
	379436  -  ResidentSetSize of job (KB)
...
006 (3445799.010.000) 01/31 04:58:28 Image size of job updated: 444220
	371  -  MemoryUsage of job (MB)
	379440  -  ResidentSetSize of job (KB)
...
006 (3445799.010.000) 01/31 05:03:28 Image size of job updated: 444220
	371  -  MemoryUsage of job (MB)
	379464  -  ResidentSetSize of job (KB)
...
006 (3445799.010.000) 01/31 05:08:28 Image size of job updated: 444220
	371  -  MemoryUsage of job (MB)
	379468  -  ResidentSetSize of job (KB)
...
006 (3445799.010.000) 01/31 05:13:29 Image size of job updated: 444220
	371  -  MemoryUsage of job (MB)
	379512  -  ResidentSetSize of job (KB)
...
006 (3445799.010.000) 01/31 05:23:30 Image size of job updated: 444220
	371  -  MemoryUsage of job (MB)
	379536  -  ResidentSetSize of job (KB)
...
006 (3445799.010.000) 01/31 05:28:30 Image size of job updated: 444220
	371  -  MemoryUsage of job (MB)
	379552  -  ResidentSetSize of job (KB)
...
006 (3445799.010.000) 01/31 05:33:31 Image size of job updated: 444220
	371  -  MemoryUsage of job (MB)
	379560  -  ResidentSetSize of job (KB)
...
006 (3445799.010.000) 01/31 05:38:32 Image size of job updated: 444220
	371  -  MemoryUsage of job (MB)
	379572  -  ResidentSetSize of job (KB)
...
006 (3445799.010.000) 01/31 05:43:32 Image size of job updated: 444220
	371  -  MemoryUsage of job (MB)
	379596  -  ResidentSetSize of job (KB)
...
006 (3445799.010.000) 01/31 05:48:32 Image size of job updated: 444220
	371  -  MemoryUsage of job (MB)
	379624  -  ResidentSetSize of job (KB)
...
006 (3445799.010.000) 01/31 05:53:33 Image size of job updated: 444220
	371  -  MemoryUsage of job (MB)
	379656  -  ResidentSetSize of job (KB)
...
006 (3445799.010.000) 01/31 06:03:33 Image size of job updated: 444220
	371  -  MemoryUsage of job (MB)
	379664  -  ResidentSetSize of job (KB)
...
006 (3445799.010.000) 01/31 06:08:33 Image size of job updated: 444220
	371  -  MemoryUsage of job (MB)
	379684  -  ResidentSetSize of job (KB)
...
006 (3445799.010.000) 01/31 06:13:34 Image size of job updated: 444220
	371  -  MemoryUsage of job (MB)
	379692  -  ResidentSetSize of job (KB)
...
006 (3445799.010.000) 01/31 06:18:35 Image size of job updated: 444220
	371  -  MemoryUsage of job (MB)
	379716  -  ResidentSetSize of job (KB)
...
006 (3445799.010.000) 01/31 06:23:35 Image size of job updated: 444220
	371  -  MemoryUsage of job (MB)
	379748  -  ResidentSetSize of job (KB)
...
006 (3445799.010.000) 01/31 06:33:37 Image size of job updated: 444220
	371  -  MemoryUsage of job (MB)
	379756  -  ResidentSetSize of job (KB)
...
006 (3445799.010.000) 01/31 06:43:38 Image size of job updated: 444220
	371  -  MemoryUsage of job (MB)
	379772  -  ResidentSetSize of job (KB)
...
006 (3445799.010.000) 01/31 06:48:39 Image size of job updated: 444220
	371  -  MemoryUsage of job (MB)
	379808  -  ResidentSetSize of job (KB)
...
006 (3445799.010.000) 01/31 06:53:40 Image size of job updated: 444220
	371  -  MemoryUsage of job (MB)
	379816  -  ResidentSetSize of job (KB)
...
006 (3445799.010.000) 01/31 06:58:41 Image size of job updated: 444220
	371  -  MemoryUsage of job (MB)
	379820  -  ResidentSetSize of job (KB)
...
006 (3445799.010.000) 01/31 07:03:41 Image size of job updated: 444220
	371  -  MemoryUsage of job (MB)
	379836  -  ResidentSetSize of job (KB)
...
006 (3445799.010.000) 01/31 07:08:42 Image size of job updated: 444220
	371  -  MemoryUsage of job (MB)
	379864  -  ResidentSetSize of job (KB)
...
006 (3445799.010.000) 01/31 07:13:43 Image size of job updated: 444220
	371  -  MemoryUsage of job (MB)
	379892  -  ResidentSetSize of job (KB)
...
006 (3445799.010.000) 01/31 07:18:43 Image size of job updated: 444220
	372  -  MemoryUsage of job (MB)
	379920  -  ResidentSetSize of job (KB)
...
006 (3445799.010.000) 01/31 07:23:43 Image size of job updated: 444220
	372  -  MemoryUsage of job (MB)
	379936  -  ResidentSetSize of job (KB)
...
006 (3445799.010.000) 01/31 07:28:44 Image size of job updated: 444220
	372  -  MemoryUsage of job (MB)
	379952  -  ResidentSetSize of job (KB)
...
006 (3445799.010.000) 01/31 07:33:45 Image size of job updated: 444220
	372  -  MemoryUsage of job (MB)
	379956  -  ResidentSetSize of job (KB)
...
006 (3445799.010.000) 01/31 07:38:45 Image size of job updated: 444220
	372  -  MemoryUsage of job (MB)
	379988  -  ResidentSetSize of job (KB)
...
006 (3445799.010.000) 01/31 07:43:45 Image size of job updated: 444220
	372  -  MemoryUsage of job (MB)
	379996  -  ResidentSetSize of job (KB)
...
006 (3445799.010.000) 01/31 07:48:46 Image size of job updated: 444220
	372  -  MemoryUsage of job (MB)
	380032  -  ResidentSetSize of job (KB)
...
006 (3445799.010.000) 01/31 07:53:47 Image size of job updated: 444220
	372  -  MemoryUsage of job (MB)
	380040  -  ResidentSetSize of job (KB)
...
006 (3445799.010.000) 01/31 07:58:47 Image size of job updated: 444220
	372  -  MemoryUsage of job (MB)
	380072  -  ResidentSetSize of job (KB)
...
006 (3445799.010.000) 01/31 08:03:47 Image size of job updated: 444220
	372  -  MemoryUsage of job (MB)
	380076  -  ResidentSetSize of job (KB)
...
006 (3445799.010.000) 01/31 08:08:48 Image size of job updated: 444220
	372  -  MemoryUsage of job (MB)
	380116  -  ResidentSetSize of job (KB)
...
006 (3445799.010.000) 01/31 08:13:49 Image size of job updated: 444220
	372  -  MemoryUsage of job (MB)
	380188  -  ResidentSetSize of job (KB)
...
006 (3445799.010.000) 01/31 08:18:49 Image size of job updated: 444220
	372  -  MemoryUsage of job (MB)
	380220  -  ResidentSetSize of job (KB)
...
006 (3445799.010.000) 01/31 08:23:49 Image size of job updated: 444220
	372  -  MemoryUsage of job (MB)
	380228  -  ResidentSetSize of job (KB)
...
006 (3445799.010.000) 01/31 08:33:51 Image size of job updated: 444220
	372  -  MemoryUsage of job (MB)
	380252  -  ResidentSetSize of job (KB)
...
006 (3445799.010.000) 01/31 08:43:52 Image size of job updated: 444220
	372  -  MemoryUsage of job (MB)
	380256  -  ResidentSetSize of job (KB)
...
006 (3445799.010.000) 01/31 08:48:53 Image size of job updated: 444220
	372  -  MemoryUsage of job (MB)
	380268  -  ResidentSetSize of job (KB)
...
006 (3445799.010.000) 01/31 08:53:53 Image size of job updated: 444220
	372  -  MemoryUsage of job (MB)
	380284  -  ResidentSetSize of job (KB)
...
006 (3445799.010.000) 01/31 08:58:53 Image size of job updated: 444220
	372  -  MemoryUsage of job (MB)
	380288  -  ResidentSetSize of job (KB)
...
006 (3445799.010.000) 01/31 09:03:54 Image size of job updated: 444220
	372  -  MemoryUsage of job (MB)
	380316  -  ResidentSetSize of job (KB)
...
006 (3445799.010.000) 01/31 09:08:54 Image size of job updated: 444220
	372  -  MemoryUsage of job (MB)
	380328  -  ResidentSetSize of job (KB)
...
006 (3445799.010.000) 01/31 09:13:54 Image size of job updated: 444220
	372  -  MemoryUsage of job (MB)
	380340  -  ResidentSetSize of job (KB)
...
006 (3445799.010.000) 01/31 09:18:55 Image size of job updated: 444220
	372  -  MemoryUsage of job (MB)
	380404  -  ResidentSetSize of job (KB)
...
006 (3445799.010.000) 01/31 09:23:56 Image size of job updated: 444220
	372  -  MemoryUsage of job (MB)
	380432  -  ResidentSetSize of job (KB)
...
006 (3445799.010.000) 01/31 09:28:56 Image size of job updated: 444220
	372  -  MemoryUsage of job (MB)
	380496  -  ResidentSetSize of job (KB)
...
006 (3445799.010.000) 01/31 09:33:57 Image size of job updated: 444220
	372  -  MemoryUsage of job (MB)
	380512  -  ResidentSetSize of job (KB)
...
006 (3445799.010.000) 01/31 09:43:58 Image size of job updated: 444220
	372  -  MemoryUsage of job (MB)
	380528  -  ResidentSetSize of job (KB)
...
006 (3445799.010.000) 01/31 09:48:58 Image size of job updated: 444220
	372  -  MemoryUsage of job (MB)
	380560  -  ResidentSetSize of job (KB)
...
006 (3445799.010.000) 01/31 09:53:59 Image size of job updated: 444220
	372  -  MemoryUsage of job (MB)
	380572  -  ResidentSetSize of job (KB)
...
006 (3445799.010.000) 01/31 10:03:59 Image size of job updated: 444220
	372  -  MemoryUsage of job (MB)
	380576  -  ResidentSetSize of job (KB)
...
006 (3445799.010.000) 01/31 10:09:00 Image size of job updated: 444220
	372  -  MemoryUsage of job (MB)
	380592  -  ResidentSetSize of job (KB)
...
006 (3445799.010.000) 01/31 10:14:01 Image size of job updated: 444220
	372  -  MemoryUsage of job (MB)
	380608  -  ResidentSetSize of job (KB)
...
006 (3445799.010.000) 01/31 10:19:01 Image size of job updated: 444220
	372  -  MemoryUsage of job (MB)
	380624  -  ResidentSetSize of job (KB)
...
006 (3445799.010.000) 01/31 10:29:02 Image size of job updated: 444220
	372  -  MemoryUsage of job (MB)
	380636  -  ResidentSetSize of job (KB)
...
006 (3445799.010.000) 01/31 10:34:02 Image size of job updated: 444220
	372  -  MemoryUsage of job (MB)
	380656  -  ResidentSetSize of job (KB)
...
006 (3445799.010.000) 01/31 10:39:02 Image size of job updated: 444220
	372  -  MemoryUsage of job (MB)
	380684  -  ResidentSetSize of job (KB)
...
006 (3445799.010.000) 01/31 10:49:04 Image size of job updated: 444220
	372  -  MemoryUsage of job (MB)
	380704  -  ResidentSetSize of job (KB)
...
006 (3445799.010.000) 01/31 10:54:04 Image size of job updated: 444220
	372  -  MemoryUsage of job (MB)
	380724  -  ResidentSetSize of job (KB)
...
006 (3445799.010.000) 01/31 10:59:05 Image size of job updated: 444220
	372  -  MemoryUsage of job (MB)
	380736  -  ResidentSetSize of job (KB)
...
006 (3445799.010.000) 01/31 11:04:06 Image size of job updated: 444220
	372  -  MemoryUsage of job (MB)
	380752  -  ResidentSetSize of job (KB)
...
006 (3445799.010.000) 01/31 11:14:06 Image size of job updated: 444220
	372  -  MemoryUsage of job (MB)
	380784  -  ResidentSetSize of job (KB)
...
006 (3445799.010.000) 01/31 11:24:07 Image size of job updated: 444220
	372  -  MemoryUsage of job (MB)
	380824  -  ResidentSetSize of job (KB)
...
006 (3445799.010.000) 01/31 11:29:07 Image size of job updated: 444220
	372  -  MemoryUsage of job (MB)
	380832  -  ResidentSetSize of job (KB)
...
006 (3445799.010.000) 01/31 11:34:08 Image size of job updated: 444220
	372  -  MemoryUsage of job (MB)
	380844  -  ResidentSetSize of job (KB)
...
006 (3445799.010.000) 01/31 11:39:09 Image size of job updated: 444220
	372  -  MemoryUsage of job (MB)
	380868  -  ResidentSetSize of job (KB)
...
006 (3445799.010.000) 01/31 11:44:09 Image size of job updated: 444220
	372  -  MemoryUsage of job (MB)
	380872  -  ResidentSetSize of job (KB)
...
006 (3445799.010.000) 01/31 11:49:10 Image size of job updated: 444220
	372  -  MemoryUsage of job (MB)
	380904  -  ResidentSetSize of job (KB)
...
006 (3445799.010.000) 01/31 11:54:11 Image size of job updated: 444220
	372  -  MemoryUsage of job (MB)
	380912  -  ResidentSetSize of job (KB)
...
006 (3445799.010.000) 01/31 11:59:11 Image size of job updated: 444220
	372  -  MemoryUsage of job (MB)
	380928  -  ResidentSetSize of job (KB)
...
006 (3445799.010.000) 01/31 12:04:12 Image size of job updated: 444220
	373  -  MemoryUsage of job (MB)
	380936  -  ResidentSetSize of job (KB)
...
006 (3445799.010.000) 01/31 12:09:13 Image size of job updated: 444220
	373  -  MemoryUsage of job (MB)
	380992  -  ResidentSetSize of job (KB)
...
006 (3445799.010.000) 01/31 12:14:13 Image size of job updated: 444220
	373  -  MemoryUsage of job (MB)
	381012  -  ResidentSetSize of job (KB)
...
006 (3445799.010.000) 01/31 12:34:14 Image size of job updated: 444220
	373  -  MemoryUsage of job (MB)
	381024  -  ResidentSetSize of job (KB)
...
006 (3445799.010.000) 01/31 12:44:15 Image size of job updated: 444220
	373  -  MemoryUsage of job (MB)
	381036  -  ResidentSetSize of job (KB)
...
006 (3445799.010.000) 01/31 12:54:16 Image size of job updated: 444220
	373  -  MemoryUsage of job (MB)
	381060  -  ResidentSetSize of job (KB)
...
006 (3445799.010.000) 01/31 12:59:16 Image size of job updated: 444220
	373  -  MemoryUsage of job (MB)
	381072  -  ResidentSetSize of job (KB)
...
006 (3445799.010.000) 01/31 13:04:16 Image size of job updated: 444220
	373  -  MemoryUsage of job (MB)
	381084  -  ResidentSetSize of job (KB)
...
006 (3445799.010.000) 01/31 13:09:17 Image size of job updated: 444220
	373  -  MemoryUsage of job (MB)
	381112  -  ResidentSetSize of job (KB)
...
006 (3445799.010.000) 01/31 13:14:18 Image size of job updated: 444220
	373  -  MemoryUsage of job (MB)
	381124  -  ResidentSetSize of job (KB)
...
006 (3445799.010.000) 01/31 13:19:18 Image size of job updated: 444220
	373  -  MemoryUsage of job (MB)
	381128  -  ResidentSetSize of job (KB)
...
006 (3445799.010.000) 01/31 13:24:19 Image size of job updated: 444220
	373  -  MemoryUsage of job (MB)
	381136  -  ResidentSetSize of job (KB)
...
006 (3445799.010.000) 01/31 13:29:20 Image size of job updated: 444220
	373  -  MemoryUsage of job (MB)
	381144  -  ResidentSetSize of job (KB)
...
006 (3445799.010.000) 01/31 13:34:20 Image size of job updated: 444220
	373  -  MemoryUsage of job (MB)
	381160  -  ResidentSetSize of job (KB)
...
006 (3445799.010.000) 01/31 13:39:21 Image size of job updated: 444220
	373  -  MemoryUsage of job (MB)
	381204  -  ResidentSetSize of job (KB)
...
006 (3445799.010.000) 01/31 13:44:22 Image size of job updated: 444220
	373  -  MemoryUsage of job (MB)
	381216  -  ResidentSetSize of job (KB)
...
006 (3445799.010.000) 01/31 13:59:24 Image size of job updated: 444220
	373  -  MemoryUsage of job (MB)
	381224  -  ResidentSetSize of job (KB)
...
006 (3445799.010.000) 01/31 14:04:24 Image size of job updated: 444220
	373  -  MemoryUsage of job (MB)
	381260  -  ResidentSetSize of job (KB)
...
006 (3445799.010.000) 01/31 14:09:24 Image size of job updated: 444220
	373  -  MemoryUsage of job (MB)
	381276  -  ResidentSetSize of job (KB)
...
006 (3445799.010.000) 01/31 14:19:25 Image size of job updated: 444220
	373  -  MemoryUsage of job (MB)
	381300  -  ResidentSetSize of job (KB)
...
006 (3445799.010.000) 01/31 14:24:25 Image size of job updated: 444220
	373  -  MemoryUsage of job (MB)
	381304  -  ResidentSetSize of job (KB)
...
006 (3445799.010.000) 01/31 14:29:26 Image size of job updated: 444220
	373  -  MemoryUsage of job (MB)
	381316  -  ResidentSetSize of job (KB)
...
006 (3445799.010.000) 01/31 14:34:26 Image size of job updated: 444220
	373  -  MemoryUsage of job (MB)
	381336  -  ResidentSetSize of job (KB)
...
006 (3445799.010.000) 01/31 14:39:26 Image size of job updated: 444220
	373  -  MemoryUsage of job (MB)
	381340  -  ResidentSetSize of job (KB)
...
006 (3445799.010.000) 01/31 14:44:27 Image size of job updated: 444220
	373  -  MemoryUsage of job (MB)
	381380  -  ResidentSetSize of job (KB)
...
006 (3445799.010.000) 01/31 14:54:28 Image size of job updated: 444220
	373  -  MemoryUsage of job (MB)
	381404  -  ResidentSetSize of job (KB)
...
006 (3445799.010.000) 01/31 14:59:29 Image size of job updated: 444220
	373  -  MemoryUsage of job (MB)
	381412  -  ResidentSetSize of job (KB)
...
006 (3445799.010.000) 01/31 15:04:30 Image size of job updated: 444220
	373  -  MemoryUsage of job (MB)
	381440  -  ResidentSetSize of job (KB)
...
006 (3445799.010.000) 01/31 15:09:30 Image size of job updated: 444220
	373  -  MemoryUsage of job (MB)
	381484  -  ResidentSetSize of job (KB)
...
006 (3445799.010.000) 01/31 15:29:31 Image size of job updated: 444220
	373  -  MemoryUsage of job (MB)
	381512  -  ResidentSetSize of job (KB)
...
006 (3445799.010.000) 01/31 15:34:32 Image size of job updated: 444220
	373  -  MemoryUsage of job (MB)
	381556  -  ResidentSetSize of job (KB)
...
006 (3445799.010.000) 01/31 15:39:32 Image size of job updated: 444220
	373  -  MemoryUsage of job (MB)
	381576  -  ResidentSetSize of job (KB)
...
006 (3445799.010.000) 01/31 15:54:33 Image size of job updated: 444220
	373  -  MemoryUsage of job (MB)
	381580  -  ResidentSetSize of job (KB)
...
006 (3445799.010.000) 01/31 16:09:35 Image size of job updated: 444220
	373  -  MemoryUsage of job (MB)
	381632  -  ResidentSetSize of job (KB)
...
006 (3445799.010.000) 01/31 16:14:35 Image size of job updated: 444220
	373  -  MemoryUsage of job (MB)
	381664  -  ResidentSetSize of job (KB)
...
006 (3445799.010.000) 01/31 16:34:38 Image size of job updated: 444220
	373  -  MemoryUsage of job (MB)
	381676  -  ResidentSetSize of job (KB)
...
006 (3445799.010.000) 01/31 16:39:39 Image size of job updated: 444220
	373  -  MemoryUsage of job (MB)
	381712  -  ResidentSetSize of job (KB)
...
006 (3445799.010.000) 01/31 16:44:39 Image size of job updated: 444220
	373  -  MemoryUsage of job (MB)
	381736  -  ResidentSetSize of job (KB)
...
006 (3445799.010.000) 01/31 16:54:40 Image size of job updated: 444220
	373  -  MemoryUsage of job (MB)
	381760  -  ResidentSetSize of job (KB)
...
006 (3445799.010.000) 01/31 17:04:40 Image size of job updated: 444220
	373  -  MemoryUsage of job (MB)
	381772  -  ResidentSetSize of job (KB)
...
006 (3445799.010.000) 01/31 17:09:41 Image size of job updated: 444220
	373  -  MemoryUsage of job (MB)
	381788  -  ResidentSetSize of job (KB)
...
006 (3445799.010.000) 01/31 17:15:23 Image size of job updated: 444220
	373  -  MemoryUsage of job (MB)
	381840  -  ResidentSetSize of job (KB)
...
006 (3445799.010.000) 01/31 17:24:41 Image size of job updated: 444220
	373  -  MemoryUsage of job (MB)
	381848  -  ResidentSetSize of job (KB)
...
006 (3445799.010.000) 01/31 17:29:42 Image size of job updated: 444220
	373  -  MemoryUsage of job (MB)
	381880  -  ResidentSetSize of job (KB)
...
006 (3445799.010.000) 01/31 17:39:42 Image size of job updated: 444220
	373  -  MemoryUsage of job (MB)
	381908  -  ResidentSetSize of job (KB)
...
006 (3445799.010.000) 01/31 17:44:42 Image size of job updated: 444220
	373  -  MemoryUsage of job (MB)
	381924  -  ResidentSetSize of job (KB)
...
006 (3445799.010.000) 01/31 17:49:42 Image size of job updated: 444220
	374  -  MemoryUsage of job (MB)
	381960  -  ResidentSetSize of job (KB)
...
006 (3445799.010.000) 01/31 17:54:43 Image size of job updated: 444220
	374  -  MemoryUsage of job (MB)
	381984  -  ResidentSetSize of job (KB)
...
006 (3445799.010.000) 01/31 17:59:43 Image size of job updated: 444220
	374  -  MemoryUsage of job (MB)
	382000  -  ResidentSetSize of job (KB)
...
006 (3445799.010.000) 01/31 18:14:44 Image size of job updated: 444220
	374  -  MemoryUsage of job (MB)
	382028  -  ResidentSetSize of job (KB)
...
006 (3445799.010.000) 01/31 18:29:46 Image size of job updated: 444220
	374  -  MemoryUsage of job (MB)
	382044  -  ResidentSetSize of job (KB)
...
006 (3445799.010.000) 01/31 18:34:46 Image size of job updated: 444220
	374  -  MemoryUsage of job (MB)
	382048  -  ResidentSetSize of job (KB)
...
006 (3445799.010.000) 01/31 18:39:47 Image size of job updated: 444220
	374  -  MemoryUsage of job (MB)
	382064  -  ResidentSetSize of job (KB)
...
006 (3445799.010.000) 01/31 18:44:47 Image size of job updated: 444220
	374  -  MemoryUsage of job (MB)
	382088  -  ResidentSetSize of job (KB)
...
006 (3445799.010.000) 01/31 18:49:47 Image size of job updated: 444220
	374  -  MemoryUsage of job (MB)
	382096  -  ResidentSetSize of job (KB)
...
006 (3445799.010.000) 01/31 18:54:48 Image size of job updated: 444220
	374  -  MemoryUsage of job (MB)
	382116  -  ResidentSetSize of job (KB)
...
006 (3445799.010.000) 01/31 18:59:48 Image size of job updated: 444220
	374  -  MemoryUsage of job (MB)
	382140  -  ResidentSetSize of job (KB)
...
006 (3445799.010.000) 01/31 19:04:48 Image size of job updated: 444220
	374  -  MemoryUsage of job (MB)
	382168  -  ResidentSetSize of job (KB)
...
006 (3445799.010.000) 01/31 19:09:49 Image size of job updated: 444220
	374  -  MemoryUsage of job (MB)
	382180  -  ResidentSetSize of job (KB)
...
006 (3445799.010.000) 01/31 19:14:49 Image size of job updated: 444220
	374  -  MemoryUsage of job (MB)
	382196  -  ResidentSetSize of job (KB)
...
006 (3445799.010.000) 01/31 19:19:49 Image size of job updated: 444220
	374  -  MemoryUsage of job (MB)
	382248  -  ResidentSetSize of job (KB)
...
006 (3445799.010.000) 01/31 19:24:50 Image size of job updated: 444220
	374  -  MemoryUsage of job (MB)
	382260  -  ResidentSetSize of job (KB)
...
006 (3445799.010.000) 01/31 19:29:51 Image size of job updated: 444220
	374  -  MemoryUsage of job (MB)
	382272  -  ResidentSetSize of job (KB)
...
006 (3445799.010.000) 01/31 19:39:52 Image size of job updated: 444220
	374  -  MemoryUsage of job (MB)
	382320  -  ResidentSetSize of job (KB)
...
006 (3445799.010.000) 01/31 19:44:53 Image size of job updated: 444220
	374  -  MemoryUsage of job (MB)
	382328  -  ResidentSetSize of job (KB)
...
006 (3445799.010.000) 01/31 19:49:53 Image size of job updated: 444220
	374  -  MemoryUsage of job (MB)
	382348  -  ResidentSetSize of job (KB)
...
006 (3445799.010.000) 01/31 19:54:54 Image size of job updated: 444220
	374  -  MemoryUsage of job (MB)
	382404  -  ResidentSetSize of job (KB)
...
006 (3445799.010.000) 01/31 19:59:55 Image size of job updated: 444220
	374  -  MemoryUsage of job (MB)
	382428  -  ResidentSetSize of job (KB)
...
006 (3445799.010.000) 01/31 20:04:55 Image size of job updated: 444220
	374  -  MemoryUsage of job (MB)
	382436  -  ResidentSetSize of job (KB)
...
006 (3445799.010.000) 01/31 20:14:56 Image size of job updated: 444220
	374  -  MemoryUsage of job (MB)
	382472  -  ResidentSetSize of job (KB)
...
006 (3445799.010.000) 01/31 20:19:56 Image size of job updated: 444220
	374  -  MemoryUsage of job (MB)
	382492  -  ResidentSetSize of job (KB)
...
006 (3445799.010.000) 01/31 20:29:57 Image size of job updated: 444220
	374  -  MemoryUsage of job (MB)
	382500  -  ResidentSetSize of job (KB)
...
006 (3445799.010.000) 01/31 20:34:57 Image size of job updated: 444220
	374  -  MemoryUsage of job (MB)
	382524  -  ResidentSetSize of job (KB)
...
006 (3445799.010.000) 01/31 20:39:57 Image size of job updated: 444220
	374  -  MemoryUsage of job (MB)
	382536  -  ResidentSetSize of job (KB)
...
006 (3445799.010.000) 01/31 20:44:58 Image size of job updated: 444220
	374  -  MemoryUsage of job (MB)
	382548  -  ResidentSetSize of job (KB)
...
006 (3445799.010.000) 01/31 20:49:59 Image size of job updated: 444220
	374  -  MemoryUsage of job (MB)
	382572  -  ResidentSetSize of job (KB)
...
006 (3445799.010.000) 01/31 20:54:59 Image size of job updated: 444220
	374  -  MemoryUsage of job (MB)
	382604  -  ResidentSetSize of job (KB)
...
006 (3445799.010.000) 01/31 21:00:00 Image size of job updated: 444220
	374  -  MemoryUsage of job (MB)
	382608  -  ResidentSetSize of job (KB)
...
006 (3445799.010.000) 01/31 21:10:01 Image size of job updated: 444220
	374  -  MemoryUsage of job (MB)
	382668  -  ResidentSetSize of job (KB)
...
006 (3445799.010.000) 01/31 21:15:02 Image size of job updated: 444220
	374  -  MemoryUsage of job (MB)
	382672  -  ResidentSetSize of job (KB)
...
006 (3445799.010.000) 01/31 21:20:03 Image size of job updated: 444220
	374  -  MemoryUsage of job (MB)
	382680  -  ResidentSetSize of job (KB)
...
006 (3445799.010.000) 01/31 21:25:03 Image size of job updated: 444220
	374  -  MemoryUsage of job (MB)
	382716  -  ResidentSetSize of job (KB)
...
006 (3445799.010.000) 01/31 21:30:03 Image size of job updated: 444220
	374  -  MemoryUsage of job (MB)
	382740  -  ResidentSetSize of job (KB)
...
006 (3445799.010.000) 01/31 21:35:04 Image size of job updated: 444220
	374  -  MemoryUsage of job (MB)
	382752  -  ResidentSetSize of job (KB)
...
006 (3445799.010.000) 01/31 21:40:04 Image size of job updated: 444220
	374  -  MemoryUsage of job (MB)
	382784  -  ResidentSetSize of job (KB)
...
006 (3445799.010.000) 01/31 21:50:06 Image size of job updated: 444220
	374  -  MemoryUsage of job (MB)
	382808  -  ResidentSetSize of job (KB)
...
006 (3445799.010.000) 01/31 21:55:06 Image size of job updated: 444220
	374  -  MemoryUsage of job (MB)
	382868  -  ResidentSetSize of job (KB)
...
006 (3445799.010.000) 01/31 22:05:07 Image size of job updated: 444220
	374  -  MemoryUsage of job (MB)
	382884  -  ResidentSetSize of job (KB)
...
006 (3445799.010.000) 01/31 22:15:08 Image size of job updated: 444220
	374  -  MemoryUsage of job (MB)
	382912  -  ResidentSetSize of job (KB)
...
006 (3445799.010.000) 01/31 22:20:09 Image size of job updated: 444220
	374  -  MemoryUsage of job (MB)
	382920  -  ResidentSetSize of job (KB)
...
006 (3445799.010.000) 01/31 22:25:10 Image size of job updated: 444220
	374  -  MemoryUsage of job (MB)
	382972  -  ResidentSetSize of job (KB)
...
006 (3445799.010.000) 01/31 22:30:10 Image size of job updated: 444220
	375  -  MemoryUsage of job (MB)
	383008  -  ResidentSetSize of job (KB)
...
006 (3445799.010.000) 01/31 22:35:10 Image size of job updated: 444220
	375  -  MemoryUsage of job (MB)
	383024  -  ResidentSetSize of job (KB)
...
006 (3445799.010.000) 01/31 22:45:11 Image size of job updated: 444220
	375  -  MemoryUsage of job (MB)
	383032  -  ResidentSetSize of job (KB)
...
006 (3445799.010.000) 01/31 22:50:11 Image size of job updated: 444220
	375  -  MemoryUsage of job (MB)
	383064  -  ResidentSetSize of job (KB)
...
006 (3445799.010.000) 01/31 22:55:12 Image size of job updated: 444220
	375  -  MemoryUsage of job (MB)
	383076  -  ResidentSetSize of job (KB)
...
006 (3445799.010.000) 01/31 23:00:13 Image size of job updated: 444220
	375  -  MemoryUsage of job (MB)
	383116  -  ResidentSetSize of job (KB)
...
006 (3445799.010.000) 01/31 23:05:13 Image size of job updated: 444220
	375  -  MemoryUsage of job (MB)
	383124  -  ResidentSetSize of job (KB)
...
006 (3445799.010.000) 01/31 23:10:14 Image size of job updated: 444220
	375  -  MemoryUsage of job (MB)
	383168  -  ResidentSetSize of job (KB)
...
006 (3445799.010.000) 01/31 23:15:14 Image size of job updated: 444220
	375  -  MemoryUsage of job (MB)
	383196  -  ResidentSetSize of job (KB)
...
006 (3445799.010.000) 01/31 23:20:15 Image size of job updated: 444220
	375  -  MemoryUsage of job (MB)
	383212  -  ResidentSetSize of job (KB)
...
006 (3445799.010.000) 01/31 23:25:16 Image size of job updated: 444220
	375  -  MemoryUsage of job (MB)
	383228  -  ResidentSetSize of job (KB)
...
006 (3445799.010.000) 01/31 23:30:16 Image size of job updated: 444220
	375  -  MemoryUsage of job (MB)
	383244  -  ResidentSetSize of job (KB)
...
006 (3445799.010.000) 01/31 23:35:16 Image size of job updated: 444220
	375  -  MemoryUsage of job (MB)
	383296  -  ResidentSetSize of job (KB)
...
006 (3445799.010.000) 01/31 23:40:18 Image size of job updated: 444220
	375  -  MemoryUsage of job (MB)
	383312  -  ResidentSetSize of job (KB)
...
006 (3445799.010.000) 01/31 23:50:18 Image size of job updated: 444220
	375  -  MemoryUsage of job (MB)
	383692  -  ResidentSetSize of job (KB)
...
006 (3445799.010.000) 01/31 23:55:19 Image size of job updated: 444220
	376  -  MemoryUsage of job (MB)
	384364  -  ResidentSetSize of job (KB)
...
006 (3445799.010.000) 01/31 23:55:51 Image size of job updated: 1222672
	376  -  MemoryUsage of job (MB)
	384364  -  ResidentSetSize of job (KB)
...
040 (3445799.010.000) 01/31 23:55:51 Started transferring output files
...
040 (3445799.010.000) 01/31 23:55:51 Finished transferring output files
...
005 (3445799.010.000) 01/31 23:55:51 Job terminated.
	(1) Normal termination (return value 0)
		Usr 1 19:01:46, Sys 0 00:02:42  -  Run Remote Usage
		Usr 0 00:00:00, Sys 0 00:00:00  -  Run Local Usage
		Usr 1 19:01:46, Sys 0 00:02:42  -  Total Remote Usage
		Usr 0 00:00:00, Sys 0 00:00:00  -  Total Local Usage
	34719  -  Run Bytes Sent By Job
	493  -  Run Bytes Received By Job
	34719  -  Total Bytes Sent By Job
	493  -  Total Bytes Received By Job
	Partitionable Resources :    Usage  Request Allocated 
	   Cpus                 :                 1           
	   Disk (KB)            :       47        1   2577338 
	   Memory (MB)          :      376     2000      2000 
...
