000 (3447440.001.000) 01/30 07:32:31 Job submitted from host: <188.185.71.142:9618?addrs=188.185.71.142-9618+[2001-1458-d00-7--100-388]-9618&alias=bigbird09.cern.ch&noUDP&sock=schedd_2208_1533_7>
...
040 (3447440.001.000) 01/30 07:55:33 Started transferring input files
	Transferring to host: <188.184.139.172:9618?addrs=188.184.139.172-9618+[2001-1458-301-45--100-1ae]-9618&noUDP&sock=10810_5f71_35688>
...
040 (3447440.001.000) 01/30 07:55:33 Finished transferring input files
...
001 (3447440.001.000) 01/30 07:55:34 Job executing on host: <188.184.139.172:9618?addrs=188.184.139.172-9618+[2001-1458-301-45--100-1ae]-9618&noUDP&sock=5642_856d_3>
...
006 (3447440.001.000) 01/30 07:55:42 Image size of job updated: 5232
	4  -  MemoryUsage of job (MB)
	4036  -  ResidentSetSize of job (KB)
...
006 (3447440.001.000) 01/30 07:55:53 Image size of job updated: 14632
	4  -  MemoryUsage of job (MB)
	4036  -  ResidentSetSize of job (KB)
...
040 (3447440.001.000) 01/30 07:55:53 Started transferring output files
...
040 (3447440.001.000) 01/30 07:55:53 Finished transferring output files
...
005 (3447440.001.000) 01/30 07:55:53 Job terminated.
	(1) Normal termination (return value 0)
		Usr 0 00:00:01, Sys 0 00:00:03  -  Run Remote Usage
		Usr 0 00:00:00, Sys 0 00:00:00  -  Run Local Usage
		Usr 0 00:00:01, Sys 0 00:00:03  -  Total Remote Usage
		Usr 0 00:00:00, Sys 0 00:00:00  -  Total Local Usage
	327  -  Run Bytes Sent By Job
	493  -  Run Bytes Received By Job
	327  -  Total Bytes Sent By Job
	493  -  Total Bytes Received By Job
	Partitionable Resources :    Usage  Request Allocated 
	   Cpus                 :     0.02        1         1 
	   Disk (KB)            :    24           1    296572 
	   Memory (MB)          :     4        2000      2000 
...
