000 (3447424.000.000) 01/30 01:49:27 Job submitted from host: <188.185.71.142:9618?addrs=188.185.71.142-9618+[2001-1458-d00-7--100-388]-9618&alias=bigbird09.cern.ch&noUDP&sock=schedd_2208_1533_7>
...
040 (3447424.000.000) 01/30 07:10:10 Started transferring input files
	Transferring to host: <188.184.210.109:9618?addrs=188.184.210.109-9618+[2001-1458-301-10b--100-79]-9618&noUDP&sock=20382_b676_198130>
...
040 (3447424.000.000) 01/30 07:10:10 Finished transferring input files
...
001 (3447424.000.000) 01/30 07:10:11 Job executing on host: <188.184.210.109:9618?addrs=188.184.210.109-9618+[2001-1458-301-10b--100-79]-9618&noUDP&sock=20248_05b6_3>
...
006 (3447424.000.000) 01/30 07:10:19 Image size of job updated: 1800
	2  -  MemoryUsage of job (MB)
	1800  -  ResidentSetSize of job (KB)
...
006 (3447424.000.000) 01/30 07:15:19 Image size of job updated: 436696
	354  -  MemoryUsage of job (MB)
	361892  -  ResidentSetSize of job (KB)
...
006 (3447424.000.000) 01/30 09:10:33 Image size of job updated: 436716
	354  -  MemoryUsage of job (MB)
	361912  -  ResidentSetSize of job (KB)
...
006 (3447424.000.000) 01/30 09:20:34 Image size of job updated: 436720
	354  -  MemoryUsage of job (MB)
	361916  -  ResidentSetSize of job (KB)
...
006 (3447424.000.000) 01/30 09:45:36 Image size of job updated: 436732
	354  -  MemoryUsage of job (MB)
	361928  -  ResidentSetSize of job (KB)
...
006 (3447424.000.000) 01/30 16:21:19 Image size of job updated: 436732
	354  -  MemoryUsage of job (MB)
	361944  -  ResidentSetSize of job (KB)
...
006 (3447424.000.000) 01/30 16:26:19 Image size of job updated: 436732
	354  -  MemoryUsage of job (MB)
	361988  -  ResidentSetSize of job (KB)
...
006 (3447424.000.000) 01/30 16:31:20 Image size of job updated: 436732
	354  -  MemoryUsage of job (MB)
	362036  -  ResidentSetSize of job (KB)
...
006 (3447424.000.000) 01/30 16:36:20 Image size of job updated: 436732
	354  -  MemoryUsage of job (MB)
	362080  -  ResidentSetSize of job (KB)
...
006 (3447424.000.000) 01/30 16:41:20 Image size of job updated: 436732
	354  -  MemoryUsage of job (MB)
	362100  -  ResidentSetSize of job (KB)
...
006 (3447424.000.000) 01/30 16:46:22 Image size of job updated: 436732
	354  -  MemoryUsage of job (MB)
	362300  -  ResidentSetSize of job (KB)
...
006 (3447424.000.000) 01/30 16:51:22 Image size of job updated: 436732
	354  -  MemoryUsage of job (MB)
	362348  -  ResidentSetSize of job (KB)
...
006 (3447424.000.000) 01/30 17:06:24 Image size of job updated: 436732
	354  -  MemoryUsage of job (MB)
	362356  -  ResidentSetSize of job (KB)
...
006 (3447424.000.000) 01/30 17:11:24 Image size of job updated: 436732
	354  -  MemoryUsage of job (MB)
	362388  -  ResidentSetSize of job (KB)
...
006 (3447424.000.000) 01/30 17:16:25 Image size of job updated: 436732
	354  -  MemoryUsage of job (MB)
	362404  -  ResidentSetSize of job (KB)
...
006 (3447424.000.000) 01/30 17:31:27 Image size of job updated: 436732
	354  -  MemoryUsage of job (MB)
	362436  -  ResidentSetSize of job (KB)
...
006 (3447424.000.000) 01/30 17:36:28 Image size of job updated: 436732
	354  -  MemoryUsage of job (MB)
	362472  -  ResidentSetSize of job (KB)
...
006 (3447424.000.000) 01/30 17:46:28 Image size of job updated: 436732
	355  -  MemoryUsage of job (MB)
	362528  -  ResidentSetSize of job (KB)
...
006 (3447424.000.000) 01/30 17:51:30 Image size of job updated: 436732
	355  -  MemoryUsage of job (MB)
	362540  -  ResidentSetSize of job (KB)
...
006 (3447424.000.000) 01/30 17:56:30 Image size of job updated: 436732
	355  -  MemoryUsage of job (MB)
	362592  -  ResidentSetSize of job (KB)
...
006 (3447424.000.000) 01/30 18:01:30 Image size of job updated: 436732
	355  -  MemoryUsage of job (MB)
	362628  -  ResidentSetSize of job (KB)
...
006 (3447424.000.000) 01/30 18:06:31 Image size of job updated: 436732
	355  -  MemoryUsage of job (MB)
	362660  -  ResidentSetSize of job (KB)
...
006 (3447424.000.000) 01/30 18:11:32 Image size of job updated: 436732
	355  -  MemoryUsage of job (MB)
	362684  -  ResidentSetSize of job (KB)
...
006 (3447424.000.000) 01/30 18:16:32 Image size of job updated: 436732
	355  -  MemoryUsage of job (MB)
	362720  -  ResidentSetSize of job (KB)
...
006 (3447424.000.000) 01/30 18:21:32 Image size of job updated: 436732
	355  -  MemoryUsage of job (MB)
	362732  -  ResidentSetSize of job (KB)
...
006 (3447424.000.000) 01/30 18:26:33 Image size of job updated: 436732
	355  -  MemoryUsage of job (MB)
	362752  -  ResidentSetSize of job (KB)
...
006 (3447424.000.000) 01/30 18:31:33 Image size of job updated: 436732
	355  -  MemoryUsage of job (MB)
	362808  -  ResidentSetSize of job (KB)
...
006 (3447424.000.000) 01/30 18:36:33 Image size of job updated: 436732
	355  -  MemoryUsage of job (MB)
	362848  -  ResidentSetSize of job (KB)
...
006 (3447424.000.000) 01/30 18:41:34 Image size of job updated: 436732
	355  -  MemoryUsage of job (MB)
	362864  -  ResidentSetSize of job (KB)
...
006 (3447424.000.000) 01/30 18:46:34 Image size of job updated: 436732
	355  -  MemoryUsage of job (MB)
	362884  -  ResidentSetSize of job (KB)
...
006 (3447424.000.000) 01/30 18:51:34 Image size of job updated: 436732
	355  -  MemoryUsage of job (MB)
	362928  -  ResidentSetSize of job (KB)
...
006 (3447424.000.000) 01/30 18:56:35 Image size of job updated: 436732
	355  -  MemoryUsage of job (MB)
	362960  -  ResidentSetSize of job (KB)
...
006 (3447424.000.000) 01/30 19:01:35 Image size of job updated: 436732
	355  -  MemoryUsage of job (MB)
	362988  -  ResidentSetSize of job (KB)
...
006 (3447424.000.000) 01/30 19:06:35 Image size of job updated: 436732
	355  -  MemoryUsage of job (MB)
	363008  -  ResidentSetSize of job (KB)
...
006 (3447424.000.000) 01/30 19:12:01 Image size of job updated: 436732
	355  -  MemoryUsage of job (MB)
	363044  -  ResidentSetSize of job (KB)
...
006 (3447424.000.000) 01/30 19:16:36 Image size of job updated: 436732
	355  -  MemoryUsage of job (MB)
	363064  -  ResidentSetSize of job (KB)
...
006 (3447424.000.000) 01/30 19:21:36 Image size of job updated: 436732
	355  -  MemoryUsage of job (MB)
	363092  -  ResidentSetSize of job (KB)
...
006 (3447424.000.000) 01/30 19:26:36 Image size of job updated: 436732
	355  -  MemoryUsage of job (MB)
	363164  -  ResidentSetSize of job (KB)
...
006 (3447424.000.000) 01/30 19:31:37 Image size of job updated: 436732
	355  -  MemoryUsage of job (MB)
	363168  -  ResidentSetSize of job (KB)
...
006 (3447424.000.000) 01/30 19:36:37 Image size of job updated: 436732
	355  -  MemoryUsage of job (MB)
	363196  -  ResidentSetSize of job (KB)
...
006 (3447424.000.000) 01/30 19:46:39 Image size of job updated: 436732
	355  -  MemoryUsage of job (MB)
	363260  -  ResidentSetSize of job (KB)
...
006 (3447424.000.000) 01/30 19:51:39 Image size of job updated: 436732
	355  -  MemoryUsage of job (MB)
	363272  -  ResidentSetSize of job (KB)
...
006 (3447424.000.000) 01/30 19:56:39 Image size of job updated: 436732
	355  -  MemoryUsage of job (MB)
	363328  -  ResidentSetSize of job (KB)
...
006 (3447424.000.000) 01/30 20:06:41 Image size of job updated: 436732
	355  -  MemoryUsage of job (MB)
	363336  -  ResidentSetSize of job (KB)
...
006 (3447424.000.000) 01/30 20:18:48 Image size of job updated: 436732
	355  -  MemoryUsage of job (MB)
	363428  -  ResidentSetSize of job (KB)
...
006 (3447424.000.000) 01/30 20:40:08 Image size of job updated: 436732
	356  -  MemoryUsage of job (MB)
	363608  -  ResidentSetSize of job (KB)
...
006 (3447424.000.000) 01/30 20:57:13 Image size of job updated: 436732
	356  -  MemoryUsage of job (MB)
	363772  -  ResidentSetSize of job (KB)
...
006 (3447424.000.000) 01/30 21:12:48 Image size of job updated: 436732
	356  -  MemoryUsage of job (MB)
	363932  -  ResidentSetSize of job (KB)
...
006 (3447424.000.000) 01/30 21:34:57 Image size of job updated: 436732
	356  -  MemoryUsage of job (MB)
	364132  -  ResidentSetSize of job (KB)
...
006 (3447424.000.000) 01/30 21:51:26 Image size of job updated: 436732
	356  -  MemoryUsage of job (MB)
	364276  -  ResidentSetSize of job (KB)
...
006 (3447424.000.000) 01/30 22:01:20 Image size of job updated: 436732
	356  -  MemoryUsage of job (MB)
	364396  -  ResidentSetSize of job (KB)
...
006 (3447424.000.000) 01/30 22:07:17 Image size of job updated: 436732
	356  -  MemoryUsage of job (MB)
	364400  -  ResidentSetSize of job (KB)
...
006 (3447424.000.000) 01/30 22:12:17 Image size of job updated: 436732
	356  -  MemoryUsage of job (MB)
	364452  -  ResidentSetSize of job (KB)
...
006 (3447424.000.000) 01/30 22:17:18 Image size of job updated: 436732
	356  -  MemoryUsage of job (MB)
	364480  -  ResidentSetSize of job (KB)
...
006 (3447424.000.000) 01/30 22:22:19 Image size of job updated: 436732
	356  -  MemoryUsage of job (MB)
	364528  -  ResidentSetSize of job (KB)
...
006 (3447424.000.000) 01/30 22:27:19 Image size of job updated: 436732
	356  -  MemoryUsage of job (MB)
	364532  -  ResidentSetSize of job (KB)
...
006 (3447424.000.000) 01/30 22:32:20 Image size of job updated: 436732
	357  -  MemoryUsage of job (MB)
	364552  -  ResidentSetSize of job (KB)
...
006 (3447424.000.000) 01/30 22:37:21 Image size of job updated: 436732
	357  -  MemoryUsage of job (MB)
	364580  -  ResidentSetSize of job (KB)
...
006 (3447424.000.000) 01/30 22:42:21 Image size of job updated: 436732
	357  -  MemoryUsage of job (MB)
	364612  -  ResidentSetSize of job (KB)
...
006 (3447424.000.000) 01/30 22:47:21 Image size of job updated: 436732
	357  -  MemoryUsage of job (MB)
	364644  -  ResidentSetSize of job (KB)
...
006 (3447424.000.000) 01/30 22:52:22 Image size of job updated: 436732
	357  -  MemoryUsage of job (MB)
	364648  -  ResidentSetSize of job (KB)
...
006 (3447424.000.000) 01/30 22:57:22 Image size of job updated: 436732
	357  -  MemoryUsage of job (MB)
	364676  -  ResidentSetSize of job (KB)
...
006 (3447424.000.000) 01/30 23:02:22 Image size of job updated: 436732
	357  -  MemoryUsage of job (MB)
	364696  -  ResidentSetSize of job (KB)
...
006 (3447424.000.000) 01/30 23:07:23 Image size of job updated: 436732
	357  -  MemoryUsage of job (MB)
	364748  -  ResidentSetSize of job (KB)
...
006 (3447424.000.000) 01/30 23:12:23 Image size of job updated: 436732
	357  -  MemoryUsage of job (MB)
	364780  -  ResidentSetSize of job (KB)
...
006 (3447424.000.000) 01/30 23:22:24 Image size of job updated: 436732
	357  -  MemoryUsage of job (MB)
	364852  -  ResidentSetSize of job (KB)
...
006 (3447424.000.000) 01/30 23:27:24 Image size of job updated: 436732
	357  -  MemoryUsage of job (MB)
	364896  -  ResidentSetSize of job (KB)
...
006 (3447424.000.000) 01/30 23:32:24 Image size of job updated: 436732
	357  -  MemoryUsage of job (MB)
	364904  -  ResidentSetSize of job (KB)
...
006 (3447424.000.000) 01/30 23:37:25 Image size of job updated: 436732
	357  -  MemoryUsage of job (MB)
	365004  -  ResidentSetSize of job (KB)
...
006 (3447424.000.000) 01/30 23:42:25 Image size of job updated: 436732
	357  -  MemoryUsage of job (MB)
	365028  -  ResidentSetSize of job (KB)
...
006 (3447424.000.000) 01/30 23:47:25 Image size of job updated: 436732
	357  -  MemoryUsage of job (MB)
	365048  -  ResidentSetSize of job (KB)
...
006 (3447424.000.000) 01/30 23:52:26 Image size of job updated: 436732
	357  -  MemoryUsage of job (MB)
	365068  -  ResidentSetSize of job (KB)
...
006 (3447424.000.000) 01/30 23:57:26 Image size of job updated: 436732
	357  -  MemoryUsage of job (MB)
	365116  -  ResidentSetSize of job (KB)
...
006 (3447424.000.000) 01/31 00:02:26 Image size of job updated: 436732
	357  -  MemoryUsage of job (MB)
	365160  -  ResidentSetSize of job (KB)
...
006 (3447424.000.000) 01/31 00:07:27 Image size of job updated: 436732
	357  -  MemoryUsage of job (MB)
	365204  -  ResidentSetSize of job (KB)
...
006 (3447424.000.000) 01/31 00:12:27 Image size of job updated: 436732
	357  -  MemoryUsage of job (MB)
	365212  -  ResidentSetSize of job (KB)
...
006 (3447424.000.000) 01/31 00:17:27 Image size of job updated: 436732
	357  -  MemoryUsage of job (MB)
	365252  -  ResidentSetSize of job (KB)
...
006 (3447424.000.000) 01/31 00:22:29 Image size of job updated: 436732
	357  -  MemoryUsage of job (MB)
	365284  -  ResidentSetSize of job (KB)
...
006 (3447424.000.000) 01/31 00:27:29 Image size of job updated: 436732
	357  -  MemoryUsage of job (MB)
	365320  -  ResidentSetSize of job (KB)
...
006 (3447424.000.000) 01/31 00:32:29 Image size of job updated: 436732
	357  -  MemoryUsage of job (MB)
	365356  -  ResidentSetSize of job (KB)
...
006 (3447424.000.000) 01/31 00:37:30 Image size of job updated: 436732
	357  -  MemoryUsage of job (MB)
	365404  -  ResidentSetSize of job (KB)
...
006 (3447424.000.000) 01/31 00:42:31 Image size of job updated: 436732
	357  -  MemoryUsage of job (MB)
	365480  -  ResidentSetSize of job (KB)
...
006 (3447424.000.000) 01/31 00:47:31 Image size of job updated: 436732
	357  -  MemoryUsage of job (MB)
	365496  -  ResidentSetSize of job (KB)
...
006 (3447424.000.000) 01/31 00:52:32 Image size of job updated: 436732
	357  -  MemoryUsage of job (MB)
	365552  -  ResidentSetSize of job (KB)
...
006 (3447424.000.000) 01/31 00:57:33 Image size of job updated: 436732
	358  -  MemoryUsage of job (MB)
	365588  -  ResidentSetSize of job (KB)
...
006 (3447424.000.000) 01/31 01:02:33 Image size of job updated: 436732
	358  -  MemoryUsage of job (MB)
	365600  -  ResidentSetSize of job (KB)
...
006 (3447424.000.000) 01/31 01:07:34 Image size of job updated: 436732
	358  -  MemoryUsage of job (MB)
	365644  -  ResidentSetSize of job (KB)
...
006 (3447424.000.000) 01/31 01:12:34 Image size of job updated: 436732
	358  -  MemoryUsage of job (MB)
	365660  -  ResidentSetSize of job (KB)
...
006 (3447424.000.000) 01/31 01:17:35 Image size of job updated: 436732
	358  -  MemoryUsage of job (MB)
	365728  -  ResidentSetSize of job (KB)
...
006 (3447424.000.000) 01/31 01:22:36 Image size of job updated: 436732
	358  -  MemoryUsage of job (MB)
	365756  -  ResidentSetSize of job (KB)
...
006 (3447424.000.000) 01/31 01:32:37 Image size of job updated: 436732
	358  -  MemoryUsage of job (MB)
	365848  -  ResidentSetSize of job (KB)
...
006 (3447424.000.000) 01/31 01:37:38 Image size of job updated: 436732
	358  -  MemoryUsage of job (MB)
	365876  -  ResidentSetSize of job (KB)
...
006 (3447424.000.000) 01/31 01:42:38 Image size of job updated: 436732
	358  -  MemoryUsage of job (MB)
	365880  -  ResidentSetSize of job (KB)
...
006 (3447424.000.000) 01/31 01:47:39 Image size of job updated: 436732
	358  -  MemoryUsage of job (MB)
	365924  -  ResidentSetSize of job (KB)
...
006 (3447424.000.000) 01/31 01:52:40 Image size of job updated: 436732
	358  -  MemoryUsage of job (MB)
	365968  -  ResidentSetSize of job (KB)
...
006 (3447424.000.000) 01/31 01:57:40 Image size of job updated: 436732
	358  -  MemoryUsage of job (MB)
	365988  -  ResidentSetSize of job (KB)
...
006 (3447424.000.000) 01/31 02:02:40 Image size of job updated: 436732
	358  -  MemoryUsage of job (MB)
	366024  -  ResidentSetSize of job (KB)
...
006 (3447424.000.000) 01/31 02:07:41 Image size of job updated: 436732
	358  -  MemoryUsage of job (MB)
	366076  -  ResidentSetSize of job (KB)
...
006 (3447424.000.000) 01/31 02:12:41 Image size of job updated: 436732
	358  -  MemoryUsage of job (MB)
	366112  -  ResidentSetSize of job (KB)
...
006 (3447424.000.000) 01/31 02:17:41 Image size of job updated: 436732
	358  -  MemoryUsage of job (MB)
	366132  -  ResidentSetSize of job (KB)
...
006 (3447424.000.000) 01/31 02:22:42 Image size of job updated: 436732
	358  -  MemoryUsage of job (MB)
	366220  -  ResidentSetSize of job (KB)
...
006 (3447424.000.000) 01/31 02:27:43 Image size of job updated: 436732
	358  -  MemoryUsage of job (MB)
	366256  -  ResidentSetSize of job (KB)
...
006 (3447424.000.000) 01/31 02:32:43 Image size of job updated: 436732
	358  -  MemoryUsage of job (MB)
	366260  -  ResidentSetSize of job (KB)
...
006 (3447424.000.000) 01/31 02:37:44 Image size of job updated: 436732
	358  -  MemoryUsage of job (MB)
	366344  -  ResidentSetSize of job (KB)
...
006 (3447424.000.000) 01/31 02:42:45 Image size of job updated: 436732
	358  -  MemoryUsage of job (MB)
	366392  -  ResidentSetSize of job (KB)
...
006 (3447424.000.000) 01/31 02:52:46 Image size of job updated: 436732
	358  -  MemoryUsage of job (MB)
	366460  -  ResidentSetSize of job (KB)
...
006 (3447424.000.000) 01/31 02:57:47 Image size of job updated: 436732
	358  -  MemoryUsage of job (MB)
	366524  -  ResidentSetSize of job (KB)
...
006 (3447424.000.000) 01/31 03:02:47 Image size of job updated: 436732
	358  -  MemoryUsage of job (MB)
	366532  -  ResidentSetSize of job (KB)
...
006 (3447424.000.000) 01/31 03:07:47 Image size of job updated: 436732
	358  -  MemoryUsage of job (MB)
	366588  -  ResidentSetSize of job (KB)
...
006 (3447424.000.000) 01/31 03:12:48 Image size of job updated: 436732
	359  -  MemoryUsage of job (MB)
	366624  -  ResidentSetSize of job (KB)
...
006 (3447424.000.000) 01/31 03:17:48 Image size of job updated: 436732
	361  -  MemoryUsage of job (MB)
	368948  -  ResidentSetSize of job (KB)
...
006 (3447424.000.000) 01/31 03:22:48 Image size of job updated: 436732
	361  -  MemoryUsage of job (MB)
	369084  -  ResidentSetSize of job (KB)
...
006 (3447424.000.000) 01/31 03:27:49 Image size of job updated: 436732
	361  -  MemoryUsage of job (MB)
	369124  -  ResidentSetSize of job (KB)
...
006 (3447424.000.000) 01/31 03:32:49 Image size of job updated: 436732
	361  -  MemoryUsage of job (MB)
	369168  -  ResidentSetSize of job (KB)
...
006 (3447424.000.000) 01/31 03:37:49 Image size of job updated: 436732
	361  -  MemoryUsage of job (MB)
	369300  -  ResidentSetSize of job (KB)
...
006 (3447424.000.000) 01/31 03:42:50 Image size of job updated: 436732
	361  -  MemoryUsage of job (MB)
	369352  -  ResidentSetSize of job (KB)
...
006 (3447424.000.000) 01/31 03:47:50 Image size of job updated: 436732
	361  -  MemoryUsage of job (MB)
	369444  -  ResidentSetSize of job (KB)
...
006 (3447424.000.000) 01/31 03:52:50 Image size of job updated: 436732
	361  -  MemoryUsage of job (MB)
	369544  -  ResidentSetSize of job (KB)
...
006 (3447424.000.000) 01/31 03:57:51 Image size of job updated: 436732
	361  -  MemoryUsage of job (MB)
	369624  -  ResidentSetSize of job (KB)
...
006 (3447424.000.000) 01/31 04:02:51 Image size of job updated: 436732
	362  -  MemoryUsage of job (MB)
	369728  -  ResidentSetSize of job (KB)
...
006 (3447424.000.000) 01/31 04:07:51 Image size of job updated: 436732
	362  -  MemoryUsage of job (MB)
	369780  -  ResidentSetSize of job (KB)
...
006 (3447424.000.000) 01/31 04:12:52 Image size of job updated: 436732
	362  -  MemoryUsage of job (MB)
	369844  -  ResidentSetSize of job (KB)
...
006 (3447424.000.000) 01/31 04:17:53 Image size of job updated: 436732
	362  -  MemoryUsage of job (MB)
	369940  -  ResidentSetSize of job (KB)
...
006 (3447424.000.000) 01/31 04:22:53 Image size of job updated: 436732
	362  -  MemoryUsage of job (MB)
	370000  -  ResidentSetSize of job (KB)
...
006 (3447424.000.000) 01/31 04:27:54 Image size of job updated: 436732
	362  -  MemoryUsage of job (MB)
	370140  -  ResidentSetSize of job (KB)
...
006 (3447424.000.000) 01/31 04:32:55 Image size of job updated: 436732
	362  -  MemoryUsage of job (MB)
	370288  -  ResidentSetSize of job (KB)
...
006 (3447424.000.000) 01/31 04:37:55 Image size of job updated: 436732
	362  -  MemoryUsage of job (MB)
	370392  -  ResidentSetSize of job (KB)
...
006 (3447424.000.000) 01/31 04:42:55 Image size of job updated: 436732
	362  -  MemoryUsage of job (MB)
	370512  -  ResidentSetSize of job (KB)
...
006 (3447424.000.000) 01/31 04:47:56 Image size of job updated: 436732
	362  -  MemoryUsage of job (MB)
	370532  -  ResidentSetSize of job (KB)
...
006 (3447424.000.000) 01/31 04:52:56 Image size of job updated: 436732
	363  -  MemoryUsage of job (MB)
	370748  -  ResidentSetSize of job (KB)
...
006 (3447424.000.000) 01/31 04:57:56 Image size of job updated: 436732
	363  -  MemoryUsage of job (MB)
	370816  -  ResidentSetSize of job (KB)
...
006 (3447424.000.000) 01/31 05:02:57 Image size of job updated: 436732
	363  -  MemoryUsage of job (MB)
	370936  -  ResidentSetSize of job (KB)
...
006 (3447424.000.000) 01/31 05:07:58 Image size of job updated: 436732
	363  -  MemoryUsage of job (MB)
	371104  -  ResidentSetSize of job (KB)
...
006 (3447424.000.000) 01/31 05:12:58 Image size of job updated: 436732
	363  -  MemoryUsage of job (MB)
	371132  -  ResidentSetSize of job (KB)
...
006 (3447424.000.000) 01/31 05:17:59 Image size of job updated: 436732
	363  -  MemoryUsage of job (MB)
	371328  -  ResidentSetSize of job (KB)
...
006 (3447424.000.000) 01/31 05:23:00 Image size of job updated: 436732
	363  -  MemoryUsage of job (MB)
	371396  -  ResidentSetSize of job (KB)
...
006 (3447424.000.000) 01/31 05:28:00 Image size of job updated: 436732
	363  -  MemoryUsage of job (MB)
	371472  -  ResidentSetSize of job (KB)
...
006 (3447424.000.000) 01/31 05:33:00 Image size of job updated: 436732
	363  -  MemoryUsage of job (MB)
	371568  -  ResidentSetSize of job (KB)
...
006 (3447424.000.000) 01/31 05:38:01 Image size of job updated: 436732
	363  -  MemoryUsage of job (MB)
	371604  -  ResidentSetSize of job (KB)
...
006 (3447424.000.000) 01/31 05:43:02 Image size of job updated: 436732
	364  -  MemoryUsage of job (MB)
	371764  -  ResidentSetSize of job (KB)
...
006 (3447424.000.000) 01/31 05:48:02 Image size of job updated: 436732
	364  -  MemoryUsage of job (MB)
	371856  -  ResidentSetSize of job (KB)
...
006 (3447424.000.000) 01/31 05:53:03 Image size of job updated: 436732
	364  -  MemoryUsage of job (MB)
	371940  -  ResidentSetSize of job (KB)
...
006 (3447424.000.000) 01/31 05:58:04 Image size of job updated: 436732
	364  -  MemoryUsage of job (MB)
	372052  -  ResidentSetSize of job (KB)
...
006 (3447424.000.000) 01/31 06:03:04 Image size of job updated: 436732
	364  -  MemoryUsage of job (MB)
	372080  -  ResidentSetSize of job (KB)
...
006 (3447424.000.000) 01/31 06:08:05 Image size of job updated: 436732
	364  -  MemoryUsage of job (MB)
	372196  -  ResidentSetSize of job (KB)
...
006 (3447424.000.000) 01/31 06:13:06 Image size of job updated: 436732
	364  -  MemoryUsage of job (MB)
	372384  -  ResidentSetSize of job (KB)
...
006 (3447424.000.000) 01/31 06:18:06 Image size of job updated: 436732
	364  -  MemoryUsage of job (MB)
	372436  -  ResidentSetSize of job (KB)
...
006 (3447424.000.000) 01/31 06:23:06 Image size of job updated: 436732
	364  -  MemoryUsage of job (MB)
	372484  -  ResidentSetSize of job (KB)
...
006 (3447424.000.000) 01/31 06:28:07 Image size of job updated: 436732
	364  -  MemoryUsage of job (MB)
	372608  -  ResidentSetSize of job (KB)
...
006 (3447424.000.000) 01/31 06:33:08 Image size of job updated: 436732
	364  -  MemoryUsage of job (MB)
	372692  -  ResidentSetSize of job (KB)
...
006 (3447424.000.000) 01/31 06:38:08 Image size of job updated: 436732
	365  -  MemoryUsage of job (MB)
	373036  -  ResidentSetSize of job (KB)
...
006 (3447424.000.000) 01/31 06:43:09 Image size of job updated: 436732
	365  -  MemoryUsage of job (MB)
	373236  -  ResidentSetSize of job (KB)
...
006 (3447424.000.000) 01/31 06:48:10 Image size of job updated: 436732
	365  -  MemoryUsage of job (MB)
	373416  -  ResidentSetSize of job (KB)
...
006 (3447424.000.000) 01/31 06:53:10 Image size of job updated: 436732
	365  -  MemoryUsage of job (MB)
	373452  -  ResidentSetSize of job (KB)
...
006 (3447424.000.000) 01/31 06:58:10 Image size of job updated: 436732
	366  -  MemoryUsage of job (MB)
	373812  -  ResidentSetSize of job (KB)
...
006 (3447424.000.000) 01/31 07:03:11 Image size of job updated: 436732
	366  -  MemoryUsage of job (MB)
	373864  -  ResidentSetSize of job (KB)
...
006 (3447424.000.000) 01/31 07:18:12 Image size of job updated: 436732
	366  -  MemoryUsage of job (MB)
	373912  -  ResidentSetSize of job (KB)
...
006 (3447424.000.000) 01/31 07:43:14 Image size of job updated: 436732
	366  -  MemoryUsage of job (MB)
	373996  -  ResidentSetSize of job (KB)
...
006 (3447424.000.000) 01/31 07:48:14 Image size of job updated: 436732
	366  -  MemoryUsage of job (MB)
	374084  -  ResidentSetSize of job (KB)
...
006 (3447424.000.000) 01/31 07:53:15 Image size of job updated: 436732
	366  -  MemoryUsage of job (MB)
	374240  -  ResidentSetSize of job (KB)
...
006 (3447424.000.000) 01/31 07:58:16 Image size of job updated: 436732
	366  -  MemoryUsage of job (MB)
	374328  -  ResidentSetSize of job (KB)
...
006 (3447424.000.000) 01/31 09:28:25 Image size of job updated: 436732
	366  -  MemoryUsage of job (MB)
	374360  -  ResidentSetSize of job (KB)
...
006 (3447424.000.000) 01/31 09:38:26 Image size of job updated: 436732
	366  -  MemoryUsage of job (MB)
	374380  -  ResidentSetSize of job (KB)
...
006 (3447424.000.000) 01/31 09:43:26 Image size of job updated: 436732
	366  -  MemoryUsage of job (MB)
	374444  -  ResidentSetSize of job (KB)
...
006 (3447424.000.000) 01/31 09:48:27 Image size of job updated: 436732
	366  -  MemoryUsage of job (MB)
	374452  -  ResidentSetSize of job (KB)
...
006 (3447424.000.000) 01/31 09:53:27 Image size of job updated: 436732
	366  -  MemoryUsage of job (MB)
	374500  -  ResidentSetSize of job (KB)
...
006 (3447424.000.000) 01/31 09:58:27 Image size of job updated: 436732
	366  -  MemoryUsage of job (MB)
	374516  -  ResidentSetSize of job (KB)
...
006 (3447424.000.000) 01/31 10:03:29 Image size of job updated: 436732
	366  -  MemoryUsage of job (MB)
	374552  -  ResidentSetSize of job (KB)
...
006 (3447424.000.000) 01/31 10:13:29 Image size of job updated: 436732
	366  -  MemoryUsage of job (MB)
	374584  -  ResidentSetSize of job (KB)
...
006 (3447424.000.000) 01/31 10:23:31 Image size of job updated: 436732
	366  -  MemoryUsage of job (MB)
	374592  -  ResidentSetSize of job (KB)
...
006 (3447424.000.000) 01/31 10:33:31 Image size of job updated: 436732
	366  -  MemoryUsage of job (MB)
	374624  -  ResidentSetSize of job (KB)
...
006 (3447424.000.000) 01/31 10:38:32 Image size of job updated: 436732
	366  -  MemoryUsage of job (MB)
	374632  -  ResidentSetSize of job (KB)
...
006 (3447424.000.000) 01/31 10:48:32 Image size of job updated: 436732
	366  -  MemoryUsage of job (MB)
	374640  -  ResidentSetSize of job (KB)
...
006 (3447424.000.000) 01/31 10:58:34 Image size of job updated: 436732
	366  -  MemoryUsage of job (MB)
	374668  -  ResidentSetSize of job (KB)
...
006 (3447424.000.000) 01/31 11:08:35 Image size of job updated: 436732
	366  -  MemoryUsage of job (MB)
	374676  -  ResidentSetSize of job (KB)
...
006 (3447424.000.000) 01/31 11:23:37 Image size of job updated: 436732
	366  -  MemoryUsage of job (MB)
	374680  -  ResidentSetSize of job (KB)
...
006 (3447424.000.000) 01/31 11:33:38 Image size of job updated: 436732
	366  -  MemoryUsage of job (MB)
	374684  -  ResidentSetSize of job (KB)
...
006 (3447424.000.000) 01/31 11:38:38 Image size of job updated: 436732
	366  -  MemoryUsage of job (MB)
	374692  -  ResidentSetSize of job (KB)
...
006 (3447424.000.000) 01/31 11:43:39 Image size of job updated: 436732
	366  -  MemoryUsage of job (MB)
	374712  -  ResidentSetSize of job (KB)
...
006 (3447424.000.000) 01/31 12:03:41 Image size of job updated: 436732
	366  -  MemoryUsage of job (MB)
	374716  -  ResidentSetSize of job (KB)
...
006 (3447424.000.000) 01/31 12:08:41 Image size of job updated: 436732
	366  -  MemoryUsage of job (MB)
	374776  -  ResidentSetSize of job (KB)
...
006 (3447424.000.000) 01/31 12:28:44 Image size of job updated: 436732
	367  -  MemoryUsage of job (MB)
	374800  -  ResidentSetSize of job (KB)
...
006 (3447424.000.000) 01/31 12:38:45 Image size of job updated: 436732
	367  -  MemoryUsage of job (MB)
	374820  -  ResidentSetSize of job (KB)
...
006 (3447424.000.000) 01/31 12:58:46 Image size of job updated: 436732
	367  -  MemoryUsage of job (MB)
	374832  -  ResidentSetSize of job (KB)
...
006 (3447424.000.000) 01/31 13:28:50 Image size of job updated: 436732
	367  -  MemoryUsage of job (MB)
	374836  -  ResidentSetSize of job (KB)
...
006 (3447424.000.000) 01/31 13:43:52 Image size of job updated: 436732
	367  -  MemoryUsage of job (MB)
	374844  -  ResidentSetSize of job (KB)
...
006 (3447424.000.000) 01/31 13:48:53 Image size of job updated: 436732
	367  -  MemoryUsage of job (MB)
	374848  -  ResidentSetSize of job (KB)
...
006 (3447424.000.000) 01/31 13:53:54 Image size of job updated: 436732
	367  -  MemoryUsage of job (MB)
	374872  -  ResidentSetSize of job (KB)
...
006 (3447424.000.000) 01/31 14:08:55 Image size of job updated: 436732
	367  -  MemoryUsage of job (MB)
	374880  -  ResidentSetSize of job (KB)
...
006 (3447424.000.000) 01/31 14:18:55 Image size of job updated: 436732
	367  -  MemoryUsage of job (MB)
	374900  -  ResidentSetSize of job (KB)
...
006 (3447424.000.000) 01/31 14:28:57 Image size of job updated: 436732
	367  -  MemoryUsage of job (MB)
	374928  -  ResidentSetSize of job (KB)
...
006 (3447424.000.000) 01/31 14:33:57 Image size of job updated: 436732
	367  -  MemoryUsage of job (MB)
	374960  -  ResidentSetSize of job (KB)
...
006 (3447424.000.000) 01/31 14:59:01 Image size of job updated: 436732
	367  -  MemoryUsage of job (MB)
	374988  -  ResidentSetSize of job (KB)
...
006 (3447424.000.000) 01/31 15:04:01 Image size of job updated: 436732
	367  -  MemoryUsage of job (MB)
	374996  -  ResidentSetSize of job (KB)
...
006 (3447424.000.000) 01/31 15:09:02 Image size of job updated: 436732
	367  -  MemoryUsage of job (MB)
	375016  -  ResidentSetSize of job (KB)
...
006 (3447424.000.000) 01/31 15:14:03 Image size of job updated: 436732
	367  -  MemoryUsage of job (MB)
	375040  -  ResidentSetSize of job (KB)
...
006 (3447424.000.000) 01/31 15:19:03 Image size of job updated: 436732
	367  -  MemoryUsage of job (MB)
	375052  -  ResidentSetSize of job (KB)
...
006 (3447424.000.000) 01/31 15:24:03 Image size of job updated: 436732
	367  -  MemoryUsage of job (MB)
	375056  -  ResidentSetSize of job (KB)
...
006 (3447424.000.000) 01/31 15:34:04 Image size of job updated: 436732
	367  -  MemoryUsage of job (MB)
	375060  -  ResidentSetSize of job (KB)
...
006 (3447424.000.000) 01/31 15:39:04 Image size of job updated: 436732
	367  -  MemoryUsage of job (MB)
	375104  -  ResidentSetSize of job (KB)
...
006 (3447424.000.000) 01/31 15:49:05 Image size of job updated: 436732
	367  -  MemoryUsage of job (MB)
	375108  -  ResidentSetSize of job (KB)
...
006 (3447424.000.000) 01/31 16:09:07 Image size of job updated: 436732
	367  -  MemoryUsage of job (MB)
	375220  -  ResidentSetSize of job (KB)
...
006 (3447424.000.000) 01/31 16:29:10 Image size of job updated: 436732
	367  -  MemoryUsage of job (MB)
	375252  -  ResidentSetSize of job (KB)
...
006 (3447424.000.000) 01/31 16:34:11 Image size of job updated: 436732
	367  -  MemoryUsage of job (MB)
	375284  -  ResidentSetSize of job (KB)
...
006 (3447424.000.000) 01/31 16:39:11 Image size of job updated: 436732
	367  -  MemoryUsage of job (MB)
	375296  -  ResidentSetSize of job (KB)
...
006 (3447424.000.000) 01/31 16:59:13 Image size of job updated: 436732
	367  -  MemoryUsage of job (MB)
	375408  -  ResidentSetSize of job (KB)
...
007 (3447424.000.000) 01/31 17:21:18 Shadow exception!
	Assertion ERROR on (result)
	0  -  Run Bytes Sent By Job
	493  -  Run Bytes Received By Job
...
040 (3447424.000.000) 02/01 07:54:19 Started transferring input files
	Transferring to host: <188.184.132.137:9618?addrs=188.184.132.137-9618+[2001-1458-301-a0--100-6a]-9618&noUDP&sock=4146_fb62_85192>
...
040 (3447424.000.000) 02/01 07:54:19 Finished transferring input files
...
001 (3447424.000.000) 02/01 07:54:20 Job executing on host: <188.184.132.137:9618?addrs=188.184.132.137-9618+[2001-1458-301-a0--100-6a]-9618&noUDP&sock=2419_cfaf_3>
...
040 (3447424.000.000) 02/01 07:54:45 Started transferring output files
...
040 (3447424.000.000) 02/01 07:54:45 Finished transferring output files
...
005 (3447424.000.000) 02/01 07:54:45 Job terminated.
	(1) Normal termination (return value 0)
		Usr 0 00:00:05, Sys 0 00:00:04  -  Run Remote Usage
		Usr 0 00:00:00, Sys 0 00:00:00  -  Run Local Usage
		Usr 0 00:00:05, Sys 0 00:00:04  -  Total Remote Usage
		Usr 0 00:00:00, Sys 0 00:00:00  -  Total Local Usage
	9715  -  Run Bytes Sent By Job
	493  -  Run Bytes Received By Job
	9715  -  Total Bytes Sent By Job
	986  -  Total Bytes Received By Job
	Partitionable Resources :    Usage  Request Allocated 
	   Cpus                 :                 1           
	   Disk (KB)            :       24       35   2203041 
	   Memory (MB)          :      391     2000      2000 
...
