000 (3447426.004.000) 01/30 01:49:35 Job submitted from host: <188.185.71.142:9618?addrs=188.185.71.142-9618+[2001-1458-d00-7--100-388]-9618&alias=bigbird09.cern.ch&noUDP&sock=schedd_2208_1533_7>
...
040 (3447426.004.000) 01/30 07:10:13 Started transferring input files
	Transferring to host: <188.184.138.175:9618?addrs=188.184.138.175-9618+[2001-1458-301-45--100-89]-9618&noUDP&sock=30787_f9fd_198801>
...
040 (3447426.004.000) 01/30 07:10:13 Finished transferring input files
...
001 (3447426.004.000) 01/30 07:10:14 Job executing on host: <188.184.138.175:9618?addrs=188.184.138.175-9618+[2001-1458-301-45--100-89]-9618&noUDP&sock=5580_fe8d_3>
...
006 (3447426.004.000) 01/30 07:10:22 Image size of job updated: 5224
	4  -  MemoryUsage of job (MB)
	4028  -  ResidentSetSize of job (KB)
...
006 (3447426.004.000) 01/30 07:15:22 Image size of job updated: 484268
	400  -  MemoryUsage of job (MB)
	409460  -  ResidentSetSize of job (KB)
...
006 (3447426.004.000) 01/30 07:20:23 Image size of job updated: 484284
	400  -  MemoryUsage of job (MB)
	409476  -  ResidentSetSize of job (KB)
...
006 (3447426.004.000) 01/30 07:30:24 Image size of job updated: 484288
	400  -  MemoryUsage of job (MB)
	409480  -  ResidentSetSize of job (KB)
...
006 (3447426.004.000) 01/30 07:35:24 Image size of job updated: 484300
	400  -  MemoryUsage of job (MB)
	409492  -  ResidentSetSize of job (KB)
...
006 (3447426.004.000) 01/30 07:50:26 Image size of job updated: 484312
	400  -  MemoryUsage of job (MB)
	409504  -  ResidentSetSize of job (KB)
...
006 (3447426.004.000) 01/30 09:30:37 Image size of job updated: 484312
	400  -  MemoryUsage of job (MB)
	409528  -  ResidentSetSize of job (KB)
...
006 (3447426.004.000) 01/30 09:40:39 Image size of job updated: 484312
	400  -  MemoryUsage of job (MB)
	409532  -  ResidentSetSize of job (KB)
...
006 (3447426.004.000) 01/30 13:06:00 Image size of job updated: 484312
	400  -  MemoryUsage of job (MB)
	409536  -  ResidentSetSize of job (KB)
...
006 (3447426.004.000) 01/30 13:11:01 Image size of job updated: 484312
	400  -  MemoryUsage of job (MB)
	409568  -  ResidentSetSize of job (KB)
...
006 (3447426.004.000) 01/30 13:16:01 Image size of job updated: 484312
	400  -  MemoryUsage of job (MB)
	409584  -  ResidentSetSize of job (KB)
...
006 (3447426.004.000) 01/30 13:21:02 Image size of job updated: 484312
	401  -  MemoryUsage of job (MB)
	409628  -  ResidentSetSize of job (KB)
...
006 (3447426.004.000) 01/30 13:26:03 Image size of job updated: 484312
	401  -  MemoryUsage of job (MB)
	409668  -  ResidentSetSize of job (KB)
...
006 (3447426.004.000) 01/30 13:36:03 Image size of job updated: 484312
	401  -  MemoryUsage of job (MB)
	409676  -  ResidentSetSize of job (KB)
...
006 (3447426.004.000) 01/30 13:41:04 Image size of job updated: 484312
	401  -  MemoryUsage of job (MB)
	409720  -  ResidentSetSize of job (KB)
...
006 (3447426.004.000) 01/30 13:46:05 Image size of job updated: 484312
	401  -  MemoryUsage of job (MB)
	409736  -  ResidentSetSize of job (KB)
...
006 (3447426.004.000) 01/30 13:51:05 Image size of job updated: 484312
	401  -  MemoryUsage of job (MB)
	409760  -  ResidentSetSize of job (KB)
...
006 (3447426.004.000) 01/30 13:56:05 Image size of job updated: 484312
	401  -  MemoryUsage of job (MB)
	409824  -  ResidentSetSize of job (KB)
...
006 (3447426.004.000) 01/30 14:01:06 Image size of job updated: 484312
	401  -  MemoryUsage of job (MB)
	409856  -  ResidentSetSize of job (KB)
...
006 (3447426.004.000) 01/30 14:06:06 Image size of job updated: 484312
	401  -  MemoryUsage of job (MB)
	409884  -  ResidentSetSize of job (KB)
...
006 (3447426.004.000) 01/30 14:11:07 Image size of job updated: 484312
	401  -  MemoryUsage of job (MB)
	409964  -  ResidentSetSize of job (KB)
...
006 (3447426.004.000) 01/30 14:16:07 Image size of job updated: 484312
	401  -  MemoryUsage of job (MB)
	409972  -  ResidentSetSize of job (KB)
...
006 (3447426.004.000) 01/30 14:21:07 Image size of job updated: 484312
	401  -  MemoryUsage of job (MB)
	409996  -  ResidentSetSize of job (KB)
...
006 (3447426.004.000) 01/30 14:26:08 Image size of job updated: 484312
	401  -  MemoryUsage of job (MB)
	410008  -  ResidentSetSize of job (KB)
...
006 (3447426.004.000) 01/30 14:31:08 Image size of job updated: 484312
	401  -  MemoryUsage of job (MB)
	410016  -  ResidentSetSize of job (KB)
...
006 (3447426.004.000) 01/30 14:36:09 Image size of job updated: 484312
	401  -  MemoryUsage of job (MB)
	410024  -  ResidentSetSize of job (KB)
...
006 (3447426.004.000) 01/30 14:41:10 Image size of job updated: 484312
	401  -  MemoryUsage of job (MB)
	410048  -  ResidentSetSize of job (KB)
...
006 (3447426.004.000) 01/30 14:46:10 Image size of job updated: 484312
	401  -  MemoryUsage of job (MB)
	410060  -  ResidentSetSize of job (KB)
...
006 (3447426.004.000) 01/30 14:51:11 Image size of job updated: 484312
	401  -  MemoryUsage of job (MB)
	410080  -  ResidentSetSize of job (KB)
...
006 (3447426.004.000) 01/30 15:01:12 Image size of job updated: 484312
	401  -  MemoryUsage of job (MB)
	410116  -  ResidentSetSize of job (KB)
...
006 (3447426.004.000) 01/30 15:06:13 Image size of job updated: 484312
	401  -  MemoryUsage of job (MB)
	410148  -  ResidentSetSize of job (KB)
...
006 (3447426.004.000) 01/30 15:11:14 Image size of job updated: 484312
	401  -  MemoryUsage of job (MB)
	410168  -  ResidentSetSize of job (KB)
...
006 (3447426.004.000) 01/30 15:16:14 Image size of job updated: 484312
	401  -  MemoryUsage of job (MB)
	410200  -  ResidentSetSize of job (KB)
...
006 (3447426.004.000) 01/30 15:21:14 Image size of job updated: 484312
	401  -  MemoryUsage of job (MB)
	410220  -  ResidentSetSize of job (KB)
...
006 (3447426.004.000) 01/30 15:26:16 Image size of job updated: 484312
	401  -  MemoryUsage of job (MB)
	410248  -  ResidentSetSize of job (KB)
...
006 (3447426.004.000) 01/30 15:31:16 Image size of job updated: 484312
	401  -  MemoryUsage of job (MB)
	410252  -  ResidentSetSize of job (KB)
...
006 (3447426.004.000) 01/30 15:36:16 Image size of job updated: 484312
	401  -  MemoryUsage of job (MB)
	410280  -  ResidentSetSize of job (KB)
...
006 (3447426.004.000) 01/30 15:41:17 Image size of job updated: 484312
	401  -  MemoryUsage of job (MB)
	410324  -  ResidentSetSize of job (KB)
...
006 (3447426.004.000) 01/30 15:46:18 Image size of job updated: 484312
	401  -  MemoryUsage of job (MB)
	410340  -  ResidentSetSize of job (KB)
...
006 (3447426.004.000) 01/30 15:51:18 Image size of job updated: 484312
	401  -  MemoryUsage of job (MB)
	410364  -  ResidentSetSize of job (KB)
...
006 (3447426.004.000) 01/30 15:56:19 Image size of job updated: 484312
	401  -  MemoryUsage of job (MB)
	410380  -  ResidentSetSize of job (KB)
...
006 (3447426.004.000) 01/30 16:01:20 Image size of job updated: 484312
	401  -  MemoryUsage of job (MB)
	410416  -  ResidentSetSize of job (KB)
...
006 (3447426.004.000) 01/30 16:06:20 Image size of job updated: 484312
	401  -  MemoryUsage of job (MB)
	410456  -  ResidentSetSize of job (KB)
...
006 (3447426.004.000) 01/30 16:11:20 Image size of job updated: 484312
	401  -  MemoryUsage of job (MB)
	410468  -  ResidentSetSize of job (KB)
...
006 (3447426.004.000) 01/30 16:16:21 Image size of job updated: 484312
	401  -  MemoryUsage of job (MB)
	410548  -  ResidentSetSize of job (KB)
...
006 (3447426.004.000) 01/30 16:21:21 Image size of job updated: 484312
	401  -  MemoryUsage of job (MB)
	410584  -  ResidentSetSize of job (KB)
...
006 (3447426.004.000) 01/30 16:36:23 Image size of job updated: 484312
	401  -  MemoryUsage of job (MB)
	410616  -  ResidentSetSize of job (KB)
...
006 (3447426.004.000) 01/30 16:41:23 Image size of job updated: 484312
	402  -  MemoryUsage of job (MB)
	410644  -  ResidentSetSize of job (KB)
...
006 (3447426.004.000) 01/30 16:46:24 Image size of job updated: 484312
	402  -  MemoryUsage of job (MB)
	410652  -  ResidentSetSize of job (KB)
...
006 (3447426.004.000) 01/30 16:51:25 Image size of job updated: 484312
	402  -  MemoryUsage of job (MB)
	410704  -  ResidentSetSize of job (KB)
...
006 (3447426.004.000) 01/30 16:56:25 Image size of job updated: 484312
	402  -  MemoryUsage of job (MB)
	410712  -  ResidentSetSize of job (KB)
...
006 (3447426.004.000) 01/30 17:06:27 Image size of job updated: 484312
	402  -  MemoryUsage of job (MB)
	410736  -  ResidentSetSize of job (KB)
...
006 (3447426.004.000) 01/30 17:11:27 Image size of job updated: 484312
	402  -  MemoryUsage of job (MB)
	410776  -  ResidentSetSize of job (KB)
...
006 (3447426.004.000) 01/30 17:16:27 Image size of job updated: 484312
	402  -  MemoryUsage of job (MB)
	410812  -  ResidentSetSize of job (KB)
...
006 (3447426.004.000) 01/30 17:21:28 Image size of job updated: 484312
	402  -  MemoryUsage of job (MB)
	410828  -  ResidentSetSize of job (KB)
...
006 (3447426.004.000) 01/30 17:26:28 Image size of job updated: 484312
	402  -  MemoryUsage of job (MB)
	410840  -  ResidentSetSize of job (KB)
...
006 (3447426.004.000) 01/30 17:31:28 Image size of job updated: 484312
	402  -  MemoryUsage of job (MB)
	410852  -  ResidentSetSize of job (KB)
...
006 (3447426.004.000) 01/30 17:36:29 Image size of job updated: 484312
	402  -  MemoryUsage of job (MB)
	410888  -  ResidentSetSize of job (KB)
...
006 (3447426.004.000) 01/30 17:41:30 Image size of job updated: 484312
	402  -  MemoryUsage of job (MB)
	410924  -  ResidentSetSize of job (KB)
...
006 (3447426.004.000) 01/30 17:51:31 Image size of job updated: 484312
	402  -  MemoryUsage of job (MB)
	410968  -  ResidentSetSize of job (KB)
...
006 (3447426.004.000) 01/30 17:56:32 Image size of job updated: 484312
	402  -  MemoryUsage of job (MB)
	410984  -  ResidentSetSize of job (KB)
...
006 (3447426.004.000) 01/30 18:01:32 Image size of job updated: 484312
	402  -  MemoryUsage of job (MB)
	411020  -  ResidentSetSize of job (KB)
...
006 (3447426.004.000) 01/30 18:06:32 Image size of job updated: 484312
	402  -  MemoryUsage of job (MB)
	411040  -  ResidentSetSize of job (KB)
...
006 (3447426.004.000) 01/30 18:11:33 Image size of job updated: 484312
	402  -  MemoryUsage of job (MB)
	411076  -  ResidentSetSize of job (KB)
...
006 (3447426.004.000) 01/30 18:16:33 Image size of job updated: 484312
	402  -  MemoryUsage of job (MB)
	411116  -  ResidentSetSize of job (KB)
...
006 (3447426.004.000) 01/30 18:21:33 Image size of job updated: 484312
	402  -  MemoryUsage of job (MB)
	411124  -  ResidentSetSize of job (KB)
...
006 (3447426.004.000) 01/30 18:26:34 Image size of job updated: 484312
	402  -  MemoryUsage of job (MB)
	411164  -  ResidentSetSize of job (KB)
...
006 (3447426.004.000) 01/30 18:31:34 Image size of job updated: 484312
	402  -  MemoryUsage of job (MB)
	411192  -  ResidentSetSize of job (KB)
...
006 (3447426.004.000) 01/30 18:36:34 Image size of job updated: 484312
	402  -  MemoryUsage of job (MB)
	411236  -  ResidentSetSize of job (KB)
...
006 (3447426.004.000) 01/30 18:41:35 Image size of job updated: 484312
	402  -  MemoryUsage of job (MB)
	411288  -  ResidentSetSize of job (KB)
...
006 (3447426.004.000) 01/30 18:46:36 Image size of job updated: 484312
	402  -  MemoryUsage of job (MB)
	411328  -  ResidentSetSize of job (KB)
...
006 (3447426.004.000) 01/30 18:51:36 Image size of job updated: 484312
	402  -  MemoryUsage of job (MB)
	411360  -  ResidentSetSize of job (KB)
...
006 (3447426.004.000) 01/30 18:56:36 Image size of job updated: 484312
	402  -  MemoryUsage of job (MB)
	411416  -  ResidentSetSize of job (KB)
...
006 (3447426.004.000) 01/30 19:06:37 Image size of job updated: 484312
	402  -  MemoryUsage of job (MB)
	411472  -  ResidentSetSize of job (KB)
...
006 (3447426.004.000) 01/30 19:16:38 Image size of job updated: 484312
	402  -  MemoryUsage of job (MB)
	411500  -  ResidentSetSize of job (KB)
...
006 (3447426.004.000) 01/30 19:21:38 Image size of job updated: 484312
	403  -  MemoryUsage of job (MB)
	411724  -  ResidentSetSize of job (KB)
...
006 (3447426.004.000) 01/30 19:56:40 Image size of job updated: 484312
	403  -  MemoryUsage of job (MB)
	411744  -  ResidentSetSize of job (KB)
...
006 (3447426.004.000) 01/30 20:01:41 Image size of job updated: 484312
	403  -  MemoryUsage of job (MB)
	411832  -  ResidentSetSize of job (KB)
...
006 (3447426.004.000) 01/30 20:16:43 Image size of job updated: 484312
	403  -  MemoryUsage of job (MB)
	411864  -  ResidentSetSize of job (KB)
...
006 (3447426.004.000) 01/30 20:21:44 Image size of job updated: 484312
	403  -  MemoryUsage of job (MB)
	411884  -  ResidentSetSize of job (KB)
...
006 (3447426.004.000) 01/30 20:26:44 Image size of job updated: 484312
	403  -  MemoryUsage of job (MB)
	411928  -  ResidentSetSize of job (KB)
...
006 (3447426.004.000) 01/30 20:31:44 Image size of job updated: 484312
	403  -  MemoryUsage of job (MB)
	411964  -  ResidentSetSize of job (KB)
...
006 (3447426.004.000) 01/30 20:36:45 Image size of job updated: 484312
	403  -  MemoryUsage of job (MB)
	412008  -  ResidentSetSize of job (KB)
...
006 (3447426.004.000) 01/30 20:41:46 Image size of job updated: 484312
	403  -  MemoryUsage of job (MB)
	412032  -  ResidentSetSize of job (KB)
...
006 (3447426.004.000) 01/30 20:46:46 Image size of job updated: 484312
	403  -  MemoryUsage of job (MB)
	412056  -  ResidentSetSize of job (KB)
...
006 (3447426.004.000) 01/30 20:51:47 Image size of job updated: 484312
	403  -  MemoryUsage of job (MB)
	412184  -  ResidentSetSize of job (KB)
...
006 (3447426.004.000) 01/30 20:56:48 Image size of job updated: 484312
	403  -  MemoryUsage of job (MB)
	412244  -  ResidentSetSize of job (KB)
...
006 (3447426.004.000) 01/30 21:11:49 Image size of job updated: 484312
	403  -  MemoryUsage of job (MB)
	412400  -  ResidentSetSize of job (KB)
...
006 (3447426.004.000) 01/30 21:21:50 Image size of job updated: 484312
	403  -  MemoryUsage of job (MB)
	412472  -  ResidentSetSize of job (KB)
...
006 (3447426.004.000) 01/30 21:31:52 Image size of job updated: 484312
	403  -  MemoryUsage of job (MB)
	412592  -  ResidentSetSize of job (KB)
...
006 (3447426.004.000) 01/30 22:31:58 Image size of job updated: 484312
	403  -  MemoryUsage of job (MB)
	412620  -  ResidentSetSize of job (KB)
...
006 (3447426.004.000) 01/30 22:36:59 Image size of job updated: 484312
	403  -  MemoryUsage of job (MB)
	412644  -  ResidentSetSize of job (KB)
...
006 (3447426.004.000) 01/30 22:42:00 Image size of job updated: 484312
	403  -  MemoryUsage of job (MB)
	412652  -  ResidentSetSize of job (KB)
...
006 (3447426.004.000) 01/30 22:47:00 Image size of job updated: 484312
	404  -  MemoryUsage of job (MB)
	412676  -  ResidentSetSize of job (KB)
...
006 (3447426.004.000) 01/30 22:52:01 Image size of job updated: 484312
	404  -  MemoryUsage of job (MB)
	412704  -  ResidentSetSize of job (KB)
...
006 (3447426.004.000) 01/30 22:57:02 Image size of job updated: 484312
	404  -  MemoryUsage of job (MB)
	412748  -  ResidentSetSize of job (KB)
...
006 (3447426.004.000) 01/30 23:02:02 Image size of job updated: 484312
	404  -  MemoryUsage of job (MB)
	412788  -  ResidentSetSize of job (KB)
...
006 (3447426.004.000) 01/30 23:07:03 Image size of job updated: 484312
	404  -  MemoryUsage of job (MB)
	412820  -  ResidentSetSize of job (KB)
...
006 (3447426.004.000) 01/30 23:12:03 Image size of job updated: 484312
	404  -  MemoryUsage of job (MB)
	412844  -  ResidentSetSize of job (KB)
...
006 (3447426.004.000) 01/30 23:17:04 Image size of job updated: 484312
	404  -  MemoryUsage of job (MB)
	412856  -  ResidentSetSize of job (KB)
...
006 (3447426.004.000) 01/30 23:22:04 Image size of job updated: 484312
	404  -  MemoryUsage of job (MB)
	412900  -  ResidentSetSize of job (KB)
...
006 (3447426.004.000) 01/30 23:27:04 Image size of job updated: 484312
	404  -  MemoryUsage of job (MB)
	412952  -  ResidentSetSize of job (KB)
...
006 (3447426.004.000) 01/30 23:32:05 Image size of job updated: 484312
	404  -  MemoryUsage of job (MB)
	412968  -  ResidentSetSize of job (KB)
...
006 (3447426.004.000) 01/30 23:37:05 Image size of job updated: 484312
	404  -  MemoryUsage of job (MB)
	413012  -  ResidentSetSize of job (KB)
...
006 (3447426.004.000) 01/30 23:42:05 Image size of job updated: 484312
	404  -  MemoryUsage of job (MB)
	413040  -  ResidentSetSize of job (KB)
...
006 (3447426.004.000) 01/30 23:47:07 Image size of job updated: 484312
	404  -  MemoryUsage of job (MB)
	413064  -  ResidentSetSize of job (KB)
...
006 (3447426.004.000) 01/30 23:52:07 Image size of job updated: 484312
	404  -  MemoryUsage of job (MB)
	413068  -  ResidentSetSize of job (KB)
...
006 (3447426.004.000) 01/30 23:57:07 Image size of job updated: 484312
	404  -  MemoryUsage of job (MB)
	413124  -  ResidentSetSize of job (KB)
...
006 (3447426.004.000) 01/31 00:02:08 Image size of job updated: 484312
	404  -  MemoryUsage of job (MB)
	413188  -  ResidentSetSize of job (KB)
...
006 (3447426.004.000) 01/31 00:07:09 Image size of job updated: 484312
	404  -  MemoryUsage of job (MB)
	413212  -  ResidentSetSize of job (KB)
...
006 (3447426.004.000) 01/31 00:12:09 Image size of job updated: 484312
	404  -  MemoryUsage of job (MB)
	413216  -  ResidentSetSize of job (KB)
...
006 (3447426.004.000) 01/31 00:22:10 Image size of job updated: 484312
	404  -  MemoryUsage of job (MB)
	413256  -  ResidentSetSize of job (KB)
...
006 (3447426.004.000) 01/31 00:27:10 Image size of job updated: 484312
	404  -  MemoryUsage of job (MB)
	413276  -  ResidentSetSize of job (KB)
...
006 (3447426.004.000) 01/31 00:32:10 Image size of job updated: 484312
	404  -  MemoryUsage of job (MB)
	413300  -  ResidentSetSize of job (KB)
...
006 (3447426.004.000) 01/31 00:37:11 Image size of job updated: 484312
	404  -  MemoryUsage of job (MB)
	413328  -  ResidentSetSize of job (KB)
...
006 (3447426.004.000) 01/31 00:42:12 Image size of job updated: 484312
	404  -  MemoryUsage of job (MB)
	413332  -  ResidentSetSize of job (KB)
...
006 (3447426.004.000) 01/31 00:47:12 Image size of job updated: 484312
	404  -  MemoryUsage of job (MB)
	413432  -  ResidentSetSize of job (KB)
...
006 (3447426.004.000) 01/31 00:57:14 Image size of job updated: 484312
	404  -  MemoryUsage of job (MB)
	413448  -  ResidentSetSize of job (KB)
...
006 (3447426.004.000) 01/31 01:07:14 Image size of job updated: 484312
	404  -  MemoryUsage of job (MB)
	413492  -  ResidentSetSize of job (KB)
...
006 (3447426.004.000) 01/31 01:17:16 Image size of job updated: 484312
	404  -  MemoryUsage of job (MB)
	413512  -  ResidentSetSize of job (KB)
...
006 (3447426.004.000) 01/31 01:22:16 Image size of job updated: 484312
	404  -  MemoryUsage of job (MB)
	413624  -  ResidentSetSize of job (KB)
...
006 (3447426.004.000) 01/31 01:27:16 Image size of job updated: 484312
	404  -  MemoryUsage of job (MB)
	413680  -  ResidentSetSize of job (KB)
...
006 (3447426.004.000) 01/31 01:32:17 Image size of job updated: 484312
	405  -  MemoryUsage of job (MB)
	413728  -  ResidentSetSize of job (KB)
...
006 (3447426.004.000) 01/31 01:37:17 Image size of job updated: 484312
	405  -  MemoryUsage of job (MB)
	413764  -  ResidentSetSize of job (KB)
...
006 (3447426.004.000) 01/31 01:42:17 Image size of job updated: 484312
	405  -  MemoryUsage of job (MB)
	413768  -  ResidentSetSize of job (KB)
...
006 (3447426.004.000) 01/31 01:47:18 Image size of job updated: 484312
	405  -  MemoryUsage of job (MB)
	413812  -  ResidentSetSize of job (KB)
...
006 (3447426.004.000) 01/31 01:52:19 Image size of job updated: 484312
	405  -  MemoryUsage of job (MB)
	413840  -  ResidentSetSize of job (KB)
...
006 (3447426.004.000) 01/31 01:57:19 Image size of job updated: 484312
	405  -  MemoryUsage of job (MB)
	413920  -  ResidentSetSize of job (KB)
...
006 (3447426.004.000) 01/31 02:02:19 Image size of job updated: 484312
	405  -  MemoryUsage of job (MB)
	413928  -  ResidentSetSize of job (KB)
...
006 (3447426.004.000) 01/31 02:07:20 Image size of job updated: 484312
	405  -  MemoryUsage of job (MB)
	413992  -  ResidentSetSize of job (KB)
...
006 (3447426.004.000) 01/31 02:12:21 Image size of job updated: 484312
	405  -  MemoryUsage of job (MB)
	414016  -  ResidentSetSize of job (KB)
...
006 (3447426.004.000) 01/31 02:17:21 Image size of job updated: 484312
	405  -  MemoryUsage of job (MB)
	414036  -  ResidentSetSize of job (KB)
...
006 (3447426.004.000) 01/31 02:22:21 Image size of job updated: 484312
	405  -  MemoryUsage of job (MB)
	414068  -  ResidentSetSize of job (KB)
...
006 (3447426.004.000) 01/31 02:27:22 Image size of job updated: 484312
	405  -  MemoryUsage of job (MB)
	414164  -  ResidentSetSize of job (KB)
...
006 (3447426.004.000) 01/31 02:32:23 Image size of job updated: 484312
	405  -  MemoryUsage of job (MB)
	414212  -  ResidentSetSize of job (KB)
...
006 (3447426.004.000) 01/31 02:37:23 Image size of job updated: 484312
	405  -  MemoryUsage of job (MB)
	414248  -  ResidentSetSize of job (KB)
...
006 (3447426.004.000) 01/31 02:42:23 Image size of job updated: 484312
	405  -  MemoryUsage of job (MB)
	414256  -  ResidentSetSize of job (KB)
...
006 (3447426.004.000) 01/31 02:47:24 Image size of job updated: 484312
	405  -  MemoryUsage of job (MB)
	414300  -  ResidentSetSize of job (KB)
...
006 (3447426.004.000) 01/31 02:52:25 Image size of job updated: 484312
	405  -  MemoryUsage of job (MB)
	414436  -  ResidentSetSize of job (KB)
...
006 (3447426.004.000) 01/31 02:57:25 Image size of job updated: 484312
	405  -  MemoryUsage of job (MB)
	414476  -  ResidentSetSize of job (KB)
...
006 (3447426.004.000) 01/31 03:02:25 Image size of job updated: 484312
	405  -  MemoryUsage of job (MB)
	414540  -  ResidentSetSize of job (KB)
...
006 (3447426.004.000) 01/31 03:07:26 Image size of job updated: 484312
	405  -  MemoryUsage of job (MB)
	414564  -  ResidentSetSize of job (KB)
...
006 (3447426.004.000) 01/31 03:12:27 Image size of job updated: 484312
	405  -  MemoryUsage of job (MB)
	414592  -  ResidentSetSize of job (KB)
...
006 (3447426.004.000) 01/31 03:17:27 Image size of job updated: 484312
	405  -  MemoryUsage of job (MB)
	414648  -  ResidentSetSize of job (KB)
...
006 (3447426.004.000) 01/31 03:22:27 Image size of job updated: 484312
	405  -  MemoryUsage of job (MB)
	414716  -  ResidentSetSize of job (KB)
...
006 (3447426.004.000) 01/31 03:27:28 Image size of job updated: 484312
	406  -  MemoryUsage of job (MB)
	414764  -  ResidentSetSize of job (KB)
...
006 (3447426.004.000) 01/31 03:32:29 Image size of job updated: 484312
	406  -  MemoryUsage of job (MB)
	414836  -  ResidentSetSize of job (KB)
...
006 (3447426.004.000) 01/31 03:37:29 Image size of job updated: 484312
	406  -  MemoryUsage of job (MB)
	414848  -  ResidentSetSize of job (KB)
...
006 (3447426.004.000) 01/31 03:42:29 Image size of job updated: 484312
	406  -  MemoryUsage of job (MB)
	414900  -  ResidentSetSize of job (KB)
...
006 (3447426.004.000) 01/31 03:47:30 Image size of job updated: 484312
	406  -  MemoryUsage of job (MB)
	414948  -  ResidentSetSize of job (KB)
...
006 (3447426.004.000) 01/31 03:52:31 Image size of job updated: 484312
	406  -  MemoryUsage of job (MB)
	415044  -  ResidentSetSize of job (KB)
...
006 (3447426.004.000) 01/31 03:57:31 Image size of job updated: 484312
	406  -  MemoryUsage of job (MB)
	415112  -  ResidentSetSize of job (KB)
...
006 (3447426.004.000) 01/31 04:02:31 Image size of job updated: 484312
	406  -  MemoryUsage of job (MB)
	415176  -  ResidentSetSize of job (KB)
...
006 (3447426.004.000) 01/31 04:07:32 Image size of job updated: 484312
	406  -  MemoryUsage of job (MB)
	415200  -  ResidentSetSize of job (KB)
...
006 (3447426.004.000) 01/31 04:12:33 Image size of job updated: 484312
	406  -  MemoryUsage of job (MB)
	415252  -  ResidentSetSize of job (KB)
...
006 (3447426.004.000) 01/31 04:17:33 Image size of job updated: 484312
	406  -  MemoryUsage of job (MB)
	415344  -  ResidentSetSize of job (KB)
...
006 (3447426.004.000) 01/31 04:27:34 Image size of job updated: 484312
	406  -  MemoryUsage of job (MB)
	415400  -  ResidentSetSize of job (KB)
...
006 (3447426.004.000) 01/31 04:32:35 Image size of job updated: 484312
	406  -  MemoryUsage of job (MB)
	415420  -  ResidentSetSize of job (KB)
...
006 (3447426.004.000) 01/31 04:37:35 Image size of job updated: 484312
	406  -  MemoryUsage of job (MB)
	415460  -  ResidentSetSize of job (KB)
...
006 (3447426.004.000) 01/31 04:42:35 Image size of job updated: 484312
	406  -  MemoryUsage of job (MB)
	415464  -  ResidentSetSize of job (KB)
...
006 (3447426.004.000) 01/31 04:47:36 Image size of job updated: 484312
	406  -  MemoryUsage of job (MB)
	415580  -  ResidentSetSize of job (KB)
...
006 (3447426.004.000) 01/31 04:52:37 Image size of job updated: 484312
	406  -  MemoryUsage of job (MB)
	415612  -  ResidentSetSize of job (KB)
...
006 (3447426.004.000) 01/31 04:57:37 Image size of job updated: 484312
	406  -  MemoryUsage of job (MB)
	415652  -  ResidentSetSize of job (KB)
...
006 (3447426.004.000) 01/31 05:02:37 Image size of job updated: 484312
	406  -  MemoryUsage of job (MB)
	415672  -  ResidentSetSize of job (KB)
...
006 (3447426.004.000) 01/31 05:07:37 Image size of job updated: 484312
	406  -  MemoryUsage of job (MB)
	415744  -  ResidentSetSize of job (KB)
...
006 (3447426.004.000) 01/31 05:12:39 Image size of job updated: 484312
	407  -  MemoryUsage of job (MB)
	415764  -  ResidentSetSize of job (KB)
...
006 (3447426.004.000) 01/31 05:17:39 Image size of job updated: 484312
	407  -  MemoryUsage of job (MB)
	415824  -  ResidentSetSize of job (KB)
...
006 (3447426.004.000) 01/31 05:22:39 Image size of job updated: 484312
	407  -  MemoryUsage of job (MB)
	415864  -  ResidentSetSize of job (KB)
...
006 (3447426.004.000) 01/31 05:27:40 Image size of job updated: 484312
	407  -  MemoryUsage of job (MB)
	415896  -  ResidentSetSize of job (KB)
...
006 (3447426.004.000) 01/31 05:32:41 Image size of job updated: 484312
	407  -  MemoryUsage of job (MB)
	415964  -  ResidentSetSize of job (KB)
...
006 (3447426.004.000) 01/31 05:37:41 Image size of job updated: 484312
	407  -  MemoryUsage of job (MB)
	416052  -  ResidentSetSize of job (KB)
...
006 (3447426.004.000) 01/31 05:42:41 Image size of job updated: 484312
	407  -  MemoryUsage of job (MB)
	416116  -  ResidentSetSize of job (KB)
...
006 (3447426.004.000) 01/31 05:47:42 Image size of job updated: 484312
	407  -  MemoryUsage of job (MB)
	416184  -  ResidentSetSize of job (KB)
...
006 (3447426.004.000) 01/31 05:52:43 Image size of job updated: 484312
	407  -  MemoryUsage of job (MB)
	416240  -  ResidentSetSize of job (KB)
...
006 (3447426.004.000) 01/31 05:57:43 Image size of job updated: 484312
	407  -  MemoryUsage of job (MB)
	416276  -  ResidentSetSize of job (KB)
...
006 (3447426.004.000) 01/31 06:02:43 Image size of job updated: 484312
	407  -  MemoryUsage of job (MB)
	416316  -  ResidentSetSize of job (KB)
...
006 (3447426.004.000) 01/31 06:07:44 Image size of job updated: 484312
	407  -  MemoryUsage of job (MB)
	416368  -  ResidentSetSize of job (KB)
...
006 (3447426.004.000) 01/31 06:17:45 Image size of job updated: 484312
	407  -  MemoryUsage of job (MB)
	416412  -  ResidentSetSize of job (KB)
...
006 (3447426.004.000) 01/31 06:22:46 Image size of job updated: 484312
	407  -  MemoryUsage of job (MB)
	416444  -  ResidentSetSize of job (KB)
...
006 (3447426.004.000) 01/31 06:27:47 Image size of job updated: 484312
	407  -  MemoryUsage of job (MB)
	416472  -  ResidentSetSize of job (KB)
...
006 (3447426.004.000) 01/31 06:32:47 Image size of job updated: 484312
	407  -  MemoryUsage of job (MB)
	416484  -  ResidentSetSize of job (KB)
...
006 (3447426.004.000) 01/31 06:37:47 Image size of job updated: 484312
	407  -  MemoryUsage of job (MB)
	416524  -  ResidentSetSize of job (KB)
...
006 (3447426.004.000) 01/31 06:42:48 Image size of job updated: 484312
	407  -  MemoryUsage of job (MB)
	416548  -  ResidentSetSize of job (KB)
...
006 (3447426.004.000) 01/31 06:47:48 Image size of job updated: 484312
	407  -  MemoryUsage of job (MB)
	416560  -  ResidentSetSize of job (KB)
...
006 (3447426.004.000) 01/31 06:52:48 Image size of job updated: 484312
	407  -  MemoryUsage of job (MB)
	416588  -  ResidentSetSize of job (KB)
...
006 (3447426.004.000) 01/31 07:02:49 Image size of job updated: 484312
	407  -  MemoryUsage of job (MB)
	416656  -  ResidentSetSize of job (KB)
...
006 (3447426.004.000) 01/31 07:12:50 Image size of job updated: 484312
	407  -  MemoryUsage of job (MB)
	416704  -  ResidentSetSize of job (KB)
...
006 (3447426.004.000) 01/31 07:17:50 Image size of job updated: 484312
	407  -  MemoryUsage of job (MB)
	416756  -  ResidentSetSize of job (KB)
...
006 (3447426.004.000) 01/31 07:22:50 Image size of job updated: 484312
	408  -  MemoryUsage of job (MB)
	416780  -  ResidentSetSize of job (KB)
...
006 (3447426.004.000) 01/31 07:27:52 Image size of job updated: 484312
	408  -  MemoryUsage of job (MB)
	416824  -  ResidentSetSize of job (KB)
...
006 (3447426.004.000) 01/31 07:32:52 Image size of job updated: 484312
	408  -  MemoryUsage of job (MB)
	416840  -  ResidentSetSize of job (KB)
...
006 (3447426.004.000) 01/31 07:37:52 Image size of job updated: 484312
	408  -  MemoryUsage of job (MB)
	416864  -  ResidentSetSize of job (KB)
...
006 (3447426.004.000) 01/31 07:42:53 Image size of job updated: 484312
	408  -  MemoryUsage of job (MB)
	416868  -  ResidentSetSize of job (KB)
...
006 (3447426.004.000) 01/31 07:47:53 Image size of job updated: 484312
	408  -  MemoryUsage of job (MB)
	416968  -  ResidentSetSize of job (KB)
...
006 (3447426.004.000) 01/31 07:52:53 Image size of job updated: 484312
	408  -  MemoryUsage of job (MB)
	417000  -  ResidentSetSize of job (KB)
...
006 (3447426.004.000) 01/31 07:57:55 Image size of job updated: 484312
	409  -  MemoryUsage of job (MB)
	418180  -  ResidentSetSize of job (KB)
...
006 (3447426.004.000) 01/31 08:02:55 Image size of job updated: 484312
	410  -  MemoryUsage of job (MB)
	419436  -  ResidentSetSize of job (KB)
...
006 (3447426.004.000) 01/31 08:07:55 Image size of job updated: 484312
	410  -  MemoryUsage of job (MB)
	419588  -  ResidentSetSize of job (KB)
...
006 (3447426.004.000) 01/31 08:12:56 Image size of job updated: 484312
	410  -  MemoryUsage of job (MB)
	419620  -  ResidentSetSize of job (KB)
...
006 (3447426.004.000) 01/31 08:17:56 Image size of job updated: 484312
	410  -  MemoryUsage of job (MB)
	419652  -  ResidentSetSize of job (KB)
...
006 (3447426.004.000) 01/31 08:22:56 Image size of job updated: 484312
	410  -  MemoryUsage of job (MB)
	419748  -  ResidentSetSize of job (KB)
...
006 (3447426.004.000) 01/31 08:27:57 Image size of job updated: 484312
	410  -  MemoryUsage of job (MB)
	419820  -  ResidentSetSize of job (KB)
...
006 (3447426.004.000) 01/31 08:32:57 Image size of job updated: 484312
	411  -  MemoryUsage of job (MB)
	419940  -  ResidentSetSize of job (KB)
...
006 (3447426.004.000) 01/31 08:42:58 Image size of job updated: 484312
	411  -  MemoryUsage of job (MB)
	420008  -  ResidentSetSize of job (KB)
...
006 (3447426.004.000) 01/31 08:47:58 Image size of job updated: 484312
	411  -  MemoryUsage of job (MB)
	420188  -  ResidentSetSize of job (KB)
...
006 (3447426.004.000) 01/31 08:52:58 Image size of job updated: 484312
	411  -  MemoryUsage of job (MB)
	420248  -  ResidentSetSize of job (KB)
...
006 (3447426.004.000) 01/31 09:02:59 Image size of job updated: 484312
	411  -  MemoryUsage of job (MB)
	420384  -  ResidentSetSize of job (KB)
...
006 (3447426.004.000) 01/31 09:07:59 Image size of job updated: 484312
	411  -  MemoryUsage of job (MB)
	420448  -  ResidentSetSize of job (KB)
...
006 (3447426.004.000) 01/31 09:13:00 Image size of job updated: 484312
	411  -  MemoryUsage of job (MB)
	420576  -  ResidentSetSize of job (KB)
...
006 (3447426.004.000) 01/31 09:18:00 Image size of job updated: 484312
	411  -  MemoryUsage of job (MB)
	420608  -  ResidentSetSize of job (KB)
...
006 (3447426.004.000) 01/31 09:23:00 Image size of job updated: 484312
	411  -  MemoryUsage of job (MB)
	420712  -  ResidentSetSize of job (KB)
...
006 (3447426.004.000) 01/31 09:28:01 Image size of job updated: 484312
	411  -  MemoryUsage of job (MB)
	420736  -  ResidentSetSize of job (KB)
...
006 (3447426.004.000) 01/31 09:33:02 Image size of job updated: 484312
	411  -  MemoryUsage of job (MB)
	420812  -  ResidentSetSize of job (KB)
...
006 (3447426.004.000) 01/31 09:38:02 Image size of job updated: 484312
	412  -  MemoryUsage of job (MB)
	420968  -  ResidentSetSize of job (KB)
...
006 (3447426.004.000) 01/31 09:43:03 Image size of job updated: 484312
	412  -  MemoryUsage of job (MB)
	421048  -  ResidentSetSize of job (KB)
...
006 (3447426.004.000) 01/31 09:48:04 Image size of job updated: 484312
	412  -  MemoryUsage of job (MB)
	421140  -  ResidentSetSize of job (KB)
...
006 (3447426.004.000) 01/31 09:53:04 Image size of job updated: 484312
	412  -  MemoryUsage of job (MB)
	421260  -  ResidentSetSize of job (KB)
...
006 (3447426.004.000) 01/31 09:58:05 Image size of job updated: 484312
	412  -  MemoryUsage of job (MB)
	421364  -  ResidentSetSize of job (KB)
...
006 (3447426.004.000) 01/31 10:03:06 Image size of job updated: 484312
	412  -  MemoryUsage of job (MB)
	421428  -  ResidentSetSize of job (KB)
...
006 (3447426.004.000) 01/31 10:10:55 Image size of job updated: 484312
	412  -  MemoryUsage of job (MB)
	421552  -  ResidentSetSize of job (KB)
...
006 (3447426.004.000) 01/31 10:19:22 Image size of job updated: 484312
	412  -  MemoryUsage of job (MB)
	421692  -  ResidentSetSize of job (KB)
...
006 (3447426.004.000) 01/31 10:26:08 Image size of job updated: 484312
	412  -  MemoryUsage of job (MB)
	421840  -  ResidentSetSize of job (KB)
...
006 (3447426.004.000) 01/31 10:31:08 Image size of job updated: 484312
	413  -  MemoryUsage of job (MB)
	421912  -  ResidentSetSize of job (KB)
...
006 (3447426.004.000) 01/31 10:41:10 Image size of job updated: 484312
	413  -  MemoryUsage of job (MB)
	421996  -  ResidentSetSize of job (KB)
...
006 (3447426.004.000) 01/31 10:46:10 Image size of job updated: 484312
	413  -  MemoryUsage of job (MB)
	422112  -  ResidentSetSize of job (KB)
...
006 (3447426.004.000) 01/31 10:51:11 Image size of job updated: 484312
	413  -  MemoryUsage of job (MB)
	422188  -  ResidentSetSize of job (KB)
...
006 (3447426.004.000) 01/31 10:56:12 Image size of job updated: 484312
	413  -  MemoryUsage of job (MB)
	422268  -  ResidentSetSize of job (KB)
...
006 (3447426.004.000) 01/31 11:01:12 Image size of job updated: 484312
	413  -  MemoryUsage of job (MB)
	422348  -  ResidentSetSize of job (KB)
...
006 (3447426.004.000) 01/31 11:06:13 Image size of job updated: 484312
	413  -  MemoryUsage of job (MB)
	422424  -  ResidentSetSize of job (KB)
...
006 (3447426.004.000) 01/31 11:11:14 Image size of job updated: 484312
	413  -  MemoryUsage of job (MB)
	422508  -  ResidentSetSize of job (KB)
...
006 (3447426.004.000) 01/31 11:16:14 Image size of job updated: 484312
	413  -  MemoryUsage of job (MB)
	422560  -  ResidentSetSize of job (KB)
...
006 (3447426.004.000) 01/31 11:21:14 Image size of job updated: 484312
	413  -  MemoryUsage of job (MB)
	422668  -  ResidentSetSize of job (KB)
...
006 (3447426.004.000) 01/31 11:26:15 Image size of job updated: 484312
	413  -  MemoryUsage of job (MB)
	422676  -  ResidentSetSize of job (KB)
...
006 (3447426.004.000) 01/31 11:31:15 Image size of job updated: 484312
	413  -  MemoryUsage of job (MB)
	422860  -  ResidentSetSize of job (KB)
...
006 (3447426.004.000) 01/31 11:36:15 Image size of job updated: 484312
	413  -  MemoryUsage of job (MB)
	422896  -  ResidentSetSize of job (KB)
...
006 (3447426.004.000) 01/31 11:41:16 Image size of job updated: 484312
	414  -  MemoryUsage of job (MB)
	423032  -  ResidentSetSize of job (KB)
...
006 (3447426.004.000) 01/31 11:46:16 Image size of job updated: 484312
	414  -  MemoryUsage of job (MB)
	423100  -  ResidentSetSize of job (KB)
...
006 (3447426.004.000) 01/31 11:51:16 Image size of job updated: 484312
	414  -  MemoryUsage of job (MB)
	423224  -  ResidentSetSize of job (KB)
...
006 (3447426.004.000) 01/31 11:56:16 Image size of job updated: 484312
	414  -  MemoryUsage of job (MB)
	423392  -  ResidentSetSize of job (KB)
...
006 (3447426.004.000) 01/31 12:01:17 Image size of job updated: 484312
	414  -  MemoryUsage of job (MB)
	423732  -  ResidentSetSize of job (KB)
...
006 (3447426.004.000) 01/31 12:11:17 Image size of job updated: 484312
	414  -  MemoryUsage of job (MB)
	423816  -  ResidentSetSize of job (KB)
...
006 (3447426.004.000) 01/31 12:16:18 Image size of job updated: 484312
	415  -  MemoryUsage of job (MB)
	423992  -  ResidentSetSize of job (KB)
...
006 (3447426.004.000) 01/31 12:26:19 Image size of job updated: 484312
	415  -  MemoryUsage of job (MB)
	424328  -  ResidentSetSize of job (KB)
...
006 (3447426.004.000) 01/31 12:56:23 Image size of job updated: 484312
	415  -  MemoryUsage of job (MB)
	424384  -  ResidentSetSize of job (KB)
...
006 (3447426.004.000) 01/31 13:06:23 Image size of job updated: 484312
	415  -  MemoryUsage of job (MB)
	424516  -  ResidentSetSize of job (KB)
...
006 (3447426.004.000) 01/31 13:46:27 Image size of job updated: 484312
	415  -  MemoryUsage of job (MB)
	424520  -  ResidentSetSize of job (KB)
...
006 (3447426.004.000) 01/31 13:51:28 Image size of job updated: 484312
	415  -  MemoryUsage of job (MB)
	424584  -  ResidentSetSize of job (KB)
...
006 (3447426.004.000) 01/31 13:56:29 Image size of job updated: 484312
	415  -  MemoryUsage of job (MB)
	424604  -  ResidentSetSize of job (KB)
...
006 (3447426.004.000) 01/31 14:01:29 Image size of job updated: 484312
	415  -  MemoryUsage of job (MB)
	424632  -  ResidentSetSize of job (KB)
...
006 (3447426.004.000) 01/31 14:06:30 Image size of job updated: 484312
	415  -  MemoryUsage of job (MB)
	424668  -  ResidentSetSize of job (KB)
...
006 (3447426.004.000) 01/31 14:16:32 Image size of job updated: 484312
	415  -  MemoryUsage of job (MB)
	424756  -  ResidentSetSize of job (KB)
...
006 (3447426.004.000) 01/31 14:21:32 Image size of job updated: 484312
	415  -  MemoryUsage of job (MB)
	424784  -  ResidentSetSize of job (KB)
...
006 (3447426.004.000) 01/31 14:31:33 Image size of job updated: 484312
	415  -  MemoryUsage of job (MB)
	424828  -  ResidentSetSize of job (KB)
...
006 (3447426.004.000) 01/31 14:36:34 Image size of job updated: 484312
	415  -  MemoryUsage of job (MB)
	424832  -  ResidentSetSize of job (KB)
...
006 (3447426.004.000) 01/31 14:41:34 Image size of job updated: 484312
	415  -  MemoryUsage of job (MB)
	424856  -  ResidentSetSize of job (KB)
...
006 (3447426.004.000) 01/31 14:51:36 Image size of job updated: 484312
	415  -  MemoryUsage of job (MB)
	424872  -  ResidentSetSize of job (KB)
...
006 (3447426.004.000) 01/31 14:56:36 Image size of job updated: 484312
	415  -  MemoryUsage of job (MB)
	424904  -  ResidentSetSize of job (KB)
...
006 (3447426.004.000) 01/31 15:06:37 Image size of job updated: 484312
	415  -  MemoryUsage of job (MB)
	424916  -  ResidentSetSize of job (KB)
...
006 (3447426.004.000) 01/31 15:11:38 Image size of job updated: 484312
	415  -  MemoryUsage of job (MB)
	424920  -  ResidentSetSize of job (KB)
...
006 (3447426.004.000) 01/31 15:16:38 Image size of job updated: 484312
	415  -  MemoryUsage of job (MB)
	424952  -  ResidentSetSize of job (KB)
...
006 (3447426.004.000) 01/31 15:21:38 Image size of job updated: 484312
	416  -  MemoryUsage of job (MB)
	424968  -  ResidentSetSize of job (KB)
...
006 (3447426.004.000) 01/31 15:26:39 Image size of job updated: 484312
	416  -  MemoryUsage of job (MB)
	424980  -  ResidentSetSize of job (KB)
...
006 (3447426.004.000) 01/31 15:36:39 Image size of job updated: 484312
	416  -  MemoryUsage of job (MB)
	424996  -  ResidentSetSize of job (KB)
...
006 (3447426.004.000) 01/31 15:41:40 Image size of job updated: 484312
	416  -  MemoryUsage of job (MB)
	425004  -  ResidentSetSize of job (KB)
...
006 (3447426.004.000) 01/31 15:46:41 Image size of job updated: 484312
	416  -  MemoryUsage of job (MB)
	425012  -  ResidentSetSize of job (KB)
...
006 (3447426.004.000) 01/31 15:56:41 Image size of job updated: 484312
	416  -  MemoryUsage of job (MB)
	425028  -  ResidentSetSize of job (KB)
...
006 (3447426.004.000) 01/31 16:06:43 Image size of job updated: 484312
	416  -  MemoryUsage of job (MB)
	425060  -  ResidentSetSize of job (KB)
...
006 (3447426.004.000) 01/31 16:11:43 Image size of job updated: 484312
	416  -  MemoryUsage of job (MB)
	425064  -  ResidentSetSize of job (KB)
...
006 (3447426.004.000) 01/31 16:16:43 Image size of job updated: 484312
	416  -  MemoryUsage of job (MB)
	425076  -  ResidentSetSize of job (KB)
...
006 (3447426.004.000) 01/31 16:21:44 Image size of job updated: 484312
	416  -  MemoryUsage of job (MB)
	425100  -  ResidentSetSize of job (KB)
...
006 (3447426.004.000) 01/31 16:26:45 Image size of job updated: 484312
	416  -  MemoryUsage of job (MB)
	425128  -  ResidentSetSize of job (KB)
...
006 (3447426.004.000) 01/31 16:31:45 Image size of job updated: 484312
	416  -  MemoryUsage of job (MB)
	425140  -  ResidentSetSize of job (KB)
...
006 (3447426.004.000) 01/31 16:36:45 Image size of job updated: 484312
	416  -  MemoryUsage of job (MB)
	425148  -  ResidentSetSize of job (KB)
...
006 (3447426.004.000) 01/31 16:41:46 Image size of job updated: 484312
	416  -  MemoryUsage of job (MB)
	425168  -  ResidentSetSize of job (KB)
...
006 (3447426.004.000) 01/31 16:56:47 Image size of job updated: 484312
	416  -  MemoryUsage of job (MB)
	425196  -  ResidentSetSize of job (KB)
...
006 (3447426.004.000) 01/31 17:01:48 Image size of job updated: 484312
	416  -  MemoryUsage of job (MB)
	425228  -  ResidentSetSize of job (KB)
...
006 (3447426.004.000) 01/31 17:21:18 Image size of job updated: 484312
	416  -  MemoryUsage of job (MB)
	425252  -  ResidentSetSize of job (KB)
...
007 (3447426.004.000) 01/31 17:21:18 Shadow exception!
	Assertion ERROR on (result)
	0  -  Run Bytes Sent By Job
	493  -  Run Bytes Received By Job
...
040 (3447426.004.000) 02/01 07:54:20 Started transferring input files
	Transferring to host: <128.142.149.72:9618?addrs=128.142.149.72-9618+[2001-1458-301-b--100-14]-9618&noUDP&sock=5137_3b2a_80171>
...
040 (3447426.004.000) 02/01 07:54:20 Finished transferring input files
...
001 (3447426.004.000) 02/01 07:54:21 Job executing on host: <128.142.149.72:9618?addrs=128.142.149.72-9618+[2001-1458-301-b--100-14]-9618&noUDP&sock=3281_1252_3>
...
040 (3447426.004.000) 02/01 19:39:10 Started transferring input files
	Transferring to host: <188.184.190.110:9618?addrs=188.184.190.110-9618+[2001-1458-301-4b--100-7b]-9618&noUDP&sock=32644_66a9_202877>
...
040 (3447426.004.000) 02/01 19:39:10 Finished transferring input files
...
