000 (3444394.001.000) 01/29 18:50:25 Job submitted from host: <188.185.71.142:9618?addrs=188.185.71.142-9618+[2001-1458-d00-7--100-388]-9618&alias=bigbird09.cern.ch&noUDP&sock=schedd_2208_1533_7>
...
022 (3444394.001.000) 01/29 20:06:44 Job disconnected, attempting to reconnect
    Socket between submit and execute hosts closed unexpectedly
    Trying to reconnect to slot1_3@b7g24n0618.cern.ch <188.184.213.121:9618?addrs=188.184.213.121-9618+[2001-1458-301-10c--100-170]-9618&noUDP&sock=5701_fd83_3>
...
024 (3444394.001.000) 01/29 20:06:45 Job reconnection failed
    Job not found at execution machine
    Can not reconnect to slot1_3@b7g24n0618.cern.ch, rescheduling job
...
040 (3444394.001.000) 01/29 20:24:48 Started transferring input files
	Transferring to host: <128.142.240.232:9618?addrs=128.142.240.232-9618+[2001-1458-301-9--100-67]-9618&noUDP&sock=5141_0caa_78434>
...
040 (3444394.001.000) 01/29 20:24:48 Finished transferring input files
...
001 (3444394.001.000) 01/29 20:24:49 Job executing on host: <128.142.240.232:9618?addrs=128.142.240.232-9618+[2001-1458-301-9--100-67]-9618&noUDP&sock=3298_bb6e_3>
...
006 (3444394.001.000) 01/29 20:24:57 Image size of job updated: 5220
	4  -  MemoryUsage of job (MB)
	4024  -  ResidentSetSize of job (KB)
...
006 (3444394.001.000) 01/29 20:29:57 Image size of job updated: 436868
	354  -  MemoryUsage of job (MB)
	362084  -  ResidentSetSize of job (KB)
...
006 (3444394.001.000) 01/29 20:34:58 Image size of job updated: 436876
	354  -  MemoryUsage of job (MB)
	362092  -  ResidentSetSize of job (KB)
...
006 (3444394.001.000) 01/30 00:50:25 Image size of job updated: 436876
	354  -  MemoryUsage of job (MB)
	362164  -  ResidentSetSize of job (KB)
...
006 (3444394.001.000) 01/30 00:55:25 Image size of job updated: 436876
	354  -  MemoryUsage of job (MB)
	362176  -  ResidentSetSize of job (KB)
...
006 (3444394.001.000) 01/30 01:00:25 Image size of job updated: 436876
	354  -  MemoryUsage of job (MB)
	362244  -  ResidentSetSize of job (KB)
...
006 (3444394.001.000) 01/30 01:05:26 Image size of job updated: 436876
	354  -  MemoryUsage of job (MB)
	362372  -  ResidentSetSize of job (KB)
...
006 (3444394.001.000) 01/30 01:20:27 Image size of job updated: 436876
	354  -  MemoryUsage of job (MB)
	362424  -  ResidentSetSize of job (KB)
...
006 (3444394.001.000) 01/30 01:25:28 Image size of job updated: 436876
	355  -  MemoryUsage of job (MB)
	362504  -  ResidentSetSize of job (KB)
...
006 (3444394.001.000) 01/30 01:30:28 Image size of job updated: 436876
	355  -  MemoryUsage of job (MB)
	362592  -  ResidentSetSize of job (KB)
...
006 (3444394.001.000) 01/30 01:35:28 Image size of job updated: 436876
	355  -  MemoryUsage of job (MB)
	362688  -  ResidentSetSize of job (KB)
...
006 (3444394.001.000) 01/30 01:40:29 Image size of job updated: 436876
	355  -  MemoryUsage of job (MB)
	362692  -  ResidentSetSize of job (KB)
...
006 (3444394.001.000) 01/30 01:45:29 Image size of job updated: 436876
	355  -  MemoryUsage of job (MB)
	362752  -  ResidentSetSize of job (KB)
...
006 (3444394.001.000) 01/30 01:50:29 Image size of job updated: 436876
	355  -  MemoryUsage of job (MB)
	362868  -  ResidentSetSize of job (KB)
...
006 (3444394.001.000) 01/30 01:55:31 Image size of job updated: 436876
	355  -  MemoryUsage of job (MB)
	362932  -  ResidentSetSize of job (KB)
...
006 (3444394.001.000) 01/30 02:00:31 Image size of job updated: 436876
	355  -  MemoryUsage of job (MB)
	362972  -  ResidentSetSize of job (KB)
...
006 (3444394.001.000) 01/30 02:05:31 Image size of job updated: 436876
	355  -  MemoryUsage of job (MB)
	363024  -  ResidentSetSize of job (KB)
...
006 (3444394.001.000) 01/30 02:10:33 Image size of job updated: 436876
	355  -  MemoryUsage of job (MB)
	363056  -  ResidentSetSize of job (KB)
...
006 (3444394.001.000) 01/30 02:15:33 Image size of job updated: 436876
	355  -  MemoryUsage of job (MB)
	363232  -  ResidentSetSize of job (KB)
...
006 (3444394.001.000) 01/30 02:20:33 Image size of job updated: 436876
	355  -  MemoryUsage of job (MB)
	363284  -  ResidentSetSize of job (KB)
...
006 (3444394.001.000) 01/30 02:25:34 Image size of job updated: 436876
	355  -  MemoryUsage of job (MB)
	363352  -  ResidentSetSize of job (KB)
...
006 (3444394.001.000) 01/30 02:30:35 Image size of job updated: 436876
	355  -  MemoryUsage of job (MB)
	363424  -  ResidentSetSize of job (KB)
...
006 (3444394.001.000) 01/30 02:35:35 Image size of job updated: 436876
	355  -  MemoryUsage of job (MB)
	363488  -  ResidentSetSize of job (KB)
...
006 (3444394.001.000) 01/30 02:40:36 Image size of job updated: 436876
	355  -  MemoryUsage of job (MB)
	363492  -  ResidentSetSize of job (KB)
...
006 (3444394.001.000) 01/30 02:45:37 Image size of job updated: 436876
	356  -  MemoryUsage of job (MB)
	363636  -  ResidentSetSize of job (KB)
...
006 (3444394.001.000) 01/30 02:50:37 Image size of job updated: 436876
	356  -  MemoryUsage of job (MB)
	363668  -  ResidentSetSize of job (KB)
...
006 (3444394.001.000) 01/30 02:55:38 Image size of job updated: 436876
	356  -  MemoryUsage of job (MB)
	363704  -  ResidentSetSize of job (KB)
...
006 (3444394.001.000) 01/30 03:00:39 Image size of job updated: 436876
	356  -  MemoryUsage of job (MB)
	363832  -  ResidentSetSize of job (KB)
...
006 (3444394.001.000) 01/30 03:05:39 Image size of job updated: 436876
	356  -  MemoryUsage of job (MB)
	363884  -  ResidentSetSize of job (KB)
...
006 (3444394.001.000) 01/30 03:10:40 Image size of job updated: 436876
	356  -  MemoryUsage of job (MB)
	363956  -  ResidentSetSize of job (KB)
...
006 (3444394.001.000) 01/30 03:15:41 Image size of job updated: 436876
	356  -  MemoryUsage of job (MB)
	364020  -  ResidentSetSize of job (KB)
...
006 (3444394.001.000) 01/30 03:20:41 Image size of job updated: 436876
	356  -  MemoryUsage of job (MB)
	364096  -  ResidentSetSize of job (KB)
...
006 (3444394.001.000) 01/30 03:25:42 Image size of job updated: 436876
	356  -  MemoryUsage of job (MB)
	364156  -  ResidentSetSize of job (KB)
...
006 (3444394.001.000) 01/30 03:30:43 Image size of job updated: 436876
	356  -  MemoryUsage of job (MB)
	364208  -  ResidentSetSize of job (KB)
...
006 (3444394.001.000) 01/30 03:35:43 Image size of job updated: 436876
	356  -  MemoryUsage of job (MB)
	364312  -  ResidentSetSize of job (KB)
...
006 (3444394.001.000) 01/30 03:40:44 Image size of job updated: 436876
	356  -  MemoryUsage of job (MB)
	364476  -  ResidentSetSize of job (KB)
...
006 (3444394.001.000) 01/30 03:45:45 Image size of job updated: 436876
	357  -  MemoryUsage of job (MB)
	364736  -  ResidentSetSize of job (KB)
...
006 (3444394.001.000) 01/30 03:50:45 Image size of job updated: 436876
	357  -  MemoryUsage of job (MB)
	364984  -  ResidentSetSize of job (KB)
...
006 (3444394.001.000) 01/30 04:40:49 Image size of job updated: 436876
	357  -  MemoryUsage of job (MB)
	365048  -  ResidentSetSize of job (KB)
...
006 (3444394.001.000) 01/30 04:45:49 Image size of job updated: 436876
	357  -  MemoryUsage of job (MB)
	365168  -  ResidentSetSize of job (KB)
...
006 (3444394.001.000) 01/30 04:50:49 Image size of job updated: 436876
	357  -  MemoryUsage of job (MB)
	365204  -  ResidentSetSize of job (KB)
...
006 (3444394.001.000) 01/30 04:55:50 Image size of job updated: 436876
	357  -  MemoryUsage of job (MB)
	365292  -  ResidentSetSize of job (KB)
...
006 (3444394.001.000) 01/30 05:00:50 Image size of job updated: 436876
	357  -  MemoryUsage of job (MB)
	365400  -  ResidentSetSize of job (KB)
...
006 (3444394.001.000) 01/30 05:05:50 Image size of job updated: 436876
	357  -  MemoryUsage of job (MB)
	365436  -  ResidentSetSize of job (KB)
...
006 (3444394.001.000) 01/30 05:10:52 Image size of job updated: 436876
	357  -  MemoryUsage of job (MB)
	365492  -  ResidentSetSize of job (KB)
...
006 (3444394.001.000) 01/30 05:15:52 Image size of job updated: 436876
	357  -  MemoryUsage of job (MB)
	365568  -  ResidentSetSize of job (KB)
...
006 (3444394.001.000) 01/30 05:20:52 Image size of job updated: 436876
	358  -  MemoryUsage of job (MB)
	365632  -  ResidentSetSize of job (KB)
...
006 (3444394.001.000) 01/30 05:25:54 Image size of job updated: 436876
	358  -  MemoryUsage of job (MB)
	365704  -  ResidentSetSize of job (KB)
...
006 (3444394.001.000) 01/30 05:30:54 Image size of job updated: 436876
	358  -  MemoryUsage of job (MB)
	365756  -  ResidentSetSize of job (KB)
...
006 (3444394.001.000) 01/30 05:35:54 Image size of job updated: 436876
	358  -  MemoryUsage of job (MB)
	365772  -  ResidentSetSize of job (KB)
...
006 (3444394.001.000) 01/30 05:40:55 Image size of job updated: 436876
	358  -  MemoryUsage of job (MB)
	365864  -  ResidentSetSize of job (KB)
...
006 (3444394.001.000) 01/30 05:45:56 Image size of job updated: 436876
	358  -  MemoryUsage of job (MB)
	365900  -  ResidentSetSize of job (KB)
...
006 (3444394.001.000) 01/30 05:50:56 Image size of job updated: 436876
	358  -  MemoryUsage of job (MB)
	365988  -  ResidentSetSize of job (KB)
...
006 (3444394.001.000) 01/30 05:55:57 Image size of job updated: 436876
	358  -  MemoryUsage of job (MB)
	366048  -  ResidentSetSize of job (KB)
...
006 (3444394.001.000) 01/30 06:00:58 Image size of job updated: 436876
	358  -  MemoryUsage of job (MB)
	366088  -  ResidentSetSize of job (KB)
...
006 (3444394.001.000) 01/30 06:05:58 Image size of job updated: 436876
	358  -  MemoryUsage of job (MB)
	366192  -  ResidentSetSize of job (KB)
...
006 (3444394.001.000) 01/30 06:10:59 Image size of job updated: 436876
	360  -  MemoryUsage of job (MB)
	367700  -  ResidentSetSize of job (KB)
...
006 (3444394.001.000) 01/30 06:21:00 Image size of job updated: 436876
	361  -  MemoryUsage of job (MB)
	368996  -  ResidentSetSize of job (KB)
...
006 (3444394.001.000) 01/30 06:26:01 Image size of job updated: 436876
	361  -  MemoryUsage of job (MB)
	369084  -  ResidentSetSize of job (KB)
...
006 (3444394.001.000) 01/30 06:31:02 Image size of job updated: 436876
	361  -  MemoryUsage of job (MB)
	369136  -  ResidentSetSize of job (KB)
...
006 (3444394.001.000) 01/30 06:36:02 Image size of job updated: 436876
	361  -  MemoryUsage of job (MB)
	369204  -  ResidentSetSize of job (KB)
...
006 (3444394.001.000) 01/30 06:41:03 Image size of job updated: 436876
	361  -  MemoryUsage of job (MB)
	369240  -  ResidentSetSize of job (KB)
...
006 (3444394.001.000) 01/30 06:46:04 Image size of job updated: 436876
	361  -  MemoryUsage of job (MB)
	369264  -  ResidentSetSize of job (KB)
...
006 (3444394.001.000) 01/30 06:51:04 Image size of job updated: 436876
	361  -  MemoryUsage of job (MB)
	369360  -  ResidentSetSize of job (KB)
...
006 (3444394.001.000) 01/30 06:56:04 Image size of job updated: 436876
	361  -  MemoryUsage of job (MB)
	369400  -  ResidentSetSize of job (KB)
...
006 (3444394.001.000) 01/30 07:06:05 Image size of job updated: 436876
	361  -  MemoryUsage of job (MB)
	369508  -  ResidentSetSize of job (KB)
...
006 (3444394.001.000) 01/30 07:11:05 Image size of job updated: 436876
	361  -  MemoryUsage of job (MB)
	369568  -  ResidentSetSize of job (KB)
...
006 (3444394.001.000) 01/30 07:16:06 Image size of job updated: 436876
	361  -  MemoryUsage of job (MB)
	369592  -  ResidentSetSize of job (KB)
...
006 (3444394.001.000) 01/30 07:21:07 Image size of job updated: 436876
	362  -  MemoryUsage of job (MB)
	369696  -  ResidentSetSize of job (KB)
...
006 (3444394.001.000) 01/30 07:26:07 Image size of job updated: 436876
	362  -  MemoryUsage of job (MB)
	369716  -  ResidentSetSize of job (KB)
...
006 (3444394.001.000) 01/30 07:31:08 Image size of job updated: 436876
	362  -  MemoryUsage of job (MB)
	369788  -  ResidentSetSize of job (KB)
...
006 (3444394.001.000) 01/30 07:36:09 Image size of job updated: 436876
	362  -  MemoryUsage of job (MB)
	369864  -  ResidentSetSize of job (KB)
...
006 (3444394.001.000) 01/30 07:41:09 Image size of job updated: 436876
	362  -  MemoryUsage of job (MB)
	369884  -  ResidentSetSize of job (KB)
...
006 (3444394.001.000) 01/30 07:46:09 Image size of job updated: 436876
	362  -  MemoryUsage of job (MB)
	369968  -  ResidentSetSize of job (KB)
...
006 (3444394.001.000) 01/30 07:51:10 Image size of job updated: 436876
	362  -  MemoryUsage of job (MB)
	370016  -  ResidentSetSize of job (KB)
...
006 (3444394.001.000) 01/30 07:56:10 Image size of job updated: 436876
	362  -  MemoryUsage of job (MB)
	370084  -  ResidentSetSize of job (KB)
...
006 (3444394.001.000) 01/30 08:01:10 Image size of job updated: 436876
	362  -  MemoryUsage of job (MB)
	370160  -  ResidentSetSize of job (KB)
...
006 (3444394.001.000) 01/30 08:06:11 Image size of job updated: 436876
	362  -  MemoryUsage of job (MB)
	370204  -  ResidentSetSize of job (KB)
...
006 (3444394.001.000) 01/30 08:11:12 Image size of job updated: 436876
	362  -  MemoryUsage of job (MB)
	370228  -  ResidentSetSize of job (KB)
...
006 (3444394.001.000) 01/30 08:16:12 Image size of job updated: 436876
	362  -  MemoryUsage of job (MB)
	370296  -  ResidentSetSize of job (KB)
...
006 (3444394.001.000) 01/30 08:21:13 Image size of job updated: 436876
	362  -  MemoryUsage of job (MB)
	370320  -  ResidentSetSize of job (KB)
...
006 (3444394.001.000) 01/30 08:26:14 Image size of job updated: 436876
	362  -  MemoryUsage of job (MB)
	370348  -  ResidentSetSize of job (KB)
...
006 (3444394.001.000) 01/30 08:31:14 Image size of job updated: 436876
	362  -  MemoryUsage of job (MB)
	370372  -  ResidentSetSize of job (KB)
...
006 (3444394.001.000) 01/30 08:36:14 Image size of job updated: 436876
	362  -  MemoryUsage of job (MB)
	370416  -  ResidentSetSize of job (KB)
...
006 (3444394.001.000) 01/30 08:41:15 Image size of job updated: 436876
	362  -  MemoryUsage of job (MB)
	370464  -  ResidentSetSize of job (KB)
...
006 (3444394.001.000) 01/30 08:46:16 Image size of job updated: 436876
	362  -  MemoryUsage of job (MB)
	370524  -  ResidentSetSize of job (KB)
...
006 (3444394.001.000) 01/30 08:56:17 Image size of job updated: 436876
	362  -  MemoryUsage of job (MB)
	370644  -  ResidentSetSize of job (KB)
...
006 (3444394.001.000) 01/30 09:01:18 Image size of job updated: 436876
	363  -  MemoryUsage of job (MB)
	370700  -  ResidentSetSize of job (KB)
...
006 (3444394.001.000) 01/30 09:06:18 Image size of job updated: 436876
	363  -  MemoryUsage of job (MB)
	370732  -  ResidentSetSize of job (KB)
...
006 (3444394.001.000) 01/30 09:11:18 Image size of job updated: 436876
	363  -  MemoryUsage of job (MB)
	370816  -  ResidentSetSize of job (KB)
...
006 (3444394.001.000) 01/30 09:16:19 Image size of job updated: 436876
	363  -  MemoryUsage of job (MB)
	370856  -  ResidentSetSize of job (KB)
...
006 (3444394.001.000) 01/30 09:21:20 Image size of job updated: 436876
	363  -  MemoryUsage of job (MB)
	370968  -  ResidentSetSize of job (KB)
...
006 (3444394.001.000) 01/30 09:26:20 Image size of job updated: 436876
	363  -  MemoryUsage of job (MB)
	371016  -  ResidentSetSize of job (KB)
...
006 (3444394.001.000) 01/30 09:31:20 Image size of job updated: 436876
	363  -  MemoryUsage of job (MB)
	371056  -  ResidentSetSize of job (KB)
...
006 (3444394.001.000) 01/30 09:36:21 Image size of job updated: 436876
	363  -  MemoryUsage of job (MB)
	371112  -  ResidentSetSize of job (KB)
...
006 (3444394.001.000) 01/30 09:41:22 Image size of job updated: 436876
	363  -  MemoryUsage of job (MB)
	371128  -  ResidentSetSize of job (KB)
...
006 (3444394.001.000) 01/30 09:46:22 Image size of job updated: 436876
	363  -  MemoryUsage of job (MB)
	371160  -  ResidentSetSize of job (KB)
...
006 (3444394.001.000) 01/30 09:51:22 Image size of job updated: 436876
	363  -  MemoryUsage of job (MB)
	371252  -  ResidentSetSize of job (KB)
...
006 (3444394.001.000) 01/30 09:56:24 Image size of job updated: 436876
	363  -  MemoryUsage of job (MB)
	371360  -  ResidentSetSize of job (KB)
...
006 (3444394.001.000) 01/30 10:01:24 Image size of job updated: 436876
	363  -  MemoryUsage of job (MB)
	371408  -  ResidentSetSize of job (KB)
...
006 (3444394.001.000) 01/30 10:06:24 Image size of job updated: 436876
	363  -  MemoryUsage of job (MB)
	371464  -  ResidentSetSize of job (KB)
...
006 (3444394.001.000) 01/30 10:11:25 Image size of job updated: 436876
	363  -  MemoryUsage of job (MB)
	371504  -  ResidentSetSize of job (KB)
...
006 (3444394.001.000) 01/30 10:16:26 Image size of job updated: 436876
	363  -  MemoryUsage of job (MB)
	371612  -  ResidentSetSize of job (KB)
...
006 (3444394.001.000) 01/30 10:21:26 Image size of job updated: 436876
	363  -  MemoryUsage of job (MB)
	371632  -  ResidentSetSize of job (KB)
...
006 (3444394.001.000) 01/30 10:26:26 Image size of job updated: 436876
	363  -  MemoryUsage of job (MB)
	371684  -  ResidentSetSize of job (KB)
...
006 (3444394.001.000) 01/30 10:31:27 Image size of job updated: 436876
	364  -  MemoryUsage of job (MB)
	371732  -  ResidentSetSize of job (KB)
...
006 (3444394.001.000) 01/30 10:36:28 Image size of job updated: 436876
	364  -  MemoryUsage of job (MB)
	371800  -  ResidentSetSize of job (KB)
...
006 (3444394.001.000) 01/30 10:41:28 Image size of job updated: 436876
	364  -  MemoryUsage of job (MB)
	371836  -  ResidentSetSize of job (KB)
...
006 (3444394.001.000) 01/30 10:46:28 Image size of job updated: 436876
	364  -  MemoryUsage of job (MB)
	371932  -  ResidentSetSize of job (KB)
...
006 (3444394.001.000) 01/30 10:51:29 Image size of job updated: 436876
	364  -  MemoryUsage of job (MB)
	372072  -  ResidentSetSize of job (KB)
...
006 (3444394.001.000) 01/30 10:56:29 Image size of job updated: 436876
	364  -  MemoryUsage of job (MB)
	372116  -  ResidentSetSize of job (KB)
...
006 (3444394.001.000) 01/30 11:01:29 Image size of job updated: 436876
	364  -  MemoryUsage of job (MB)
	372172  -  ResidentSetSize of job (KB)
...
006 (3444394.001.000) 01/30 11:06:30 Image size of job updated: 436876
	364  -  MemoryUsage of job (MB)
	372276  -  ResidentSetSize of job (KB)
...
006 (3444394.001.000) 01/30 11:11:31 Image size of job updated: 436876
	364  -  MemoryUsage of job (MB)
	372312  -  ResidentSetSize of job (KB)
...
006 (3444394.001.000) 01/30 11:16:31 Image size of job updated: 436876
	364  -  MemoryUsage of job (MB)
	372400  -  ResidentSetSize of job (KB)
...
006 (3444394.001.000) 01/30 11:21:32 Image size of job updated: 436876
	364  -  MemoryUsage of job (MB)
	372424  -  ResidentSetSize of job (KB)
...
006 (3444394.001.000) 01/30 11:26:33 Image size of job updated: 436876
	364  -  MemoryUsage of job (MB)
	372524  -  ResidentSetSize of job (KB)
...
006 (3444394.001.000) 01/30 11:31:33 Image size of job updated: 436876
	364  -  MemoryUsage of job (MB)
	372540  -  ResidentSetSize of job (KB)
...
006 (3444394.001.000) 01/30 11:36:33 Image size of job updated: 436876
	364  -  MemoryUsage of job (MB)
	372636  -  ResidentSetSize of job (KB)
...
006 (3444394.001.000) 01/30 11:41:34 Image size of job updated: 436876
	364  -  MemoryUsage of job (MB)
	372676  -  ResidentSetSize of job (KB)
...
006 (3444394.001.000) 01/30 11:46:35 Image size of job updated: 436876
	365  -  MemoryUsage of job (MB)
	372768  -  ResidentSetSize of job (KB)
...
006 (3444394.001.000) 01/30 11:51:35 Image size of job updated: 436876
	365  -  MemoryUsage of job (MB)
	372860  -  ResidentSetSize of job (KB)
...
006 (3444394.001.000) 01/30 11:56:35 Image size of job updated: 436876
	365  -  MemoryUsage of job (MB)
	372904  -  ResidentSetSize of job (KB)
...
006 (3444394.001.000) 01/30 12:01:36 Image size of job updated: 436876
	365  -  MemoryUsage of job (MB)
	372948  -  ResidentSetSize of job (KB)
...
006 (3444394.001.000) 01/30 12:06:37 Image size of job updated: 436876
	365  -  MemoryUsage of job (MB)
	373028  -  ResidentSetSize of job (KB)
...
006 (3444394.001.000) 01/30 12:11:37 Image size of job updated: 436876
	365  -  MemoryUsage of job (MB)
	373064  -  ResidentSetSize of job (KB)
...
006 (3444394.001.000) 01/30 12:16:37 Image size of job updated: 436876
	365  -  MemoryUsage of job (MB)
	373132  -  ResidentSetSize of job (KB)
...
006 (3444394.001.000) 01/30 12:21:38 Image size of job updated: 436876
	365  -  MemoryUsage of job (MB)
	373148  -  ResidentSetSize of job (KB)
...
006 (3444394.001.000) 01/30 12:26:39 Image size of job updated: 436876
	365  -  MemoryUsage of job (MB)
	373440  -  ResidentSetSize of job (KB)
...
006 (3444394.001.000) 01/30 12:31:39 Image size of job updated: 436876
	365  -  MemoryUsage of job (MB)
	373480  -  ResidentSetSize of job (KB)
...
006 (3444394.001.000) 01/30 12:36:40 Image size of job updated: 436876
	366  -  MemoryUsage of job (MB)
	373868  -  ResidentSetSize of job (KB)
...
006 (3444394.001.000) 01/30 12:56:43 Image size of job updated: 436876
	366  -  MemoryUsage of job (MB)
	374136  -  ResidentSetSize of job (KB)
...
006 (3444394.001.000) 01/30 15:01:56 Image size of job updated: 436876
	366  -  MemoryUsage of job (MB)
	374152  -  ResidentSetSize of job (KB)
...
006 (3444394.001.000) 01/30 15:11:58 Image size of job updated: 436876
	366  -  MemoryUsage of job (MB)
	374160  -  ResidentSetSize of job (KB)
...
006 (3444394.001.000) 01/30 15:16:58 Image size of job updated: 436876
	366  -  MemoryUsage of job (MB)
	374188  -  ResidentSetSize of job (KB)
...
006 (3444394.001.000) 01/30 15:21:58 Image size of job updated: 436876
	366  -  MemoryUsage of job (MB)
	374192  -  ResidentSetSize of job (KB)
...
006 (3444394.001.000) 01/30 15:26:59 Image size of job updated: 436876
	366  -  MemoryUsage of job (MB)
	374252  -  ResidentSetSize of job (KB)
...
006 (3444394.001.000) 01/30 15:32:01 Image size of job updated: 436876
	366  -  MemoryUsage of job (MB)
	374268  -  ResidentSetSize of job (KB)
...
006 (3444394.001.000) 01/30 15:37:01 Image size of job updated: 436876
	366  -  MemoryUsage of job (MB)
	374276  -  ResidentSetSize of job (KB)
...
006 (3444394.001.000) 01/30 15:42:01 Image size of job updated: 436876
	366  -  MemoryUsage of job (MB)
	374288  -  ResidentSetSize of job (KB)
...
006 (3444394.001.000) 01/30 15:47:01 Image size of job updated: 436876
	366  -  MemoryUsage of job (MB)
	374324  -  ResidentSetSize of job (KB)
...
006 (3444394.001.000) 01/30 15:52:02 Image size of job updated: 436876
	366  -  MemoryUsage of job (MB)
	374356  -  ResidentSetSize of job (KB)
...
006 (3444394.001.000) 01/30 15:57:03 Image size of job updated: 436876
	366  -  MemoryUsage of job (MB)
	374376  -  ResidentSetSize of job (KB)
...
006 (3444394.001.000) 01/30 16:02:04 Image size of job updated: 436876
	366  -  MemoryUsage of job (MB)
	374436  -  ResidentSetSize of job (KB)
...
006 (3444394.001.000) 01/30 16:12:04 Image size of job updated: 436876
	366  -  MemoryUsage of job (MB)
	374464  -  ResidentSetSize of job (KB)
...
006 (3444394.001.000) 01/30 16:17:05 Image size of job updated: 436876
	366  -  MemoryUsage of job (MB)
	374516  -  ResidentSetSize of job (KB)
...
006 (3444394.001.000) 01/30 16:22:06 Image size of job updated: 436876
	366  -  MemoryUsage of job (MB)
	374564  -  ResidentSetSize of job (KB)
...
006 (3444394.001.000) 01/30 16:32:06 Image size of job updated: 436876
	366  -  MemoryUsage of job (MB)
	374596  -  ResidentSetSize of job (KB)
...
006 (3444394.001.000) 01/30 16:37:07 Image size of job updated: 436876
	366  -  MemoryUsage of job (MB)
	374644  -  ResidentSetSize of job (KB)
...
006 (3444394.001.000) 01/30 16:47:08 Image size of job updated: 436876
	366  -  MemoryUsage of job (MB)
	374700  -  ResidentSetSize of job (KB)
...
006 (3444394.001.000) 01/30 16:52:08 Image size of job updated: 436876
	366  -  MemoryUsage of job (MB)
	374712  -  ResidentSetSize of job (KB)
...
006 (3444394.001.000) 01/30 17:02:10 Image size of job updated: 436876
	367  -  MemoryUsage of job (MB)
	374792  -  ResidentSetSize of job (KB)
...
006 (3444394.001.000) 01/30 17:17:10 Image size of job updated: 436876
	367  -  MemoryUsage of job (MB)
	374840  -  ResidentSetSize of job (KB)
...
006 (3444394.001.000) 01/30 17:22:11 Image size of job updated: 436876
	367  -  MemoryUsage of job (MB)
	374904  -  ResidentSetSize of job (KB)
...
006 (3444394.001.000) 01/30 17:37:12 Image size of job updated: 436876
	367  -  MemoryUsage of job (MB)
	374972  -  ResidentSetSize of job (KB)
...
006 (3444394.001.000) 01/30 17:42:13 Image size of job updated: 436876
	367  -  MemoryUsage of job (MB)
	374984  -  ResidentSetSize of job (KB)
...
006 (3444394.001.000) 01/30 17:47:13 Image size of job updated: 436876
	367  -  MemoryUsage of job (MB)
	375016  -  ResidentSetSize of job (KB)
...
006 (3444394.001.000) 01/30 17:52:13 Image size of job updated: 436876
	367  -  MemoryUsage of job (MB)
	375024  -  ResidentSetSize of job (KB)
...
006 (3444394.001.000) 01/30 17:57:14 Image size of job updated: 436876
	367  -  MemoryUsage of job (MB)
	375076  -  ResidentSetSize of job (KB)
...
006 (3444394.001.000) 01/30 18:02:15 Image size of job updated: 436876
	367  -  MemoryUsage of job (MB)
	375124  -  ResidentSetSize of job (KB)
...
006 (3444394.001.000) 01/30 18:07:15 Image size of job updated: 436876
	367  -  MemoryUsage of job (MB)
	375196  -  ResidentSetSize of job (KB)
...
006 (3444394.001.000) 01/30 18:17:15 Image size of job updated: 436876
	367  -  MemoryUsage of job (MB)
	375228  -  ResidentSetSize of job (KB)
...
006 (3444394.001.000) 01/30 18:22:15 Image size of job updated: 436876
	367  -  MemoryUsage of job (MB)
	375236  -  ResidentSetSize of job (KB)
...
006 (3444394.001.000) 01/30 18:37:18 Image size of job updated: 436876
	367  -  MemoryUsage of job (MB)
	375336  -  ResidentSetSize of job (KB)
...
006 (3444394.001.000) 01/30 18:52:21 Image size of job updated: 436876
	367  -  MemoryUsage of job (MB)
	375440  -  ResidentSetSize of job (KB)
...
006 (3444394.001.000) 01/30 19:02:21 Image size of job updated: 436876
	367  -  MemoryUsage of job (MB)
	375452  -  ResidentSetSize of job (KB)
...
006 (3444394.001.000) 01/30 19:12:23 Image size of job updated: 436876
	367  -  MemoryUsage of job (MB)
	375528  -  ResidentSetSize of job (KB)
...
006 (3444394.001.000) 01/30 19:22:24 Image size of job updated: 436876
	367  -  MemoryUsage of job (MB)
	375564  -  ResidentSetSize of job (KB)
...
006 (3444394.001.000) 01/30 19:47:26 Image size of job updated: 436876
	367  -  MemoryUsage of job (MB)
	375612  -  ResidentSetSize of job (KB)
...
006 (3444394.001.000) 01/30 19:57:27 Image size of job updated: 436876
	367  -  MemoryUsage of job (MB)
	375644  -  ResidentSetSize of job (KB)
...
006 (3444394.001.000) 01/30 20:02:27 Image size of job updated: 436876
	367  -  MemoryUsage of job (MB)
	375684  -  ResidentSetSize of job (KB)
...
006 (3444394.001.000) 01/30 20:12:28 Image size of job updated: 436876
	367  -  MemoryUsage of job (MB)
	375696  -  ResidentSetSize of job (KB)
...
006 (3444394.001.000) 01/30 20:17:28 Image size of job updated: 436876
	367  -  MemoryUsage of job (MB)
	375724  -  ResidentSetSize of job (KB)
...
006 (3444394.001.000) 01/30 20:27:28 Image size of job updated: 436876
	367  -  MemoryUsage of job (MB)
	375764  -  ResidentSetSize of job (KB)
...
006 (3444394.001.000) 01/30 20:32:29 Image size of job updated: 436876
	367  -  MemoryUsage of job (MB)
	375776  -  ResidentSetSize of job (KB)
...
006 (3444394.001.000) 01/30 20:52:31 Image size of job updated: 436876
	368  -  MemoryUsage of job (MB)
	375892  -  ResidentSetSize of job (KB)
...
006 (3444394.001.000) 01/30 21:07:33 Image size of job updated: 436876
	368  -  MemoryUsage of job (MB)
	375916  -  ResidentSetSize of job (KB)
...
006 (3444394.001.000) 01/30 21:37:37 Image size of job updated: 436876
	368  -  MemoryUsage of job (MB)
	376064  -  ResidentSetSize of job (KB)
...
006 (3444394.001.000) 01/30 22:12:03 Image size of job updated: 436876
	368  -  MemoryUsage of job (MB)
	376076  -  ResidentSetSize of job (KB)
...
006 (3444394.001.000) 01/30 22:25:15 Image size of job updated: 436876
	368  -  MemoryUsage of job (MB)
	376104  -  ResidentSetSize of job (KB)
...
006 (3444394.001.000) 01/30 23:27:16 Image size of job updated: 436876
	368  -  MemoryUsage of job (MB)
	376112  -  ResidentSetSize of job (KB)
...
006 (3444394.001.000) 01/31 00:47:26 Image size of job updated: 436876
	368  -  MemoryUsage of job (MB)
	376128  -  ResidentSetSize of job (KB)
...
006 (3444394.001.000) 01/31 00:57:27 Image size of job updated: 436876
	368  -  MemoryUsage of job (MB)
	376148  -  ResidentSetSize of job (KB)
...
006 (3444394.001.000) 01/31 01:02:27 Image size of job updated: 436876
	368  -  MemoryUsage of job (MB)
	376156  -  ResidentSetSize of job (KB)
...
006 (3444394.001.000) 01/31 01:32:29 Image size of job updated: 436876
	368  -  MemoryUsage of job (MB)
	376180  -  ResidentSetSize of job (KB)
...
006 (3444394.001.000) 01/31 02:32:34 Image size of job updated: 436876
	368  -  MemoryUsage of job (MB)
	376188  -  ResidentSetSize of job (KB)
...
006 (3444394.001.000) 01/31 02:42:36 Image size of job updated: 436876
	368  -  MemoryUsage of job (MB)
	376248  -  ResidentSetSize of job (KB)
...
006 (3444394.001.000) 01/31 04:07:45 Image size of job updated: 436876
	368  -  MemoryUsage of job (MB)
	376252  -  ResidentSetSize of job (KB)
...
006 (3444394.001.000) 01/31 04:12:46 Image size of job updated: 436876
	368  -  MemoryUsage of job (MB)
	376280  -  ResidentSetSize of job (KB)
...
006 (3444394.001.000) 01/31 04:22:46 Image size of job updated: 436876
	368  -  MemoryUsage of job (MB)
	376288  -  ResidentSetSize of job (KB)
...
006 (3444394.001.000) 01/31 04:27:48 Image size of job updated: 436876
	368  -  MemoryUsage of job (MB)
	376308  -  ResidentSetSize of job (KB)
...
006 (3444394.001.000) 01/31 04:37:48 Image size of job updated: 436876
	368  -  MemoryUsage of job (MB)
	376340  -  ResidentSetSize of job (KB)
...
006 (3444394.001.000) 01/31 04:47:49 Image size of job updated: 436876
	368  -  MemoryUsage of job (MB)
	376352  -  ResidentSetSize of job (KB)
...
006 (3444394.001.000) 01/31 04:52:49 Image size of job updated: 436876
	368  -  MemoryUsage of job (MB)
	376372  -  ResidentSetSize of job (KB)
...
006 (3444394.001.000) 01/31 04:57:50 Image size of job updated: 436876
	368  -  MemoryUsage of job (MB)
	376380  -  ResidentSetSize of job (KB)
...
006 (3444394.001.000) 01/31 05:02:50 Image size of job updated: 436876
	368  -  MemoryUsage of job (MB)
	376408  -  ResidentSetSize of job (KB)
...
006 (3444394.001.000) 01/31 05:07:50 Image size of job updated: 436876
	368  -  MemoryUsage of job (MB)
	376424  -  ResidentSetSize of job (KB)
...
006 (3444394.001.000) 01/31 05:27:53 Image size of job updated: 436876
	368  -  MemoryUsage of job (MB)
	376428  -  ResidentSetSize of job (KB)
...
006 (3444394.001.000) 01/31 05:37:54 Image size of job updated: 436876
	368  -  MemoryUsage of job (MB)
	376444  -  ResidentSetSize of job (KB)
...
006 (3444394.001.000) 01/31 05:42:55 Image size of job updated: 436876
	368  -  MemoryUsage of job (MB)
	376464  -  ResidentSetSize of job (KB)
...
006 (3444394.001.000) 01/31 05:47:56 Image size of job updated: 436876
	368  -  MemoryUsage of job (MB)
	376468  -  ResidentSetSize of job (KB)
...
006 (3444394.001.000) 01/31 05:57:57 Image size of job updated: 436876
	368  -  MemoryUsage of job (MB)
	376500  -  ResidentSetSize of job (KB)
...
006 (3444394.001.000) 01/31 06:02:58 Image size of job updated: 436876
	368  -  MemoryUsage of job (MB)
	376508  -  ResidentSetSize of job (KB)
...
006 (3444394.001.000) 01/31 06:07:58 Image size of job updated: 436876
	368  -  MemoryUsage of job (MB)
	376528  -  ResidentSetSize of job (KB)
...
006 (3444394.001.000) 01/31 06:12:59 Image size of job updated: 436876
	368  -  MemoryUsage of job (MB)
	376540  -  ResidentSetSize of job (KB)
...
006 (3444394.001.000) 01/31 06:18:00 Image size of job updated: 436876
	368  -  MemoryUsage of job (MB)
	376552  -  ResidentSetSize of job (KB)
...
006 (3444394.001.000) 01/31 06:23:00 Image size of job updated: 436876
	368  -  MemoryUsage of job (MB)
	376556  -  ResidentSetSize of job (KB)
...
006 (3444394.001.000) 01/31 06:28:01 Image size of job updated: 436876
	368  -  MemoryUsage of job (MB)
	376572  -  ResidentSetSize of job (KB)
...
006 (3444394.001.000) 01/31 06:33:02 Image size of job updated: 436876
	368  -  MemoryUsage of job (MB)
	376608  -  ResidentSetSize of job (KB)
...
006 (3444394.001.000) 01/31 06:38:02 Image size of job updated: 436876
	368  -  MemoryUsage of job (MB)
	376616  -  ResidentSetSize of job (KB)
...
006 (3444394.001.000) 01/31 06:53:03 Image size of job updated: 436876
	368  -  MemoryUsage of job (MB)
	376628  -  ResidentSetSize of job (KB)
...
006 (3444394.001.000) 01/31 06:58:03 Image size of job updated: 436876
	368  -  MemoryUsage of job (MB)
	376676  -  ResidentSetSize of job (KB)
...
006 (3444394.001.000) 01/31 07:23:06 Image size of job updated: 436876
	368  -  MemoryUsage of job (MB)
	376720  -  ResidentSetSize of job (KB)
...
006 (3444394.001.000) 01/31 07:28:06 Image size of job updated: 436876
	368  -  MemoryUsage of job (MB)
	376724  -  ResidentSetSize of job (KB)
...
006 (3444394.001.000) 01/31 07:33:08 Image size of job updated: 436876
	368  -  MemoryUsage of job (MB)
	376728  -  ResidentSetSize of job (KB)
...
006 (3444394.001.000) 01/31 07:38:08 Image size of job updated: 436876
	368  -  MemoryUsage of job (MB)
	376736  -  ResidentSetSize of job (KB)
...
006 (3444394.001.000) 01/31 07:43:08 Image size of job updated: 436876
	368  -  MemoryUsage of job (MB)
	376752  -  ResidentSetSize of job (KB)
...
006 (3444394.001.000) 01/31 07:48:10 Image size of job updated: 436876
	368  -  MemoryUsage of job (MB)
	376768  -  ResidentSetSize of job (KB)
...
006 (3444394.001.000) 01/31 07:58:10 Image size of job updated: 436876
	368  -  MemoryUsage of job (MB)
	376776  -  ResidentSetSize of job (KB)
...
006 (3444394.001.000) 01/31 08:03:12 Image size of job updated: 436876
	368  -  MemoryUsage of job (MB)
	376804  -  ResidentSetSize of job (KB)
...
006 (3444394.001.000) 01/31 08:13:51 Image size of job updated: 436876
	368  -  MemoryUsage of job (MB)
	376832  -  ResidentSetSize of job (KB)
...
006 (3444394.001.000) 01/31 08:23:14 Image size of job updated: 436876
	369  -  MemoryUsage of job (MB)
	376840  -  ResidentSetSize of job (KB)
...
006 (3444394.001.000) 01/31 08:28:14 Image size of job updated: 436876
	369  -  MemoryUsage of job (MB)
	376884  -  ResidentSetSize of job (KB)
...
006 (3444394.001.000) 01/31 08:43:16 Image size of job updated: 436876
	369  -  MemoryUsage of job (MB)
	376908  -  ResidentSetSize of job (KB)
...
006 (3444394.001.000) 01/31 08:48:17 Image size of job updated: 436876
	369  -  MemoryUsage of job (MB)
	376924  -  ResidentSetSize of job (KB)
...
006 (3444394.001.000) 01/31 09:09:45 Image size of job updated: 436876
	369  -  MemoryUsage of job (MB)
	376952  -  ResidentSetSize of job (KB)
...
006 (3444394.001.000) 01/31 09:14:05 Image size of job updated: 436876
	369  -  MemoryUsage of job (MB)
	376956  -  ResidentSetSize of job (KB)
...
006 (3444394.001.000) 01/31 09:19:06 Image size of job updated: 436876
	369  -  MemoryUsage of job (MB)
	376964  -  ResidentSetSize of job (KB)
...
006 (3444394.001.000) 01/31 09:24:06 Image size of job updated: 436876
	369  -  MemoryUsage of job (MB)
	377000  -  ResidentSetSize of job (KB)
...
006 (3444394.001.000) 01/31 09:29:06 Image size of job updated: 436876
	369  -  MemoryUsage of job (MB)
	377016  -  ResidentSetSize of job (KB)
...
006 (3444394.001.000) 01/31 09:34:07 Image size of job updated: 436876
	369  -  MemoryUsage of job (MB)
	377060  -  ResidentSetSize of job (KB)
...
006 (3444394.001.000) 01/31 09:54:10 Image size of job updated: 436876
	369  -  MemoryUsage of job (MB)
	377076  -  ResidentSetSize of job (KB)
...
006 (3444394.001.000) 01/31 09:59:10 Image size of job updated: 436876
	369  -  MemoryUsage of job (MB)
	377092  -  ResidentSetSize of job (KB)
...
006 (3444394.001.000) 01/31 10:04:11 Image size of job updated: 436876
	369  -  MemoryUsage of job (MB)
	377096  -  ResidentSetSize of job (KB)
...
006 (3444394.001.000) 01/31 10:16:19 Image size of job updated: 436876
	369  -  MemoryUsage of job (MB)
	377112  -  ResidentSetSize of job (KB)
...
006 (3444394.001.000) 01/31 10:21:20 Image size of job updated: 436876
	369  -  MemoryUsage of job (MB)
	377116  -  ResidentSetSize of job (KB)
...
006 (3444394.001.000) 01/31 10:26:20 Image size of job updated: 436876
	369  -  MemoryUsage of job (MB)
	377144  -  ResidentSetSize of job (KB)
...
006 (3444394.001.000) 01/31 10:36:22 Image size of job updated: 436876
	369  -  MemoryUsage of job (MB)
	377148  -  ResidentSetSize of job (KB)
...
006 (3444394.001.000) 01/31 10:41:22 Image size of job updated: 436876
	369  -  MemoryUsage of job (MB)
	377168  -  ResidentSetSize of job (KB)
...
006 (3444394.001.000) 01/31 10:46:23 Image size of job updated: 436876
	369  -  MemoryUsage of job (MB)
	377176  -  ResidentSetSize of job (KB)
...
006 (3444394.001.000) 01/31 10:51:24 Image size of job updated: 436876
	369  -  MemoryUsage of job (MB)
	377184  -  ResidentSetSize of job (KB)
...
006 (3444394.001.000) 01/31 10:56:24 Image size of job updated: 436876
	369  -  MemoryUsage of job (MB)
	377212  -  ResidentSetSize of job (KB)
...
006 (3444394.001.000) 01/31 11:11:26 Image size of job updated: 436876
	369  -  MemoryUsage of job (MB)
	377276  -  ResidentSetSize of job (KB)
...
006 (3444394.001.000) 01/31 11:16:27 Image size of job updated: 436876
	369  -  MemoryUsage of job (MB)
	377280  -  ResidentSetSize of job (KB)
...
006 (3444394.001.000) 01/31 11:21:28 Image size of job updated: 436876
	369  -  MemoryUsage of job (MB)
	377300  -  ResidentSetSize of job (KB)
...
006 (3444394.001.000) 01/31 11:26:28 Image size of job updated: 436876
	369  -  MemoryUsage of job (MB)
	377312  -  ResidentSetSize of job (KB)
...
006 (3444394.001.000) 01/31 11:31:28 Image size of job updated: 436876
	369  -  MemoryUsage of job (MB)
	377388  -  ResidentSetSize of job (KB)
...
006 (3444394.001.000) 01/31 11:36:29 Image size of job updated: 436876
	369  -  MemoryUsage of job (MB)
	377400  -  ResidentSetSize of job (KB)
...
006 (3444394.001.000) 01/31 11:41:29 Image size of job updated: 436876
	369  -  MemoryUsage of job (MB)
	377484  -  ResidentSetSize of job (KB)
...
006 (3444394.001.000) 01/31 11:46:29 Image size of job updated: 436876
	369  -  MemoryUsage of job (MB)
	377524  -  ResidentSetSize of job (KB)
...
006 (3444394.001.000) 01/31 12:51:37 Image size of job updated: 436876
	369  -  MemoryUsage of job (MB)
	377540  -  ResidentSetSize of job (KB)
...
006 (3444394.001.000) 01/31 12:56:38 Image size of job updated: 436876
	369  -  MemoryUsage of job (MB)
	377584  -  ResidentSetSize of job (KB)
...
006 (3444394.001.000) 01/31 13:01:38 Image size of job updated: 436876
	369  -  MemoryUsage of job (MB)
	377668  -  ResidentSetSize of job (KB)
...
006 (3444394.001.000) 01/31 13:06:39 Image size of job updated: 436876
	369  -  MemoryUsage of job (MB)
	377708  -  ResidentSetSize of job (KB)
...
006 (3444394.001.000) 01/31 13:11:40 Image size of job updated: 436876
	369  -  MemoryUsage of job (MB)
	377752  -  ResidentSetSize of job (KB)
...
006 (3444394.001.000) 01/31 14:01:46 Image size of job updated: 436876
	369  -  MemoryUsage of job (MB)
	377804  -  ResidentSetSize of job (KB)
...
006 (3444394.001.000) 01/31 14:11:48 Image size of job updated: 436876
	369  -  MemoryUsage of job (MB)
	377828  -  ResidentSetSize of job (KB)
...
006 (3444394.001.000) 01/31 14:21:48 Image size of job updated: 436876
	369  -  MemoryUsage of job (MB)
	377856  -  ResidentSetSize of job (KB)
...
006 (3444394.001.000) 01/31 14:26:49 Image size of job updated: 436876
	370  -  MemoryUsage of job (MB)
	377868  -  ResidentSetSize of job (KB)
...
006 (3444394.001.000) 01/31 14:31:50 Image size of job updated: 436876
	370  -  MemoryUsage of job (MB)
	377928  -  ResidentSetSize of job (KB)
...
006 (3444394.001.000) 01/31 14:51:51 Image size of job updated: 436876
	370  -  MemoryUsage of job (MB)
	377932  -  ResidentSetSize of job (KB)
...
006 (3444394.001.000) 01/31 14:56:51 Image size of job updated: 436876
	370  -  MemoryUsage of job (MB)
	377936  -  ResidentSetSize of job (KB)
...
006 (3444394.001.000) 01/31 15:01:52 Image size of job updated: 436876
	370  -  MemoryUsage of job (MB)
	377964  -  ResidentSetSize of job (KB)
...
006 (3444394.001.000) 01/31 15:06:52 Image size of job updated: 436876
	370  -  MemoryUsage of job (MB)
	377984  -  ResidentSetSize of job (KB)
...
006 (3444394.001.000) 01/31 15:11:52 Image size of job updated: 436876
	370  -  MemoryUsage of job (MB)
	377988  -  ResidentSetSize of job (KB)
...
006 (3444394.001.000) 01/31 15:16:54 Image size of job updated: 436876
	370  -  MemoryUsage of job (MB)
	378080  -  ResidentSetSize of job (KB)
...
006 (3444394.001.000) 01/31 15:21:54 Image size of job updated: 436876
	370  -  MemoryUsage of job (MB)
	378092  -  ResidentSetSize of job (KB)
...
006 (3444394.001.000) 01/31 15:51:58 Image size of job updated: 436876
	370  -  MemoryUsage of job (MB)
	378104  -  ResidentSetSize of job (KB)
...
006 (3444394.001.000) 01/31 15:56:58 Image size of job updated: 436876
	370  -  MemoryUsage of job (MB)
	378120  -  ResidentSetSize of job (KB)
...
006 (3444394.001.000) 01/31 16:12:00 Image size of job updated: 436876
	370  -  MemoryUsage of job (MB)
	378132  -  ResidentSetSize of job (KB)
...
006 (3444394.001.000) 01/31 16:17:01 Image size of job updated: 436876
	370  -  MemoryUsage of job (MB)
	378156  -  ResidentSetSize of job (KB)
...
006 (3444394.001.000) 01/31 16:22:02 Image size of job updated: 436876
	370  -  MemoryUsage of job (MB)
	378160  -  ResidentSetSize of job (KB)
...
006 (3444394.001.000) 01/31 16:32:02 Image size of job updated: 436876
	370  -  MemoryUsage of job (MB)
	378232  -  ResidentSetSize of job (KB)
...
006 (3444394.001.000) 01/31 16:39:08 Image size of job updated: 436876
	370  -  MemoryUsage of job (MB)
	378268  -  ResidentSetSize of job (KB)
...
006 (3444394.001.000) 01/31 16:45:25 Image size of job updated: 436876
	370  -  MemoryUsage of job (MB)
	378276  -  ResidentSetSize of job (KB)
...
006 (3444394.001.000) 01/31 17:29:06 Image size of job updated: 436876
	370  -  MemoryUsage of job (MB)
	378312  -  ResidentSetSize of job (KB)
...
006 (3444394.001.000) 01/31 17:40:16 Image size of job updated: 436876
	370  -  MemoryUsage of job (MB)
	378320  -  ResidentSetSize of job (KB)
...
006 (3444394.001.000) 01/31 17:46:59 Image size of job updated: 436876
	370  -  MemoryUsage of job (MB)
	378360  -  ResidentSetSize of job (KB)
...
006 (3444394.001.000) 01/31 17:57:00 Image size of job updated: 436876
	370  -  MemoryUsage of job (MB)
	378388  -  ResidentSetSize of job (KB)
...
006 (3444394.001.000) 01/31 18:02:01 Image size of job updated: 436876
	370  -  MemoryUsage of job (MB)
	378396  -  ResidentSetSize of job (KB)
...
006 (3444394.001.000) 01/31 18:13:27 Image size of job updated: 436876
	370  -  MemoryUsage of job (MB)
	378400  -  ResidentSetSize of job (KB)
...
006 (3444394.001.000) 01/31 18:23:05 Image size of job updated: 436876
	370  -  MemoryUsage of job (MB)
	378404  -  ResidentSetSize of job (KB)
...
006 (3444394.001.000) 01/31 18:28:05 Image size of job updated: 436876
	370  -  MemoryUsage of job (MB)
	378420  -  ResidentSetSize of job (KB)
...
006 (3444394.001.000) 01/31 18:38:06 Image size of job updated: 436876
	370  -  MemoryUsage of job (MB)
	378460  -  ResidentSetSize of job (KB)
...
006 (3444394.001.000) 01/31 18:48:07 Image size of job updated: 436876
	370  -  MemoryUsage of job (MB)
	378480  -  ResidentSetSize of job (KB)
...
006 (3444394.001.000) 01/31 18:53:07 Image size of job updated: 436876
	370  -  MemoryUsage of job (MB)
	378540  -  ResidentSetSize of job (KB)
...
006 (3444394.001.000) 01/31 18:58:07 Image size of job updated: 436876
	370  -  MemoryUsage of job (MB)
	378556  -  ResidentSetSize of job (KB)
...
006 (3444394.001.000) 01/31 19:13:08 Image size of job updated: 436876
	370  -  MemoryUsage of job (MB)
	378572  -  ResidentSetSize of job (KB)
...
006 (3444394.001.000) 01/31 19:18:08 Image size of job updated: 436876
	370  -  MemoryUsage of job (MB)
	378588  -  ResidentSetSize of job (KB)
...
006 (3444394.001.000) 01/31 19:23:08 Image size of job updated: 436876
	370  -  MemoryUsage of job (MB)
	378600  -  ResidentSetSize of job (KB)
...
006 (3444394.001.000) 01/31 19:28:10 Image size of job updated: 436876
	370  -  MemoryUsage of job (MB)
	378624  -  ResidentSetSize of job (KB)
...
006 (3444394.001.000) 01/31 19:38:10 Image size of job updated: 436876
	370  -  MemoryUsage of job (MB)
	378640  -  ResidentSetSize of job (KB)
...
006 (3444394.001.000) 01/31 19:43:11 Image size of job updated: 436876
	370  -  MemoryUsage of job (MB)
	378668  -  ResidentSetSize of job (KB)
...
006 (3444394.001.000) 01/31 19:48:12 Image size of job updated: 436876
	370  -  MemoryUsage of job (MB)
	378724  -  ResidentSetSize of job (KB)
...
006 (3444394.001.000) 01/31 19:53:12 Image size of job updated: 436876
	370  -  MemoryUsage of job (MB)
	378752  -  ResidentSetSize of job (KB)
...
006 (3444394.001.000) 01/31 20:08:14 Image size of job updated: 436876
	370  -  MemoryUsage of job (MB)
	378768  -  ResidentSetSize of job (KB)
...
006 (3444394.001.000) 01/31 20:13:15 Image size of job updated: 436876
	370  -  MemoryUsage of job (MB)
	378784  -  ResidentSetSize of job (KB)
...
006 (3444394.001.000) 01/31 20:23:16 Image size of job updated: 436876
	370  -  MemoryUsage of job (MB)
	378800  -  ResidentSetSize of job (KB)
...
006 (3444394.001.000) 01/31 20:28:16 Image size of job updated: 436876
	370  -  MemoryUsage of job (MB)
	378868  -  ResidentSetSize of job (KB)
...
006 (3444394.001.000) 01/31 20:33:17 Image size of job updated: 436876
	370  -  MemoryUsage of job (MB)
	378880  -  ResidentSetSize of job (KB)
...
006 (3444394.001.000) 01/31 20:53:18 Image size of job updated: 436876
	371  -  MemoryUsage of job (MB)
	378940  -  ResidentSetSize of job (KB)
...
006 (3444394.001.000) 01/31 21:18:22 Image size of job updated: 436876
	371  -  MemoryUsage of job (MB)
	378956  -  ResidentSetSize of job (KB)
...
006 (3444394.001.000) 01/31 21:28:22 Image size of job updated: 436876
	371  -  MemoryUsage of job (MB)
	378992  -  ResidentSetSize of job (KB)
...
006 (3444394.001.000) 01/31 21:33:23 Image size of job updated: 436876
	371  -  MemoryUsage of job (MB)
	379012  -  ResidentSetSize of job (KB)
...
006 (3444394.001.000) 01/31 21:48:24 Image size of job updated: 436876
	371  -  MemoryUsage of job (MB)
	379032  -  ResidentSetSize of job (KB)
...
006 (3444394.001.000) 01/31 21:53:25 Image size of job updated: 436876
	371  -  MemoryUsage of job (MB)
	379044  -  ResidentSetSize of job (KB)
...
006 (3444394.001.000) 01/31 22:03:26 Image size of job updated: 436876
	371  -  MemoryUsage of job (MB)
	379056  -  ResidentSetSize of job (KB)
...
006 (3444394.001.000) 01/31 22:08:27 Image size of job updated: 436876
	371  -  MemoryUsage of job (MB)
	379076  -  ResidentSetSize of job (KB)
...
006 (3444394.001.000) 01/31 22:13:28 Image size of job updated: 436876
	371  -  MemoryUsage of job (MB)
	379108  -  ResidentSetSize of job (KB)
...
006 (3444394.001.000) 01/31 22:18:28 Image size of job updated: 436876
	371  -  MemoryUsage of job (MB)
	379112  -  ResidentSetSize of job (KB)
...
006 (3444394.001.000) 01/31 22:28:29 Image size of job updated: 436876
	371  -  MemoryUsage of job (MB)
	379144  -  ResidentSetSize of job (KB)
...
006 (3444394.001.000) 01/31 22:33:29 Image size of job updated: 436876
	371  -  MemoryUsage of job (MB)
	379156  -  ResidentSetSize of job (KB)
...
006 (3444394.001.000) 01/31 22:38:31 Image size of job updated: 436876
	371  -  MemoryUsage of job (MB)
	379228  -  ResidentSetSize of job (KB)
...
006 (3444394.001.000) 01/31 22:53:33 Image size of job updated: 436876
	371  -  MemoryUsage of job (MB)
	379252  -  ResidentSetSize of job (KB)
...
006 (3444394.001.000) 01/31 22:58:33 Image size of job updated: 436876
	371  -  MemoryUsage of job (MB)
	379280  -  ResidentSetSize of job (KB)
...
006 (3444394.001.000) 01/31 23:08:34 Image size of job updated: 436876
	371  -  MemoryUsage of job (MB)
	379304  -  ResidentSetSize of job (KB)
...
006 (3444394.001.000) 01/31 23:13:34 Image size of job updated: 436876
	371  -  MemoryUsage of job (MB)
	379316  -  ResidentSetSize of job (KB)
...
006 (3444394.001.000) 01/31 23:23:34 Image size of job updated: 436876
	371  -  MemoryUsage of job (MB)
	379352  -  ResidentSetSize of job (KB)
...
006 (3444394.001.000) 01/31 23:28:34 Image size of job updated: 436876
	371  -  MemoryUsage of job (MB)
	379380  -  ResidentSetSize of job (KB)
...
006 (3444394.001.000) 01/31 23:33:34 Image size of job updated: 436876
	371  -  MemoryUsage of job (MB)
	379424  -  ResidentSetSize of job (KB)
...
006 (3444394.001.000) 01/31 23:58:36 Image size of job updated: 436876
	371  -  MemoryUsage of job (MB)
	379480  -  ResidentSetSize of job (KB)
...
006 (3444394.001.000) 02/01 00:08:38 Image size of job updated: 436876
	371  -  MemoryUsage of job (MB)
	379484  -  ResidentSetSize of job (KB)
...
006 (3444394.001.000) 02/01 00:18:39 Image size of job updated: 436876
	371  -  MemoryUsage of job (MB)
	379516  -  ResidentSetSize of job (KB)
...
006 (3444394.001.000) 02/01 00:23:40 Image size of job updated: 436876
	371  -  MemoryUsage of job (MB)
	379528  -  ResidentSetSize of job (KB)
...
006 (3444394.001.000) 02/01 00:28:40 Image size of job updated: 436876
	371  -  MemoryUsage of job (MB)
	379548  -  ResidentSetSize of job (KB)
...
006 (3444394.001.000) 02/01 00:33:40 Image size of job updated: 436876
	371  -  MemoryUsage of job (MB)
	379556  -  ResidentSetSize of job (KB)
...
006 (3444394.001.000) 02/01 00:38:41 Image size of job updated: 436876
	371  -  MemoryUsage of job (MB)
	379572  -  ResidentSetSize of job (KB)
...
006 (3444394.001.000) 02/01 00:43:42 Image size of job updated: 436876
	371  -  MemoryUsage of job (MB)
	379604  -  ResidentSetSize of job (KB)
...
006 (3444394.001.000) 02/01 00:48:42 Image size of job updated: 436876
	371  -  MemoryUsage of job (MB)
	379620  -  ResidentSetSize of job (KB)
...
006 (3444394.001.000) 02/01 00:53:42 Image size of job updated: 436876
	371  -  MemoryUsage of job (MB)
	379640  -  ResidentSetSize of job (KB)
...
006 (3444394.001.000) 02/01 00:58:44 Image size of job updated: 436876
	371  -  MemoryUsage of job (MB)
	379680  -  ResidentSetSize of job (KB)
...
006 (3444394.001.000) 02/01 01:08:44 Image size of job updated: 436876
	371  -  MemoryUsage of job (MB)
	379692  -  ResidentSetSize of job (KB)
...
006 (3444394.001.000) 02/01 01:13:45 Image size of job updated: 436876
	371  -  MemoryUsage of job (MB)
	379728  -  ResidentSetSize of job (KB)
...
006 (3444394.001.000) 02/01 01:18:46 Image size of job updated: 436876
	371  -  MemoryUsage of job (MB)
	379744  -  ResidentSetSize of job (KB)
...
006 (3444394.001.000) 02/01 01:28:47 Image size of job updated: 436876
	371  -  MemoryUsage of job (MB)
	379776  -  ResidentSetSize of job (KB)
...
006 (3444394.001.000) 02/01 01:33:48 Image size of job updated: 436876
	371  -  MemoryUsage of job (MB)
	379808  -  ResidentSetSize of job (KB)
...
006 (3444394.001.000) 02/01 01:38:48 Image size of job updated: 436876
	371  -  MemoryUsage of job (MB)
	379824  -  ResidentSetSize of job (KB)
...
006 (3444394.001.000) 02/01 01:43:48 Image size of job updated: 436876
	371  -  MemoryUsage of job (MB)
	379844  -  ResidentSetSize of job (KB)
...
006 (3444394.001.000) 02/01 01:48:49 Image size of job updated: 436876
	371  -  MemoryUsage of job (MB)
	379852  -  ResidentSetSize of job (KB)
...
006 (3444394.001.000) 02/01 01:53:50 Image size of job updated: 436876
	371  -  MemoryUsage of job (MB)
	379864  -  ResidentSetSize of job (KB)
...
006 (3444394.001.000) 02/01 02:08:52 Image size of job updated: 436876
	371  -  MemoryUsage of job (MB)
	379884  -  ResidentSetSize of job (KB)
...
006 (3444394.001.000) 02/01 02:13:52 Image size of job updated: 436876
	371  -  MemoryUsage of job (MB)
	379900  -  ResidentSetSize of job (KB)
...
006 (3444394.001.000) 02/01 02:18:52 Image size of job updated: 436876
	372  -  MemoryUsage of job (MB)
	379924  -  ResidentSetSize of job (KB)
...
006 (3444394.001.000) 02/01 02:23:53 Image size of job updated: 436876
	372  -  MemoryUsage of job (MB)
	379968  -  ResidentSetSize of job (KB)
...
006 (3444394.001.000) 02/01 02:38:55 Image size of job updated: 436876
	372  -  MemoryUsage of job (MB)
	379992  -  ResidentSetSize of job (KB)
...
006 (3444394.001.000) 02/01 02:48:55 Image size of job updated: 436876
	372  -  MemoryUsage of job (MB)
	380016  -  ResidentSetSize of job (KB)
...
006 (3444394.001.000) 02/01 02:53:56 Image size of job updated: 436876
	372  -  MemoryUsage of job (MB)
	380020  -  ResidentSetSize of job (KB)
...
006 (3444394.001.000) 02/01 02:58:57 Image size of job updated: 436876
	372  -  MemoryUsage of job (MB)
	380040  -  ResidentSetSize of job (KB)
...
006 (3444394.001.000) 02/01 03:03:57 Image size of job updated: 436876
	372  -  MemoryUsage of job (MB)
	380056  -  ResidentSetSize of job (KB)
...
006 (3444394.001.000) 02/01 03:08:58 Image size of job updated: 436876
	372  -  MemoryUsage of job (MB)
	380088  -  ResidentSetSize of job (KB)
...
006 (3444394.001.000) 02/01 03:18:59 Image size of job updated: 436876
	372  -  MemoryUsage of job (MB)
	380120  -  ResidentSetSize of job (KB)
...
006 (3444394.001.000) 02/01 03:24:00 Image size of job updated: 436876
	372  -  MemoryUsage of job (MB)
	380124  -  ResidentSetSize of job (KB)
...
006 (3444394.001.000) 02/01 03:29:01 Image size of job updated: 436876
	372  -  MemoryUsage of job (MB)
	380140  -  ResidentSetSize of job (KB)
...
006 (3444394.001.000) 02/01 03:34:01 Image size of job updated: 436876
	372  -  MemoryUsage of job (MB)
	380156  -  ResidentSetSize of job (KB)
...
006 (3444394.001.000) 02/01 03:39:02 Image size of job updated: 436876
	372  -  MemoryUsage of job (MB)
	380160  -  ResidentSetSize of job (KB)
...
006 (3444394.001.000) 02/01 03:44:03 Image size of job updated: 436876
	372  -  MemoryUsage of job (MB)
	380184  -  ResidentSetSize of job (KB)
...
006 (3444394.001.000) 02/01 03:54:04 Image size of job updated: 436876
	372  -  MemoryUsage of job (MB)
	380240  -  ResidentSetSize of job (KB)
...
006 (3444394.001.000) 02/01 04:04:05 Image size of job updated: 436876
	372  -  MemoryUsage of job (MB)
	380276  -  ResidentSetSize of job (KB)
...
006 (3444394.001.000) 02/01 04:09:05 Image size of job updated: 436876
	372  -  MemoryUsage of job (MB)
	380292  -  ResidentSetSize of job (KB)
...
006 (3444394.001.000) 02/01 04:19:06 Image size of job updated: 436876
	372  -  MemoryUsage of job (MB)
	380300  -  ResidentSetSize of job (KB)
...
006 (3444394.001.000) 02/01 04:24:06 Image size of job updated: 436876
	372  -  MemoryUsage of job (MB)
	380372  -  ResidentSetSize of job (KB)
...
006 (3444394.001.000) 02/01 04:39:08 Image size of job updated: 436876
	372  -  MemoryUsage of job (MB)
	380432  -  ResidentSetSize of job (KB)
...
006 (3444394.001.000) 02/01 04:44:09 Image size of job updated: 436876
	372  -  MemoryUsage of job (MB)
	380460  -  ResidentSetSize of job (KB)
...
006 (3444394.001.000) 02/01 04:54:10 Image size of job updated: 436876
	372  -  MemoryUsage of job (MB)
	380476  -  ResidentSetSize of job (KB)
...
006 (3444394.001.000) 02/01 04:59:11 Image size of job updated: 436876
	372  -  MemoryUsage of job (MB)
	380496  -  ResidentSetSize of job (KB)
...
006 (3444394.001.000) 02/01 05:09:12 Image size of job updated: 436876
	372  -  MemoryUsage of job (MB)
	380508  -  ResidentSetSize of job (KB)
...
006 (3444394.001.000) 02/01 05:14:13 Image size of job updated: 436876
	372  -  MemoryUsage of job (MB)
	380516  -  ResidentSetSize of job (KB)
...
006 (3444394.001.000) 02/01 05:19:13 Image size of job updated: 436876
	372  -  MemoryUsage of job (MB)
	380544  -  ResidentSetSize of job (KB)
...
006 (3444394.001.000) 02/01 05:24:13 Image size of job updated: 436876
	372  -  MemoryUsage of job (MB)
	380572  -  ResidentSetSize of job (KB)
...
006 (3444394.001.000) 02/01 05:34:14 Image size of job updated: 436876
	372  -  MemoryUsage of job (MB)
	380580  -  ResidentSetSize of job (KB)
...
006 (3444394.001.000) 02/01 05:39:14 Image size of job updated: 436876
	372  -  MemoryUsage of job (MB)
	380620  -  ResidentSetSize of job (KB)
...
006 (3444394.001.000) 02/01 05:44:15 Image size of job updated: 436876
	372  -  MemoryUsage of job (MB)
	380648  -  ResidentSetSize of job (KB)
...
006 (3444394.001.000) 02/01 05:54:15 Image size of job updated: 436876
	372  -  MemoryUsage of job (MB)
	380652  -  ResidentSetSize of job (KB)
...
006 (3444394.001.000) 02/01 05:59:17 Image size of job updated: 436876
	372  -  MemoryUsage of job (MB)
	380664  -  ResidentSetSize of job (KB)
...
006 (3444394.001.000) 02/01 06:04:17 Image size of job updated: 436876
	372  -  MemoryUsage of job (MB)
	380688  -  ResidentSetSize of job (KB)
...
006 (3444394.001.000) 02/01 06:09:17 Image size of job updated: 436876
	372  -  MemoryUsage of job (MB)
	380712  -  ResidentSetSize of job (KB)
...
006 (3444394.001.000) 02/01 06:19:18 Image size of job updated: 436876
	372  -  MemoryUsage of job (MB)
	380772  -  ResidentSetSize of job (KB)
...
006 (3444394.001.000) 02/01 06:24:18 Image size of job updated: 436876
	372  -  MemoryUsage of job (MB)
	380796  -  ResidentSetSize of job (KB)
...
006 (3444394.001.000) 02/01 06:34:20 Image size of job updated: 436876
	372  -  MemoryUsage of job (MB)
	380804  -  ResidentSetSize of job (KB)
...
006 (3444394.001.000) 02/01 06:39:20 Image size of job updated: 436876
	372  -  MemoryUsage of job (MB)
	380820  -  ResidentSetSize of job (KB)
...
006 (3444394.001.000) 02/01 06:44:21 Image size of job updated: 436876
	372  -  MemoryUsage of job (MB)
	380828  -  ResidentSetSize of job (KB)
...
006 (3444394.001.000) 02/01 06:49:22 Image size of job updated: 436876
	372  -  MemoryUsage of job (MB)
	380848  -  ResidentSetSize of job (KB)
...
006 (3444394.001.000) 02/01 06:54:22 Image size of job updated: 436876
	373  -  MemoryUsage of job (MB)
	381260  -  ResidentSetSize of job (KB)
...
040 (3444394.001.000) 02/01 06:58:43 Started transferring output files
...
040 (3444394.001.000) 02/01 06:58:43 Finished transferring output files
...
005 (3444394.001.000) 02/01 06:58:43 Job terminated.
	(1) Normal termination (return value 0)
		Usr 2 09:44:50, Sys 0 00:03:09  -  Run Remote Usage
		Usr 0 00:00:00, Sys 0 00:00:00  -  Run Local Usage
		Usr 2 09:44:50, Sys 0 00:03:09  -  Total Remote Usage
		Usr 0 00:00:00, Sys 0 00:00:00  -  Total Local Usage
	34632  -  Run Bytes Sent By Job
	493  -  Run Bytes Received By Job
	34632  -  Total Bytes Sent By Job
	493  -  Total Bytes Received By Job
	Partitionable Resources :    Usage  Request Allocated 
	   Cpus                 :                 1           
	   Disk (KB)            :       48        1   2941805 
	   Memory (MB)          :      373     2000      2000 
...
