000 (3447418.008.000) 01/30 01:28:19 Job submitted from host: <188.185.71.142:9618?addrs=188.185.71.142-9618+[2001-1458-d00-7--100-388]-9618&alias=bigbird09.cern.ch&noUDP&sock=schedd_2208_1533_7>
...
040 (3447418.008.000) 01/30 06:19:39 Started transferring input files
	Transferring to host: <188.184.210.87:9618?addrs=188.184.210.87-9618+[2001-1458-301-10b--100-3c]-9618&noUDP&sock=20466_e5f9_199628>
...
040 (3447418.008.000) 01/30 06:19:39 Finished transferring input files
...
001 (3447418.008.000) 01/30 06:19:40 Job executing on host: <188.184.210.87:9618?addrs=188.184.210.87-9618+[2001-1458-301-10b--100-3c]-9618&noUDP&sock=20333_5343_3>
...
006 (3447418.008.000) 01/30 06:19:49 Image size of job updated: 50444
	19  -  MemoryUsage of job (MB)
	19140  -  ResidentSetSize of job (KB)
...
006 (3447418.008.000) 01/30 06:24:50 Image size of job updated: 438308
	359  -  MemoryUsage of job (MB)
	366764  -  ResidentSetSize of job (KB)
...
006 (3447418.008.000) 01/30 06:29:50 Image size of job updated: 438396
	359  -  MemoryUsage of job (MB)
	366852  -  ResidentSetSize of job (KB)
...
006 (3447418.008.000) 01/30 06:34:51 Image size of job updated: 438436
	359  -  MemoryUsage of job (MB)
	366892  -  ResidentSetSize of job (KB)
...
006 (3447418.008.000) 01/30 06:39:52 Image size of job updated: 438452
	359  -  MemoryUsage of job (MB)
	366908  -  ResidentSetSize of job (KB)
...
006 (3447418.008.000) 01/30 06:44:52 Image size of job updated: 438476
	359  -  MemoryUsage of job (MB)
	366932  -  ResidentSetSize of job (KB)
...
006 (3447418.008.000) 01/30 06:49:53 Image size of job updated: 438488
	359  -  MemoryUsage of job (MB)
	366944  -  ResidentSetSize of job (KB)
...
006 (3447418.008.000) 01/30 06:54:54 Image size of job updated: 438492
	359  -  MemoryUsage of job (MB)
	366948  -  ResidentSetSize of job (KB)
...
006 (3447418.008.000) 01/30 06:59:54 Image size of job updated: 438496
	359  -  MemoryUsage of job (MB)
	366952  -  ResidentSetSize of job (KB)
...
006 (3447418.008.000) 01/30 07:04:54 Image size of job updated: 438500
	359  -  MemoryUsage of job (MB)
	366956  -  ResidentSetSize of job (KB)
...
006 (3447418.008.000) 01/30 07:14:55 Image size of job updated: 438504
	359  -  MemoryUsage of job (MB)
	366960  -  ResidentSetSize of job (KB)
...
006 (3447418.008.000) 01/30 07:19:55 Image size of job updated: 438512
	359  -  MemoryUsage of job (MB)
	366968  -  ResidentSetSize of job (KB)
...
006 (3447418.008.000) 01/30 07:29:56 Image size of job updated: 438524
	359  -  MemoryUsage of job (MB)
	366980  -  ResidentSetSize of job (KB)
...
006 (3447418.008.000) 01/30 10:20:16 Image size of job updated: 438556
	359  -  MemoryUsage of job (MB)
	367104  -  ResidentSetSize of job (KB)
...
006 (3447418.008.000) 01/30 11:05:21 Image size of job updated: 438740
	359  -  MemoryUsage of job (MB)
	367288  -  ResidentSetSize of job (KB)
...
006 (3447418.008.000) 01/30 11:15:22 Image size of job updated: 438884
	359  -  MemoryUsage of job (MB)
	367432  -  ResidentSetSize of job (KB)
...
006 (3447418.008.000) 01/30 11:20:23 Image size of job updated: 438988
	359  -  MemoryUsage of job (MB)
	367536  -  ResidentSetSize of job (KB)
...
006 (3447418.008.000) 01/30 12:05:27 Image size of job updated: 439016
	359  -  MemoryUsage of job (MB)
	367564  -  ResidentSetSize of job (KB)
...
006 (3447418.008.000) 01/30 12:10:28 Image size of job updated: 439044
	359  -  MemoryUsage of job (MB)
	367592  -  ResidentSetSize of job (KB)
...
006 (3447418.008.000) 01/30 12:15:29 Image size of job updated: 439116
	360  -  MemoryUsage of job (MB)
	367664  -  ResidentSetSize of job (KB)
...
006 (3447418.008.000) 01/30 12:20:29 Image size of job updated: 439236
	360  -  MemoryUsage of job (MB)
	367784  -  ResidentSetSize of job (KB)
...
006 (3447418.008.000) 01/30 12:25:30 Image size of job updated: 439264
	360  -  MemoryUsage of job (MB)
	367812  -  ResidentSetSize of job (KB)
...
006 (3447418.008.000) 01/30 12:30:31 Image size of job updated: 439344
	360  -  MemoryUsage of job (MB)
	367892  -  ResidentSetSize of job (KB)
...
006 (3447418.008.000) 01/30 12:35:31 Image size of job updated: 439380
	360  -  MemoryUsage of job (MB)
	367928  -  ResidentSetSize of job (KB)
...
006 (3447418.008.000) 01/30 12:40:31 Image size of job updated: 439808
	360  -  MemoryUsage of job (MB)
	368084  -  ResidentSetSize of job (KB)
...
006 (3447418.008.000) 01/30 12:45:32 Image size of job updated: 439824
	360  -  MemoryUsage of job (MB)
	368084  -  ResidentSetSize of job (KB)
...
006 (3447418.008.000) 01/30 12:50:32 Image size of job updated: 439920
	360  -  MemoryUsage of job (MB)
	368180  -  ResidentSetSize of job (KB)
...
006 (3447418.008.000) 01/30 12:55:32 Image size of job updated: 439980
	360  -  MemoryUsage of job (MB)
	368240  -  ResidentSetSize of job (KB)
...
006 (3447418.008.000) 01/30 13:00:33 Image size of job updated: 440044
	360  -  MemoryUsage of job (MB)
	368304  -  ResidentSetSize of job (KB)
...
006 (3447418.008.000) 01/30 13:05:33 Image size of job updated: 440188
	360  -  MemoryUsage of job (MB)
	368448  -  ResidentSetSize of job (KB)
...
006 (3447418.008.000) 01/30 13:10:33 Image size of job updated: 440284
	360  -  MemoryUsage of job (MB)
	368544  -  ResidentSetSize of job (KB)
...
006 (3447418.008.000) 01/30 13:15:34 Image size of job updated: 440308
	360  -  MemoryUsage of job (MB)
	368568  -  ResidentSetSize of job (KB)
...
006 (3447418.008.000) 01/30 13:20:34 Image size of job updated: 440400
	361  -  MemoryUsage of job (MB)
	368660  -  ResidentSetSize of job (KB)
...
006 (3447418.008.000) 01/30 13:25:35 Image size of job updated: 440516
	361  -  MemoryUsage of job (MB)
	368776  -  ResidentSetSize of job (KB)
...
006 (3447418.008.000) 01/30 13:30:36 Image size of job updated: 440516
	361  -  MemoryUsage of job (MB)
	368868  -  ResidentSetSize of job (KB)
...
006 (3447418.008.000) 01/30 13:35:36 Image size of job updated: 440516
	361  -  MemoryUsage of job (MB)
	368896  -  ResidentSetSize of job (KB)
...
006 (3447418.008.000) 01/30 13:40:36 Image size of job updated: 440516
	361  -  MemoryUsage of job (MB)
	369016  -  ResidentSetSize of job (KB)
...
006 (3447418.008.000) 01/30 13:50:37 Image size of job updated: 440516
	361  -  MemoryUsage of job (MB)
	369084  -  ResidentSetSize of job (KB)
...
006 (3447418.008.000) 01/30 13:55:37 Image size of job updated: 440516
	361  -  MemoryUsage of job (MB)
	369204  -  ResidentSetSize of job (KB)
...
006 (3447418.008.000) 01/30 14:00:38 Image size of job updated: 440516
	361  -  MemoryUsage of job (MB)
	369256  -  ResidentSetSize of job (KB)
...
006 (3447418.008.000) 01/30 14:05:38 Image size of job updated: 440516
	361  -  MemoryUsage of job (MB)
	369428  -  ResidentSetSize of job (KB)
...
006 (3447418.008.000) 01/30 14:10:39 Image size of job updated: 440516
	361  -  MemoryUsage of job (MB)
	369500  -  ResidentSetSize of job (KB)
...
006 (3447418.008.000) 01/30 14:15:40 Image size of job updated: 440516
	361  -  MemoryUsage of job (MB)
	369564  -  ResidentSetSize of job (KB)
...
006 (3447418.008.000) 01/30 14:20:41 Image size of job updated: 440516
	361  -  MemoryUsage of job (MB)
	369608  -  ResidentSetSize of job (KB)
...
006 (3447418.008.000) 01/30 14:25:41 Image size of job updated: 440516
	361  -  MemoryUsage of job (MB)
	369624  -  ResidentSetSize of job (KB)
...
006 (3447418.008.000) 01/30 14:30:42 Image size of job updated: 440516
	362  -  MemoryUsage of job (MB)
	369748  -  ResidentSetSize of job (KB)
...
006 (3447418.008.000) 01/30 14:35:43 Image size of job updated: 440516
	362  -  MemoryUsage of job (MB)
	369808  -  ResidentSetSize of job (KB)
...
006 (3447418.008.000) 01/30 14:40:43 Image size of job updated: 440516
	362  -  MemoryUsage of job (MB)
	369904  -  ResidentSetSize of job (KB)
...
006 (3447418.008.000) 01/30 14:45:43 Image size of job updated: 440516
	362  -  MemoryUsage of job (MB)
	370072  -  ResidentSetSize of job (KB)
...
006 (3447418.008.000) 01/30 14:50:44 Image size of job updated: 440516
	362  -  MemoryUsage of job (MB)
	370128  -  ResidentSetSize of job (KB)
...
006 (3447418.008.000) 01/30 14:55:45 Image size of job updated: 440516
	362  -  MemoryUsage of job (MB)
	370276  -  ResidentSetSize of job (KB)
...
006 (3447418.008.000) 01/30 15:00:45 Image size of job updated: 440516
	362  -  MemoryUsage of job (MB)
	370360  -  ResidentSetSize of job (KB)
...
006 (3447418.008.000) 01/30 15:05:46 Image size of job updated: 440516
	362  -  MemoryUsage of job (MB)
	370368  -  ResidentSetSize of job (KB)
...
006 (3447418.008.000) 01/30 15:10:47 Image size of job updated: 440516
	362  -  MemoryUsage of job (MB)
	370516  -  ResidentSetSize of job (KB)
...
006 (3447418.008.000) 01/30 15:15:47 Image size of job updated: 440516
	362  -  MemoryUsage of job (MB)
	370624  -  ResidentSetSize of job (KB)
...
006 (3447418.008.000) 01/30 15:20:48 Image size of job updated: 440516
	362  -  MemoryUsage of job (MB)
	370664  -  ResidentSetSize of job (KB)
...
006 (3447418.008.000) 01/30 15:25:49 Image size of job updated: 440516
	363  -  MemoryUsage of job (MB)
	370712  -  ResidentSetSize of job (KB)
...
006 (3447418.008.000) 01/30 15:35:50 Image size of job updated: 440516
	363  -  MemoryUsage of job (MB)
	370892  -  ResidentSetSize of job (KB)
...
006 (3447418.008.000) 01/30 15:40:51 Image size of job updated: 440516
	363  -  MemoryUsage of job (MB)
	370932  -  ResidentSetSize of job (KB)
...
006 (3447418.008.000) 01/30 15:45:51 Image size of job updated: 440516
	363  -  MemoryUsage of job (MB)
	371424  -  ResidentSetSize of job (KB)
...
006 (3447418.008.000) 01/30 15:50:51 Image size of job updated: 440516
	365  -  MemoryUsage of job (MB)
	373128  -  ResidentSetSize of job (KB)
...
006 (3447418.008.000) 01/30 15:55:52 Image size of job updated: 440516
	365  -  MemoryUsage of job (MB)
	373256  -  ResidentSetSize of job (KB)
...
006 (3447418.008.000) 01/30 16:00:52 Image size of job updated: 440516
	365  -  MemoryUsage of job (MB)
	373260  -  ResidentSetSize of job (KB)
...
006 (3447418.008.000) 01/30 16:05:52 Image size of job updated: 440516
	365  -  MemoryUsage of job (MB)
	373292  -  ResidentSetSize of job (KB)
...
006 (3447418.008.000) 01/30 16:10:53 Image size of job updated: 440516
	365  -  MemoryUsage of job (MB)
	373328  -  ResidentSetSize of job (KB)
...
006 (3447418.008.000) 01/30 16:15:53 Image size of job updated: 440516
	365  -  MemoryUsage of job (MB)
	373340  -  ResidentSetSize of job (KB)
...
006 (3447418.008.000) 01/30 16:20:53 Image size of job updated: 440516
	365  -  MemoryUsage of job (MB)
	373400  -  ResidentSetSize of job (KB)
...
006 (3447418.008.000) 01/30 16:25:55 Image size of job updated: 440516
	365  -  MemoryUsage of job (MB)
	373432  -  ResidentSetSize of job (KB)
...
006 (3447418.008.000) 01/30 16:35:55 Image size of job updated: 440516
	365  -  MemoryUsage of job (MB)
	373472  -  ResidentSetSize of job (KB)
...
006 (3447418.008.000) 01/30 16:40:57 Image size of job updated: 440516
	365  -  MemoryUsage of job (MB)
	373488  -  ResidentSetSize of job (KB)
...
006 (3447418.008.000) 01/30 16:45:57 Image size of job updated: 440516
	365  -  MemoryUsage of job (MB)
	373500  -  ResidentSetSize of job (KB)
...
006 (3447418.008.000) 01/30 16:50:57 Image size of job updated: 440516
	365  -  MemoryUsage of job (MB)
	373516  -  ResidentSetSize of job (KB)
...
006 (3447418.008.000) 01/30 16:55:59 Image size of job updated: 440516
	365  -  MemoryUsage of job (MB)
	373588  -  ResidentSetSize of job (KB)
...
006 (3447418.008.000) 01/30 17:00:59 Image size of job updated: 440516
	365  -  MemoryUsage of job (MB)
	373624  -  ResidentSetSize of job (KB)
...
006 (3447418.008.000) 01/30 17:05:59 Image size of job updated: 440516
	365  -  MemoryUsage of job (MB)
	373640  -  ResidentSetSize of job (KB)
...
006 (3447418.008.000) 01/30 17:11:00 Image size of job updated: 440516
	365  -  MemoryUsage of job (MB)
	373688  -  ResidentSetSize of job (KB)
...
006 (3447418.008.000) 01/30 17:16:01 Image size of job updated: 440516
	365  -  MemoryUsage of job (MB)
	373736  -  ResidentSetSize of job (KB)
...
006 (3447418.008.000) 01/30 17:26:02 Image size of job updated: 440516
	366  -  MemoryUsage of job (MB)
	373792  -  ResidentSetSize of job (KB)
...
006 (3447418.008.000) 01/30 17:31:03 Image size of job updated: 440516
	366  -  MemoryUsage of job (MB)
	373840  -  ResidentSetSize of job (KB)
...
006 (3447418.008.000) 01/30 17:36:03 Image size of job updated: 440516
	366  -  MemoryUsage of job (MB)
	373876  -  ResidentSetSize of job (KB)
...
006 (3447418.008.000) 01/30 17:41:04 Image size of job updated: 440516
	366  -  MemoryUsage of job (MB)
	373908  -  ResidentSetSize of job (KB)
...
006 (3447418.008.000) 01/30 17:51:05 Image size of job updated: 440516
	366  -  MemoryUsage of job (MB)
	373964  -  ResidentSetSize of job (KB)
...
006 (3447418.008.000) 01/30 17:56:05 Image size of job updated: 440516
	366  -  MemoryUsage of job (MB)
	374028  -  ResidentSetSize of job (KB)
...
006 (3447418.008.000) 01/30 18:01:06 Image size of job updated: 440516
	366  -  MemoryUsage of job (MB)
	374036  -  ResidentSetSize of job (KB)
...
006 (3447418.008.000) 01/30 18:06:06 Image size of job updated: 440516
	366  -  MemoryUsage of job (MB)
	374088  -  ResidentSetSize of job (KB)
...
006 (3447418.008.000) 01/30 18:11:06 Image size of job updated: 440516
	366  -  MemoryUsage of job (MB)
	374116  -  ResidentSetSize of job (KB)
...
006 (3447418.008.000) 01/30 18:16:07 Image size of job updated: 440516
	366  -  MemoryUsage of job (MB)
	374136  -  ResidentSetSize of job (KB)
...
006 (3447418.008.000) 01/30 18:21:07 Image size of job updated: 440516
	366  -  MemoryUsage of job (MB)
	374192  -  ResidentSetSize of job (KB)
...
006 (3447418.008.000) 01/30 18:26:07 Image size of job updated: 440516
	366  -  MemoryUsage of job (MB)
	374204  -  ResidentSetSize of job (KB)
...
006 (3447418.008.000) 01/30 18:36:08 Image size of job updated: 440516
	366  -  MemoryUsage of job (MB)
	374240  -  ResidentSetSize of job (KB)
...
006 (3447418.008.000) 01/30 18:41:08 Image size of job updated: 440516
	366  -  MemoryUsage of job (MB)
	374252  -  ResidentSetSize of job (KB)
...
006 (3447418.008.000) 01/30 18:46:08 Image size of job updated: 440516
	366  -  MemoryUsage of job (MB)
	374280  -  ResidentSetSize of job (KB)
...
006 (3447418.008.000) 01/30 18:56:09 Image size of job updated: 440516
	366  -  MemoryUsage of job (MB)
	374376  -  ResidentSetSize of job (KB)
...
006 (3447418.008.000) 01/30 19:06:10 Image size of job updated: 440516
	366  -  MemoryUsage of job (MB)
	374428  -  ResidentSetSize of job (KB)
...
006 (3447418.008.000) 01/30 19:11:11 Image size of job updated: 440516
	366  -  MemoryUsage of job (MB)
	374448  -  ResidentSetSize of job (KB)
...
006 (3447418.008.000) 01/30 19:16:11 Image size of job updated: 440516
	366  -  MemoryUsage of job (MB)
	374476  -  ResidentSetSize of job (KB)
...
006 (3447418.008.000) 01/30 19:21:12 Image size of job updated: 440516
	366  -  MemoryUsage of job (MB)
	374516  -  ResidentSetSize of job (KB)
...
006 (3447418.008.000) 01/30 19:26:13 Image size of job updated: 440516
	366  -  MemoryUsage of job (MB)
	374536  -  ResidentSetSize of job (KB)
...
006 (3447418.008.000) 01/30 19:36:14 Image size of job updated: 440516
	366  -  MemoryUsage of job (MB)
	374588  -  ResidentSetSize of job (KB)
...
006 (3447418.008.000) 01/30 19:41:15 Image size of job updated: 440516
	366  -  MemoryUsage of job (MB)
	374632  -  ResidentSetSize of job (KB)
...
006 (3447418.008.000) 01/30 19:46:15 Image size of job updated: 440516
	366  -  MemoryUsage of job (MB)
	374652  -  ResidentSetSize of job (KB)
...
006 (3447418.008.000) 01/30 19:51:16 Image size of job updated: 440516
	366  -  MemoryUsage of job (MB)
	374684  -  ResidentSetSize of job (KB)
...
006 (3447418.008.000) 01/30 20:01:16 Image size of job updated: 440516
	366  -  MemoryUsage of job (MB)
	374720  -  ResidentSetSize of job (KB)
...
006 (3447418.008.000) 01/30 20:06:17 Image size of job updated: 440516
	367  -  MemoryUsage of job (MB)
	374788  -  ResidentSetSize of job (KB)
...
006 (3447418.008.000) 01/30 20:11:17 Image size of job updated: 440516
	367  -  MemoryUsage of job (MB)
	374824  -  ResidentSetSize of job (KB)
...
006 (3447418.008.000) 01/30 20:16:18 Image size of job updated: 440516
	367  -  MemoryUsage of job (MB)
	374836  -  ResidentSetSize of job (KB)
...
006 (3447418.008.000) 01/30 20:26:19 Image size of job updated: 440516
	367  -  MemoryUsage of job (MB)
	374876  -  ResidentSetSize of job (KB)
...
006 (3447418.008.000) 01/30 20:31:20 Image size of job updated: 440516
	367  -  MemoryUsage of job (MB)
	374936  -  ResidentSetSize of job (KB)
...
006 (3447418.008.000) 01/30 20:36:21 Image size of job updated: 440516
	367  -  MemoryUsage of job (MB)
	374960  -  ResidentSetSize of job (KB)
...
006 (3447418.008.000) 01/30 20:41:21 Image size of job updated: 440516
	367  -  MemoryUsage of job (MB)
	375004  -  ResidentSetSize of job (KB)
...
006 (3447418.008.000) 01/30 20:46:22 Image size of job updated: 440516
	367  -  MemoryUsage of job (MB)
	375016  -  ResidentSetSize of job (KB)
...
006 (3447418.008.000) 01/30 20:51:23 Image size of job updated: 440516
	367  -  MemoryUsage of job (MB)
	375056  -  ResidentSetSize of job (KB)
...
006 (3447418.008.000) 01/30 20:56:23 Image size of job updated: 440516
	367  -  MemoryUsage of job (MB)
	375068  -  ResidentSetSize of job (KB)
...
006 (3447418.008.000) 01/30 21:01:24 Image size of job updated: 440516
	367  -  MemoryUsage of job (MB)
	375084  -  ResidentSetSize of job (KB)
...
006 (3447418.008.000) 01/30 21:06:25 Image size of job updated: 440516
	367  -  MemoryUsage of job (MB)
	375148  -  ResidentSetSize of job (KB)
...
006 (3447418.008.000) 01/30 21:11:25 Image size of job updated: 440516
	367  -  MemoryUsage of job (MB)
	375188  -  ResidentSetSize of job (KB)
...
006 (3447418.008.000) 01/30 21:16:26 Image size of job updated: 440516
	367  -  MemoryUsage of job (MB)
	375216  -  ResidentSetSize of job (KB)
...
006 (3447418.008.000) 01/30 21:21:27 Image size of job updated: 440516
	367  -  MemoryUsage of job (MB)
	375260  -  ResidentSetSize of job (KB)
...
006 (3447418.008.000) 01/30 21:26:27 Image size of job updated: 440516
	367  -  MemoryUsage of job (MB)
	375312  -  ResidentSetSize of job (KB)
...
006 (3447418.008.000) 01/30 21:31:27 Image size of job updated: 440516
	367  -  MemoryUsage of job (MB)
	375352  -  ResidentSetSize of job (KB)
...
006 (3447418.008.000) 01/30 21:36:28 Image size of job updated: 440516
	367  -  MemoryUsage of job (MB)
	375384  -  ResidentSetSize of job (KB)
...
006 (3447418.008.000) 01/30 21:41:28 Image size of job updated: 440516
	367  -  MemoryUsage of job (MB)
	375400  -  ResidentSetSize of job (KB)
...
006 (3447418.008.000) 01/30 21:46:28 Image size of job updated: 440516
	367  -  MemoryUsage of job (MB)
	375452  -  ResidentSetSize of job (KB)
...
006 (3447418.008.000) 01/30 21:51:29 Image size of job updated: 440516
	367  -  MemoryUsage of job (MB)
	375504  -  ResidentSetSize of job (KB)
...
006 (3447418.008.000) 01/30 21:56:30 Image size of job updated: 440516
	367  -  MemoryUsage of job (MB)
	375532  -  ResidentSetSize of job (KB)
...
006 (3447418.008.000) 01/30 22:01:30 Image size of job updated: 440516
	367  -  MemoryUsage of job (MB)
	375564  -  ResidentSetSize of job (KB)
...
006 (3447418.008.000) 01/30 22:06:31 Image size of job updated: 440516
	367  -  MemoryUsage of job (MB)
	375612  -  ResidentSetSize of job (KB)
...
006 (3447418.008.000) 01/30 22:16:32 Image size of job updated: 440516
	367  -  MemoryUsage of job (MB)
	375696  -  ResidentSetSize of job (KB)
...
006 (3447418.008.000) 01/30 22:21:33 Image size of job updated: 440516
	367  -  MemoryUsage of job (MB)
	375724  -  ResidentSetSize of job (KB)
...
006 (3447418.008.000) 01/30 22:26:34 Image size of job updated: 440516
	367  -  MemoryUsage of job (MB)
	375744  -  ResidentSetSize of job (KB)
...
006 (3447418.008.000) 01/30 22:31:34 Image size of job updated: 440516
	367  -  MemoryUsage of job (MB)
	375800  -  ResidentSetSize of job (KB)
...
006 (3447418.008.000) 01/30 22:36:35 Image size of job updated: 440516
	368  -  MemoryUsage of job (MB)
	375844  -  ResidentSetSize of job (KB)
...
006 (3447418.008.000) 01/30 22:46:36 Image size of job updated: 440516
	368  -  MemoryUsage of job (MB)
	375888  -  ResidentSetSize of job (KB)
...
006 (3447418.008.000) 01/30 22:56:37 Image size of job updated: 440516
	368  -  MemoryUsage of job (MB)
	375952  -  ResidentSetSize of job (KB)
...
006 (3447418.008.000) 01/30 23:01:38 Image size of job updated: 440516
	368  -  MemoryUsage of job (MB)
	376000  -  ResidentSetSize of job (KB)
...
006 (3447418.008.000) 01/30 23:06:38 Image size of job updated: 440516
	368  -  MemoryUsage of job (MB)
	376020  -  ResidentSetSize of job (KB)
...
006 (3447418.008.000) 01/30 23:11:38 Image size of job updated: 440516
	368  -  MemoryUsage of job (MB)
	376048  -  ResidentSetSize of job (KB)
...
006 (3447418.008.000) 01/30 23:16:39 Image size of job updated: 440516
	368  -  MemoryUsage of job (MB)
	376084  -  ResidentSetSize of job (KB)
...
006 (3447418.008.000) 01/30 23:21:40 Image size of job updated: 440516
	368  -  MemoryUsage of job (MB)
	376108  -  ResidentSetSize of job (KB)
...
006 (3447418.008.000) 01/30 23:26:41 Image size of job updated: 440516
	368  -  MemoryUsage of job (MB)
	376128  -  ResidentSetSize of job (KB)
...
006 (3447418.008.000) 01/30 23:31:41 Image size of job updated: 440516
	368  -  MemoryUsage of job (MB)
	376192  -  ResidentSetSize of job (KB)
...
006 (3447418.008.000) 01/30 23:36:42 Image size of job updated: 440516
	368  -  MemoryUsage of job (MB)
	376204  -  ResidentSetSize of job (KB)
...
006 (3447418.008.000) 01/30 23:41:42 Image size of job updated: 440516
	368  -  MemoryUsage of job (MB)
	376220  -  ResidentSetSize of job (KB)
...
006 (3447418.008.000) 01/30 23:46:42 Image size of job updated: 440516
	368  -  MemoryUsage of job (MB)
	376252  -  ResidentSetSize of job (KB)
...
006 (3447418.008.000) 01/30 23:51:43 Image size of job updated: 440516
	368  -  MemoryUsage of job (MB)
	376256  -  ResidentSetSize of job (KB)
...
006 (3447418.008.000) 01/30 23:56:43 Image size of job updated: 440516
	368  -  MemoryUsage of job (MB)
	376324  -  ResidentSetSize of job (KB)
...
006 (3447418.008.000) 01/31 00:01:43 Image size of job updated: 440516
	368  -  MemoryUsage of job (MB)
	376356  -  ResidentSetSize of job (KB)
...
006 (3447418.008.000) 01/31 00:06:44 Image size of job updated: 440516
	368  -  MemoryUsage of job (MB)
	376392  -  ResidentSetSize of job (KB)
...
006 (3447418.008.000) 01/31 00:11:44 Image size of job updated: 440516
	368  -  MemoryUsage of job (MB)
	376432  -  ResidentSetSize of job (KB)
...
006 (3447418.008.000) 01/31 00:21:45 Image size of job updated: 440516
	368  -  MemoryUsage of job (MB)
	376472  -  ResidentSetSize of job (KB)
...
006 (3447418.008.000) 01/31 00:26:46 Image size of job updated: 440516
	368  -  MemoryUsage of job (MB)
	376516  -  ResidentSetSize of job (KB)
...
006 (3447418.008.000) 01/31 00:31:46 Image size of job updated: 440516
	368  -  MemoryUsage of job (MB)
	376528  -  ResidentSetSize of job (KB)
...
006 (3447418.008.000) 01/31 00:36:47 Image size of job updated: 440516
	368  -  MemoryUsage of job (MB)
	376540  -  ResidentSetSize of job (KB)
...
006 (3447418.008.000) 01/31 00:41:48 Image size of job updated: 440516
	368  -  MemoryUsage of job (MB)
	376576  -  ResidentSetSize of job (KB)
...
006 (3447418.008.000) 01/31 00:46:48 Image size of job updated: 440516
	368  -  MemoryUsage of job (MB)
	376608  -  ResidentSetSize of job (KB)
...
006 (3447418.008.000) 01/31 00:51:49 Image size of job updated: 440516
	368  -  MemoryUsage of job (MB)
	376632  -  ResidentSetSize of job (KB)
...
006 (3447418.008.000) 01/31 00:56:50 Image size of job updated: 440516
	368  -  MemoryUsage of job (MB)
	376676  -  ResidentSetSize of job (KB)
...
006 (3447418.008.000) 01/31 01:01:50 Image size of job updated: 440516
	368  -  MemoryUsage of job (MB)
	376704  -  ResidentSetSize of job (KB)
...
006 (3447418.008.000) 01/31 01:06:51 Image size of job updated: 440516
	368  -  MemoryUsage of job (MB)
	376720  -  ResidentSetSize of job (KB)
...
006 (3447418.008.000) 01/31 01:11:52 Image size of job updated: 440516
	368  -  MemoryUsage of job (MB)
	376756  -  ResidentSetSize of job (KB)
...
006 (3447418.008.000) 01/31 01:16:52 Image size of job updated: 440516
	368  -  MemoryUsage of job (MB)
	376784  -  ResidentSetSize of job (KB)
...
006 (3447418.008.000) 01/31 01:21:53 Image size of job updated: 440516
	368  -  MemoryUsage of job (MB)
	376796  -  ResidentSetSize of job (KB)
...
006 (3447418.008.000) 01/31 01:26:54 Image size of job updated: 440516
	368  -  MemoryUsage of job (MB)
	376824  -  ResidentSetSize of job (KB)
...
006 (3447418.008.000) 01/31 01:31:54 Image size of job updated: 440516
	369  -  MemoryUsage of job (MB)
	376852  -  ResidentSetSize of job (KB)
...
006 (3447418.008.000) 01/31 01:36:54 Image size of job updated: 440516
	369  -  MemoryUsage of job (MB)
	376884  -  ResidentSetSize of job (KB)
...
006 (3447418.008.000) 01/31 01:41:55 Image size of job updated: 440516
	369  -  MemoryUsage of job (MB)
	376912  -  ResidentSetSize of job (KB)
...
006 (3447418.008.000) 01/31 01:46:55 Image size of job updated: 440516
	369  -  MemoryUsage of job (MB)
	376940  -  ResidentSetSize of job (KB)
...
006 (3447418.008.000) 01/31 01:51:55 Image size of job updated: 440516
	369  -  MemoryUsage of job (MB)
	376976  -  ResidentSetSize of job (KB)
...
006 (3447418.008.000) 01/31 01:56:57 Image size of job updated: 440516
	369  -  MemoryUsage of job (MB)
	376992  -  ResidentSetSize of job (KB)
...
006 (3447418.008.000) 01/31 02:01:57 Image size of job updated: 440516
	369  -  MemoryUsage of job (MB)
	377016  -  ResidentSetSize of job (KB)
...
006 (3447418.008.000) 01/31 02:06:57 Image size of job updated: 440516
	369  -  MemoryUsage of job (MB)
	377056  -  ResidentSetSize of job (KB)
...
006 (3447418.008.000) 01/31 02:16:59 Image size of job updated: 440516
	369  -  MemoryUsage of job (MB)
	377132  -  ResidentSetSize of job (KB)
...
006 (3447418.008.000) 01/31 02:21:59 Image size of job updated: 440516
	369  -  MemoryUsage of job (MB)
	377160  -  ResidentSetSize of job (KB)
...
006 (3447418.008.000) 01/31 02:27:00 Image size of job updated: 440516
	369  -  MemoryUsage of job (MB)
	377208  -  ResidentSetSize of job (KB)
...
006 (3447418.008.000) 01/31 02:32:01 Image size of job updated: 440516
	369  -  MemoryUsage of job (MB)
	377212  -  ResidentSetSize of job (KB)
...
006 (3447418.008.000) 01/31 02:37:01 Image size of job updated: 440516
	369  -  MemoryUsage of job (MB)
	377228  -  ResidentSetSize of job (KB)
...
006 (3447418.008.000) 01/31 02:42:02 Image size of job updated: 440516
	369  -  MemoryUsage of job (MB)
	377236  -  ResidentSetSize of job (KB)
...
006 (3447418.008.000) 01/31 02:47:03 Image size of job updated: 440516
	369  -  MemoryUsage of job (MB)
	377260  -  ResidentSetSize of job (KB)
...
006 (3447418.008.000) 01/31 02:57:04 Image size of job updated: 440516
	369  -  MemoryUsage of job (MB)
	377284  -  ResidentSetSize of job (KB)
...
006 (3447418.008.000) 01/31 03:02:05 Image size of job updated: 440516
	369  -  MemoryUsage of job (MB)
	377296  -  ResidentSetSize of job (KB)
...
006 (3447418.008.000) 01/31 03:07:05 Image size of job updated: 440516
	369  -  MemoryUsage of job (MB)
	377360  -  ResidentSetSize of job (KB)
...
006 (3447418.008.000) 01/31 03:12:06 Image size of job updated: 440516
	369  -  MemoryUsage of job (MB)
	377368  -  ResidentSetSize of job (KB)
...
006 (3447418.008.000) 01/31 03:17:07 Image size of job updated: 440516
	369  -  MemoryUsage of job (MB)
	377424  -  ResidentSetSize of job (KB)
...
006 (3447418.008.000) 01/31 03:22:07 Image size of job updated: 440516
	369  -  MemoryUsage of job (MB)
	377444  -  ResidentSetSize of job (KB)
...
006 (3447418.008.000) 01/31 03:32:08 Image size of job updated: 440516
	369  -  MemoryUsage of job (MB)
	377528  -  ResidentSetSize of job (KB)
...
006 (3447418.008.000) 01/31 03:37:08 Image size of job updated: 440516
	369  -  MemoryUsage of job (MB)
	377560  -  ResidentSetSize of job (KB)
...
006 (3447418.008.000) 01/31 03:47:09 Image size of job updated: 440516
	369  -  MemoryUsage of job (MB)
	377656  -  ResidentSetSize of job (KB)
...
006 (3447418.008.000) 01/31 03:52:09 Image size of job updated: 440516
	369  -  MemoryUsage of job (MB)
	377792  -  ResidentSetSize of job (KB)
...
006 (3447418.008.000) 01/31 03:57:09 Image size of job updated: 440516
	370  -  MemoryUsage of job (MB)
	377996  -  ResidentSetSize of job (KB)
...
006 (3447418.008.000) 01/31 04:57:17 Image size of job updated: 440516
	370  -  MemoryUsage of job (MB)
	378016  -  ResidentSetSize of job (KB)
...
006 (3447418.008.000) 01/31 05:07:18 Image size of job updated: 440516
	370  -  MemoryUsage of job (MB)
	378144  -  ResidentSetSize of job (KB)
...
006 (3447418.008.000) 01/31 05:12:19 Image size of job updated: 440516
	370  -  MemoryUsage of job (MB)
	378196  -  ResidentSetSize of job (KB)
...
006 (3447418.008.000) 01/31 05:17:20 Image size of job updated: 440516
	370  -  MemoryUsage of job (MB)
	378220  -  ResidentSetSize of job (KB)
...
006 (3447418.008.000) 01/31 05:37:22 Image size of job updated: 440516
	370  -  MemoryUsage of job (MB)
	378228  -  ResidentSetSize of job (KB)
...
006 (3447418.008.000) 01/31 05:47:23 Image size of job updated: 440516
	370  -  MemoryUsage of job (MB)
	378236  -  ResidentSetSize of job (KB)
...
006 (3447418.008.000) 01/31 05:52:24 Image size of job updated: 440516
	370  -  MemoryUsage of job (MB)
	378264  -  ResidentSetSize of job (KB)
...
006 (3447418.008.000) 01/31 06:07:26 Image size of job updated: 440516
	370  -  MemoryUsage of job (MB)
	378272  -  ResidentSetSize of job (KB)
...
006 (3447418.008.000) 01/31 06:12:26 Image size of job updated: 440516
	370  -  MemoryUsage of job (MB)
	378292  -  ResidentSetSize of job (KB)
...
006 (3447418.008.000) 01/31 06:22:27 Image size of job updated: 440516
	370  -  MemoryUsage of job (MB)
	378300  -  ResidentSetSize of job (KB)
...
006 (3447418.008.000) 01/31 06:32:27 Image size of job updated: 440516
	370  -  MemoryUsage of job (MB)
	378328  -  ResidentSetSize of job (KB)
...
006 (3447418.008.000) 01/31 06:37:28 Image size of job updated: 440516
	370  -  MemoryUsage of job (MB)
	378336  -  ResidentSetSize of job (KB)
...
006 (3447418.008.000) 01/31 06:42:28 Image size of job updated: 440516
	370  -  MemoryUsage of job (MB)
	378360  -  ResidentSetSize of job (KB)
...
006 (3447418.008.000) 01/31 06:47:28 Image size of job updated: 440516
	370  -  MemoryUsage of job (MB)
	378380  -  ResidentSetSize of job (KB)
...
006 (3447418.008.000) 01/31 07:07:30 Image size of job updated: 440516
	370  -  MemoryUsage of job (MB)
	378412  -  ResidentSetSize of job (KB)
...
006 (3447418.008.000) 01/31 07:12:31 Image size of job updated: 440516
	370  -  MemoryUsage of job (MB)
	378432  -  ResidentSetSize of job (KB)
...
006 (3447418.008.000) 01/31 07:22:31 Image size of job updated: 440516
	370  -  MemoryUsage of job (MB)
	378448  -  ResidentSetSize of job (KB)
...
006 (3447418.008.000) 01/31 07:27:32 Image size of job updated: 440516
	370  -  MemoryUsage of job (MB)
	378460  -  ResidentSetSize of job (KB)
...
006 (3447418.008.000) 01/31 07:32:33 Image size of job updated: 440516
	370  -  MemoryUsage of job (MB)
	378472  -  ResidentSetSize of job (KB)
...
006 (3447418.008.000) 01/31 07:37:33 Image size of job updated: 440516
	370  -  MemoryUsage of job (MB)
	378484  -  ResidentSetSize of job (KB)
...
006 (3447418.008.000) 01/31 07:42:34 Image size of job updated: 440516
	370  -  MemoryUsage of job (MB)
	378488  -  ResidentSetSize of job (KB)
...
006 (3447418.008.000) 01/31 07:52:35 Image size of job updated: 440516
	370  -  MemoryUsage of job (MB)
	378520  -  ResidentSetSize of job (KB)
...
006 (3447418.008.000) 01/31 07:57:36 Image size of job updated: 440516
	370  -  MemoryUsage of job (MB)
	378528  -  ResidentSetSize of job (KB)
...
006 (3447418.008.000) 01/31 08:07:37 Image size of job updated: 440516
	370  -  MemoryUsage of job (MB)
	378560  -  ResidentSetSize of job (KB)
...
006 (3447418.008.000) 01/31 08:17:38 Image size of job updated: 440516
	370  -  MemoryUsage of job (MB)
	378584  -  ResidentSetSize of job (KB)
...
006 (3447418.008.000) 01/31 08:27:38 Image size of job updated: 440516
	370  -  MemoryUsage of job (MB)
	378596  -  ResidentSetSize of job (KB)
...
006 (3447418.008.000) 01/31 08:57:41 Image size of job updated: 440516
	370  -  MemoryUsage of job (MB)
	378608  -  ResidentSetSize of job (KB)
...
006 (3447418.008.000) 01/31 09:02:41 Image size of job updated: 440516
	370  -  MemoryUsage of job (MB)
	378616  -  ResidentSetSize of job (KB)
...
006 (3447418.008.000) 01/31 09:07:42 Image size of job updated: 440516
	370  -  MemoryUsage of job (MB)
	378636  -  ResidentSetSize of job (KB)
...
006 (3447418.008.000) 01/31 09:12:42 Image size of job updated: 440516
	370  -  MemoryUsage of job (MB)
	378672  -  ResidentSetSize of job (KB)
...
006 (3447418.008.000) 01/31 09:17:42 Image size of job updated: 440516
	370  -  MemoryUsage of job (MB)
	378680  -  ResidentSetSize of job (KB)
...
006 (3447418.008.000) 01/31 09:22:43 Image size of job updated: 440516
	370  -  MemoryUsage of job (MB)
	378720  -  ResidentSetSize of job (KB)
...
006 (3447418.008.000) 01/31 09:27:44 Image size of job updated: 440516
	370  -  MemoryUsage of job (MB)
	378724  -  ResidentSetSize of job (KB)
...
006 (3447418.008.000) 01/31 09:32:44 Image size of job updated: 440516
	370  -  MemoryUsage of job (MB)
	378736  -  ResidentSetSize of job (KB)
...
006 (3447418.008.000) 01/31 09:42:46 Image size of job updated: 440516
	370  -  MemoryUsage of job (MB)
	378788  -  ResidentSetSize of job (KB)
...
006 (3447418.008.000) 01/31 09:47:46 Image size of job updated: 440516
	370  -  MemoryUsage of job (MB)
	378812  -  ResidentSetSize of job (KB)
...
006 (3447418.008.000) 01/31 09:57:47 Image size of job updated: 440516
	370  -  MemoryUsage of job (MB)
	378840  -  ResidentSetSize of job (KB)
...
006 (3447418.008.000) 01/31 10:12:48 Image size of job updated: 440516
	371  -  MemoryUsage of job (MB)
	378888  -  ResidentSetSize of job (KB)
...
006 (3447418.008.000) 01/31 10:17:49 Image size of job updated: 440516
	371  -  MemoryUsage of job (MB)
	378912  -  ResidentSetSize of job (KB)
...
006 (3447418.008.000) 01/31 10:27:50 Image size of job updated: 440516
	371  -  MemoryUsage of job (MB)
	378936  -  ResidentSetSize of job (KB)
...
006 (3447418.008.000) 01/31 10:37:52 Image size of job updated: 440516
	371  -  MemoryUsage of job (MB)
	378948  -  ResidentSetSize of job (KB)
...
006 (3447418.008.000) 01/31 10:42:52 Image size of job updated: 440516
	371  -  MemoryUsage of job (MB)
	378960  -  ResidentSetSize of job (KB)
...
006 (3447418.008.000) 01/31 10:57:54 Image size of job updated: 440516
	371  -  MemoryUsage of job (MB)
	378976  -  ResidentSetSize of job (KB)
...
006 (3447418.008.000) 01/31 11:07:55 Image size of job updated: 440516
	371  -  MemoryUsage of job (MB)
	379044  -  ResidentSetSize of job (KB)
...
006 (3447418.008.000) 01/31 11:27:58 Image size of job updated: 440516
	371  -  MemoryUsage of job (MB)
	379060  -  ResidentSetSize of job (KB)
...
006 (3447418.008.000) 01/31 11:37:58 Image size of job updated: 440516
	371  -  MemoryUsage of job (MB)
	379064  -  ResidentSetSize of job (KB)
...
006 (3447418.008.000) 01/31 11:42:59 Image size of job updated: 440516
	371  -  MemoryUsage of job (MB)
	379076  -  ResidentSetSize of job (KB)
...
006 (3447418.008.000) 01/31 11:48:00 Image size of job updated: 440516
	371  -  MemoryUsage of job (MB)
	379088  -  ResidentSetSize of job (KB)
...
006 (3447418.008.000) 01/31 11:53:00 Image size of job updated: 440516
	371  -  MemoryUsage of job (MB)
	379104  -  ResidentSetSize of job (KB)
...
006 (3447418.008.000) 01/31 12:03:01 Image size of job updated: 440516
	371  -  MemoryUsage of job (MB)
	379140  -  ResidentSetSize of job (KB)
...
006 (3447418.008.000) 01/31 12:13:01 Image size of job updated: 440516
	371  -  MemoryUsage of job (MB)
	379164  -  ResidentSetSize of job (KB)
...
006 (3447418.008.000) 01/31 12:18:03 Image size of job updated: 440516
	371  -  MemoryUsage of job (MB)
	379172  -  ResidentSetSize of job (KB)
...
006 (3447418.008.000) 01/31 12:48:06 Image size of job updated: 440516
	371  -  MemoryUsage of job (MB)
	379200  -  ResidentSetSize of job (KB)
...
006 (3447418.008.000) 01/31 12:53:07 Image size of job updated: 440516
	371  -  MemoryUsage of job (MB)
	379212  -  ResidentSetSize of job (KB)
...
006 (3447418.008.000) 01/31 12:58:07 Image size of job updated: 440516
	371  -  MemoryUsage of job (MB)
	379228  -  ResidentSetSize of job (KB)
...
006 (3447418.008.000) 01/31 13:03:08 Image size of job updated: 440516
	371  -  MemoryUsage of job (MB)
	379268  -  ResidentSetSize of job (KB)
...
006 (3447418.008.000) 01/31 13:13:09 Image size of job updated: 440516
	371  -  MemoryUsage of job (MB)
	379284  -  ResidentSetSize of job (KB)
...
006 (3447418.008.000) 01/31 13:18:10 Image size of job updated: 440516
	371  -  MemoryUsage of job (MB)
	379312  -  ResidentSetSize of job (KB)
...
006 (3447418.008.000) 01/31 13:23:11 Image size of job updated: 440516
	371  -  MemoryUsage of job (MB)
	379328  -  ResidentSetSize of job (KB)
...
006 (3447418.008.000) 01/31 13:28:11 Image size of job updated: 440516
	371  -  MemoryUsage of job (MB)
	379340  -  ResidentSetSize of job (KB)
...
006 (3447418.008.000) 01/31 13:53:14 Image size of job updated: 440516
	371  -  MemoryUsage of job (MB)
	379344  -  ResidentSetSize of job (KB)
...
006 (3447418.008.000) 01/31 14:03:14 Image size of job updated: 440516
	371  -  MemoryUsage of job (MB)
	379364  -  ResidentSetSize of job (KB)
...
006 (3447418.008.000) 01/31 14:08:16 Image size of job updated: 440516
	371  -  MemoryUsage of job (MB)
	379376  -  ResidentSetSize of job (KB)
...
006 (3447418.008.000) 01/31 14:13:16 Image size of job updated: 440516
	371  -  MemoryUsage of job (MB)
	379384  -  ResidentSetSize of job (KB)
...
006 (3447418.008.000) 01/31 14:18:16 Image size of job updated: 440516
	371  -  MemoryUsage of job (MB)
	379388  -  ResidentSetSize of job (KB)
...
006 (3447418.008.000) 01/31 14:23:18 Image size of job updated: 440516
	371  -  MemoryUsage of job (MB)
	379400  -  ResidentSetSize of job (KB)
...
006 (3447418.008.000) 01/31 14:28:18 Image size of job updated: 440516
	371  -  MemoryUsage of job (MB)
	379404  -  ResidentSetSize of job (KB)
...
006 (3447418.008.000) 01/31 14:33:18 Image size of job updated: 440516
	371  -  MemoryUsage of job (MB)
	379416  -  ResidentSetSize of job (KB)
...
006 (3447418.008.000) 01/31 14:38:19 Image size of job updated: 440516
	371  -  MemoryUsage of job (MB)
	379428  -  ResidentSetSize of job (KB)
...
006 (3447418.008.000) 01/31 14:43:20 Image size of job updated: 440516
	371  -  MemoryUsage of job (MB)
	379444  -  ResidentSetSize of job (KB)
...
006 (3447418.008.000) 01/31 14:48:20 Image size of job updated: 440516
	371  -  MemoryUsage of job (MB)
	379452  -  ResidentSetSize of job (KB)
...
006 (3447418.008.000) 01/31 14:53:21 Image size of job updated: 440516
	371  -  MemoryUsage of job (MB)
	379480  -  ResidentSetSize of job (KB)
...
006 (3447418.008.000) 01/31 14:58:22 Image size of job updated: 440516
	371  -  MemoryUsage of job (MB)
	379500  -  ResidentSetSize of job (KB)
...
006 (3447418.008.000) 01/31 15:03:22 Image size of job updated: 440516
	371  -  MemoryUsage of job (MB)
	379508  -  ResidentSetSize of job (KB)
...
006 (3447418.008.000) 01/31 15:18:24 Image size of job updated: 440516
	371  -  MemoryUsage of job (MB)
	379512  -  ResidentSetSize of job (KB)
...
006 (3447418.008.000) 01/31 15:23:25 Image size of job updated: 440516
	371  -  MemoryUsage of job (MB)
	379528  -  ResidentSetSize of job (KB)
...
006 (3447418.008.000) 01/31 15:28:26 Image size of job updated: 440516
	371  -  MemoryUsage of job (MB)
	379540  -  ResidentSetSize of job (KB)
...
006 (3447418.008.000) 01/31 15:33:26 Image size of job updated: 440516
	371  -  MemoryUsage of job (MB)
	379552  -  ResidentSetSize of job (KB)
...
006 (3447418.008.000) 01/31 15:43:27 Image size of job updated: 440516
	371  -  MemoryUsage of job (MB)
	379560  -  ResidentSetSize of job (KB)
...
006 (3447418.008.000) 01/31 15:48:27 Image size of job updated: 440516
	371  -  MemoryUsage of job (MB)
	379584  -  ResidentSetSize of job (KB)
...
006 (3447418.008.000) 01/31 15:53:27 Image size of job updated: 440516
	371  -  MemoryUsage of job (MB)
	379588  -  ResidentSetSize of job (KB)
...
006 (3447418.008.000) 01/31 15:58:28 Image size of job updated: 440516
	371  -  MemoryUsage of job (MB)
	379592  -  ResidentSetSize of job (KB)
...
006 (3447418.008.000) 01/31 16:03:28 Image size of job updated: 440516
	371  -  MemoryUsage of job (MB)
	379624  -  ResidentSetSize of job (KB)
...
006 (3447418.008.000) 01/31 16:18:30 Image size of job updated: 440516
	371  -  MemoryUsage of job (MB)
	379644  -  ResidentSetSize of job (KB)
...
006 (3447418.008.000) 01/31 16:28:31 Image size of job updated: 440516
	371  -  MemoryUsage of job (MB)
	379660  -  ResidentSetSize of job (KB)
...
006 (3447418.008.000) 01/31 16:33:32 Image size of job updated: 440516
	371  -  MemoryUsage of job (MB)
	379680  -  ResidentSetSize of job (KB)
...
006 (3447418.008.000) 01/31 16:38:32 Image size of job updated: 440516
	371  -  MemoryUsage of job (MB)
	379684  -  ResidentSetSize of job (KB)
...
006 (3447418.008.000) 01/31 16:43:33 Image size of job updated: 440516
	371  -  MemoryUsage of job (MB)
	379720  -  ResidentSetSize of job (KB)
...
006 (3447418.008.000) 01/31 16:48:34 Image size of job updated: 440516
	371  -  MemoryUsage of job (MB)
	379732  -  ResidentSetSize of job (KB)
...
006 (3447418.008.000) 01/31 17:03:36 Image size of job updated: 440516
	371  -  MemoryUsage of job (MB)
	379760  -  ResidentSetSize of job (KB)
...
006 (3447418.008.000) 01/31 17:08:36 Image size of job updated: 440516
	371  -  MemoryUsage of job (MB)
	379768  -  ResidentSetSize of job (KB)
...
006 (3447418.008.000) 01/31 17:13:38 Image size of job updated: 440516
	371  -  MemoryUsage of job (MB)
	379780  -  ResidentSetSize of job (KB)
...
006 (3447418.008.000) 01/31 17:27:16 Image size of job updated: 440516
	371  -  MemoryUsage of job (MB)
	379852  -  ResidentSetSize of job (KB)
...
006 (3447418.008.000) 01/31 17:38:09 Image size of job updated: 440516
	371  -  MemoryUsage of job (MB)
	379884  -  ResidentSetSize of job (KB)
...
006 (3447418.008.000) 01/31 17:46:52 Image size of job updated: 440516
	372  -  MemoryUsage of job (MB)
	379920  -  ResidentSetSize of job (KB)
...
006 (3447418.008.000) 01/31 18:12:08 Image size of job updated: 440516
	372  -  MemoryUsage of job (MB)
	379940  -  ResidentSetSize of job (KB)
...
006 (3447418.008.000) 01/31 18:17:09 Image size of job updated: 440516
	372  -  MemoryUsage of job (MB)
	379972  -  ResidentSetSize of job (KB)
...
006 (3447418.008.000) 01/31 18:22:09 Image size of job updated: 440516
	372  -  MemoryUsage of job (MB)
	379976  -  ResidentSetSize of job (KB)
...
006 (3447418.008.000) 01/31 18:27:10 Image size of job updated: 440516
	372  -  MemoryUsage of job (MB)
	379980  -  ResidentSetSize of job (KB)
...
006 (3447418.008.000) 01/31 18:32:11 Image size of job updated: 440516
	372  -  MemoryUsage of job (MB)
	380028  -  ResidentSetSize of job (KB)
...
006 (3447418.008.000) 01/31 18:37:11 Image size of job updated: 440516
	372  -  MemoryUsage of job (MB)
	380048  -  ResidentSetSize of job (KB)
...
006 (3447418.008.000) 01/31 18:42:12 Image size of job updated: 440516
	372  -  MemoryUsage of job (MB)
	380060  -  ResidentSetSize of job (KB)
...
006 (3447418.008.000) 01/31 18:52:13 Image size of job updated: 440516
	372  -  MemoryUsage of job (MB)
	380064  -  ResidentSetSize of job (KB)
...
006 (3447418.008.000) 01/31 19:07:15 Image size of job updated: 440516
	372  -  MemoryUsage of job (MB)
	380088  -  ResidentSetSize of job (KB)
...
006 (3447418.008.000) 01/31 19:12:16 Image size of job updated: 440516
	372  -  MemoryUsage of job (MB)
	380112  -  ResidentSetSize of job (KB)
...
006 (3447418.008.000) 01/31 19:22:17 Image size of job updated: 440516
	372  -  MemoryUsage of job (MB)
	380120  -  ResidentSetSize of job (KB)
...
006 (3447418.008.000) 01/31 19:27:17 Image size of job updated: 440516
	372  -  MemoryUsage of job (MB)
	380136  -  ResidentSetSize of job (KB)
...
006 (3447418.008.000) 01/31 19:32:18 Image size of job updated: 440516
	372  -  MemoryUsage of job (MB)
	380148  -  ResidentSetSize of job (KB)
...
006 (3447418.008.000) 01/31 19:37:18 Image size of job updated: 440516
	372  -  MemoryUsage of job (MB)
	380168  -  ResidentSetSize of job (KB)
...
006 (3447418.008.000) 01/31 19:42:18 Image size of job updated: 440516
	372  -  MemoryUsage of job (MB)
	380184  -  ResidentSetSize of job (KB)
...
006 (3447418.008.000) 01/31 19:47:19 Image size of job updated: 440516
	372  -  MemoryUsage of job (MB)
	380200  -  ResidentSetSize of job (KB)
...
006 (3447418.008.000) 01/31 19:52:20 Image size of job updated: 440516
	372  -  MemoryUsage of job (MB)
	380236  -  ResidentSetSize of job (KB)
...
006 (3447418.008.000) 01/31 20:02:21 Image size of job updated: 440516
	372  -  MemoryUsage of job (MB)
	380264  -  ResidentSetSize of job (KB)
...
006 (3447418.008.000) 01/31 20:07:22 Image size of job updated: 440516
	372  -  MemoryUsage of job (MB)
	380272  -  ResidentSetSize of job (KB)
...
006 (3447418.008.000) 01/31 20:17:23 Image size of job updated: 440516
	372  -  MemoryUsage of job (MB)
	380300  -  ResidentSetSize of job (KB)
...
006 (3447418.008.000) 01/31 20:22:24 Image size of job updated: 440516
	372  -  MemoryUsage of job (MB)
	380324  -  ResidentSetSize of job (KB)
...
006 (3447418.008.000) 01/31 20:37:26 Image size of job updated: 440516
	372  -  MemoryUsage of job (MB)
	380332  -  ResidentSetSize of job (KB)
...
006 (3447418.008.000) 01/31 20:47:26 Image size of job updated: 440516
	372  -  MemoryUsage of job (MB)
	380372  -  ResidentSetSize of job (KB)
...
006 (3447418.008.000) 01/31 20:57:27 Image size of job updated: 440516
	372  -  MemoryUsage of job (MB)
	380424  -  ResidentSetSize of job (KB)
...
006 (3447418.008.000) 01/31 21:07:28 Image size of job updated: 440516
	372  -  MemoryUsage of job (MB)
	380436  -  ResidentSetSize of job (KB)
...
006 (3447418.008.000) 01/31 21:12:29 Image size of job updated: 440516
	372  -  MemoryUsage of job (MB)
	380452  -  ResidentSetSize of job (KB)
...
006 (3447418.008.000) 01/31 21:17:29 Image size of job updated: 440516
	372  -  MemoryUsage of job (MB)
	380464  -  ResidentSetSize of job (KB)
...
006 (3447418.008.000) 01/31 21:37:31 Image size of job updated: 440516
	372  -  MemoryUsage of job (MB)
	380468  -  ResidentSetSize of job (KB)
...
006 (3447418.008.000) 01/31 21:42:32 Image size of job updated: 440516
	372  -  MemoryUsage of job (MB)
	380476  -  ResidentSetSize of job (KB)
...
006 (3447418.008.000) 01/31 21:47:32 Image size of job updated: 440516
	372  -  MemoryUsage of job (MB)
	380500  -  ResidentSetSize of job (KB)
...
006 (3447418.008.000) 01/31 21:52:32 Image size of job updated: 440516
	372  -  MemoryUsage of job (MB)
	380512  -  ResidentSetSize of job (KB)
...
006 (3447418.008.000) 01/31 21:57:33 Image size of job updated: 440516
	372  -  MemoryUsage of job (MB)
	380516  -  ResidentSetSize of job (KB)
...
006 (3447418.008.000) 01/31 22:02:33 Image size of job updated: 440516
	372  -  MemoryUsage of job (MB)
	380520  -  ResidentSetSize of job (KB)
...
006 (3447418.008.000) 01/31 22:07:33 Image size of job updated: 440516
	372  -  MemoryUsage of job (MB)
	380548  -  ResidentSetSize of job (KB)
...
006 (3447418.008.000) 01/31 22:15:16 Image size of job updated: 440516
	372  -  MemoryUsage of job (MB)
	380576  -  ResidentSetSize of job (KB)
...
006 (3447418.008.000) 01/31 22:23:20 Image size of job updated: 440516
	372  -  MemoryUsage of job (MB)
	380580  -  ResidentSetSize of job (KB)
...
006 (3447418.008.000) 01/31 22:29:48 Image size of job updated: 440516
	372  -  MemoryUsage of job (MB)
	380648  -  ResidentSetSize of job (KB)
...
006 (3447418.008.000) 01/31 22:44:50 Image size of job updated: 440516
	372  -  MemoryUsage of job (MB)
	380652  -  ResidentSetSize of job (KB)
...
006 (3447418.008.000) 01/31 22:49:51 Image size of job updated: 440516
	372  -  MemoryUsage of job (MB)
	380748  -  ResidentSetSize of job (KB)
...
006 (3447418.008.000) 01/31 22:59:52 Image size of job updated: 440516
	372  -  MemoryUsage of job (MB)
	380772  -  ResidentSetSize of job (KB)
...
006 (3447418.008.000) 01/31 23:04:53 Image size of job updated: 440516
	372  -  MemoryUsage of job (MB)
	380780  -  ResidentSetSize of job (KB)
...
006 (3447418.008.000) 01/31 23:09:53 Image size of job updated: 440516
	372  -  MemoryUsage of job (MB)
	380796  -  ResidentSetSize of job (KB)
...
006 (3447418.008.000) 01/31 23:14:53 Image size of job updated: 440516
	372  -  MemoryUsage of job (MB)
	380848  -  ResidentSetSize of job (KB)
...
006 (3447418.008.000) 01/31 23:49:57 Image size of job updated: 440516
	372  -  MemoryUsage of job (MB)
	380864  -  ResidentSetSize of job (KB)
...
006 (3447418.008.000) 01/31 23:54:58 Image size of job updated: 440516
	372  -  MemoryUsage of job (MB)
	380876  -  ResidentSetSize of job (KB)
...
006 (3447418.008.000) 01/31 23:59:58 Image size of job updated: 440516
	372  -  MemoryUsage of job (MB)
	380928  -  ResidentSetSize of job (KB)
...
006 (3447418.008.000) 02/01 00:04:58 Image size of job updated: 440516
	373  -  MemoryUsage of job (MB)
	380976  -  ResidentSetSize of job (KB)
...
006 (3447418.008.000) 02/01 00:09:59 Image size of job updated: 440516
	373  -  MemoryUsage of job (MB)
	381076  -  ResidentSetSize of job (KB)
...
006 (3447418.008.000) 02/01 00:25:00 Image size of job updated: 440516
	373  -  MemoryUsage of job (MB)
	381080  -  ResidentSetSize of job (KB)
...
006 (3447418.008.000) 02/01 00:35:01 Image size of job updated: 440516
	373  -  MemoryUsage of job (MB)
	381112  -  ResidentSetSize of job (KB)
...
006 (3447418.008.000) 02/01 01:05:05 Image size of job updated: 440516
	373  -  MemoryUsage of job (MB)
	381120  -  ResidentSetSize of job (KB)
...
006 (3447418.008.000) 02/01 01:10:05 Image size of job updated: 440516
	373  -  MemoryUsage of job (MB)
	381132  -  ResidentSetSize of job (KB)
...
006 (3447418.008.000) 02/01 01:15:06 Image size of job updated: 440516
	373  -  MemoryUsage of job (MB)
	381152  -  ResidentSetSize of job (KB)
...
006 (3447418.008.000) 02/01 01:25:07 Image size of job updated: 440516
	373  -  MemoryUsage of job (MB)
	381160  -  ResidentSetSize of job (KB)
...
006 (3447418.008.000) 02/01 01:30:08 Image size of job updated: 440516
	373  -  MemoryUsage of job (MB)
	381172  -  ResidentSetSize of job (KB)
...
006 (3447418.008.000) 02/01 01:35:09 Image size of job updated: 440516
	373  -  MemoryUsage of job (MB)
	381196  -  ResidentSetSize of job (KB)
...
006 (3447418.008.000) 02/01 01:40:09 Image size of job updated: 440516
	373  -  MemoryUsage of job (MB)
	381216  -  ResidentSetSize of job (KB)
...
006 (3447418.008.000) 02/01 01:45:10 Image size of job updated: 440516
	373  -  MemoryUsage of job (MB)
	381220  -  ResidentSetSize of job (KB)
...
006 (3447418.008.000) 02/01 01:50:11 Image size of job updated: 440516
	373  -  MemoryUsage of job (MB)
	381244  -  ResidentSetSize of job (KB)
...
006 (3447418.008.000) 02/01 01:55:11 Image size of job updated: 440516
	373  -  MemoryUsage of job (MB)
	381276  -  ResidentSetSize of job (KB)
...
006 (3447418.008.000) 02/01 02:00:11 Image size of job updated: 440516
	373  -  MemoryUsage of job (MB)
	381288  -  ResidentSetSize of job (KB)
...
006 (3447418.008.000) 02/01 02:10:13 Image size of job updated: 440516
	373  -  MemoryUsage of job (MB)
	381320  -  ResidentSetSize of job (KB)
...
006 (3447418.008.000) 02/01 02:20:14 Image size of job updated: 440516
	373  -  MemoryUsage of job (MB)
	381364  -  ResidentSetSize of job (KB)
...
006 (3447418.008.000) 02/01 02:35:16 Image size of job updated: 440516
	373  -  MemoryUsage of job (MB)
	381372  -  ResidentSetSize of job (KB)
...
006 (3447418.008.000) 02/01 02:40:17 Image size of job updated: 440516
	373  -  MemoryUsage of job (MB)
	381380  -  ResidentSetSize of job (KB)
...
006 (3447418.008.000) 02/01 02:50:17 Image size of job updated: 440516
	373  -  MemoryUsage of job (MB)
	381400  -  ResidentSetSize of job (KB)
...
006 (3447418.008.000) 02/01 02:55:18 Image size of job updated: 440516
	373  -  MemoryUsage of job (MB)
	381404  -  ResidentSetSize of job (KB)
...
006 (3447418.008.000) 02/01 03:00:18 Image size of job updated: 440516
	373  -  MemoryUsage of job (MB)
	381448  -  ResidentSetSize of job (KB)
...
006 (3447418.008.000) 02/01 03:15:20 Image size of job updated: 440516
	373  -  MemoryUsage of job (MB)
	381472  -  ResidentSetSize of job (KB)
...
006 (3447418.008.000) 02/01 03:20:20 Image size of job updated: 440516
	373  -  MemoryUsage of job (MB)
	381492  -  ResidentSetSize of job (KB)
...
006 (3447418.008.000) 02/01 03:25:22 Image size of job updated: 440516
	373  -  MemoryUsage of job (MB)
	381504  -  ResidentSetSize of job (KB)
...
006 (3447418.008.000) 02/01 03:30:22 Image size of job updated: 440516
	373  -  MemoryUsage of job (MB)
	381536  -  ResidentSetSize of job (KB)
...
006 (3447418.008.000) 02/01 03:35:22 Image size of job updated: 440516
	373  -  MemoryUsage of job (MB)
	381548  -  ResidentSetSize of job (KB)
...
006 (3447418.008.000) 02/01 03:40:23 Image size of job updated: 440516
	373  -  MemoryUsage of job (MB)
	381560  -  ResidentSetSize of job (KB)
...
006 (3447418.008.000) 02/01 03:50:24 Image size of job updated: 440516
	373  -  MemoryUsage of job (MB)
	381588  -  ResidentSetSize of job (KB)
...
006 (3447418.008.000) 02/01 03:55:25 Image size of job updated: 440516
	373  -  MemoryUsage of job (MB)
	381596  -  ResidentSetSize of job (KB)
...
006 (3447418.008.000) 02/01 04:00:26 Image size of job updated: 440516
	373  -  MemoryUsage of job (MB)
	381620  -  ResidentSetSize of job (KB)
...
006 (3447418.008.000) 02/01 04:05:26 Image size of job updated: 440516
	373  -  MemoryUsage of job (MB)
	381628  -  ResidentSetSize of job (KB)
...
006 (3447418.008.000) 02/01 04:15:28 Image size of job updated: 440516
	373  -  MemoryUsage of job (MB)
	381644  -  ResidentSetSize of job (KB)
...
006 (3447418.008.000) 02/01 04:21:05 Image size of job updated: 440516
	373  -  MemoryUsage of job (MB)
	381656  -  ResidentSetSize of job (KB)
...
006 (3447418.008.000) 02/01 04:25:29 Image size of job updated: 440516
	373  -  MemoryUsage of job (MB)
	381660  -  ResidentSetSize of job (KB)
...
006 (3447418.008.000) 02/01 04:35:29 Image size of job updated: 440516
	373  -  MemoryUsage of job (MB)
	381700  -  ResidentSetSize of job (KB)
...
006 (3447418.008.000) 02/01 04:45:30 Image size of job updated: 440516
	373  -  MemoryUsage of job (MB)
	381708  -  ResidentSetSize of job (KB)
...
006 (3447418.008.000) 02/01 04:50:30 Image size of job updated: 440516
	373  -  MemoryUsage of job (MB)
	381728  -  ResidentSetSize of job (KB)
...
006 (3447418.008.000) 02/01 04:55:31 Image size of job updated: 440516
	373  -  MemoryUsage of job (MB)
	381764  -  ResidentSetSize of job (KB)
...
006 (3447418.008.000) 02/01 05:00:31 Image size of job updated: 440516
	373  -  MemoryUsage of job (MB)
	381780  -  ResidentSetSize of job (KB)
...
006 (3447418.008.000) 02/01 05:05:31 Image size of job updated: 440516
	373  -  MemoryUsage of job (MB)
	381800  -  ResidentSetSize of job (KB)
...
006 (3447418.008.000) 02/01 05:15:33 Image size of job updated: 440516
	373  -  MemoryUsage of job (MB)
	381804  -  ResidentSetSize of job (KB)
...
006 (3447418.008.000) 02/01 05:20:33 Image size of job updated: 440516
	373  -  MemoryUsage of job (MB)
	381828  -  ResidentSetSize of job (KB)
...
006 (3447418.008.000) 02/01 05:25:34 Image size of job updated: 440516
	373  -  MemoryUsage of job (MB)
	381844  -  ResidentSetSize of job (KB)
...
006 (3447418.008.000) 02/01 05:35:35 Image size of job updated: 440516
	373  -  MemoryUsage of job (MB)
	381860  -  ResidentSetSize of job (KB)
...
006 (3447418.008.000) 02/01 05:40:36 Image size of job updated: 440516
	373  -  MemoryUsage of job (MB)
	381868  -  ResidentSetSize of job (KB)
...
006 (3447418.008.000) 02/01 05:45:37 Image size of job updated: 440516
	373  -  MemoryUsage of job (MB)
	381908  -  ResidentSetSize of job (KB)
...
006 (3447418.008.000) 02/01 06:00:39 Image size of job updated: 440516
	373  -  MemoryUsage of job (MB)
	381924  -  ResidentSetSize of job (KB)
...
006 (3447418.008.000) 02/01 06:10:40 Image size of job updated: 440516
	373  -  MemoryUsage of job (MB)
	381936  -  ResidentSetSize of job (KB)
...
006 (3447418.008.000) 02/01 06:15:41 Image size of job updated: 440516
	374  -  MemoryUsage of job (MB)
	381956  -  ResidentSetSize of job (KB)
...
006 (3447418.008.000) 02/01 06:20:41 Image size of job updated: 440516
	374  -  MemoryUsage of job (MB)
	381968  -  ResidentSetSize of job (KB)
...
006 (3447418.008.000) 02/01 06:25:42 Image size of job updated: 440516
	374  -  MemoryUsage of job (MB)
	381980  -  ResidentSetSize of job (KB)
...
006 (3447418.008.000) 02/01 06:35:42 Image size of job updated: 440516
	374  -  MemoryUsage of job (MB)
	382008  -  ResidentSetSize of job (KB)
...
006 (3447418.008.000) 02/01 06:40:43 Image size of job updated: 440516
	374  -  MemoryUsage of job (MB)
	382012  -  ResidentSetSize of job (KB)
...
006 (3447418.008.000) 02/01 06:45:43 Image size of job updated: 440516
	374  -  MemoryUsage of job (MB)
	382032  -  ResidentSetSize of job (KB)
...
006 (3447418.008.000) 02/01 06:50:43 Image size of job updated: 440516
	374  -  MemoryUsage of job (MB)
	382068  -  ResidentSetSize of job (KB)
...
006 (3447418.008.000) 02/01 06:55:44 Image size of job updated: 440516
	374  -  MemoryUsage of job (MB)
	382080  -  ResidentSetSize of job (KB)
...
006 (3447418.008.000) 02/01 07:00:44 Image size of job updated: 440516
	374  -  MemoryUsage of job (MB)
	382108  -  ResidentSetSize of job (KB)
...
006 (3447418.008.000) 02/01 07:10:45 Image size of job updated: 440516
	374  -  MemoryUsage of job (MB)
	382116  -  ResidentSetSize of job (KB)
...
006 (3447418.008.000) 02/01 07:15:46 Image size of job updated: 440516
	374  -  MemoryUsage of job (MB)
	382132  -  ResidentSetSize of job (KB)
...
006 (3447418.008.000) 02/01 07:20:46 Image size of job updated: 440516
	374  -  MemoryUsage of job (MB)
	382148  -  ResidentSetSize of job (KB)
...
006 (3447418.008.000) 02/01 07:25:47 Image size of job updated: 440516
	374  -  MemoryUsage of job (MB)
	382172  -  ResidentSetSize of job (KB)
...
006 (3447418.008.000) 02/01 07:30:48 Image size of job updated: 440516
	374  -  MemoryUsage of job (MB)
	382180  -  ResidentSetSize of job (KB)
...
006 (3447418.008.000) 02/01 07:35:48 Image size of job updated: 440516
	374  -  MemoryUsage of job (MB)
	382184  -  ResidentSetSize of job (KB)
...
006 (3447418.008.000) 02/01 07:40:49 Image size of job updated: 440516
	374  -  MemoryUsage of job (MB)
	382200  -  ResidentSetSize of job (KB)
...
006 (3447418.008.000) 02/01 07:45:50 Image size of job updated: 440516
	374  -  MemoryUsage of job (MB)
	382224  -  ResidentSetSize of job (KB)
...
006 (3447418.008.000) 02/01 07:55:51 Image size of job updated: 440516
	374  -  MemoryUsage of job (MB)
	382240  -  ResidentSetSize of job (KB)
...
006 (3447418.008.000) 02/01 08:10:53 Image size of job updated: 440516
	374  -  MemoryUsage of job (MB)
	382284  -  ResidentSetSize of job (KB)
...
006 (3447418.008.000) 02/01 08:20:54 Image size of job updated: 440516
	374  -  MemoryUsage of job (MB)
	382332  -  ResidentSetSize of job (KB)
...
006 (3447418.008.000) 02/01 08:35:55 Image size of job updated: 440516
	374  -  MemoryUsage of job (MB)
	382356  -  ResidentSetSize of job (KB)
...
006 (3447418.008.000) 02/01 08:40:55 Image size of job updated: 440516
	374  -  MemoryUsage of job (MB)
	382360  -  ResidentSetSize of job (KB)
...
006 (3447418.008.000) 02/01 08:55:56 Image size of job updated: 440516
	374  -  MemoryUsage of job (MB)
	382412  -  ResidentSetSize of job (KB)
...
006 (3447418.008.000) 02/01 09:00:57 Image size of job updated: 440516
	374  -  MemoryUsage of job (MB)
	382416  -  ResidentSetSize of job (KB)
...
006 (3447418.008.000) 02/01 09:05:57 Image size of job updated: 440516
	374  -  MemoryUsage of job (MB)
	382420  -  ResidentSetSize of job (KB)
...
006 (3447418.008.000) 02/01 09:15:59 Image size of job updated: 440516
	374  -  MemoryUsage of job (MB)
	382428  -  ResidentSetSize of job (KB)
...
006 (3447418.008.000) 02/01 09:20:59 Image size of job updated: 440516
	374  -  MemoryUsage of job (MB)
	382436  -  ResidentSetSize of job (KB)
...
006 (3447418.008.000) 02/01 09:25:59 Image size of job updated: 440516
	374  -  MemoryUsage of job (MB)
	382484  -  ResidentSetSize of job (KB)
...
006 (3447418.008.000) 02/01 09:31:00 Image size of job updated: 440516
	374  -  MemoryUsage of job (MB)
	382488  -  ResidentSetSize of job (KB)
...
006 (3447418.008.000) 02/01 09:41:01 Image size of job updated: 440516
	374  -  MemoryUsage of job (MB)
	382520  -  ResidentSetSize of job (KB)
...
006 (3447418.008.000) 02/01 09:46:02 Image size of job updated: 440516
	374  -  MemoryUsage of job (MB)
	382540  -  ResidentSetSize of job (KB)
...
006 (3447418.008.000) 02/01 09:51:03 Image size of job updated: 440516
	374  -  MemoryUsage of job (MB)
	382560  -  ResidentSetSize of job (KB)
...
006 (3447418.008.000) 02/01 09:56:03 Image size of job updated: 440516
	374  -  MemoryUsage of job (MB)
	382588  -  ResidentSetSize of job (KB)
...
006 (3447418.008.000) 02/01 10:11:05 Image size of job updated: 440516
	374  -  MemoryUsage of job (MB)
	382600  -  ResidentSetSize of job (KB)
...
006 (3447418.008.000) 02/01 10:21:06 Image size of job updated: 440516
	374  -  MemoryUsage of job (MB)
	382668  -  ResidentSetSize of job (KB)
...
006 (3447418.008.000) 02/01 10:36:07 Image size of job updated: 440516
	374  -  MemoryUsage of job (MB)
	382680  -  ResidentSetSize of job (KB)
...
006 (3447418.008.000) 02/01 10:41:07 Image size of job updated: 440516
	374  -  MemoryUsage of job (MB)
	382692  -  ResidentSetSize of job (KB)
...
006 (3447418.008.000) 02/01 10:46:08 Image size of job updated: 440516
	374  -  MemoryUsage of job (MB)
	382708  -  ResidentSetSize of job (KB)
...
040 (3447418.008.000) 02/01 19:28:57 Started transferring input files
	Transferring to host: <188.184.254.27:9618?addrs=188.184.254.27-9618+[2001-1458-301-8--100-24]-9618&noUDP&sock=31277_39d1_200980>
...
040 (3447418.008.000) 02/01 19:28:58 Finished transferring input files
...
001 (3447418.008.000) 02/01 19:28:59 Job executing on host: <188.184.254.27:9618?addrs=188.184.254.27-9618+[2001-1458-301-8--100-24]-9618&noUDP&sock=5603_c53b_3>
...
006 (3447418.008.000) 02/01 19:29:42 Image size of job updated: 1039172
	391  -  MemoryUsage of job (MB)
	400000  -  ResidentSetSize of job (KB)
...
040 (3447418.008.000) 02/01 19:29:42 Started transferring output files
...
040 (3447418.008.000) 02/01 19:29:42 Finished transferring output files
...
005 (3447418.008.000) 02/01 19:29:42 Job terminated.
	(1) Normal termination (return value 0)
		Usr 0 00:00:06, Sys 0 00:00:04  -  Run Remote Usage
		Usr 0 00:00:00, Sys 0 00:00:00  -  Run Local Usage
		Usr 0 00:00:06, Sys 0 00:00:04  -  Total Remote Usage
		Usr 0 00:00:00, Sys 0 00:00:00  -  Total Local Usage
	9715  -  Run Bytes Sent By Job
	493  -  Run Bytes Received By Job
	9715  -  Total Bytes Sent By Job
	986  -  Total Bytes Received By Job
	Partitionable Resources :    Usage  Request Allocated 
	   Cpus                 :                 1           
	   Disk (KB)            :       24       40   2529384 
	   Memory (MB)          :      391     2000      2000 
...
