000 (3446285.003.000) 01/30 00:14:54 Job submitted from host: <188.185.71.142:9618?addrs=188.185.71.142-9618+[2001-1458-d00-7--100-388]-9618&alias=bigbird09.cern.ch&noUDP&sock=schedd_2208_1533_7>
...
040 (3446285.003.000) 01/30 04:24:00 Started transferring input files
	Transferring to host: <188.184.138.9:9618?addrs=188.184.138.9-9618+[2001-1458-301-45--100-c]-9618&noUDP&sock=342_b847_199291>
...
040 (3446285.003.000) 01/30 04:24:00 Finished transferring input files
...
001 (3446285.003.000) 01/30 04:24:01 Job executing on host: <188.184.138.9:9618?addrs=188.184.138.9-9618+[2001-1458-301-45--100-c]-9618&noUDP&sock=5590_da80_3>
...
006 (3446285.003.000) 01/30 04:24:09 Image size of job updated: 6628
	7  -  MemoryUsage of job (MB)
	6628  -  ResidentSetSize of job (KB)
...
006 (3446285.003.000) 01/30 04:29:09 Image size of job updated: 441508
	359  -  MemoryUsage of job (MB)
	366652  -  ResidentSetSize of job (KB)
...
006 (3446285.003.000) 01/30 05:19:16 Image size of job updated: 441508
	359  -  MemoryUsage of job (MB)
	366656  -  ResidentSetSize of job (KB)
...
006 (3446285.003.000) 01/30 09:15:43 Image size of job updated: 441508
	359  -  MemoryUsage of job (MB)
	366668  -  ResidentSetSize of job (KB)
...
006 (3446285.003.000) 01/30 09:20:43 Image size of job updated: 441508
	359  -  MemoryUsage of job (MB)
	366828  -  ResidentSetSize of job (KB)
...
006 (3446285.003.000) 01/30 09:30:45 Image size of job updated: 441508
	359  -  MemoryUsage of job (MB)
	367044  -  ResidentSetSize of job (KB)
...
006 (3446285.003.000) 01/30 09:35:45 Image size of job updated: 441508
	359  -  MemoryUsage of job (MB)
	367120  -  ResidentSetSize of job (KB)
...
006 (3446285.003.000) 01/30 09:45:47 Image size of job updated: 441508
	359  -  MemoryUsage of job (MB)
	367276  -  ResidentSetSize of job (KB)
...
006 (3446285.003.000) 01/30 10:10:48 Image size of job updated: 441508
	359  -  MemoryUsage of job (MB)
	367304  -  ResidentSetSize of job (KB)
...
006 (3446285.003.000) 01/30 10:15:49 Image size of job updated: 441512
	359  -  MemoryUsage of job (MB)
	367384  -  ResidentSetSize of job (KB)
...
006 (3446285.003.000) 01/30 10:25:50 Image size of job updated: 441684
	359  -  MemoryUsage of job (MB)
	367556  -  ResidentSetSize of job (KB)
...
006 (3446285.003.000) 01/30 10:40:52 Image size of job updated: 441820
	360  -  MemoryUsage of job (MB)
	367692  -  ResidentSetSize of job (KB)
...
006 (3446285.003.000) 01/30 10:45:53 Image size of job updated: 442084
	360  -  MemoryUsage of job (MB)
	367956  -  ResidentSetSize of job (KB)
...
006 (3446285.003.000) 01/30 10:55:54 Image size of job updated: 442252
	360  -  MemoryUsage of job (MB)
	368124  -  ResidentSetSize of job (KB)
...
006 (3446285.003.000) 01/30 11:30:58 Image size of job updated: 442288
	360  -  MemoryUsage of job (MB)
	368160  -  ResidentSetSize of job (KB)
...
006 (3446285.003.000) 01/30 12:41:05 Image size of job updated: 442292
	360  -  MemoryUsage of job (MB)
	368164  -  ResidentSetSize of job (KB)
...
006 (3446285.003.000) 01/30 12:46:06 Image size of job updated: 442300
	360  -  MemoryUsage of job (MB)
	368172  -  ResidentSetSize of job (KB)
...
006 (3446285.003.000) 01/30 12:56:06 Image size of job updated: 442316
	360  -  MemoryUsage of job (MB)
	368188  -  ResidentSetSize of job (KB)
...
006 (3446285.003.000) 01/30 13:06:08 Image size of job updated: 442360
	360  -  MemoryUsage of job (MB)
	368232  -  ResidentSetSize of job (KB)
...
006 (3446285.003.000) 01/30 13:11:08 Image size of job updated: 442368
	360  -  MemoryUsage of job (MB)
	368240  -  ResidentSetSize of job (KB)
...
006 (3446285.003.000) 01/30 13:16:08 Image size of job updated: 442372
	360  -  MemoryUsage of job (MB)
	368244  -  ResidentSetSize of job (KB)
...
006 (3446285.003.000) 01/30 13:26:09 Image size of job updated: 442388
	360  -  MemoryUsage of job (MB)
	368260  -  ResidentSetSize of job (KB)
...
006 (3446285.003.000) 01/30 13:36:10 Image size of job updated: 442388
	360  -  MemoryUsage of job (MB)
	368276  -  ResidentSetSize of job (KB)
...
006 (3446285.003.000) 01/30 13:41:11 Image size of job updated: 442388
	360  -  MemoryUsage of job (MB)
	368304  -  ResidentSetSize of job (KB)
...
006 (3446285.003.000) 01/30 13:46:11 Image size of job updated: 442388
	360  -  MemoryUsage of job (MB)
	368332  -  ResidentSetSize of job (KB)
...
006 (3446285.003.000) 01/30 13:51:12 Image size of job updated: 442388
	360  -  MemoryUsage of job (MB)
	368340  -  ResidentSetSize of job (KB)
...
006 (3446285.003.000) 01/30 14:08:17 Image size of job updated: 442388
	360  -  MemoryUsage of job (MB)
	368364  -  ResidentSetSize of job (KB)
...
006 (3446285.003.000) 01/30 14:14:29 Image size of job updated: 442388
	360  -  MemoryUsage of job (MB)
	368388  -  ResidentSetSize of job (KB)
...
006 (3446285.003.000) 01/30 14:19:29 Image size of job updated: 442388
	360  -  MemoryUsage of job (MB)
	368404  -  ResidentSetSize of job (KB)
...
006 (3446285.003.000) 01/30 14:24:29 Image size of job updated: 442388
	360  -  MemoryUsage of job (MB)
	368420  -  ResidentSetSize of job (KB)
...
006 (3446285.003.000) 01/30 14:29:30 Image size of job updated: 442388
	360  -  MemoryUsage of job (MB)
	368444  -  ResidentSetSize of job (KB)
...
006 (3446285.003.000) 01/30 14:34:30 Image size of job updated: 442388
	360  -  MemoryUsage of job (MB)
	368452  -  ResidentSetSize of job (KB)
...
006 (3446285.003.000) 01/30 14:39:30 Image size of job updated: 442388
	360  -  MemoryUsage of job (MB)
	368468  -  ResidentSetSize of job (KB)
...
006 (3446285.003.000) 01/30 14:49:31 Image size of job updated: 442388
	360  -  MemoryUsage of job (MB)
	368480  -  ResidentSetSize of job (KB)
...
006 (3446285.003.000) 01/30 14:54:31 Image size of job updated: 442388
	360  -  MemoryUsage of job (MB)
	368496  -  ResidentSetSize of job (KB)
...
006 (3446285.003.000) 01/30 14:59:33 Image size of job updated: 442388
	360  -  MemoryUsage of job (MB)
	368500  -  ResidentSetSize of job (KB)
...
006 (3446285.003.000) 01/30 15:29:36 Image size of job updated: 442388
	360  -  MemoryUsage of job (MB)
	368508  -  ResidentSetSize of job (KB)
...
006 (3446285.003.000) 01/30 15:34:37 Image size of job updated: 442388
	360  -  MemoryUsage of job (MB)
	368568  -  ResidentSetSize of job (KB)
...
006 (3446285.003.000) 01/30 15:39:37 Image size of job updated: 442388
	360  -  MemoryUsage of job (MB)
	368636  -  ResidentSetSize of job (KB)
...
006 (3446285.003.000) 01/30 15:44:38 Image size of job updated: 442388
	361  -  MemoryUsage of job (MB)
	368664  -  ResidentSetSize of job (KB)
...
006 (3446285.003.000) 01/30 15:49:39 Image size of job updated: 442388
	361  -  MemoryUsage of job (MB)
	368788  -  ResidentSetSize of job (KB)
...
006 (3446285.003.000) 01/30 15:59:39 Image size of job updated: 442388
	361  -  MemoryUsage of job (MB)
	368808  -  ResidentSetSize of job (KB)
...
006 (3446285.003.000) 01/30 16:04:41 Image size of job updated: 442388
	361  -  MemoryUsage of job (MB)
	368848  -  ResidentSetSize of job (KB)
...
006 (3446285.003.000) 01/30 16:09:42 Image size of job updated: 442388
	361  -  MemoryUsage of job (MB)
	368864  -  ResidentSetSize of job (KB)
...
006 (3446285.003.000) 01/30 16:14:41 Image size of job updated: 442388
	361  -  MemoryUsage of job (MB)
	368900  -  ResidentSetSize of job (KB)
...
006 (3446285.003.000) 01/30 16:19:42 Image size of job updated: 442388
	361  -  MemoryUsage of job (MB)
	368948  -  ResidentSetSize of job (KB)
...
006 (3446285.003.000) 01/30 16:24:42 Image size of job updated: 442388
	361  -  MemoryUsage of job (MB)
	368968  -  ResidentSetSize of job (KB)
...
006 (3446285.003.000) 01/30 16:29:42 Image size of job updated: 442388
	361  -  MemoryUsage of job (MB)
	369028  -  ResidentSetSize of job (KB)
...
006 (3446285.003.000) 01/30 16:34:43 Image size of job updated: 442388
	361  -  MemoryUsage of job (MB)
	369032  -  ResidentSetSize of job (KB)
...
006 (3446285.003.000) 01/30 16:39:44 Image size of job updated: 442388
	361  -  MemoryUsage of job (MB)
	369052  -  ResidentSetSize of job (KB)
...
006 (3446285.003.000) 01/30 16:44:44 Image size of job updated: 442388
	361  -  MemoryUsage of job (MB)
	369084  -  ResidentSetSize of job (KB)
...
006 (3446285.003.000) 01/30 16:49:45 Image size of job updated: 442388
	361  -  MemoryUsage of job (MB)
	369112  -  ResidentSetSize of job (KB)
...
006 (3446285.003.000) 01/30 16:54:46 Image size of job updated: 442388
	361  -  MemoryUsage of job (MB)
	369148  -  ResidentSetSize of job (KB)
...
006 (3446285.003.000) 01/30 16:59:46 Image size of job updated: 442388
	361  -  MemoryUsage of job (MB)
	369332  -  ResidentSetSize of job (KB)
...
006 (3446285.003.000) 01/30 17:04:46 Image size of job updated: 442388
	361  -  MemoryUsage of job (MB)
	369436  -  ResidentSetSize of job (KB)
...
006 (3446285.003.000) 01/30 17:09:47 Image size of job updated: 442388
	362  -  MemoryUsage of job (MB)
	369708  -  ResidentSetSize of job (KB)
...
006 (3446285.003.000) 01/30 17:14:48 Image size of job updated: 442388
	362  -  MemoryUsage of job (MB)
	369772  -  ResidentSetSize of job (KB)
...
006 (3446285.003.000) 01/30 17:34:50 Image size of job updated: 442388
	362  -  MemoryUsage of job (MB)
	369880  -  ResidentSetSize of job (KB)
...
006 (3446285.003.000) 01/30 17:39:50 Image size of job updated: 442388
	362  -  MemoryUsage of job (MB)
	369892  -  ResidentSetSize of job (KB)
...
006 (3446285.003.000) 01/30 17:44:50 Image size of job updated: 442388
	362  -  MemoryUsage of job (MB)
	370128  -  ResidentSetSize of job (KB)
...
006 (3446285.003.000) 01/30 17:54:51 Image size of job updated: 442388
	362  -  MemoryUsage of job (MB)
	370296  -  ResidentSetSize of job (KB)
...
006 (3446285.003.000) 01/30 17:59:51 Image size of job updated: 442388
	362  -  MemoryUsage of job (MB)
	370420  -  ResidentSetSize of job (KB)
...
006 (3446285.003.000) 01/30 18:04:51 Image size of job updated: 442388
	362  -  MemoryUsage of job (MB)
	370428  -  ResidentSetSize of job (KB)
...
006 (3446285.003.000) 01/30 18:09:52 Image size of job updated: 442388
	362  -  MemoryUsage of job (MB)
	370608  -  ResidentSetSize of job (KB)
...
006 (3446285.003.000) 01/30 18:14:52 Image size of job updated: 442388
	362  -  MemoryUsage of job (MB)
	370680  -  ResidentSetSize of job (KB)
...
006 (3446285.003.000) 01/30 18:19:52 Image size of job updated: 442388
	363  -  MemoryUsage of job (MB)
	370852  -  ResidentSetSize of job (KB)
...
006 (3446285.003.000) 01/30 18:29:53 Image size of job updated: 442388
	363  -  MemoryUsage of job (MB)
	370896  -  ResidentSetSize of job (KB)
...
006 (3446285.003.000) 01/30 18:34:53 Image size of job updated: 442388
	363  -  MemoryUsage of job (MB)
	370976  -  ResidentSetSize of job (KB)
...
006 (3446285.003.000) 01/30 18:39:54 Image size of job updated: 442388
	363  -  MemoryUsage of job (MB)
	371132  -  ResidentSetSize of job (KB)
...
006 (3446285.003.000) 01/30 18:44:55 Image size of job updated: 442388
	363  -  MemoryUsage of job (MB)
	371240  -  ResidentSetSize of job (KB)
...
006 (3446285.003.000) 01/30 18:49:55 Image size of job updated: 442388
	363  -  MemoryUsage of job (MB)
	371404  -  ResidentSetSize of job (KB)
...
006 (3446285.003.000) 01/30 18:54:55 Image size of job updated: 442388
	363  -  MemoryUsage of job (MB)
	371448  -  ResidentSetSize of job (KB)
...
006 (3446285.003.000) 01/30 18:59:56 Image size of job updated: 442388
	363  -  MemoryUsage of job (MB)
	371680  -  ResidentSetSize of job (KB)
...
006 (3446285.003.000) 01/30 19:04:57 Image size of job updated: 442388
	364  -  MemoryUsage of job (MB)
	371812  -  ResidentSetSize of job (KB)
...
006 (3446285.003.000) 01/30 19:14:57 Image size of job updated: 442388
	364  -  MemoryUsage of job (MB)
	371924  -  ResidentSetSize of job (KB)
...
006 (3446285.003.000) 01/30 19:19:58 Image size of job updated: 442388
	364  -  MemoryUsage of job (MB)
	372040  -  ResidentSetSize of job (KB)
...
006 (3446285.003.000) 01/30 19:24:59 Image size of job updated: 442388
	364  -  MemoryUsage of job (MB)
	372156  -  ResidentSetSize of job (KB)
...
006 (3446285.003.000) 01/30 19:29:59 Image size of job updated: 442388
	364  -  MemoryUsage of job (MB)
	372228  -  ResidentSetSize of job (KB)
...
006 (3446285.003.000) 01/30 19:35:00 Image size of job updated: 442388
	364  -  MemoryUsage of job (MB)
	372724  -  ResidentSetSize of job (KB)
...
006 (3446285.003.000) 01/30 19:40:01 Image size of job updated: 442388
	365  -  MemoryUsage of job (MB)
	372780  -  ResidentSetSize of job (KB)
...
006 (3446285.003.000) 01/30 20:00:03 Image size of job updated: 442388
	365  -  MemoryUsage of job (MB)
	372820  -  ResidentSetSize of job (KB)
...
006 (3446285.003.000) 01/30 20:05:03 Image size of job updated: 442388
	365  -  MemoryUsage of job (MB)
	372900  -  ResidentSetSize of job (KB)
...
006 (3446285.003.000) 01/30 20:10:03 Image size of job updated: 442388
	365  -  MemoryUsage of job (MB)
	372912  -  ResidentSetSize of job (KB)
...
006 (3446285.003.000) 01/30 20:15:04 Image size of job updated: 442388
	365  -  MemoryUsage of job (MB)
	373056  -  ResidentSetSize of job (KB)
...
006 (3446285.003.000) 01/30 20:20:05 Image size of job updated: 442388
	365  -  MemoryUsage of job (MB)
	373184  -  ResidentSetSize of job (KB)
...
006 (3446285.003.000) 01/30 20:25:05 Image size of job updated: 442388
	365  -  MemoryUsage of job (MB)
	373388  -  ResidentSetSize of job (KB)
...
006 (3446285.003.000) 01/30 20:30:05 Image size of job updated: 442388
	365  -  MemoryUsage of job (MB)
	373508  -  ResidentSetSize of job (KB)
...
006 (3446285.003.000) 01/30 20:35:06 Image size of job updated: 442388
	365  -  MemoryUsage of job (MB)
	373536  -  ResidentSetSize of job (KB)
...
006 (3446285.003.000) 01/30 20:40:06 Image size of job updated: 442388
	366  -  MemoryUsage of job (MB)
	373800  -  ResidentSetSize of job (KB)
...
006 (3446285.003.000) 01/30 20:45:06 Image size of job updated: 442388
	366  -  MemoryUsage of job (MB)
	373824  -  ResidentSetSize of job (KB)
...
006 (3446285.003.000) 01/30 20:50:07 Image size of job updated: 442388
	366  -  MemoryUsage of job (MB)
	374008  -  ResidentSetSize of job (KB)
...
006 (3446285.003.000) 01/30 20:55:08 Image size of job updated: 442388
	366  -  MemoryUsage of job (MB)
	374104  -  ResidentSetSize of job (KB)
...
006 (3446285.003.000) 01/30 21:00:08 Image size of job updated: 442388
	366  -  MemoryUsage of job (MB)
	374212  -  ResidentSetSize of job (KB)
...
006 (3446285.003.000) 01/30 21:05:08 Image size of job updated: 442388
	366  -  MemoryUsage of job (MB)
	374380  -  ResidentSetSize of job (KB)
...
006 (3446285.003.000) 01/30 21:10:09 Image size of job updated: 442388
	367  -  MemoryUsage of job (MB)
	374868  -  ResidentSetSize of job (KB)
...
006 (3446285.003.000) 01/30 21:15:10 Image size of job updated: 442388
	367  -  MemoryUsage of job (MB)
	375016  -  ResidentSetSize of job (KB)
...
006 (3446285.003.000) 01/30 21:20:10 Image size of job updated: 442388
	367  -  MemoryUsage of job (MB)
	375312  -  ResidentSetSize of job (KB)
...
006 (3446285.003.000) 01/30 21:25:10 Image size of job updated: 442388
	368  -  MemoryUsage of job (MB)
	376632  -  ResidentSetSize of job (KB)
...
006 (3446285.003.000) 01/30 21:30:10 Image size of job updated: 442388
	368  -  MemoryUsage of job (MB)
	376728  -  ResidentSetSize of job (KB)
...
006 (3446285.003.000) 01/30 21:35:11 Image size of job updated: 442388
	369  -  MemoryUsage of job (MB)
	376912  -  ResidentSetSize of job (KB)
...
006 (3446285.003.000) 01/30 21:40:12 Image size of job updated: 442388
	369  -  MemoryUsage of job (MB)
	376996  -  ResidentSetSize of job (KB)
...
006 (3446285.003.000) 01/30 21:45:12 Image size of job updated: 442388
	369  -  MemoryUsage of job (MB)
	377108  -  ResidentSetSize of job (KB)
...
006 (3446285.003.000) 01/30 21:50:13 Image size of job updated: 442388
	369  -  MemoryUsage of job (MB)
	377148  -  ResidentSetSize of job (KB)
...
006 (3446285.003.000) 01/30 21:55:14 Image size of job updated: 442388
	369  -  MemoryUsage of job (MB)
	377284  -  ResidentSetSize of job (KB)
...
006 (3446285.003.000) 01/30 22:00:14 Image size of job updated: 442388
	369  -  MemoryUsage of job (MB)
	377420  -  ResidentSetSize of job (KB)
...
006 (3446285.003.000) 01/30 22:05:14 Image size of job updated: 442388
	369  -  MemoryUsage of job (MB)
	377528  -  ResidentSetSize of job (KB)
...
006 (3446285.003.000) 01/30 22:10:14 Image size of job updated: 442388
	369  -  MemoryUsage of job (MB)
	377664  -  ResidentSetSize of job (KB)
...
006 (3446285.003.000) 01/30 22:15:15 Image size of job updated: 442388
	369  -  MemoryUsage of job (MB)
	377812  -  ResidentSetSize of job (KB)
...
006 (3446285.003.000) 01/30 22:20:16 Image size of job updated: 442388
	370  -  MemoryUsage of job (MB)
	377996  -  ResidentSetSize of job (KB)
...
006 (3446285.003.000) 01/30 22:25:16 Image size of job updated: 442388
	370  -  MemoryUsage of job (MB)
	378120  -  ResidentSetSize of job (KB)
...
006 (3446285.003.000) 01/30 22:30:16 Image size of job updated: 442388
	370  -  MemoryUsage of job (MB)
	378308  -  ResidentSetSize of job (KB)
...
006 (3446285.003.000) 01/30 22:35:17 Image size of job updated: 442388
	370  -  MemoryUsage of job (MB)
	378420  -  ResidentSetSize of job (KB)
...
006 (3446285.003.000) 01/30 22:40:18 Image size of job updated: 442388
	370  -  MemoryUsage of job (MB)
	378564  -  ResidentSetSize of job (KB)
...
006 (3446285.003.000) 01/30 22:45:18 Image size of job updated: 442388
	370  -  MemoryUsage of job (MB)
	378740  -  ResidentSetSize of job (KB)
...
006 (3446285.003.000) 01/30 22:50:18 Image size of job updated: 442388
	370  -  MemoryUsage of job (MB)
	378760  -  ResidentSetSize of job (KB)
...
006 (3446285.003.000) 01/30 22:55:19 Image size of job updated: 442388
	371  -  MemoryUsage of job (MB)
	378948  -  ResidentSetSize of job (KB)
...
006 (3446285.003.000) 01/30 23:00:20 Image size of job updated: 442388
	371  -  MemoryUsage of job (MB)
	379080  -  ResidentSetSize of job (KB)
...
006 (3446285.003.000) 01/30 23:05:20 Image size of job updated: 442388
	371  -  MemoryUsage of job (MB)
	379232  -  ResidentSetSize of job (KB)
...
006 (3446285.003.000) 01/30 23:10:20 Image size of job updated: 442388
	371  -  MemoryUsage of job (MB)
	379336  -  ResidentSetSize of job (KB)
...
006 (3446285.003.000) 01/30 23:15:21 Image size of job updated: 442388
	371  -  MemoryUsage of job (MB)
	379416  -  ResidentSetSize of job (KB)
...
006 (3446285.003.000) 01/30 23:20:22 Image size of job updated: 442388
	371  -  MemoryUsage of job (MB)
	379460  -  ResidentSetSize of job (KB)
...
006 (3446285.003.000) 01/30 23:25:22 Image size of job updated: 442388
	371  -  MemoryUsage of job (MB)
	379632  -  ResidentSetSize of job (KB)
...
006 (3446285.003.000) 01/30 23:30:23 Image size of job updated: 442388
	371  -  MemoryUsage of job (MB)
	379660  -  ResidentSetSize of job (KB)
...
006 (3446285.003.000) 01/30 23:35:24 Image size of job updated: 442388
	371  -  MemoryUsage of job (MB)
	379780  -  ResidentSetSize of job (KB)
...
006 (3446285.003.000) 01/30 23:40:24 Image size of job updated: 442388
	372  -  MemoryUsage of job (MB)
	379916  -  ResidentSetSize of job (KB)
...
006 (3446285.003.000) 01/30 23:45:25 Image size of job updated: 442388
	372  -  MemoryUsage of job (MB)
	379952  -  ResidentSetSize of job (KB)
...
006 (3446285.003.000) 01/30 23:50:26 Image size of job updated: 442388
	372  -  MemoryUsage of job (MB)
	380108  -  ResidentSetSize of job (KB)
...
006 (3446285.003.000) 01/30 23:55:26 Image size of job updated: 442388
	372  -  MemoryUsage of job (MB)
	380348  -  ResidentSetSize of job (KB)
...
006 (3446285.003.000) 01/31 00:00:26 Image size of job updated: 442388
	372  -  MemoryUsage of job (MB)
	380580  -  ResidentSetSize of job (KB)
...
006 (3446285.003.000) 01/31 00:05:27 Image size of job updated: 442388
	372  -  MemoryUsage of job (MB)
	380756  -  ResidentSetSize of job (KB)
...
006 (3446285.003.000) 01/31 00:10:27 Image size of job updated: 442388
	373  -  MemoryUsage of job (MB)
	381068  -  ResidentSetSize of job (KB)
...
006 (3446285.003.000) 01/31 00:30:28 Image size of job updated: 442388
	373  -  MemoryUsage of job (MB)
	381132  -  ResidentSetSize of job (KB)
...
006 (3446285.003.000) 01/31 03:20:44 Image size of job updated: 442388
	373  -  MemoryUsage of job (MB)
	381164  -  ResidentSetSize of job (KB)
...
006 (3446285.003.000) 01/31 03:25:45 Image size of job updated: 442388
	373  -  MemoryUsage of job (MB)
	381216  -  ResidentSetSize of job (KB)
...
006 (3446285.003.000) 01/31 03:30:45 Image size of job updated: 442388
	373  -  MemoryUsage of job (MB)
	381244  -  ResidentSetSize of job (KB)
...
006 (3446285.003.000) 01/31 03:35:45 Image size of job updated: 442388
	373  -  MemoryUsage of job (MB)
	381272  -  ResidentSetSize of job (KB)
...
006 (3446285.003.000) 01/31 03:40:46 Image size of job updated: 442388
	373  -  MemoryUsage of job (MB)
	381364  -  ResidentSetSize of job (KB)
...
006 (3446285.003.000) 01/31 03:45:46 Image size of job updated: 442388
	373  -  MemoryUsage of job (MB)
	381408  -  ResidentSetSize of job (KB)
...
006 (3446285.003.000) 01/31 03:50:46 Image size of job updated: 442388
	373  -  MemoryUsage of job (MB)
	381464  -  ResidentSetSize of job (KB)
...
006 (3446285.003.000) 01/31 04:00:48 Image size of job updated: 442388
	373  -  MemoryUsage of job (MB)
	381496  -  ResidentSetSize of job (KB)
...
006 (3446285.003.000) 01/31 04:05:48 Image size of job updated: 442388
	373  -  MemoryUsage of job (MB)
	381500  -  ResidentSetSize of job (KB)
...
006 (3446285.003.000) 01/31 04:10:49 Image size of job updated: 442388
	373  -  MemoryUsage of job (MB)
	381508  -  ResidentSetSize of job (KB)
...
006 (3446285.003.000) 01/31 05:15:56 Image size of job updated: 442388
	373  -  MemoryUsage of job (MB)
	381516  -  ResidentSetSize of job (KB)
...
006 (3446285.003.000) 01/31 05:20:56 Image size of job updated: 442388
	373  -  MemoryUsage of job (MB)
	381604  -  ResidentSetSize of job (KB)
...
006 (3446285.003.000) 01/31 05:25:56 Image size of job updated: 442388
	373  -  MemoryUsage of job (MB)
	381612  -  ResidentSetSize of job (KB)
...
006 (3446285.003.000) 01/31 05:30:57 Image size of job updated: 442388
	373  -  MemoryUsage of job (MB)
	381644  -  ResidentSetSize of job (KB)
...
006 (3446285.003.000) 01/31 05:35:58 Image size of job updated: 442388
	373  -  MemoryUsage of job (MB)
	381652  -  ResidentSetSize of job (KB)
...
006 (3446285.003.000) 01/31 05:40:58 Image size of job updated: 442388
	373  -  MemoryUsage of job (MB)
	381704  -  ResidentSetSize of job (KB)
...
006 (3446285.003.000) 01/31 05:45:59 Image size of job updated: 442388
	373  -  MemoryUsage of job (MB)
	381728  -  ResidentSetSize of job (KB)
...
006 (3446285.003.000) 01/31 05:51:00 Image size of job updated: 442388
	373  -  MemoryUsage of job (MB)
	381760  -  ResidentSetSize of job (KB)
...
006 (3446285.003.000) 01/31 06:06:02 Image size of job updated: 442388
	373  -  MemoryUsage of job (MB)
	381812  -  ResidentSetSize of job (KB)
...
006 (3446285.003.000) 01/31 06:16:02 Image size of job updated: 442388
	373  -  MemoryUsage of job (MB)
	381836  -  ResidentSetSize of job (KB)
...
006 (3446285.003.000) 01/31 06:21:03 Image size of job updated: 442388
	373  -  MemoryUsage of job (MB)
	381872  -  ResidentSetSize of job (KB)
...
006 (3446285.003.000) 01/31 06:26:04 Image size of job updated: 442388
	373  -  MemoryUsage of job (MB)
	381888  -  ResidentSetSize of job (KB)
...
006 (3446285.003.000) 01/31 06:31:04 Image size of job updated: 442388
	373  -  MemoryUsage of job (MB)
	381896  -  ResidentSetSize of job (KB)
...
006 (3446285.003.000) 01/31 06:36:04 Image size of job updated: 442388
	373  -  MemoryUsage of job (MB)
	381944  -  ResidentSetSize of job (KB)
...
006 (3446285.003.000) 01/31 06:41:06 Image size of job updated: 442388
	374  -  MemoryUsage of job (MB)
	381972  -  ResidentSetSize of job (KB)
...
006 (3446285.003.000) 01/31 06:51:06 Image size of job updated: 442388
	374  -  MemoryUsage of job (MB)
	382012  -  ResidentSetSize of job (KB)
...
006 (3446285.003.000) 01/31 06:56:07 Image size of job updated: 442388
	374  -  MemoryUsage of job (MB)
	382044  -  ResidentSetSize of job (KB)
...
006 (3446285.003.000) 01/31 07:06:08 Image size of job updated: 442388
	374  -  MemoryUsage of job (MB)
	382096  -  ResidentSetSize of job (KB)
...
006 (3446285.003.000) 01/31 07:16:10 Image size of job updated: 442388
	374  -  MemoryUsage of job (MB)
	382132  -  ResidentSetSize of job (KB)
...
006 (3446285.003.000) 01/31 07:26:11 Image size of job updated: 442388
	374  -  MemoryUsage of job (MB)
	382168  -  ResidentSetSize of job (KB)
...
006 (3446285.003.000) 01/31 07:46:14 Image size of job updated: 442388
	374  -  MemoryUsage of job (MB)
	382180  -  ResidentSetSize of job (KB)
...
006 (3446285.003.000) 01/31 08:56:21 Image size of job updated: 442388
	374  -  MemoryUsage of job (MB)
	382412  -  ResidentSetSize of job (KB)
...
006 (3446285.003.000) 01/31 09:11:22 Image size of job updated: 442388
	374  -  MemoryUsage of job (MB)
	382424  -  ResidentSetSize of job (KB)
...
006 (3446285.003.000) 01/31 09:31:24 Image size of job updated: 442388
	374  -  MemoryUsage of job (MB)
	382484  -  ResidentSetSize of job (KB)
...
006 (3446285.003.000) 01/31 09:51:26 Image size of job updated: 442388
	374  -  MemoryUsage of job (MB)
	382488  -  ResidentSetSize of job (KB)
...
006 (3446285.003.000) 01/31 10:01:27 Image size of job updated: 442388
	374  -  MemoryUsage of job (MB)
	382532  -  ResidentSetSize of job (KB)
...
006 (3446285.003.000) 01/31 11:16:35 Image size of job updated: 442388
	374  -  MemoryUsage of job (MB)
	382544  -  ResidentSetSize of job (KB)
...
006 (3446285.003.000) 01/31 11:26:36 Image size of job updated: 442388
	374  -  MemoryUsage of job (MB)
	382596  -  ResidentSetSize of job (KB)
...
006 (3446285.003.000) 01/31 11:36:37 Image size of job updated: 442388
	374  -  MemoryUsage of job (MB)
	382672  -  ResidentSetSize of job (KB)
...
006 (3446285.003.000) 01/31 12:01:39 Image size of job updated: 442388
	374  -  MemoryUsage of job (MB)
	382688  -  ResidentSetSize of job (KB)
...
006 (3446285.003.000) 01/31 12:06:40 Image size of job updated: 442388
	374  -  MemoryUsage of job (MB)
	382720  -  ResidentSetSize of job (KB)
...
006 (3446285.003.000) 01/31 12:16:41 Image size of job updated: 442388
	374  -  MemoryUsage of job (MB)
	382748  -  ResidentSetSize of job (KB)
...
006 (3446285.003.000) 01/31 12:21:42 Image size of job updated: 442388
	374  -  MemoryUsage of job (MB)
	382756  -  ResidentSetSize of job (KB)
...
006 (3446285.003.000) 01/31 12:26:42 Image size of job updated: 442388
	374  -  MemoryUsage of job (MB)
	382812  -  ResidentSetSize of job (KB)
...
006 (3446285.003.000) 01/31 12:41:43 Image size of job updated: 442388
	374  -  MemoryUsage of job (MB)
	382860  -  ResidentSetSize of job (KB)
...
006 (3446285.003.000) 01/31 12:51:44 Image size of job updated: 442388
	374  -  MemoryUsage of job (MB)
	382884  -  ResidentSetSize of job (KB)
...
006 (3446285.003.000) 01/31 13:11:46 Image size of job updated: 442388
	374  -  MemoryUsage of job (MB)
	382964  -  ResidentSetSize of job (KB)
...
006 (3446285.003.000) 01/31 13:36:48 Image size of job updated: 442388
	375  -  MemoryUsage of job (MB)
	383036  -  ResidentSetSize of job (KB)
...
006 (3446285.003.000) 01/31 13:51:49 Image size of job updated: 442388
	375  -  MemoryUsage of job (MB)
	383096  -  ResidentSetSize of job (KB)
...
006 (3446285.003.000) 01/31 14:21:53 Image size of job updated: 442388
	375  -  MemoryUsage of job (MB)
	383208  -  ResidentSetSize of job (KB)
...
006 (3446285.003.000) 01/31 14:46:55 Image size of job updated: 442388
	375  -  MemoryUsage of job (MB)
	383280  -  ResidentSetSize of job (KB)
...
006 (3446285.003.000) 01/31 15:06:58 Image size of job updated: 442388
	375  -  MemoryUsage of job (MB)
	383328  -  ResidentSetSize of job (KB)
...
006 (3446285.003.000) 01/31 15:47:02 Image size of job updated: 442388
	375  -  MemoryUsage of job (MB)
	383404  -  ResidentSetSize of job (KB)
...
006 (3446285.003.000) 01/31 15:57:03 Image size of job updated: 442388
	375  -  MemoryUsage of job (MB)
	383416  -  ResidentSetSize of job (KB)
...
006 (3446285.003.000) 01/31 16:12:04 Image size of job updated: 442388
	375  -  MemoryUsage of job (MB)
	383520  -  ResidentSetSize of job (KB)
...
006 (3446285.003.000) 01/31 16:52:07 Image size of job updated: 442388
	375  -  MemoryUsage of job (MB)
	383684  -  ResidentSetSize of job (KB)
...
006 (3446285.003.000) 01/31 17:14:53 Image size of job updated: 442388
	375  -  MemoryUsage of job (MB)
	383700  -  ResidentSetSize of job (KB)
...
006 (3446285.003.000) 01/31 17:23:07 Image size of job updated: 442388
	375  -  MemoryUsage of job (MB)
	383728  -  ResidentSetSize of job (KB)
...
006 (3446285.003.000) 01/31 17:29:43 Image size of job updated: 442388
	375  -  MemoryUsage of job (MB)
	383816  -  ResidentSetSize of job (KB)
...
006 (3446285.003.000) 01/31 17:44:45 Image size of job updated: 442388
	375  -  MemoryUsage of job (MB)
	383852  -  ResidentSetSize of job (KB)
...
006 (3446285.003.000) 01/31 18:24:50 Image size of job updated: 442388
	375  -  MemoryUsage of job (MB)
	383868  -  ResidentSetSize of job (KB)
...
006 (3446285.003.000) 01/31 18:49:54 Image size of job updated: 442388
	375  -  MemoryUsage of job (MB)
	383880  -  ResidentSetSize of job (KB)
...
006 (3446285.003.000) 01/31 18:54:55 Image size of job updated: 442388
	375  -  MemoryUsage of job (MB)
	383884  -  ResidentSetSize of job (KB)
...
006 (3446285.003.000) 01/31 19:04:55 Image size of job updated: 442388
	375  -  MemoryUsage of job (MB)
	383920  -  ResidentSetSize of job (KB)
...
006 (3446285.003.000) 01/31 19:14:57 Image size of job updated: 442388
	375  -  MemoryUsage of job (MB)
	383928  -  ResidentSetSize of job (KB)
...
006 (3446285.003.000) 01/31 19:24:58 Image size of job updated: 442388
	375  -  MemoryUsage of job (MB)
	383980  -  ResidentSetSize of job (KB)
...
006 (3446285.003.000) 01/31 19:29:59 Image size of job updated: 442388
	375  -  MemoryUsage of job (MB)
	383992  -  ResidentSetSize of job (KB)
...
006 (3446285.003.000) 01/31 19:45:01 Image size of job updated: 442388
	376  -  MemoryUsage of job (MB)
	384028  -  ResidentSetSize of job (KB)
...
006 (3446285.003.000) 01/31 19:50:01 Image size of job updated: 442388
	376  -  MemoryUsage of job (MB)
	384044  -  ResidentSetSize of job (KB)
...
006 (3446285.003.000) 01/31 20:00:02 Image size of job updated: 442388
	376  -  MemoryUsage of job (MB)
	384060  -  ResidentSetSize of job (KB)
...
006 (3446285.003.000) 01/31 20:05:02 Image size of job updated: 442388
	376  -  MemoryUsage of job (MB)
	384088  -  ResidentSetSize of job (KB)
...
006 (3446285.003.000) 01/31 20:15:03 Image size of job updated: 442388
	376  -  MemoryUsage of job (MB)
	384096  -  ResidentSetSize of job (KB)
...
006 (3446285.003.000) 01/31 20:20:04 Image size of job updated: 442388
	376  -  MemoryUsage of job (MB)
	384104  -  ResidentSetSize of job (KB)
...
006 (3446285.003.000) 01/31 20:25:04 Image size of job updated: 442388
	376  -  MemoryUsage of job (MB)
	384156  -  ResidentSetSize of job (KB)
...
006 (3446285.003.000) 01/31 20:30:04 Image size of job updated: 442388
	376  -  MemoryUsage of job (MB)
	384180  -  ResidentSetSize of job (KB)
...
006 (3446285.003.000) 01/31 20:35:05 Image size of job updated: 442388
	376  -  MemoryUsage of job (MB)
	384208  -  ResidentSetSize of job (KB)
...
006 (3446285.003.000) 01/31 20:40:05 Image size of job updated: 442388
	376  -  MemoryUsage of job (MB)
	384228  -  ResidentSetSize of job (KB)
...
006 (3446285.003.000) 01/31 20:45:05 Image size of job updated: 442388
	376  -  MemoryUsage of job (MB)
	384244  -  ResidentSetSize of job (KB)
...
006 (3446285.003.000) 01/31 20:50:06 Image size of job updated: 442388
	376  -  MemoryUsage of job (MB)
	384252  -  ResidentSetSize of job (KB)
...
006 (3446285.003.000) 01/31 20:55:07 Image size of job updated: 442388
	376  -  MemoryUsage of job (MB)
	384272  -  ResidentSetSize of job (KB)
...
006 (3446285.003.000) 01/31 21:00:07 Image size of job updated: 442388
	376  -  MemoryUsage of job (MB)
	384288  -  ResidentSetSize of job (KB)
...
006 (3446285.003.000) 01/31 21:05:07 Image size of job updated: 442388
	376  -  MemoryUsage of job (MB)
	384300  -  ResidentSetSize of job (KB)
...
006 (3446285.003.000) 01/31 21:10:08 Image size of job updated: 442388
	376  -  MemoryUsage of job (MB)
	384372  -  ResidentSetSize of job (KB)
...
006 (3446285.003.000) 01/31 21:15:09 Image size of job updated: 442388
	376  -  MemoryUsage of job (MB)
	384408  -  ResidentSetSize of job (KB)
...
006 (3446285.003.000) 01/31 21:25:10 Image size of job updated: 442388
	376  -  MemoryUsage of job (MB)
	384444  -  ResidentSetSize of job (KB)
...
006 (3446285.003.000) 01/31 21:30:10 Image size of job updated: 442388
	376  -  MemoryUsage of job (MB)
	384536  -  ResidentSetSize of job (KB)
...
006 (3446285.003.000) 01/31 21:35:11 Image size of job updated: 442388
	376  -  MemoryUsage of job (MB)
	384568  -  ResidentSetSize of job (KB)
...
006 (3446285.003.000) 01/31 21:40:12 Image size of job updated: 442388
	376  -  MemoryUsage of job (MB)
	384572  -  ResidentSetSize of job (KB)
...
006 (3446285.003.000) 01/31 21:45:12 Image size of job updated: 442388
	376  -  MemoryUsage of job (MB)
	384632  -  ResidentSetSize of job (KB)
...
006 (3446285.003.000) 01/31 21:50:12 Image size of job updated: 442388
	376  -  MemoryUsage of job (MB)
	384644  -  ResidentSetSize of job (KB)
...
006 (3446285.003.000) 01/31 21:55:13 Image size of job updated: 442388
	376  -  MemoryUsage of job (MB)
	384724  -  ResidentSetSize of job (KB)
...
006 (3446285.003.000) 01/31 22:05:14 Image size of job updated: 442388
	376  -  MemoryUsage of job (MB)
	384736  -  ResidentSetSize of job (KB)
...
006 (3446285.003.000) 01/31 22:10:14 Image size of job updated: 442388
	376  -  MemoryUsage of job (MB)
	384756  -  ResidentSetSize of job (KB)
...
006 (3446285.003.000) 01/31 22:15:15 Image size of job updated: 442388
	376  -  MemoryUsage of job (MB)
	384828  -  ResidentSetSize of job (KB)
...
006 (3446285.003.000) 01/31 22:23:20 Image size of job updated: 442388
	376  -  MemoryUsage of job (MB)
	384852  -  ResidentSetSize of job (KB)
...
006 (3446285.003.000) 01/31 22:32:35 Image size of job updated: 442388
	376  -  MemoryUsage of job (MB)
	384904  -  ResidentSetSize of job (KB)
...
006 (3446285.003.000) 01/31 22:39:58 Image size of job updated: 442388
	376  -  MemoryUsage of job (MB)
	384944  -  ResidentSetSize of job (KB)
...
006 (3446285.003.000) 01/31 22:44:59 Image size of job updated: 442388
	376  -  MemoryUsage of job (MB)
	384964  -  ResidentSetSize of job (KB)
...
006 (3446285.003.000) 01/31 22:55:00 Image size of job updated: 442388
	376  -  MemoryUsage of job (MB)
	384996  -  ResidentSetSize of job (KB)
...
006 (3446285.003.000) 01/31 23:05:02 Image size of job updated: 442388
	377  -  MemoryUsage of job (MB)
	385048  -  ResidentSetSize of job (KB)
...
006 (3446285.003.000) 01/31 23:10:02 Image size of job updated: 442388
	377  -  MemoryUsage of job (MB)
	385056  -  ResidentSetSize of job (KB)
...
006 (3446285.003.000) 01/31 23:15:02 Image size of job updated: 442388
	377  -  MemoryUsage of job (MB)
	385140  -  ResidentSetSize of job (KB)
...
006 (3446285.003.000) 01/31 23:20:03 Image size of job updated: 442388
	377  -  MemoryUsage of job (MB)
	385168  -  ResidentSetSize of job (KB)
...
006 (3446285.003.000) 01/31 23:25:04 Image size of job updated: 442388
	377  -  MemoryUsage of job (MB)
	385180  -  ResidentSetSize of job (KB)
...
006 (3446285.003.000) 01/31 23:30:04 Image size of job updated: 442388
	377  -  MemoryUsage of job (MB)
	385196  -  ResidentSetSize of job (KB)
...
006 (3446285.003.000) 01/31 23:45:06 Image size of job updated: 442388
	377  -  MemoryUsage of job (MB)
	385228  -  ResidentSetSize of job (KB)
...
006 (3446285.003.000) 01/31 23:50:06 Image size of job updated: 442388
	377  -  MemoryUsage of job (MB)
	385236  -  ResidentSetSize of job (KB)
...
006 (3446285.003.000) 01/31 23:55:06 Image size of job updated: 442388
	377  -  MemoryUsage of job (MB)
	385276  -  ResidentSetSize of job (KB)
...
006 (3446285.003.000) 02/01 00:00:06 Image size of job updated: 442388
	377  -  MemoryUsage of job (MB)
	385308  -  ResidentSetSize of job (KB)
...
006 (3446285.003.000) 02/01 00:05:07 Image size of job updated: 442388
	377  -  MemoryUsage of job (MB)
	385388  -  ResidentSetSize of job (KB)
...
006 (3446285.003.000) 02/01 01:15:14 Image size of job updated: 442388
	377  -  MemoryUsage of job (MB)
	385392  -  ResidentSetSize of job (KB)
...
006 (3446285.003.000) 02/01 01:30:15 Image size of job updated: 442388
	377  -  MemoryUsage of job (MB)
	385404  -  ResidentSetSize of job (KB)
...
006 (3446285.003.000) 02/01 01:35:15 Image size of job updated: 442388
	377  -  MemoryUsage of job (MB)
	385472  -  ResidentSetSize of job (KB)
...
006 (3446285.003.000) 02/01 01:45:17 Image size of job updated: 442388
	377  -  MemoryUsage of job (MB)
	385536  -  ResidentSetSize of job (KB)
...
006 (3446285.003.000) 02/01 01:55:17 Image size of job updated: 442388
	377  -  MemoryUsage of job (MB)
	385592  -  ResidentSetSize of job (KB)
...
006 (3446285.003.000) 02/01 02:00:18 Image size of job updated: 442388
	377  -  MemoryUsage of job (MB)
	385628  -  ResidentSetSize of job (KB)
...
006 (3446285.003.000) 02/01 02:05:19 Image size of job updated: 442388
	377  -  MemoryUsage of job (MB)
	385692  -  ResidentSetSize of job (KB)
...
006 (3446285.003.000) 02/01 02:10:19 Image size of job updated: 442388
	377  -  MemoryUsage of job (MB)
	385696  -  ResidentSetSize of job (KB)
...
006 (3446285.003.000) 02/01 02:15:19 Image size of job updated: 442388
	377  -  MemoryUsage of job (MB)
	385700  -  ResidentSetSize of job (KB)
...
006 (3446285.003.000) 02/01 02:20:20 Image size of job updated: 442388
	377  -  MemoryUsage of job (MB)
	385704  -  ResidentSetSize of job (KB)
...
006 (3446285.003.000) 02/01 02:40:22 Image size of job updated: 442388
	377  -  MemoryUsage of job (MB)
	385772  -  ResidentSetSize of job (KB)
...
006 (3446285.003.000) 02/01 02:45:23 Image size of job updated: 442388
	377  -  MemoryUsage of job (MB)
	385824  -  ResidentSetSize of job (KB)
...
006 (3446285.003.000) 02/01 02:50:23 Image size of job updated: 442388
	377  -  MemoryUsage of job (MB)
	385884  -  ResidentSetSize of job (KB)
...
006 (3446285.003.000) 02/01 03:40:29 Image size of job updated: 442388
	377  -  MemoryUsage of job (MB)
	385888  -  ResidentSetSize of job (KB)
...
006 (3446285.003.000) 02/01 03:50:29 Image size of job updated: 442388
	377  -  MemoryUsage of job (MB)
	385920  -  ResidentSetSize of job (KB)
...
006 (3446285.003.000) 02/01 03:55:30 Image size of job updated: 442388
	377  -  MemoryUsage of job (MB)
	385936  -  ResidentSetSize of job (KB)
...
006 (3446285.003.000) 02/01 04:00:31 Image size of job updated: 442388
	377  -  MemoryUsage of job (MB)
	385972  -  ResidentSetSize of job (KB)
...
006 (3446285.003.000) 02/01 04:05:31 Image size of job updated: 442388
	377  -  MemoryUsage of job (MB)
	386000  -  ResidentSetSize of job (KB)
...
006 (3446285.003.000) 02/01 04:11:27 Image size of job updated: 442388
	377  -  MemoryUsage of job (MB)
	386008  -  ResidentSetSize of job (KB)
...
006 (3446285.003.000) 02/01 04:15:32 Image size of job updated: 442388
	377  -  MemoryUsage of job (MB)
	386024  -  ResidentSetSize of job (KB)
...
006 (3446285.003.000) 02/01 04:20:32 Image size of job updated: 442388
	378  -  MemoryUsage of job (MB)
	386056  -  ResidentSetSize of job (KB)
...
006 (3446285.003.000) 02/01 04:25:33 Image size of job updated: 442388
	378  -  MemoryUsage of job (MB)
	386076  -  ResidentSetSize of job (KB)
...
006 (3446285.003.000) 02/01 04:30:34 Image size of job updated: 442388
	378  -  MemoryUsage of job (MB)
	386080  -  ResidentSetSize of job (KB)
...
006 (3446285.003.000) 02/01 04:35:34 Image size of job updated: 442388
	378  -  MemoryUsage of job (MB)
	386096  -  ResidentSetSize of job (KB)
...
006 (3446285.003.000) 02/01 04:40:35 Image size of job updated: 442388
	378  -  MemoryUsage of job (MB)
	386120  -  ResidentSetSize of job (KB)
...
006 (3446285.003.000) 02/01 04:45:36 Image size of job updated: 442388
	378  -  MemoryUsage of job (MB)
	386140  -  ResidentSetSize of job (KB)
...
006 (3446285.003.000) 02/01 04:50:36 Image size of job updated: 442388
	378  -  MemoryUsage of job (MB)
	386168  -  ResidentSetSize of job (KB)
...
006 (3446285.003.000) 02/01 04:55:36 Image size of job updated: 442388
	378  -  MemoryUsage of job (MB)
	386236  -  ResidentSetSize of job (KB)
...
006 (3446285.003.000) 02/01 05:10:37 Image size of job updated: 442388
	378  -  MemoryUsage of job (MB)
	386248  -  ResidentSetSize of job (KB)
...
006 (3446285.003.000) 02/01 05:15:38 Image size of job updated: 442388
	378  -  MemoryUsage of job (MB)
	386264  -  ResidentSetSize of job (KB)
...
006 (3446285.003.000) 02/01 05:20:39 Image size of job updated: 442388
	378  -  MemoryUsage of job (MB)
	386280  -  ResidentSetSize of job (KB)
...
006 (3446285.003.000) 02/01 05:25:39 Image size of job updated: 442388
	378  -  MemoryUsage of job (MB)
	386284  -  ResidentSetSize of job (KB)
...
006 (3446285.003.000) 02/01 05:30:39 Image size of job updated: 442388
	378  -  MemoryUsage of job (MB)
	386308  -  ResidentSetSize of job (KB)
...
006 (3446285.003.000) 02/01 05:35:40 Image size of job updated: 442388
	378  -  MemoryUsage of job (MB)
	386344  -  ResidentSetSize of job (KB)
...
006 (3446285.003.000) 02/01 05:40:40 Image size of job updated: 442388
	378  -  MemoryUsage of job (MB)
	386348  -  ResidentSetSize of job (KB)
...
006 (3446285.003.000) 02/01 05:45:40 Image size of job updated: 442388
	378  -  MemoryUsage of job (MB)
	386352  -  ResidentSetSize of job (KB)
...
006 (3446285.003.000) 02/01 05:50:41 Image size of job updated: 442388
	378  -  MemoryUsage of job (MB)
	386400  -  ResidentSetSize of job (KB)
...
006 (3446285.003.000) 02/01 05:55:42 Image size of job updated: 442388
	378  -  MemoryUsage of job (MB)
	386448  -  ResidentSetSize of job (KB)
...
006 (3446285.003.000) 02/01 06:00:42 Image size of job updated: 442388
	378  -  MemoryUsage of job (MB)
	386456  -  ResidentSetSize of job (KB)
...
006 (3446285.003.000) 02/01 06:05:42 Image size of job updated: 442388
	378  -  MemoryUsage of job (MB)
	386460  -  ResidentSetSize of job (KB)
...
006 (3446285.003.000) 02/01 06:10:43 Image size of job updated: 442388
	378  -  MemoryUsage of job (MB)
	386484  -  ResidentSetSize of job (KB)
...
006 (3446285.003.000) 02/01 06:15:44 Image size of job updated: 442388
	378  -  MemoryUsage of job (MB)
	386512  -  ResidentSetSize of job (KB)
...
006 (3446285.003.000) 02/01 06:25:45 Image size of job updated: 442388
	378  -  MemoryUsage of job (MB)
	386520  -  ResidentSetSize of job (KB)
...
006 (3446285.003.000) 02/01 06:30:46 Image size of job updated: 442388
	378  -  MemoryUsage of job (MB)
	386560  -  ResidentSetSize of job (KB)
...
006 (3446285.003.000) 02/01 06:40:46 Image size of job updated: 442388
	378  -  MemoryUsage of job (MB)
	386568  -  ResidentSetSize of job (KB)
...
006 (3446285.003.000) 02/01 06:45:47 Image size of job updated: 442388
	378  -  MemoryUsage of job (MB)
	386584  -  ResidentSetSize of job (KB)
...
006 (3446285.003.000) 02/01 06:50:48 Image size of job updated: 442388
	378  -  MemoryUsage of job (MB)
	386640  -  ResidentSetSize of job (KB)
...
006 (3446285.003.000) 02/01 07:00:49 Image size of job updated: 442388
	378  -  MemoryUsage of job (MB)
	386684  -  ResidentSetSize of job (KB)
...
006 (3446285.003.000) 02/01 07:05:50 Image size of job updated: 442388
	378  -  MemoryUsage of job (MB)
	386692  -  ResidentSetSize of job (KB)
...
006 (3446285.003.000) 02/01 07:15:50 Image size of job updated: 442388
	378  -  MemoryUsage of job (MB)
	386716  -  ResidentSetSize of job (KB)
...
006 (3446285.003.000) 02/01 07:20:50 Image size of job updated: 442388
	378  -  MemoryUsage of job (MB)
	386744  -  ResidentSetSize of job (KB)
...
006 (3446285.003.000) 02/01 07:25:51 Image size of job updated: 442388
	378  -  MemoryUsage of job (MB)
	386780  -  ResidentSetSize of job (KB)
...
006 (3446285.003.000) 02/01 07:35:51 Image size of job updated: 442388
	378  -  MemoryUsage of job (MB)
	386812  -  ResidentSetSize of job (KB)
...
006 (3446285.003.000) 02/01 07:40:52 Image size of job updated: 442388
	378  -  MemoryUsage of job (MB)
	386852  -  ResidentSetSize of job (KB)
...
006 (3446285.003.000) 02/01 07:50:53 Image size of job updated: 442388
	378  -  MemoryUsage of job (MB)
	386860  -  ResidentSetSize of job (KB)
...
006 (3446285.003.000) 02/01 07:55:53 Image size of job updated: 442388
	378  -  MemoryUsage of job (MB)
	386884  -  ResidentSetSize of job (KB)
...
006 (3446285.003.000) 02/01 08:05:55 Image size of job updated: 442388
	378  -  MemoryUsage of job (MB)
	386900  -  ResidentSetSize of job (KB)
...
006 (3446285.003.000) 02/01 08:10:55 Image size of job updated: 442388
	378  -  MemoryUsage of job (MB)
	386916  -  ResidentSetSize of job (KB)
...
006 (3446285.003.000) 02/01 08:15:55 Image size of job updated: 442388
	378  -  MemoryUsage of job (MB)
	386972  -  ResidentSetSize of job (KB)
...
006 (3446285.003.000) 02/01 08:20:56 Image size of job updated: 442388
	378  -  MemoryUsage of job (MB)
	387004  -  ResidentSetSize of job (KB)
...
006 (3446285.003.000) 02/01 08:25:56 Image size of job updated: 442388
	378  -  MemoryUsage of job (MB)
	387008  -  ResidentSetSize of job (KB)
...
006 (3446285.003.000) 02/01 08:30:56 Image size of job updated: 442388
	378  -  MemoryUsage of job (MB)
	387036  -  ResidentSetSize of job (KB)
...
006 (3446285.003.000) 02/01 08:35:57 Image size of job updated: 442388
	379  -  MemoryUsage of job (MB)
	387084  -  ResidentSetSize of job (KB)
...
006 (3446285.003.000) 02/01 08:40:58 Image size of job updated: 442388
	379  -  MemoryUsage of job (MB)
	387112  -  ResidentSetSize of job (KB)
...
006 (3446285.003.000) 02/01 08:50:58 Image size of job updated: 442388
	379  -  MemoryUsage of job (MB)
	387124  -  ResidentSetSize of job (KB)
...
006 (3446285.003.000) 02/01 08:55:59 Image size of job updated: 442388
	379  -  MemoryUsage of job (MB)
	387160  -  ResidentSetSize of job (KB)
...
006 (3446285.003.000) 02/01 09:01:00 Image size of job updated: 442388
	379  -  MemoryUsage of job (MB)
	387180  -  ResidentSetSize of job (KB)
...
006 (3446285.003.000) 02/01 09:06:00 Image size of job updated: 442388
	379  -  MemoryUsage of job (MB)
	387208  -  ResidentSetSize of job (KB)
...
006 (3446285.003.000) 02/01 09:11:00 Image size of job updated: 442388
	379  -  MemoryUsage of job (MB)
	387256  -  ResidentSetSize of job (KB)
...
006 (3446285.003.000) 02/01 09:21:01 Image size of job updated: 442388
	379  -  MemoryUsage of job (MB)
	387272  -  ResidentSetSize of job (KB)
...
006 (3446285.003.000) 02/01 09:26:02 Image size of job updated: 442388
	379  -  MemoryUsage of job (MB)
	387312  -  ResidentSetSize of job (KB)
...
006 (3446285.003.000) 02/01 09:31:03 Image size of job updated: 442388
	379  -  MemoryUsage of job (MB)
	387332  -  ResidentSetSize of job (KB)
...
006 (3446285.003.000) 02/01 09:36:03 Image size of job updated: 442388
	379  -  MemoryUsage of job (MB)
	387384  -  ResidentSetSize of job (KB)
...
040 (3446285.003.000) 02/01 13:20:57 Started transferring output files
...
040 (3446285.003.000) 02/01 13:20:58 Finished transferring output files
...
005 (3446285.003.000) 02/01 13:20:59 Job terminated.
	(1) Normal termination (return value 0)
		Usr 2 08:10:38, Sys 0 00:03:05  -  Run Remote Usage
		Usr 0 00:00:00, Sys 0 00:00:00  -  Run Local Usage
		Usr 2 08:10:38, Sys 0 00:03:05  -  Total Remote Usage
		Usr 0 00:00:00, Sys 0 00:00:00  -  Total Local Usage
	34785  -  Run Bytes Sent By Job
	492  -  Run Bytes Received By Job
	34785  -  Total Bytes Sent By Job
	492  -  Total Bytes Received By Job
	Partitionable Resources :    Usage  Request Allocated 
	   Cpus                 :                 1           
	   Disk (KB)            :       47        1   2758705 
	   Memory (MB)          :      379     2000      2000 
...
