000 (3444394.005.000) 01/29 18:50:25 Job submitted from host: <188.185.71.142:9618?addrs=188.185.71.142-9618+[2001-1458-d00-7--100-388]-9618&alias=bigbird09.cern.ch&noUDP&sock=schedd_2208_1533_7>
...
040 (3444394.005.000) 01/29 20:24:49 Started transferring input files
	Transferring to host: <128.142.149.37:9618?addrs=128.142.149.37-9618+[2001-1458-301-b--100-16]-9618&noUDP&sock=5138_ef8a_77983>
...
040 (3444394.005.000) 01/29 20:24:49 Finished transferring input files
...
001 (3444394.005.000) 01/29 20:24:50 Job executing on host: <128.142.149.37:9618?addrs=128.142.149.37-9618+[2001-1458-301-b--100-16]-9618&noUDP&sock=3284_211b_3>
...
006 (3444394.005.000) 01/29 20:24:58 Image size of job updated: 5244
	4  -  MemoryUsage of job (MB)
	4048  -  ResidentSetSize of job (KB)
...
006 (3444394.005.000) 01/29 20:29:58 Image size of job updated: 437120
	354  -  MemoryUsage of job (MB)
	362348  -  ResidentSetSize of job (KB)
...
006 (3444394.005.000) 01/29 20:34:59 Image size of job updated: 437128
	354  -  MemoryUsage of job (MB)
	362356  -  ResidentSetSize of job (KB)
...
006 (3444394.005.000) 01/29 20:39:59 Image size of job updated: 437132
	354  -  MemoryUsage of job (MB)
	362360  -  ResidentSetSize of job (KB)
...
006 (3444394.005.000) 01/29 20:44:59 Image size of job updated: 437132
	354  -  MemoryUsage of job (MB)
	362364  -  ResidentSetSize of job (KB)
...
006 (3444394.005.000) 01/29 20:50:00 Image size of job updated: 437132
	354  -  MemoryUsage of job (MB)
	362380  -  ResidentSetSize of job (KB)
...
006 (3444394.005.000) 01/29 21:00:00 Image size of job updated: 437132
	354  -  MemoryUsage of job (MB)
	362388  -  ResidentSetSize of job (KB)
...
006 (3444394.005.000) 01/29 21:15:01 Image size of job updated: 437132
	354  -  MemoryUsage of job (MB)
	362392  -  ResidentSetSize of job (KB)
...
006 (3444394.005.000) 01/29 21:25:03 Image size of job updated: 437132
	354  -  MemoryUsage of job (MB)
	362396  -  ResidentSetSize of job (KB)
...
009 (3440629.005.000) 01/29 23:40:15 Job was aborted by the user.
	via condor_rm (by user egkougko)
...
006 (3444394.005.000) 01/30 00:40:25 Image size of job updated: 437132
	354  -  MemoryUsage of job (MB)
	362472  -  ResidentSetSize of job (KB)
...
006 (3444394.005.000) 01/30 00:55:26 Image size of job updated: 437132
	355  -  MemoryUsage of job (MB)
	362516  -  ResidentSetSize of job (KB)
...
006 (3444394.005.000) 01/30 01:00:28 Image size of job updated: 437132
	355  -  MemoryUsage of job (MB)
	362544  -  ResidentSetSize of job (KB)
...
006 (3444394.005.000) 01/30 01:05:28 Image size of job updated: 437132
	355  -  MemoryUsage of job (MB)
	362584  -  ResidentSetSize of job (KB)
...
006 (3444394.005.000) 01/30 01:10:28 Image size of job updated: 437132
	355  -  MemoryUsage of job (MB)
	362604  -  ResidentSetSize of job (KB)
...
006 (3444394.005.000) 01/30 01:15:29 Image size of job updated: 437132
	355  -  MemoryUsage of job (MB)
	362672  -  ResidentSetSize of job (KB)
...
006 (3444394.005.000) 01/30 01:50:32 Image size of job updated: 437132
	355  -  MemoryUsage of job (MB)
	362748  -  ResidentSetSize of job (KB)
...
006 (3444394.005.000) 01/30 01:55:32 Image size of job updated: 437132
	355  -  MemoryUsage of job (MB)
	362828  -  ResidentSetSize of job (KB)
...
006 (3444394.005.000) 01/30 02:00:32 Image size of job updated: 437132
	355  -  MemoryUsage of job (MB)
	362928  -  ResidentSetSize of job (KB)
...
006 (3444394.005.000) 01/30 02:05:33 Image size of job updated: 437132
	355  -  MemoryUsage of job (MB)
	363024  -  ResidentSetSize of job (KB)
...
006 (3444394.005.000) 01/30 02:10:34 Image size of job updated: 437132
	355  -  MemoryUsage of job (MB)
	363028  -  ResidentSetSize of job (KB)
...
006 (3444394.005.000) 01/30 02:15:34 Image size of job updated: 437132
	355  -  MemoryUsage of job (MB)
	363184  -  ResidentSetSize of job (KB)
...
006 (3444394.005.000) 01/30 02:20:35 Image size of job updated: 437132
	355  -  MemoryUsage of job (MB)
	363296  -  ResidentSetSize of job (KB)
...
006 (3444394.005.000) 01/30 02:25:36 Image size of job updated: 437132
	355  -  MemoryUsage of job (MB)
	363316  -  ResidentSetSize of job (KB)
...
006 (3444394.005.000) 01/30 02:30:36 Image size of job updated: 437132
	355  -  MemoryUsage of job (MB)
	363400  -  ResidentSetSize of job (KB)
...
006 (3444394.005.000) 01/30 02:35:36 Image size of job updated: 437132
	355  -  MemoryUsage of job (MB)
	363480  -  ResidentSetSize of job (KB)
...
006 (3444394.005.000) 01/30 02:40:37 Image size of job updated: 437132
	355  -  MemoryUsage of job (MB)
	363520  -  ResidentSetSize of job (KB)
...
006 (3444394.005.000) 01/30 02:45:38 Image size of job updated: 437132
	356  -  MemoryUsage of job (MB)
	363584  -  ResidentSetSize of job (KB)
...
006 (3444394.005.000) 01/30 02:50:38 Image size of job updated: 437132
	356  -  MemoryUsage of job (MB)
	363644  -  ResidentSetSize of job (KB)
...
006 (3444394.005.000) 01/30 02:55:39 Image size of job updated: 437132
	356  -  MemoryUsage of job (MB)
	363724  -  ResidentSetSize of job (KB)
...
006 (3444394.005.000) 01/30 03:00:40 Image size of job updated: 437132
	356  -  MemoryUsage of job (MB)
	363856  -  ResidentSetSize of job (KB)
...
006 (3444394.005.000) 01/30 03:05:40 Image size of job updated: 437132
	356  -  MemoryUsage of job (MB)
	363932  -  ResidentSetSize of job (KB)
...
006 (3444394.005.000) 01/30 03:10:41 Image size of job updated: 437132
	356  -  MemoryUsage of job (MB)
	363988  -  ResidentSetSize of job (KB)
...
006 (3444394.005.000) 01/30 03:15:42 Image size of job updated: 437132
	356  -  MemoryUsage of job (MB)
	363992  -  ResidentSetSize of job (KB)
...
006 (3444394.005.000) 01/30 03:20:42 Image size of job updated: 437132
	356  -  MemoryUsage of job (MB)
	364120  -  ResidentSetSize of job (KB)
...
006 (3444394.005.000) 01/30 03:25:43 Image size of job updated: 437132
	356  -  MemoryUsage of job (MB)
	364208  -  ResidentSetSize of job (KB)
...
006 (3444394.005.000) 01/30 03:30:44 Image size of job updated: 437132
	356  -  MemoryUsage of job (MB)
	364220  -  ResidentSetSize of job (KB)
...
006 (3444394.005.000) 01/30 03:35:44 Image size of job updated: 437132
	356  -  MemoryUsage of job (MB)
	364324  -  ResidentSetSize of job (KB)
...
006 (3444394.005.000) 01/30 03:40:45 Image size of job updated: 437132
	356  -  MemoryUsage of job (MB)
	364404  -  ResidentSetSize of job (KB)
...
006 (3444394.005.000) 01/30 03:45:46 Image size of job updated: 437132
	356  -  MemoryUsage of job (MB)
	364512  -  ResidentSetSize of job (KB)
...
006 (3444394.005.000) 01/30 03:50:46 Image size of job updated: 437132
	357  -  MemoryUsage of job (MB)
	364616  -  ResidentSetSize of job (KB)
...
006 (3444394.005.000) 01/30 03:55:47 Image size of job updated: 437132
	357  -  MemoryUsage of job (MB)
	364700  -  ResidentSetSize of job (KB)
...
006 (3444394.005.000) 01/30 04:00:48 Image size of job updated: 437132
	357  -  MemoryUsage of job (MB)
	364780  -  ResidentSetSize of job (KB)
...
006 (3444394.005.000) 01/30 04:05:48 Image size of job updated: 437132
	357  -  MemoryUsage of job (MB)
	364784  -  ResidentSetSize of job (KB)
...
006 (3444394.005.000) 01/30 04:10:49 Image size of job updated: 437132
	357  -  MemoryUsage of job (MB)
	364904  -  ResidentSetSize of job (KB)
...
006 (3444394.005.000) 01/30 04:15:50 Image size of job updated: 437132
	357  -  MemoryUsage of job (MB)
	365040  -  ResidentSetSize of job (KB)
...
006 (3444394.005.000) 01/30 04:20:50 Image size of job updated: 437132
	357  -  MemoryUsage of job (MB)
	365108  -  ResidentSetSize of job (KB)
...
006 (3444394.005.000) 01/30 04:25:51 Image size of job updated: 437132
	357  -  MemoryUsage of job (MB)
	365144  -  ResidentSetSize of job (KB)
...
006 (3444394.005.000) 01/30 04:30:52 Image size of job updated: 437132
	357  -  MemoryUsage of job (MB)
	365252  -  ResidentSetSize of job (KB)
...
006 (3444394.005.000) 01/30 04:35:52 Image size of job updated: 437132
	357  -  MemoryUsage of job (MB)
	365256  -  ResidentSetSize of job (KB)
...
006 (3444394.005.000) 01/30 04:40:52 Image size of job updated: 437132
	357  -  MemoryUsage of job (MB)
	365368  -  ResidentSetSize of job (KB)
...
006 (3444394.005.000) 01/30 04:45:53 Image size of job updated: 437132
	357  -  MemoryUsage of job (MB)
	365492  -  ResidentSetSize of job (KB)
...
006 (3444394.005.000) 01/30 04:50:54 Image size of job updated: 437132
	357  -  MemoryUsage of job (MB)
	365516  -  ResidentSetSize of job (KB)
...
006 (3444394.005.000) 01/30 04:55:54 Image size of job updated: 437132
	357  -  MemoryUsage of job (MB)
	365556  -  ResidentSetSize of job (KB)
...
006 (3444394.005.000) 01/30 05:00:55 Image size of job updated: 437132
	358  -  MemoryUsage of job (MB)
	365704  -  ResidentSetSize of job (KB)
...
006 (3444394.005.000) 01/30 05:05:56 Image size of job updated: 437132
	358  -  MemoryUsage of job (MB)
	365720  -  ResidentSetSize of job (KB)
...
006 (3444394.005.000) 01/30 05:10:56 Image size of job updated: 437132
	358  -  MemoryUsage of job (MB)
	365892  -  ResidentSetSize of job (KB)
...
006 (3444394.005.000) 01/30 05:15:57 Image size of job updated: 437132
	358  -  MemoryUsage of job (MB)
	365924  -  ResidentSetSize of job (KB)
...
006 (3444394.005.000) 01/30 05:20:58 Image size of job updated: 437132
	358  -  MemoryUsage of job (MB)
	366044  -  ResidentSetSize of job (KB)
...
006 (3444394.005.000) 01/30 05:25:58 Image size of job updated: 437132
	358  -  MemoryUsage of job (MB)
	366128  -  ResidentSetSize of job (KB)
...
006 (3444394.005.000) 01/30 05:30:58 Image size of job updated: 437132
	358  -  MemoryUsage of job (MB)
	366200  -  ResidentSetSize of job (KB)
...
006 (3444394.005.000) 01/30 05:35:59 Image size of job updated: 437132
	358  -  MemoryUsage of job (MB)
	366240  -  ResidentSetSize of job (KB)
...
006 (3444394.005.000) 01/30 05:40:59 Image size of job updated: 437132
	359  -  MemoryUsage of job (MB)
	367456  -  ResidentSetSize of job (KB)
...
006 (3444394.005.000) 01/30 05:45:59 Image size of job updated: 437132
	361  -  MemoryUsage of job (MB)
	368788  -  ResidentSetSize of job (KB)
...
006 (3444394.005.000) 01/30 05:51:00 Image size of job updated: 437132
	361  -  MemoryUsage of job (MB)
	368828  -  ResidentSetSize of job (KB)
...
006 (3444394.005.000) 01/30 05:56:00 Image size of job updated: 437132
	361  -  MemoryUsage of job (MB)
	368856  -  ResidentSetSize of job (KB)
...
006 (3444394.005.000) 01/30 06:01:00 Image size of job updated: 437132
	361  -  MemoryUsage of job (MB)
	368948  -  ResidentSetSize of job (KB)
...
006 (3444394.005.000) 01/30 06:06:01 Image size of job updated: 437132
	361  -  MemoryUsage of job (MB)
	368988  -  ResidentSetSize of job (KB)
...
006 (3444394.005.000) 01/30 06:11:02 Image size of job updated: 437132
	361  -  MemoryUsage of job (MB)
	369012  -  ResidentSetSize of job (KB)
...
006 (3444394.005.000) 01/30 06:16:02 Image size of job updated: 437132
	361  -  MemoryUsage of job (MB)
	369068  -  ResidentSetSize of job (KB)
...
006 (3444394.005.000) 01/30 06:21:03 Image size of job updated: 437132
	361  -  MemoryUsage of job (MB)
	369092  -  ResidentSetSize of job (KB)
...
006 (3444394.005.000) 01/30 06:26:04 Image size of job updated: 437132
	361  -  MemoryUsage of job (MB)
	369136  -  ResidentSetSize of job (KB)
...
006 (3444394.005.000) 01/30 06:31:04 Image size of job updated: 437132
	361  -  MemoryUsage of job (MB)
	369204  -  ResidentSetSize of job (KB)
...
006 (3444394.005.000) 01/30 06:36:05 Image size of job updated: 437132
	361  -  MemoryUsage of job (MB)
	369216  -  ResidentSetSize of job (KB)
...
006 (3444394.005.000) 01/30 06:41:06 Image size of job updated: 437132
	361  -  MemoryUsage of job (MB)
	369220  -  ResidentSetSize of job (KB)
...
006 (3444394.005.000) 01/30 06:51:06 Image size of job updated: 437132
	361  -  MemoryUsage of job (MB)
	369384  -  ResidentSetSize of job (KB)
...
006 (3444394.005.000) 01/30 06:56:07 Image size of job updated: 437132
	361  -  MemoryUsage of job (MB)
	369428  -  ResidentSetSize of job (KB)
...
006 (3444394.005.000) 01/30 07:01:07 Image size of job updated: 437132
	361  -  MemoryUsage of job (MB)
	369472  -  ResidentSetSize of job (KB)
...
006 (3444394.005.000) 01/30 07:06:07 Image size of job updated: 437132
	361  -  MemoryUsage of job (MB)
	369528  -  ResidentSetSize of job (KB)
...
006 (3444394.005.000) 01/30 07:16:09 Image size of job updated: 437132
	361  -  MemoryUsage of job (MB)
	369604  -  ResidentSetSize of job (KB)
...
006 (3444394.005.000) 01/30 07:21:09 Image size of job updated: 437132
	361  -  MemoryUsage of job (MB)
	369628  -  ResidentSetSize of job (KB)
...
006 (3444394.005.000) 01/30 07:31:11 Image size of job updated: 437132
	362  -  MemoryUsage of job (MB)
	369752  -  ResidentSetSize of job (KB)
...
006 (3444394.005.000) 01/30 07:36:11 Image size of job updated: 437132
	362  -  MemoryUsage of job (MB)
	369796  -  ResidentSetSize of job (KB)
...
006 (3444394.005.000) 01/30 07:41:11 Image size of job updated: 437132
	362  -  MemoryUsage of job (MB)
	369812  -  ResidentSetSize of job (KB)
...
006 (3444394.005.000) 01/30 07:46:12 Image size of job updated: 437132
	362  -  MemoryUsage of job (MB)
	369836  -  ResidentSetSize of job (KB)
...
006 (3444394.005.000) 01/30 07:51:12 Image size of job updated: 437132
	362  -  MemoryUsage of job (MB)
	369936  -  ResidentSetSize of job (KB)
...
006 (3444394.005.000) 01/30 07:56:12 Image size of job updated: 437132
	362  -  MemoryUsage of job (MB)
	370004  -  ResidentSetSize of job (KB)
...
006 (3444394.005.000) 01/30 08:01:13 Image size of job updated: 437132
	362  -  MemoryUsage of job (MB)
	370028  -  ResidentSetSize of job (KB)
...
006 (3444394.005.000) 01/30 08:06:14 Image size of job updated: 437132
	362  -  MemoryUsage of job (MB)
	370072  -  ResidentSetSize of job (KB)
...
006 (3444394.005.000) 01/30 08:11:14 Image size of job updated: 437132
	362  -  MemoryUsage of job (MB)
	370140  -  ResidentSetSize of job (KB)
...
006 (3444394.005.000) 01/30 08:16:15 Image size of job updated: 437132
	362  -  MemoryUsage of job (MB)
	370200  -  ResidentSetSize of job (KB)
...
006 (3444394.005.000) 01/30 08:21:16 Image size of job updated: 437132
	362  -  MemoryUsage of job (MB)
	370216  -  ResidentSetSize of job (KB)
...
006 (3444394.005.000) 01/30 08:26:16 Image size of job updated: 437132
	362  -  MemoryUsage of job (MB)
	370328  -  ResidentSetSize of job (KB)
...
006 (3444394.005.000) 01/30 08:31:16 Image size of job updated: 437132
	362  -  MemoryUsage of job (MB)
	370356  -  ResidentSetSize of job (KB)
...
006 (3444394.005.000) 01/30 08:36:17 Image size of job updated: 437132
	362  -  MemoryUsage of job (MB)
	370408  -  ResidentSetSize of job (KB)
...
006 (3444394.005.000) 01/30 08:41:18 Image size of job updated: 437132
	362  -  MemoryUsage of job (MB)
	370472  -  ResidentSetSize of job (KB)
...
006 (3444394.005.000) 01/30 08:46:18 Image size of job updated: 437132
	362  -  MemoryUsage of job (MB)
	370536  -  ResidentSetSize of job (KB)
...
006 (3444394.005.000) 01/30 08:51:18 Image size of job updated: 437132
	362  -  MemoryUsage of job (MB)
	370572  -  ResidentSetSize of job (KB)
...
006 (3444394.005.000) 01/30 08:56:19 Image size of job updated: 437132
	362  -  MemoryUsage of job (MB)
	370640  -  ResidentSetSize of job (KB)
...
006 (3444394.005.000) 01/30 09:01:19 Image size of job updated: 437132
	363  -  MemoryUsage of job (MB)
	370712  -  ResidentSetSize of job (KB)
...
006 (3444394.005.000) 01/30 09:06:19 Image size of job updated: 437132
	363  -  MemoryUsage of job (MB)
	370748  -  ResidentSetSize of job (KB)
...
006 (3444394.005.000) 01/30 09:11:20 Image size of job updated: 437132
	363  -  MemoryUsage of job (MB)
	370820  -  ResidentSetSize of job (KB)
...
006 (3444394.005.000) 01/30 09:16:21 Image size of job updated: 437132
	363  -  MemoryUsage of job (MB)
	370852  -  ResidentSetSize of job (KB)
...
006 (3444394.005.000) 01/30 09:21:21 Image size of job updated: 437132
	363  -  MemoryUsage of job (MB)
	370924  -  ResidentSetSize of job (KB)
...
006 (3444394.005.000) 01/30 09:26:22 Image size of job updated: 437132
	363  -  MemoryUsage of job (MB)
	370928  -  ResidentSetSize of job (KB)
...
006 (3444394.005.000) 01/30 09:31:23 Image size of job updated: 437132
	363  -  MemoryUsage of job (MB)
	371020  -  ResidentSetSize of job (KB)
...
006 (3444394.005.000) 01/30 09:36:23 Image size of job updated: 437132
	363  -  MemoryUsage of job (MB)
	371064  -  ResidentSetSize of job (KB)
...
006 (3444394.005.000) 01/30 09:41:23 Image size of job updated: 437132
	363  -  MemoryUsage of job (MB)
	371084  -  ResidentSetSize of job (KB)
...
006 (3444394.005.000) 01/30 09:46:24 Image size of job updated: 437132
	363  -  MemoryUsage of job (MB)
	371156  -  ResidentSetSize of job (KB)
...
006 (3444394.005.000) 01/30 09:51:24 Image size of job updated: 437132
	363  -  MemoryUsage of job (MB)
	371164  -  ResidentSetSize of job (KB)
...
006 (3444394.005.000) 01/30 09:56:24 Image size of job updated: 437132
	363  -  MemoryUsage of job (MB)
	371244  -  ResidentSetSize of job (KB)
...
006 (3444394.005.000) 01/30 10:01:25 Image size of job updated: 437132
	363  -  MemoryUsage of job (MB)
	371284  -  ResidentSetSize of job (KB)
...
006 (3444394.005.000) 01/30 10:06:25 Image size of job updated: 437132
	363  -  MemoryUsage of job (MB)
	371352  -  ResidentSetSize of job (KB)
...
006 (3444394.005.000) 01/30 10:11:25 Image size of job updated: 437132
	363  -  MemoryUsage of job (MB)
	371412  -  ResidentSetSize of job (KB)
...
006 (3444394.005.000) 01/30 10:16:26 Image size of job updated: 437132
	363  -  MemoryUsage of job (MB)
	371472  -  ResidentSetSize of job (KB)
...
006 (3444394.005.000) 01/30 10:21:27 Image size of job updated: 437132
	363  -  MemoryUsage of job (MB)
	371540  -  ResidentSetSize of job (KB)
...
006 (3444394.005.000) 01/30 10:26:27 Image size of job updated: 437132
	363  -  MemoryUsage of job (MB)
	371620  -  ResidentSetSize of job (KB)
...
006 (3444394.005.000) 01/30 10:31:27 Image size of job updated: 437132
	363  -  MemoryUsage of job (MB)
	371688  -  ResidentSetSize of job (KB)
...
006 (3444394.005.000) 01/30 10:36:28 Image size of job updated: 437132
	364  -  MemoryUsage of job (MB)
	371768  -  ResidentSetSize of job (KB)
...
006 (3444394.005.000) 01/30 10:41:28 Image size of job updated: 437132
	364  -  MemoryUsage of job (MB)
	371812  -  ResidentSetSize of job (KB)
...
006 (3444394.005.000) 01/30 10:46:28 Image size of job updated: 437132
	364  -  MemoryUsage of job (MB)
	371856  -  ResidentSetSize of job (KB)
...
006 (3444394.005.000) 01/30 10:51:29 Image size of job updated: 437132
	364  -  MemoryUsage of job (MB)
	371940  -  ResidentSetSize of job (KB)
...
006 (3444394.005.000) 01/30 10:56:30 Image size of job updated: 437132
	364  -  MemoryUsage of job (MB)
	371968  -  ResidentSetSize of job (KB)
...
006 (3444394.005.000) 01/30 11:01:30 Image size of job updated: 437132
	364  -  MemoryUsage of job (MB)
	371996  -  ResidentSetSize of job (KB)
...
006 (3444394.005.000) 01/30 11:06:30 Image size of job updated: 437132
	364  -  MemoryUsage of job (MB)
	372108  -  ResidentSetSize of job (KB)
...
006 (3444394.005.000) 01/30 11:11:31 Image size of job updated: 437132
	364  -  MemoryUsage of job (MB)
	372204  -  ResidentSetSize of job (KB)
...
006 (3444394.005.000) 01/30 11:16:31 Image size of job updated: 437132
	364  -  MemoryUsage of job (MB)
	372216  -  ResidentSetSize of job (KB)
...
006 (3444394.005.000) 01/30 11:21:31 Image size of job updated: 437132
	364  -  MemoryUsage of job (MB)
	372320  -  ResidentSetSize of job (KB)
...
006 (3444394.005.000) 01/30 11:26:32 Image size of job updated: 437132
	364  -  MemoryUsage of job (MB)
	372376  -  ResidentSetSize of job (KB)
...
006 (3444394.005.000) 01/30 11:31:33 Image size of job updated: 437132
	364  -  MemoryUsage of job (MB)
	372392  -  ResidentSetSize of job (KB)
...
006 (3444394.005.000) 01/30 11:36:33 Image size of job updated: 437132
	364  -  MemoryUsage of job (MB)
	372432  -  ResidentSetSize of job (KB)
...
006 (3444394.005.000) 01/30 11:41:33 Image size of job updated: 437132
	364  -  MemoryUsage of job (MB)
	372548  -  ResidentSetSize of job (KB)
...
006 (3444394.005.000) 01/30 11:46:34 Image size of job updated: 437132
	364  -  MemoryUsage of job (MB)
	372596  -  ResidentSetSize of job (KB)
...
006 (3444394.005.000) 01/30 11:51:34 Image size of job updated: 437132
	364  -  MemoryUsage of job (MB)
	372608  -  ResidentSetSize of job (KB)
...
006 (3444394.005.000) 01/30 11:56:34 Image size of job updated: 437132
	364  -  MemoryUsage of job (MB)
	372688  -  ResidentSetSize of job (KB)
...
006 (3444394.005.000) 01/30 12:01:35 Image size of job updated: 437132
	365  -  MemoryUsage of job (MB)
	372764  -  ResidentSetSize of job (KB)
...
006 (3444394.005.000) 01/30 12:11:36 Image size of job updated: 437132
	365  -  MemoryUsage of job (MB)
	372876  -  ResidentSetSize of job (KB)
...
006 (3444394.005.000) 01/30 12:16:36 Image size of job updated: 437132
	365  -  MemoryUsage of job (MB)
	372912  -  ResidentSetSize of job (KB)
...
006 (3444394.005.000) 01/30 12:21:37 Image size of job updated: 437132
	365  -  MemoryUsage of job (MB)
	372968  -  ResidentSetSize of job (KB)
...
006 (3444394.005.000) 01/30 12:26:37 Image size of job updated: 437132
	365  -  MemoryUsage of job (MB)
	373220  -  ResidentSetSize of job (KB)
...
006 (3444394.005.000) 01/30 13:01:41 Image size of job updated: 437132
	365  -  MemoryUsage of job (MB)
	373256  -  ResidentSetSize of job (KB)
...
006 (3444394.005.000) 01/30 13:06:41 Image size of job updated: 437132
	365  -  MemoryUsage of job (MB)
	373300  -  ResidentSetSize of job (KB)
...
006 (3444394.005.000) 01/30 13:11:43 Image size of job updated: 437132
	365  -  MemoryUsage of job (MB)
	373444  -  ResidentSetSize of job (KB)
...
006 (3444394.005.000) 01/30 13:21:43 Image size of job updated: 437132
	365  -  MemoryUsage of job (MB)
	373576  -  ResidentSetSize of job (KB)
...
006 (3444394.005.000) 01/30 13:26:44 Image size of job updated: 437132
	365  -  MemoryUsage of job (MB)
	373596  -  ResidentSetSize of job (KB)
...
006 (3444394.005.000) 01/30 13:36:45 Image size of job updated: 437132
	365  -  MemoryUsage of job (MB)
	373620  -  ResidentSetSize of job (KB)
...
006 (3444394.005.000) 01/30 14:21:50 Image size of job updated: 437132
	365  -  MemoryUsage of job (MB)
	373648  -  ResidentSetSize of job (KB)
...
006 (3444394.005.000) 01/30 14:31:51 Image size of job updated: 437132
	365  -  MemoryUsage of job (MB)
	373680  -  ResidentSetSize of job (KB)
...
006 (3444394.005.000) 01/30 14:46:53 Image size of job updated: 437132
	365  -  MemoryUsage of job (MB)
	373696  -  ResidentSetSize of job (KB)
...
006 (3444394.005.000) 01/30 14:51:53 Image size of job updated: 437132
	365  -  MemoryUsage of job (MB)
	373716  -  ResidentSetSize of job (KB)
...
006 (3444394.005.000) 01/30 15:06:55 Image size of job updated: 437132
	365  -  MemoryUsage of job (MB)
	373728  -  ResidentSetSize of job (KB)
...
006 (3444394.005.000) 01/30 15:11:55 Image size of job updated: 437132
	365  -  MemoryUsage of job (MB)
	373744  -  ResidentSetSize of job (KB)
...
006 (3444394.005.000) 01/30 15:16:56 Image size of job updated: 437132
	365  -  MemoryUsage of job (MB)
	373748  -  ResidentSetSize of job (KB)
...
006 (3444394.005.000) 01/30 15:21:57 Image size of job updated: 437132
	365  -  MemoryUsage of job (MB)
	373760  -  ResidentSetSize of job (KB)
...
006 (3444394.005.000) 01/30 15:31:58 Image size of job updated: 437132
	366  -  MemoryUsage of job (MB)
	373776  -  ResidentSetSize of job (KB)
...
006 (3444394.005.000) 01/30 15:36:59 Image size of job updated: 437132
	366  -  MemoryUsage of job (MB)
	373832  -  ResidentSetSize of job (KB)
...
006 (3444394.005.000) 01/30 15:47:00 Image size of job updated: 437132
	366  -  MemoryUsage of job (MB)
	373848  -  ResidentSetSize of job (KB)
...
006 (3444394.005.000) 01/30 15:52:01 Image size of job updated: 437132
	366  -  MemoryUsage of job (MB)
	373856  -  ResidentSetSize of job (KB)
...
006 (3444394.005.000) 01/30 16:02:02 Image size of job updated: 437132
	366  -  MemoryUsage of job (MB)
	373900  -  ResidentSetSize of job (KB)
...
006 (3444394.005.000) 01/30 16:12:03 Image size of job updated: 437132
	366  -  MemoryUsage of job (MB)
	373920  -  ResidentSetSize of job (KB)
...
006 (3444394.005.000) 01/30 16:22:04 Image size of job updated: 437132
	366  -  MemoryUsage of job (MB)
	373968  -  ResidentSetSize of job (KB)
...
006 (3444394.005.000) 01/30 16:37:05 Image size of job updated: 437132
	366  -  MemoryUsage of job (MB)
	373972  -  ResidentSetSize of job (KB)
...
006 (3444394.005.000) 01/30 16:42:05 Image size of job updated: 437132
	366  -  MemoryUsage of job (MB)
	373980  -  ResidentSetSize of job (KB)
...
006 (3444394.005.000) 01/30 16:47:05 Image size of job updated: 437132
	366  -  MemoryUsage of job (MB)
	374020  -  ResidentSetSize of job (KB)
...
006 (3444394.005.000) 01/30 16:52:07 Image size of job updated: 437132
	366  -  MemoryUsage of job (MB)
	374064  -  ResidentSetSize of job (KB)
...
006 (3444394.005.000) 01/30 18:27:17 Image size of job updated: 437132
	366  -  MemoryUsage of job (MB)
	374072  -  ResidentSetSize of job (KB)
...
006 (3444394.005.000) 01/30 18:32:17 Image size of job updated: 437132
	366  -  MemoryUsage of job (MB)
	374088  -  ResidentSetSize of job (KB)
...
006 (3444394.005.000) 01/30 18:37:17 Image size of job updated: 437132
	366  -  MemoryUsage of job (MB)
	374092  -  ResidentSetSize of job (KB)
...
006 (3444394.005.000) 01/30 18:42:19 Image size of job updated: 437132
	366  -  MemoryUsage of job (MB)
	374100  -  ResidentSetSize of job (KB)
...
006 (3444394.005.000) 01/30 18:57:20 Image size of job updated: 437132
	366  -  MemoryUsage of job (MB)
	374144  -  ResidentSetSize of job (KB)
...
006 (3444394.005.000) 01/30 19:12:22 Image size of job updated: 437132
	366  -  MemoryUsage of job (MB)
	374160  -  ResidentSetSize of job (KB)
...
006 (3444394.005.000) 01/30 19:22:23 Image size of job updated: 437132
	366  -  MemoryUsage of job (MB)
	374180  -  ResidentSetSize of job (KB)
...
006 (3444394.005.000) 01/30 19:42:24 Image size of job updated: 437132
	366  -  MemoryUsage of job (MB)
	374316  -  ResidentSetSize of job (KB)
...
006 (3444394.005.000) 01/30 19:52:25 Image size of job updated: 437132
	366  -  MemoryUsage of job (MB)
	374320  -  ResidentSetSize of job (KB)
...
006 (3444394.005.000) 01/30 19:57:25 Image size of job updated: 437132
	366  -  MemoryUsage of job (MB)
	374408  -  ResidentSetSize of job (KB)
...
006 (3444394.005.000) 01/30 20:17:28 Image size of job updated: 437132
	366  -  MemoryUsage of job (MB)
	374476  -  ResidentSetSize of job (KB)
...
006 (3444394.005.000) 01/30 20:42:31 Image size of job updated: 437132
	366  -  MemoryUsage of job (MB)
	374592  -  ResidentSetSize of job (KB)
...
006 (3444394.005.000) 01/30 20:52:32 Image size of job updated: 437132
	366  -  MemoryUsage of job (MB)
	374612  -  ResidentSetSize of job (KB)
...
006 (3444394.005.000) 01/30 20:57:32 Image size of job updated: 437132
	366  -  MemoryUsage of job (MB)
	374652  -  ResidentSetSize of job (KB)
...
006 (3444394.005.000) 01/30 21:02:32 Image size of job updated: 437132
	366  -  MemoryUsage of job (MB)
	374736  -  ResidentSetSize of job (KB)
...
006 (3444394.005.000) 01/30 21:07:33 Image size of job updated: 437132
	366  -  MemoryUsage of job (MB)
	374748  -  ResidentSetSize of job (KB)
...
006 (3444394.005.000) 01/30 21:12:33 Image size of job updated: 437132
	366  -  MemoryUsage of job (MB)
	374764  -  ResidentSetSize of job (KB)
...
006 (3444394.005.000) 01/30 21:27:34 Image size of job updated: 437132
	366  -  MemoryUsage of job (MB)
	374784  -  ResidentSetSize of job (KB)
...
006 (3444394.005.000) 01/30 21:32:34 Image size of job updated: 437132
	367  -  MemoryUsage of job (MB)
	374816  -  ResidentSetSize of job (KB)
...
006 (3444394.005.000) 01/30 21:37:35 Image size of job updated: 437132
	367  -  MemoryUsage of job (MB)
	374832  -  ResidentSetSize of job (KB)
...
006 (3444394.005.000) 01/30 21:42:35 Image size of job updated: 437132
	367  -  MemoryUsage of job (MB)
	374848  -  ResidentSetSize of job (KB)
...
006 (3444394.005.000) 01/30 21:47:35 Image size of job updated: 437132
	367  -  MemoryUsage of job (MB)
	374884  -  ResidentSetSize of job (KB)
...
006 (3444394.005.000) 01/30 21:57:36 Image size of job updated: 437132
	367  -  MemoryUsage of job (MB)
	374892  -  ResidentSetSize of job (KB)
...
006 (3444394.005.000) 01/30 22:17:37 Image size of job updated: 437132
	367  -  MemoryUsage of job (MB)
	374908  -  ResidentSetSize of job (KB)
...
006 (3444394.005.000) 01/30 22:27:39 Image size of job updated: 437132
	367  -  MemoryUsage of job (MB)
	374940  -  ResidentSetSize of job (KB)
...
006 (3444394.005.000) 01/30 22:32:39 Image size of job updated: 437132
	367  -  MemoryUsage of job (MB)
	374948  -  ResidentSetSize of job (KB)
...
006 (3444394.005.000) 01/30 22:37:40 Image size of job updated: 437132
	367  -  MemoryUsage of job (MB)
	374992  -  ResidentSetSize of job (KB)
...
006 (3444394.005.000) 01/30 22:42:41 Image size of job updated: 437132
	367  -  MemoryUsage of job (MB)
	375016  -  ResidentSetSize of job (KB)
...
006 (3444394.005.000) 01/30 22:47:41 Image size of job updated: 437132
	367  -  MemoryUsage of job (MB)
	375024  -  ResidentSetSize of job (KB)
...
006 (3444394.005.000) 01/30 23:07:43 Image size of job updated: 437132
	367  -  MemoryUsage of job (MB)
	375056  -  ResidentSetSize of job (KB)
...
006 (3444394.005.000) 01/30 23:27:46 Image size of job updated: 437132
	367  -  MemoryUsage of job (MB)
	375080  -  ResidentSetSize of job (KB)
...
006 (3444394.005.000) 01/30 23:42:47 Image size of job updated: 437132
	367  -  MemoryUsage of job (MB)
	375092  -  ResidentSetSize of job (KB)
...
006 (3444394.005.000) 01/30 23:47:47 Image size of job updated: 437132
	367  -  MemoryUsage of job (MB)
	375100  -  ResidentSetSize of job (KB)
...
006 (3444394.005.000) 01/30 23:52:47 Image size of job updated: 437132
	367  -  MemoryUsage of job (MB)
	375132  -  ResidentSetSize of job (KB)
...
006 (3444394.005.000) 01/30 23:57:48 Image size of job updated: 437132
	367  -  MemoryUsage of job (MB)
	375168  -  ResidentSetSize of job (KB)
...
006 (3444394.005.000) 01/31 00:02:49 Image size of job updated: 437132
	367  -  MemoryUsage of job (MB)
	375208  -  ResidentSetSize of job (KB)
...
006 (3444394.005.000) 01/31 00:22:51 Image size of job updated: 437132
	367  -  MemoryUsage of job (MB)
	375220  -  ResidentSetSize of job (KB)
...
006 (3444394.005.000) 01/31 00:37:52 Image size of job updated: 437132
	367  -  MemoryUsage of job (MB)
	375228  -  ResidentSetSize of job (KB)
...
006 (3444394.005.000) 01/31 00:42:52 Image size of job updated: 437132
	367  -  MemoryUsage of job (MB)
	375240  -  ResidentSetSize of job (KB)
...
006 (3444394.005.000) 01/31 00:47:53 Image size of job updated: 437132
	367  -  MemoryUsage of job (MB)
	375268  -  ResidentSetSize of job (KB)
...
006 (3444394.005.000) 01/31 00:52:54 Image size of job updated: 437132
	367  -  MemoryUsage of job (MB)
	375300  -  ResidentSetSize of job (KB)
...
006 (3444394.005.000) 01/31 01:12:56 Image size of job updated: 437132
	367  -  MemoryUsage of job (MB)
	375308  -  ResidentSetSize of job (KB)
...
006 (3444394.005.000) 01/31 01:17:57 Image size of job updated: 437132
	367  -  MemoryUsage of job (MB)
	375324  -  ResidentSetSize of job (KB)
...
006 (3444394.005.000) 01/31 01:22:58 Image size of job updated: 437132
	367  -  MemoryUsage of job (MB)
	375328  -  ResidentSetSize of job (KB)
...
006 (3444394.005.000) 01/31 01:32:58 Image size of job updated: 437132
	367  -  MemoryUsage of job (MB)
	375360  -  ResidentSetSize of job (KB)
...
006 (3444394.005.000) 01/31 01:37:59 Image size of job updated: 437132
	367  -  MemoryUsage of job (MB)
	375372  -  ResidentSetSize of job (KB)
...
006 (3444394.005.000) 01/31 01:42:59 Image size of job updated: 437132
	367  -  MemoryUsage of job (MB)
	375384  -  ResidentSetSize of job (KB)
...
006 (3444394.005.000) 01/31 01:47:59 Image size of job updated: 437132
	367  -  MemoryUsage of job (MB)
	375428  -  ResidentSetSize of job (KB)
...
006 (3444394.005.000) 01/31 01:53:00 Image size of job updated: 437132
	367  -  MemoryUsage of job (MB)
	375432  -  ResidentSetSize of job (KB)
...
006 (3444394.005.000) 01/31 02:03:01 Image size of job updated: 437132
	367  -  MemoryUsage of job (MB)
	375452  -  ResidentSetSize of job (KB)
...
006 (3444394.005.000) 01/31 02:08:02 Image size of job updated: 437132
	367  -  MemoryUsage of job (MB)
	375456  -  ResidentSetSize of job (KB)
...
006 (3444394.005.000) 01/31 02:13:03 Image size of job updated: 437132
	367  -  MemoryUsage of job (MB)
	375476  -  ResidentSetSize of job (KB)
...
006 (3444394.005.000) 01/31 02:18:03 Image size of job updated: 437132
	367  -  MemoryUsage of job (MB)
	375504  -  ResidentSetSize of job (KB)
...
006 (3444394.005.000) 01/31 02:28:04 Image size of job updated: 437132
	367  -  MemoryUsage of job (MB)
	375520  -  ResidentSetSize of job (KB)
...
006 (3444394.005.000) 01/31 02:33:04 Image size of job updated: 437132
	367  -  MemoryUsage of job (MB)
	375528  -  ResidentSetSize of job (KB)
...
006 (3444394.005.000) 01/31 02:43:05 Image size of job updated: 437132
	367  -  MemoryUsage of job (MB)
	375568  -  ResidentSetSize of job (KB)
...
006 (3444394.005.000) 01/31 02:48:06 Image size of job updated: 437132
	367  -  MemoryUsage of job (MB)
	375576  -  ResidentSetSize of job (KB)
...
006 (3444394.005.000) 01/31 02:53:06 Image size of job updated: 437132
	367  -  MemoryUsage of job (MB)
	375592  -  ResidentSetSize of job (KB)
...
006 (3444394.005.000) 01/31 02:58:07 Image size of job updated: 437132
	367  -  MemoryUsage of job (MB)
	375628  -  ResidentSetSize of job (KB)
...
006 (3444394.005.000) 01/31 03:08:08 Image size of job updated: 437132
	367  -  MemoryUsage of job (MB)
	375648  -  ResidentSetSize of job (KB)
...
006 (3444394.005.000) 01/31 03:13:08 Image size of job updated: 437132
	367  -  MemoryUsage of job (MB)
	375680  -  ResidentSetSize of job (KB)
...
006 (3444394.005.000) 01/31 03:28:10 Image size of job updated: 437132
	367  -  MemoryUsage of job (MB)
	375748  -  ResidentSetSize of job (KB)
...
006 (3444394.005.000) 01/31 03:48:11 Image size of job updated: 437132
	367  -  MemoryUsage of job (MB)
	375760  -  ResidentSetSize of job (KB)
...
006 (3444394.005.000) 01/31 03:53:12 Image size of job updated: 437132
	367  -  MemoryUsage of job (MB)
	375776  -  ResidentSetSize of job (KB)
...
006 (3444394.005.000) 01/31 04:03:13 Image size of job updated: 437132
	367  -  MemoryUsage of job (MB)
	375808  -  ResidentSetSize of job (KB)
...
006 (3444394.005.000) 01/31 04:13:14 Image size of job updated: 437132
	368  -  MemoryUsage of job (MB)
	375856  -  ResidentSetSize of job (KB)
...
006 (3444394.005.000) 01/31 04:23:14 Image size of job updated: 437132
	368  -  MemoryUsage of job (MB)
	375860  -  ResidentSetSize of job (KB)
...
006 (3444394.005.000) 01/31 04:28:15 Image size of job updated: 437132
	368  -  MemoryUsage of job (MB)
	375900  -  ResidentSetSize of job (KB)
...
006 (3444394.005.000) 01/31 04:33:16 Image size of job updated: 437132
	368  -  MemoryUsage of job (MB)
	375960  -  ResidentSetSize of job (KB)
...
006 (3444394.005.000) 01/31 04:38:16 Image size of job updated: 437132
	368  -  MemoryUsage of job (MB)
	375968  -  ResidentSetSize of job (KB)
...
006 (3444394.005.000) 01/31 04:48:17 Image size of job updated: 437132
	368  -  MemoryUsage of job (MB)
	375992  -  ResidentSetSize of job (KB)
...
006 (3444394.005.000) 01/31 04:53:18 Image size of job updated: 437132
	368  -  MemoryUsage of job (MB)
	375996  -  ResidentSetSize of job (KB)
...
006 (3444394.005.000) 01/31 04:58:18 Image size of job updated: 437132
	368  -  MemoryUsage of job (MB)
	376048  -  ResidentSetSize of job (KB)
...
006 (3444394.005.000) 01/31 05:08:19 Image size of job updated: 437132
	368  -  MemoryUsage of job (MB)
	376092  -  ResidentSetSize of job (KB)
...
006 (3444394.005.000) 01/31 05:13:20 Image size of job updated: 437132
	368  -  MemoryUsage of job (MB)
	376100  -  ResidentSetSize of job (KB)
...
006 (3444394.005.000) 01/31 05:18:20 Image size of job updated: 437132
	368  -  MemoryUsage of job (MB)
	376132  -  ResidentSetSize of job (KB)
...
006 (3444394.005.000) 01/31 05:28:22 Image size of job updated: 437132
	368  -  MemoryUsage of job (MB)
	376180  -  ResidentSetSize of job (KB)
...
006 (3444394.005.000) 01/31 05:33:22 Image size of job updated: 437132
	368  -  MemoryUsage of job (MB)
	376240  -  ResidentSetSize of job (KB)
...
006 (3444394.005.000) 01/31 05:38:22 Image size of job updated: 437132
	368  -  MemoryUsage of job (MB)
	376268  -  ResidentSetSize of job (KB)
...
006 (3444394.005.000) 01/31 05:43:23 Image size of job updated: 437132
	368  -  MemoryUsage of job (MB)
	376300  -  ResidentSetSize of job (KB)
...
006 (3444394.005.000) 01/31 05:58:24 Image size of job updated: 437132
	368  -  MemoryUsage of job (MB)
	376312  -  ResidentSetSize of job (KB)
...
006 (3444394.005.000) 01/31 06:03:25 Image size of job updated: 437132
	368  -  MemoryUsage of job (MB)
	376320  -  ResidentSetSize of job (KB)
...
006 (3444394.005.000) 01/31 06:08:26 Image size of job updated: 437132
	368  -  MemoryUsage of job (MB)
	376368  -  ResidentSetSize of job (KB)
...
006 (3444394.005.000) 01/31 06:13:26 Image size of job updated: 437132
	368  -  MemoryUsage of job (MB)
	376400  -  ResidentSetSize of job (KB)
...
006 (3444394.005.000) 01/31 06:18:26 Image size of job updated: 437132
	368  -  MemoryUsage of job (MB)
	376424  -  ResidentSetSize of job (KB)
...
006 (3444394.005.000) 01/31 06:23:27 Image size of job updated: 437132
	368  -  MemoryUsage of job (MB)
	376452  -  ResidentSetSize of job (KB)
...
006 (3444394.005.000) 01/31 06:28:28 Image size of job updated: 437132
	368  -  MemoryUsage of job (MB)
	376560  -  ResidentSetSize of job (KB)
...
006 (3444394.005.000) 01/31 06:33:28 Image size of job updated: 437132
	368  -  MemoryUsage of job (MB)
	376588  -  ResidentSetSize of job (KB)
...
006 (3444394.005.000) 01/31 06:58:30 Image size of job updated: 437132
	368  -  MemoryUsage of job (MB)
	376596  -  ResidentSetSize of job (KB)
...
006 (3444394.005.000) 01/31 07:03:31 Image size of job updated: 437132
	368  -  MemoryUsage of job (MB)
	376608  -  ResidentSetSize of job (KB)
...
006 (3444394.005.000) 01/31 07:08:33 Image size of job updated: 437132
	368  -  MemoryUsage of job (MB)
	376648  -  ResidentSetSize of job (KB)
...
006 (3444394.005.000) 01/31 07:18:33 Image size of job updated: 437132
	368  -  MemoryUsage of job (MB)
	376680  -  ResidentSetSize of job (KB)
...
006 (3444394.005.000) 01/31 07:23:34 Image size of job updated: 437132
	368  -  MemoryUsage of job (MB)
	376704  -  ResidentSetSize of job (KB)
...
006 (3444394.005.000) 01/31 07:28:35 Image size of job updated: 437132
	368  -  MemoryUsage of job (MB)
	376716  -  ResidentSetSize of job (KB)
...
006 (3444394.005.000) 01/31 07:33:35 Image size of job updated: 437132
	368  -  MemoryUsage of job (MB)
	376732  -  ResidentSetSize of job (KB)
...
006 (3444394.005.000) 01/31 07:38:35 Image size of job updated: 437132
	368  -  MemoryUsage of job (MB)
	376744  -  ResidentSetSize of job (KB)
...
006 (3444394.005.000) 01/31 07:43:36 Image size of job updated: 437132
	368  -  MemoryUsage of job (MB)
	376772  -  ResidentSetSize of job (KB)
...
006 (3444394.005.000) 01/31 07:48:37 Image size of job updated: 437132
	368  -  MemoryUsage of job (MB)
	376800  -  ResidentSetSize of job (KB)
...
006 (3444394.005.000) 01/31 07:53:37 Image size of job updated: 437132
	369  -  MemoryUsage of job (MB)
	376836  -  ResidentSetSize of job (KB)
...
006 (3444394.005.000) 01/31 07:58:37 Image size of job updated: 437132
	369  -  MemoryUsage of job (MB)
	376844  -  ResidentSetSize of job (KB)
...
006 (3444394.005.000) 01/31 08:03:39 Image size of job updated: 437132
	369  -  MemoryUsage of job (MB)
	376856  -  ResidentSetSize of job (KB)
...
006 (3444394.005.000) 01/31 08:08:39 Image size of job updated: 437132
	369  -  MemoryUsage of job (MB)
	376872  -  ResidentSetSize of job (KB)
...
006 (3444394.005.000) 01/31 08:18:40 Image size of job updated: 437132
	369  -  MemoryUsage of job (MB)
	376900  -  ResidentSetSize of job (KB)
...
006 (3444394.005.000) 01/31 08:23:41 Image size of job updated: 437132
	369  -  MemoryUsage of job (MB)
	376932  -  ResidentSetSize of job (KB)
...
006 (3444394.005.000) 01/31 08:33:42 Image size of job updated: 437132
	369  -  MemoryUsage of job (MB)
	376948  -  ResidentSetSize of job (KB)
...
006 (3444394.005.000) 01/31 08:38:43 Image size of job updated: 437132
	369  -  MemoryUsage of job (MB)
	376984  -  ResidentSetSize of job (KB)
...
006 (3444394.005.000) 01/31 08:43:43 Image size of job updated: 437132
	369  -  MemoryUsage of job (MB)
	377000  -  ResidentSetSize of job (KB)
...
006 (3444394.005.000) 01/31 08:48:43 Image size of job updated: 437132
	369  -  MemoryUsage of job (MB)
	377028  -  ResidentSetSize of job (KB)
...
006 (3444394.005.000) 01/31 08:53:44 Image size of job updated: 437132
	369  -  MemoryUsage of job (MB)
	377048  -  ResidentSetSize of job (KB)
...
006 (3444394.005.000) 01/31 08:58:44 Image size of job updated: 437132
	369  -  MemoryUsage of job (MB)
	377076  -  ResidentSetSize of job (KB)
...
006 (3444394.005.000) 01/31 09:03:44 Image size of job updated: 437132
	369  -  MemoryUsage of job (MB)
	377116  -  ResidentSetSize of job (KB)
...
006 (3444394.005.000) 01/31 09:20:35 Image size of job updated: 437132
	369  -  MemoryUsage of job (MB)
	377124  -  ResidentSetSize of job (KB)
...
006 (3444394.005.000) 01/31 09:27:40 Image size of job updated: 437132
	369  -  MemoryUsage of job (MB)
	377188  -  ResidentSetSize of job (KB)
...
006 (3444394.005.000) 01/31 09:32:41 Image size of job updated: 437132
	369  -  MemoryUsage of job (MB)
	377216  -  ResidentSetSize of job (KB)
...
006 (3444394.005.000) 01/31 09:37:42 Image size of job updated: 437132
	369  -  MemoryUsage of job (MB)
	377232  -  ResidentSetSize of job (KB)
...
006 (3444394.005.000) 01/31 09:42:42 Image size of job updated: 437132
	369  -  MemoryUsage of job (MB)
	377276  -  ResidentSetSize of job (KB)
...
006 (3444394.005.000) 01/31 09:52:44 Image size of job updated: 437132
	369  -  MemoryUsage of job (MB)
	377296  -  ResidentSetSize of job (KB)
...
006 (3444394.005.000) 01/31 09:57:44 Image size of job updated: 437132
	369  -  MemoryUsage of job (MB)
	377320  -  ResidentSetSize of job (KB)
...
006 (3444394.005.000) 01/31 10:02:44 Image size of job updated: 437132
	369  -  MemoryUsage of job (MB)
	377344  -  ResidentSetSize of job (KB)
...
006 (3444394.005.000) 01/31 10:12:46 Image size of job updated: 437132
	369  -  MemoryUsage of job (MB)
	377360  -  ResidentSetSize of job (KB)
...
006 (3444394.005.000) 01/31 10:17:46 Image size of job updated: 437132
	369  -  MemoryUsage of job (MB)
	377368  -  ResidentSetSize of job (KB)
...
006 (3444394.005.000) 01/31 10:22:46 Image size of job updated: 437132
	369  -  MemoryUsage of job (MB)
	377404  -  ResidentSetSize of job (KB)
...
006 (3444394.005.000) 01/31 10:27:47 Image size of job updated: 437132
	369  -  MemoryUsage of job (MB)
	377432  -  ResidentSetSize of job (KB)
...
006 (3444394.005.000) 01/31 10:37:47 Image size of job updated: 437132
	369  -  MemoryUsage of job (MB)
	377436  -  ResidentSetSize of job (KB)
...
006 (3444394.005.000) 01/31 10:42:48 Image size of job updated: 437132
	369  -  MemoryUsage of job (MB)
	377480  -  ResidentSetSize of job (KB)
...
006 (3444394.005.000) 01/31 10:47:49 Image size of job updated: 437132
	369  -  MemoryUsage of job (MB)
	377496  -  ResidentSetSize of job (KB)
...
006 (3444394.005.000) 01/31 10:52:49 Image size of job updated: 437132
	369  -  MemoryUsage of job (MB)
	377520  -  ResidentSetSize of job (KB)
...
006 (3444394.005.000) 01/31 11:02:50 Image size of job updated: 437132
	369  -  MemoryUsage of job (MB)
	377548  -  ResidentSetSize of job (KB)
...
006 (3444394.005.000) 01/31 11:07:50 Image size of job updated: 437132
	369  -  MemoryUsage of job (MB)
	377564  -  ResidentSetSize of job (KB)
...
006 (3444394.005.000) 01/31 11:12:50 Image size of job updated: 437132
	369  -  MemoryUsage of job (MB)
	377592  -  ResidentSetSize of job (KB)
...
006 (3444394.005.000) 01/31 11:27:52 Image size of job updated: 437132
	369  -  MemoryUsage of job (MB)
	377596  -  ResidentSetSize of job (KB)
...
006 (3444394.005.000) 01/31 11:32:53 Image size of job updated: 437132
	369  -  MemoryUsage of job (MB)
	377616  -  ResidentSetSize of job (KB)
...
006 (3444394.005.000) 01/31 11:37:54 Image size of job updated: 437132
	369  -  MemoryUsage of job (MB)
	377652  -  ResidentSetSize of job (KB)
...
006 (3444394.005.000) 01/31 11:42:54 Image size of job updated: 437132
	369  -  MemoryUsage of job (MB)
	377688  -  ResidentSetSize of job (KB)
...
006 (3444394.005.000) 01/31 11:47:54 Image size of job updated: 437132
	369  -  MemoryUsage of job (MB)
	377692  -  ResidentSetSize of job (KB)
...
006 (3444394.005.000) 01/31 11:52:55 Image size of job updated: 437132
	369  -  MemoryUsage of job (MB)
	377708  -  ResidentSetSize of job (KB)
...
006 (3444394.005.000) 01/31 12:02:55 Image size of job updated: 437132
	369  -  MemoryUsage of job (MB)
	377716  -  ResidentSetSize of job (KB)
...
006 (3444394.005.000) 01/31 12:12:56 Image size of job updated: 437132
	369  -  MemoryUsage of job (MB)
	377740  -  ResidentSetSize of job (KB)
...
006 (3444394.005.000) 01/31 12:17:56 Image size of job updated: 437132
	369  -  MemoryUsage of job (MB)
	377756  -  ResidentSetSize of job (KB)
...
006 (3444394.005.000) 01/31 12:27:58 Image size of job updated: 437132
	369  -  MemoryUsage of job (MB)
	377768  -  ResidentSetSize of job (KB)
...
006 (3444394.005.000) 01/31 12:32:58 Image size of job updated: 437132
	369  -  MemoryUsage of job (MB)
	377784  -  ResidentSetSize of job (KB)
...
006 (3444394.005.000) 01/31 12:37:59 Image size of job updated: 437132
	369  -  MemoryUsage of job (MB)
	377812  -  ResidentSetSize of job (KB)
...
006 (3444394.005.000) 01/31 12:43:00 Image size of job updated: 437132
	370  -  MemoryUsage of job (MB)
	377860  -  ResidentSetSize of job (KB)
...
006 (3444394.005.000) 01/31 12:53:01 Image size of job updated: 437132
	370  -  MemoryUsage of job (MB)
	377876  -  ResidentSetSize of job (KB)
...
006 (3444394.005.000) 01/31 12:58:02 Image size of job updated: 437132
	370  -  MemoryUsage of job (MB)
	377884  -  ResidentSetSize of job (KB)
...
006 (3444394.005.000) 01/31 13:03:02 Image size of job updated: 437132
	370  -  MemoryUsage of job (MB)
	377888  -  ResidentSetSize of job (KB)
...
006 (3444394.005.000) 01/31 13:08:02 Image size of job updated: 437132
	370  -  MemoryUsage of job (MB)
	377924  -  ResidentSetSize of job (KB)
...
006 (3444394.005.000) 01/31 13:13:03 Image size of job updated: 437132
	370  -  MemoryUsage of job (MB)
	377948  -  ResidentSetSize of job (KB)
...
006 (3444394.005.000) 01/31 13:18:03 Image size of job updated: 437132
	370  -  MemoryUsage of job (MB)
	377972  -  ResidentSetSize of job (KB)
...
006 (3444394.005.000) 01/31 13:33:05 Image size of job updated: 437132
	370  -  MemoryUsage of job (MB)
	378004  -  ResidentSetSize of job (KB)
...
006 (3444394.005.000) 01/31 13:38:05 Image size of job updated: 437132
	370  -  MemoryUsage of job (MB)
	378008  -  ResidentSetSize of job (KB)
...
006 (3444394.005.000) 01/31 13:43:06 Image size of job updated: 437132
	370  -  MemoryUsage of job (MB)
	378020  -  ResidentSetSize of job (KB)
...
006 (3444394.005.000) 01/31 13:48:07 Image size of job updated: 437132
	370  -  MemoryUsage of job (MB)
	378064  -  ResidentSetSize of job (KB)
...
006 (3444394.005.000) 01/31 13:53:07 Image size of job updated: 437132
	370  -  MemoryUsage of job (MB)
	378072  -  ResidentSetSize of job (KB)
...
006 (3444394.005.000) 01/31 13:58:08 Image size of job updated: 437132
	370  -  MemoryUsage of job (MB)
	378080  -  ResidentSetSize of job (KB)
...
006 (3444394.005.000) 01/31 14:03:09 Image size of job updated: 437132
	370  -  MemoryUsage of job (MB)
	378088  -  ResidentSetSize of job (KB)
...
006 (3444394.005.000) 01/31 14:08:09 Image size of job updated: 437132
	370  -  MemoryUsage of job (MB)
	378104  -  ResidentSetSize of job (KB)
...
006 (3444394.005.000) 01/31 14:13:10 Image size of job updated: 437132
	370  -  MemoryUsage of job (MB)
	378112  -  ResidentSetSize of job (KB)
...
006 (3444394.005.000) 01/31 14:18:11 Image size of job updated: 437132
	370  -  MemoryUsage of job (MB)
	378140  -  ResidentSetSize of job (KB)
...
006 (3444394.005.000) 01/31 14:23:11 Image size of job updated: 437132
	370  -  MemoryUsage of job (MB)
	378164  -  ResidentSetSize of job (KB)
...
006 (3444394.005.000) 01/31 14:28:11 Image size of job updated: 437132
	370  -  MemoryUsage of job (MB)
	378176  -  ResidentSetSize of job (KB)
...
006 (3444394.005.000) 01/31 14:33:12 Image size of job updated: 437132
	370  -  MemoryUsage of job (MB)
	378216  -  ResidentSetSize of job (KB)
...
006 (3444394.005.000) 01/31 14:38:12 Image size of job updated: 437132
	370  -  MemoryUsage of job (MB)
	378252  -  ResidentSetSize of job (KB)
...
006 (3444394.005.000) 01/31 14:48:14 Image size of job updated: 437132
	370  -  MemoryUsage of job (MB)
	378256  -  ResidentSetSize of job (KB)
...
006 (3444394.005.000) 01/31 14:53:14 Image size of job updated: 437132
	370  -  MemoryUsage of job (MB)
	378300  -  ResidentSetSize of job (KB)
...
006 (3444394.005.000) 01/31 15:03:15 Image size of job updated: 437132
	370  -  MemoryUsage of job (MB)
	378336  -  ResidentSetSize of job (KB)
...
006 (3444394.005.000) 01/31 15:08:16 Image size of job updated: 437132
	370  -  MemoryUsage of job (MB)
	378356  -  ResidentSetSize of job (KB)
...
006 (3444394.005.000) 01/31 15:13:16 Image size of job updated: 437132
	370  -  MemoryUsage of job (MB)
	378360  -  ResidentSetSize of job (KB)
...
006 (3444394.005.000) 01/31 15:18:17 Image size of job updated: 437132
	370  -  MemoryUsage of job (MB)
	378368  -  ResidentSetSize of job (KB)
...
006 (3444394.005.000) 01/31 15:23:18 Image size of job updated: 437132
	370  -  MemoryUsage of job (MB)
	378388  -  ResidentSetSize of job (KB)
...
006 (3444394.005.000) 01/31 15:28:18 Image size of job updated: 437132
	370  -  MemoryUsage of job (MB)
	378400  -  ResidentSetSize of job (KB)
...
006 (3444394.005.000) 01/31 15:38:20 Image size of job updated: 437132
	370  -  MemoryUsage of job (MB)
	378428  -  ResidentSetSize of job (KB)
...
006 (3444394.005.000) 01/31 15:43:20 Image size of job updated: 437132
	370  -  MemoryUsage of job (MB)
	378444  -  ResidentSetSize of job (KB)
...
006 (3444394.005.000) 01/31 15:48:21 Image size of job updated: 437132
	370  -  MemoryUsage of job (MB)
	378448  -  ResidentSetSize of job (KB)
...
006 (3444394.005.000) 01/31 15:53:22 Image size of job updated: 437132
	370  -  MemoryUsage of job (MB)
	378468  -  ResidentSetSize of job (KB)
...
006 (3444394.005.000) 01/31 15:58:22 Image size of job updated: 437132
	370  -  MemoryUsage of job (MB)
	378484  -  ResidentSetSize of job (KB)
...
006 (3444394.005.000) 01/31 16:03:23 Image size of job updated: 437132
	370  -  MemoryUsage of job (MB)
	378488  -  ResidentSetSize of job (KB)
...
006 (3444394.005.000) 01/31 16:08:24 Image size of job updated: 437132
	370  -  MemoryUsage of job (MB)
	378536  -  ResidentSetSize of job (KB)
...
006 (3444394.005.000) 01/31 16:13:24 Image size of job updated: 437132
	370  -  MemoryUsage of job (MB)
	378580  -  ResidentSetSize of job (KB)
...
006 (3444394.005.000) 01/31 16:33:26 Image size of job updated: 437132
	370  -  MemoryUsage of job (MB)
	378608  -  ResidentSetSize of job (KB)
...
006 (3444394.005.000) 01/31 16:38:27 Image size of job updated: 437132
	370  -  MemoryUsage of job (MB)
	378676  -  ResidentSetSize of job (KB)
...
006 (3444394.005.000) 01/31 16:53:28 Image size of job updated: 437132
	370  -  MemoryUsage of job (MB)
	378680  -  ResidentSetSize of job (KB)
...
006 (3444394.005.000) 01/31 17:03:28 Image size of job updated: 437132
	370  -  MemoryUsage of job (MB)
	378720  -  ResidentSetSize of job (KB)
...
006 (3444394.005.000) 01/31 17:15:35 Image size of job updated: 437132
	370  -  MemoryUsage of job (MB)
	378788  -  ResidentSetSize of job (KB)
...
040 (3444394.005.000) 02/01 07:53:48 Started transferring input files
	Transferring to host: <188.184.182.105:9618?addrs=188.184.182.105-9618+[2001-1458-301-2b--100-4e]-9618&noUDP&sock=5121_f529_81677>
...
040 (3444394.005.000) 02/01 07:53:48 Finished transferring input files
...
001 (3444394.005.000) 02/01 07:53:49 Job executing on host: <188.184.182.105:9618?addrs=188.184.182.105-9618+[2001-1458-301-2b--100-4e]-9618&noUDP&sock=3289_8f14_3>
...
040 (3444394.005.000) 02/01 19:21:02 Started transferring input files
	Transferring to host: <188.184.197.225:9618?addrs=188.184.197.225-9618+[2001-1458-301-103--100-d5]-9618&noUDP&sock=20525_781c_201702>
...
040 (3444394.005.000) 02/01 19:21:02 Finished transferring input files
...
001 (3444394.005.000) 02/01 19:21:03 Job executing on host: <188.184.197.225:9618?addrs=188.184.197.225-9618+[2001-1458-301-103--100-d5]-9618&noUDP&sock=20389_bc91_3>
...
