000 (3447418.004.000) 01/30 01:28:19 Job submitted from host: <188.185.71.142:9618?addrs=188.185.71.142-9618+[2001-1458-d00-7--100-388]-9618&alias=bigbird09.cern.ch&noUDP&sock=schedd_2208_1533_7>
...
040 (3447418.004.000) 01/30 04:39:16 Started transferring input files
	Transferring to host: <188.184.190.100:9618?addrs=188.184.190.100-9618+[2001-1458-301-4b--100-57]-9618&noUDP&sock=924_ca9f_200623>
...
040 (3447418.004.000) 01/30 04:39:16 Finished transferring input files
...
001 (3447418.004.000) 01/30 04:39:17 Job executing on host: <188.184.190.100:9618?addrs=188.184.190.100-9618+[2001-1458-301-4b--100-57]-9618&noUDP&sock=5596_f811_3>
...
006 (3447418.004.000) 01/30 04:39:25 Image size of job updated: 1896
	2  -  MemoryUsage of job (MB)
	1896  -  ResidentSetSize of job (KB)
...
006 (3447418.004.000) 01/30 04:44:25 Image size of job updated: 388708
	359  -  MemoryUsage of job (MB)
	366660  -  ResidentSetSize of job (KB)
...
006 (3447418.004.000) 01/30 04:49:26 Image size of job updated: 388712
	359  -  MemoryUsage of job (MB)
	366664  -  ResidentSetSize of job (KB)
...
006 (3447418.004.000) 01/30 04:54:26 Image size of job updated: 388716
	359  -  MemoryUsage of job (MB)
	366668  -  ResidentSetSize of job (KB)
...
006 (3447418.004.000) 01/30 05:04:27 Image size of job updated: 388720
	359  -  MemoryUsage of job (MB)
	366672  -  ResidentSetSize of job (KB)
...
006 (3447418.004.000) 01/30 05:19:28 Image size of job updated: 388728
	359  -  MemoryUsage of job (MB)
	366680  -  ResidentSetSize of job (KB)
...
006 (3447418.004.000) 01/30 05:29:28 Image size of job updated: 388736
	359  -  MemoryUsage of job (MB)
	366688  -  ResidentSetSize of job (KB)
...
006 (3447418.004.000) 01/30 05:44:29 Image size of job updated: 388764
	359  -  MemoryUsage of job (MB)
	366716  -  ResidentSetSize of job (KB)
...
006 (3447418.004.000) 01/30 08:34:49 Image size of job updated: 388896
	359  -  MemoryUsage of job (MB)
	366848  -  ResidentSetSize of job (KB)
...
006 (3447418.004.000) 01/30 08:39:50 Image size of job updated: 388964
	359  -  MemoryUsage of job (MB)
	366916  -  ResidentSetSize of job (KB)
...
006 (3447418.004.000) 01/30 09:34:56 Image size of job updated: 388964
	359  -  MemoryUsage of job (MB)
	366936  -  ResidentSetSize of job (KB)
...
006 (3447418.004.000) 01/30 09:54:57 Image size of job updated: 388964
	359  -  MemoryUsage of job (MB)
	366984  -  ResidentSetSize of job (KB)
...
006 (3447418.004.000) 01/30 09:59:57 Image size of job updated: 389040
	359  -  MemoryUsage of job (MB)
	367076  -  ResidentSetSize of job (KB)
...
006 (3447418.004.000) 01/30 10:04:58 Image size of job updated: 389128
	359  -  MemoryUsage of job (MB)
	367164  -  ResidentSetSize of job (KB)
...
006 (3447418.004.000) 01/30 10:09:58 Image size of job updated: 389212
	359  -  MemoryUsage of job (MB)
	367248  -  ResidentSetSize of job (KB)
...
006 (3447418.004.000) 01/30 10:14:58 Image size of job updated: 389260
	359  -  MemoryUsage of job (MB)
	367296  -  ResidentSetSize of job (KB)
...
006 (3447418.004.000) 01/30 10:19:59 Image size of job updated: 389304
	359  -  MemoryUsage of job (MB)
	367340  -  ResidentSetSize of job (KB)
...
006 (3447418.004.000) 01/30 10:25:00 Image size of job updated: 389440
	359  -  MemoryUsage of job (MB)
	367476  -  ResidentSetSize of job (KB)
...
006 (3447418.004.000) 01/30 10:30:00 Image size of job updated: 389592
	360  -  MemoryUsage of job (MB)
	367628  -  ResidentSetSize of job (KB)
...
006 (3447418.004.000) 01/30 10:35:01 Image size of job updated: 389708
	360  -  MemoryUsage of job (MB)
	367744  -  ResidentSetSize of job (KB)
...
006 (3447418.004.000) 01/30 10:40:02 Image size of job updated: 389712
	360  -  MemoryUsage of job (MB)
	367748  -  ResidentSetSize of job (KB)
...
006 (3447418.004.000) 01/30 10:45:02 Image size of job updated: 389824
	360  -  MemoryUsage of job (MB)
	367860  -  ResidentSetSize of job (KB)
...
006 (3447418.004.000) 01/30 10:50:03 Image size of job updated: 389952
	360  -  MemoryUsage of job (MB)
	367988  -  ResidentSetSize of job (KB)
...
006 (3447418.004.000) 01/30 10:55:04 Image size of job updated: 390000
	360  -  MemoryUsage of job (MB)
	368036  -  ResidentSetSize of job (KB)
...
006 (3447418.004.000) 01/30 11:00:04 Image size of job updated: 390104
	360  -  MemoryUsage of job (MB)
	368140  -  ResidentSetSize of job (KB)
...
006 (3447418.004.000) 01/30 11:05:04 Image size of job updated: 390248
	360  -  MemoryUsage of job (MB)
	368284  -  ResidentSetSize of job (KB)
...
006 (3447418.004.000) 01/30 11:10:05 Image size of job updated: 390272
	360  -  MemoryUsage of job (MB)
	368308  -  ResidentSetSize of job (KB)
...
006 (3447418.004.000) 01/30 11:15:05 Image size of job updated: 390448
	360  -  MemoryUsage of job (MB)
	368484  -  ResidentSetSize of job (KB)
...
006 (3447418.004.000) 01/30 11:20:05 Image size of job updated: 390552
	360  -  MemoryUsage of job (MB)
	368588  -  ResidentSetSize of job (KB)
...
006 (3447418.004.000) 01/30 11:25:06 Image size of job updated: 390632
	361  -  MemoryUsage of job (MB)
	368668  -  ResidentSetSize of job (KB)
...
006 (3447418.004.000) 01/30 11:30:07 Image size of job updated: 390780
	361  -  MemoryUsage of job (MB)
	368816  -  ResidentSetSize of job (KB)
...
006 (3447418.004.000) 01/30 11:35:07 Image size of job updated: 390816
	361  -  MemoryUsage of job (MB)
	368852  -  ResidentSetSize of job (KB)
...
006 (3447418.004.000) 01/30 11:40:07 Image size of job updated: 390956
	361  -  MemoryUsage of job (MB)
	368992  -  ResidentSetSize of job (KB)
...
006 (3447418.004.000) 01/30 11:45:08 Image size of job updated: 390980
	361  -  MemoryUsage of job (MB)
	369016  -  ResidentSetSize of job (KB)
...
006 (3447418.004.000) 01/30 11:50:08 Image size of job updated: 391148
	361  -  MemoryUsage of job (MB)
	369184  -  ResidentSetSize of job (KB)
...
006 (3447418.004.000) 01/30 11:55:08 Image size of job updated: 391220
	361  -  MemoryUsage of job (MB)
	369256  -  ResidentSetSize of job (KB)
...
006 (3447418.004.000) 01/30 12:00:09 Image size of job updated: 391304
	361  -  MemoryUsage of job (MB)
	369340  -  ResidentSetSize of job (KB)
...
006 (3447418.004.000) 01/30 12:05:10 Image size of job updated: 391360
	361  -  MemoryUsage of job (MB)
	369396  -  ResidentSetSize of job (KB)
...
006 (3447418.004.000) 01/30 12:10:10 Image size of job updated: 391436
	361  -  MemoryUsage of job (MB)
	369472  -  ResidentSetSize of job (KB)
...
006 (3447418.004.000) 01/30 12:15:10 Image size of job updated: 391480
	361  -  MemoryUsage of job (MB)
	369516  -  ResidentSetSize of job (KB)
...
006 (3447418.004.000) 01/30 12:20:11 Image size of job updated: 391652
	362  -  MemoryUsage of job (MB)
	369688  -  ResidentSetSize of job (KB)
...
006 (3447418.004.000) 01/30 12:25:12 Image size of job updated: 391736
	362  -  MemoryUsage of job (MB)
	369772  -  ResidentSetSize of job (KB)
...
006 (3447418.004.000) 01/30 12:30:12 Image size of job updated: 391812
	362  -  MemoryUsage of job (MB)
	369848  -  ResidentSetSize of job (KB)
...
006 (3447418.004.000) 01/30 12:35:13 Image size of job updated: 391880
	362  -  MemoryUsage of job (MB)
	369916  -  ResidentSetSize of job (KB)
...
006 (3447418.004.000) 01/30 12:40:14 Image size of job updated: 392052
	362  -  MemoryUsage of job (MB)
	370088  -  ResidentSetSize of job (KB)
...
006 (3447418.004.000) 01/30 12:45:14 Image size of job updated: 392148
	362  -  MemoryUsage of job (MB)
	370184  -  ResidentSetSize of job (KB)
...
006 (3447418.004.000) 01/30 12:50:14 Image size of job updated: 392220
	362  -  MemoryUsage of job (MB)
	370256  -  ResidentSetSize of job (KB)
...
006 (3447418.004.000) 01/30 12:55:15 Image size of job updated: 392336
	362  -  MemoryUsage of job (MB)
	370372  -  ResidentSetSize of job (KB)
...
006 (3447418.004.000) 01/30 13:00:16 Image size of job updated: 392452
	362  -  MemoryUsage of job (MB)
	370488  -  ResidentSetSize of job (KB)
...
006 (3447418.004.000) 01/30 13:05:16 Image size of job updated: 392476
	362  -  MemoryUsage of job (MB)
	370512  -  ResidentSetSize of job (KB)
...
006 (3447418.004.000) 01/30 13:10:16 Image size of job updated: 393068
	363  -  MemoryUsage of job (MB)
	371104  -  ResidentSetSize of job (KB)
...
006 (3447418.004.000) 01/30 13:15:17 Image size of job updated: 393576
	363  -  MemoryUsage of job (MB)
	371612  -  ResidentSetSize of job (KB)
...
006 (3447418.004.000) 01/30 13:20:18 Image size of job updated: 394868
	365  -  MemoryUsage of job (MB)
	372904  -  ResidentSetSize of job (KB)
...
006 (3447418.004.000) 01/30 13:25:18 Image size of job updated: 394868
	365  -  MemoryUsage of job (MB)
	372928  -  ResidentSetSize of job (KB)
...
006 (3447418.004.000) 01/30 13:35:20 Image size of job updated: 394868
	365  -  MemoryUsage of job (MB)
	373000  -  ResidentSetSize of job (KB)
...
006 (3447418.004.000) 01/30 13:40:20 Image size of job updated: 394868
	365  -  MemoryUsage of job (MB)
	373016  -  ResidentSetSize of job (KB)
...
006 (3447418.004.000) 01/30 13:50:22 Image size of job updated: 394868
	365  -  MemoryUsage of job (MB)
	373052  -  ResidentSetSize of job (KB)
...
006 (3447418.004.000) 01/30 13:55:22 Image size of job updated: 394868
	365  -  MemoryUsage of job (MB)
	373112  -  ResidentSetSize of job (KB)
...
006 (3447418.004.000) 01/30 14:00:22 Image size of job updated: 394868
	365  -  MemoryUsage of job (MB)
	373144  -  ResidentSetSize of job (KB)
...
006 (3447418.004.000) 01/30 14:05:23 Image size of job updated: 394868
	365  -  MemoryUsage of job (MB)
	373160  -  ResidentSetSize of job (KB)
...
006 (3447418.004.000) 01/30 14:10:23 Image size of job updated: 394868
	365  -  MemoryUsage of job (MB)
	373184  -  ResidentSetSize of job (KB)
...
006 (3447418.004.000) 01/30 14:15:23 Image size of job updated: 394868
	365  -  MemoryUsage of job (MB)
	373204  -  ResidentSetSize of job (KB)
...
006 (3447418.004.000) 01/30 14:20:24 Image size of job updated: 394868
	365  -  MemoryUsage of job (MB)
	373216  -  ResidentSetSize of job (KB)
...
006 (3447418.004.000) 01/30 14:25:25 Image size of job updated: 394868
	365  -  MemoryUsage of job (MB)
	373268  -  ResidentSetSize of job (KB)
...
006 (3447418.004.000) 01/30 14:35:26 Image size of job updated: 394868
	365  -  MemoryUsage of job (MB)
	373308  -  ResidentSetSize of job (KB)
...
006 (3447418.004.000) 01/30 14:40:27 Image size of job updated: 394868
	365  -  MemoryUsage of job (MB)
	373340  -  ResidentSetSize of job (KB)
...
006 (3447418.004.000) 01/30 14:45:27 Image size of job updated: 394868
	365  -  MemoryUsage of job (MB)
	373344  -  ResidentSetSize of job (KB)
...
006 (3447418.004.000) 01/30 14:50:27 Image size of job updated: 394868
	365  -  MemoryUsage of job (MB)
	373364  -  ResidentSetSize of job (KB)
...
006 (3447418.004.000) 01/30 14:55:28 Image size of job updated: 394868
	365  -  MemoryUsage of job (MB)
	373372  -  ResidentSetSize of job (KB)
...
006 (3447418.004.000) 01/30 15:00:28 Image size of job updated: 394868
	365  -  MemoryUsage of job (MB)
	373404  -  ResidentSetSize of job (KB)
...
006 (3447418.004.000) 01/30 15:05:28 Image size of job updated: 394868
	365  -  MemoryUsage of job (MB)
	373444  -  ResidentSetSize of job (KB)
...
006 (3447418.004.000) 01/30 15:10:29 Image size of job updated: 394868
	365  -  MemoryUsage of job (MB)
	373488  -  ResidentSetSize of job (KB)
...
006 (3447418.004.000) 01/30 15:15:30 Image size of job updated: 394868
	365  -  MemoryUsage of job (MB)
	373508  -  ResidentSetSize of job (KB)
...
006 (3447418.004.000) 01/30 15:20:30 Image size of job updated: 394868
	365  -  MemoryUsage of job (MB)
	373576  -  ResidentSetSize of job (KB)
...
006 (3447418.004.000) 01/30 15:25:30 Image size of job updated: 394868
	365  -  MemoryUsage of job (MB)
	373592  -  ResidentSetSize of job (KB)
...
006 (3447418.004.000) 01/30 15:30:32 Image size of job updated: 394868
	365  -  MemoryUsage of job (MB)
	373608  -  ResidentSetSize of job (KB)
...
006 (3447418.004.000) 01/30 15:40:32 Image size of job updated: 394868
	365  -  MemoryUsage of job (MB)
	373692  -  ResidentSetSize of job (KB)
...
006 (3447418.004.000) 01/30 15:45:33 Image size of job updated: 394868
	365  -  MemoryUsage of job (MB)
	373716  -  ResidentSetSize of job (KB)
...
006 (3447418.004.000) 01/30 15:50:34 Image size of job updated: 394868
	365  -  MemoryUsage of job (MB)
	373728  -  ResidentSetSize of job (KB)
...
006 (3447418.004.000) 01/30 15:55:34 Image size of job updated: 394868
	365  -  MemoryUsage of job (MB)
	373752  -  ResidentSetSize of job (KB)
...
006 (3447418.004.000) 01/30 16:00:35 Image size of job updated: 394868
	366  -  MemoryUsage of job (MB)
	373776  -  ResidentSetSize of job (KB)
...
006 (3447418.004.000) 01/30 16:05:36 Image size of job updated: 394868
	366  -  MemoryUsage of job (MB)
	373812  -  ResidentSetSize of job (KB)
...
006 (3447418.004.000) 01/30 16:10:36 Image size of job updated: 394868
	366  -  MemoryUsage of job (MB)
	373824  -  ResidentSetSize of job (KB)
...
006 (3447418.004.000) 01/30 16:15:36 Image size of job updated: 394868
	366  -  MemoryUsage of job (MB)
	373876  -  ResidentSetSize of job (KB)
...
006 (3447418.004.000) 01/30 16:20:37 Image size of job updated: 394868
	366  -  MemoryUsage of job (MB)
	373892  -  ResidentSetSize of job (KB)
...
006 (3447418.004.000) 01/30 16:25:38 Image size of job updated: 394868
	366  -  MemoryUsage of job (MB)
	373904  -  ResidentSetSize of job (KB)
...
006 (3447418.004.000) 01/30 16:30:38 Image size of job updated: 394868
	366  -  MemoryUsage of job (MB)
	373936  -  ResidentSetSize of job (KB)
...
006 (3447418.004.000) 01/30 16:35:39 Image size of job updated: 394868
	366  -  MemoryUsage of job (MB)
	374004  -  ResidentSetSize of job (KB)
...
006 (3447418.004.000) 01/30 16:40:40 Image size of job updated: 394868
	366  -  MemoryUsage of job (MB)
	374008  -  ResidentSetSize of job (KB)
...
006 (3447418.004.000) 01/30 16:45:40 Image size of job updated: 394868
	366  -  MemoryUsage of job (MB)
	374056  -  ResidentSetSize of job (KB)
...
006 (3447418.004.000) 01/30 16:50:40 Image size of job updated: 394868
	366  -  MemoryUsage of job (MB)
	374088  -  ResidentSetSize of job (KB)
...
006 (3447418.004.000) 01/30 16:55:41 Image size of job updated: 394868
	366  -  MemoryUsage of job (MB)
	374108  -  ResidentSetSize of job (KB)
...
006 (3447418.004.000) 01/30 17:00:42 Image size of job updated: 394868
	366  -  MemoryUsage of job (MB)
	374144  -  ResidentSetSize of job (KB)
...
006 (3447418.004.000) 01/30 17:10:42 Image size of job updated: 394868
	366  -  MemoryUsage of job (MB)
	374224  -  ResidentSetSize of job (KB)
...
006 (3447418.004.000) 01/30 17:15:43 Image size of job updated: 394868
	366  -  MemoryUsage of job (MB)
	374248  -  ResidentSetSize of job (KB)
...
006 (3447418.004.000) 01/30 17:20:44 Image size of job updated: 394868
	366  -  MemoryUsage of job (MB)
	374292  -  ResidentSetSize of job (KB)
...
006 (3447418.004.000) 01/30 17:25:44 Image size of job updated: 394868
	366  -  MemoryUsage of job (MB)
	374336  -  ResidentSetSize of job (KB)
...
006 (3447418.004.000) 01/30 17:35:45 Image size of job updated: 394868
	366  -  MemoryUsage of job (MB)
	374388  -  ResidentSetSize of job (KB)
...
006 (3447418.004.000) 01/30 17:40:46 Image size of job updated: 394868
	366  -  MemoryUsage of job (MB)
	374420  -  ResidentSetSize of job (KB)
...
006 (3447418.004.000) 01/30 17:45:46 Image size of job updated: 394868
	366  -  MemoryUsage of job (MB)
	374460  -  ResidentSetSize of job (KB)
...
006 (3447418.004.000) 01/30 17:50:46 Image size of job updated: 394868
	366  -  MemoryUsage of job (MB)
	374516  -  ResidentSetSize of job (KB)
...
006 (3447418.004.000) 01/30 17:55:47 Image size of job updated: 394868
	366  -  MemoryUsage of job (MB)
	374560  -  ResidentSetSize of job (KB)
...
006 (3447418.004.000) 01/30 18:00:47 Image size of job updated: 394868
	366  -  MemoryUsage of job (MB)
	374608  -  ResidentSetSize of job (KB)
...
006 (3447418.004.000) 01/30 18:05:47 Image size of job updated: 394868
	366  -  MemoryUsage of job (MB)
	374620  -  ResidentSetSize of job (KB)
...
006 (3447418.004.000) 01/30 18:10:48 Image size of job updated: 394868
	366  -  MemoryUsage of job (MB)
	374652  -  ResidentSetSize of job (KB)
...
006 (3447418.004.000) 01/30 18:15:49 Image size of job updated: 394868
	366  -  MemoryUsage of job (MB)
	374712  -  ResidentSetSize of job (KB)
...
006 (3447418.004.000) 01/30 18:20:49 Image size of job updated: 394868
	366  -  MemoryUsage of job (MB)
	374756  -  ResidentSetSize of job (KB)
...
006 (3447418.004.000) 01/30 18:25:49 Image size of job updated: 394868
	366  -  MemoryUsage of job (MB)
	374760  -  ResidentSetSize of job (KB)
...
006 (3447418.004.000) 01/30 18:30:50 Image size of job updated: 394868
	367  -  MemoryUsage of job (MB)
	374848  -  ResidentSetSize of job (KB)
...
006 (3447418.004.000) 01/30 18:35:50 Image size of job updated: 394868
	367  -  MemoryUsage of job (MB)
	374876  -  ResidentSetSize of job (KB)
...
006 (3447418.004.000) 01/30 18:40:50 Image size of job updated: 394868
	367  -  MemoryUsage of job (MB)
	374920  -  ResidentSetSize of job (KB)
...
006 (3447418.004.000) 01/30 18:45:51 Image size of job updated: 394868
	367  -  MemoryUsage of job (MB)
	374932  -  ResidentSetSize of job (KB)
...
006 (3447418.004.000) 01/30 18:50:52 Image size of job updated: 394868
	367  -  MemoryUsage of job (MB)
	374968  -  ResidentSetSize of job (KB)
...
006 (3447418.004.000) 01/30 18:55:52 Image size of job updated: 394868
	367  -  MemoryUsage of job (MB)
	375000  -  ResidentSetSize of job (KB)
...
006 (3447418.004.000) 01/30 19:00:52 Image size of job updated: 394868
	367  -  MemoryUsage of job (MB)
	375052  -  ResidentSetSize of job (KB)
...
006 (3447418.004.000) 01/30 19:05:54 Image size of job updated: 394868
	367  -  MemoryUsage of job (MB)
	375092  -  ResidentSetSize of job (KB)
...
006 (3447418.004.000) 01/30 19:15:54 Image size of job updated: 394868
	367  -  MemoryUsage of job (MB)
	375168  -  ResidentSetSize of job (KB)
...
006 (3447418.004.000) 01/30 19:20:55 Image size of job updated: 394868
	367  -  MemoryUsage of job (MB)
	375208  -  ResidentSetSize of job (KB)
...
006 (3447418.004.000) 01/30 19:25:56 Image size of job updated: 394868
	367  -  MemoryUsage of job (MB)
	375228  -  ResidentSetSize of job (KB)
...
006 (3447418.004.000) 01/30 19:30:56 Image size of job updated: 394868
	367  -  MemoryUsage of job (MB)
	375268  -  ResidentSetSize of job (KB)
...
006 (3447418.004.000) 01/30 19:35:57 Image size of job updated: 394868
	367  -  MemoryUsage of job (MB)
	375272  -  ResidentSetSize of job (KB)
...
006 (3447418.004.000) 01/30 19:40:58 Image size of job updated: 394868
	367  -  MemoryUsage of job (MB)
	375360  -  ResidentSetSize of job (KB)
...
006 (3447418.004.000) 01/30 19:50:58 Image size of job updated: 394868
	367  -  MemoryUsage of job (MB)
	375392  -  ResidentSetSize of job (KB)
...
006 (3447418.004.000) 01/30 19:56:00 Image size of job updated: 394868
	367  -  MemoryUsage of job (MB)
	375412  -  ResidentSetSize of job (KB)
...
006 (3447418.004.000) 01/30 20:01:00 Image size of job updated: 394868
	367  -  MemoryUsage of job (MB)
	375456  -  ResidentSetSize of job (KB)
...
006 (3447418.004.000) 01/30 20:06:00 Image size of job updated: 394868
	367  -  MemoryUsage of job (MB)
	375476  -  ResidentSetSize of job (KB)
...
006 (3447418.004.000) 01/30 20:11:01 Image size of job updated: 394868
	367  -  MemoryUsage of job (MB)
	375536  -  ResidentSetSize of job (KB)
...
006 (3447418.004.000) 01/30 20:16:02 Image size of job updated: 394868
	367  -  MemoryUsage of job (MB)
	375560  -  ResidentSetSize of job (KB)
...
006 (3447418.004.000) 01/30 20:21:02 Image size of job updated: 394868
	367  -  MemoryUsage of job (MB)
	375604  -  ResidentSetSize of job (KB)
...
006 (3447418.004.000) 01/30 20:26:02 Image size of job updated: 394868
	367  -  MemoryUsage of job (MB)
	375616  -  ResidentSetSize of job (KB)
...
006 (3447418.004.000) 01/30 20:31:03 Image size of job updated: 394868
	367  -  MemoryUsage of job (MB)
	375640  -  ResidentSetSize of job (KB)
...
006 (3447418.004.000) 01/30 20:36:04 Image size of job updated: 394868
	367  -  MemoryUsage of job (MB)
	375644  -  ResidentSetSize of job (KB)
...
006 (3447418.004.000) 01/30 20:41:04 Image size of job updated: 394868
	367  -  MemoryUsage of job (MB)
	375720  -  ResidentSetSize of job (KB)
...
006 (3447418.004.000) 01/30 20:46:04 Image size of job updated: 394868
	367  -  MemoryUsage of job (MB)
	375756  -  ResidentSetSize of job (KB)
...
006 (3447418.004.000) 01/30 20:51:06 Image size of job updated: 394868
	367  -  MemoryUsage of job (MB)
	375780  -  ResidentSetSize of job (KB)
...
006 (3447418.004.000) 01/30 20:56:06 Image size of job updated: 394868
	367  -  MemoryUsage of job (MB)
	375796  -  ResidentSetSize of job (KB)
...
006 (3447418.004.000) 01/30 21:01:06 Image size of job updated: 394868
	368  -  MemoryUsage of job (MB)
	375836  -  ResidentSetSize of job (KB)
...
006 (3447418.004.000) 01/30 21:11:08 Image size of job updated: 394868
	368  -  MemoryUsage of job (MB)
	375884  -  ResidentSetSize of job (KB)
...
006 (3447418.004.000) 01/30 21:16:08 Image size of job updated: 394868
	368  -  MemoryUsage of job (MB)
	375932  -  ResidentSetSize of job (KB)
...
006 (3447418.004.000) 01/30 21:21:08 Image size of job updated: 394868
	368  -  MemoryUsage of job (MB)
	375964  -  ResidentSetSize of job (KB)
...
006 (3447418.004.000) 01/30 21:26:09 Image size of job updated: 394868
	368  -  MemoryUsage of job (MB)
	375988  -  ResidentSetSize of job (KB)
...
006 (3447418.004.000) 01/30 21:31:10 Image size of job updated: 394868
	368  -  MemoryUsage of job (MB)
	376028  -  ResidentSetSize of job (KB)
...
006 (3447418.004.000) 01/30 21:36:10 Image size of job updated: 394868
	368  -  MemoryUsage of job (MB)
	376068  -  ResidentSetSize of job (KB)
...
006 (3447418.004.000) 01/30 21:41:10 Image size of job updated: 394868
	368  -  MemoryUsage of job (MB)
	376084  -  ResidentSetSize of job (KB)
...
006 (3447418.004.000) 01/30 21:46:11 Image size of job updated: 394868
	368  -  MemoryUsage of job (MB)
	376144  -  ResidentSetSize of job (KB)
...
006 (3447418.004.000) 01/30 21:51:12 Image size of job updated: 394868
	368  -  MemoryUsage of job (MB)
	376172  -  ResidentSetSize of job (KB)
...
006 (3447418.004.000) 01/30 21:56:12 Image size of job updated: 394868
	368  -  MemoryUsage of job (MB)
	376180  -  ResidentSetSize of job (KB)
...
006 (3447418.004.000) 01/30 22:01:12 Image size of job updated: 394868
	368  -  MemoryUsage of job (MB)
	376232  -  ResidentSetSize of job (KB)
...
006 (3447418.004.000) 01/30 22:06:13 Image size of job updated: 394868
	368  -  MemoryUsage of job (MB)
	376304  -  ResidentSetSize of job (KB)
...
006 (3447418.004.000) 01/30 22:11:14 Image size of job updated: 394868
	368  -  MemoryUsage of job (MB)
	376336  -  ResidentSetSize of job (KB)
...
006 (3447418.004.000) 01/30 22:16:14 Image size of job updated: 394868
	368  -  MemoryUsage of job (MB)
	376376  -  ResidentSetSize of job (KB)
...
006 (3447418.004.000) 01/30 22:21:14 Image size of job updated: 394868
	368  -  MemoryUsage of job (MB)
	376428  -  ResidentSetSize of job (KB)
...
006 (3447418.004.000) 01/30 22:26:15 Image size of job updated: 394868
	368  -  MemoryUsage of job (MB)
	376484  -  ResidentSetSize of job (KB)
...
006 (3447418.004.000) 01/30 22:31:16 Image size of job updated: 394868
	368  -  MemoryUsage of job (MB)
	376496  -  ResidentSetSize of job (KB)
...
006 (3447418.004.000) 01/30 22:36:16 Image size of job updated: 394868
	368  -  MemoryUsage of job (MB)
	376548  -  ResidentSetSize of job (KB)
...
006 (3447418.004.000) 01/30 22:41:16 Image size of job updated: 394868
	368  -  MemoryUsage of job (MB)
	376624  -  ResidentSetSize of job (KB)
...
006 (3447418.004.000) 01/30 22:46:17 Image size of job updated: 394868
	368  -  MemoryUsage of job (MB)
	376688  -  ResidentSetSize of job (KB)
...
006 (3447418.004.000) 01/30 22:51:19 Image size of job updated: 394868
	368  -  MemoryUsage of job (MB)
	376692  -  ResidentSetSize of job (KB)
...
006 (3447418.004.000) 01/30 22:56:19 Image size of job updated: 394868
	368  -  MemoryUsage of job (MB)
	376772  -  ResidentSetSize of job (KB)
...
006 (3447418.004.000) 01/30 23:01:19 Image size of job updated: 394868
	368  -  MemoryUsage of job (MB)
	376800  -  ResidentSetSize of job (KB)
...
006 (3447418.004.000) 01/30 23:06:20 Image size of job updated: 394868
	369  -  MemoryUsage of job (MB)
	376852  -  ResidentSetSize of job (KB)
...
006 (3447418.004.000) 01/30 23:11:21 Image size of job updated: 394868
	369  -  MemoryUsage of job (MB)
	376896  -  ResidentSetSize of job (KB)
...
006 (3447418.004.000) 01/30 23:16:21 Image size of job updated: 394868
	369  -  MemoryUsage of job (MB)
	376932  -  ResidentSetSize of job (KB)
...
006 (3447418.004.000) 01/30 23:21:21 Image size of job updated: 394868
	369  -  MemoryUsage of job (MB)
	376960  -  ResidentSetSize of job (KB)
...
006 (3447418.004.000) 01/30 23:26:21 Image size of job updated: 394868
	369  -  MemoryUsage of job (MB)
	376988  -  ResidentSetSize of job (KB)
...
006 (3447418.004.000) 01/30 23:31:21 Image size of job updated: 394868
	369  -  MemoryUsage of job (MB)
	377036  -  ResidentSetSize of job (KB)
...
006 (3447418.004.000) 01/30 23:36:21 Image size of job updated: 394868
	369  -  MemoryUsage of job (MB)
	377076  -  ResidentSetSize of job (KB)
...
006 (3447418.004.000) 01/30 23:41:22 Image size of job updated: 394868
	369  -  MemoryUsage of job (MB)
	377112  -  ResidentSetSize of job (KB)
...
006 (3447418.004.000) 01/30 23:46:23 Image size of job updated: 394868
	369  -  MemoryUsage of job (MB)
	377176  -  ResidentSetSize of job (KB)
...
006 (3447418.004.000) 01/30 23:51:23 Image size of job updated: 394868
	369  -  MemoryUsage of job (MB)
	377220  -  ResidentSetSize of job (KB)
...
006 (3447418.004.000) 01/30 23:56:23 Image size of job updated: 394868
	369  -  MemoryUsage of job (MB)
	377252  -  ResidentSetSize of job (KB)
...
006 (3447418.004.000) 01/31 00:01:24 Image size of job updated: 394868
	369  -  MemoryUsage of job (MB)
	377296  -  ResidentSetSize of job (KB)
...
006 (3447418.004.000) 01/31 00:06:25 Image size of job updated: 394868
	369  -  MemoryUsage of job (MB)
	377324  -  ResidentSetSize of job (KB)
...
006 (3447418.004.000) 01/31 00:11:26 Image size of job updated: 394868
	369  -  MemoryUsage of job (MB)
	377368  -  ResidentSetSize of job (KB)
...
006 (3447418.004.000) 01/31 00:16:26 Image size of job updated: 394868
	369  -  MemoryUsage of job (MB)
	377408  -  ResidentSetSize of job (KB)
...
006 (3447418.004.000) 01/31 00:21:26 Image size of job updated: 394868
	369  -  MemoryUsage of job (MB)
	377632  -  ResidentSetSize of job (KB)
...
006 (3447418.004.000) 01/31 00:26:27 Image size of job updated: 394868
	369  -  MemoryUsage of job (MB)
	377644  -  ResidentSetSize of job (KB)
...
006 (3447418.004.000) 01/31 00:46:29 Image size of job updated: 394868
	369  -  MemoryUsage of job (MB)
	377708  -  ResidentSetSize of job (KB)
...
006 (3447418.004.000) 01/31 00:51:30 Image size of job updated: 394868
	369  -  MemoryUsage of job (MB)
	377764  -  ResidentSetSize of job (KB)
...
006 (3447418.004.000) 01/31 00:56:31 Image size of job updated: 394868
	369  -  MemoryUsage of job (MB)
	377804  -  ResidentSetSize of job (KB)
...
006 (3447418.004.000) 01/31 01:01:31 Image size of job updated: 394868
	369  -  MemoryUsage of job (MB)
	377820  -  ResidentSetSize of job (KB)
...
006 (3447418.004.000) 01/31 01:06:31 Image size of job updated: 394868
	370  -  MemoryUsage of job (MB)
	377920  -  ResidentSetSize of job (KB)
...
006 (3447418.004.000) 01/31 01:11:32 Image size of job updated: 394868
	370  -  MemoryUsage of job (MB)
	377924  -  ResidentSetSize of job (KB)
...
006 (3447418.004.000) 01/31 01:16:33 Image size of job updated: 394868
	370  -  MemoryUsage of job (MB)
	377932  -  ResidentSetSize of job (KB)
...
006 (3447418.004.000) 01/31 01:21:33 Image size of job updated: 394868
	370  -  MemoryUsage of job (MB)
	377964  -  ResidentSetSize of job (KB)
...
006 (3447418.004.000) 01/31 01:26:33 Image size of job updated: 394868
	370  -  MemoryUsage of job (MB)
	377968  -  ResidentSetSize of job (KB)
...
006 (3447418.004.000) 01/31 01:31:34 Image size of job updated: 394868
	370  -  MemoryUsage of job (MB)
	377980  -  ResidentSetSize of job (KB)
...
006 (3447418.004.000) 01/31 01:36:35 Image size of job updated: 394868
	370  -  MemoryUsage of job (MB)
	378012  -  ResidentSetSize of job (KB)
...
006 (3447418.004.000) 01/31 01:41:35 Image size of job updated: 394868
	370  -  MemoryUsage of job (MB)
	378024  -  ResidentSetSize of job (KB)
...
006 (3447418.004.000) 01/31 01:46:35 Image size of job updated: 394868
	370  -  MemoryUsage of job (MB)
	378052  -  ResidentSetSize of job (KB)
...
006 (3447418.004.000) 01/31 01:56:37 Image size of job updated: 394868
	370  -  MemoryUsage of job (MB)
	378096  -  ResidentSetSize of job (KB)
...
006 (3447418.004.000) 01/31 02:01:37 Image size of job updated: 394868
	370  -  MemoryUsage of job (MB)
	378124  -  ResidentSetSize of job (KB)
...
006 (3447418.004.000) 01/31 02:06:37 Image size of job updated: 394868
	370  -  MemoryUsage of job (MB)
	378132  -  ResidentSetSize of job (KB)
...
006 (3447418.004.000) 01/31 02:11:38 Image size of job updated: 394868
	370  -  MemoryUsage of job (MB)
	378176  -  ResidentSetSize of job (KB)
...
006 (3447418.004.000) 01/31 02:21:39 Image size of job updated: 394868
	370  -  MemoryUsage of job (MB)
	378208  -  ResidentSetSize of job (KB)
...
006 (3447418.004.000) 01/31 02:26:39 Image size of job updated: 394868
	370  -  MemoryUsage of job (MB)
	378220  -  ResidentSetSize of job (KB)
...
006 (3447418.004.000) 01/31 02:31:40 Image size of job updated: 394868
	370  -  MemoryUsage of job (MB)
	378272  -  ResidentSetSize of job (KB)
...
006 (3447418.004.000) 01/31 02:46:42 Image size of job updated: 394868
	370  -  MemoryUsage of job (MB)
	378284  -  ResidentSetSize of job (KB)
...
006 (3447418.004.000) 01/31 02:56:44 Image size of job updated: 394868
	370  -  MemoryUsage of job (MB)
	378296  -  ResidentSetSize of job (KB)
...
006 (3447418.004.000) 01/31 03:01:44 Image size of job updated: 394868
	370  -  MemoryUsage of job (MB)
	378312  -  ResidentSetSize of job (KB)
...
006 (3447418.004.000) 01/31 03:06:44 Image size of job updated: 394868
	370  -  MemoryUsage of job (MB)
	378348  -  ResidentSetSize of job (KB)
...
006 (3447418.004.000) 01/31 03:11:45 Image size of job updated: 394868
	370  -  MemoryUsage of job (MB)
	378352  -  ResidentSetSize of job (KB)
...
006 (3447418.004.000) 01/31 07:57:11 Image size of job updated: 394868
	370  -  MemoryUsage of job (MB)
	378360  -  ResidentSetSize of job (KB)
...
006 (3447418.004.000) 01/31 08:02:12 Image size of job updated: 394868
	370  -  MemoryUsage of job (MB)
	378364  -  ResidentSetSize of job (KB)
...
006 (3447418.004.000) 01/31 08:27:14 Image size of job updated: 394868
	370  -  MemoryUsage of job (MB)
	378376  -  ResidentSetSize of job (KB)
...
006 (3447418.004.000) 01/31 08:32:15 Image size of job updated: 394868
	370  -  MemoryUsage of job (MB)
	378396  -  ResidentSetSize of job (KB)
...
006 (3447418.004.000) 01/31 08:42:15 Image size of job updated: 394868
	370  -  MemoryUsage of job (MB)
	378476  -  ResidentSetSize of job (KB)
...
006 (3447418.004.000) 01/31 08:52:17 Image size of job updated: 394868
	370  -  MemoryUsage of job (MB)
	378496  -  ResidentSetSize of job (KB)
...
006 (3447418.004.000) 01/31 09:02:17 Image size of job updated: 394868
	370  -  MemoryUsage of job (MB)
	378508  -  ResidentSetSize of job (KB)
...
006 (3447418.004.000) 01/31 09:12:19 Image size of job updated: 394868
	370  -  MemoryUsage of job (MB)
	378512  -  ResidentSetSize of job (KB)
...
006 (3447418.004.000) 01/31 09:17:19 Image size of job updated: 394868
	370  -  MemoryUsage of job (MB)
	378528  -  ResidentSetSize of job (KB)
...
006 (3447418.004.000) 01/31 09:22:19 Image size of job updated: 394868
	370  -  MemoryUsage of job (MB)
	378612  -  ResidentSetSize of job (KB)
...
006 (3447418.004.000) 01/31 09:27:20 Image size of job updated: 394868
	370  -  MemoryUsage of job (MB)
	378632  -  ResidentSetSize of job (KB)
...
006 (3447418.004.000) 01/31 09:37:21 Image size of job updated: 394868
	370  -  MemoryUsage of job (MB)
	378636  -  ResidentSetSize of job (KB)
...
006 (3447418.004.000) 01/31 09:47:22 Image size of job updated: 394868
	370  -  MemoryUsage of job (MB)
	378668  -  ResidentSetSize of job (KB)
...
006 (3447418.004.000) 01/31 10:02:24 Image size of job updated: 394868
	370  -  MemoryUsage of job (MB)
	378692  -  ResidentSetSize of job (KB)
...
006 (3447418.004.000) 01/31 10:07:25 Image size of job updated: 394868
	370  -  MemoryUsage of job (MB)
	378712  -  ResidentSetSize of job (KB)
...
006 (3447418.004.000) 01/31 10:12:25 Image size of job updated: 394868
	370  -  MemoryUsage of job (MB)
	378724  -  ResidentSetSize of job (KB)
...
006 (3447418.004.000) 01/31 10:37:27 Image size of job updated: 394868
	370  -  MemoryUsage of job (MB)
	378736  -  ResidentSetSize of job (KB)
...
006 (3447418.004.000) 01/31 10:47:29 Image size of job updated: 394868
	370  -  MemoryUsage of job (MB)
	378740  -  ResidentSetSize of job (KB)
...
006 (3447418.004.000) 01/31 10:52:29 Image size of job updated: 394868
	370  -  MemoryUsage of job (MB)
	378748  -  ResidentSetSize of job (KB)
...
006 (3447418.004.000) 01/31 11:02:31 Image size of job updated: 394868
	370  -  MemoryUsage of job (MB)
	378780  -  ResidentSetSize of job (KB)
...
006 (3447418.004.000) 01/31 12:12:36 Image size of job updated: 394868
	370  -  MemoryUsage of job (MB)
	378788  -  ResidentSetSize of job (KB)
...
006 (3447418.004.000) 01/31 12:17:36 Image size of job updated: 394868
	370  -  MemoryUsage of job (MB)
	378796  -  ResidentSetSize of job (KB)
...
006 (3447418.004.000) 01/31 12:22:37 Image size of job updated: 394868
	370  -  MemoryUsage of job (MB)
	378836  -  ResidentSetSize of job (KB)
...
006 (3447418.004.000) 01/31 12:27:38 Image size of job updated: 394868
	370  -  MemoryUsage of job (MB)
	378852  -  ResidentSetSize of job (KB)
...
006 (3447418.004.000) 01/31 12:37:39 Image size of job updated: 394868
	370  -  MemoryUsage of job (MB)
	378860  -  ResidentSetSize of job (KB)
...
006 (3447418.004.000) 01/31 12:42:40 Image size of job updated: 394868
	370  -  MemoryUsage of job (MB)
	378864  -  ResidentSetSize of job (KB)
...
006 (3447418.004.000) 01/31 12:52:40 Image size of job updated: 394868
	370  -  MemoryUsage of job (MB)
	378868  -  ResidentSetSize of job (KB)
...
006 (3447418.004.000) 01/31 12:57:41 Image size of job updated: 394868
	371  -  MemoryUsage of job (MB)
	378900  -  ResidentSetSize of job (KB)
...
006 (3447418.004.000) 01/31 13:02:41 Image size of job updated: 394868
	371  -  MemoryUsage of job (MB)
	378908  -  ResidentSetSize of job (KB)
...
006 (3447418.004.000) 01/31 13:52:47 Image size of job updated: 394868
	371  -  MemoryUsage of job (MB)
	378932  -  ResidentSetSize of job (KB)
...
006 (3447418.004.000) 01/31 13:57:48 Image size of job updated: 394868
	371  -  MemoryUsage of job (MB)
	378944  -  ResidentSetSize of job (KB)
...
006 (3447418.004.000) 01/31 14:07:49 Image size of job updated: 394868
	371  -  MemoryUsage of job (MB)
	378960  -  ResidentSetSize of job (KB)
...
006 (3447418.004.000) 01/31 14:17:50 Image size of job updated: 394868
	371  -  MemoryUsage of job (MB)
	378968  -  ResidentSetSize of job (KB)
...
006 (3447418.004.000) 01/31 14:32:51 Image size of job updated: 394868
	371  -  MemoryUsage of job (MB)
	378992  -  ResidentSetSize of job (KB)
...
006 (3447418.004.000) 01/31 14:37:51 Image size of job updated: 394868
	371  -  MemoryUsage of job (MB)
	379012  -  ResidentSetSize of job (KB)
...
006 (3447418.004.000) 01/31 14:42:51 Image size of job updated: 394868
	371  -  MemoryUsage of job (MB)
	379028  -  ResidentSetSize of job (KB)
...
006 (3447418.004.000) 01/31 14:47:52 Image size of job updated: 394868
	371  -  MemoryUsage of job (MB)
	379036  -  ResidentSetSize of job (KB)
...
006 (3447418.004.000) 01/31 14:57:52 Image size of job updated: 394868
	371  -  MemoryUsage of job (MB)
	379104  -  ResidentSetSize of job (KB)
...
006 (3447418.004.000) 01/31 15:07:53 Image size of job updated: 394868
	371  -  MemoryUsage of job (MB)
	379108  -  ResidentSetSize of job (KB)
...
006 (3447418.004.000) 01/31 15:17:54 Image size of job updated: 394868
	371  -  MemoryUsage of job (MB)
	379156  -  ResidentSetSize of job (KB)
...
006 (3447418.004.000) 01/31 15:22:55 Image size of job updated: 394868
	371  -  MemoryUsage of job (MB)
	379164  -  ResidentSetSize of job (KB)
...
006 (3447418.004.000) 01/31 15:27:55 Image size of job updated: 394868
	371  -  MemoryUsage of job (MB)
	379216  -  ResidentSetSize of job (KB)
...
006 (3447418.004.000) 01/31 15:32:56 Image size of job updated: 394868
	371  -  MemoryUsage of job (MB)
	379276  -  ResidentSetSize of job (KB)
...
006 (3447418.004.000) 01/31 15:37:57 Image size of job updated: 394868
	371  -  MemoryUsage of job (MB)
	379280  -  ResidentSetSize of job (KB)
...
006 (3447418.004.000) 01/31 15:47:57 Image size of job updated: 394868
	371  -  MemoryUsage of job (MB)
	379292  -  ResidentSetSize of job (KB)
...
006 (3447418.004.000) 01/31 16:17:59 Image size of job updated: 394868
	371  -  MemoryUsage of job (MB)
	379296  -  ResidentSetSize of job (KB)
...
006 (3447418.004.000) 01/31 16:23:00 Image size of job updated: 394868
	371  -  MemoryUsage of job (MB)
	379304  -  ResidentSetSize of job (KB)
...
006 (3447418.004.000) 01/31 16:28:00 Image size of job updated: 394868
	371  -  MemoryUsage of job (MB)
	379328  -  ResidentSetSize of job (KB)
...
006 (3447418.004.000) 01/31 16:33:00 Image size of job updated: 394868
	371  -  MemoryUsage of job (MB)
	379332  -  ResidentSetSize of job (KB)
...
006 (3447418.004.000) 01/31 16:38:02 Image size of job updated: 394868
	371  -  MemoryUsage of job (MB)
	379364  -  ResidentSetSize of job (KB)
...
006 (3447418.004.000) 01/31 16:43:02 Image size of job updated: 394868
	371  -  MemoryUsage of job (MB)
	379392  -  ResidentSetSize of job (KB)
...
006 (3447418.004.000) 01/31 16:48:02 Image size of job updated: 394868
	371  -  MemoryUsage of job (MB)
	379412  -  ResidentSetSize of job (KB)
...
006 (3447418.004.000) 01/31 16:53:04 Image size of job updated: 394868
	371  -  MemoryUsage of job (MB)
	379440  -  ResidentSetSize of job (KB)
...
006 (3447418.004.000) 01/31 16:58:04 Image size of job updated: 394868
	371  -  MemoryUsage of job (MB)
	379484  -  ResidentSetSize of job (KB)
...
006 (3447418.004.000) 01/31 17:03:04 Image size of job updated: 394868
	371  -  MemoryUsage of job (MB)
	379492  -  ResidentSetSize of job (KB)
...
006 (3447418.004.000) 01/31 17:14:35 Image size of job updated: 394868
	371  -  MemoryUsage of job (MB)
	379504  -  ResidentSetSize of job (KB)
...
006 (3447418.004.000) 01/31 17:19:05 Image size of job updated: 394868
	371  -  MemoryUsage of job (MB)
	379516  -  ResidentSetSize of job (KB)
...
006 (3447418.004.000) 01/31 17:24:05 Image size of job updated: 394868
	371  -  MemoryUsage of job (MB)
	379524  -  ResidentSetSize of job (KB)
...
006 (3447418.004.000) 01/31 17:29:06 Image size of job updated: 394868
	371  -  MemoryUsage of job (MB)
	379528  -  ResidentSetSize of job (KB)
...
006 (3447418.004.000) 01/31 17:35:03 Image size of job updated: 394868
	371  -  MemoryUsage of job (MB)
	379548  -  ResidentSetSize of job (KB)
...
006 (3447418.004.000) 01/31 17:39:07 Image size of job updated: 394868
	371  -  MemoryUsage of job (MB)
	379552  -  ResidentSetSize of job (KB)
...
006 (3447418.004.000) 01/31 17:44:08 Image size of job updated: 394868
	371  -  MemoryUsage of job (MB)
	379580  -  ResidentSetSize of job (KB)
...
006 (3447418.004.000) 01/31 17:49:09 Image size of job updated: 394868
	371  -  MemoryUsage of job (MB)
	379604  -  ResidentSetSize of job (KB)
...
006 (3447418.004.000) 01/31 17:59:09 Image size of job updated: 394868
	371  -  MemoryUsage of job (MB)
	379624  -  ResidentSetSize of job (KB)
...
006 (3447418.004.000) 01/31 18:04:10 Image size of job updated: 394868
	371  -  MemoryUsage of job (MB)
	379632  -  ResidentSetSize of job (KB)
...
006 (3447418.004.000) 01/31 18:09:10 Image size of job updated: 394868
	371  -  MemoryUsage of job (MB)
	379668  -  ResidentSetSize of job (KB)
...
006 (3447418.004.000) 01/31 18:19:11 Image size of job updated: 394868
	371  -  MemoryUsage of job (MB)
	379692  -  ResidentSetSize of job (KB)
...
006 (3447418.004.000) 01/31 18:24:11 Image size of job updated: 394868
	371  -  MemoryUsage of job (MB)
	379696  -  ResidentSetSize of job (KB)
...
006 (3447418.004.000) 01/31 18:29:11 Image size of job updated: 394868
	371  -  MemoryUsage of job (MB)
	379700  -  ResidentSetSize of job (KB)
...
006 (3447418.004.000) 01/31 18:34:12 Image size of job updated: 394868
	371  -  MemoryUsage of job (MB)
	379708  -  ResidentSetSize of job (KB)
...
006 (3447418.004.000) 01/31 18:39:12 Image size of job updated: 394868
	371  -  MemoryUsage of job (MB)
	379732  -  ResidentSetSize of job (KB)
...
006 (3447418.004.000) 01/31 18:44:12 Image size of job updated: 394868
	371  -  MemoryUsage of job (MB)
	379744  -  ResidentSetSize of job (KB)
...
006 (3447418.004.000) 01/31 18:54:13 Image size of job updated: 394868
	371  -  MemoryUsage of job (MB)
	379760  -  ResidentSetSize of job (KB)
...
006 (3447418.004.000) 01/31 18:59:13 Image size of job updated: 394868
	371  -  MemoryUsage of job (MB)
	379784  -  ResidentSetSize of job (KB)
...
006 (3447418.004.000) 01/31 19:04:14 Image size of job updated: 394868
	371  -  MemoryUsage of job (MB)
	379808  -  ResidentSetSize of job (KB)
...
006 (3447418.004.000) 01/31 19:09:14 Image size of job updated: 394868
	371  -  MemoryUsage of job (MB)
	379816  -  ResidentSetSize of job (KB)
...
006 (3447418.004.000) 01/31 19:14:15 Image size of job updated: 394868
	371  -  MemoryUsage of job (MB)
	379836  -  ResidentSetSize of job (KB)
...
006 (3447418.004.000) 01/31 19:24:16 Image size of job updated: 394868
	371  -  MemoryUsage of job (MB)
	379840  -  ResidentSetSize of job (KB)
...
006 (3447418.004.000) 01/31 19:29:16 Image size of job updated: 394868
	371  -  MemoryUsage of job (MB)
	379852  -  ResidentSetSize of job (KB)
...
006 (3447418.004.000) 01/31 19:34:17 Image size of job updated: 394868
	371  -  MemoryUsage of job (MB)
	379872  -  ResidentSetSize of job (KB)
...
006 (3447418.004.000) 01/31 19:39:17 Image size of job updated: 394868
	371  -  MemoryUsage of job (MB)
	379904  -  ResidentSetSize of job (KB)
...
006 (3447418.004.000) 01/31 19:44:17 Image size of job updated: 394868
	372  -  MemoryUsage of job (MB)
	379924  -  ResidentSetSize of job (KB)
...
006 (3447418.004.000) 01/31 19:49:18 Image size of job updated: 394868
	372  -  MemoryUsage of job (MB)
	379944  -  ResidentSetSize of job (KB)
...
006 (3447418.004.000) 01/31 19:54:19 Image size of job updated: 394868
	372  -  MemoryUsage of job (MB)
	379948  -  ResidentSetSize of job (KB)
...
006 (3447418.004.000) 01/31 20:11:05 Image size of job updated: 394868
	372  -  MemoryUsage of job (MB)
	379968  -  ResidentSetSize of job (KB)
...
006 (3447418.004.000) 01/31 20:31:18 Image size of job updated: 394868
	372  -  MemoryUsage of job (MB)
	380020  -  ResidentSetSize of job (KB)
...
006 (3447418.004.000) 01/31 20:47:29 Image size of job updated: 394868
	372  -  MemoryUsage of job (MB)
	380096  -  ResidentSetSize of job (KB)
...
006 (3447418.004.000) 01/31 20:57:12 Image size of job updated: 394868
	372  -  MemoryUsage of job (MB)
	380132  -  ResidentSetSize of job (KB)
...
006 (3447418.004.000) 01/31 21:08:02 Image size of job updated: 394868
	372  -  MemoryUsage of job (MB)
	380148  -  ResidentSetSize of job (KB)
...
006 (3447418.004.000) 01/31 21:13:03 Image size of job updated: 394868
	372  -  MemoryUsage of job (MB)
	380172  -  ResidentSetSize of job (KB)
...
006 (3447418.004.000) 01/31 21:28:04 Image size of job updated: 394868
	372  -  MemoryUsage of job (MB)
	380188  -  ResidentSetSize of job (KB)
...
006 (3447418.004.000) 01/31 21:33:05 Image size of job updated: 394868
	372  -  MemoryUsage of job (MB)
	380196  -  ResidentSetSize of job (KB)
...
006 (3447418.004.000) 01/31 21:43:05 Image size of job updated: 394868
	372  -  MemoryUsage of job (MB)
	380232  -  ResidentSetSize of job (KB)
...
006 (3447418.004.000) 01/31 21:53:07 Image size of job updated: 394868
	372  -  MemoryUsage of job (MB)
	380264  -  ResidentSetSize of job (KB)
...
006 (3447418.004.000) 01/31 21:58:07 Image size of job updated: 394868
	372  -  MemoryUsage of job (MB)
	380288  -  ResidentSetSize of job (KB)
...
006 (3447418.004.000) 01/31 22:08:34 Image size of job updated: 394868
	372  -  MemoryUsage of job (MB)
	380304  -  ResidentSetSize of job (KB)
...
006 (3447418.004.000) 01/31 22:13:09 Image size of job updated: 394868
	372  -  MemoryUsage of job (MB)
	380336  -  ResidentSetSize of job (KB)
...
006 (3447418.004.000) 01/31 22:18:10 Image size of job updated: 394868
	372  -  MemoryUsage of job (MB)
	380348  -  ResidentSetSize of job (KB)
...
006 (3447418.004.000) 01/31 22:38:11 Image size of job updated: 394868
	372  -  MemoryUsage of job (MB)
	380360  -  ResidentSetSize of job (KB)
...
006 (3447418.004.000) 01/31 22:43:11 Image size of job updated: 394868
	372  -  MemoryUsage of job (MB)
	380400  -  ResidentSetSize of job (KB)
...
006 (3447418.004.000) 01/31 22:48:12 Image size of job updated: 394868
	372  -  MemoryUsage of job (MB)
	380408  -  ResidentSetSize of job (KB)
...
006 (3447418.004.000) 01/31 22:53:12 Image size of job updated: 394868
	372  -  MemoryUsage of job (MB)
	380424  -  ResidentSetSize of job (KB)
...
006 (3447418.004.000) 01/31 22:58:12 Image size of job updated: 394868
	372  -  MemoryUsage of job (MB)
	380432  -  ResidentSetSize of job (KB)
...
006 (3447418.004.000) 01/31 23:03:13 Image size of job updated: 394868
	372  -  MemoryUsage of job (MB)
	380456  -  ResidentSetSize of job (KB)
...
006 (3447418.004.000) 01/31 23:13:14 Image size of job updated: 394868
	372  -  MemoryUsage of job (MB)
	380472  -  ResidentSetSize of job (KB)
...
006 (3447418.004.000) 01/31 23:18:15 Image size of job updated: 394868
	372  -  MemoryUsage of job (MB)
	380508  -  ResidentSetSize of job (KB)
...
006 (3447418.004.000) 01/31 23:23:16 Image size of job updated: 394868
	372  -  MemoryUsage of job (MB)
	380520  -  ResidentSetSize of job (KB)
...
006 (3447418.004.000) 01/31 23:28:16 Image size of job updated: 394868
	372  -  MemoryUsage of job (MB)
	380528  -  ResidentSetSize of job (KB)
...
006 (3447418.004.000) 01/31 23:33:17 Image size of job updated: 394868
	372  -  MemoryUsage of job (MB)
	380560  -  ResidentSetSize of job (KB)
...
006 (3447418.004.000) 01/31 23:43:18 Image size of job updated: 394868
	372  -  MemoryUsage of job (MB)
	380564  -  ResidentSetSize of job (KB)
...
006 (3447418.004.000) 01/31 23:53:19 Image size of job updated: 394868
	372  -  MemoryUsage of job (MB)
	380604  -  ResidentSetSize of job (KB)
...
006 (3447418.004.000) 02/01 00:03:19 Image size of job updated: 394868
	372  -  MemoryUsage of job (MB)
	380636  -  ResidentSetSize of job (KB)
...
006 (3447418.004.000) 02/01 00:08:20 Image size of job updated: 394868
	372  -  MemoryUsage of job (MB)
	380664  -  ResidentSetSize of job (KB)
...
006 (3447418.004.000) 02/01 00:18:21 Image size of job updated: 394868
	372  -  MemoryUsage of job (MB)
	380672  -  ResidentSetSize of job (KB)
...
006 (3447418.004.000) 02/01 00:23:22 Image size of job updated: 394868
	372  -  MemoryUsage of job (MB)
	380708  -  ResidentSetSize of job (KB)
...
006 (3447418.004.000) 02/01 00:33:23 Image size of job updated: 394868
	372  -  MemoryUsage of job (MB)
	380756  -  ResidentSetSize of job (KB)
...
006 (3447418.004.000) 02/01 00:43:24 Image size of job updated: 394868
	372  -  MemoryUsage of job (MB)
	380784  -  ResidentSetSize of job (KB)
...
006 (3447418.004.000) 02/01 00:48:24 Image size of job updated: 394868
	372  -  MemoryUsage of job (MB)
	380808  -  ResidentSetSize of job (KB)
...
006 (3447418.004.000) 02/01 00:58:25 Image size of job updated: 394868
	372  -  MemoryUsage of job (MB)
	380820  -  ResidentSetSize of job (KB)
...
006 (3447418.004.000) 02/01 01:03:26 Image size of job updated: 394868
	372  -  MemoryUsage of job (MB)
	380832  -  ResidentSetSize of job (KB)
...
006 (3447418.004.000) 02/01 01:08:26 Image size of job updated: 394868
	372  -  MemoryUsage of job (MB)
	380852  -  ResidentSetSize of job (KB)
...
006 (3447418.004.000) 02/01 01:13:27 Image size of job updated: 394868
	372  -  MemoryUsage of job (MB)
	380880  -  ResidentSetSize of job (KB)
...
006 (3447418.004.000) 02/01 01:18:27 Image size of job updated: 394868
	372  -  MemoryUsage of job (MB)
	380900  -  ResidentSetSize of job (KB)
...
006 (3447418.004.000) 02/01 01:23:27 Image size of job updated: 394868
	372  -  MemoryUsage of job (MB)
	380928  -  ResidentSetSize of job (KB)
...
006 (3447418.004.000) 02/01 01:28:28 Image size of job updated: 394868
	373  -  MemoryUsage of job (MB)
	380948  -  ResidentSetSize of job (KB)
...
006 (3447418.004.000) 02/01 01:43:29 Image size of job updated: 394868
	373  -  MemoryUsage of job (MB)
	380960  -  ResidentSetSize of job (KB)
...
006 (3447418.004.000) 02/01 01:48:30 Image size of job updated: 394868
	373  -  MemoryUsage of job (MB)
	380984  -  ResidentSetSize of job (KB)
...
006 (3447418.004.000) 02/01 01:53:30 Image size of job updated: 394868
	373  -  MemoryUsage of job (MB)
	380996  -  ResidentSetSize of job (KB)
...
006 (3447418.004.000) 02/01 01:58:31 Image size of job updated: 394868
	373  -  MemoryUsage of job (MB)
	381004  -  ResidentSetSize of job (KB)
...
006 (3447418.004.000) 02/01 02:03:32 Image size of job updated: 394868
	373  -  MemoryUsage of job (MB)
	381024  -  ResidentSetSize of job (KB)
...
006 (3447418.004.000) 02/01 02:08:46 Image size of job updated: 394868
	373  -  MemoryUsage of job (MB)
	381040  -  ResidentSetSize of job (KB)
...
006 (3447418.004.000) 02/01 02:33:34 Image size of job updated: 394868
	373  -  MemoryUsage of job (MB)
	381072  -  ResidentSetSize of job (KB)
...
006 (3447418.004.000) 02/01 02:38:34 Image size of job updated: 394868
	373  -  MemoryUsage of job (MB)
	381080  -  ResidentSetSize of job (KB)
...
006 (3447418.004.000) 02/01 02:48:35 Image size of job updated: 394868
	373  -  MemoryUsage of job (MB)
	381096  -  ResidentSetSize of job (KB)
...
006 (3447418.004.000) 02/01 02:53:35 Image size of job updated: 394868
	373  -  MemoryUsage of job (MB)
	381116  -  ResidentSetSize of job (KB)
...
006 (3447418.004.000) 02/01 03:08:36 Image size of job updated: 394868
	373  -  MemoryUsage of job (MB)
	381136  -  ResidentSetSize of job (KB)
...
006 (3447418.004.000) 02/01 03:18:37 Image size of job updated: 394868
	373  -  MemoryUsage of job (MB)
	381156  -  ResidentSetSize of job (KB)
...
006 (3447418.004.000) 02/01 03:23:37 Image size of job updated: 394868
	373  -  MemoryUsage of job (MB)
	381172  -  ResidentSetSize of job (KB)
...
006 (3447418.004.000) 02/01 03:28:37 Image size of job updated: 394868
	373  -  MemoryUsage of job (MB)
	381176  -  ResidentSetSize of job (KB)
...
006 (3447418.004.000) 02/01 03:33:38 Image size of job updated: 394868
	373  -  MemoryUsage of job (MB)
	381184  -  ResidentSetSize of job (KB)
...
006 (3447418.004.000) 02/01 03:38:39 Image size of job updated: 394868
	373  -  MemoryUsage of job (MB)
	381196  -  ResidentSetSize of job (KB)
...
006 (3447418.004.000) 02/01 03:48:40 Image size of job updated: 394868
	373  -  MemoryUsage of job (MB)
	381240  -  ResidentSetSize of job (KB)
...
006 (3447418.004.000) 02/01 03:58:41 Image size of job updated: 394868
	373  -  MemoryUsage of job (MB)
	381244  -  ResidentSetSize of job (KB)
...
006 (3447418.004.000) 02/01 04:03:42 Image size of job updated: 394868
	373  -  MemoryUsage of job (MB)
	381256  -  ResidentSetSize of job (KB)
...
006 (3447418.004.000) 02/01 04:18:22 Image size of job updated: 394868
	373  -  MemoryUsage of job (MB)
	381272  -  ResidentSetSize of job (KB)
...
006 (3447418.004.000) 02/01 04:32:20 Image size of job updated: 394868
	373  -  MemoryUsage of job (MB)
	381360  -  ResidentSetSize of job (KB)
...
006 (3447418.004.000) 02/01 04:43:30 Image size of job updated: 394868
	373  -  MemoryUsage of job (MB)
	381400  -  ResidentSetSize of job (KB)
...
006 (3447418.004.000) 02/01 04:55:13 Image size of job updated: 394868
	373  -  MemoryUsage of job (MB)
	381412  -  ResidentSetSize of job (KB)
...
006 (3447418.004.000) 02/01 05:00:13 Image size of job updated: 394868
	373  -  MemoryUsage of job (MB)
	381420  -  ResidentSetSize of job (KB)
...
006 (3447418.004.000) 02/01 05:05:14 Image size of job updated: 394868
	373  -  MemoryUsage of job (MB)
	381440  -  ResidentSetSize of job (KB)
...
006 (3447418.004.000) 02/01 05:15:15 Image size of job updated: 394868
	373  -  MemoryUsage of job (MB)
	381448  -  ResidentSetSize of job (KB)
...
006 (3447418.004.000) 02/01 05:20:15 Image size of job updated: 394868
	373  -  MemoryUsage of job (MB)
	381452  -  ResidentSetSize of job (KB)
...
006 (3447418.004.000) 02/01 05:25:16 Image size of job updated: 394868
	373  -  MemoryUsage of job (MB)
	381488  -  ResidentSetSize of job (KB)
...
006 (3447418.004.000) 02/01 05:30:16 Image size of job updated: 394868
	373  -  MemoryUsage of job (MB)
	381512  -  ResidentSetSize of job (KB)
...
006 (3447418.004.000) 02/01 05:40:17 Image size of job updated: 394868
	373  -  MemoryUsage of job (MB)
	381544  -  ResidentSetSize of job (KB)
...
006 (3447418.004.000) 02/01 05:50:17 Image size of job updated: 394868
	373  -  MemoryUsage of job (MB)
	381548  -  ResidentSetSize of job (KB)
...
006 (3447418.004.000) 02/01 05:55:18 Image size of job updated: 394868
	373  -  MemoryUsage of job (MB)
	381596  -  ResidentSetSize of job (KB)
...
006 (3447418.004.000) 02/01 06:00:18 Image size of job updated: 394868
	373  -  MemoryUsage of job (MB)
	381604  -  ResidentSetSize of job (KB)
...
006 (3447418.004.000) 02/01 06:05:18 Image size of job updated: 394868
	373  -  MemoryUsage of job (MB)
	381616  -  ResidentSetSize of job (KB)
...
006 (3447418.004.000) 02/01 06:10:19 Image size of job updated: 394868
	373  -  MemoryUsage of job (MB)
	381628  -  ResidentSetSize of job (KB)
...
006 (3447418.004.000) 02/01 06:15:19 Image size of job updated: 394868
	373  -  MemoryUsage of job (MB)
	381656  -  ResidentSetSize of job (KB)
...
006 (3447418.004.000) 02/01 06:20:19 Image size of job updated: 394868
	373  -  MemoryUsage of job (MB)
	381700  -  ResidentSetSize of job (KB)
...
006 (3447418.004.000) 02/01 06:35:21 Image size of job updated: 394868
	373  -  MemoryUsage of job (MB)
	381724  -  ResidentSetSize of job (KB)
...
006 (3447418.004.000) 02/01 06:40:23 Image size of job updated: 394868
	373  -  MemoryUsage of job (MB)
	381740  -  ResidentSetSize of job (KB)
...
006 (3447418.004.000) 02/01 07:00:25 Image size of job updated: 394868
	373  -  MemoryUsage of job (MB)
	381760  -  ResidentSetSize of job (KB)
...
006 (3447418.004.000) 02/01 07:05:25 Image size of job updated: 394868
	373  -  MemoryUsage of job (MB)
	381788  -  ResidentSetSize of job (KB)
...
006 (3447418.004.000) 02/01 07:10:27 Image size of job updated: 394868
	373  -  MemoryUsage of job (MB)
	381792  -  ResidentSetSize of job (KB)
...
006 (3447418.004.000) 02/01 07:15:27 Image size of job updated: 394868
	373  -  MemoryUsage of job (MB)
	381816  -  ResidentSetSize of job (KB)
...
006 (3447418.004.000) 02/01 07:20:27 Image size of job updated: 394868
	373  -  MemoryUsage of job (MB)
	381820  -  ResidentSetSize of job (KB)
...
006 (3447418.004.000) 02/01 07:25:28 Image size of job updated: 394868
	373  -  MemoryUsage of job (MB)
	381852  -  ResidentSetSize of job (KB)
...
006 (3447418.004.000) 02/01 07:35:28 Image size of job updated: 394868
	373  -  MemoryUsage of job (MB)
	381868  -  ResidentSetSize of job (KB)
...
006 (3447418.004.000) 02/01 07:40:29 Image size of job updated: 394868
	373  -  MemoryUsage of job (MB)
	381916  -  ResidentSetSize of job (KB)
...
006 (3447418.004.000) 02/01 07:45:30 Image size of job updated: 394868
	373  -  MemoryUsage of job (MB)
	381924  -  ResidentSetSize of job (KB)
...
006 (3447418.004.000) 02/01 07:55:31 Image size of job updated: 394868
	373  -  MemoryUsage of job (MB)
	381936  -  ResidentSetSize of job (KB)
...
006 (3447418.004.000) 02/01 09:15:38 Image size of job updated: 394868
	374  -  MemoryUsage of job (MB)
	381968  -  ResidentSetSize of job (KB)
...
006 (3447418.004.000) 02/01 09:20:39 Image size of job updated: 394868
	374  -  MemoryUsage of job (MB)
	381980  -  ResidentSetSize of job (KB)
...
006 (3447418.004.000) 02/01 09:30:39 Image size of job updated: 394868
	374  -  MemoryUsage of job (MB)
	382312  -  ResidentSetSize of job (KB)
...
040 (3447418.004.000) 02/01 09:33:52 Entered queue to transfer output files
...
040 (3447418.004.000) 02/01 09:34:43 Started transferring output files
...
040 (3447418.004.000) 02/01 09:35:15 Finished transferring output files
...
005 (3447418.004.000) 02/01 09:35:43 Job terminated.
	(1) Normal termination (return value 0)
		Usr 2 04:06:12, Sys 0 00:03:03  -  Run Remote Usage
		Usr 0 00:00:00, Sys 0 00:00:00  -  Run Local Usage
		Usr 2 04:06:12, Sys 0 00:03:03  -  Total Remote Usage
		Usr 0 00:00:00, Sys 0 00:00:00  -  Total Local Usage
	34842  -  Run Bytes Sent By Job
	493  -  Run Bytes Received By Job
	34842  -  Total Bytes Sent By Job
	493  -  Total Bytes Received By Job
	Partitionable Resources :    Usage  Request Allocated 
	   Cpus                 :                 1           
	   Disk (KB)            :       47        1   3000881 
	   Memory (MB)          :      374     2000      2000 
...
