000 (3445804.010.000) 01/29 23:49:27 Job submitted from host: <188.185.71.142:9618?addrs=188.185.71.142-9618+[2001-1458-d00-7--100-388]-9618&alias=bigbird09.cern.ch&noUDP&sock=schedd_2208_1533_7>
...
040 (3445804.010.000) 01/30 04:11:57 Started transferring input files
	Transferring to host: <188.184.194.192:9618?addrs=188.184.194.192-9618+[2001-1458-301-50--100-243]-9618&noUDP&sock=19217_dd67_43617>
...
040 (3445804.010.000) 01/30 04:11:57 Finished transferring input files
...
001 (3445804.010.000) 01/30 04:11:58 Job executing on host: <188.184.194.192:9618?addrs=188.184.194.192-9618+[2001-1458-301-50--100-243]-9618&noUDP&sock=19013_ea40_3>
...
006 (3445804.010.000) 01/30 04:12:06 Image size of job updated: 2048
	2  -  MemoryUsage of job (MB)
	1688  -  ResidentSetSize of job (KB)
...
006 (3445804.010.000) 01/30 04:17:06 Image size of job updated: 386792
	353  -  MemoryUsage of job (MB)
	361416  -  ResidentSetSize of job (KB)
...
006 (3445804.010.000) 01/30 04:22:07 Image size of job updated: 386796
	353  -  MemoryUsage of job (MB)
	361420  -  ResidentSetSize of job (KB)
...
006 (3445804.010.000) 01/30 04:27:08 Image size of job updated: 386800
	353  -  MemoryUsage of job (MB)
	361424  -  ResidentSetSize of job (KB)
...
006 (3445804.010.000) 01/30 04:42:09 Image size of job updated: 386812
	353  -  MemoryUsage of job (MB)
	361436  -  ResidentSetSize of job (KB)
...
006 (3445804.010.000) 01/30 04:57:10 Image size of job updated: 386824
	353  -  MemoryUsage of job (MB)
	361448  -  ResidentSetSize of job (KB)
...
006 (3445804.010.000) 01/30 06:52:22 Image size of job updated: 386824
	354  -  MemoryUsage of job (MB)
	361476  -  ResidentSetSize of job (KB)
...
006 (3445804.010.000) 01/30 06:57:22 Image size of job updated: 386824
	354  -  MemoryUsage of job (MB)
	361484  -  ResidentSetSize of job (KB)
...
006 (3445804.010.000) 01/30 07:12:25 Image size of job updated: 386824
	354  -  MemoryUsage of job (MB)
	361564  -  ResidentSetSize of job (KB)
...
006 (3445804.010.000) 01/30 07:17:25 Image size of job updated: 386872
	354  -  MemoryUsage of job (MB)
	361628  -  ResidentSetSize of job (KB)
...
006 (3445804.010.000) 01/30 07:32:27 Image size of job updated: 386916
	354  -  MemoryUsage of job (MB)
	361672  -  ResidentSetSize of job (KB)
...
006 (3445804.010.000) 01/30 07:37:27 Image size of job updated: 386920
	354  -  MemoryUsage of job (MB)
	361676  -  ResidentSetSize of job (KB)
...
006 (3445804.010.000) 01/30 07:42:28 Image size of job updated: 386920
	354  -  MemoryUsage of job (MB)
	361708  -  ResidentSetSize of job (KB)
...
006 (3445804.010.000) 01/30 07:52:29 Image size of job updated: 387000
	354  -  MemoryUsage of job (MB)
	361796  -  ResidentSetSize of job (KB)
...
006 (3445804.010.000) 01/30 07:57:29 Image size of job updated: 387088
	354  -  MemoryUsage of job (MB)
	361884  -  ResidentSetSize of job (KB)
...
006 (3445804.010.000) 01/30 08:07:30 Image size of job updated: 387176
	354  -  MemoryUsage of job (MB)
	361972  -  ResidentSetSize of job (KB)
...
006 (3445804.010.000) 01/30 08:12:30 Image size of job updated: 387332
	354  -  MemoryUsage of job (MB)
	362128  -  ResidentSetSize of job (KB)
...
006 (3445804.010.000) 01/30 08:17:31 Image size of job updated: 387372
	354  -  MemoryUsage of job (MB)
	362168  -  ResidentSetSize of job (KB)
...
006 (3445804.010.000) 01/30 08:22:31 Image size of job updated: 387444
	354  -  MemoryUsage of job (MB)
	362240  -  ResidentSetSize of job (KB)
...
006 (3445804.010.000) 01/30 08:27:31 Image size of job updated: 387480
	354  -  MemoryUsage of job (MB)
	362276  -  ResidentSetSize of job (KB)
...
006 (3445804.010.000) 01/30 08:32:32 Image size of job updated: 387600
	354  -  MemoryUsage of job (MB)
	362396  -  ResidentSetSize of job (KB)
...
006 (3445804.010.000) 01/30 08:37:32 Image size of job updated: 387700
	354  -  MemoryUsage of job (MB)
	362496  -  ResidentSetSize of job (KB)
...
006 (3445804.010.000) 01/30 08:42:32 Image size of job updated: 387768
	355  -  MemoryUsage of job (MB)
	362564  -  ResidentSetSize of job (KB)
...
006 (3445804.010.000) 01/30 08:47:33 Image size of job updated: 387912
	355  -  MemoryUsage of job (MB)
	362708  -  ResidentSetSize of job (KB)
...
006 (3445804.010.000) 01/30 08:57:33 Image size of job updated: 388040
	355  -  MemoryUsage of job (MB)
	362836  -  ResidentSetSize of job (KB)
...
006 (3445804.010.000) 01/30 09:02:34 Image size of job updated: 388068
	355  -  MemoryUsage of job (MB)
	362864  -  ResidentSetSize of job (KB)
...
006 (3445804.010.000) 01/30 09:07:34 Image size of job updated: 388124
	355  -  MemoryUsage of job (MB)
	362920  -  ResidentSetSize of job (KB)
...
006 (3445804.010.000) 01/30 09:12:34 Image size of job updated: 388236
	355  -  MemoryUsage of job (MB)
	363032  -  ResidentSetSize of job (KB)
...
006 (3445804.010.000) 01/30 09:17:36 Image size of job updated: 388300
	355  -  MemoryUsage of job (MB)
	363096  -  ResidentSetSize of job (KB)
...
006 (3445804.010.000) 01/30 09:22:36 Image size of job updated: 388428
	355  -  MemoryUsage of job (MB)
	363224  -  ResidentSetSize of job (KB)
...
006 (3445804.010.000) 01/30 09:27:36 Image size of job updated: 388476
	355  -  MemoryUsage of job (MB)
	363272  -  ResidentSetSize of job (KB)
...
006 (3445804.010.000) 01/30 09:32:38 Image size of job updated: 388532
	355  -  MemoryUsage of job (MB)
	363328  -  ResidentSetSize of job (KB)
...
006 (3445804.010.000) 01/30 09:37:38 Image size of job updated: 388620
	355  -  MemoryUsage of job (MB)
	363416  -  ResidentSetSize of job (KB)
...
006 (3445804.010.000) 01/30 09:42:38 Image size of job updated: 388676
	355  -  MemoryUsage of job (MB)
	363472  -  ResidentSetSize of job (KB)
...
006 (3445804.010.000) 01/30 09:47:39 Image size of job updated: 388764
	356  -  MemoryUsage of job (MB)
	363560  -  ResidentSetSize of job (KB)
...
006 (3445804.010.000) 01/30 09:52:40 Image size of job updated: 388768
	356  -  MemoryUsage of job (MB)
	363564  -  ResidentSetSize of job (KB)
...
006 (3445804.010.000) 01/30 09:57:40 Image size of job updated: 388844
	356  -  MemoryUsage of job (MB)
	363640  -  ResidentSetSize of job (KB)
...
006 (3445804.010.000) 01/30 10:02:41 Image size of job updated: 388976
	356  -  MemoryUsage of job (MB)
	363772  -  ResidentSetSize of job (KB)
...
006 (3445804.010.000) 01/30 10:11:51 Image size of job updated: 389088
	356  -  MemoryUsage of job (MB)
	363884  -  ResidentSetSize of job (KB)
...
006 (3445804.010.000) 01/30 10:24:18 Image size of job updated: 389304
	356  -  MemoryUsage of job (MB)
	364100  -  ResidentSetSize of job (KB)
...
006 (3445804.010.000) 01/30 10:34:17 Image size of job updated: 389396
	356  -  MemoryUsage of job (MB)
	364192  -  ResidentSetSize of job (KB)
...
006 (3445804.010.000) 01/30 10:40:16 Image size of job updated: 389492
	356  -  MemoryUsage of job (MB)
	364288  -  ResidentSetSize of job (KB)
...
006 (3445804.010.000) 01/30 10:45:17 Image size of job updated: 389676
	356  -  MemoryUsage of job (MB)
	364472  -  ResidentSetSize of job (KB)
...
006 (3445804.010.000) 01/30 10:50:17 Image size of job updated: 389680
	356  -  MemoryUsage of job (MB)
	364476  -  ResidentSetSize of job (KB)
...
006 (3445804.010.000) 01/30 10:55:18 Image size of job updated: 389828
	357  -  MemoryUsage of job (MB)
	364624  -  ResidentSetSize of job (KB)
...
006 (3445804.010.000) 01/30 11:00:19 Image size of job updated: 389852
	357  -  MemoryUsage of job (MB)
	364648  -  ResidentSetSize of job (KB)
...
006 (3445804.010.000) 01/30 11:05:19 Image size of job updated: 389916
	357  -  MemoryUsage of job (MB)
	364712  -  ResidentSetSize of job (KB)
...
006 (3445804.010.000) 01/30 11:10:20 Image size of job updated: 389952
	357  -  MemoryUsage of job (MB)
	364748  -  ResidentSetSize of job (KB)
...
006 (3445804.010.000) 01/30 11:15:21 Image size of job updated: 390012
	357  -  MemoryUsage of job (MB)
	364808  -  ResidentSetSize of job (KB)
...
006 (3445804.010.000) 01/30 11:20:21 Image size of job updated: 390112
	357  -  MemoryUsage of job (MB)
	364908  -  ResidentSetSize of job (KB)
...
006 (3445804.010.000) 01/30 11:25:22 Image size of job updated: 390140
	357  -  MemoryUsage of job (MB)
	364936  -  ResidentSetSize of job (KB)
...
006 (3445804.010.000) 01/30 11:30:23 Image size of job updated: 390204
	357  -  MemoryUsage of job (MB)
	365000  -  ResidentSetSize of job (KB)
...
006 (3445804.010.000) 01/30 11:35:23 Image size of job updated: 390320
	357  -  MemoryUsage of job (MB)
	365116  -  ResidentSetSize of job (KB)
...
006 (3445804.010.000) 01/30 11:40:24 Image size of job updated: 390372
	357  -  MemoryUsage of job (MB)
	365168  -  ResidentSetSize of job (KB)
...
006 (3445804.010.000) 01/30 11:45:25 Image size of job updated: 390612
	357  -  MemoryUsage of job (MB)
	365408  -  ResidentSetSize of job (KB)
...
006 (3445804.010.000) 01/30 11:50:25 Image size of job updated: 390632
	357  -  MemoryUsage of job (MB)
	365428  -  ResidentSetSize of job (KB)
...
006 (3445804.010.000) 01/30 11:55:26 Image size of job updated: 391868
	359  -  MemoryUsage of job (MB)
	366656  -  ResidentSetSize of job (KB)
...
006 (3445804.010.000) 01/30 12:00:27 Image size of job updated: 393232
	359  -  MemoryUsage of job (MB)
	367304  -  ResidentSetSize of job (KB)
...
006 (3445804.010.000) 01/30 12:05:27 Image size of job updated: 394460
	360  -  MemoryUsage of job (MB)
	368456  -  ResidentSetSize of job (KB)
...
006 (3445804.010.000) 01/30 12:10:28 Image size of job updated: 394504
	360  -  MemoryUsage of job (MB)
	368500  -  ResidentSetSize of job (KB)
...
006 (3445804.010.000) 01/30 12:15:29 Image size of job updated: 394668
	361  -  MemoryUsage of job (MB)
	368664  -  ResidentSetSize of job (KB)
...
006 (3445804.010.000) 01/30 12:20:29 Image size of job updated: 394724
	361  -  MemoryUsage of job (MB)
	368720  -  ResidentSetSize of job (KB)
...
006 (3445804.010.000) 01/30 12:25:30 Image size of job updated: 394760
	361  -  MemoryUsage of job (MB)
	368756  -  ResidentSetSize of job (KB)
...
006 (3445804.010.000) 01/30 12:30:30 Image size of job updated: 394788
	361  -  MemoryUsage of job (MB)
	368784  -  ResidentSetSize of job (KB)
...
006 (3445804.010.000) 01/30 12:35:30 Image size of job updated: 394836
	361  -  MemoryUsage of job (MB)
	368832  -  ResidentSetSize of job (KB)
...
006 (3445804.010.000) 01/30 12:40:31 Image size of job updated: 394840
	361  -  MemoryUsage of job (MB)
	368836  -  ResidentSetSize of job (KB)
...
006 (3445804.010.000) 01/30 12:45:31 Image size of job updated: 394872
	361  -  MemoryUsage of job (MB)
	368940  -  ResidentSetSize of job (KB)
...
006 (3445804.010.000) 01/30 12:50:31 Image size of job updated: 394920
	361  -  MemoryUsage of job (MB)
	368956  -  ResidentSetSize of job (KB)
...
006 (3445804.010.000) 01/30 12:55:32 Image size of job updated: 394944
	361  -  MemoryUsage of job (MB)
	368956  -  ResidentSetSize of job (KB)
...
006 (3445804.010.000) 01/30 13:00:32 Image size of job updated: 394992
	361  -  MemoryUsage of job (MB)
	368956  -  ResidentSetSize of job (KB)
...
006 (3445804.010.000) 01/30 13:05:32 Image size of job updated: 395052
	361  -  MemoryUsage of job (MB)
	368956  -  ResidentSetSize of job (KB)
...
006 (3445804.010.000) 01/30 13:10:33 Image size of job updated: 395096
	361  -  MemoryUsage of job (MB)
	368956  -  ResidentSetSize of job (KB)
...
006 (3445804.010.000) 01/30 13:15:33 Image size of job updated: 395148
	361  -  MemoryUsage of job (MB)
	368956  -  ResidentSetSize of job (KB)
...
006 (3445804.010.000) 01/30 13:20:33 Image size of job updated: 395336
	361  -  MemoryUsage of job (MB)
	368956  -  ResidentSetSize of job (KB)
...
006 (3445804.010.000) 01/30 13:25:34 Image size of job updated: 395336
	361  -  MemoryUsage of job (MB)
	368988  -  ResidentSetSize of job (KB)
...
006 (3445804.010.000) 01/30 13:30:35 Image size of job updated: 395336
	361  -  MemoryUsage of job (MB)
	369044  -  ResidentSetSize of job (KB)
...
006 (3445804.010.000) 01/30 13:35:35 Image size of job updated: 395336
	361  -  MemoryUsage of job (MB)
	369120  -  ResidentSetSize of job (KB)
...
006 (3445804.010.000) 01/30 13:40:36 Image size of job updated: 395336
	361  -  MemoryUsage of job (MB)
	369184  -  ResidentSetSize of job (KB)
...
006 (3445804.010.000) 01/30 13:48:15 Image size of job updated: 395336
	361  -  MemoryUsage of job (MB)
	369208  -  ResidentSetSize of job (KB)
...
006 (3445804.010.000) 01/30 13:56:12 Image size of job updated: 395336
	361  -  MemoryUsage of job (MB)
	369308  -  ResidentSetSize of job (KB)
...
006 (3445804.010.000) 01/30 14:02:33 Image size of job updated: 395336
	361  -  MemoryUsage of job (MB)
	369388  -  ResidentSetSize of job (KB)
...
006 (3445804.010.000) 01/30 14:08:19 Image size of job updated: 395336
	361  -  MemoryUsage of job (MB)
	369428  -  ResidentSetSize of job (KB)
...
006 (3445804.010.000) 01/30 14:12:55 Image size of job updated: 395336
	361  -  MemoryUsage of job (MB)
	369492  -  ResidentSetSize of job (KB)
...
006 (3445804.010.000) 01/30 14:17:55 Image size of job updated: 395336
	361  -  MemoryUsage of job (MB)
	369532  -  ResidentSetSize of job (KB)
...
006 (3445804.010.000) 01/30 14:22:56 Image size of job updated: 395336
	361  -  MemoryUsage of job (MB)
	369584  -  ResidentSetSize of job (KB)
...
006 (3445804.010.000) 01/30 14:27:57 Image size of job updated: 395336
	361  -  MemoryUsage of job (MB)
	369616  -  ResidentSetSize of job (KB)
...
006 (3445804.010.000) 01/30 14:32:57 Image size of job updated: 395336
	361  -  MemoryUsage of job (MB)
	369664  -  ResidentSetSize of job (KB)
...
006 (3445804.010.000) 01/30 14:37:58 Image size of job updated: 395336
	362  -  MemoryUsage of job (MB)
	369692  -  ResidentSetSize of job (KB)
...
006 (3445804.010.000) 01/30 14:42:59 Image size of job updated: 395336
	362  -  MemoryUsage of job (MB)
	369732  -  ResidentSetSize of job (KB)
...
006 (3445804.010.000) 01/30 14:52:59 Image size of job updated: 395336
	362  -  MemoryUsage of job (MB)
	369768  -  ResidentSetSize of job (KB)
...
006 (3445804.010.000) 01/30 14:58:00 Image size of job updated: 395336
	362  -  MemoryUsage of job (MB)
	369916  -  ResidentSetSize of job (KB)
...
006 (3445804.010.000) 01/30 15:03:01 Image size of job updated: 395336
	362  -  MemoryUsage of job (MB)
	369932  -  ResidentSetSize of job (KB)
...
006 (3445804.010.000) 01/30 15:08:01 Image size of job updated: 395336
	362  -  MemoryUsage of job (MB)
	369964  -  ResidentSetSize of job (KB)
...
006 (3445804.010.000) 01/30 15:13:02 Image size of job updated: 395336
	362  -  MemoryUsage of job (MB)
	370000  -  ResidentSetSize of job (KB)
...
006 (3445804.010.000) 01/30 15:18:03 Image size of job updated: 395336
	362  -  MemoryUsage of job (MB)
	370064  -  ResidentSetSize of job (KB)
...
006 (3445804.010.000) 01/30 15:23:03 Image size of job updated: 395336
	362  -  MemoryUsage of job (MB)
	370108  -  ResidentSetSize of job (KB)
...
006 (3445804.010.000) 01/30 15:28:03 Image size of job updated: 395336
	362  -  MemoryUsage of job (MB)
	370176  -  ResidentSetSize of job (KB)
...
006 (3445804.010.000) 01/30 15:33:04 Image size of job updated: 395336
	362  -  MemoryUsage of job (MB)
	370192  -  ResidentSetSize of job (KB)
...
006 (3445804.010.000) 01/30 15:38:04 Image size of job updated: 395336
	362  -  MemoryUsage of job (MB)
	370220  -  ResidentSetSize of job (KB)
...
006 (3445804.010.000) 01/30 15:43:04 Image size of job updated: 395336
	362  -  MemoryUsage of job (MB)
	370368  -  ResidentSetSize of job (KB)
...
006 (3445804.010.000) 01/30 15:48:05 Image size of job updated: 395336
	362  -  MemoryUsage of job (MB)
	370424  -  ResidentSetSize of job (KB)
...
006 (3445804.010.000) 01/30 15:53:05 Image size of job updated: 395336
	362  -  MemoryUsage of job (MB)
	370488  -  ResidentSetSize of job (KB)
...
006 (3445804.010.000) 01/30 15:58:05 Image size of job updated: 395336
	362  -  MemoryUsage of job (MB)
	370500  -  ResidentSetSize of job (KB)
...
006 (3445804.010.000) 01/30 16:03:06 Image size of job updated: 395336
	362  -  MemoryUsage of job (MB)
	370644  -  ResidentSetSize of job (KB)
...
006 (3445804.010.000) 01/30 16:08:06 Image size of job updated: 395336
	362  -  MemoryUsage of job (MB)
	370652  -  ResidentSetSize of job (KB)
...
006 (3445804.010.000) 01/30 16:13:06 Image size of job updated: 395336
	363  -  MemoryUsage of job (MB)
	370712  -  ResidentSetSize of job (KB)
...
006 (3445804.010.000) 01/30 16:18:07 Image size of job updated: 395336
	363  -  MemoryUsage of job (MB)
	370768  -  ResidentSetSize of job (KB)
...
006 (3445804.010.000) 01/30 16:23:07 Image size of job updated: 395336
	363  -  MemoryUsage of job (MB)
	370820  -  ResidentSetSize of job (KB)
...
006 (3445804.010.000) 01/30 16:28:07 Image size of job updated: 395336
	363  -  MemoryUsage of job (MB)
	370908  -  ResidentSetSize of job (KB)
...
006 (3445804.010.000) 01/30 16:33:09 Image size of job updated: 395336
	363  -  MemoryUsage of job (MB)
	370916  -  ResidentSetSize of job (KB)
...
006 (3445804.010.000) 01/30 16:38:09 Image size of job updated: 395336
	363  -  MemoryUsage of job (MB)
	371020  -  ResidentSetSize of job (KB)
...
006 (3445804.010.000) 01/30 16:43:09 Image size of job updated: 395336
	363  -  MemoryUsage of job (MB)
	371028  -  ResidentSetSize of job (KB)
...
006 (3445804.010.000) 01/30 16:53:11 Image size of job updated: 395336
	363  -  MemoryUsage of job (MB)
	371140  -  ResidentSetSize of job (KB)
...
006 (3445804.010.000) 01/30 16:58:11 Image size of job updated: 395336
	363  -  MemoryUsage of job (MB)
	371168  -  ResidentSetSize of job (KB)
...
006 (3445804.010.000) 01/30 17:03:12 Image size of job updated: 395336
	363  -  MemoryUsage of job (MB)
	371200  -  ResidentSetSize of job (KB)
...
006 (3445804.010.000) 01/30 17:08:13 Image size of job updated: 395336
	363  -  MemoryUsage of job (MB)
	371260  -  ResidentSetSize of job (KB)
...
006 (3445804.010.000) 01/30 17:18:14 Image size of job updated: 395336
	363  -  MemoryUsage of job (MB)
	371384  -  ResidentSetSize of job (KB)
...
006 (3445804.010.000) 01/30 17:23:15 Image size of job updated: 395336
	363  -  MemoryUsage of job (MB)
	371392  -  ResidentSetSize of job (KB)
...
006 (3445804.010.000) 01/30 17:28:16 Image size of job updated: 395336
	363  -  MemoryUsage of job (MB)
	371508  -  ResidentSetSize of job (KB)
...
006 (3445804.010.000) 01/30 17:33:17 Image size of job updated: 395336
	363  -  MemoryUsage of job (MB)
	371544  -  ResidentSetSize of job (KB)
...
006 (3445804.010.000) 01/30 17:38:17 Image size of job updated: 395336
	363  -  MemoryUsage of job (MB)
	371624  -  ResidentSetSize of job (KB)
...
006 (3445804.010.000) 01/30 17:53:19 Image size of job updated: 395336
	363  -  MemoryUsage of job (MB)
	371708  -  ResidentSetSize of job (KB)
...
006 (3445804.010.000) 01/30 17:58:20 Image size of job updated: 395336
	363  -  MemoryUsage of job (MB)
	371712  -  ResidentSetSize of job (KB)
...
006 (3445804.010.000) 01/30 18:03:21 Image size of job updated: 395336
	364  -  MemoryUsage of job (MB)
	371764  -  ResidentSetSize of job (KB)
...
006 (3445804.010.000) 01/30 18:08:21 Image size of job updated: 395336
	364  -  MemoryUsage of job (MB)
	371864  -  ResidentSetSize of job (KB)
...
006 (3445804.010.000) 01/30 18:18:23 Image size of job updated: 395336
	364  -  MemoryUsage of job (MB)
	371904  -  ResidentSetSize of job (KB)
...
006 (3445804.010.000) 01/30 18:23:23 Image size of job updated: 395336
	364  -  MemoryUsage of job (MB)
	372128  -  ResidentSetSize of job (KB)
...
006 (3445804.010.000) 01/30 18:28:23 Image size of job updated: 395336
	364  -  MemoryUsage of job (MB)
	372168  -  ResidentSetSize of job (KB)
...
006 (3445804.010.000) 01/30 18:33:24 Image size of job updated: 395336
	364  -  MemoryUsage of job (MB)
	372200  -  ResidentSetSize of job (KB)
...
006 (3445804.010.000) 01/30 18:38:24 Image size of job updated: 395336
	364  -  MemoryUsage of job (MB)
	372244  -  ResidentSetSize of job (KB)
...
006 (3445804.010.000) 01/30 20:18:35 Image size of job updated: 395336
	364  -  MemoryUsage of job (MB)
	372276  -  ResidentSetSize of job (KB)
...
006 (3445804.010.000) 01/30 20:23:36 Image size of job updated: 395336
	364  -  MemoryUsage of job (MB)
	372280  -  ResidentSetSize of job (KB)
...
006 (3445804.010.000) 01/30 20:28:37 Image size of job updated: 395336
	364  -  MemoryUsage of job (MB)
	372312  -  ResidentSetSize of job (KB)
...
006 (3445804.010.000) 01/30 20:38:37 Image size of job updated: 395336
	364  -  MemoryUsage of job (MB)
	372340  -  ResidentSetSize of job (KB)
...
006 (3445804.010.000) 01/30 20:48:38 Image size of job updated: 395336
	364  -  MemoryUsage of job (MB)
	372348  -  ResidentSetSize of job (KB)
...
006 (3445804.010.000) 01/30 20:53:38 Image size of job updated: 395336
	364  -  MemoryUsage of job (MB)
	372372  -  ResidentSetSize of job (KB)
...
006 (3445804.010.000) 01/30 20:58:39 Image size of job updated: 395336
	364  -  MemoryUsage of job (MB)
	372392  -  ResidentSetSize of job (KB)
...
006 (3445804.010.000) 01/30 21:13:41 Image size of job updated: 395336
	364  -  MemoryUsage of job (MB)
	372416  -  ResidentSetSize of job (KB)
...
006 (3445804.010.000) 01/30 21:18:42 Image size of job updated: 395336
	364  -  MemoryUsage of job (MB)
	372420  -  ResidentSetSize of job (KB)
...
006 (3445804.010.000) 01/30 21:28:42 Image size of job updated: 395336
	364  -  MemoryUsage of job (MB)
	372436  -  ResidentSetSize of job (KB)
...
006 (3445804.010.000) 01/30 21:33:43 Image size of job updated: 395336
	364  -  MemoryUsage of job (MB)
	372460  -  ResidentSetSize of job (KB)
...
006 (3445804.010.000) 01/30 21:53:45 Image size of job updated: 395336
	364  -  MemoryUsage of job (MB)
	372468  -  ResidentSetSize of job (KB)
...
006 (3445804.010.000) 01/30 21:58:45 Image size of job updated: 395336
	364  -  MemoryUsage of job (MB)
	372492  -  ResidentSetSize of job (KB)
...
006 (3445804.010.000) 01/30 22:08:46 Image size of job updated: 395336
	364  -  MemoryUsage of job (MB)
	372496  -  ResidentSetSize of job (KB)
...
006 (3445804.010.000) 01/30 22:13:47 Image size of job updated: 395336
	364  -  MemoryUsage of job (MB)
	372504  -  ResidentSetSize of job (KB)
...
006 (3445804.010.000) 01/30 22:23:48 Image size of job updated: 395336
	364  -  MemoryUsage of job (MB)
	372528  -  ResidentSetSize of job (KB)
...
006 (3445804.010.000) 01/30 22:28:49 Image size of job updated: 395336
	364  -  MemoryUsage of job (MB)
	372576  -  ResidentSetSize of job (KB)
...
006 (3445804.010.000) 01/30 22:38:50 Image size of job updated: 395336
	364  -  MemoryUsage of job (MB)
	372584  -  ResidentSetSize of job (KB)
...
006 (3445804.010.000) 01/30 22:43:51 Image size of job updated: 395336
	364  -  MemoryUsage of job (MB)
	372632  -  ResidentSetSize of job (KB)
...
006 (3445804.010.000) 01/30 22:53:52 Image size of job updated: 395336
	364  -  MemoryUsage of job (MB)
	372660  -  ResidentSetSize of job (KB)
...
006 (3445804.010.000) 01/30 22:58:52 Image size of job updated: 395336
	364  -  MemoryUsage of job (MB)
	372720  -  ResidentSetSize of job (KB)
...
006 (3445804.010.000) 01/30 23:08:54 Image size of job updated: 395336
	365  -  MemoryUsage of job (MB)
	372744  -  ResidentSetSize of job (KB)
...
006 (3445804.010.000) 01/30 23:18:54 Image size of job updated: 395336
	365  -  MemoryUsage of job (MB)
	372824  -  ResidentSetSize of job (KB)
...
006 (3445804.010.000) 01/31 00:29:01 Image size of job updated: 395336
	365  -  MemoryUsage of job (MB)
	372828  -  ResidentSetSize of job (KB)
...
006 (3445804.010.000) 01/31 00:34:02 Image size of job updated: 395336
	365  -  MemoryUsage of job (MB)
	372840  -  ResidentSetSize of job (KB)
...
006 (3445804.010.000) 01/31 00:39:03 Image size of job updated: 395336
	365  -  MemoryUsage of job (MB)
	372888  -  ResidentSetSize of job (KB)
...
006 (3445804.010.000) 01/31 00:44:03 Image size of job updated: 395336
	365  -  MemoryUsage of job (MB)
	372916  -  ResidentSetSize of job (KB)
...
006 (3445804.010.000) 01/31 00:49:04 Image size of job updated: 395336
	365  -  MemoryUsage of job (MB)
	372924  -  ResidentSetSize of job (KB)
...
006 (3445804.010.000) 01/31 00:54:05 Image size of job updated: 395336
	365  -  MemoryUsage of job (MB)
	372928  -  ResidentSetSize of job (KB)
...
006 (3445804.010.000) 01/31 00:59:05 Image size of job updated: 395336
	365  -  MemoryUsage of job (MB)
	372952  -  ResidentSetSize of job (KB)
...
006 (3445804.010.000) 01/31 01:04:05 Image size of job updated: 395336
	365  -  MemoryUsage of job (MB)
	372992  -  ResidentSetSize of job (KB)
...
006 (3445804.010.000) 01/31 01:39:08 Image size of job updated: 395336
	365  -  MemoryUsage of job (MB)
	373012  -  ResidentSetSize of job (KB)
...
006 (3445804.010.000) 01/31 01:54:10 Image size of job updated: 395336
	365  -  MemoryUsage of job (MB)
	373036  -  ResidentSetSize of job (KB)
...
006 (3445804.010.000) 01/31 01:59:10 Image size of job updated: 395336
	365  -  MemoryUsage of job (MB)
	373056  -  ResidentSetSize of job (KB)
...
006 (3445804.010.000) 01/31 02:04:10 Image size of job updated: 395336
	365  -  MemoryUsage of job (MB)
	373060  -  ResidentSetSize of job (KB)
...
006 (3445804.010.000) 01/31 02:14:12 Image size of job updated: 395336
	365  -  MemoryUsage of job (MB)
	373168  -  ResidentSetSize of job (KB)
...
006 (3445804.010.000) 01/31 02:24:12 Image size of job updated: 395336
	365  -  MemoryUsage of job (MB)
	373184  -  ResidentSetSize of job (KB)
...
006 (3445804.010.000) 01/31 02:29:13 Image size of job updated: 395336
	365  -  MemoryUsage of job (MB)
	373216  -  ResidentSetSize of job (KB)
...
006 (3445804.010.000) 01/31 02:34:14 Image size of job updated: 395336
	365  -  MemoryUsage of job (MB)
	373220  -  ResidentSetSize of job (KB)
...
006 (3445804.010.000) 01/31 02:39:14 Image size of job updated: 395336
	365  -  MemoryUsage of job (MB)
	373276  -  ResidentSetSize of job (KB)
...
006 (3445804.010.000) 01/31 02:44:14 Image size of job updated: 395336
	365  -  MemoryUsage of job (MB)
	373324  -  ResidentSetSize of job (KB)
...
006 (3445804.010.000) 01/31 02:49:14 Image size of job updated: 395336
	365  -  MemoryUsage of job (MB)
	373372  -  ResidentSetSize of job (KB)
...
006 (3445804.010.000) 01/31 02:54:15 Image size of job updated: 395336
	365  -  MemoryUsage of job (MB)
	373452  -  ResidentSetSize of job (KB)
...
006 (3445804.010.000) 01/31 02:59:16 Image size of job updated: 395336
	365  -  MemoryUsage of job (MB)
	373476  -  ResidentSetSize of job (KB)
...
006 (3445804.010.000) 01/31 03:09:16 Image size of job updated: 395336
	365  -  MemoryUsage of job (MB)
	373500  -  ResidentSetSize of job (KB)
...
006 (3445804.010.000) 01/31 03:14:17 Image size of job updated: 395336
	365  -  MemoryUsage of job (MB)
	373536  -  ResidentSetSize of job (KB)
...
006 (3445804.010.000) 01/31 03:19:18 Image size of job updated: 395336
	365  -  MemoryUsage of job (MB)
	373616  -  ResidentSetSize of job (KB)
...
006 (3445804.010.000) 01/31 03:24:18 Image size of job updated: 395336
	365  -  MemoryUsage of job (MB)
	373644  -  ResidentSetSize of job (KB)
...
006 (3445804.010.000) 01/31 03:34:19 Image size of job updated: 395336
	365  -  MemoryUsage of job (MB)
	373672  -  ResidentSetSize of job (KB)
...
006 (3445804.010.000) 01/31 03:39:20 Image size of job updated: 395336
	365  -  MemoryUsage of job (MB)
	373688  -  ResidentSetSize of job (KB)
...
006 (3445804.010.000) 01/31 03:44:20 Image size of job updated: 395336
	365  -  MemoryUsage of job (MB)
	373704  -  ResidentSetSize of job (KB)
...
006 (3445804.010.000) 01/31 03:49:20 Image size of job updated: 395336
	365  -  MemoryUsage of job (MB)
	373732  -  ResidentSetSize of job (KB)
...
006 (3445804.010.000) 01/31 03:54:21 Image size of job updated: 395336
	366  -  MemoryUsage of job (MB)
	373772  -  ResidentSetSize of job (KB)
...
006 (3445804.010.000) 01/31 03:59:22 Image size of job updated: 395336
	366  -  MemoryUsage of job (MB)
	373788  -  ResidentSetSize of job (KB)
...
006 (3445804.010.000) 01/31 04:04:23 Image size of job updated: 395336
	366  -  MemoryUsage of job (MB)
	373856  -  ResidentSetSize of job (KB)
...
006 (3445804.010.000) 01/31 04:09:23 Image size of job updated: 395336
	366  -  MemoryUsage of job (MB)
	373888  -  ResidentSetSize of job (KB)
...
006 (3445804.010.000) 01/31 04:14:23 Image size of job updated: 395336
	366  -  MemoryUsage of job (MB)
	373900  -  ResidentSetSize of job (KB)
...
006 (3445804.010.000) 01/31 04:19:24 Image size of job updated: 395336
	366  -  MemoryUsage of job (MB)
	373952  -  ResidentSetSize of job (KB)
...
006 (3445804.010.000) 01/31 04:24:25 Image size of job updated: 395336
	366  -  MemoryUsage of job (MB)
	373984  -  ResidentSetSize of job (KB)
...
006 (3445804.010.000) 01/31 04:39:26 Image size of job updated: 395336
	366  -  MemoryUsage of job (MB)
	373988  -  ResidentSetSize of job (KB)
...
006 (3445804.010.000) 01/31 04:44:27 Image size of job updated: 395336
	366  -  MemoryUsage of job (MB)
	374008  -  ResidentSetSize of job (KB)
...
006 (3445804.010.000) 01/31 04:49:27 Image size of job updated: 395336
	366  -  MemoryUsage of job (MB)
	374028  -  ResidentSetSize of job (KB)
...
006 (3445804.010.000) 01/31 04:54:27 Image size of job updated: 395336
	366  -  MemoryUsage of job (MB)
	374068  -  ResidentSetSize of job (KB)
...
006 (3445804.010.000) 01/31 04:59:28 Image size of job updated: 395336
	366  -  MemoryUsage of job (MB)
	374104  -  ResidentSetSize of job (KB)
...
006 (3445804.010.000) 01/31 05:04:30 Image size of job updated: 395336
	366  -  MemoryUsage of job (MB)
	374124  -  ResidentSetSize of job (KB)
...
040 (3445804.010.000) 02/01 07:53:56 Started transferring input files
	Transferring to host: <188.184.186.136:9618?addrs=188.184.186.136-9618+[2001-1458-301-f8--100-44]-9618&noUDP&sock=4220_1f25_83357>
...
040 (3445804.010.000) 02/01 07:53:56 Finished transferring input files
...
001 (3445804.010.000) 02/01 07:53:57 Job executing on host: <188.184.186.136:9618?addrs=188.184.186.136-9618+[2001-1458-301-f8--100-44]-9618&noUDP&sock=2328_6491_3>
...
040 (3445804.010.000) 02/01 07:54:46 Started transferring output files
...
040 (3445804.010.000) 02/01 07:54:46 Finished transferring output files
...
005 (3445804.010.000) 02/01 07:54:46 Job terminated.
	(1) Normal termination (return value 0)
		Usr 0 00:00:06, Sys 0 00:00:05  -  Run Remote Usage
		Usr 0 00:00:00, Sys 0 00:00:00  -  Run Local Usage
		Usr 0 00:00:06, Sys 0 00:00:05  -  Total Remote Usage
		Usr 0 00:00:00, Sys 0 00:00:00  -  Total Local Usage
	9715  -  Run Bytes Sent By Job
	493  -  Run Bytes Received By Job
	9715  -  Total Bytes Sent By Job
	986  -  Total Bytes Received By Job
	Partitionable Resources :    Usage  Request Allocated 
	   Cpus                 :                 1           
	   Disk (KB)            :       24       40   2140712 
	   Memory (MB)          :      367     2000      2000 
...
