000 (3447449.001.000) 01/30 07:34:07 Job submitted from host: <188.185.71.142:9618?addrs=188.185.71.142-9618+[2001-1458-d00-7--100-388]-9618&alias=bigbird09.cern.ch&noUDP&sock=schedd_2208_1533_7>
...
040 (3447449.001.000) 01/30 07:55:57 Started transferring input files
	Transferring to host: <128.142.66.220:9618?addrs=128.142.66.220-9618+[2001-1458-301-4c--100-33e]-9618&noUDP&sock=1189_8209_24641>
...
040 (3447449.001.000) 01/30 07:55:57 Finished transferring input files
...
001 (3447449.001.000) 01/30 07:55:58 Job executing on host: <128.142.66.220:9618?addrs=128.142.66.220-9618+[2001-1458-301-4c--100-33e]-9618&noUDP&sock=1115_6030_3>
...
006 (3447449.001.000) 01/30 07:56:07 Image size of job updated: 95148
	46  -  MemoryUsage of job (MB)
	46344  -  ResidentSetSize of job (KB)
...
006 (3447449.001.000) 01/30 08:01:09 Image size of job updated: 365192
	352  -  MemoryUsage of job (MB)
	360408  -  ResidentSetSize of job (KB)
...
006 (3447449.001.000) 01/30 08:06:09 Image size of job updated: 365192
	352  -  MemoryUsage of job (MB)
	360420  -  ResidentSetSize of job (KB)
...
006 (3447449.001.000) 01/30 08:11:09 Image size of job updated: 365192
	352  -  MemoryUsage of job (MB)
	360428  -  ResidentSetSize of job (KB)
...
006 (3447449.001.000) 01/30 08:36:12 Image size of job updated: 365192
	352  -  MemoryUsage of job (MB)
	360432  -  ResidentSetSize of job (KB)
...
006 (3447449.001.000) 01/30 09:01:13 Image size of job updated: 365192
	353  -  MemoryUsage of job (MB)
	360460  -  ResidentSetSize of job (KB)
...
006 (3447449.001.000) 01/30 12:06:33 Image size of job updated: 365192
	353  -  MemoryUsage of job (MB)
	360464  -  ResidentSetSize of job (KB)
...
006 (3447449.001.000) 01/30 12:11:34 Image size of job updated: 365192
	353  -  MemoryUsage of job (MB)
	360508  -  ResidentSetSize of job (KB)
...
006 (3447449.001.000) 01/30 12:16:35 Image size of job updated: 365192
	353  -  MemoryUsage of job (MB)
	360552  -  ResidentSetSize of job (KB)
...
006 (3447449.001.000) 01/30 12:21:35 Image size of job updated: 365192
	353  -  MemoryUsage of job (MB)
	360604  -  ResidentSetSize of job (KB)
...
006 (3447449.001.000) 01/30 12:26:36 Image size of job updated: 365192
	353  -  MemoryUsage of job (MB)
	360660  -  ResidentSetSize of job (KB)
...
006 (3447449.001.000) 01/30 12:31:37 Image size of job updated: 365192
	353  -  MemoryUsage of job (MB)
	360704  -  ResidentSetSize of job (KB)
...
006 (3447449.001.000) 01/30 12:51:39 Image size of job updated: 365192
	353  -  MemoryUsage of job (MB)
	360768  -  ResidentSetSize of job (KB)
...
006 (3447449.001.000) 01/30 12:56:39 Image size of job updated: 365192
	353  -  MemoryUsage of job (MB)
	360816  -  ResidentSetSize of job (KB)
...
006 (3447449.001.000) 01/30 13:01:39 Image size of job updated: 365192
	353  -  MemoryUsage of job (MB)
	360940  -  ResidentSetSize of job (KB)
...
006 (3447449.001.000) 01/30 13:06:40 Image size of job updated: 365192
	353  -  MemoryUsage of job (MB)
	361112  -  ResidentSetSize of job (KB)
...
006 (3447449.001.000) 01/30 13:11:41 Image size of job updated: 365228
	353  -  MemoryUsage of job (MB)
	361192  -  ResidentSetSize of job (KB)
...
006 (3447449.001.000) 01/30 13:16:41 Image size of job updated: 365248
	353  -  MemoryUsage of job (MB)
	361232  -  ResidentSetSize of job (KB)
...
006 (3447449.001.000) 01/30 13:21:41 Image size of job updated: 365408
	353  -  MemoryUsage of job (MB)
	361232  -  ResidentSetSize of job (KB)
...
006 (3447449.001.000) 01/30 13:26:42 Image size of job updated: 365512
	353  -  MemoryUsage of job (MB)
	361332  -  ResidentSetSize of job (KB)
...
006 (3447449.001.000) 01/30 13:31:42 Image size of job updated: 365512
	353  -  MemoryUsage of job (MB)
	361380  -  ResidentSetSize of job (KB)
...
006 (3447449.001.000) 01/30 13:36:43 Image size of job updated: 365512
	353  -  MemoryUsage of job (MB)
	361396  -  ResidentSetSize of job (KB)
...
006 (3447449.001.000) 01/30 13:41:44 Image size of job updated: 365512
	353  -  MemoryUsage of job (MB)
	361472  -  ResidentSetSize of job (KB)
...
006 (3447449.001.000) 01/30 13:46:44 Image size of job updated: 365512
	354  -  MemoryUsage of job (MB)
	361620  -  ResidentSetSize of job (KB)
...
006 (3447449.001.000) 01/30 13:51:44 Image size of job updated: 365512
	354  -  MemoryUsage of job (MB)
	361636  -  ResidentSetSize of job (KB)
...
006 (3447449.001.000) 01/30 13:56:45 Image size of job updated: 365512
	354  -  MemoryUsage of job (MB)
	361820  -  ResidentSetSize of job (KB)
...
006 (3447449.001.000) 01/30 14:01:45 Image size of job updated: 365512
	354  -  MemoryUsage of job (MB)
	361892  -  ResidentSetSize of job (KB)
...
006 (3447449.001.000) 01/30 14:06:45 Image size of job updated: 365512
	354  -  MemoryUsage of job (MB)
	362072  -  ResidentSetSize of job (KB)
...
006 (3447449.001.000) 01/30 14:11:46 Image size of job updated: 365512
	354  -  MemoryUsage of job (MB)
	362104  -  ResidentSetSize of job (KB)
...
006 (3447449.001.000) 01/30 14:16:47 Image size of job updated: 365512
	354  -  MemoryUsage of job (MB)
	362240  -  ResidentSetSize of job (KB)
...
006 (3447449.001.000) 01/30 14:21:47 Image size of job updated: 365512
	354  -  MemoryUsage of job (MB)
	362388  -  ResidentSetSize of job (KB)
...
006 (3447449.001.000) 01/30 14:26:47 Image size of job updated: 365512
	354  -  MemoryUsage of job (MB)
	362496  -  ResidentSetSize of job (KB)
...
006 (3447449.001.000) 01/30 14:31:48 Image size of job updated: 365512
	355  -  MemoryUsage of job (MB)
	362608  -  ResidentSetSize of job (KB)
...
006 (3447449.001.000) 01/30 14:36:49 Image size of job updated: 365512
	355  -  MemoryUsage of job (MB)
	362688  -  ResidentSetSize of job (KB)
...
006 (3447449.001.000) 01/30 14:41:49 Image size of job updated: 365512
	355  -  MemoryUsage of job (MB)
	362872  -  ResidentSetSize of job (KB)
...
006 (3447449.001.000) 01/30 14:51:50 Image size of job updated: 365512
	355  -  MemoryUsage of job (MB)
	363008  -  ResidentSetSize of job (KB)
...
006 (3447449.001.000) 01/30 14:56:51 Image size of job updated: 365512
	355  -  MemoryUsage of job (MB)
	363060  -  ResidentSetSize of job (KB)
...
006 (3447449.001.000) 01/30 15:01:51 Image size of job updated: 365512
	355  -  MemoryUsage of job (MB)
	363144  -  ResidentSetSize of job (KB)
...
006 (3447449.001.000) 01/30 15:06:52 Image size of job updated: 365512
	355  -  MemoryUsage of job (MB)
	363164  -  ResidentSetSize of job (KB)
...
006 (3447449.001.000) 01/30 15:11:53 Image size of job updated: 365512
	355  -  MemoryUsage of job (MB)
	363296  -  ResidentSetSize of job (KB)
...
006 (3447449.001.000) 01/30 15:16:53 Image size of job updated: 365512
	355  -  MemoryUsage of job (MB)
	363312  -  ResidentSetSize of job (KB)
...
006 (3447449.001.000) 01/30 15:21:54 Image size of job updated: 365512
	355  -  MemoryUsage of job (MB)
	363424  -  ResidentSetSize of job (KB)
...
006 (3447449.001.000) 01/30 15:26:56 Image size of job updated: 365512
	355  -  MemoryUsage of job (MB)
	363496  -  ResidentSetSize of job (KB)
...
006 (3447449.001.000) 01/30 15:31:56 Image size of job updated: 365512
	356  -  MemoryUsage of job (MB)
	363652  -  ResidentSetSize of job (KB)
...
006 (3447449.001.000) 01/30 15:36:56 Image size of job updated: 365512
	356  -  MemoryUsage of job (MB)
	363716  -  ResidentSetSize of job (KB)
...
006 (3447449.001.000) 01/30 15:41:57 Image size of job updated: 365512
	356  -  MemoryUsage of job (MB)
	363864  -  ResidentSetSize of job (KB)
...
006 (3447449.001.000) 01/30 15:46:58 Image size of job updated: 365512
	356  -  MemoryUsage of job (MB)
	364036  -  ResidentSetSize of job (KB)
...
006 (3447449.001.000) 01/30 15:51:58 Image size of job updated: 365512
	356  -  MemoryUsage of job (MB)
	364120  -  ResidentSetSize of job (KB)
...
006 (3447449.001.000) 01/30 15:56:58 Image size of job updated: 380916
	359  -  MemoryUsage of job (MB)
	366640  -  ResidentSetSize of job (KB)
...
006 (3447449.001.000) 01/30 16:01:58 Image size of job updated: 381024
	359  -  MemoryUsage of job (MB)
	366748  -  ResidentSetSize of job (KB)
...
006 (3447449.001.000) 01/30 16:06:59 Image size of job updated: 381056
	359  -  MemoryUsage of job (MB)
	366780  -  ResidentSetSize of job (KB)
...
006 (3447449.001.000) 01/30 16:12:00 Image size of job updated: 381092
	359  -  MemoryUsage of job (MB)
	366816  -  ResidentSetSize of job (KB)
...
006 (3447449.001.000) 01/30 16:17:00 Image size of job updated: 381132
	359  -  MemoryUsage of job (MB)
	366856  -  ResidentSetSize of job (KB)
...
006 (3447449.001.000) 01/30 16:22:00 Image size of job updated: 381176
	359  -  MemoryUsage of job (MB)
	366900  -  ResidentSetSize of job (KB)
...
006 (3447449.001.000) 01/30 16:27:01 Image size of job updated: 381208
	359  -  MemoryUsage of job (MB)
	366932  -  ResidentSetSize of job (KB)
...
006 (3447449.001.000) 01/30 16:32:02 Image size of job updated: 381308
	359  -  MemoryUsage of job (MB)
	367032  -  ResidentSetSize of job (KB)
...
006 (3447449.001.000) 01/30 16:37:02 Image size of job updated: 381340
	359  -  MemoryUsage of job (MB)
	367064  -  ResidentSetSize of job (KB)
...
006 (3447449.001.000) 01/30 16:42:02 Image size of job updated: 381364
	359  -  MemoryUsage of job (MB)
	367088  -  ResidentSetSize of job (KB)
...
006 (3447449.001.000) 01/30 16:47:02 Image size of job updated: 381452
	359  -  MemoryUsage of job (MB)
	367176  -  ResidentSetSize of job (KB)
...
006 (3447449.001.000) 01/30 16:52:03 Image size of job updated: 381492
	359  -  MemoryUsage of job (MB)
	367216  -  ResidentSetSize of job (KB)
...
006 (3447449.001.000) 01/30 16:57:04 Image size of job updated: 381572
	359  -  MemoryUsage of job (MB)
	367296  -  ResidentSetSize of job (KB)
...
006 (3447449.001.000) 01/30 17:02:04 Image size of job updated: 381672
	359  -  MemoryUsage of job (MB)
	367396  -  ResidentSetSize of job (KB)
...
006 (3447449.001.000) 01/30 17:07:05 Image size of job updated: 381724
	359  -  MemoryUsage of job (MB)
	367448  -  ResidentSetSize of job (KB)
...
006 (3447449.001.000) 01/30 17:12:06 Image size of job updated: 381760
	359  -  MemoryUsage of job (MB)
	367484  -  ResidentSetSize of job (KB)
...
006 (3447449.001.000) 01/30 17:17:07 Image size of job updated: 381848
	359  -  MemoryUsage of job (MB)
	367572  -  ResidentSetSize of job (KB)
...
006 (3447449.001.000) 01/30 17:22:07 Image size of job updated: 381884
	359  -  MemoryUsage of job (MB)
	367608  -  ResidentSetSize of job (KB)
...
006 (3447449.001.000) 01/30 17:27:08 Image size of job updated: 381944
	360  -  MemoryUsage of job (MB)
	367668  -  ResidentSetSize of job (KB)
...
006 (3447449.001.000) 01/30 17:32:09 Image size of job updated: 381996
	360  -  MemoryUsage of job (MB)
	367720  -  ResidentSetSize of job (KB)
...
006 (3447449.001.000) 01/30 17:37:09 Image size of job updated: 382060
	360  -  MemoryUsage of job (MB)
	367784  -  ResidentSetSize of job (KB)
...
006 (3447449.001.000) 01/30 17:42:09 Image size of job updated: 382104
	360  -  MemoryUsage of job (MB)
	367828  -  ResidentSetSize of job (KB)
...
006 (3447449.001.000) 01/30 17:47:10 Image size of job updated: 382140
	360  -  MemoryUsage of job (MB)
	367864  -  ResidentSetSize of job (KB)
...
006 (3447449.001.000) 01/30 17:52:11 Image size of job updated: 382224
	360  -  MemoryUsage of job (MB)
	367948  -  ResidentSetSize of job (KB)
...
006 (3447449.001.000) 01/30 17:57:11 Image size of job updated: 382324
	360  -  MemoryUsage of job (MB)
	368048  -  ResidentSetSize of job (KB)
...
006 (3447449.001.000) 01/30 18:02:11 Image size of job updated: 382336
	360  -  MemoryUsage of job (MB)
	368060  -  ResidentSetSize of job (KB)
...
006 (3447449.001.000) 01/30 18:07:12 Image size of job updated: 382396
	360  -  MemoryUsage of job (MB)
	368120  -  ResidentSetSize of job (KB)
...
006 (3447449.001.000) 01/30 18:12:12 Image size of job updated: 382496
	360  -  MemoryUsage of job (MB)
	368220  -  ResidentSetSize of job (KB)
...
006 (3447449.001.000) 01/30 18:22:13 Image size of job updated: 382548
	360  -  MemoryUsage of job (MB)
	368272  -  ResidentSetSize of job (KB)
...
006 (3447449.001.000) 01/30 18:27:14 Image size of job updated: 382612
	360  -  MemoryUsage of job (MB)
	368336  -  ResidentSetSize of job (KB)
...
006 (3447449.001.000) 01/30 18:32:14 Image size of job updated: 382664
	360  -  MemoryUsage of job (MB)
	368388  -  ResidentSetSize of job (KB)
...
006 (3447449.001.000) 01/30 18:37:14 Image size of job updated: 382704
	360  -  MemoryUsage of job (MB)
	368428  -  ResidentSetSize of job (KB)
...
006 (3447449.001.000) 01/30 18:42:15 Image size of job updated: 382780
	360  -  MemoryUsage of job (MB)
	368504  -  ResidentSetSize of job (KB)
...
006 (3447449.001.000) 01/30 18:47:17 Image size of job updated: 382820
	360  -  MemoryUsage of job (MB)
	368544  -  ResidentSetSize of job (KB)
...
006 (3447449.001.000) 01/30 18:52:17 Image size of job updated: 382888
	360  -  MemoryUsage of job (MB)
	368612  -  ResidentSetSize of job (KB)
...
006 (3447449.001.000) 01/30 18:57:17 Image size of job updated: 382936
	361  -  MemoryUsage of job (MB)
	368660  -  ResidentSetSize of job (KB)
...
006 (3447449.001.000) 01/30 19:02:18 Image size of job updated: 383024
	361  -  MemoryUsage of job (MB)
	368748  -  ResidentSetSize of job (KB)
...
006 (3447449.001.000) 01/30 19:07:20 Image size of job updated: 383052
	361  -  MemoryUsage of job (MB)
	368776  -  ResidentSetSize of job (KB)
...
006 (3447449.001.000) 01/30 19:12:20 Image size of job updated: 383172
	361  -  MemoryUsage of job (MB)
	368896  -  ResidentSetSize of job (KB)
...
006 (3447449.001.000) 01/30 19:17:20 Image size of job updated: 383252
	361  -  MemoryUsage of job (MB)
	368976  -  ResidentSetSize of job (KB)
...
006 (3447449.001.000) 01/30 19:22:21 Image size of job updated: 383320
	361  -  MemoryUsage of job (MB)
	369044  -  ResidentSetSize of job (KB)
...
006 (3447449.001.000) 01/30 19:27:22 Image size of job updated: 383364
	361  -  MemoryUsage of job (MB)
	369088  -  ResidentSetSize of job (KB)
...
006 (3447449.001.000) 01/30 19:32:22 Image size of job updated: 383476
	361  -  MemoryUsage of job (MB)
	369200  -  ResidentSetSize of job (KB)
...
006 (3447449.001.000) 01/30 19:37:22 Image size of job updated: 383528
	361  -  MemoryUsage of job (MB)
	369252  -  ResidentSetSize of job (KB)
...
006 (3447449.001.000) 01/30 19:42:23 Image size of job updated: 383560
	361  -  MemoryUsage of job (MB)
	369284  -  ResidentSetSize of job (KB)
...
006 (3447449.001.000) 01/30 19:47:24 Image size of job updated: 383628
	361  -  MemoryUsage of job (MB)
	369352  -  ResidentSetSize of job (KB)
...
006 (3447449.001.000) 01/30 19:52:24 Image size of job updated: 383628
	361  -  MemoryUsage of job (MB)
	369416  -  ResidentSetSize of job (KB)
...
006 (3447449.001.000) 01/30 19:57:24 Image size of job updated: 383628
	361  -  MemoryUsage of job (MB)
	369496  -  ResidentSetSize of job (KB)
...
006 (3447449.001.000) 01/30 20:02:25 Image size of job updated: 383628
	361  -  MemoryUsage of job (MB)
	369572  -  ResidentSetSize of job (KB)
...
006 (3447449.001.000) 01/30 20:07:26 Image size of job updated: 383628
	362  -  MemoryUsage of job (MB)
	369668  -  ResidentSetSize of job (KB)
...
006 (3447449.001.000) 01/30 20:12:26 Image size of job updated: 383628
	362  -  MemoryUsage of job (MB)
	369736  -  ResidentSetSize of job (KB)
...
006 (3447449.001.000) 01/30 20:17:26 Image size of job updated: 383628
	362  -  MemoryUsage of job (MB)
	369804  -  ResidentSetSize of job (KB)
...
006 (3447449.001.000) 01/30 20:22:27 Image size of job updated: 383628
	362  -  MemoryUsage of job (MB)
	369840  -  ResidentSetSize of job (KB)
...
006 (3447449.001.000) 01/30 20:27:27 Image size of job updated: 383628
	362  -  MemoryUsage of job (MB)
	369928  -  ResidentSetSize of job (KB)
...
006 (3447449.001.000) 01/30 20:32:27 Image size of job updated: 383628
	362  -  MemoryUsage of job (MB)
	369988  -  ResidentSetSize of job (KB)
...
006 (3447449.001.000) 01/30 20:37:28 Image size of job updated: 383628
	362  -  MemoryUsage of job (MB)
	370000  -  ResidentSetSize of job (KB)
...
006 (3447449.001.000) 01/30 20:42:29 Image size of job updated: 383628
	362  -  MemoryUsage of job (MB)
	370060  -  ResidentSetSize of job (KB)
...
006 (3447449.001.000) 01/30 20:47:29 Image size of job updated: 383628
	362  -  MemoryUsage of job (MB)
	370112  -  ResidentSetSize of job (KB)
...
006 (3447449.001.000) 01/30 20:52:29 Image size of job updated: 383628
	362  -  MemoryUsage of job (MB)
	370176  -  ResidentSetSize of job (KB)
...
006 (3447449.001.000) 01/30 20:57:30 Image size of job updated: 383628
	362  -  MemoryUsage of job (MB)
	370244  -  ResidentSetSize of job (KB)
...
006 (3447449.001.000) 01/30 21:02:31 Image size of job updated: 383628
	362  -  MemoryUsage of job (MB)
	370324  -  ResidentSetSize of job (KB)
...
006 (3447449.001.000) 01/30 21:07:31 Image size of job updated: 383628
	362  -  MemoryUsage of job (MB)
	370336  -  ResidentSetSize of job (KB)
...
006 (3447449.001.000) 01/30 21:12:31 Image size of job updated: 383628
	362  -  MemoryUsage of job (MB)
	370376  -  ResidentSetSize of job (KB)
...
006 (3447449.001.000) 01/30 21:17:32 Image size of job updated: 383628
	362  -  MemoryUsage of job (MB)
	370392  -  ResidentSetSize of job (KB)
...
006 (3447449.001.000) 01/30 21:22:32 Image size of job updated: 383628
	362  -  MemoryUsage of job (MB)
	370536  -  ResidentSetSize of job (KB)
...
006 (3447449.001.000) 01/30 21:27:33 Image size of job updated: 383628
	362  -  MemoryUsage of job (MB)
	370624  -  ResidentSetSize of job (KB)
...
006 (3447449.001.000) 01/30 21:32:33 Image size of job updated: 383628
	363  -  MemoryUsage of job (MB)
	370692  -  ResidentSetSize of job (KB)
...
006 (3447449.001.000) 01/30 21:37:33 Image size of job updated: 383628
	363  -  MemoryUsage of job (MB)
	370732  -  ResidentSetSize of job (KB)
...
006 (3447449.001.000) 01/30 21:42:34 Image size of job updated: 383628
	363  -  MemoryUsage of job (MB)
	370768  -  ResidentSetSize of job (KB)
...
006 (3447449.001.000) 01/30 21:47:35 Image size of job updated: 383628
	363  -  MemoryUsage of job (MB)
	370872  -  ResidentSetSize of job (KB)
...
006 (3447449.001.000) 01/30 21:52:35 Image size of job updated: 383628
	363  -  MemoryUsage of job (MB)
	370956  -  ResidentSetSize of job (KB)
...
006 (3447449.001.000) 01/30 21:57:35 Image size of job updated: 383628
	363  -  MemoryUsage of job (MB)
	371184  -  ResidentSetSize of job (KB)
...
006 (3447449.001.000) 01/30 22:02:36 Image size of job updated: 383628
	363  -  MemoryUsage of job (MB)
	371368  -  ResidentSetSize of job (KB)
...
006 (3447449.001.000) 01/30 22:07:37 Image size of job updated: 383628
	363  -  MemoryUsage of job (MB)
	371396  -  ResidentSetSize of job (KB)
...
006 (3447449.001.000) 01/30 22:42:39 Image size of job updated: 383628
	363  -  MemoryUsage of job (MB)
	371444  -  ResidentSetSize of job (KB)
...
006 (3447449.001.000) 01/30 22:47:40 Image size of job updated: 383628
	363  -  MemoryUsage of job (MB)
	371552  -  ResidentSetSize of job (KB)
...
006 (3447449.001.000) 01/30 22:52:41 Image size of job updated: 383628
	363  -  MemoryUsage of job (MB)
	371556  -  ResidentSetSize of job (KB)
...
006 (3447449.001.000) 01/30 22:57:41 Image size of job updated: 383628
	363  -  MemoryUsage of job (MB)
	371568  -  ResidentSetSize of job (KB)
...
006 (3447449.001.000) 01/30 23:02:41 Image size of job updated: 383628
	363  -  MemoryUsage of job (MB)
	371584  -  ResidentSetSize of job (KB)
...
006 (3447449.001.000) 01/30 23:07:42 Image size of job updated: 383628
	363  -  MemoryUsage of job (MB)
	371592  -  ResidentSetSize of job (KB)
...
006 (3447449.001.000) 01/30 23:12:43 Image size of job updated: 383628
	363  -  MemoryUsage of job (MB)
	371608  -  ResidentSetSize of job (KB)
...
006 (3447449.001.000) 01/30 23:17:43 Image size of job updated: 383628
	363  -  MemoryUsage of job (MB)
	371616  -  ResidentSetSize of job (KB)
...
006 (3447449.001.000) 01/30 23:22:43 Image size of job updated: 383628
	363  -  MemoryUsage of job (MB)
	371640  -  ResidentSetSize of job (KB)
...
006 (3447449.001.000) 01/30 23:27:44 Image size of job updated: 383628
	363  -  MemoryUsage of job (MB)
	371660  -  ResidentSetSize of job (KB)
...
006 (3447449.001.000) 01/30 23:32:46 Image size of job updated: 383628
	363  -  MemoryUsage of job (MB)
	371664  -  ResidentSetSize of job (KB)
...
006 (3447449.001.000) 01/30 23:57:48 Image size of job updated: 383628
	363  -  MemoryUsage of job (MB)
	371696  -  ResidentSetSize of job (KB)
...
006 (3447449.001.000) 01/31 00:02:48 Image size of job updated: 383628
	363  -  MemoryUsage of job (MB)
	371704  -  ResidentSetSize of job (KB)
...
006 (3447449.001.000) 01/31 00:12:49 Image size of job updated: 383628
	364  -  MemoryUsage of job (MB)
	371732  -  ResidentSetSize of job (KB)
...
006 (3447449.001.000) 01/31 00:17:50 Image size of job updated: 383628
	364  -  MemoryUsage of job (MB)
	371736  -  ResidentSetSize of job (KB)
...
006 (3447449.001.000) 01/31 00:22:50 Image size of job updated: 383628
	364  -  MemoryUsage of job (MB)
	371768  -  ResidentSetSize of job (KB)
...
006 (3447449.001.000) 01/31 00:27:50 Image size of job updated: 383628
	364  -  MemoryUsage of job (MB)
	371792  -  ResidentSetSize of job (KB)
...
006 (3447449.001.000) 01/31 00:32:51 Image size of job updated: 383628
	364  -  MemoryUsage of job (MB)
	371796  -  ResidentSetSize of job (KB)
...
006 (3447449.001.000) 01/31 00:47:53 Image size of job updated: 383628
	364  -  MemoryUsage of job (MB)
	371812  -  ResidentSetSize of job (KB)
...
006 (3447449.001.000) 01/31 00:52:55 Image size of job updated: 383628
	364  -  MemoryUsage of job (MB)
	371848  -  ResidentSetSize of job (KB)
...
006 (3447449.001.000) 01/31 00:57:55 Image size of job updated: 383628
	364  -  MemoryUsage of job (MB)
	371868  -  ResidentSetSize of job (KB)
...
006 (3447449.001.000) 01/31 01:02:55 Image size of job updated: 383628
	364  -  MemoryUsage of job (MB)
	371888  -  ResidentSetSize of job (KB)
...
006 (3447449.001.000) 01/31 01:07:56 Image size of job updated: 383628
	364  -  MemoryUsage of job (MB)
	371904  -  ResidentSetSize of job (KB)
...
006 (3447449.001.000) 01/31 01:12:57 Image size of job updated: 383628
	364  -  MemoryUsage of job (MB)
	371976  -  ResidentSetSize of job (KB)
...
006 (3447449.001.000) 01/31 01:17:57 Image size of job updated: 383628
	364  -  MemoryUsage of job (MB)
	371984  -  ResidentSetSize of job (KB)
...
006 (3447449.001.000) 01/31 01:27:58 Image size of job updated: 383628
	364  -  MemoryUsage of job (MB)
	372032  -  ResidentSetSize of job (KB)
...
006 (3447449.001.000) 01/31 01:32:59 Image size of job updated: 383628
	364  -  MemoryUsage of job (MB)
	372040  -  ResidentSetSize of job (KB)
...
006 (3447449.001.000) 01/31 01:37:59 Image size of job updated: 383628
	364  -  MemoryUsage of job (MB)
	372072  -  ResidentSetSize of job (KB)
...
006 (3447449.001.000) 01/31 01:48:00 Image size of job updated: 383628
	364  -  MemoryUsage of job (MB)
	372116  -  ResidentSetSize of job (KB)
...
006 (3447449.001.000) 01/31 01:53:01 Image size of job updated: 383628
	364  -  MemoryUsage of job (MB)
	372120  -  ResidentSetSize of job (KB)
...
006 (3447449.001.000) 01/31 01:58:01 Image size of job updated: 383628
	364  -  MemoryUsage of job (MB)
	372168  -  ResidentSetSize of job (KB)
...
006 (3447449.001.000) 01/31 11:19:00 Image size of job updated: 383628
	364  -  MemoryUsage of job (MB)
	372184  -  ResidentSetSize of job (KB)
...
006 (3447449.001.000) 01/31 11:24:01 Image size of job updated: 383628
	364  -  MemoryUsage of job (MB)
	372200  -  ResidentSetSize of job (KB)
...
006 (3447449.001.000) 01/31 11:39:02 Image size of job updated: 383628
	364  -  MemoryUsage of job (MB)
	372252  -  ResidentSetSize of job (KB)
...
006 (3447449.001.000) 01/31 11:54:04 Image size of job updated: 383628
	364  -  MemoryUsage of job (MB)
	372308  -  ResidentSetSize of job (KB)
...
006 (3447449.001.000) 01/31 11:59:05 Image size of job updated: 383628
	364  -  MemoryUsage of job (MB)
	372368  -  ResidentSetSize of job (KB)
...
006 (3447449.001.000) 01/31 12:04:07 Image size of job updated: 383628
	364  -  MemoryUsage of job (MB)
	372452  -  ResidentSetSize of job (KB)
...
006 (3447449.001.000) 01/31 12:09:07 Image size of job updated: 383628
	364  -  MemoryUsage of job (MB)
	372476  -  ResidentSetSize of job (KB)
...
006 (3447449.001.000) 01/31 12:14:07 Image size of job updated: 383628
	364  -  MemoryUsage of job (MB)
	372488  -  ResidentSetSize of job (KB)
...
006 (3447449.001.000) 01/31 12:44:11 Image size of job updated: 383628
	364  -  MemoryUsage of job (MB)
	372504  -  ResidentSetSize of job (KB)
...
006 (3447449.001.000) 01/31 12:49:11 Image size of job updated: 383628
	364  -  MemoryUsage of job (MB)
	372568  -  ResidentSetSize of job (KB)
...
006 (3447449.001.000) 01/31 12:54:12 Image size of job updated: 383628
	364  -  MemoryUsage of job (MB)
	372680  -  ResidentSetSize of job (KB)
...
006 (3447449.001.000) 01/31 12:59:13 Image size of job updated: 383628
	364  -  MemoryUsage of job (MB)
	372692  -  ResidentSetSize of job (KB)
...
006 (3447449.001.000) 01/31 13:04:13 Image size of job updated: 383628
	364  -  MemoryUsage of job (MB)
	372704  -  ResidentSetSize of job (KB)
...
006 (3447449.001.000) 01/31 13:29:16 Image size of job updated: 383628
	364  -  MemoryUsage of job (MB)
	372708  -  ResidentSetSize of job (KB)
...
006 (3447449.001.000) 01/31 13:34:17 Image size of job updated: 383628
	364  -  MemoryUsage of job (MB)
	372712  -  ResidentSetSize of job (KB)
...
006 (3447449.001.000) 01/31 13:39:17 Image size of job updated: 383628
	364  -  MemoryUsage of job (MB)
	372724  -  ResidentSetSize of job (KB)
...
006 (3447449.001.000) 01/31 13:44:17 Image size of job updated: 383628
	365  -  MemoryUsage of job (MB)
	372748  -  ResidentSetSize of job (KB)
...
006 (3447449.001.000) 01/31 13:49:18 Image size of job updated: 383628
	365  -  MemoryUsage of job (MB)
	372760  -  ResidentSetSize of job (KB)
...
006 (3447449.001.000) 01/31 13:54:19 Image size of job updated: 383628
	365  -  MemoryUsage of job (MB)
	372768  -  ResidentSetSize of job (KB)
...
006 (3447449.001.000) 01/31 13:59:19 Image size of job updated: 383628
	365  -  MemoryUsage of job (MB)
	372776  -  ResidentSetSize of job (KB)
...
006 (3447449.001.000) 01/31 14:04:19 Image size of job updated: 383628
	365  -  MemoryUsage of job (MB)
	372800  -  ResidentSetSize of job (KB)
...
006 (3447449.001.000) 01/31 14:14:21 Image size of job updated: 383628
	365  -  MemoryUsage of job (MB)
	372808  -  ResidentSetSize of job (KB)
...
006 (3447449.001.000) 01/31 14:19:21 Image size of job updated: 383628
	365  -  MemoryUsage of job (MB)
	372816  -  ResidentSetSize of job (KB)
...
006 (3447449.001.000) 01/31 14:24:21 Image size of job updated: 383628
	365  -  MemoryUsage of job (MB)
	372864  -  ResidentSetSize of job (KB)
...
006 (3447449.001.000) 01/31 14:29:22 Image size of job updated: 383628
	365  -  MemoryUsage of job (MB)
	372872  -  ResidentSetSize of job (KB)
...
006 (3447449.001.000) 01/31 14:34:23 Image size of job updated: 383628
	365  -  MemoryUsage of job (MB)
	372876  -  ResidentSetSize of job (KB)
...
006 (3447449.001.000) 01/31 14:39:23 Image size of job updated: 383628
	365  -  MemoryUsage of job (MB)
	372904  -  ResidentSetSize of job (KB)
...
006 (3447449.001.000) 01/31 14:44:23 Image size of job updated: 383628
	365  -  MemoryUsage of job (MB)
	372912  -  ResidentSetSize of job (KB)
...
006 (3447449.001.000) 01/31 14:54:25 Image size of job updated: 383628
	365  -  MemoryUsage of job (MB)
	372928  -  ResidentSetSize of job (KB)
...
006 (3447449.001.000) 01/31 14:59:25 Image size of job updated: 383628
	365  -  MemoryUsage of job (MB)
	372948  -  ResidentSetSize of job (KB)
...
006 (3447449.001.000) 01/31 15:04:26 Image size of job updated: 383628
	365  -  MemoryUsage of job (MB)
	372956  -  ResidentSetSize of job (KB)
...
006 (3447449.001.000) 01/31 15:09:27 Image size of job updated: 383628
	365  -  MemoryUsage of job (MB)
	373000  -  ResidentSetSize of job (KB)
...
006 (3447449.001.000) 01/31 15:19:27 Image size of job updated: 383628
	365  -  MemoryUsage of job (MB)
	373028  -  ResidentSetSize of job (KB)
...
006 (3447449.001.000) 01/31 15:24:28 Image size of job updated: 383628
	365  -  MemoryUsage of job (MB)
	373040  -  ResidentSetSize of job (KB)
...
006 (3447449.001.000) 01/31 15:29:29 Image size of job updated: 383628
	365  -  MemoryUsage of job (MB)
	373088  -  ResidentSetSize of job (KB)
...
006 (3447449.001.000) 01/31 15:39:29 Image size of job updated: 383628
	365  -  MemoryUsage of job (MB)
	373100  -  ResidentSetSize of job (KB)
...
006 (3447449.001.000) 01/31 15:44:30 Image size of job updated: 383628
	365  -  MemoryUsage of job (MB)
	373104  -  ResidentSetSize of job (KB)
...
006 (3447449.001.000) 01/31 15:49:31 Image size of job updated: 383628
	365  -  MemoryUsage of job (MB)
	373140  -  ResidentSetSize of job (KB)
...
006 (3447449.001.000) 01/31 15:54:31 Image size of job updated: 383628
	365  -  MemoryUsage of job (MB)
	373148  -  ResidentSetSize of job (KB)
...
006 (3447449.001.000) 01/31 15:59:31 Image size of job updated: 383628
	365  -  MemoryUsage of job (MB)
	373200  -  ResidentSetSize of job (KB)
...
006 (3447449.001.000) 01/31 16:04:31 Image size of job updated: 383628
	365  -  MemoryUsage of job (MB)
	373204  -  ResidentSetSize of job (KB)
...
006 (3447449.001.000) 01/31 16:09:32 Image size of job updated: 383628
	365  -  MemoryUsage of job (MB)
	373252  -  ResidentSetSize of job (KB)
...
006 (3447449.001.000) 01/31 16:34:35 Image size of job updated: 383628
	365  -  MemoryUsage of job (MB)
	373260  -  ResidentSetSize of job (KB)
...
006 (3447449.001.000) 01/31 16:44:35 Image size of job updated: 383628
	365  -  MemoryUsage of job (MB)
	373280  -  ResidentSetSize of job (KB)
...
006 (3447449.001.000) 01/31 16:49:36 Image size of job updated: 383628
	365  -  MemoryUsage of job (MB)
	373292  -  ResidentSetSize of job (KB)
...
006 (3447449.001.000) 01/31 16:54:36 Image size of job updated: 383628
	365  -  MemoryUsage of job (MB)
	373332  -  ResidentSetSize of job (KB)
...
006 (3447449.001.000) 01/31 17:15:27 Image size of job updated: 383628
	365  -  MemoryUsage of job (MB)
	373348  -  ResidentSetSize of job (KB)
...
006 (3447449.001.000) 01/31 17:19:39 Image size of job updated: 383628
	365  -  MemoryUsage of job (MB)
	373352  -  ResidentSetSize of job (KB)
...
006 (3447449.001.000) 01/31 17:24:39 Image size of job updated: 383628
	365  -  MemoryUsage of job (MB)
	373356  -  ResidentSetSize of job (KB)
...
006 (3447449.001.000) 01/31 17:29:40 Image size of job updated: 383628
	365  -  MemoryUsage of job (MB)
	373372  -  ResidentSetSize of job (KB)
...
006 (3447449.001.000) 01/31 17:35:17 Image size of job updated: 383628
	365  -  MemoryUsage of job (MB)
	373424  -  ResidentSetSize of job (KB)
...
040 (3447449.001.000) 02/01 07:54:35 Started transferring input files
	Transferring to host: <128.142.111.128:9618?addrs=128.142.111.128-9618+[--1]-9618&noUDP&sock=2003_0b6b_25112>
...
040 (3447449.001.000) 02/01 07:54:35 Finished transferring input files
...
001 (3447449.001.000) 02/01 07:54:36 Job executing on host: <128.142.111.128:9618?addrs=128.142.111.128-9618+[--1]-9618&noUDP&sock=1794_1cfe_3>
...
006 (3447449.001.000) 02/01 07:55:37 Image size of job updated: 913348
	367  -  MemoryUsage of job (MB)
	375000  -  ResidentSetSize of job (KB)
...
040 (3447449.001.000) 02/01 07:55:37 Started transferring output files
...
040 (3447449.001.000) 02/01 07:55:37 Finished transferring output files
...
005 (3447449.001.000) 02/01 07:55:37 Job terminated.
	(1) Normal termination (return value 0)
		Usr 0 00:00:08, Sys 0 00:00:06  -  Run Remote Usage
		Usr 0 00:00:00, Sys 0 00:00:00  -  Run Local Usage
		Usr 0 00:00:08, Sys 0 00:00:06  -  Total Remote Usage
		Usr 0 00:00:00, Sys 0 00:00:00  -  Total Local Usage
	9715  -  Run Bytes Sent By Job
	493  -  Run Bytes Received By Job
	9715  -  Total Bytes Sent By Job
	986  -  Total Bytes Received By Job
	Partitionable Resources :    Usage  Request Allocated 
	   Cpus                 :                 1           
	   Disk (KB)            :       23       40   2143213 
	   Memory (MB)          :      367     2000      2000 
...
