000 (3447447.009.000) 01/30 07:33:49 Job submitted from host: <188.185.71.142:9618?addrs=188.185.71.142-9618+[2001-1458-d00-7--100-388]-9618&alias=bigbird09.cern.ch&noUDP&sock=schedd_2208_1533_7>
...
040 (3447447.009.000) 01/30 07:55:54 Started transferring input files
	Transferring to host: <188.184.213.97:9618?addrs=188.184.213.97-9618+[2001-1458-301-10c--100-173]-9618&noUDP&sock=20460_abb9_198501>
...
040 (3447447.009.000) 01/30 07:55:54 Finished transferring input files
...
001 (3447447.009.000) 01/30 07:55:55 Job executing on host: <188.184.213.97:9618?addrs=188.184.213.97-9618+[2001-1458-301-10c--100-173]-9618&noUDP&sock=20328_e54a_3>
...
006 (3447447.009.000) 01/30 07:56:04 Image size of job updated: 146028
	82  -  MemoryUsage of job (MB)
	83424  -  ResidentSetSize of job (KB)
...
006 (3447447.009.000) 01/30 08:01:05 Image size of job updated: 365968
	353  -  MemoryUsage of job (MB)
	361376  -  ResidentSetSize of job (KB)
...
006 (3447447.009.000) 01/30 08:06:06 Image size of job updated: 365992
	353  -  MemoryUsage of job (MB)
	361400  -  ResidentSetSize of job (KB)
...
006 (3447447.009.000) 01/30 08:11:06 Image size of job updated: 366000
	353  -  MemoryUsage of job (MB)
	361408  -  ResidentSetSize of job (KB)
...
006 (3447447.009.000) 01/30 08:16:07 Image size of job updated: 366052
	353  -  MemoryUsage of job (MB)
	361460  -  ResidentSetSize of job (KB)
...
006 (3447447.009.000) 01/30 08:21:08 Image size of job updated: 366072
	354  -  MemoryUsage of job (MB)
	361480  -  ResidentSetSize of job (KB)
...
006 (3447447.009.000) 01/30 08:26:08 Image size of job updated: 366080
	354  -  MemoryUsage of job (MB)
	361488  -  ResidentSetSize of job (KB)
...
006 (3447447.009.000) 01/30 08:36:09 Image size of job updated: 366084
	354  -  MemoryUsage of job (MB)
	361492  -  ResidentSetSize of job (KB)
...
006 (3447447.009.000) 01/30 08:46:10 Image size of job updated: 366088
	354  -  MemoryUsage of job (MB)
	361496  -  ResidentSetSize of job (KB)
...
006 (3447447.009.000) 01/30 08:56:11 Image size of job updated: 366116
	354  -  MemoryUsage of job (MB)
	361524  -  ResidentSetSize of job (KB)
...
006 (3447447.009.000) 01/30 11:31:26 Image size of job updated: 366152
	354  -  MemoryUsage of job (MB)
	361560  -  ResidentSetSize of job (KB)
...
006 (3447447.009.000) 01/30 11:41:27 Image size of job updated: 366308
	354  -  MemoryUsage of job (MB)
	361716  -  ResidentSetSize of job (KB)
...
006 (3447447.009.000) 01/30 12:11:31 Image size of job updated: 366396
	354  -  MemoryUsage of job (MB)
	361804  -  ResidentSetSize of job (KB)
...
006 (3447447.009.000) 01/30 12:16:31 Image size of job updated: 366444
	354  -  MemoryUsage of job (MB)
	361852  -  ResidentSetSize of job (KB)
...
006 (3447447.009.000) 01/30 12:26:32 Image size of job updated: 366572
	354  -  MemoryUsage of job (MB)
	361980  -  ResidentSetSize of job (KB)
...
006 (3447447.009.000) 01/30 12:31:32 Image size of job updated: 366624
	354  -  MemoryUsage of job (MB)
	362032  -  ResidentSetSize of job (KB)
...
006 (3447447.009.000) 01/30 13:01:36 Image size of job updated: 366668
	354  -  MemoryUsage of job (MB)
	362076  -  ResidentSetSize of job (KB)
...
006 (3447447.009.000) 01/30 13:06:36 Image size of job updated: 366780
	354  -  MemoryUsage of job (MB)
	362188  -  ResidentSetSize of job (KB)
...
006 (3447447.009.000) 01/30 13:11:37 Image size of job updated: 366836
	354  -  MemoryUsage of job (MB)
	362244  -  ResidentSetSize of job (KB)
...
006 (3447447.009.000) 01/30 13:16:38 Image size of job updated: 366932
	354  -  MemoryUsage of job (MB)
	362340  -  ResidentSetSize of job (KB)
...
006 (3447447.009.000) 01/30 13:21:38 Image size of job updated: 366996
	354  -  MemoryUsage of job (MB)
	362404  -  ResidentSetSize of job (KB)
...
006 (3447447.009.000) 01/30 13:26:38 Image size of job updated: 367160
	355  -  MemoryUsage of job (MB)
	362568  -  ResidentSetSize of job (KB)
...
006 (3447447.009.000) 01/30 13:31:40 Image size of job updated: 367160
	355  -  MemoryUsage of job (MB)
	362640  -  ResidentSetSize of job (KB)
...
006 (3447447.009.000) 01/30 13:36:40 Image size of job updated: 367160
	355  -  MemoryUsage of job (MB)
	362716  -  ResidentSetSize of job (KB)
...
006 (3447447.009.000) 01/30 13:41:40 Image size of job updated: 367160
	355  -  MemoryUsage of job (MB)
	362748  -  ResidentSetSize of job (KB)
...
006 (3447447.009.000) 01/30 13:46:41 Image size of job updated: 367160
	355  -  MemoryUsage of job (MB)
	362840  -  ResidentSetSize of job (KB)
...
006 (3447447.009.000) 01/30 13:51:41 Image size of job updated: 367160
	355  -  MemoryUsage of job (MB)
	362880  -  ResidentSetSize of job (KB)
...
006 (3447447.009.000) 01/30 13:56:43 Image size of job updated: 367160
	355  -  MemoryUsage of job (MB)
	363008  -  ResidentSetSize of job (KB)
...
006 (3447447.009.000) 01/30 14:01:43 Image size of job updated: 367160
	355  -  MemoryUsage of job (MB)
	363136  -  ResidentSetSize of job (KB)
...
006 (3447447.009.000) 01/30 14:06:43 Image size of job updated: 367160
	355  -  MemoryUsage of job (MB)
	363264  -  ResidentSetSize of job (KB)
...
006 (3447447.009.000) 01/30 14:11:44 Image size of job updated: 367160
	355  -  MemoryUsage of job (MB)
	363308  -  ResidentSetSize of job (KB)
...
006 (3447447.009.000) 01/30 14:16:45 Image size of job updated: 367160
	355  -  MemoryUsage of job (MB)
	363432  -  ResidentSetSize of job (KB)
...
006 (3447447.009.000) 01/30 14:21:45 Image size of job updated: 367160
	355  -  MemoryUsage of job (MB)
	363520  -  ResidentSetSize of job (KB)
...
006 (3447447.009.000) 01/30 14:26:46 Image size of job updated: 367160
	356  -  MemoryUsage of job (MB)
	363596  -  ResidentSetSize of job (KB)
...
006 (3447447.009.000) 01/30 14:31:47 Image size of job updated: 367160
	356  -  MemoryUsage of job (MB)
	363644  -  ResidentSetSize of job (KB)
...
006 (3447447.009.000) 01/30 14:36:47 Image size of job updated: 367160
	356  -  MemoryUsage of job (MB)
	363728  -  ResidentSetSize of job (KB)
...
006 (3447447.009.000) 01/30 14:41:47 Image size of job updated: 367160
	356  -  MemoryUsage of job (MB)
	363760  -  ResidentSetSize of job (KB)
...
006 (3447447.009.000) 01/30 14:46:48 Image size of job updated: 367160
	356  -  MemoryUsage of job (MB)
	363896  -  ResidentSetSize of job (KB)
...
006 (3447447.009.000) 01/30 14:51:48 Image size of job updated: 367160
	356  -  MemoryUsage of job (MB)
	363972  -  ResidentSetSize of job (KB)
...
006 (3447447.009.000) 01/30 14:56:48 Image size of job updated: 367160
	356  -  MemoryUsage of job (MB)
	364004  -  ResidentSetSize of job (KB)
...
006 (3447447.009.000) 01/30 15:01:49 Image size of job updated: 367160
	356  -  MemoryUsage of job (MB)
	364064  -  ResidentSetSize of job (KB)
...
006 (3447447.009.000) 01/30 15:06:49 Image size of job updated: 367160
	356  -  MemoryUsage of job (MB)
	364220  -  ResidentSetSize of job (KB)
...
006 (3447447.009.000) 01/30 15:11:49 Image size of job updated: 367160
	356  -  MemoryUsage of job (MB)
	364244  -  ResidentSetSize of job (KB)
...
006 (3447447.009.000) 01/30 15:16:50 Image size of job updated: 367160
	356  -  MemoryUsage of job (MB)
	364336  -  ResidentSetSize of job (KB)
...
006 (3447447.009.000) 01/30 15:21:50 Image size of job updated: 367160
	356  -  MemoryUsage of job (MB)
	364440  -  ResidentSetSize of job (KB)
...
006 (3447447.009.000) 01/30 15:26:50 Image size of job updated: 367160
	356  -  MemoryUsage of job (MB)
	364496  -  ResidentSetSize of job (KB)
...
006 (3447447.009.000) 01/30 15:31:52 Image size of job updated: 367160
	357  -  MemoryUsage of job (MB)
	364628  -  ResidentSetSize of job (KB)
...
006 (3447447.009.000) 01/30 15:36:52 Image size of job updated: 367160
	357  -  MemoryUsage of job (MB)
	364688  -  ResidentSetSize of job (KB)
...
006 (3447447.009.000) 01/30 15:41:52 Image size of job updated: 367160
	357  -  MemoryUsage of job (MB)
	364800  -  ResidentSetSize of job (KB)
...
006 (3447447.009.000) 01/30 15:46:54 Image size of job updated: 367160
	357  -  MemoryUsage of job (MB)
	364908  -  ResidentSetSize of job (KB)
...
006 (3447447.009.000) 01/30 15:51:54 Image size of job updated: 367160
	357  -  MemoryUsage of job (MB)
	365056  -  ResidentSetSize of job (KB)
...
006 (3447447.009.000) 01/30 15:56:54 Image size of job updated: 367160
	357  -  MemoryUsage of job (MB)
	365080  -  ResidentSetSize of job (KB)
...
006 (3447447.009.000) 01/30 16:01:56 Image size of job updated: 367160
	357  -  MemoryUsage of job (MB)
	365188  -  ResidentSetSize of job (KB)
...
006 (3447447.009.000) 01/30 16:06:56 Image size of job updated: 367160
	357  -  MemoryUsage of job (MB)
	365228  -  ResidentSetSize of job (KB)
...
006 (3447447.009.000) 01/30 16:11:56 Image size of job updated: 367160
	357  -  MemoryUsage of job (MB)
	365308  -  ResidentSetSize of job (KB)
...
006 (3447447.009.000) 01/30 16:16:58 Image size of job updated: 367160
	357  -  MemoryUsage of job (MB)
	365328  -  ResidentSetSize of job (KB)
...
006 (3447447.009.000) 01/30 16:21:58 Image size of job updated: 367160
	357  -  MemoryUsage of job (MB)
	365468  -  ResidentSetSize of job (KB)
...
006 (3447447.009.000) 01/30 16:26:58 Image size of job updated: 367160
	357  -  MemoryUsage of job (MB)
	365504  -  ResidentSetSize of job (KB)
...
006 (3447447.009.000) 01/30 16:31:59 Image size of job updated: 382376
	359  -  MemoryUsage of job (MB)
	366712  -  ResidentSetSize of job (KB)
...
006 (3447447.009.000) 01/30 16:37:00 Image size of job updated: 384028
	360  -  MemoryUsage of job (MB)
	367936  -  ResidentSetSize of job (KB)
...
006 (3447447.009.000) 01/30 16:42:00 Image size of job updated: 384072
	360  -  MemoryUsage of job (MB)
	367980  -  ResidentSetSize of job (KB)
...
006 (3447447.009.000) 01/30 16:47:01 Image size of job updated: 384132
	360  -  MemoryUsage of job (MB)
	368024  -  ResidentSetSize of job (KB)
...
006 (3447447.009.000) 01/30 16:52:02 Image size of job updated: 384220
	360  -  MemoryUsage of job (MB)
	368112  -  ResidentSetSize of job (KB)
...
006 (3447447.009.000) 01/30 16:57:02 Image size of job updated: 384292
	360  -  MemoryUsage of job (MB)
	368184  -  ResidentSetSize of job (KB)
...
006 (3447447.009.000) 01/30 17:02:03 Image size of job updated: 384328
	360  -  MemoryUsage of job (MB)
	368220  -  ResidentSetSize of job (KB)
...
006 (3447447.009.000) 01/30 17:07:04 Image size of job updated: 384368
	360  -  MemoryUsage of job (MB)
	368260  -  ResidentSetSize of job (KB)
...
006 (3447447.009.000) 01/30 17:17:05 Image size of job updated: 384456
	360  -  MemoryUsage of job (MB)
	368348  -  ResidentSetSize of job (KB)
...
006 (3447447.009.000) 01/30 17:22:06 Image size of job updated: 384460
	360  -  MemoryUsage of job (MB)
	368352  -  ResidentSetSize of job (KB)
...
006 (3447447.009.000) 01/30 17:27:06 Image size of job updated: 384484
	360  -  MemoryUsage of job (MB)
	368376  -  ResidentSetSize of job (KB)
...
006 (3447447.009.000) 01/30 17:32:07 Image size of job updated: 384520
	360  -  MemoryUsage of job (MB)
	368428  -  ResidentSetSize of job (KB)
...
006 (3447447.009.000) 01/30 17:37:08 Image size of job updated: 384568
	360  -  MemoryUsage of job (MB)
	368476  -  ResidentSetSize of job (KB)
...
006 (3447447.009.000) 01/30 17:42:08 Image size of job updated: 384604
	360  -  MemoryUsage of job (MB)
	368512  -  ResidentSetSize of job (KB)
...
006 (3447447.009.000) 01/30 17:47:08 Image size of job updated: 384704
	360  -  MemoryUsage of job (MB)
	368612  -  ResidentSetSize of job (KB)
...
006 (3447447.009.000) 01/30 17:52:09 Image size of job updated: 384748
	361  -  MemoryUsage of job (MB)
	368656  -  ResidentSetSize of job (KB)
...
006 (3447447.009.000) 01/30 17:57:09 Image size of job updated: 384772
	361  -  MemoryUsage of job (MB)
	368680  -  ResidentSetSize of job (KB)
...
006 (3447447.009.000) 01/30 18:02:09 Image size of job updated: 384796
	361  -  MemoryUsage of job (MB)
	368704  -  ResidentSetSize of job (KB)
...
006 (3447447.009.000) 01/30 18:07:11 Image size of job updated: 384920
	361  -  MemoryUsage of job (MB)
	368828  -  ResidentSetSize of job (KB)
...
006 (3447447.009.000) 01/30 18:12:11 Image size of job updated: 384948
	361  -  MemoryUsage of job (MB)
	368856  -  ResidentSetSize of job (KB)
...
006 (3447447.009.000) 01/30 18:17:11 Image size of job updated: 384952
	361  -  MemoryUsage of job (MB)
	368860  -  ResidentSetSize of job (KB)
...
006 (3447447.009.000) 01/30 18:22:12 Image size of job updated: 385008
	361  -  MemoryUsage of job (MB)
	368916  -  ResidentSetSize of job (KB)
...
006 (3447447.009.000) 01/30 18:27:13 Image size of job updated: 385044
	361  -  MemoryUsage of job (MB)
	368952  -  ResidentSetSize of job (KB)
...
006 (3447447.009.000) 01/30 18:32:13 Image size of job updated: 385124
	361  -  MemoryUsage of job (MB)
	369032  -  ResidentSetSize of job (KB)
...
006 (3447447.009.000) 01/30 18:37:14 Image size of job updated: 385200
	361  -  MemoryUsage of job (MB)
	369108  -  ResidentSetSize of job (KB)
...
006 (3447447.009.000) 01/30 18:42:15 Image size of job updated: 385240
	361  -  MemoryUsage of job (MB)
	369148  -  ResidentSetSize of job (KB)
...
006 (3447447.009.000) 01/30 18:47:15 Image size of job updated: 385248
	361  -  MemoryUsage of job (MB)
	369156  -  ResidentSetSize of job (KB)
...
006 (3447447.009.000) 01/30 18:52:16 Image size of job updated: 385316
	361  -  MemoryUsage of job (MB)
	369224  -  ResidentSetSize of job (KB)
...
006 (3447447.009.000) 01/30 18:57:17 Image size of job updated: 385412
	361  -  MemoryUsage of job (MB)
	369320  -  ResidentSetSize of job (KB)
...
006 (3447447.009.000) 01/30 19:02:17 Image size of job updated: 385428
	361  -  MemoryUsage of job (MB)
	369336  -  ResidentSetSize of job (KB)
...
006 (3447447.009.000) 01/30 19:07:18 Image size of job updated: 385484
	361  -  MemoryUsage of job (MB)
	369392  -  ResidentSetSize of job (KB)
...
006 (3447447.009.000) 01/30 19:17:20 Image size of job updated: 385568
	361  -  MemoryUsage of job (MB)
	369476  -  ResidentSetSize of job (KB)
...
006 (3447447.009.000) 01/30 19:22:21 Image size of job updated: 385624
	361  -  MemoryUsage of job (MB)
	369532  -  ResidentSetSize of job (KB)
...
006 (3447447.009.000) 01/30 19:27:21 Image size of job updated: 385636
	361  -  MemoryUsage of job (MB)
	369544  -  ResidentSetSize of job (KB)
...
006 (3447447.009.000) 01/30 19:32:22 Image size of job updated: 385700
	361  -  MemoryUsage of job (MB)
	369608  -  ResidentSetSize of job (KB)
...
006 (3447447.009.000) 01/30 19:42:22 Image size of job updated: 385792
	362  -  MemoryUsage of job (MB)
	369700  -  ResidentSetSize of job (KB)
...
006 (3447447.009.000) 01/30 19:47:23 Image size of job updated: 385848
	362  -  MemoryUsage of job (MB)
	369756  -  ResidentSetSize of job (KB)
...
006 (3447447.009.000) 01/30 19:52:24 Image size of job updated: 385848
	362  -  MemoryUsage of job (MB)
	369796  -  ResidentSetSize of job (KB)
...
006 (3447447.009.000) 01/30 19:57:24 Image size of job updated: 385848
	362  -  MemoryUsage of job (MB)
	369828  -  ResidentSetSize of job (KB)
...
006 (3447447.009.000) 01/30 20:02:25 Image size of job updated: 385848
	362  -  MemoryUsage of job (MB)
	369868  -  ResidentSetSize of job (KB)
...
006 (3447447.009.000) 01/30 20:07:26 Image size of job updated: 385848
	362  -  MemoryUsage of job (MB)
	369904  -  ResidentSetSize of job (KB)
...
006 (3447447.009.000) 01/30 20:12:26 Image size of job updated: 385848
	362  -  MemoryUsage of job (MB)
	369936  -  ResidentSetSize of job (KB)
...
006 (3447447.009.000) 01/30 20:17:27 Image size of job updated: 385848
	362  -  MemoryUsage of job (MB)
	370052  -  ResidentSetSize of job (KB)
...
006 (3447447.009.000) 01/30 20:22:28 Image size of job updated: 385848
	362  -  MemoryUsage of job (MB)
	370056  -  ResidentSetSize of job (KB)
...
006 (3447447.009.000) 01/30 20:27:28 Image size of job updated: 385848
	362  -  MemoryUsage of job (MB)
	370184  -  ResidentSetSize of job (KB)
...
006 (3447447.009.000) 01/30 20:32:29 Image size of job updated: 385848
	362  -  MemoryUsage of job (MB)
	370232  -  ResidentSetSize of job (KB)
...
006 (3447447.009.000) 01/30 20:37:30 Image size of job updated: 385848
	362  -  MemoryUsage of job (MB)
	370272  -  ResidentSetSize of job (KB)
...
006 (3447447.009.000) 01/30 20:47:31 Image size of job updated: 385848
	362  -  MemoryUsage of job (MB)
	370380  -  ResidentSetSize of job (KB)
...
006 (3447447.009.000) 01/30 20:52:32 Image size of job updated: 385848
	362  -  MemoryUsage of job (MB)
	370384  -  ResidentSetSize of job (KB)
...
006 (3447447.009.000) 01/30 20:57:32 Image size of job updated: 385848
	362  -  MemoryUsage of job (MB)
	370464  -  ResidentSetSize of job (KB)
...
006 (3447447.009.000) 01/30 21:02:33 Image size of job updated: 385848
	362  -  MemoryUsage of job (MB)
	370500  -  ResidentSetSize of job (KB)
...
006 (3447447.009.000) 01/30 21:12:34 Image size of job updated: 385848
	362  -  MemoryUsage of job (MB)
	370612  -  ResidentSetSize of job (KB)
...
006 (3447447.009.000) 01/30 21:17:35 Image size of job updated: 385848
	362  -  MemoryUsage of job (MB)
	370660  -  ResidentSetSize of job (KB)
...
006 (3447447.009.000) 01/30 21:22:35 Image size of job updated: 385848
	363  -  MemoryUsage of job (MB)
	370692  -  ResidentSetSize of job (KB)
...
006 (3447447.009.000) 01/30 21:27:36 Image size of job updated: 385848
	363  -  MemoryUsage of job (MB)
	370716  -  ResidentSetSize of job (KB)
...
006 (3447447.009.000) 01/30 21:32:37 Image size of job updated: 385848
	363  -  MemoryUsage of job (MB)
	370752  -  ResidentSetSize of job (KB)
...
006 (3447447.009.000) 01/30 21:37:37 Image size of job updated: 385848
	363  -  MemoryUsage of job (MB)
	370760  -  ResidentSetSize of job (KB)
...
006 (3447447.009.000) 01/30 21:42:37 Image size of job updated: 385848
	363  -  MemoryUsage of job (MB)
	370896  -  ResidentSetSize of job (KB)
...
006 (3447447.009.000) 01/30 21:52:38 Image size of job updated: 385848
	363  -  MemoryUsage of job (MB)
	370996  -  ResidentSetSize of job (KB)
...
006 (3447447.009.000) 01/30 22:02:40 Image size of job updated: 385848
	363  -  MemoryUsage of job (MB)
	371112  -  ResidentSetSize of job (KB)
...
006 (3447447.009.000) 01/30 22:07:40 Image size of job updated: 385848
	363  -  MemoryUsage of job (MB)
	371160  -  ResidentSetSize of job (KB)
...
006 (3447447.009.000) 01/30 22:12:40 Image size of job updated: 385848
	363  -  MemoryUsage of job (MB)
	371180  -  ResidentSetSize of job (KB)
...
006 (3447447.009.000) 01/30 22:17:41 Image size of job updated: 385848
	363  -  MemoryUsage of job (MB)
	371252  -  ResidentSetSize of job (KB)
...
006 (3447447.009.000) 01/30 22:22:41 Image size of job updated: 385848
	363  -  MemoryUsage of job (MB)
	371292  -  ResidentSetSize of job (KB)
...
006 (3447447.009.000) 01/30 22:27:41 Image size of job updated: 385848
	363  -  MemoryUsage of job (MB)
	371300  -  ResidentSetSize of job (KB)
...
006 (3447447.009.000) 01/30 22:32:42 Image size of job updated: 385848
	363  -  MemoryUsage of job (MB)
	371360  -  ResidentSetSize of job (KB)
...
006 (3447447.009.000) 01/30 22:42:42 Image size of job updated: 385848
	363  -  MemoryUsage of job (MB)
	371460  -  ResidentSetSize of job (KB)
...
006 (3447447.009.000) 01/30 22:47:43 Image size of job updated: 385848
	363  -  MemoryUsage of job (MB)
	371468  -  ResidentSetSize of job (KB)
...
006 (3447447.009.000) 01/30 22:52:44 Image size of job updated: 385848
	363  -  MemoryUsage of job (MB)
	371532  -  ResidentSetSize of job (KB)
...
006 (3447447.009.000) 01/30 22:57:44 Image size of job updated: 385848
	363  -  MemoryUsage of job (MB)
	371584  -  ResidentSetSize of job (KB)
...
006 (3447447.009.000) 01/30 23:02:45 Image size of job updated: 385848
	363  -  MemoryUsage of job (MB)
	371636  -  ResidentSetSize of job (KB)
...
006 (3447447.009.000) 01/30 23:07:46 Image size of job updated: 385848
	363  -  MemoryUsage of job (MB)
	371668  -  ResidentSetSize of job (KB)
...
006 (3447447.009.000) 01/30 23:12:46 Image size of job updated: 385848
	364  -  MemoryUsage of job (MB)
	371744  -  ResidentSetSize of job (KB)
...
006 (3447447.009.000) 01/30 23:17:47 Image size of job updated: 385848
	364  -  MemoryUsage of job (MB)
	371792  -  ResidentSetSize of job (KB)
...
006 (3447447.009.000) 01/30 23:22:48 Image size of job updated: 385848
	364  -  MemoryUsage of job (MB)
	371844  -  ResidentSetSize of job (KB)
...
006 (3447447.009.000) 01/30 23:27:48 Image size of job updated: 385848
	364  -  MemoryUsage of job (MB)
	371856  -  ResidentSetSize of job (KB)
...
006 (3447447.009.000) 01/30 23:32:48 Image size of job updated: 385848
	364  -  MemoryUsage of job (MB)
	371920  -  ResidentSetSize of job (KB)
...
006 (3447447.009.000) 01/30 23:37:49 Image size of job updated: 385848
	364  -  MemoryUsage of job (MB)
	371952  -  ResidentSetSize of job (KB)
...
006 (3447447.009.000) 01/30 23:42:50 Image size of job updated: 385848
	364  -  MemoryUsage of job (MB)
	372060  -  ResidentSetSize of job (KB)
...
006 (3447447.009.000) 01/30 23:47:51 Image size of job updated: 385848
	364  -  MemoryUsage of job (MB)
	372068  -  ResidentSetSize of job (KB)
...
006 (3447447.009.000) 01/30 23:52:51 Image size of job updated: 385848
	364  -  MemoryUsage of job (MB)
	372080  -  ResidentSetSize of job (KB)
...
006 (3447447.009.000) 01/30 23:57:52 Image size of job updated: 385848
	364  -  MemoryUsage of job (MB)
	372148  -  ResidentSetSize of job (KB)
...
006 (3447447.009.000) 01/31 00:02:53 Image size of job updated: 385848
	364  -  MemoryUsage of job (MB)
	372256  -  ResidentSetSize of job (KB)
...
006 (3447447.009.000) 01/31 00:07:53 Image size of job updated: 385848
	364  -  MemoryUsage of job (MB)
	372380  -  ResidentSetSize of job (KB)
...
006 (3447447.009.000) 01/31 00:12:54 Image size of job updated: 385848
	364  -  MemoryUsage of job (MB)
	372384  -  ResidentSetSize of job (KB)
...
006 (3447447.009.000) 01/31 00:52:58 Image size of job updated: 385848
	364  -  MemoryUsage of job (MB)
	372424  -  ResidentSetSize of job (KB)
...
006 (3447447.009.000) 01/31 01:02:59 Image size of job updated: 385848
	364  -  MemoryUsage of job (MB)
	372516  -  ResidentSetSize of job (KB)
...
006 (3447447.009.000) 01/31 01:08:00 Image size of job updated: 385848
	364  -  MemoryUsage of job (MB)
	372616  -  ResidentSetSize of job (KB)
...
006 (3447447.009.000) 01/31 01:13:00 Image size of job updated: 385848
	364  -  MemoryUsage of job (MB)
	372652  -  ResidentSetSize of job (KB)
...
006 (3447447.009.000) 01/31 01:18:00 Image size of job updated: 385848
	364  -  MemoryUsage of job (MB)
	372672  -  ResidentSetSize of job (KB)
...
006 (3447447.009.000) 01/31 01:23:02 Image size of job updated: 385848
	364  -  MemoryUsage of job (MB)
	372688  -  ResidentSetSize of job (KB)
...
006 (3447447.009.000) 01/31 01:33:02 Image size of job updated: 385848
	364  -  MemoryUsage of job (MB)
	372700  -  ResidentSetSize of job (KB)
...
006 (3447447.009.000) 01/31 01:38:03 Image size of job updated: 385848
	365  -  MemoryUsage of job (MB)
	372776  -  ResidentSetSize of job (KB)
...
006 (3447447.009.000) 01/31 01:43:04 Image size of job updated: 385848
	365  -  MemoryUsage of job (MB)
	372784  -  ResidentSetSize of job (KB)
...
006 (3447447.009.000) 01/31 01:53:05 Image size of job updated: 385848
	365  -  MemoryUsage of job (MB)
	372816  -  ResidentSetSize of job (KB)
...
006 (3447447.009.000) 01/31 01:58:06 Image size of job updated: 385848
	365  -  MemoryUsage of job (MB)
	372848  -  ResidentSetSize of job (KB)
...
006 (3447447.009.000) 01/31 02:08:06 Image size of job updated: 385848
	365  -  MemoryUsage of job (MB)
	372856  -  ResidentSetSize of job (KB)
...
006 (3447447.009.000) 01/31 02:13:07 Image size of job updated: 385848
	365  -  MemoryUsage of job (MB)
	372860  -  ResidentSetSize of job (KB)
...
006 (3447447.009.000) 01/31 02:18:07 Image size of job updated: 385848
	365  -  MemoryUsage of job (MB)
	372884  -  ResidentSetSize of job (KB)
...
006 (3447447.009.000) 01/31 02:23:07 Image size of job updated: 385848
	365  -  MemoryUsage of job (MB)
	372896  -  ResidentSetSize of job (KB)
...
006 (3447447.009.000) 01/31 02:28:09 Image size of job updated: 385848
	365  -  MemoryUsage of job (MB)
	372900  -  ResidentSetSize of job (KB)
...
006 (3447447.009.000) 01/31 02:33:09 Image size of job updated: 385848
	365  -  MemoryUsage of job (MB)
	372908  -  ResidentSetSize of job (KB)
...
006 (3447447.009.000) 01/31 02:38:09 Image size of job updated: 385848
	365  -  MemoryUsage of job (MB)
	372920  -  ResidentSetSize of job (KB)
...
006 (3447447.009.000) 01/31 02:43:10 Image size of job updated: 385848
	365  -  MemoryUsage of job (MB)
	372924  -  ResidentSetSize of job (KB)
...
006 (3447447.009.000) 01/31 02:48:11 Image size of job updated: 385848
	365  -  MemoryUsage of job (MB)
	372956  -  ResidentSetSize of job (KB)
...
006 (3447447.009.000) 01/31 02:58:11 Image size of job updated: 385848
	365  -  MemoryUsage of job (MB)
	372964  -  ResidentSetSize of job (KB)
...
006 (3447447.009.000) 01/31 03:13:12 Image size of job updated: 385848
	365  -  MemoryUsage of job (MB)
	372976  -  ResidentSetSize of job (KB)
...
006 (3447447.009.000) 01/31 03:23:14 Image size of job updated: 385848
	365  -  MemoryUsage of job (MB)
	372984  -  ResidentSetSize of job (KB)
...
006 (3447447.009.000) 01/31 03:33:15 Image size of job updated: 385848
	365  -  MemoryUsage of job (MB)
	373004  -  ResidentSetSize of job (KB)
...
006 (3447447.009.000) 01/31 03:43:16 Image size of job updated: 385848
	365  -  MemoryUsage of job (MB)
	373008  -  ResidentSetSize of job (KB)
...
006 (3447447.009.000) 01/31 03:48:16 Image size of job updated: 385848
	365  -  MemoryUsage of job (MB)
	373012  -  ResidentSetSize of job (KB)
...
006 (3447447.009.000) 01/31 03:53:17 Image size of job updated: 385848
	365  -  MemoryUsage of job (MB)
	373028  -  ResidentSetSize of job (KB)
...
006 (3447447.009.000) 01/31 03:58:18 Image size of job updated: 385848
	365  -  MemoryUsage of job (MB)
	373040  -  ResidentSetSize of job (KB)
...
006 (3447447.009.000) 01/31 04:03:18 Image size of job updated: 385848
	365  -  MemoryUsage of job (MB)
	373076  -  ResidentSetSize of job (KB)
...
006 (3447447.009.000) 01/31 04:18:20 Image size of job updated: 385848
	365  -  MemoryUsage of job (MB)
	373104  -  ResidentSetSize of job (KB)
...
006 (3447447.009.000) 01/31 04:28:21 Image size of job updated: 385848
	365  -  MemoryUsage of job (MB)
	373132  -  ResidentSetSize of job (KB)
...
006 (3447447.009.000) 01/31 04:33:22 Image size of job updated: 385848
	365  -  MemoryUsage of job (MB)
	373144  -  ResidentSetSize of job (KB)
...
006 (3447447.009.000) 01/31 04:38:22 Image size of job updated: 385848
	365  -  MemoryUsage of job (MB)
	373156  -  ResidentSetSize of job (KB)
...
006 (3447447.009.000) 01/31 04:48:24 Image size of job updated: 385848
	365  -  MemoryUsage of job (MB)
	373176  -  ResidentSetSize of job (KB)
...
006 (3447447.009.000) 01/31 04:53:24 Image size of job updated: 385848
	365  -  MemoryUsage of job (MB)
	373196  -  ResidentSetSize of job (KB)
...
006 (3447447.009.000) 01/31 04:58:24 Image size of job updated: 385848
	365  -  MemoryUsage of job (MB)
	373208  -  ResidentSetSize of job (KB)
...
006 (3447447.009.000) 01/31 05:08:26 Image size of job updated: 385848
	365  -  MemoryUsage of job (MB)
	373248  -  ResidentSetSize of job (KB)
...
006 (3447447.009.000) 01/31 05:18:27 Image size of job updated: 385848
	365  -  MemoryUsage of job (MB)
	373268  -  ResidentSetSize of job (KB)
...
006 (3447447.009.000) 01/31 06:23:33 Image size of job updated: 385848
	365  -  MemoryUsage of job (MB)
	373284  -  ResidentSetSize of job (KB)
...
006 (3447447.009.000) 01/31 06:28:34 Image size of job updated: 385848
	365  -  MemoryUsage of job (MB)
	373304  -  ResidentSetSize of job (KB)
...
006 (3447447.009.000) 01/31 06:33:34 Image size of job updated: 385848
	365  -  MemoryUsage of job (MB)
	373308  -  ResidentSetSize of job (KB)
...
006 (3447447.009.000) 01/31 06:43:36 Image size of job updated: 385848
	365  -  MemoryUsage of job (MB)
	373344  -  ResidentSetSize of job (KB)
...
006 (3447447.009.000) 01/31 06:48:36 Image size of job updated: 385848
	365  -  MemoryUsage of job (MB)
	373348  -  ResidentSetSize of job (KB)
...
006 (3447447.009.000) 01/31 06:53:37 Image size of job updated: 385848
	365  -  MemoryUsage of job (MB)
	373360  -  ResidentSetSize of job (KB)
...
006 (3447447.009.000) 01/31 07:08:38 Image size of job updated: 385848
	365  -  MemoryUsage of job (MB)
	373372  -  ResidentSetSize of job (KB)
...
006 (3447447.009.000) 01/31 07:28:40 Image size of job updated: 385848
	365  -  MemoryUsage of job (MB)
	373468  -  ResidentSetSize of job (KB)
...
006 (3447447.009.000) 01/31 07:33:41 Image size of job updated: 385848
	365  -  MemoryUsage of job (MB)
	373476  -  ResidentSetSize of job (KB)
...
006 (3447447.009.000) 01/31 07:38:41 Image size of job updated: 385848
	365  -  MemoryUsage of job (MB)
	373488  -  ResidentSetSize of job (KB)
...
006 (3447447.009.000) 01/31 07:43:42 Image size of job updated: 385848
	365  -  MemoryUsage of job (MB)
	373492  -  ResidentSetSize of job (KB)
...
006 (3447447.009.000) 01/31 08:03:44 Image size of job updated: 385848
	365  -  MemoryUsage of job (MB)
	373560  -  ResidentSetSize of job (KB)
...
006 (3447447.009.000) 01/31 08:23:46 Image size of job updated: 385848
	365  -  MemoryUsage of job (MB)
	373592  -  ResidentSetSize of job (KB)
...
006 (3447447.009.000) 01/31 08:28:46 Image size of job updated: 385848
	365  -  MemoryUsage of job (MB)
	373640  -  ResidentSetSize of job (KB)
...
006 (3447447.009.000) 01/31 08:33:46 Image size of job updated: 385848
	365  -  MemoryUsage of job (MB)
	373704  -  ResidentSetSize of job (KB)
...
006 (3447447.009.000) 01/31 08:43:47 Image size of job updated: 385848
	365  -  MemoryUsage of job (MB)
	373724  -  ResidentSetSize of job (KB)
...
006 (3447447.009.000) 01/31 08:48:47 Image size of job updated: 385848
	365  -  MemoryUsage of job (MB)
	373760  -  ResidentSetSize of job (KB)
...
006 (3447447.009.000) 01/31 08:53:48 Image size of job updated: 385848
	366  -  MemoryUsage of job (MB)
	373764  -  ResidentSetSize of job (KB)
...
006 (3447447.009.000) 01/31 08:58:49 Image size of job updated: 385848
	366  -  MemoryUsage of job (MB)
	373796  -  ResidentSetSize of job (KB)
...
006 (3447447.009.000) 01/31 09:13:51 Image size of job updated: 385848
	366  -  MemoryUsage of job (MB)
	373880  -  ResidentSetSize of job (KB)
...
006 (3447447.009.000) 01/31 09:18:51 Image size of job updated: 385848
	366  -  MemoryUsage of job (MB)
	373888  -  ResidentSetSize of job (KB)
...
006 (3447447.009.000) 01/31 09:23:51 Image size of job updated: 385848
	366  -  MemoryUsage of job (MB)
	373928  -  ResidentSetSize of job (KB)
...
006 (3447447.009.000) 01/31 09:48:54 Image size of job updated: 385848
	366  -  MemoryUsage of job (MB)
	373936  -  ResidentSetSize of job (KB)
...
006 (3447447.009.000) 01/31 10:03:55 Image size of job updated: 385848
	366  -  MemoryUsage of job (MB)
	373940  -  ResidentSetSize of job (KB)
...
006 (3447447.009.000) 01/31 10:08:55 Image size of job updated: 385848
	366  -  MemoryUsage of job (MB)
	373984  -  ResidentSetSize of job (KB)
...
006 (3447447.009.000) 01/31 10:18:56 Image size of job updated: 385848
	366  -  MemoryUsage of job (MB)
	374008  -  ResidentSetSize of job (KB)
...
006 (3447447.009.000) 01/31 10:23:57 Image size of job updated: 385848
	366  -  MemoryUsage of job (MB)
	374016  -  ResidentSetSize of job (KB)
...
006 (3447447.009.000) 01/31 10:33:58 Image size of job updated: 385848
	366  -  MemoryUsage of job (MB)
	374024  -  ResidentSetSize of job (KB)
...
006 (3447447.009.000) 01/31 10:38:59 Image size of job updated: 385848
	366  -  MemoryUsage of job (MB)
	374032  -  ResidentSetSize of job (KB)
...
006 (3447447.009.000) 01/31 10:43:59 Image size of job updated: 385848
	366  -  MemoryUsage of job (MB)
	374048  -  ResidentSetSize of job (KB)
...
006 (3447447.009.000) 01/31 10:54:00 Image size of job updated: 385848
	366  -  MemoryUsage of job (MB)
	374052  -  ResidentSetSize of job (KB)
...
006 (3447447.009.000) 01/31 10:59:00 Image size of job updated: 385848
	366  -  MemoryUsage of job (MB)
	374064  -  ResidentSetSize of job (KB)
...
006 (3447447.009.000) 01/31 11:04:00 Image size of job updated: 385848
	366  -  MemoryUsage of job (MB)
	374072  -  ResidentSetSize of job (KB)
...
006 (3447447.009.000) 01/31 11:09:01 Image size of job updated: 385848
	366  -  MemoryUsage of job (MB)
	374080  -  ResidentSetSize of job (KB)
...
006 (3447447.009.000) 01/31 11:14:02 Image size of job updated: 385848
	366  -  MemoryUsage of job (MB)
	374092  -  ResidentSetSize of job (KB)
...
006 (3447447.009.000) 01/31 11:19:02 Image size of job updated: 385848
	366  -  MemoryUsage of job (MB)
	374096  -  ResidentSetSize of job (KB)
...
006 (3447447.009.000) 01/31 11:24:03 Image size of job updated: 385848
	366  -  MemoryUsage of job (MB)
	374144  -  ResidentSetSize of job (KB)
...
006 (3447447.009.000) 01/31 11:34:04 Image size of job updated: 385848
	366  -  MemoryUsage of job (MB)
	374152  -  ResidentSetSize of job (KB)
...
006 (3447447.009.000) 01/31 11:39:04 Image size of job updated: 385848
	366  -  MemoryUsage of job (MB)
	374176  -  ResidentSetSize of job (KB)
...
006 (3447447.009.000) 01/31 11:44:05 Image size of job updated: 385848
	366  -  MemoryUsage of job (MB)
	374200  -  ResidentSetSize of job (KB)
...
006 (3447447.009.000) 01/31 11:49:06 Image size of job updated: 385848
	366  -  MemoryUsage of job (MB)
	374216  -  ResidentSetSize of job (KB)
...
006 (3447447.009.000) 01/31 12:04:08 Image size of job updated: 385848
	366  -  MemoryUsage of job (MB)
	374268  -  ResidentSetSize of job (KB)
...
006 (3447447.009.000) 01/31 12:14:08 Image size of job updated: 385848
	366  -  MemoryUsage of job (MB)
	374280  -  ResidentSetSize of job (KB)
...
006 (3447447.009.000) 01/31 12:24:09 Image size of job updated: 385848
	366  -  MemoryUsage of job (MB)
	374300  -  ResidentSetSize of job (KB)
...
006 (3447447.009.000) 01/31 12:34:10 Image size of job updated: 385848
	366  -  MemoryUsage of job (MB)
	374304  -  ResidentSetSize of job (KB)
...
006 (3447447.009.000) 01/31 12:39:11 Image size of job updated: 385848
	366  -  MemoryUsage of job (MB)
	374308  -  ResidentSetSize of job (KB)
...
006 (3447447.009.000) 01/31 12:44:11 Image size of job updated: 385848
	366  -  MemoryUsage of job (MB)
	374340  -  ResidentSetSize of job (KB)
...
006 (3447447.009.000) 01/31 12:49:12 Image size of job updated: 385848
	366  -  MemoryUsage of job (MB)
	374344  -  ResidentSetSize of job (KB)
...
006 (3447447.009.000) 01/31 12:54:13 Image size of job updated: 385848
	366  -  MemoryUsage of job (MB)
	374352  -  ResidentSetSize of job (KB)
...
006 (3447447.009.000) 01/31 12:59:13 Image size of job updated: 385848
	366  -  MemoryUsage of job (MB)
	374368  -  ResidentSetSize of job (KB)
...
006 (3447447.009.000) 01/31 13:19:14 Image size of job updated: 385848
	366  -  MemoryUsage of job (MB)
	374380  -  ResidentSetSize of job (KB)
...
006 (3447447.009.000) 01/31 13:29:15 Image size of job updated: 385848
	366  -  MemoryUsage of job (MB)
	374432  -  ResidentSetSize of job (KB)
...
006 (3447447.009.000) 01/31 13:34:15 Image size of job updated: 385848
	366  -  MemoryUsage of job (MB)
	374440  -  ResidentSetSize of job (KB)
...
006 (3447447.009.000) 01/31 13:39:16 Image size of job updated: 385848
	366  -  MemoryUsage of job (MB)
	374448  -  ResidentSetSize of job (KB)
...
006 (3447447.009.000) 01/31 13:49:17 Image size of job updated: 385848
	366  -  MemoryUsage of job (MB)
	374452  -  ResidentSetSize of job (KB)
...
006 (3447447.009.000) 01/31 13:54:18 Image size of job updated: 385848
	366  -  MemoryUsage of job (MB)
	374468  -  ResidentSetSize of job (KB)
...
006 (3447447.009.000) 01/31 13:59:19 Image size of job updated: 385848
	366  -  MemoryUsage of job (MB)
	374512  -  ResidentSetSize of job (KB)
...
006 (3447447.009.000) 01/31 14:34:23 Image size of job updated: 385848
	366  -  MemoryUsage of job (MB)
	374520  -  ResidentSetSize of job (KB)
...
006 (3447447.009.000) 01/31 14:59:25 Image size of job updated: 385848
	366  -  MemoryUsage of job (MB)
	374528  -  ResidentSetSize of job (KB)
...
006 (3447447.009.000) 01/31 15:04:26 Image size of job updated: 385848
	366  -  MemoryUsage of job (MB)
	374540  -  ResidentSetSize of job (KB)
...
006 (3447447.009.000) 01/31 15:09:27 Image size of job updated: 385848
	366  -  MemoryUsage of job (MB)
	374572  -  ResidentSetSize of job (KB)
...
006 (3447447.009.000) 01/31 15:14:27 Image size of job updated: 385848
	366  -  MemoryUsage of job (MB)
	374612  -  ResidentSetSize of job (KB)
...
006 (3447447.009.000) 01/31 15:34:29 Image size of job updated: 385848
	366  -  MemoryUsage of job (MB)
	374632  -  ResidentSetSize of job (KB)
...
006 (3447447.009.000) 01/31 15:44:31 Image size of job updated: 385848
	366  -  MemoryUsage of job (MB)
	374656  -  ResidentSetSize of job (KB)
...
006 (3447447.009.000) 01/31 15:49:31 Image size of job updated: 385848
	366  -  MemoryUsage of job (MB)
	374672  -  ResidentSetSize of job (KB)
...
006 (3447447.009.000) 01/31 15:54:32 Image size of job updated: 385848
	366  -  MemoryUsage of job (MB)
	374700  -  ResidentSetSize of job (KB)
...
006 (3447447.009.000) 01/31 15:59:33 Image size of job updated: 385848
	366  -  MemoryUsage of job (MB)
	374716  -  ResidentSetSize of job (KB)
...
006 (3447447.009.000) 01/31 16:04:33 Image size of job updated: 385848
	366  -  MemoryUsage of job (MB)
	374724  -  ResidentSetSize of job (KB)
...
006 (3447447.009.000) 01/31 16:14:34 Image size of job updated: 385848
	366  -  MemoryUsage of job (MB)
	374728  -  ResidentSetSize of job (KB)
...
006 (3447447.009.000) 01/31 16:19:34 Image size of job updated: 385848
	366  -  MemoryUsage of job (MB)
	374768  -  ResidentSetSize of job (KB)
...
006 (3447447.009.000) 01/31 16:24:34 Image size of job updated: 385848
	366  -  MemoryUsage of job (MB)
	374772  -  ResidentSetSize of job (KB)
...
006 (3447447.009.000) 01/31 16:29:35 Image size of job updated: 385848
	366  -  MemoryUsage of job (MB)
	374780  -  ResidentSetSize of job (KB)
...
007 (3447447.009.000) 01/31 17:21:18 Shadow exception!
	Assertion ERROR on (result)
	0  -  Run Bytes Sent By Job
	493  -  Run Bytes Received By Job
...
040 (3447447.009.000) 02/01 07:54:30 Started transferring input files
	Transferring to host: <128.142.240.205:9618?addrs=128.142.240.205-9618+[2001-1458-301-9--100-38]-9618&noUDP&sock=5197_81ac_79827>
...
040 (3447447.009.000) 02/01 07:54:31 Finished transferring input files
...
001 (3447447.009.000) 02/01 07:54:31 Job executing on host: <128.142.240.205:9618?addrs=128.142.240.205-9618+[2001-1458-301-9--100-38]-9618&noUDP&sock=3292_9ddd_3>
...
040 (3447447.009.000) 02/01 07:54:45 Started transferring output files
...
040 (3447447.009.000) 02/01 07:54:45 Finished transferring output files
...
005 (3447447.009.000) 02/01 07:54:45 Job terminated.
	(1) Normal termination (return value 0)
		Usr 0 00:00:05, Sys 0 00:00:04  -  Run Remote Usage
		Usr 0 00:00:00, Sys 0 00:00:00  -  Run Local Usage
		Usr 0 00:00:05, Sys 0 00:00:04  -  Total Remote Usage
		Usr 0 00:00:00, Sys 0 00:00:00  -  Total Local Usage
	9715  -  Run Bytes Sent By Job
	493  -  Run Bytes Received By Job
	9715  -  Total Bytes Sent By Job
	986  -  Total Bytes Received By Job
	Partitionable Resources :    Usage  Request Allocated 
	   Cpus                 :                 1           
	   Disk (KB)            :       24       35   2905656 
	   Memory (MB)          :      367     2000      2000 
...
