000 (3447453.010.000) 01/30 08:57:21 Job submitted from host: <188.185.71.142:9618?addrs=188.185.71.142-9618+[2001-1458-d00-7--100-388]-9618&alias=bigbird09.cern.ch&noUDP&sock=schedd_2208_1533_7>
...
040 (3447453.010.000) 01/31 06:12:07 Started transferring input files
	Transferring to host: <188.184.186.142:9618?addrs=188.184.186.142-9618+[2001-1458-301-f8--100-82]-9618&noUDP&sock=4221_d385_82087>
...
040 (3447453.010.000) 01/31 06:12:08 Finished transferring input files
...
001 (3447453.010.000) 01/31 06:12:09 Job executing on host: <188.184.186.142:9618?addrs=188.184.186.142-9618+[2001-1458-301-f8--100-82]-9618&noUDP&sock=2325_55c8_3>
...
006 (3447453.010.000) 01/31 06:12:17 Image size of job updated: 5228
	4  -  MemoryUsage of job (MB)
	4032  -  ResidentSetSize of job (KB)
...
006 (3447453.010.000) 01/31 06:17:17 Image size of job updated: 436084
	353  -  MemoryUsage of job (MB)
	361252  -  ResidentSetSize of job (KB)
...
006 (3447453.010.000) 01/31 06:22:17 Image size of job updated: 436092
	353  -  MemoryUsage of job (MB)
	361260  -  ResidentSetSize of job (KB)
...
006 (3447453.010.000) 01/31 06:27:18 Image size of job updated: 436116
	353  -  MemoryUsage of job (MB)
	361284  -  ResidentSetSize of job (KB)
...
006 (3447453.010.000) 01/31 06:32:19 Image size of job updated: 436120
	353  -  MemoryUsage of job (MB)
	361288  -  ResidentSetSize of job (KB)
...
006 (3447453.010.000) 01/31 06:37:19 Image size of job updated: 436136
	353  -  MemoryUsage of job (MB)
	361304  -  ResidentSetSize of job (KB)
...
006 (3447453.010.000) 01/31 06:42:19 Image size of job updated: 436140
	353  -  MemoryUsage of job (MB)
	361308  -  ResidentSetSize of job (KB)
...
006 (3447453.010.000) 01/31 06:47:20 Image size of job updated: 436152
	353  -  MemoryUsage of job (MB)
	361320  -  ResidentSetSize of job (KB)
...
006 (3447453.010.000) 01/31 06:57:21 Image size of job updated: 436180
	353  -  MemoryUsage of job (MB)
	361348  -  ResidentSetSize of job (KB)
...
006 (3447453.010.000) 01/31 07:02:21 Image size of job updated: 436192
	353  -  MemoryUsage of job (MB)
	361360  -  ResidentSetSize of job (KB)
...
006 (3447453.010.000) 01/31 09:17:35 Image size of job updated: 436216
	353  -  MemoryUsage of job (MB)
	361384  -  ResidentSetSize of job (KB)
...
006 (3447453.010.000) 01/31 09:22:36 Image size of job updated: 436556
	354  -  MemoryUsage of job (MB)
	361724  -  ResidentSetSize of job (KB)
...
006 (3447453.010.000) 01/31 09:32:37 Image size of job updated: 436568
	354  -  MemoryUsage of job (MB)
	361736  -  ResidentSetSize of job (KB)
...
006 (3447453.010.000) 01/31 09:37:37 Image size of job updated: 436588
	354  -  MemoryUsage of job (MB)
	361756  -  ResidentSetSize of job (KB)
...
006 (3447453.010.000) 01/31 10:27:43 Image size of job updated: 436652
	354  -  MemoryUsage of job (MB)
	361820  -  ResidentSetSize of job (KB)
...
006 (3447453.010.000) 01/31 10:32:43 Image size of job updated: 436784
	354  -  MemoryUsage of job (MB)
	361952  -  ResidentSetSize of job (KB)
...
006 (3447453.010.000) 01/31 10:37:43 Image size of job updated: 436824
	354  -  MemoryUsage of job (MB)
	361992  -  ResidentSetSize of job (KB)
...
006 (3447453.010.000) 01/31 10:42:44 Image size of job updated: 436832
	354  -  MemoryUsage of job (MB)
	362000  -  ResidentSetSize of job (KB)
...
006 (3447453.010.000) 01/31 10:57:46 Image size of job updated: 437028
	354  -  MemoryUsage of job (MB)
	362196  -  ResidentSetSize of job (KB)
...
006 (3447453.010.000) 01/31 11:02:47 Image size of job updated: 437120
	354  -  MemoryUsage of job (MB)
	362288  -  ResidentSetSize of job (KB)
...
006 (3447453.010.000) 01/31 11:07:47 Image size of job updated: 437224
	354  -  MemoryUsage of job (MB)
	362392  -  ResidentSetSize of job (KB)
...
006 (3447453.010.000) 01/31 11:12:47 Image size of job updated: 437228
	354  -  MemoryUsage of job (MB)
	362396  -  ResidentSetSize of job (KB)
...
006 (3447453.010.000) 01/31 11:17:48 Image size of job updated: 437360
	355  -  MemoryUsage of job (MB)
	362528  -  ResidentSetSize of job (KB)
...
006 (3447453.010.000) 01/31 11:22:49 Image size of job updated: 437492
	355  -  MemoryUsage of job (MB)
	362660  -  ResidentSetSize of job (KB)
...
006 (3447453.010.000) 01/31 11:27:49 Image size of job updated: 437552
	355  -  MemoryUsage of job (MB)
	362720  -  ResidentSetSize of job (KB)
...
006 (3447453.010.000) 01/31 11:32:49 Image size of job updated: 437732
	355  -  MemoryUsage of job (MB)
	362900  -  ResidentSetSize of job (KB)
...
006 (3447453.010.000) 01/31 11:37:50 Image size of job updated: 437916
	355  -  MemoryUsage of job (MB)
	363084  -  ResidentSetSize of job (KB)
...
006 (3447453.010.000) 01/31 11:42:51 Image size of job updated: 438000
	355  -  MemoryUsage of job (MB)
	363168  -  ResidentSetSize of job (KB)
...
006 (3447453.010.000) 01/31 11:47:51 Image size of job updated: 438000
	355  -  MemoryUsage of job (MB)
	363224  -  ResidentSetSize of job (KB)
...
006 (3447453.010.000) 01/31 11:52:52 Image size of job updated: 438000
	355  -  MemoryUsage of job (MB)
	363324  -  ResidentSetSize of job (KB)
...
006 (3447453.010.000) 01/31 11:57:53 Image size of job updated: 438000
	355  -  MemoryUsage of job (MB)
	363328  -  ResidentSetSize of job (KB)
...
006 (3447453.010.000) 01/31 12:02:53 Image size of job updated: 438000
	355  -  MemoryUsage of job (MB)
	363432  -  ResidentSetSize of job (KB)
...
006 (3447453.010.000) 01/31 12:07:53 Image size of job updated: 438000
	356  -  MemoryUsage of job (MB)
	363596  -  ResidentSetSize of job (KB)
...
006 (3447453.010.000) 01/31 12:12:54 Image size of job updated: 438000
	356  -  MemoryUsage of job (MB)
	363672  -  ResidentSetSize of job (KB)
...
006 (3447453.010.000) 01/31 12:17:55 Image size of job updated: 438000
	356  -  MemoryUsage of job (MB)
	363716  -  ResidentSetSize of job (KB)
...
006 (3447453.010.000) 01/31 12:22:55 Image size of job updated: 438000
	356  -  MemoryUsage of job (MB)
	363884  -  ResidentSetSize of job (KB)
...
006 (3447453.010.000) 01/31 12:27:55 Image size of job updated: 438000
	356  -  MemoryUsage of job (MB)
	364024  -  ResidentSetSize of job (KB)
...
006 (3447453.010.000) 01/31 12:32:56 Image size of job updated: 438000
	356  -  MemoryUsage of job (MB)
	364100  -  ResidentSetSize of job (KB)
...
006 (3447453.010.000) 01/31 12:37:57 Image size of job updated: 438000
	356  -  MemoryUsage of job (MB)
	364172  -  ResidentSetSize of job (KB)
...
006 (3447453.010.000) 01/31 12:42:57 Image size of job updated: 438000
	356  -  MemoryUsage of job (MB)
	364240  -  ResidentSetSize of job (KB)
...
006 (3447453.010.000) 01/31 12:47:57 Image size of job updated: 438000
	356  -  MemoryUsage of job (MB)
	364272  -  ResidentSetSize of job (KB)
...
006 (3447453.010.000) 01/31 12:52:58 Image size of job updated: 438000
	356  -  MemoryUsage of job (MB)
	364324  -  ResidentSetSize of job (KB)
...
006 (3447453.010.000) 01/31 12:57:59 Image size of job updated: 438000
	356  -  MemoryUsage of job (MB)
	364396  -  ResidentSetSize of job (KB)
...
006 (3447453.010.000) 01/31 13:02:59 Image size of job updated: 438000
	356  -  MemoryUsage of job (MB)
	364452  -  ResidentSetSize of job (KB)
...
006 (3447453.010.000) 01/31 13:08:00 Image size of job updated: 438000
	356  -  MemoryUsage of job (MB)
	364512  -  ResidentSetSize of job (KB)
...
006 (3447453.010.000) 01/31 13:13:01 Image size of job updated: 438000
	357  -  MemoryUsage of job (MB)
	364576  -  ResidentSetSize of job (KB)
...
006 (3447453.010.000) 01/31 13:18:01 Image size of job updated: 438000
	357  -  MemoryUsage of job (MB)
	364648  -  ResidentSetSize of job (KB)
...
006 (3447453.010.000) 01/31 13:23:01 Image size of job updated: 438000
	357  -  MemoryUsage of job (MB)
	364732  -  ResidentSetSize of job (KB)
...
006 (3447453.010.000) 01/31 13:28:02 Image size of job updated: 438000
	357  -  MemoryUsage of job (MB)
	364824  -  ResidentSetSize of job (KB)
...
006 (3447453.010.000) 01/31 13:33:03 Image size of job updated: 438000
	357  -  MemoryUsage of job (MB)
	364956  -  ResidentSetSize of job (KB)
...
006 (3447453.010.000) 01/31 13:38:03 Image size of job updated: 438000
	357  -  MemoryUsage of job (MB)
	365000  -  ResidentSetSize of job (KB)
...
006 (3447453.010.000) 01/31 13:43:04 Image size of job updated: 438000
	357  -  MemoryUsage of job (MB)
	365124  -  ResidentSetSize of job (KB)
...
006 (3447453.010.000) 01/31 13:48:05 Image size of job updated: 438000
	357  -  MemoryUsage of job (MB)
	365228  -  ResidentSetSize of job (KB)
...
006 (3447453.010.000) 01/31 13:53:05 Image size of job updated: 438000
	357  -  MemoryUsage of job (MB)
	365296  -  ResidentSetSize of job (KB)
...
006 (3447453.010.000) 01/31 13:58:05 Image size of job updated: 438000
	357  -  MemoryUsage of job (MB)
	365364  -  ResidentSetSize of job (KB)
...
006 (3447453.010.000) 01/31 14:03:06 Image size of job updated: 438000
	357  -  MemoryUsage of job (MB)
	365404  -  ResidentSetSize of job (KB)
...
006 (3447453.010.000) 01/31 14:08:07 Image size of job updated: 438000
	357  -  MemoryUsage of job (MB)
	365504  -  ResidentSetSize of job (KB)
...
006 (3447453.010.000) 01/31 14:13:07 Image size of job updated: 438000
	358  -  MemoryUsage of job (MB)
	365716  -  ResidentSetSize of job (KB)
...
006 (3447453.010.000) 01/31 14:18:08 Image size of job updated: 438000
	358  -  MemoryUsage of job (MB)
	366520  -  ResidentSetSize of job (KB)
...
006 (3447453.010.000) 01/31 14:23:09 Image size of job updated: 438000
	360  -  MemoryUsage of job (MB)
	367784  -  ResidentSetSize of job (KB)
...
006 (3447453.010.000) 01/31 14:28:09 Image size of job updated: 438000
	360  -  MemoryUsage of job (MB)
	367852  -  ResidentSetSize of job (KB)
...
006 (3447453.010.000) 01/31 14:33:10 Image size of job updated: 438000
	360  -  MemoryUsage of job (MB)
	367956  -  ResidentSetSize of job (KB)
...
006 (3447453.010.000) 01/31 14:38:11 Image size of job updated: 438000
	360  -  MemoryUsage of job (MB)
	368064  -  ResidentSetSize of job (KB)
...
006 (3447453.010.000) 01/31 14:48:11 Image size of job updated: 438000
	360  -  MemoryUsage of job (MB)
	368128  -  ResidentSetSize of job (KB)
...
006 (3447453.010.000) 01/31 14:53:12 Image size of job updated: 438000
	360  -  MemoryUsage of job (MB)
	368172  -  ResidentSetSize of job (KB)
...
006 (3447453.010.000) 01/31 14:58:12 Image size of job updated: 438000
	360  -  MemoryUsage of job (MB)
	368220  -  ResidentSetSize of job (KB)
...
006 (3447453.010.000) 01/31 15:03:12 Image size of job updated: 438000
	360  -  MemoryUsage of job (MB)
	368240  -  ResidentSetSize of job (KB)
...
006 (3447453.010.000) 01/31 15:08:14 Image size of job updated: 438000
	360  -  MemoryUsage of job (MB)
	368308  -  ResidentSetSize of job (KB)
...
006 (3447453.010.000) 01/31 15:13:14 Image size of job updated: 438000
	360  -  MemoryUsage of job (MB)
	368332  -  ResidentSetSize of job (KB)
...
006 (3447453.010.000) 01/31 15:18:14 Image size of job updated: 438000
	360  -  MemoryUsage of job (MB)
	368380  -  ResidentSetSize of job (KB)
...
006 (3447453.010.000) 01/31 15:23:15 Image size of job updated: 438000
	360  -  MemoryUsage of job (MB)
	368460  -  ResidentSetSize of job (KB)
...
006 (3447453.010.000) 01/31 15:28:16 Image size of job updated: 438000
	360  -  MemoryUsage of job (MB)
	368492  -  ResidentSetSize of job (KB)
...
006 (3447453.010.000) 01/31 15:33:16 Image size of job updated: 438000
	360  -  MemoryUsage of job (MB)
	368564  -  ResidentSetSize of job (KB)
...
006 (3447453.010.000) 01/31 15:38:16 Image size of job updated: 438000
	361  -  MemoryUsage of job (MB)
	368652  -  ResidentSetSize of job (KB)
...
006 (3447453.010.000) 01/31 15:43:18 Image size of job updated: 438000
	361  -  MemoryUsage of job (MB)
	368660  -  ResidentSetSize of job (KB)
...
006 (3447453.010.000) 01/31 15:48:18 Image size of job updated: 438000
	361  -  MemoryUsage of job (MB)
	368744  -  ResidentSetSize of job (KB)
...
006 (3447453.010.000) 01/31 15:53:18 Image size of job updated: 438000
	361  -  MemoryUsage of job (MB)
	368752  -  ResidentSetSize of job (KB)
...
006 (3447453.010.000) 01/31 15:58:19 Image size of job updated: 438000
	361  -  MemoryUsage of job (MB)
	368840  -  ResidentSetSize of job (KB)
...
006 (3447453.010.000) 01/31 16:03:20 Image size of job updated: 438000
	361  -  MemoryUsage of job (MB)
	368868  -  ResidentSetSize of job (KB)
...
006 (3447453.010.000) 01/31 16:08:20 Image size of job updated: 438000
	361  -  MemoryUsage of job (MB)
	368936  -  ResidentSetSize of job (KB)
...
006 (3447453.010.000) 01/31 16:13:21 Image size of job updated: 438000
	361  -  MemoryUsage of job (MB)
	368944  -  ResidentSetSize of job (KB)
...
006 (3447453.010.000) 01/31 16:18:22 Image size of job updated: 438000
	361  -  MemoryUsage of job (MB)
	368988  -  ResidentSetSize of job (KB)
...
006 (3447453.010.000) 01/31 16:23:22 Image size of job updated: 438000
	361  -  MemoryUsage of job (MB)
	369108  -  ResidentSetSize of job (KB)
...
006 (3447453.010.000) 01/31 16:28:23 Image size of job updated: 438000
	361  -  MemoryUsage of job (MB)
	369112  -  ResidentSetSize of job (KB)
...
006 (3447453.010.000) 01/31 16:33:24 Image size of job updated: 438000
	361  -  MemoryUsage of job (MB)
	369164  -  ResidentSetSize of job (KB)
...
006 (3447453.010.000) 01/31 16:38:24 Image size of job updated: 438000
	361  -  MemoryUsage of job (MB)
	369208  -  ResidentSetSize of job (KB)
...
006 (3447453.010.000) 01/31 16:43:24 Image size of job updated: 438000
	361  -  MemoryUsage of job (MB)
	369224  -  ResidentSetSize of job (KB)
...
006 (3447453.010.000) 01/31 16:48:25 Image size of job updated: 438000
	361  -  MemoryUsage of job (MB)
	369272  -  ResidentSetSize of job (KB)
...
006 (3447453.010.000) 01/31 16:53:25 Image size of job updated: 438000
	361  -  MemoryUsage of job (MB)
	369336  -  ResidentSetSize of job (KB)
...
006 (3447453.010.000) 01/31 16:58:26 Image size of job updated: 438000
	361  -  MemoryUsage of job (MB)
	369372  -  ResidentSetSize of job (KB)
...
006 (3447453.010.000) 01/31 17:03:27 Image size of job updated: 438000
	361  -  MemoryUsage of job (MB)
	369420  -  ResidentSetSize of job (KB)
...
006 (3447453.010.000) 01/31 17:08:28 Image size of job updated: 438000
	361  -  MemoryUsage of job (MB)
	369464  -  ResidentSetSize of job (KB)
...
006 (3447453.010.000) 01/31 17:21:56 Image size of job updated: 438000
	361  -  MemoryUsage of job (MB)
	369560  -  ResidentSetSize of job (KB)
...
006 (3447453.010.000) 01/31 17:27:00 Image size of job updated: 438000
	361  -  MemoryUsage of job (MB)
	369600  -  ResidentSetSize of job (KB)
...
006 (3447453.010.000) 01/31 17:43:33 Image size of job updated: 438000
	362  -  MemoryUsage of job (MB)
	369780  -  ResidentSetSize of job (KB)
...
006 (3447453.010.000) 01/31 17:55:30 Image size of job updated: 438000
	362  -  MemoryUsage of job (MB)
	369884  -  ResidentSetSize of job (KB)
...
006 (3447453.010.000) 01/31 18:00:31 Image size of job updated: 438000
	362  -  MemoryUsage of job (MB)
	369952  -  ResidentSetSize of job (KB)
...
006 (3447453.010.000) 01/31 18:05:31 Image size of job updated: 438000
	362  -  MemoryUsage of job (MB)
	369996  -  ResidentSetSize of job (KB)
...
006 (3447453.010.000) 01/31 18:10:32 Image size of job updated: 438000
	362  -  MemoryUsage of job (MB)
	370048  -  ResidentSetSize of job (KB)
...
006 (3447453.010.000) 01/31 18:20:33 Image size of job updated: 438000
	362  -  MemoryUsage of job (MB)
	370116  -  ResidentSetSize of job (KB)
...
006 (3447453.010.000) 01/31 18:25:33 Image size of job updated: 438000
	362  -  MemoryUsage of job (MB)
	370180  -  ResidentSetSize of job (KB)
...
006 (3447453.010.000) 01/31 18:30:34 Image size of job updated: 438000
	362  -  MemoryUsage of job (MB)
	370200  -  ResidentSetSize of job (KB)
...
006 (3447453.010.000) 01/31 18:35:34 Image size of job updated: 438000
	362  -  MemoryUsage of job (MB)
	370212  -  ResidentSetSize of job (KB)
...
006 (3447453.010.000) 01/31 18:40:35 Image size of job updated: 438000
	362  -  MemoryUsage of job (MB)
	370268  -  ResidentSetSize of job (KB)
...
006 (3447453.010.000) 01/31 18:45:35 Image size of job updated: 438000
	362  -  MemoryUsage of job (MB)
	370336  -  ResidentSetSize of job (KB)
...
006 (3447453.010.000) 01/31 18:50:35 Image size of job updated: 438000
	362  -  MemoryUsage of job (MB)
	370388  -  ResidentSetSize of job (KB)
...
006 (3447453.010.000) 01/31 18:55:36 Image size of job updated: 438000
	362  -  MemoryUsage of job (MB)
	370392  -  ResidentSetSize of job (KB)
...
006 (3447453.010.000) 01/31 19:00:36 Image size of job updated: 438000
	362  -  MemoryUsage of job (MB)
	370472  -  ResidentSetSize of job (KB)
...
006 (3447453.010.000) 01/31 19:05:36 Image size of job updated: 438000
	362  -  MemoryUsage of job (MB)
	370476  -  ResidentSetSize of job (KB)
...
006 (3447453.010.000) 01/31 19:10:37 Image size of job updated: 438000
	362  -  MemoryUsage of job (MB)
	370548  -  ResidentSetSize of job (KB)
...
006 (3447453.010.000) 01/31 19:15:37 Image size of job updated: 438000
	363  -  MemoryUsage of job (MB)
	370700  -  ResidentSetSize of job (KB)
...
006 (3447453.010.000) 01/31 19:20:37 Image size of job updated: 438000
	363  -  MemoryUsage of job (MB)
	370728  -  ResidentSetSize of job (KB)
...
006 (3447453.010.000) 01/31 19:25:38 Image size of job updated: 438000
	363  -  MemoryUsage of job (MB)
	370768  -  ResidentSetSize of job (KB)
...
006 (3447453.010.000) 01/31 19:30:38 Image size of job updated: 438000
	363  -  MemoryUsage of job (MB)
	370840  -  ResidentSetSize of job (KB)
...
006 (3447453.010.000) 01/31 19:35:38 Image size of job updated: 438000
	363  -  MemoryUsage of job (MB)
	370856  -  ResidentSetSize of job (KB)
...
006 (3447453.010.000) 01/31 19:40:39 Image size of job updated: 438000
	363  -  MemoryUsage of job (MB)
	370904  -  ResidentSetSize of job (KB)
...
006 (3447453.010.000) 01/31 19:45:40 Image size of job updated: 438000
	363  -  MemoryUsage of job (MB)
	370960  -  ResidentSetSize of job (KB)
...
006 (3447453.010.000) 01/31 19:50:40 Image size of job updated: 438000
	363  -  MemoryUsage of job (MB)
	370996  -  ResidentSetSize of job (KB)
...
006 (3447453.010.000) 01/31 19:55:41 Image size of job updated: 438000
	363  -  MemoryUsage of job (MB)
	371040  -  ResidentSetSize of job (KB)
...
006 (3447453.010.000) 01/31 20:00:42 Image size of job updated: 438000
	363  -  MemoryUsage of job (MB)
	371068  -  ResidentSetSize of job (KB)
...
006 (3447453.010.000) 01/31 20:05:42 Image size of job updated: 438000
	363  -  MemoryUsage of job (MB)
	371112  -  ResidentSetSize of job (KB)
...
006 (3447453.010.000) 01/31 20:10:43 Image size of job updated: 438000
	363  -  MemoryUsage of job (MB)
	371168  -  ResidentSetSize of job (KB)
...
006 (3447453.010.000) 01/31 20:15:44 Image size of job updated: 438000
	363  -  MemoryUsage of job (MB)
	371236  -  ResidentSetSize of job (KB)
...
006 (3447453.010.000) 01/31 20:20:44 Image size of job updated: 438000
	363  -  MemoryUsage of job (MB)
	371276  -  ResidentSetSize of job (KB)
...
006 (3447453.010.000) 01/31 20:25:44 Image size of job updated: 438000
	363  -  MemoryUsage of job (MB)
	371280  -  ResidentSetSize of job (KB)
...
006 (3447453.010.000) 01/31 20:30:45 Image size of job updated: 438000
	363  -  MemoryUsage of job (MB)
	371312  -  ResidentSetSize of job (KB)
...
006 (3447453.010.000) 01/31 20:35:45 Image size of job updated: 438000
	363  -  MemoryUsage of job (MB)
	371376  -  ResidentSetSize of job (KB)
...
006 (3447453.010.000) 01/31 20:40:45 Image size of job updated: 438000
	363  -  MemoryUsage of job (MB)
	371464  -  ResidentSetSize of job (KB)
...
006 (3447453.010.000) 01/31 20:45:47 Image size of job updated: 438000
	363  -  MemoryUsage of job (MB)
	371496  -  ResidentSetSize of job (KB)
...
006 (3447453.010.000) 01/31 20:50:47 Image size of job updated: 438000
	363  -  MemoryUsage of job (MB)
	371572  -  ResidentSetSize of job (KB)
...
006 (3447453.010.000) 01/31 20:55:47 Image size of job updated: 438000
	363  -  MemoryUsage of job (MB)
	371588  -  ResidentSetSize of job (KB)
...
006 (3447453.010.000) 01/31 21:00:48 Image size of job updated: 438000
	363  -  MemoryUsage of job (MB)
	371656  -  ResidentSetSize of job (KB)
...
006 (3447453.010.000) 01/31 21:05:49 Image size of job updated: 438000
	363  -  MemoryUsage of job (MB)
	371676  -  ResidentSetSize of job (KB)
...
006 (3447453.010.000) 01/31 21:10:49 Image size of job updated: 438000
	364  -  MemoryUsage of job (MB)
	371728  -  ResidentSetSize of job (KB)
...
006 (3447453.010.000) 01/31 21:15:50 Image size of job updated: 438000
	364  -  MemoryUsage of job (MB)
	371732  -  ResidentSetSize of job (KB)
...
006 (3447453.010.000) 01/31 21:20:51 Image size of job updated: 438000
	364  -  MemoryUsage of job (MB)
	371828  -  ResidentSetSize of job (KB)
...
006 (3447453.010.000) 01/31 21:25:51 Image size of job updated: 438000
	364  -  MemoryUsage of job (MB)
	371884  -  ResidentSetSize of job (KB)
...
006 (3447453.010.000) 01/31 21:30:51 Image size of job updated: 438000
	364  -  MemoryUsage of job (MB)
	371956  -  ResidentSetSize of job (KB)
...
006 (3447453.010.000) 01/31 21:35:52 Image size of job updated: 438000
	364  -  MemoryUsage of job (MB)
	372144  -  ResidentSetSize of job (KB)
...
006 (3447453.010.000) 01/31 21:40:53 Image size of job updated: 438000
	364  -  MemoryUsage of job (MB)
	372384  -  ResidentSetSize of job (KB)
...
006 (3447453.010.000) 01/31 21:45:53 Image size of job updated: 438000
	364  -  MemoryUsage of job (MB)
	372544  -  ResidentSetSize of job (KB)
...
006 (3447453.010.000) 01/31 22:51:01 Image size of job updated: 438000
	364  -  MemoryUsage of job (MB)
	372628  -  ResidentSetSize of job (KB)
...
006 (3447453.010.000) 01/31 22:56:02 Image size of job updated: 438000
	364  -  MemoryUsage of job (MB)
	372640  -  ResidentSetSize of job (KB)
...
006 (3447453.010.000) 01/31 23:01:02 Image size of job updated: 438000
	364  -  MemoryUsage of job (MB)
	372712  -  ResidentSetSize of job (KB)
...
006 (3447453.010.000) 01/31 23:11:03 Image size of job updated: 438000
	364  -  MemoryUsage of job (MB)
	372732  -  ResidentSetSize of job (KB)
...
006 (3447453.010.000) 01/31 23:26:04 Image size of job updated: 438000
	365  -  MemoryUsage of job (MB)
	372776  -  ResidentSetSize of job (KB)
...
006 (3447453.010.000) 01/31 23:46:07 Image size of job updated: 438000
	365  -  MemoryUsage of job (MB)
	372804  -  ResidentSetSize of job (KB)
...
006 (3447453.010.000) 02/01 00:11:11 Image size of job updated: 438000
	365  -  MemoryUsage of job (MB)
	372816  -  ResidentSetSize of job (KB)
...
006 (3447453.010.000) 02/01 00:41:14 Image size of job updated: 438000
	365  -  MemoryUsage of job (MB)
	372832  -  ResidentSetSize of job (KB)
...
006 (3447453.010.000) 02/01 00:51:14 Image size of job updated: 438000
	365  -  MemoryUsage of job (MB)
	372840  -  ResidentSetSize of job (KB)
...
006 (3447453.010.000) 02/01 01:16:17 Image size of job updated: 438000
	365  -  MemoryUsage of job (MB)
	372856  -  ResidentSetSize of job (KB)
...
006 (3447453.010.000) 02/01 01:41:19 Image size of job updated: 438000
	365  -  MemoryUsage of job (MB)
	372864  -  ResidentSetSize of job (KB)
...
006 (3447453.010.000) 02/01 01:46:20 Image size of job updated: 438000
	365  -  MemoryUsage of job (MB)
	372916  -  ResidentSetSize of job (KB)
...
006 (3447453.010.000) 02/01 02:11:23 Image size of job updated: 438000
	365  -  MemoryUsage of job (MB)
	372944  -  ResidentSetSize of job (KB)
...
006 (3447453.010.000) 02/01 02:21:24 Image size of job updated: 438000
	365  -  MemoryUsage of job (MB)
	372980  -  ResidentSetSize of job (KB)
...
006 (3447453.010.000) 02/01 02:31:25 Image size of job updated: 438000
	365  -  MemoryUsage of job (MB)
	372996  -  ResidentSetSize of job (KB)
...
006 (3447453.010.000) 02/01 02:41:26 Image size of job updated: 438000
	365  -  MemoryUsage of job (MB)
	373020  -  ResidentSetSize of job (KB)
...
006 (3447453.010.000) 02/01 02:51:26 Image size of job updated: 438000
	365  -  MemoryUsage of job (MB)
	373044  -  ResidentSetSize of job (KB)
...
006 (3447453.010.000) 02/01 03:01:28 Image size of job updated: 438000
	365  -  MemoryUsage of job (MB)
	373084  -  ResidentSetSize of job (KB)
...
006 (3447453.010.000) 02/01 03:11:28 Image size of job updated: 438000
	365  -  MemoryUsage of job (MB)
	373092  -  ResidentSetSize of job (KB)
...
006 (3447453.010.000) 02/01 03:21:29 Image size of job updated: 438000
	365  -  MemoryUsage of job (MB)
	373132  -  ResidentSetSize of job (KB)
...
006 (3447453.010.000) 02/01 04:51:37 Image size of job updated: 438000
	365  -  MemoryUsage of job (MB)
	373136  -  ResidentSetSize of job (KB)
...
006 (3447453.010.000) 02/01 05:01:38 Image size of job updated: 438000
	365  -  MemoryUsage of job (MB)
	373176  -  ResidentSetSize of job (KB)
...
006 (3447453.010.000) 02/01 05:06:39 Image size of job updated: 438000
	365  -  MemoryUsage of job (MB)
	373180  -  ResidentSetSize of job (KB)
...
006 (3447453.010.000) 02/01 05:16:40 Image size of job updated: 438000
	365  -  MemoryUsage of job (MB)
	373208  -  ResidentSetSize of job (KB)
...
006 (3447453.010.000) 02/01 05:26:41 Image size of job updated: 438000
	365  -  MemoryUsage of job (MB)
	373220  -  ResidentSetSize of job (KB)
...
006 (3447453.010.000) 02/01 05:41:42 Image size of job updated: 438000
	365  -  MemoryUsage of job (MB)
	373224  -  ResidentSetSize of job (KB)
...
006 (3447453.010.000) 02/01 05:46:42 Image size of job updated: 438000
	365  -  MemoryUsage of job (MB)
	373256  -  ResidentSetSize of job (KB)
...
006 (3447453.010.000) 02/01 05:56:43 Image size of job updated: 438000
	365  -  MemoryUsage of job (MB)
	373268  -  ResidentSetSize of job (KB)
...
006 (3447453.010.000) 02/01 06:06:45 Image size of job updated: 438000
	365  -  MemoryUsage of job (MB)
	373304  -  ResidentSetSize of job (KB)
...
006 (3447453.010.000) 02/01 06:16:45 Image size of job updated: 438000
	365  -  MemoryUsage of job (MB)
	373332  -  ResidentSetSize of job (KB)
...
006 (3447453.010.000) 02/01 06:41:49 Image size of job updated: 438000
	365  -  MemoryUsage of job (MB)
	373376  -  ResidentSetSize of job (KB)
...
006 (3447453.010.000) 02/01 06:46:49 Image size of job updated: 438000
	365  -  MemoryUsage of job (MB)
	373384  -  ResidentSetSize of job (KB)
...
006 (3447453.010.000) 02/01 06:51:50 Image size of job updated: 438000
	365  -  MemoryUsage of job (MB)
	373424  -  ResidentSetSize of job (KB)
...
006 (3447453.010.000) 02/01 07:06:51 Image size of job updated: 438000
	365  -  MemoryUsage of job (MB)
	373540  -  ResidentSetSize of job (KB)
...
006 (3447453.010.000) 02/01 07:11:52 Image size of job updated: 438000
	365  -  MemoryUsage of job (MB)
	373612  -  ResidentSetSize of job (KB)
...
006 (3447453.010.000) 02/01 07:26:53 Image size of job updated: 438000
	365  -  MemoryUsage of job (MB)
	373744  -  ResidentSetSize of job (KB)
...
006 (3447453.010.000) 02/01 07:31:53 Image size of job updated: 438000
	366  -  MemoryUsage of job (MB)
	373772  -  ResidentSetSize of job (KB)
...
006 (3447453.010.000) 02/01 07:36:53 Image size of job updated: 438000
	366  -  MemoryUsage of job (MB)
	373828  -  ResidentSetSize of job (KB)
...
006 (3447453.010.000) 02/01 07:46:55 Image size of job updated: 438000
	366  -  MemoryUsage of job (MB)
	373864  -  ResidentSetSize of job (KB)
...
006 (3447453.010.000) 02/01 07:51:55 Image size of job updated: 438000
	366  -  MemoryUsage of job (MB)
	373884  -  ResidentSetSize of job (KB)
...
006 (3447453.010.000) 02/01 08:01:57 Image size of job updated: 438000
	366  -  MemoryUsage of job (MB)
	373892  -  ResidentSetSize of job (KB)
...
006 (3447453.010.000) 02/01 08:06:57 Image size of job updated: 438000
	366  -  MemoryUsage of job (MB)
	373936  -  ResidentSetSize of job (KB)
...
006 (3447453.010.000) 02/01 08:11:58 Image size of job updated: 438000
	366  -  MemoryUsage of job (MB)
	373972  -  ResidentSetSize of job (KB)
...
006 (3447453.010.000) 02/01 08:21:59 Image size of job updated: 438000
	366  -  MemoryUsage of job (MB)
	373976  -  ResidentSetSize of job (KB)
...
006 (3447453.010.000) 02/01 08:27:00 Image size of job updated: 438000
	366  -  MemoryUsage of job (MB)
	374004  -  ResidentSetSize of job (KB)
...
006 (3447453.010.000) 02/01 08:32:01 Image size of job updated: 438000
	366  -  MemoryUsage of job (MB)
	374016  -  ResidentSetSize of job (KB)
...
006 (3447453.010.000) 02/01 08:37:01 Image size of job updated: 438000
	366  -  MemoryUsage of job (MB)
	374048  -  ResidentSetSize of job (KB)
...
006 (3447453.010.000) 02/01 08:47:02 Image size of job updated: 438000
	366  -  MemoryUsage of job (MB)
	374156  -  ResidentSetSize of job (KB)
...
006 (3447453.010.000) 02/01 09:02:03 Image size of job updated: 438000
	366  -  MemoryUsage of job (MB)
	374164  -  ResidentSetSize of job (KB)
...
006 (3447453.010.000) 02/01 09:07:04 Image size of job updated: 438000
	366  -  MemoryUsage of job (MB)
	374204  -  ResidentSetSize of job (KB)
...
006 (3447453.010.000) 02/01 09:12:04 Image size of job updated: 438000
	366  -  MemoryUsage of job (MB)
	374252  -  ResidentSetSize of job (KB)
...
006 (3447453.010.000) 02/01 09:27:06 Image size of job updated: 438000
	366  -  MemoryUsage of job (MB)
	374300  -  ResidentSetSize of job (KB)
...
006 (3447453.010.000) 02/01 09:37:07 Image size of job updated: 438000
	366  -  MemoryUsage of job (MB)
	374356  -  ResidentSetSize of job (KB)
...
006 (3447453.010.000) 02/01 09:42:08 Image size of job updated: 438000
	366  -  MemoryUsage of job (MB)
	374364  -  ResidentSetSize of job (KB)
...
006 (3447453.010.000) 02/01 09:52:08 Image size of job updated: 438000
	366  -  MemoryUsage of job (MB)
	374400  -  ResidentSetSize of job (KB)
...
006 (3447453.010.000) 02/01 09:57:09 Image size of job updated: 438000
	366  -  MemoryUsage of job (MB)
	374444  -  ResidentSetSize of job (KB)
...
006 (3447453.010.000) 02/01 10:02:09 Image size of job updated: 438000
	366  -  MemoryUsage of job (MB)
	374460  -  ResidentSetSize of job (KB)
...
006 (3447453.010.000) 02/01 10:17:11 Image size of job updated: 438000
	366  -  MemoryUsage of job (MB)
	374468  -  ResidentSetSize of job (KB)
...
040 (3447453.010.000) 02/01 19:58:40 Started transferring input files
	Transferring to host: <128.142.70.155:9618?addrs=128.142.70.155-9618+[2001-1458-301-52--100-4ea]-9618&noUDP&sock=14591_6dea_13564>
...
040 (3447453.010.000) 02/01 19:58:40 Finished transferring input files
...
001 (3447453.010.000) 02/01 19:58:41 Job executing on host: <128.142.70.155:9618?addrs=128.142.70.155-9618+[2001-1458-301-52--100-4ea]-9618&noUDP&sock=14400_c7de_3>
...
006 (3447453.010.000) 02/01 19:58:50 Image size of job updated: 25659568
	367  -  MemoryUsage of job (MB)
	375000  -  ResidentSetSize of job (KB)
...
040 (3447453.010.000) 02/01 19:59:07 Started transferring output files
...
040 (3447453.010.000) 02/01 19:59:07 Finished transferring output files
...
005 (3447453.010.000) 02/01 19:59:07 Job terminated.
	(1) Normal termination (return value 0)
		Usr 0 00:00:04, Sys 0 00:00:05  -  Run Remote Usage
		Usr 0 00:00:00, Sys 0 00:00:00  -  Run Local Usage
		Usr 0 00:00:04, Sys 0 00:00:05  -  Total Remote Usage
		Usr 0 00:00:00, Sys 0 00:00:00  -  Total Local Usage
	9715  -  Run Bytes Sent By Job
	493  -  Run Bytes Received By Job
	9715  -  Total Bytes Sent By Job
	986  -  Total Bytes Received By Job
	Partitionable Resources :    Usage  Request Allocated 
	   Cpus                 :                 1           
	   Disk (KB)            :       24       35   2889366 
	   Memory (MB)          :      367     2000      2000 
...
