000 (3447448.001.000) 01/30 07:33:56 Job submitted from host: <188.185.71.142:9618?addrs=188.185.71.142-9618+[2001-1458-d00-7--100-388]-9618&alias=bigbird09.cern.ch&noUDP&sock=schedd_2208_1533_7>
...
040 (3447448.001.000) 01/30 07:55:55 Started transferring input files
	Transferring to host: <188.184.196.78:9618?addrs=188.184.196.78-9618+[2001-1458-301-102--100-81]-9618&noUDP&sock=20417_5f97_198816>
...
040 (3447448.001.000) 01/30 07:55:55 Finished transferring input files
...
001 (3447448.001.000) 01/30 07:55:56 Job executing on host: <188.184.196.78:9618?addrs=188.184.196.78-9618+[2001-1458-301-102--100-81]-9618&noUDP&sock=20285_66b7_3>
...
006 (3447448.001.000) 01/30 07:56:05 Image size of job updated: 171236
	100  -  MemoryUsage of job (MB)
	101404  -  ResidentSetSize of job (KB)
...
006 (3447448.001.000) 01/30 08:01:06 Image size of job updated: 388948
	376  -  MemoryUsage of job (MB)
	384620  -  ResidentSetSize of job (KB)
...
006 (3447448.001.000) 01/30 08:11:06 Image size of job updated: 388960
	376  -  MemoryUsage of job (MB)
	384632  -  ResidentSetSize of job (KB)
...
006 (3447448.001.000) 01/30 08:21:08 Image size of job updated: 388964
	376  -  MemoryUsage of job (MB)
	384636  -  ResidentSetSize of job (KB)
...
006 (3447448.001.000) 01/30 08:46:10 Image size of job updated: 388988
	376  -  MemoryUsage of job (MB)
	384660  -  ResidentSetSize of job (KB)
...
006 (3447448.001.000) 01/30 08:51:10 Image size of job updated: 388992
	376  -  MemoryUsage of job (MB)
	384664  -  ResidentSetSize of job (KB)
...
006 (3447448.001.000) 01/30 10:56:23 Image size of job updated: 389176
	376  -  MemoryUsage of job (MB)
	384848  -  ResidentSetSize of job (KB)
...
006 (3447448.001.000) 01/30 11:01:24 Image size of job updated: 389220
	376  -  MemoryUsage of job (MB)
	384892  -  ResidentSetSize of job (KB)
...
006 (3447448.001.000) 01/30 11:06:24 Image size of job updated: 389312
	376  -  MemoryUsage of job (MB)
	384984  -  ResidentSetSize of job (KB)
...
006 (3447448.001.000) 01/30 11:11:25 Image size of job updated: 389432
	377  -  MemoryUsage of job (MB)
	385104  -  ResidentSetSize of job (KB)
...
006 (3447448.001.000) 01/30 11:16:26 Image size of job updated: 389544
	377  -  MemoryUsage of job (MB)
	385216  -  ResidentSetSize of job (KB)
...
006 (3447448.001.000) 01/30 11:21:26 Image size of job updated: 389628
	377  -  MemoryUsage of job (MB)
	385300  -  ResidentSetSize of job (KB)
...
006 (3447448.001.000) 01/30 11:26:26 Image size of job updated: 389708
	377  -  MemoryUsage of job (MB)
	385380  -  ResidentSetSize of job (KB)
...
006 (3447448.001.000) 01/30 11:31:27 Image size of job updated: 389764
	377  -  MemoryUsage of job (MB)
	385436  -  ResidentSetSize of job (KB)
...
006 (3447448.001.000) 01/30 11:36:27 Image size of job updated: 390000
	377  -  MemoryUsage of job (MB)
	385672  -  ResidentSetSize of job (KB)
...
006 (3447448.001.000) 01/30 11:41:27 Image size of job updated: 390228
	377  -  MemoryUsage of job (MB)
	385900  -  ResidentSetSize of job (KB)
...
006 (3447448.001.000) 01/30 12:21:32 Image size of job updated: 390280
	377  -  MemoryUsage of job (MB)
	385952  -  ResidentSetSize of job (KB)
...
006 (3447448.001.000) 01/30 12:26:33 Image size of job updated: 391184
	378  -  MemoryUsage of job (MB)
	386856  -  ResidentSetSize of job (KB)
...
006 (3447448.001.000) 01/30 12:31:33 Image size of job updated: 391356
	378  -  MemoryUsage of job (MB)
	387028  -  ResidentSetSize of job (KB)
...
006 (3447448.001.000) 01/30 12:36:33 Image size of job updated: 391440
	379  -  MemoryUsage of job (MB)
	387112  -  ResidentSetSize of job (KB)
...
006 (3447448.001.000) 01/30 12:41:34 Image size of job updated: 391512
	379  -  MemoryUsage of job (MB)
	387184  -  ResidentSetSize of job (KB)
...
006 (3447448.001.000) 01/30 12:46:35 Image size of job updated: 391632
	379  -  MemoryUsage of job (MB)
	387304  -  ResidentSetSize of job (KB)
...
006 (3447448.001.000) 01/30 12:51:35 Image size of job updated: 391692
	379  -  MemoryUsage of job (MB)
	387364  -  ResidentSetSize of job (KB)
...
006 (3447448.001.000) 01/30 12:56:35 Image size of job updated: 391828
	379  -  MemoryUsage of job (MB)
	387500  -  ResidentSetSize of job (KB)
...
006 (3447448.001.000) 01/30 13:01:37 Image size of job updated: 391936
	379  -  MemoryUsage of job (MB)
	387608  -  ResidentSetSize of job (KB)
...
006 (3447448.001.000) 01/30 13:06:37 Image size of job updated: 392080
	379  -  MemoryUsage of job (MB)
	387752  -  ResidentSetSize of job (KB)
...
006 (3447448.001.000) 01/30 13:11:37 Image size of job updated: 392196
	379  -  MemoryUsage of job (MB)
	387868  -  ResidentSetSize of job (KB)
...
006 (3447448.001.000) 01/30 13:16:38 Image size of job updated: 392308
	379  -  MemoryUsage of job (MB)
	387980  -  ResidentSetSize of job (KB)
...
006 (3447448.001.000) 01/30 13:21:39 Image size of job updated: 392376
	379  -  MemoryUsage of job (MB)
	388048  -  ResidentSetSize of job (KB)
...
006 (3447448.001.000) 01/30 13:26:39 Image size of job updated: 392376
	380  -  MemoryUsage of job (MB)
	388136  -  ResidentSetSize of job (KB)
...
006 (3447448.001.000) 01/30 13:31:39 Image size of job updated: 392376
	380  -  MemoryUsage of job (MB)
	388180  -  ResidentSetSize of job (KB)
...
006 (3447448.001.000) 01/30 13:36:40 Image size of job updated: 392376
	380  -  MemoryUsage of job (MB)
	388256  -  ResidentSetSize of job (KB)
...
006 (3447448.001.000) 01/30 13:41:41 Image size of job updated: 392376
	380  -  MemoryUsage of job (MB)
	388400  -  ResidentSetSize of job (KB)
...
006 (3447448.001.000) 01/30 13:46:41 Image size of job updated: 392376
	380  -  MemoryUsage of job (MB)
	388524  -  ResidentSetSize of job (KB)
...
006 (3447448.001.000) 01/30 13:51:42 Image size of job updated: 392376
	380  -  MemoryUsage of job (MB)
	388576  -  ResidentSetSize of job (KB)
...
006 (3447448.001.000) 01/30 13:56:43 Image size of job updated: 392376
	380  -  MemoryUsage of job (MB)
	388632  -  ResidentSetSize of job (KB)
...
006 (3447448.001.000) 01/30 14:06:44 Image size of job updated: 392376
	380  -  MemoryUsage of job (MB)
	388808  -  ResidentSetSize of job (KB)
...
006 (3447448.001.000) 01/30 14:11:45 Image size of job updated: 392376
	380  -  MemoryUsage of job (MB)
	388852  -  ResidentSetSize of job (KB)
...
006 (3447448.001.000) 01/30 14:16:45 Image size of job updated: 392376
	380  -  MemoryUsage of job (MB)
	388856  -  ResidentSetSize of job (KB)
...
006 (3447448.001.000) 01/30 14:21:45 Image size of job updated: 392376
	380  -  MemoryUsage of job (MB)
	388964  -  ResidentSetSize of job (KB)
...
006 (3447448.001.000) 01/30 14:26:46 Image size of job updated: 392376
	380  -  MemoryUsage of job (MB)
	389084  -  ResidentSetSize of job (KB)
...
006 (3447448.001.000) 01/30 14:31:46 Image size of job updated: 392376
	381  -  MemoryUsage of job (MB)
	389220  -  ResidentSetSize of job (KB)
...
006 (3447448.001.000) 01/30 14:36:46 Image size of job updated: 392376
	381  -  MemoryUsage of job (MB)
	389296  -  ResidentSetSize of job (KB)
...
006 (3447448.001.000) 01/30 14:41:47 Image size of job updated: 392376
	381  -  MemoryUsage of job (MB)
	389352  -  ResidentSetSize of job (KB)
...
006 (3447448.001.000) 01/30 14:46:48 Image size of job updated: 392376
	381  -  MemoryUsage of job (MB)
	389448  -  ResidentSetSize of job (KB)
...
006 (3447448.001.000) 01/30 14:51:48 Image size of job updated: 392376
	381  -  MemoryUsage of job (MB)
	389524  -  ResidentSetSize of job (KB)
...
006 (3447448.001.000) 01/30 14:56:49 Image size of job updated: 392376
	381  -  MemoryUsage of job (MB)
	389648  -  ResidentSetSize of job (KB)
...
006 (3447448.001.000) 01/30 15:01:50 Image size of job updated: 392376
	381  -  MemoryUsage of job (MB)
	389696  -  ResidentSetSize of job (KB)
...
006 (3447448.001.000) 01/30 15:06:50 Image size of job updated: 392376
	381  -  MemoryUsage of job (MB)
	389776  -  ResidentSetSize of job (KB)
...
006 (3447448.001.000) 01/30 15:11:50 Image size of job updated: 392376
	381  -  MemoryUsage of job (MB)
	389796  -  ResidentSetSize of job (KB)
...
006 (3447448.001.000) 01/30 15:16:51 Image size of job updated: 392376
	381  -  MemoryUsage of job (MB)
	389868  -  ResidentSetSize of job (KB)
...
006 (3447448.001.000) 01/30 15:21:51 Image size of job updated: 392376
	381  -  MemoryUsage of job (MB)
	389916  -  ResidentSetSize of job (KB)
...
006 (3447448.001.000) 01/30 15:26:51 Image size of job updated: 392376
	381  -  MemoryUsage of job (MB)
	389976  -  ResidentSetSize of job (KB)
...
006 (3447448.001.000) 01/30 15:31:52 Image size of job updated: 392376
	381  -  MemoryUsage of job (MB)
	390064  -  ResidentSetSize of job (KB)
...
006 (3447448.001.000) 01/30 15:36:53 Image size of job updated: 392376
	382  -  MemoryUsage of job (MB)
	390216  -  ResidentSetSize of job (KB)
...
006 (3447448.001.000) 01/30 15:41:53 Image size of job updated: 392376
	382  -  MemoryUsage of job (MB)
	390296  -  ResidentSetSize of job (KB)
...
006 (3447448.001.000) 01/30 15:46:54 Image size of job updated: 392376
	382  -  MemoryUsage of job (MB)
	390304  -  ResidentSetSize of job (KB)
...
006 (3447448.001.000) 01/30 15:51:55 Image size of job updated: 392376
	382  -  MemoryUsage of job (MB)
	390424  -  ResidentSetSize of job (KB)
...
006 (3447448.001.000) 01/30 15:56:55 Image size of job updated: 406432
	384  -  MemoryUsage of job (MB)
	392836  -  ResidentSetSize of job (KB)
...
006 (3447448.001.000) 01/30 16:01:55 Image size of job updated: 406524
	384  -  MemoryUsage of job (MB)
	392928  -  ResidentSetSize of job (KB)
...
006 (3447448.001.000) 01/30 16:11:56 Image size of job updated: 406524
	384  -  MemoryUsage of job (MB)
	393016  -  ResidentSetSize of job (KB)
...
006 (3447448.001.000) 01/30 16:16:56 Image size of job updated: 406524
	384  -  MemoryUsage of job (MB)
	393052  -  ResidentSetSize of job (KB)
...
006 (3447448.001.000) 01/30 16:21:58 Image size of job updated: 406524
	384  -  MemoryUsage of job (MB)
	393104  -  ResidentSetSize of job (KB)
...
006 (3447448.001.000) 01/30 16:26:58 Image size of job updated: 406524
	384  -  MemoryUsage of job (MB)
	393116  -  ResidentSetSize of job (KB)
...
006 (3447448.001.000) 01/30 16:31:58 Image size of job updated: 406524
	384  -  MemoryUsage of job (MB)
	393180  -  ResidentSetSize of job (KB)
...
006 (3447448.001.000) 01/30 16:36:59 Image size of job updated: 406548
	384  -  MemoryUsage of job (MB)
	393208  -  ResidentSetSize of job (KB)
...
006 (3447448.001.000) 01/30 16:42:00 Image size of job updated: 406552
	384  -  MemoryUsage of job (MB)
	393212  -  ResidentSetSize of job (KB)
...
006 (3447448.001.000) 01/30 16:47:00 Image size of job updated: 406580
	385  -  MemoryUsage of job (MB)
	393240  -  ResidentSetSize of job (KB)
...
006 (3447448.001.000) 01/30 16:52:01 Image size of job updated: 406608
	385  -  MemoryUsage of job (MB)
	393268  -  ResidentSetSize of job (KB)
...
006 (3447448.001.000) 01/30 17:02:02 Image size of job updated: 406688
	385  -  MemoryUsage of job (MB)
	393348  -  ResidentSetSize of job (KB)
...
006 (3447448.001.000) 01/30 17:07:03 Image size of job updated: 406776
	385  -  MemoryUsage of job (MB)
	393436  -  ResidentSetSize of job (KB)
...
006 (3447448.001.000) 01/30 17:12:04 Image size of job updated: 406812
	385  -  MemoryUsage of job (MB)
	393472  -  ResidentSetSize of job (KB)
...
006 (3447448.001.000) 01/30 17:17:04 Image size of job updated: 406868
	385  -  MemoryUsage of job (MB)
	393528  -  ResidentSetSize of job (KB)
...
006 (3447448.001.000) 01/30 17:22:04 Image size of job updated: 406888
	385  -  MemoryUsage of job (MB)
	393548  -  ResidentSetSize of job (KB)
...
006 (3447448.001.000) 01/30 17:27:05 Image size of job updated: 406924
	385  -  MemoryUsage of job (MB)
	393584  -  ResidentSetSize of job (KB)
...
006 (3447448.001.000) 01/30 17:37:05 Image size of job updated: 407072
	385  -  MemoryUsage of job (MB)
	393732  -  ResidentSetSize of job (KB)
...
006 (3447448.001.000) 01/30 17:42:06 Image size of job updated: 407076
	385  -  MemoryUsage of job (MB)
	393736  -  ResidentSetSize of job (KB)
...
006 (3447448.001.000) 01/30 17:47:06 Image size of job updated: 407172
	385  -  MemoryUsage of job (MB)
	393832  -  ResidentSetSize of job (KB)
...
006 (3447448.001.000) 01/30 17:52:06 Image size of job updated: 407200
	385  -  MemoryUsage of job (MB)
	393860  -  ResidentSetSize of job (KB)
...
006 (3447448.001.000) 01/30 17:57:07 Image size of job updated: 407252
	385  -  MemoryUsage of job (MB)
	393912  -  ResidentSetSize of job (KB)
...
006 (3447448.001.000) 01/30 18:07:08 Image size of job updated: 407336
	385  -  MemoryUsage of job (MB)
	393996  -  ResidentSetSize of job (KB)
...
006 (3447448.001.000) 01/30 18:12:08 Image size of job updated: 407340
	385  -  MemoryUsage of job (MB)
	394000  -  ResidentSetSize of job (KB)
...
006 (3447448.001.000) 01/30 18:20:40 Image size of job updated: 407436
	385  -  MemoryUsage of job (MB)
	394096  -  ResidentSetSize of job (KB)
...
006 (3447448.001.000) 01/30 18:31:14 Image size of job updated: 407464
	385  -  MemoryUsage of job (MB)
	394124  -  ResidentSetSize of job (KB)
...
006 (3447448.001.000) 01/30 18:39:42 Image size of job updated: 407548
	385  -  MemoryUsage of job (MB)
	394208  -  ResidentSetSize of job (KB)
...
006 (3447448.001.000) 01/30 18:44:47 Image size of job updated: 407572
	385  -  MemoryUsage of job (MB)
	394232  -  ResidentSetSize of job (KB)
...
006 (3447448.001.000) 01/30 18:49:48 Image size of job updated: 407628
	386  -  MemoryUsage of job (MB)
	394288  -  ResidentSetSize of job (KB)
...
006 (3447448.001.000) 01/30 18:59:48 Image size of job updated: 407676
	386  -  MemoryUsage of job (MB)
	394336  -  ResidentSetSize of job (KB)
...
006 (3447448.001.000) 01/30 19:04:49 Image size of job updated: 407732
	386  -  MemoryUsage of job (MB)
	394392  -  ResidentSetSize of job (KB)
...
006 (3447448.001.000) 01/30 19:09:49 Image size of job updated: 407764
	386  -  MemoryUsage of job (MB)
	394424  -  ResidentSetSize of job (KB)
...
006 (3447448.001.000) 01/30 19:14:49 Image size of job updated: 407784
	386  -  MemoryUsage of job (MB)
	394444  -  ResidentSetSize of job (KB)
...
006 (3447448.001.000) 01/30 19:19:50 Image size of job updated: 407820
	386  -  MemoryUsage of job (MB)
	394480  -  ResidentSetSize of job (KB)
...
006 (3447448.001.000) 01/30 19:24:50 Image size of job updated: 407916
	386  -  MemoryUsage of job (MB)
	394576  -  ResidentSetSize of job (KB)
...
006 (3447448.001.000) 01/30 19:29:50 Image size of job updated: 407936
	386  -  MemoryUsage of job (MB)
	394596  -  ResidentSetSize of job (KB)
...
006 (3447448.001.000) 01/30 19:34:50 Image size of job updated: 407976
	386  -  MemoryUsage of job (MB)
	394636  -  ResidentSetSize of job (KB)
...
006 (3447448.001.000) 01/30 19:39:51 Image size of job updated: 408008
	386  -  MemoryUsage of job (MB)
	394636  -  ResidentSetSize of job (KB)
...
006 (3447448.001.000) 01/30 19:44:52 Image size of job updated: 408072
	386  -  MemoryUsage of job (MB)
	394672  -  ResidentSetSize of job (KB)
...
006 (3447448.001.000) 01/30 19:49:52 Image size of job updated: 408072
	386  -  MemoryUsage of job (MB)
	394704  -  ResidentSetSize of job (KB)
...
006 (3447448.001.000) 01/30 19:54:52 Image size of job updated: 408072
	386  -  MemoryUsage of job (MB)
	394720  -  ResidentSetSize of job (KB)
...
006 (3447448.001.000) 01/30 19:59:53 Image size of job updated: 408072
	386  -  MemoryUsage of job (MB)
	394792  -  ResidentSetSize of job (KB)
...
006 (3447448.001.000) 01/30 20:04:53 Image size of job updated: 408072
	386  -  MemoryUsage of job (MB)
	394840  -  ResidentSetSize of job (KB)
...
006 (3447448.001.000) 01/30 20:14:55 Image size of job updated: 408072
	386  -  MemoryUsage of job (MB)
	394932  -  ResidentSetSize of job (KB)
...
006 (3447448.001.000) 01/30 20:19:55 Image size of job updated: 408072
	386  -  MemoryUsage of job (MB)
	394996  -  ResidentSetSize of job (KB)
...
006 (3447448.001.000) 01/30 20:24:55 Image size of job updated: 408072
	386  -  MemoryUsage of job (MB)
	395068  -  ResidentSetSize of job (KB)
...
006 (3447448.001.000) 01/30 20:29:55 Image size of job updated: 408072
	386  -  MemoryUsage of job (MB)
	395144  -  ResidentSetSize of job (KB)
...
006 (3447448.001.000) 01/30 20:34:55 Image size of job updated: 408072
	386  -  MemoryUsage of job (MB)
	395180  -  ResidentSetSize of job (KB)
...
006 (3447448.001.000) 01/30 20:39:56 Image size of job updated: 408072
	386  -  MemoryUsage of job (MB)
	395236  -  ResidentSetSize of job (KB)
...
006 (3447448.001.000) 01/30 20:44:56 Image size of job updated: 408072
	386  -  MemoryUsage of job (MB)
	395264  -  ResidentSetSize of job (KB)
...
006 (3447448.001.000) 01/30 20:54:57 Image size of job updated: 408072
	387  -  MemoryUsage of job (MB)
	395304  -  ResidentSetSize of job (KB)
...
006 (3447448.001.000) 01/30 20:59:58 Image size of job updated: 408072
	387  -  MemoryUsage of job (MB)
	395404  -  ResidentSetSize of job (KB)
...
006 (3447448.001.000) 01/30 21:04:58 Image size of job updated: 408072
	387  -  MemoryUsage of job (MB)
	395424  -  ResidentSetSize of job (KB)
...
006 (3447448.001.000) 01/30 21:09:59 Image size of job updated: 408072
	387  -  MemoryUsage of job (MB)
	395452  -  ResidentSetSize of job (KB)
...
006 (3447448.001.000) 01/30 21:15:00 Image size of job updated: 408072
	387  -  MemoryUsage of job (MB)
	395504  -  ResidentSetSize of job (KB)
...
006 (3447448.001.000) 01/30 21:20:00 Image size of job updated: 408072
	387  -  MemoryUsage of job (MB)
	395544  -  ResidentSetSize of job (KB)
...
006 (3447448.001.000) 01/30 21:25:01 Image size of job updated: 408072
	387  -  MemoryUsage of job (MB)
	395548  -  ResidentSetSize of job (KB)
...
006 (3447448.001.000) 01/30 21:30:02 Image size of job updated: 408072
	387  -  MemoryUsage of job (MB)
	395608  -  ResidentSetSize of job (KB)
...
006 (3447448.001.000) 01/30 21:35:02 Image size of job updated: 408072
	387  -  MemoryUsage of job (MB)
	395624  -  ResidentSetSize of job (KB)
...
006 (3447448.001.000) 01/30 21:40:02 Image size of job updated: 408072
	387  -  MemoryUsage of job (MB)
	395696  -  ResidentSetSize of job (KB)
...
006 (3447448.001.000) 01/30 21:45:02 Image size of job updated: 408072
	387  -  MemoryUsage of job (MB)
	395772  -  ResidentSetSize of job (KB)
...
006 (3447448.001.000) 01/30 21:55:03 Image size of job updated: 408072
	387  -  MemoryUsage of job (MB)
	395884  -  ResidentSetSize of job (KB)
...
006 (3447448.001.000) 01/30 22:00:03 Image size of job updated: 408072
	387  -  MemoryUsage of job (MB)
	395896  -  ResidentSetSize of job (KB)
...
006 (3447448.001.000) 01/30 22:05:03 Image size of job updated: 408072
	387  -  MemoryUsage of job (MB)
	395952  -  ResidentSetSize of job (KB)
...
006 (3447448.001.000) 01/30 22:10:04 Image size of job updated: 408072
	387  -  MemoryUsage of job (MB)
	396008  -  ResidentSetSize of job (KB)
...
006 (3447448.001.000) 01/30 22:15:04 Image size of job updated: 408072
	387  -  MemoryUsage of job (MB)
	396032  -  ResidentSetSize of job (KB)
...
006 (3447448.001.000) 01/30 22:20:04 Image size of job updated: 408072
	387  -  MemoryUsage of job (MB)
	396044  -  ResidentSetSize of job (KB)
...
006 (3447448.001.000) 01/30 22:25:05 Image size of job updated: 408072
	387  -  MemoryUsage of job (MB)
	396120  -  ResidentSetSize of job (KB)
...
006 (3447448.001.000) 01/30 22:30:06 Image size of job updated: 408072
	387  -  MemoryUsage of job (MB)
	396152  -  ResidentSetSize of job (KB)
...
006 (3447448.001.000) 01/30 22:35:06 Image size of job updated: 408072
	387  -  MemoryUsage of job (MB)
	396228  -  ResidentSetSize of job (KB)
...
006 (3447448.001.000) 01/30 22:40:07 Image size of job updated: 408072
	387  -  MemoryUsage of job (MB)
	396232  -  ResidentSetSize of job (KB)
...
006 (3447448.001.000) 01/30 22:45:08 Image size of job updated: 408072
	387  -  MemoryUsage of job (MB)
	396268  -  ResidentSetSize of job (KB)
...
006 (3447448.001.000) 01/30 22:50:08 Image size of job updated: 408072
	388  -  MemoryUsage of job (MB)
	396296  -  ResidentSetSize of job (KB)
...
006 (3447448.001.000) 01/30 22:55:09 Image size of job updated: 408072
	388  -  MemoryUsage of job (MB)
	396352  -  ResidentSetSize of job (KB)
...
006 (3447448.001.000) 01/30 23:00:10 Image size of job updated: 408072
	388  -  MemoryUsage of job (MB)
	396380  -  ResidentSetSize of job (KB)
...
006 (3447448.001.000) 01/30 23:05:10 Image size of job updated: 408072
	388  -  MemoryUsage of job (MB)
	396428  -  ResidentSetSize of job (KB)
...
006 (3447448.001.000) 01/30 23:10:10 Image size of job updated: 408072
	388  -  MemoryUsage of job (MB)
	396472  -  ResidentSetSize of job (KB)
...
006 (3447448.001.000) 01/30 23:15:11 Image size of job updated: 408072
	388  -  MemoryUsage of job (MB)
	396520  -  ResidentSetSize of job (KB)
...
006 (3447448.001.000) 01/30 23:20:11 Image size of job updated: 408072
	388  -  MemoryUsage of job (MB)
	396600  -  ResidentSetSize of job (KB)
...
006 (3447448.001.000) 01/30 23:25:11 Image size of job updated: 408072
	388  -  MemoryUsage of job (MB)
	396608  -  ResidentSetSize of job (KB)
...
006 (3447448.001.000) 01/30 23:30:12 Image size of job updated: 408072
	388  -  MemoryUsage of job (MB)
	396676  -  ResidentSetSize of job (KB)
...
006 (3447448.001.000) 01/30 23:35:13 Image size of job updated: 408072
	388  -  MemoryUsage of job (MB)
	396680  -  ResidentSetSize of job (KB)
...
006 (3447448.001.000) 01/30 23:40:13 Image size of job updated: 408072
	388  -  MemoryUsage of job (MB)
	396740  -  ResidentSetSize of job (KB)
...
006 (3447448.001.000) 01/30 23:45:14 Image size of job updated: 408072
	388  -  MemoryUsage of job (MB)
	396772  -  ResidentSetSize of job (KB)
...
006 (3447448.001.000) 01/30 23:50:15 Image size of job updated: 408072
	388  -  MemoryUsage of job (MB)
	396832  -  ResidentSetSize of job (KB)
...
006 (3447448.001.000) 01/30 23:55:15 Image size of job updated: 408072
	388  -  MemoryUsage of job (MB)
	396836  -  ResidentSetSize of job (KB)
...
006 (3447448.001.000) 01/31 00:00:15 Image size of job updated: 408072
	388  -  MemoryUsage of job (MB)
	396924  -  ResidentSetSize of job (KB)
...
006 (3447448.001.000) 01/31 00:05:16 Image size of job updated: 408072
	388  -  MemoryUsage of job (MB)
	396960  -  ResidentSetSize of job (KB)
...
006 (3447448.001.000) 01/31 00:10:16 Image size of job updated: 408072
	388  -  MemoryUsage of job (MB)
	397016  -  ResidentSetSize of job (KB)
...
006 (3447448.001.000) 01/31 00:20:17 Image size of job updated: 408072
	388  -  MemoryUsage of job (MB)
	397104  -  ResidentSetSize of job (KB)
...
006 (3447448.001.000) 01/31 00:25:17 Image size of job updated: 408072
	388  -  MemoryUsage of job (MB)
	397112  -  ResidentSetSize of job (KB)
...
006 (3447448.001.000) 01/31 00:30:17 Image size of job updated: 408072
	388  -  MemoryUsage of job (MB)
	397184  -  ResidentSetSize of job (KB)
...
006 (3447448.001.000) 01/31 00:35:18 Image size of job updated: 408072
	388  -  MemoryUsage of job (MB)
	397208  -  ResidentSetSize of job (KB)
...
006 (3447448.001.000) 01/31 00:40:19 Image size of job updated: 408072
	388  -  MemoryUsage of job (MB)
	397220  -  ResidentSetSize of job (KB)
...
006 (3447448.001.000) 01/31 00:45:19 Image size of job updated: 408072
	389  -  MemoryUsage of job (MB)
	397544  -  ResidentSetSize of job (KB)
...
006 (3447448.001.000) 01/31 00:50:20 Image size of job updated: 408072
	389  -  MemoryUsage of job (MB)
	397672  -  ResidentSetSize of job (KB)
...
006 (3447448.001.000) 01/31 00:55:21 Image size of job updated: 408072
	389  -  MemoryUsage of job (MB)
	397924  -  ResidentSetSize of job (KB)
...
006 (3447448.001.000) 01/31 01:00:21 Image size of job updated: 408072
	389  -  MemoryUsage of job (MB)
	398008  -  ResidentSetSize of job (KB)
...
006 (3447448.001.000) 01/31 02:45:31 Image size of job updated: 408072
	389  -  MemoryUsage of job (MB)
	398024  -  ResidentSetSize of job (KB)
...
006 (3447448.001.000) 01/31 03:00:32 Image size of job updated: 408072
	389  -  MemoryUsage of job (MB)
	398040  -  ResidentSetSize of job (KB)
...
006 (3447448.001.000) 01/31 03:05:32 Image size of job updated: 408072
	389  -  MemoryUsage of job (MB)
	398052  -  ResidentSetSize of job (KB)
...
006 (3447448.001.000) 01/31 03:15:34 Image size of job updated: 408072
	389  -  MemoryUsage of job (MB)
	398076  -  ResidentSetSize of job (KB)
...
006 (3447448.001.000) 01/31 03:20:34 Image size of job updated: 408072
	389  -  MemoryUsage of job (MB)
	398088  -  ResidentSetSize of job (KB)
...
006 (3447448.001.000) 01/31 03:25:35 Image size of job updated: 408072
	389  -  MemoryUsage of job (MB)
	398128  -  ResidentSetSize of job (KB)
...
006 (3447448.001.000) 01/31 03:35:36 Image size of job updated: 408072
	389  -  MemoryUsage of job (MB)
	398136  -  ResidentSetSize of job (KB)
...
006 (3447448.001.000) 01/31 03:50:38 Image size of job updated: 408072
	389  -  MemoryUsage of job (MB)
	398176  -  ResidentSetSize of job (KB)
...
006 (3447448.001.000) 01/31 05:30:47 Image size of job updated: 408072
	389  -  MemoryUsage of job (MB)
	398208  -  ResidentSetSize of job (KB)
...
006 (3447448.001.000) 01/31 05:40:49 Image size of job updated: 408072
	389  -  MemoryUsage of job (MB)
	398224  -  ResidentSetSize of job (KB)
...
006 (3447448.001.000) 01/31 05:50:49 Image size of job updated: 408072
	389  -  MemoryUsage of job (MB)
	398232  -  ResidentSetSize of job (KB)
...
006 (3447448.001.000) 01/31 05:55:50 Image size of job updated: 408072
	389  -  MemoryUsage of job (MB)
	398244  -  ResidentSetSize of job (KB)
...
006 (3447448.001.000) 01/31 06:00:51 Image size of job updated: 408072
	389  -  MemoryUsage of job (MB)
	398252  -  ResidentSetSize of job (KB)
...
006 (3447448.001.000) 01/31 06:30:54 Image size of job updated: 408072
	389  -  MemoryUsage of job (MB)
	398280  -  ResidentSetSize of job (KB)
...
006 (3447448.001.000) 01/31 06:35:55 Image size of job updated: 408072
	389  -  MemoryUsage of job (MB)
	398288  -  ResidentSetSize of job (KB)
...
006 (3447448.001.000) 01/31 06:45:55 Image size of job updated: 408072
	390  -  MemoryUsage of job (MB)
	398340  -  ResidentSetSize of job (KB)
...
006 (3447448.001.000) 01/31 06:50:56 Image size of job updated: 408072
	390  -  MemoryUsage of job (MB)
	398352  -  ResidentSetSize of job (KB)
...
006 (3447448.001.000) 01/31 06:55:57 Image size of job updated: 408072
	390  -  MemoryUsage of job (MB)
	398408  -  ResidentSetSize of job (KB)
...
006 (3447448.001.000) 01/31 07:00:57 Image size of job updated: 408072
	390  -  MemoryUsage of job (MB)
	398492  -  ResidentSetSize of job (KB)
...
006 (3447448.001.000) 01/31 07:05:57 Image size of job updated: 408072
	390  -  MemoryUsage of job (MB)
	398516  -  ResidentSetSize of job (KB)
...
006 (3447448.001.000) 01/31 07:20:59 Image size of job updated: 408072
	390  -  MemoryUsage of job (MB)
	398640  -  ResidentSetSize of job (KB)
...
006 (3447448.001.000) 01/31 07:25:59 Image size of job updated: 408072
	390  -  MemoryUsage of job (MB)
	398692  -  ResidentSetSize of job (KB)
...
006 (3447448.001.000) 01/31 07:41:01 Image size of job updated: 408072
	390  -  MemoryUsage of job (MB)
	398728  -  ResidentSetSize of job (KB)
...
006 (3447448.001.000) 01/31 07:46:01 Image size of job updated: 408072
	390  -  MemoryUsage of job (MB)
	398752  -  ResidentSetSize of job (KB)
...
006 (3447448.001.000) 01/31 08:11:04 Image size of job updated: 408072
	390  -  MemoryUsage of job (MB)
	398784  -  ResidentSetSize of job (KB)
...
006 (3447448.001.000) 01/31 08:16:04 Image size of job updated: 408072
	390  -  MemoryUsage of job (MB)
	398800  -  ResidentSetSize of job (KB)
...
006 (3447448.001.000) 01/31 08:31:06 Image size of job updated: 408072
	390  -  MemoryUsage of job (MB)
	398832  -  ResidentSetSize of job (KB)
...
006 (3447448.001.000) 01/31 08:41:07 Image size of job updated: 408072
	390  -  MemoryUsage of job (MB)
	398880  -  ResidentSetSize of job (KB)
...
006 (3447448.001.000) 01/31 10:51:21 Image size of job updated: 408072
	390  -  MemoryUsage of job (MB)
	398892  -  ResidentSetSize of job (KB)
...
006 (3447448.001.000) 01/31 10:56:21 Image size of job updated: 408072
	390  -  MemoryUsage of job (MB)
	398932  -  ResidentSetSize of job (KB)
...
006 (3447448.001.000) 01/31 11:06:23 Image size of job updated: 408072
	390  -  MemoryUsage of job (MB)
	398968  -  ResidentSetSize of job (KB)
...
006 (3447448.001.000) 01/31 11:16:23 Image size of job updated: 408072
	390  -  MemoryUsage of job (MB)
	398980  -  ResidentSetSize of job (KB)
...
006 (3447448.001.000) 01/31 11:26:24 Image size of job updated: 408072
	390  -  MemoryUsage of job (MB)
	398988  -  ResidentSetSize of job (KB)
...
006 (3447448.001.000) 01/31 11:46:26 Image size of job updated: 408072
	390  -  MemoryUsage of job (MB)
	399032  -  ResidentSetSize of job (KB)
...
006 (3447448.001.000) 01/31 12:11:29 Image size of job updated: 408072
	390  -  MemoryUsage of job (MB)
	399076  -  ResidentSetSize of job (KB)
...
006 (3447448.001.000) 01/31 12:21:29 Image size of job updated: 408072
	390  -  MemoryUsage of job (MB)
	399084  -  ResidentSetSize of job (KB)
...
006 (3447448.001.000) 01/31 12:26:30 Image size of job updated: 408072
	390  -  MemoryUsage of job (MB)
	399100  -  ResidentSetSize of job (KB)
...
006 (3447448.001.000) 01/31 12:31:30 Image size of job updated: 408072
	390  -  MemoryUsage of job (MB)
	399108  -  ResidentSetSize of job (KB)
...
006 (3447448.001.000) 01/31 12:36:30 Image size of job updated: 408072
	390  -  MemoryUsage of job (MB)
	399116  -  ResidentSetSize of job (KB)
...
006 (3447448.001.000) 01/31 13:36:36 Image size of job updated: 408072
	390  -  MemoryUsage of job (MB)
	399164  -  ResidentSetSize of job (KB)
...
006 (3447448.001.000) 01/31 13:41:36 Image size of job updated: 408072
	390  -  MemoryUsage of job (MB)
	399176  -  ResidentSetSize of job (KB)
...
006 (3447448.001.000) 01/31 13:46:37 Image size of job updated: 408072
	390  -  MemoryUsage of job (MB)
	399208  -  ResidentSetSize of job (KB)
...
006 (3447448.001.000) 01/31 13:51:38 Image size of job updated: 408072
	390  -  MemoryUsage of job (MB)
	399216  -  ResidentSetSize of job (KB)
...
006 (3447448.001.000) 01/31 13:56:38 Image size of job updated: 408072
	390  -  MemoryUsage of job (MB)
	399264  -  ResidentSetSize of job (KB)
...
006 (3447448.001.000) 01/31 14:01:38 Image size of job updated: 408072
	390  -  MemoryUsage of job (MB)
	399288  -  ResidentSetSize of job (KB)
...
006 (3447448.001.000) 01/31 14:16:39 Image size of job updated: 408072
	390  -  MemoryUsage of job (MB)
	399292  -  ResidentSetSize of job (KB)
...
006 (3447448.001.000) 01/31 14:21:40 Image size of job updated: 408072
	390  -  MemoryUsage of job (MB)
	399328  -  ResidentSetSize of job (KB)
...
006 (3447448.001.000) 01/31 14:26:41 Image size of job updated: 408072
	390  -  MemoryUsage of job (MB)
	399348  -  ResidentSetSize of job (KB)
...
006 (3447448.001.000) 01/31 15:31:46 Image size of job updated: 408072
	391  -  MemoryUsage of job (MB)
	399380  -  ResidentSetSize of job (KB)
...
006 (3447448.001.000) 01/31 15:36:46 Image size of job updated: 408072
	391  -  MemoryUsage of job (MB)
	399420  -  ResidentSetSize of job (KB)
...
006 (3447448.001.000) 01/31 15:41:47 Image size of job updated: 408072
	391  -  MemoryUsage of job (MB)
	399432  -  ResidentSetSize of job (KB)
...
006 (3447448.001.000) 01/31 15:51:47 Image size of job updated: 408072
	391  -  MemoryUsage of job (MB)
	399444  -  ResidentSetSize of job (KB)
...
006 (3447448.001.000) 01/31 15:56:48 Image size of job updated: 408072
	391  -  MemoryUsage of job (MB)
	399456  -  ResidentSetSize of job (KB)
...
006 (3447448.001.000) 01/31 16:01:48 Image size of job updated: 408072
	391  -  MemoryUsage of job (MB)
	399468  -  ResidentSetSize of job (KB)
...
006 (3447448.001.000) 01/31 16:16:49 Image size of job updated: 408072
	391  -  MemoryUsage of job (MB)
	399472  -  ResidentSetSize of job (KB)
...
006 (3447448.001.000) 01/31 16:21:49 Image size of job updated: 408072
	391  -  MemoryUsage of job (MB)
	399488  -  ResidentSetSize of job (KB)
...
006 (3447448.001.000) 01/31 16:36:51 Image size of job updated: 408072
	391  -  MemoryUsage of job (MB)
	399492  -  ResidentSetSize of job (KB)
...
006 (3447448.001.000) 01/31 16:41:52 Image size of job updated: 408072
	391  -  MemoryUsage of job (MB)
	399504  -  ResidentSetSize of job (KB)
...
006 (3447448.001.000) 01/31 16:46:53 Image size of job updated: 408072
	391  -  MemoryUsage of job (MB)
	399528  -  ResidentSetSize of job (KB)
...
006 (3447448.001.000) 01/31 16:56:54 Image size of job updated: 408072
	391  -  MemoryUsage of job (MB)
	399536  -  ResidentSetSize of job (KB)
...
006 (3447448.001.000) 01/31 17:01:55 Image size of job updated: 408072
	391  -  MemoryUsage of job (MB)
	399544  -  ResidentSetSize of job (KB)
...
006 (3447448.001.000) 01/31 17:06:56 Image size of job updated: 408072
	391  -  MemoryUsage of job (MB)
	399568  -  ResidentSetSize of job (KB)
...
006 (3447448.001.000) 01/31 17:15:09 Image size of job updated: 408072
	391  -  MemoryUsage of job (MB)
	399576  -  ResidentSetSize of job (KB)
...
006 (3447448.001.000) 01/31 17:24:47 Image size of job updated: 408072
	391  -  MemoryUsage of job (MB)
	399624  -  ResidentSetSize of job (KB)
...
006 (3447448.001.000) 01/31 17:35:11 Image size of job updated: 408072
	391  -  MemoryUsage of job (MB)
	399640  -  ResidentSetSize of job (KB)
...
006 (3447448.001.000) 01/31 17:47:51 Image size of job updated: 408072
	391  -  MemoryUsage of job (MB)
	399680  -  ResidentSetSize of job (KB)
...
006 (3447448.001.000) 01/31 18:02:37 Image size of job updated: 408072
	391  -  MemoryUsage of job (MB)
	399692  -  ResidentSetSize of job (KB)
...
006 (3447448.001.000) 01/31 18:07:38 Image size of job updated: 408072
	391  -  MemoryUsage of job (MB)
	399712  -  ResidentSetSize of job (KB)
...
006 (3447448.001.000) 01/31 18:17:53 Image size of job updated: 408072
	391  -  MemoryUsage of job (MB)
	399788  -  ResidentSetSize of job (KB)
...
006 (3447448.001.000) 01/31 18:34:51 Image size of job updated: 408072
	391  -  MemoryUsage of job (MB)
	399808  -  ResidentSetSize of job (KB)
...
006 (3447448.001.000) 01/31 18:48:11 Image size of job updated: 408072
	391  -  MemoryUsage of job (MB)
	399816  -  ResidentSetSize of job (KB)
...
006 (3447448.001.000) 01/31 18:56:11 Image size of job updated: 408072
	391  -  MemoryUsage of job (MB)
	399844  -  ResidentSetSize of job (KB)
...
006 (3447448.001.000) 01/31 19:01:12 Image size of job updated: 408072
	391  -  MemoryUsage of job (MB)
	399856  -  ResidentSetSize of job (KB)
...
006 (3447448.001.000) 01/31 19:11:12 Image size of job updated: 408072
	391  -  MemoryUsage of job (MB)
	399864  -  ResidentSetSize of job (KB)
...
006 (3447448.001.000) 01/31 19:16:13 Image size of job updated: 408072
	391  -  MemoryUsage of job (MB)
	399892  -  ResidentSetSize of job (KB)
...
006 (3447448.001.000) 01/31 19:31:15 Image size of job updated: 408072
	391  -  MemoryUsage of job (MB)
	399912  -  ResidentSetSize of job (KB)
...
006 (3447448.001.000) 01/31 19:36:15 Image size of job updated: 408072
	391  -  MemoryUsage of job (MB)
	399932  -  ResidentSetSize of job (KB)
...
006 (3447448.001.000) 01/31 19:41:15 Image size of job updated: 408072
	391  -  MemoryUsage of job (MB)
	399944  -  ResidentSetSize of job (KB)
...
006 (3447448.001.000) 01/31 19:46:16 Image size of job updated: 408072
	391  -  MemoryUsage of job (MB)
	399960  -  ResidentSetSize of job (KB)
...
006 (3447448.001.000) 01/31 19:56:17 Image size of job updated: 408072
	391  -  MemoryUsage of job (MB)
	399980  -  ResidentSetSize of job (KB)
...
006 (3447448.001.000) 01/31 20:01:18 Image size of job updated: 408072
	391  -  MemoryUsage of job (MB)
	400008  -  ResidentSetSize of job (KB)
...
006 (3447448.001.000) 01/31 20:13:24 Image size of job updated: 408072
	391  -  MemoryUsage of job (MB)
	400068  -  ResidentSetSize of job (KB)
...
006 (3447448.001.000) 01/31 20:34:40 Image size of job updated: 408072
	391  -  MemoryUsage of job (MB)
	400152  -  ResidentSetSize of job (KB)
...
006 (3447448.001.000) 01/31 21:01:54 Image size of job updated: 408072
	391  -  MemoryUsage of job (MB)
	400156  -  ResidentSetSize of job (KB)
...
006 (3447448.001.000) 01/31 21:13:03 Image size of job updated: 408072
	391  -  MemoryUsage of job (MB)
	400180  -  ResidentSetSize of job (KB)
...
006 (3447448.001.000) 01/31 21:18:04 Image size of job updated: 408072
	391  -  MemoryUsage of job (MB)
	400188  -  ResidentSetSize of job (KB)
...
006 (3447448.001.000) 01/31 21:23:04 Image size of job updated: 408072
	391  -  MemoryUsage of job (MB)
	400204  -  ResidentSetSize of job (KB)
...
006 (3447448.001.000) 01/31 21:33:05 Image size of job updated: 408072
	391  -  MemoryUsage of job (MB)
	400248  -  ResidentSetSize of job (KB)
...
006 (3447448.001.000) 01/31 21:38:05 Image size of job updated: 408072
	391  -  MemoryUsage of job (MB)
	400264  -  ResidentSetSize of job (KB)
...
006 (3447448.001.000) 01/31 21:43:05 Image size of job updated: 408072
	391  -  MemoryUsage of job (MB)
	400276  -  ResidentSetSize of job (KB)
...
006 (3447448.001.000) 01/31 21:58:07 Image size of job updated: 408072
	391  -  MemoryUsage of job (MB)
	400304  -  ResidentSetSize of job (KB)
...
006 (3447448.001.000) 01/31 22:03:07 Image size of job updated: 408072
	391  -  MemoryUsage of job (MB)
	400308  -  ResidentSetSize of job (KB)
...
006 (3447448.001.000) 01/31 22:13:08 Image size of job updated: 408072
	391  -  MemoryUsage of job (MB)
	400316  -  ResidentSetSize of job (KB)
...
006 (3447448.001.000) 01/31 22:28:09 Image size of job updated: 408072
	391  -  MemoryUsage of job (MB)
	400320  -  ResidentSetSize of job (KB)
...
006 (3447448.001.000) 01/31 22:33:10 Image size of job updated: 408072
	391  -  MemoryUsage of job (MB)
	400336  -  ResidentSetSize of job (KB)
...
006 (3447448.001.000) 01/31 22:43:10 Image size of job updated: 408072
	391  -  MemoryUsage of job (MB)
	400344  -  ResidentSetSize of job (KB)
...
006 (3447448.001.000) 01/31 22:48:11 Image size of job updated: 408072
	391  -  MemoryUsage of job (MB)
	400376  -  ResidentSetSize of job (KB)
...
006 (3447448.001.000) 01/31 22:58:11 Image size of job updated: 408072
	391  -  MemoryUsage of job (MB)
	400384  -  ResidentSetSize of job (KB)
...
006 (3447448.001.000) 01/31 23:03:13 Image size of job updated: 408072
	392  -  MemoryUsage of job (MB)
	400440  -  ResidentSetSize of job (KB)
...
006 (3447448.001.000) 01/31 23:08:13 Image size of job updated: 408072
	392  -  MemoryUsage of job (MB)
	400460  -  ResidentSetSize of job (KB)
...
006 (3447448.001.000) 01/31 23:13:13 Image size of job updated: 408072
	392  -  MemoryUsage of job (MB)
	400472  -  ResidentSetSize of job (KB)
...
006 (3447448.001.000) 01/31 23:18:14 Image size of job updated: 408072
	392  -  MemoryUsage of job (MB)
	400520  -  ResidentSetSize of job (KB)
...
006 (3447448.001.000) 01/31 23:23:15 Image size of job updated: 408072
	392  -  MemoryUsage of job (MB)
	400528  -  ResidentSetSize of job (KB)
...
006 (3447448.001.000) 01/31 23:43:17 Image size of job updated: 408072
	392  -  MemoryUsage of job (MB)
	400556  -  ResidentSetSize of job (KB)
...
006 (3447448.001.000) 01/31 23:48:17 Image size of job updated: 408072
	392  -  MemoryUsage of job (MB)
	400580  -  ResidentSetSize of job (KB)
...
006 (3447448.001.000) 01/31 23:53:17 Image size of job updated: 408072
	392  -  MemoryUsage of job (MB)
	400604  -  ResidentSetSize of job (KB)
...
006 (3447448.001.000) 01/31 23:58:18 Image size of job updated: 408072
	392  -  MemoryUsage of job (MB)
	400652  -  ResidentSetSize of job (KB)
...
006 (3447448.001.000) 02/01 00:03:18 Image size of job updated: 408072
	392  -  MemoryUsage of job (MB)
	400692  -  ResidentSetSize of job (KB)
...
006 (3447448.001.000) 02/01 00:08:18 Image size of job updated: 408072
	392  -  MemoryUsage of job (MB)
	400724  -  ResidentSetSize of job (KB)
...
006 (3447448.001.000) 02/01 00:48:23 Image size of job updated: 408072
	392  -  MemoryUsage of job (MB)
	400736  -  ResidentSetSize of job (KB)
...
006 (3447448.001.000) 02/01 00:53:24 Image size of job updated: 408072
	392  -  MemoryUsage of job (MB)
	400740  -  ResidentSetSize of job (KB)
...
006 (3447448.001.000) 02/01 00:58:24 Image size of job updated: 408072
	392  -  MemoryUsage of job (MB)
	400788  -  ResidentSetSize of job (KB)
...
006 (3447448.001.000) 02/01 01:03:25 Image size of job updated: 408072
	392  -  MemoryUsage of job (MB)
	400844  -  ResidentSetSize of job (KB)
...
006 (3447448.001.000) 02/01 01:08:26 Image size of job updated: 408072
	392  -  MemoryUsage of job (MB)
	400860  -  ResidentSetSize of job (KB)
...
006 (3447448.001.000) 02/01 01:13:26 Image size of job updated: 408072
	392  -  MemoryUsage of job (MB)
	400952  -  ResidentSetSize of job (KB)
...
006 (3447448.001.000) 02/01 01:18:27 Image size of job updated: 408072
	392  -  MemoryUsage of job (MB)
	401000  -  ResidentSetSize of job (KB)
...
006 (3447448.001.000) 02/01 01:23:27 Image size of job updated: 408072
	392  -  MemoryUsage of job (MB)
	401024  -  ResidentSetSize of job (KB)
...
006 (3447448.001.000) 02/01 02:13:32 Image size of job updated: 408072
	392  -  MemoryUsage of job (MB)
	401052  -  ResidentSetSize of job (KB)
...
006 (3447448.001.000) 02/01 02:18:32 Image size of job updated: 408072
	392  -  MemoryUsage of job (MB)
	401056  -  ResidentSetSize of job (KB)
...
006 (3447448.001.000) 02/01 02:28:34 Image size of job updated: 408072
	392  -  MemoryUsage of job (MB)
	401084  -  ResidentSetSize of job (KB)
...
006 (3447448.001.000) 02/01 02:33:34 Image size of job updated: 408072
	392  -  MemoryUsage of job (MB)
	401104  -  ResidentSetSize of job (KB)
...
006 (3447448.001.000) 02/01 02:48:36 Image size of job updated: 408072
	392  -  MemoryUsage of job (MB)
	401132  -  ResidentSetSize of job (KB)
...
006 (3447448.001.000) 02/01 02:53:37 Image size of job updated: 408072
	392  -  MemoryUsage of job (MB)
	401144  -  ResidentSetSize of job (KB)
...
006 (3447448.001.000) 02/01 02:58:38 Image size of job updated: 408072
	392  -  MemoryUsage of job (MB)
	401148  -  ResidentSetSize of job (KB)
...
006 (3447448.001.000) 02/01 03:03:38 Image size of job updated: 408072
	392  -  MemoryUsage of job (MB)
	401160  -  ResidentSetSize of job (KB)
...
006 (3447448.001.000) 02/01 03:08:38 Image size of job updated: 408072
	392  -  MemoryUsage of job (MB)
	401184  -  ResidentSetSize of job (KB)
...
006 (3447448.001.000) 02/01 03:13:39 Image size of job updated: 408072
	392  -  MemoryUsage of job (MB)
	401224  -  ResidentSetSize of job (KB)
...
006 (3447448.001.000) 02/01 03:18:39 Image size of job updated: 408072
	392  -  MemoryUsage of job (MB)
	401228  -  ResidentSetSize of job (KB)
...
006 (3447448.001.000) 02/01 03:33:40 Image size of job updated: 408072
	392  -  MemoryUsage of job (MB)
	401280  -  ResidentSetSize of job (KB)
...
006 (3447448.001.000) 02/01 03:38:40 Image size of job updated: 408072
	392  -  MemoryUsage of job (MB)
	401304  -  ResidentSetSize of job (KB)
...
006 (3447448.001.000) 02/01 03:43:41 Image size of job updated: 408072
	392  -  MemoryUsage of job (MB)
	401316  -  ResidentSetSize of job (KB)
...
006 (3447448.001.000) 02/01 03:58:43 Image size of job updated: 408072
	392  -  MemoryUsage of job (MB)
	401360  -  ResidentSetSize of job (KB)
...
006 (3447448.001.000) 02/01 04:08:44 Image size of job updated: 408072
	392  -  MemoryUsage of job (MB)
	401404  -  ResidentSetSize of job (KB)
...
006 (3447448.001.000) 02/01 04:33:47 Image size of job updated: 408072
	393  -  MemoryUsage of job (MB)
	401464  -  ResidentSetSize of job (KB)
...
006 (3447448.001.000) 02/01 04:58:50 Image size of job updated: 408072
	393  -  MemoryUsage of job (MB)
	401468  -  ResidentSetSize of job (KB)
...
006 (3447448.001.000) 02/01 05:13:52 Image size of job updated: 408072
	393  -  MemoryUsage of job (MB)
	401472  -  ResidentSetSize of job (KB)
...
006 (3447448.001.000) 02/01 05:18:52 Image size of job updated: 408072
	393  -  MemoryUsage of job (MB)
	401516  -  ResidentSetSize of job (KB)
...
006 (3447448.001.000) 02/01 05:33:53 Image size of job updated: 408072
	393  -  MemoryUsage of job (MB)
	401544  -  ResidentSetSize of job (KB)
...
006 (3447448.001.000) 02/01 05:38:54 Image size of job updated: 408072
	393  -  MemoryUsage of job (MB)
	401568  -  ResidentSetSize of job (KB)
...
006 (3447448.001.000) 02/01 05:43:54 Image size of job updated: 408072
	393  -  MemoryUsage of job (MB)
	401588  -  ResidentSetSize of job (KB)
...
006 (3447448.001.000) 02/01 06:08:57 Image size of job updated: 408072
	393  -  MemoryUsage of job (MB)
	401592  -  ResidentSetSize of job (KB)
...
006 (3447448.001.000) 02/01 06:13:58 Image size of job updated: 408072
	393  -  MemoryUsage of job (MB)
	401628  -  ResidentSetSize of job (KB)
...
006 (3447448.001.000) 02/01 06:18:58 Image size of job updated: 408072
	393  -  MemoryUsage of job (MB)
	401636  -  ResidentSetSize of job (KB)
...
006 (3447448.001.000) 02/01 06:23:59 Image size of job updated: 408072
	393  -  MemoryUsage of job (MB)
	401660  -  ResidentSetSize of job (KB)
...
006 (3447448.001.000) 02/01 06:44:02 Image size of job updated: 408072
	393  -  MemoryUsage of job (MB)
	401664  -  ResidentSetSize of job (KB)
...
006 (3447448.001.000) 02/01 06:49:02 Image size of job updated: 408072
	393  -  MemoryUsage of job (MB)
	401720  -  ResidentSetSize of job (KB)
...
006 (3447448.001.000) 02/01 06:54:02 Image size of job updated: 408072
	393  -  MemoryUsage of job (MB)
	401724  -  ResidentSetSize of job (KB)
...
006 (3447448.001.000) 02/01 07:04:03 Image size of job updated: 408072
	393  -  MemoryUsage of job (MB)
	401728  -  ResidentSetSize of job (KB)
...
006 (3447448.001.000) 02/01 07:09:03 Image size of job updated: 408072
	393  -  MemoryUsage of job (MB)
	401744  -  ResidentSetSize of job (KB)
...
006 (3447448.001.000) 02/01 07:14:04 Image size of job updated: 408072
	393  -  MemoryUsage of job (MB)
	401752  -  ResidentSetSize of job (KB)
...
006 (3447448.001.000) 02/01 07:19:04 Image size of job updated: 408072
	393  -  MemoryUsage of job (MB)
	401784  -  ResidentSetSize of job (KB)
...
006 (3447448.001.000) 02/01 07:29:05 Image size of job updated: 408072
	393  -  MemoryUsage of job (MB)
	401788  -  ResidentSetSize of job (KB)
...
006 (3447448.001.000) 02/01 07:34:06 Image size of job updated: 408072
	393  -  MemoryUsage of job (MB)
	401800  -  ResidentSetSize of job (KB)
...
006 (3447448.001.000) 02/01 07:39:06 Image size of job updated: 408072
	393  -  MemoryUsage of job (MB)
	401820  -  ResidentSetSize of job (KB)
...
006 (3447448.001.000) 02/01 07:59:09 Image size of job updated: 408072
	393  -  MemoryUsage of job (MB)
	401832  -  ResidentSetSize of job (KB)
...
006 (3447448.001.000) 02/01 08:04:10 Image size of job updated: 408072
	393  -  MemoryUsage of job (MB)
	401848  -  ResidentSetSize of job (KB)
...
006 (3447448.001.000) 02/01 08:11:59 Image size of job updated: 408072
	393  -  MemoryUsage of job (MB)
	401860  -  ResidentSetSize of job (KB)
...
006 (3447448.001.000) 02/01 08:27:13 Image size of job updated: 408072
	393  -  MemoryUsage of job (MB)
	401904  -  ResidentSetSize of job (KB)
...
006 (3447448.001.000) 02/01 08:32:14 Image size of job updated: 408072
	393  -  MemoryUsage of job (MB)
	401920  -  ResidentSetSize of job (KB)
...
006 (3447448.001.000) 02/01 08:37:14 Image size of job updated: 408072
	393  -  MemoryUsage of job (MB)
	401932  -  ResidentSetSize of job (KB)
...
006 (3447448.001.000) 02/01 08:52:16 Image size of job updated: 408072
	393  -  MemoryUsage of job (MB)
	401940  -  ResidentSetSize of job (KB)
...
006 (3447448.001.000) 02/01 08:57:16 Image size of job updated: 408072
	393  -  MemoryUsage of job (MB)
	401980  -  ResidentSetSize of job (KB)
...
006 (3447448.001.000) 02/01 09:22:20 Image size of job updated: 408072
	393  -  MemoryUsage of job (MB)
	402004  -  ResidentSetSize of job (KB)
...
006 (3447448.001.000) 02/01 09:37:22 Image size of job updated: 408072
	393  -  MemoryUsage of job (MB)
	402008  -  ResidentSetSize of job (KB)
...
006 (3447448.001.000) 02/01 09:47:23 Image size of job updated: 408072
	393  -  MemoryUsage of job (MB)
	402032  -  ResidentSetSize of job (KB)
...
006 (3447448.001.000) 02/01 09:52:24 Image size of job updated: 408072
	393  -  MemoryUsage of job (MB)
	402036  -  ResidentSetSize of job (KB)
...
006 (3447448.001.000) 02/01 09:57:24 Image size of job updated: 408072
	393  -  MemoryUsage of job (MB)
	402076  -  ResidentSetSize of job (KB)
...
006 (3447448.001.000) 02/01 10:02:25 Image size of job updated: 408072
	393  -  MemoryUsage of job (MB)
	402088  -  ResidentSetSize of job (KB)
...
006 (3447448.001.000) 02/01 10:11:52 Image size of job updated: 408072
	393  -  MemoryUsage of job (MB)
	402116  -  ResidentSetSize of job (KB)
...
006 (3447448.001.000) 02/01 10:25:11 Image size of job updated: 408072
	393  -  MemoryUsage of job (MB)
	402132  -  ResidentSetSize of job (KB)
...
006 (3447448.001.000) 02/01 10:35:50 Image size of job updated: 408072
	393  -  MemoryUsage of job (MB)
	402152  -  ResidentSetSize of job (KB)
...
006 (3447448.001.000) 02/01 10:42:14 Image size of job updated: 408072
	393  -  MemoryUsage of job (MB)
	402184  -  ResidentSetSize of job (KB)
...
040 (3447448.001.000) 02/01 19:44:32 Started transferring input files
	Transferring to host: <128.142.71.112:9618?addrs=128.142.71.112-9618+[2001-1458-301-52--100-3da]-9618&noUDP&sock=14354_7101_13531>
...
040 (3447448.001.000) 02/01 19:44:32 Finished transferring input files
...
001 (3447448.001.000) 02/01 19:44:33 Job executing on host: <128.142.71.112:9618?addrs=128.142.71.112-9618+[2001-1458-301-52--100-3da]-9618&noUDP&sock=14150_4d31_3>
...
040 (3447448.001.000) 02/01 19:44:49 Started transferring output files
...
040 (3447448.001.000) 02/01 19:44:49 Finished transferring output files
...
005 (3447448.001.000) 02/01 19:44:49 Job terminated.
	(1) Normal termination (return value 0)
		Usr 0 00:00:05, Sys 0 00:00:04  -  Run Remote Usage
		Usr 0 00:00:00, Sys 0 00:00:00  -  Run Local Usage
		Usr 0 00:00:05, Sys 0 00:00:04  -  Total Remote Usage
		Usr 0 00:00:00, Sys 0 00:00:00  -  Total Local Usage
	9715  -  Run Bytes Sent By Job
	493  -  Run Bytes Received By Job
	9715  -  Total Bytes Sent By Job
	986  -  Total Bytes Received By Job
	Partitionable Resources :    Usage  Request Allocated 
	   Cpus                 :                 1           
	   Disk (KB)            :       24       40   2768934 
	   Memory (MB)          :      416     2000      2000 
...
