000 (3447424.012.000) 01/30 01:49:27 Job submitted from host: <188.185.71.142:9618?addrs=188.185.71.142-9618+[2001-1458-d00-7--100-388]-9618&alias=bigbird09.cern.ch&noUDP&sock=schedd_2208_1533_7>
...
040 (3447424.012.000) 01/30 07:10:12 Started transferring input files
	Transferring to host: <188.184.138.178:9618?addrs=188.184.138.178-9618+[2001-1458-301-45--100-b1]-9618&noUDP&sock=11764_8d57_198372>
...
040 (3447424.012.000) 01/30 07:10:12 Finished transferring input files
...
001 (3447424.012.000) 01/30 07:10:13 Job executing on host: <188.184.138.178:9618?addrs=188.184.138.178-9618+[2001-1458-301-45--100-b1]-9618&noUDP&sock=5599_06da_3>
...
006 (3447424.012.000) 01/30 07:10:21 Image size of job updated: 1536
	2  -  MemoryUsage of job (MB)
	1536  -  ResidentSetSize of job (KB)
...
006 (3447424.012.000) 01/30 07:15:21 Image size of job updated: 444776
	362  -  MemoryUsage of job (MB)
	369968  -  ResidentSetSize of job (KB)
...
006 (3447424.012.000) 01/30 07:20:23 Image size of job updated: 444788
	362  -  MemoryUsage of job (MB)
	369980  -  ResidentSetSize of job (KB)
...
006 (3447424.012.000) 01/30 16:06:37 Image size of job updated: 444788
	362  -  MemoryUsage of job (MB)
	369984  -  ResidentSetSize of job (KB)
...
006 (3447424.012.000) 01/30 16:11:37 Image size of job updated: 444788
	362  -  MemoryUsage of job (MB)
	369996  -  ResidentSetSize of job (KB)
...
006 (3447424.012.000) 01/30 16:16:38 Image size of job updated: 444788
	362  -  MemoryUsage of job (MB)
	370044  -  ResidentSetSize of job (KB)
...
006 (3447424.012.000) 01/30 16:21:38 Image size of job updated: 444788
	362  -  MemoryUsage of job (MB)
	370112  -  ResidentSetSize of job (KB)
...
006 (3447424.012.000) 01/30 16:26:38 Image size of job updated: 444788
	362  -  MemoryUsage of job (MB)
	370480  -  ResidentSetSize of job (KB)
...
006 (3447424.012.000) 01/30 16:33:20 Image size of job updated: 444788
	362  -  MemoryUsage of job (MB)
	370600  -  ResidentSetSize of job (KB)
...
006 (3447424.012.000) 01/30 17:33:29 Image size of job updated: 444788
	362  -  MemoryUsage of job (MB)
	370640  -  ResidentSetSize of job (KB)
...
006 (3447424.012.000) 01/30 18:08:32 Image size of job updated: 444788
	362  -  MemoryUsage of job (MB)
	370680  -  ResidentSetSize of job (KB)
...
006 (3447424.012.000) 01/30 18:13:33 Image size of job updated: 444788
	363  -  MemoryUsage of job (MB)
	370756  -  ResidentSetSize of job (KB)
...
006 (3447424.012.000) 01/30 18:18:34 Image size of job updated: 444788
	363  -  MemoryUsage of job (MB)
	370764  -  ResidentSetSize of job (KB)
...
006 (3447424.012.000) 01/30 18:23:34 Image size of job updated: 444788
	363  -  MemoryUsage of job (MB)
	370816  -  ResidentSetSize of job (KB)
...
006 (3447424.012.000) 01/30 18:31:34 Image size of job updated: 444788
	363  -  MemoryUsage of job (MB)
	370864  -  ResidentSetSize of job (KB)
...
006 (3447424.012.000) 01/30 18:40:31 Image size of job updated: 444788
	363  -  MemoryUsage of job (MB)
	370944  -  ResidentSetSize of job (KB)
...
006 (3447424.012.000) 01/30 18:47:42 Image size of job updated: 444788
	363  -  MemoryUsage of job (MB)
	370976  -  ResidentSetSize of job (KB)
...
006 (3447424.012.000) 01/30 18:52:42 Image size of job updated: 444788
	363  -  MemoryUsage of job (MB)
	371016  -  ResidentSetSize of job (KB)
...
006 (3447424.012.000) 01/30 18:57:42 Image size of job updated: 444788
	363  -  MemoryUsage of job (MB)
	371108  -  ResidentSetSize of job (KB)
...
006 (3447424.012.000) 01/30 19:02:44 Image size of job updated: 444788
	363  -  MemoryUsage of job (MB)
	371136  -  ResidentSetSize of job (KB)
...
006 (3447424.012.000) 01/30 19:07:44 Image size of job updated: 444788
	363  -  MemoryUsage of job (MB)
	371168  -  ResidentSetSize of job (KB)
...
006 (3447424.012.000) 01/30 19:12:45 Image size of job updated: 444788
	363  -  MemoryUsage of job (MB)
	371220  -  ResidentSetSize of job (KB)
...
006 (3447424.012.000) 01/30 19:17:45 Image size of job updated: 444788
	363  -  MemoryUsage of job (MB)
	371272  -  ResidentSetSize of job (KB)
...
006 (3447424.012.000) 01/30 19:22:46 Image size of job updated: 444788
	363  -  MemoryUsage of job (MB)
	371288  -  ResidentSetSize of job (KB)
...
006 (3447424.012.000) 01/30 19:27:47 Image size of job updated: 444788
	363  -  MemoryUsage of job (MB)
	371300  -  ResidentSetSize of job (KB)
...
006 (3447424.012.000) 01/30 19:32:47 Image size of job updated: 444788
	363  -  MemoryUsage of job (MB)
	371312  -  ResidentSetSize of job (KB)
...
006 (3447424.012.000) 01/30 19:37:48 Image size of job updated: 444788
	363  -  MemoryUsage of job (MB)
	371348  -  ResidentSetSize of job (KB)
...
006 (3447424.012.000) 01/30 19:42:48 Image size of job updated: 444788
	363  -  MemoryUsage of job (MB)
	371396  -  ResidentSetSize of job (KB)
...
006 (3447424.012.000) 01/30 19:52:49 Image size of job updated: 444788
	363  -  MemoryUsage of job (MB)
	371460  -  ResidentSetSize of job (KB)
...
006 (3447424.012.000) 01/30 19:57:50 Image size of job updated: 444788
	363  -  MemoryUsage of job (MB)
	371608  -  ResidentSetSize of job (KB)
...
006 (3447424.012.000) 01/30 20:02:50 Image size of job updated: 444788
	363  -  MemoryUsage of job (MB)
	371652  -  ResidentSetSize of job (KB)
...
006 (3447424.012.000) 01/30 20:07:51 Image size of job updated: 444788
	363  -  MemoryUsage of job (MB)
	371664  -  ResidentSetSize of job (KB)
...
006 (3447424.012.000) 01/30 20:12:52 Image size of job updated: 444788
	364  -  MemoryUsage of job (MB)
	371728  -  ResidentSetSize of job (KB)
...
006 (3447424.012.000) 01/30 20:17:52 Image size of job updated: 444788
	364  -  MemoryUsage of job (MB)
	371768  -  ResidentSetSize of job (KB)
...
006 (3447424.012.000) 01/30 20:22:53 Image size of job updated: 444788
	364  -  MemoryUsage of job (MB)
	371820  -  ResidentSetSize of job (KB)
...
006 (3447424.012.000) 01/30 20:27:54 Image size of job updated: 444788
	364  -  MemoryUsage of job (MB)
	371824  -  ResidentSetSize of job (KB)
...
006 (3447424.012.000) 01/30 20:32:54 Image size of job updated: 444788
	364  -  MemoryUsage of job (MB)
	371856  -  ResidentSetSize of job (KB)
...
006 (3447424.012.000) 01/30 20:37:55 Image size of job updated: 444788
	364  -  MemoryUsage of job (MB)
	371944  -  ResidentSetSize of job (KB)
...
006 (3447424.012.000) 01/30 20:42:56 Image size of job updated: 444788
	364  -  MemoryUsage of job (MB)
	371948  -  ResidentSetSize of job (KB)
...
006 (3447424.012.000) 01/30 20:47:56 Image size of job updated: 444788
	364  -  MemoryUsage of job (MB)
	372020  -  ResidentSetSize of job (KB)
...
006 (3447424.012.000) 01/30 20:57:58 Image size of job updated: 444788
	364  -  MemoryUsage of job (MB)
	372028  -  ResidentSetSize of job (KB)
...
006 (3447424.012.000) 01/30 21:02:58 Image size of job updated: 444788
	364  -  MemoryUsage of job (MB)
	372104  -  ResidentSetSize of job (KB)
...
006 (3447424.012.000) 01/30 21:13:00 Image size of job updated: 444788
	364  -  MemoryUsage of job (MB)
	372204  -  ResidentSetSize of job (KB)
...
006 (3447424.012.000) 01/30 21:18:00 Image size of job updated: 444788
	364  -  MemoryUsage of job (MB)
	372280  -  ResidentSetSize of job (KB)
...
006 (3447424.012.000) 01/30 21:23:00 Image size of job updated: 444788
	364  -  MemoryUsage of job (MB)
	372284  -  ResidentSetSize of job (KB)
...
006 (3447424.012.000) 01/30 21:28:01 Image size of job updated: 444788
	364  -  MemoryUsage of job (MB)
	372316  -  ResidentSetSize of job (KB)
...
006 (3447424.012.000) 01/30 21:33:01 Image size of job updated: 444788
	364  -  MemoryUsage of job (MB)
	372320  -  ResidentSetSize of job (KB)
...
006 (3447424.012.000) 01/30 21:38:02 Image size of job updated: 444788
	364  -  MemoryUsage of job (MB)
	372360  -  ResidentSetSize of job (KB)
...
006 (3447424.012.000) 01/30 21:43:02 Image size of job updated: 444788
	364  -  MemoryUsage of job (MB)
	372436  -  ResidentSetSize of job (KB)
...
006 (3447424.012.000) 01/30 21:48:03 Image size of job updated: 444788
	364  -  MemoryUsage of job (MB)
	372468  -  ResidentSetSize of job (KB)
...
006 (3447424.012.000) 01/30 21:53:04 Image size of job updated: 444788
	364  -  MemoryUsage of job (MB)
	372496  -  ResidentSetSize of job (KB)
...
006 (3447424.012.000) 01/30 21:58:04 Image size of job updated: 444788
	364  -  MemoryUsage of job (MB)
	372540  -  ResidentSetSize of job (KB)
...
006 (3447424.012.000) 01/30 22:03:05 Image size of job updated: 444788
	364  -  MemoryUsage of job (MB)
	372564  -  ResidentSetSize of job (KB)
...
006 (3447424.012.000) 01/30 22:08:06 Image size of job updated: 444788
	364  -  MemoryUsage of job (MB)
	372576  -  ResidentSetSize of job (KB)
...
006 (3447424.012.000) 01/30 22:13:06 Image size of job updated: 444788
	364  -  MemoryUsage of job (MB)
	372640  -  ResidentSetSize of job (KB)
...
006 (3447424.012.000) 01/30 22:18:07 Image size of job updated: 444788
	364  -  MemoryUsage of job (MB)
	372680  -  ResidentSetSize of job (KB)
...
006 (3447424.012.000) 01/30 22:23:08 Image size of job updated: 444788
	364  -  MemoryUsage of job (MB)
	372700  -  ResidentSetSize of job (KB)
...
006 (3447424.012.000) 01/30 22:28:08 Image size of job updated: 444788
	364  -  MemoryUsage of job (MB)
	372720  -  ResidentSetSize of job (KB)
...
006 (3447424.012.000) 01/30 22:33:08 Image size of job updated: 444788
	365  -  MemoryUsage of job (MB)
	372756  -  ResidentSetSize of job (KB)
...
006 (3447424.012.000) 01/30 22:38:09 Image size of job updated: 444788
	365  -  MemoryUsage of job (MB)
	372792  -  ResidentSetSize of job (KB)
...
006 (3447424.012.000) 01/30 22:43:09 Image size of job updated: 444788
	365  -  MemoryUsage of job (MB)
	372852  -  ResidentSetSize of job (KB)
...
006 (3447424.012.000) 01/30 22:48:09 Image size of job updated: 444788
	365  -  MemoryUsage of job (MB)
	372864  -  ResidentSetSize of job (KB)
...
006 (3447424.012.000) 01/30 22:53:10 Image size of job updated: 444788
	365  -  MemoryUsage of job (MB)
	372904  -  ResidentSetSize of job (KB)
...
006 (3447424.012.000) 01/30 22:58:10 Image size of job updated: 444788
	365  -  MemoryUsage of job (MB)
	372980  -  ResidentSetSize of job (KB)
...
006 (3447424.012.000) 01/30 23:03:10 Image size of job updated: 444788
	365  -  MemoryUsage of job (MB)
	373016  -  ResidentSetSize of job (KB)
...
006 (3447424.012.000) 01/30 23:08:12 Image size of job updated: 444788
	365  -  MemoryUsage of job (MB)
	373020  -  ResidentSetSize of job (KB)
...
006 (3447424.012.000) 01/30 23:13:12 Image size of job updated: 444788
	365  -  MemoryUsage of job (MB)
	373040  -  ResidentSetSize of job (KB)
...
006 (3447424.012.000) 01/30 23:18:12 Image size of job updated: 444788
	365  -  MemoryUsage of job (MB)
	373092  -  ResidentSetSize of job (KB)
...
006 (3447424.012.000) 01/30 23:23:13 Image size of job updated: 444788
	365  -  MemoryUsage of job (MB)
	373176  -  ResidentSetSize of job (KB)
...
006 (3447424.012.000) 01/30 23:28:13 Image size of job updated: 444788
	365  -  MemoryUsage of job (MB)
	373208  -  ResidentSetSize of job (KB)
...
006 (3447424.012.000) 01/30 23:38:14 Image size of job updated: 444788
	365  -  MemoryUsage of job (MB)
	373324  -  ResidentSetSize of job (KB)
...
006 (3447424.012.000) 01/30 23:43:14 Image size of job updated: 444788
	365  -  MemoryUsage of job (MB)
	373372  -  ResidentSetSize of job (KB)
...
006 (3447424.012.000) 01/30 23:48:14 Image size of job updated: 444788
	365  -  MemoryUsage of job (MB)
	373428  -  ResidentSetSize of job (KB)
...
006 (3447424.012.000) 01/30 23:53:15 Image size of job updated: 444788
	365  -  MemoryUsage of job (MB)
	373460  -  ResidentSetSize of job (KB)
...
006 (3447424.012.000) 01/30 23:58:15 Image size of job updated: 444788
	365  -  MemoryUsage of job (MB)
	373568  -  ResidentSetSize of job (KB)
...
006 (3447424.012.000) 01/31 00:03:15 Image size of job updated: 444788
	365  -  MemoryUsage of job (MB)
	373624  -  ResidentSetSize of job (KB)
...
006 (3447424.012.000) 01/31 00:08:16 Image size of job updated: 444788
	365  -  MemoryUsage of job (MB)
	373656  -  ResidentSetSize of job (KB)
...
006 (3447424.012.000) 01/31 00:13:17 Image size of job updated: 444788
	365  -  MemoryUsage of job (MB)
	373664  -  ResidentSetSize of job (KB)
...
006 (3447424.012.000) 01/31 00:18:17 Image size of job updated: 444788
	365  -  MemoryUsage of job (MB)
	373696  -  ResidentSetSize of job (KB)
...
006 (3447424.012.000) 01/31 00:23:18 Image size of job updated: 444788
	365  -  MemoryUsage of job (MB)
	373752  -  ResidentSetSize of job (KB)
...
006 (3447424.012.000) 01/31 00:28:19 Image size of job updated: 444788
	366  -  MemoryUsage of job (MB)
	373820  -  ResidentSetSize of job (KB)
...
006 (3447424.012.000) 01/31 00:33:19 Image size of job updated: 444788
	366  -  MemoryUsage of job (MB)
	373856  -  ResidentSetSize of job (KB)
...
006 (3447424.012.000) 01/31 00:38:20 Image size of job updated: 444788
	366  -  MemoryUsage of job (MB)
	373908  -  ResidentSetSize of job (KB)
...
006 (3447424.012.000) 01/31 00:43:21 Image size of job updated: 444788
	366  -  MemoryUsage of job (MB)
	373968  -  ResidentSetSize of job (KB)
...
006 (3447424.012.000) 01/31 00:48:21 Image size of job updated: 444788
	366  -  MemoryUsage of job (MB)
	374024  -  ResidentSetSize of job (KB)
...
006 (3447424.012.000) 01/31 00:53:22 Image size of job updated: 444788
	366  -  MemoryUsage of job (MB)
	374052  -  ResidentSetSize of job (KB)
...
006 (3447424.012.000) 01/31 00:58:23 Image size of job updated: 444788
	366  -  MemoryUsage of job (MB)
	374056  -  ResidentSetSize of job (KB)
...
006 (3447424.012.000) 01/31 01:03:23 Image size of job updated: 444788
	366  -  MemoryUsage of job (MB)
	374084  -  ResidentSetSize of job (KB)
...
006 (3447424.012.000) 01/31 01:08:23 Image size of job updated: 444788
	366  -  MemoryUsage of job (MB)
	374228  -  ResidentSetSize of job (KB)
...
006 (3447424.012.000) 01/31 01:13:24 Image size of job updated: 444788
	366  -  MemoryUsage of job (MB)
	374248  -  ResidentSetSize of job (KB)
...
006 (3447424.012.000) 01/31 01:18:24 Image size of job updated: 444788
	366  -  MemoryUsage of job (MB)
	374340  -  ResidentSetSize of job (KB)
...
006 (3447424.012.000) 01/31 01:23:24 Image size of job updated: 444788
	366  -  MemoryUsage of job (MB)
	374468  -  ResidentSetSize of job (KB)
...
006 (3447424.012.000) 01/31 01:28:25 Image size of job updated: 444788
	366  -  MemoryUsage of job (MB)
	374512  -  ResidentSetSize of job (KB)
...
006 (3447424.012.000) 01/31 01:33:26 Image size of job updated: 444788
	366  -  MemoryUsage of job (MB)
	374640  -  ResidentSetSize of job (KB)
...
006 (3447424.012.000) 01/31 01:48:28 Image size of job updated: 444788
	367  -  MemoryUsage of job (MB)
	374840  -  ResidentSetSize of job (KB)
...
006 (3447424.012.000) 01/31 01:53:28 Image size of job updated: 444788
	369  -  MemoryUsage of job (MB)
	376964  -  ResidentSetSize of job (KB)
...
006 (3447424.012.000) 01/31 01:58:28 Image size of job updated: 444788
	369  -  MemoryUsage of job (MB)
	377156  -  ResidentSetSize of job (KB)
...
006 (3447424.012.000) 01/31 02:03:29 Image size of job updated: 444788
	369  -  MemoryUsage of job (MB)
	377308  -  ResidentSetSize of job (KB)
...
006 (3447424.012.000) 01/31 02:08:30 Image size of job updated: 444788
	369  -  MemoryUsage of job (MB)
	377396  -  ResidentSetSize of job (KB)
...
006 (3447424.012.000) 01/31 02:13:30 Image size of job updated: 444788
	369  -  MemoryUsage of job (MB)
	377504  -  ResidentSetSize of job (KB)
...
006 (3447424.012.000) 01/31 02:18:30 Image size of job updated: 444788
	369  -  MemoryUsage of job (MB)
	377608  -  ResidentSetSize of job (KB)
...
006 (3447424.012.000) 01/31 02:23:31 Image size of job updated: 444788
	369  -  MemoryUsage of job (MB)
	377740  -  ResidentSetSize of job (KB)
...
006 (3447424.012.000) 01/31 02:28:32 Image size of job updated: 444788
	370  -  MemoryUsage of job (MB)
	377860  -  ResidentSetSize of job (KB)
...
006 (3447424.012.000) 01/31 02:33:32 Image size of job updated: 444788
	370  -  MemoryUsage of job (MB)
	377988  -  ResidentSetSize of job (KB)
...
006 (3447424.012.000) 01/31 02:38:32 Image size of job updated: 444788
	370  -  MemoryUsage of job (MB)
	378104  -  ResidentSetSize of job (KB)
...
006 (3447424.012.000) 01/31 02:43:33 Image size of job updated: 444788
	370  -  MemoryUsage of job (MB)
	378216  -  ResidentSetSize of job (KB)
...
006 (3447424.012.000) 01/31 02:48:33 Image size of job updated: 444788
	370  -  MemoryUsage of job (MB)
	378340  -  ResidentSetSize of job (KB)
...
006 (3447424.012.000) 01/31 02:53:33 Image size of job updated: 444788
	370  -  MemoryUsage of job (MB)
	378380  -  ResidentSetSize of job (KB)
...
006 (3447424.012.000) 01/31 02:58:34 Image size of job updated: 444788
	370  -  MemoryUsage of job (MB)
	378480  -  ResidentSetSize of job (KB)
...
006 (3447424.012.000) 01/31 03:03:35 Image size of job updated: 444788
	370  -  MemoryUsage of job (MB)
	378756  -  ResidentSetSize of job (KB)
...
006 (3447424.012.000) 01/31 03:08:35 Image size of job updated: 444788
	370  -  MemoryUsage of job (MB)
	378856  -  ResidentSetSize of job (KB)
...
006 (3447424.012.000) 01/31 03:13:35 Image size of job updated: 444788
	371  -  MemoryUsage of job (MB)
	378952  -  ResidentSetSize of job (KB)
...
006 (3447424.012.000) 01/31 03:18:36 Image size of job updated: 444788
	371  -  MemoryUsage of job (MB)
	379140  -  ResidentSetSize of job (KB)
...
006 (3447424.012.000) 01/31 03:23:37 Image size of job updated: 444788
	371  -  MemoryUsage of job (MB)
	379316  -  ResidentSetSize of job (KB)
...
006 (3447424.012.000) 01/31 03:28:37 Image size of job updated: 444788
	371  -  MemoryUsage of job (MB)
	379456  -  ResidentSetSize of job (KB)
...
006 (3447424.012.000) 01/31 03:33:38 Image size of job updated: 444788
	371  -  MemoryUsage of job (MB)
	379624  -  ResidentSetSize of job (KB)
...
006 (3447424.012.000) 01/31 03:38:40 Image size of job updated: 444788
	371  -  MemoryUsage of job (MB)
	379728  -  ResidentSetSize of job (KB)
...
006 (3447424.012.000) 01/31 03:43:40 Image size of job updated: 444788
	372  -  MemoryUsage of job (MB)
	379908  -  ResidentSetSize of job (KB)
...
006 (3447424.012.000) 01/31 03:48:40 Image size of job updated: 444788
	372  -  MemoryUsage of job (MB)
	380004  -  ResidentSetSize of job (KB)
...
006 (3447424.012.000) 01/31 03:53:40 Image size of job updated: 444788
	372  -  MemoryUsage of job (MB)
	380132  -  ResidentSetSize of job (KB)
...
006 (3447424.012.000) 01/31 03:58:41 Image size of job updated: 444788
	372  -  MemoryUsage of job (MB)
	380276  -  ResidentSetSize of job (KB)
...
006 (3447424.012.000) 01/31 04:03:41 Image size of job updated: 444788
	372  -  MemoryUsage of job (MB)
	380452  -  ResidentSetSize of job (KB)
...
006 (3447424.012.000) 01/31 04:08:41 Image size of job updated: 444788
	372  -  MemoryUsage of job (MB)
	380540  -  ResidentSetSize of job (KB)
...
006 (3447424.012.000) 01/31 04:13:41 Image size of job updated: 444788
	372  -  MemoryUsage of job (MB)
	380740  -  ResidentSetSize of job (KB)
...
006 (3447424.012.000) 01/31 04:18:42 Image size of job updated: 444788
	372  -  MemoryUsage of job (MB)
	380832  -  ResidentSetSize of job (KB)
...
006 (3447424.012.000) 01/31 04:23:43 Image size of job updated: 444788
	373  -  MemoryUsage of job (MB)
	380940  -  ResidentSetSize of job (KB)
...
006 (3447424.012.000) 01/31 04:28:43 Image size of job updated: 444788
	373  -  MemoryUsage of job (MB)
	381296  -  ResidentSetSize of job (KB)
...
006 (3447424.012.000) 01/31 04:33:43 Image size of job updated: 444788
	373  -  MemoryUsage of job (MB)
	381364  -  ResidentSetSize of job (KB)
...
006 (3447424.012.000) 01/31 04:38:44 Image size of job updated: 444788
	373  -  MemoryUsage of job (MB)
	381896  -  ResidentSetSize of job (KB)
...
006 (3447424.012.000) 01/31 06:18:54 Image size of job updated: 444788
	373  -  MemoryUsage of job (MB)
	381900  -  ResidentSetSize of job (KB)
...
006 (3447424.012.000) 01/31 06:23:55 Image size of job updated: 444788
	373  -  MemoryUsage of job (MB)
	381924  -  ResidentSetSize of job (KB)
...
006 (3447424.012.000) 01/31 06:28:56 Image size of job updated: 444788
	374  -  MemoryUsage of job (MB)
	381956  -  ResidentSetSize of job (KB)
...
006 (3447424.012.000) 01/31 06:38:56 Image size of job updated: 444788
	374  -  MemoryUsage of job (MB)
	381968  -  ResidentSetSize of job (KB)
...
006 (3447424.012.000) 01/31 06:48:58 Image size of job updated: 444788
	374  -  MemoryUsage of job (MB)
	381976  -  ResidentSetSize of job (KB)
...
006 (3447424.012.000) 01/31 07:03:59 Image size of job updated: 444788
	374  -  MemoryUsage of job (MB)
	381980  -  ResidentSetSize of job (KB)
...
006 (3447424.012.000) 01/31 07:09:00 Image size of job updated: 444788
	374  -  MemoryUsage of job (MB)
	382000  -  ResidentSetSize of job (KB)
...
006 (3447424.012.000) 01/31 07:14:01 Image size of job updated: 444788
	374  -  MemoryUsage of job (MB)
	382020  -  ResidentSetSize of job (KB)
...
006 (3447424.012.000) 01/31 07:19:01 Image size of job updated: 444788
	374  -  MemoryUsage of job (MB)
	382032  -  ResidentSetSize of job (KB)
...
006 (3447424.012.000) 01/31 07:34:03 Image size of job updated: 444788
	374  -  MemoryUsage of job (MB)
	382044  -  ResidentSetSize of job (KB)
...
006 (3447424.012.000) 01/31 07:39:03 Image size of job updated: 444788
	374  -  MemoryUsage of job (MB)
	382076  -  ResidentSetSize of job (KB)
...
006 (3447424.012.000) 01/31 07:44:04 Image size of job updated: 444788
	374  -  MemoryUsage of job (MB)
	382096  -  ResidentSetSize of job (KB)
...
006 (3447424.012.000) 01/31 07:49:05 Image size of job updated: 444788
	374  -  MemoryUsage of job (MB)
	382104  -  ResidentSetSize of job (KB)
...
006 (3447424.012.000) 01/31 08:04:06 Image size of job updated: 444788
	374  -  MemoryUsage of job (MB)
	382116  -  ResidentSetSize of job (KB)
...
006 (3447424.012.000) 01/31 08:14:07 Image size of job updated: 444788
	374  -  MemoryUsage of job (MB)
	382136  -  ResidentSetSize of job (KB)
...
006 (3447424.012.000) 01/31 08:19:07 Image size of job updated: 444788
	374  -  MemoryUsage of job (MB)
	382164  -  ResidentSetSize of job (KB)
...
006 (3447424.012.000) 01/31 08:24:08 Image size of job updated: 444788
	374  -  MemoryUsage of job (MB)
	382168  -  ResidentSetSize of job (KB)
...
006 (3447424.012.000) 01/31 08:34:09 Image size of job updated: 444788
	374  -  MemoryUsage of job (MB)
	382196  -  ResidentSetSize of job (KB)
...
006 (3447424.012.000) 01/31 08:54:10 Image size of job updated: 444788
	374  -  MemoryUsage of job (MB)
	382216  -  ResidentSetSize of job (KB)
...
006 (3447424.012.000) 01/31 09:14:13 Image size of job updated: 444788
	374  -  MemoryUsage of job (MB)
	382280  -  ResidentSetSize of job (KB)
...
006 (3447424.012.000) 01/31 09:19:13 Image size of job updated: 444788
	374  -  MemoryUsage of job (MB)
	382288  -  ResidentSetSize of job (KB)
...
006 (3447424.012.000) 01/31 09:29:14 Image size of job updated: 444788
	374  -  MemoryUsage of job (MB)
	382308  -  ResidentSetSize of job (KB)
...
006 (3447424.012.000) 01/31 09:34:14 Image size of job updated: 444788
	374  -  MemoryUsage of job (MB)
	382316  -  ResidentSetSize of job (KB)
...
006 (3447424.012.000) 01/31 09:44:15 Image size of job updated: 444788
	374  -  MemoryUsage of job (MB)
	382348  -  ResidentSetSize of job (KB)
...
006 (3447424.012.000) 01/31 09:54:15 Image size of job updated: 444788
	374  -  MemoryUsage of job (MB)
	382380  -  ResidentSetSize of job (KB)
...
006 (3447424.012.000) 01/31 10:04:16 Image size of job updated: 444788
	374  -  MemoryUsage of job (MB)
	382392  -  ResidentSetSize of job (KB)
...
006 (3447424.012.000) 01/31 10:21:29 Image size of job updated: 444788
	374  -  MemoryUsage of job (MB)
	382420  -  ResidentSetSize of job (KB)
...
006 (3447424.012.000) 01/31 10:26:29 Image size of job updated: 444788
	374  -  MemoryUsage of job (MB)
	382432  -  ResidentSetSize of job (KB)
...
006 (3447424.012.000) 01/31 10:31:30 Image size of job updated: 444788
	374  -  MemoryUsage of job (MB)
	382444  -  ResidentSetSize of job (KB)
...
006 (3447424.012.000) 01/31 10:41:30 Image size of job updated: 444788
	374  -  MemoryUsage of job (MB)
	382472  -  ResidentSetSize of job (KB)
...
006 (3447424.012.000) 01/31 10:51:32 Image size of job updated: 444788
	374  -  MemoryUsage of job (MB)
	382544  -  ResidentSetSize of job (KB)
...
006 (3447424.012.000) 01/31 11:21:36 Image size of job updated: 444788
	374  -  MemoryUsage of job (MB)
	382588  -  ResidentSetSize of job (KB)
...
006 (3447424.012.000) 01/31 11:26:36 Image size of job updated: 444788
	374  -  MemoryUsage of job (MB)
	382612  -  ResidentSetSize of job (KB)
...
006 (3447424.012.000) 01/31 11:51:39 Image size of job updated: 444788
	374  -  MemoryUsage of job (MB)
	382712  -  ResidentSetSize of job (KB)
...
006 (3447424.012.000) 01/31 11:56:39 Image size of job updated: 444788
	374  -  MemoryUsage of job (MB)
	382728  -  ResidentSetSize of job (KB)
...
006 (3447424.012.000) 01/31 12:11:40 Image size of job updated: 444788
	374  -  MemoryUsage of job (MB)
	382808  -  ResidentSetSize of job (KB)
...
006 (3447424.012.000) 01/31 12:16:40 Image size of job updated: 444788
	374  -  MemoryUsage of job (MB)
	382840  -  ResidentSetSize of job (KB)
...
006 (3447424.012.000) 01/31 12:26:41 Image size of job updated: 444788
	374  -  MemoryUsage of job (MB)
	382852  -  ResidentSetSize of job (KB)
...
006 (3447424.012.000) 01/31 12:31:41 Image size of job updated: 444788
	374  -  MemoryUsage of job (MB)
	382856  -  ResidentSetSize of job (KB)
...
006 (3447424.012.000) 01/31 12:41:43 Image size of job updated: 444788
	374  -  MemoryUsage of job (MB)
	382912  -  ResidentSetSize of job (KB)
...
006 (3447424.012.000) 01/31 12:46:43 Image size of job updated: 444788
	375  -  MemoryUsage of job (MB)
	383016  -  ResidentSetSize of job (KB)
...
006 (3447424.012.000) 01/31 12:56:45 Image size of job updated: 444788
	375  -  MemoryUsage of job (MB)
	383040  -  ResidentSetSize of job (KB)
...
006 (3447424.012.000) 01/31 13:06:46 Image size of job updated: 444788
	375  -  MemoryUsage of job (MB)
	383068  -  ResidentSetSize of job (KB)
...
006 (3447424.012.000) 01/31 13:11:47 Image size of job updated: 444788
	375  -  MemoryUsage of job (MB)
	383160  -  ResidentSetSize of job (KB)
...
006 (3447424.012.000) 01/31 13:51:51 Image size of job updated: 444788
	375  -  MemoryUsage of job (MB)
	383192  -  ResidentSetSize of job (KB)
...
006 (3447424.012.000) 01/31 14:06:52 Image size of job updated: 444788
	375  -  MemoryUsage of job (MB)
	383200  -  ResidentSetSize of job (KB)
...
006 (3447424.012.000) 01/31 14:11:53 Image size of job updated: 444788
	375  -  MemoryUsage of job (MB)
	383216  -  ResidentSetSize of job (KB)
...
006 (3447424.012.000) 01/31 14:26:54 Image size of job updated: 444788
	375  -  MemoryUsage of job (MB)
	383228  -  ResidentSetSize of job (KB)
...
006 (3447424.012.000) 01/31 14:41:55 Image size of job updated: 444788
	375  -  MemoryUsage of job (MB)
	383272  -  ResidentSetSize of job (KB)
...
006 (3447424.012.000) 01/31 14:46:55 Image size of job updated: 444788
	375  -  MemoryUsage of job (MB)
	383288  -  ResidentSetSize of job (KB)
...
006 (3447424.012.000) 01/31 14:56:56 Image size of job updated: 444788
	375  -  MemoryUsage of job (MB)
	383296  -  ResidentSetSize of job (KB)
...
006 (3447424.012.000) 01/31 15:06:56 Image size of job updated: 444788
	375  -  MemoryUsage of job (MB)
	383316  -  ResidentSetSize of job (KB)
...
006 (3447424.012.000) 01/31 15:14:34 Image size of job updated: 444788
	375  -  MemoryUsage of job (MB)
	383332  -  ResidentSetSize of job (KB)
...
006 (3447424.012.000) 01/31 15:22:26 Image size of job updated: 444788
	375  -  MemoryUsage of job (MB)
	383348  -  ResidentSetSize of job (KB)
...
006 (3447424.012.000) 01/31 15:28:44 Image size of job updated: 444788
	375  -  MemoryUsage of job (MB)
	383360  -  ResidentSetSize of job (KB)
...
006 (3447424.012.000) 01/31 15:33:44 Image size of job updated: 444788
	375  -  MemoryUsage of job (MB)
	383376  -  ResidentSetSize of job (KB)
...
006 (3447424.012.000) 01/31 15:38:45 Image size of job updated: 444788
	375  -  MemoryUsage of job (MB)
	383408  -  ResidentSetSize of job (KB)
...
006 (3447424.012.000) 01/31 15:48:46 Image size of job updated: 444788
	375  -  MemoryUsage of job (MB)
	383456  -  ResidentSetSize of job (KB)
...
006 (3447424.012.000) 01/31 15:53:47 Image size of job updated: 444788
	375  -  MemoryUsage of job (MB)
	383468  -  ResidentSetSize of job (KB)
...
006 (3447424.012.000) 01/31 16:03:48 Image size of job updated: 444788
	375  -  MemoryUsage of job (MB)
	383492  -  ResidentSetSize of job (KB)
...
006 (3447424.012.000) 01/31 16:13:50 Image size of job updated: 444788
	375  -  MemoryUsage of job (MB)
	383508  -  ResidentSetSize of job (KB)
...
006 (3447424.012.000) 01/31 16:18:50 Image size of job updated: 444788
	375  -  MemoryUsage of job (MB)
	383532  -  ResidentSetSize of job (KB)
...
006 (3447424.012.000) 01/31 16:23:51 Image size of job updated: 444788
	375  -  MemoryUsage of job (MB)
	383560  -  ResidentSetSize of job (KB)
...
006 (3447424.012.000) 01/31 16:28:52 Image size of job updated: 444788
	375  -  MemoryUsage of job (MB)
	383568  -  ResidentSetSize of job (KB)
...
006 (3447424.012.000) 01/31 16:38:53 Image size of job updated: 444788
	375  -  MemoryUsage of job (MB)
	383580  -  ResidentSetSize of job (KB)
...
006 (3447424.012.000) 01/31 16:48:54 Image size of job updated: 444788
	375  -  MemoryUsage of job (MB)
	383612  -  ResidentSetSize of job (KB)
...
006 (3447424.012.000) 01/31 16:53:54 Image size of job updated: 444788
	375  -  MemoryUsage of job (MB)
	383636  -  ResidentSetSize of job (KB)
...
006 (3447424.012.000) 01/31 16:58:55 Image size of job updated: 444788
	375  -  MemoryUsage of job (MB)
	383640  -  ResidentSetSize of job (KB)
...
006 (3447424.012.000) 01/31 17:17:42 Image size of job updated: 444788
	375  -  MemoryUsage of job (MB)
	383644  -  ResidentSetSize of job (KB)
...
040 (3447424.012.000) 02/01 07:54:17 Started transferring input files
	Transferring to host: <128.142.69.211:9618?addrs=128.142.69.211-9618+[2001-1458-301-52--100-1b3]-9618&noUDP&sock=17370_7c7b_12239>
...
040 (3447424.012.000) 02/01 07:54:17 Finished transferring input files
...
001 (3447424.012.000) 02/01 07:54:18 Job executing on host: <128.142.69.211:9618?addrs=128.142.69.211-9618+[2001-1458-301-52--100-1b3]-9618&noUDP&sock=17178_41f6_3>
...
040 (3447424.012.000) 02/01 19:38:02 Started transferring input files
	Transferring to host: <188.184.190.110:9618?addrs=188.184.190.110-9618+[2001-1458-301-4b--100-7b]-9618&noUDP&sock=32644_66a9_202873>
...
040 (3447424.012.000) 02/01 19:38:02 Finished transferring input files
...
001 (3447424.012.000) 02/01 19:38:03 Job executing on host: <188.184.190.110:9618?addrs=188.184.190.110-9618+[2001-1458-301-4b--100-7b]-9618&noUDP&sock=5599_06da_3>
...
