000 (3446274.006.000) 01/30 00:14:32 Job submitted from host: <188.185.71.142:9618?addrs=188.185.71.142-9618+[2001-1458-d00-7--100-388]-9618&alias=bigbird09.cern.ch&noUDP&sock=schedd_2208_1533_7>
...
040 (3446274.006.000) 01/30 04:11:48 Started transferring input files
	Transferring to host: <188.184.139.7:9618?addrs=188.184.139.7-9618+[2001-1458-301-45--100-11c]-9618&noUDP&sock=8502_2d93_35856>
...
040 (3446274.006.000) 01/30 04:11:48 Finished transferring input files
...
001 (3446274.006.000) 01/30 04:11:49 Job executing on host: <188.184.139.7:9618?addrs=188.184.139.7-9618+[2001-1458-301-45--100-11c]-9618&noUDP&sock=5594_98e1_3>
...
006 (3446274.006.000) 01/30 04:11:58 Image size of job updated: 6616
	7  -  MemoryUsage of job (MB)
	6616  -  ResidentSetSize of job (KB)
...
006 (3446274.006.000) 01/30 04:16:59 Image size of job updated: 484408
	401  -  MemoryUsage of job (MB)
	409632  -  ResidentSetSize of job (KB)
...
006 (3446274.006.000) 01/30 05:32:04 Image size of job updated: 484432
	401  -  MemoryUsage of job (MB)
	409656  -  ResidentSetSize of job (KB)
...
006 (3446274.006.000) 01/30 06:47:14 Image size of job updated: 484436
	401  -  MemoryUsage of job (MB)
	409660  -  ResidentSetSize of job (KB)
...
006 (3446274.006.000) 01/30 06:52:14 Image size of job updated: 484508
	401  -  MemoryUsage of job (MB)
	409732  -  ResidentSetSize of job (KB)
...
006 (3446274.006.000) 01/30 06:57:15 Image size of job updated: 484520
	401  -  MemoryUsage of job (MB)
	409744  -  ResidentSetSize of job (KB)
...
006 (3446274.006.000) 01/30 07:02:16 Image size of job updated: 484564
	401  -  MemoryUsage of job (MB)
	409788  -  ResidentSetSize of job (KB)
...
006 (3446274.006.000) 01/30 07:07:16 Image size of job updated: 484716
	401  -  MemoryUsage of job (MB)
	409940  -  ResidentSetSize of job (KB)
...
006 (3446274.006.000) 01/30 07:12:17 Image size of job updated: 484768
	401  -  MemoryUsage of job (MB)
	409992  -  ResidentSetSize of job (KB)
...
006 (3446274.006.000) 01/30 07:17:18 Image size of job updated: 484816
	401  -  MemoryUsage of job (MB)
	410040  -  ResidentSetSize of job (KB)
...
006 (3446274.006.000) 01/30 07:22:18 Image size of job updated: 484852
	401  -  MemoryUsage of job (MB)
	410076  -  ResidentSetSize of job (KB)
...
006 (3446274.006.000) 01/30 07:27:19 Image size of job updated: 484900
	401  -  MemoryUsage of job (MB)
	410124  -  ResidentSetSize of job (KB)
...
006 (3446274.006.000) 01/30 07:32:20 Image size of job updated: 484956
	401  -  MemoryUsage of job (MB)
	410180  -  ResidentSetSize of job (KB)
...
006 (3446274.006.000) 01/30 07:37:20 Image size of job updated: 484972
	401  -  MemoryUsage of job (MB)
	410196  -  ResidentSetSize of job (KB)
...
006 (3446274.006.000) 01/30 07:42:21 Image size of job updated: 485040
	401  -  MemoryUsage of job (MB)
	410264  -  ResidentSetSize of job (KB)
...
006 (3446274.006.000) 01/30 07:47:22 Image size of job updated: 485144
	401  -  MemoryUsage of job (MB)
	410368  -  ResidentSetSize of job (KB)
...
006 (3446274.006.000) 01/30 07:52:22 Image size of job updated: 485216
	401  -  MemoryUsage of job (MB)
	410440  -  ResidentSetSize of job (KB)
...
006 (3446274.006.000) 01/30 08:02:24 Image size of job updated: 485256
	401  -  MemoryUsage of job (MB)
	410480  -  ResidentSetSize of job (KB)
...
006 (3446274.006.000) 01/30 08:07:24 Image size of job updated: 485508
	402  -  MemoryUsage of job (MB)
	410732  -  ResidentSetSize of job (KB)
...
006 (3446274.006.000) 01/30 08:12:25 Image size of job updated: 485704
	402  -  MemoryUsage of job (MB)
	410928  -  ResidentSetSize of job (KB)
...
006 (3446274.006.000) 01/30 08:17:26 Image size of job updated: 485728
	402  -  MemoryUsage of job (MB)
	410952  -  ResidentSetSize of job (KB)
...
006 (3446274.006.000) 01/30 08:22:26 Image size of job updated: 485828
	402  -  MemoryUsage of job (MB)
	411052  -  ResidentSetSize of job (KB)
...
006 (3446274.006.000) 01/30 08:27:27 Image size of job updated: 485924
	402  -  MemoryUsage of job (MB)
	411148  -  ResidentSetSize of job (KB)
...
006 (3446274.006.000) 01/30 08:32:28 Image size of job updated: 486068
	402  -  MemoryUsage of job (MB)
	411292  -  ResidentSetSize of job (KB)
...
006 (3446274.006.000) 01/30 09:07:31 Image size of job updated: 486088
	402  -  MemoryUsage of job (MB)
	411312  -  ResidentSetSize of job (KB)
...
006 (3446274.006.000) 01/30 09:12:31 Image size of job updated: 486188
	402  -  MemoryUsage of job (MB)
	411412  -  ResidentSetSize of job (KB)
...
006 (3446274.006.000) 01/30 09:17:32 Image size of job updated: 486188
	402  -  MemoryUsage of job (MB)
	411524  -  ResidentSetSize of job (KB)
...
006 (3446274.006.000) 01/30 09:22:33 Image size of job updated: 486188
	402  -  MemoryUsage of job (MB)
	411628  -  ResidentSetSize of job (KB)
...
006 (3446274.006.000) 01/30 09:27:33 Image size of job updated: 486336
	403  -  MemoryUsage of job (MB)
	411936  -  ResidentSetSize of job (KB)
...
006 (3446274.006.000) 01/30 09:32:34 Image size of job updated: 486608
	403  -  MemoryUsage of job (MB)
	412208  -  ResidentSetSize of job (KB)
...
006 (3446274.006.000) 01/30 09:37:35 Image size of job updated: 486952
	403  -  MemoryUsage of job (MB)
	412552  -  ResidentSetSize of job (KB)
...
006 (3446274.006.000) 01/30 09:42:35 Image size of job updated: 487104
	404  -  MemoryUsage of job (MB)
	412704  -  ResidentSetSize of job (KB)
...
006 (3446274.006.000) 01/30 09:57:37 Image size of job updated: 487188
	404  -  MemoryUsage of job (MB)
	412788  -  ResidentSetSize of job (KB)
...
006 (3446274.006.000) 01/30 13:48:00 Image size of job updated: 487188
	404  -  MemoryUsage of job (MB)
	412884  -  ResidentSetSize of job (KB)
...
006 (3446274.006.000) 01/30 13:53:01 Image size of job updated: 487188
	404  -  MemoryUsage of job (MB)
	413024  -  ResidentSetSize of job (KB)
...
006 (3446274.006.000) 01/30 14:03:02 Image size of job updated: 487188
	404  -  MemoryUsage of job (MB)
	413048  -  ResidentSetSize of job (KB)
...
006 (3446274.006.000) 01/30 14:08:04 Image size of job updated: 487188
	404  -  MemoryUsage of job (MB)
	413140  -  ResidentSetSize of job (KB)
...
006 (3446274.006.000) 01/30 14:13:04 Image size of job updated: 487188
	404  -  MemoryUsage of job (MB)
	413200  -  ResidentSetSize of job (KB)
...
006 (3446274.006.000) 01/30 14:23:05 Image size of job updated: 487188
	404  -  MemoryUsage of job (MB)
	413232  -  ResidentSetSize of job (KB)
...
006 (3446274.006.000) 01/30 14:28:06 Image size of job updated: 487188
	404  -  MemoryUsage of job (MB)
	413260  -  ResidentSetSize of job (KB)
...
006 (3446274.006.000) 01/30 14:33:06 Image size of job updated: 487188
	404  -  MemoryUsage of job (MB)
	413324  -  ResidentSetSize of job (KB)
...
006 (3446274.006.000) 01/30 14:38:07 Image size of job updated: 487188
	404  -  MemoryUsage of job (MB)
	413400  -  ResidentSetSize of job (KB)
...
006 (3446274.006.000) 01/30 14:48:08 Image size of job updated: 487188
	404  -  MemoryUsage of job (MB)
	413516  -  ResidentSetSize of job (KB)
...
006 (3446274.006.000) 01/30 14:53:09 Image size of job updated: 487188
	404  -  MemoryUsage of job (MB)
	413592  -  ResidentSetSize of job (KB)
...
006 (3446274.006.000) 01/30 14:58:10 Image size of job updated: 487188
	404  -  MemoryUsage of job (MB)
	413648  -  ResidentSetSize of job (KB)
...
006 (3446274.006.000) 01/30 15:03:10 Image size of job updated: 487188
	405  -  MemoryUsage of job (MB)
	413732  -  ResidentSetSize of job (KB)
...
006 (3446274.006.000) 01/30 15:08:10 Image size of job updated: 487188
	405  -  MemoryUsage of job (MB)
	413844  -  ResidentSetSize of job (KB)
...
006 (3446274.006.000) 01/30 15:13:11 Image size of job updated: 487188
	405  -  MemoryUsage of job (MB)
	413848  -  ResidentSetSize of job (KB)
...
006 (3446274.006.000) 01/30 15:18:11 Image size of job updated: 487188
	405  -  MemoryUsage of job (MB)
	413884  -  ResidentSetSize of job (KB)
...
006 (3446274.006.000) 01/30 15:23:12 Image size of job updated: 487188
	405  -  MemoryUsage of job (MB)
	413992  -  ResidentSetSize of job (KB)
...
006 (3446274.006.000) 01/30 15:28:13 Image size of job updated: 487188
	405  -  MemoryUsage of job (MB)
	414100  -  ResidentSetSize of job (KB)
...
006 (3446274.006.000) 01/30 15:33:13 Image size of job updated: 487188
	405  -  MemoryUsage of job (MB)
	414156  -  ResidentSetSize of job (KB)
...
006 (3446274.006.000) 01/30 15:38:13 Image size of job updated: 487188
	405  -  MemoryUsage of job (MB)
	414204  -  ResidentSetSize of job (KB)
...
006 (3446274.006.000) 01/30 15:43:14 Image size of job updated: 487188
	405  -  MemoryUsage of job (MB)
	414360  -  ResidentSetSize of job (KB)
...
006 (3446274.006.000) 01/30 15:48:14 Image size of job updated: 487188
	405  -  MemoryUsage of job (MB)
	414368  -  ResidentSetSize of job (KB)
...
006 (3446274.006.000) 01/30 15:53:14 Image size of job updated: 487188
	405  -  MemoryUsage of job (MB)
	414420  -  ResidentSetSize of job (KB)
...
006 (3446274.006.000) 01/30 15:58:15 Image size of job updated: 487188
	405  -  MemoryUsage of job (MB)
	414492  -  ResidentSetSize of job (KB)
...
006 (3446274.006.000) 01/30 16:03:16 Image size of job updated: 487188
	405  -  MemoryUsage of job (MB)
	414544  -  ResidentSetSize of job (KB)
...
006 (3446274.006.000) 01/30 16:08:16 Image size of job updated: 487188
	405  -  MemoryUsage of job (MB)
	414624  -  ResidentSetSize of job (KB)
...
006 (3446274.006.000) 01/30 16:13:17 Image size of job updated: 487188
	405  -  MemoryUsage of job (MB)
	414716  -  ResidentSetSize of job (KB)
...
006 (3446274.006.000) 01/30 16:18:18 Image size of job updated: 487188
	406  -  MemoryUsage of job (MB)
	414736  -  ResidentSetSize of job (KB)
...
006 (3446274.006.000) 01/30 16:28:19 Image size of job updated: 487188
	406  -  MemoryUsage of job (MB)
	414824  -  ResidentSetSize of job (KB)
...
006 (3446274.006.000) 01/30 16:33:19 Image size of job updated: 487188
	406  -  MemoryUsage of job (MB)
	414956  -  ResidentSetSize of job (KB)
...
006 (3446274.006.000) 01/30 16:38:19 Image size of job updated: 487188
	406  -  MemoryUsage of job (MB)
	414964  -  ResidentSetSize of job (KB)
...
006 (3446274.006.000) 01/30 16:43:21 Image size of job updated: 487188
	406  -  MemoryUsage of job (MB)
	414984  -  ResidentSetSize of job (KB)
...
006 (3446274.006.000) 01/30 16:48:21 Image size of job updated: 487188
	406  -  MemoryUsage of job (MB)
	415108  -  ResidentSetSize of job (KB)
...
006 (3446274.006.000) 01/30 16:53:21 Image size of job updated: 487188
	406  -  MemoryUsage of job (MB)
	415220  -  ResidentSetSize of job (KB)
...
006 (3446274.006.000) 01/30 16:58:22 Image size of job updated: 487188
	406  -  MemoryUsage of job (MB)
	415260  -  ResidentSetSize of job (KB)
...
006 (3446274.006.000) 01/30 17:03:23 Image size of job updated: 487188
	406  -  MemoryUsage of job (MB)
	415404  -  ResidentSetSize of job (KB)
...
006 (3446274.006.000) 01/30 17:08:23 Image size of job updated: 487188
	406  -  MemoryUsage of job (MB)
	415532  -  ResidentSetSize of job (KB)
...
006 (3446274.006.000) 01/30 17:13:24 Image size of job updated: 487188
	406  -  MemoryUsage of job (MB)
	415540  -  ResidentSetSize of job (KB)
...
006 (3446274.006.000) 01/30 17:18:25 Image size of job updated: 487188
	406  -  MemoryUsage of job (MB)
	415668  -  ResidentSetSize of job (KB)
...
006 (3446274.006.000) 01/30 17:23:25 Image size of job updated: 487188
	406  -  MemoryUsage of job (MB)
	415716  -  ResidentSetSize of job (KB)
...
006 (3446274.006.000) 01/30 17:28:25 Image size of job updated: 487188
	407  -  MemoryUsage of job (MB)
	415780  -  ResidentSetSize of job (KB)
...
006 (3446274.006.000) 01/30 17:33:26 Image size of job updated: 487188
	407  -  MemoryUsage of job (MB)
	415852  -  ResidentSetSize of job (KB)
...
006 (3446274.006.000) 01/30 17:38:26 Image size of job updated: 487188
	407  -  MemoryUsage of job (MB)
	415932  -  ResidentSetSize of job (KB)
...
006 (3446274.006.000) 01/30 17:43:26 Image size of job updated: 487188
	407  -  MemoryUsage of job (MB)
	416000  -  ResidentSetSize of job (KB)
...
006 (3446274.006.000) 01/30 17:48:27 Image size of job updated: 487188
	407  -  MemoryUsage of job (MB)
	416028  -  ResidentSetSize of job (KB)
...
006 (3446274.006.000) 01/30 17:53:27 Image size of job updated: 487188
	407  -  MemoryUsage of job (MB)
	416176  -  ResidentSetSize of job (KB)
...
006 (3446274.006.000) 01/30 17:58:27 Image size of job updated: 487188
	407  -  MemoryUsage of job (MB)
	416196  -  ResidentSetSize of job (KB)
...
006 (3446274.006.000) 01/30 18:03:28 Image size of job updated: 487188
	407  -  MemoryUsage of job (MB)
	416300  -  ResidentSetSize of job (KB)
...
006 (3446274.006.000) 01/30 18:13:28 Image size of job updated: 487188
	407  -  MemoryUsage of job (MB)
	416392  -  ResidentSetSize of job (KB)
...
006 (3446274.006.000) 01/30 18:18:29 Image size of job updated: 487188
	407  -  MemoryUsage of job (MB)
	416456  -  ResidentSetSize of job (KB)
...
006 (3446274.006.000) 01/30 18:23:29 Image size of job updated: 487188
	407  -  MemoryUsage of job (MB)
	416656  -  ResidentSetSize of job (KB)
...
006 (3446274.006.000) 01/30 18:28:29 Image size of job updated: 487188
	408  -  MemoryUsage of job (MB)
	416872  -  ResidentSetSize of job (KB)
...
006 (3446274.006.000) 01/30 18:43:30 Image size of job updated: 487188
	408  -  MemoryUsage of job (MB)
	416920  -  ResidentSetSize of job (KB)
...
006 (3446274.006.000) 01/30 18:58:31 Image size of job updated: 487188
	408  -  MemoryUsage of job (MB)
	417148  -  ResidentSetSize of job (KB)
...
006 (3446274.006.000) 01/30 19:03:32 Image size of job updated: 487188
	409  -  MemoryUsage of job (MB)
	417968  -  ResidentSetSize of job (KB)
...
006 (3446274.006.000) 01/30 19:13:32 Image size of job updated: 487188
	409  -  MemoryUsage of job (MB)
	418092  -  ResidentSetSize of job (KB)
...
006 (3446274.006.000) 01/30 19:18:33 Image size of job updated: 487188
	410  -  MemoryUsage of job (MB)
	419356  -  ResidentSetSize of job (KB)
...
006 (3446274.006.000) 01/30 19:23:33 Image size of job updated: 487188
	410  -  MemoryUsage of job (MB)
	419368  -  ResidentSetSize of job (KB)
...
006 (3446274.006.000) 01/30 19:28:33 Image size of job updated: 487188
	410  -  MemoryUsage of job (MB)
	419480  -  ResidentSetSize of job (KB)
...
006 (3446274.006.000) 01/30 19:33:34 Image size of job updated: 487188
	410  -  MemoryUsage of job (MB)
	419500  -  ResidentSetSize of job (KB)
...
006 (3446274.006.000) 01/30 19:38:34 Image size of job updated: 487188
	410  -  MemoryUsage of job (MB)
	419580  -  ResidentSetSize of job (KB)
...
006 (3446274.006.000) 01/30 19:43:34 Image size of job updated: 487188
	410  -  MemoryUsage of job (MB)
	419596  -  ResidentSetSize of job (KB)
...
006 (3446274.006.000) 01/30 19:48:35 Image size of job updated: 487188
	410  -  MemoryUsage of job (MB)
	419720  -  ResidentSetSize of job (KB)
...
006 (3446274.006.000) 01/30 19:53:35 Image size of job updated: 487188
	410  -  MemoryUsage of job (MB)
	419792  -  ResidentSetSize of job (KB)
...
006 (3446274.006.000) 01/30 19:58:36 Image size of job updated: 487188
	411  -  MemoryUsage of job (MB)
	419860  -  ResidentSetSize of job (KB)
...
006 (3446274.006.000) 01/30 20:03:37 Image size of job updated: 487188
	411  -  MemoryUsage of job (MB)
	419956  -  ResidentSetSize of job (KB)
...
006 (3446274.006.000) 01/30 20:08:37 Image size of job updated: 487188
	411  -  MemoryUsage of job (MB)
	420080  -  ResidentSetSize of job (KB)
...
006 (3446274.006.000) 01/30 20:13:39 Image size of job updated: 487188
	411  -  MemoryUsage of job (MB)
	420128  -  ResidentSetSize of job (KB)
...
006 (3446274.006.000) 01/30 20:18:39 Image size of job updated: 487188
	411  -  MemoryUsage of job (MB)
	420152  -  ResidentSetSize of job (KB)
...
006 (3446274.006.000) 01/30 20:23:39 Image size of job updated: 487188
	411  -  MemoryUsage of job (MB)
	420324  -  ResidentSetSize of job (KB)
...
006 (3446274.006.000) 01/30 20:28:40 Image size of job updated: 487188
	411  -  MemoryUsage of job (MB)
	420348  -  ResidentSetSize of job (KB)
...
006 (3446274.006.000) 01/30 20:33:41 Image size of job updated: 487188
	411  -  MemoryUsage of job (MB)
	420420  -  ResidentSetSize of job (KB)
...
006 (3446274.006.000) 01/30 20:38:41 Image size of job updated: 487188
	411  -  MemoryUsage of job (MB)
	420496  -  ResidentSetSize of job (KB)
...
006 (3446274.006.000) 01/30 20:43:42 Image size of job updated: 487188
	411  -  MemoryUsage of job (MB)
	420560  -  ResidentSetSize of job (KB)
...
006 (3446274.006.000) 01/30 20:48:43 Image size of job updated: 487188
	411  -  MemoryUsage of job (MB)
	420660  -  ResidentSetSize of job (KB)
...
006 (3446274.006.000) 01/30 20:53:43 Image size of job updated: 487188
	411  -  MemoryUsage of job (MB)
	420664  -  ResidentSetSize of job (KB)
...
006 (3446274.006.000) 01/30 20:58:44 Image size of job updated: 487188
	411  -  MemoryUsage of job (MB)
	420736  -  ResidentSetSize of job (KB)
...
006 (3446274.006.000) 01/30 21:03:44 Image size of job updated: 487188
	412  -  MemoryUsage of job (MB)
	420876  -  ResidentSetSize of job (KB)
...
006 (3446274.006.000) 01/30 21:08:45 Image size of job updated: 487188
	412  -  MemoryUsage of job (MB)
	420900  -  ResidentSetSize of job (KB)
...
006 (3446274.006.000) 01/30 21:13:46 Image size of job updated: 487188
	412  -  MemoryUsage of job (MB)
	421096  -  ResidentSetSize of job (KB)
...
006 (3446274.006.000) 01/30 21:18:46 Image size of job updated: 487188
	412  -  MemoryUsage of job (MB)
	421128  -  ResidentSetSize of job (KB)
...
006 (3446274.006.000) 01/30 21:23:47 Image size of job updated: 487188
	412  -  MemoryUsage of job (MB)
	421268  -  ResidentSetSize of job (KB)
...
006 (3446274.006.000) 01/30 21:28:48 Image size of job updated: 487188
	412  -  MemoryUsage of job (MB)
	421280  -  ResidentSetSize of job (KB)
...
006 (3446274.006.000) 01/30 21:33:48 Image size of job updated: 487188
	412  -  MemoryUsage of job (MB)
	421372  -  ResidentSetSize of job (KB)
...
006 (3446274.006.000) 01/30 21:38:49 Image size of job updated: 487188
	412  -  MemoryUsage of job (MB)
	421404  -  ResidentSetSize of job (KB)
...
006 (3446274.006.000) 01/30 21:43:50 Image size of job updated: 487188
	412  -  MemoryUsage of job (MB)
	421468  -  ResidentSetSize of job (KB)
...
006 (3446274.006.000) 01/30 21:48:50 Image size of job updated: 487188
	412  -  MemoryUsage of job (MB)
	421472  -  ResidentSetSize of job (KB)
...
006 (3446274.006.000) 01/30 21:53:50 Image size of job updated: 487188
	412  -  MemoryUsage of job (MB)
	421612  -  ResidentSetSize of job (KB)
...
006 (3446274.006.000) 01/30 21:58:51 Image size of job updated: 487188
	412  -  MemoryUsage of job (MB)
	421676  -  ResidentSetSize of job (KB)
...
006 (3446274.006.000) 01/30 22:03:51 Image size of job updated: 487188
	412  -  MemoryUsage of job (MB)
	421756  -  ResidentSetSize of job (KB)
...
006 (3446274.006.000) 01/30 22:08:51 Image size of job updated: 487188
	412  -  MemoryUsage of job (MB)
	421784  -  ResidentSetSize of job (KB)
...
006 (3446274.006.000) 01/30 22:13:52 Image size of job updated: 487188
	413  -  MemoryUsage of job (MB)
	421896  -  ResidentSetSize of job (KB)
...
006 (3446274.006.000) 01/30 22:18:52 Image size of job updated: 487188
	413  -  MemoryUsage of job (MB)
	421908  -  ResidentSetSize of job (KB)
...
006 (3446274.006.000) 01/30 22:23:52 Image size of job updated: 487188
	413  -  MemoryUsage of job (MB)
	421996  -  ResidentSetSize of job (KB)
...
006 (3446274.006.000) 01/30 22:28:54 Image size of job updated: 487188
	413  -  MemoryUsage of job (MB)
	422052  -  ResidentSetSize of job (KB)
...
006 (3446274.006.000) 01/30 22:38:54 Image size of job updated: 487188
	413  -  MemoryUsage of job (MB)
	422152  -  ResidentSetSize of job (KB)
...
006 (3446274.006.000) 01/30 22:43:55 Image size of job updated: 487188
	413  -  MemoryUsage of job (MB)
	422228  -  ResidentSetSize of job (KB)
...
006 (3446274.006.000) 01/30 22:48:56 Image size of job updated: 487188
	413  -  MemoryUsage of job (MB)
	422320  -  ResidentSetSize of job (KB)
...
006 (3446274.006.000) 01/30 22:53:56 Image size of job updated: 487188
	413  -  MemoryUsage of job (MB)
	422476  -  ResidentSetSize of job (KB)
...
006 (3446274.006.000) 01/30 22:58:57 Image size of job updated: 487188
	413  -  MemoryUsage of job (MB)
	422484  -  ResidentSetSize of job (KB)
...
006 (3446274.006.000) 01/30 23:03:58 Image size of job updated: 487188
	413  -  MemoryUsage of job (MB)
	422504  -  ResidentSetSize of job (KB)
...
006 (3446274.006.000) 01/30 23:08:58 Image size of job updated: 487188
	413  -  MemoryUsage of job (MB)
	422532  -  ResidentSetSize of job (KB)
...
006 (3446274.006.000) 01/30 23:13:58 Image size of job updated: 487188
	413  -  MemoryUsage of job (MB)
	422684  -  ResidentSetSize of job (KB)
...
006 (3446274.006.000) 01/30 23:18:59 Image size of job updated: 487188
	414  -  MemoryUsage of job (MB)
	422940  -  ResidentSetSize of job (KB)
...
006 (3446274.006.000) 01/30 23:23:59 Image size of job updated: 487188
	414  -  MemoryUsage of job (MB)
	423160  -  ResidentSetSize of job (KB)
...
006 (3446274.006.000) 01/30 23:34:00 Image size of job updated: 487188
	414  -  MemoryUsage of job (MB)
	423208  -  ResidentSetSize of job (KB)
...
006 (3446274.006.000) 01/30 23:44:00 Image size of job updated: 487188
	414  -  MemoryUsage of job (MB)
	423288  -  ResidentSetSize of job (KB)
...
006 (3446274.006.000) 01/31 00:24:04 Image size of job updated: 487188
	414  -  MemoryUsage of job (MB)
	423376  -  ResidentSetSize of job (KB)
...
006 (3446274.006.000) 01/31 00:29:04 Image size of job updated: 487188
	414  -  MemoryUsage of job (MB)
	423460  -  ResidentSetSize of job (KB)
...
006 (3446274.006.000) 01/31 00:34:06 Image size of job updated: 487188
	414  -  MemoryUsage of job (MB)
	423512  -  ResidentSetSize of job (KB)
...
006 (3446274.006.000) 01/31 00:54:07 Image size of job updated: 487188
	414  -  MemoryUsage of job (MB)
	423580  -  ResidentSetSize of job (KB)
...
040 (3446274.006.000) 02/01 07:53:59 Started transferring input files
	Transferring to host: <188.184.206.159:9618?addrs=188.184.206.159-9618+[2001-1458-301-7d--100-2a0]-9618&noUDP&sock=3952_4a9a_84353>
...
040 (3446274.006.000) 02/01 07:53:59 Finished transferring input files
...
001 (3446274.006.000) 02/01 07:54:00 Job executing on host: <188.184.206.159:9618?addrs=188.184.206.159-9618+[2001-1458-301-7d--100-2a0]-9618&noUDP&sock=2325_55c8_3>
...
006 (3446274.006.000) 02/01 07:54:38 Image size of job updated: 1396580
	416  -  MemoryUsage of job (MB)
	425000  -  ResidentSetSize of job (KB)
...
040 (3446274.006.000) 02/01 07:54:38 Started transferring output files
...
040 (3446274.006.000) 02/01 07:54:38 Finished transferring output files
...
005 (3446274.006.000) 02/01 07:54:38 Job terminated.
	(1) Normal termination (return value 0)
		Usr 0 00:00:06, Sys 0 00:00:04  -  Run Remote Usage
		Usr 0 00:00:00, Sys 0 00:00:00  -  Run Local Usage
		Usr 0 00:00:06, Sys 0 00:00:04  -  Total Remote Usage
		Usr 0 00:00:00, Sys 0 00:00:00  -  Total Local Usage
	9714  -  Run Bytes Sent By Job
	492  -  Run Bytes Received By Job
	9714  -  Total Bytes Sent By Job
	984  -  Total Bytes Received By Job
	Partitionable Resources :    Usage  Request Allocated 
	   Cpus                 :     0.98        1         1 
	   Disk (KB)            :    24          42   2091571 
	   Memory (MB)          :   416        2000      2000 
...
