000 (3447447.012.000) 01/30 07:33:49 Job submitted from host: <188.185.71.142:9618?addrs=188.185.71.142-9618+[2001-1458-d00-7--100-388]-9618&alias=bigbird09.cern.ch&noUDP&sock=schedd_2208_1533_7>
...
040 (3447447.012.000) 01/30 07:55:55 Started transferring input files
	Transferring to host: <188.184.211.92:9618?addrs=188.184.211.92-9618+[2001-1458-301-10b--100-14f]-9618&noUDP&sock=20557_041d_199014>
...
040 (3447447.012.000) 01/30 07:55:55 Finished transferring input files
...
001 (3447447.012.000) 01/30 07:55:56 Job executing on host: <188.184.211.92:9618?addrs=188.184.211.92-9618+[2001-1458-301-10b--100-14f]-9618&noUDP&sock=20410_240e_3>
...
006 (3447447.012.000) 01/30 07:56:05 Image size of job updated: 182088
	109  -  MemoryUsage of job (MB)
	111124  -  ResidentSetSize of job (KB)
...
006 (3447447.012.000) 01/30 08:01:06 Image size of job updated: 375352
	363  -  MemoryUsage of job (MB)
	371084  -  ResidentSetSize of job (KB)
...
006 (3447447.012.000) 01/30 08:46:10 Image size of job updated: 375356
	363  -  MemoryUsage of job (MB)
	371084  -  ResidentSetSize of job (KB)
...
006 (3447447.012.000) 01/30 08:56:12 Image size of job updated: 375368
	363  -  MemoryUsage of job (MB)
	371096  -  ResidentSetSize of job (KB)
...
006 (3447447.012.000) 01/30 11:46:31 Image size of job updated: 375396
	363  -  MemoryUsage of job (MB)
	371232  -  ResidentSetSize of job (KB)
...
006 (3447447.012.000) 01/30 11:51:32 Image size of job updated: 375624
	363  -  MemoryUsage of job (MB)
	371460  -  ResidentSetSize of job (KB)
...
006 (3447447.012.000) 01/30 11:56:32 Image size of job updated: 375664
	363  -  MemoryUsage of job (MB)
	371500  -  ResidentSetSize of job (KB)
...
006 (3447447.012.000) 01/30 12:01:32 Image size of job updated: 375832
	363  -  MemoryUsage of job (MB)
	371668  -  ResidentSetSize of job (KB)
...
006 (3447447.012.000) 01/30 12:06:33 Image size of job updated: 375912
	364  -  MemoryUsage of job (MB)
	371748  -  ResidentSetSize of job (KB)
...
006 (3447447.012.000) 01/30 12:21:35 Image size of job updated: 375940
	364  -  MemoryUsage of job (MB)
	371748  -  ResidentSetSize of job (KB)
...
006 (3447447.012.000) 01/30 13:01:39 Image size of job updated: 375952
	364  -  MemoryUsage of job (MB)
	371760  -  ResidentSetSize of job (KB)
...
006 (3447447.012.000) 01/30 13:06:39 Image size of job updated: 375956
	364  -  MemoryUsage of job (MB)
	371764  -  ResidentSetSize of job (KB)
...
006 (3447447.012.000) 01/30 13:11:39 Image size of job updated: 376120
	364  -  MemoryUsage of job (MB)
	371928  -  ResidentSetSize of job (KB)
...
006 (3447447.012.000) 01/30 13:16:40 Image size of job updated: 376360
	364  -  MemoryUsage of job (MB)
	372168  -  ResidentSetSize of job (KB)
...
006 (3447447.012.000) 01/30 13:21:41 Image size of job updated: 376444
	364  -  MemoryUsage of job (MB)
	372252  -  ResidentSetSize of job (KB)
...
006 (3447447.012.000) 01/30 13:31:42 Image size of job updated: 376444
	364  -  MemoryUsage of job (MB)
	372284  -  ResidentSetSize of job (KB)
...
006 (3447447.012.000) 01/30 13:36:43 Image size of job updated: 376444
	364  -  MemoryUsage of job (MB)
	372392  -  ResidentSetSize of job (KB)
...
006 (3447447.012.000) 01/30 13:41:43 Image size of job updated: 376444
	364  -  MemoryUsage of job (MB)
	372452  -  ResidentSetSize of job (KB)
...
006 (3447447.012.000) 01/30 13:46:43 Image size of job updated: 376444
	364  -  MemoryUsage of job (MB)
	372468  -  ResidentSetSize of job (KB)
...
006 (3447447.012.000) 01/30 13:51:44 Image size of job updated: 376444
	364  -  MemoryUsage of job (MB)
	372544  -  ResidentSetSize of job (KB)
...
006 (3447447.012.000) 01/30 13:56:44 Image size of job updated: 376444
	364  -  MemoryUsage of job (MB)
	372668  -  ResidentSetSize of job (KB)
...
006 (3447447.012.000) 01/30 14:01:44 Image size of job updated: 376444
	364  -  MemoryUsage of job (MB)
	372680  -  ResidentSetSize of job (KB)
...
006 (3447447.012.000) 01/30 14:06:45 Image size of job updated: 376444
	365  -  MemoryUsage of job (MB)
	372796  -  ResidentSetSize of job (KB)
...
006 (3447447.012.000) 01/30 14:11:46 Image size of job updated: 376444
	365  -  MemoryUsage of job (MB)
	372892  -  ResidentSetSize of job (KB)
...
006 (3447447.012.000) 01/30 14:16:46 Image size of job updated: 376444
	365  -  MemoryUsage of job (MB)
	373044  -  ResidentSetSize of job (KB)
...
006 (3447447.012.000) 01/30 14:21:47 Image size of job updated: 376444
	365  -  MemoryUsage of job (MB)
	373096  -  ResidentSetSize of job (KB)
...
006 (3447447.012.000) 01/30 14:26:48 Image size of job updated: 376444
	365  -  MemoryUsage of job (MB)
	373124  -  ResidentSetSize of job (KB)
...
006 (3447447.012.000) 01/30 14:31:48 Image size of job updated: 376444
	365  -  MemoryUsage of job (MB)
	373168  -  ResidentSetSize of job (KB)
...
006 (3447447.012.000) 01/30 14:36:48 Image size of job updated: 376444
	365  -  MemoryUsage of job (MB)
	373328  -  ResidentSetSize of job (KB)
...
006 (3447447.012.000) 01/30 14:41:50 Image size of job updated: 376444
	365  -  MemoryUsage of job (MB)
	373400  -  ResidentSetSize of job (KB)
...
006 (3447447.012.000) 01/30 14:46:50 Image size of job updated: 376444
	365  -  MemoryUsage of job (MB)
	373476  -  ResidentSetSize of job (KB)
...
006 (3447447.012.000) 01/30 14:56:51 Image size of job updated: 376444
	365  -  MemoryUsage of job (MB)
	373644  -  ResidentSetSize of job (KB)
...
006 (3447447.012.000) 01/30 15:01:52 Image size of job updated: 376444
	365  -  MemoryUsage of job (MB)
	373652  -  ResidentSetSize of job (KB)
...
006 (3447447.012.000) 01/30 15:06:52 Image size of job updated: 376444
	365  -  MemoryUsage of job (MB)
	373716  -  ResidentSetSize of job (KB)
...
006 (3447447.012.000) 01/30 15:11:52 Image size of job updated: 376444
	366  -  MemoryUsage of job (MB)
	373888  -  ResidentSetSize of job (KB)
...
006 (3447447.012.000) 01/30 15:16:54 Image size of job updated: 376444
	366  -  MemoryUsage of job (MB)
	373996  -  ResidentSetSize of job (KB)
...
006 (3447447.012.000) 01/30 15:21:54 Image size of job updated: 376444
	366  -  MemoryUsage of job (MB)
	374080  -  ResidentSetSize of job (KB)
...
006 (3447447.012.000) 01/30 15:26:54 Image size of job updated: 376444
	366  -  MemoryUsage of job (MB)
	374192  -  ResidentSetSize of job (KB)
...
006 (3447447.012.000) 01/30 15:31:55 Image size of job updated: 376444
	366  -  MemoryUsage of job (MB)
	374352  -  ResidentSetSize of job (KB)
...
006 (3447447.012.000) 01/30 15:36:56 Image size of job updated: 376444
	366  -  MemoryUsage of job (MB)
	374412  -  ResidentSetSize of job (KB)
...
006 (3447447.012.000) 01/30 15:41:56 Image size of job updated: 376444
	366  -  MemoryUsage of job (MB)
	374540  -  ResidentSetSize of job (KB)
...
006 (3447447.012.000) 01/30 15:46:57 Image size of job updated: 376444
	366  -  MemoryUsage of job (MB)
	374620  -  ResidentSetSize of job (KB)
...
006 (3447447.012.000) 01/30 15:51:58 Image size of job updated: 376444
	366  -  MemoryUsage of job (MB)
	374784  -  ResidentSetSize of job (KB)
...
006 (3447447.012.000) 01/30 15:56:58 Image size of job updated: 376444
	367  -  MemoryUsage of job (MB)
	374812  -  ResidentSetSize of job (KB)
...
006 (3447447.012.000) 01/30 16:01:58 Image size of job updated: 376444
	367  -  MemoryUsage of job (MB)
	374920  -  ResidentSetSize of job (KB)
...
006 (3447447.012.000) 01/30 16:06:59 Image size of job updated: 376444
	367  -  MemoryUsage of job (MB)
	374968  -  ResidentSetSize of job (KB)
...
006 (3447447.012.000) 01/30 16:11:59 Image size of job updated: 376444
	367  -  MemoryUsage of job (MB)
	375084  -  ResidentSetSize of job (KB)
...
006 (3447447.012.000) 01/30 16:16:59 Image size of job updated: 376444
	367  -  MemoryUsage of job (MB)
	375148  -  ResidentSetSize of job (KB)
...
006 (3447447.012.000) 01/30 16:22:01 Image size of job updated: 376444
	367  -  MemoryUsage of job (MB)
	375188  -  ResidentSetSize of job (KB)
...
006 (3447447.012.000) 01/30 16:27:01 Image size of job updated: 377900
	368  -  MemoryUsage of job (MB)
	376196  -  ResidentSetSize of job (KB)
...
006 (3447447.012.000) 01/30 16:32:01 Image size of job updated: 378332
	368  -  MemoryUsage of job (MB)
	376604  -  ResidentSetSize of job (KB)
...
006 (3447447.012.000) 01/30 16:37:03 Image size of job updated: 392268
	368  -  MemoryUsage of job (MB)
	376716  -  ResidentSetSize of job (KB)
...
006 (3447447.012.000) 01/30 16:42:03 Image size of job updated: 393728
	370  -  MemoryUsage of job (MB)
	377896  -  ResidentSetSize of job (KB)
...
006 (3447447.012.000) 01/30 16:47:03 Image size of job updated: 393784
	370  -  MemoryUsage of job (MB)
	377952  -  ResidentSetSize of job (KB)
...
006 (3447447.012.000) 01/30 16:52:04 Image size of job updated: 393812
	370  -  MemoryUsage of job (MB)
	377980  -  ResidentSetSize of job (KB)
...
006 (3447447.012.000) 01/30 16:57:05 Image size of job updated: 393832
	370  -  MemoryUsage of job (MB)
	378000  -  ResidentSetSize of job (KB)
...
006 (3447447.012.000) 01/30 17:02:05 Image size of job updated: 393888
	370  -  MemoryUsage of job (MB)
	378056  -  ResidentSetSize of job (KB)
...
006 (3447447.012.000) 01/30 17:07:06 Image size of job updated: 393892
	370  -  MemoryUsage of job (MB)
	378060  -  ResidentSetSize of job (KB)
...
006 (3447447.012.000) 01/30 17:12:07 Image size of job updated: 393980
	370  -  MemoryUsage of job (MB)
	378148  -  ResidentSetSize of job (KB)
...
006 (3447447.012.000) 01/30 17:17:07 Image size of job updated: 393996
	370  -  MemoryUsage of job (MB)
	378164  -  ResidentSetSize of job (KB)
...
006 (3447447.012.000) 01/30 17:22:08 Image size of job updated: 394016
	370  -  MemoryUsage of job (MB)
	378184  -  ResidentSetSize of job (KB)
...
006 (3447447.012.000) 01/30 17:27:09 Image size of job updated: 394072
	370  -  MemoryUsage of job (MB)
	378240  -  ResidentSetSize of job (KB)
...
006 (3447447.012.000) 01/30 17:32:09 Image size of job updated: 394088
	370  -  MemoryUsage of job (MB)
	378256  -  ResidentSetSize of job (KB)
...
006 (3447447.012.000) 01/30 17:37:09 Image size of job updated: 394132
	370  -  MemoryUsage of job (MB)
	378300  -  ResidentSetSize of job (KB)
...
006 (3447447.012.000) 01/30 17:42:10 Image size of job updated: 394188
	370  -  MemoryUsage of job (MB)
	378356  -  ResidentSetSize of job (KB)
...
006 (3447447.012.000) 01/30 17:47:10 Image size of job updated: 394228
	370  -  MemoryUsage of job (MB)
	378396  -  ResidentSetSize of job (KB)
...
006 (3447447.012.000) 01/30 17:52:10 Image size of job updated: 394272
	370  -  MemoryUsage of job (MB)
	378440  -  ResidentSetSize of job (KB)
...
006 (3447447.012.000) 01/30 17:57:12 Image size of job updated: 394276
	370  -  MemoryUsage of job (MB)
	378456  -  ResidentSetSize of job (KB)
...
006 (3447447.012.000) 01/30 18:02:12 Image size of job updated: 394340
	370  -  MemoryUsage of job (MB)
	378520  -  ResidentSetSize of job (KB)
...
006 (3447447.012.000) 01/30 18:07:12 Image size of job updated: 394376
	370  -  MemoryUsage of job (MB)
	378556  -  ResidentSetSize of job (KB)
...
006 (3447447.012.000) 01/30 18:12:13 Image size of job updated: 394412
	370  -  MemoryUsage of job (MB)
	378592  -  ResidentSetSize of job (KB)
...
006 (3447447.012.000) 01/30 18:17:14 Image size of job updated: 394472
	370  -  MemoryUsage of job (MB)
	378652  -  ResidentSetSize of job (KB)
...
006 (3447447.012.000) 01/30 18:22:14 Image size of job updated: 394504
	370  -  MemoryUsage of job (MB)
	378684  -  ResidentSetSize of job (KB)
...
006 (3447447.012.000) 01/30 18:27:15 Image size of job updated: 394544
	370  -  MemoryUsage of job (MB)
	378724  -  ResidentSetSize of job (KB)
...
006 (3447447.012.000) 01/30 18:32:16 Image size of job updated: 394564
	370  -  MemoryUsage of job (MB)
	378744  -  ResidentSetSize of job (KB)
...
006 (3447447.012.000) 01/30 18:37:16 Image size of job updated: 394596
	370  -  MemoryUsage of job (MB)
	378776  -  ResidentSetSize of job (KB)
...
006 (3447447.012.000) 01/30 18:42:16 Image size of job updated: 394644
	370  -  MemoryUsage of job (MB)
	378824  -  ResidentSetSize of job (KB)
...
006 (3447447.012.000) 01/30 18:47:17 Image size of job updated: 394728
	370  -  MemoryUsage of job (MB)
	378856  -  ResidentSetSize of job (KB)
...
006 (3447447.012.000) 01/30 18:57:18 Image size of job updated: 394744
	370  -  MemoryUsage of job (MB)
	378856  -  ResidentSetSize of job (KB)
...
006 (3447447.012.000) 01/30 19:02:19 Image size of job updated: 394756
	370  -  MemoryUsage of job (MB)
	378856  -  ResidentSetSize of job (KB)
...
006 (3447447.012.000) 01/30 19:07:20 Image size of job updated: 394828
	370  -  MemoryUsage of job (MB)
	378856  -  ResidentSetSize of job (KB)
...
006 (3447447.012.000) 01/30 19:12:20 Image size of job updated: 394836
	370  -  MemoryUsage of job (MB)
	378856  -  ResidentSetSize of job (KB)
...
006 (3447447.012.000) 01/30 19:17:20 Image size of job updated: 394852
	370  -  MemoryUsage of job (MB)
	378856  -  ResidentSetSize of job (KB)
...
006 (3447447.012.000) 01/30 19:22:20 Image size of job updated: 394916
	371  -  MemoryUsage of job (MB)
	378920  -  ResidentSetSize of job (KB)
...
006 (3447447.012.000) 01/30 19:27:21 Image size of job updated: 394936
	371  -  MemoryUsage of job (MB)
	378940  -  ResidentSetSize of job (KB)
...
006 (3447447.012.000) 01/30 19:32:21 Image size of job updated: 394944
	371  -  MemoryUsage of job (MB)
	378948  -  ResidentSetSize of job (KB)
...
006 (3447447.012.000) 01/30 19:37:21 Image size of job updated: 394964
	371  -  MemoryUsage of job (MB)
	378968  -  ResidentSetSize of job (KB)
...
006 (3447447.012.000) 01/30 19:47:22 Image size of job updated: 395024
	371  -  MemoryUsage of job (MB)
	379028  -  ResidentSetSize of job (KB)
...
006 (3447447.012.000) 01/30 19:52:22 Image size of job updated: 395024
	371  -  MemoryUsage of job (MB)
	379068  -  ResidentSetSize of job (KB)
...
006 (3447447.012.000) 01/30 19:57:23 Image size of job updated: 395024
	371  -  MemoryUsage of job (MB)
	379084  -  ResidentSetSize of job (KB)
...
006 (3447447.012.000) 01/30 20:02:24 Image size of job updated: 395024
	371  -  MemoryUsage of job (MB)
	379116  -  ResidentSetSize of job (KB)
...
006 (3447447.012.000) 01/30 20:07:24 Image size of job updated: 395024
	371  -  MemoryUsage of job (MB)
	379152  -  ResidentSetSize of job (KB)
...
006 (3447447.012.000) 01/30 20:17:26 Image size of job updated: 395024
	371  -  MemoryUsage of job (MB)
	379240  -  ResidentSetSize of job (KB)
...
006 (3447447.012.000) 01/30 20:22:26 Image size of job updated: 395024
	371  -  MemoryUsage of job (MB)
	379264  -  ResidentSetSize of job (KB)
...
006 (3447447.012.000) 01/30 20:27:27 Image size of job updated: 395024
	371  -  MemoryUsage of job (MB)
	379308  -  ResidentSetSize of job (KB)
...
006 (3447447.012.000) 01/30 20:37:28 Image size of job updated: 395024
	371  -  MemoryUsage of job (MB)
	379368  -  ResidentSetSize of job (KB)
...
006 (3447447.012.000) 01/30 20:42:28 Image size of job updated: 395024
	371  -  MemoryUsage of job (MB)
	379404  -  ResidentSetSize of job (KB)
...
006 (3447447.012.000) 01/30 20:47:29 Image size of job updated: 395024
	371  -  MemoryUsage of job (MB)
	379464  -  ResidentSetSize of job (KB)
...
006 (3447447.012.000) 01/30 20:52:29 Image size of job updated: 395024
	371  -  MemoryUsage of job (MB)
	379492  -  ResidentSetSize of job (KB)
...
006 (3447447.012.000) 01/30 20:57:30 Image size of job updated: 395024
	371  -  MemoryUsage of job (MB)
	379528  -  ResidentSetSize of job (KB)
...
006 (3447447.012.000) 01/30 21:02:31 Image size of job updated: 395024
	371  -  MemoryUsage of job (MB)
	379592  -  ResidentSetSize of job (KB)
...
006 (3447447.012.000) 01/30 21:17:33 Image size of job updated: 395024
	371  -  MemoryUsage of job (MB)
	379624  -  ResidentSetSize of job (KB)
...
006 (3447447.012.000) 01/30 21:22:33 Image size of job updated: 395024
	371  -  MemoryUsage of job (MB)
	379648  -  ResidentSetSize of job (KB)
...
006 (3447447.012.000) 01/30 21:27:34 Image size of job updated: 395024
	371  -  MemoryUsage of job (MB)
	379672  -  ResidentSetSize of job (KB)
...
006 (3447447.012.000) 01/30 21:32:35 Image size of job updated: 395024
	371  -  MemoryUsage of job (MB)
	379756  -  ResidentSetSize of job (KB)
...
006 (3447447.012.000) 01/30 21:37:35 Image size of job updated: 395024
	371  -  MemoryUsage of job (MB)
	379792  -  ResidentSetSize of job (KB)
...
006 (3447447.012.000) 01/30 21:42:36 Image size of job updated: 395024
	371  -  MemoryUsage of job (MB)
	379816  -  ResidentSetSize of job (KB)
...
006 (3447447.012.000) 01/30 21:47:37 Image size of job updated: 395024
	371  -  MemoryUsage of job (MB)
	379848  -  ResidentSetSize of job (KB)
...
006 (3447447.012.000) 01/30 21:52:37 Image size of job updated: 395024
	371  -  MemoryUsage of job (MB)
	379864  -  ResidentSetSize of job (KB)
...
006 (3447447.012.000) 01/30 21:57:38 Image size of job updated: 395024
	372  -  MemoryUsage of job (MB)
	379932  -  ResidentSetSize of job (KB)
...
006 (3447447.012.000) 01/30 22:07:39 Image size of job updated: 395024
	372  -  MemoryUsage of job (MB)
	379988  -  ResidentSetSize of job (KB)
...
006 (3447447.012.000) 01/30 22:12:39 Image size of job updated: 395024
	372  -  MemoryUsage of job (MB)
	380040  -  ResidentSetSize of job (KB)
...
006 (3447447.012.000) 01/30 22:17:40 Image size of job updated: 395024
	372  -  MemoryUsage of job (MB)
	380100  -  ResidentSetSize of job (KB)
...
006 (3447447.012.000) 01/30 22:22:40 Image size of job updated: 395024
	372  -  MemoryUsage of job (MB)
	380144  -  ResidentSetSize of job (KB)
...
006 (3447447.012.000) 01/30 22:32:41 Image size of job updated: 395024
	372  -  MemoryUsage of job (MB)
	380192  -  ResidentSetSize of job (KB)
...
006 (3447447.012.000) 01/30 22:37:41 Image size of job updated: 395024
	372  -  MemoryUsage of job (MB)
	380236  -  ResidentSetSize of job (KB)
...
006 (3447447.012.000) 01/30 22:42:41 Image size of job updated: 395024
	372  -  MemoryUsage of job (MB)
	380252  -  ResidentSetSize of job (KB)
...
006 (3447447.012.000) 01/30 22:47:43 Image size of job updated: 395024
	372  -  MemoryUsage of job (MB)
	380276  -  ResidentSetSize of job (KB)
...
006 (3447447.012.000) 01/30 22:52:43 Image size of job updated: 395024
	372  -  MemoryUsage of job (MB)
	380300  -  ResidentSetSize of job (KB)
...
006 (3447447.012.000) 01/30 22:57:43 Image size of job updated: 395024
	372  -  MemoryUsage of job (MB)
	380376  -  ResidentSetSize of job (KB)
...
006 (3447447.012.000) 01/30 23:02:44 Image size of job updated: 395024
	372  -  MemoryUsage of job (MB)
	380408  -  ResidentSetSize of job (KB)
...
006 (3447447.012.000) 01/30 23:07:45 Image size of job updated: 395024
	372  -  MemoryUsage of job (MB)
	380444  -  ResidentSetSize of job (KB)
...
006 (3447447.012.000) 01/30 23:12:45 Image size of job updated: 395024
	372  -  MemoryUsage of job (MB)
	380460  -  ResidentSetSize of job (KB)
...
006 (3447447.012.000) 01/30 23:17:46 Image size of job updated: 395024
	372  -  MemoryUsage of job (MB)
	380476  -  ResidentSetSize of job (KB)
...
006 (3447447.012.000) 01/30 23:22:47 Image size of job updated: 395024
	372  -  MemoryUsage of job (MB)
	380516  -  ResidentSetSize of job (KB)
...
006 (3447447.012.000) 01/30 23:27:47 Image size of job updated: 395024
	372  -  MemoryUsage of job (MB)
	380524  -  ResidentSetSize of job (KB)
...
006 (3447447.012.000) 01/30 23:32:48 Image size of job updated: 395024
	372  -  MemoryUsage of job (MB)
	380592  -  ResidentSetSize of job (KB)
...
006 (3447447.012.000) 01/30 23:37:49 Image size of job updated: 395024
	372  -  MemoryUsage of job (MB)
	380608  -  ResidentSetSize of job (KB)
...
006 (3447447.012.000) 01/30 23:42:49 Image size of job updated: 395024
	372  -  MemoryUsage of job (MB)
	380616  -  ResidentSetSize of job (KB)
...
006 (3447447.012.000) 01/30 23:47:49 Image size of job updated: 395024
	372  -  MemoryUsage of job (MB)
	380660  -  ResidentSetSize of job (KB)
...
006 (3447447.012.000) 01/30 23:52:50 Image size of job updated: 395024
	372  -  MemoryUsage of job (MB)
	380700  -  ResidentSetSize of job (KB)
...
006 (3447447.012.000) 01/30 23:57:50 Image size of job updated: 395024
	372  -  MemoryUsage of job (MB)
	380728  -  ResidentSetSize of job (KB)
...
006 (3447447.012.000) 01/31 00:02:50 Image size of job updated: 395024
	372  -  MemoryUsage of job (MB)
	380752  -  ResidentSetSize of job (KB)
...
006 (3447447.012.000) 01/31 00:07:51 Image size of job updated: 395024
	372  -  MemoryUsage of job (MB)
	380768  -  ResidentSetSize of job (KB)
...
006 (3447447.012.000) 01/31 00:12:51 Image size of job updated: 395024
	372  -  MemoryUsage of job (MB)
	380800  -  ResidentSetSize of job (KB)
...
006 (3447447.012.000) 01/31 00:17:52 Image size of job updated: 395024
	372  -  MemoryUsage of job (MB)
	380868  -  ResidentSetSize of job (KB)
...
006 (3447447.012.000) 01/31 00:27:53 Image size of job updated: 395024
	372  -  MemoryUsage of job (MB)
	380916  -  ResidentSetSize of job (KB)
...
006 (3447447.012.000) 01/31 00:37:55 Image size of job updated: 395024
	373  -  MemoryUsage of job (MB)
	380960  -  ResidentSetSize of job (KB)
...
006 (3447447.012.000) 01/31 00:42:55 Image size of job updated: 395024
	373  -  MemoryUsage of job (MB)
	380964  -  ResidentSetSize of job (KB)
...
006 (3447447.012.000) 01/31 00:47:56 Image size of job updated: 395024
	373  -  MemoryUsage of job (MB)
	381020  -  ResidentSetSize of job (KB)
...
006 (3447447.012.000) 01/31 00:52:57 Image size of job updated: 395024
	373  -  MemoryUsage of job (MB)
	381076  -  ResidentSetSize of job (KB)
...
006 (3447447.012.000) 01/31 00:57:57 Image size of job updated: 395024
	373  -  MemoryUsage of job (MB)
	381132  -  ResidentSetSize of job (KB)
...
006 (3447447.012.000) 01/31 01:02:58 Image size of job updated: 395024
	373  -  MemoryUsage of job (MB)
	381168  -  ResidentSetSize of job (KB)
...
006 (3447447.012.000) 01/31 01:07:58 Image size of job updated: 395024
	373  -  MemoryUsage of job (MB)
	381212  -  ResidentSetSize of job (KB)
...
006 (3447447.012.000) 01/31 01:12:58 Image size of job updated: 395024
	373  -  MemoryUsage of job (MB)
	381244  -  ResidentSetSize of job (KB)
...
006 (3447447.012.000) 01/31 01:17:59 Image size of job updated: 395024
	373  -  MemoryUsage of job (MB)
	381312  -  ResidentSetSize of job (KB)
...
006 (3447447.012.000) 01/31 01:22:59 Image size of job updated: 395024
	373  -  MemoryUsage of job (MB)
	381340  -  ResidentSetSize of job (KB)
...
006 (3447447.012.000) 01/31 01:27:59 Image size of job updated: 395024
	373  -  MemoryUsage of job (MB)
	381364  -  ResidentSetSize of job (KB)
...
006 (3447447.012.000) 01/31 01:33:00 Image size of job updated: 395024
	373  -  MemoryUsage of job (MB)
	381380  -  ResidentSetSize of job (KB)
...
006 (3447447.012.000) 01/31 01:38:01 Image size of job updated: 395024
	373  -  MemoryUsage of job (MB)
	381440  -  ResidentSetSize of job (KB)
...
006 (3447447.012.000) 01/31 01:43:01 Image size of job updated: 395024
	373  -  MemoryUsage of job (MB)
	381472  -  ResidentSetSize of job (KB)
...
006 (3447447.012.000) 01/31 01:48:01 Image size of job updated: 395024
	373  -  MemoryUsage of job (MB)
	381512  -  ResidentSetSize of job (KB)
...
006 (3447447.012.000) 01/31 01:53:02 Image size of job updated: 395024
	373  -  MemoryUsage of job (MB)
	381552  -  ResidentSetSize of job (KB)
...
006 (3447447.012.000) 01/31 01:58:02 Image size of job updated: 395024
	373  -  MemoryUsage of job (MB)
	381576  -  ResidentSetSize of job (KB)
...
006 (3447447.012.000) 01/31 02:03:02 Image size of job updated: 395024
	373  -  MemoryUsage of job (MB)
	381620  -  ResidentSetSize of job (KB)
...
006 (3447447.012.000) 01/31 04:28:17 Image size of job updated: 395024
	373  -  MemoryUsage of job (MB)
	381644  -  ResidentSetSize of job (KB)
...
006 (3447447.012.000) 01/31 04:33:19 Image size of job updated: 395024
	373  -  MemoryUsage of job (MB)
	381660  -  ResidentSetSize of job (KB)
...
006 (3447447.012.000) 01/31 04:38:19 Image size of job updated: 395024
	373  -  MemoryUsage of job (MB)
	381672  -  ResidentSetSize of job (KB)
...
006 (3447447.012.000) 01/31 04:43:19 Image size of job updated: 395024
	373  -  MemoryUsage of job (MB)
	381712  -  ResidentSetSize of job (KB)
...
006 (3447447.012.000) 01/31 04:48:19 Image size of job updated: 395024
	373  -  MemoryUsage of job (MB)
	381728  -  ResidentSetSize of job (KB)
...
006 (3447447.012.000) 01/31 04:58:21 Image size of job updated: 395024
	373  -  MemoryUsage of job (MB)
	381768  -  ResidentSetSize of job (KB)
...
006 (3447447.012.000) 01/31 05:23:23 Image size of job updated: 395024
	373  -  MemoryUsage of job (MB)
	381796  -  ResidentSetSize of job (KB)
...
006 (3447447.012.000) 01/31 05:28:24 Image size of job updated: 395024
	373  -  MemoryUsage of job (MB)
	381800  -  ResidentSetSize of job (KB)
...
006 (3447447.012.000) 01/31 05:38:25 Image size of job updated: 395024
	373  -  MemoryUsage of job (MB)
	381808  -  ResidentSetSize of job (KB)
...
006 (3447447.012.000) 01/31 05:48:26 Image size of job updated: 395024
	373  -  MemoryUsage of job (MB)
	381824  -  ResidentSetSize of job (KB)
...
006 (3447447.012.000) 01/31 05:53:27 Image size of job updated: 395024
	373  -  MemoryUsage of job (MB)
	381832  -  ResidentSetSize of job (KB)
...
006 (3447447.012.000) 01/31 05:58:27 Image size of job updated: 395024
	373  -  MemoryUsage of job (MB)
	381848  -  ResidentSetSize of job (KB)
...
006 (3447447.012.000) 01/31 06:03:28 Image size of job updated: 395024
	373  -  MemoryUsage of job (MB)
	381892  -  ResidentSetSize of job (KB)
...
006 (3447447.012.000) 01/31 06:08:29 Image size of job updated: 395024
	373  -  MemoryUsage of job (MB)
	381896  -  ResidentSetSize of job (KB)
...
006 (3447447.012.000) 01/31 06:18:29 Image size of job updated: 395024
	373  -  MemoryUsage of job (MB)
	381936  -  ResidentSetSize of job (KB)
...
006 (3447447.012.000) 01/31 06:23:30 Image size of job updated: 395024
	373  -  MemoryUsage of job (MB)
	381944  -  ResidentSetSize of job (KB)
...
006 (3447447.012.000) 01/31 06:28:31 Image size of job updated: 395024
	374  -  MemoryUsage of job (MB)
	381956  -  ResidentSetSize of job (KB)
...
006 (3447447.012.000) 01/31 06:33:31 Image size of job updated: 395024
	374  -  MemoryUsage of job (MB)
	381992  -  ResidentSetSize of job (KB)
...
006 (3447447.012.000) 01/31 06:38:31 Image size of job updated: 395024
	374  -  MemoryUsage of job (MB)
	382000  -  ResidentSetSize of job (KB)
...
006 (3447447.012.000) 01/31 06:43:32 Image size of job updated: 395024
	374  -  MemoryUsage of job (MB)
	382012  -  ResidentSetSize of job (KB)
...
006 (3447447.012.000) 01/31 06:48:33 Image size of job updated: 395024
	374  -  MemoryUsage of job (MB)
	382024  -  ResidentSetSize of job (KB)
...
006 (3447447.012.000) 01/31 06:53:33 Image size of job updated: 395024
	374  -  MemoryUsage of job (MB)
	382044  -  ResidentSetSize of job (KB)
...
006 (3447447.012.000) 01/31 07:18:35 Image size of job updated: 395024
	374  -  MemoryUsage of job (MB)
	382064  -  ResidentSetSize of job (KB)
...
006 (3447447.012.000) 01/31 07:23:36 Image size of job updated: 395024
	374  -  MemoryUsage of job (MB)
	382104  -  ResidentSetSize of job (KB)
...
006 (3447447.012.000) 01/31 07:28:37 Image size of job updated: 395024
	374  -  MemoryUsage of job (MB)
	382156  -  ResidentSetSize of job (KB)
...
006 (3447447.012.000) 01/31 07:33:37 Image size of job updated: 395024
	374  -  MemoryUsage of job (MB)
	382176  -  ResidentSetSize of job (KB)
...
006 (3447447.012.000) 01/31 07:38:37 Image size of job updated: 395024
	374  -  MemoryUsage of job (MB)
	382228  -  ResidentSetSize of job (KB)
...
006 (3447447.012.000) 01/31 07:43:38 Image size of job updated: 395024
	374  -  MemoryUsage of job (MB)
	382252  -  ResidentSetSize of job (KB)
...
006 (3447447.012.000) 01/31 07:48:39 Image size of job updated: 395024
	374  -  MemoryUsage of job (MB)
	382272  -  ResidentSetSize of job (KB)
...
006 (3447447.012.000) 01/31 07:58:40 Image size of job updated: 395024
	374  -  MemoryUsage of job (MB)
	382304  -  ResidentSetSize of job (KB)
...
006 (3447447.012.000) 01/31 08:08:41 Image size of job updated: 395024
	374  -  MemoryUsage of job (MB)
	382320  -  ResidentSetSize of job (KB)
...
006 (3447447.012.000) 01/31 08:33:43 Image size of job updated: 395024
	374  -  MemoryUsage of job (MB)
	382368  -  ResidentSetSize of job (KB)
...
006 (3447447.012.000) 01/31 08:43:44 Image size of job updated: 395024
	374  -  MemoryUsage of job (MB)
	382396  -  ResidentSetSize of job (KB)
...
006 (3447447.012.000) 01/31 08:53:45 Image size of job updated: 395024
	374  -  MemoryUsage of job (MB)
	382436  -  ResidentSetSize of job (KB)
...
006 (3447447.012.000) 01/31 08:58:46 Image size of job updated: 395024
	374  -  MemoryUsage of job (MB)
	382464  -  ResidentSetSize of job (KB)
...
006 (3447447.012.000) 02/01 00:35:32 Image size of job updated: 395024
	374  -  MemoryUsage of job (MB)
	382468  -  ResidentSetSize of job (KB)
...
006 (3447447.012.000) 02/01 00:40:33 Image size of job updated: 395024
	374  -  MemoryUsage of job (MB)
	382496  -  ResidentSetSize of job (KB)
...
006 (3447447.012.000) 02/01 00:45:33 Image size of job updated: 395024
	374  -  MemoryUsage of job (MB)
	382540  -  ResidentSetSize of job (KB)
...
006 (3447447.012.000) 02/01 00:50:33 Image size of job updated: 395024
	374  -  MemoryUsage of job (MB)
	382596  -  ResidentSetSize of job (KB)
...
006 (3447447.012.000) 02/01 01:00:34 Image size of job updated: 395024
	374  -  MemoryUsage of job (MB)
	382664  -  ResidentSetSize of job (KB)
...
006 (3447447.012.000) 02/01 01:55:41 Image size of job updated: 395024
	374  -  MemoryUsage of job (MB)
	382672  -  ResidentSetSize of job (KB)
...
006 (3447447.012.000) 02/01 02:05:42 Image size of job updated: 395024
	374  -  MemoryUsage of job (MB)
	382684  -  ResidentSetSize of job (KB)
...
006 (3447447.012.000) 02/01 02:11:25 Image size of job updated: 395024
	374  -  MemoryUsage of job (MB)
	382704  -  ResidentSetSize of job (KB)
...
006 (3447447.012.000) 02/01 02:15:44 Image size of job updated: 395024
	374  -  MemoryUsage of job (MB)
	382716  -  ResidentSetSize of job (KB)
...
006 (3447447.012.000) 02/01 02:20:44 Image size of job updated: 395024
	374  -  MemoryUsage of job (MB)
	382740  -  ResidentSetSize of job (KB)
...
006 (3447447.012.000) 02/01 02:25:45 Image size of job updated: 395024
	374  -  MemoryUsage of job (MB)
	382744  -  ResidentSetSize of job (KB)
...
006 (3447447.012.000) 02/01 02:35:46 Image size of job updated: 395024
	374  -  MemoryUsage of job (MB)
	382760  -  ResidentSetSize of job (KB)
...
006 (3447447.012.000) 02/01 02:40:47 Image size of job updated: 395024
	374  -  MemoryUsage of job (MB)
	382784  -  ResidentSetSize of job (KB)
...
006 (3447447.012.000) 02/01 02:50:48 Image size of job updated: 395024
	374  -  MemoryUsage of job (MB)
	382808  -  ResidentSetSize of job (KB)
...
006 (3447447.012.000) 02/01 02:55:49 Image size of job updated: 395024
	374  -  MemoryUsage of job (MB)
	382820  -  ResidentSetSize of job (KB)
...
006 (3447447.012.000) 02/01 03:00:50 Image size of job updated: 395024
	374  -  MemoryUsage of job (MB)
	382840  -  ResidentSetSize of job (KB)
...
006 (3447447.012.000) 02/01 03:05:50 Image size of job updated: 395024
	374  -  MemoryUsage of job (MB)
	382860  -  ResidentSetSize of job (KB)
...
006 (3447447.012.000) 02/01 03:10:50 Image size of job updated: 395024
	374  -  MemoryUsage of job (MB)
	382884  -  ResidentSetSize of job (KB)
...
006 (3447447.012.000) 02/01 03:15:51 Image size of job updated: 395024
	374  -  MemoryUsage of job (MB)
	382892  -  ResidentSetSize of job (KB)
...
006 (3447447.012.000) 02/01 03:20:51 Image size of job updated: 395024
	374  -  MemoryUsage of job (MB)
	382896  -  ResidentSetSize of job (KB)
...
006 (3447447.012.000) 02/01 03:25:51 Image size of job updated: 395024
	374  -  MemoryUsage of job (MB)
	382900  -  ResidentSetSize of job (KB)
...
006 (3447447.012.000) 02/01 03:30:53 Image size of job updated: 395024
	374  -  MemoryUsage of job (MB)
	382908  -  ResidentSetSize of job (KB)
...
006 (3447447.012.000) 02/01 03:35:53 Image size of job updated: 395024
	374  -  MemoryUsage of job (MB)
	382916  -  ResidentSetSize of job (KB)
...
006 (3447447.012.000) 02/01 03:45:55 Image size of job updated: 395024
	374  -  MemoryUsage of job (MB)
	382948  -  ResidentSetSize of job (KB)
...
006 (3447447.012.000) 02/01 03:55:55 Image size of job updated: 395024
	374  -  MemoryUsage of job (MB)
	382968  -  ResidentSetSize of job (KB)
...
006 (3447447.012.000) 02/01 04:00:57 Image size of job updated: 395024
	375  -  MemoryUsage of job (MB)
	383004  -  ResidentSetSize of job (KB)
...
006 (3447447.012.000) 02/01 04:15:58 Image size of job updated: 395024
	375  -  MemoryUsage of job (MB)
	383024  -  ResidentSetSize of job (KB)
...
006 (3447447.012.000) 02/01 04:20:58 Image size of job updated: 395024
	375  -  MemoryUsage of job (MB)
	383060  -  ResidentSetSize of job (KB)
...
006 (3447447.012.000) 02/01 04:41:00 Image size of job updated: 395024
	375  -  MemoryUsage of job (MB)
	383064  -  ResidentSetSize of job (KB)
...
006 (3447447.012.000) 02/01 04:46:01 Image size of job updated: 395024
	375  -  MemoryUsage of job (MB)
	383112  -  ResidentSetSize of job (KB)
...
006 (3447447.012.000) 02/01 04:51:02 Image size of job updated: 395024
	375  -  MemoryUsage of job (MB)
	383120  -  ResidentSetSize of job (KB)
...
006 (3447447.012.000) 02/01 04:56:02 Image size of job updated: 395024
	375  -  MemoryUsage of job (MB)
	383128  -  ResidentSetSize of job (KB)
...
006 (3447447.012.000) 02/01 05:11:04 Image size of job updated: 395024
	375  -  MemoryUsage of job (MB)
	383132  -  ResidentSetSize of job (KB)
...
006 (3447447.012.000) 02/01 05:16:06 Image size of job updated: 395024
	375  -  MemoryUsage of job (MB)
	383152  -  ResidentSetSize of job (KB)
...
006 (3447447.012.000) 02/01 05:26:06 Image size of job updated: 395024
	375  -  MemoryUsage of job (MB)
	383156  -  ResidentSetSize of job (KB)
...
006 (3447447.012.000) 02/01 05:31:08 Image size of job updated: 395024
	375  -  MemoryUsage of job (MB)
	383176  -  ResidentSetSize of job (KB)
...
006 (3447447.012.000) 02/01 05:36:08 Image size of job updated: 395024
	375  -  MemoryUsage of job (MB)
	383180  -  ResidentSetSize of job (KB)
...
006 (3447447.012.000) 02/01 05:41:08 Image size of job updated: 395024
	375  -  MemoryUsage of job (MB)
	383188  -  ResidentSetSize of job (KB)
...
006 (3447447.012.000) 02/01 05:46:09 Image size of job updated: 395024
	375  -  MemoryUsage of job (MB)
	383200  -  ResidentSetSize of job (KB)
...
006 (3447447.012.000) 02/01 05:51:10 Image size of job updated: 395024
	375  -  MemoryUsage of job (MB)
	383204  -  ResidentSetSize of job (KB)
...
006 (3447447.012.000) 02/01 05:56:10 Image size of job updated: 395024
	375  -  MemoryUsage of job (MB)
	383216  -  ResidentSetSize of job (KB)
...
006 (3447447.012.000) 02/01 06:01:11 Image size of job updated: 395024
	375  -  MemoryUsage of job (MB)
	383228  -  ResidentSetSize of job (KB)
...
006 (3447447.012.000) 02/01 06:06:12 Image size of job updated: 395024
	375  -  MemoryUsage of job (MB)
	383248  -  ResidentSetSize of job (KB)
...
006 (3447447.012.000) 02/01 06:11:12 Image size of job updated: 395024
	375  -  MemoryUsage of job (MB)
	383260  -  ResidentSetSize of job (KB)
...
006 (3447447.012.000) 02/01 06:16:13 Image size of job updated: 395024
	375  -  MemoryUsage of job (MB)
	383280  -  ResidentSetSize of job (KB)
...
006 (3447447.012.000) 02/01 06:21:14 Image size of job updated: 395024
	375  -  MemoryUsage of job (MB)
	383300  -  ResidentSetSize of job (KB)
...
006 (3447447.012.000) 02/01 06:26:14 Image size of job updated: 395024
	375  -  MemoryUsage of job (MB)
	383312  -  ResidentSetSize of job (KB)
...
006 (3447447.012.000) 02/01 06:31:15 Image size of job updated: 395024
	375  -  MemoryUsage of job (MB)
	383320  -  ResidentSetSize of job (KB)
...
006 (3447447.012.000) 02/01 06:36:16 Image size of job updated: 395024
	375  -  MemoryUsage of job (MB)
	383324  -  ResidentSetSize of job (KB)
...
006 (3447447.012.000) 02/01 06:41:16 Image size of job updated: 395024
	375  -  MemoryUsage of job (MB)
	383348  -  ResidentSetSize of job (KB)
...
006 (3447447.012.000) 02/01 06:46:17 Image size of job updated: 395024
	375  -  MemoryUsage of job (MB)
	383360  -  ResidentSetSize of job (KB)
...
006 (3447447.012.000) 02/01 06:51:18 Image size of job updated: 395024
	375  -  MemoryUsage of job (MB)
	383372  -  ResidentSetSize of job (KB)
...
006 (3447447.012.000) 02/01 06:56:18 Image size of job updated: 395024
	375  -  MemoryUsage of job (MB)
	383388  -  ResidentSetSize of job (KB)
...
006 (3447447.012.000) 02/01 07:01:19 Image size of job updated: 395024
	375  -  MemoryUsage of job (MB)
	383432  -  ResidentSetSize of job (KB)
...
006 (3447447.012.000) 02/01 07:06:20 Image size of job updated: 395024
	375  -  MemoryUsage of job (MB)
	383472  -  ResidentSetSize of job (KB)
...
006 (3447447.012.000) 02/01 07:36:23 Image size of job updated: 395024
	375  -  MemoryUsage of job (MB)
	383496  -  ResidentSetSize of job (KB)
...
006 (3447447.012.000) 02/01 07:41:23 Image size of job updated: 395024
	375  -  MemoryUsage of job (MB)
	383512  -  ResidentSetSize of job (KB)
...
006 (3447447.012.000) 02/01 07:51:24 Image size of job updated: 395024
	375  -  MemoryUsage of job (MB)
	383520  -  ResidentSetSize of job (KB)
...
006 (3447447.012.000) 02/01 07:56:24 Image size of job updated: 395024
	375  -  MemoryUsage of job (MB)
	383532  -  ResidentSetSize of job (KB)
...
006 (3447447.012.000) 02/01 08:06:25 Image size of job updated: 395024
	375  -  MemoryUsage of job (MB)
	383544  -  ResidentSetSize of job (KB)
...
006 (3447447.012.000) 02/01 08:11:25 Image size of job updated: 395024
	375  -  MemoryUsage of job (MB)
	383560  -  ResidentSetSize of job (KB)
...
006 (3447447.012.000) 02/01 08:16:26 Image size of job updated: 395024
	375  -  MemoryUsage of job (MB)
	383572  -  ResidentSetSize of job (KB)
...
006 (3447447.012.000) 02/01 08:21:27 Image size of job updated: 395024
	375  -  MemoryUsage of job (MB)
	383600  -  ResidentSetSize of job (KB)
...
006 (3447447.012.000) 02/01 08:26:27 Image size of job updated: 395024
	375  -  MemoryUsage of job (MB)
	383616  -  ResidentSetSize of job (KB)
...
006 (3447447.012.000) 02/01 08:36:29 Image size of job updated: 395024
	375  -  MemoryUsage of job (MB)
	383640  -  ResidentSetSize of job (KB)
...
006 (3447447.012.000) 02/01 08:41:29 Image size of job updated: 395024
	375  -  MemoryUsage of job (MB)
	383644  -  ResidentSetSize of job (KB)
...
006 (3447447.012.000) 02/01 08:46:29 Image size of job updated: 395024
	375  -  MemoryUsage of job (MB)
	383680  -  ResidentSetSize of job (KB)
...
006 (3447447.012.000) 02/01 08:51:30 Image size of job updated: 395024
	375  -  MemoryUsage of job (MB)
	383692  -  ResidentSetSize of job (KB)
...
040 (3447447.012.000) 02/01 19:45:09 Started transferring input files
	Transferring to host: <128.142.71.112:9618?addrs=128.142.71.112-9618+[2001-1458-301-52--100-3da]-9618&noUDP&sock=14354_7101_13536>
...
040 (3447447.012.000) 02/01 19:45:09 Finished transferring input files
...
001 (3447447.012.000) 02/01 19:45:10 Job executing on host: <128.142.71.112:9618?addrs=128.142.71.112-9618+[2001-1458-301-52--100-3da]-9618&noUDP&sock=14150_4d31_3>
...
040 (3447447.012.000) 02/01 19:45:26 Started transferring output files
...
040 (3447447.012.000) 02/01 19:45:26 Finished transferring output files
...
005 (3447447.012.000) 02/01 19:45:26 Job terminated.
	(1) Normal termination (return value 0)
		Usr 0 00:00:06, Sys 0 00:00:04  -  Run Remote Usage
		Usr 0 00:00:00, Sys 0 00:00:00  -  Run Local Usage
		Usr 0 00:00:06, Sys 0 00:00:04  -  Total Remote Usage
		Usr 0 00:00:00, Sys 0 00:00:00  -  Total Local Usage
	9715  -  Run Bytes Sent By Job
	493  -  Run Bytes Received By Job
	9715  -  Total Bytes Sent By Job
	986  -  Total Bytes Received By Job
	Partitionable Resources :    Usage  Request Allocated 
	   Cpus                 :                 1           
	   Disk (KB)            :       24       40   2768934 
	   Memory (MB)          :      391     2000      2000 
...
