000 (3447418.001.000) 01/30 01:28:19 Job submitted from host: <188.185.71.142:9618?addrs=188.185.71.142-9618+[2001-1458-d00-7--100-388]-9618&alias=bigbird09.cern.ch&noUDP&sock=schedd_2208_1533_7>
...
040 (3447418.001.000) 01/30 04:24:10 Started transferring input files
	Transferring to host: <188.184.190.182:9618?addrs=188.184.190.182-9618+[2001-1458-301-4b--100-98]-9618&noUDP&sock=861_66fc_198812>
...
040 (3447418.001.000) 01/30 04:24:10 Finished transferring input files
...
001 (3447418.001.000) 01/30 04:24:11 Job executing on host: <188.184.190.182:9618?addrs=188.184.190.182-9618+[2001-1458-301-4b--100-98]-9618&noUDP&sock=5594_98e1_3>
...
006 (3447418.001.000) 01/30 04:24:20 Image size of job updated: 4248
	4  -  MemoryUsage of job (MB)
	4020  -  ResidentSetSize of job (KB)
...
006 (3447418.001.000) 01/30 04:29:20 Image size of job updated: 395832
	358  -  MemoryUsage of job (MB)
	366260  -  ResidentSetSize of job (KB)
...
006 (3447418.001.000) 01/30 04:39:21 Image size of job updated: 395836
	358  -  MemoryUsage of job (MB)
	366264  -  ResidentSetSize of job (KB)
...
006 (3447418.001.000) 01/30 08:09:43 Image size of job updated: 395836
	358  -  MemoryUsage of job (MB)
	366316  -  ResidentSetSize of job (KB)
...
006 (3447418.001.000) 01/30 08:14:43 Image size of job updated: 395836
	358  -  MemoryUsage of job (MB)
	366396  -  ResidentSetSize of job (KB)
...
006 (3447418.001.000) 01/30 08:34:45 Image size of job updated: 395836
	358  -  MemoryUsage of job (MB)
	366460  -  ResidentSetSize of job (KB)
...
006 (3447418.001.000) 01/30 08:39:46 Image size of job updated: 395836
	358  -  MemoryUsage of job (MB)
	366472  -  ResidentSetSize of job (KB)
...
006 (3447418.001.000) 01/30 08:44:47 Image size of job updated: 395836
	358  -  MemoryUsage of job (MB)
	366476  -  ResidentSetSize of job (KB)
...
006 (3447418.001.000) 01/30 08:49:47 Image size of job updated: 395836
	358  -  MemoryUsage of job (MB)
	366504  -  ResidentSetSize of job (KB)
...
006 (3447418.001.000) 01/30 08:54:47 Image size of job updated: 395836
	359  -  MemoryUsage of job (MB)
	366604  -  ResidentSetSize of job (KB)
...
006 (3447418.001.000) 01/30 08:59:48 Image size of job updated: 396004
	359  -  MemoryUsage of job (MB)
	366776  -  ResidentSetSize of job (KB)
...
006 (3447418.001.000) 01/30 09:04:49 Image size of job updated: 396048
	359  -  MemoryUsage of job (MB)
	366820  -  ResidentSetSize of job (KB)
...
006 (3447418.001.000) 01/30 09:09:53 Image size of job updated: 396216
	359  -  MemoryUsage of job (MB)
	366988  -  ResidentSetSize of job (KB)
...
006 (3447418.001.000) 01/30 09:14:49 Image size of job updated: 396276
	359  -  MemoryUsage of job (MB)
	367048  -  ResidentSetSize of job (KB)
...
006 (3447418.001.000) 01/30 09:19:49 Image size of job updated: 396276
	359  -  MemoryUsage of job (MB)
	367188  -  ResidentSetSize of job (KB)
...
006 (3447418.001.000) 01/30 09:24:50 Image size of job updated: 396276
	359  -  MemoryUsage of job (MB)
	367308  -  ResidentSetSize of job (KB)
...
006 (3447418.001.000) 01/30 09:29:51 Image size of job updated: 396360
	359  -  MemoryUsage of job (MB)
	367416  -  ResidentSetSize of job (KB)
...
006 (3447418.001.000) 01/30 09:34:51 Image size of job updated: 396452
	359  -  MemoryUsage of job (MB)
	367508  -  ResidentSetSize of job (KB)
...
006 (3447418.001.000) 01/30 09:39:52 Image size of job updated: 396500
	359  -  MemoryUsage of job (MB)
	367556  -  ResidentSetSize of job (KB)
...
006 (3447418.001.000) 01/30 09:44:53 Image size of job updated: 396580
	360  -  MemoryUsage of job (MB)
	367636  -  ResidentSetSize of job (KB)
...
006 (3447418.001.000) 01/30 09:49:53 Image size of job updated: 396680
	360  -  MemoryUsage of job (MB)
	367736  -  ResidentSetSize of job (KB)
...
006 (3447418.001.000) 01/30 09:54:53 Image size of job updated: 396756
	360  -  MemoryUsage of job (MB)
	367812  -  ResidentSetSize of job (KB)
...
006 (3447418.001.000) 01/30 09:59:54 Image size of job updated: 396824
	360  -  MemoryUsage of job (MB)
	367880  -  ResidentSetSize of job (KB)
...
006 (3447418.001.000) 01/30 10:04:54 Image size of job updated: 396844
	360  -  MemoryUsage of job (MB)
	367900  -  ResidentSetSize of job (KB)
...
006 (3447418.001.000) 01/30 10:09:54 Image size of job updated: 396940
	360  -  MemoryUsage of job (MB)
	367996  -  ResidentSetSize of job (KB)
...
006 (3447418.001.000) 01/30 10:14:55 Image size of job updated: 397072
	360  -  MemoryUsage of job (MB)
	368128  -  ResidentSetSize of job (KB)
...
006 (3447418.001.000) 01/30 10:19:55 Image size of job updated: 397076
	360  -  MemoryUsage of job (MB)
	368132  -  ResidentSetSize of job (KB)
...
006 (3447418.001.000) 01/30 10:24:55 Image size of job updated: 397224
	360  -  MemoryUsage of job (MB)
	368280  -  ResidentSetSize of job (KB)
...
006 (3447418.001.000) 01/30 10:29:56 Image size of job updated: 397264
	360  -  MemoryUsage of job (MB)
	368320  -  ResidentSetSize of job (KB)
...
006 (3447418.001.000) 01/30 10:34:57 Image size of job updated: 397392
	360  -  MemoryUsage of job (MB)
	368448  -  ResidentSetSize of job (KB)
...
006 (3447418.001.000) 01/30 10:39:57 Image size of job updated: 397436
	360  -  MemoryUsage of job (MB)
	368492  -  ResidentSetSize of job (KB)
...
006 (3447418.001.000) 01/30 10:44:58 Image size of job updated: 397564
	360  -  MemoryUsage of job (MB)
	368620  -  ResidentSetSize of job (KB)
...
006 (3447418.001.000) 01/30 10:49:59 Image size of job updated: 397724
	361  -  MemoryUsage of job (MB)
	368780  -  ResidentSetSize of job (KB)
...
006 (3447418.001.000) 01/30 10:54:59 Image size of job updated: 397752
	361  -  MemoryUsage of job (MB)
	368808  -  ResidentSetSize of job (KB)
...
006 (3447418.001.000) 01/30 11:00:00 Image size of job updated: 397872
	361  -  MemoryUsage of job (MB)
	368928  -  ResidentSetSize of job (KB)
...
006 (3447418.001.000) 01/30 11:05:01 Image size of job updated: 397956
	361  -  MemoryUsage of job (MB)
	369012  -  ResidentSetSize of job (KB)
...
006 (3447418.001.000) 01/30 11:10:01 Image size of job updated: 398036
	361  -  MemoryUsage of job (MB)
	369092  -  ResidentSetSize of job (KB)
...
006 (3447418.001.000) 01/30 11:15:02 Image size of job updated: 398176
	361  -  MemoryUsage of job (MB)
	369232  -  ResidentSetSize of job (KB)
...
006 (3447418.001.000) 01/30 11:20:03 Image size of job updated: 398344
	361  -  MemoryUsage of job (MB)
	369400  -  ResidentSetSize of job (KB)
...
006 (3447418.001.000) 01/30 11:25:03 Image size of job updated: 398372
	361  -  MemoryUsage of job (MB)
	369428  -  ResidentSetSize of job (KB)
...
006 (3447418.001.000) 01/30 11:30:03 Image size of job updated: 398576
	361  -  MemoryUsage of job (MB)
	369632  -  ResidentSetSize of job (KB)
...
006 (3447418.001.000) 01/30 11:35:04 Image size of job updated: 398628
	362  -  MemoryUsage of job (MB)
	369684  -  ResidentSetSize of job (KB)
...
006 (3447418.001.000) 01/30 11:40:05 Image size of job updated: 398736
	362  -  MemoryUsage of job (MB)
	369792  -  ResidentSetSize of job (KB)
...
006 (3447418.001.000) 01/30 11:45:05 Image size of job updated: 398780
	362  -  MemoryUsage of job (MB)
	369836  -  ResidentSetSize of job (KB)
...
006 (3447418.001.000) 01/30 11:50:05 Image size of job updated: 398940
	362  -  MemoryUsage of job (MB)
	369996  -  ResidentSetSize of job (KB)
...
006 (3447418.001.000) 01/30 11:55:06 Image size of job updated: 399040
	362  -  MemoryUsage of job (MB)
	370096  -  ResidentSetSize of job (KB)
...
006 (3447418.001.000) 01/30 12:00:07 Image size of job updated: 399140
	362  -  MemoryUsage of job (MB)
	370196  -  ResidentSetSize of job (KB)
...
006 (3447418.001.000) 01/30 12:05:07 Image size of job updated: 400368
	363  -  MemoryUsage of job (MB)
	371420  -  ResidentSetSize of job (KB)
...
006 (3447418.001.000) 01/30 12:10:08 Image size of job updated: 400652
	363  -  MemoryUsage of job (MB)
	371704  -  ResidentSetSize of job (KB)
...
006 (3447418.001.000) 01/30 12:15:09 Image size of job updated: 402512
	365  -  MemoryUsage of job (MB)
	372916  -  ResidentSetSize of job (KB)
...
006 (3447418.001.000) 01/30 12:20:09 Image size of job updated: 402600
	365  -  MemoryUsage of job (MB)
	373004  -  ResidentSetSize of job (KB)
...
006 (3447418.001.000) 01/30 12:25:09 Image size of job updated: 402640
	365  -  MemoryUsage of job (MB)
	373044  -  ResidentSetSize of job (KB)
...
006 (3447418.001.000) 01/30 12:30:10 Image size of job updated: 402688
	365  -  MemoryUsage of job (MB)
	373092  -  ResidentSetSize of job (KB)
...
006 (3447418.001.000) 01/30 12:35:11 Image size of job updated: 402688
	365  -  MemoryUsage of job (MB)
	373100  -  ResidentSetSize of job (KB)
...
006 (3447418.001.000) 01/30 12:40:11 Image size of job updated: 402688
	365  -  MemoryUsage of job (MB)
	373156  -  ResidentSetSize of job (KB)
...
006 (3447418.001.000) 01/30 12:45:12 Image size of job updated: 402688
	365  -  MemoryUsage of job (MB)
	373168  -  ResidentSetSize of job (KB)
...
006 (3447418.001.000) 01/30 12:50:13 Image size of job updated: 402688
	365  -  MemoryUsage of job (MB)
	373232  -  ResidentSetSize of job (KB)
...
006 (3447418.001.000) 01/30 12:55:13 Image size of job updated: 402688
	365  -  MemoryUsage of job (MB)
	373256  -  ResidentSetSize of job (KB)
...
006 (3447418.001.000) 01/30 13:00:13 Image size of job updated: 402688
	365  -  MemoryUsage of job (MB)
	373272  -  ResidentSetSize of job (KB)
...
006 (3447418.001.000) 01/30 13:10:15 Image size of job updated: 402688
	365  -  MemoryUsage of job (MB)
	373316  -  ResidentSetSize of job (KB)
...
006 (3447418.001.000) 01/30 13:15:15 Image size of job updated: 402688
	365  -  MemoryUsage of job (MB)
	373332  -  ResidentSetSize of job (KB)
...
006 (3447418.001.000) 01/30 13:20:16 Image size of job updated: 402688
	365  -  MemoryUsage of job (MB)
	373376  -  ResidentSetSize of job (KB)
...
006 (3447418.001.000) 01/30 13:25:17 Image size of job updated: 402688
	365  -  MemoryUsage of job (MB)
	373428  -  ResidentSetSize of job (KB)
...
006 (3447418.001.000) 01/30 13:30:17 Image size of job updated: 402688
	365  -  MemoryUsage of job (MB)
	373432  -  ResidentSetSize of job (KB)
...
006 (3447418.001.000) 01/30 13:35:17 Image size of job updated: 402688
	365  -  MemoryUsage of job (MB)
	373468  -  ResidentSetSize of job (KB)
...
006 (3447418.001.000) 01/30 13:40:18 Image size of job updated: 402688
	365  -  MemoryUsage of job (MB)
	373520  -  ResidentSetSize of job (KB)
...
006 (3447418.001.000) 01/30 13:45:18 Image size of job updated: 402688
	365  -  MemoryUsage of job (MB)
	373532  -  ResidentSetSize of job (KB)
...
006 (3447418.001.000) 01/30 13:50:18 Image size of job updated: 402688
	365  -  MemoryUsage of job (MB)
	373576  -  ResidentSetSize of job (KB)
...
006 (3447418.001.000) 01/30 13:55:20 Image size of job updated: 402688
	365  -  MemoryUsage of job (MB)
	373588  -  ResidentSetSize of job (KB)
...
006 (3447418.001.000) 01/30 14:00:20 Image size of job updated: 402688
	365  -  MemoryUsage of job (MB)
	373620  -  ResidentSetSize of job (KB)
...
006 (3447418.001.000) 01/30 14:05:20 Image size of job updated: 402688
	365  -  MemoryUsage of job (MB)
	373644  -  ResidentSetSize of job (KB)
...
006 (3447418.001.000) 01/30 14:10:21 Image size of job updated: 402688
	365  -  MemoryUsage of job (MB)
	373656  -  ResidentSetSize of job (KB)
...
006 (3447418.001.000) 01/30 14:15:22 Image size of job updated: 402688
	365  -  MemoryUsage of job (MB)
	373676  -  ResidentSetSize of job (KB)
...
006 (3447418.001.000) 01/30 14:20:22 Image size of job updated: 402688
	365  -  MemoryUsage of job (MB)
	373712  -  ResidentSetSize of job (KB)
...
006 (3447418.001.000) 01/30 14:25:23 Image size of job updated: 402688
	365  -  MemoryUsage of job (MB)
	373740  -  ResidentSetSize of job (KB)
...
006 (3447418.001.000) 01/30 14:30:24 Image size of job updated: 402688
	366  -  MemoryUsage of job (MB)
	373788  -  ResidentSetSize of job (KB)
...
006 (3447418.001.000) 01/30 14:35:24 Image size of job updated: 402688
	366  -  MemoryUsage of job (MB)
	373800  -  ResidentSetSize of job (KB)
...
006 (3447418.001.000) 01/30 14:40:25 Image size of job updated: 402688
	366  -  MemoryUsage of job (MB)
	373828  -  ResidentSetSize of job (KB)
...
006 (3447418.001.000) 01/30 14:45:26 Image size of job updated: 402688
	366  -  MemoryUsage of job (MB)
	373860  -  ResidentSetSize of job (KB)
...
006 (3447418.001.000) 01/30 14:50:26 Image size of job updated: 402688
	366  -  MemoryUsage of job (MB)
	373876  -  ResidentSetSize of job (KB)
...
006 (3447418.001.000) 01/30 14:55:26 Image size of job updated: 402688
	366  -  MemoryUsage of job (MB)
	373904  -  ResidentSetSize of job (KB)
...
006 (3447418.001.000) 01/30 15:00:28 Image size of job updated: 402688
	366  -  MemoryUsage of job (MB)
	373944  -  ResidentSetSize of job (KB)
...
006 (3447418.001.000) 01/30 15:05:28 Image size of job updated: 402688
	366  -  MemoryUsage of job (MB)
	373972  -  ResidentSetSize of job (KB)
...
006 (3447418.001.000) 01/30 15:10:28 Image size of job updated: 402688
	366  -  MemoryUsage of job (MB)
	374008  -  ResidentSetSize of job (KB)
...
006 (3447418.001.000) 01/30 15:15:29 Image size of job updated: 402688
	366  -  MemoryUsage of job (MB)
	374056  -  ResidentSetSize of job (KB)
...
006 (3447418.001.000) 01/30 15:20:30 Image size of job updated: 402688
	366  -  MemoryUsage of job (MB)
	374092  -  ResidentSetSize of job (KB)
...
006 (3447418.001.000) 01/30 15:25:30 Image size of job updated: 402688
	366  -  MemoryUsage of job (MB)
	374124  -  ResidentSetSize of job (KB)
...
006 (3447418.001.000) 01/30 15:30:31 Image size of job updated: 402688
	366  -  MemoryUsage of job (MB)
	374156  -  ResidentSetSize of job (KB)
...
006 (3447418.001.000) 01/30 15:35:32 Image size of job updated: 402688
	366  -  MemoryUsage of job (MB)
	374180  -  ResidentSetSize of job (KB)
...
006 (3447418.001.000) 01/30 15:40:32 Image size of job updated: 402688
	366  -  MemoryUsage of job (MB)
	374224  -  ResidentSetSize of job (KB)
...
006 (3447418.001.000) 01/30 15:45:32 Image size of job updated: 402688
	366  -  MemoryUsage of job (MB)
	374228  -  ResidentSetSize of job (KB)
...
006 (3447418.001.000) 01/30 15:50:33 Image size of job updated: 402688
	366  -  MemoryUsage of job (MB)
	374248  -  ResidentSetSize of job (KB)
...
006 (3447418.001.000) 01/30 15:55:33 Image size of job updated: 402688
	366  -  MemoryUsage of job (MB)
	374324  -  ResidentSetSize of job (KB)
...
006 (3447418.001.000) 01/30 16:00:33 Image size of job updated: 402688
	366  -  MemoryUsage of job (MB)
	374332  -  ResidentSetSize of job (KB)
...
006 (3447418.001.000) 01/30 16:05:34 Image size of job updated: 402688
	366  -  MemoryUsage of job (MB)
	374368  -  ResidentSetSize of job (KB)
...
006 (3447418.001.000) 01/30 16:10:35 Image size of job updated: 402688
	366  -  MemoryUsage of job (MB)
	374408  -  ResidentSetSize of job (KB)
...
006 (3447418.001.000) 01/30 16:15:35 Image size of job updated: 402688
	366  -  MemoryUsage of job (MB)
	374412  -  ResidentSetSize of job (KB)
...
006 (3447418.001.000) 01/30 16:20:35 Image size of job updated: 402688
	366  -  MemoryUsage of job (MB)
	374436  -  ResidentSetSize of job (KB)
...
006 (3447418.001.000) 01/30 16:25:36 Image size of job updated: 402688
	366  -  MemoryUsage of job (MB)
	374504  -  ResidentSetSize of job (KB)
...
006 (3447418.001.000) 01/30 16:30:37 Image size of job updated: 402688
	366  -  MemoryUsage of job (MB)
	374508  -  ResidentSetSize of job (KB)
...
006 (3447418.001.000) 01/30 16:35:37 Image size of job updated: 402688
	366  -  MemoryUsage of job (MB)
	374568  -  ResidentSetSize of job (KB)
...
006 (3447418.001.000) 01/30 16:40:38 Image size of job updated: 402688
	366  -  MemoryUsage of job (MB)
	374596  -  ResidentSetSize of job (KB)
...
006 (3447418.001.000) 01/30 16:45:39 Image size of job updated: 402688
	366  -  MemoryUsage of job (MB)
	374636  -  ResidentSetSize of job (KB)
...
006 (3447418.001.000) 01/30 16:50:39 Image size of job updated: 402688
	366  -  MemoryUsage of job (MB)
	374672  -  ResidentSetSize of job (KB)
...
006 (3447418.001.000) 01/30 16:55:40 Image size of job updated: 402688
	366  -  MemoryUsage of job (MB)
	374684  -  ResidentSetSize of job (KB)
...
006 (3447418.001.000) 01/30 17:00:41 Image size of job updated: 402688
	366  -  MemoryUsage of job (MB)
	374732  -  ResidentSetSize of job (KB)
...
006 (3447418.001.000) 01/30 17:05:41 Image size of job updated: 402688
	366  -  MemoryUsage of job (MB)
	374760  -  ResidentSetSize of job (KB)
...
006 (3447418.001.000) 01/30 17:10:41 Image size of job updated: 402688
	366  -  MemoryUsage of job (MB)
	374784  -  ResidentSetSize of job (KB)
...
006 (3447418.001.000) 01/30 17:15:42 Image size of job updated: 402688
	367  -  MemoryUsage of job (MB)
	374796  -  ResidentSetSize of job (KB)
...
006 (3447418.001.000) 01/30 17:20:42 Image size of job updated: 402688
	367  -  MemoryUsage of job (MB)
	374824  -  ResidentSetSize of job (KB)
...
006 (3447418.001.000) 01/30 17:25:42 Image size of job updated: 402688
	367  -  MemoryUsage of job (MB)
	374848  -  ResidentSetSize of job (KB)
...
006 (3447418.001.000) 01/30 17:35:44 Image size of job updated: 402688
	367  -  MemoryUsage of job (MB)
	374912  -  ResidentSetSize of job (KB)
...
006 (3447418.001.000) 01/30 17:40:44 Image size of job updated: 402688
	367  -  MemoryUsage of job (MB)
	374956  -  ResidentSetSize of job (KB)
...
006 (3447418.001.000) 01/30 17:45:45 Image size of job updated: 402688
	367  -  MemoryUsage of job (MB)
	374964  -  ResidentSetSize of job (KB)
...
006 (3447418.001.000) 01/30 17:50:46 Image size of job updated: 402688
	367  -  MemoryUsage of job (MB)
	374984  -  ResidentSetSize of job (KB)
...
006 (3447418.001.000) 01/30 17:55:46 Image size of job updated: 402688
	367  -  MemoryUsage of job (MB)
	375020  -  ResidentSetSize of job (KB)
...
006 (3447418.001.000) 01/30 18:05:46 Image size of job updated: 402688
	367  -  MemoryUsage of job (MB)
	375060  -  ResidentSetSize of job (KB)
...
006 (3447418.001.000) 01/30 18:10:46 Image size of job updated: 402688
	367  -  MemoryUsage of job (MB)
	375072  -  ResidentSetSize of job (KB)
...
006 (3447418.001.000) 01/30 18:15:47 Image size of job updated: 402688
	367  -  MemoryUsage of job (MB)
	375124  -  ResidentSetSize of job (KB)
...
006 (3447418.001.000) 01/30 18:25:48 Image size of job updated: 402688
	367  -  MemoryUsage of job (MB)
	375180  -  ResidentSetSize of job (KB)
...
006 (3447418.001.000) 01/30 18:30:49 Image size of job updated: 402688
	367  -  MemoryUsage of job (MB)
	375196  -  ResidentSetSize of job (KB)
...
006 (3447418.001.000) 01/30 18:35:50 Image size of job updated: 402688
	367  -  MemoryUsage of job (MB)
	375224  -  ResidentSetSize of job (KB)
...
006 (3447418.001.000) 01/30 18:40:50 Image size of job updated: 402688
	367  -  MemoryUsage of job (MB)
	375252  -  ResidentSetSize of job (KB)
...
006 (3447418.001.000) 01/30 18:45:51 Image size of job updated: 402688
	367  -  MemoryUsage of job (MB)
	375272  -  ResidentSetSize of job (KB)
...
006 (3447418.001.000) 01/30 18:50:52 Image size of job updated: 402688
	367  -  MemoryUsage of job (MB)
	375332  -  ResidentSetSize of job (KB)
...
006 (3447418.001.000) 01/30 18:55:52 Image size of job updated: 402688
	367  -  MemoryUsage of job (MB)
	375396  -  ResidentSetSize of job (KB)
...
006 (3447418.001.000) 01/30 19:00:53 Image size of job updated: 402688
	367  -  MemoryUsage of job (MB)
	375404  -  ResidentSetSize of job (KB)
...
006 (3447418.001.000) 01/30 19:05:54 Image size of job updated: 402688
	367  -  MemoryUsage of job (MB)
	375456  -  ResidentSetSize of job (KB)
...
006 (3447418.001.000) 01/30 19:15:55 Image size of job updated: 402688
	367  -  MemoryUsage of job (MB)
	375468  -  ResidentSetSize of job (KB)
...
006 (3447418.001.000) 01/30 19:20:56 Image size of job updated: 402688
	367  -  MemoryUsage of job (MB)
	375496  -  ResidentSetSize of job (KB)
...
006 (3447418.001.000) 01/30 19:25:56 Image size of job updated: 402688
	367  -  MemoryUsage of job (MB)
	375552  -  ResidentSetSize of job (KB)
...
006 (3447418.001.000) 01/30 19:30:57 Image size of job updated: 402688
	367  -  MemoryUsage of job (MB)
	375568  -  ResidentSetSize of job (KB)
...
006 (3447418.001.000) 01/30 19:40:58 Image size of job updated: 402688
	367  -  MemoryUsage of job (MB)
	375608  -  ResidentSetSize of job (KB)
...
006 (3447418.001.000) 01/30 19:45:59 Image size of job updated: 402688
	367  -  MemoryUsage of job (MB)
	375628  -  ResidentSetSize of job (KB)
...
006 (3447418.001.000) 01/30 19:51:00 Image size of job updated: 402688
	367  -  MemoryUsage of job (MB)
	375644  -  ResidentSetSize of job (KB)
...
006 (3447418.001.000) 01/30 19:56:00 Image size of job updated: 402688
	367  -  MemoryUsage of job (MB)
	375684  -  ResidentSetSize of job (KB)
...
006 (3447418.001.000) 01/30 20:01:01 Image size of job updated: 402688
	367  -  MemoryUsage of job (MB)
	375748  -  ResidentSetSize of job (KB)
...
006 (3447418.001.000) 01/30 20:06:02 Image size of job updated: 402688
	367  -  MemoryUsage of job (MB)
	375776  -  ResidentSetSize of job (KB)
...
006 (3447418.001.000) 01/30 20:16:03 Image size of job updated: 402688
	368  -  MemoryUsage of job (MB)
	375824  -  ResidentSetSize of job (KB)
...
006 (3447418.001.000) 01/30 20:21:04 Image size of job updated: 402688
	368  -  MemoryUsage of job (MB)
	375880  -  ResidentSetSize of job (KB)
...
006 (3447418.001.000) 01/30 20:26:04 Image size of job updated: 402688
	368  -  MemoryUsage of job (MB)
	375884  -  ResidentSetSize of job (KB)
...
006 (3447418.001.000) 01/30 20:36:05 Image size of job updated: 402688
	368  -  MemoryUsage of job (MB)
	375908  -  ResidentSetSize of job (KB)
...
006 (3447418.001.000) 01/30 20:41:06 Image size of job updated: 402688
	368  -  MemoryUsage of job (MB)
	375916  -  ResidentSetSize of job (KB)
...
006 (3447418.001.000) 01/30 20:46:06 Image size of job updated: 402688
	368  -  MemoryUsage of job (MB)
	375952  -  ResidentSetSize of job (KB)
...
006 (3447418.001.000) 01/30 20:51:06 Image size of job updated: 402688
	368  -  MemoryUsage of job (MB)
	375972  -  ResidentSetSize of job (KB)
...
006 (3447418.001.000) 01/30 20:56:07 Image size of job updated: 402688
	368  -  MemoryUsage of job (MB)
	375992  -  ResidentSetSize of job (KB)
...
006 (3447418.001.000) 01/30 21:01:07 Image size of job updated: 402688
	368  -  MemoryUsage of job (MB)
	376032  -  ResidentSetSize of job (KB)
...
006 (3447418.001.000) 01/30 21:06:07 Image size of job updated: 402688
	368  -  MemoryUsage of job (MB)
	376064  -  ResidentSetSize of job (KB)
...
006 (3447418.001.000) 01/30 21:11:08 Image size of job updated: 402688
	368  -  MemoryUsage of job (MB)
	376084  -  ResidentSetSize of job (KB)
...
006 (3447418.001.000) 01/30 21:16:09 Image size of job updated: 402688
	368  -  MemoryUsage of job (MB)
	376120  -  ResidentSetSize of job (KB)
...
006 (3447418.001.000) 01/30 21:21:09 Image size of job updated: 402688
	368  -  MemoryUsage of job (MB)
	376184  -  ResidentSetSize of job (KB)
...
006 (3447418.001.000) 01/30 21:31:11 Image size of job updated: 402688
	368  -  MemoryUsage of job (MB)
	376212  -  ResidentSetSize of job (KB)
...
006 (3447418.001.000) 01/30 21:36:11 Image size of job updated: 402688
	368  -  MemoryUsage of job (MB)
	376264  -  ResidentSetSize of job (KB)
...
006 (3447418.001.000) 01/30 21:41:12 Image size of job updated: 402688
	368  -  MemoryUsage of job (MB)
	376300  -  ResidentSetSize of job (KB)
...
006 (3447418.001.000) 01/30 21:46:13 Image size of job updated: 402688
	368  -  MemoryUsage of job (MB)
	376328  -  ResidentSetSize of job (KB)
...
006 (3447418.001.000) 01/30 21:56:14 Image size of job updated: 402688
	368  -  MemoryUsage of job (MB)
	376360  -  ResidentSetSize of job (KB)
...
006 (3447418.001.000) 01/30 22:01:15 Image size of job updated: 402688
	368  -  MemoryUsage of job (MB)
	376372  -  ResidentSetSize of job (KB)
...
006 (3447418.001.000) 01/30 22:06:15 Image size of job updated: 402688
	368  -  MemoryUsage of job (MB)
	376404  -  ResidentSetSize of job (KB)
...
006 (3447418.001.000) 01/30 22:16:17 Image size of job updated: 402688
	368  -  MemoryUsage of job (MB)
	376504  -  ResidentSetSize of job (KB)
...
006 (3447418.001.000) 01/30 22:21:17 Image size of job updated: 402688
	368  -  MemoryUsage of job (MB)
	376540  -  ResidentSetSize of job (KB)
...
006 (3447418.001.000) 01/30 22:31:19 Image size of job updated: 402688
	368  -  MemoryUsage of job (MB)
	376556  -  ResidentSetSize of job (KB)
...
006 (3447418.001.000) 01/30 22:36:19 Image size of job updated: 402688
	368  -  MemoryUsage of job (MB)
	376600  -  ResidentSetSize of job (KB)
...
006 (3447418.001.000) 01/30 22:41:19 Image size of job updated: 402688
	368  -  MemoryUsage of job (MB)
	376620  -  ResidentSetSize of job (KB)
...
006 (3447418.001.000) 01/30 22:46:20 Image size of job updated: 402688
	368  -  MemoryUsage of job (MB)
	376640  -  ResidentSetSize of job (KB)
...
006 (3447418.001.000) 01/30 22:51:21 Image size of job updated: 402688
	368  -  MemoryUsage of job (MB)
	376676  -  ResidentSetSize of job (KB)
...
006 (3447418.001.000) 01/30 23:01:22 Image size of job updated: 402688
	368  -  MemoryUsage of job (MB)
	376700  -  ResidentSetSize of job (KB)
...
006 (3447418.001.000) 01/30 23:06:23 Image size of job updated: 402688
	368  -  MemoryUsage of job (MB)
	376732  -  ResidentSetSize of job (KB)
...
006 (3447418.001.000) 01/30 23:11:23 Image size of job updated: 402688
	368  -  MemoryUsage of job (MB)
	376772  -  ResidentSetSize of job (KB)
...
006 (3447418.001.000) 01/30 23:16:24 Image size of job updated: 402688
	368  -  MemoryUsage of job (MB)
	376804  -  ResidentSetSize of job (KB)
...
006 (3447418.001.000) 01/30 23:21:25 Image size of job updated: 402688
	368  -  MemoryUsage of job (MB)
	376820  -  ResidentSetSize of job (KB)
...
006 (3447418.001.000) 01/30 23:26:25 Image size of job updated: 402688
	369  -  MemoryUsage of job (MB)
	376852  -  ResidentSetSize of job (KB)
...
006 (3447418.001.000) 01/30 23:31:25 Image size of job updated: 402688
	369  -  MemoryUsage of job (MB)
	376880  -  ResidentSetSize of job (KB)
...
006 (3447418.001.000) 01/30 23:36:26 Image size of job updated: 402688
	369  -  MemoryUsage of job (MB)
	376912  -  ResidentSetSize of job (KB)
...
006 (3447418.001.000) 01/30 23:41:26 Image size of job updated: 402688
	369  -  MemoryUsage of job (MB)
	376984  -  ResidentSetSize of job (KB)
...
006 (3447418.001.000) 01/30 23:56:27 Image size of job updated: 402688
	369  -  MemoryUsage of job (MB)
	377036  -  ResidentSetSize of job (KB)
...
006 (3447418.001.000) 01/31 00:11:29 Image size of job updated: 402688
	369  -  MemoryUsage of job (MB)
	377156  -  ResidentSetSize of job (KB)
...
006 (3447418.001.000) 01/31 00:21:30 Image size of job updated: 402688
	369  -  MemoryUsage of job (MB)
	377208  -  ResidentSetSize of job (KB)
...
006 (3447418.001.000) 01/31 00:26:31 Image size of job updated: 402688
	369  -  MemoryUsage of job (MB)
	377228  -  ResidentSetSize of job (KB)
...
006 (3447418.001.000) 01/31 00:31:31 Image size of job updated: 402688
	369  -  MemoryUsage of job (MB)
	377284  -  ResidentSetSize of job (KB)
...
006 (3447418.001.000) 01/31 00:36:32 Image size of job updated: 402688
	369  -  MemoryUsage of job (MB)
	377300  -  ResidentSetSize of job (KB)
...
006 (3447418.001.000) 01/31 00:46:33 Image size of job updated: 402688
	369  -  MemoryUsage of job (MB)
	377308  -  ResidentSetSize of job (KB)
...
006 (3447418.001.000) 01/31 00:51:34 Image size of job updated: 402688
	369  -  MemoryUsage of job (MB)
	377376  -  ResidentSetSize of job (KB)
...
006 (3447418.001.000) 01/31 00:56:35 Image size of job updated: 402688
	369  -  MemoryUsage of job (MB)
	377380  -  ResidentSetSize of job (KB)
...
006 (3447418.001.000) 01/31 01:01:35 Image size of job updated: 402688
	369  -  MemoryUsage of job (MB)
	377396  -  ResidentSetSize of job (KB)
...
006 (3447418.001.000) 01/31 01:06:36 Image size of job updated: 402688
	369  -  MemoryUsage of job (MB)
	377444  -  ResidentSetSize of job (KB)
...
006 (3447418.001.000) 01/31 01:11:37 Image size of job updated: 402688
	369  -  MemoryUsage of job (MB)
	377464  -  ResidentSetSize of job (KB)
...
006 (3447418.001.000) 01/31 01:16:37 Image size of job updated: 402688
	369  -  MemoryUsage of job (MB)
	377728  -  ResidentSetSize of job (KB)
...
006 (3447418.001.000) 01/31 01:21:37 Image size of job updated: 402688
	370  -  MemoryUsage of job (MB)
	377884  -  ResidentSetSize of job (KB)
...
006 (3447418.001.000) 01/31 01:31:38 Image size of job updated: 402688
	370  -  MemoryUsage of job (MB)
	377908  -  ResidentSetSize of job (KB)
...
006 (3447418.001.000) 01/31 02:31:45 Image size of job updated: 402688
	370  -  MemoryUsage of job (MB)
	377916  -  ResidentSetSize of job (KB)
...
006 (3447418.001.000) 01/31 02:36:45 Image size of job updated: 402688
	370  -  MemoryUsage of job (MB)
	377956  -  ResidentSetSize of job (KB)
...
006 (3447418.001.000) 01/31 02:51:47 Image size of job updated: 402688
	370  -  MemoryUsage of job (MB)
	378020  -  ResidentSetSize of job (KB)
...
006 (3447418.001.000) 01/31 03:06:49 Image size of job updated: 402688
	370  -  MemoryUsage of job (MB)
	378044  -  ResidentSetSize of job (KB)
...
006 (3447418.001.000) 01/31 03:16:50 Image size of job updated: 402688
	370  -  MemoryUsage of job (MB)
	378060  -  ResidentSetSize of job (KB)
...
006 (3447418.001.000) 01/31 03:31:52 Image size of job updated: 402688
	370  -  MemoryUsage of job (MB)
	378072  -  ResidentSetSize of job (KB)
...
006 (3447418.001.000) 01/31 03:36:53 Image size of job updated: 402688
	370  -  MemoryUsage of job (MB)
	378124  -  ResidentSetSize of job (KB)
...
006 (3447418.001.000) 01/31 03:46:54 Image size of job updated: 402688
	370  -  MemoryUsage of job (MB)
	378128  -  ResidentSetSize of job (KB)
...
006 (3447418.001.000) 01/31 03:51:55 Image size of job updated: 402688
	370  -  MemoryUsage of job (MB)
	378152  -  ResidentSetSize of job (KB)
...
006 (3447418.001.000) 01/31 03:56:55 Image size of job updated: 402688
	370  -  MemoryUsage of job (MB)
	378164  -  ResidentSetSize of job (KB)
...
006 (3447418.001.000) 01/31 04:01:55 Image size of job updated: 402688
	370  -  MemoryUsage of job (MB)
	378188  -  ResidentSetSize of job (KB)
...
006 (3447418.001.000) 01/31 04:06:56 Image size of job updated: 402688
	370  -  MemoryUsage of job (MB)
	378224  -  ResidentSetSize of job (KB)
...
006 (3447418.001.000) 01/31 04:11:56 Image size of job updated: 402688
	370  -  MemoryUsage of job (MB)
	378232  -  ResidentSetSize of job (KB)
...
006 (3447418.001.000) 01/31 04:16:56 Image size of job updated: 402688
	370  -  MemoryUsage of job (MB)
	378272  -  ResidentSetSize of job (KB)
...
006 (3447418.001.000) 01/31 04:21:58 Image size of job updated: 402688
	370  -  MemoryUsage of job (MB)
	378276  -  ResidentSetSize of job (KB)
...
006 (3447418.001.000) 01/31 04:31:58 Image size of job updated: 402688
	370  -  MemoryUsage of job (MB)
	378292  -  ResidentSetSize of job (KB)
...
006 (3447418.001.000) 01/31 04:36:59 Image size of job updated: 402688
	370  -  MemoryUsage of job (MB)
	378300  -  ResidentSetSize of job (KB)
...
006 (3447418.001.000) 01/31 04:47:00 Image size of job updated: 402688
	370  -  MemoryUsage of job (MB)
	378316  -  ResidentSetSize of job (KB)
...
006 (3447418.001.000) 01/31 04:52:01 Image size of job updated: 402688
	370  -  MemoryUsage of job (MB)
	378336  -  ResidentSetSize of job (KB)
...
006 (3447418.001.000) 01/31 04:57:02 Image size of job updated: 402688
	370  -  MemoryUsage of job (MB)
	378372  -  ResidentSetSize of job (KB)
...
006 (3447418.001.000) 01/31 05:07:02 Image size of job updated: 402688
	370  -  MemoryUsage of job (MB)
	378380  -  ResidentSetSize of job (KB)
...
006 (3447418.001.000) 01/31 05:17:03 Image size of job updated: 402688
	370  -  MemoryUsage of job (MB)
	378392  -  ResidentSetSize of job (KB)
...
006 (3447418.001.000) 01/31 05:22:03 Image size of job updated: 402688
	370  -  MemoryUsage of job (MB)
	378400  -  ResidentSetSize of job (KB)
...
006 (3447418.001.000) 01/31 05:32:05 Image size of job updated: 402688
	370  -  MemoryUsage of job (MB)
	378420  -  ResidentSetSize of job (KB)
...
006 (3447418.001.000) 01/31 05:42:05 Image size of job updated: 402688
	370  -  MemoryUsage of job (MB)
	378440  -  ResidentSetSize of job (KB)
...
006 (3447418.001.000) 01/31 05:47:06 Image size of job updated: 402688
	370  -  MemoryUsage of job (MB)
	378444  -  ResidentSetSize of job (KB)
...
006 (3447418.001.000) 01/31 06:12:08 Image size of job updated: 402688
	370  -  MemoryUsage of job (MB)
	378452  -  ResidentSetSize of job (KB)
...
006 (3447418.001.000) 01/31 06:17:08 Image size of job updated: 402688
	370  -  MemoryUsage of job (MB)
	378484  -  ResidentSetSize of job (KB)
...
006 (3447418.001.000) 01/31 06:37:10 Image size of job updated: 402688
	370  -  MemoryUsage of job (MB)
	378504  -  ResidentSetSize of job (KB)
...
006 (3447418.001.000) 01/31 06:42:11 Image size of job updated: 402688
	370  -  MemoryUsage of job (MB)
	378532  -  ResidentSetSize of job (KB)
...
006 (3447418.001.000) 01/31 06:47:11 Image size of job updated: 402688
	370  -  MemoryUsage of job (MB)
	378548  -  ResidentSetSize of job (KB)
...
006 (3447418.001.000) 01/31 06:57:13 Image size of job updated: 402688
	370  -  MemoryUsage of job (MB)
	378584  -  ResidentSetSize of job (KB)
...
006 (3447418.001.000) 01/31 07:07:13 Image size of job updated: 402688
	370  -  MemoryUsage of job (MB)
	378624  -  ResidentSetSize of job (KB)
...
006 (3447418.001.000) 01/31 07:17:15 Image size of job updated: 402688
	370  -  MemoryUsage of job (MB)
	378684  -  ResidentSetSize of job (KB)
...
006 (3447418.001.000) 01/31 07:22:15 Image size of job updated: 402688
	370  -  MemoryUsage of job (MB)
	378688  -  ResidentSetSize of job (KB)
...
006 (3447418.001.000) 01/31 07:27:16 Image size of job updated: 402688
	370  -  MemoryUsage of job (MB)
	378696  -  ResidentSetSize of job (KB)
...
006 (3447418.001.000) 01/31 07:32:17 Image size of job updated: 402688
	370  -  MemoryUsage of job (MB)
	378720  -  ResidentSetSize of job (KB)
...
006 (3447418.001.000) 01/31 07:37:17 Image size of job updated: 402688
	370  -  MemoryUsage of job (MB)
	378740  -  ResidentSetSize of job (KB)
...
006 (3447418.001.000) 01/31 07:42:17 Image size of job updated: 402688
	370  -  MemoryUsage of job (MB)
	378744  -  ResidentSetSize of job (KB)
...
006 (3447418.001.000) 01/31 07:47:18 Image size of job updated: 402688
	370  -  MemoryUsage of job (MB)
	378788  -  ResidentSetSize of job (KB)
...
006 (3447418.001.000) 01/31 08:02:20 Image size of job updated: 402688
	370  -  MemoryUsage of job (MB)
	378792  -  ResidentSetSize of job (KB)
...
006 (3447418.001.000) 01/31 08:07:21 Image size of job updated: 402688
	370  -  MemoryUsage of job (MB)
	378816  -  ResidentSetSize of job (KB)
...
006 (3447418.001.000) 01/31 08:12:21 Image size of job updated: 402688
	370  -  MemoryUsage of job (MB)
	378844  -  ResidentSetSize of job (KB)
...
006 (3447418.001.000) 01/31 08:22:22 Image size of job updated: 402688
	370  -  MemoryUsage of job (MB)
	378864  -  ResidentSetSize of job (KB)
...
006 (3447418.001.000) 01/31 08:27:22 Image size of job updated: 402688
	370  -  MemoryUsage of job (MB)
	378868  -  ResidentSetSize of job (KB)
...
006 (3447418.001.000) 01/31 08:37:23 Image size of job updated: 402688
	370  -  MemoryUsage of job (MB)
	378880  -  ResidentSetSize of job (KB)
...
006 (3447418.001.000) 01/31 08:47:24 Image size of job updated: 402688
	371  -  MemoryUsage of job (MB)
	378944  -  ResidentSetSize of job (KB)
...
006 (3447418.001.000) 01/31 08:52:25 Image size of job updated: 402688
	371  -  MemoryUsage of job (MB)
	378956  -  ResidentSetSize of job (KB)
...
006 (3447418.001.000) 01/31 08:57:26 Image size of job updated: 402688
	371  -  MemoryUsage of job (MB)
	379024  -  ResidentSetSize of job (KB)
...
006 (3447418.001.000) 01/31 09:27:28 Image size of job updated: 402688
	371  -  MemoryUsage of job (MB)
	379032  -  ResidentSetSize of job (KB)
...
006 (3447418.001.000) 01/31 09:32:30 Image size of job updated: 402688
	371  -  MemoryUsage of job (MB)
	379044  -  ResidentSetSize of job (KB)
...
006 (3447418.001.000) 01/31 09:42:30 Image size of job updated: 402688
	371  -  MemoryUsage of job (MB)
	379052  -  ResidentSetSize of job (KB)
...
006 (3447418.001.000) 01/31 09:52:32 Image size of job updated: 402688
	371  -  MemoryUsage of job (MB)
	379068  -  ResidentSetSize of job (KB)
...
006 (3447418.001.000) 01/31 10:02:32 Image size of job updated: 402688
	371  -  MemoryUsage of job (MB)
	379076  -  ResidentSetSize of job (KB)
...
006 (3447418.001.000) 01/31 10:07:33 Image size of job updated: 402688
	371  -  MemoryUsage of job (MB)
	379084  -  ResidentSetSize of job (KB)
...
006 (3447418.001.000) 01/31 10:12:34 Image size of job updated: 402688
	371  -  MemoryUsage of job (MB)
	379104  -  ResidentSetSize of job (KB)
...
006 (3447418.001.000) 01/31 10:22:34 Image size of job updated: 402688
	371  -  MemoryUsage of job (MB)
	379116  -  ResidentSetSize of job (KB)
...
006 (3447418.001.000) 01/31 10:27:35 Image size of job updated: 402688
	371  -  MemoryUsage of job (MB)
	379144  -  ResidentSetSize of job (KB)
...
006 (3447418.001.000) 01/31 10:42:36 Image size of job updated: 402688
	371  -  MemoryUsage of job (MB)
	379148  -  ResidentSetSize of job (KB)
...
006 (3447418.001.000) 01/31 10:47:37 Image size of job updated: 402688
	371  -  MemoryUsage of job (MB)
	379204  -  ResidentSetSize of job (KB)
...
006 (3447418.001.000) 01/31 10:52:37 Image size of job updated: 402688
	371  -  MemoryUsage of job (MB)
	379212  -  ResidentSetSize of job (KB)
...
006 (3447418.001.000) 01/31 10:57:37 Image size of job updated: 402688
	371  -  MemoryUsage of job (MB)
	379220  -  ResidentSetSize of job (KB)
...
006 (3447418.001.000) 01/31 11:07:39 Image size of job updated: 402688
	371  -  MemoryUsage of job (MB)
	379232  -  ResidentSetSize of job (KB)
...
006 (3447418.001.000) 01/31 11:17:40 Image size of job updated: 402688
	371  -  MemoryUsage of job (MB)
	379252  -  ResidentSetSize of job (KB)
...
006 (3447418.001.000) 01/31 11:37:42 Image size of job updated: 402688
	371  -  MemoryUsage of job (MB)
	379264  -  ResidentSetSize of job (KB)
...
006 (3447418.001.000) 01/31 11:42:43 Image size of job updated: 402688
	371  -  MemoryUsage of job (MB)
	379296  -  ResidentSetSize of job (KB)
...
006 (3447418.001.000) 01/31 11:47:43 Image size of job updated: 402688
	371  -  MemoryUsage of job (MB)
	379340  -  ResidentSetSize of job (KB)
...
006 (3447418.001.000) 01/31 12:02:45 Image size of job updated: 402688
	371  -  MemoryUsage of job (MB)
	379356  -  ResidentSetSize of job (KB)
...
006 (3447418.001.000) 01/31 12:17:46 Image size of job updated: 402688
	371  -  MemoryUsage of job (MB)
	379380  -  ResidentSetSize of job (KB)
...
006 (3447418.001.000) 01/31 12:22:46 Image size of job updated: 402688
	371  -  MemoryUsage of job (MB)
	379396  -  ResidentSetSize of job (KB)
...
006 (3447418.001.000) 01/31 12:37:48 Image size of job updated: 402688
	371  -  MemoryUsage of job (MB)
	379420  -  ResidentSetSize of job (KB)
...
006 (3447418.001.000) 01/31 12:47:49 Image size of job updated: 402688
	371  -  MemoryUsage of job (MB)
	379440  -  ResidentSetSize of job (KB)
...
006 (3447418.001.000) 01/31 12:52:49 Image size of job updated: 402688
	371  -  MemoryUsage of job (MB)
	379460  -  ResidentSetSize of job (KB)
...
006 (3447418.001.000) 01/31 12:57:49 Image size of job updated: 402688
	371  -  MemoryUsage of job (MB)
	379464  -  ResidentSetSize of job (KB)
...
006 (3447418.001.000) 01/31 13:02:50 Image size of job updated: 402688
	371  -  MemoryUsage of job (MB)
	379472  -  ResidentSetSize of job (KB)
...
006 (3447418.001.000) 01/31 13:12:50 Image size of job updated: 402688
	371  -  MemoryUsage of job (MB)
	379504  -  ResidentSetSize of job (KB)
...
006 (3447418.001.000) 01/31 13:17:51 Image size of job updated: 402688
	371  -  MemoryUsage of job (MB)
	379524  -  ResidentSetSize of job (KB)
...
006 (3447418.001.000) 01/31 13:27:52 Image size of job updated: 402688
	371  -  MemoryUsage of job (MB)
	379528  -  ResidentSetSize of job (KB)
...
006 (3447418.001.000) 01/31 13:32:53 Image size of job updated: 402688
	371  -  MemoryUsage of job (MB)
	379568  -  ResidentSetSize of job (KB)
...
006 (3447418.001.000) 01/31 13:37:54 Image size of job updated: 402688
	371  -  MemoryUsage of job (MB)
	379588  -  ResidentSetSize of job (KB)
...
006 (3447418.001.000) 01/31 13:42:54 Image size of job updated: 402688
	371  -  MemoryUsage of job (MB)
	379592  -  ResidentSetSize of job (KB)
...
006 (3447418.001.000) 01/31 13:47:55 Image size of job updated: 402688
	371  -  MemoryUsage of job (MB)
	379608  -  ResidentSetSize of job (KB)
...
006 (3447418.001.000) 01/31 13:52:56 Image size of job updated: 402688
	371  -  MemoryUsage of job (MB)
	379612  -  ResidentSetSize of job (KB)
...
006 (3447418.001.000) 01/31 13:57:56 Image size of job updated: 402688
	371  -  MemoryUsage of job (MB)
	379652  -  ResidentSetSize of job (KB)
...
006 (3447418.001.000) 01/31 14:12:58 Image size of job updated: 402688
	371  -  MemoryUsage of job (MB)
	379660  -  ResidentSetSize of job (KB)
...
006 (3447418.001.000) 01/31 14:17:58 Image size of job updated: 402688
	371  -  MemoryUsage of job (MB)
	379692  -  ResidentSetSize of job (KB)
...
006 (3447418.001.000) 01/31 14:28:00 Image size of job updated: 402688
	371  -  MemoryUsage of job (MB)
	379700  -  ResidentSetSize of job (KB)
...
006 (3447418.001.000) 01/31 14:33:00 Image size of job updated: 402688
	371  -  MemoryUsage of job (MB)
	379712  -  ResidentSetSize of job (KB)
...
006 (3447418.001.000) 01/31 14:38:01 Image size of job updated: 402688
	371  -  MemoryUsage of job (MB)
	379728  -  ResidentSetSize of job (KB)
...
006 (3447418.001.000) 01/31 14:48:02 Image size of job updated: 402688
	371  -  MemoryUsage of job (MB)
	379736  -  ResidentSetSize of job (KB)
...
006 (3447418.001.000) 01/31 14:53:03 Image size of job updated: 402688
	371  -  MemoryUsage of job (MB)
	379748  -  ResidentSetSize of job (KB)
...
006 (3447418.001.000) 01/31 14:58:04 Image size of job updated: 402688
	371  -  MemoryUsage of job (MB)
	379768  -  ResidentSetSize of job (KB)
...
006 (3447418.001.000) 01/31 15:03:04 Image size of job updated: 402688
	371  -  MemoryUsage of job (MB)
	379796  -  ResidentSetSize of job (KB)
...
006 (3447418.001.000) 01/31 15:13:05 Image size of job updated: 402688
	371  -  MemoryUsage of job (MB)
	379808  -  ResidentSetSize of job (KB)
...
006 (3447418.001.000) 01/31 15:23:05 Image size of job updated: 402688
	371  -  MemoryUsage of job (MB)
	379844  -  ResidentSetSize of job (KB)
...
006 (3447418.001.000) 01/31 15:33:06 Image size of job updated: 402688
	371  -  MemoryUsage of job (MB)
	379856  -  ResidentSetSize of job (KB)
...
006 (3447418.001.000) 01/31 15:38:06 Image size of job updated: 402688
	371  -  MemoryUsage of job (MB)
	379864  -  ResidentSetSize of job (KB)
...
006 (3447418.001.000) 01/31 15:43:07 Image size of job updated: 402688
	371  -  MemoryUsage of job (MB)
	379884  -  ResidentSetSize of job (KB)
...
006 (3447418.001.000) 01/31 15:53:07 Image size of job updated: 402688
	372  -  MemoryUsage of job (MB)
	379912  -  ResidentSetSize of job (KB)
...
006 (3447418.001.000) 01/31 15:58:08 Image size of job updated: 402688
	372  -  MemoryUsage of job (MB)
	379948  -  ResidentSetSize of job (KB)
...
006 (3447418.001.000) 01/31 16:03:09 Image size of job updated: 402688
	372  -  MemoryUsage of job (MB)
	379952  -  ResidentSetSize of job (KB)
...
006 (3447418.001.000) 01/31 16:08:09 Image size of job updated: 402688
	372  -  MemoryUsage of job (MB)
	379956  -  ResidentSetSize of job (KB)
...
006 (3447418.001.000) 01/31 16:13:10 Image size of job updated: 402688
	372  -  MemoryUsage of job (MB)
	379968  -  ResidentSetSize of job (KB)
...
006 (3447418.001.000) 01/31 16:18:11 Image size of job updated: 402688
	372  -  MemoryUsage of job (MB)
	379976  -  ResidentSetSize of job (KB)
...
006 (3447418.001.000) 01/31 16:23:11 Image size of job updated: 402688
	372  -  MemoryUsage of job (MB)
	379980  -  ResidentSetSize of job (KB)
...
006 (3447418.001.000) 01/31 16:28:12 Image size of job updated: 402688
	372  -  MemoryUsage of job (MB)
	380016  -  ResidentSetSize of job (KB)
...
006 (3447418.001.000) 01/31 16:33:13 Image size of job updated: 402688
	372  -  MemoryUsage of job (MB)
	380036  -  ResidentSetSize of job (KB)
...
006 (3447418.001.000) 01/31 16:38:13 Image size of job updated: 402688
	372  -  MemoryUsage of job (MB)
	380056  -  ResidentSetSize of job (KB)
...
006 (3447418.001.000) 01/31 16:48:15 Image size of job updated: 402688
	372  -  MemoryUsage of job (MB)
	380060  -  ResidentSetSize of job (KB)
...
006 (3447418.001.000) 01/31 16:53:15 Image size of job updated: 402688
	372  -  MemoryUsage of job (MB)
	380072  -  ResidentSetSize of job (KB)
...
006 (3447418.001.000) 01/31 16:58:17 Image size of job updated: 402688
	372  -  MemoryUsage of job (MB)
	380084  -  ResidentSetSize of job (KB)
...
006 (3447418.001.000) 01/31 17:03:17 Image size of job updated: 402688
	372  -  MemoryUsage of job (MB)
	380100  -  ResidentSetSize of job (KB)
...
006 (3447418.001.000) 01/31 17:08:17 Image size of job updated: 402688
	372  -  MemoryUsage of job (MB)
	380108  -  ResidentSetSize of job (KB)
...
006 (3447418.001.000) 01/31 17:14:25 Image size of job updated: 402688
	372  -  MemoryUsage of job (MB)
	380116  -  ResidentSetSize of job (KB)
...
006 (3447418.001.000) 01/31 17:18:18 Image size of job updated: 402688
	372  -  MemoryUsage of job (MB)
	380156  -  ResidentSetSize of job (KB)
...
006 (3447418.001.000) 01/31 17:23:18 Image size of job updated: 402688
	372  -  MemoryUsage of job (MB)
	380168  -  ResidentSetSize of job (KB)
...
040 (3447418.001.000) 02/01 07:54:20 Started transferring input files
	Transferring to host: <128.142.240.168:9618?addrs=128.142.240.168-9618+[2001-1458-301-9--100-32]-9618&noUDP&sock=5037_c5a6_78922>
...
040 (3447418.001.000) 02/01 07:54:20 Finished transferring input files
...
001 (3447418.001.000) 02/01 07:54:21 Job executing on host: <128.142.240.168:9618?addrs=128.142.240.168-9618+[2001-1458-301-9--100-32]-9618&noUDP&sock=3296_5c3e_3>
...
040 (3447418.001.000) 02/01 07:55:04 Started transferring output files
...
040 (3447418.001.000) 02/01 07:55:04 Finished transferring output files
...
005 (3447418.001.000) 02/01 07:55:04 Job terminated.
	(1) Normal termination (return value 0)
		Usr 0 00:00:07, Sys 0 00:00:04  -  Run Remote Usage
		Usr 0 00:00:00, Sys 0 00:00:00  -  Run Local Usage
		Usr 0 00:00:07, Sys 0 00:00:04  -  Total Remote Usage
		Usr 0 00:00:00, Sys 0 00:00:00  -  Total Local Usage
	9715  -  Run Bytes Sent By Job
	493  -  Run Bytes Received By Job
	9715  -  Total Bytes Sent By Job
	986  -  Total Bytes Received By Job
	Partitionable Resources :    Usage  Request Allocated 
	   Cpus                 :                 1           
	   Disk (KB)            :       24       35   2974134 
	   Memory (MB)          :      391     2000      2000 
...
