000 (3447418.006.000) 01/30 01:28:19 Job submitted from host: <188.185.71.142:9618?addrs=188.185.71.142-9618+[2001-1458-d00-7--100-388]-9618&alias=bigbird09.cern.ch&noUDP&sock=schedd_2208_1533_7>
...
040 (3447418.006.000) 01/30 04:39:17 Started transferring input files
	Transferring to host: <188.184.190.100:9618?addrs=188.184.190.100-9618+[2001-1458-301-4b--100-57]-9618&noUDP&sock=924_ca9f_200624>
...
040 (3447418.006.000) 01/30 04:39:17 Finished transferring input files
...
001 (3447418.006.000) 01/30 04:39:18 Job executing on host: <188.184.190.100:9618?addrs=188.184.190.100-9618+[2001-1458-301-4b--100-57]-9618&noUDP&sock=5596_f811_3>
...
006 (3447418.006.000) 01/30 04:39:27 Image size of job updated: 4260
	4  -  MemoryUsage of job (MB)
	4036  -  ResidentSetSize of job (KB)
...
006 (3447418.006.000) 01/30 04:44:28 Image size of job updated: 405168
	358  -  MemoryUsage of job (MB)
	366556  -  ResidentSetSize of job (KB)
...
006 (3447418.006.000) 01/30 04:59:30 Image size of job updated: 405168
	358  -  MemoryUsage of job (MB)
	366560  -  ResidentSetSize of job (KB)
...
006 (3447418.006.000) 01/30 05:44:35 Image size of job updated: 405168
	358  -  MemoryUsage of job (MB)
	366576  -  ResidentSetSize of job (KB)
...
006 (3447418.006.000) 01/30 05:49:36 Image size of job updated: 405168
	358  -  MemoryUsage of job (MB)
	366580  -  ResidentSetSize of job (KB)
...
006 (3447418.006.000) 01/30 08:34:50 Image size of job updated: 405168
	359  -  MemoryUsage of job (MB)
	366636  -  ResidentSetSize of job (KB)
...
006 (3447418.006.000) 01/30 08:39:51 Image size of job updated: 405180
	359  -  MemoryUsage of job (MB)
	366784  -  ResidentSetSize of job (KB)
...
006 (3447418.006.000) 01/30 08:44:52 Image size of job updated: 405500
	359  -  MemoryUsage of job (MB)
	367104  -  ResidentSetSize of job (KB)
...
006 (3447418.006.000) 01/30 09:49:58 Image size of job updated: 405516
	359  -  MemoryUsage of job (MB)
	367120  -  ResidentSetSize of job (KB)
...
006 (3447418.006.000) 01/30 09:54:58 Image size of job updated: 405576
	359  -  MemoryUsage of job (MB)
	367180  -  ResidentSetSize of job (KB)
...
006 (3447418.006.000) 01/30 09:59:58 Image size of job updated: 405668
	359  -  MemoryUsage of job (MB)
	367272  -  ResidentSetSize of job (KB)
...
006 (3447418.006.000) 01/30 10:04:59 Image size of job updated: 405748
	359  -  MemoryUsage of job (MB)
	367352  -  ResidentSetSize of job (KB)
...
006 (3447418.006.000) 01/30 10:09:59 Image size of job updated: 405784
	359  -  MemoryUsage of job (MB)
	367388  -  ResidentSetSize of job (KB)
...
006 (3447418.006.000) 01/30 10:14:59 Image size of job updated: 405884
	359  -  MemoryUsage of job (MB)
	367488  -  ResidentSetSize of job (KB)
...
006 (3447418.006.000) 01/30 10:20:00 Image size of job updated: 405996
	359  -  MemoryUsage of job (MB)
	367600  -  ResidentSetSize of job (KB)
...
006 (3447418.006.000) 01/30 10:25:01 Image size of job updated: 406052
	360  -  MemoryUsage of job (MB)
	367656  -  ResidentSetSize of job (KB)
...
006 (3447418.006.000) 01/30 10:30:01 Image size of job updated: 406152
	360  -  MemoryUsage of job (MB)
	367756  -  ResidentSetSize of job (KB)
...
006 (3447418.006.000) 01/30 10:35:02 Image size of job updated: 406192
	360  -  MemoryUsage of job (MB)
	367796  -  ResidentSetSize of job (KB)
...
006 (3447418.006.000) 01/30 10:40:03 Image size of job updated: 406228
	360  -  MemoryUsage of job (MB)
	367832  -  ResidentSetSize of job (KB)
...
006 (3447418.006.000) 01/30 10:45:03 Image size of job updated: 406384
	360  -  MemoryUsage of job (MB)
	367988  -  ResidentSetSize of job (KB)
...
006 (3447418.006.000) 01/30 10:50:03 Image size of job updated: 406444
	360  -  MemoryUsage of job (MB)
	368048  -  ResidentSetSize of job (KB)
...
006 (3447418.006.000) 01/30 10:55:05 Image size of job updated: 406624
	360  -  MemoryUsage of job (MB)
	368228  -  ResidentSetSize of job (KB)
...
006 (3447418.006.000) 01/30 11:00:05 Image size of job updated: 406656
	360  -  MemoryUsage of job (MB)
	368260  -  ResidentSetSize of job (KB)
...
006 (3447418.006.000) 01/30 11:05:05 Image size of job updated: 406764
	360  -  MemoryUsage of job (MB)
	368368  -  ResidentSetSize of job (KB)
...
006 (3447418.006.000) 01/30 11:10:06 Image size of job updated: 406888
	360  -  MemoryUsage of job (MB)
	368492  -  ResidentSetSize of job (KB)
...
006 (3447418.006.000) 01/30 11:15:07 Image size of job updated: 406996
	360  -  MemoryUsage of job (MB)
	368600  -  ResidentSetSize of job (KB)
...
006 (3447418.006.000) 01/30 11:20:07 Image size of job updated: 407180
	361  -  MemoryUsage of job (MB)
	368784  -  ResidentSetSize of job (KB)
...
006 (3447418.006.000) 01/30 11:25:08 Image size of job updated: 407220
	361  -  MemoryUsage of job (MB)
	368824  -  ResidentSetSize of job (KB)
...
006 (3447418.006.000) 01/30 11:30:09 Image size of job updated: 407384
	361  -  MemoryUsage of job (MB)
	368988  -  ResidentSetSize of job (KB)
...
006 (3447418.006.000) 01/30 11:35:09 Image size of job updated: 407388
	361  -  MemoryUsage of job (MB)
	368992  -  ResidentSetSize of job (KB)
...
006 (3447418.006.000) 01/30 11:40:09 Image size of job updated: 407484
	361  -  MemoryUsage of job (MB)
	369088  -  ResidentSetSize of job (KB)
...
006 (3447418.006.000) 01/30 11:45:10 Image size of job updated: 407664
	361  -  MemoryUsage of job (MB)
	369268  -  ResidentSetSize of job (KB)
...
006 (3447418.006.000) 01/30 11:50:11 Image size of job updated: 407800
	361  -  MemoryUsage of job (MB)
	369404  -  ResidentSetSize of job (KB)
...
006 (3447418.006.000) 01/30 11:55:11 Image size of job updated: 407900
	361  -  MemoryUsage of job (MB)
	369504  -  ResidentSetSize of job (KB)
...
006 (3447418.006.000) 01/30 12:00:11 Image size of job updated: 407964
	361  -  MemoryUsage of job (MB)
	369568  -  ResidentSetSize of job (KB)
...
006 (3447418.006.000) 01/30 12:05:12 Image size of job updated: 408084
	362  -  MemoryUsage of job (MB)
	369688  -  ResidentSetSize of job (KB)
...
006 (3447418.006.000) 01/30 12:10:13 Image size of job updated: 408132
	362  -  MemoryUsage of job (MB)
	369736  -  ResidentSetSize of job (KB)
...
006 (3447418.006.000) 01/30 12:15:13 Image size of job updated: 408228
	362  -  MemoryUsage of job (MB)
	369832  -  ResidentSetSize of job (KB)
...
006 (3447418.006.000) 01/30 12:20:14 Image size of job updated: 408372
	362  -  MemoryUsage of job (MB)
	369976  -  ResidentSetSize of job (KB)
...
006 (3447418.006.000) 01/30 12:25:16 Image size of job updated: 408572
	362  -  MemoryUsage of job (MB)
	370176  -  ResidentSetSize of job (KB)
...
006 (3447418.006.000) 01/30 12:30:16 Image size of job updated: 408600
	362  -  MemoryUsage of job (MB)
	370204  -  ResidentSetSize of job (KB)
...
006 (3447418.006.000) 01/30 12:35:16 Image size of job updated: 408620
	362  -  MemoryUsage of job (MB)
	370224  -  ResidentSetSize of job (KB)
...
006 (3447418.006.000) 01/30 12:40:17 Image size of job updated: 408756
	362  -  MemoryUsage of job (MB)
	370360  -  ResidentSetSize of job (KB)
...
006 (3447418.006.000) 01/30 12:45:18 Image size of job updated: 408824
	362  -  MemoryUsage of job (MB)
	370428  -  ResidentSetSize of job (KB)
...
006 (3447418.006.000) 01/30 12:50:18 Image size of job updated: 408964
	362  -  MemoryUsage of job (MB)
	370568  -  ResidentSetSize of job (KB)
...
006 (3447418.006.000) 01/30 12:55:18 Image size of job updated: 409220
	363  -  MemoryUsage of job (MB)
	370824  -  ResidentSetSize of job (KB)
...
006 (3447418.006.000) 01/30 13:00:19 Image size of job updated: 411276
	365  -  MemoryUsage of job (MB)
	372880  -  ResidentSetSize of job (KB)
...
006 (3447418.006.000) 01/30 13:05:20 Image size of job updated: 411388
	365  -  MemoryUsage of job (MB)
	372992  -  ResidentSetSize of job (KB)
...
006 (3447418.006.000) 01/30 13:10:20 Image size of job updated: 411420
	365  -  MemoryUsage of job (MB)
	373024  -  ResidentSetSize of job (KB)
...
006 (3447418.006.000) 01/30 13:15:21 Image size of job updated: 411464
	365  -  MemoryUsage of job (MB)
	373068  -  ResidentSetSize of job (KB)
...
006 (3447418.006.000) 01/30 13:20:22 Image size of job updated: 411544
	365  -  MemoryUsage of job (MB)
	373148  -  ResidentSetSize of job (KB)
...
006 (3447418.006.000) 01/30 13:25:22 Image size of job updated: 411544
	365  -  MemoryUsage of job (MB)
	373164  -  ResidentSetSize of job (KB)
...
006 (3447418.006.000) 01/30 13:30:22 Image size of job updated: 411544
	365  -  MemoryUsage of job (MB)
	373180  -  ResidentSetSize of job (KB)
...
006 (3447418.006.000) 01/30 13:35:23 Image size of job updated: 411544
	365  -  MemoryUsage of job (MB)
	373232  -  ResidentSetSize of job (KB)
...
006 (3447418.006.000) 01/30 13:40:23 Image size of job updated: 411544
	365  -  MemoryUsage of job (MB)
	373280  -  ResidentSetSize of job (KB)
...
006 (3447418.006.000) 01/30 13:45:23 Image size of job updated: 411544
	365  -  MemoryUsage of job (MB)
	373332  -  ResidentSetSize of job (KB)
...
006 (3447418.006.000) 01/30 13:50:25 Image size of job updated: 411544
	365  -  MemoryUsage of job (MB)
	373364  -  ResidentSetSize of job (KB)
...
006 (3447418.006.000) 01/30 13:55:25 Image size of job updated: 411544
	365  -  MemoryUsage of job (MB)
	373396  -  ResidentSetSize of job (KB)
...
006 (3447418.006.000) 01/30 14:00:25 Image size of job updated: 411544
	365  -  MemoryUsage of job (MB)
	373420  -  ResidentSetSize of job (KB)
...
006 (3447418.006.000) 01/30 14:05:26 Image size of job updated: 411544
	365  -  MemoryUsage of job (MB)
	373492  -  ResidentSetSize of job (KB)
...
006 (3447418.006.000) 01/30 14:10:27 Image size of job updated: 411544
	365  -  MemoryUsage of job (MB)
	373508  -  ResidentSetSize of job (KB)
...
006 (3447418.006.000) 01/30 14:15:27 Image size of job updated: 411544
	365  -  MemoryUsage of job (MB)
	373516  -  ResidentSetSize of job (KB)
...
006 (3447418.006.000) 01/30 14:20:28 Image size of job updated: 411544
	365  -  MemoryUsage of job (MB)
	373544  -  ResidentSetSize of job (KB)
...
006 (3447418.006.000) 01/30 14:25:29 Image size of job updated: 411544
	365  -  MemoryUsage of job (MB)
	373620  -  ResidentSetSize of job (KB)
...
006 (3447418.006.000) 01/30 14:30:29 Image size of job updated: 411544
	365  -  MemoryUsage of job (MB)
	373636  -  ResidentSetSize of job (KB)
...
006 (3447418.006.000) 01/30 14:35:29 Image size of job updated: 411544
	365  -  MemoryUsage of job (MB)
	373712  -  ResidentSetSize of job (KB)
...
006 (3447418.006.000) 01/30 14:40:30 Image size of job updated: 411544
	365  -  MemoryUsage of job (MB)
	373720  -  ResidentSetSize of job (KB)
...
006 (3447418.006.000) 01/30 14:45:30 Image size of job updated: 411544
	365  -  MemoryUsage of job (MB)
	373760  -  ResidentSetSize of job (KB)
...
006 (3447418.006.000) 01/30 14:50:30 Image size of job updated: 411544
	366  -  MemoryUsage of job (MB)
	373772  -  ResidentSetSize of job (KB)
...
006 (3447418.006.000) 01/30 14:55:32 Image size of job updated: 411544
	366  -  MemoryUsage of job (MB)
	373796  -  ResidentSetSize of job (KB)
...
006 (3447418.006.000) 01/30 15:00:32 Image size of job updated: 411544
	366  -  MemoryUsage of job (MB)
	373824  -  ResidentSetSize of job (KB)
...
006 (3447418.006.000) 01/30 15:05:32 Image size of job updated: 411544
	366  -  MemoryUsage of job (MB)
	373852  -  ResidentSetSize of job (KB)
...
006 (3447418.006.000) 01/30 15:10:33 Image size of job updated: 411544
	366  -  MemoryUsage of job (MB)
	373880  -  ResidentSetSize of job (KB)
...
006 (3447418.006.000) 01/30 15:15:34 Image size of job updated: 411544
	366  -  MemoryUsage of job (MB)
	373900  -  ResidentSetSize of job (KB)
...
006 (3447418.006.000) 01/30 15:20:34 Image size of job updated: 411544
	366  -  MemoryUsage of job (MB)
	373984  -  ResidentSetSize of job (KB)
...
006 (3447418.006.000) 01/30 15:25:34 Image size of job updated: 411544
	366  -  MemoryUsage of job (MB)
	374012  -  ResidentSetSize of job (KB)
...
006 (3447418.006.000) 01/30 15:30:35 Image size of job updated: 411544
	366  -  MemoryUsage of job (MB)
	374056  -  ResidentSetSize of job (KB)
...
006 (3447418.006.000) 01/30 15:35:35 Image size of job updated: 411544
	366  -  MemoryUsage of job (MB)
	374060  -  ResidentSetSize of job (KB)
...
006 (3447418.006.000) 01/30 15:40:35 Image size of job updated: 411544
	366  -  MemoryUsage of job (MB)
	374072  -  ResidentSetSize of job (KB)
...
006 (3447418.006.000) 01/30 15:45:36 Image size of job updated: 411544
	366  -  MemoryUsage of job (MB)
	374092  -  ResidentSetSize of job (KB)
...
006 (3447418.006.000) 01/30 15:50:37 Image size of job updated: 411544
	366  -  MemoryUsage of job (MB)
	374156  -  ResidentSetSize of job (KB)
...
006 (3447418.006.000) 01/30 15:55:37 Image size of job updated: 411544
	366  -  MemoryUsage of job (MB)
	374192  -  ResidentSetSize of job (KB)
...
006 (3447418.006.000) 01/30 16:00:38 Image size of job updated: 411544
	366  -  MemoryUsage of job (MB)
	374224  -  ResidentSetSize of job (KB)
...
006 (3447418.006.000) 01/30 16:05:39 Image size of job updated: 411544
	366  -  MemoryUsage of job (MB)
	374256  -  ResidentSetSize of job (KB)
...
006 (3447418.006.000) 01/30 16:10:39 Image size of job updated: 411544
	366  -  MemoryUsage of job (MB)
	374280  -  ResidentSetSize of job (KB)
...
006 (3447418.006.000) 01/30 16:15:39 Image size of job updated: 411544
	366  -  MemoryUsage of job (MB)
	374296  -  ResidentSetSize of job (KB)
...
006 (3447418.006.000) 01/30 16:20:40 Image size of job updated: 411544
	366  -  MemoryUsage of job (MB)
	374396  -  ResidentSetSize of job (KB)
...
006 (3447418.006.000) 01/30 16:25:40 Image size of job updated: 411544
	366  -  MemoryUsage of job (MB)
	374400  -  ResidentSetSize of job (KB)
...
006 (3447418.006.000) 01/30 16:30:40 Image size of job updated: 411544
	366  -  MemoryUsage of job (MB)
	374508  -  ResidentSetSize of job (KB)
...
006 (3447418.006.000) 01/30 16:35:41 Image size of job updated: 411544
	366  -  MemoryUsage of job (MB)
	374536  -  ResidentSetSize of job (KB)
...
006 (3447418.006.000) 01/30 16:45:42 Image size of job updated: 411544
	366  -  MemoryUsage of job (MB)
	374604  -  ResidentSetSize of job (KB)
...
006 (3447418.006.000) 01/30 16:50:42 Image size of job updated: 411544
	366  -  MemoryUsage of job (MB)
	374644  -  ResidentSetSize of job (KB)
...
006 (3447418.006.000) 01/30 16:55:43 Image size of job updated: 411544
	366  -  MemoryUsage of job (MB)
	374656  -  ResidentSetSize of job (KB)
...
006 (3447418.006.000) 01/30 17:00:44 Image size of job updated: 411544
	366  -  MemoryUsage of job (MB)
	374676  -  ResidentSetSize of job (KB)
...
006 (3447418.006.000) 01/30 17:05:44 Image size of job updated: 411544
	366  -  MemoryUsage of job (MB)
	374720  -  ResidentSetSize of job (KB)
...
006 (3447418.006.000) 01/30 17:10:45 Image size of job updated: 411544
	366  -  MemoryUsage of job (MB)
	374732  -  ResidentSetSize of job (KB)
...
006 (3447418.006.000) 01/30 17:15:46 Image size of job updated: 411544
	366  -  MemoryUsage of job (MB)
	374768  -  ResidentSetSize of job (KB)
...
006 (3447418.006.000) 01/30 17:25:46 Image size of job updated: 411544
	367  -  MemoryUsage of job (MB)
	374820  -  ResidentSetSize of job (KB)
...
006 (3447418.006.000) 01/30 17:30:47 Image size of job updated: 411544
	367  -  MemoryUsage of job (MB)
	374864  -  ResidentSetSize of job (KB)
...
006 (3447418.006.000) 01/30 17:35:48 Image size of job updated: 411544
	367  -  MemoryUsage of job (MB)
	374868  -  ResidentSetSize of job (KB)
...
006 (3447418.006.000) 01/30 17:40:48 Image size of job updated: 411544
	367  -  MemoryUsage of job (MB)
	374924  -  ResidentSetSize of job (KB)
...
006 (3447418.006.000) 01/30 17:50:49 Image size of job updated: 411544
	367  -  MemoryUsage of job (MB)
	374980  -  ResidentSetSize of job (KB)
...
006 (3447418.006.000) 01/30 18:00:50 Image size of job updated: 411544
	367  -  MemoryUsage of job (MB)
	375028  -  ResidentSetSize of job (KB)
...
006 (3447418.006.000) 01/30 18:05:50 Image size of job updated: 411544
	367  -  MemoryUsage of job (MB)
	375040  -  ResidentSetSize of job (KB)
...
006 (3447418.006.000) 01/30 18:10:51 Image size of job updated: 411544
	367  -  MemoryUsage of job (MB)
	375108  -  ResidentSetSize of job (KB)
...
006 (3447418.006.000) 01/30 18:15:52 Image size of job updated: 411544
	367  -  MemoryUsage of job (MB)
	375140  -  ResidentSetSize of job (KB)
...
006 (3447418.006.000) 01/30 18:25:53 Image size of job updated: 411544
	367  -  MemoryUsage of job (MB)
	375200  -  ResidentSetSize of job (KB)
...
006 (3447418.006.000) 01/30 18:30:54 Image size of job updated: 411544
	367  -  MemoryUsage of job (MB)
	375244  -  ResidentSetSize of job (KB)
...
006 (3447418.006.000) 01/30 18:35:54 Image size of job updated: 411544
	367  -  MemoryUsage of job (MB)
	375260  -  ResidentSetSize of job (KB)
...
006 (3447418.006.000) 01/30 18:40:54 Image size of job updated: 411544
	367  -  MemoryUsage of job (MB)
	375288  -  ResidentSetSize of job (KB)
...
006 (3447418.006.000) 01/30 18:45:55 Image size of job updated: 411544
	367  -  MemoryUsage of job (MB)
	375344  -  ResidentSetSize of job (KB)
...
006 (3447418.006.000) 01/30 18:50:56 Image size of job updated: 411544
	367  -  MemoryUsage of job (MB)
	375376  -  ResidentSetSize of job (KB)
...
006 (3447418.006.000) 01/30 18:55:56 Image size of job updated: 411544
	367  -  MemoryUsage of job (MB)
	375412  -  ResidentSetSize of job (KB)
...
006 (3447418.006.000) 01/30 19:00:56 Image size of job updated: 411544
	367  -  MemoryUsage of job (MB)
	375480  -  ResidentSetSize of job (KB)
...
006 (3447418.006.000) 01/30 19:05:57 Image size of job updated: 411544
	367  -  MemoryUsage of job (MB)
	375492  -  ResidentSetSize of job (KB)
...
006 (3447418.006.000) 01/30 19:10:57 Image size of job updated: 411544
	367  -  MemoryUsage of job (MB)
	375532  -  ResidentSetSize of job (KB)
...
006 (3447418.006.000) 01/30 19:15:58 Image size of job updated: 411544
	367  -  MemoryUsage of job (MB)
	375540  -  ResidentSetSize of job (KB)
...
006 (3447418.006.000) 01/30 19:20:59 Image size of job updated: 411544
	367  -  MemoryUsage of job (MB)
	375572  -  ResidentSetSize of job (KB)
...
006 (3447418.006.000) 01/30 19:25:59 Image size of job updated: 411544
	367  -  MemoryUsage of job (MB)
	375616  -  ResidentSetSize of job (KB)
...
006 (3447418.006.000) 01/30 19:36:01 Image size of job updated: 411544
	367  -  MemoryUsage of job (MB)
	375684  -  ResidentSetSize of job (KB)
...
006 (3447418.006.000) 01/30 19:41:01 Image size of job updated: 411544
	367  -  MemoryUsage of job (MB)
	375736  -  ResidentSetSize of job (KB)
...
006 (3447418.006.000) 01/30 19:51:02 Image size of job updated: 411544
	367  -  MemoryUsage of job (MB)
	375772  -  ResidentSetSize of job (KB)
...
006 (3447418.006.000) 01/30 19:56:03 Image size of job updated: 411544
	368  -  MemoryUsage of job (MB)
	375816  -  ResidentSetSize of job (KB)
...
006 (3447418.006.000) 01/30 20:01:03 Image size of job updated: 411544
	368  -  MemoryUsage of job (MB)
	375844  -  ResidentSetSize of job (KB)
...
006 (3447418.006.000) 01/30 20:06:03 Image size of job updated: 411544
	368  -  MemoryUsage of job (MB)
	375884  -  ResidentSetSize of job (KB)
...
006 (3447418.006.000) 01/30 20:11:04 Image size of job updated: 411544
	368  -  MemoryUsage of job (MB)
	375896  -  ResidentSetSize of job (KB)
...
006 (3447418.006.000) 01/30 20:16:04 Image size of job updated: 411544
	368  -  MemoryUsage of job (MB)
	375964  -  ResidentSetSize of job (KB)
...
006 (3447418.006.000) 01/30 20:26:05 Image size of job updated: 411544
	368  -  MemoryUsage of job (MB)
	376008  -  ResidentSetSize of job (KB)
...
006 (3447418.006.000) 01/30 20:31:06 Image size of job updated: 411544
	368  -  MemoryUsage of job (MB)
	376060  -  ResidentSetSize of job (KB)
...
006 (3447418.006.000) 01/30 20:36:06 Image size of job updated: 411544
	368  -  MemoryUsage of job (MB)
	376104  -  ResidentSetSize of job (KB)
...
006 (3447418.006.000) 01/30 20:41:06 Image size of job updated: 411544
	368  -  MemoryUsage of job (MB)
	376152  -  ResidentSetSize of job (KB)
...
006 (3447418.006.000) 01/30 20:46:07 Image size of job updated: 411544
	368  -  MemoryUsage of job (MB)
	376180  -  ResidentSetSize of job (KB)
...
006 (3447418.006.000) 01/30 20:51:08 Image size of job updated: 411544
	368  -  MemoryUsage of job (MB)
	376184  -  ResidentSetSize of job (KB)
...
006 (3447418.006.000) 01/30 20:56:09 Image size of job updated: 411544
	368  -  MemoryUsage of job (MB)
	376272  -  ResidentSetSize of job (KB)
...
006 (3447418.006.000) 01/30 21:01:10 Image size of job updated: 411544
	368  -  MemoryUsage of job (MB)
	376308  -  ResidentSetSize of job (KB)
...
006 (3447418.006.000) 01/30 21:06:10 Image size of job updated: 411544
	368  -  MemoryUsage of job (MB)
	376324  -  ResidentSetSize of job (KB)
...
006 (3447418.006.000) 01/30 21:11:10 Image size of job updated: 411544
	368  -  MemoryUsage of job (MB)
	376364  -  ResidentSetSize of job (KB)
...
006 (3447418.006.000) 01/30 21:16:11 Image size of job updated: 411544
	368  -  MemoryUsage of job (MB)
	376408  -  ResidentSetSize of job (KB)
...
006 (3447418.006.000) 01/30 21:21:11 Image size of job updated: 411544
	368  -  MemoryUsage of job (MB)
	376440  -  ResidentSetSize of job (KB)
...
006 (3447418.006.000) 01/30 21:26:11 Image size of job updated: 411544
	368  -  MemoryUsage of job (MB)
	376464  -  ResidentSetSize of job (KB)
...
006 (3447418.006.000) 01/30 21:31:11 Image size of job updated: 411544
	368  -  MemoryUsage of job (MB)
	376496  -  ResidentSetSize of job (KB)
...
006 (3447418.006.000) 01/30 21:36:12 Image size of job updated: 411544
	368  -  MemoryUsage of job (MB)
	376592  -  ResidentSetSize of job (KB)
...
006 (3447418.006.000) 01/30 21:41:13 Image size of job updated: 411544
	368  -  MemoryUsage of job (MB)
	376636  -  ResidentSetSize of job (KB)
...
006 (3447418.006.000) 01/30 21:46:13 Image size of job updated: 411544
	368  -  MemoryUsage of job (MB)
	376724  -  ResidentSetSize of job (KB)
...
006 (3447418.006.000) 01/30 21:51:13 Image size of job updated: 411544
	368  -  MemoryUsage of job (MB)
	376776  -  ResidentSetSize of job (KB)
...
006 (3447418.006.000) 01/30 21:56:14 Image size of job updated: 411544
	368  -  MemoryUsage of job (MB)
	376832  -  ResidentSetSize of job (KB)
...
006 (3447418.006.000) 01/30 22:01:15 Image size of job updated: 411544
	369  -  MemoryUsage of job (MB)
	376880  -  ResidentSetSize of job (KB)
...
006 (3447418.006.000) 01/30 22:11:15 Image size of job updated: 411544
	369  -  MemoryUsage of job (MB)
	376936  -  ResidentSetSize of job (KB)
...
006 (3447418.006.000) 01/30 22:16:16 Image size of job updated: 411544
	369  -  MemoryUsage of job (MB)
	377040  -  ResidentSetSize of job (KB)
...
006 (3447418.006.000) 01/30 22:21:17 Image size of job updated: 411544
	369  -  MemoryUsage of job (MB)
	377088  -  ResidentSetSize of job (KB)
...
006 (3447418.006.000) 01/30 22:26:17 Image size of job updated: 411544
	369  -  MemoryUsage of job (MB)
	377096  -  ResidentSetSize of job (KB)
...
006 (3447418.006.000) 01/30 22:31:17 Image size of job updated: 411544
	369  -  MemoryUsage of job (MB)
	377148  -  ResidentSetSize of job (KB)
...
006 (3447418.006.000) 01/30 22:36:18 Image size of job updated: 411544
	369  -  MemoryUsage of job (MB)
	377152  -  ResidentSetSize of job (KB)
...
006 (3447418.006.000) 01/30 22:41:19 Image size of job updated: 411544
	369  -  MemoryUsage of job (MB)
	377212  -  ResidentSetSize of job (KB)
...
006 (3447418.006.000) 01/30 22:46:19 Image size of job updated: 411544
	369  -  MemoryUsage of job (MB)
	377304  -  ResidentSetSize of job (KB)
...
006 (3447418.006.000) 01/30 22:51:19 Image size of job updated: 411544
	369  -  MemoryUsage of job (MB)
	377324  -  ResidentSetSize of job (KB)
...
006 (3447418.006.000) 01/30 22:56:19 Image size of job updated: 411544
	369  -  MemoryUsage of job (MB)
	377368  -  ResidentSetSize of job (KB)
...
006 (3447418.006.000) 01/30 23:01:20 Image size of job updated: 411544
	369  -  MemoryUsage of job (MB)
	377528  -  ResidentSetSize of job (KB)
...
006 (3447418.006.000) 01/30 23:06:21 Image size of job updated: 411544
	369  -  MemoryUsage of job (MB)
	377692  -  ResidentSetSize of job (KB)
...
006 (3447418.006.000) 01/30 23:16:21 Image size of job updated: 411544
	369  -  MemoryUsage of job (MB)
	377724  -  ResidentSetSize of job (KB)
...
006 (3447418.006.000) 01/30 23:56:25 Image size of job updated: 411544
	369  -  MemoryUsage of job (MB)
	377748  -  ResidentSetSize of job (KB)
...
006 (3447418.006.000) 01/31 00:01:26 Image size of job updated: 411544
	369  -  MemoryUsage of job (MB)
	377856  -  ResidentSetSize of job (KB)
...
006 (3447418.006.000) 01/31 00:06:27 Image size of job updated: 411544
	370  -  MemoryUsage of job (MB)
	377980  -  ResidentSetSize of job (KB)
...
006 (3447418.006.000) 01/31 00:11:27 Image size of job updated: 411544
	370  -  MemoryUsage of job (MB)
	378000  -  ResidentSetSize of job (KB)
...
006 (3447418.006.000) 01/31 00:21:28 Image size of job updated: 411544
	370  -  MemoryUsage of job (MB)
	378016  -  ResidentSetSize of job (KB)
...
006 (3447418.006.000) 01/31 00:31:29 Image size of job updated: 411544
	370  -  MemoryUsage of job (MB)
	378024  -  ResidentSetSize of job (KB)
...
006 (3447418.006.000) 01/31 00:36:29 Image size of job updated: 411544
	370  -  MemoryUsage of job (MB)
	378032  -  ResidentSetSize of job (KB)
...
006 (3447418.006.000) 01/31 00:41:30 Image size of job updated: 411544
	370  -  MemoryUsage of job (MB)
	378052  -  ResidentSetSize of job (KB)
...
006 (3447418.006.000) 01/31 00:51:31 Image size of job updated: 411544
	370  -  MemoryUsage of job (MB)
	378084  -  ResidentSetSize of job (KB)
...
006 (3447418.006.000) 01/31 01:01:32 Image size of job updated: 411544
	370  -  MemoryUsage of job (MB)
	378096  -  ResidentSetSize of job (KB)
...
006 (3447418.006.000) 01/31 01:11:34 Image size of job updated: 411544
	370  -  MemoryUsage of job (MB)
	378104  -  ResidentSetSize of job (KB)
...
006 (3447418.006.000) 01/31 01:16:34 Image size of job updated: 411544
	370  -  MemoryUsage of job (MB)
	378120  -  ResidentSetSize of job (KB)
...
006 (3447418.006.000) 01/31 01:21:35 Image size of job updated: 411544
	370  -  MemoryUsage of job (MB)
	378152  -  ResidentSetSize of job (KB)
...
006 (3447418.006.000) 01/31 01:26:37 Image size of job updated: 411544
	370  -  MemoryUsage of job (MB)
	378160  -  ResidentSetSize of job (KB)
...
006 (3447418.006.000) 01/31 01:36:37 Image size of job updated: 411544
	370  -  MemoryUsage of job (MB)
	378184  -  ResidentSetSize of job (KB)
...
006 (3447418.006.000) 01/31 01:41:37 Image size of job updated: 411544
	370  -  MemoryUsage of job (MB)
	378196  -  ResidentSetSize of job (KB)
...
006 (3447418.006.000) 01/31 01:46:38 Image size of job updated: 411544
	370  -  MemoryUsage of job (MB)
	378212  -  ResidentSetSize of job (KB)
...
006 (3447418.006.000) 01/31 01:51:39 Image size of job updated: 411544
	370  -  MemoryUsage of job (MB)
	378220  -  ResidentSetSize of job (KB)
...
006 (3447418.006.000) 01/31 02:01:39 Image size of job updated: 411544
	370  -  MemoryUsage of job (MB)
	378232  -  ResidentSetSize of job (KB)
...
006 (3447418.006.000) 01/31 02:06:40 Image size of job updated: 411544
	370  -  MemoryUsage of job (MB)
	378240  -  ResidentSetSize of job (KB)
...
006 (3447418.006.000) 01/31 02:16:41 Image size of job updated: 411544
	370  -  MemoryUsage of job (MB)
	378260  -  ResidentSetSize of job (KB)
...
006 (3447418.006.000) 01/31 02:21:41 Image size of job updated: 411544
	370  -  MemoryUsage of job (MB)
	378276  -  ResidentSetSize of job (KB)
...
006 (3447418.006.000) 01/31 02:31:43 Image size of job updated: 411544
	370  -  MemoryUsage of job (MB)
	378304  -  ResidentSetSize of job (KB)
...
006 (3447418.006.000) 01/31 02:36:43 Image size of job updated: 411544
	370  -  MemoryUsage of job (MB)
	378352  -  ResidentSetSize of job (KB)
...
006 (3447418.006.000) 01/31 02:41:44 Image size of job updated: 411544
	370  -  MemoryUsage of job (MB)
	378404  -  ResidentSetSize of job (KB)
...
006 (3447418.006.000) 01/31 02:46:45 Image size of job updated: 411544
	370  -  MemoryUsage of job (MB)
	378420  -  ResidentSetSize of job (KB)
...
006 (3447418.006.000) 01/31 03:01:46 Image size of job updated: 411544
	370  -  MemoryUsage of job (MB)
	378504  -  ResidentSetSize of job (KB)
...
006 (3447418.006.000) 01/31 03:11:47 Image size of job updated: 411544
	370  -  MemoryUsage of job (MB)
	378548  -  ResidentSetSize of job (KB)
...
006 (3447418.006.000) 01/31 03:16:47 Image size of job updated: 411544
	370  -  MemoryUsage of job (MB)
	378552  -  ResidentSetSize of job (KB)
...
006 (3447418.006.000) 01/31 03:21:48 Image size of job updated: 411544
	370  -  MemoryUsage of job (MB)
	378556  -  ResidentSetSize of job (KB)
...
006 (3447418.006.000) 01/31 03:26:49 Image size of job updated: 411544
	370  -  MemoryUsage of job (MB)
	378568  -  ResidentSetSize of job (KB)
...
006 (3447418.006.000) 01/31 03:31:49 Image size of job updated: 411544
	370  -  MemoryUsage of job (MB)
	378580  -  ResidentSetSize of job (KB)
...
006 (3447418.006.000) 01/31 03:36:50 Image size of job updated: 411544
	370  -  MemoryUsage of job (MB)
	378584  -  ResidentSetSize of job (KB)
...
006 (3447418.006.000) 01/31 03:46:51 Image size of job updated: 411544
	370  -  MemoryUsage of job (MB)
	378628  -  ResidentSetSize of job (KB)
...
006 (3447418.006.000) 01/31 08:37:22 Image size of job updated: 411544
	370  -  MemoryUsage of job (MB)
	378632  -  ResidentSetSize of job (KB)
...
006 (3447418.006.000) 01/31 08:42:22 Image size of job updated: 411544
	370  -  MemoryUsage of job (MB)
	378644  -  ResidentSetSize of job (KB)
...
006 (3447418.006.000) 01/31 08:47:22 Image size of job updated: 411544
	370  -  MemoryUsage of job (MB)
	378676  -  ResidentSetSize of job (KB)
...
006 (3447418.006.000) 01/31 08:57:23 Image size of job updated: 411544
	370  -  MemoryUsage of job (MB)
	378732  -  ResidentSetSize of job (KB)
...
006 (3447418.006.000) 01/31 09:07:24 Image size of job updated: 411544
	370  -  MemoryUsage of job (MB)
	378760  -  ResidentSetSize of job (KB)
...
006 (3447418.006.000) 01/31 09:12:25 Image size of job updated: 411544
	370  -  MemoryUsage of job (MB)
	378784  -  ResidentSetSize of job (KB)
...
006 (3447418.006.000) 01/31 09:17:25 Image size of job updated: 411544
	370  -  MemoryUsage of job (MB)
	378804  -  ResidentSetSize of job (KB)
...
006 (3447418.006.000) 01/31 09:22:25 Image size of job updated: 411544
	370  -  MemoryUsage of job (MB)
	378840  -  ResidentSetSize of job (KB)
...
006 (3447418.006.000) 01/31 09:27:26 Image size of job updated: 411544
	370  -  MemoryUsage of job (MB)
	378864  -  ResidentSetSize of job (KB)
...
006 (3447418.006.000) 01/31 09:42:27 Image size of job updated: 411544
	371  -  MemoryUsage of job (MB)
	378912  -  ResidentSetSize of job (KB)
...
006 (3447418.006.000) 01/31 09:52:29 Image size of job updated: 411544
	371  -  MemoryUsage of job (MB)
	378944  -  ResidentSetSize of job (KB)
...
006 (3447418.006.000) 01/31 09:57:29 Image size of job updated: 411544
	371  -  MemoryUsage of job (MB)
	378976  -  ResidentSetSize of job (KB)
...
006 (3447418.006.000) 01/31 10:07:31 Image size of job updated: 411544
	371  -  MemoryUsage of job (MB)
	378996  -  ResidentSetSize of job (KB)
...
006 (3447418.006.000) 01/31 10:12:31 Image size of job updated: 411544
	371  -  MemoryUsage of job (MB)
	379008  -  ResidentSetSize of job (KB)
...
006 (3447418.006.000) 01/31 10:17:31 Image size of job updated: 411544
	371  -  MemoryUsage of job (MB)
	379024  -  ResidentSetSize of job (KB)
...
006 (3447418.006.000) 01/31 10:22:32 Image size of job updated: 411544
	371  -  MemoryUsage of job (MB)
	379028  -  ResidentSetSize of job (KB)
...
006 (3447418.006.000) 01/31 10:37:33 Image size of job updated: 411544
	371  -  MemoryUsage of job (MB)
	379072  -  ResidentSetSize of job (KB)
...
006 (3447418.006.000) 01/31 10:42:34 Image size of job updated: 411544
	371  -  MemoryUsage of job (MB)
	379088  -  ResidentSetSize of job (KB)
...
006 (3447418.006.000) 01/31 10:57:35 Image size of job updated: 411544
	371  -  MemoryUsage of job (MB)
	379132  -  ResidentSetSize of job (KB)
...
006 (3447418.006.000) 01/31 12:27:45 Image size of job updated: 411544
	371  -  MemoryUsage of job (MB)
	379144  -  ResidentSetSize of job (KB)
...
006 (3447418.006.000) 01/31 12:57:48 Image size of job updated: 411544
	371  -  MemoryUsage of job (MB)
	379152  -  ResidentSetSize of job (KB)
...
006 (3447418.006.000) 01/31 13:37:51 Image size of job updated: 411544
	371  -  MemoryUsage of job (MB)
	379164  -  ResidentSetSize of job (KB)
...
006 (3447418.006.000) 01/31 13:42:51 Image size of job updated: 411544
	371  -  MemoryUsage of job (MB)
	379204  -  ResidentSetSize of job (KB)
...
006 (3447418.006.000) 01/31 13:47:52 Image size of job updated: 411544
	371  -  MemoryUsage of job (MB)
	379248  -  ResidentSetSize of job (KB)
...
006 (3447418.006.000) 01/31 13:52:52 Image size of job updated: 411544
	371  -  MemoryUsage of job (MB)
	379256  -  ResidentSetSize of job (KB)
...
006 (3447418.006.000) 01/31 14:07:54 Image size of job updated: 411544
	371  -  MemoryUsage of job (MB)
	379264  -  ResidentSetSize of job (KB)
...
006 (3447418.006.000) 01/31 14:32:57 Image size of job updated: 411544
	371  -  MemoryUsage of job (MB)
	379272  -  ResidentSetSize of job (KB)
...
006 (3447418.006.000) 01/31 14:37:58 Image size of job updated: 411544
	371  -  MemoryUsage of job (MB)
	379288  -  ResidentSetSize of job (KB)
...
006 (3447418.006.000) 01/31 14:42:58 Image size of job updated: 411544
	371  -  MemoryUsage of job (MB)
	379312  -  ResidentSetSize of job (KB)
...
006 (3447418.006.000) 01/31 14:47:59 Image size of job updated: 411544
	371  -  MemoryUsage of job (MB)
	379344  -  ResidentSetSize of job (KB)
...
006 (3447418.006.000) 01/31 14:58:00 Image size of job updated: 411544
	371  -  MemoryUsage of job (MB)
	379388  -  ResidentSetSize of job (KB)
...
006 (3447418.006.000) 01/31 15:03:01 Image size of job updated: 411544
	371  -  MemoryUsage of job (MB)
	379444  -  ResidentSetSize of job (KB)
...
006 (3447418.006.000) 01/31 15:08:02 Image size of job updated: 411544
	371  -  MemoryUsage of job (MB)
	379496  -  ResidentSetSize of job (KB)
...
006 (3447418.006.000) 01/31 15:13:02 Image size of job updated: 411544
	371  -  MemoryUsage of job (MB)
	379540  -  ResidentSetSize of job (KB)
...
006 (3447418.006.000) 01/31 15:18:02 Image size of job updated: 411544
	371  -  MemoryUsage of job (MB)
	379576  -  ResidentSetSize of job (KB)
...
006 (3447418.006.000) 01/31 16:03:06 Image size of job updated: 411544
	371  -  MemoryUsage of job (MB)
	379588  -  ResidentSetSize of job (KB)
...
006 (3447418.006.000) 01/31 16:13:08 Image size of job updated: 411544
	371  -  MemoryUsage of job (MB)
	379604  -  ResidentSetSize of job (KB)
...
006 (3447418.006.000) 01/31 16:18:08 Image size of job updated: 411544
	371  -  MemoryUsage of job (MB)
	379632  -  ResidentSetSize of job (KB)
...
006 (3447418.006.000) 01/31 16:28:10 Image size of job updated: 411544
	371  -  MemoryUsage of job (MB)
	379640  -  ResidentSetSize of job (KB)
...
006 (3447418.006.000) 01/31 16:33:10 Image size of job updated: 411544
	371  -  MemoryUsage of job (MB)
	379648  -  ResidentSetSize of job (KB)
...
006 (3447418.006.000) 01/31 16:38:11 Image size of job updated: 411544
	371  -  MemoryUsage of job (MB)
	379672  -  ResidentSetSize of job (KB)
...
006 (3447418.006.000) 01/31 16:43:12 Image size of job updated: 411544
	371  -  MemoryUsage of job (MB)
	379680  -  ResidentSetSize of job (KB)
...
006 (3447418.006.000) 01/31 16:48:12 Image size of job updated: 411544
	371  -  MemoryUsage of job (MB)
	379696  -  ResidentSetSize of job (KB)
...
006 (3447418.006.000) 01/31 16:53:13 Image size of job updated: 411544
	371  -  MemoryUsage of job (MB)
	379744  -  ResidentSetSize of job (KB)
...
006 (3447418.006.000) 01/31 16:58:13 Image size of job updated: 411544
	371  -  MemoryUsage of job (MB)
	379748  -  ResidentSetSize of job (KB)
...
006 (3447418.006.000) 01/31 17:03:14 Image size of job updated: 411544
	371  -  MemoryUsage of job (MB)
	379760  -  ResidentSetSize of job (KB)
...
006 (3447418.006.000) 01/31 17:08:15 Image size of job updated: 411544
	371  -  MemoryUsage of job (MB)
	379764  -  ResidentSetSize of job (KB)
...
006 (3447418.006.000) 01/31 17:14:34 Image size of job updated: 411544
	371  -  MemoryUsage of job (MB)
	379780  -  ResidentSetSize of job (KB)
...
006 (3447418.006.000) 01/31 17:18:33 Image size of job updated: 411544
	371  -  MemoryUsage of job (MB)
	379800  -  ResidentSetSize of job (KB)
...
006 (3447418.006.000) 01/31 17:23:34 Image size of job updated: 411544
	371  -  MemoryUsage of job (MB)
	379816  -  ResidentSetSize of job (KB)
...
040 (3447418.006.000) 02/01 07:54:14 Started transferring input files
	Transferring to host: <188.184.194.138:9618?addrs=188.184.194.138-9618+[2001-1458-301-50--100-1d1]-9618&noUDP&sock=14231_c6dc_41887>
...
040 (3447418.006.000) 02/01 07:54:14 Finished transferring input files
...
001 (3447418.006.000) 02/01 07:54:15 Job executing on host: <188.184.194.138:9618?addrs=188.184.194.138-9618+[2001-1458-301-50--100-1d1]-9618&noUDP&sock=14024_e042_3>
...
040 (3447418.006.000) 02/01 07:54:26 Started transferring output files
...
040 (3447418.006.000) 02/01 07:54:26 Finished transferring output files
...
005 (3447418.006.000) 02/01 07:54:26 Job terminated.
	(1) Normal termination (return value 0)
		Usr 0 00:00:04, Sys 0 00:00:03  -  Run Remote Usage
		Usr 0 00:00:00, Sys 0 00:00:00  -  Run Local Usage
		Usr 0 00:00:04, Sys 0 00:00:03  -  Total Remote Usage
		Usr 0 00:00:00, Sys 0 00:00:00  -  Total Local Usage
	9715  -  Run Bytes Sent By Job
	493  -  Run Bytes Received By Job
	9715  -  Total Bytes Sent By Job
	986  -  Total Bytes Received By Job
	Partitionable Resources :    Usage  Request Allocated 
	   Cpus                 :                 1           
	   Disk (KB)            :       24       40   2730636 
	   Memory (MB)          :      391     2000      2000 
...
