000 (3447442.011.000) 01/30 07:33:09 Job submitted from host: <188.185.71.142:9618?addrs=188.185.71.142-9618+[2001-1458-d00-7--100-388]-9618&alias=bigbird09.cern.ch&noUDP&sock=schedd_2208_1533_7>
...
000 (3447443.011.000) 01/30 07:33:17 Job submitted from host: <188.185.71.142:9618?addrs=188.185.71.142-9618+[2001-1458-d00-7--100-388]-9618&alias=bigbird09.cern.ch&noUDP&sock=schedd_2208_1533_7>
...
000 (3447444.012.000) 01/30 07:33:26 Job submitted from host: <188.185.71.142:9618?addrs=188.185.71.142-9618+[2001-1458-d00-7--100-388]-9618&alias=bigbird09.cern.ch&noUDP&sock=schedd_2208_1533_7>
...
040 (3447444.012.000) 01/30 07:55:38 Started transferring input files
	Transferring to host: <188.184.212.151:9618?addrs=188.184.212.151-9618+[2001-1458-301-10c--100-7c]-9618&noUDP&sock=20497_bd9b_201002>
...
040 (3447444.012.000) 01/30 07:55:38 Finished transferring input files
...
001 (3447444.012.000) 01/30 07:55:39 Job executing on host: <188.184.212.151:9618?addrs=188.184.212.151-9618+[2001-1458-301-10c--100-7c]-9618&noUDP&sock=20363_e71a_3>
...
006 (3447444.012.000) 01/30 07:55:48 Image size of job updated: 1524
	2  -  MemoryUsage of job (MB)
	1524  -  ResidentSetSize of job (KB)
...
006 (3447444.012.000) 01/30 07:55:54 Image size of job updated: 14420
	2  -  MemoryUsage of job (MB)
	1524  -  ResidentSetSize of job (KB)
...
040 (3447444.012.000) 01/30 07:55:54 Started transferring output files
...
040 (3447444.012.000) 01/30 07:55:54 Finished transferring output files
...
005 (3447444.012.000) 01/30 07:55:54 Job terminated.
	(1) Normal termination (return value 0)
		Usr 0 00:00:01, Sys 0 00:00:03  -  Run Remote Usage
		Usr 0 00:00:00, Sys 0 00:00:00  -  Run Local Usage
		Usr 0 00:00:01, Sys 0 00:00:03  -  Total Remote Usage
		Usr 0 00:00:00, Sys 0 00:00:00  -  Total Local Usage
	327  -  Run Bytes Sent By Job
	493  -  Run Bytes Received By Job
	327  -  Total Bytes Sent By Job
	493  -  Total Bytes Received By Job
	Partitionable Resources :    Usage  Request Allocated 
	   Cpus                 :                 1           
	   Disk (KB)            :       17        1   3062932 
	   Memory (MB)          :        2     2000      2000 
...
040 (3447442.011.000) 01/30 07:56:16 Started transferring input files
	Transferring to host: <128.142.70.132:9618?addrs=128.142.70.132-9618+[2001-1458-301-52--100-2ce]-9618&noUDP&sock=14461_d525_15928>
...
040 (3447442.011.000) 01/30 07:56:16 Finished transferring input files
...
001 (3447442.011.000) 01/30 07:56:17 Job executing on host: <128.142.70.132:9618?addrs=128.142.70.132-9618+[2001-1458-301-52--100-2ce]-9618&noUDP&sock=14255_52a2_3>
...
040 (3447443.011.000) 01/30 07:56:20 Started transferring input files
	Transferring to host: <128.142.65.183:9618?addrs=128.142.65.183-9618+[2001-1458-301-4c--100-3ff]-9618&noUDP&sock=21077_6732_24573>
...
040 (3447443.011.000) 01/30 07:56:20 Finished transferring input files
...
001 (3447443.011.000) 01/30 07:56:21 Job executing on host: <128.142.65.183:9618?addrs=128.142.65.183-9618+[2001-1458-301-4c--100-3ff]-9618&noUDP&sock=21011_6079_3>
...
006 (3447442.011.000) 01/30 07:56:26 Image size of job updated: 137620
	73  -  MemoryUsage of job (MB)
	74324  -  ResidentSetSize of job (KB)
...
006 (3447443.011.000) 01/30 07:56:29 Image size of job updated: 108
	0  -  MemoryUsage of job (MB)
	0  -  ResidentSetSize of job (KB)
...
040 (3447443.011.000) 01/30 07:56:29 Started transferring output files
...
040 (3447443.011.000) 01/30 07:56:29 Finished transferring output files
...
005 (3447443.011.000) 01/30 07:56:29 Job terminated.
	(1) Normal termination (return value 0)
		Usr 0 00:00:01, Sys 0 00:00:03  -  Run Remote Usage
		Usr 0 00:00:00, Sys 0 00:00:00  -  Run Local Usage
		Usr 0 00:00:01, Sys 0 00:00:03  -  Total Remote Usage
		Usr 0 00:00:00, Sys 0 00:00:00  -  Total Local Usage
	327  -  Run Bytes Sent By Job
	493  -  Run Bytes Received By Job
	327  -  Total Bytes Sent By Job
	493  -  Total Bytes Received By Job
	Partitionable Resources :    Usage  Request Allocated 
	   Cpus                 :                 1           
	   Disk (KB)            :       17        1   2850615 
	   Memory (MB)          :        0     2000      2000 
...
006 (3447442.011.000) 01/30 08:01:28 Image size of job updated: 386188
	356  -  MemoryUsage of job (MB)
	363956  -  ResidentSetSize of job (KB)
...
006 (3447442.011.000) 01/30 08:51:32 Image size of job updated: 386200
	356  -  MemoryUsage of job (MB)
	363968  -  ResidentSetSize of job (KB)
...
006 (3447442.011.000) 01/30 10:41:44 Image size of job updated: 386292
	356  -  MemoryUsage of job (MB)
	364172  -  ResidentSetSize of job (KB)
...
006 (3447442.011.000) 01/30 10:46:45 Image size of job updated: 386512
	356  -  MemoryUsage of job (MB)
	364392  -  ResidentSetSize of job (KB)
...
006 (3447442.011.000) 01/30 10:51:46 Image size of job updated: 386548
	356  -  MemoryUsage of job (MB)
	364428  -  ResidentSetSize of job (KB)
...
006 (3447442.011.000) 01/30 11:01:46 Image size of job updated: 386564
	356  -  MemoryUsage of job (MB)
	364444  -  ResidentSetSize of job (KB)
...
006 (3447442.011.000) 01/30 11:41:51 Image size of job updated: 386576
	356  -  MemoryUsage of job (MB)
	364456  -  ResidentSetSize of job (KB)
...
006 (3447442.011.000) 01/30 11:46:52 Image size of job updated: 386632
	356  -  MemoryUsage of job (MB)
	364512  -  ResidentSetSize of job (KB)
...
006 (3447442.011.000) 01/30 12:06:54 Image size of job updated: 386900
	357  -  MemoryUsage of job (MB)
	364780  -  ResidentSetSize of job (KB)
...
006 (3447442.011.000) 01/30 12:11:54 Image size of job updated: 386952
	357  -  MemoryUsage of job (MB)
	364832  -  ResidentSetSize of job (KB)
...
006 (3447442.011.000) 01/30 12:16:54 Image size of job updated: 386972
	357  -  MemoryUsage of job (MB)
	364852  -  ResidentSetSize of job (KB)
...
006 (3447442.011.000) 01/30 12:21:55 Image size of job updated: 387152
	357  -  MemoryUsage of job (MB)
	365032  -  ResidentSetSize of job (KB)
...
006 (3447442.011.000) 01/30 12:26:56 Image size of job updated: 387288
	357  -  MemoryUsage of job (MB)
	365168  -  ResidentSetSize of job (KB)
...
006 (3447442.011.000) 01/30 12:31:56 Image size of job updated: 387460
	357  -  MemoryUsage of job (MB)
	365340  -  ResidentSetSize of job (KB)
...
006 (3447442.011.000) 01/30 12:36:56 Image size of job updated: 387572
	357  -  MemoryUsage of job (MB)
	365452  -  ResidentSetSize of job (KB)
...
006 (3447442.011.000) 01/30 12:41:57 Image size of job updated: 387636
	357  -  MemoryUsage of job (MB)
	365516  -  ResidentSetSize of job (KB)
...
006 (3447442.011.000) 01/30 12:46:58 Image size of job updated: 387696
	358  -  MemoryUsage of job (MB)
	365576  -  ResidentSetSize of job (KB)
...
006 (3447442.011.000) 01/30 12:51:58 Image size of job updated: 388100
	358  -  MemoryUsage of job (MB)
	365980  -  ResidentSetSize of job (KB)
...
006 (3447442.011.000) 01/30 12:56:58 Image size of job updated: 388188
	358  -  MemoryUsage of job (MB)
	366068  -  ResidentSetSize of job (KB)
...
006 (3447442.011.000) 01/30 13:02:00 Image size of job updated: 388300
	358  -  MemoryUsage of job (MB)
	366180  -  ResidentSetSize of job (KB)
...
006 (3447442.011.000) 01/30 13:07:00 Image size of job updated: 388368
	358  -  MemoryUsage of job (MB)
	366248  -  ResidentSetSize of job (KB)
...
006 (3447442.011.000) 01/30 13:12:00 Image size of job updated: 388552
	358  -  MemoryUsage of job (MB)
	366432  -  ResidentSetSize of job (KB)
...
006 (3447442.011.000) 01/30 13:17:01 Image size of job updated: 388640
	358  -  MemoryUsage of job (MB)
	366520  -  ResidentSetSize of job (KB)
...
006 (3447442.011.000) 01/30 13:22:02 Image size of job updated: 388728
	359  -  MemoryUsage of job (MB)
	366608  -  ResidentSetSize of job (KB)
...
006 (3447442.011.000) 01/30 13:27:02 Image size of job updated: 388728
	359  -  MemoryUsage of job (MB)
	366756  -  ResidentSetSize of job (KB)
...
006 (3447442.011.000) 01/30 13:32:02 Image size of job updated: 388728
	359  -  MemoryUsage of job (MB)
	366840  -  ResidentSetSize of job (KB)
...
006 (3447442.011.000) 01/30 13:37:03 Image size of job updated: 388728
	359  -  MemoryUsage of job (MB)
	366892  -  ResidentSetSize of job (KB)
...
006 (3447442.011.000) 01/30 13:42:04 Image size of job updated: 388728
	359  -  MemoryUsage of job (MB)
	367064  -  ResidentSetSize of job (KB)
...
006 (3447442.011.000) 01/30 13:47:04 Image size of job updated: 388728
	359  -  MemoryUsage of job (MB)
	367112  -  ResidentSetSize of job (KB)
...
006 (3447442.011.000) 01/30 13:52:05 Image size of job updated: 388728
	359  -  MemoryUsage of job (MB)
	367196  -  ResidentSetSize of job (KB)
...
006 (3447442.011.000) 01/30 13:57:06 Image size of job updated: 388728
	359  -  MemoryUsage of job (MB)
	367292  -  ResidentSetSize of job (KB)
...
006 (3447442.011.000) 01/30 14:02:06 Image size of job updated: 388728
	359  -  MemoryUsage of job (MB)
	367444  -  ResidentSetSize of job (KB)
...
006 (3447442.011.000) 01/30 14:07:06 Image size of job updated: 388728
	360  -  MemoryUsage of job (MB)
	367620  -  ResidentSetSize of job (KB)
...
006 (3447442.011.000) 01/30 14:12:07 Image size of job updated: 388728
	360  -  MemoryUsage of job (MB)
	367688  -  ResidentSetSize of job (KB)
...
006 (3447442.011.000) 01/30 14:17:08 Image size of job updated: 388728
	360  -  MemoryUsage of job (MB)
	367820  -  ResidentSetSize of job (KB)
...
006 (3447442.011.000) 01/30 14:22:08 Image size of job updated: 388728
	360  -  MemoryUsage of job (MB)
	367920  -  ResidentSetSize of job (KB)
...
006 (3447442.011.000) 01/30 14:27:09 Image size of job updated: 388728
	360  -  MemoryUsage of job (MB)
	367956  -  ResidentSetSize of job (KB)
...
006 (3447442.011.000) 01/30 14:32:10 Image size of job updated: 388728
	360  -  MemoryUsage of job (MB)
	368116  -  ResidentSetSize of job (KB)
...
006 (3447442.011.000) 01/30 14:37:10 Image size of job updated: 388728
	360  -  MemoryUsage of job (MB)
	368320  -  ResidentSetSize of job (KB)
...
006 (3447442.011.000) 01/30 14:42:10 Image size of job updated: 388728
	360  -  MemoryUsage of job (MB)
	368516  -  ResidentSetSize of job (KB)
...
006 (3447442.011.000) 01/30 15:02:13 Image size of job updated: 388728
	362  -  MemoryUsage of job (MB)
	370056  -  ResidentSetSize of job (KB)
...
006 (3447442.011.000) 01/30 15:07:14 Image size of job updated: 388728
	362  -  MemoryUsage of job (MB)
	370276  -  ResidentSetSize of job (KB)
...
006 (3447442.011.000) 01/30 15:12:15 Image size of job updated: 388728
	363  -  MemoryUsage of job (MB)
	371488  -  ResidentSetSize of job (KB)
...
006 (3447442.011.000) 01/30 15:17:15 Image size of job updated: 388728
	363  -  MemoryUsage of job (MB)
	371648  -  ResidentSetSize of job (KB)
...
006 (3447442.011.000) 01/30 15:22:16 Image size of job updated: 388728
	363  -  MemoryUsage of job (MB)
	371704  -  ResidentSetSize of job (KB)
...
006 (3447442.011.000) 01/30 15:27:17 Image size of job updated: 388728
	364  -  MemoryUsage of job (MB)
	371808  -  ResidentSetSize of job (KB)
...
006 (3447442.011.000) 01/30 15:32:17 Image size of job updated: 388728
	364  -  MemoryUsage of job (MB)
	371872  -  ResidentSetSize of job (KB)
...
006 (3447442.011.000) 01/30 15:37:17 Image size of job updated: 388728
	364  -  MemoryUsage of job (MB)
	371956  -  ResidentSetSize of job (KB)
...
006 (3447442.011.000) 01/30 15:42:18 Image size of job updated: 388728
	364  -  MemoryUsage of job (MB)
	372000  -  ResidentSetSize of job (KB)
...
006 (3447442.011.000) 01/30 15:47:19 Image size of job updated: 388728
	364  -  MemoryUsage of job (MB)
	372132  -  ResidentSetSize of job (KB)
...
006 (3447442.011.000) 01/30 15:52:19 Image size of job updated: 388728
	364  -  MemoryUsage of job (MB)
	372200  -  ResidentSetSize of job (KB)
...
006 (3447442.011.000) 01/30 15:57:19 Image size of job updated: 388728
	364  -  MemoryUsage of job (MB)
	372256  -  ResidentSetSize of job (KB)
...
006 (3447442.011.000) 01/30 16:02:20 Image size of job updated: 388728
	364  -  MemoryUsage of job (MB)
	372316  -  ResidentSetSize of job (KB)
...
006 (3447442.011.000) 01/30 16:07:21 Image size of job updated: 388728
	364  -  MemoryUsage of job (MB)
	372456  -  ResidentSetSize of job (KB)
...
006 (3447442.011.000) 01/30 16:12:21 Image size of job updated: 388728
	364  -  MemoryUsage of job (MB)
	372548  -  ResidentSetSize of job (KB)
...
006 (3447442.011.000) 01/30 16:17:21 Image size of job updated: 388728
	364  -  MemoryUsage of job (MB)
	372556  -  ResidentSetSize of job (KB)
...
006 (3447442.011.000) 01/30 16:22:22 Image size of job updated: 388728
	364  -  MemoryUsage of job (MB)
	372656  -  ResidentSetSize of job (KB)
...
006 (3447442.011.000) 01/30 16:27:23 Image size of job updated: 388728
	365  -  MemoryUsage of job (MB)
	372748  -  ResidentSetSize of job (KB)
...
006 (3447442.011.000) 01/30 16:32:23 Image size of job updated: 388728
	365  -  MemoryUsage of job (MB)
	372844  -  ResidentSetSize of job (KB)
...
006 (3447442.011.000) 01/30 16:37:23 Image size of job updated: 388728
	365  -  MemoryUsage of job (MB)
	372964  -  ResidentSetSize of job (KB)
...
006 (3447442.011.000) 01/30 16:42:24 Image size of job updated: 388728
	365  -  MemoryUsage of job (MB)
	372992  -  ResidentSetSize of job (KB)
...
006 (3447442.011.000) 01/30 16:47:25 Image size of job updated: 388728
	365  -  MemoryUsage of job (MB)
	373088  -  ResidentSetSize of job (KB)
...
006 (3447442.011.000) 01/30 16:52:25 Image size of job updated: 388728
	365  -  MemoryUsage of job (MB)
	373224  -  ResidentSetSize of job (KB)
...
006 (3447442.011.000) 01/30 16:57:26 Image size of job updated: 388728
	365  -  MemoryUsage of job (MB)
	373292  -  ResidentSetSize of job (KB)
...
006 (3447442.011.000) 01/30 17:02:27 Image size of job updated: 388728
	365  -  MemoryUsage of job (MB)
	373396  -  ResidentSetSize of job (KB)
...
006 (3447442.011.000) 01/30 17:07:28 Image size of job updated: 388728
	365  -  MemoryUsage of job (MB)
	373416  -  ResidentSetSize of job (KB)
...
006 (3447442.011.000) 01/30 17:12:28 Image size of job updated: 388728
	365  -  MemoryUsage of job (MB)
	373524  -  ResidentSetSize of job (KB)
...
006 (3447442.011.000) 01/30 17:17:29 Image size of job updated: 388728
	365  -  MemoryUsage of job (MB)
	373624  -  ResidentSetSize of job (KB)
...
006 (3447442.011.000) 01/30 17:22:31 Image size of job updated: 388728
	365  -  MemoryUsage of job (MB)
	373700  -  ResidentSetSize of job (KB)
...
006 (3447442.011.000) 01/30 17:27:31 Image size of job updated: 388728
	365  -  MemoryUsage of job (MB)
	373752  -  ResidentSetSize of job (KB)
...
006 (3447442.011.000) 01/30 17:32:31 Image size of job updated: 388728
	366  -  MemoryUsage of job (MB)
	373836  -  ResidentSetSize of job (KB)
...
006 (3447442.011.000) 01/30 17:37:32 Image size of job updated: 388728
	366  -  MemoryUsage of job (MB)
	373964  -  ResidentSetSize of job (KB)
...
006 (3447442.011.000) 01/30 17:42:33 Image size of job updated: 388728
	366  -  MemoryUsage of job (MB)
	374052  -  ResidentSetSize of job (KB)
...
006 (3447442.011.000) 01/30 17:47:33 Image size of job updated: 388728
	366  -  MemoryUsage of job (MB)
	374132  -  ResidentSetSize of job (KB)
...
006 (3447442.011.000) 01/30 17:52:33 Image size of job updated: 388728
	366  -  MemoryUsage of job (MB)
	374200  -  ResidentSetSize of job (KB)
...
006 (3447442.011.000) 01/30 17:57:34 Image size of job updated: 388728
	366  -  MemoryUsage of job (MB)
	374316  -  ResidentSetSize of job (KB)
...
006 (3447442.011.000) 01/30 18:02:35 Image size of job updated: 388728
	366  -  MemoryUsage of job (MB)
	374352  -  ResidentSetSize of job (KB)
...
006 (3447442.011.000) 01/30 18:07:35 Image size of job updated: 388728
	366  -  MemoryUsage of job (MB)
	374468  -  ResidentSetSize of job (KB)
...
006 (3447442.011.000) 01/30 18:12:35 Image size of job updated: 388728
	366  -  MemoryUsage of job (MB)
	374552  -  ResidentSetSize of job (KB)
...
006 (3447442.011.000) 01/30 18:17:36 Image size of job updated: 388728
	366  -  MemoryUsage of job (MB)
	374608  -  ResidentSetSize of job (KB)
...
006 (3447442.011.000) 01/30 18:22:37 Image size of job updated: 388728
	366  -  MemoryUsage of job (MB)
	374704  -  ResidentSetSize of job (KB)
...
006 (3447442.011.000) 01/30 18:27:37 Image size of job updated: 388728
	367  -  MemoryUsage of job (MB)
	374824  -  ResidentSetSize of job (KB)
...
006 (3447442.011.000) 01/30 18:32:37 Image size of job updated: 388728
	367  -  MemoryUsage of job (MB)
	374924  -  ResidentSetSize of job (KB)
...
006 (3447442.011.000) 01/30 18:37:37 Image size of job updated: 388728
	367  -  MemoryUsage of job (MB)
	374996  -  ResidentSetSize of job (KB)
...
006 (3447442.011.000) 01/30 18:42:38 Image size of job updated: 388728
	367  -  MemoryUsage of job (MB)
	375108  -  ResidentSetSize of job (KB)
...
006 (3447442.011.000) 01/30 18:47:38 Image size of job updated: 388728
	367  -  MemoryUsage of job (MB)
	375136  -  ResidentSetSize of job (KB)
...
006 (3447442.011.000) 01/30 18:52:38 Image size of job updated: 388728
	367  -  MemoryUsage of job (MB)
	375192  -  ResidentSetSize of job (KB)
...
006 (3447442.011.000) 01/30 18:57:39 Image size of job updated: 388728
	367  -  MemoryUsage of job (MB)
	375336  -  ResidentSetSize of job (KB)
...
006 (3447442.011.000) 01/30 19:02:40 Image size of job updated: 388728
	367  -  MemoryUsage of job (MB)
	375356  -  ResidentSetSize of job (KB)
...
006 (3447442.011.000) 01/30 19:07:41 Image size of job updated: 388728
	367  -  MemoryUsage of job (MB)
	375460  -  ResidentSetSize of job (KB)
...
006 (3447442.011.000) 01/30 19:12:41 Image size of job updated: 388728
	367  -  MemoryUsage of job (MB)
	375572  -  ResidentSetSize of job (KB)
...
006 (3447442.011.000) 01/30 19:17:41 Image size of job updated: 388728
	367  -  MemoryUsage of job (MB)
	375728  -  ResidentSetSize of job (KB)
...
006 (3447442.011.000) 01/30 19:22:42 Image size of job updated: 388728
	368  -  MemoryUsage of job (MB)
	375928  -  ResidentSetSize of job (KB)
...
006 (3447442.011.000) 01/30 19:27:42 Image size of job updated: 388728
	368  -  MemoryUsage of job (MB)
	375956  -  ResidentSetSize of job (KB)
...
006 (3447442.011.000) 01/30 19:32:43 Image size of job updated: 388728
	368  -  MemoryUsage of job (MB)
	375980  -  ResidentSetSize of job (KB)
...
006 (3447442.011.000) 01/30 19:52:45 Image size of job updated: 388728
	368  -  MemoryUsage of job (MB)
	376000  -  ResidentSetSize of job (KB)
...
006 (3447442.011.000) 01/30 19:57:46 Image size of job updated: 388728
	368  -  MemoryUsage of job (MB)
	376204  -  ResidentSetSize of job (KB)
...
006 (3447442.011.000) 01/30 20:02:46 Image size of job updated: 388728
	368  -  MemoryUsage of job (MB)
	376260  -  ResidentSetSize of job (KB)
...
006 (3447442.011.000) 01/30 20:07:46 Image size of job updated: 388728
	368  -  MemoryUsage of job (MB)
	376272  -  ResidentSetSize of job (KB)
...
006 (3447442.011.000) 01/30 20:12:47 Image size of job updated: 388728
	368  -  MemoryUsage of job (MB)
	376288  -  ResidentSetSize of job (KB)
...
006 (3447442.011.000) 01/30 20:17:48 Image size of job updated: 388728
	368  -  MemoryUsage of job (MB)
	376328  -  ResidentSetSize of job (KB)
...
006 (3447442.011.000) 01/30 20:22:48 Image size of job updated: 388728
	368  -  MemoryUsage of job (MB)
	376352  -  ResidentSetSize of job (KB)
...
006 (3447442.011.000) 01/30 20:27:48 Image size of job updated: 388728
	368  -  MemoryUsage of job (MB)
	376360  -  ResidentSetSize of job (KB)
...
006 (3447442.011.000) 01/30 20:32:49 Image size of job updated: 388728
	368  -  MemoryUsage of job (MB)
	376384  -  ResidentSetSize of job (KB)
...
006 (3447442.011.000) 01/30 20:37:50 Image size of job updated: 388728
	368  -  MemoryUsage of job (MB)
	376404  -  ResidentSetSize of job (KB)
...
006 (3447442.011.000) 01/30 20:47:50 Image size of job updated: 388728
	368  -  MemoryUsage of job (MB)
	376412  -  ResidentSetSize of job (KB)
...
006 (3447442.011.000) 01/30 20:52:51 Image size of job updated: 388728
	368  -  MemoryUsage of job (MB)
	376428  -  ResidentSetSize of job (KB)
...
006 (3447442.011.000) 01/30 21:02:52 Image size of job updated: 388728
	368  -  MemoryUsage of job (MB)
	376444  -  ResidentSetSize of job (KB)
...
006 (3447442.011.000) 01/30 21:07:52 Image size of job updated: 388728
	368  -  MemoryUsage of job (MB)
	376452  -  ResidentSetSize of job (KB)
...
006 (3447442.011.000) 01/30 21:12:53 Image size of job updated: 388728
	368  -  MemoryUsage of job (MB)
	376464  -  ResidentSetSize of job (KB)
...
006 (3447442.011.000) 01/30 21:27:54 Image size of job updated: 388728
	368  -  MemoryUsage of job (MB)
	376472  -  ResidentSetSize of job (KB)
...
006 (3447442.011.000) 01/30 21:37:56 Image size of job updated: 388728
	368  -  MemoryUsage of job (MB)
	376480  -  ResidentSetSize of job (KB)
...
006 (3447442.011.000) 01/30 21:42:56 Image size of job updated: 388728
	368  -  MemoryUsage of job (MB)
	376488  -  ResidentSetSize of job (KB)
...
006 (3447442.011.000) 01/30 21:52:57 Image size of job updated: 388728
	368  -  MemoryUsage of job (MB)
	376524  -  ResidentSetSize of job (KB)
...
006 (3447442.011.000) 01/30 22:02:58 Image size of job updated: 388728
	368  -  MemoryUsage of job (MB)
	376536  -  ResidentSetSize of job (KB)
...
006 (3447442.011.000) 01/30 22:07:58 Image size of job updated: 388728
	368  -  MemoryUsage of job (MB)
	376552  -  ResidentSetSize of job (KB)
...
006 (3447442.011.000) 01/30 22:12:59 Image size of job updated: 388728
	368  -  MemoryUsage of job (MB)
	376580  -  ResidentSetSize of job (KB)
...
006 (3447442.011.000) 01/30 22:23:00 Image size of job updated: 388728
	368  -  MemoryUsage of job (MB)
	376584  -  ResidentSetSize of job (KB)
...
006 (3447442.011.000) 01/30 22:28:00 Image size of job updated: 388728
	368  -  MemoryUsage of job (MB)
	376588  -  ResidentSetSize of job (KB)
...
006 (3447442.011.000) 01/30 22:33:01 Image size of job updated: 388728
	368  -  MemoryUsage of job (MB)
	376592  -  ResidentSetSize of job (KB)
...
006 (3447442.011.000) 01/30 22:38:02 Image size of job updated: 388728
	368  -  MemoryUsage of job (MB)
	376604  -  ResidentSetSize of job (KB)
...
006 (3447442.011.000) 01/30 23:03:05 Image size of job updated: 388728
	368  -  MemoryUsage of job (MB)
	376616  -  ResidentSetSize of job (KB)
...
006 (3447442.011.000) 01/30 23:08:05 Image size of job updated: 388728
	368  -  MemoryUsage of job (MB)
	376640  -  ResidentSetSize of job (KB)
...
006 (3447442.011.000) 01/30 23:13:05 Image size of job updated: 388728
	368  -  MemoryUsage of job (MB)
	376660  -  ResidentSetSize of job (KB)
...
006 (3447442.011.000) 01/30 23:18:06 Image size of job updated: 388728
	368  -  MemoryUsage of job (MB)
	376724  -  ResidentSetSize of job (KB)
...
006 (3447442.011.000) 01/30 23:23:07 Image size of job updated: 388728
	368  -  MemoryUsage of job (MB)
	376748  -  ResidentSetSize of job (KB)
...
006 (3447442.011.000) 01/30 23:28:07 Image size of job updated: 388728
	368  -  MemoryUsage of job (MB)
	376776  -  ResidentSetSize of job (KB)
...
006 (3447442.011.000) 01/30 23:33:07 Image size of job updated: 388728
	368  -  MemoryUsage of job (MB)
	376780  -  ResidentSetSize of job (KB)
...
006 (3447442.011.000) 01/30 23:48:09 Image size of job updated: 388728
	369  -  MemoryUsage of job (MB)
	376836  -  ResidentSetSize of job (KB)
...
006 (3447442.011.000) 01/30 23:53:09 Image size of job updated: 388728
	369  -  MemoryUsage of job (MB)
	376992  -  ResidentSetSize of job (KB)
...
006 (3447442.011.000) 01/31 00:03:11 Image size of job updated: 388728
	369  -  MemoryUsage of job (MB)
	377004  -  ResidentSetSize of job (KB)
...
006 (3447442.011.000) 01/31 00:13:11 Image size of job updated: 388728
	369  -  MemoryUsage of job (MB)
	377032  -  ResidentSetSize of job (KB)
...
006 (3447442.011.000) 01/31 00:18:12 Image size of job updated: 388728
	369  -  MemoryUsage of job (MB)
	377048  -  ResidentSetSize of job (KB)
...
006 (3447442.011.000) 01/31 01:18:17 Image size of job updated: 388728
	369  -  MemoryUsage of job (MB)
	377056  -  ResidentSetSize of job (KB)
...
006 (3447442.011.000) 01/31 01:28:19 Image size of job updated: 388728
	369  -  MemoryUsage of job (MB)
	377068  -  ResidentSetSize of job (KB)
...
006 (3447442.011.000) 01/31 01:33:19 Image size of job updated: 388728
	369  -  MemoryUsage of job (MB)
	377096  -  ResidentSetSize of job (KB)
...
006 (3447442.011.000) 01/31 01:38:19 Image size of job updated: 388728
	369  -  MemoryUsage of job (MB)
	377160  -  ResidentSetSize of job (KB)
...
006 (3447442.011.000) 01/31 01:43:20 Image size of job updated: 388728
	369  -  MemoryUsage of job (MB)
	377192  -  ResidentSetSize of job (KB)
...
006 (3447442.011.000) 01/31 01:48:21 Image size of job updated: 388728
	369  -  MemoryUsage of job (MB)
	377236  -  ResidentSetSize of job (KB)
...
006 (3447442.011.000) 01/31 01:53:21 Image size of job updated: 388728
	369  -  MemoryUsage of job (MB)
	377264  -  ResidentSetSize of job (KB)
...
006 (3447442.011.000) 01/31 01:58:21 Image size of job updated: 388728
	369  -  MemoryUsage of job (MB)
	377292  -  ResidentSetSize of job (KB)
...
006 (3447442.011.000) 01/31 02:03:22 Image size of job updated: 388728
	369  -  MemoryUsage of job (MB)
	377336  -  ResidentSetSize of job (KB)
...
006 (3447442.011.000) 01/31 02:08:23 Image size of job updated: 388728
	369  -  MemoryUsage of job (MB)
	377348  -  ResidentSetSize of job (KB)
...
006 (3447442.011.000) 01/31 02:13:23 Image size of job updated: 388728
	369  -  MemoryUsage of job (MB)
	377364  -  ResidentSetSize of job (KB)
...
006 (3447442.011.000) 01/31 02:18:23 Image size of job updated: 388728
	369  -  MemoryUsage of job (MB)
	377412  -  ResidentSetSize of job (KB)
...
006 (3447442.011.000) 01/31 02:28:25 Image size of job updated: 388728
	369  -  MemoryUsage of job (MB)
	377424  -  ResidentSetSize of job (KB)
...
006 (3447442.011.000) 01/31 02:38:25 Image size of job updated: 388728
	369  -  MemoryUsage of job (MB)
	377432  -  ResidentSetSize of job (KB)
...
006 (3447442.011.000) 01/31 02:48:27 Image size of job updated: 388728
	369  -  MemoryUsage of job (MB)
	377448  -  ResidentSetSize of job (KB)
...
006 (3447442.011.000) 01/31 02:53:27 Image size of job updated: 388728
	369  -  MemoryUsage of job (MB)
	377484  -  ResidentSetSize of job (KB)
...
006 (3447442.011.000) 01/31 02:58:27 Image size of job updated: 388728
	369  -  MemoryUsage of job (MB)
	377500  -  ResidentSetSize of job (KB)
...
006 (3447442.011.000) 01/31 03:03:28 Image size of job updated: 388728
	369  -  MemoryUsage of job (MB)
	377536  -  ResidentSetSize of job (KB)
...
006 (3447442.011.000) 01/31 03:08:30 Image size of job updated: 388728
	369  -  MemoryUsage of job (MB)
	377552  -  ResidentSetSize of job (KB)
...
006 (3447442.011.000) 01/31 03:13:30 Image size of job updated: 388728
	369  -  MemoryUsage of job (MB)
	377576  -  ResidentSetSize of job (KB)
...
006 (3447442.011.000) 01/31 03:18:30 Image size of job updated: 388728
	369  -  MemoryUsage of job (MB)
	377592  -  ResidentSetSize of job (KB)
...
006 (3447442.011.000) 01/31 03:23:31 Image size of job updated: 388728
	369  -  MemoryUsage of job (MB)
	377596  -  ResidentSetSize of job (KB)
...
006 (3447442.011.000) 01/31 03:28:33 Image size of job updated: 388728
	369  -  MemoryUsage of job (MB)
	377612  -  ResidentSetSize of job (KB)
...
006 (3447442.011.000) 01/31 03:33:33 Image size of job updated: 388728
	369  -  MemoryUsage of job (MB)
	377644  -  ResidentSetSize of job (KB)
...
006 (3447442.011.000) 01/31 03:38:33 Image size of job updated: 388728
	369  -  MemoryUsage of job (MB)
	377664  -  ResidentSetSize of job (KB)
...
006 (3447442.011.000) 01/31 03:43:34 Image size of job updated: 388728
	369  -  MemoryUsage of job (MB)
	377684  -  ResidentSetSize of job (KB)
...
006 (3447442.011.000) 01/31 03:53:36 Image size of job updated: 388728
	369  -  MemoryUsage of job (MB)
	377708  -  ResidentSetSize of job (KB)
...
006 (3447442.011.000) 01/31 03:58:36 Image size of job updated: 388728
	369  -  MemoryUsage of job (MB)
	377716  -  ResidentSetSize of job (KB)
...
006 (3447442.011.000) 01/31 04:03:36 Image size of job updated: 388728
	369  -  MemoryUsage of job (MB)
	377728  -  ResidentSetSize of job (KB)
...
006 (3447442.011.000) 01/31 04:08:37 Image size of job updated: 388728
	369  -  MemoryUsage of job (MB)
	377752  -  ResidentSetSize of job (KB)
...
006 (3447442.011.000) 01/31 04:13:38 Image size of job updated: 388728
	369  -  MemoryUsage of job (MB)
	377776  -  ResidentSetSize of job (KB)
...
006 (3447442.011.000) 01/31 04:18:38 Image size of job updated: 388728
	369  -  MemoryUsage of job (MB)
	377800  -  ResidentSetSize of job (KB)
...
006 (3447442.011.000) 01/31 04:23:38 Image size of job updated: 388728
	369  -  MemoryUsage of job (MB)
	377816  -  ResidentSetSize of job (KB)
...
006 (3447442.011.000) 01/31 04:28:39 Image size of job updated: 388728
	369  -  MemoryUsage of job (MB)
	377824  -  ResidentSetSize of job (KB)
...
006 (3447442.011.000) 01/31 04:33:40 Image size of job updated: 388728
	370  -  MemoryUsage of job (MB)
	377860  -  ResidentSetSize of job (KB)
...
006 (3447442.011.000) 01/31 04:38:40 Image size of job updated: 388728
	370  -  MemoryUsage of job (MB)
	377896  -  ResidentSetSize of job (KB)
...
006 (3447442.011.000) 01/31 04:48:41 Image size of job updated: 388728
	370  -  MemoryUsage of job (MB)
	377924  -  ResidentSetSize of job (KB)
...
006 (3447442.011.000) 01/31 04:53:42 Image size of job updated: 388728
	370  -  MemoryUsage of job (MB)
	377932  -  ResidentSetSize of job (KB)
...
006 (3447442.011.000) 01/31 04:58:42 Image size of job updated: 388728
	370  -  MemoryUsage of job (MB)
	377956  -  ResidentSetSize of job (KB)
...
006 (3447442.011.000) 01/31 05:03:42 Image size of job updated: 388728
	370  -  MemoryUsage of job (MB)
	377972  -  ResidentSetSize of job (KB)
...
006 (3447442.011.000) 01/31 05:08:43 Image size of job updated: 388728
	370  -  MemoryUsage of job (MB)
	378032  -  ResidentSetSize of job (KB)
...
006 (3447442.011.000) 01/31 05:23:44 Image size of job updated: 388728
	370  -  MemoryUsage of job (MB)
	378064  -  ResidentSetSize of job (KB)
...
006 (3447442.011.000) 01/31 05:28:45 Image size of job updated: 388728
	370  -  MemoryUsage of job (MB)
	378076  -  ResidentSetSize of job (KB)
...
006 (3447442.011.000) 01/31 05:33:46 Image size of job updated: 388728
	370  -  MemoryUsage of job (MB)
	378096  -  ResidentSetSize of job (KB)
...
006 (3447442.011.000) 01/31 05:38:46 Image size of job updated: 388728
	370  -  MemoryUsage of job (MB)
	378104  -  ResidentSetSize of job (KB)
...
006 (3447442.011.000) 01/31 05:43:46 Image size of job updated: 388728
	370  -  MemoryUsage of job (MB)
	378140  -  ResidentSetSize of job (KB)
...
006 (3447442.011.000) 01/31 05:48:48 Image size of job updated: 388728
	370  -  MemoryUsage of job (MB)
	378144  -  ResidentSetSize of job (KB)
...
006 (3447442.011.000) 01/31 05:53:48 Image size of job updated: 388728
	370  -  MemoryUsage of job (MB)
	378168  -  ResidentSetSize of job (KB)
...
006 (3447442.011.000) 01/31 05:58:48 Image size of job updated: 388728
	370  -  MemoryUsage of job (MB)
	378200  -  ResidentSetSize of job (KB)
...
006 (3447442.011.000) 01/31 06:08:50 Image size of job updated: 388728
	370  -  MemoryUsage of job (MB)
	378224  -  ResidentSetSize of job (KB)
...
006 (3447442.011.000) 01/31 06:13:50 Image size of job updated: 388728
	370  -  MemoryUsage of job (MB)
	378252  -  ResidentSetSize of job (KB)
...
006 (3447442.011.000) 01/31 06:28:52 Image size of job updated: 388728
	370  -  MemoryUsage of job (MB)
	378280  -  ResidentSetSize of job (KB)
...
006 (3447442.011.000) 01/31 06:33:52 Image size of job updated: 388728
	370  -  MemoryUsage of job (MB)
	378304  -  ResidentSetSize of job (KB)
...
006 (3447442.011.000) 01/31 06:38:53 Image size of job updated: 388728
	370  -  MemoryUsage of job (MB)
	378312  -  ResidentSetSize of job (KB)
...
006 (3447442.011.000) 01/31 06:43:54 Image size of job updated: 388728
	370  -  MemoryUsage of job (MB)
	378332  -  ResidentSetSize of job (KB)
...
006 (3447442.011.000) 01/31 06:48:54 Image size of job updated: 388728
	370  -  MemoryUsage of job (MB)
	378372  -  ResidentSetSize of job (KB)
...
006 (3447442.011.000) 01/31 06:53:54 Image size of job updated: 388728
	370  -  MemoryUsage of job (MB)
	378436  -  ResidentSetSize of job (KB)
...
006 (3447442.011.000) 01/31 07:13:56 Image size of job updated: 388728
	370  -  MemoryUsage of job (MB)
	378460  -  ResidentSetSize of job (KB)
...
006 (3447442.011.000) 01/31 07:18:56 Image size of job updated: 388728
	370  -  MemoryUsage of job (MB)
	378484  -  ResidentSetSize of job (KB)
...
006 (3447442.011.000) 01/31 07:23:57 Image size of job updated: 388728
	370  -  MemoryUsage of job (MB)
	378508  -  ResidentSetSize of job (KB)
...
006 (3447442.011.000) 01/31 07:38:58 Image size of job updated: 388728
	370  -  MemoryUsage of job (MB)
	378572  -  ResidentSetSize of job (KB)
...
006 (3447442.011.000) 01/31 07:43:59 Image size of job updated: 388728
	370  -  MemoryUsage of job (MB)
	378588  -  ResidentSetSize of job (KB)
...
006 (3447442.011.000) 01/31 07:48:59 Image size of job updated: 388728
	370  -  MemoryUsage of job (MB)
	378616  -  ResidentSetSize of job (KB)
...
006 (3447442.011.000) 01/31 07:59:00 Image size of job updated: 388728
	370  -  MemoryUsage of job (MB)
	378652  -  ResidentSetSize of job (KB)
...
006 (3447442.011.000) 01/31 08:04:01 Image size of job updated: 388728
	370  -  MemoryUsage of job (MB)
	378712  -  ResidentSetSize of job (KB)
...
006 (3447442.011.000) 01/31 08:09:01 Image size of job updated: 388728
	370  -  MemoryUsage of job (MB)
	378748  -  ResidentSetSize of job (KB)
...
006 (3447442.011.000) 01/31 09:09:06 Image size of job updated: 388728
	370  -  MemoryUsage of job (MB)
	378756  -  ResidentSetSize of job (KB)
...
006 (3447442.011.000) 01/31 09:19:08 Image size of job updated: 388728
	370  -  MemoryUsage of job (MB)
	378772  -  ResidentSetSize of job (KB)
...
006 (3447442.011.000) 01/31 09:39:10 Image size of job updated: 388728
	370  -  MemoryUsage of job (MB)
	378792  -  ResidentSetSize of job (KB)
...
006 (3447442.011.000) 01/31 09:59:12 Image size of job updated: 388728
	370  -  MemoryUsage of job (MB)
	378796  -  ResidentSetSize of job (KB)
...
006 (3447442.011.000) 01/31 10:04:12 Image size of job updated: 388728
	370  -  MemoryUsage of job (MB)
	378852  -  ResidentSetSize of job (KB)
...
006 (3447442.011.000) 01/31 10:09:12 Image size of job updated: 388728
	371  -  MemoryUsage of job (MB)
	378892  -  ResidentSetSize of job (KB)
...
006 (3447442.011.000) 01/31 10:19:14 Image size of job updated: 388728
	371  -  MemoryUsage of job (MB)
	378900  -  ResidentSetSize of job (KB)
...
006 (3447442.011.000) 01/31 10:44:16 Image size of job updated: 388728
	371  -  MemoryUsage of job (MB)
	378904  -  ResidentSetSize of job (KB)
...
006 (3447442.011.000) 01/31 10:49:16 Image size of job updated: 388728
	371  -  MemoryUsage of job (MB)
	378948  -  ResidentSetSize of job (KB)
...
006 (3447442.011.000) 01/31 10:59:18 Image size of job updated: 388728
	371  -  MemoryUsage of job (MB)
	378952  -  ResidentSetSize of job (KB)
...
006 (3447442.011.000) 01/31 11:04:18 Image size of job updated: 388728
	371  -  MemoryUsage of job (MB)
	378980  -  ResidentSetSize of job (KB)
...
006 (3447442.011.000) 01/31 11:14:19 Image size of job updated: 388728
	371  -  MemoryUsage of job (MB)
	378988  -  ResidentSetSize of job (KB)
...
006 (3447442.011.000) 01/31 12:34:27 Image size of job updated: 388728
	371  -  MemoryUsage of job (MB)
	379044  -  ResidentSetSize of job (KB)
...
006 (3447442.011.000) 01/31 12:59:29 Image size of job updated: 388728
	371  -  MemoryUsage of job (MB)
	379088  -  ResidentSetSize of job (KB)
...
006 (3447442.011.000) 01/31 13:09:31 Image size of job updated: 388728
	371  -  MemoryUsage of job (MB)
	379132  -  ResidentSetSize of job (KB)
...
006 (3447442.011.000) 01/31 13:14:31 Image size of job updated: 388728
	371  -  MemoryUsage of job (MB)
	379148  -  ResidentSetSize of job (KB)
...
006 (3447442.011.000) 01/31 13:44:35 Image size of job updated: 388728
	371  -  MemoryUsage of job (MB)
	379180  -  ResidentSetSize of job (KB)
...
006 (3447442.011.000) 01/31 13:49:36 Image size of job updated: 388728
	371  -  MemoryUsage of job (MB)
	379184  -  ResidentSetSize of job (KB)
...
006 (3447442.011.000) 01/31 13:54:36 Image size of job updated: 388728
	371  -  MemoryUsage of job (MB)
	379220  -  ResidentSetSize of job (KB)
...
006 (3447442.011.000) 01/31 13:59:36 Image size of job updated: 388728
	371  -  MemoryUsage of job (MB)
	379244  -  ResidentSetSize of job (KB)
...
040 (3447442.011.000) 02/01 07:54:28 Started transferring input files
	Transferring to host: <128.142.122.169:9618?addrs=128.142.122.169-9618+[2001-1458-301-b5--100-4d6]-9618&noUDP&sock=26360_c129_24955>
...
040 (3447442.011.000) 02/01 07:54:28 Finished transferring input files
...
001 (3447442.011.000) 02/01 07:54:29 Job executing on host: <128.142.122.169:9618?addrs=128.142.122.169-9618+[2001-1458-301-b5--100-4d6]-9618&noUDP&sock=26297_2218_3>
...
040 (3447442.011.000) 02/01 07:55:10 Started transferring output files
...
040 (3447442.011.000) 02/01 07:55:10 Finished transferring output files
...
005 (3447442.011.000) 02/01 07:55:10 Job terminated.
	(1) Normal termination (return value 0)
		Usr 0 00:00:07, Sys 0 00:00:05  -  Run Remote Usage
		Usr 0 00:00:00, Sys 0 00:00:00  -  Run Local Usage
		Usr 0 00:00:07, Sys 0 00:00:05  -  Total Remote Usage
		Usr 0 00:00:00, Sys 0 00:00:00  -  Total Local Usage
	9715  -  Run Bytes Sent By Job
	493  -  Run Bytes Received By Job
	9715  -  Total Bytes Sent By Job
	986  -  Total Bytes Received By Job
	Partitionable Resources :    Usage  Request Allocated 
	   Cpus                 :                 1           
	   Disk (KB)            :       24       40   2118976 
	   Memory (MB)          :      391     2000      2000 
...
