000 (3447439.001.000) 01/30 07:32:22 Job submitted from host: <188.185.71.142:9618?addrs=188.185.71.142-9618+[2001-1458-d00-7--100-388]-9618&alias=bigbird09.cern.ch&noUDP&sock=schedd_2208_1533_7>
...
000 (3447441.002.000) 01/30 07:32:58 Job submitted from host: <188.185.71.142:9618?addrs=188.185.71.142-9618+[2001-1458-d00-7--100-388]-9618&alias=bigbird09.cern.ch&noUDP&sock=schedd_2208_1533_7>
...
040 (3447439.001.000) 01/30 07:55:28 Started transferring input files
	Transferring to host: <188.184.138.15:9618?addrs=188.184.138.15-9618+[2001-1458-301-45--100-d]-9618&noUDP&sock=7565_fa0d_177497>
...
040 (3447439.001.000) 01/30 07:55:28 Finished transferring input files
...
001 (3447439.001.000) 01/30 07:55:29 Job executing on host: <188.184.138.15:9618?addrs=188.184.138.15-9618+[2001-1458-301-45--100-d]-9618&noUDP&sock=5696_8f8a_3>
...
006 (3447439.001.000) 01/30 07:55:38 Image size of job updated: 5252
	4  -  MemoryUsage of job (MB)
	4056  -  ResidentSetSize of job (KB)
...
040 (3447441.002.000) 01/30 07:56:08 Started transferring input files
	Transferring to host: <188.184.197.202:9618?addrs=188.184.197.202-9618+[2001-1458-301-103--100-dd]-9618&noUDP&sock=20514_b7fb_192851>
...
040 (3447441.002.000) 01/30 07:56:08 Finished transferring input files
...
001 (3447441.002.000) 01/30 07:56:09 Job executing on host: <188.184.197.202:9618?addrs=188.184.197.202-9618+[2001-1458-301-103--100-dd]-9618&noUDP&sock=20369_04ac_3>
...
006 (3447441.002.000) 01/30 07:56:17 Image size of job updated: 68
	0  -  MemoryUsage of job (MB)
	0  -  ResidentSetSize of job (KB)
...
040 (3447441.002.000) 01/30 07:56:17 Started transferring output files
...
040 (3447441.002.000) 01/30 07:56:17 Finished transferring output files
...
005 (3447441.002.000) 01/30 07:56:17 Job terminated.
	(1) Normal termination (return value 0)
		Usr 0 00:00:02, Sys 0 00:00:03  -  Run Remote Usage
		Usr 0 00:00:00, Sys 0 00:00:00  -  Run Local Usage
		Usr 0 00:00:02, Sys 0 00:00:03  -  Total Remote Usage
		Usr 0 00:00:00, Sys 0 00:00:00  -  Total Local Usage
	327  -  Run Bytes Sent By Job
	493  -  Run Bytes Received By Job
	327  -  Total Bytes Sent By Job
	493  -  Total Bytes Received By Job
	Partitionable Resources :    Usage  Request Allocated 
	   Cpus                 :                 1           
	   Disk (KB)            :       17        1   2911774 
	   Memory (MB)          :        0     2000      2000 
...
006 (3447439.001.000) 01/30 08:00:38 Image size of job updated: 168608
	162  -  MemoryUsage of job (MB)
	165608  -  ResidentSetSize of job (KB)
...
006 (3447439.001.000) 01/30 08:05:38 Image size of job updated: 168708
	162  -  MemoryUsage of job (MB)
	165708  -  ResidentSetSize of job (KB)
...
006 (3447439.001.000) 01/30 08:10:39 Image size of job updated: 168752
	162  -  MemoryUsage of job (MB)
	165752  -  ResidentSetSize of job (KB)
...
006 (3447439.001.000) 01/30 08:15:40 Image size of job updated: 168776
	162  -  MemoryUsage of job (MB)
	165776  -  ResidentSetSize of job (KB)
...
006 (3447439.001.000) 01/30 08:20:40 Image size of job updated: 168808
	162  -  MemoryUsage of job (MB)
	165808  -  ResidentSetSize of job (KB)
...
006 (3447439.001.000) 01/30 08:25:41 Image size of job updated: 168860
	162  -  MemoryUsage of job (MB)
	165860  -  ResidentSetSize of job (KB)
...
006 (3447439.001.000) 01/30 08:30:42 Image size of job updated: 168880
	162  -  MemoryUsage of job (MB)
	165880  -  ResidentSetSize of job (KB)
...
006 (3447439.001.000) 01/30 08:35:42 Image size of job updated: 168884
	162  -  MemoryUsage of job (MB)
	165884  -  ResidentSetSize of job (KB)
...
006 (3447439.001.000) 01/30 08:40:43 Image size of job updated: 168916
	163  -  MemoryUsage of job (MB)
	165916  -  ResidentSetSize of job (KB)
...
006 (3447439.001.000) 01/30 08:50:44 Image size of job updated: 168932
	163  -  MemoryUsage of job (MB)
	165932  -  ResidentSetSize of job (KB)
...
006 (3447439.001.000) 01/30 08:55:44 Image size of job updated: 168936
	163  -  MemoryUsage of job (MB)
	165936  -  ResidentSetSize of job (KB)
...
006 (3447439.001.000) 01/30 09:10:45 Image size of job updated: 168948
	163  -  MemoryUsage of job (MB)
	165948  -  ResidentSetSize of job (KB)
...
006 (3447439.001.000) 01/30 09:50:50 Image size of job updated: 168976
	163  -  MemoryUsage of job (MB)
	165976  -  ResidentSetSize of job (KB)
...
006 (3447439.001.000) 01/30 11:45:59 Image size of job updated: 169024
	163  -  MemoryUsage of job (MB)
	165976  -  ResidentSetSize of job (KB)
...
006 (3447439.001.000) 01/30 12:51:07 Image size of job updated: 170568
	164  -  MemoryUsage of job (MB)
	167520  -  ResidentSetSize of job (KB)
...
006 (3447439.001.000) 01/30 12:56:08 Image size of job updated: 170760
	164  -  MemoryUsage of job (MB)
	167712  -  ResidentSetSize of job (KB)
...
006 (3447439.001.000) 01/30 13:01:08 Image size of job updated: 170956
	164  -  MemoryUsage of job (MB)
	167908  -  ResidentSetSize of job (KB)
...
006 (3447439.001.000) 01/30 13:06:09 Image size of job updated: 171088
	165  -  MemoryUsage of job (MB)
	168040  -  ResidentSetSize of job (KB)
...
006 (3447439.001.000) 01/30 13:11:10 Image size of job updated: 171220
	165  -  MemoryUsage of job (MB)
	168172  -  ResidentSetSize of job (KB)
...
006 (3447439.001.000) 01/30 13:16:10 Image size of job updated: 171228
	165  -  MemoryUsage of job (MB)
	168180  -  ResidentSetSize of job (KB)
...
006 (3447439.001.000) 01/30 13:21:11 Image size of job updated: 171480
	165  -  MemoryUsage of job (MB)
	168432  -  ResidentSetSize of job (KB)
...
006 (3447439.001.000) 01/30 13:26:12 Image size of job updated: 171512
	165  -  MemoryUsage of job (MB)
	168464  -  ResidentSetSize of job (KB)
...
006 (3447439.001.000) 01/30 13:31:12 Image size of job updated: 171512
	165  -  MemoryUsage of job (MB)
	168496  -  ResidentSetSize of job (KB)
...
006 (3447439.001.000) 01/30 13:46:13 Image size of job updated: 171512
	165  -  MemoryUsage of job (MB)
	168576  -  ResidentSetSize of job (KB)
...
006 (3447439.001.000) 01/30 13:51:13 Image size of job updated: 171512
	165  -  MemoryUsage of job (MB)
	168628  -  ResidentSetSize of job (KB)
...
006 (3447439.001.000) 01/30 13:56:14 Image size of job updated: 171512
	165  -  MemoryUsage of job (MB)
	168668  -  ResidentSetSize of job (KB)
...
006 (3447439.001.000) 01/30 14:01:14 Image size of job updated: 171512
	165  -  MemoryUsage of job (MB)
	168676  -  ResidentSetSize of job (KB)
...
006 (3447439.001.000) 01/30 14:06:14 Image size of job updated: 171512
	165  -  MemoryUsage of job (MB)
	168700  -  ResidentSetSize of job (KB)
...
006 (3447439.001.000) 01/30 14:11:15 Image size of job updated: 171512
	165  -  MemoryUsage of job (MB)
	168732  -  ResidentSetSize of job (KB)
...
006 (3447439.001.000) 01/30 14:16:16 Image size of job updated: 171512
	165  -  MemoryUsage of job (MB)
	168740  -  ResidentSetSize of job (KB)
...
006 (3447439.001.000) 01/30 14:21:16 Image size of job updated: 171512
	165  -  MemoryUsage of job (MB)
	168756  -  ResidentSetSize of job (KB)
...
006 (3447439.001.000) 01/30 14:36:18 Image size of job updated: 171512
	165  -  MemoryUsage of job (MB)
	168780  -  ResidentSetSize of job (KB)
...
006 (3447439.001.000) 01/30 14:41:18 Image size of job updated: 171512
	165  -  MemoryUsage of job (MB)
	168804  -  ResidentSetSize of job (KB)
...
006 (3447439.001.000) 01/30 14:46:19 Image size of job updated: 171512
	165  -  MemoryUsage of job (MB)
	168824  -  ResidentSetSize of job (KB)
...
006 (3447439.001.000) 01/30 14:51:20 Image size of job updated: 171512
	165  -  MemoryUsage of job (MB)
	168836  -  ResidentSetSize of job (KB)
...
006 (3447439.001.000) 01/30 14:56:20 Image size of job updated: 171512
	165  -  MemoryUsage of job (MB)
	168852  -  ResidentSetSize of job (KB)
...
006 (3447439.001.000) 01/30 15:01:20 Image size of job updated: 171512
	165  -  MemoryUsage of job (MB)
	168864  -  ResidentSetSize of job (KB)
...
006 (3447439.001.000) 01/30 15:06:21 Image size of job updated: 171512
	165  -  MemoryUsage of job (MB)
	168884  -  ResidentSetSize of job (KB)
...
006 (3447439.001.000) 01/30 15:11:21 Image size of job updated: 171512
	165  -  MemoryUsage of job (MB)
	168896  -  ResidentSetSize of job (KB)
...
006 (3447439.001.000) 01/30 15:16:21 Image size of job updated: 171512
	165  -  MemoryUsage of job (MB)
	168908  -  ResidentSetSize of job (KB)
...
006 (3447439.001.000) 01/30 15:21:22 Image size of job updated: 171512
	165  -  MemoryUsage of job (MB)
	168920  -  ResidentSetSize of job (KB)
...
006 (3447439.001.000) 01/30 15:26:23 Image size of job updated: 171512
	165  -  MemoryUsage of job (MB)
	168932  -  ResidentSetSize of job (KB)
...
006 (3447439.001.000) 01/30 15:31:23 Image size of job updated: 171512
	165  -  MemoryUsage of job (MB)
	168944  -  ResidentSetSize of job (KB)
...
006 (3447439.001.000) 01/30 15:36:24 Image size of job updated: 171512
	166  -  MemoryUsage of job (MB)
	168972  -  ResidentSetSize of job (KB)
...
006 (3447439.001.000) 01/30 15:46:25 Image size of job updated: 171512
	166  -  MemoryUsage of job (MB)
	169004  -  ResidentSetSize of job (KB)
...
006 (3447439.001.000) 01/30 15:51:25 Image size of job updated: 171512
	166  -  MemoryUsage of job (MB)
	169040  -  ResidentSetSize of job (KB)
...
006 (3447439.001.000) 01/30 15:56:26 Image size of job updated: 171512
	166  -  MemoryUsage of job (MB)
	169068  -  ResidentSetSize of job (KB)
...
006 (3447439.001.000) 01/30 16:01:26 Image size of job updated: 171512
	166  -  MemoryUsage of job (MB)
	169080  -  ResidentSetSize of job (KB)
...
006 (3447439.001.000) 01/30 16:11:27 Image size of job updated: 171512
	166  -  MemoryUsage of job (MB)
	169104  -  ResidentSetSize of job (KB)
...
006 (3447439.001.000) 01/30 16:16:28 Image size of job updated: 171512
	166  -  MemoryUsage of job (MB)
	169148  -  ResidentSetSize of job (KB)
...
006 (3447439.001.000) 01/30 16:26:29 Image size of job updated: 171512
	166  -  MemoryUsage of job (MB)
	169152  -  ResidentSetSize of job (KB)
...
006 (3447439.001.000) 01/30 16:31:30 Image size of job updated: 171512
	166  -  MemoryUsage of job (MB)
	169172  -  ResidentSetSize of job (KB)
...
006 (3447439.001.000) 01/30 16:36:30 Image size of job updated: 171512
	166  -  MemoryUsage of job (MB)
	169188  -  ResidentSetSize of job (KB)
...
006 (3447439.001.000) 01/30 16:41:31 Image size of job updated: 171512
	166  -  MemoryUsage of job (MB)
	169212  -  ResidentSetSize of job (KB)
...
006 (3447439.001.000) 01/30 16:46:32 Image size of job updated: 171512
	166  -  MemoryUsage of job (MB)
	169256  -  ResidentSetSize of job (KB)
...
006 (3447439.001.000) 01/30 16:51:32 Image size of job updated: 171512
	166  -  MemoryUsage of job (MB)
	169268  -  ResidentSetSize of job (KB)
...
006 (3447439.001.000) 01/30 17:01:34 Image size of job updated: 171512
	166  -  MemoryUsage of job (MB)
	169316  -  ResidentSetSize of job (KB)
...
006 (3447439.001.000) 01/30 17:16:35 Image size of job updated: 171512
	166  -  MemoryUsage of job (MB)
	169372  -  ResidentSetSize of job (KB)
...
006 (3447439.001.000) 01/30 17:21:36 Image size of job updated: 171512
	166  -  MemoryUsage of job (MB)
	169388  -  ResidentSetSize of job (KB)
...
006 (3447439.001.000) 01/30 17:26:36 Image size of job updated: 171512
	166  -  MemoryUsage of job (MB)
	169396  -  ResidentSetSize of job (KB)
...
006 (3447439.001.000) 01/30 17:36:38 Image size of job updated: 171512
	166  -  MemoryUsage of job (MB)
	169440  -  ResidentSetSize of job (KB)
...
006 (3447439.001.000) 01/30 17:46:38 Image size of job updated: 171512
	166  -  MemoryUsage of job (MB)
	169464  -  ResidentSetSize of job (KB)
...
006 (3447439.001.000) 01/30 17:51:39 Image size of job updated: 171512
	166  -  MemoryUsage of job (MB)
	169468  -  ResidentSetSize of job (KB)
...
006 (3447439.001.000) 01/30 18:06:40 Image size of job updated: 171512
	166  -  MemoryUsage of job (MB)
	169492  -  ResidentSetSize of job (KB)
...
006 (3447439.001.000) 01/30 18:16:41 Image size of job updated: 171512
	166  -  MemoryUsage of job (MB)
	169552  -  ResidentSetSize of job (KB)
...
006 (3447439.001.000) 01/30 18:21:41 Image size of job updated: 171512
	166  -  MemoryUsage of job (MB)
	169580  -  ResidentSetSize of job (KB)
...
006 (3447439.001.000) 01/30 18:31:43 Image size of job updated: 171512
	166  -  MemoryUsage of job (MB)
	169660  -  ResidentSetSize of job (KB)
...
006 (3447439.001.000) 01/30 18:36:43 Image size of job updated: 171512
	166  -  MemoryUsage of job (MB)
	169696  -  ResidentSetSize of job (KB)
...
006 (3447439.001.000) 01/30 18:41:44 Image size of job updated: 171512
	166  -  MemoryUsage of job (MB)
	169724  -  ResidentSetSize of job (KB)
...
006 (3447439.001.000) 01/30 18:46:45 Image size of job updated: 171512
	166  -  MemoryUsage of job (MB)
	169768  -  ResidentSetSize of job (KB)
...
006 (3447439.001.000) 01/30 18:51:45 Image size of job updated: 171512
	166  -  MemoryUsage of job (MB)
	169812  -  ResidentSetSize of job (KB)
...
006 (3447439.001.000) 01/30 18:56:46 Image size of job updated: 171512
	167  -  MemoryUsage of job (MB)
	170132  -  ResidentSetSize of job (KB)
...
040 (3447439.001.000) 01/30 19:00:09 Started transferring output files
...
040 (3447439.001.000) 01/30 19:00:09 Finished transferring output files
...
005 (3447439.001.000) 01/30 19:00:09 Job terminated.
	(1) Normal termination (return value 0)
		Usr 0 10:53:51, Sys 0 00:00:22  -  Run Remote Usage
		Usr 0 00:00:00, Sys 0 00:00:00  -  Run Local Usage
		Usr 0 10:53:51, Sys 0 00:00:22  -  Total Remote Usage
		Usr 0 00:00:00, Sys 0 00:00:00  -  Total Local Usage
	34480  -  Run Bytes Sent By Job
	493  -  Run Bytes Received By Job
	34480  -  Total Bytes Sent By Job
	493  -  Total Bytes Received By Job
	Partitionable Resources :    Usage  Request Allocated 
	   Cpus                 :                 1           
	   Disk (KB)            :       47        1   2782362 
	   Memory (MB)          :      167     2000      2000 
...
