000 (3444395.010.000) 01/29 18:50:40 Job submitted from host: <188.185.71.142:9618?addrs=188.185.71.142-9618+[2001-1458-d00-7--100-388]-9618&alias=bigbird09.cern.ch&noUDP&sock=schedd_2208_1533_7>
...
040 (3444395.010.000) 01/29 21:45:57 Started transferring input files
	Transferring to host: <188.184.190.243:9618?addrs=188.184.190.243-9618+[2001-1458-301-4b--100-d7]-9618&noUDP&sock=1035_0043_197618>
...
040 (3444395.010.000) 01/29 21:45:57 Finished transferring input files
...
001 (3444395.010.000) 01/29 21:45:58 Job executing on host: <188.184.190.243:9618?addrs=188.184.190.243-9618+[2001-1458-301-4b--100-d7]-9618&noUDP&sock=5626_8be9_3>
...
006 (3444395.010.000) 01/29 21:46:07 Image size of job updated: 1872
	2  -  MemoryUsage of job (MB)
	1620  -  ResidentSetSize of job (KB)
...
006 (3444395.010.000) 01/29 21:51:08 Image size of job updated: 437440
	355  -  MemoryUsage of job (MB)
	362568  -  ResidentSetSize of job (KB)
...
006 (3444395.010.000) 01/29 22:31:11 Image size of job updated: 437440
	355  -  MemoryUsage of job (MB)
	362596  -  ResidentSetSize of job (KB)
...
006 (3444395.010.000) 01/29 22:41:12 Image size of job updated: 437440
	355  -  MemoryUsage of job (MB)
	362608  -  ResidentSetSize of job (KB)
...
006 (3444395.010.000) 01/30 01:46:32 Image size of job updated: 437440
	355  -  MemoryUsage of job (MB)
	362612  -  ResidentSetSize of job (KB)
...
006 (3444395.010.000) 01/30 01:51:33 Image size of job updated: 437440
	355  -  MemoryUsage of job (MB)
	362656  -  ResidentSetSize of job (KB)
...
006 (3444395.010.000) 01/30 01:56:33 Image size of job updated: 437440
	355  -  MemoryUsage of job (MB)
	362688  -  ResidentSetSize of job (KB)
...
006 (3444395.010.000) 01/30 02:11:34 Image size of job updated: 437440
	355  -  MemoryUsage of job (MB)
	362692  -  ResidentSetSize of job (KB)
...
006 (3444395.010.000) 01/30 02:16:34 Image size of job updated: 437440
	355  -  MemoryUsage of job (MB)
	362700  -  ResidentSetSize of job (KB)
...
006 (3444395.010.000) 01/30 02:21:35 Image size of job updated: 437440
	355  -  MemoryUsage of job (MB)
	362712  -  ResidentSetSize of job (KB)
...
006 (3444395.010.000) 01/30 02:26:35 Image size of job updated: 437440
	355  -  MemoryUsage of job (MB)
	362756  -  ResidentSetSize of job (KB)
...
006 (3444395.010.000) 01/30 02:31:35 Image size of job updated: 437440
	355  -  MemoryUsage of job (MB)
	362772  -  ResidentSetSize of job (KB)
...
006 (3444395.010.000) 01/30 02:41:36 Image size of job updated: 437440
	355  -  MemoryUsage of job (MB)
	362880  -  ResidentSetSize of job (KB)
...
006 (3444395.010.000) 01/30 02:46:36 Image size of job updated: 437440
	355  -  MemoryUsage of job (MB)
	362940  -  ResidentSetSize of job (KB)
...
006 (3444395.010.000) 01/30 02:51:37 Image size of job updated: 437440
	355  -  MemoryUsage of job (MB)
	363020  -  ResidentSetSize of job (KB)
...
006 (3444395.010.000) 01/30 02:56:37 Image size of job updated: 437440
	355  -  MemoryUsage of job (MB)
	363080  -  ResidentSetSize of job (KB)
...
006 (3444395.010.000) 01/30 03:01:37 Image size of job updated: 437440
	355  -  MemoryUsage of job (MB)
	363180  -  ResidentSetSize of job (KB)
...
006 (3444395.010.000) 01/30 03:06:38 Image size of job updated: 437440
	355  -  MemoryUsage of job (MB)
	363244  -  ResidentSetSize of job (KB)
...
006 (3444395.010.000) 01/30 03:11:38 Image size of job updated: 437440
	355  -  MemoryUsage of job (MB)
	363248  -  ResidentSetSize of job (KB)
...
006 (3444395.010.000) 01/30 03:16:38 Image size of job updated: 437440
	355  -  MemoryUsage of job (MB)
	363352  -  ResidentSetSize of job (KB)
...
006 (3444395.010.000) 01/30 03:21:39 Image size of job updated: 437440
	355  -  MemoryUsage of job (MB)
	363480  -  ResidentSetSize of job (KB)
...
006 (3444395.010.000) 01/30 03:26:39 Image size of job updated: 437440
	356  -  MemoryUsage of job (MB)
	363564  -  ResidentSetSize of job (KB)
...
006 (3444395.010.000) 01/30 03:31:39 Image size of job updated: 437440
	356  -  MemoryUsage of job (MB)
	363600  -  ResidentSetSize of job (KB)
...
006 (3444395.010.000) 01/30 03:36:41 Image size of job updated: 437440
	356  -  MemoryUsage of job (MB)
	363676  -  ResidentSetSize of job (KB)
...
006 (3444395.010.000) 01/30 03:41:41 Image size of job updated: 437440
	356  -  MemoryUsage of job (MB)
	363748  -  ResidentSetSize of job (KB)
...
006 (3444395.010.000) 01/30 03:46:41 Image size of job updated: 437440
	356  -  MemoryUsage of job (MB)
	363844  -  ResidentSetSize of job (KB)
...
006 (3444395.010.000) 01/30 03:56:43 Image size of job updated: 437440
	356  -  MemoryUsage of job (MB)
	363940  -  ResidentSetSize of job (KB)
...
006 (3444395.010.000) 01/30 04:01:43 Image size of job updated: 437440
	356  -  MemoryUsage of job (MB)
	364024  -  ResidentSetSize of job (KB)
...
006 (3444395.010.000) 01/30 04:06:44 Image size of job updated: 437440
	356  -  MemoryUsage of job (MB)
	364152  -  ResidentSetSize of job (KB)
...
006 (3444395.010.000) 01/30 04:11:45 Image size of job updated: 437440
	356  -  MemoryUsage of job (MB)
	364196  -  ResidentSetSize of job (KB)
...
006 (3444395.010.000) 01/30 04:16:45 Image size of job updated: 437440
	356  -  MemoryUsage of job (MB)
	364228  -  ResidentSetSize of job (KB)
...
006 (3444395.010.000) 01/30 04:21:46 Image size of job updated: 437440
	356  -  MemoryUsage of job (MB)
	364364  -  ResidentSetSize of job (KB)
...
006 (3444395.010.000) 01/30 04:26:47 Image size of job updated: 437440
	356  -  MemoryUsage of job (MB)
	364420  -  ResidentSetSize of job (KB)
...
006 (3444395.010.000) 01/30 04:31:47 Image size of job updated: 437440
	356  -  MemoryUsage of job (MB)
	364508  -  ResidentSetSize of job (KB)
...
006 (3444395.010.000) 01/30 04:36:48 Image size of job updated: 437440
	357  -  MemoryUsage of job (MB)
	364644  -  ResidentSetSize of job (KB)
...
006 (3444395.010.000) 01/30 04:41:49 Image size of job updated: 437440
	357  -  MemoryUsage of job (MB)
	364748  -  ResidentSetSize of job (KB)
...
006 (3444395.010.000) 01/30 04:46:49 Image size of job updated: 437440
	357  -  MemoryUsage of job (MB)
	364856  -  ResidentSetSize of job (KB)
...
006 (3444395.010.000) 01/30 04:51:50 Image size of job updated: 437440
	357  -  MemoryUsage of job (MB)
	364888  -  ResidentSetSize of job (KB)
...
006 (3444395.010.000) 01/30 04:56:51 Image size of job updated: 437440
	357  -  MemoryUsage of job (MB)
	364992  -  ResidentSetSize of job (KB)
...
006 (3444395.010.000) 01/30 05:01:51 Image size of job updated: 437440
	357  -  MemoryUsage of job (MB)
	365104  -  ResidentSetSize of job (KB)
...
006 (3444395.010.000) 01/30 05:06:51 Image size of job updated: 437440
	357  -  MemoryUsage of job (MB)
	365188  -  ResidentSetSize of job (KB)
...
006 (3444395.010.000) 01/30 05:11:52 Image size of job updated: 437440
	357  -  MemoryUsage of job (MB)
	365236  -  ResidentSetSize of job (KB)
...
006 (3444395.010.000) 01/30 05:16:52 Image size of job updated: 437440
	357  -  MemoryUsage of job (MB)
	365356  -  ResidentSetSize of job (KB)
...
006 (3444395.010.000) 01/30 05:21:52 Image size of job updated: 437440
	357  -  MemoryUsage of job (MB)
	365436  -  ResidentSetSize of job (KB)
...
006 (3444395.010.000) 01/30 05:26:53 Image size of job updated: 437440
	357  -  MemoryUsage of job (MB)
	365516  -  ResidentSetSize of job (KB)
...
006 (3444395.010.000) 01/30 05:31:53 Image size of job updated: 437440
	358  -  MemoryUsage of job (MB)
	365600  -  ResidentSetSize of job (KB)
...
006 (3444395.010.000) 01/30 05:41:54 Image size of job updated: 437440
	358  -  MemoryUsage of job (MB)
	365704  -  ResidentSetSize of job (KB)
...
006 (3444395.010.000) 01/30 05:46:54 Image size of job updated: 437440
	358  -  MemoryUsage of job (MB)
	365820  -  ResidentSetSize of job (KB)
...
006 (3444395.010.000) 01/30 05:51:54 Image size of job updated: 437440
	358  -  MemoryUsage of job (MB)
	365888  -  ResidentSetSize of job (KB)
...
006 (3444395.010.000) 01/30 05:56:55 Image size of job updated: 437440
	358  -  MemoryUsage of job (MB)
	365940  -  ResidentSetSize of job (KB)
...
006 (3444395.010.000) 01/30 06:06:56 Image size of job updated: 437440
	358  -  MemoryUsage of job (MB)
	366064  -  ResidentSetSize of job (KB)
...
006 (3444395.010.000) 01/30 06:11:57 Image size of job updated: 437440
	358  -  MemoryUsage of job (MB)
	366140  -  ResidentSetSize of job (KB)
...
006 (3444395.010.000) 01/30 06:16:57 Image size of job updated: 437440
	358  -  MemoryUsage of job (MB)
	366220  -  ResidentSetSize of job (KB)
...
006 (3444395.010.000) 01/30 06:21:58 Image size of job updated: 437440
	358  -  MemoryUsage of job (MB)
	366288  -  ResidentSetSize of job (KB)
...
006 (3444395.010.000) 01/30 06:26:59 Image size of job updated: 437440
	358  -  MemoryUsage of job (MB)
	366348  -  ResidentSetSize of job (KB)
...
006 (3444395.010.000) 01/30 06:31:59 Image size of job updated: 437440
	358  -  MemoryUsage of job (MB)
	366376  -  ResidentSetSize of job (KB)
...
006 (3444395.010.000) 01/30 06:37:00 Image size of job updated: 437440
	359  -  MemoryUsage of job (MB)
	366952  -  ResidentSetSize of job (KB)
...
006 (3444395.010.000) 01/30 06:42:01 Image size of job updated: 437440
	360  -  MemoryUsage of job (MB)
	367876  -  ResidentSetSize of job (KB)
...
006 (3444395.010.000) 01/30 06:47:01 Image size of job updated: 437440
	360  -  MemoryUsage of job (MB)
	368020  -  ResidentSetSize of job (KB)
...
006 (3444395.010.000) 01/30 06:52:02 Image size of job updated: 437440
	361  -  MemoryUsage of job (MB)
	369212  -  ResidentSetSize of job (KB)
...
006 (3444395.010.000) 01/30 06:57:03 Image size of job updated: 437440
	361  -  MemoryUsage of job (MB)
	369280  -  ResidentSetSize of job (KB)
...
006 (3444395.010.000) 01/30 07:07:03 Image size of job updated: 437440
	361  -  MemoryUsage of job (MB)
	369352  -  ResidentSetSize of job (KB)
...
006 (3444395.010.000) 01/30 07:17:04 Image size of job updated: 437440
	361  -  MemoryUsage of job (MB)
	369432  -  ResidentSetSize of job (KB)
...
006 (3444395.010.000) 01/30 07:22:04 Image size of job updated: 437440
	361  -  MemoryUsage of job (MB)
	369476  -  ResidentSetSize of job (KB)
...
006 (3444395.010.000) 01/30 07:27:05 Image size of job updated: 437440
	361  -  MemoryUsage of job (MB)
	369500  -  ResidentSetSize of job (KB)
...
006 (3444395.010.000) 01/30 07:32:05 Image size of job updated: 437440
	361  -  MemoryUsage of job (MB)
	369580  -  ResidentSetSize of job (KB)
...
006 (3444395.010.000) 01/30 07:37:05 Image size of job updated: 437440
	361  -  MemoryUsage of job (MB)
	369616  -  ResidentSetSize of job (KB)
...
006 (3444395.010.000) 01/30 07:42:06 Image size of job updated: 437440
	362  -  MemoryUsage of job (MB)
	369700  -  ResidentSetSize of job (KB)
...
006 (3444395.010.000) 01/30 07:47:06 Image size of job updated: 437440
	362  -  MemoryUsage of job (MB)
	369764  -  ResidentSetSize of job (KB)
...
006 (3444395.010.000) 01/30 07:52:06 Image size of job updated: 437440
	362  -  MemoryUsage of job (MB)
	369800  -  ResidentSetSize of job (KB)
...
006 (3444395.010.000) 01/30 07:57:07 Image size of job updated: 437440
	362  -  MemoryUsage of job (MB)
	369804  -  ResidentSetSize of job (KB)
...
006 (3444395.010.000) 01/30 08:02:07 Image size of job updated: 437440
	362  -  MemoryUsage of job (MB)
	369864  -  ResidentSetSize of job (KB)
...
006 (3444395.010.000) 01/30 08:07:07 Image size of job updated: 437440
	362  -  MemoryUsage of job (MB)
	369928  -  ResidentSetSize of job (KB)
...
006 (3444395.010.000) 01/30 08:12:08 Image size of job updated: 437440
	362  -  MemoryUsage of job (MB)
	370064  -  ResidentSetSize of job (KB)
...
006 (3444395.010.000) 01/30 08:17:09 Image size of job updated: 437440
	362  -  MemoryUsage of job (MB)
	370144  -  ResidentSetSize of job (KB)
...
006 (3444395.010.000) 01/30 08:22:09 Image size of job updated: 437440
	362  -  MemoryUsage of job (MB)
	370216  -  ResidentSetSize of job (KB)
...
006 (3444395.010.000) 01/30 08:27:10 Image size of job updated: 437440
	362  -  MemoryUsage of job (MB)
	370256  -  ResidentSetSize of job (KB)
...
006 (3444395.010.000) 01/30 08:32:11 Image size of job updated: 437440
	362  -  MemoryUsage of job (MB)
	370332  -  ResidentSetSize of job (KB)
...
006 (3444395.010.000) 01/30 08:37:11 Image size of job updated: 437440
	362  -  MemoryUsage of job (MB)
	370356  -  ResidentSetSize of job (KB)
...
006 (3444395.010.000) 01/30 08:42:12 Image size of job updated: 437440
	362  -  MemoryUsage of job (MB)
	370424  -  ResidentSetSize of job (KB)
...
006 (3444395.010.000) 01/30 08:47:13 Image size of job updated: 437440
	362  -  MemoryUsage of job (MB)
	370448  -  ResidentSetSize of job (KB)
...
006 (3444395.010.000) 01/30 08:52:13 Image size of job updated: 437440
	362  -  MemoryUsage of job (MB)
	370524  -  ResidentSetSize of job (KB)
...
006 (3444395.010.000) 01/30 08:57:14 Image size of job updated: 437440
	362  -  MemoryUsage of job (MB)
	370640  -  ResidentSetSize of job (KB)
...
006 (3444395.010.000) 01/30 09:11:17 Image size of job updated: 437440
	363  -  MemoryUsage of job (MB)
	370772  -  ResidentSetSize of job (KB)
...
006 (3444395.010.000) 01/30 09:23:25 Image size of job updated: 437440
	363  -  MemoryUsage of job (MB)
	370952  -  ResidentSetSize of job (KB)
...
006 (3444395.010.000) 01/30 09:33:08 Image size of job updated: 437440
	363  -  MemoryUsage of job (MB)
	371064  -  ResidentSetSize of job (KB)
...
006 (3444395.010.000) 01/30 09:38:58 Image size of job updated: 437440
	363  -  MemoryUsage of job (MB)
	371132  -  ResidentSetSize of job (KB)
...
006 (3444395.010.000) 01/30 09:43:59 Image size of job updated: 437440
	363  -  MemoryUsage of job (MB)
	371212  -  ResidentSetSize of job (KB)
...
006 (3444395.010.000) 01/30 09:49:00 Image size of job updated: 437440
	363  -  MemoryUsage of job (MB)
	371220  -  ResidentSetSize of job (KB)
...
006 (3444395.010.000) 01/30 09:54:00 Image size of job updated: 437440
	363  -  MemoryUsage of job (MB)
	371264  -  ResidentSetSize of job (KB)
...
006 (3444395.010.000) 01/30 09:59:01 Image size of job updated: 437440
	363  -  MemoryUsage of job (MB)
	371280  -  ResidentSetSize of job (KB)
...
006 (3444395.010.000) 01/30 10:04:02 Image size of job updated: 437440
	363  -  MemoryUsage of job (MB)
	371284  -  ResidentSetSize of job (KB)
...
006 (3444395.010.000) 01/30 10:09:02 Image size of job updated: 437440
	363  -  MemoryUsage of job (MB)
	371408  -  ResidentSetSize of job (KB)
...
006 (3444395.010.000) 01/30 10:19:04 Image size of job updated: 437440
	363  -  MemoryUsage of job (MB)
	371496  -  ResidentSetSize of job (KB)
...
006 (3444395.010.000) 01/30 10:24:04 Image size of job updated: 437440
	363  -  MemoryUsage of job (MB)
	371532  -  ResidentSetSize of job (KB)
...
006 (3444395.010.000) 01/30 10:34:06 Image size of job updated: 437440
	363  -  MemoryUsage of job (MB)
	371632  -  ResidentSetSize of job (KB)
...
006 (3444395.010.000) 01/30 10:39:06 Image size of job updated: 437440
	363  -  MemoryUsage of job (MB)
	371704  -  ResidentSetSize of job (KB)
...
006 (3444395.010.000) 01/30 10:44:07 Image size of job updated: 437440
	364  -  MemoryUsage of job (MB)
	371756  -  ResidentSetSize of job (KB)
...
006 (3444395.010.000) 01/30 10:49:08 Image size of job updated: 437440
	364  -  MemoryUsage of job (MB)
	371784  -  ResidentSetSize of job (KB)
...
006 (3444395.010.000) 01/30 10:59:09 Image size of job updated: 437440
	364  -  MemoryUsage of job (MB)
	371836  -  ResidentSetSize of job (KB)
...
006 (3444395.010.000) 01/30 11:04:10 Image size of job updated: 437440
	364  -  MemoryUsage of job (MB)
	371860  -  ResidentSetSize of job (KB)
...
006 (3444395.010.000) 01/30 11:09:10 Image size of job updated: 437440
	364  -  MemoryUsage of job (MB)
	371984  -  ResidentSetSize of job (KB)
...
006 (3444395.010.000) 01/30 11:14:11 Image size of job updated: 437440
	364  -  MemoryUsage of job (MB)
	372020  -  ResidentSetSize of job (KB)
...
006 (3444395.010.000) 01/30 11:19:12 Image size of job updated: 437440
	364  -  MemoryUsage of job (MB)
	372040  -  ResidentSetSize of job (KB)
...
006 (3444395.010.000) 01/30 11:24:12 Image size of job updated: 437440
	364  -  MemoryUsage of job (MB)
	372092  -  ResidentSetSize of job (KB)
...
006 (3444395.010.000) 01/30 11:29:13 Image size of job updated: 437440
	364  -  MemoryUsage of job (MB)
	372108  -  ResidentSetSize of job (KB)
...
006 (3444395.010.000) 01/30 11:34:14 Image size of job updated: 437440
	364  -  MemoryUsage of job (MB)
	372184  -  ResidentSetSize of job (KB)
...
006 (3444395.010.000) 01/30 11:39:14 Image size of job updated: 437440
	364  -  MemoryUsage of job (MB)
	372208  -  ResidentSetSize of job (KB)
...
006 (3444395.010.000) 01/30 11:44:15 Image size of job updated: 437440
	364  -  MemoryUsage of job (MB)
	372288  -  ResidentSetSize of job (KB)
...
006 (3444395.010.000) 01/30 11:49:16 Image size of job updated: 437440
	364  -  MemoryUsage of job (MB)
	372304  -  ResidentSetSize of job (KB)
...
006 (3444395.010.000) 01/30 11:54:16 Image size of job updated: 437440
	364  -  MemoryUsage of job (MB)
	372372  -  ResidentSetSize of job (KB)
...
006 (3444395.010.000) 01/30 11:59:17 Image size of job updated: 437440
	364  -  MemoryUsage of job (MB)
	372400  -  ResidentSetSize of job (KB)
...
006 (3444395.010.000) 01/30 12:04:18 Image size of job updated: 437440
	364  -  MemoryUsage of job (MB)
	372452  -  ResidentSetSize of job (KB)
...
006 (3444395.010.000) 01/30 12:09:18 Image size of job updated: 437440
	364  -  MemoryUsage of job (MB)
	372476  -  ResidentSetSize of job (KB)
...
006 (3444395.010.000) 01/30 12:14:19 Image size of job updated: 437440
	364  -  MemoryUsage of job (MB)
	372620  -  ResidentSetSize of job (KB)
...
006 (3444395.010.000) 01/30 12:19:20 Image size of job updated: 437440
	364  -  MemoryUsage of job (MB)
	372640  -  ResidentSetSize of job (KB)
...
006 (3444395.010.000) 01/30 12:29:21 Image size of job updated: 437440
	364  -  MemoryUsage of job (MB)
	372704  -  ResidentSetSize of job (KB)
...
006 (3444395.010.000) 01/30 12:34:22 Image size of job updated: 437440
	365  -  MemoryUsage of job (MB)
	372748  -  ResidentSetSize of job (KB)
...
006 (3444395.010.000) 01/30 12:39:22 Image size of job updated: 437440
	365  -  MemoryUsage of job (MB)
	372808  -  ResidentSetSize of job (KB)
...
006 (3444395.010.000) 01/30 12:44:22 Image size of job updated: 437440
	365  -  MemoryUsage of job (MB)
	372876  -  ResidentSetSize of job (KB)
...
006 (3444395.010.000) 01/30 12:49:23 Image size of job updated: 437440
	365  -  MemoryUsage of job (MB)
	373004  -  ResidentSetSize of job (KB)
...
006 (3444395.010.000) 01/30 12:54:23 Image size of job updated: 437440
	365  -  MemoryUsage of job (MB)
	373040  -  ResidentSetSize of job (KB)
...
006 (3444395.010.000) 01/30 12:59:23 Image size of job updated: 437440
	365  -  MemoryUsage of job (MB)
	373068  -  ResidentSetSize of job (KB)
...
006 (3444395.010.000) 01/30 13:09:24 Image size of job updated: 437440
	365  -  MemoryUsage of job (MB)
	373132  -  ResidentSetSize of job (KB)
...
006 (3444395.010.000) 01/30 13:14:24 Image size of job updated: 437440
	365  -  MemoryUsage of job (MB)
	373176  -  ResidentSetSize of job (KB)
...
006 (3444395.010.000) 01/30 13:19:25 Image size of job updated: 437440
	365  -  MemoryUsage of job (MB)
	373296  -  ResidentSetSize of job (KB)
...
006 (3444395.010.000) 01/30 13:24:25 Image size of job updated: 437440
	365  -  MemoryUsage of job (MB)
	373328  -  ResidentSetSize of job (KB)
...
006 (3444395.010.000) 01/30 13:29:25 Image size of job updated: 437440
	365  -  MemoryUsage of job (MB)
	373412  -  ResidentSetSize of job (KB)
...
006 (3444395.010.000) 01/30 13:34:26 Image size of job updated: 437440
	365  -  MemoryUsage of job (MB)
	373512  -  ResidentSetSize of job (KB)
...
006 (3444395.010.000) 01/30 13:39:26 Image size of job updated: 437440
	365  -  MemoryUsage of job (MB)
	373708  -  ResidentSetSize of job (KB)
...
006 (3444395.010.000) 01/30 13:44:26 Image size of job updated: 437440
	365  -  MemoryUsage of job (MB)
	373732  -  ResidentSetSize of job (KB)
...
006 (3444395.010.000) 01/30 14:39:30 Image size of job updated: 437440
	365  -  MemoryUsage of job (MB)
	373748  -  ResidentSetSize of job (KB)
...
006 (3444395.010.000) 01/30 14:44:30 Image size of job updated: 437440
	366  -  MemoryUsage of job (MB)
	373776  -  ResidentSetSize of job (KB)
...
006 (3444395.010.000) 01/30 14:49:31 Image size of job updated: 437440
	366  -  MemoryUsage of job (MB)
	373800  -  ResidentSetSize of job (KB)
...
006 (3444395.010.000) 01/30 14:54:31 Image size of job updated: 437440
	366  -  MemoryUsage of job (MB)
	373820  -  ResidentSetSize of job (KB)
...
006 (3444395.010.000) 01/30 14:59:31 Image size of job updated: 437440
	366  -  MemoryUsage of job (MB)
	373824  -  ResidentSetSize of job (KB)
...
006 (3444395.010.000) 01/30 15:04:32 Image size of job updated: 437440
	366  -  MemoryUsage of job (MB)
	373868  -  ResidentSetSize of job (KB)
...
006 (3444395.010.000) 01/30 15:14:32 Image size of job updated: 437440
	366  -  MemoryUsage of job (MB)
	373888  -  ResidentSetSize of job (KB)
...
006 (3444395.010.000) 01/30 15:29:34 Image size of job updated: 437440
	366  -  MemoryUsage of job (MB)
	373936  -  ResidentSetSize of job (KB)
...
006 (3444395.010.000) 01/30 15:39:36 Image size of job updated: 437440
	366  -  MemoryUsage of job (MB)
	374004  -  ResidentSetSize of job (KB)
...
006 (3444395.010.000) 01/30 15:49:37 Image size of job updated: 437440
	366  -  MemoryUsage of job (MB)
	374024  -  ResidentSetSize of job (KB)
...
006 (3444395.010.000) 01/30 15:59:38 Image size of job updated: 437440
	366  -  MemoryUsage of job (MB)
	374068  -  ResidentSetSize of job (KB)
...
006 (3444395.010.000) 01/30 16:09:40 Image size of job updated: 437440
	366  -  MemoryUsage of job (MB)
	374076  -  ResidentSetSize of job (KB)
...
006 (3444395.010.000) 01/30 16:19:41 Image size of job updated: 437440
	366  -  MemoryUsage of job (MB)
	374104  -  ResidentSetSize of job (KB)
...
006 (3444395.010.000) 01/30 16:29:42 Image size of job updated: 437440
	366  -  MemoryUsage of job (MB)
	374124  -  ResidentSetSize of job (KB)
...
006 (3444395.010.000) 01/30 16:39:43 Image size of job updated: 437440
	366  -  MemoryUsage of job (MB)
	374156  -  ResidentSetSize of job (KB)
...
006 (3444395.010.000) 01/30 16:44:43 Image size of job updated: 437440
	366  -  MemoryUsage of job (MB)
	374168  -  ResidentSetSize of job (KB)
...
006 (3444395.010.000) 01/30 17:04:44 Image size of job updated: 437440
	366  -  MemoryUsage of job (MB)
	374244  -  ResidentSetSize of job (KB)
...
006 (3444395.010.000) 01/30 17:14:45 Image size of job updated: 437440
	366  -  MemoryUsage of job (MB)
	374248  -  ResidentSetSize of job (KB)
...
006 (3444395.010.000) 01/30 17:34:47 Image size of job updated: 437440
	366  -  MemoryUsage of job (MB)
	374272  -  ResidentSetSize of job (KB)
...
006 (3444395.010.000) 01/30 17:44:49 Image size of job updated: 437440
	366  -  MemoryUsage of job (MB)
	374292  -  ResidentSetSize of job (KB)
...
006 (3444395.010.000) 01/30 17:54:50 Image size of job updated: 437440
	366  -  MemoryUsage of job (MB)
	374328  -  ResidentSetSize of job (KB)
...
006 (3444395.010.000) 01/30 18:04:51 Image size of job updated: 437440
	366  -  MemoryUsage of job (MB)
	374336  -  ResidentSetSize of job (KB)
...
006 (3444395.010.000) 01/30 18:44:57 Image size of job updated: 437440
	366  -  MemoryUsage of job (MB)
	374348  -  ResidentSetSize of job (KB)
...
006 (3444395.010.000) 01/30 18:54:58 Image size of job updated: 437440
	366  -  MemoryUsage of job (MB)
	374372  -  ResidentSetSize of job (KB)
...
006 (3444395.010.000) 01/30 19:15:01 Image size of job updated: 437440
	366  -  MemoryUsage of job (MB)
	374392  -  ResidentSetSize of job (KB)
...
006 (3444395.010.000) 01/30 19:40:05 Image size of job updated: 437440
	366  -  MemoryUsage of job (MB)
	374400  -  ResidentSetSize of job (KB)
...
006 (3444395.010.000) 01/30 20:00:07 Image size of job updated: 437440
	366  -  MemoryUsage of job (MB)
	374420  -  ResidentSetSize of job (KB)
...
006 (3444395.010.000) 01/30 20:10:08 Image size of job updated: 437440
	366  -  MemoryUsage of job (MB)
	374432  -  ResidentSetSize of job (KB)
...
006 (3444395.010.000) 01/30 20:20:09 Image size of job updated: 437440
	366  -  MemoryUsage of job (MB)
	374452  -  ResidentSetSize of job (KB)
...
006 (3444395.010.000) 01/30 20:30:11 Image size of job updated: 437440
	366  -  MemoryUsage of job (MB)
	374468  -  ResidentSetSize of job (KB)
...
006 (3444395.010.000) 01/30 20:35:11 Image size of job updated: 437440
	366  -  MemoryUsage of job (MB)
	374496  -  ResidentSetSize of job (KB)
...
006 (3444395.010.000) 01/30 20:50:13 Image size of job updated: 437440
	366  -  MemoryUsage of job (MB)
	374516  -  ResidentSetSize of job (KB)
...
006 (3444395.010.000) 01/30 20:55:14 Image size of job updated: 437440
	366  -  MemoryUsage of job (MB)
	374540  -  ResidentSetSize of job (KB)
...
006 (3444395.010.000) 01/30 21:15:15 Image size of job updated: 437440
	366  -  MemoryUsage of job (MB)
	374640  -  ResidentSetSize of job (KB)
...
006 (3444395.010.000) 01/30 21:40:18 Image size of job updated: 437440
	366  -  MemoryUsage of job (MB)
	374656  -  ResidentSetSize of job (KB)
...
006 (3444395.010.000) 01/30 21:45:19 Image size of job updated: 437440
	366  -  MemoryUsage of job (MB)
	374664  -  ResidentSetSize of job (KB)
...
006 (3444395.010.000) 01/30 21:55:20 Image size of job updated: 437440
	366  -  MemoryUsage of job (MB)
	374684  -  ResidentSetSize of job (KB)
...
006 (3444395.010.000) 01/30 22:10:21 Image size of job updated: 437440
	366  -  MemoryUsage of job (MB)
	374720  -  ResidentSetSize of job (KB)
...
006 (3444395.010.000) 01/30 22:30:23 Image size of job updated: 437440
	366  -  MemoryUsage of job (MB)
	374724  -  ResidentSetSize of job (KB)
...
006 (3444395.010.000) 01/30 22:40:23 Image size of job updated: 437440
	367  -  MemoryUsage of job (MB)
	374788  -  ResidentSetSize of job (KB)
...
006 (3444395.010.000) 01/30 22:50:24 Image size of job updated: 437440
	367  -  MemoryUsage of job (MB)
	374804  -  ResidentSetSize of job (KB)
...
006 (3444395.010.000) 01/30 22:55:24 Image size of job updated: 437440
	367  -  MemoryUsage of job (MB)
	374820  -  ResidentSetSize of job (KB)
...
006 (3444395.010.000) 01/30 23:00:26 Image size of job updated: 437440
	367  -  MemoryUsage of job (MB)
	374840  -  ResidentSetSize of job (KB)
...
006 (3444395.010.000) 01/30 23:05:26 Image size of job updated: 437440
	367  -  MemoryUsage of job (MB)
	374844  -  ResidentSetSize of job (KB)
...
006 (3444395.010.000) 01/30 23:20:28 Image size of job updated: 437440
	367  -  MemoryUsage of job (MB)
	374880  -  ResidentSetSize of job (KB)
...
006 (3444395.010.000) 01/30 23:25:28 Image size of job updated: 437440
	367  -  MemoryUsage of job (MB)
	374896  -  ResidentSetSize of job (KB)
...
006 (3444395.010.000) 01/30 23:30:29 Image size of job updated: 437440
	367  -  MemoryUsage of job (MB)
	374900  -  ResidentSetSize of job (KB)
...
006 (3444395.010.000) 01/30 23:40:30 Image size of job updated: 437440
	367  -  MemoryUsage of job (MB)
	374980  -  ResidentSetSize of job (KB)
...
006 (3444395.010.000) 01/30 23:50:32 Image size of job updated: 437440
	367  -  MemoryUsage of job (MB)
	375020  -  ResidentSetSize of job (KB)
...
006 (3444395.010.000) 01/30 23:55:32 Image size of job updated: 437440
	367  -  MemoryUsage of job (MB)
	375056  -  ResidentSetSize of job (KB)
...
006 (3444395.010.000) 01/31 00:05:34 Image size of job updated: 437440
	367  -  MemoryUsage of job (MB)
	375064  -  ResidentSetSize of job (KB)
...
006 (3444395.010.000) 01/31 00:10:34 Image size of job updated: 437440
	367  -  MemoryUsage of job (MB)
	375112  -  ResidentSetSize of job (KB)
...
006 (3444395.010.000) 01/31 00:30:35 Image size of job updated: 437440
	367  -  MemoryUsage of job (MB)
	375128  -  ResidentSetSize of job (KB)
...
006 (3444395.010.000) 01/31 00:35:36 Image size of job updated: 437440
	367  -  MemoryUsage of job (MB)
	375136  -  ResidentSetSize of job (KB)
...
006 (3444395.010.000) 01/31 00:40:36 Image size of job updated: 437440
	367  -  MemoryUsage of job (MB)
	375140  -  ResidentSetSize of job (KB)
...
006 (3444395.010.000) 01/31 01:05:38 Image size of job updated: 437440
	367  -  MemoryUsage of job (MB)
	375152  -  ResidentSetSize of job (KB)
...
006 (3444395.010.000) 01/31 01:10:38 Image size of job updated: 437440
	367  -  MemoryUsage of job (MB)
	375200  -  ResidentSetSize of job (KB)
...
006 (3444395.010.000) 01/31 01:15:38 Image size of job updated: 437440
	367  -  MemoryUsage of job (MB)
	375220  -  ResidentSetSize of job (KB)
...
006 (3444395.010.000) 01/31 01:35:41 Image size of job updated: 437440
	367  -  MemoryUsage of job (MB)
	375256  -  ResidentSetSize of job (KB)
...
006 (3444395.010.000) 01/31 01:50:42 Image size of job updated: 437440
	367  -  MemoryUsage of job (MB)
	375268  -  ResidentSetSize of job (KB)
...
006 (3444395.010.000) 01/31 01:55:43 Image size of job updated: 437440
	367  -  MemoryUsage of job (MB)
	375300  -  ResidentSetSize of job (KB)
...
006 (3444395.010.000) 01/31 02:00:43 Image size of job updated: 437440
	367  -  MemoryUsage of job (MB)
	375308  -  ResidentSetSize of job (KB)
...
006 (3444395.010.000) 01/31 02:10:45 Image size of job updated: 437440
	367  -  MemoryUsage of job (MB)
	375336  -  ResidentSetSize of job (KB)
...
006 (3444395.010.000) 01/31 02:15:45 Image size of job updated: 437440
	367  -  MemoryUsage of job (MB)
	375392  -  ResidentSetSize of job (KB)
...
006 (3444395.010.000) 01/31 02:45:49 Image size of job updated: 437440
	367  -  MemoryUsage of job (MB)
	375400  -  ResidentSetSize of job (KB)
...
006 (3444395.010.000) 01/31 02:50:49 Image size of job updated: 437440
	367  -  MemoryUsage of job (MB)
	375428  -  ResidentSetSize of job (KB)
...
006 (3444395.010.000) 01/31 03:00:50 Image size of job updated: 437440
	367  -  MemoryUsage of job (MB)
	375432  -  ResidentSetSize of job (KB)
...
006 (3444395.010.000) 01/31 03:05:50 Image size of job updated: 437440
	367  -  MemoryUsage of job (MB)
	375464  -  ResidentSetSize of job (KB)
...
006 (3444395.010.000) 01/31 03:20:51 Image size of job updated: 437440
	367  -  MemoryUsage of job (MB)
	375472  -  ResidentSetSize of job (KB)
...
006 (3444395.010.000) 01/31 03:25:51 Image size of job updated: 437440
	367  -  MemoryUsage of job (MB)
	375484  -  ResidentSetSize of job (KB)
...
006 (3444395.010.000) 01/31 03:30:52 Image size of job updated: 437440
	367  -  MemoryUsage of job (MB)
	375496  -  ResidentSetSize of job (KB)
...
006 (3444395.010.000) 01/31 03:35:52 Image size of job updated: 437440
	367  -  MemoryUsage of job (MB)
	375504  -  ResidentSetSize of job (KB)
...
006 (3444395.010.000) 01/31 03:40:52 Image size of job updated: 437440
	367  -  MemoryUsage of job (MB)
	375516  -  ResidentSetSize of job (KB)
...
006 (3444395.010.000) 01/31 03:50:54 Image size of job updated: 437440
	367  -  MemoryUsage of job (MB)
	375532  -  ResidentSetSize of job (KB)
...
006 (3444395.010.000) 01/31 03:55:54 Image size of job updated: 437440
	367  -  MemoryUsage of job (MB)
	375552  -  ResidentSetSize of job (KB)
...
006 (3444395.010.000) 01/31 04:00:55 Image size of job updated: 437440
	367  -  MemoryUsage of job (MB)
	375564  -  ResidentSetSize of job (KB)
...
006 (3444395.010.000) 01/31 04:05:56 Image size of job updated: 437440
	367  -  MemoryUsage of job (MB)
	375568  -  ResidentSetSize of job (KB)
...
006 (3444395.010.000) 01/31 04:10:56 Image size of job updated: 437440
	367  -  MemoryUsage of job (MB)
	375592  -  ResidentSetSize of job (KB)
...
006 (3444395.010.000) 01/31 04:20:57 Image size of job updated: 437440
	367  -  MemoryUsage of job (MB)
	375604  -  ResidentSetSize of job (KB)
...
006 (3444395.010.000) 01/31 04:25:57 Image size of job updated: 437440
	367  -  MemoryUsage of job (MB)
	375612  -  ResidentSetSize of job (KB)
...
006 (3444395.010.000) 01/31 04:30:57 Image size of job updated: 437440
	367  -  MemoryUsage of job (MB)
	375652  -  ResidentSetSize of job (KB)
...
006 (3444395.010.000) 01/31 04:51:00 Image size of job updated: 437440
	367  -  MemoryUsage of job (MB)
	375664  -  ResidentSetSize of job (KB)
...
006 (3444395.010.000) 01/31 04:56:01 Image size of job updated: 437440
	367  -  MemoryUsage of job (MB)
	375688  -  ResidentSetSize of job (KB)
...
006 (3444395.010.000) 01/31 05:11:03 Image size of job updated: 437440
	367  -  MemoryUsage of job (MB)
	375696  -  ResidentSetSize of job (KB)
...
006 (3444395.010.000) 01/31 05:16:03 Image size of job updated: 437440
	367  -  MemoryUsage of job (MB)
	375736  -  ResidentSetSize of job (KB)
...
006 (3444395.010.000) 01/31 05:21:03 Image size of job updated: 437440
	367  -  MemoryUsage of job (MB)
	375772  -  ResidentSetSize of job (KB)
...
006 (3444395.010.000) 01/31 05:26:04 Image size of job updated: 437440
	367  -  MemoryUsage of job (MB)
	375776  -  ResidentSetSize of job (KB)
...
006 (3444395.010.000) 01/31 05:41:05 Image size of job updated: 437440
	367  -  MemoryUsage of job (MB)
	375792  -  ResidentSetSize of job (KB)
...
006 (3444395.010.000) 01/31 05:46:05 Image size of job updated: 437440
	367  -  MemoryUsage of job (MB)
	375804  -  ResidentSetSize of job (KB)
...
006 (3444395.010.000) 01/31 05:51:05 Image size of job updated: 437440
	368  -  MemoryUsage of job (MB)
	375820  -  ResidentSetSize of job (KB)
...
006 (3444395.010.000) 01/31 06:01:07 Image size of job updated: 437440
	368  -  MemoryUsage of job (MB)
	375844  -  ResidentSetSize of job (KB)
...
006 (3444395.010.000) 01/31 06:06:08 Image size of job updated: 437440
	368  -  MemoryUsage of job (MB)
	375848  -  ResidentSetSize of job (KB)
...
006 (3444395.010.000) 01/31 06:11:09 Image size of job updated: 437440
	368  -  MemoryUsage of job (MB)
	375852  -  ResidentSetSize of job (KB)
...
006 (3444395.010.000) 01/31 06:16:09 Image size of job updated: 437440
	368  -  MemoryUsage of job (MB)
	375856  -  ResidentSetSize of job (KB)
...
006 (3444395.010.000) 01/31 06:21:10 Image size of job updated: 437440
	368  -  MemoryUsage of job (MB)
	375884  -  ResidentSetSize of job (KB)
...
006 (3444395.010.000) 01/31 06:26:11 Image size of job updated: 437440
	368  -  MemoryUsage of job (MB)
	375888  -  ResidentSetSize of job (KB)
...
006 (3444395.010.000) 01/31 06:31:11 Image size of job updated: 437440
	368  -  MemoryUsage of job (MB)
	375928  -  ResidentSetSize of job (KB)
...
006 (3444395.010.000) 01/31 06:41:13 Image size of job updated: 437440
	368  -  MemoryUsage of job (MB)
	375932  -  ResidentSetSize of job (KB)
...
006 (3444395.010.000) 01/31 06:46:13 Image size of job updated: 437440
	368  -  MemoryUsage of job (MB)
	375936  -  ResidentSetSize of job (KB)
...
006 (3444395.010.000) 01/31 06:56:15 Image size of job updated: 437440
	368  -  MemoryUsage of job (MB)
	375964  -  ResidentSetSize of job (KB)
...
006 (3444395.010.000) 01/31 07:01:15 Image size of job updated: 437440
	368  -  MemoryUsage of job (MB)
	375988  -  ResidentSetSize of job (KB)
...
006 (3444395.010.000) 01/31 07:06:15 Image size of job updated: 437440
	368  -  MemoryUsage of job (MB)
	376000  -  ResidentSetSize of job (KB)
...
006 (3444395.010.000) 01/31 07:11:16 Image size of job updated: 437440
	368  -  MemoryUsage of job (MB)
	376008  -  ResidentSetSize of job (KB)
...
006 (3444395.010.000) 01/31 07:16:16 Image size of job updated: 437440
	368  -  MemoryUsage of job (MB)
	376020  -  ResidentSetSize of job (KB)
...
006 (3444395.010.000) 01/31 07:21:16 Image size of job updated: 437440
	368  -  MemoryUsage of job (MB)
	376028  -  ResidentSetSize of job (KB)
...
006 (3444395.010.000) 01/31 07:26:17 Image size of job updated: 437440
	368  -  MemoryUsage of job (MB)
	376036  -  ResidentSetSize of job (KB)
...
006 (3444395.010.000) 01/31 07:36:17 Image size of job updated: 437440
	368  -  MemoryUsage of job (MB)
	376048  -  ResidentSetSize of job (KB)
...
006 (3444395.010.000) 01/31 07:41:18 Image size of job updated: 437440
	368  -  MemoryUsage of job (MB)
	376076  -  ResidentSetSize of job (KB)
...
006 (3444395.010.000) 01/31 07:46:19 Image size of job updated: 437440
	368  -  MemoryUsage of job (MB)
	376092  -  ResidentSetSize of job (KB)
...
006 (3444395.010.000) 01/31 07:56:20 Image size of job updated: 437440
	368  -  MemoryUsage of job (MB)
	376104  -  ResidentSetSize of job (KB)
...
006 (3444395.010.000) 01/31 08:11:22 Image size of job updated: 437440
	368  -  MemoryUsage of job (MB)
	376108  -  ResidentSetSize of job (KB)
...
006 (3444395.010.000) 01/31 08:16:23 Image size of job updated: 437440
	368  -  MemoryUsage of job (MB)
	376136  -  ResidentSetSize of job (KB)
...
006 (3444395.010.000) 01/31 08:21:23 Image size of job updated: 437440
	368  -  MemoryUsage of job (MB)
	376148  -  ResidentSetSize of job (KB)
...
006 (3444395.010.000) 01/31 08:26:24 Image size of job updated: 437440
	368  -  MemoryUsage of job (MB)
	376156  -  ResidentSetSize of job (KB)
...
006 (3444395.010.000) 01/31 08:31:25 Image size of job updated: 437440
	368  -  MemoryUsage of job (MB)
	376172  -  ResidentSetSize of job (KB)
...
006 (3444395.010.000) 01/31 08:36:25 Image size of job updated: 437440
	368  -  MemoryUsage of job (MB)
	376188  -  ResidentSetSize of job (KB)
...
006 (3444395.010.000) 01/31 08:41:26 Image size of job updated: 437440
	368  -  MemoryUsage of job (MB)
	376200  -  ResidentSetSize of job (KB)
...
006 (3444395.010.000) 01/31 08:46:27 Image size of job updated: 437440
	368  -  MemoryUsage of job (MB)
	376212  -  ResidentSetSize of job (KB)
...
006 (3444395.010.000) 01/31 09:01:29 Image size of job updated: 437440
	368  -  MemoryUsage of job (MB)
	376236  -  ResidentSetSize of job (KB)
...
006 (3444395.010.000) 01/31 09:06:29 Image size of job updated: 437440
	368  -  MemoryUsage of job (MB)
	376244  -  ResidentSetSize of job (KB)
...
006 (3444395.010.000) 01/31 09:11:30 Image size of job updated: 437440
	368  -  MemoryUsage of job (MB)
	376248  -  ResidentSetSize of job (KB)
...
006 (3444395.010.000) 01/31 09:16:31 Image size of job updated: 437440
	368  -  MemoryUsage of job (MB)
	376264  -  ResidentSetSize of job (KB)
...
006 (3444395.010.000) 01/31 09:21:31 Image size of job updated: 437440
	368  -  MemoryUsage of job (MB)
	376268  -  ResidentSetSize of job (KB)
...
006 (3444395.010.000) 01/31 09:26:32 Image size of job updated: 437440
	368  -  MemoryUsage of job (MB)
	376300  -  ResidentSetSize of job (KB)
...
006 (3444395.010.000) 01/31 09:31:33 Image size of job updated: 437440
	368  -  MemoryUsage of job (MB)
	376324  -  ResidentSetSize of job (KB)
...
006 (3444395.010.000) 01/31 09:41:34 Image size of job updated: 437440
	368  -  MemoryUsage of job (MB)
	376328  -  ResidentSetSize of job (KB)
...
006 (3444395.010.000) 01/31 09:46:35 Image size of job updated: 437440
	368  -  MemoryUsage of job (MB)
	376336  -  ResidentSetSize of job (KB)
...
006 (3444395.010.000) 01/31 09:51:35 Image size of job updated: 437440
	368  -  MemoryUsage of job (MB)
	376348  -  ResidentSetSize of job (KB)
...
006 (3444395.010.000) 01/31 09:56:36 Image size of job updated: 437440
	368  -  MemoryUsage of job (MB)
	376376  -  ResidentSetSize of job (KB)
...
006 (3444395.010.000) 01/31 10:01:37 Image size of job updated: 437440
	368  -  MemoryUsage of job (MB)
	376388  -  ResidentSetSize of job (KB)
...
006 (3444395.010.000) 01/31 10:06:37 Image size of job updated: 437440
	368  -  MemoryUsage of job (MB)
	376444  -  ResidentSetSize of job (KB)
...
006 (3444395.010.000) 01/31 10:16:39 Image size of job updated: 437440
	368  -  MemoryUsage of job (MB)
	376476  -  ResidentSetSize of job (KB)
...
006 (3444395.010.000) 01/31 10:21:39 Image size of job updated: 437440
	368  -  MemoryUsage of job (MB)
	376488  -  ResidentSetSize of job (KB)
...
006 (3444395.010.000) 01/31 10:26:40 Image size of job updated: 437440
	368  -  MemoryUsage of job (MB)
	376572  -  ResidentSetSize of job (KB)
...
006 (3444395.010.000) 01/31 10:31:41 Image size of job updated: 437440
	368  -  MemoryUsage of job (MB)
	376580  -  ResidentSetSize of job (KB)
...
006 (3444395.010.000) 01/31 10:41:41 Image size of job updated: 437440
	368  -  MemoryUsage of job (MB)
	376628  -  ResidentSetSize of job (KB)
...
006 (3444395.010.000) 01/31 11:26:44 Image size of job updated: 437440
	368  -  MemoryUsage of job (MB)
	376652  -  ResidentSetSize of job (KB)
...
006 (3444395.010.000) 01/31 11:31:45 Image size of job updated: 437440
	368  -  MemoryUsage of job (MB)
	376668  -  ResidentSetSize of job (KB)
...
006 (3444395.010.000) 01/31 11:41:45 Image size of job updated: 437440
	368  -  MemoryUsage of job (MB)
	376728  -  ResidentSetSize of job (KB)
...
006 (3444395.010.000) 01/31 11:46:46 Image size of job updated: 437440
	368  -  MemoryUsage of job (MB)
	376760  -  ResidentSetSize of job (KB)
...
006 (3444395.010.000) 01/31 11:51:46 Image size of job updated: 437440
	368  -  MemoryUsage of job (MB)
	376784  -  ResidentSetSize of job (KB)
...
006 (3444395.010.000) 01/31 11:56:46 Image size of job updated: 437440
	368  -  MemoryUsage of job (MB)
	376792  -  ResidentSetSize of job (KB)
...
006 (3444395.010.000) 01/31 12:01:48 Image size of job updated: 437440
	369  -  MemoryUsage of job (MB)
	376844  -  ResidentSetSize of job (KB)
...
006 (3444395.010.000) 01/31 12:11:48 Image size of job updated: 437440
	369  -  MemoryUsage of job (MB)
	376856  -  ResidentSetSize of job (KB)
...
006 (3444395.010.000) 01/31 12:16:50 Image size of job updated: 437440
	369  -  MemoryUsage of job (MB)
	376864  -  ResidentSetSize of job (KB)
...
006 (3444395.010.000) 01/31 12:26:50 Image size of job updated: 437440
	369  -  MemoryUsage of job (MB)
	376876  -  ResidentSetSize of job (KB)
...
006 (3444395.010.000) 01/31 12:36:52 Image size of job updated: 437440
	369  -  MemoryUsage of job (MB)
	376880  -  ResidentSetSize of job (KB)
...
006 (3444395.010.000) 01/31 12:41:52 Image size of job updated: 437440
	369  -  MemoryUsage of job (MB)
	376900  -  ResidentSetSize of job (KB)
...
006 (3444395.010.000) 01/31 12:46:53 Image size of job updated: 437440
	369  -  MemoryUsage of job (MB)
	376924  -  ResidentSetSize of job (KB)
...
006 (3444395.010.000) 01/31 12:51:54 Image size of job updated: 437440
	369  -  MemoryUsage of job (MB)
	376940  -  ResidentSetSize of job (KB)
...
006 (3444395.010.000) 01/31 12:56:54 Image size of job updated: 437440
	369  -  MemoryUsage of job (MB)
	376944  -  ResidentSetSize of job (KB)
...
006 (3444395.010.000) 01/31 13:01:55 Image size of job updated: 437440
	369  -  MemoryUsage of job (MB)
	376956  -  ResidentSetSize of job (KB)
...
006 (3444395.010.000) 01/31 13:06:56 Image size of job updated: 437440
	369  -  MemoryUsage of job (MB)
	376980  -  ResidentSetSize of job (KB)
...
006 (3444395.010.000) 01/31 13:16:57 Image size of job updated: 437440
	369  -  MemoryUsage of job (MB)
	376984  -  ResidentSetSize of job (KB)
...
006 (3444395.010.000) 01/31 13:21:58 Image size of job updated: 437440
	369  -  MemoryUsage of job (MB)
	377000  -  ResidentSetSize of job (KB)
...
006 (3444395.010.000) 01/31 13:26:58 Image size of job updated: 437440
	369  -  MemoryUsage of job (MB)
	377028  -  ResidentSetSize of job (KB)
...
006 (3444395.010.000) 01/31 13:31:58 Image size of job updated: 437440
	369  -  MemoryUsage of job (MB)
	377036  -  ResidentSetSize of job (KB)
...
006 (3444395.010.000) 01/31 13:36:59 Image size of job updated: 437440
	369  -  MemoryUsage of job (MB)
	377040  -  ResidentSetSize of job (KB)
...
006 (3444395.010.000) 01/31 13:41:59 Image size of job updated: 437440
	369  -  MemoryUsage of job (MB)
	377052  -  ResidentSetSize of job (KB)
...
006 (3444395.010.000) 01/31 13:46:59 Image size of job updated: 437440
	369  -  MemoryUsage of job (MB)
	377072  -  ResidentSetSize of job (KB)
...
006 (3444395.010.000) 01/31 13:52:00 Image size of job updated: 437440
	369  -  MemoryUsage of job (MB)
	377084  -  ResidentSetSize of job (KB)
...
006 (3444395.010.000) 01/31 14:07:02 Image size of job updated: 437440
	369  -  MemoryUsage of job (MB)
	377128  -  ResidentSetSize of job (KB)
...
006 (3444395.010.000) 01/31 14:12:02 Image size of job updated: 437440
	369  -  MemoryUsage of job (MB)
	377148  -  ResidentSetSize of job (KB)
...
006 (3444395.010.000) 01/31 14:17:03 Image size of job updated: 437440
	369  -  MemoryUsage of job (MB)
	377156  -  ResidentSetSize of job (KB)
...
006 (3444395.010.000) 01/31 14:22:04 Image size of job updated: 437440
	369  -  MemoryUsage of job (MB)
	377172  -  ResidentSetSize of job (KB)
...
006 (3444395.010.000) 01/31 14:32:05 Image size of job updated: 437440
	369  -  MemoryUsage of job (MB)
	377188  -  ResidentSetSize of job (KB)
...
006 (3444395.010.000) 01/31 14:42:06 Image size of job updated: 437440
	369  -  MemoryUsage of job (MB)
	377196  -  ResidentSetSize of job (KB)
...
006 (3444395.010.000) 01/31 14:47:07 Image size of job updated: 437440
	369  -  MemoryUsage of job (MB)
	377224  -  ResidentSetSize of job (KB)
...
006 (3444395.010.000) 01/31 15:02:09 Image size of job updated: 437440
	369  -  MemoryUsage of job (MB)
	377232  -  ResidentSetSize of job (KB)
...
006 (3444395.010.000) 01/31 15:07:10 Image size of job updated: 437440
	369  -  MemoryUsage of job (MB)
	377240  -  ResidentSetSize of job (KB)
...
006 (3444395.010.000) 01/31 15:12:10 Image size of job updated: 437440
	369  -  MemoryUsage of job (MB)
	377256  -  ResidentSetSize of job (KB)
...
006 (3444395.010.000) 01/31 15:17:11 Image size of job updated: 437440
	369  -  MemoryUsage of job (MB)
	377268  -  ResidentSetSize of job (KB)
...
006 (3444395.010.000) 01/31 15:22:12 Image size of job updated: 437440
	369  -  MemoryUsage of job (MB)
	377280  -  ResidentSetSize of job (KB)
...
006 (3444395.010.000) 01/31 15:37:13 Image size of job updated: 437440
	369  -  MemoryUsage of job (MB)
	377292  -  ResidentSetSize of job (KB)
...
006 (3444395.010.000) 01/31 15:42:13 Image size of job updated: 437440
	369  -  MemoryUsage of job (MB)
	377300  -  ResidentSetSize of job (KB)
...
006 (3444395.010.000) 01/31 15:47:13 Image size of job updated: 437440
	369  -  MemoryUsage of job (MB)
	377324  -  ResidentSetSize of job (KB)
...
006 (3444395.010.000) 01/31 15:52:14 Image size of job updated: 437440
	369  -  MemoryUsage of job (MB)
	377328  -  ResidentSetSize of job (KB)
...
006 (3444395.010.000) 01/31 15:57:14 Image size of job updated: 437440
	369  -  MemoryUsage of job (MB)
	377344  -  ResidentSetSize of job (KB)
...
006 (3444395.010.000) 01/31 16:02:14 Image size of job updated: 437440
	369  -  MemoryUsage of job (MB)
	377356  -  ResidentSetSize of job (KB)
...
006 (3444395.010.000) 01/31 16:07:15 Image size of job updated: 437440
	369  -  MemoryUsage of job (MB)
	377360  -  ResidentSetSize of job (KB)
...
006 (3444395.010.000) 01/31 16:12:15 Image size of job updated: 437440
	369  -  MemoryUsage of job (MB)
	377368  -  ResidentSetSize of job (KB)
...
006 (3444395.010.000) 01/31 16:17:15 Image size of job updated: 437440
	369  -  MemoryUsage of job (MB)
	377388  -  ResidentSetSize of job (KB)
...
006 (3444395.010.000) 01/31 16:22:16 Image size of job updated: 437440
	369  -  MemoryUsage of job (MB)
	377408  -  ResidentSetSize of job (KB)
...
006 (3444395.010.000) 01/31 16:27:16 Image size of job updated: 437440
	369  -  MemoryUsage of job (MB)
	377416  -  ResidentSetSize of job (KB)
...
006 (3444395.010.000) 01/31 16:32:16 Image size of job updated: 437440
	369  -  MemoryUsage of job (MB)
	377444  -  ResidentSetSize of job (KB)
...
006 (3444395.010.000) 01/31 16:42:17 Image size of job updated: 437440
	369  -  MemoryUsage of job (MB)
	377464  -  ResidentSetSize of job (KB)
...
006 (3444395.010.000) 01/31 16:47:17 Image size of job updated: 437440
	369  -  MemoryUsage of job (MB)
	377476  -  ResidentSetSize of job (KB)
...
006 (3444395.010.000) 01/31 16:52:18 Image size of job updated: 437440
	369  -  MemoryUsage of job (MB)
	377484  -  ResidentSetSize of job (KB)
...
006 (3444395.010.000) 01/31 16:57:18 Image size of job updated: 437440
	369  -  MemoryUsage of job (MB)
	377512  -  ResidentSetSize of job (KB)
...
006 (3444395.010.000) 01/31 17:02:21 Image size of job updated: 437440
	369  -  MemoryUsage of job (MB)
	377536  -  ResidentSetSize of job (KB)
...
006 (3444395.010.000) 01/31 17:17:20 Image size of job updated: 437440
	369  -  MemoryUsage of job (MB)
	377548  -  ResidentSetSize of job (KB)
...
006 (3444395.010.000) 01/31 17:22:21 Image size of job updated: 437440
	369  -  MemoryUsage of job (MB)
	377552  -  ResidentSetSize of job (KB)
...
006 (3444395.010.000) 01/31 17:27:21 Image size of job updated: 437440
	369  -  MemoryUsage of job (MB)
	377564  -  ResidentSetSize of job (KB)
...
040 (3444395.010.000) 02/01 07:53:53 Started transferring input files
	Transferring to host: <188.184.183.133:9618?addrs=188.184.183.133-9618+[2001-1458-301-2b--100-1a1]-9618&noUDP&sock=16556_f31a_33760>
...
040 (3444395.010.000) 02/01 07:53:53 Finished transferring input files
...
001 (3444395.010.000) 02/01 07:53:54 Job executing on host: <188.184.183.133:9618?addrs=188.184.183.133-9618+[2001-1458-301-2b--100-1a1]-9618&noUDP&sock=3308_9761_3>
...
006 (3444395.010.000) 02/01 07:54:42 Image size of job updated: 1374808
	391  -  MemoryUsage of job (MB)
	400000  -  ResidentSetSize of job (KB)
...
040 (3444395.010.000) 02/01 07:54:42 Started transferring output files
...
040 (3444395.010.000) 02/01 07:54:42 Finished transferring output files
...
005 (3444395.010.000) 02/01 07:54:42 Job terminated.
	(1) Normal termination (return value 0)
		Usr 0 00:00:07, Sys 0 00:00:05  -  Run Remote Usage
		Usr 0 00:00:00, Sys 0 00:00:00  -  Run Local Usage
		Usr 0 00:00:07, Sys 0 00:00:05  -  Total Remote Usage
		Usr 0 00:00:00, Sys 0 00:00:00  -  Total Local Usage
	9715  -  Run Bytes Sent By Job
	493  -  Run Bytes Received By Job
	9715  -  Total Bytes Sent By Job
	986  -  Total Bytes Received By Job
	Partitionable Resources :    Usage  Request Allocated 
	   Cpus                 :     0.01        1         1 
	   Disk (KB)            :    31          40    299565 
	   Memory (MB)          :   391        2000      2000 
...
