000 (3447426.012.000) 01/30 01:49:35 Job submitted from host: <188.185.71.142:9618?addrs=188.185.71.142-9618+[2001-1458-d00-7--100-388]-9618&alias=bigbird09.cern.ch&noUDP&sock=schedd_2208_1533_7>
...
040 (3447426.012.000) 01/30 07:10:14 Started transferring input files
	Transferring to host: <188.184.213.112:9618?addrs=188.184.213.112-9618+[2001-1458-301-10c--100-15a]-9618&noUDP&sock=20439_dfd8_198082>
...
040 (3447426.012.000) 01/30 07:10:14 Finished transferring input files
...
001 (3447426.012.000) 01/30 07:10:15 Job executing on host: <188.184.213.112:9618?addrs=188.184.213.112-9618+[2001-1458-301-10c--100-15a]-9618&noUDP&sock=20307_7dcd_3>
...
006 (3447426.012.000) 01/30 07:10:23 Image size of job updated: 5236
	4  -  MemoryUsage of job (MB)
	4040  -  ResidentSetSize of job (KB)
...
006 (3447426.012.000) 01/30 07:15:23 Image size of job updated: 441344
	358  -  MemoryUsage of job (MB)
	366588  -  ResidentSetSize of job (KB)
...
006 (3447426.012.000) 01/30 15:01:11 Image size of job updated: 441344
	359  -  MemoryUsage of job (MB)
	366596  -  ResidentSetSize of job (KB)
...
006 (3447426.012.000) 01/30 15:06:11 Image size of job updated: 441344
	359  -  MemoryUsage of job (MB)
	366620  -  ResidentSetSize of job (KB)
...
006 (3447426.012.000) 01/30 15:11:11 Image size of job updated: 441344
	359  -  MemoryUsage of job (MB)
	366676  -  ResidentSetSize of job (KB)
...
006 (3447426.012.000) 01/30 15:16:12 Image size of job updated: 441344
	359  -  MemoryUsage of job (MB)
	366800  -  ResidentSetSize of job (KB)
...
006 (3447426.012.000) 01/30 15:21:13 Image size of job updated: 441344
	359  -  MemoryUsage of job (MB)
	367072  -  ResidentSetSize of job (KB)
...
006 (3447426.012.000) 01/30 15:26:13 Image size of job updated: 441344
	359  -  MemoryUsage of job (MB)
	367264  -  ResidentSetSize of job (KB)
...
006 (3447426.012.000) 01/30 16:31:22 Image size of job updated: 441344
	359  -  MemoryUsage of job (MB)
	367284  -  ResidentSetSize of job (KB)
...
006 (3447426.012.000) 01/30 16:36:23 Image size of job updated: 441344
	359  -  MemoryUsage of job (MB)
	367336  -  ResidentSetSize of job (KB)
...
006 (3447426.012.000) 01/30 16:41:23 Image size of job updated: 441344
	359  -  MemoryUsage of job (MB)
	367388  -  ResidentSetSize of job (KB)
...
006 (3447426.012.000) 01/30 17:46:31 Image size of job updated: 441344
	359  -  MemoryUsage of job (MB)
	367396  -  ResidentSetSize of job (KB)
...
006 (3447426.012.000) 01/30 17:51:32 Image size of job updated: 441344
	359  -  MemoryUsage of job (MB)
	367416  -  ResidentSetSize of job (KB)
...
006 (3447426.012.000) 01/30 17:56:33 Image size of job updated: 441344
	359  -  MemoryUsage of job (MB)
	367460  -  ResidentSetSize of job (KB)
...
006 (3447426.012.000) 01/30 18:01:33 Image size of job updated: 441344
	359  -  MemoryUsage of job (MB)
	367480  -  ResidentSetSize of job (KB)
...
006 (3447426.012.000) 01/30 18:11:35 Image size of job updated: 441344
	359  -  MemoryUsage of job (MB)
	367552  -  ResidentSetSize of job (KB)
...
006 (3447426.012.000) 01/30 18:16:35 Image size of job updated: 441344
	359  -  MemoryUsage of job (MB)
	367556  -  ResidentSetSize of job (KB)
...
006 (3447426.012.000) 01/30 18:21:35 Image size of job updated: 441344
	359  -  MemoryUsage of job (MB)
	367588  -  ResidentSetSize of job (KB)
...
006 (3447426.012.000) 01/30 18:26:36 Image size of job updated: 441344
	359  -  MemoryUsage of job (MB)
	367616  -  ResidentSetSize of job (KB)
...
006 (3447426.012.000) 01/30 18:31:36 Image size of job updated: 441344
	360  -  MemoryUsage of job (MB)
	367668  -  ResidentSetSize of job (KB)
...
006 (3447426.012.000) 01/30 18:36:36 Image size of job updated: 441344
	360  -  MemoryUsage of job (MB)
	367688  -  ResidentSetSize of job (KB)
...
006 (3447426.012.000) 01/30 18:41:37 Image size of job updated: 441344
	360  -  MemoryUsage of job (MB)
	367716  -  ResidentSetSize of job (KB)
...
006 (3447426.012.000) 01/30 18:46:37 Image size of job updated: 441344
	360  -  MemoryUsage of job (MB)
	367780  -  ResidentSetSize of job (KB)
...
006 (3447426.012.000) 01/30 18:51:37 Image size of job updated: 441344
	360  -  MemoryUsage of job (MB)
	367792  -  ResidentSetSize of job (KB)
...
006 (3447426.012.000) 01/30 18:56:38 Image size of job updated: 441344
	360  -  MemoryUsage of job (MB)
	367904  -  ResidentSetSize of job (KB)
...
006 (3447426.012.000) 01/30 19:01:38 Image size of job updated: 441344
	360  -  MemoryUsage of job (MB)
	367948  -  ResidentSetSize of job (KB)
...
006 (3447426.012.000) 01/30 19:06:38 Image size of job updated: 441344
	360  -  MemoryUsage of job (MB)
	368036  -  ResidentSetSize of job (KB)
...
006 (3447426.012.000) 01/30 19:11:39 Image size of job updated: 441344
	360  -  MemoryUsage of job (MB)
	368044  -  ResidentSetSize of job (KB)
...
006 (3447426.012.000) 01/30 19:16:39 Image size of job updated: 441344
	360  -  MemoryUsage of job (MB)
	368080  -  ResidentSetSize of job (KB)
...
006 (3447426.012.000) 01/30 19:21:39 Image size of job updated: 441344
	360  -  MemoryUsage of job (MB)
	368100  -  ResidentSetSize of job (KB)
...
006 (3447426.012.000) 01/30 19:26:40 Image size of job updated: 441344
	360  -  MemoryUsage of job (MB)
	368140  -  ResidentSetSize of job (KB)
...
006 (3447426.012.000) 01/30 19:31:40 Image size of job updated: 441344
	360  -  MemoryUsage of job (MB)
	368176  -  ResidentSetSize of job (KB)
...
006 (3447426.012.000) 01/30 19:36:40 Image size of job updated: 441344
	360  -  MemoryUsage of job (MB)
	368200  -  ResidentSetSize of job (KB)
...
006 (3447426.012.000) 01/30 19:41:41 Image size of job updated: 441344
	360  -  MemoryUsage of job (MB)
	368244  -  ResidentSetSize of job (KB)
...
006 (3447426.012.000) 01/30 19:51:41 Image size of job updated: 441344
	360  -  MemoryUsage of job (MB)
	368312  -  ResidentSetSize of job (KB)
...
006 (3447426.012.000) 01/30 20:01:43 Image size of job updated: 441344
	360  -  MemoryUsage of job (MB)
	368348  -  ResidentSetSize of job (KB)
...
006 (3447426.012.000) 01/30 20:06:43 Image size of job updated: 441344
	360  -  MemoryUsage of job (MB)
	368444  -  ResidentSetSize of job (KB)
...
006 (3447426.012.000) 01/30 20:11:44 Image size of job updated: 441344
	360  -  MemoryUsage of job (MB)
	368528  -  ResidentSetSize of job (KB)
...
006 (3447426.012.000) 01/30 20:16:45 Image size of job updated: 441344
	360  -  MemoryUsage of job (MB)
	368552  -  ResidentSetSize of job (KB)
...
006 (3447426.012.000) 01/30 20:21:45 Image size of job updated: 441344
	360  -  MemoryUsage of job (MB)
	368588  -  ResidentSetSize of job (KB)
...
006 (3447426.012.000) 01/30 20:26:46 Image size of job updated: 441344
	360  -  MemoryUsage of job (MB)
	368600  -  ResidentSetSize of job (KB)
...
006 (3447426.012.000) 01/30 20:31:47 Image size of job updated: 441344
	361  -  MemoryUsage of job (MB)
	368712  -  ResidentSetSize of job (KB)
...
006 (3447426.012.000) 01/30 20:36:47 Image size of job updated: 441344
	361  -  MemoryUsage of job (MB)
	368772  -  ResidentSetSize of job (KB)
...
006 (3447426.012.000) 01/30 20:51:49 Image size of job updated: 441344
	361  -  MemoryUsage of job (MB)
	368852  -  ResidentSetSize of job (KB)
...
006 (3447426.012.000) 01/30 20:56:49 Image size of job updated: 441344
	361  -  MemoryUsage of job (MB)
	368880  -  ResidentSetSize of job (KB)
...
006 (3447426.012.000) 01/30 21:01:50 Image size of job updated: 441344
	361  -  MemoryUsage of job (MB)
	368904  -  ResidentSetSize of job (KB)
...
006 (3447426.012.000) 01/30 21:06:50 Image size of job updated: 441344
	361  -  MemoryUsage of job (MB)
	368920  -  ResidentSetSize of job (KB)
...
006 (3447426.012.000) 01/30 21:11:50 Image size of job updated: 441344
	361  -  MemoryUsage of job (MB)
	368948  -  ResidentSetSize of job (KB)
...
006 (3447426.012.000) 01/30 21:16:51 Image size of job updated: 441344
	361  -  MemoryUsage of job (MB)
	368972  -  ResidentSetSize of job (KB)
...
006 (3447426.012.000) 01/30 21:26:52 Image size of job updated: 441344
	361  -  MemoryUsage of job (MB)
	369052  -  ResidentSetSize of job (KB)
...
006 (3447426.012.000) 01/30 21:31:53 Image size of job updated: 441344
	361  -  MemoryUsage of job (MB)
	369104  -  ResidentSetSize of job (KB)
...
006 (3447426.012.000) 01/30 21:36:54 Image size of job updated: 441344
	361  -  MemoryUsage of job (MB)
	369176  -  ResidentSetSize of job (KB)
...
006 (3447426.012.000) 01/30 21:41:54 Image size of job updated: 441344
	361  -  MemoryUsage of job (MB)
	369192  -  ResidentSetSize of job (KB)
...
006 (3447426.012.000) 01/30 21:46:55 Image size of job updated: 441344
	361  -  MemoryUsage of job (MB)
	369212  -  ResidentSetSize of job (KB)
...
006 (3447426.012.000) 01/30 21:51:56 Image size of job updated: 441344
	361  -  MemoryUsage of job (MB)
	369244  -  ResidentSetSize of job (KB)
...
006 (3447426.012.000) 01/30 21:56:56 Image size of job updated: 441344
	361  -  MemoryUsage of job (MB)
	369292  -  ResidentSetSize of job (KB)
...
006 (3447426.012.000) 01/30 22:06:58 Image size of job updated: 441344
	361  -  MemoryUsage of job (MB)
	369412  -  ResidentSetSize of job (KB)
...
006 (3447426.012.000) 01/30 22:11:58 Image size of job updated: 441344
	361  -  MemoryUsage of job (MB)
	369444  -  ResidentSetSize of job (KB)
...
006 (3447426.012.000) 01/30 22:16:58 Image size of job updated: 441344
	361  -  MemoryUsage of job (MB)
	369468  -  ResidentSetSize of job (KB)
...
006 (3447426.012.000) 01/30 22:26:59 Image size of job updated: 441344
	361  -  MemoryUsage of job (MB)
	369544  -  ResidentSetSize of job (KB)
...
006 (3447426.012.000) 01/30 22:37:00 Image size of job updated: 441344
	361  -  MemoryUsage of job (MB)
	369592  -  ResidentSetSize of job (KB)
...
006 (3447426.012.000) 01/30 22:42:00 Image size of job updated: 441344
	362  -  MemoryUsage of job (MB)
	369676  -  ResidentSetSize of job (KB)
...
006 (3447426.012.000) 01/30 22:47:00 Image size of job updated: 441344
	362  -  MemoryUsage of job (MB)
	369688  -  ResidentSetSize of job (KB)
...
006 (3447426.012.000) 01/30 22:52:01 Image size of job updated: 441344
	362  -  MemoryUsage of job (MB)
	369764  -  ResidentSetSize of job (KB)
...
006 (3447426.012.000) 01/30 22:57:01 Image size of job updated: 441344
	362  -  MemoryUsage of job (MB)
	369780  -  ResidentSetSize of job (KB)
...
006 (3447426.012.000) 01/30 23:02:01 Image size of job updated: 441344
	362  -  MemoryUsage of job (MB)
	369872  -  ResidentSetSize of job (KB)
...
006 (3447426.012.000) 01/30 23:12:02 Image size of job updated: 441344
	362  -  MemoryUsage of job (MB)
	369904  -  ResidentSetSize of job (KB)
...
006 (3447426.012.000) 01/30 23:22:04 Image size of job updated: 441344
	362  -  MemoryUsage of job (MB)
	370020  -  ResidentSetSize of job (KB)
...
006 (3447426.012.000) 01/30 23:27:04 Image size of job updated: 441344
	362  -  MemoryUsage of job (MB)
	370068  -  ResidentSetSize of job (KB)
...
006 (3447426.012.000) 01/30 23:32:04 Image size of job updated: 441344
	362  -  MemoryUsage of job (MB)
	370084  -  ResidentSetSize of job (KB)
...
006 (3447426.012.000) 01/30 23:37:05 Image size of job updated: 441344
	362  -  MemoryUsage of job (MB)
	370124  -  ResidentSetSize of job (KB)
...
006 (3447426.012.000) 01/30 23:42:06 Image size of job updated: 441344
	362  -  MemoryUsage of job (MB)
	370176  -  ResidentSetSize of job (KB)
...
006 (3447426.012.000) 01/30 23:47:06 Image size of job updated: 441344
	362  -  MemoryUsage of job (MB)
	370184  -  ResidentSetSize of job (KB)
...
006 (3447426.012.000) 01/30 23:52:07 Image size of job updated: 441344
	362  -  MemoryUsage of job (MB)
	370252  -  ResidentSetSize of job (KB)
...
006 (3447426.012.000) 01/30 23:57:08 Image size of job updated: 441344
	362  -  MemoryUsage of job (MB)
	370272  -  ResidentSetSize of job (KB)
...
006 (3447426.012.000) 01/31 00:02:08 Image size of job updated: 441344
	362  -  MemoryUsage of job (MB)
	370296  -  ResidentSetSize of job (KB)
...
006 (3447426.012.000) 01/31 00:07:08 Image size of job updated: 441344
	362  -  MemoryUsage of job (MB)
	370324  -  ResidentSetSize of job (KB)
...
006 (3447426.012.000) 01/31 00:12:09 Image size of job updated: 441344
	362  -  MemoryUsage of job (MB)
	370336  -  ResidentSetSize of job (KB)
...
006 (3447426.012.000) 01/31 00:17:09 Image size of job updated: 441344
	362  -  MemoryUsage of job (MB)
	370428  -  ResidentSetSize of job (KB)
...
006 (3447426.012.000) 01/31 00:22:09 Image size of job updated: 441344
	362  -  MemoryUsage of job (MB)
	370452  -  ResidentSetSize of job (KB)
...
006 (3447426.012.000) 01/31 00:27:10 Image size of job updated: 441344
	362  -  MemoryUsage of job (MB)
	370472  -  ResidentSetSize of job (KB)
...
006 (3447426.012.000) 01/31 00:32:10 Image size of job updated: 441344
	362  -  MemoryUsage of job (MB)
	370528  -  ResidentSetSize of job (KB)
...
006 (3447426.012.000) 01/31 00:37:10 Image size of job updated: 441344
	362  -  MemoryUsage of job (MB)
	370572  -  ResidentSetSize of job (KB)
...
006 (3447426.012.000) 01/31 00:42:11 Image size of job updated: 441344
	362  -  MemoryUsage of job (MB)
	370608  -  ResidentSetSize of job (KB)
...
006 (3447426.012.000) 01/31 00:47:11 Image size of job updated: 441344
	362  -  MemoryUsage of job (MB)
	370624  -  ResidentSetSize of job (KB)
...
006 (3447426.012.000) 01/31 00:52:11 Image size of job updated: 441344
	363  -  MemoryUsage of job (MB)
	370712  -  ResidentSetSize of job (KB)
...
006 (3447426.012.000) 01/31 00:57:12 Image size of job updated: 441344
	363  -  MemoryUsage of job (MB)
	370752  -  ResidentSetSize of job (KB)
...
006 (3447426.012.000) 01/31 01:02:13 Image size of job updated: 441344
	363  -  MemoryUsage of job (MB)
	370764  -  ResidentSetSize of job (KB)
...
006 (3447426.012.000) 01/31 01:07:13 Image size of job updated: 441344
	363  -  MemoryUsage of job (MB)
	370800  -  ResidentSetSize of job (KB)
...
006 (3447426.012.000) 01/31 01:12:15 Image size of job updated: 441344
	363  -  MemoryUsage of job (MB)
	370832  -  ResidentSetSize of job (KB)
...
006 (3447426.012.000) 01/31 01:17:15 Image size of job updated: 441344
	363  -  MemoryUsage of job (MB)
	370836  -  ResidentSetSize of job (KB)
...
006 (3447426.012.000) 01/31 01:22:15 Image size of job updated: 441344
	363  -  MemoryUsage of job (MB)
	370888  -  ResidentSetSize of job (KB)
...
006 (3447426.012.000) 01/31 01:27:16 Image size of job updated: 441344
	363  -  MemoryUsage of job (MB)
	370924  -  ResidentSetSize of job (KB)
...
006 (3447426.012.000) 01/31 01:32:17 Image size of job updated: 441344
	363  -  MemoryUsage of job (MB)
	370932  -  ResidentSetSize of job (KB)
...
006 (3447426.012.000) 01/31 01:37:17 Image size of job updated: 441344
	363  -  MemoryUsage of job (MB)
	370984  -  ResidentSetSize of job (KB)
...
006 (3447426.012.000) 01/31 01:42:18 Image size of job updated: 441344
	363  -  MemoryUsage of job (MB)
	371024  -  ResidentSetSize of job (KB)
...
006 (3447426.012.000) 01/31 01:47:19 Image size of job updated: 441344
	363  -  MemoryUsage of job (MB)
	371140  -  ResidentSetSize of job (KB)
...
006 (3447426.012.000) 01/31 01:52:19 Image size of job updated: 441344
	363  -  MemoryUsage of job (MB)
	371152  -  ResidentSetSize of job (KB)
...
006 (3447426.012.000) 01/31 01:57:19 Image size of job updated: 441344
	363  -  MemoryUsage of job (MB)
	371216  -  ResidentSetSize of job (KB)
...
006 (3447426.012.000) 01/31 02:07:20 Image size of job updated: 441344
	363  -  MemoryUsage of job (MB)
	371268  -  ResidentSetSize of job (KB)
...
006 (3447426.012.000) 01/31 02:12:20 Image size of job updated: 441344
	363  -  MemoryUsage of job (MB)
	371300  -  ResidentSetSize of job (KB)
...
006 (3447426.012.000) 01/31 02:17:21 Image size of job updated: 441344
	363  -  MemoryUsage of job (MB)
	371388  -  ResidentSetSize of job (KB)
...
006 (3447426.012.000) 01/31 02:22:22 Image size of job updated: 441344
	363  -  MemoryUsage of job (MB)
	371576  -  ResidentSetSize of job (KB)
...
006 (3447426.012.000) 01/31 02:27:22 Image size of job updated: 441344
	365  -  MemoryUsage of job (MB)
	373752  -  ResidentSetSize of job (KB)
...
006 (3447426.012.000) 01/31 02:32:22 Image size of job updated: 441344
	366  -  MemoryUsage of job (MB)
	373904  -  ResidentSetSize of job (KB)
...
006 (3447426.012.000) 01/31 02:37:23 Image size of job updated: 441344
	366  -  MemoryUsage of job (MB)
	373948  -  ResidentSetSize of job (KB)
...
006 (3447426.012.000) 01/31 02:42:24 Image size of job updated: 441344
	366  -  MemoryUsage of job (MB)
	374012  -  ResidentSetSize of job (KB)
...
006 (3447426.012.000) 01/31 02:47:24 Image size of job updated: 441344
	366  -  MemoryUsage of job (MB)
	374148  -  ResidentSetSize of job (KB)
...
006 (3447426.012.000) 01/31 02:52:24 Image size of job updated: 441344
	366  -  MemoryUsage of job (MB)
	374204  -  ResidentSetSize of job (KB)
...
006 (3447426.012.000) 01/31 02:57:25 Image size of job updated: 441344
	366  -  MemoryUsage of job (MB)
	374332  -  ResidentSetSize of job (KB)
...
006 (3447426.012.000) 01/31 03:02:26 Image size of job updated: 441344
	366  -  MemoryUsage of job (MB)
	374456  -  ResidentSetSize of job (KB)
...
006 (3447426.012.000) 01/31 03:07:26 Image size of job updated: 441344
	366  -  MemoryUsage of job (MB)
	374496  -  ResidentSetSize of job (KB)
...
006 (3447426.012.000) 01/31 03:12:26 Image size of job updated: 441344
	366  -  MemoryUsage of job (MB)
	374564  -  ResidentSetSize of job (KB)
...
006 (3447426.012.000) 01/31 03:17:27 Image size of job updated: 441344
	366  -  MemoryUsage of job (MB)
	374620  -  ResidentSetSize of job (KB)
...
006 (3447426.012.000) 01/31 03:22:28 Image size of job updated: 441344
	366  -  MemoryUsage of job (MB)
	374780  -  ResidentSetSize of job (KB)
...
006 (3447426.012.000) 01/31 03:27:28 Image size of job updated: 441344
	367  -  MemoryUsage of job (MB)
	374804  -  ResidentSetSize of job (KB)
...
006 (3447426.012.000) 01/31 03:32:28 Image size of job updated: 441344
	367  -  MemoryUsage of job (MB)
	374928  -  ResidentSetSize of job (KB)
...
006 (3447426.012.000) 01/31 03:37:29 Image size of job updated: 441344
	367  -  MemoryUsage of job (MB)
	374956  -  ResidentSetSize of job (KB)
...
006 (3447426.012.000) 01/31 03:42:30 Image size of job updated: 441344
	367  -  MemoryUsage of job (MB)
	375060  -  ResidentSetSize of job (KB)
...
006 (3447426.012.000) 01/31 03:47:30 Image size of job updated: 441344
	367  -  MemoryUsage of job (MB)
	375136  -  ResidentSetSize of job (KB)
...
006 (3447426.012.000) 01/31 03:52:31 Image size of job updated: 441344
	367  -  MemoryUsage of job (MB)
	375280  -  ResidentSetSize of job (KB)
...
006 (3447426.012.000) 01/31 03:57:33 Image size of job updated: 441344
	367  -  MemoryUsage of job (MB)
	375424  -  ResidentSetSize of job (KB)
...
006 (3447426.012.000) 01/31 04:02:33 Image size of job updated: 441344
	367  -  MemoryUsage of job (MB)
	375488  -  ResidentSetSize of job (KB)
...
006 (3447426.012.000) 01/31 04:07:33 Image size of job updated: 441344
	367  -  MemoryUsage of job (MB)
	375548  -  ResidentSetSize of job (KB)
...
006 (3447426.012.000) 01/31 04:12:34 Image size of job updated: 441344
	367  -  MemoryUsage of job (MB)
	375636  -  ResidentSetSize of job (KB)
...
006 (3447426.012.000) 01/31 04:17:35 Image size of job updated: 441344
	367  -  MemoryUsage of job (MB)
	375748  -  ResidentSetSize of job (KB)
...
006 (3447426.012.000) 01/31 04:22:35 Image size of job updated: 441344
	368  -  MemoryUsage of job (MB)
	376004  -  ResidentSetSize of job (KB)
...
006 (3447426.012.000) 01/31 04:27:35 Image size of job updated: 441344
	368  -  MemoryUsage of job (MB)
	376008  -  ResidentSetSize of job (KB)
...
006 (3447426.012.000) 01/31 04:32:36 Image size of job updated: 441344
	368  -  MemoryUsage of job (MB)
	376172  -  ResidentSetSize of job (KB)
...
006 (3447426.012.000) 01/31 04:37:36 Image size of job updated: 441344
	368  -  MemoryUsage of job (MB)
	376188  -  ResidentSetSize of job (KB)
...
006 (3447426.012.000) 01/31 04:42:36 Image size of job updated: 441344
	368  -  MemoryUsage of job (MB)
	376396  -  ResidentSetSize of job (KB)
...
006 (3447426.012.000) 01/31 04:47:37 Image size of job updated: 441344
	368  -  MemoryUsage of job (MB)
	376476  -  ResidentSetSize of job (KB)
...
006 (3447426.012.000) 01/31 04:52:38 Image size of job updated: 441344
	368  -  MemoryUsage of job (MB)
	376568  -  ResidentSetSize of job (KB)
...
006 (3447426.012.000) 01/31 04:57:38 Image size of job updated: 441344
	368  -  MemoryUsage of job (MB)
	376664  -  ResidentSetSize of job (KB)
...
006 (3447426.012.000) 01/31 05:02:38 Image size of job updated: 441344
	368  -  MemoryUsage of job (MB)
	376728  -  ResidentSetSize of job (KB)
...
006 (3447426.012.000) 01/31 05:07:39 Image size of job updated: 441344
	368  -  MemoryUsage of job (MB)
	376780  -  ResidentSetSize of job (KB)
...
006 (3447426.012.000) 01/31 05:12:39 Image size of job updated: 441344
	369  -  MemoryUsage of job (MB)
	377008  -  ResidentSetSize of job (KB)
...
006 (3447426.012.000) 01/31 05:17:39 Image size of job updated: 441344
	369  -  MemoryUsage of job (MB)
	377060  -  ResidentSetSize of job (KB)
...
006 (3447426.012.000) 01/31 05:22:40 Image size of job updated: 441344
	369  -  MemoryUsage of job (MB)
	377232  -  ResidentSetSize of job (KB)
...
006 (3447426.012.000) 01/31 05:27:41 Image size of job updated: 441344
	369  -  MemoryUsage of job (MB)
	377300  -  ResidentSetSize of job (KB)
...
006 (3447426.012.000) 01/31 05:32:41 Image size of job updated: 441344
	369  -  MemoryUsage of job (MB)
	377388  -  ResidentSetSize of job (KB)
...
006 (3447426.012.000) 01/31 05:37:41 Image size of job updated: 441344
	369  -  MemoryUsage of job (MB)
	377540  -  ResidentSetSize of job (KB)
...
006 (3447426.012.000) 01/31 05:42:43 Image size of job updated: 441344
	369  -  MemoryUsage of job (MB)
	377588  -  ResidentSetSize of job (KB)
...
006 (3447426.012.000) 01/31 05:47:43 Image size of job updated: 441344
	369  -  MemoryUsage of job (MB)
	377756  -  ResidentSetSize of job (KB)
...
006 (3447426.012.000) 01/31 05:52:43 Image size of job updated: 441344
	370  -  MemoryUsage of job (MB)
	377996  -  ResidentSetSize of job (KB)
...
006 (3447426.012.000) 01/31 05:57:44 Image size of job updated: 441344
	370  -  MemoryUsage of job (MB)
	378276  -  ResidentSetSize of job (KB)
...
006 (3447426.012.000) 01/31 06:02:45 Image size of job updated: 441344
	370  -  MemoryUsage of job (MB)
	378728  -  ResidentSetSize of job (KB)
...
006 (3447426.012.000) 01/31 06:07:45 Image size of job updated: 441344
	370  -  MemoryUsage of job (MB)
	378788  -  ResidentSetSize of job (KB)
...
006 (3447426.012.000) 01/31 06:12:45 Image size of job updated: 441344
	371  -  MemoryUsage of job (MB)
	378980  -  ResidentSetSize of job (KB)
...
006 (3447426.012.000) 01/31 10:33:14 Image size of job updated: 441344
	371  -  MemoryUsage of job (MB)
	378984  -  ResidentSetSize of job (KB)
...
006 (3447426.012.000) 01/31 10:53:15 Image size of job updated: 441344
	371  -  MemoryUsage of job (MB)
	378992  -  ResidentSetSize of job (KB)
...
006 (3447426.012.000) 01/31 11:03:17 Image size of job updated: 441344
	371  -  MemoryUsage of job (MB)
	379004  -  ResidentSetSize of job (KB)
...
006 (3447426.012.000) 01/31 11:18:19 Image size of job updated: 441344
	371  -  MemoryUsage of job (MB)
	379012  -  ResidentSetSize of job (KB)
...
006 (3447426.012.000) 01/31 11:28:19 Image size of job updated: 441344
	371  -  MemoryUsage of job (MB)
	379044  -  ResidentSetSize of job (KB)
...
006 (3447426.012.000) 01/31 11:43:20 Image size of job updated: 441344
	371  -  MemoryUsage of job (MB)
	379104  -  ResidentSetSize of job (KB)
...
006 (3447426.012.000) 01/31 11:48:21 Image size of job updated: 441344
	371  -  MemoryUsage of job (MB)
	379152  -  ResidentSetSize of job (KB)
...
006 (3447426.012.000) 01/31 12:08:24 Image size of job updated: 441344
	371  -  MemoryUsage of job (MB)
	379160  -  ResidentSetSize of job (KB)
...
006 (3447426.012.000) 01/31 12:13:24 Image size of job updated: 441344
	371  -  MemoryUsage of job (MB)
	379188  -  ResidentSetSize of job (KB)
...
006 (3447426.012.000) 01/31 12:23:25 Image size of job updated: 441344
	371  -  MemoryUsage of job (MB)
	379196  -  ResidentSetSize of job (KB)
...
006 (3447426.012.000) 01/31 12:28:25 Image size of job updated: 441344
	371  -  MemoryUsage of job (MB)
	379232  -  ResidentSetSize of job (KB)
...
006 (3447426.012.000) 01/31 12:33:25 Image size of job updated: 441344
	371  -  MemoryUsage of job (MB)
	379248  -  ResidentSetSize of job (KB)
...
006 (3447426.012.000) 01/31 12:43:27 Image size of job updated: 441344
	371  -  MemoryUsage of job (MB)
	379280  -  ResidentSetSize of job (KB)
...
006 (3447426.012.000) 01/31 12:53:28 Image size of job updated: 441344
	371  -  MemoryUsage of job (MB)
	379308  -  ResidentSetSize of job (KB)
...
006 (3447426.012.000) 01/31 12:58:29 Image size of job updated: 441344
	371  -  MemoryUsage of job (MB)
	379324  -  ResidentSetSize of job (KB)
...
006 (3447426.012.000) 01/31 13:03:29 Image size of job updated: 441344
	371  -  MemoryUsage of job (MB)
	379336  -  ResidentSetSize of job (KB)
...
006 (3447426.012.000) 01/31 13:08:30 Image size of job updated: 441344
	371  -  MemoryUsage of job (MB)
	379348  -  ResidentSetSize of job (KB)
...
006 (3447426.012.000) 01/31 13:18:31 Image size of job updated: 441344
	371  -  MemoryUsage of job (MB)
	379372  -  ResidentSetSize of job (KB)
...
006 (3447426.012.000) 01/31 13:23:31 Image size of job updated: 441344
	371  -  MemoryUsage of job (MB)
	379384  -  ResidentSetSize of job (KB)
...
006 (3447426.012.000) 01/31 13:38:32 Image size of job updated: 441344
	371  -  MemoryUsage of job (MB)
	379408  -  ResidentSetSize of job (KB)
...
006 (3447426.012.000) 01/31 14:08:36 Image size of job updated: 441344
	371  -  MemoryUsage of job (MB)
	379504  -  ResidentSetSize of job (KB)
...
006 (3447426.012.000) 01/31 14:13:37 Image size of job updated: 441344
	371  -  MemoryUsage of job (MB)
	379528  -  ResidentSetSize of job (KB)
...
006 (3447426.012.000) 01/31 14:23:38 Image size of job updated: 441344
	371  -  MemoryUsage of job (MB)
	379552  -  ResidentSetSize of job (KB)
...
006 (3447426.012.000) 01/31 14:28:38 Image size of job updated: 441344
	371  -  MemoryUsage of job (MB)
	379564  -  ResidentSetSize of job (KB)
...
006 (3447426.012.000) 01/31 14:33:39 Image size of job updated: 441344
	371  -  MemoryUsage of job (MB)
	379644  -  ResidentSetSize of job (KB)
...
006 (3447426.012.000) 01/31 14:38:39 Image size of job updated: 441344
	371  -  MemoryUsage of job (MB)
	379680  -  ResidentSetSize of job (KB)
...
006 (3447426.012.000) 01/31 14:48:41 Image size of job updated: 441344
	371  -  MemoryUsage of job (MB)
	379696  -  ResidentSetSize of job (KB)
...
006 (3447426.012.000) 01/31 14:53:41 Image size of job updated: 441344
	371  -  MemoryUsage of job (MB)
	379748  -  ResidentSetSize of job (KB)
...
006 (3447426.012.000) 01/31 14:58:41 Image size of job updated: 441344
	371  -  MemoryUsage of job (MB)
	379788  -  ResidentSetSize of job (KB)
...
006 (3447426.012.000) 01/31 15:13:43 Image size of job updated: 441344
	371  -  MemoryUsage of job (MB)
	379824  -  ResidentSetSize of job (KB)
...
006 (3447426.012.000) 01/31 15:18:44 Image size of job updated: 441344
	371  -  MemoryUsage of job (MB)
	379832  -  ResidentSetSize of job (KB)
...
006 (3447426.012.000) 01/31 15:23:45 Image size of job updated: 441344
	371  -  MemoryUsage of job (MB)
	379836  -  ResidentSetSize of job (KB)
...
006 (3447426.012.000) 01/31 15:28:45 Image size of job updated: 441344
	371  -  MemoryUsage of job (MB)
	379844  -  ResidentSetSize of job (KB)
...
006 (3447426.012.000) 01/31 15:33:46 Image size of job updated: 441344
	371  -  MemoryUsage of job (MB)
	379856  -  ResidentSetSize of job (KB)
...
006 (3447426.012.000) 01/31 15:38:47 Image size of job updated: 441344
	371  -  MemoryUsage of job (MB)
	379868  -  ResidentSetSize of job (KB)
...
006 (3447426.012.000) 01/31 15:43:47 Image size of job updated: 441344
	371  -  MemoryUsage of job (MB)
	379904  -  ResidentSetSize of job (KB)
...
006 (3447426.012.000) 01/31 15:53:48 Image size of job updated: 441344
	372  -  MemoryUsage of job (MB)
	379908  -  ResidentSetSize of job (KB)
...
006 (3447426.012.000) 01/31 15:58:49 Image size of job updated: 441344
	372  -  MemoryUsage of job (MB)
	379912  -  ResidentSetSize of job (KB)
...
006 (3447426.012.000) 01/31 16:03:49 Image size of job updated: 441344
	372  -  MemoryUsage of job (MB)
	379928  -  ResidentSetSize of job (KB)
...
006 (3447426.012.000) 01/31 16:08:50 Image size of job updated: 441344
	372  -  MemoryUsage of job (MB)
	379968  -  ResidentSetSize of job (KB)
...
006 (3447426.012.000) 01/31 16:13:51 Image size of job updated: 441344
	372  -  MemoryUsage of job (MB)
	379972  -  ResidentSetSize of job (KB)
...
006 (3447426.012.000) 01/31 16:18:51 Image size of job updated: 441344
	372  -  MemoryUsage of job (MB)
	380008  -  ResidentSetSize of job (KB)
...
006 (3447426.012.000) 01/31 16:23:51 Image size of job updated: 441344
	372  -  MemoryUsage of job (MB)
	380020  -  ResidentSetSize of job (KB)
...
006 (3447426.012.000) 01/31 16:38:52 Image size of job updated: 441344
	372  -  MemoryUsage of job (MB)
	380028  -  ResidentSetSize of job (KB)
...
006 (3447426.012.000) 01/31 16:43:54 Image size of job updated: 441344
	372  -  MemoryUsage of job (MB)
	380036  -  ResidentSetSize of job (KB)
...
006 (3447426.012.000) 01/31 16:48:54 Image size of job updated: 441344
	372  -  MemoryUsage of job (MB)
	380080  -  ResidentSetSize of job (KB)
...
006 (3447426.012.000) 01/31 16:53:54 Image size of job updated: 441344
	372  -  MemoryUsage of job (MB)
	380104  -  ResidentSetSize of job (KB)
...
006 (3447426.012.000) 01/31 17:08:55 Image size of job updated: 441344
	372  -  MemoryUsage of job (MB)
	380120  -  ResidentSetSize of job (KB)
...
006 (3447426.012.000) 01/31 17:13:56 Image size of job updated: 441344
	372  -  MemoryUsage of job (MB)
	380188  -  ResidentSetSize of job (KB)
...
006 (3447426.012.000) 01/31 17:18:56 Image size of job updated: 441344
	372  -  MemoryUsage of job (MB)
	380208  -  ResidentSetSize of job (KB)
...
006 (3447426.012.000) 01/31 17:23:56 Image size of job updated: 441344
	372  -  MemoryUsage of job (MB)
	380212  -  ResidentSetSize of job (KB)
...
006 (3447426.012.000) 01/31 17:57:51 Image size of job updated: 441344
	372  -  MemoryUsage of job (MB)
	380256  -  ResidentSetSize of job (KB)
...
006 (3447426.012.000) 01/31 18:04:21 Image size of job updated: 441344
	372  -  MemoryUsage of job (MB)
	380268  -  ResidentSetSize of job (KB)
...
006 (3447426.012.000) 01/31 18:14:23 Image size of job updated: 441344
	372  -  MemoryUsage of job (MB)
	380312  -  ResidentSetSize of job (KB)
...
006 (3447426.012.000) 01/31 18:24:24 Image size of job updated: 441344
	372  -  MemoryUsage of job (MB)
	380332  -  ResidentSetSize of job (KB)
...
006 (3447426.012.000) 01/31 18:34:25 Image size of job updated: 441344
	372  -  MemoryUsage of job (MB)
	380356  -  ResidentSetSize of job (KB)
...
006 (3447426.012.000) 01/31 18:44:26 Image size of job updated: 441344
	372  -  MemoryUsage of job (MB)
	380364  -  ResidentSetSize of job (KB)
...
006 (3447426.012.000) 01/31 18:49:26 Image size of job updated: 441344
	372  -  MemoryUsage of job (MB)
	380388  -  ResidentSetSize of job (KB)
...
006 (3447426.012.000) 01/31 18:54:26 Image size of job updated: 441344
	372  -  MemoryUsage of job (MB)
	380396  -  ResidentSetSize of job (KB)
...
006 (3447426.012.000) 01/31 19:04:27 Image size of job updated: 441344
	372  -  MemoryUsage of job (MB)
	380416  -  ResidentSetSize of job (KB)
...
006 (3447426.012.000) 01/31 19:09:27 Image size of job updated: 441344
	372  -  MemoryUsage of job (MB)
	380432  -  ResidentSetSize of job (KB)
...
006 (3447426.012.000) 01/31 19:19:29 Image size of job updated: 441344
	372  -  MemoryUsage of job (MB)
	380468  -  ResidentSetSize of job (KB)
...
006 (3447426.012.000) 01/31 19:24:29 Image size of job updated: 441344
	372  -  MemoryUsage of job (MB)
	380476  -  ResidentSetSize of job (KB)
...
006 (3447426.012.000) 01/31 19:29:30 Image size of job updated: 441344
	372  -  MemoryUsage of job (MB)
	380492  -  ResidentSetSize of job (KB)
...
006 (3447426.012.000) 01/31 19:39:30 Image size of job updated: 441344
	372  -  MemoryUsage of job (MB)
	380556  -  ResidentSetSize of job (KB)
...
006 (3447426.012.000) 01/31 19:44:31 Image size of job updated: 441344
	372  -  MemoryUsage of job (MB)
	380576  -  ResidentSetSize of job (KB)
...
006 (3447426.012.000) 01/31 20:04:33 Image size of job updated: 441344
	372  -  MemoryUsage of job (MB)
	380604  -  ResidentSetSize of job (KB)
...
006 (3447426.012.000) 01/31 20:09:33 Image size of job updated: 441344
	372  -  MemoryUsage of job (MB)
	380620  -  ResidentSetSize of job (KB)
...
006 (3447426.012.000) 01/31 20:14:33 Image size of job updated: 441344
	372  -  MemoryUsage of job (MB)
	380628  -  ResidentSetSize of job (KB)
...
006 (3447426.012.000) 01/31 20:19:34 Image size of job updated: 441344
	372  -  MemoryUsage of job (MB)
	380632  -  ResidentSetSize of job (KB)
...
006 (3447426.012.000) 01/31 20:24:35 Image size of job updated: 441344
	372  -  MemoryUsage of job (MB)
	380676  -  ResidentSetSize of job (KB)
...
006 (3447426.012.000) 01/31 20:29:35 Image size of job updated: 441344
	372  -  MemoryUsage of job (MB)
	380696  -  ResidentSetSize of job (KB)
...
006 (3447426.012.000) 01/31 20:39:36 Image size of job updated: 441344
	372  -  MemoryUsage of job (MB)
	380704  -  ResidentSetSize of job (KB)
...
006 (3447426.012.000) 01/31 20:44:37 Image size of job updated: 441344
	372  -  MemoryUsage of job (MB)
	380744  -  ResidentSetSize of job (KB)
...
006 (3447426.012.000) 01/31 20:49:37 Image size of job updated: 441344
	372  -  MemoryUsage of job (MB)
	380748  -  ResidentSetSize of job (KB)
...
006 (3447426.012.000) 01/31 20:54:38 Image size of job updated: 441344
	372  -  MemoryUsage of job (MB)
	380760  -  ResidentSetSize of job (KB)
...
006 (3447426.012.000) 01/31 20:59:39 Image size of job updated: 441344
	372  -  MemoryUsage of job (MB)
	380784  -  ResidentSetSize of job (KB)
...
006 (3447426.012.000) 01/31 21:14:41 Image size of job updated: 441344
	372  -  MemoryUsage of job (MB)
	380820  -  ResidentSetSize of job (KB)
...
006 (3447426.012.000) 01/31 21:19:41 Image size of job updated: 441344
	372  -  MemoryUsage of job (MB)
	380840  -  ResidentSetSize of job (KB)
...
006 (3447426.012.000) 01/31 21:24:41 Image size of job updated: 441344
	372  -  MemoryUsage of job (MB)
	380856  -  ResidentSetSize of job (KB)
...
006 (3447426.012.000) 01/31 21:34:43 Image size of job updated: 441344
	372  -  MemoryUsage of job (MB)
	380872  -  ResidentSetSize of job (KB)
...
006 (3447426.012.000) 01/31 21:39:43 Image size of job updated: 441344
	372  -  MemoryUsage of job (MB)
	380900  -  ResidentSetSize of job (KB)
...
006 (3447426.012.000) 01/31 21:44:44 Image size of job updated: 441344
	373  -  MemoryUsage of job (MB)
	380944  -  ResidentSetSize of job (KB)
...
006 (3447426.012.000) 01/31 21:54:45 Image size of job updated: 441344
	373  -  MemoryUsage of job (MB)
	380948  -  ResidentSetSize of job (KB)
...
006 (3447426.012.000) 01/31 22:14:47 Image size of job updated: 441344
	373  -  MemoryUsage of job (MB)
	380960  -  ResidentSetSize of job (KB)
...
006 (3447426.012.000) 01/31 22:21:35 Image size of job updated: 441344
	373  -  MemoryUsage of job (MB)
	380964  -  ResidentSetSize of job (KB)
...
006 (3447426.012.000) 01/31 22:27:00 Image size of job updated: 441344
	373  -  MemoryUsage of job (MB)
	380996  -  ResidentSetSize of job (KB)
...
006 (3447426.012.000) 01/31 22:32:00 Image size of job updated: 441344
	373  -  MemoryUsage of job (MB)
	381028  -  ResidentSetSize of job (KB)
...
006 (3447426.012.000) 01/31 22:37:00 Image size of job updated: 441344
	373  -  MemoryUsage of job (MB)
	381044  -  ResidentSetSize of job (KB)
...
006 (3447426.012.000) 01/31 22:42:01 Image size of job updated: 441344
	373  -  MemoryUsage of job (MB)
	381052  -  ResidentSetSize of job (KB)
...
006 (3447426.012.000) 01/31 22:47:01 Image size of job updated: 441344
	373  -  MemoryUsage of job (MB)
	381080  -  ResidentSetSize of job (KB)
...
006 (3447426.012.000) 01/31 22:52:01 Image size of job updated: 441344
	373  -  MemoryUsage of job (MB)
	381096  -  ResidentSetSize of job (KB)
...
006 (3447426.012.000) 01/31 22:57:03 Image size of job updated: 441344
	373  -  MemoryUsage of job (MB)
	381120  -  ResidentSetSize of job (KB)
...
006 (3447426.012.000) 01/31 23:02:03 Image size of job updated: 441344
	373  -  MemoryUsage of job (MB)
	381144  -  ResidentSetSize of job (KB)
...
006 (3447426.012.000) 01/31 23:12:04 Image size of job updated: 441344
	373  -  MemoryUsage of job (MB)
	381160  -  ResidentSetSize of job (KB)
...
006 (3447426.012.000) 01/31 23:17:05 Image size of job updated: 441344
	373  -  MemoryUsage of job (MB)
	381164  -  ResidentSetSize of job (KB)
...
006 (3447426.012.000) 01/31 23:22:05 Image size of job updated: 441344
	373  -  MemoryUsage of job (MB)
	381272  -  ResidentSetSize of job (KB)
...
006 (3447426.012.000) 01/31 23:27:05 Image size of job updated: 441344
	373  -  MemoryUsage of job (MB)
	381312  -  ResidentSetSize of job (KB)
...
006 (3447426.012.000) 01/31 23:32:06 Image size of job updated: 441344
	373  -  MemoryUsage of job (MB)
	381320  -  ResidentSetSize of job (KB)
...
006 (3447426.012.000) 01/31 23:52:09 Image size of job updated: 441344
	373  -  MemoryUsage of job (MB)
	381324  -  ResidentSetSize of job (KB)
...
006 (3447426.012.000) 01/31 23:57:10 Image size of job updated: 441344
	373  -  MemoryUsage of job (MB)
	381328  -  ResidentSetSize of job (KB)
...
006 (3447426.012.000) 02/01 00:02:11 Image size of job updated: 441344
	373  -  MemoryUsage of job (MB)
	381348  -  ResidentSetSize of job (KB)
...
006 (3447426.012.000) 02/01 00:12:11 Image size of job updated: 441344
	373  -  MemoryUsage of job (MB)
	381352  -  ResidentSetSize of job (KB)
...
006 (3447426.012.000) 02/01 00:17:12 Image size of job updated: 441344
	373  -  MemoryUsage of job (MB)
	381388  -  ResidentSetSize of job (KB)
...
006 (3447426.012.000) 02/01 00:22:13 Image size of job updated: 441344
	373  -  MemoryUsage of job (MB)
	381416  -  ResidentSetSize of job (KB)
...
006 (3447426.012.000) 02/01 00:27:13 Image size of job updated: 441344
	373  -  MemoryUsage of job (MB)
	381456  -  ResidentSetSize of job (KB)
...
006 (3447426.012.000) 02/01 00:32:14 Image size of job updated: 441344
	373  -  MemoryUsage of job (MB)
	381500  -  ResidentSetSize of job (KB)
...
006 (3447426.012.000) 02/01 00:37:15 Image size of job updated: 441344
	373  -  MemoryUsage of job (MB)
	381524  -  ResidentSetSize of job (KB)
...
006 (3447426.012.000) 02/01 00:42:15 Image size of job updated: 441344
	373  -  MemoryUsage of job (MB)
	381576  -  ResidentSetSize of job (KB)
...
006 (3447426.012.000) 02/01 00:47:15 Image size of job updated: 441344
	373  -  MemoryUsage of job (MB)
	381604  -  ResidentSetSize of job (KB)
...
006 (3447426.012.000) 02/01 01:02:17 Image size of job updated: 441344
	373  -  MemoryUsage of job (MB)
	381608  -  ResidentSetSize of job (KB)
...
006 (3447426.012.000) 02/01 01:07:17 Image size of job updated: 441344
	373  -  MemoryUsage of job (MB)
	381628  -  ResidentSetSize of job (KB)
...
006 (3447426.012.000) 02/01 01:12:18 Image size of job updated: 441344
	373  -  MemoryUsage of job (MB)
	381644  -  ResidentSetSize of job (KB)
...
006 (3447426.012.000) 02/01 01:32:20 Image size of job updated: 441344
	373  -  MemoryUsage of job (MB)
	381648  -  ResidentSetSize of job (KB)
...
006 (3447426.012.000) 02/01 01:42:21 Image size of job updated: 441344
	373  -  MemoryUsage of job (MB)
	381676  -  ResidentSetSize of job (KB)
...
006 (3447426.012.000) 02/01 01:47:22 Image size of job updated: 441344
	373  -  MemoryUsage of job (MB)
	381688  -  ResidentSetSize of job (KB)
...
006 (3447426.012.000) 02/01 01:57:23 Image size of job updated: 441344
	373  -  MemoryUsage of job (MB)
	381728  -  ResidentSetSize of job (KB)
...
006 (3447426.012.000) 02/01 02:02:24 Image size of job updated: 441344
	373  -  MemoryUsage of job (MB)
	381744  -  ResidentSetSize of job (KB)
...
006 (3447426.012.000) 02/01 02:07:24 Image size of job updated: 441344
	373  -  MemoryUsage of job (MB)
	381772  -  ResidentSetSize of job (KB)
...
006 (3447426.012.000) 02/01 02:12:24 Image size of job updated: 441344
	373  -  MemoryUsage of job (MB)
	381800  -  ResidentSetSize of job (KB)
...
006 (3447426.012.000) 02/01 02:17:25 Image size of job updated: 441344
	373  -  MemoryUsage of job (MB)
	381816  -  ResidentSetSize of job (KB)
...
006 (3447426.012.000) 02/01 02:32:26 Image size of job updated: 441344
	373  -  MemoryUsage of job (MB)
	381828  -  ResidentSetSize of job (KB)
...
006 (3447426.012.000) 02/01 02:37:27 Image size of job updated: 441344
	373  -  MemoryUsage of job (MB)
	381832  -  ResidentSetSize of job (KB)
...
006 (3447426.012.000) 02/01 02:47:28 Image size of job updated: 441344
	373  -  MemoryUsage of job (MB)
	381904  -  ResidentSetSize of job (KB)
...
006 (3447426.012.000) 02/01 03:02:30 Image size of job updated: 441344
	373  -  MemoryUsage of job (MB)
	381948  -  ResidentSetSize of job (KB)
...
006 (3447426.012.000) 02/01 03:07:31 Image size of job updated: 441344
	373  -  MemoryUsage of job (MB)
	381952  -  ResidentSetSize of job (KB)
...
006 (3447426.012.000) 02/01 03:17:32 Image size of job updated: 441344
	374  -  MemoryUsage of job (MB)
	381964  -  ResidentSetSize of job (KB)
...
006 (3447426.012.000) 02/01 03:32:34 Image size of job updated: 441344
	374  -  MemoryUsage of job (MB)
	381972  -  ResidentSetSize of job (KB)
...
006 (3447426.012.000) 02/01 03:37:35 Image size of job updated: 441344
	374  -  MemoryUsage of job (MB)
	382004  -  ResidentSetSize of job (KB)
...
006 (3447426.012.000) 02/01 03:47:35 Image size of job updated: 441344
	374  -  MemoryUsage of job (MB)
	382012  -  ResidentSetSize of job (KB)
...
006 (3447426.012.000) 02/01 03:52:37 Image size of job updated: 441344
	374  -  MemoryUsage of job (MB)
	382064  -  ResidentSetSize of job (KB)
...
006 (3447426.012.000) 02/01 03:57:37 Image size of job updated: 441344
	374  -  MemoryUsage of job (MB)
	382084  -  ResidentSetSize of job (KB)
...
006 (3447426.012.000) 02/01 04:02:37 Image size of job updated: 441344
	374  -  MemoryUsage of job (MB)
	382092  -  ResidentSetSize of job (KB)
...
006 (3447426.012.000) 02/01 04:12:39 Image size of job updated: 441344
	374  -  MemoryUsage of job (MB)
	382112  -  ResidentSetSize of job (KB)
...
006 (3447426.012.000) 02/01 04:27:41 Image size of job updated: 441344
	374  -  MemoryUsage of job (MB)
	382128  -  ResidentSetSize of job (KB)
...
006 (3447426.012.000) 02/01 04:32:41 Image size of job updated: 441344
	374  -  MemoryUsage of job (MB)
	382164  -  ResidentSetSize of job (KB)
...
006 (3447426.012.000) 02/01 04:47:43 Image size of job updated: 441344
	374  -  MemoryUsage of job (MB)
	382172  -  ResidentSetSize of job (KB)
...
006 (3447426.012.000) 02/01 04:52:43 Image size of job updated: 441344
	374  -  MemoryUsage of job (MB)
	382204  -  ResidentSetSize of job (KB)
...
006 (3447426.012.000) 02/01 04:57:44 Image size of job updated: 441344
	374  -  MemoryUsage of job (MB)
	382212  -  ResidentSetSize of job (KB)
...
006 (3447426.012.000) 02/01 05:07:45 Image size of job updated: 441344
	374  -  MemoryUsage of job (MB)
	382224  -  ResidentSetSize of job (KB)
...
006 (3447426.012.000) 02/01 05:12:46 Image size of job updated: 441344
	374  -  MemoryUsage of job (MB)
	382252  -  ResidentSetSize of job (KB)
...
006 (3447426.012.000) 02/01 05:17:47 Image size of job updated: 441344
	374  -  MemoryUsage of job (MB)
	382304  -  ResidentSetSize of job (KB)
...
006 (3447426.012.000) 02/01 05:22:47 Image size of job updated: 441344
	374  -  MemoryUsage of job (MB)
	382312  -  ResidentSetSize of job (KB)
...
006 (3447426.012.000) 02/01 05:27:48 Image size of job updated: 441344
	374  -  MemoryUsage of job (MB)
	382316  -  ResidentSetSize of job (KB)
...
006 (3447426.012.000) 02/01 05:42:49 Image size of job updated: 441344
	374  -  MemoryUsage of job (MB)
	382336  -  ResidentSetSize of job (KB)
...
006 (3447426.012.000) 02/01 05:52:50 Image size of job updated: 441344
	374  -  MemoryUsage of job (MB)
	382360  -  ResidentSetSize of job (KB)
...
006 (3447426.012.000) 02/01 06:02:51 Image size of job updated: 441344
	374  -  MemoryUsage of job (MB)
	382368  -  ResidentSetSize of job (KB)
...
006 (3447426.012.000) 02/01 06:07:51 Image size of job updated: 441344
	374  -  MemoryUsage of job (MB)
	382428  -  ResidentSetSize of job (KB)
...
006 (3447426.012.000) 02/01 06:12:51 Image size of job updated: 441344
	374  -  MemoryUsage of job (MB)
	382436  -  ResidentSetSize of job (KB)
...
006 (3447426.012.000) 02/01 06:17:53 Image size of job updated: 441344
	374  -  MemoryUsage of job (MB)
	382444  -  ResidentSetSize of job (KB)
...
006 (3447426.012.000) 02/01 06:27:53 Image size of job updated: 441344
	374  -  MemoryUsage of job (MB)
	382460  -  ResidentSetSize of job (KB)
...
006 (3447426.012.000) 02/01 06:32:54 Image size of job updated: 441344
	374  -  MemoryUsage of job (MB)
	382472  -  ResidentSetSize of job (KB)
...
006 (3447426.012.000) 02/01 06:37:55 Image size of job updated: 441344
	374  -  MemoryUsage of job (MB)
	382476  -  ResidentSetSize of job (KB)
...
006 (3447426.012.000) 02/01 06:42:55 Image size of job updated: 441344
	374  -  MemoryUsage of job (MB)
	382488  -  ResidentSetSize of job (KB)
...
006 (3447426.012.000) 02/01 06:47:56 Image size of job updated: 441344
	374  -  MemoryUsage of job (MB)
	382516  -  ResidentSetSize of job (KB)
...
006 (3447426.012.000) 02/01 06:52:57 Image size of job updated: 441344
	374  -  MemoryUsage of job (MB)
	382524  -  ResidentSetSize of job (KB)
...
006 (3447426.012.000) 02/01 07:02:58 Image size of job updated: 441344
	374  -  MemoryUsage of job (MB)
	382540  -  ResidentSetSize of job (KB)
...
006 (3447426.012.000) 02/01 07:07:59 Image size of job updated: 441344
	374  -  MemoryUsage of job (MB)
	382548  -  ResidentSetSize of job (KB)
...
006 (3447426.012.000) 02/01 07:12:59 Image size of job updated: 441344
	374  -  MemoryUsage of job (MB)
	382560  -  ResidentSetSize of job (KB)
...
006 (3447426.012.000) 02/01 07:23:00 Image size of job updated: 441344
	374  -  MemoryUsage of job (MB)
	382592  -  ResidentSetSize of job (KB)
...
006 (3447426.012.000) 02/01 07:28:00 Image size of job updated: 441344
	374  -  MemoryUsage of job (MB)
	382620  -  ResidentSetSize of job (KB)
...
006 (3447426.012.000) 02/01 07:33:00 Image size of job updated: 441344
	374  -  MemoryUsage of job (MB)
	382636  -  ResidentSetSize of job (KB)
...
006 (3447426.012.000) 02/01 07:38:01 Image size of job updated: 441344
	374  -  MemoryUsage of job (MB)
	382648  -  ResidentSetSize of job (KB)
...
006 (3447426.012.000) 02/01 07:48:01 Image size of job updated: 441344
	374  -  MemoryUsage of job (MB)
	382656  -  ResidentSetSize of job (KB)
...
006 (3447426.012.000) 02/01 07:58:03 Image size of job updated: 441344
	374  -  MemoryUsage of job (MB)
	382672  -  ResidentSetSize of job (KB)
...
006 (3447426.012.000) 02/01 08:03:03 Image size of job updated: 441344
	374  -  MemoryUsage of job (MB)
	382704  -  ResidentSetSize of job (KB)
...
006 (3447426.012.000) 02/01 08:08:04 Image size of job updated: 441344
	374  -  MemoryUsage of job (MB)
	382712  -  ResidentSetSize of job (KB)
...
006 (3447426.012.000) 02/01 08:18:05 Image size of job updated: 441344
	374  -  MemoryUsage of job (MB)
	382772  -  ResidentSetSize of job (KB)
...
006 (3447426.012.000) 02/01 08:23:06 Image size of job updated: 441344
	374  -  MemoryUsage of job (MB)
	382788  -  ResidentSetSize of job (KB)
...
006 (3447426.012.000) 02/01 08:28:07 Image size of job updated: 441344
	374  -  MemoryUsage of job (MB)
	382808  -  ResidentSetSize of job (KB)
...
006 (3447426.012.000) 02/01 08:33:07 Image size of job updated: 441344
	374  -  MemoryUsage of job (MB)
	382824  -  ResidentSetSize of job (KB)
...
006 (3447426.012.000) 02/01 08:43:08 Image size of job updated: 441344
	374  -  MemoryUsage of job (MB)
	382836  -  ResidentSetSize of job (KB)
...
006 (3447426.012.000) 02/01 08:53:09 Image size of job updated: 441344
	374  -  MemoryUsage of job (MB)
	382876  -  ResidentSetSize of job (KB)
...
006 (3447426.012.000) 02/01 08:58:10 Image size of job updated: 441344
	374  -  MemoryUsage of job (MB)
	382900  -  ResidentSetSize of job (KB)
...
006 (3447426.012.000) 02/01 09:03:11 Image size of job updated: 441344
	374  -  MemoryUsage of job (MB)
	382924  -  ResidentSetSize of job (KB)
...
006 (3447426.012.000) 02/01 09:08:11 Image size of job updated: 441344
	374  -  MemoryUsage of job (MB)
	382928  -  ResidentSetSize of job (KB)
...
006 (3447426.012.000) 02/01 09:13:11 Image size of job updated: 441344
	374  -  MemoryUsage of job (MB)
	382964  -  ResidentSetSize of job (KB)
...
006 (3447426.012.000) 02/01 09:18:12 Image size of job updated: 441344
	375  -  MemoryUsage of job (MB)
	383000  -  ResidentSetSize of job (KB)
...
006 (3447426.012.000) 02/01 09:23:13 Image size of job updated: 441344
	375  -  MemoryUsage of job (MB)
	383080  -  ResidentSetSize of job (KB)
...
006 (3447426.012.000) 02/01 09:33:14 Image size of job updated: 441344
	375  -  MemoryUsage of job (MB)
	383096  -  ResidentSetSize of job (KB)
...
006 (3447426.012.000) 02/01 09:38:15 Image size of job updated: 441344
	375  -  MemoryUsage of job (MB)
	383100  -  ResidentSetSize of job (KB)
...
006 (3447426.012.000) 02/01 09:43:15 Image size of job updated: 441344
	375  -  MemoryUsage of job (MB)
	383148  -  ResidentSetSize of job (KB)
...
006 (3447426.012.000) 02/01 09:48:15 Image size of job updated: 441344
	375  -  MemoryUsage of job (MB)
	383156  -  ResidentSetSize of job (KB)
...
006 (3447426.012.000) 02/01 09:53:27 Image size of job updated: 441344
	375  -  MemoryUsage of job (MB)
	383180  -  ResidentSetSize of job (KB)
...
006 (3447426.012.000) 02/01 09:58:16 Image size of job updated: 441344
	375  -  MemoryUsage of job (MB)
	383224  -  ResidentSetSize of job (KB)
...
006 (3447426.012.000) 02/01 10:03:16 Image size of job updated: 441344
	375  -  MemoryUsage of job (MB)
	383248  -  ResidentSetSize of job (KB)
...
006 (3447426.012.000) 02/01 10:08:17 Image size of job updated: 441344
	375  -  MemoryUsage of job (MB)
	383280  -  ResidentSetSize of job (KB)
...
006 (3447426.012.000) 02/01 10:13:18 Image size of job updated: 441344
	375  -  MemoryUsage of job (MB)
	383292  -  ResidentSetSize of job (KB)
...
006 (3447426.012.000) 02/01 10:18:18 Image size of job updated: 441344
	375  -  MemoryUsage of job (MB)
	383296  -  ResidentSetSize of job (KB)
...
006 (3447426.012.000) 02/01 10:23:19 Image size of job updated: 441344
	375  -  MemoryUsage of job (MB)
	383324  -  ResidentSetSize of job (KB)
...
006 (3447426.012.000) 02/01 10:28:20 Image size of job updated: 441344
	375  -  MemoryUsage of job (MB)
	383328  -  ResidentSetSize of job (KB)
...
006 (3447426.012.000) 02/01 10:43:21 Image size of job updated: 441344
	375  -  MemoryUsage of job (MB)
	383384  -  ResidentSetSize of job (KB)
...
006 (3447426.012.000) 02/01 10:48:22 Image size of job updated: 441344
	375  -  MemoryUsage of job (MB)
	383432  -  ResidentSetSize of job (KB)
...
006 (3447426.012.000) 02/01 11:03:23 Image size of job updated: 441344
	375  -  MemoryUsage of job (MB)
	383460  -  ResidentSetSize of job (KB)
...
006 (3447426.012.000) 02/01 11:08:23 Image size of job updated: 441344
	375  -  MemoryUsage of job (MB)
	383476  -  ResidentSetSize of job (KB)
...
006 (3447426.012.000) 02/01 11:13:23 Image size of job updated: 441344
	375  -  MemoryUsage of job (MB)
	383532  -  ResidentSetSize of job (KB)
...
006 (3447426.012.000) 02/01 11:18:24 Image size of job updated: 441344
	375  -  MemoryUsage of job (MB)
	383536  -  ResidentSetSize of job (KB)
...
006 (3447426.012.000) 02/01 11:23:25 Image size of job updated: 441344
	375  -  MemoryUsage of job (MB)
	383568  -  ResidentSetSize of job (KB)
...
006 (3447426.012.000) 02/01 11:33:26 Image size of job updated: 441344
	375  -  MemoryUsage of job (MB)
	383612  -  ResidentSetSize of job (KB)
...
006 (3447426.012.000) 02/01 11:38:27 Image size of job updated: 441344
	375  -  MemoryUsage of job (MB)
	383632  -  ResidentSetSize of job (KB)
...
006 (3447426.012.000) 02/01 11:43:27 Image size of job updated: 441344
	375  -  MemoryUsage of job (MB)
	383660  -  ResidentSetSize of job (KB)
...
006 (3447426.012.000) 02/01 11:48:27 Image size of job updated: 441344
	375  -  MemoryUsage of job (MB)
	383664  -  ResidentSetSize of job (KB)
...
006 (3447426.012.000) 02/01 11:53:28 Image size of job updated: 441344
	375  -  MemoryUsage of job (MB)
	383688  -  ResidentSetSize of job (KB)
...
006 (3447426.012.000) 02/01 11:58:29 Image size of job updated: 441344
	375  -  MemoryUsage of job (MB)
	383724  -  ResidentSetSize of job (KB)
...
006 (3447426.012.000) 02/01 12:03:29 Image size of job updated: 441344
	375  -  MemoryUsage of job (MB)
	383780  -  ResidentSetSize of job (KB)
...
006 (3447426.012.000) 02/01 12:18:31 Image size of job updated: 441344
	375  -  MemoryUsage of job (MB)
	383800  -  ResidentSetSize of job (KB)
...
006 (3447426.012.000) 02/01 12:23:32 Image size of job updated: 441344
	375  -  MemoryUsage of job (MB)
	383856  -  ResidentSetSize of job (KB)
...
006 (3447426.012.000) 02/01 12:28:33 Image size of job updated: 441344
	375  -  MemoryUsage of job (MB)
	383868  -  ResidentSetSize of job (KB)
...
006 (3447426.012.000) 02/01 12:43:35 Image size of job updated: 441344
	375  -  MemoryUsage of job (MB)
	383896  -  ResidentSetSize of job (KB)
...
006 (3447426.012.000) 02/01 12:48:35 Image size of job updated: 441344
	375  -  MemoryUsage of job (MB)
	383964  -  ResidentSetSize of job (KB)
...
006 (3447426.012.000) 02/01 12:53:35 Image size of job updated: 441344
	375  -  MemoryUsage of job (MB)
	383976  -  ResidentSetSize of job (KB)
...
006 (3447426.012.000) 02/01 13:08:36 Image size of job updated: 441344
	375  -  MemoryUsage of job (MB)
	384000  -  ResidentSetSize of job (KB)
...
006 (3447426.012.000) 02/01 13:13:37 Image size of job updated: 441344
	376  -  MemoryUsage of job (MB)
	384012  -  ResidentSetSize of job (KB)
...
006 (3447426.012.000) 02/01 13:18:37 Image size of job updated: 441344
	376  -  MemoryUsage of job (MB)
	384052  -  ResidentSetSize of job (KB)
...
006 (3447426.012.000) 02/01 13:23:37 Image size of job updated: 441344
	376  -  MemoryUsage of job (MB)
	384084  -  ResidentSetSize of job (KB)
...
006 (3447426.012.000) 02/01 13:38:39 Image size of job updated: 441344
	376  -  MemoryUsage of job (MB)
	384124  -  ResidentSetSize of job (KB)
...
006 (3447426.012.000) 02/01 13:48:41 Image size of job updated: 441344
	376  -  MemoryUsage of job (MB)
	384156  -  ResidentSetSize of job (KB)
...
040 (3447426.012.000) 02/01 19:43:34 Started transferring input files
	Transferring to host: <128.142.71.112:9618?addrs=128.142.71.112-9618+[2001-1458-301-52--100-3da]-9618&noUDP&sock=14354_7101_13519>
...
040 (3447426.012.000) 02/01 19:43:34 Finished transferring input files
...
001 (3447426.012.000) 02/01 19:43:35 Job executing on host: <128.142.71.112:9618?addrs=128.142.71.112-9618+[2001-1458-301-52--100-3da]-9618&noUDP&sock=14150_4d31_3>
...
040 (3447426.012.000) 02/01 19:44:12 Started transferring output files
...
040 (3447426.012.000) 02/01 19:44:12 Finished transferring output files
...
005 (3447426.012.000) 02/01 19:44:12 Job terminated.
	(1) Normal termination (return value 0)
		Usr 0 00:00:05, Sys 0 00:00:05  -  Run Remote Usage
		Usr 0 00:00:00, Sys 0 00:00:00  -  Run Local Usage
		Usr 0 00:00:05, Sys 0 00:00:05  -  Total Remote Usage
		Usr 0 00:00:00, Sys 0 00:00:00  -  Total Local Usage
	9715  -  Run Bytes Sent By Job
	493  -  Run Bytes Received By Job
	9715  -  Total Bytes Sent By Job
	986  -  Total Bytes Received By Job
	Partitionable Resources :    Usage  Request Allocated 
	   Cpus                 :                 1           
	   Disk (KB)            :       24       40   2768934 
	   Memory (MB)          :      391     2000      2000 
...
