000 (3446274.008.000) 01/30 00:14:32 Job submitted from host: <188.185.71.142:9618?addrs=188.185.71.142-9618+[2001-1458-d00-7--100-388]-9618&alias=bigbird09.cern.ch&noUDP&sock=schedd_2208_1533_7>
...
040 (3446274.008.000) 01/30 04:15:07 Started transferring input files
	Transferring to host: <188.184.212.252:9618?addrs=188.184.212.252-9618+[2001-1458-301-10c--100-ee]-9618&noUDP&sock=20356_64b5_198799>
...
040 (3446274.008.000) 01/30 04:15:07 Finished transferring input files
...
001 (3446274.008.000) 01/30 04:15:08 Job executing on host: <188.184.212.252:9618?addrs=188.184.212.252-9618+[2001-1458-301-10c--100-ee]-9618&noUDP&sock=20223_dfd8_3>
...
006 (3446274.008.000) 01/30 04:15:17 Image size of job updated: 860
	1  -  MemoryUsage of job (MB)
	860  -  ResidentSetSize of job (KB)
...
006 (3446274.008.000) 01/30 04:20:18 Image size of job updated: 382792
	303  -  MemoryUsage of job (MB)
	309256  -  ResidentSetSize of job (KB)
...
006 (3446274.008.000) 01/30 04:25:18 Image size of job updated: 383160
	303  -  MemoryUsage of job (MB)
	309624  -  ResidentSetSize of job (KB)
...
006 (3446274.008.000) 01/30 04:30:19 Image size of job updated: 383300
	303  -  MemoryUsage of job (MB)
	309764  -  ResidentSetSize of job (KB)
...
006 (3446274.008.000) 01/30 04:35:20 Image size of job updated: 383328
	303  -  MemoryUsage of job (MB)
	309792  -  ResidentSetSize of job (KB)
...
006 (3446274.008.000) 01/30 04:40:20 Image size of job updated: 383364
	303  -  MemoryUsage of job (MB)
	309828  -  ResidentSetSize of job (KB)
...
006 (3446274.008.000) 01/30 04:45:21 Image size of job updated: 383432
	303  -  MemoryUsage of job (MB)
	309896  -  ResidentSetSize of job (KB)
...
006 (3446274.008.000) 01/30 04:50:22 Image size of job updated: 383488
	303  -  MemoryUsage of job (MB)
	309952  -  ResidentSetSize of job (KB)
...
006 (3446274.008.000) 01/30 04:55:22 Image size of job updated: 383496
	303  -  MemoryUsage of job (MB)
	309960  -  ResidentSetSize of job (KB)
...
006 (3446274.008.000) 01/30 05:00:23 Image size of job updated: 383500
	303  -  MemoryUsage of job (MB)
	309964  -  ResidentSetSize of job (KB)
...
006 (3446274.008.000) 01/30 05:05:24 Image size of job updated: 383504
	303  -  MemoryUsage of job (MB)
	309968  -  ResidentSetSize of job (KB)
...
006 (3446274.008.000) 01/30 05:15:25 Image size of job updated: 383544
	303  -  MemoryUsage of job (MB)
	310008  -  ResidentSetSize of job (KB)
...
006 (3446274.008.000) 01/30 05:20:26 Image size of job updated: 383548
	303  -  MemoryUsage of job (MB)
	310012  -  ResidentSetSize of job (KB)
...
006 (3446274.008.000) 01/30 07:00:34 Image size of job updated: 384060
	303  -  MemoryUsage of job (MB)
	310012  -  ResidentSetSize of job (KB)
...
006 (3446274.008.000) 01/30 08:10:41 Image size of job updated: 384060
	303  -  MemoryUsage of job (MB)
	310020  -  ResidentSetSize of job (KB)
...
006 (3446274.008.000) 01/30 08:15:42 Image size of job updated: 384060
	303  -  MemoryUsage of job (MB)
	310080  -  ResidentSetSize of job (KB)
...
006 (3446274.008.000) 01/30 08:20:42 Image size of job updated: 384060
	303  -  MemoryUsage of job (MB)
	310152  -  ResidentSetSize of job (KB)
...
006 (3446274.008.000) 01/30 08:25:43 Image size of job updated: 384060
	303  -  MemoryUsage of job (MB)
	310224  -  ResidentSetSize of job (KB)
...
006 (3446274.008.000) 01/30 08:30:44 Image size of job updated: 384060
	304  -  MemoryUsage of job (MB)
	310372  -  ResidentSetSize of job (KB)
...
006 (3446274.008.000) 01/30 08:35:44 Image size of job updated: 384060
	304  -  MemoryUsage of job (MB)
	310420  -  ResidentSetSize of job (KB)
...
006 (3446274.008.000) 01/30 08:45:45 Image size of job updated: 384060
	304  -  MemoryUsage of job (MB)
	310492  -  ResidentSetSize of job (KB)
...
006 (3446274.008.000) 01/30 08:50:46 Image size of job updated: 384060
	304  -  MemoryUsage of job (MB)
	310600  -  ResidentSetSize of job (KB)
...
006 (3446274.008.000) 01/30 09:30:50 Image size of job updated: 384060
	304  -  MemoryUsage of job (MB)
	310672  -  ResidentSetSize of job (KB)
...
006 (3446274.008.000) 01/30 09:35:50 Image size of job updated: 384124
	304  -  MemoryUsage of job (MB)
	310788  -  ResidentSetSize of job (KB)
...
006 (3446274.008.000) 01/30 09:40:51 Image size of job updated: 384596
	304  -  MemoryUsage of job (MB)
	311260  -  ResidentSetSize of job (KB)
...
006 (3446274.008.000) 01/30 09:45:52 Image size of job updated: 384804
	305  -  MemoryUsage of job (MB)
	311468  -  ResidentSetSize of job (KB)
...
006 (3446274.008.000) 01/30 09:50:52 Image size of job updated: 384948
	305  -  MemoryUsage of job (MB)
	311612  -  ResidentSetSize of job (KB)
...
006 (3446274.008.000) 01/30 09:55:52 Image size of job updated: 385140
	305  -  MemoryUsage of job (MB)
	311804  -  ResidentSetSize of job (KB)
...
006 (3446274.008.000) 01/30 10:00:54 Image size of job updated: 385220
	305  -  MemoryUsage of job (MB)
	311884  -  ResidentSetSize of job (KB)
...
006 (3446274.008.000) 01/30 10:05:54 Image size of job updated: 385248
	305  -  MemoryUsage of job (MB)
	311912  -  ResidentSetSize of job (KB)
...
006 (3446274.008.000) 01/30 10:40:57 Image size of job updated: 385300
	305  -  MemoryUsage of job (MB)
	311984  -  ResidentSetSize of job (KB)
...
006 (3446274.008.000) 01/30 10:45:57 Image size of job updated: 385300
	305  -  MemoryUsage of job (MB)
	312124  -  ResidentSetSize of job (KB)
...
006 (3446274.008.000) 01/30 10:50:58 Image size of job updated: 385300
	305  -  MemoryUsage of job (MB)
	312224  -  ResidentSetSize of job (KB)
...
006 (3446274.008.000) 01/30 10:55:59 Image size of job updated: 385388
	306  -  MemoryUsage of job (MB)
	312356  -  ResidentSetSize of job (KB)
...
006 (3446274.008.000) 01/30 11:00:59 Image size of job updated: 385568
	306  -  MemoryUsage of job (MB)
	312536  -  ResidentSetSize of job (KB)
...
006 (3446274.008.000) 01/30 11:06:00 Image size of job updated: 385672
	306  -  MemoryUsage of job (MB)
	312640  -  ResidentSetSize of job (KB)
...
006 (3446274.008.000) 01/30 11:11:01 Image size of job updated: 385892
	306  -  MemoryUsage of job (MB)
	312860  -  ResidentSetSize of job (KB)
...
006 (3446274.008.000) 01/30 11:16:01 Image size of job updated: 385996
	306  -  MemoryUsage of job (MB)
	312964  -  ResidentSetSize of job (KB)
...
006 (3446274.008.000) 01/30 11:21:01 Image size of job updated: 386128
	306  -  MemoryUsage of job (MB)
	313096  -  ResidentSetSize of job (KB)
...
006 (3446274.008.000) 01/30 11:26:03 Image size of job updated: 386224
	306  -  MemoryUsage of job (MB)
	313192  -  ResidentSetSize of job (KB)
...
006 (3446274.008.000) 01/30 11:31:03 Image size of job updated: 386340
	306  -  MemoryUsage of job (MB)
	313308  -  ResidentSetSize of job (KB)
...
006 (3446274.008.000) 01/30 11:36:03 Image size of job updated: 386440
	307  -  MemoryUsage of job (MB)
	313408  -  ResidentSetSize of job (KB)
...
006 (3446274.008.000) 01/30 11:41:04 Image size of job updated: 386484
	307  -  MemoryUsage of job (MB)
	313452  -  ResidentSetSize of job (KB)
...
006 (3446274.008.000) 01/30 11:46:05 Image size of job updated: 386632
	307  -  MemoryUsage of job (MB)
	313600  -  ResidentSetSize of job (KB)
...
006 (3446274.008.000) 01/30 11:51:05 Image size of job updated: 386788
	307  -  MemoryUsage of job (MB)
	313716  -  ResidentSetSize of job (KB)
...
006 (3446274.008.000) 01/30 11:56:05 Image size of job updated: 386892
	307  -  MemoryUsage of job (MB)
	313820  -  ResidentSetSize of job (KB)
...
006 (3446274.008.000) 01/30 12:01:06 Image size of job updated: 387020
	307  -  MemoryUsage of job (MB)
	313948  -  ResidentSetSize of job (KB)
...
006 (3446274.008.000) 01/30 12:06:07 Image size of job updated: 387136
	307  -  MemoryUsage of job (MB)
	314064  -  ResidentSetSize of job (KB)
...
006 (3446274.008.000) 01/30 12:11:07 Image size of job updated: 388292
	308  -  MemoryUsage of job (MB)
	315216  -  ResidentSetSize of job (KB)
...
006 (3446274.008.000) 01/30 12:16:07 Image size of job updated: 388344
	308  -  MemoryUsage of job (MB)
	315268  -  ResidentSetSize of job (KB)
...
006 (3446274.008.000) 01/30 12:21:08 Image size of job updated: 389652
	310  -  MemoryUsage of job (MB)
	316548  -  ResidentSetSize of job (KB)
...
006 (3446274.008.000) 01/30 12:26:08 Image size of job updated: 389792
	310  -  MemoryUsage of job (MB)
	316688  -  ResidentSetSize of job (KB)
...
006 (3446274.008.000) 01/30 12:31:08 Image size of job updated: 389916
	310  -  MemoryUsage of job (MB)
	316812  -  ResidentSetSize of job (KB)
...
006 (3446274.008.000) 01/30 12:36:09 Image size of job updated: 390060
	310  -  MemoryUsage of job (MB)
	316956  -  ResidentSetSize of job (KB)
...
006 (3446274.008.000) 01/30 12:41:10 Image size of job updated: 390216
	310  -  MemoryUsage of job (MB)
	317112  -  ResidentSetSize of job (KB)
...
006 (3446274.008.000) 01/30 12:46:10 Image size of job updated: 390284
	310  -  MemoryUsage of job (MB)
	317252  -  ResidentSetSize of job (KB)
...
006 (3446274.008.000) 01/30 12:51:10 Image size of job updated: 390424
	310  -  MemoryUsage of job (MB)
	317392  -  ResidentSetSize of job (KB)
...
006 (3446274.008.000) 01/30 12:56:11 Image size of job updated: 390604
	311  -  MemoryUsage of job (MB)
	317572  -  ResidentSetSize of job (KB)
...
006 (3446274.008.000) 01/30 13:01:11 Image size of job updated: 390756
	311  -  MemoryUsage of job (MB)
	317724  -  ResidentSetSize of job (KB)
...
006 (3446274.008.000) 01/30 13:06:11 Image size of job updated: 390824
	311  -  MemoryUsage of job (MB)
	317792  -  ResidentSetSize of job (KB)
...
006 (3446274.008.000) 01/30 13:11:12 Image size of job updated: 390964
	311  -  MemoryUsage of job (MB)
	317932  -  ResidentSetSize of job (KB)
...
006 (3446274.008.000) 01/30 13:16:13 Image size of job updated: 391164
	311  -  MemoryUsage of job (MB)
	318132  -  ResidentSetSize of job (KB)
...
006 (3446274.008.000) 01/30 13:21:13 Image size of job updated: 391340
	311  -  MemoryUsage of job (MB)
	318308  -  ResidentSetSize of job (KB)
...
006 (3446274.008.000) 01/30 13:26:13 Image size of job updated: 391340
	311  -  MemoryUsage of job (MB)
	318424  -  ResidentSetSize of job (KB)
...
006 (3446274.008.000) 01/30 13:31:14 Image size of job updated: 391340
	312  -  MemoryUsage of job (MB)
	318592  -  ResidentSetSize of job (KB)
...
006 (3446274.008.000) 01/30 13:36:14 Image size of job updated: 391340
	312  -  MemoryUsage of job (MB)
	318664  -  ResidentSetSize of job (KB)
...
006 (3446274.008.000) 01/30 13:41:14 Image size of job updated: 391340
	312  -  MemoryUsage of job (MB)
	318796  -  ResidentSetSize of job (KB)
...
006 (3446274.008.000) 01/30 13:46:15 Image size of job updated: 391340
	312  -  MemoryUsage of job (MB)
	318868  -  ResidentSetSize of job (KB)
...
006 (3446274.008.000) 01/30 13:51:16 Image size of job updated: 391340
	312  -  MemoryUsage of job (MB)
	319012  -  ResidentSetSize of job (KB)
...
006 (3446274.008.000) 01/30 13:56:16 Image size of job updated: 391340
	312  -  MemoryUsage of job (MB)
	319092  -  ResidentSetSize of job (KB)
...
006 (3446274.008.000) 01/30 14:01:17 Image size of job updated: 391340
	312  -  MemoryUsage of job (MB)
	319192  -  ResidentSetSize of job (KB)
...
006 (3446274.008.000) 01/30 14:06:18 Image size of job updated: 391340
	312  -  MemoryUsage of job (MB)
	319260  -  ResidentSetSize of job (KB)
...
006 (3446274.008.000) 01/30 14:11:18 Image size of job updated: 391340
	312  -  MemoryUsage of job (MB)
	319364  -  ResidentSetSize of job (KB)
...
006 (3446274.008.000) 01/30 14:16:18 Image size of job updated: 391340
	312  -  MemoryUsage of job (MB)
	319476  -  ResidentSetSize of job (KB)
...
006 (3446274.008.000) 01/30 14:21:19 Image size of job updated: 391340
	313  -  MemoryUsage of job (MB)
	319580  -  ResidentSetSize of job (KB)
...
006 (3446274.008.000) 01/30 14:26:20 Image size of job updated: 391340
	313  -  MemoryUsage of job (MB)
	319672  -  ResidentSetSize of job (KB)
...
006 (3446274.008.000) 01/30 14:31:20 Image size of job updated: 391340
	313  -  MemoryUsage of job (MB)
	319784  -  ResidentSetSize of job (KB)
...
006 (3446274.008.000) 01/30 14:36:21 Image size of job updated: 391340
	313  -  MemoryUsage of job (MB)
	319940  -  ResidentSetSize of job (KB)
...
006 (3446274.008.000) 01/30 14:41:22 Image size of job updated: 391340
	313  -  MemoryUsage of job (MB)
	320072  -  ResidentSetSize of job (KB)
...
006 (3446274.008.000) 01/30 14:46:22 Image size of job updated: 391340
	313  -  MemoryUsage of job (MB)
	320452  -  ResidentSetSize of job (KB)
...
006 (3446274.008.000) 01/30 14:56:24 Image size of job updated: 391340
	313  -  MemoryUsage of job (MB)
	320472  -  ResidentSetSize of job (KB)
...
006 (3446274.008.000) 01/30 15:26:27 Image size of job updated: 391340
	313  -  MemoryUsage of job (MB)
	320484  -  ResidentSetSize of job (KB)
...
006 (3446274.008.000) 01/30 15:31:27 Image size of job updated: 391340
	313  -  MemoryUsage of job (MB)
	320488  -  ResidentSetSize of job (KB)
...
006 (3446274.008.000) 01/30 15:36:27 Image size of job updated: 391340
	313  -  MemoryUsage of job (MB)
	320492  -  ResidentSetSize of job (KB)
...
006 (3446274.008.000) 01/30 15:41:28 Image size of job updated: 391340
	314  -  MemoryUsage of job (MB)
	320516  -  ResidentSetSize of job (KB)
...
006 (3446274.008.000) 01/30 15:46:29 Image size of job updated: 391340
	314  -  MemoryUsage of job (MB)
	320544  -  ResidentSetSize of job (KB)
...
006 (3446274.008.000) 01/30 15:51:29 Image size of job updated: 391340
	314  -  MemoryUsage of job (MB)
	320552  -  ResidentSetSize of job (KB)
...
006 (3446274.008.000) 01/30 15:56:30 Image size of job updated: 391340
	314  -  MemoryUsage of job (MB)
	320560  -  ResidentSetSize of job (KB)
...
006 (3446274.008.000) 01/30 16:01:31 Image size of job updated: 391340
	314  -  MemoryUsage of job (MB)
	320580  -  ResidentSetSize of job (KB)
...
006 (3446274.008.000) 01/30 16:11:32 Image size of job updated: 391340
	314  -  MemoryUsage of job (MB)
	320600  -  ResidentSetSize of job (KB)
...
006 (3446274.008.000) 01/30 16:16:33 Image size of job updated: 391340
	314  -  MemoryUsage of job (MB)
	320624  -  ResidentSetSize of job (KB)
...
006 (3446274.008.000) 01/30 16:21:33 Image size of job updated: 391340
	314  -  MemoryUsage of job (MB)
	320656  -  ResidentSetSize of job (KB)
...
006 (3446274.008.000) 01/30 16:26:33 Image size of job updated: 391340
	314  -  MemoryUsage of job (MB)
	320660  -  ResidentSetSize of job (KB)
...
006 (3446274.008.000) 01/30 16:31:34 Image size of job updated: 391340
	314  -  MemoryUsage of job (MB)
	320668  -  ResidentSetSize of job (KB)
...
006 (3446274.008.000) 01/30 16:36:34 Image size of job updated: 391340
	314  -  MemoryUsage of job (MB)
	320676  -  ResidentSetSize of job (KB)
...
006 (3446274.008.000) 01/30 16:41:34 Image size of job updated: 391340
	314  -  MemoryUsage of job (MB)
	320700  -  ResidentSetSize of job (KB)
...
006 (3446274.008.000) 01/30 16:46:35 Image size of job updated: 391340
	314  -  MemoryUsage of job (MB)
	320740  -  ResidentSetSize of job (KB)
...
006 (3446274.008.000) 01/30 16:51:35 Image size of job updated: 391340
	314  -  MemoryUsage of job (MB)
	320744  -  ResidentSetSize of job (KB)
...
006 (3446274.008.000) 01/30 17:01:36 Image size of job updated: 391340
	314  -  MemoryUsage of job (MB)
	320752  -  ResidentSetSize of job (KB)
...
006 (3446274.008.000) 01/30 17:06:36 Image size of job updated: 391340
	314  -  MemoryUsage of job (MB)
	320772  -  ResidentSetSize of job (KB)
...
006 (3446274.008.000) 01/30 17:11:36 Image size of job updated: 391340
	314  -  MemoryUsage of job (MB)
	320800  -  ResidentSetSize of job (KB)
...
006 (3446274.008.000) 01/30 17:16:38 Image size of job updated: 391340
	314  -  MemoryUsage of job (MB)
	320816  -  ResidentSetSize of job (KB)
...
006 (3446274.008.000) 01/30 17:21:38 Image size of job updated: 391340
	314  -  MemoryUsage of job (MB)
	320828  -  ResidentSetSize of job (KB)
...
006 (3446274.008.000) 01/30 17:31:39 Image size of job updated: 391340
	314  -  MemoryUsage of job (MB)
	320852  -  ResidentSetSize of job (KB)
...
006 (3446274.008.000) 01/30 17:41:40 Image size of job updated: 391340
	314  -  MemoryUsage of job (MB)
	320876  -  ResidentSetSize of job (KB)
...
006 (3446274.008.000) 01/30 17:51:42 Image size of job updated: 391340
	314  -  MemoryUsage of job (MB)
	320912  -  ResidentSetSize of job (KB)
...
006 (3446274.008.000) 01/30 18:01:43 Image size of job updated: 391340
	314  -  MemoryUsage of job (MB)
	320916  -  ResidentSetSize of job (KB)
...
006 (3446274.008.000) 01/30 18:06:44 Image size of job updated: 391340
	314  -  MemoryUsage of job (MB)
	320920  -  ResidentSetSize of job (KB)
...
006 (3446274.008.000) 01/30 18:11:44 Image size of job updated: 391340
	314  -  MemoryUsage of job (MB)
	320936  -  ResidentSetSize of job (KB)
...
006 (3446274.008.000) 01/30 18:16:44 Image size of job updated: 391340
	314  -  MemoryUsage of job (MB)
	320948  -  ResidentSetSize of job (KB)
...
006 (3446274.008.000) 01/30 18:26:45 Image size of job updated: 391340
	314  -  MemoryUsage of job (MB)
	320956  -  ResidentSetSize of job (KB)
...
006 (3446274.008.000) 01/30 18:31:45 Image size of job updated: 391340
	314  -  MemoryUsage of job (MB)
	320968  -  ResidentSetSize of job (KB)
...
006 (3446274.008.000) 01/30 18:36:46 Image size of job updated: 391340
	314  -  MemoryUsage of job (MB)
	321004  -  ResidentSetSize of job (KB)
...
006 (3446274.008.000) 01/30 18:46:46 Image size of job updated: 391340
	314  -  MemoryUsage of job (MB)
	321044  -  ResidentSetSize of job (KB)
...
006 (3446274.008.000) 01/30 19:01:47 Image size of job updated: 391340
	314  -  MemoryUsage of job (MB)
	321068  -  ResidentSetSize of job (KB)
...
006 (3446274.008.000) 01/30 19:06:48 Image size of job updated: 391340
	314  -  MemoryUsage of job (MB)
	321072  -  ResidentSetSize of job (KB)
...
006 (3446274.008.000) 01/30 19:11:49 Image size of job updated: 391340
	314  -  MemoryUsage of job (MB)
	321108  -  ResidentSetSize of job (KB)
...
006 (3446274.008.000) 01/30 19:21:50 Image size of job updated: 391340
	314  -  MemoryUsage of job (MB)
	321116  -  ResidentSetSize of job (KB)
...
006 (3446274.008.000) 01/30 19:26:51 Image size of job updated: 391340
	314  -  MemoryUsage of job (MB)
	321128  -  ResidentSetSize of job (KB)
...
006 (3446274.008.000) 01/30 19:31:51 Image size of job updated: 391340
	314  -  MemoryUsage of job (MB)
	321156  -  ResidentSetSize of job (KB)
...
006 (3446274.008.000) 01/30 19:41:53 Image size of job updated: 391340
	314  -  MemoryUsage of job (MB)
	321168  -  ResidentSetSize of job (KB)
...
006 (3446274.008.000) 01/30 19:51:54 Image size of job updated: 391340
	314  -  MemoryUsage of job (MB)
	321196  -  ResidentSetSize of job (KB)
...
006 (3446274.008.000) 01/30 19:56:55 Image size of job updated: 391340
	314  -  MemoryUsage of job (MB)
	321228  -  ResidentSetSize of job (KB)
...
006 (3446274.008.000) 01/30 20:11:57 Image size of job updated: 391340
	314  -  MemoryUsage of job (MB)
	321268  -  ResidentSetSize of job (KB)
...
006 (3446274.008.000) 01/30 20:16:57 Image size of job updated: 391340
	314  -  MemoryUsage of job (MB)
	321276  -  ResidentSetSize of job (KB)
...
006 (3446274.008.000) 01/30 20:26:58 Image size of job updated: 391340
	314  -  MemoryUsage of job (MB)
	321316  -  ResidentSetSize of job (KB)
...
006 (3446274.008.000) 01/30 20:36:58 Image size of job updated: 391340
	314  -  MemoryUsage of job (MB)
	321388  -  ResidentSetSize of job (KB)
...
006 (3446274.008.000) 01/30 20:41:59 Image size of job updated: 391340
	314  -  MemoryUsage of job (MB)
	321408  -  ResidentSetSize of job (KB)
...
006 (3446274.008.000) 01/30 20:51:59 Image size of job updated: 391340
	314  -  MemoryUsage of job (MB)
	321460  -  ResidentSetSize of job (KB)
...
006 (3446274.008.000) 01/30 21:02:01 Image size of job updated: 391340
	314  -  MemoryUsage of job (MB)
	321480  -  ResidentSetSize of job (KB)
...
006 (3446274.008.000) 01/30 21:07:01 Image size of job updated: 391340
	315  -  MemoryUsage of job (MB)
	321556  -  ResidentSetSize of job (KB)
...
006 (3446274.008.000) 01/30 21:12:02 Image size of job updated: 391340
	315  -  MemoryUsage of job (MB)
	321596  -  ResidentSetSize of job (KB)
...
006 (3446274.008.000) 01/30 21:17:02 Image size of job updated: 391340
	315  -  MemoryUsage of job (MB)
	321632  -  ResidentSetSize of job (KB)
...
006 (3446274.008.000) 01/30 21:22:02 Image size of job updated: 391340
	315  -  MemoryUsage of job (MB)
	321636  -  ResidentSetSize of job (KB)
...
006 (3446274.008.000) 01/30 21:27:03 Image size of job updated: 391340
	315  -  MemoryUsage of job (MB)
	321712  -  ResidentSetSize of job (KB)
...
006 (3446274.008.000) 01/30 21:32:03 Image size of job updated: 391340
	315  -  MemoryUsage of job (MB)
	321728  -  ResidentSetSize of job (KB)
...
006 (3446274.008.000) 01/30 21:37:04 Image size of job updated: 391340
	315  -  MemoryUsage of job (MB)
	321752  -  ResidentSetSize of job (KB)
...
006 (3446274.008.000) 01/30 21:42:05 Image size of job updated: 391340
	315  -  MemoryUsage of job (MB)
	321808  -  ResidentSetSize of job (KB)
...
006 (3446274.008.000) 01/30 21:47:05 Image size of job updated: 391340
	315  -  MemoryUsage of job (MB)
	321812  -  ResidentSetSize of job (KB)
...
006 (3446274.008.000) 01/30 21:52:06 Image size of job updated: 391340
	315  -  MemoryUsage of job (MB)
	321824  -  ResidentSetSize of job (KB)
...
006 (3446274.008.000) 01/30 21:57:07 Image size of job updated: 391340
	315  -  MemoryUsage of job (MB)
	321840  -  ResidentSetSize of job (KB)
...
006 (3446274.008.000) 01/30 22:02:07 Image size of job updated: 391340
	315  -  MemoryUsage of job (MB)
	321860  -  ResidentSetSize of job (KB)
...
006 (3446274.008.000) 01/30 22:07:08 Image size of job updated: 391340
	315  -  MemoryUsage of job (MB)
	321896  -  ResidentSetSize of job (KB)
...
006 (3446274.008.000) 01/30 22:12:09 Image size of job updated: 391340
	315  -  MemoryUsage of job (MB)
	321992  -  ResidentSetSize of job (KB)
...
006 (3446274.008.000) 01/30 22:32:10 Image size of job updated: 391340
	315  -  MemoryUsage of job (MB)
	322036  -  ResidentSetSize of job (KB)
...
006 (3446274.008.000) 01/30 22:37:10 Image size of job updated: 391340
	315  -  MemoryUsage of job (MB)
	322056  -  ResidentSetSize of job (KB)
...
006 (3446274.008.000) 01/30 22:42:12 Image size of job updated: 391340
	315  -  MemoryUsage of job (MB)
	322072  -  ResidentSetSize of job (KB)
...
006 (3446274.008.000) 01/30 22:52:12 Image size of job updated: 391340
	315  -  MemoryUsage of job (MB)
	322092  -  ResidentSetSize of job (KB)
...
006 (3446274.008.000) 01/30 22:57:13 Image size of job updated: 391340
	315  -  MemoryUsage of job (MB)
	322120  -  ResidentSetSize of job (KB)
...
006 (3446274.008.000) 01/30 23:02:14 Image size of job updated: 391340
	315  -  MemoryUsage of job (MB)
	322124  -  ResidentSetSize of job (KB)
...
006 (3446274.008.000) 01/30 23:07:14 Image size of job updated: 391340
	315  -  MemoryUsage of job (MB)
	322144  -  ResidentSetSize of job (KB)
...
006 (3446274.008.000) 01/30 23:12:14 Image size of job updated: 391340
	315  -  MemoryUsage of job (MB)
	322168  -  ResidentSetSize of job (KB)
...
006 (3446274.008.000) 01/30 23:17:15 Image size of job updated: 391340
	315  -  MemoryUsage of job (MB)
	322176  -  ResidentSetSize of job (KB)
...
006 (3446274.008.000) 01/30 23:22:15 Image size of job updated: 391340
	315  -  MemoryUsage of job (MB)
	322208  -  ResidentSetSize of job (KB)
...
006 (3446274.008.000) 01/30 23:27:15 Image size of job updated: 391340
	315  -  MemoryUsage of job (MB)
	322252  -  ResidentSetSize of job (KB)
...
006 (3446274.008.000) 01/30 23:32:16 Image size of job updated: 391340
	315  -  MemoryUsage of job (MB)
	322264  -  ResidentSetSize of job (KB)
...
006 (3446274.008.000) 01/30 23:37:17 Image size of job updated: 391340
	315  -  MemoryUsage of job (MB)
	322284  -  ResidentSetSize of job (KB)
...
006 (3446274.008.000) 01/30 23:52:19 Image size of job updated: 391340
	315  -  MemoryUsage of job (MB)
	322292  -  ResidentSetSize of job (KB)
...
006 (3446274.008.000) 01/30 23:57:19 Image size of job updated: 391340
	315  -  MemoryUsage of job (MB)
	322324  -  ResidentSetSize of job (KB)
...
006 (3446274.008.000) 01/31 00:02:20 Image size of job updated: 391340
	315  -  MemoryUsage of job (MB)
	322364  -  ResidentSetSize of job (KB)
...
006 (3446274.008.000) 01/31 00:12:21 Image size of job updated: 391340
	315  -  MemoryUsage of job (MB)
	322368  -  ResidentSetSize of job (KB)
...
006 (3446274.008.000) 01/31 00:17:22 Image size of job updated: 391340
	315  -  MemoryUsage of job (MB)
	322396  -  ResidentSetSize of job (KB)
...
006 (3446274.008.000) 01/31 00:22:23 Image size of job updated: 391340
	315  -  MemoryUsage of job (MB)
	322400  -  ResidentSetSize of job (KB)
...
006 (3446274.008.000) 01/31 00:27:23 Image size of job updated: 391340
	315  -  MemoryUsage of job (MB)
	322424  -  ResidentSetSize of job (KB)
...
006 (3446274.008.000) 01/31 00:32:24 Image size of job updated: 391340
	315  -  MemoryUsage of job (MB)
	322444  -  ResidentSetSize of job (KB)
...
006 (3446274.008.000) 01/31 00:37:24 Image size of job updated: 391340
	315  -  MemoryUsage of job (MB)
	322472  -  ResidentSetSize of job (KB)
...
006 (3446274.008.000) 01/31 00:42:24 Image size of job updated: 391340
	315  -  MemoryUsage of job (MB)
	322484  -  ResidentSetSize of job (KB)
...
006 (3446274.008.000) 01/31 00:47:25 Image size of job updated: 391340
	315  -  MemoryUsage of job (MB)
	322540  -  ResidentSetSize of job (KB)
...
006 (3446274.008.000) 01/31 00:52:25 Image size of job updated: 391340
	315  -  MemoryUsage of job (MB)
	322556  -  ResidentSetSize of job (KB)
...
006 (3446274.008.000) 01/31 00:57:27 Image size of job updated: 391340
	315  -  MemoryUsage of job (MB)
	322560  -  ResidentSetSize of job (KB)
...
006 (3446274.008.000) 01/31 01:02:27 Image size of job updated: 391340
	316  -  MemoryUsage of job (MB)
	322588  -  ResidentSetSize of job (KB)
...
006 (3446274.008.000) 01/31 01:12:28 Image size of job updated: 391340
	316  -  MemoryUsage of job (MB)
	322596  -  ResidentSetSize of job (KB)
...
006 (3446274.008.000) 01/31 01:17:29 Image size of job updated: 391340
	316  -  MemoryUsage of job (MB)
	322632  -  ResidentSetSize of job (KB)
...
006 (3446274.008.000) 01/31 01:22:29 Image size of job updated: 391340
	316  -  MemoryUsage of job (MB)
	322640  -  ResidentSetSize of job (KB)
...
006 (3446274.008.000) 01/31 01:27:30 Image size of job updated: 391340
	316  -  MemoryUsage of job (MB)
	322684  -  ResidentSetSize of job (KB)
...
006 (3446274.008.000) 01/31 01:32:31 Image size of job updated: 391340
	316  -  MemoryUsage of job (MB)
	322732  -  ResidentSetSize of job (KB)
...
006 (3446274.008.000) 01/31 01:37:31 Image size of job updated: 391340
	316  -  MemoryUsage of job (MB)
	322756  -  ResidentSetSize of job (KB)
...
006 (3446274.008.000) 01/31 01:42:31 Image size of job updated: 391340
	316  -  MemoryUsage of job (MB)
	322800  -  ResidentSetSize of job (KB)
...
006 (3446274.008.000) 01/31 01:47:33 Image size of job updated: 391340
	316  -  MemoryUsage of job (MB)
	322828  -  ResidentSetSize of job (KB)
...
006 (3446274.008.000) 01/31 01:57:33 Image size of job updated: 391340
	316  -  MemoryUsage of job (MB)
	322848  -  ResidentSetSize of job (KB)
...
006 (3446274.008.000) 01/31 02:02:34 Image size of job updated: 391340
	316  -  MemoryUsage of job (MB)
	322852  -  ResidentSetSize of job (KB)
...
006 (3446274.008.000) 01/31 02:12:35 Image size of job updated: 391340
	316  -  MemoryUsage of job (MB)
	322868  -  ResidentSetSize of job (KB)
...
006 (3446274.008.000) 01/31 02:17:35 Image size of job updated: 391340
	316  -  MemoryUsage of job (MB)
	322920  -  ResidentSetSize of job (KB)
...
006 (3446274.008.000) 01/31 02:22:37 Image size of job updated: 391340
	316  -  MemoryUsage of job (MB)
	322972  -  ResidentSetSize of job (KB)
...
006 (3446274.008.000) 01/31 02:27:37 Image size of job updated: 391340
	316  -  MemoryUsage of job (MB)
	323008  -  ResidentSetSize of job (KB)
...
006 (3446274.008.000) 01/31 02:32:37 Image size of job updated: 391340
	316  -  MemoryUsage of job (MB)
	323068  -  ResidentSetSize of job (KB)
...
006 (3446274.008.000) 01/31 02:37:38 Image size of job updated: 391340
	316  -  MemoryUsage of job (MB)
	323072  -  ResidentSetSize of job (KB)
...
006 (3446274.008.000) 01/31 02:42:39 Image size of job updated: 391340
	316  -  MemoryUsage of job (MB)
	323092  -  ResidentSetSize of job (KB)
...
006 (3446274.008.000) 01/31 02:47:39 Image size of job updated: 391340
	316  -  MemoryUsage of job (MB)
	323120  -  ResidentSetSize of job (KB)
...
006 (3446274.008.000) 01/31 02:52:39 Image size of job updated: 391340
	316  -  MemoryUsage of job (MB)
	323128  -  ResidentSetSize of job (KB)
...
006 (3446274.008.000) 01/31 02:57:40 Image size of job updated: 391340
	316  -  MemoryUsage of job (MB)
	323132  -  ResidentSetSize of job (KB)
...
006 (3446274.008.000) 01/31 03:02:41 Image size of job updated: 391340
	316  -  MemoryUsage of job (MB)
	323148  -  ResidentSetSize of job (KB)
...
006 (3446274.008.000) 01/31 03:07:41 Image size of job updated: 391340
	316  -  MemoryUsage of job (MB)
	323176  -  ResidentSetSize of job (KB)
...
006 (3446274.008.000) 01/31 03:12:42 Image size of job updated: 391340
	316  -  MemoryUsage of job (MB)
	323208  -  ResidentSetSize of job (KB)
...
006 (3446274.008.000) 01/31 03:17:43 Image size of job updated: 391340
	316  -  MemoryUsage of job (MB)
	323236  -  ResidentSetSize of job (KB)
...
006 (3446274.008.000) 01/31 03:22:43 Image size of job updated: 391340
	316  -  MemoryUsage of job (MB)
	323256  -  ResidentSetSize of job (KB)
...
006 (3446274.008.000) 01/31 03:27:44 Image size of job updated: 391340
	316  -  MemoryUsage of job (MB)
	323260  -  ResidentSetSize of job (KB)
...
006 (3446274.008.000) 01/31 03:32:45 Image size of job updated: 391340
	316  -  MemoryUsage of job (MB)
	323296  -  ResidentSetSize of job (KB)
...
006 (3446274.008.000) 01/31 03:37:45 Image size of job updated: 391340
	316  -  MemoryUsage of job (MB)
	323312  -  ResidentSetSize of job (KB)
...
006 (3446274.008.000) 01/31 03:42:45 Image size of job updated: 391340
	316  -  MemoryUsage of job (MB)
	323332  -  ResidentSetSize of job (KB)
...
006 (3446274.008.000) 01/31 03:47:46 Image size of job updated: 391340
	316  -  MemoryUsage of job (MB)
	323360  -  ResidentSetSize of job (KB)
...
006 (3446274.008.000) 01/31 03:52:47 Image size of job updated: 391340
	316  -  MemoryUsage of job (MB)
	323416  -  ResidentSetSize of job (KB)
...
006 (3446274.008.000) 01/31 03:57:47 Image size of job updated: 391340
	316  -  MemoryUsage of job (MB)
	323436  -  ResidentSetSize of job (KB)
...
006 (3446274.008.000) 01/31 04:02:47 Image size of job updated: 391340
	316  -  MemoryUsage of job (MB)
	323440  -  ResidentSetSize of job (KB)
...
006 (3446274.008.000) 01/31 04:07:49 Image size of job updated: 391340
	316  -  MemoryUsage of job (MB)
	323492  -  ResidentSetSize of job (KB)
...
006 (3446274.008.000) 01/31 04:12:49 Image size of job updated: 391340
	316  -  MemoryUsage of job (MB)
	323504  -  ResidentSetSize of job (KB)
...
006 (3446274.008.000) 01/31 04:17:49 Image size of job updated: 391340
	316  -  MemoryUsage of job (MB)
	323536  -  ResidentSetSize of job (KB)
...
006 (3446274.008.000) 01/31 04:22:50 Image size of job updated: 391340
	316  -  MemoryUsage of job (MB)
	323552  -  ResidentSetSize of job (KB)
...
006 (3446274.008.000) 01/31 04:27:51 Image size of job updated: 391340
	317  -  MemoryUsage of job (MB)
	323596  -  ResidentSetSize of job (KB)
...
006 (3446274.008.000) 01/31 04:32:51 Image size of job updated: 391340
	317  -  MemoryUsage of job (MB)
	323600  -  ResidentSetSize of job (KB)
...
006 (3446274.008.000) 01/31 04:37:51 Image size of job updated: 391340
	317  -  MemoryUsage of job (MB)
	323636  -  ResidentSetSize of job (KB)
...
006 (3446274.008.000) 01/31 04:42:52 Image size of job updated: 391340
	317  -  MemoryUsage of job (MB)
	323656  -  ResidentSetSize of job (KB)
...
006 (3446274.008.000) 01/31 04:47:52 Image size of job updated: 391340
	317  -  MemoryUsage of job (MB)
	323668  -  ResidentSetSize of job (KB)
...
006 (3446274.008.000) 01/31 04:52:52 Image size of job updated: 391340
	317  -  MemoryUsage of job (MB)
	323728  -  ResidentSetSize of job (KB)
...
006 (3446274.008.000) 01/31 04:57:53 Image size of job updated: 391340
	317  -  MemoryUsage of job (MB)
	323736  -  ResidentSetSize of job (KB)
...
006 (3446274.008.000) 01/31 05:02:54 Image size of job updated: 391340
	317  -  MemoryUsage of job (MB)
	323772  -  ResidentSetSize of job (KB)
...
006 (3446274.008.000) 01/31 05:07:54 Image size of job updated: 391340
	317  -  MemoryUsage of job (MB)
	323792  -  ResidentSetSize of job (KB)
...
006 (3446274.008.000) 01/31 05:12:54 Image size of job updated: 391340
	317  -  MemoryUsage of job (MB)
	323836  -  ResidentSetSize of job (KB)
...
006 (3446274.008.000) 01/31 05:17:55 Image size of job updated: 391340
	317  -  MemoryUsage of job (MB)
	323860  -  ResidentSetSize of job (KB)
...
006 (3446274.008.000) 01/31 05:22:56 Image size of job updated: 391340
	317  -  MemoryUsage of job (MB)
	323900  -  ResidentSetSize of job (KB)
...
006 (3446274.008.000) 01/31 05:27:56 Image size of job updated: 391340
	317  -  MemoryUsage of job (MB)
	323932  -  ResidentSetSize of job (KB)
...
006 (3446274.008.000) 01/31 05:32:56 Image size of job updated: 391340
	317  -  MemoryUsage of job (MB)
	323968  -  ResidentSetSize of job (KB)
...
006 (3446274.008.000) 01/31 05:42:58 Image size of job updated: 391340
	317  -  MemoryUsage of job (MB)
	323992  -  ResidentSetSize of job (KB)
...
006 (3446274.008.000) 01/31 05:47:58 Image size of job updated: 391340
	317  -  MemoryUsage of job (MB)
	324032  -  ResidentSetSize of job (KB)
...
006 (3446274.008.000) 01/31 05:52:59 Image size of job updated: 391340
	317  -  MemoryUsage of job (MB)
	324076  -  ResidentSetSize of job (KB)
...
006 (3446274.008.000) 01/31 05:58:00 Image size of job updated: 391340
	317  -  MemoryUsage of job (MB)
	324152  -  ResidentSetSize of job (KB)
...
006 (3446274.008.000) 01/31 06:03:00 Image size of job updated: 391340
	317  -  MemoryUsage of job (MB)
	324160  -  ResidentSetSize of job (KB)
...
006 (3446274.008.000) 01/31 06:08:00 Image size of job updated: 391340
	317  -  MemoryUsage of job (MB)
	324184  -  ResidentSetSize of job (KB)
...
006 (3446274.008.000) 01/31 06:13:01 Image size of job updated: 391340
	317  -  MemoryUsage of job (MB)
	324240  -  ResidentSetSize of job (KB)
...
006 (3446274.008.000) 01/31 06:18:02 Image size of job updated: 391340
	317  -  MemoryUsage of job (MB)
	324264  -  ResidentSetSize of job (KB)
...
006 (3446274.008.000) 01/31 06:23:02 Image size of job updated: 391340
	317  -  MemoryUsage of job (MB)
	324280  -  ResidentSetSize of job (KB)
...
006 (3446274.008.000) 01/31 06:28:02 Image size of job updated: 391340
	317  -  MemoryUsage of job (MB)
	324368  -  ResidentSetSize of job (KB)
...
006 (3446274.008.000) 01/31 06:33:03 Image size of job updated: 391340
	317  -  MemoryUsage of job (MB)
	324396  -  ResidentSetSize of job (KB)
...
006 (3446274.008.000) 01/31 06:38:04 Image size of job updated: 391340
	317  -  MemoryUsage of job (MB)
	324432  -  ResidentSetSize of job (KB)
...
006 (3446274.008.000) 01/31 06:43:04 Image size of job updated: 391340
	317  -  MemoryUsage of job (MB)
	324468  -  ResidentSetSize of job (KB)
...
006 (3446274.008.000) 01/31 06:48:05 Image size of job updated: 391340
	317  -  MemoryUsage of job (MB)
	324532  -  ResidentSetSize of job (KB)
...
006 (3446274.008.000) 01/31 06:53:06 Image size of job updated: 391340
	318  -  MemoryUsage of job (MB)
	324620  -  ResidentSetSize of job (KB)
...
006 (3446274.008.000) 01/31 06:58:07 Image size of job updated: 391340
	318  -  MemoryUsage of job (MB)
	324644  -  ResidentSetSize of job (KB)
...
006 (3446274.008.000) 01/31 07:03:07 Image size of job updated: 391340
	318  -  MemoryUsage of job (MB)
	324696  -  ResidentSetSize of job (KB)
...
006 (3446274.008.000) 01/31 07:08:07 Image size of job updated: 391340
	318  -  MemoryUsage of job (MB)
	324744  -  ResidentSetSize of job (KB)
...
006 (3446274.008.000) 01/31 07:13:08 Image size of job updated: 391340
	318  -  MemoryUsage of job (MB)
	324800  -  ResidentSetSize of job (KB)
...
006 (3446274.008.000) 01/31 07:18:09 Image size of job updated: 391340
	318  -  MemoryUsage of job (MB)
	324832  -  ResidentSetSize of job (KB)
...
006 (3446274.008.000) 01/31 07:23:09 Image size of job updated: 391340
	318  -  MemoryUsage of job (MB)
	324860  -  ResidentSetSize of job (KB)
...
006 (3446274.008.000) 01/31 07:28:09 Image size of job updated: 391340
	318  -  MemoryUsage of job (MB)
	324912  -  ResidentSetSize of job (KB)
...
006 (3446274.008.000) 01/31 07:33:10 Image size of job updated: 391340
	318  -  MemoryUsage of job (MB)
	324944  -  ResidentSetSize of job (KB)
...
006 (3446274.008.000) 01/31 07:38:10 Image size of job updated: 391340
	318  -  MemoryUsage of job (MB)
	325048  -  ResidentSetSize of job (KB)
...
006 (3446274.008.000) 01/31 07:43:10 Image size of job updated: 391340
	318  -  MemoryUsage of job (MB)
	325084  -  ResidentSetSize of job (KB)
...
006 (3446274.008.000) 01/31 07:48:11 Image size of job updated: 391340
	318  -  MemoryUsage of job (MB)
	325128  -  ResidentSetSize of job (KB)
...
006 (3446274.008.000) 01/31 07:53:12 Image size of job updated: 391340
	318  -  MemoryUsage of job (MB)
	325180  -  ResidentSetSize of job (KB)
...
006 (3446274.008.000) 01/31 07:58:12 Image size of job updated: 391340
	318  -  MemoryUsage of job (MB)
	325188  -  ResidentSetSize of job (KB)
...
006 (3446274.008.000) 01/31 08:03:12 Image size of job updated: 391340
	318  -  MemoryUsage of job (MB)
	325300  -  ResidentSetSize of job (KB)
...
006 (3446274.008.000) 01/31 08:08:13 Image size of job updated: 391340
	318  -  MemoryUsage of job (MB)
	325328  -  ResidentSetSize of job (KB)
...
006 (3446274.008.000) 01/31 08:13:14 Image size of job updated: 391340
	318  -  MemoryUsage of job (MB)
	325440  -  ResidentSetSize of job (KB)
...
006 (3446274.008.000) 01/31 08:18:14 Image size of job updated: 391340
	318  -  MemoryUsage of job (MB)
	325516  -  ResidentSetSize of job (KB)
...
006 (3446274.008.000) 01/31 08:23:14 Image size of job updated: 391340
	318  -  MemoryUsage of job (MB)
	325572  -  ResidentSetSize of job (KB)
...
006 (3446274.008.000) 01/31 08:28:15 Image size of job updated: 391340
	319  -  MemoryUsage of job (MB)
	325956  -  ResidentSetSize of job (KB)
...
040 (3446274.008.000) 01/31 08:29:51 Started transferring output files
...
040 (3446274.008.000) 01/31 08:29:51 Finished transferring output files
...
005 (3446274.008.000) 01/31 08:29:51 Job terminated.
	(1) Normal termination (return value 0)
		Usr 1 03:54:00, Sys 0 00:02:09  -  Run Remote Usage
		Usr 0 00:00:00, Sys 0 00:00:00  -  Run Local Usage
		Usr 1 03:54:00, Sys 0 00:02:09  -  Total Remote Usage
		Usr 0 00:00:00, Sys 0 00:00:00  -  Total Local Usage
	34836  -  Run Bytes Sent By Job
	492  -  Run Bytes Received By Job
	34836  -  Total Bytes Sent By Job
	492  -  Total Bytes Received By Job
	Partitionable Resources :    Usage  Request Allocated 
	   Cpus                 :                 1           
	   Disk (KB)            :       47        1   2637564 
	   Memory (MB)          :      319     2000      2000 
...
