000 (3447420.001.000) 01/30 01:30:32 Job submitted from host: <188.185.71.142:9618?addrs=188.185.71.142-9618+[2001-1458-d00-7--100-388]-9618&alias=bigbird09.cern.ch&noUDP&sock=schedd_2208_1533_7>
...
040 (3447420.001.000) 01/30 07:30:13 Started transferring input files
	Transferring to host: <188.184.211.0:9618?addrs=188.184.211.0-9618+[2001-1458-301-10b--100-10d]-9618&noUDP&sock=7729_8793_150646>
...
040 (3447420.001.000) 01/30 07:30:13 Finished transferring input files
...
001 (3447420.001.000) 01/30 07:30:14 Job executing on host: <188.184.211.0:9618?addrs=188.184.211.0-9618+[2001-1458-301-10b--100-10d]-9618&noUDP&sock=5682_f536_3>
...
006 (3447420.001.000) 01/30 07:30:23 Image size of job updated: 5240
	4  -  MemoryUsage of job (MB)
	4044  -  ResidentSetSize of job (KB)
...
006 (3447420.001.000) 01/30 07:35:23 Image size of job updated: 242928
	165  -  MemoryUsage of job (MB)
	168180  -  ResidentSetSize of job (KB)
...
006 (3447420.001.000) 01/30 07:40:24 Image size of job updated: 242944
	165  -  MemoryUsage of job (MB)
	168196  -  ResidentSetSize of job (KB)
...
006 (3447420.001.000) 01/30 07:45:25 Image size of job updated: 242976
	165  -  MemoryUsage of job (MB)
	168228  -  ResidentSetSize of job (KB)
...
006 (3447420.001.000) 01/30 08:00:27 Image size of job updated: 242976
	165  -  MemoryUsage of job (MB)
	168232  -  ResidentSetSize of job (KB)
...
006 (3447420.001.000) 01/30 08:05:27 Image size of job updated: 242976
	165  -  MemoryUsage of job (MB)
	168240  -  ResidentSetSize of job (KB)
...
006 (3447420.001.000) 01/30 08:15:28 Image size of job updated: 242976
	165  -  MemoryUsage of job (MB)
	168252  -  ResidentSetSize of job (KB)
...
006 (3447420.001.000) 01/30 13:31:00 Image size of job updated: 242976
	166  -  MemoryUsage of job (MB)
	169016  -  ResidentSetSize of job (KB)
...
006 (3447420.001.000) 01/30 13:46:01 Image size of job updated: 242976
	166  -  MemoryUsage of job (MB)
	169056  -  ResidentSetSize of job (KB)
...
006 (3447420.001.000) 01/30 13:51:02 Image size of job updated: 242976
	166  -  MemoryUsage of job (MB)
	169064  -  ResidentSetSize of job (KB)
...
006 (3447420.001.000) 01/30 15:14:19 Image size of job updated: 242976
	166  -  MemoryUsage of job (MB)
	169080  -  ResidentSetSize of job (KB)
...
006 (3447420.001.000) 01/30 15:24:20 Image size of job updated: 242976
	166  -  MemoryUsage of job (MB)
	169092  -  ResidentSetSize of job (KB)
...
006 (3447420.001.000) 01/30 15:44:22 Image size of job updated: 242976
	166  -  MemoryUsage of job (MB)
	169104  -  ResidentSetSize of job (KB)
...
006 (3447420.001.000) 01/30 15:49:22 Image size of job updated: 242976
	166  -  MemoryUsage of job (MB)
	169160  -  ResidentSetSize of job (KB)
...
006 (3447420.001.000) 01/30 16:09:24 Image size of job updated: 242976
	166  -  MemoryUsage of job (MB)
	169208  -  ResidentSetSize of job (KB)
...
006 (3447420.001.000) 01/30 16:39:27 Image size of job updated: 242976
	166  -  MemoryUsage of job (MB)
	169280  -  ResidentSetSize of job (KB)
...
006 (3447420.001.000) 01/30 16:49:27 Image size of job updated: 242976
	166  -  MemoryUsage of job (MB)
	169308  -  ResidentSetSize of job (KB)
...
006 (3447420.001.000) 01/30 16:54:28 Image size of job updated: 242976
	166  -  MemoryUsage of job (MB)
	169324  -  ResidentSetSize of job (KB)
...
006 (3447420.001.000) 01/30 16:59:29 Image size of job updated: 242976
	166  -  MemoryUsage of job (MB)
	169336  -  ResidentSetSize of job (KB)
...
006 (3447420.001.000) 01/30 17:04:29 Image size of job updated: 242976
	166  -  MemoryUsage of job (MB)
	169384  -  ResidentSetSize of job (KB)
...
006 (3447420.001.000) 01/30 17:14:31 Image size of job updated: 242976
	166  -  MemoryUsage of job (MB)
	169428  -  ResidentSetSize of job (KB)
...
006 (3447420.001.000) 01/30 17:19:31 Image size of job updated: 242976
	166  -  MemoryUsage of job (MB)
	169552  -  ResidentSetSize of job (KB)
...
006 (3447420.001.000) 01/30 17:24:32 Image size of job updated: 242976
	166  -  MemoryUsage of job (MB)
	169944  -  ResidentSetSize of job (KB)
...
006 (3447420.001.000) 01/30 17:29:32 Image size of job updated: 242976
	167  -  MemoryUsage of job (MB)
	170200  -  ResidentSetSize of job (KB)
...
006 (3447420.001.000) 01/30 17:34:32 Image size of job updated: 242976
	167  -  MemoryUsage of job (MB)
	170452  -  ResidentSetSize of job (KB)
...
006 (3447420.001.000) 01/30 17:44:33 Image size of job updated: 242976
	168  -  MemoryUsage of job (MB)
	171600  -  ResidentSetSize of job (KB)
...
006 (3447420.001.000) 01/30 17:49:33 Image size of job updated: 242976
	168  -  MemoryUsage of job (MB)
	171648  -  ResidentSetSize of job (KB)
...
006 (3447420.001.000) 01/30 17:54:35 Image size of job updated: 242976
	168  -  MemoryUsage of job (MB)
	171700  -  ResidentSetSize of job (KB)
...
006 (3447420.001.000) 01/30 17:59:35 Image size of job updated: 242976
	168  -  MemoryUsage of job (MB)
	171736  -  ResidentSetSize of job (KB)
...
006 (3447420.001.000) 01/30 18:04:35 Image size of job updated: 242976
	168  -  MemoryUsage of job (MB)
	171752  -  ResidentSetSize of job (KB)
...
006 (3447420.001.000) 01/30 18:09:44 Image size of job updated: 242976
	168  -  MemoryUsage of job (MB)
	171800  -  ResidentSetSize of job (KB)
...
006 (3447420.001.000) 01/30 18:14:37 Image size of job updated: 242976
	168  -  MemoryUsage of job (MB)
	171828  -  ResidentSetSize of job (KB)
...
006 (3447420.001.000) 01/30 18:19:37 Image size of job updated: 242976
	168  -  MemoryUsage of job (MB)
	171852  -  ResidentSetSize of job (KB)
...
006 (3447420.001.000) 01/30 18:24:38 Image size of job updated: 242976
	168  -  MemoryUsage of job (MB)
	171896  -  ResidentSetSize of job (KB)
...
006 (3447420.001.000) 01/30 18:29:49 Image size of job updated: 242976
	168  -  MemoryUsage of job (MB)
	171908  -  ResidentSetSize of job (KB)
...
006 (3447420.001.000) 01/30 18:34:38 Image size of job updated: 242976
	168  -  MemoryUsage of job (MB)
	171912  -  ResidentSetSize of job (KB)
...
006 (3447420.001.000) 01/30 18:39:39 Image size of job updated: 242976
	168  -  MemoryUsage of job (MB)
	171956  -  ResidentSetSize of job (KB)
...
006 (3447420.001.000) 01/30 18:44:40 Image size of job updated: 242976
	168  -  MemoryUsage of job (MB)
	171996  -  ResidentSetSize of job (KB)
...
006 (3447420.001.000) 01/30 18:49:41 Image size of job updated: 242976
	168  -  MemoryUsage of job (MB)
	172008  -  ResidentSetSize of job (KB)
...
006 (3447420.001.000) 01/30 18:54:41 Image size of job updated: 242976
	168  -  MemoryUsage of job (MB)
	172028  -  ResidentSetSize of job (KB)
...
006 (3447420.001.000) 01/30 18:59:42 Image size of job updated: 242976
	169  -  MemoryUsage of job (MB)
	172044  -  ResidentSetSize of job (KB)
...
006 (3447420.001.000) 01/30 19:04:42 Image size of job updated: 242976
	169  -  MemoryUsage of job (MB)
	172088  -  ResidentSetSize of job (KB)
...
006 (3447420.001.000) 01/30 19:13:10 Image size of job updated: 242976
	169  -  MemoryUsage of job (MB)
	172164  -  ResidentSetSize of job (KB)
...
006 (3447420.001.000) 01/30 19:23:38 Image size of job updated: 242976
	169  -  MemoryUsage of job (MB)
	172196  -  ResidentSetSize of job (KB)
...
006 (3447420.001.000) 01/30 19:31:59 Image size of job updated: 242976
	169  -  MemoryUsage of job (MB)
	172212  -  ResidentSetSize of job (KB)
...
006 (3447420.001.000) 01/30 19:37:01 Image size of job updated: 242976
	169  -  MemoryUsage of job (MB)
	172232  -  ResidentSetSize of job (KB)
...
006 (3447420.001.000) 01/30 19:42:01 Image size of job updated: 242976
	169  -  MemoryUsage of job (MB)
	172260  -  ResidentSetSize of job (KB)
...
006 (3447420.001.000) 01/30 19:47:01 Image size of job updated: 242976
	169  -  MemoryUsage of job (MB)
	172284  -  ResidentSetSize of job (KB)
...
006 (3447420.001.000) 01/30 19:52:02 Image size of job updated: 242976
	169  -  MemoryUsage of job (MB)
	172300  -  ResidentSetSize of job (KB)
...
006 (3447420.001.000) 01/30 20:02:02 Image size of job updated: 242976
	169  -  MemoryUsage of job (MB)
	172344  -  ResidentSetSize of job (KB)
...
006 (3447420.001.000) 01/30 20:07:03 Image size of job updated: 242976
	169  -  MemoryUsage of job (MB)
	172392  -  ResidentSetSize of job (KB)
...
006 (3447420.001.000) 01/30 20:12:04 Image size of job updated: 242976
	169  -  MemoryUsage of job (MB)
	172428  -  ResidentSetSize of job (KB)
...
006 (3447420.001.000) 01/30 20:17:04 Image size of job updated: 242976
	169  -  MemoryUsage of job (MB)
	172432  -  ResidentSetSize of job (KB)
...
006 (3447420.001.000) 01/30 20:22:05 Image size of job updated: 242976
	169  -  MemoryUsage of job (MB)
	172556  -  ResidentSetSize of job (KB)
...
006 (3447420.001.000) 01/30 20:27:06 Image size of job updated: 242976
	169  -  MemoryUsage of job (MB)
	172636  -  ResidentSetSize of job (KB)
...
006 (3447420.001.000) 01/30 20:32:06 Image size of job updated: 242976
	169  -  MemoryUsage of job (MB)
	172656  -  ResidentSetSize of job (KB)
...
006 (3447420.001.000) 01/30 20:37:07 Image size of job updated: 242976
	169  -  MemoryUsage of job (MB)
	172828  -  ResidentSetSize of job (KB)
...
006 (3447420.001.000) 01/30 20:42:08 Image size of job updated: 242976
	169  -  MemoryUsage of job (MB)
	172964  -  ResidentSetSize of job (KB)
...
006 (3447420.001.000) 01/30 20:47:08 Image size of job updated: 242976
	169  -  MemoryUsage of job (MB)
	172976  -  ResidentSetSize of job (KB)
...
006 (3447420.001.000) 01/30 20:52:09 Image size of job updated: 242976
	170  -  MemoryUsage of job (MB)
	173064  -  ResidentSetSize of job (KB)
...
006 (3447420.001.000) 01/30 20:57:09 Image size of job updated: 242976
	170  -  MemoryUsage of job (MB)
	173120  -  ResidentSetSize of job (KB)
...
006 (3447420.001.000) 01/30 21:12:11 Image size of job updated: 242976
	170  -  MemoryUsage of job (MB)
	173140  -  ResidentSetSize of job (KB)
...
006 (3447420.001.000) 01/30 21:27:13 Image size of job updated: 242976
	170  -  MemoryUsage of job (MB)
	173356  -  ResidentSetSize of job (KB)
...
006 (3447420.001.000) 01/30 22:32:19 Image size of job updated: 242976
	170  -  MemoryUsage of job (MB)
	173364  -  ResidentSetSize of job (KB)
...
006 (3447420.001.000) 01/30 22:42:20 Image size of job updated: 242976
	170  -  MemoryUsage of job (MB)
	173380  -  ResidentSetSize of job (KB)
...
006 (3447420.001.000) 01/30 22:57:21 Image size of job updated: 242976
	170  -  MemoryUsage of job (MB)
	173404  -  ResidentSetSize of job (KB)
...
006 (3447420.001.000) 01/30 23:07:22 Image size of job updated: 242976
	170  -  MemoryUsage of job (MB)
	173428  -  ResidentSetSize of job (KB)
...
006 (3447420.001.000) 01/30 23:12:23 Image size of job updated: 242976
	170  -  MemoryUsage of job (MB)
	173440  -  ResidentSetSize of job (KB)
...
006 (3447420.001.000) 01/30 23:27:24 Image size of job updated: 242976
	170  -  MemoryUsage of job (MB)
	173460  -  ResidentSetSize of job (KB)
...
006 (3447420.001.000) 01/30 23:37:26 Image size of job updated: 242976
	170  -  MemoryUsage of job (MB)
	173472  -  ResidentSetSize of job (KB)
...
006 (3447420.001.000) 01/30 23:52:27 Image size of job updated: 242976
	170  -  MemoryUsage of job (MB)
	173492  -  ResidentSetSize of job (KB)
...
006 (3447420.001.000) 01/31 00:07:29 Image size of job updated: 242976
	170  -  MemoryUsage of job (MB)
	173512  -  ResidentSetSize of job (KB)
...
006 (3447420.001.000) 01/31 00:12:29 Image size of job updated: 242976
	170  -  MemoryUsage of job (MB)
	173540  -  ResidentSetSize of job (KB)
...
006 (3447420.001.000) 01/31 00:27:31 Image size of job updated: 242976
	170  -  MemoryUsage of job (MB)
	173556  -  ResidentSetSize of job (KB)
...
006 (3447420.001.000) 01/31 00:32:31 Image size of job updated: 242976
	170  -  MemoryUsage of job (MB)
	173572  -  ResidentSetSize of job (KB)
...
006 (3447420.001.000) 01/31 00:42:32 Image size of job updated: 242976
	170  -  MemoryUsage of job (MB)
	173580  -  ResidentSetSize of job (KB)
...
006 (3447420.001.000) 01/31 00:47:32 Image size of job updated: 242976
	170  -  MemoryUsage of job (MB)
	173588  -  ResidentSetSize of job (KB)
...
006 (3447420.001.000) 01/31 01:02:34 Image size of job updated: 242976
	170  -  MemoryUsage of job (MB)
	173616  -  ResidentSetSize of job (KB)
...
006 (3447420.001.000) 01/31 01:07:35 Image size of job updated: 242976
	170  -  MemoryUsage of job (MB)
	173624  -  ResidentSetSize of job (KB)
...
006 (3447420.001.000) 01/31 01:27:37 Image size of job updated: 242976
	170  -  MemoryUsage of job (MB)
	173656  -  ResidentSetSize of job (KB)
...
006 (3447420.001.000) 01/31 01:32:37 Image size of job updated: 242976
	170  -  MemoryUsage of job (MB)
	173672  -  ResidentSetSize of job (KB)
...
006 (3447420.001.000) 01/31 01:42:38 Image size of job updated: 242976
	170  -  MemoryUsage of job (MB)
	173708  -  ResidentSetSize of job (KB)
...
006 (3447420.001.000) 01/31 01:47:39 Image size of job updated: 242976
	170  -  MemoryUsage of job (MB)
	173732  -  ResidentSetSize of job (KB)
...
006 (3447420.001.000) 01/31 01:57:39 Image size of job updated: 242976
	170  -  MemoryUsage of job (MB)
	173780  -  ResidentSetSize of job (KB)
...
006 (3447420.001.000) 01/31 02:02:40 Image size of job updated: 242976
	170  -  MemoryUsage of job (MB)
	173804  -  ResidentSetSize of job (KB)
...
006 (3447420.001.000) 01/31 02:12:40 Image size of job updated: 242976
	170  -  MemoryUsage of job (MB)
	173828  -  ResidentSetSize of job (KB)
...
006 (3447420.001.000) 01/31 02:22:42 Image size of job updated: 242976
	170  -  MemoryUsage of job (MB)
	173844  -  ResidentSetSize of job (KB)
...
006 (3447420.001.000) 01/31 02:27:42 Image size of job updated: 242976
	170  -  MemoryUsage of job (MB)
	173876  -  ResidentSetSize of job (KB)
...
006 (3447420.001.000) 01/31 02:37:44 Image size of job updated: 242976
	170  -  MemoryUsage of job (MB)
	173908  -  ResidentSetSize of job (KB)
...
006 (3447420.001.000) 01/31 03:37:50 Image size of job updated: 242976
	170  -  MemoryUsage of job (MB)
	173924  -  ResidentSetSize of job (KB)
...
006 (3447420.001.000) 01/31 03:57:53 Image size of job updated: 242976
	170  -  MemoryUsage of job (MB)
	173932  -  ResidentSetSize of job (KB)
...
006 (3447420.001.000) 01/31 04:02:54 Image size of job updated: 242976
	170  -  MemoryUsage of job (MB)
	173948  -  ResidentSetSize of job (KB)
...
006 (3447420.001.000) 01/31 04:07:54 Image size of job updated: 242976
	170  -  MemoryUsage of job (MB)
	173968  -  ResidentSetSize of job (KB)
...
006 (3447420.001.000) 01/31 04:22:55 Image size of job updated: 242976
	170  -  MemoryUsage of job (MB)
	174008  -  ResidentSetSize of job (KB)
...
006 (3447420.001.000) 01/31 04:32:57 Image size of job updated: 242976
	170  -  MemoryUsage of job (MB)
	174012  -  ResidentSetSize of job (KB)
...
006 (3447420.001.000) 01/31 04:37:57 Image size of job updated: 242976
	170  -  MemoryUsage of job (MB)
	174020  -  ResidentSetSize of job (KB)
...
006 (3447420.001.000) 01/31 04:42:57 Image size of job updated: 242976
	170  -  MemoryUsage of job (MB)
	174024  -  ResidentSetSize of job (KB)
...
006 (3447420.001.000) 01/31 04:47:58 Image size of job updated: 242976
	170  -  MemoryUsage of job (MB)
	174048  -  ResidentSetSize of job (KB)
...
006 (3447420.001.000) 01/31 04:52:59 Image size of job updated: 242976
	170  -  MemoryUsage of job (MB)
	174052  -  ResidentSetSize of job (KB)
...
006 (3447420.001.000) 01/31 04:57:59 Image size of job updated: 242976
	171  -  MemoryUsage of job (MB)
	174092  -  ResidentSetSize of job (KB)
...
006 (3447420.001.000) 01/31 05:08:01 Image size of job updated: 242976
	171  -  MemoryUsage of job (MB)
	174152  -  ResidentSetSize of job (KB)
...
006 (3447420.001.000) 01/31 05:13:01 Image size of job updated: 242976
	171  -  MemoryUsage of job (MB)
	174168  -  ResidentSetSize of job (KB)
...
006 (3447420.001.000) 01/31 05:18:02 Image size of job updated: 242976
	171  -  MemoryUsage of job (MB)
	174220  -  ResidentSetSize of job (KB)
...
006 (3447420.001.000) 01/31 05:23:03 Image size of job updated: 242976
	171  -  MemoryUsage of job (MB)
	174268  -  ResidentSetSize of job (KB)
...
006 (3447420.001.000) 01/31 05:28:03 Image size of job updated: 242976
	171  -  MemoryUsage of job (MB)
	174284  -  ResidentSetSize of job (KB)
...
006 (3447420.001.000) 01/31 05:38:05 Image size of job updated: 242976
	171  -  MemoryUsage of job (MB)
	174304  -  ResidentSetSize of job (KB)
...
006 (3447420.001.000) 01/31 05:43:05 Image size of job updated: 242976
	171  -  MemoryUsage of job (MB)
	174308  -  ResidentSetSize of job (KB)
...
006 (3447420.001.000) 01/31 05:48:05 Image size of job updated: 242976
	171  -  MemoryUsage of job (MB)
	174320  -  ResidentSetSize of job (KB)
...
006 (3447420.001.000) 01/31 05:53:06 Image size of job updated: 242976
	171  -  MemoryUsage of job (MB)
	174352  -  ResidentSetSize of job (KB)
...
006 (3447420.001.000) 01/31 05:58:07 Image size of job updated: 242976
	171  -  MemoryUsage of job (MB)
	174360  -  ResidentSetSize of job (KB)
...
006 (3447420.001.000) 01/31 06:03:07 Image size of job updated: 242976
	171  -  MemoryUsage of job (MB)
	174392  -  ResidentSetSize of job (KB)
...
006 (3447420.001.000) 01/31 06:18:09 Image size of job updated: 242976
	171  -  MemoryUsage of job (MB)
	174396  -  ResidentSetSize of job (KB)
...
006 (3447420.001.000) 01/31 06:23:09 Image size of job updated: 242976
	171  -  MemoryUsage of job (MB)
	174412  -  ResidentSetSize of job (KB)
...
006 (3447420.001.000) 01/31 06:28:10 Image size of job updated: 242976
	171  -  MemoryUsage of job (MB)
	174456  -  ResidentSetSize of job (KB)
...
006 (3447420.001.000) 01/31 06:38:10 Image size of job updated: 242976
	171  -  MemoryUsage of job (MB)
	174460  -  ResidentSetSize of job (KB)
...
006 (3447420.001.000) 01/31 06:48:12 Image size of job updated: 242976
	171  -  MemoryUsage of job (MB)
	174480  -  ResidentSetSize of job (KB)
...
006 (3447420.001.000) 01/31 06:53:12 Image size of job updated: 242976
	171  -  MemoryUsage of job (MB)
	174544  -  ResidentSetSize of job (KB)
...
006 (3447420.001.000) 01/31 06:58:13 Image size of job updated: 242976
	171  -  MemoryUsage of job (MB)
	174548  -  ResidentSetSize of job (KB)
...
006 (3447420.001.000) 01/31 07:03:14 Image size of job updated: 242976
	171  -  MemoryUsage of job (MB)
	174576  -  ResidentSetSize of job (KB)
...
006 (3447420.001.000) 01/31 07:08:14 Image size of job updated: 242976
	171  -  MemoryUsage of job (MB)
	174600  -  ResidentSetSize of job (KB)
...
006 (3447420.001.000) 01/31 07:33:16 Image size of job updated: 242976
	171  -  MemoryUsage of job (MB)
	174624  -  ResidentSetSize of job (KB)
...
006 (3447420.001.000) 01/31 07:38:17 Image size of job updated: 242976
	171  -  MemoryUsage of job (MB)
	174644  -  ResidentSetSize of job (KB)
...
006 (3447420.001.000) 01/31 07:43:18 Image size of job updated: 242976
	171  -  MemoryUsage of job (MB)
	174656  -  ResidentSetSize of job (KB)
...
006 (3447420.001.000) 01/31 07:48:18 Image size of job updated: 242976
	171  -  MemoryUsage of job (MB)
	175036  -  ResidentSetSize of job (KB)
...
040 (3447420.001.000) 01/31 07:51:54 Started transferring output files
...
040 (3447420.001.000) 01/31 07:51:55 Finished transferring output files
...
005 (3447420.001.000) 01/31 07:51:57 Job terminated.
	(1) Normal termination (return value 0)
		Usr 1 00:04:10, Sys 0 00:00:43  -  Run Remote Usage
		Usr 0 00:00:00, Sys 0 00:00:00  -  Run Local Usage
		Usr 1 00:04:10, Sys 0 00:00:43  -  Total Remote Usage
		Usr 0 00:00:00, Sys 0 00:00:00  -  Total Local Usage
	34658  -  Run Bytes Sent By Job
	493  -  Run Bytes Received By Job
	34658  -  Total Bytes Sent By Job
	493  -  Total Bytes Received By Job
	Partitionable Resources :    Usage  Request Allocated 
	   Cpus                 :                 1           
	   Disk (KB)            :       47        1   3103775 
	   Memory (MB)          :      171     2000      2000 
...
