000 (3447350.009.000) 01/30 00:59:39 Job submitted from host: <188.185.71.142:9618?addrs=188.185.71.142-9618+[2001-1458-d00-7--100-388]-9618&alias=bigbird09.cern.ch&noUDP&sock=schedd_2208_1533_7>
...
040 (3447350.009.000) 01/30 04:24:06 Started transferring input files
	Transferring to host: <188.184.197.90:9618?addrs=188.184.197.90-9618+[2001-1458-301-103--100-4e]-9618&noUDP&sock=7692_75b2_148051>
...
040 (3447350.009.000) 01/30 04:24:06 Finished transferring input files
...
001 (3447350.009.000) 01/30 04:24:07 Job executing on host: <188.184.197.90:9618?addrs=188.184.197.90-9618+[2001-1458-301-103--100-4e]-9618&noUDP&sock=5689_c260_3>
...
006 (3447350.009.000) 01/30 04:24:15 Image size of job updated: 5244
	4  -  MemoryUsage of job (MB)
	4048  -  ResidentSetSize of job (KB)
...
006 (3447350.009.000) 01/30 04:29:15 Image size of job updated: 484384
	400  -  MemoryUsage of job (MB)
	409544  -  ResidentSetSize of job (KB)
...
006 (3447350.009.000) 01/30 05:04:19 Image size of job updated: 484384
	400  -  MemoryUsage of job (MB)
	409556  -  ResidentSetSize of job (KB)
...
006 (3447350.009.000) 01/30 05:49:25 Image size of job updated: 484384
	400  -  MemoryUsage of job (MB)
	409580  -  ResidentSetSize of job (KB)
...
006 (3447350.009.000) 01/30 07:29:35 Image size of job updated: 484384
	400  -  MemoryUsage of job (MB)
	409596  -  ResidentSetSize of job (KB)
...
006 (3447350.009.000) 01/30 07:34:35 Image size of job updated: 484384
	401  -  MemoryUsage of job (MB)
	409740  -  ResidentSetSize of job (KB)
...
006 (3447350.009.000) 01/30 07:44:37 Image size of job updated: 484384
	401  -  MemoryUsage of job (MB)
	409840  -  ResidentSetSize of job (KB)
...
006 (3447350.009.000) 01/30 07:49:37 Image size of job updated: 484384
	401  -  MemoryUsage of job (MB)
	409856  -  ResidentSetSize of job (KB)
...
006 (3447350.009.000) 01/30 07:54:37 Image size of job updated: 484384
	401  -  MemoryUsage of job (MB)
	409928  -  ResidentSetSize of job (KB)
...
006 (3447350.009.000) 01/30 07:59:38 Image size of job updated: 484384
	401  -  MemoryUsage of job (MB)
	410028  -  ResidentSetSize of job (KB)
...
006 (3447350.009.000) 01/30 08:04:38 Image size of job updated: 484384
	401  -  MemoryUsage of job (MB)
	410100  -  ResidentSetSize of job (KB)
...
006 (3447350.009.000) 01/30 08:09:38 Image size of job updated: 484384
	401  -  MemoryUsage of job (MB)
	410124  -  ResidentSetSize of job (KB)
...
006 (3447350.009.000) 01/30 08:14:39 Image size of job updated: 484392
	401  -  MemoryUsage of job (MB)
	410176  -  ResidentSetSize of job (KB)
...
006 (3447350.009.000) 01/30 08:19:39 Image size of job updated: 484560
	401  -  MemoryUsage of job (MB)
	410344  -  ResidentSetSize of job (KB)
...
006 (3447350.009.000) 01/30 08:24:39 Image size of job updated: 484620
	401  -  MemoryUsage of job (MB)
	410404  -  ResidentSetSize of job (KB)
...
006 (3447350.009.000) 01/30 08:29:40 Image size of job updated: 484648
	401  -  MemoryUsage of job (MB)
	410432  -  ResidentSetSize of job (KB)
...
006 (3447350.009.000) 01/30 08:39:41 Image size of job updated: 484692
	401  -  MemoryUsage of job (MB)
	410476  -  ResidentSetSize of job (KB)
...
006 (3447350.009.000) 01/30 08:44:42 Image size of job updated: 484748
	401  -  MemoryUsage of job (MB)
	410580  -  ResidentSetSize of job (KB)
...
006 (3447350.009.000) 01/30 08:49:43 Image size of job updated: 484812
	401  -  MemoryUsage of job (MB)
	410584  -  ResidentSetSize of job (KB)
...
006 (3447350.009.000) 01/30 08:54:43 Image size of job updated: 484860
	402  -  MemoryUsage of job (MB)
	410728  -  ResidentSetSize of job (KB)
...
006 (3447350.009.000) 01/30 08:59:43 Image size of job updated: 484896
	402  -  MemoryUsage of job (MB)
	410764  -  ResidentSetSize of job (KB)
...
006 (3447350.009.000) 01/30 09:04:44 Image size of job updated: 484916
	402  -  MemoryUsage of job (MB)
	410784  -  ResidentSetSize of job (KB)
...
006 (3447350.009.000) 01/30 09:09:44 Image size of job updated: 485052
	402  -  MemoryUsage of job (MB)
	410920  -  ResidentSetSize of job (KB)
...
006 (3447350.009.000) 01/30 09:14:44 Image size of job updated: 485096
	402  -  MemoryUsage of job (MB)
	410964  -  ResidentSetSize of job (KB)
...
006 (3447350.009.000) 01/30 09:24:46 Image size of job updated: 485224
	402  -  MemoryUsage of job (MB)
	411092  -  ResidentSetSize of job (KB)
...
006 (3447350.009.000) 01/30 09:29:46 Image size of job updated: 485308
	402  -  MemoryUsage of job (MB)
	411176  -  ResidentSetSize of job (KB)
...
006 (3447350.009.000) 01/30 09:34:47 Image size of job updated: 485316
	402  -  MemoryUsage of job (MB)
	411184  -  ResidentSetSize of job (KB)
...
006 (3447350.009.000) 01/30 09:39:48 Image size of job updated: 485348
	402  -  MemoryUsage of job (MB)
	411216  -  ResidentSetSize of job (KB)
...
006 (3447350.009.000) 01/30 09:44:48 Image size of job updated: 485356
	402  -  MemoryUsage of job (MB)
	411224  -  ResidentSetSize of job (KB)
...
006 (3447350.009.000) 01/30 09:49:49 Image size of job updated: 485492
	402  -  MemoryUsage of job (MB)
	411360  -  ResidentSetSize of job (KB)
...
006 (3447350.009.000) 01/30 09:54:50 Image size of job updated: 485648
	402  -  MemoryUsage of job (MB)
	411516  -  ResidentSetSize of job (KB)
...
006 (3447350.009.000) 01/30 09:59:50 Image size of job updated: 485652
	402  -  MemoryUsage of job (MB)
	411520  -  ResidentSetSize of job (KB)
...
006 (3447350.009.000) 01/30 10:04:50 Image size of job updated: 485728
	402  -  MemoryUsage of job (MB)
	411596  -  ResidentSetSize of job (KB)
...
006 (3447350.009.000) 01/30 10:14:52 Image size of job updated: 485804
	403  -  MemoryUsage of job (MB)
	411672  -  ResidentSetSize of job (KB)
...
006 (3447350.009.000) 01/30 10:19:52 Image size of job updated: 485812
	403  -  MemoryUsage of job (MB)
	411680  -  ResidentSetSize of job (KB)
...
006 (3447350.009.000) 01/30 10:24:53 Image size of job updated: 485824
	403  -  MemoryUsage of job (MB)
	411692  -  ResidentSetSize of job (KB)
...
006 (3447350.009.000) 01/30 10:34:54 Image size of job updated: 485848
	403  -  MemoryUsage of job (MB)
	411716  -  ResidentSetSize of job (KB)
...
006 (3447350.009.000) 01/30 10:39:54 Image size of job updated: 485868
	403  -  MemoryUsage of job (MB)
	411736  -  ResidentSetSize of job (KB)
...
006 (3447350.009.000) 01/30 10:44:55 Image size of job updated: 485888
	403  -  MemoryUsage of job (MB)
	411756  -  ResidentSetSize of job (KB)
...
006 (3447350.009.000) 01/30 10:49:56 Image size of job updated: 485908
	403  -  MemoryUsage of job (MB)
	411776  -  ResidentSetSize of job (KB)
...
006 (3447350.009.000) 01/30 10:54:56 Image size of job updated: 485916
	403  -  MemoryUsage of job (MB)
	411784  -  ResidentSetSize of job (KB)
...
006 (3447350.009.000) 01/30 10:59:56 Image size of job updated: 485920
	403  -  MemoryUsage of job (MB)
	411788  -  ResidentSetSize of job (KB)
...
006 (3447350.009.000) 01/30 11:04:58 Image size of job updated: 485956
	403  -  MemoryUsage of job (MB)
	411824  -  ResidentSetSize of job (KB)
...
006 (3447350.009.000) 01/30 11:14:58 Image size of job updated: 485960
	403  -  MemoryUsage of job (MB)
	411828  -  ResidentSetSize of job (KB)
...
006 (3447350.009.000) 01/30 11:25:00 Image size of job updated: 486088
	403  -  MemoryUsage of job (MB)
	411956  -  ResidentSetSize of job (KB)
...
006 (3447350.009.000) 01/30 11:30:00 Image size of job updated: 486228
	403  -  MemoryUsage of job (MB)
	412096  -  ResidentSetSize of job (KB)
...
006 (3447350.009.000) 01/30 11:35:00 Image size of job updated: 486276
	403  -  MemoryUsage of job (MB)
	412144  -  ResidentSetSize of job (KB)
...
006 (3447350.009.000) 01/30 11:40:02 Image size of job updated: 486440
	403  -  MemoryUsage of job (MB)
	412308  -  ResidentSetSize of job (KB)
...
006 (3447350.009.000) 01/30 11:45:02 Image size of job updated: 486464
	403  -  MemoryUsage of job (MB)
	412332  -  ResidentSetSize of job (KB)
...
006 (3447350.009.000) 01/30 11:50:02 Image size of job updated: 486556
	403  -  MemoryUsage of job (MB)
	412424  -  ResidentSetSize of job (KB)
...
006 (3447350.009.000) 01/30 11:55:03 Image size of job updated: 486612
	403  -  MemoryUsage of job (MB)
	412480  -  ResidentSetSize of job (KB)
...
006 (3447350.009.000) 01/30 12:00:04 Image size of job updated: 486616
	403  -  MemoryUsage of job (MB)
	412484  -  ResidentSetSize of job (KB)
...
006 (3447350.009.000) 01/30 12:05:04 Image size of job updated: 486684
	403  -  MemoryUsage of job (MB)
	412552  -  ResidentSetSize of job (KB)
...
006 (3447350.009.000) 01/30 12:10:05 Image size of job updated: 486784
	403  -  MemoryUsage of job (MB)
	412652  -  ResidentSetSize of job (KB)
...
006 (3447350.009.000) 01/30 12:15:06 Image size of job updated: 486872
	404  -  MemoryUsage of job (MB)
	412740  -  ResidentSetSize of job (KB)
...
006 (3447350.009.000) 01/30 12:20:06 Image size of job updated: 486996
	404  -  MemoryUsage of job (MB)
	412864  -  ResidentSetSize of job (KB)
...
006 (3447350.009.000) 01/30 12:25:07 Image size of job updated: 487188
	404  -  MemoryUsage of job (MB)
	413056  -  ResidentSetSize of job (KB)
...
006 (3447350.009.000) 01/30 12:30:08 Image size of job updated: 487268
	404  -  MemoryUsage of job (MB)
	413136  -  ResidentSetSize of job (KB)
...
006 (3447350.009.000) 01/30 12:35:08 Image size of job updated: 487308
	404  -  MemoryUsage of job (MB)
	413176  -  ResidentSetSize of job (KB)
...
006 (3447350.009.000) 01/30 12:40:09 Image size of job updated: 487424
	404  -  MemoryUsage of job (MB)
	413292  -  ResidentSetSize of job (KB)
...
006 (3447350.009.000) 01/30 12:45:11 Image size of job updated: 487476
	404  -  MemoryUsage of job (MB)
	413344  -  ResidentSetSize of job (KB)
...
006 (3447350.009.000) 01/30 12:50:11 Image size of job updated: 487536
	404  -  MemoryUsage of job (MB)
	413404  -  ResidentSetSize of job (KB)
...
006 (3447350.009.000) 01/30 12:55:11 Image size of job updated: 487564
	404  -  MemoryUsage of job (MB)
	413432  -  ResidentSetSize of job (KB)
...
006 (3447350.009.000) 01/30 13:00:12 Image size of job updated: 487652
	404  -  MemoryUsage of job (MB)
	413520  -  ResidentSetSize of job (KB)
...
006 (3447350.009.000) 01/30 13:05:13 Image size of job updated: 487820
	404  -  MemoryUsage of job (MB)
	413688  -  ResidentSetSize of job (KB)
...
006 (3447350.009.000) 01/30 13:10:13 Image size of job updated: 487848
	405  -  MemoryUsage of job (MB)
	413716  -  ResidentSetSize of job (KB)
...
006 (3447350.009.000) 01/30 13:15:13 Image size of job updated: 488000
	405  -  MemoryUsage of job (MB)
	413868  -  ResidentSetSize of job (KB)
...
006 (3447350.009.000) 01/30 13:20:14 Image size of job updated: 488152
	405  -  MemoryUsage of job (MB)
	414020  -  ResidentSetSize of job (KB)
...
006 (3447350.009.000) 01/30 13:25:15 Image size of job updated: 488300
	405  -  MemoryUsage of job (MB)
	414168  -  ResidentSetSize of job (KB)
...
006 (3447350.009.000) 01/30 13:30:15 Image size of job updated: 488300
	405  -  MemoryUsage of job (MB)
	414288  -  ResidentSetSize of job (KB)
...
006 (3447350.009.000) 01/30 13:50:16 Image size of job updated: 488300
	405  -  MemoryUsage of job (MB)
	414300  -  ResidentSetSize of job (KB)
...
006 (3447350.009.000) 01/30 13:55:17 Image size of job updated: 488300
	405  -  MemoryUsage of job (MB)
	414400  -  ResidentSetSize of job (KB)
...
006 (3447350.009.000) 01/30 14:00:18 Image size of job updated: 488300
	405  -  MemoryUsage of job (MB)
	414492  -  ResidentSetSize of job (KB)
...
006 (3447350.009.000) 01/30 14:05:18 Image size of job updated: 488300
	405  -  MemoryUsage of job (MB)
	414528  -  ResidentSetSize of job (KB)
...
006 (3447350.009.000) 01/30 14:10:19 Image size of job updated: 488300
	405  -  MemoryUsage of job (MB)
	414544  -  ResidentSetSize of job (KB)
...
006 (3447350.009.000) 01/30 14:15:20 Image size of job updated: 488300
	405  -  MemoryUsage of job (MB)
	414572  -  ResidentSetSize of job (KB)
...
006 (3447350.009.000) 01/30 14:20:20 Image size of job updated: 488300
	406  -  MemoryUsage of job (MB)
	414776  -  ResidentSetSize of job (KB)
...
006 (3447350.009.000) 01/30 14:25:20 Image size of job updated: 488300
	406  -  MemoryUsage of job (MB)
	414924  -  ResidentSetSize of job (KB)
...
006 (3447350.009.000) 01/30 14:30:21 Image size of job updated: 488300
	406  -  MemoryUsage of job (MB)
	415000  -  ResidentSetSize of job (KB)
...
006 (3447350.009.000) 01/30 14:40:21 Image size of job updated: 488300
	406  -  MemoryUsage of job (MB)
	415104  -  ResidentSetSize of job (KB)
...
006 (3447350.009.000) 01/30 14:45:22 Image size of job updated: 488300
	406  -  MemoryUsage of job (MB)
	415196  -  ResidentSetSize of job (KB)
...
006 (3447350.009.000) 01/30 15:15:24 Image size of job updated: 488300
	406  -  MemoryUsage of job (MB)
	415236  -  ResidentSetSize of job (KB)
...
006 (3447350.009.000) 01/30 15:20:25 Image size of job updated: 488300
	406  -  MemoryUsage of job (MB)
	415316  -  ResidentSetSize of job (KB)
...
006 (3447350.009.000) 01/30 15:30:25 Image size of job updated: 488300
	406  -  MemoryUsage of job (MB)
	415420  -  ResidentSetSize of job (KB)
...
006 (3447350.009.000) 01/30 15:35:27 Image size of job updated: 488300
	406  -  MemoryUsage of job (MB)
	415528  -  ResidentSetSize of job (KB)
...
006 (3447350.009.000) 01/30 15:45:27 Image size of job updated: 488300
	406  -  MemoryUsage of job (MB)
	415604  -  ResidentSetSize of job (KB)
...
006 (3447350.009.000) 01/30 15:50:28 Image size of job updated: 488300
	406  -  MemoryUsage of job (MB)
	415672  -  ResidentSetSize of job (KB)
...
006 (3447350.009.000) 01/30 15:55:29 Image size of job updated: 488300
	407  -  MemoryUsage of job (MB)
	415808  -  ResidentSetSize of job (KB)
...
006 (3447350.009.000) 01/30 16:00:29 Image size of job updated: 488300
	407  -  MemoryUsage of job (MB)
	415860  -  ResidentSetSize of job (KB)
...
006 (3447350.009.000) 01/30 16:05:29 Image size of job updated: 488300
	407  -  MemoryUsage of job (MB)
	415908  -  ResidentSetSize of job (KB)
...
006 (3447350.009.000) 01/30 16:10:30 Image size of job updated: 488300
	407  -  MemoryUsage of job (MB)
	415992  -  ResidentSetSize of job (KB)
...
006 (3447350.009.000) 01/30 16:15:30 Image size of job updated: 488300
	407  -  MemoryUsage of job (MB)
	416076  -  ResidentSetSize of job (KB)
...
006 (3447350.009.000) 01/30 16:20:30 Image size of job updated: 488300
	408  -  MemoryUsage of job (MB)
	417504  -  ResidentSetSize of job (KB)
...
006 (3447350.009.000) 01/30 16:25:31 Image size of job updated: 488300
	408  -  MemoryUsage of job (MB)
	417624  -  ResidentSetSize of job (KB)
...
006 (3447350.009.000) 01/30 16:30:32 Image size of job updated: 488300
	410  -  MemoryUsage of job (MB)
	418892  -  ResidentSetSize of job (KB)
...
006 (3447350.009.000) 01/30 16:35:32 Image size of job updated: 488300
	410  -  MemoryUsage of job (MB)
	418936  -  ResidentSetSize of job (KB)
...
006 (3447350.009.000) 01/30 16:40:33 Image size of job updated: 488300
	410  -  MemoryUsage of job (MB)
	419044  -  ResidentSetSize of job (KB)
...
006 (3447350.009.000) 01/30 16:45:34 Image size of job updated: 488300
	410  -  MemoryUsage of job (MB)
	419192  -  ResidentSetSize of job (KB)
...
006 (3447350.009.000) 01/30 16:50:34 Image size of job updated: 488300
	410  -  MemoryUsage of job (MB)
	419280  -  ResidentSetSize of job (KB)
...
006 (3447350.009.000) 01/30 16:55:35 Image size of job updated: 488300
	410  -  MemoryUsage of job (MB)
	419288  -  ResidentSetSize of job (KB)
...
006 (3447350.009.000) 01/30 17:00:36 Image size of job updated: 488300
	410  -  MemoryUsage of job (MB)
	419316  -  ResidentSetSize of job (KB)
...
006 (3447350.009.000) 01/30 17:05:36 Image size of job updated: 488300
	410  -  MemoryUsage of job (MB)
	419480  -  ResidentSetSize of job (KB)
...
006 (3447350.009.000) 01/30 17:10:36 Image size of job updated: 488300
	410  -  MemoryUsage of job (MB)
	419524  -  ResidentSetSize of job (KB)
...
006 (3447350.009.000) 01/30 17:15:37 Image size of job updated: 488300
	410  -  MemoryUsage of job (MB)
	419556  -  ResidentSetSize of job (KB)
...
006 (3447350.009.000) 01/30 17:20:37 Image size of job updated: 488300
	410  -  MemoryUsage of job (MB)
	419736  -  ResidentSetSize of job (KB)
...
006 (3447350.009.000) 01/30 17:25:37 Image size of job updated: 488300
	410  -  MemoryUsage of job (MB)
	419800  -  ResidentSetSize of job (KB)
...
006 (3447350.009.000) 01/30 17:30:38 Image size of job updated: 488300
	411  -  MemoryUsage of job (MB)
	419884  -  ResidentSetSize of job (KB)
...
006 (3447350.009.000) 01/30 17:35:39 Image size of job updated: 488300
	411  -  MemoryUsage of job (MB)
	419932  -  ResidentSetSize of job (KB)
...
006 (3447350.009.000) 01/30 17:40:39 Image size of job updated: 488300
	411  -  MemoryUsage of job (MB)
	420044  -  ResidentSetSize of job (KB)
...
006 (3447350.009.000) 01/30 17:45:39 Image size of job updated: 488300
	411  -  MemoryUsage of job (MB)
	420140  -  ResidentSetSize of job (KB)
...
006 (3447350.009.000) 01/30 17:50:39 Image size of job updated: 488300
	411  -  MemoryUsage of job (MB)
	420152  -  ResidentSetSize of job (KB)
...
006 (3447350.009.000) 01/30 17:55:40 Image size of job updated: 488300
	411  -  MemoryUsage of job (MB)
	420260  -  ResidentSetSize of job (KB)
...
006 (3447350.009.000) 01/30 18:00:41 Image size of job updated: 488300
	411  -  MemoryUsage of job (MB)
	420460  -  ResidentSetSize of job (KB)
...
006 (3447350.009.000) 01/30 18:05:41 Image size of job updated: 488300
	411  -  MemoryUsage of job (MB)
	420528  -  ResidentSetSize of job (KB)
...
006 (3447350.009.000) 01/30 18:10:42 Image size of job updated: 488300
	411  -  MemoryUsage of job (MB)
	420660  -  ResidentSetSize of job (KB)
...
006 (3447350.009.000) 01/30 18:15:43 Image size of job updated: 488300
	411  -  MemoryUsage of job (MB)
	420800  -  ResidentSetSize of job (KB)
...
006 (3447350.009.000) 01/30 18:20:43 Image size of job updated: 488300
	411  -  MemoryUsage of job (MB)
	420828  -  ResidentSetSize of job (KB)
...
006 (3447350.009.000) 01/30 18:25:43 Image size of job updated: 488300
	412  -  MemoryUsage of job (MB)
	420888  -  ResidentSetSize of job (KB)
...
006 (3447350.009.000) 01/30 18:30:44 Image size of job updated: 488300
	412  -  MemoryUsage of job (MB)
	420996  -  ResidentSetSize of job (KB)
...
006 (3447350.009.000) 01/30 18:35:44 Image size of job updated: 488300
	412  -  MemoryUsage of job (MB)
	421056  -  ResidentSetSize of job (KB)
...
006 (3447350.009.000) 01/30 18:40:44 Image size of job updated: 488300
	412  -  MemoryUsage of job (MB)
	421172  -  ResidentSetSize of job (KB)
...
006 (3447350.009.000) 01/30 18:45:45 Image size of job updated: 488300
	412  -  MemoryUsage of job (MB)
	421180  -  ResidentSetSize of job (KB)
...
006 (3447350.009.000) 01/30 18:50:46 Image size of job updated: 488300
	412  -  MemoryUsage of job (MB)
	421264  -  ResidentSetSize of job (KB)
...
006 (3447350.009.000) 01/30 18:55:46 Image size of job updated: 488300
	412  -  MemoryUsage of job (MB)
	421356  -  ResidentSetSize of job (KB)
...
006 (3447350.009.000) 01/30 19:05:48 Image size of job updated: 488300
	412  -  MemoryUsage of job (MB)
	421432  -  ResidentSetSize of job (KB)
...
006 (3447350.009.000) 01/30 19:10:48 Image size of job updated: 488300
	412  -  MemoryUsage of job (MB)
	421588  -  ResidentSetSize of job (KB)
...
006 (3447350.009.000) 01/30 19:15:49 Image size of job updated: 488300
	412  -  MemoryUsage of job (MB)
	421640  -  ResidentSetSize of job (KB)
...
006 (3447350.009.000) 01/30 19:20:49 Image size of job updated: 488300
	412  -  MemoryUsage of job (MB)
	421660  -  ResidentSetSize of job (KB)
...
006 (3447350.009.000) 01/30 19:25:49 Image size of job updated: 488300
	412  -  MemoryUsage of job (MB)
	421792  -  ResidentSetSize of job (KB)
...
006 (3447350.009.000) 01/30 19:30:50 Image size of job updated: 488300
	413  -  MemoryUsage of job (MB)
	421892  -  ResidentSetSize of job (KB)
...
006 (3447350.009.000) 01/30 19:35:50 Image size of job updated: 488300
	413  -  MemoryUsage of job (MB)
	421932  -  ResidentSetSize of job (KB)
...
006 (3447350.009.000) 01/30 19:40:51 Image size of job updated: 488300
	413  -  MemoryUsage of job (MB)
	421968  -  ResidentSetSize of job (KB)
...
006 (3447350.009.000) 01/30 19:45:52 Image size of job updated: 488300
	413  -  MemoryUsage of job (MB)
	422068  -  ResidentSetSize of job (KB)
...
006 (3447350.009.000) 01/30 19:50:52 Image size of job updated: 488300
	413  -  MemoryUsage of job (MB)
	422136  -  ResidentSetSize of job (KB)
...
006 (3447350.009.000) 01/30 19:55:52 Image size of job updated: 488300
	413  -  MemoryUsage of job (MB)
	422208  -  ResidentSetSize of job (KB)
...
006 (3447350.009.000) 01/30 20:00:53 Image size of job updated: 488300
	413  -  MemoryUsage of job (MB)
	422244  -  ResidentSetSize of job (KB)
...
006 (3447350.009.000) 01/30 20:05:53 Image size of job updated: 488300
	413  -  MemoryUsage of job (MB)
	422256  -  ResidentSetSize of job (KB)
...
006 (3447350.009.000) 01/30 20:10:53 Image size of job updated: 488300
	413  -  MemoryUsage of job (MB)
	422396  -  ResidentSetSize of job (KB)
...
006 (3447350.009.000) 01/30 20:15:54 Image size of job updated: 488300
	413  -  MemoryUsage of job (MB)
	422476  -  ResidentSetSize of job (KB)
...
006 (3447350.009.000) 01/30 20:20:54 Image size of job updated: 488300
	413  -  MemoryUsage of job (MB)
	422484  -  ResidentSetSize of job (KB)
...
006 (3447350.009.000) 01/30 20:25:54 Image size of job updated: 488300
	413  -  MemoryUsage of job (MB)
	422672  -  ResidentSetSize of job (KB)
...
006 (3447350.009.000) 01/30 20:30:55 Image size of job updated: 488300
	413  -  MemoryUsage of job (MB)
	422708  -  ResidentSetSize of job (KB)
...
006 (3447350.009.000) 01/30 20:35:55 Image size of job updated: 488300
	413  -  MemoryUsage of job (MB)
	422764  -  ResidentSetSize of job (KB)
...
006 (3447350.009.000) 01/30 20:40:55 Image size of job updated: 488300
	413  -  MemoryUsage of job (MB)
	422864  -  ResidentSetSize of job (KB)
...
006 (3447350.009.000) 01/30 20:45:56 Image size of job updated: 488300
	414  -  MemoryUsage of job (MB)
	423024  -  ResidentSetSize of job (KB)
...
006 (3447350.009.000) 01/30 20:50:56 Image size of job updated: 488300
	414  -  MemoryUsage of job (MB)
	423156  -  ResidentSetSize of job (KB)
...
006 (3447350.009.000) 01/30 20:55:57 Image size of job updated: 488300
	414  -  MemoryUsage of job (MB)
	423492  -  ResidentSetSize of job (KB)
...
006 (3447350.009.000) 01/30 21:16:00 Image size of job updated: 488300
	414  -  MemoryUsage of job (MB)
	423612  -  ResidentSetSize of job (KB)
...
006 (3447350.009.000) 01/30 22:11:05 Image size of job updated: 488300
	414  -  MemoryUsage of job (MB)
	423640  -  ResidentSetSize of job (KB)
...
006 (3447350.009.000) 01/30 22:16:06 Image size of job updated: 488300
	414  -  MemoryUsage of job (MB)
	423684  -  ResidentSetSize of job (KB)
...
006 (3447350.009.000) 01/30 22:21:07 Image size of job updated: 488300
	414  -  MemoryUsage of job (MB)
	423708  -  ResidentSetSize of job (KB)
...
006 (3447350.009.000) 01/30 22:26:07 Image size of job updated: 488300
	414  -  MemoryUsage of job (MB)
	423748  -  ResidentSetSize of job (KB)
...
006 (3447350.009.000) 01/30 22:36:08 Image size of job updated: 488300
	414  -  MemoryUsage of job (MB)
	423760  -  ResidentSetSize of job (KB)
...
006 (3447350.009.000) 01/30 22:51:09 Image size of job updated: 488300
	414  -  MemoryUsage of job (MB)
	423784  -  ResidentSetSize of job (KB)
...
006 (3447350.009.000) 01/30 23:01:10 Image size of job updated: 488300
	414  -  MemoryUsage of job (MB)
	423792  -  ResidentSetSize of job (KB)
...
006 (3447350.009.000) 01/30 23:06:10 Image size of job updated: 488300
	414  -  MemoryUsage of job (MB)
	423824  -  ResidentSetSize of job (KB)
...
006 (3447350.009.000) 01/30 23:16:11 Image size of job updated: 488300
	414  -  MemoryUsage of job (MB)
	423844  -  ResidentSetSize of job (KB)
...
006 (3447350.009.000) 01/30 23:21:11 Image size of job updated: 488300
	414  -  MemoryUsage of job (MB)
	423868  -  ResidentSetSize of job (KB)
...
006 (3447350.009.000) 01/30 23:26:12 Image size of job updated: 488300
	414  -  MemoryUsage of job (MB)
	423900  -  ResidentSetSize of job (KB)
...
006 (3447350.009.000) 01/30 23:31:12 Image size of job updated: 488300
	414  -  MemoryUsage of job (MB)
	423904  -  ResidentSetSize of job (KB)
...
006 (3447350.009.000) 01/30 23:36:12 Image size of job updated: 488300
	414  -  MemoryUsage of job (MB)
	423916  -  ResidentSetSize of job (KB)
...
006 (3447350.009.000) 01/30 23:41:12 Image size of job updated: 488300
	414  -  MemoryUsage of job (MB)
	423928  -  ResidentSetSize of job (KB)
...
006 (3447350.009.000) 01/30 23:46:12 Image size of job updated: 488300
	415  -  MemoryUsage of job (MB)
	423944  -  ResidentSetSize of job (KB)
...
006 (3447350.009.000) 01/30 23:56:13 Image size of job updated: 488300
	415  -  MemoryUsage of job (MB)
	423960  -  ResidentSetSize of job (KB)
...
006 (3447350.009.000) 01/31 00:06:14 Image size of job updated: 488300
	415  -  MemoryUsage of job (MB)
	423984  -  ResidentSetSize of job (KB)
...
006 (3447350.009.000) 01/31 00:16:16 Image size of job updated: 488300
	415  -  MemoryUsage of job (MB)
	424004  -  ResidentSetSize of job (KB)
...
006 (3447350.009.000) 01/31 00:21:16 Image size of job updated: 488300
	415  -  MemoryUsage of job (MB)
	424016  -  ResidentSetSize of job (KB)
...
006 (3447350.009.000) 01/31 00:31:18 Image size of job updated: 488300
	415  -  MemoryUsage of job (MB)
	424024  -  ResidentSetSize of job (KB)
...
006 (3447350.009.000) 01/31 00:41:19 Image size of job updated: 488300
	415  -  MemoryUsage of job (MB)
	424060  -  ResidentSetSize of job (KB)
...
006 (3447350.009.000) 01/31 01:01:21 Image size of job updated: 488300
	415  -  MemoryUsage of job (MB)
	424072  -  ResidentSetSize of job (KB)
...
006 (3447350.009.000) 01/31 01:11:21 Image size of job updated: 488300
	415  -  MemoryUsage of job (MB)
	424128  -  ResidentSetSize of job (KB)
...
006 (3447350.009.000) 01/31 01:36:24 Image size of job updated: 488300
	415  -  MemoryUsage of job (MB)
	424148  -  ResidentSetSize of job (KB)
...
006 (3447350.009.000) 01/31 01:51:26 Image size of job updated: 488300
	415  -  MemoryUsage of job (MB)
	424172  -  ResidentSetSize of job (KB)
...
006 (3447350.009.000) 01/31 02:06:27 Image size of job updated: 488300
	415  -  MemoryUsage of job (MB)
	424176  -  ResidentSetSize of job (KB)
...
006 (3447350.009.000) 01/31 02:21:29 Image size of job updated: 488300
	415  -  MemoryUsage of job (MB)
	424192  -  ResidentSetSize of job (KB)
...
006 (3447350.009.000) 01/31 02:31:31 Image size of job updated: 488300
	415  -  MemoryUsage of job (MB)
	424216  -  ResidentSetSize of job (KB)
...
006 (3447350.009.000) 01/31 02:41:31 Image size of job updated: 488300
	415  -  MemoryUsage of job (MB)
	424284  -  ResidentSetSize of job (KB)
...
006 (3447350.009.000) 01/31 02:46:32 Image size of job updated: 488300
	415  -  MemoryUsage of job (MB)
	424296  -  ResidentSetSize of job (KB)
...
006 (3447350.009.000) 01/31 02:56:33 Image size of job updated: 488300
	415  -  MemoryUsage of job (MB)
	424360  -  ResidentSetSize of job (KB)
...
006 (3447350.009.000) 01/31 03:01:33 Image size of job updated: 488300
	415  -  MemoryUsage of job (MB)
	424364  -  ResidentSetSize of job (KB)
...
006 (3447350.009.000) 01/31 03:06:34 Image size of job updated: 488300
	415  -  MemoryUsage of job (MB)
	424412  -  ResidentSetSize of job (KB)
...
006 (3447350.009.000) 01/31 03:16:35 Image size of job updated: 488300
	415  -  MemoryUsage of job (MB)
	424448  -  ResidentSetSize of job (KB)
...
006 (3447350.009.000) 01/31 03:21:36 Image size of job updated: 488300
	415  -  MemoryUsage of job (MB)
	424456  -  ResidentSetSize of job (KB)
...
006 (3447350.009.000) 01/31 03:26:37 Image size of job updated: 488300
	415  -  MemoryUsage of job (MB)
	424504  -  ResidentSetSize of job (KB)
...
006 (3447350.009.000) 01/31 03:36:37 Image size of job updated: 488300
	415  -  MemoryUsage of job (MB)
	424520  -  ResidentSetSize of job (KB)
...
006 (3447350.009.000) 01/31 03:46:39 Image size of job updated: 488300
	415  -  MemoryUsage of job (MB)
	424552  -  ResidentSetSize of job (KB)
...
006 (3447350.009.000) 01/31 03:51:39 Image size of job updated: 488300
	415  -  MemoryUsage of job (MB)
	424584  -  ResidentSetSize of job (KB)
...
006 (3447350.009.000) 01/31 04:06:41 Image size of job updated: 488300
	415  -  MemoryUsage of job (MB)
	424620  -  ResidentSetSize of job (KB)
...
006 (3447350.009.000) 01/31 04:31:44 Image size of job updated: 488300
	415  -  MemoryUsage of job (MB)
	424660  -  ResidentSetSize of job (KB)
...
006 (3447350.009.000) 01/31 04:36:45 Image size of job updated: 488300
	415  -  MemoryUsage of job (MB)
	424676  -  ResidentSetSize of job (KB)
...
006 (3447350.009.000) 01/31 04:46:46 Image size of job updated: 488300
	415  -  MemoryUsage of job (MB)
	424708  -  ResidentSetSize of job (KB)
...
006 (3447350.009.000) 01/31 04:51:46 Image size of job updated: 488300
	415  -  MemoryUsage of job (MB)
	424720  -  ResidentSetSize of job (KB)
...
006 (3447350.009.000) 01/31 16:07:57 Image size of job updated: 488300
	415  -  MemoryUsage of job (MB)
	424724  -  ResidentSetSize of job (KB)
...
006 (3447350.009.000) 01/31 16:12:57 Image size of job updated: 488300
	415  -  MemoryUsage of job (MB)
	424740  -  ResidentSetSize of job (KB)
...
006 (3447350.009.000) 01/31 16:17:58 Image size of job updated: 488300
	415  -  MemoryUsage of job (MB)
	424760  -  ResidentSetSize of job (KB)
...
006 (3447350.009.000) 01/31 16:27:58 Image size of job updated: 488300
	415  -  MemoryUsage of job (MB)
	424764  -  ResidentSetSize of job (KB)
...
006 (3447350.009.000) 01/31 16:32:59 Image size of job updated: 488300
	415  -  MemoryUsage of job (MB)
	424784  -  ResidentSetSize of job (KB)
...
006 (3447350.009.000) 01/31 16:48:01 Image size of job updated: 488300
	415  -  MemoryUsage of job (MB)
	424824  -  ResidentSetSize of job (KB)
...
006 (3447350.009.000) 01/31 16:53:01 Image size of job updated: 488300
	415  -  MemoryUsage of job (MB)
	424840  -  ResidentSetSize of job (KB)
...
006 (3447350.009.000) 01/31 17:03:02 Image size of job updated: 488300
	415  -  MemoryUsage of job (MB)
	424856  -  ResidentSetSize of job (KB)
...
006 (3447350.009.000) 01/31 17:20:12 Image size of job updated: 488300
	415  -  MemoryUsage of job (MB)
	424860  -  ResidentSetSize of job (KB)
...
006 (3447350.009.000) 01/31 17:25:12 Image size of job updated: 488300
	415  -  MemoryUsage of job (MB)
	424896  -  ResidentSetSize of job (KB)
...
007 (3447350.009.000) 01/31 17:36:21 Shadow exception!
	Assertion ERROR on (result)
	0  -  Run Bytes Sent By Job
	493  -  Run Bytes Received By Job
...
040 (3447350.009.000) 02/01 07:54:08 Started transferring input files
	Transferring to host: <188.184.206.194:9618?addrs=188.184.206.194-9618+[2001-1458-301-7d--100-2ca]-9618&noUDP&sock=4080_7a9f_83700>
...
040 (3447350.009.000) 02/01 07:54:08 Finished transferring input files
...
001 (3447350.009.000) 02/01 07:54:09 Job executing on host: <188.184.206.194:9618?addrs=188.184.206.194-9618+[2001-1458-301-7d--100-2ca]-9618&noUDP&sock=2326_0560_3>
...
040 (3447350.009.000) 02/01 07:54:42 Started transferring output files
...
040 (3447350.009.000) 02/01 07:54:42 Finished transferring output files
...
005 (3447350.009.000) 02/01 07:54:42 Job terminated.
	(1) Normal termination (return value 0)
		Usr 0 00:00:06, Sys 0 00:00:04  -  Run Remote Usage
		Usr 0 00:00:00, Sys 0 00:00:00  -  Run Local Usage
		Usr 0 00:00:06, Sys 0 00:00:04  -  Total Remote Usage
		Usr 0 00:00:00, Sys 0 00:00:00  -  Total Local Usage
	9715  -  Run Bytes Sent By Job
	493  -  Run Bytes Received By Job
	9715  -  Total Bytes Sent By Job
	986  -  Total Bytes Received By Job
	Partitionable Resources :    Usage  Request Allocated 
	   Cpus                 :                 1           
	   Disk (KB)            :       24       35   2046533 
	   Memory (MB)          :      416     2000      2000 
...
