000 (3447449.000.000) 01/30 07:34:07 Job submitted from host: <188.185.71.142:9618?addrs=188.185.71.142-9618+[2001-1458-d00-7--100-388]-9618&alias=bigbird09.cern.ch&noUDP&sock=schedd_2208_1533_7>
...
040 (3447449.000.000) 01/30 07:55:57 Started transferring input files
	Transferring to host: <128.142.240.102:9618?addrs=128.142.240.102-9618+[2001-1458-301-f9--100-5d]-9618&noUDP&sock=3928_6199_89087>
...
040 (3447449.000.000) 01/30 07:55:57 Finished transferring input files
...
001 (3447449.000.000) 01/30 07:55:58 Job executing on host: <128.142.240.102:9618?addrs=128.142.240.102-9618+[2001-1458-301-f9--100-5d]-9618&noUDP&sock=2321_9767_3>
...
006 (3447449.000.000) 01/30 07:56:07 Image size of job updated: 180976
	109  -  MemoryUsage of job (MB)
	111056  -  ResidentSetSize of job (KB)
...
006 (3447449.000.000) 01/30 08:01:08 Image size of job updated: 367448
	353  -  MemoryUsage of job (MB)
	361144  -  ResidentSetSize of job (KB)
...
006 (3447449.000.000) 01/30 08:11:09 Image size of job updated: 367456
	353  -  MemoryUsage of job (MB)
	361152  -  ResidentSetSize of job (KB)
...
006 (3447449.000.000) 01/30 08:21:11 Image size of job updated: 367456
	353  -  MemoryUsage of job (MB)
	361156  -  ResidentSetSize of job (KB)
...
006 (3447449.000.000) 01/30 08:46:13 Image size of job updated: 367456
	353  -  MemoryUsage of job (MB)
	361160  -  ResidentSetSize of job (KB)
...
006 (3447449.000.000) 01/30 08:51:14 Image size of job updated: 367456
	353  -  MemoryUsage of job (MB)
	361172  -  ResidentSetSize of job (KB)
...
006 (3447449.000.000) 01/30 10:56:29 Image size of job updated: 367528
	353  -  MemoryUsage of job (MB)
	361244  -  ResidentSetSize of job (KB)
...
006 (3447449.000.000) 01/30 11:11:30 Image size of job updated: 367564
	353  -  MemoryUsage of job (MB)
	361280  -  ResidentSetSize of job (KB)
...
006 (3447449.000.000) 01/30 11:16:30 Image size of job updated: 367680
	353  -  MemoryUsage of job (MB)
	361396  -  ResidentSetSize of job (KB)
...
006 (3447449.000.000) 01/30 11:21:30 Image size of job updated: 367712
	353  -  MemoryUsage of job (MB)
	361428  -  ResidentSetSize of job (KB)
...
006 (3447449.000.000) 01/30 11:31:31 Image size of job updated: 367784
	354  -  MemoryUsage of job (MB)
	361500  -  ResidentSetSize of job (KB)
...
006 (3447449.000.000) 01/30 11:36:31 Image size of job updated: 367872
	354  -  MemoryUsage of job (MB)
	361588  -  ResidentSetSize of job (KB)
...
006 (3447449.000.000) 01/30 11:41:33 Image size of job updated: 368016
	354  -  MemoryUsage of job (MB)
	361732  -  ResidentSetSize of job (KB)
...
006 (3447449.000.000) 01/30 11:46:33 Image size of job updated: 368144
	354  -  MemoryUsage of job (MB)
	361860  -  ResidentSetSize of job (KB)
...
006 (3447449.000.000) 01/30 11:51:33 Image size of job updated: 368172
	354  -  MemoryUsage of job (MB)
	361860  -  ResidentSetSize of job (KB)
...
006 (3447449.000.000) 01/30 11:56:34 Image size of job updated: 368380
	354  -  MemoryUsage of job (MB)
	362004  -  ResidentSetSize of job (KB)
...
006 (3447449.000.000) 01/30 12:01:35 Image size of job updated: 368484
	354  -  MemoryUsage of job (MB)
	362108  -  ResidentSetSize of job (KB)
...
006 (3447449.000.000) 01/30 12:06:35 Image size of job updated: 368544
	354  -  MemoryUsage of job (MB)
	362168  -  ResidentSetSize of job (KB)
...
006 (3447449.000.000) 01/30 12:11:36 Image size of job updated: 368688
	354  -  MemoryUsage of job (MB)
	362312  -  ResidentSetSize of job (KB)
...
006 (3447449.000.000) 01/30 12:16:37 Image size of job updated: 368716
	354  -  MemoryUsage of job (MB)
	362340  -  ResidentSetSize of job (KB)
...
006 (3447449.000.000) 01/30 12:21:37 Image size of job updated: 368852
	354  -  MemoryUsage of job (MB)
	362472  -  ResidentSetSize of job (KB)
...
006 (3447449.000.000) 01/30 12:26:37 Image size of job updated: 368880
	355  -  MemoryUsage of job (MB)
	362500  -  ResidentSetSize of job (KB)
...
006 (3447449.000.000) 01/30 12:31:38 Image size of job updated: 368992
	355  -  MemoryUsage of job (MB)
	362604  -  ResidentSetSize of job (KB)
...
006 (3447449.000.000) 01/30 12:36:39 Image size of job updated: 369108
	355  -  MemoryUsage of job (MB)
	362716  -  ResidentSetSize of job (KB)
...
006 (3447449.000.000) 01/30 12:41:39 Image size of job updated: 369288
	355  -  MemoryUsage of job (MB)
	362892  -  ResidentSetSize of job (KB)
...
006 (3447449.000.000) 01/30 12:46:40 Image size of job updated: 369392
	355  -  MemoryUsage of job (MB)
	362996  -  ResidentSetSize of job (KB)
...
006 (3447449.000.000) 01/30 12:51:41 Image size of job updated: 369468
	355  -  MemoryUsage of job (MB)
	363072  -  ResidentSetSize of job (KB)
...
006 (3447449.000.000) 01/30 12:56:41 Image size of job updated: 369632
	355  -  MemoryUsage of job (MB)
	363232  -  ResidentSetSize of job (KB)
...
006 (3447449.000.000) 01/30 13:01:41 Image size of job updated: 369744
	355  -  MemoryUsage of job (MB)
	363344  -  ResidentSetSize of job (KB)
...
006 (3447449.000.000) 01/30 13:06:43 Image size of job updated: 369800
	355  -  MemoryUsage of job (MB)
	363400  -  ResidentSetSize of job (KB)
...
006 (3447449.000.000) 01/30 13:11:43 Image size of job updated: 369800
	356  -  MemoryUsage of job (MB)
	363540  -  ResidentSetSize of job (KB)
...
006 (3447449.000.000) 01/30 13:16:43 Image size of job updated: 369800
	356  -  MemoryUsage of job (MB)
	363588  -  ResidentSetSize of job (KB)
...
006 (3447449.000.000) 01/30 13:26:45 Image size of job updated: 369800
	356  -  MemoryUsage of job (MB)
	363728  -  ResidentSetSize of job (KB)
...
006 (3447449.000.000) 01/30 13:31:45 Image size of job updated: 369800
	356  -  MemoryUsage of job (MB)
	363812  -  ResidentSetSize of job (KB)
...
006 (3447449.000.000) 01/30 13:36:46 Image size of job updated: 369800
	356  -  MemoryUsage of job (MB)
	363856  -  ResidentSetSize of job (KB)
...
006 (3447449.000.000) 01/30 13:41:47 Image size of job updated: 369800
	356  -  MemoryUsage of job (MB)
	363992  -  ResidentSetSize of job (KB)
...
006 (3447449.000.000) 01/30 13:46:47 Image size of job updated: 369800
	356  -  MemoryUsage of job (MB)
	364056  -  ResidentSetSize of job (KB)
...
006 (3447449.000.000) 01/30 13:51:47 Image size of job updated: 369800
	356  -  MemoryUsage of job (MB)
	364212  -  ResidentSetSize of job (KB)
...
006 (3447449.000.000) 01/30 13:56:48 Image size of job updated: 369800
	356  -  MemoryUsage of job (MB)
	364312  -  ResidentSetSize of job (KB)
...
006 (3447449.000.000) 01/30 14:01:49 Image size of job updated: 369800
	356  -  MemoryUsage of job (MB)
	364364  -  ResidentSetSize of job (KB)
...
006 (3447449.000.000) 01/30 14:06:49 Image size of job updated: 369800
	356  -  MemoryUsage of job (MB)
	364500  -  ResidentSetSize of job (KB)
...
006 (3447449.000.000) 01/30 14:11:50 Image size of job updated: 369800
	357  -  MemoryUsage of job (MB)
	364592  -  ResidentSetSize of job (KB)
...
006 (3447449.000.000) 01/30 14:16:51 Image size of job updated: 369800
	357  -  MemoryUsage of job (MB)
	364604  -  ResidentSetSize of job (KB)
...
006 (3447449.000.000) 01/30 14:21:51 Image size of job updated: 369800
	357  -  MemoryUsage of job (MB)
	365016  -  ResidentSetSize of job (KB)
...
006 (3447449.000.000) 01/30 14:26:52 Image size of job updated: 383180
	359  -  MemoryUsage of job (MB)
	367260  -  ResidentSetSize of job (KB)
...
006 (3447449.000.000) 01/30 14:31:53 Image size of job updated: 383224
	359  -  MemoryUsage of job (MB)
	367304  -  ResidentSetSize of job (KB)
...
006 (3447449.000.000) 01/30 14:36:53 Image size of job updated: 383256
	359  -  MemoryUsage of job (MB)
	367336  -  ResidentSetSize of job (KB)
...
006 (3447449.000.000) 01/30 14:41:53 Image size of job updated: 383336
	359  -  MemoryUsage of job (MB)
	367416  -  ResidentSetSize of job (KB)
...
006 (3447449.000.000) 01/30 14:46:54 Image size of job updated: 383372
	359  -  MemoryUsage of job (MB)
	367452  -  ResidentSetSize of job (KB)
...
006 (3447449.000.000) 01/30 14:51:54 Image size of job updated: 383428
	359  -  MemoryUsage of job (MB)
	367508  -  ResidentSetSize of job (KB)
...
006 (3447449.000.000) 01/30 14:56:54 Image size of job updated: 383472
	359  -  MemoryUsage of job (MB)
	367552  -  ResidentSetSize of job (KB)
...
006 (3447449.000.000) 01/30 15:01:55 Image size of job updated: 383520
	359  -  MemoryUsage of job (MB)
	367600  -  ResidentSetSize of job (KB)
...
006 (3447449.000.000) 01/30 15:06:56 Image size of job updated: 383568
	360  -  MemoryUsage of job (MB)
	367648  -  ResidentSetSize of job (KB)
...
006 (3447449.000.000) 01/30 15:11:56 Image size of job updated: 383656
	360  -  MemoryUsage of job (MB)
	367736  -  ResidentSetSize of job (KB)
...
006 (3447449.000.000) 01/30 15:16:57 Image size of job updated: 383760
	360  -  MemoryUsage of job (MB)
	367840  -  ResidentSetSize of job (KB)
...
006 (3447449.000.000) 01/30 15:21:58 Image size of job updated: 383792
	360  -  MemoryUsage of job (MB)
	367872  -  ResidentSetSize of job (KB)
...
006 (3447449.000.000) 01/30 15:26:58 Image size of job updated: 383864
	360  -  MemoryUsage of job (MB)
	367944  -  ResidentSetSize of job (KB)
...
006 (3447449.000.000) 01/30 15:31:58 Image size of job updated: 383920
	360  -  MemoryUsage of job (MB)
	367944  -  ResidentSetSize of job (KB)
...
006 (3447449.000.000) 01/30 15:36:59 Image size of job updated: 383960
	360  -  MemoryUsage of job (MB)
	367944  -  ResidentSetSize of job (KB)
...
006 (3447449.000.000) 01/30 15:41:59 Image size of job updated: 384032
	360  -  MemoryUsage of job (MB)
	367944  -  ResidentSetSize of job (KB)
...
006 (3447449.000.000) 01/30 15:46:59 Image size of job updated: 384072
	360  -  MemoryUsage of job (MB)
	367944  -  ResidentSetSize of job (KB)
...
006 (3447449.000.000) 01/30 15:52:00 Image size of job updated: 384224
	360  -  MemoryUsage of job (MB)
	368064  -  ResidentSetSize of job (KB)
...
006 (3447449.000.000) 01/30 15:57:01 Image size of job updated: 384312
	360  -  MemoryUsage of job (MB)
	368076  -  ResidentSetSize of job (KB)
...
006 (3447449.000.000) 01/30 16:02:01 Image size of job updated: 384368
	360  -  MemoryUsage of job (MB)
	368076  -  ResidentSetSize of job (KB)
...
006 (3447449.000.000) 01/30 16:07:02 Image size of job updated: 384404
	360  -  MemoryUsage of job (MB)
	368076  -  ResidentSetSize of job (KB)
...
006 (3447449.000.000) 01/30 16:12:03 Image size of job updated: 384504
	360  -  MemoryUsage of job (MB)
	368164  -  ResidentSetSize of job (KB)
...
006 (3447449.000.000) 01/30 16:17:03 Image size of job updated: 384568
	360  -  MemoryUsage of job (MB)
	368228  -  ResidentSetSize of job (KB)
...
006 (3447449.000.000) 01/30 16:27:05 Image size of job updated: 384624
	360  -  MemoryUsage of job (MB)
	368284  -  ResidentSetSize of job (KB)
...
006 (3447449.000.000) 01/30 16:32:05 Image size of job updated: 384740
	360  -  MemoryUsage of job (MB)
	368284  -  ResidentSetSize of job (KB)
...
006 (3447449.000.000) 01/30 16:37:05 Image size of job updated: 384772
	360  -  MemoryUsage of job (MB)
	368284  -  ResidentSetSize of job (KB)
...
006 (3447449.000.000) 01/30 18:17:17 Image size of job updated: 384772
	360  -  MemoryUsage of job (MB)
	368324  -  ResidentSetSize of job (KB)
...
006 (3447449.000.000) 01/30 18:22:18 Image size of job updated: 384772
	360  -  MemoryUsage of job (MB)
	368328  -  ResidentSetSize of job (KB)
...
006 (3447449.000.000) 01/30 18:27:18 Image size of job updated: 384772
	360  -  MemoryUsage of job (MB)
	368384  -  ResidentSetSize of job (KB)
...
006 (3447449.000.000) 01/30 18:32:18 Image size of job updated: 384772
	360  -  MemoryUsage of job (MB)
	368452  -  ResidentSetSize of job (KB)
...
006 (3447449.000.000) 01/30 18:37:19 Image size of job updated: 384772
	360  -  MemoryUsage of job (MB)
	368532  -  ResidentSetSize of job (KB)
...
006 (3447449.000.000) 01/30 18:42:19 Image size of job updated: 384772
	360  -  MemoryUsage of job (MB)
	368572  -  ResidentSetSize of job (KB)
...
006 (3447449.000.000) 01/30 18:47:19 Image size of job updated: 384772
	360  -  MemoryUsage of job (MB)
	368608  -  ResidentSetSize of job (KB)
...
006 (3447449.000.000) 01/30 18:52:20 Image size of job updated: 384772
	361  -  MemoryUsage of job (MB)
	368664  -  ResidentSetSize of job (KB)
...
006 (3447449.000.000) 01/30 18:57:20 Image size of job updated: 384772
	361  -  MemoryUsage of job (MB)
	368716  -  ResidentSetSize of job (KB)
...
006 (3447449.000.000) 01/30 19:02:20 Image size of job updated: 384772
	361  -  MemoryUsage of job (MB)
	368796  -  ResidentSetSize of job (KB)
...
006 (3447449.000.000) 01/30 19:07:22 Image size of job updated: 384772
	361  -  MemoryUsage of job (MB)
	368840  -  ResidentSetSize of job (KB)
...
006 (3447449.000.000) 01/30 19:12:22 Image size of job updated: 384772
	361  -  MemoryUsage of job (MB)
	368916  -  ResidentSetSize of job (KB)
...
006 (3447449.000.000) 01/30 19:17:22 Image size of job updated: 384772
	361  -  MemoryUsage of job (MB)
	368960  -  ResidentSetSize of job (KB)
...
006 (3447449.000.000) 01/30 19:22:24 Image size of job updated: 384772
	361  -  MemoryUsage of job (MB)
	368992  -  ResidentSetSize of job (KB)
...
006 (3447449.000.000) 01/30 19:27:24 Image size of job updated: 384772
	361  -  MemoryUsage of job (MB)
	369052  -  ResidentSetSize of job (KB)
...
006 (3447449.000.000) 01/30 19:32:24 Image size of job updated: 384772
	361  -  MemoryUsage of job (MB)
	369136  -  ResidentSetSize of job (KB)
...
006 (3447449.000.000) 01/30 19:37:25 Image size of job updated: 384772
	361  -  MemoryUsage of job (MB)
	369192  -  ResidentSetSize of job (KB)
...
006 (3447449.000.000) 01/30 19:42:26 Image size of job updated: 384772
	361  -  MemoryUsage of job (MB)
	369248  -  ResidentSetSize of job (KB)
...
006 (3447449.000.000) 01/30 19:47:26 Image size of job updated: 384772
	361  -  MemoryUsage of job (MB)
	369344  -  ResidentSetSize of job (KB)
...
006 (3447449.000.000) 01/30 19:52:27 Image size of job updated: 384772
	361  -  MemoryUsage of job (MB)
	369420  -  ResidentSetSize of job (KB)
...
006 (3447449.000.000) 01/30 19:57:28 Image size of job updated: 384772
	361  -  MemoryUsage of job (MB)
	369448  -  ResidentSetSize of job (KB)
...
006 (3447449.000.000) 01/30 20:02:28 Image size of job updated: 384772
	361  -  MemoryUsage of job (MB)
	369516  -  ResidentSetSize of job (KB)
...
006 (3447449.000.000) 01/30 20:07:29 Image size of job updated: 384772
	361  -  MemoryUsage of job (MB)
	369636  -  ResidentSetSize of job (KB)
...
006 (3447449.000.000) 01/30 20:12:30 Image size of job updated: 384772
	361  -  MemoryUsage of job (MB)
	369644  -  ResidentSetSize of job (KB)
...
006 (3447449.000.000) 01/30 20:17:30 Image size of job updated: 384772
	362  -  MemoryUsage of job (MB)
	369720  -  ResidentSetSize of job (KB)
...
006 (3447449.000.000) 01/30 20:22:30 Image size of job updated: 384772
	362  -  MemoryUsage of job (MB)
	369732  -  ResidentSetSize of job (KB)
...
006 (3447449.000.000) 01/30 20:27:31 Image size of job updated: 384772
	362  -  MemoryUsage of job (MB)
	369896  -  ResidentSetSize of job (KB)
...
006 (3447449.000.000) 01/30 20:32:31 Image size of job updated: 384772
	362  -  MemoryUsage of job (MB)
	370140  -  ResidentSetSize of job (KB)
...
006 (3447449.000.000) 01/30 20:42:32 Image size of job updated: 384772
	363  -  MemoryUsage of job (MB)
	370700  -  ResidentSetSize of job (KB)
...
006 (3447449.000.000) 01/30 20:47:33 Image size of job updated: 384772
	363  -  MemoryUsage of job (MB)
	370892  -  ResidentSetSize of job (KB)
...
006 (3447449.000.000) 01/30 20:57:34 Image size of job updated: 384772
	363  -  MemoryUsage of job (MB)
	371100  -  ResidentSetSize of job (KB)
...
006 (3447449.000.000) 01/30 21:02:35 Image size of job updated: 384772
	363  -  MemoryUsage of job (MB)
	371180  -  ResidentSetSize of job (KB)
...
006 (3447449.000.000) 01/30 21:07:35 Image size of job updated: 384772
	363  -  MemoryUsage of job (MB)
	371288  -  ResidentSetSize of job (KB)
...
006 (3447449.000.000) 01/30 21:12:36 Image size of job updated: 384772
	363  -  MemoryUsage of job (MB)
	371432  -  ResidentSetSize of job (KB)
...
006 (3447449.000.000) 01/30 21:17:37 Image size of job updated: 384772
	363  -  MemoryUsage of job (MB)
	371504  -  ResidentSetSize of job (KB)
...
006 (3447449.000.000) 01/30 21:27:38 Image size of job updated: 384772
	363  -  MemoryUsage of job (MB)
	371556  -  ResidentSetSize of job (KB)
...
006 (3447449.000.000) 01/30 22:17:42 Image size of job updated: 384772
	363  -  MemoryUsage of job (MB)
	371624  -  ResidentSetSize of job (KB)
...
006 (3447449.000.000) 01/30 22:32:43 Image size of job updated: 384772
	364  -  MemoryUsage of job (MB)
	371716  -  ResidentSetSize of job (KB)
...
006 (3447449.000.000) 01/31 04:03:17 Image size of job updated: 384772
	364  -  MemoryUsage of job (MB)
	371796  -  ResidentSetSize of job (KB)
...
006 (3447449.000.000) 01/31 04:08:18 Image size of job updated: 384772
	364  -  MemoryUsage of job (MB)
	371828  -  ResidentSetSize of job (KB)
...
006 (3447449.000.000) 01/31 04:13:18 Image size of job updated: 384772
	364  -  MemoryUsage of job (MB)
	371836  -  ResidentSetSize of job (KB)
...
006 (3447449.000.000) 01/31 04:18:18 Image size of job updated: 384772
	364  -  MemoryUsage of job (MB)
	371860  -  ResidentSetSize of job (KB)
...
006 (3447449.000.000) 01/31 04:23:19 Image size of job updated: 384772
	364  -  MemoryUsage of job (MB)
	371876  -  ResidentSetSize of job (KB)
...
006 (3447449.000.000) 01/31 04:28:20 Image size of job updated: 384772
	364  -  MemoryUsage of job (MB)
	371920  -  ResidentSetSize of job (KB)
...
006 (3447449.000.000) 01/31 04:33:20 Image size of job updated: 384772
	364  -  MemoryUsage of job (MB)
	371928  -  ResidentSetSize of job (KB)
...
006 (3447449.000.000) 01/31 04:38:21 Image size of job updated: 384772
	364  -  MemoryUsage of job (MB)
	371932  -  ResidentSetSize of job (KB)
...
006 (3447449.000.000) 01/31 04:48:22 Image size of job updated: 384772
	364  -  MemoryUsage of job (MB)
	371936  -  ResidentSetSize of job (KB)
...
006 (3447449.000.000) 01/31 04:53:22 Image size of job updated: 384772
	364  -  MemoryUsage of job (MB)
	371960  -  ResidentSetSize of job (KB)
...
006 (3447449.000.000) 01/31 05:03:24 Image size of job updated: 384772
	364  -  MemoryUsage of job (MB)
	371972  -  ResidentSetSize of job (KB)
...
006 (3447449.000.000) 01/31 05:08:24 Image size of job updated: 384772
	364  -  MemoryUsage of job (MB)
	371988  -  ResidentSetSize of job (KB)
...
006 (3447449.000.000) 01/31 05:18:26 Image size of job updated: 384772
	364  -  MemoryUsage of job (MB)
	372008  -  ResidentSetSize of job (KB)
...
006 (3447449.000.000) 01/31 05:33:27 Image size of job updated: 384772
	364  -  MemoryUsage of job (MB)
	372020  -  ResidentSetSize of job (KB)
...
006 (3447449.000.000) 01/31 05:38:28 Image size of job updated: 384772
	364  -  MemoryUsage of job (MB)
	372136  -  ResidentSetSize of job (KB)
...
006 (3447449.000.000) 01/31 05:43:28 Image size of job updated: 384772
	364  -  MemoryUsage of job (MB)
	372140  -  ResidentSetSize of job (KB)
...
006 (3447449.000.000) 01/31 05:48:29 Image size of job updated: 384772
	364  -  MemoryUsage of job (MB)
	372164  -  ResidentSetSize of job (KB)
...
006 (3447449.000.000) 01/31 05:53:30 Image size of job updated: 384772
	364  -  MemoryUsage of job (MB)
	372172  -  ResidentSetSize of job (KB)
...
006 (3447449.000.000) 01/31 05:58:30 Image size of job updated: 384772
	364  -  MemoryUsage of job (MB)
	372212  -  ResidentSetSize of job (KB)
...
006 (3447449.000.000) 01/31 06:03:30 Image size of job updated: 384772
	364  -  MemoryUsage of job (MB)
	372220  -  ResidentSetSize of job (KB)
...
006 (3447449.000.000) 01/31 06:08:31 Image size of job updated: 384772
	364  -  MemoryUsage of job (MB)
	372248  -  ResidentSetSize of job (KB)
...
006 (3447449.000.000) 01/31 06:13:31 Image size of job updated: 384772
	364  -  MemoryUsage of job (MB)
	372264  -  ResidentSetSize of job (KB)
...
006 (3447449.000.000) 01/31 06:18:31 Image size of job updated: 384772
	364  -  MemoryUsage of job (MB)
	372272  -  ResidentSetSize of job (KB)
...
006 (3447449.000.000) 01/31 06:23:32 Image size of job updated: 384772
	364  -  MemoryUsage of job (MB)
	372280  -  ResidentSetSize of job (KB)
...
006 (3447449.000.000) 01/31 06:28:33 Image size of job updated: 384772
	364  -  MemoryUsage of job (MB)
	372352  -  ResidentSetSize of job (KB)
...
006 (3447449.000.000) 01/31 06:33:33 Image size of job updated: 384772
	364  -  MemoryUsage of job (MB)
	372396  -  ResidentSetSize of job (KB)
...
006 (3447449.000.000) 01/31 06:38:34 Image size of job updated: 384772
	364  -  MemoryUsage of job (MB)
	372476  -  ResidentSetSize of job (KB)
...
006 (3447449.000.000) 01/31 06:43:35 Image size of job updated: 384772
	364  -  MemoryUsage of job (MB)
	372480  -  ResidentSetSize of job (KB)
...
006 (3447449.000.000) 01/31 06:53:35 Image size of job updated: 384772
	364  -  MemoryUsage of job (MB)
	372492  -  ResidentSetSize of job (KB)
...
006 (3447449.000.000) 01/31 06:58:37 Image size of job updated: 384772
	364  -  MemoryUsage of job (MB)
	372524  -  ResidentSetSize of job (KB)
...
006 (3447449.000.000) 01/31 07:03:37 Image size of job updated: 384772
	364  -  MemoryUsage of job (MB)
	372532  -  ResidentSetSize of job (KB)
...
006 (3447449.000.000) 01/31 07:38:41 Image size of job updated: 384772
	364  -  MemoryUsage of job (MB)
	372536  -  ResidentSetSize of job (KB)
...
006 (3447449.000.000) 01/31 07:43:41 Image size of job updated: 384772
	364  -  MemoryUsage of job (MB)
	372560  -  ResidentSetSize of job (KB)
...
006 (3447449.000.000) 01/31 07:48:42 Image size of job updated: 384772
	364  -  MemoryUsage of job (MB)
	372628  -  ResidentSetSize of job (KB)
...
006 (3447449.000.000) 01/31 08:08:44 Image size of job updated: 384772
	364  -  MemoryUsage of job (MB)
	372632  -  ResidentSetSize of job (KB)
...
006 (3447449.000.000) 01/31 08:18:45 Image size of job updated: 384772
	364  -  MemoryUsage of job (MB)
	372672  -  ResidentSetSize of job (KB)
...
006 (3447449.000.000) 01/31 08:28:46 Image size of job updated: 384772
	364  -  MemoryUsage of job (MB)
	372684  -  ResidentSetSize of job (KB)
...
006 (3447449.000.000) 01/31 08:33:47 Image size of job updated: 384772
	364  -  MemoryUsage of job (MB)
	372700  -  ResidentSetSize of job (KB)
...
006 (3447449.000.000) 01/31 08:38:48 Image size of job updated: 384772
	365  -  MemoryUsage of job (MB)
	372744  -  ResidentSetSize of job (KB)
...
006 (3447449.000.000) 01/31 08:43:48 Image size of job updated: 384772
	365  -  MemoryUsage of job (MB)
	372748  -  ResidentSetSize of job (KB)
...
006 (3447449.000.000) 01/31 08:48:48 Image size of job updated: 384772
	365  -  MemoryUsage of job (MB)
	372780  -  ResidentSetSize of job (KB)
...
006 (3447449.000.000) 01/31 08:53:49 Image size of job updated: 384772
	365  -  MemoryUsage of job (MB)
	372784  -  ResidentSetSize of job (KB)
...
006 (3447449.000.000) 01/31 08:58:49 Image size of job updated: 384772
	365  -  MemoryUsage of job (MB)
	372792  -  ResidentSetSize of job (KB)
...
006 (3447449.000.000) 01/31 09:03:49 Image size of job updated: 384772
	365  -  MemoryUsage of job (MB)
	372828  -  ResidentSetSize of job (KB)
...
006 (3447449.000.000) 01/31 09:08:50 Image size of job updated: 384772
	365  -  MemoryUsage of job (MB)
	372832  -  ResidentSetSize of job (KB)
...
006 (3447449.000.000) 01/31 09:13:51 Image size of job updated: 384772
	365  -  MemoryUsage of job (MB)
	372856  -  ResidentSetSize of job (KB)
...
006 (3447449.000.000) 01/31 09:23:52 Image size of job updated: 384772
	365  -  MemoryUsage of job (MB)
	372892  -  ResidentSetSize of job (KB)
...
006 (3447449.000.000) 01/31 09:28:53 Image size of job updated: 384772
	365  -  MemoryUsage of job (MB)
	372900  -  ResidentSetSize of job (KB)
...
006 (3447449.000.000) 01/31 09:38:53 Image size of job updated: 384772
	365  -  MemoryUsage of job (MB)
	372928  -  ResidentSetSize of job (KB)
...
006 (3447449.000.000) 01/31 09:43:54 Image size of job updated: 384772
	365  -  MemoryUsage of job (MB)
	372940  -  ResidentSetSize of job (KB)
...
006 (3447449.000.000) 01/31 09:48:54 Image size of job updated: 384772
	365  -  MemoryUsage of job (MB)
	372964  -  ResidentSetSize of job (KB)
...
006 (3447449.000.000) 01/31 09:53:54 Image size of job updated: 384772
	365  -  MemoryUsage of job (MB)
	372996  -  ResidentSetSize of job (KB)
...
006 (3447449.000.000) 01/31 10:03:56 Image size of job updated: 384772
	365  -  MemoryUsage of job (MB)
	373004  -  ResidentSetSize of job (KB)
...
006 (3447449.000.000) 01/31 10:08:56 Image size of job updated: 384772
	365  -  MemoryUsage of job (MB)
	373028  -  ResidentSetSize of job (KB)
...
006 (3447449.000.000) 01/31 10:13:57 Image size of job updated: 384772
	365  -  MemoryUsage of job (MB)
	373056  -  ResidentSetSize of job (KB)
...
006 (3447449.000.000) 01/31 10:18:58 Image size of job updated: 384772
	365  -  MemoryUsage of job (MB)
	373080  -  ResidentSetSize of job (KB)
...
006 (3447449.000.000) 01/31 10:28:58 Image size of job updated: 384772
	365  -  MemoryUsage of job (MB)
	373092  -  ResidentSetSize of job (KB)
...
006 (3447449.000.000) 01/31 10:33:59 Image size of job updated: 384772
	365  -  MemoryUsage of job (MB)
	373120  -  ResidentSetSize of job (KB)
...
006 (3447449.000.000) 01/31 10:43:59 Image size of job updated: 384772
	365  -  MemoryUsage of job (MB)
	373152  -  ResidentSetSize of job (KB)
...
006 (3447449.000.000) 01/31 10:49:00 Image size of job updated: 384772
	365  -  MemoryUsage of job (MB)
	373156  -  ResidentSetSize of job (KB)
...
006 (3447449.000.000) 01/31 10:54:01 Image size of job updated: 384772
	365  -  MemoryUsage of job (MB)
	373188  -  ResidentSetSize of job (KB)
...
006 (3447449.000.000) 01/31 11:04:02 Image size of job updated: 384772
	365  -  MemoryUsage of job (MB)
	373208  -  ResidentSetSize of job (KB)
...
006 (3447449.000.000) 01/31 11:09:03 Image size of job updated: 384772
	365  -  MemoryUsage of job (MB)
	373224  -  ResidentSetSize of job (KB)
...
006 (3447449.000.000) 01/31 11:14:03 Image size of job updated: 384772
	365  -  MemoryUsage of job (MB)
	373252  -  ResidentSetSize of job (KB)
...
006 (3447449.000.000) 01/31 11:24:04 Image size of job updated: 384772
	365  -  MemoryUsage of job (MB)
	373272  -  ResidentSetSize of job (KB)
...
006 (3447449.000.000) 01/31 11:29:04 Image size of job updated: 384772
	365  -  MemoryUsage of job (MB)
	373292  -  ResidentSetSize of job (KB)
...
006 (3447449.000.000) 01/31 11:34:04 Image size of job updated: 384772
	365  -  MemoryUsage of job (MB)
	373340  -  ResidentSetSize of job (KB)
...
006 (3447449.000.000) 01/31 11:49:06 Image size of job updated: 384772
	365  -  MemoryUsage of job (MB)
	373360  -  ResidentSetSize of job (KB)
...
006 (3447449.000.000) 01/31 11:54:07 Image size of job updated: 384772
	365  -  MemoryUsage of job (MB)
	373368  -  ResidentSetSize of job (KB)
...
006 (3447449.000.000) 01/31 11:59:08 Image size of job updated: 384772
	365  -  MemoryUsage of job (MB)
	373384  -  ResidentSetSize of job (KB)
...
006 (3447449.000.000) 01/31 12:04:08 Image size of job updated: 384772
	365  -  MemoryUsage of job (MB)
	373392  -  ResidentSetSize of job (KB)
...
006 (3447449.000.000) 01/31 12:09:08 Image size of job updated: 384772
	365  -  MemoryUsage of job (MB)
	373424  -  ResidentSetSize of job (KB)
...
006 (3447449.000.000) 01/31 12:19:09 Image size of job updated: 384772
	365  -  MemoryUsage of job (MB)
	373488  -  ResidentSetSize of job (KB)
...
006 (3447449.000.000) 01/31 12:24:09 Image size of job updated: 384772
	365  -  MemoryUsage of job (MB)
	373492  -  ResidentSetSize of job (KB)
...
006 (3447449.000.000) 01/31 12:29:10 Image size of job updated: 384772
	365  -  MemoryUsage of job (MB)
	373584  -  ResidentSetSize of job (KB)
...
006 (3447449.000.000) 01/31 12:34:11 Image size of job updated: 384772
	365  -  MemoryUsage of job (MB)
	373640  -  ResidentSetSize of job (KB)
...
006 (3447449.000.000) 01/31 12:39:11 Image size of job updated: 384772
	365  -  MemoryUsage of job (MB)
	373680  -  ResidentSetSize of job (KB)
...
006 (3447449.000.000) 01/31 12:44:12 Image size of job updated: 384772
	365  -  MemoryUsage of job (MB)
	373748  -  ResidentSetSize of job (KB)
...
006 (3447449.000.000) 01/31 12:54:13 Image size of job updated: 384772
	366  -  MemoryUsage of job (MB)
	373768  -  ResidentSetSize of job (KB)
...
006 (3447449.000.000) 01/31 12:59:13 Image size of job updated: 384772
	366  -  MemoryUsage of job (MB)
	373780  -  ResidentSetSize of job (KB)
...
006 (3447449.000.000) 01/31 13:04:14 Image size of job updated: 384772
	366  -  MemoryUsage of job (MB)
	373784  -  ResidentSetSize of job (KB)
...
006 (3447449.000.000) 01/31 13:49:19 Image size of job updated: 384772
	366  -  MemoryUsage of job (MB)
	373796  -  ResidentSetSize of job (KB)
...
006 (3447449.000.000) 01/31 13:54:20 Image size of job updated: 384772
	366  -  MemoryUsage of job (MB)
	373820  -  ResidentSetSize of job (KB)
...
006 (3447449.000.000) 01/31 13:59:20 Image size of job updated: 384772
	366  -  MemoryUsage of job (MB)
	373832  -  ResidentSetSize of job (KB)
...
006 (3447449.000.000) 01/31 14:19:21 Image size of job updated: 384772
	366  -  MemoryUsage of job (MB)
	373840  -  ResidentSetSize of job (KB)
...
006 (3447449.000.000) 01/31 14:24:22 Image size of job updated: 384772
	366  -  MemoryUsage of job (MB)
	373868  -  ResidentSetSize of job (KB)
...
006 (3447449.000.000) 01/31 14:29:22 Image size of job updated: 384772
	366  -  MemoryUsage of job (MB)
	373908  -  ResidentSetSize of job (KB)
...
006 (3447449.000.000) 01/31 14:34:22 Image size of job updated: 384772
	366  -  MemoryUsage of job (MB)
	373936  -  ResidentSetSize of job (KB)
...
006 (3447449.000.000) 01/31 14:44:24 Image size of job updated: 384772
	366  -  MemoryUsage of job (MB)
	373968  -  ResidentSetSize of job (KB)
...
006 (3447449.000.000) 01/31 15:19:27 Image size of job updated: 384772
	366  -  MemoryUsage of job (MB)
	373996  -  ResidentSetSize of job (KB)
...
006 (3447449.000.000) 01/31 15:24:27 Image size of job updated: 384772
	366  -  MemoryUsage of job (MB)
	374068  -  ResidentSetSize of job (KB)
...
007 (3447449.000.000) 02/01 04:21:05 Shadow exception!
	Assertion ERROR on (result)
	0  -  Run Bytes Sent By Job
	493  -  Run Bytes Received By Job
...
040 (3447449.000.000) 02/01 07:54:34 Started transferring input files
	Transferring to host: <128.142.126.83:9618?addrs=128.142.126.83-9618+[2001-1458-301-c3--100-281]-9618&noUDP&sock=2360_9559_24762>
...
040 (3447449.000.000) 02/01 07:54:34 Finished transferring input files
...
001 (3447449.000.000) 02/01 07:54:35 Job executing on host: <128.142.126.83:9618?addrs=128.142.126.83-9618+[2001-1458-301-c3--100-281]-9618&noUDP&sock=1806_5821_3>
...
040 (3447449.000.000) 02/01 07:55:54 Started transferring output files
...
040 (3447449.000.000) 02/01 07:55:54 Finished transferring output files
...
005 (3447449.000.000) 02/01 07:55:54 Job terminated.
	(1) Normal termination (return value 0)
		Usr 0 00:00:07, Sys 0 00:00:06  -  Run Remote Usage
		Usr 0 00:00:00, Sys 0 00:00:00  -  Run Local Usage
		Usr 0 00:00:07, Sys 0 00:00:06  -  Total Remote Usage
		Usr 0 00:00:00, Sys 0 00:00:00  -  Total Local Usage
	9715  -  Run Bytes Sent By Job
	493  -  Run Bytes Received By Job
	9715  -  Total Bytes Sent By Job
	986  -  Total Bytes Received By Job
	Partitionable Resources :    Usage  Request Allocated 
	   Cpus                 :                 1           
	   Disk (KB)            :       24       40   2135638 
	   Memory (MB)          :      367     2000      2000 
...
