000 (3444394.009.000) 01/29 18:50:25 Job submitted from host: <188.185.71.142:9618?addrs=188.185.71.142-9618+[2001-1458-d00-7--100-388]-9618&alias=bigbird09.cern.ch&noUDP&sock=schedd_2208_1533_7>
...
022 (3444394.009.000) 01/29 21:45:56 Job disconnected, attempting to reconnect
    Socket between submit and execute hosts closed unexpectedly
    Trying to reconnect to slot1_1@b7g42n0501.cern.ch <188.184.190.243:9618?addrs=188.184.190.243-9618+[2001-1458-301-4b--100-d7]-9618&noUDP&sock=5626_8be9_3>
...
024 (3444394.009.000) 01/29 21:45:56 Job reconnection failed
    Job not found at execution machine
    Can not reconnect to slot1_1@b7g42n0501.cern.ch, rescheduling job
...
040 (3444394.009.000) 01/30 04:11:35 Started transferring input files
	Transferring to host: <188.184.211.167:9618?addrs=188.184.211.167-9618+[2001-1458-301-10b--100-19d]-9618&noUDP&sock=3996_4b1c_39025>
...
040 (3444394.009.000) 01/30 04:11:35 Finished transferring input files
...
001 (3444394.009.000) 01/30 04:11:36 Job executing on host: <188.184.211.167:9618?addrs=188.184.211.167-9618+[2001-1458-301-10b--100-19d]-9618&noUDP&sock=3232_762e_3>
...
006 (3444394.009.000) 01/30 04:11:45 Image size of job updated: 5228
	4  -  MemoryUsage of job (MB)
	4032  -  ResidentSetSize of job (KB)
...
006 (3444394.009.000) 01/30 04:16:46 Image size of job updated: 438284
	355  -  MemoryUsage of job (MB)
	363500  -  ResidentSetSize of job (KB)
...
006 (3444394.009.000) 01/30 04:51:51 Image size of job updated: 438288
	355  -  MemoryUsage of job (MB)
	363504  -  ResidentSetSize of job (KB)
...
006 (3444394.009.000) 01/30 05:16:54 Image size of job updated: 438292
	355  -  MemoryUsage of job (MB)
	363508  -  ResidentSetSize of job (KB)
...
006 (3444394.009.000) 01/30 05:21:55 Image size of job updated: 438320
	356  -  MemoryUsage of job (MB)
	363536  -  ResidentSetSize of job (KB)
...
006 (3444394.009.000) 01/30 09:07:19 Image size of job updated: 438320
	356  -  MemoryUsage of job (MB)
	363644  -  ResidentSetSize of job (KB)
...
006 (3444394.009.000) 01/30 09:37:22 Image size of job updated: 438320
	356  -  MemoryUsage of job (MB)
	363700  -  ResidentSetSize of job (KB)
...
006 (3444394.009.000) 01/30 09:42:22 Image size of job updated: 438320
	356  -  MemoryUsage of job (MB)
	363752  -  ResidentSetSize of job (KB)
...
006 (3444394.009.000) 01/30 09:47:22 Image size of job updated: 438320
	356  -  MemoryUsage of job (MB)
	363796  -  ResidentSetSize of job (KB)
...
006 (3444394.009.000) 01/30 10:07:25 Image size of job updated: 438320
	356  -  MemoryUsage of job (MB)
	363824  -  ResidentSetSize of job (KB)
...
006 (3444394.009.000) 01/30 10:12:26 Image size of job updated: 438320
	356  -  MemoryUsage of job (MB)
	363860  -  ResidentSetSize of job (KB)
...
006 (3444394.009.000) 01/30 10:17:26 Image size of job updated: 438320
	356  -  MemoryUsage of job (MB)
	363896  -  ResidentSetSize of job (KB)
...
006 (3444394.009.000) 01/30 10:22:27 Image size of job updated: 438320
	356  -  MemoryUsage of job (MB)
	364048  -  ResidentSetSize of job (KB)
...
006 (3444394.009.000) 01/30 10:27:28 Image size of job updated: 438320
	356  -  MemoryUsage of job (MB)
	364068  -  ResidentSetSize of job (KB)
...
006 (3444394.009.000) 01/30 10:32:28 Image size of job updated: 438320
	356  -  MemoryUsage of job (MB)
	364176  -  ResidentSetSize of job (KB)
...
006 (3444394.009.000) 01/30 10:37:29 Image size of job updated: 438320
	356  -  MemoryUsage of job (MB)
	364212  -  ResidentSetSize of job (KB)
...
006 (3444394.009.000) 01/30 10:42:30 Image size of job updated: 438320
	356  -  MemoryUsage of job (MB)
	364280  -  ResidentSetSize of job (KB)
...
006 (3444394.009.000) 01/30 10:47:30 Image size of job updated: 438320
	356  -  MemoryUsage of job (MB)
	364348  -  ResidentSetSize of job (KB)
...
006 (3444394.009.000) 01/30 10:52:30 Image size of job updated: 438320
	356  -  MemoryUsage of job (MB)
	364352  -  ResidentSetSize of job (KB)
...
006 (3444394.009.000) 01/30 10:57:31 Image size of job updated: 438320
	356  -  MemoryUsage of job (MB)
	364512  -  ResidentSetSize of job (KB)
...
006 (3444394.009.000) 01/30 11:02:31 Image size of job updated: 438320
	357  -  MemoryUsage of job (MB)
	364624  -  ResidentSetSize of job (KB)
...
006 (3444394.009.000) 01/30 11:07:31 Image size of job updated: 438320
	357  -  MemoryUsage of job (MB)
	364636  -  ResidentSetSize of job (KB)
...
006 (3444394.009.000) 01/30 11:12:32 Image size of job updated: 438320
	357  -  MemoryUsage of job (MB)
	364780  -  ResidentSetSize of job (KB)
...
006 (3444394.009.000) 01/30 11:17:32 Image size of job updated: 438320
	357  -  MemoryUsage of job (MB)
	364832  -  ResidentSetSize of job (KB)
...
006 (3444394.009.000) 01/30 11:22:32 Image size of job updated: 438320
	357  -  MemoryUsage of job (MB)
	364944  -  ResidentSetSize of job (KB)
...
006 (3444394.009.000) 01/30 11:27:34 Image size of job updated: 438320
	357  -  MemoryUsage of job (MB)
	364980  -  ResidentSetSize of job (KB)
...
006 (3444394.009.000) 01/30 11:32:34 Image size of job updated: 438324
	357  -  MemoryUsage of job (MB)
	365000  -  ResidentSetSize of job (KB)
...
006 (3444394.009.000) 01/30 11:37:34 Image size of job updated: 438400
	357  -  MemoryUsage of job (MB)
	365076  -  ResidentSetSize of job (KB)
...
006 (3444394.009.000) 01/30 11:47:36 Image size of job updated: 438516
	357  -  MemoryUsage of job (MB)
	365192  -  ResidentSetSize of job (KB)
...
006 (3444394.009.000) 01/30 11:52:36 Image size of job updated: 438520
	357  -  MemoryUsage of job (MB)
	365196  -  ResidentSetSize of job (KB)
...
006 (3444394.009.000) 01/30 11:57:37 Image size of job updated: 438656
	357  -  MemoryUsage of job (MB)
	365332  -  ResidentSetSize of job (KB)
...
006 (3444394.009.000) 01/30 12:02:38 Image size of job updated: 438724
	357  -  MemoryUsage of job (MB)
	365400  -  ResidentSetSize of job (KB)
...
006 (3444394.009.000) 01/30 12:07:38 Image size of job updated: 438780
	357  -  MemoryUsage of job (MB)
	365456  -  ResidentSetSize of job (KB)
...
006 (3444394.009.000) 01/30 12:12:38 Image size of job updated: 438824
	357  -  MemoryUsage of job (MB)
	365500  -  ResidentSetSize of job (KB)
...
006 (3444394.009.000) 01/30 12:17:39 Image size of job updated: 438984
	358  -  MemoryUsage of job (MB)
	365660  -  ResidentSetSize of job (KB)
...
006 (3444394.009.000) 01/30 12:22:39 Image size of job updated: 439200
	358  -  MemoryUsage of job (MB)
	365876  -  ResidentSetSize of job (KB)
...
006 (3444394.009.000) 01/30 12:37:41 Image size of job updated: 439240
	358  -  MemoryUsage of job (MB)
	365916  -  ResidentSetSize of job (KB)
...
006 (3444394.009.000) 01/30 12:42:41 Image size of job updated: 439352
	358  -  MemoryUsage of job (MB)
	366028  -  ResidentSetSize of job (KB)
...
006 (3444394.009.000) 01/30 12:47:42 Image size of job updated: 439476
	358  -  MemoryUsage of job (MB)
	366152  -  ResidentSetSize of job (KB)
...
006 (3444394.009.000) 01/30 12:52:43 Image size of job updated: 439556
	358  -  MemoryUsage of job (MB)
	366232  -  ResidentSetSize of job (KB)
...
006 (3444394.009.000) 01/30 12:57:43 Image size of job updated: 439668
	358  -  MemoryUsage of job (MB)
	366344  -  ResidentSetSize of job (KB)
...
006 (3444394.009.000) 01/30 13:02:43 Image size of job updated: 439764
	358  -  MemoryUsage of job (MB)
	366440  -  ResidentSetSize of job (KB)
...
006 (3444394.009.000) 01/30 13:07:44 Image size of job updated: 439804
	358  -  MemoryUsage of job (MB)
	366480  -  ResidentSetSize of job (KB)
...
006 (3444394.009.000) 01/30 13:12:45 Image size of job updated: 439880
	358  -  MemoryUsage of job (MB)
	366556  -  ResidentSetSize of job (KB)
...
006 (3444394.009.000) 01/30 13:17:45 Image size of job updated: 439940
	359  -  MemoryUsage of job (MB)
	366616  -  ResidentSetSize of job (KB)
...
006 (3444394.009.000) 01/30 13:22:46 Image size of job updated: 440040
	359  -  MemoryUsage of job (MB)
	366716  -  ResidentSetSize of job (KB)
...
006 (3444394.009.000) 01/30 13:27:47 Image size of job updated: 440040
	359  -  MemoryUsage of job (MB)
	366916  -  ResidentSetSize of job (KB)
...
006 (3444394.009.000) 01/30 13:32:47 Image size of job updated: 440040
	359  -  MemoryUsage of job (MB)
	366984  -  ResidentSetSize of job (KB)
...
006 (3444394.009.000) 01/30 13:37:47 Image size of job updated: 440040
	359  -  MemoryUsage of job (MB)
	367104  -  ResidentSetSize of job (KB)
...
006 (3444394.009.000) 01/30 13:42:48 Image size of job updated: 440040
	359  -  MemoryUsage of job (MB)
	367232  -  ResidentSetSize of job (KB)
...
006 (3444394.009.000) 01/30 13:52:49 Image size of job updated: 440040
	359  -  MemoryUsage of job (MB)
	367248  -  ResidentSetSize of job (KB)
...
006 (3444394.009.000) 01/30 13:57:50 Image size of job updated: 440040
	359  -  MemoryUsage of job (MB)
	367268  -  ResidentSetSize of job (KB)
...
006 (3444394.009.000) 01/30 14:02:51 Image size of job updated: 440040
	359  -  MemoryUsage of job (MB)
	367316  -  ResidentSetSize of job (KB)
...
006 (3444394.009.000) 01/30 14:37:54 Image size of job updated: 440040
	359  -  MemoryUsage of job (MB)
	367320  -  ResidentSetSize of job (KB)
...
006 (3444394.009.000) 01/30 14:42:54 Image size of job updated: 440040
	359  -  MemoryUsage of job (MB)
	367400  -  ResidentSetSize of job (KB)
...
006 (3444394.009.000) 01/30 14:47:56 Image size of job updated: 440040
	359  -  MemoryUsage of job (MB)
	367432  -  ResidentSetSize of job (KB)
...
006 (3444394.009.000) 01/30 14:52:56 Image size of job updated: 440040
	359  -  MemoryUsage of job (MB)
	367528  -  ResidentSetSize of job (KB)
...
006 (3444394.009.000) 01/30 14:57:56 Image size of job updated: 440040
	359  -  MemoryUsage of job (MB)
	367592  -  ResidentSetSize of job (KB)
...
006 (3444394.009.000) 01/30 15:02:57 Image size of job updated: 440040
	360  -  MemoryUsage of job (MB)
	367712  -  ResidentSetSize of job (KB)
...
006 (3444394.009.000) 01/30 15:07:58 Image size of job updated: 440040
	360  -  MemoryUsage of job (MB)
	368588  -  ResidentSetSize of job (KB)
...
006 (3444394.009.000) 01/30 15:12:58 Image size of job updated: 440040
	361  -  MemoryUsage of job (MB)
	369432  -  ResidentSetSize of job (KB)
...
006 (3444394.009.000) 01/30 15:23:00 Image size of job updated: 440040
	361  -  MemoryUsage of job (MB)
	369500  -  ResidentSetSize of job (KB)
...
006 (3444394.009.000) 01/30 15:28:00 Image size of job updated: 440040
	363  -  MemoryUsage of job (MB)
	370708  -  ResidentSetSize of job (KB)
...
006 (3444394.009.000) 01/30 15:38:01 Image size of job updated: 440040
	363  -  MemoryUsage of job (MB)
	370768  -  ResidentSetSize of job (KB)
...
006 (3444394.009.000) 01/30 15:43:01 Image size of job updated: 440040
	363  -  MemoryUsage of job (MB)
	370824  -  ResidentSetSize of job (KB)
...
006 (3444394.009.000) 01/30 15:48:01 Image size of job updated: 440040
	363  -  MemoryUsage of job (MB)
	370840  -  ResidentSetSize of job (KB)
...
006 (3444394.009.000) 01/30 15:53:02 Image size of job updated: 440040
	363  -  MemoryUsage of job (MB)
	370912  -  ResidentSetSize of job (KB)
...
006 (3444394.009.000) 01/30 15:58:02 Image size of job updated: 440040
	363  -  MemoryUsage of job (MB)
	370988  -  ResidentSetSize of job (KB)
...
006 (3444394.009.000) 01/30 16:08:03 Image size of job updated: 440040
	363  -  MemoryUsage of job (MB)
	371056  -  ResidentSetSize of job (KB)
...
006 (3444394.009.000) 01/30 16:13:04 Image size of job updated: 440040
	363  -  MemoryUsage of job (MB)
	371088  -  ResidentSetSize of job (KB)
...
006 (3444394.009.000) 01/30 16:18:04 Image size of job updated: 440040
	363  -  MemoryUsage of job (MB)
	371224  -  ResidentSetSize of job (KB)
...
006 (3444394.009.000) 01/30 16:23:05 Image size of job updated: 440040
	363  -  MemoryUsage of job (MB)
	371292  -  ResidentSetSize of job (KB)
...
006 (3444394.009.000) 01/30 16:28:06 Image size of job updated: 440040
	363  -  MemoryUsage of job (MB)
	371372  -  ResidentSetSize of job (KB)
...
006 (3444394.009.000) 01/30 16:33:06 Image size of job updated: 440040
	363  -  MemoryUsage of job (MB)
	371388  -  ResidentSetSize of job (KB)
...
006 (3444394.009.000) 01/30 16:38:06 Image size of job updated: 440040
	363  -  MemoryUsage of job (MB)
	371400  -  ResidentSetSize of job (KB)
...
006 (3444394.009.000) 01/30 16:43:07 Image size of job updated: 440040
	363  -  MemoryUsage of job (MB)
	371420  -  ResidentSetSize of job (KB)
...
006 (3444394.009.000) 01/30 16:48:07 Image size of job updated: 440040
	363  -  MemoryUsage of job (MB)
	371512  -  ResidentSetSize of job (KB)
...
006 (3444394.009.000) 01/30 16:53:07 Image size of job updated: 440040
	363  -  MemoryUsage of job (MB)
	371584  -  ResidentSetSize of job (KB)
...
006 (3444394.009.000) 01/30 16:58:08 Image size of job updated: 440040
	363  -  MemoryUsage of job (MB)
	371592  -  ResidentSetSize of job (KB)
...
006 (3444394.009.000) 01/30 17:03:08 Image size of job updated: 440040
	363  -  MemoryUsage of job (MB)
	371656  -  ResidentSetSize of job (KB)
...
006 (3444394.009.000) 01/30 17:08:08 Image size of job updated: 440040
	363  -  MemoryUsage of job (MB)
	371692  -  ResidentSetSize of job (KB)
...
006 (3444394.009.000) 01/30 17:13:09 Image size of job updated: 440040
	364  -  MemoryUsage of job (MB)
	371760  -  ResidentSetSize of job (KB)
...
006 (3444394.009.000) 01/30 17:18:09 Image size of job updated: 440040
	364  -  MemoryUsage of job (MB)
	371832  -  ResidentSetSize of job (KB)
...
006 (3444394.009.000) 01/30 17:23:09 Image size of job updated: 440040
	364  -  MemoryUsage of job (MB)
	371848  -  ResidentSetSize of job (KB)
...
006 (3444394.009.000) 01/30 17:28:10 Image size of job updated: 440040
	364  -  MemoryUsage of job (MB)
	371916  -  ResidentSetSize of job (KB)
...
006 (3444394.009.000) 01/30 17:38:10 Image size of job updated: 440040
	364  -  MemoryUsage of job (MB)
	371956  -  ResidentSetSize of job (KB)
...
006 (3444394.009.000) 01/30 17:48:11 Image size of job updated: 440040
	364  -  MemoryUsage of job (MB)
	371996  -  ResidentSetSize of job (KB)
...
006 (3444394.009.000) 01/30 17:53:11 Image size of job updated: 440040
	364  -  MemoryUsage of job (MB)
	372016  -  ResidentSetSize of job (KB)
...
006 (3444394.009.000) 01/30 17:58:12 Image size of job updated: 440040
	364  -  MemoryUsage of job (MB)
	372088  -  ResidentSetSize of job (KB)
...
006 (3444394.009.000) 01/30 18:03:13 Image size of job updated: 440040
	364  -  MemoryUsage of job (MB)
	372236  -  ResidentSetSize of job (KB)
...
006 (3444394.009.000) 01/30 18:08:13 Image size of job updated: 440040
	364  -  MemoryUsage of job (MB)
	372248  -  ResidentSetSize of job (KB)
...
006 (3444394.009.000) 01/30 18:13:14 Image size of job updated: 440040
	364  -  MemoryUsage of job (MB)
	372292  -  ResidentSetSize of job (KB)
...
006 (3444394.009.000) 01/30 18:18:15 Image size of job updated: 440040
	364  -  MemoryUsage of job (MB)
	372312  -  ResidentSetSize of job (KB)
...
006 (3444394.009.000) 01/30 18:23:15 Image size of job updated: 440040
	364  -  MemoryUsage of job (MB)
	372352  -  ResidentSetSize of job (KB)
...
006 (3444394.009.000) 01/30 18:28:16 Image size of job updated: 440040
	364  -  MemoryUsage of job (MB)
	372388  -  ResidentSetSize of job (KB)
...
006 (3444394.009.000) 01/30 18:33:17 Image size of job updated: 440040
	364  -  MemoryUsage of job (MB)
	372404  -  ResidentSetSize of job (KB)
...
006 (3444394.009.000) 01/30 18:38:17 Image size of job updated: 440040
	364  -  MemoryUsage of job (MB)
	372476  -  ResidentSetSize of job (KB)
...
006 (3444394.009.000) 01/30 18:43:18 Image size of job updated: 440040
	364  -  MemoryUsage of job (MB)
	372532  -  ResidentSetSize of job (KB)
...
006 (3444394.009.000) 01/30 18:48:18 Image size of job updated: 440040
	364  -  MemoryUsage of job (MB)
	372592  -  ResidentSetSize of job (KB)
...
006 (3444394.009.000) 01/30 18:53:18 Image size of job updated: 440040
	364  -  MemoryUsage of job (MB)
	372632  -  ResidentSetSize of job (KB)
...
006 (3444394.009.000) 01/30 18:58:19 Image size of job updated: 440040
	364  -  MemoryUsage of job (MB)
	372696  -  ResidentSetSize of job (KB)
...
006 (3444394.009.000) 01/30 19:03:19 Image size of job updated: 440040
	364  -  MemoryUsage of job (MB)
	372720  -  ResidentSetSize of job (KB)
...
006 (3444394.009.000) 01/30 19:08:19 Image size of job updated: 440040
	364  -  MemoryUsage of job (MB)
	372732  -  ResidentSetSize of job (KB)
...
006 (3444394.009.000) 01/30 19:13:20 Image size of job updated: 440040
	365  -  MemoryUsage of job (MB)
	372832  -  ResidentSetSize of job (KB)
...
006 (3444394.009.000) 01/30 19:18:20 Image size of job updated: 440040
	365  -  MemoryUsage of job (MB)
	372876  -  ResidentSetSize of job (KB)
...
006 (3444394.009.000) 01/30 19:23:20 Image size of job updated: 440040
	365  -  MemoryUsage of job (MB)
	372900  -  ResidentSetSize of job (KB)
...
006 (3444394.009.000) 01/30 19:28:21 Image size of job updated: 440040
	365  -  MemoryUsage of job (MB)
	372916  -  ResidentSetSize of job (KB)
...
006 (3444394.009.000) 01/30 19:33:21 Image size of job updated: 440040
	365  -  MemoryUsage of job (MB)
	372980  -  ResidentSetSize of job (KB)
...
006 (3444394.009.000) 01/30 19:38:21 Image size of job updated: 440040
	365  -  MemoryUsage of job (MB)
	373044  -  ResidentSetSize of job (KB)
...
006 (3444394.009.000) 01/30 19:48:22 Image size of job updated: 440040
	365  -  MemoryUsage of job (MB)
	373064  -  ResidentSetSize of job (KB)
...
006 (3444394.009.000) 01/30 19:53:22 Image size of job updated: 440040
	365  -  MemoryUsage of job (MB)
	373172  -  ResidentSetSize of job (KB)
...
006 (3444394.009.000) 01/30 19:58:23 Image size of job updated: 440040
	365  -  MemoryUsage of job (MB)
	373196  -  ResidentSetSize of job (KB)
...
006 (3444394.009.000) 01/30 20:03:23 Image size of job updated: 440040
	365  -  MemoryUsage of job (MB)
	373256  -  ResidentSetSize of job (KB)
...
006 (3444394.009.000) 01/30 20:08:23 Image size of job updated: 440040
	365  -  MemoryUsage of job (MB)
	373276  -  ResidentSetSize of job (KB)
...
006 (3444394.009.000) 01/30 20:13:25 Image size of job updated: 440040
	365  -  MemoryUsage of job (MB)
	373308  -  ResidentSetSize of job (KB)
...
006 (3444394.009.000) 01/30 20:18:25 Image size of job updated: 440040
	365  -  MemoryUsage of job (MB)
	373384  -  ResidentSetSize of job (KB)
...
006 (3444394.009.000) 01/30 20:23:25 Image size of job updated: 440040
	365  -  MemoryUsage of job (MB)
	373424  -  ResidentSetSize of job (KB)
...
006 (3444394.009.000) 01/30 20:28:26 Image size of job updated: 440040
	365  -  MemoryUsage of job (MB)
	373448  -  ResidentSetSize of job (KB)
...
006 (3444394.009.000) 01/30 20:33:26 Image size of job updated: 440040
	365  -  MemoryUsage of job (MB)
	373476  -  ResidentSetSize of job (KB)
...
006 (3444394.009.000) 01/30 20:38:26 Image size of job updated: 440040
	365  -  MemoryUsage of job (MB)
	373524  -  ResidentSetSize of job (KB)
...
006 (3444394.009.000) 01/30 20:43:27 Image size of job updated: 440040
	365  -  MemoryUsage of job (MB)
	373604  -  ResidentSetSize of job (KB)
...
006 (3444394.009.000) 01/30 20:48:28 Image size of job updated: 440040
	365  -  MemoryUsage of job (MB)
	373624  -  ResidentSetSize of job (KB)
...
006 (3444394.009.000) 01/30 20:53:28 Image size of job updated: 440040
	365  -  MemoryUsage of job (MB)
	373692  -  ResidentSetSize of job (KB)
...
006 (3444394.009.000) 01/30 20:58:29 Image size of job updated: 440040
	365  -  MemoryUsage of job (MB)
	373700  -  ResidentSetSize of job (KB)
...
006 (3444394.009.000) 01/30 21:03:29 Image size of job updated: 440040
	365  -  MemoryUsage of job (MB)
	373736  -  ResidentSetSize of job (KB)
...
006 (3444394.009.000) 01/30 21:08:30 Image size of job updated: 440040
	365  -  MemoryUsage of job (MB)
	373752  -  ResidentSetSize of job (KB)
...
006 (3444394.009.000) 01/30 21:13:30 Image size of job updated: 440040
	366  -  MemoryUsage of job (MB)
	373792  -  ResidentSetSize of job (KB)
...
006 (3444394.009.000) 01/30 21:18:30 Image size of job updated: 440040
	366  -  MemoryUsage of job (MB)
	373852  -  ResidentSetSize of job (KB)
...
006 (3444394.009.000) 01/30 21:23:31 Image size of job updated: 440040
	366  -  MemoryUsage of job (MB)
	373876  -  ResidentSetSize of job (KB)
...
006 (3444394.009.000) 01/30 21:28:31 Image size of job updated: 440040
	366  -  MemoryUsage of job (MB)
	373908  -  ResidentSetSize of job (KB)
...
006 (3444394.009.000) 01/30 21:33:32 Image size of job updated: 440040
	366  -  MemoryUsage of job (MB)
	373968  -  ResidentSetSize of job (KB)
...
006 (3444394.009.000) 01/30 21:38:32 Image size of job updated: 440040
	366  -  MemoryUsage of job (MB)
	374012  -  ResidentSetSize of job (KB)
...
006 (3444394.009.000) 01/30 21:43:33 Image size of job updated: 440040
	366  -  MemoryUsage of job (MB)
	374052  -  ResidentSetSize of job (KB)
...
006 (3444394.009.000) 01/30 21:48:34 Image size of job updated: 440040
	366  -  MemoryUsage of job (MB)
	374088  -  ResidentSetSize of job (KB)
...
006 (3444394.009.000) 01/30 21:53:34 Image size of job updated: 440040
	366  -  MemoryUsage of job (MB)
	374148  -  ResidentSetSize of job (KB)
...
006 (3444394.009.000) 01/30 21:58:34 Image size of job updated: 440040
	366  -  MemoryUsage of job (MB)
	374180  -  ResidentSetSize of job (KB)
...
006 (3444394.009.000) 01/30 22:03:35 Image size of job updated: 440040
	366  -  MemoryUsage of job (MB)
	374216  -  ResidentSetSize of job (KB)
...
006 (3444394.009.000) 01/30 22:08:35 Image size of job updated: 440040
	366  -  MemoryUsage of job (MB)
	374300  -  ResidentSetSize of job (KB)
...
006 (3444394.009.000) 01/30 22:13:35 Image size of job updated: 440040
	366  -  MemoryUsage of job (MB)
	374372  -  ResidentSetSize of job (KB)
...
006 (3444394.009.000) 01/30 22:18:36 Image size of job updated: 440040
	366  -  MemoryUsage of job (MB)
	374416  -  ResidentSetSize of job (KB)
...
006 (3444394.009.000) 01/30 22:23:37 Image size of job updated: 440040
	366  -  MemoryUsage of job (MB)
	374444  -  ResidentSetSize of job (KB)
...
006 (3444394.009.000) 01/30 22:28:37 Image size of job updated: 440040
	366  -  MemoryUsage of job (MB)
	374512  -  ResidentSetSize of job (KB)
...
006 (3444394.009.000) 01/30 22:33:38 Image size of job updated: 440040
	366  -  MemoryUsage of job (MB)
	374540  -  ResidentSetSize of job (KB)
...
006 (3444394.009.000) 01/30 22:38:39 Image size of job updated: 440040
	366  -  MemoryUsage of job (MB)
	374580  -  ResidentSetSize of job (KB)
...
006 (3444394.009.000) 01/30 22:43:39 Image size of job updated: 440040
	366  -  MemoryUsage of job (MB)
	374620  -  ResidentSetSize of job (KB)
...
006 (3444394.009.000) 01/30 22:48:39 Image size of job updated: 440040
	366  -  MemoryUsage of job (MB)
	374656  -  ResidentSetSize of job (KB)
...
006 (3444394.009.000) 01/30 22:53:40 Image size of job updated: 440040
	366  -  MemoryUsage of job (MB)
	374664  -  ResidentSetSize of job (KB)
...
006 (3444394.009.000) 01/30 22:58:40 Image size of job updated: 440040
	366  -  MemoryUsage of job (MB)
	374712  -  ResidentSetSize of job (KB)
...
006 (3444394.009.000) 01/30 23:03:40 Image size of job updated: 440040
	367  -  MemoryUsage of job (MB)
	374796  -  ResidentSetSize of job (KB)
...
006 (3444394.009.000) 01/30 23:08:41 Image size of job updated: 440040
	367  -  MemoryUsage of job (MB)
	374892  -  ResidentSetSize of job (KB)
...
006 (3444394.009.000) 01/30 23:13:42 Image size of job updated: 440040
	367  -  MemoryUsage of job (MB)
	375156  -  ResidentSetSize of job (KB)
...
006 (3444394.009.000) 01/30 23:23:43 Image size of job updated: 440040
	367  -  MemoryUsage of job (MB)
	375228  -  ResidentSetSize of job (KB)
...
006 (3444394.009.000) 01/31 00:23:49 Image size of job updated: 440040
	367  -  MemoryUsage of job (MB)
	375324  -  ResidentSetSize of job (KB)
...
006 (3444394.009.000) 01/31 00:28:50 Image size of job updated: 440040
	367  -  MemoryUsage of job (MB)
	375368  -  ResidentSetSize of job (KB)
...
006 (3444394.009.000) 01/31 00:38:51 Image size of job updated: 440040
	367  -  MemoryUsage of job (MB)
	375508  -  ResidentSetSize of job (KB)
...
006 (3444394.009.000) 01/31 00:48:52 Image size of job updated: 440040
	367  -  MemoryUsage of job (MB)
	375528  -  ResidentSetSize of job (KB)
...
006 (3444394.009.000) 01/31 00:53:52 Image size of job updated: 440040
	367  -  MemoryUsage of job (MB)
	375584  -  ResidentSetSize of job (KB)
...
006 (3444394.009.000) 01/31 00:58:53 Image size of job updated: 440040
	367  -  MemoryUsage of job (MB)
	375592  -  ResidentSetSize of job (KB)
...
006 (3444394.009.000) 01/31 01:08:54 Image size of job updated: 440040
	367  -  MemoryUsage of job (MB)
	375608  -  ResidentSetSize of job (KB)
...
006 (3444394.009.000) 01/31 01:23:56 Image size of job updated: 440040
	367  -  MemoryUsage of job (MB)
	375612  -  ResidentSetSize of job (KB)
...
006 (3444394.009.000) 01/31 01:33:58 Image size of job updated: 440040
	367  -  MemoryUsage of job (MB)
	375640  -  ResidentSetSize of job (KB)
...
006 (3444394.009.000) 01/31 01:43:58 Image size of job updated: 440040
	367  -  MemoryUsage of job (MB)
	375664  -  ResidentSetSize of job (KB)
...
006 (3444394.009.000) 01/31 01:53:59 Image size of job updated: 440040
	367  -  MemoryUsage of job (MB)
	375684  -  ResidentSetSize of job (KB)
...
006 (3444394.009.000) 01/31 01:58:59 Image size of job updated: 440040
	367  -  MemoryUsage of job (MB)
	375692  -  ResidentSetSize of job (KB)
...
006 (3444394.009.000) 01/31 02:09:01 Image size of job updated: 440040
	367  -  MemoryUsage of job (MB)
	375704  -  ResidentSetSize of job (KB)
...
006 (3444394.009.000) 01/31 02:14:01 Image size of job updated: 440040
	367  -  MemoryUsage of job (MB)
	375732  -  ResidentSetSize of job (KB)
...
006 (3444394.009.000) 01/31 02:24:03 Image size of job updated: 440040
	367  -  MemoryUsage of job (MB)
	375744  -  ResidentSetSize of job (KB)
...
006 (3444394.009.000) 01/31 02:29:03 Image size of job updated: 440040
	367  -  MemoryUsage of job (MB)
	375760  -  ResidentSetSize of job (KB)
...
006 (3444394.009.000) 01/31 02:39:05 Image size of job updated: 440040
	367  -  MemoryUsage of job (MB)
	375764  -  ResidentSetSize of job (KB)
...
006 (3444394.009.000) 01/31 03:14:08 Image size of job updated: 440040
	367  -  MemoryUsage of job (MB)
	375784  -  ResidentSetSize of job (KB)
...
006 (3444394.009.000) 01/31 03:19:09 Image size of job updated: 440040
	368  -  MemoryUsage of job (MB)
	375812  -  ResidentSetSize of job (KB)
...
006 (3444394.009.000) 01/31 03:24:09 Image size of job updated: 440040
	368  -  MemoryUsage of job (MB)
	375820  -  ResidentSetSize of job (KB)
...
006 (3444394.009.000) 01/31 03:29:09 Image size of job updated: 440040
	368  -  MemoryUsage of job (MB)
	375844  -  ResidentSetSize of job (KB)
...
006 (3444394.009.000) 01/31 03:34:11 Image size of job updated: 440040
	368  -  MemoryUsage of job (MB)
	375848  -  ResidentSetSize of job (KB)
...
006 (3444394.009.000) 01/31 03:44:11 Image size of job updated: 440040
	368  -  MemoryUsage of job (MB)
	375872  -  ResidentSetSize of job (KB)
...
006 (3444394.009.000) 01/31 03:49:12 Image size of job updated: 440040
	368  -  MemoryUsage of job (MB)
	375904  -  ResidentSetSize of job (KB)
...
006 (3444394.009.000) 01/31 03:59:14 Image size of job updated: 440040
	368  -  MemoryUsage of job (MB)
	375920  -  ResidentSetSize of job (KB)
...
006 (3444394.009.000) 01/31 04:04:14 Image size of job updated: 440040
	368  -  MemoryUsage of job (MB)
	375960  -  ResidentSetSize of job (KB)
...
006 (3444394.009.000) 01/31 04:14:15 Image size of job updated: 440040
	368  -  MemoryUsage of job (MB)
	375972  -  ResidentSetSize of job (KB)
...
006 (3444394.009.000) 01/31 04:19:16 Image size of job updated: 440040
	368  -  MemoryUsage of job (MB)
	375988  -  ResidentSetSize of job (KB)
...
006 (3444394.009.000) 01/31 04:29:16 Image size of job updated: 440040
	368  -  MemoryUsage of job (MB)
	376004  -  ResidentSetSize of job (KB)
...
006 (3444394.009.000) 01/31 04:44:19 Image size of job updated: 440040
	368  -  MemoryUsage of job (MB)
	376064  -  ResidentSetSize of job (KB)
...
006 (3444394.009.000) 01/31 04:54:19 Image size of job updated: 440040
	368  -  MemoryUsage of job (MB)
	376068  -  ResidentSetSize of job (KB)
...
006 (3444394.009.000) 01/31 04:59:20 Image size of job updated: 440040
	368  -  MemoryUsage of job (MB)
	376104  -  ResidentSetSize of job (KB)
...
006 (3444394.009.000) 01/31 05:09:21 Image size of job updated: 440040
	368  -  MemoryUsage of job (MB)
	376108  -  ResidentSetSize of job (KB)
...
006 (3444394.009.000) 01/31 05:24:23 Image size of job updated: 440040
	368  -  MemoryUsage of job (MB)
	376176  -  ResidentSetSize of job (KB)
...
006 (3444394.009.000) 01/31 05:29:23 Image size of job updated: 440040
	368  -  MemoryUsage of job (MB)
	376180  -  ResidentSetSize of job (KB)
...
006 (3444394.009.000) 01/31 05:34:23 Image size of job updated: 440040
	368  -  MemoryUsage of job (MB)
	376204  -  ResidentSetSize of job (KB)
...
006 (3444394.009.000) 01/31 05:39:24 Image size of job updated: 440040
	368  -  MemoryUsage of job (MB)
	376236  -  ResidentSetSize of job (KB)
...
006 (3444394.009.000) 01/31 05:44:25 Image size of job updated: 440040
	368  -  MemoryUsage of job (MB)
	376252  -  ResidentSetSize of job (KB)
...
006 (3444394.009.000) 01/31 05:54:26 Image size of job updated: 440040
	368  -  MemoryUsage of job (MB)
	376308  -  ResidentSetSize of job (KB)
...
006 (3444394.009.000) 01/31 05:59:26 Image size of job updated: 440040
	368  -  MemoryUsage of job (MB)
	376336  -  ResidentSetSize of job (KB)
...
006 (3444394.009.000) 01/31 06:04:27 Image size of job updated: 440040
	368  -  MemoryUsage of job (MB)
	376340  -  ResidentSetSize of job (KB)
...
006 (3444394.009.000) 01/31 06:19:28 Image size of job updated: 440040
	368  -  MemoryUsage of job (MB)
	376380  -  ResidentSetSize of job (KB)
...
006 (3444394.009.000) 01/31 06:29:30 Image size of job updated: 440040
	368  -  MemoryUsage of job (MB)
	376452  -  ResidentSetSize of job (KB)
...
006 (3444394.009.000) 01/31 06:34:30 Image size of job updated: 440040
	368  -  MemoryUsage of job (MB)
	376520  -  ResidentSetSize of job (KB)
...
006 (3444394.009.000) 01/31 06:39:30 Image size of job updated: 440040
	368  -  MemoryUsage of job (MB)
	376548  -  ResidentSetSize of job (KB)
...
006 (3444394.009.000) 01/31 06:44:30 Image size of job updated: 440040
	368  -  MemoryUsage of job (MB)
	376632  -  ResidentSetSize of job (KB)
...
006 (3444394.009.000) 01/31 06:54:32 Image size of job updated: 440040
	368  -  MemoryUsage of job (MB)
	376672  -  ResidentSetSize of job (KB)
...
006 (3444394.009.000) 01/31 06:59:32 Image size of job updated: 440040
	368  -  MemoryUsage of job (MB)
	376692  -  ResidentSetSize of job (KB)
...
006 (3444394.009.000) 01/31 07:04:32 Image size of job updated: 440040
	368  -  MemoryUsage of job (MB)
	376704  -  ResidentSetSize of job (KB)
...
006 (3444394.009.000) 01/31 07:09:33 Image size of job updated: 440040
	368  -  MemoryUsage of job (MB)
	376728  -  ResidentSetSize of job (KB)
...
006 (3444394.009.000) 01/31 07:14:34 Image size of job updated: 440040
	368  -  MemoryUsage of job (MB)
	376752  -  ResidentSetSize of job (KB)
...
006 (3444394.009.000) 01/31 07:19:34 Image size of job updated: 440040
	368  -  MemoryUsage of job (MB)
	376772  -  ResidentSetSize of job (KB)
...
006 (3444394.009.000) 01/31 07:24:34 Image size of job updated: 440040
	368  -  MemoryUsage of job (MB)
	376776  -  ResidentSetSize of job (KB)
...
006 (3444394.009.000) 01/31 07:29:35 Image size of job updated: 440040
	368  -  MemoryUsage of job (MB)
	376800  -  ResidentSetSize of job (KB)
...
006 (3444394.009.000) 01/31 07:39:36 Image size of job updated: 440040
	368  -  MemoryUsage of job (MB)
	376812  -  ResidentSetSize of job (KB)
...
006 (3444394.009.000) 01/31 07:49:37 Image size of job updated: 440040
	369  -  MemoryUsage of job (MB)
	376836  -  ResidentSetSize of job (KB)
...
006 (3444394.009.000) 01/31 07:54:38 Image size of job updated: 440040
	369  -  MemoryUsage of job (MB)
	376860  -  ResidentSetSize of job (KB)
...
006 (3444394.009.000) 01/31 07:59:38 Image size of job updated: 440040
	369  -  MemoryUsage of job (MB)
	376892  -  ResidentSetSize of job (KB)
...
006 (3444394.009.000) 01/31 08:09:39 Image size of job updated: 440040
	369  -  MemoryUsage of job (MB)
	376912  -  ResidentSetSize of job (KB)
...
006 (3444394.009.000) 01/31 08:14:41 Image size of job updated: 440040
	369  -  MemoryUsage of job (MB)
	376952  -  ResidentSetSize of job (KB)
...
006 (3444394.009.000) 01/31 08:19:41 Image size of job updated: 440040
	369  -  MemoryUsage of job (MB)
	376968  -  ResidentSetSize of job (KB)
...
006 (3444394.009.000) 01/31 08:24:41 Image size of job updated: 440040
	369  -  MemoryUsage of job (MB)
	376984  -  ResidentSetSize of job (KB)
...
006 (3444394.009.000) 01/31 08:29:42 Image size of job updated: 440040
	369  -  MemoryUsage of job (MB)
	376992  -  ResidentSetSize of job (KB)
...
006 (3444394.009.000) 01/31 08:34:43 Image size of job updated: 440040
	369  -  MemoryUsage of job (MB)
	377004  -  ResidentSetSize of job (KB)
...
006 (3444394.009.000) 01/31 08:39:43 Image size of job updated: 440040
	369  -  MemoryUsage of job (MB)
	377024  -  ResidentSetSize of job (KB)
...
006 (3444394.009.000) 01/31 08:44:43 Image size of job updated: 440040
	369  -  MemoryUsage of job (MB)
	377040  -  ResidentSetSize of job (KB)
...
006 (3444394.009.000) 01/31 08:49:43 Image size of job updated: 440040
	369  -  MemoryUsage of job (MB)
	377072  -  ResidentSetSize of job (KB)
...
006 (3444394.009.000) 01/31 08:54:44 Image size of job updated: 440040
	369  -  MemoryUsage of job (MB)
	377084  -  ResidentSetSize of job (KB)
...
006 (3444394.009.000) 01/31 08:59:45 Image size of job updated: 440040
	369  -  MemoryUsage of job (MB)
	377140  -  ResidentSetSize of job (KB)
...
006 (3444394.009.000) 01/31 09:09:45 Image size of job updated: 440040
	369  -  MemoryUsage of job (MB)
	377184  -  ResidentSetSize of job (KB)
...
006 (3444394.009.000) 01/31 09:24:47 Image size of job updated: 440040
	369  -  MemoryUsage of job (MB)
	377188  -  ResidentSetSize of job (KB)
...
006 (3444394.009.000) 01/31 09:29:47 Image size of job updated: 440040
	369  -  MemoryUsage of job (MB)
	377224  -  ResidentSetSize of job (KB)
...
006 (3444394.009.000) 01/31 09:34:47 Image size of job updated: 440040
	369  -  MemoryUsage of job (MB)
	377228  -  ResidentSetSize of job (KB)
...
006 (3444394.009.000) 01/31 09:39:48 Image size of job updated: 440040
	369  -  MemoryUsage of job (MB)
	377252  -  ResidentSetSize of job (KB)
...
006 (3444394.009.000) 01/31 09:44:49 Image size of job updated: 440040
	369  -  MemoryUsage of job (MB)
	377292  -  ResidentSetSize of job (KB)
...
006 (3444394.009.000) 01/31 09:49:49 Image size of job updated: 440040
	369  -  MemoryUsage of job (MB)
	377316  -  ResidentSetSize of job (KB)
...
006 (3444394.009.000) 01/31 09:54:49 Image size of job updated: 440040
	369  -  MemoryUsage of job (MB)
	377348  -  ResidentSetSize of job (KB)
...
006 (3444394.009.000) 01/31 09:59:49 Image size of job updated: 440040
	369  -  MemoryUsage of job (MB)
	377360  -  ResidentSetSize of job (KB)
...
006 (3444394.009.000) 01/31 10:04:50 Image size of job updated: 440040
	369  -  MemoryUsage of job (MB)
	377396  -  ResidentSetSize of job (KB)
...
006 (3444394.009.000) 01/31 10:09:51 Image size of job updated: 440040
	369  -  MemoryUsage of job (MB)
	377400  -  ResidentSetSize of job (KB)
...
006 (3444394.009.000) 01/31 10:14:51 Image size of job updated: 440040
	369  -  MemoryUsage of job (MB)
	377408  -  ResidentSetSize of job (KB)
...
006 (3444394.009.000) 01/31 10:19:51 Image size of job updated: 440040
	369  -  MemoryUsage of job (MB)
	377456  -  ResidentSetSize of job (KB)
...
006 (3444394.009.000) 01/31 10:24:52 Image size of job updated: 440040
	369  -  MemoryUsage of job (MB)
	377468  -  ResidentSetSize of job (KB)
...
006 (3444394.009.000) 01/31 10:29:53 Image size of job updated: 440040
	369  -  MemoryUsage of job (MB)
	377492  -  ResidentSetSize of job (KB)
...
006 (3444394.009.000) 01/31 10:34:53 Image size of job updated: 440040
	369  -  MemoryUsage of job (MB)
	377512  -  ResidentSetSize of job (KB)
...
006 (3444394.009.000) 01/31 10:39:53 Image size of job updated: 440040
	369  -  MemoryUsage of job (MB)
	377556  -  ResidentSetSize of job (KB)
...
006 (3444394.009.000) 01/31 10:44:54 Image size of job updated: 440040
	369  -  MemoryUsage of job (MB)
	377572  -  ResidentSetSize of job (KB)
...
006 (3444394.009.000) 01/31 11:04:56 Image size of job updated: 440040
	369  -  MemoryUsage of job (MB)
	377604  -  ResidentSetSize of job (KB)
...
006 (3444394.009.000) 01/31 11:09:57 Image size of job updated: 440040
	369  -  MemoryUsage of job (MB)
	377620  -  ResidentSetSize of job (KB)
...
006 (3444394.009.000) 01/31 11:14:58 Image size of job updated: 440040
	369  -  MemoryUsage of job (MB)
	377644  -  ResidentSetSize of job (KB)
...
006 (3444394.009.000) 01/31 11:19:58 Image size of job updated: 440040
	369  -  MemoryUsage of job (MB)
	377648  -  ResidentSetSize of job (KB)
...
006 (3444394.009.000) 01/31 11:24:58 Image size of job updated: 440040
	369  -  MemoryUsage of job (MB)
	377692  -  ResidentSetSize of job (KB)
...
006 (3444394.009.000) 01/31 11:29:59 Image size of job updated: 440040
	369  -  MemoryUsage of job (MB)
	377712  -  ResidentSetSize of job (KB)
...
006 (3444394.009.000) 01/31 11:35:00 Image size of job updated: 440040
	369  -  MemoryUsage of job (MB)
	377728  -  ResidentSetSize of job (KB)
...
006 (3444394.009.000) 01/31 11:50:01 Image size of job updated: 440040
	369  -  MemoryUsage of job (MB)
	377756  -  ResidentSetSize of job (KB)
...
006 (3444394.009.000) 01/31 11:55:02 Image size of job updated: 440040
	369  -  MemoryUsage of job (MB)
	377804  -  ResidentSetSize of job (KB)
...
006 (3444394.009.000) 01/31 12:05:04 Image size of job updated: 440040
	369  -  MemoryUsage of job (MB)
	377840  -  ResidentSetSize of job (KB)
...
006 (3444394.009.000) 01/31 12:10:04 Image size of job updated: 440040
	370  -  MemoryUsage of job (MB)
	377872  -  ResidentSetSize of job (KB)
...
006 (3444394.009.000) 01/31 12:25:06 Image size of job updated: 440040
	370  -  MemoryUsage of job (MB)
	377904  -  ResidentSetSize of job (KB)
...
006 (3444394.009.000) 01/31 12:30:06 Image size of job updated: 440040
	370  -  MemoryUsage of job (MB)
	377996  -  ResidentSetSize of job (KB)
...
006 (3444394.009.000) 01/31 12:35:06 Image size of job updated: 440040
	370  -  MemoryUsage of job (MB)
	378028  -  ResidentSetSize of job (KB)
...
006 (3444394.009.000) 01/31 12:40:07 Image size of job updated: 440040
	370  -  MemoryUsage of job (MB)
	378044  -  ResidentSetSize of job (KB)
...
006 (3444394.009.000) 01/31 13:00:09 Image size of job updated: 440040
	370  -  MemoryUsage of job (MB)
	378108  -  ResidentSetSize of job (KB)
...
006 (3444394.009.000) 01/31 13:05:10 Image size of job updated: 440040
	370  -  MemoryUsage of job (MB)
	378164  -  ResidentSetSize of job (KB)
...
006 (3444394.009.000) 01/31 13:10:11 Image size of job updated: 440040
	370  -  MemoryUsage of job (MB)
	378172  -  ResidentSetSize of job (KB)
...
006 (3444394.009.000) 01/31 13:20:12 Image size of job updated: 440040
	370  -  MemoryUsage of job (MB)
	378192  -  ResidentSetSize of job (KB)
...
006 (3444394.009.000) 01/31 13:35:14 Image size of job updated: 440040
	370  -  MemoryUsage of job (MB)
	378224  -  ResidentSetSize of job (KB)
...
006 (3444394.009.000) 01/31 13:40:15 Image size of job updated: 440040
	370  -  MemoryUsage of job (MB)
	378240  -  ResidentSetSize of job (KB)
...
006 (3444394.009.000) 01/31 13:45:15 Image size of job updated: 440040
	370  -  MemoryUsage of job (MB)
	378264  -  ResidentSetSize of job (KB)
...
006 (3444394.009.000) 01/31 13:50:15 Image size of job updated: 440040
	370  -  MemoryUsage of job (MB)
	378324  -  ResidentSetSize of job (KB)
...
006 (3444394.009.000) 01/31 13:55:16 Image size of job updated: 440040
	370  -  MemoryUsage of job (MB)
	378404  -  ResidentSetSize of job (KB)
...
006 (3444394.009.000) 01/31 14:00:18 Image size of job updated: 440040
	370  -  MemoryUsage of job (MB)
	378460  -  ResidentSetSize of job (KB)
...
006 (3444394.009.000) 01/31 14:05:18 Image size of job updated: 440040
	370  -  MemoryUsage of job (MB)
	378488  -  ResidentSetSize of job (KB)
...
006 (3444394.009.000) 01/31 14:25:20 Image size of job updated: 440040
	370  -  MemoryUsage of job (MB)
	378500  -  ResidentSetSize of job (KB)
...
006 (3444394.009.000) 01/31 14:30:20 Image size of job updated: 440040
	370  -  MemoryUsage of job (MB)
	378528  -  ResidentSetSize of job (KB)
...
006 (3444394.009.000) 01/31 14:35:20 Image size of job updated: 440040
	370  -  MemoryUsage of job (MB)
	378540  -  ResidentSetSize of job (KB)
...
006 (3444394.009.000) 01/31 14:40:21 Image size of job updated: 440040
	370  -  MemoryUsage of job (MB)
	378544  -  ResidentSetSize of job (KB)
...
006 (3444394.009.000) 01/31 14:45:22 Image size of job updated: 440040
	370  -  MemoryUsage of job (MB)
	378576  -  ResidentSetSize of job (KB)
...
006 (3444394.009.000) 01/31 14:50:23 Image size of job updated: 440040
	370  -  MemoryUsage of job (MB)
	378580  -  ResidentSetSize of job (KB)
...
006 (3444394.009.000) 01/31 14:55:23 Image size of job updated: 440040
	370  -  MemoryUsage of job (MB)
	378604  -  ResidentSetSize of job (KB)
...
006 (3444394.009.000) 01/31 15:00:23 Image size of job updated: 440040
	370  -  MemoryUsage of job (MB)
	378632  -  ResidentSetSize of job (KB)
...
006 (3444394.009.000) 01/31 15:05:24 Image size of job updated: 440040
	370  -  MemoryUsage of job (MB)
	378656  -  ResidentSetSize of job (KB)
...
006 (3444394.009.000) 01/31 15:10:25 Image size of job updated: 440040
	370  -  MemoryUsage of job (MB)
	378672  -  ResidentSetSize of job (KB)
...
006 (3444394.009.000) 01/31 15:15:25 Image size of job updated: 440040
	370  -  MemoryUsage of job (MB)
	378728  -  ResidentSetSize of job (KB)
...
006 (3444394.009.000) 01/31 15:20:25 Image size of job updated: 440040
	370  -  MemoryUsage of job (MB)
	378748  -  ResidentSetSize of job (KB)
...
006 (3444394.009.000) 01/31 15:30:27 Image size of job updated: 440040
	370  -  MemoryUsage of job (MB)
	378756  -  ResidentSetSize of job (KB)
...
006 (3444394.009.000) 01/31 15:35:27 Image size of job updated: 440040
	370  -  MemoryUsage of job (MB)
	378760  -  ResidentSetSize of job (KB)
...
006 (3444394.009.000) 01/31 15:40:27 Image size of job updated: 440040
	370  -  MemoryUsage of job (MB)
	378800  -  ResidentSetSize of job (KB)
...
006 (3444394.009.000) 01/31 15:45:28 Image size of job updated: 440040
	370  -  MemoryUsage of job (MB)
	378832  -  ResidentSetSize of job (KB)
...
006 (3444394.009.000) 01/31 15:50:29 Image size of job updated: 440040
	370  -  MemoryUsage of job (MB)
	378852  -  ResidentSetSize of job (KB)
...
006 (3444394.009.000) 01/31 16:00:29 Image size of job updated: 440040
	370  -  MemoryUsage of job (MB)
	378880  -  ResidentSetSize of job (KB)
...
006 (3444394.009.000) 01/31 16:05:30 Image size of job updated: 440040
	371  -  MemoryUsage of job (MB)
	378908  -  ResidentSetSize of job (KB)
...
006 (3444394.009.000) 01/31 16:10:31 Image size of job updated: 440040
	371  -  MemoryUsage of job (MB)
	378948  -  ResidentSetSize of job (KB)
...
006 (3444394.009.000) 01/31 16:15:31 Image size of job updated: 440040
	371  -  MemoryUsage of job (MB)
	378952  -  ResidentSetSize of job (KB)
...
006 (3444394.009.000) 01/31 16:20:31 Image size of job updated: 440040
	371  -  MemoryUsage of job (MB)
	379008  -  ResidentSetSize of job (KB)
...
006 (3444394.009.000) 01/31 16:30:33 Image size of job updated: 440040
	371  -  MemoryUsage of job (MB)
	379032  -  ResidentSetSize of job (KB)
...
006 (3444394.009.000) 01/31 16:35:33 Image size of job updated: 440040
	371  -  MemoryUsage of job (MB)
	379040  -  ResidentSetSize of job (KB)
...
006 (3444394.009.000) 01/31 16:40:33 Image size of job updated: 440040
	371  -  MemoryUsage of job (MB)
	379060  -  ResidentSetSize of job (KB)
...
006 (3444394.009.000) 01/31 16:45:33 Image size of job updated: 440040
	371  -  MemoryUsage of job (MB)
	379080  -  ResidentSetSize of job (KB)
...
006 (3444394.009.000) 01/31 16:50:34 Image size of job updated: 440040
	371  -  MemoryUsage of job (MB)
	379084  -  ResidentSetSize of job (KB)
...
006 (3444394.009.000) 01/31 16:55:34 Image size of job updated: 440040
	371  -  MemoryUsage of job (MB)
	379124  -  ResidentSetSize of job (KB)
...
006 (3444394.009.000) 01/31 17:00:34 Image size of job updated: 440040
	371  -  MemoryUsage of job (MB)
	379160  -  ResidentSetSize of job (KB)
...
006 (3444394.009.000) 01/31 17:05:35 Image size of job updated: 440040
	371  -  MemoryUsage of job (MB)
	379168  -  ResidentSetSize of job (KB)
...
006 (3444394.009.000) 01/31 17:10:36 Image size of job updated: 440040
	371  -  MemoryUsage of job (MB)
	379224  -  ResidentSetSize of job (KB)
...
006 (3444394.009.000) 01/31 17:20:36 Image size of job updated: 440040
	371  -  MemoryUsage of job (MB)
	379236  -  ResidentSetSize of job (KB)
...
006 (3444394.009.000) 01/31 17:25:37 Image size of job updated: 440040
	371  -  MemoryUsage of job (MB)
	379244  -  ResidentSetSize of job (KB)
...
006 (3444394.009.000) 01/31 17:34:03 Image size of job updated: 440040
	371  -  MemoryUsage of job (MB)
	379248  -  ResidentSetSize of job (KB)
...
006 (3444394.009.000) 01/31 17:44:19 Image size of job updated: 440040
	371  -  MemoryUsage of job (MB)
	379344  -  ResidentSetSize of job (KB)
...
006 (3444394.009.000) 01/31 17:52:32 Image size of job updated: 440040
	371  -  MemoryUsage of job (MB)
	379360  -  ResidentSetSize of job (KB)
...
006 (3444394.009.000) 01/31 17:57:32 Image size of job updated: 440040
	371  -  MemoryUsage of job (MB)
	379384  -  ResidentSetSize of job (KB)
...
006 (3444394.009.000) 01/31 18:07:33 Image size of job updated: 440040
	371  -  MemoryUsage of job (MB)
	379444  -  ResidentSetSize of job (KB)
...
006 (3444394.009.000) 01/31 18:12:34 Image size of job updated: 440040
	371  -  MemoryUsage of job (MB)
	379460  -  ResidentSetSize of job (KB)
...
006 (3444394.009.000) 01/31 18:17:34 Image size of job updated: 440040
	371  -  MemoryUsage of job (MB)
	379488  -  ResidentSetSize of job (KB)
...
006 (3444394.009.000) 01/31 18:27:35 Image size of job updated: 440040
	371  -  MemoryUsage of job (MB)
	379504  -  ResidentSetSize of job (KB)
...
006 (3444394.009.000) 01/31 18:32:36 Image size of job updated: 440040
	371  -  MemoryUsage of job (MB)
	379516  -  ResidentSetSize of job (KB)
...
006 (3444394.009.000) 01/31 18:37:36 Image size of job updated: 440040
	371  -  MemoryUsage of job (MB)
	379520  -  ResidentSetSize of job (KB)
...
006 (3444394.009.000) 01/31 18:42:37 Image size of job updated: 440040
	371  -  MemoryUsage of job (MB)
	379544  -  ResidentSetSize of job (KB)
...
006 (3444394.009.000) 01/31 18:47:38 Image size of job updated: 440040
	371  -  MemoryUsage of job (MB)
	379580  -  ResidentSetSize of job (KB)
...
006 (3444394.009.000) 01/31 18:52:38 Image size of job updated: 440040
	371  -  MemoryUsage of job (MB)
	379616  -  ResidentSetSize of job (KB)
...
006 (3444394.009.000) 01/31 18:57:38 Image size of job updated: 440040
	371  -  MemoryUsage of job (MB)
	379620  -  ResidentSetSize of job (KB)
...
006 (3444394.009.000) 01/31 19:02:38 Image size of job updated: 440040
	371  -  MemoryUsage of job (MB)
	379696  -  ResidentSetSize of job (KB)
...
006 (3444394.009.000) 01/31 19:07:39 Image size of job updated: 440040
	371  -  MemoryUsage of job (MB)
	379728  -  ResidentSetSize of job (KB)
...
006 (3444394.009.000) 01/31 19:22:41 Image size of job updated: 440040
	371  -  MemoryUsage of job (MB)
	379772  -  ResidentSetSize of job (KB)
...
006 (3444394.009.000) 01/31 19:27:42 Image size of job updated: 440040
	371  -  MemoryUsage of job (MB)
	379788  -  ResidentSetSize of job (KB)
...
006 (3444394.009.000) 01/31 19:32:42 Image size of job updated: 440040
	371  -  MemoryUsage of job (MB)
	379792  -  ResidentSetSize of job (KB)
...
006 (3444394.009.000) 01/31 19:37:42 Image size of job updated: 440040
	371  -  MemoryUsage of job (MB)
	379808  -  ResidentSetSize of job (KB)
...
006 (3444394.009.000) 01/31 19:47:44 Image size of job updated: 440040
	371  -  MemoryUsage of job (MB)
	379820  -  ResidentSetSize of job (KB)
...
006 (3444394.009.000) 01/31 19:52:44 Image size of job updated: 440040
	371  -  MemoryUsage of job (MB)
	379860  -  ResidentSetSize of job (KB)
...
006 (3444394.009.000) 01/31 19:57:45 Image size of job updated: 440040
	372  -  MemoryUsage of job (MB)
	379920  -  ResidentSetSize of job (KB)
...
006 (3444394.009.000) 01/31 20:02:47 Image size of job updated: 440040
	372  -  MemoryUsage of job (MB)
	379948  -  ResidentSetSize of job (KB)
...
006 (3444394.009.000) 01/31 20:12:47 Image size of job updated: 440040
	372  -  MemoryUsage of job (MB)
	379976  -  ResidentSetSize of job (KB)
...
006 (3444394.009.000) 01/31 20:17:48 Image size of job updated: 440040
	372  -  MemoryUsage of job (MB)
	380000  -  ResidentSetSize of job (KB)
...
006 (3444394.009.000) 01/31 20:22:50 Image size of job updated: 440040
	372  -  MemoryUsage of job (MB)
	380012  -  ResidentSetSize of job (KB)
...
006 (3444394.009.000) 01/31 20:27:50 Image size of job updated: 440040
	372  -  MemoryUsage of job (MB)
	380044  -  ResidentSetSize of job (KB)
...
006 (3444394.009.000) 01/31 20:32:50 Image size of job updated: 440040
	372  -  MemoryUsage of job (MB)
	380072  -  ResidentSetSize of job (KB)
...
006 (3444394.009.000) 01/31 20:37:51 Image size of job updated: 440040
	372  -  MemoryUsage of job (MB)
	380080  -  ResidentSetSize of job (KB)
...
006 (3444394.009.000) 01/31 20:42:52 Image size of job updated: 440040
	372  -  MemoryUsage of job (MB)
	380092  -  ResidentSetSize of job (KB)
...
006 (3444394.009.000) 01/31 20:47:53 Image size of job updated: 440040
	372  -  MemoryUsage of job (MB)
	380116  -  ResidentSetSize of job (KB)
...
006 (3444394.009.000) 01/31 20:52:53 Image size of job updated: 440040
	372  -  MemoryUsage of job (MB)
	380152  -  ResidentSetSize of job (KB)
...
006 (3444394.009.000) 01/31 20:57:53 Image size of job updated: 440040
	372  -  MemoryUsage of job (MB)
	380168  -  ResidentSetSize of job (KB)
...
006 (3444394.009.000) 01/31 21:02:54 Image size of job updated: 440040
	372  -  MemoryUsage of job (MB)
	380188  -  ResidentSetSize of job (KB)
...
006 (3444394.009.000) 01/31 21:07:55 Image size of job updated: 440040
	372  -  MemoryUsage of job (MB)
	380204  -  ResidentSetSize of job (KB)
...
006 (3444394.009.000) 01/31 21:12:55 Image size of job updated: 440040
	372  -  MemoryUsage of job (MB)
	380220  -  ResidentSetSize of job (KB)
...
006 (3444394.009.000) 01/31 21:17:55 Image size of job updated: 440040
	372  -  MemoryUsage of job (MB)
	380296  -  ResidentSetSize of job (KB)
...
006 (3444394.009.000) 01/31 21:22:56 Image size of job updated: 440040
	372  -  MemoryUsage of job (MB)
	380304  -  ResidentSetSize of job (KB)
...
006 (3444394.009.000) 01/31 21:32:57 Image size of job updated: 440040
	372  -  MemoryUsage of job (MB)
	380336  -  ResidentSetSize of job (KB)
...
006 (3444394.009.000) 01/31 21:37:57 Image size of job updated: 440040
	372  -  MemoryUsage of job (MB)
	380360  -  ResidentSetSize of job (KB)
...
006 (3444394.009.000) 01/31 21:42:58 Image size of job updated: 440040
	372  -  MemoryUsage of job (MB)
	380376  -  ResidentSetSize of job (KB)
...
006 (3444394.009.000) 01/31 21:47:59 Image size of job updated: 440040
	372  -  MemoryUsage of job (MB)
	380416  -  ResidentSetSize of job (KB)
...
006 (3444394.009.000) 01/31 21:57:59 Image size of job updated: 440040
	372  -  MemoryUsage of job (MB)
	380444  -  ResidentSetSize of job (KB)
...
006 (3444394.009.000) 01/31 22:03:00 Image size of job updated: 440040
	372  -  MemoryUsage of job (MB)
	380480  -  ResidentSetSize of job (KB)
...
006 (3444394.009.000) 01/31 22:08:02 Image size of job updated: 440040
	372  -  MemoryUsage of job (MB)
	380524  -  ResidentSetSize of job (KB)
...
006 (3444394.009.000) 01/31 22:13:02 Image size of job updated: 440040
	372  -  MemoryUsage of job (MB)
	380536  -  ResidentSetSize of job (KB)
...
006 (3444394.009.000) 01/31 22:18:02 Image size of job updated: 440040
	372  -  MemoryUsage of job (MB)
	380556  -  ResidentSetSize of job (KB)
...
006 (3444394.009.000) 01/31 22:24:02 Image size of job updated: 440040
	372  -  MemoryUsage of job (MB)
	380568  -  ResidentSetSize of job (KB)
...
006 (3444394.009.000) 01/31 22:28:04 Image size of job updated: 440040
	372  -  MemoryUsage of job (MB)
	380592  -  ResidentSetSize of job (KB)
...
006 (3444394.009.000) 01/31 22:33:04 Image size of job updated: 440040
	372  -  MemoryUsage of job (MB)
	380612  -  ResidentSetSize of job (KB)
...
006 (3444394.009.000) 01/31 22:38:05 Image size of job updated: 440040
	372  -  MemoryUsage of job (MB)
	380664  -  ResidentSetSize of job (KB)
...
006 (3444394.009.000) 01/31 22:43:06 Image size of job updated: 440040
	372  -  MemoryUsage of job (MB)
	380704  -  ResidentSetSize of job (KB)
...
006 (3444394.009.000) 01/31 22:48:06 Image size of job updated: 440040
	372  -  MemoryUsage of job (MB)
	380732  -  ResidentSetSize of job (KB)
...
006 (3444394.009.000) 01/31 22:53:07 Image size of job updated: 440040
	372  -  MemoryUsage of job (MB)
	380764  -  ResidentSetSize of job (KB)
...
006 (3444394.009.000) 01/31 22:58:08 Image size of job updated: 440040
	372  -  MemoryUsage of job (MB)
	380776  -  ResidentSetSize of job (KB)
...
006 (3444394.009.000) 01/31 23:03:08 Image size of job updated: 440040
	372  -  MemoryUsage of job (MB)
	380788  -  ResidentSetSize of job (KB)
...
006 (3444394.009.000) 01/31 23:08:08 Image size of job updated: 440040
	372  -  MemoryUsage of job (MB)
	380792  -  ResidentSetSize of job (KB)
...
006 (3444394.009.000) 01/31 23:13:09 Image size of job updated: 440040
	372  -  MemoryUsage of job (MB)
	380800  -  ResidentSetSize of job (KB)
...
006 (3444394.009.000) 01/31 23:18:10 Image size of job updated: 440040
	372  -  MemoryUsage of job (MB)
	380884  -  ResidentSetSize of job (KB)
...
006 (3444394.009.000) 01/31 23:23:10 Image size of job updated: 440040
	372  -  MemoryUsage of job (MB)
	380888  -  ResidentSetSize of job (KB)
...
006 (3444394.009.000) 01/31 23:28:10 Image size of job updated: 440040
	372  -  MemoryUsage of job (MB)
	380908  -  ResidentSetSize of job (KB)
...
006 (3444394.009.000) 01/31 23:33:10 Image size of job updated: 440040
	373  -  MemoryUsage of job (MB)
	380932  -  ResidentSetSize of job (KB)
...
006 (3444394.009.000) 01/31 23:38:10 Image size of job updated: 440040
	373  -  MemoryUsage of job (MB)
	380968  -  ResidentSetSize of job (KB)
...
006 (3444394.009.000) 01/31 23:43:11 Image size of job updated: 440040
	373  -  MemoryUsage of job (MB)
	380972  -  ResidentSetSize of job (KB)
...
006 (3444394.009.000) 01/31 23:48:12 Image size of job updated: 440040
	373  -  MemoryUsage of job (MB)
	381012  -  ResidentSetSize of job (KB)
...
006 (3444394.009.000) 01/31 23:53:12 Image size of job updated: 440040
	373  -  MemoryUsage of job (MB)
	381060  -  ResidentSetSize of job (KB)
...
006 (3444394.009.000) 02/01 00:03:13 Image size of job updated: 440040
	373  -  MemoryUsage of job (MB)
	381100  -  ResidentSetSize of job (KB)
...
006 (3444394.009.000) 02/01 00:08:14 Image size of job updated: 440040
	373  -  MemoryUsage of job (MB)
	381124  -  ResidentSetSize of job (KB)
...
006 (3444394.009.000) 02/01 00:13:14 Image size of job updated: 440040
	373  -  MemoryUsage of job (MB)
	381140  -  ResidentSetSize of job (KB)
...
006 (3444394.009.000) 02/01 00:18:14 Image size of job updated: 440040
	373  -  MemoryUsage of job (MB)
	381168  -  ResidentSetSize of job (KB)
...
006 (3444394.009.000) 02/01 00:23:15 Image size of job updated: 440040
	373  -  MemoryUsage of job (MB)
	381192  -  ResidentSetSize of job (KB)
...
006 (3444394.009.000) 02/01 00:28:16 Image size of job updated: 440040
	373  -  MemoryUsage of job (MB)
	381220  -  ResidentSetSize of job (KB)
...
006 (3444394.009.000) 02/01 00:33:16 Image size of job updated: 440040
	373  -  MemoryUsage of job (MB)
	381280  -  ResidentSetSize of job (KB)
...
006 (3444394.009.000) 02/01 00:43:17 Image size of job updated: 440040
	373  -  MemoryUsage of job (MB)
	381288  -  ResidentSetSize of job (KB)
...
006 (3444394.009.000) 02/01 00:48:18 Image size of job updated: 440040
	373  -  MemoryUsage of job (MB)
	381316  -  ResidentSetSize of job (KB)
...
040 (3444394.009.000) 02/01 00:50:47 Started transferring output files
...
040 (3444394.009.000) 02/01 00:50:47 Finished transferring output files
...
005 (3444394.009.000) 02/01 00:50:47 Job terminated.
	(1) Normal termination (return value 0)
		Usr 1 20:19:06, Sys 0 00:02:41  -  Run Remote Usage
		Usr 0 00:00:00, Sys 0 00:00:00  -  Run Local Usage
		Usr 1 20:19:06, Sys 0 00:02:41  -  Total Remote Usage
		Usr 0 00:00:00, Sys 0 00:00:00  -  Total Local Usage
	30386  -  Run Bytes Sent By Job
	493  -  Run Bytes Received By Job
	30386  -  Total Bytes Sent By Job
	493  -  Total Bytes Received By Job
	Partitionable Resources :    Usage  Request Allocated 
	   Cpus                 :                 1           
	   Disk (KB)            :       44        1   2778145 
	   Memory (MB)          :      373     2000      2000 
...
