000 (3447427.009.000) 01/30 01:49:43 Job submitted from host: <188.185.71.142:9618?addrs=188.185.71.142-9618+[2001-1458-d00-7--100-388]-9618&alias=bigbird09.cern.ch&noUDP&sock=schedd_2208_1533_7>
...
040 (3447427.009.000) 01/30 07:10:13 Started transferring input files
	Transferring to host: <188.184.139.211:9618?addrs=188.184.139.211-9618+[2001-1458-301-45--100-1c0]-9618&noUDP&sock=20123_394b_35850>
...
040 (3447427.009.000) 01/30 07:10:13 Finished transferring input files
...
001 (3447427.009.000) 01/30 07:10:14 Job executing on host: <188.184.139.211:9618?addrs=188.184.139.211-9618+[2001-1458-301-45--100-1c0]-9618&noUDP&sock=5721_b568_3>
...
006 (3447427.009.000) 01/30 07:10:23 Image size of job updated: 6616
	7  -  MemoryUsage of job (MB)
	6616  -  ResidentSetSize of job (KB)
...
006 (3447427.009.000) 01/30 07:15:23 Image size of job updated: 462488
	379  -  MemoryUsage of job (MB)
	387636  -  ResidentSetSize of job (KB)
...
006 (3447427.009.000) 01/30 07:30:25 Image size of job updated: 462496
	379  -  MemoryUsage of job (MB)
	387644  -  ResidentSetSize of job (KB)
...
006 (3447427.009.000) 01/30 07:50:27 Image size of job updated: 462500
	379  -  MemoryUsage of job (MB)
	387648  -  ResidentSetSize of job (KB)
...
006 (3447427.009.000) 01/30 09:20:36 Image size of job updated: 462524
	379  -  MemoryUsage of job (MB)
	387672  -  ResidentSetSize of job (KB)
...
006 (3447427.009.000) 01/30 09:25:36 Image size of job updated: 462528
	379  -  MemoryUsage of job (MB)
	387676  -  ResidentSetSize of job (KB)
...
006 (3447427.009.000) 01/30 15:11:09 Image size of job updated: 462528
	379  -  MemoryUsage of job (MB)
	387716  -  ResidentSetSize of job (KB)
...
006 (3447427.009.000) 01/30 15:21:11 Image size of job updated: 462528
	379  -  MemoryUsage of job (MB)
	387768  -  ResidentSetSize of job (KB)
...
006 (3447427.009.000) 01/30 15:26:11 Image size of job updated: 462528
	379  -  MemoryUsage of job (MB)
	387780  -  ResidentSetSize of job (KB)
...
006 (3447427.009.000) 01/30 15:31:12 Image size of job updated: 462528
	379  -  MemoryUsage of job (MB)
	387864  -  ResidentSetSize of job (KB)
...
006 (3447427.009.000) 01/30 15:41:13 Image size of job updated: 462528
	379  -  MemoryUsage of job (MB)
	387928  -  ResidentSetSize of job (KB)
...
006 (3447427.009.000) 01/30 15:46:14 Image size of job updated: 462528
	379  -  MemoryUsage of job (MB)
	387944  -  ResidentSetSize of job (KB)
...
006 (3447427.009.000) 01/30 15:51:15 Image size of job updated: 462528
	379  -  MemoryUsage of job (MB)
	387988  -  ResidentSetSize of job (KB)
...
006 (3447427.009.000) 01/30 15:56:15 Image size of job updated: 462528
	379  -  MemoryUsage of job (MB)
	388024  -  ResidentSetSize of job (KB)
...
006 (3447427.009.000) 01/30 16:01:15 Image size of job updated: 462528
	379  -  MemoryUsage of job (MB)
	388036  -  ResidentSetSize of job (KB)
...
006 (3447427.009.000) 01/30 16:08:40 Image size of job updated: 462528
	379  -  MemoryUsage of job (MB)
	388092  -  ResidentSetSize of job (KB)
...
006 (3447427.009.000) 01/30 16:15:52 Image size of job updated: 462528
	380  -  MemoryUsage of job (MB)
	388156  -  ResidentSetSize of job (KB)
...
006 (3447427.009.000) 01/30 16:21:37 Image size of job updated: 462528
	380  -  MemoryUsage of job (MB)
	388180  -  ResidentSetSize of job (KB)
...
006 (3447427.009.000) 01/30 16:26:38 Image size of job updated: 462528
	380  -  MemoryUsage of job (MB)
	388188  -  ResidentSetSize of job (KB)
...
006 (3447427.009.000) 01/30 16:31:39 Image size of job updated: 462528
	380  -  MemoryUsage of job (MB)
	388228  -  ResidentSetSize of job (KB)
...
006 (3447427.009.000) 01/30 16:36:39 Image size of job updated: 462528
	380  -  MemoryUsage of job (MB)
	388272  -  ResidentSetSize of job (KB)
...
006 (3447427.009.000) 01/30 16:41:40 Image size of job updated: 462528
	380  -  MemoryUsage of job (MB)
	388296  -  ResidentSetSize of job (KB)
...
006 (3447427.009.000) 01/30 16:46:41 Image size of job updated: 462528
	380  -  MemoryUsage of job (MB)
	388328  -  ResidentSetSize of job (KB)
...
006 (3447427.009.000) 01/30 16:51:41 Image size of job updated: 462528
	380  -  MemoryUsage of job (MB)
	388340  -  ResidentSetSize of job (KB)
...
006 (3447427.009.000) 01/30 16:56:41 Image size of job updated: 462528
	380  -  MemoryUsage of job (MB)
	388348  -  ResidentSetSize of job (KB)
...
006 (3447427.009.000) 01/30 17:01:42 Image size of job updated: 462528
	380  -  MemoryUsage of job (MB)
	388388  -  ResidentSetSize of job (KB)
...
006 (3447427.009.000) 01/30 17:06:42 Image size of job updated: 462528
	380  -  MemoryUsage of job (MB)
	388436  -  ResidentSetSize of job (KB)
...
006 (3447427.009.000) 01/30 17:11:42 Image size of job updated: 462528
	380  -  MemoryUsage of job (MB)
	388448  -  ResidentSetSize of job (KB)
...
006 (3447427.009.000) 01/30 17:16:43 Image size of job updated: 462528
	380  -  MemoryUsage of job (MB)
	388460  -  ResidentSetSize of job (KB)
...
006 (3447427.009.000) 01/30 17:21:44 Image size of job updated: 462528
	380  -  MemoryUsage of job (MB)
	388492  -  ResidentSetSize of job (KB)
...
006 (3447427.009.000) 01/30 17:26:44 Image size of job updated: 462528
	380  -  MemoryUsage of job (MB)
	388580  -  ResidentSetSize of job (KB)
...
006 (3447427.009.000) 01/30 17:36:46 Image size of job updated: 462528
	380  -  MemoryUsage of job (MB)
	388624  -  ResidentSetSize of job (KB)
...
006 (3447427.009.000) 01/30 17:41:46 Image size of job updated: 462528
	380  -  MemoryUsage of job (MB)
	388640  -  ResidentSetSize of job (KB)
...
006 (3447427.009.000) 01/30 17:46:47 Image size of job updated: 462528
	380  -  MemoryUsage of job (MB)
	388660  -  ResidentSetSize of job (KB)
...
006 (3447427.009.000) 01/30 17:51:48 Image size of job updated: 462528
	380  -  MemoryUsage of job (MB)
	388716  -  ResidentSetSize of job (KB)
...
006 (3447427.009.000) 01/30 17:56:48 Image size of job updated: 462528
	380  -  MemoryUsage of job (MB)
	388720  -  ResidentSetSize of job (KB)
...
006 (3447427.009.000) 01/30 18:01:49 Image size of job updated: 462528
	380  -  MemoryUsage of job (MB)
	388768  -  ResidentSetSize of job (KB)
...
006 (3447427.009.000) 01/30 18:11:50 Image size of job updated: 462528
	380  -  MemoryUsage of job (MB)
	388824  -  ResidentSetSize of job (KB)
...
006 (3447427.009.000) 01/30 18:16:50 Image size of job updated: 462528
	380  -  MemoryUsage of job (MB)
	388848  -  ResidentSetSize of job (KB)
...
006 (3447427.009.000) 01/30 18:29:41 Image size of job updated: 462528
	380  -  MemoryUsage of job (MB)
	388928  -  ResidentSetSize of job (KB)
...
006 (3447427.009.000) 01/30 18:38:12 Image size of job updated: 462528
	380  -  MemoryUsage of job (MB)
	388996  -  ResidentSetSize of job (KB)
...
006 (3447427.009.000) 01/30 18:45:01 Image size of job updated: 462528
	380  -  MemoryUsage of job (MB)
	389052  -  ResidentSetSize of job (KB)
...
006 (3447427.009.000) 01/30 18:50:02 Image size of job updated: 462528
	381  -  MemoryUsage of job (MB)
	389320  -  ResidentSetSize of job (KB)
...
006 (3447427.009.000) 01/30 19:27:48 Image size of job updated: 462528
	381  -  MemoryUsage of job (MB)
	389352  -  ResidentSetSize of job (KB)
...
006 (3447427.009.000) 01/30 19:32:49 Image size of job updated: 462528
	381  -  MemoryUsage of job (MB)
	389376  -  ResidentSetSize of job (KB)
...
006 (3447427.009.000) 01/30 19:37:49 Image size of job updated: 462528
	381  -  MemoryUsage of job (MB)
	389456  -  ResidentSetSize of job (KB)
...
006 (3447427.009.000) 01/30 19:47:50 Image size of job updated: 462528
	381  -  MemoryUsage of job (MB)
	389504  -  ResidentSetSize of job (KB)
...
006 (3447427.009.000) 01/30 20:32:56 Image size of job updated: 462528
	381  -  MemoryUsage of job (MB)
	389536  -  ResidentSetSize of job (KB)
...
006 (3447427.009.000) 01/30 20:37:56 Image size of job updated: 462528
	381  -  MemoryUsage of job (MB)
	389548  -  ResidentSetSize of job (KB)
...
006 (3447427.009.000) 01/30 20:42:56 Image size of job updated: 462528
	381  -  MemoryUsage of job (MB)
	389596  -  ResidentSetSize of job (KB)
...
006 (3447427.009.000) 01/30 21:02:58 Image size of job updated: 462528
	381  -  MemoryUsage of job (MB)
	389624  -  ResidentSetSize of job (KB)
...
006 (3447427.009.000) 01/30 21:07:59 Image size of job updated: 462528
	381  -  MemoryUsage of job (MB)
	389640  -  ResidentSetSize of job (KB)
...
006 (3447427.009.000) 01/30 21:12:59 Image size of job updated: 462528
	381  -  MemoryUsage of job (MB)
	389652  -  ResidentSetSize of job (KB)
...
006 (3447427.009.000) 01/30 21:18:00 Image size of job updated: 462528
	381  -  MemoryUsage of job (MB)
	389692  -  ResidentSetSize of job (KB)
...
006 (3447427.009.000) 01/30 21:23:00 Image size of job updated: 462528
	381  -  MemoryUsage of job (MB)
	389712  -  ResidentSetSize of job (KB)
...
006 (3447427.009.000) 01/30 21:28:01 Image size of job updated: 462528
	381  -  MemoryUsage of job (MB)
	389720  -  ResidentSetSize of job (KB)
...
006 (3447427.009.000) 01/30 21:33:02 Image size of job updated: 462528
	381  -  MemoryUsage of job (MB)
	389748  -  ResidentSetSize of job (KB)
...
006 (3447427.009.000) 01/30 21:53:04 Image size of job updated: 462528
	381  -  MemoryUsage of job (MB)
	389768  -  ResidentSetSize of job (KB)
...
006 (3447427.009.000) 01/30 21:58:05 Image size of job updated: 462528
	381  -  MemoryUsage of job (MB)
	389792  -  ResidentSetSize of job (KB)
...
006 (3447427.009.000) 01/30 22:03:06 Image size of job updated: 462528
	381  -  MemoryUsage of job (MB)
	389824  -  ResidentSetSize of job (KB)
...
006 (3447427.009.000) 01/30 22:09:34 Image size of job updated: 462528
	381  -  MemoryUsage of job (MB)
	389864  -  ResidentSetSize of job (KB)
...
006 (3447427.009.000) 01/30 22:13:59 Image size of job updated: 462528
	381  -  MemoryUsage of job (MB)
	389892  -  ResidentSetSize of job (KB)
...
006 (3447427.009.000) 01/30 22:19:00 Image size of job updated: 462528
	381  -  MemoryUsage of job (MB)
	389904  -  ResidentSetSize of job (KB)
...
006 (3447427.009.000) 01/30 22:29:01 Image size of job updated: 462528
	381  -  MemoryUsage of job (MB)
	389940  -  ResidentSetSize of job (KB)
...
006 (3447427.009.000) 01/30 22:34:02 Image size of job updated: 462528
	381  -  MemoryUsage of job (MB)
	389956  -  ResidentSetSize of job (KB)
...
006 (3447427.009.000) 01/30 22:39:02 Image size of job updated: 462528
	381  -  MemoryUsage of job (MB)
	390000  -  ResidentSetSize of job (KB)
...
006 (3447427.009.000) 01/30 22:44:02 Image size of job updated: 462528
	381  -  MemoryUsage of job (MB)
	390064  -  ResidentSetSize of job (KB)
...
006 (3447427.009.000) 01/30 22:59:03 Image size of job updated: 462528
	381  -  MemoryUsage of job (MB)
	390080  -  ResidentSetSize of job (KB)
...
006 (3447427.009.000) 01/30 23:04:04 Image size of job updated: 462528
	381  -  MemoryUsage of job (MB)
	390084  -  ResidentSetSize of job (KB)
...
006 (3447427.009.000) 01/30 23:09:04 Image size of job updated: 462528
	381  -  MemoryUsage of job (MB)
	390144  -  ResidentSetSize of job (KB)
...
006 (3447427.009.000) 01/30 23:14:04 Image size of job updated: 462528
	382  -  MemoryUsage of job (MB)
	390152  -  ResidentSetSize of job (KB)
...
006 (3447427.009.000) 01/30 23:19:05 Image size of job updated: 462528
	382  -  MemoryUsage of job (MB)
	390196  -  ResidentSetSize of job (KB)
...
006 (3447427.009.000) 01/30 23:24:05 Image size of job updated: 462528
	382  -  MemoryUsage of job (MB)
	390244  -  ResidentSetSize of job (KB)
...
006 (3447427.009.000) 01/30 23:29:05 Image size of job updated: 462528
	382  -  MemoryUsage of job (MB)
	390252  -  ResidentSetSize of job (KB)
...
006 (3447427.009.000) 01/30 23:39:06 Image size of job updated: 462528
	382  -  MemoryUsage of job (MB)
	390284  -  ResidentSetSize of job (KB)
...
006 (3447427.009.000) 01/30 23:44:06 Image size of job updated: 462528
	382  -  MemoryUsage of job (MB)
	390380  -  ResidentSetSize of job (KB)
...
006 (3447427.009.000) 01/30 23:49:07 Image size of job updated: 462528
	382  -  MemoryUsage of job (MB)
	390468  -  ResidentSetSize of job (KB)
...
006 (3447427.009.000) 01/30 23:59:08 Image size of job updated: 462528
	382  -  MemoryUsage of job (MB)
	390540  -  ResidentSetSize of job (KB)
...
006 (3447427.009.000) 01/31 00:09:10 Image size of job updated: 462528
	382  -  MemoryUsage of job (MB)
	390616  -  ResidentSetSize of job (KB)
...
006 (3447427.009.000) 01/31 00:14:10 Image size of job updated: 462528
	382  -  MemoryUsage of job (MB)
	390624  -  ResidentSetSize of job (KB)
...
006 (3447427.009.000) 01/31 00:19:11 Image size of job updated: 462528
	382  -  MemoryUsage of job (MB)
	390676  -  ResidentSetSize of job (KB)
...
006 (3447427.009.000) 01/31 00:24:12 Image size of job updated: 462528
	382  -  MemoryUsage of job (MB)
	390692  -  ResidentSetSize of job (KB)
...
006 (3447427.009.000) 01/31 00:29:12 Image size of job updated: 462528
	382  -  MemoryUsage of job (MB)
	390716  -  ResidentSetSize of job (KB)
...
006 (3447427.009.000) 01/31 00:34:13 Image size of job updated: 462528
	382  -  MemoryUsage of job (MB)
	390748  -  ResidentSetSize of job (KB)
...
006 (3447427.009.000) 01/31 00:44:14 Image size of job updated: 462528
	382  -  MemoryUsage of job (MB)
	390780  -  ResidentSetSize of job (KB)
...
006 (3447427.009.000) 01/31 00:49:15 Image size of job updated: 462528
	382  -  MemoryUsage of job (MB)
	390828  -  ResidentSetSize of job (KB)
...
006 (3447427.009.000) 01/31 00:54:15 Image size of job updated: 462528
	382  -  MemoryUsage of job (MB)
	390872  -  ResidentSetSize of job (KB)
...
006 (3447427.009.000) 01/31 00:59:15 Image size of job updated: 462528
	382  -  MemoryUsage of job (MB)
	390924  -  ResidentSetSize of job (KB)
...
006 (3447427.009.000) 01/31 01:11:23 Image size of job updated: 462528
	382  -  MemoryUsage of job (MB)
	391000  -  ResidentSetSize of job (KB)
...
006 (3447427.009.000) 01/31 01:17:43 Image size of job updated: 462528
	382  -  MemoryUsage of job (MB)
	391032  -  ResidentSetSize of job (KB)
...
006 (3447427.009.000) 01/31 01:22:47 Image size of job updated: 462528
	382  -  MemoryUsage of job (MB)
	391084  -  ResidentSetSize of job (KB)
...
006 (3447427.009.000) 01/31 01:27:48 Image size of job updated: 462528
	382  -  MemoryUsage of job (MB)
	391144  -  ResidentSetSize of job (KB)
...
006 (3447427.009.000) 01/31 01:32:49 Image size of job updated: 462528
	382  -  MemoryUsage of job (MB)
	391164  -  ResidentSetSize of job (KB)
...
006 (3447427.009.000) 01/31 01:37:49 Image size of job updated: 462528
	382  -  MemoryUsage of job (MB)
	391168  -  ResidentSetSize of job (KB)
...
006 (3447427.009.000) 01/31 01:42:50 Image size of job updated: 462528
	383  -  MemoryUsage of job (MB)
	391204  -  ResidentSetSize of job (KB)
...
006 (3447427.009.000) 01/31 01:47:51 Image size of job updated: 462528
	383  -  MemoryUsage of job (MB)
	391296  -  ResidentSetSize of job (KB)
...
006 (3447427.009.000) 01/31 01:52:51 Image size of job updated: 462528
	383  -  MemoryUsage of job (MB)
	391348  -  ResidentSetSize of job (KB)
...
006 (3447427.009.000) 01/31 02:47:56 Image size of job updated: 462528
	383  -  MemoryUsage of job (MB)
	391380  -  ResidentSetSize of job (KB)
...
006 (3447427.009.000) 01/31 02:52:57 Image size of job updated: 462528
	383  -  MemoryUsage of job (MB)
	391428  -  ResidentSetSize of job (KB)
...
006 (3447427.009.000) 01/31 02:57:58 Image size of job updated: 462528
	383  -  MemoryUsage of job (MB)
	391440  -  ResidentSetSize of job (KB)
...
006 (3447427.009.000) 01/31 03:02:58 Image size of job updated: 462528
	383  -  MemoryUsage of job (MB)
	391532  -  ResidentSetSize of job (KB)
...
006 (3447427.009.000) 01/31 03:07:59 Image size of job updated: 462528
	383  -  MemoryUsage of job (MB)
	391556  -  ResidentSetSize of job (KB)
...
006 (3447427.009.000) 01/31 03:13:00 Image size of job updated: 462528
	383  -  MemoryUsage of job (MB)
	391636  -  ResidentSetSize of job (KB)
...
006 (3447427.009.000) 01/31 05:03:11 Image size of job updated: 462528
	383  -  MemoryUsage of job (MB)
	391660  -  ResidentSetSize of job (KB)
...
006 (3447427.009.000) 01/31 05:08:11 Image size of job updated: 462528
	383  -  MemoryUsage of job (MB)
	391684  -  ResidentSetSize of job (KB)
...
006 (3447427.009.000) 01/31 05:13:11 Image size of job updated: 462528
	383  -  MemoryUsage of job (MB)
	391736  -  ResidentSetSize of job (KB)
...
006 (3447427.009.000) 01/31 05:18:12 Image size of job updated: 462528
	383  -  MemoryUsage of job (MB)
	391812  -  ResidentSetSize of job (KB)
...
006 (3447427.009.000) 01/31 05:23:13 Image size of job updated: 462528
	383  -  MemoryUsage of job (MB)
	391860  -  ResidentSetSize of job (KB)
...
006 (3447427.009.000) 01/31 05:28:13 Image size of job updated: 462528
	383  -  MemoryUsage of job (MB)
	391900  -  ResidentSetSize of job (KB)
...
006 (3447427.009.000) 01/31 05:33:13 Image size of job updated: 462528
	383  -  MemoryUsage of job (MB)
	391940  -  ResidentSetSize of job (KB)
...
006 (3447427.009.000) 01/31 05:38:14 Image size of job updated: 462528
	383  -  MemoryUsage of job (MB)
	391984  -  ResidentSetSize of job (KB)
...
006 (3447427.009.000) 01/31 05:43:15 Image size of job updated: 462528
	383  -  MemoryUsage of job (MB)
	392064  -  ResidentSetSize of job (KB)
...
006 (3447427.009.000) 01/31 05:48:15 Image size of job updated: 462528
	383  -  MemoryUsage of job (MB)
	392092  -  ResidentSetSize of job (KB)
...
006 (3447427.009.000) 01/31 05:58:16 Image size of job updated: 462528
	384  -  MemoryUsage of job (MB)
	392208  -  ResidentSetSize of job (KB)
...
006 (3447427.009.000) 01/31 06:03:17 Image size of job updated: 462528
	384  -  MemoryUsage of job (MB)
	392228  -  ResidentSetSize of job (KB)
...
006 (3447427.009.000) 01/31 06:08:17 Image size of job updated: 462528
	386  -  MemoryUsage of job (MB)
	394712  -  ResidentSetSize of job (KB)
...
006 (3447427.009.000) 01/31 06:13:17 Image size of job updated: 462528
	386  -  MemoryUsage of job (MB)
	394900  -  ResidentSetSize of job (KB)
...
006 (3447427.009.000) 01/31 06:18:18 Image size of job updated: 462528
	386  -  MemoryUsage of job (MB)
	395016  -  ResidentSetSize of job (KB)
...
006 (3447427.009.000) 01/31 06:23:19 Image size of job updated: 462528
	386  -  MemoryUsage of job (MB)
	395172  -  ResidentSetSize of job (KB)
...
006 (3447427.009.000) 01/31 06:28:19 Image size of job updated: 462528
	387  -  MemoryUsage of job (MB)
	395300  -  ResidentSetSize of job (KB)
...
006 (3447427.009.000) 01/31 06:33:19 Image size of job updated: 462528
	387  -  MemoryUsage of job (MB)
	395424  -  ResidentSetSize of job (KB)
...
006 (3447427.009.000) 01/31 06:38:20 Image size of job updated: 462528
	387  -  MemoryUsage of job (MB)
	395612  -  ResidentSetSize of job (KB)
...
006 (3447427.009.000) 01/31 06:43:21 Image size of job updated: 462528
	387  -  MemoryUsage of job (MB)
	395660  -  ResidentSetSize of job (KB)
...
006 (3447427.009.000) 01/31 06:48:21 Image size of job updated: 462528
	387  -  MemoryUsage of job (MB)
	395732  -  ResidentSetSize of job (KB)
...
006 (3447427.009.000) 01/31 06:53:21 Image size of job updated: 462528
	387  -  MemoryUsage of job (MB)
	395844  -  ResidentSetSize of job (KB)
...
006 (3447427.009.000) 01/31 06:58:22 Image size of job updated: 462528
	387  -  MemoryUsage of job (MB)
	395984  -  ResidentSetSize of job (KB)
...
006 (3447427.009.000) 01/31 07:03:22 Image size of job updated: 462528
	387  -  MemoryUsage of job (MB)
	396060  -  ResidentSetSize of job (KB)
...
006 (3447427.009.000) 01/31 07:08:22 Image size of job updated: 462528
	387  -  MemoryUsage of job (MB)
	396168  -  ResidentSetSize of job (KB)
...
006 (3447427.009.000) 01/31 07:13:23 Image size of job updated: 462528
	387  -  MemoryUsage of job (MB)
	396200  -  ResidentSetSize of job (KB)
...
006 (3447427.009.000) 01/31 07:18:24 Image size of job updated: 462528
	388  -  MemoryUsage of job (MB)
	396452  -  ResidentSetSize of job (KB)
...
006 (3447427.009.000) 01/31 07:23:24 Image size of job updated: 462528
	388  -  MemoryUsage of job (MB)
	396496  -  ResidentSetSize of job (KB)
...
006 (3447427.009.000) 01/31 07:28:25 Image size of job updated: 462528
	388  -  MemoryUsage of job (MB)
	396672  -  ResidentSetSize of job (KB)
...
006 (3447427.009.000) 01/31 07:33:26 Image size of job updated: 462528
	388  -  MemoryUsage of job (MB)
	396788  -  ResidentSetSize of job (KB)
...
006 (3447427.009.000) 01/31 07:38:26 Image size of job updated: 462528
	388  -  MemoryUsage of job (MB)
	396888  -  ResidentSetSize of job (KB)
...
006 (3447427.009.000) 01/31 07:43:26 Image size of job updated: 462528
	388  -  MemoryUsage of job (MB)
	397024  -  ResidentSetSize of job (KB)
...
006 (3447427.009.000) 01/31 07:48:27 Image size of job updated: 462528
	388  -  MemoryUsage of job (MB)
	397100  -  ResidentSetSize of job (KB)
...
006 (3447427.009.000) 01/31 07:53:27 Image size of job updated: 462528
	388  -  MemoryUsage of job (MB)
	397220  -  ResidentSetSize of job (KB)
...
006 (3447427.009.000) 01/31 07:58:27 Image size of job updated: 462528
	389  -  MemoryUsage of job (MB)
	397344  -  ResidentSetSize of job (KB)
...
006 (3447427.009.000) 01/31 08:03:28 Image size of job updated: 462528
	389  -  MemoryUsage of job (MB)
	397492  -  ResidentSetSize of job (KB)
...
006 (3447427.009.000) 01/31 08:08:29 Image size of job updated: 462528
	389  -  MemoryUsage of job (MB)
	397692  -  ResidentSetSize of job (KB)
...
006 (3447427.009.000) 01/31 08:13:29 Image size of job updated: 462528
	389  -  MemoryUsage of job (MB)
	397776  -  ResidentSetSize of job (KB)
...
006 (3447427.009.000) 01/31 08:18:29 Image size of job updated: 462528
	389  -  MemoryUsage of job (MB)
	398000  -  ResidentSetSize of job (KB)
...
006 (3447427.009.000) 01/31 08:23:30 Image size of job updated: 462528
	389  -  MemoryUsage of job (MB)
	398096  -  ResidentSetSize of job (KB)
...
006 (3447427.009.000) 01/31 08:28:31 Image size of job updated: 462528
	389  -  MemoryUsage of job (MB)
	398228  -  ResidentSetSize of job (KB)
...
006 (3447427.009.000) 01/31 08:33:31 Image size of job updated: 462528
	390  -  MemoryUsage of job (MB)
	398352  -  ResidentSetSize of job (KB)
...
006 (3447427.009.000) 01/31 08:38:31 Image size of job updated: 462528
	390  -  MemoryUsage of job (MB)
	398456  -  ResidentSetSize of job (KB)
...
006 (3447427.009.000) 01/31 08:43:32 Image size of job updated: 462528
	390  -  MemoryUsage of job (MB)
	398656  -  ResidentSetSize of job (KB)
...
006 (3447427.009.000) 01/31 08:48:33 Image size of job updated: 462528
	390  -  MemoryUsage of job (MB)
	398772  -  ResidentSetSize of job (KB)
...
006 (3447427.009.000) 01/31 08:53:33 Image size of job updated: 462528
	390  -  MemoryUsage of job (MB)
	399056  -  ResidentSetSize of job (KB)
...
006 (3447427.009.000) 01/31 08:58:33 Image size of job updated: 462528
	390  -  MemoryUsage of job (MB)
	399100  -  ResidentSetSize of job (KB)
...
006 (3447427.009.000) 01/31 09:08:34 Image size of job updated: 462528
	391  -  MemoryUsage of job (MB)
	399376  -  ResidentSetSize of job (KB)
...
006 (3447427.009.000) 01/31 10:13:41 Image size of job updated: 462528
	391  -  MemoryUsage of job (MB)
	399540  -  ResidentSetSize of job (KB)
...
006 (3447427.009.000) 01/31 10:18:42 Image size of job updated: 462528
	391  -  MemoryUsage of job (MB)
	399596  -  ResidentSetSize of job (KB)
...
006 (3447427.009.000) 01/31 10:23:42 Image size of job updated: 462528
	391  -  MemoryUsage of job (MB)
	399628  -  ResidentSetSize of job (KB)
...
006 (3447427.009.000) 01/31 10:33:44 Image size of job updated: 462528
	391  -  MemoryUsage of job (MB)
	399656  -  ResidentSetSize of job (KB)
...
006 (3447427.009.000) 01/31 10:48:45 Image size of job updated: 462528
	391  -  MemoryUsage of job (MB)
	399668  -  ResidentSetSize of job (KB)
...
006 (3447427.009.000) 01/31 11:18:48 Image size of job updated: 462528
	391  -  MemoryUsage of job (MB)
	399676  -  ResidentSetSize of job (KB)
...
006 (3447427.009.000) 01/31 11:28:49 Image size of job updated: 462528
	391  -  MemoryUsage of job (MB)
	399692  -  ResidentSetSize of job (KB)
...
006 (3447427.009.000) 01/31 11:58:53 Image size of job updated: 462528
	391  -  MemoryUsage of job (MB)
	399700  -  ResidentSetSize of job (KB)
...
006 (3447427.009.000) 01/31 12:08:54 Image size of job updated: 462528
	391  -  MemoryUsage of job (MB)
	399720  -  ResidentSetSize of job (KB)
...
006 (3447427.009.000) 01/31 12:23:55 Image size of job updated: 462528
	391  -  MemoryUsage of job (MB)
	399724  -  ResidentSetSize of job (KB)
...
006 (3447427.009.000) 01/31 12:38:56 Image size of job updated: 462528
	391  -  MemoryUsage of job (MB)
	399740  -  ResidentSetSize of job (KB)
...
006 (3447427.009.000) 01/31 12:43:57 Image size of job updated: 462528
	391  -  MemoryUsage of job (MB)
	399752  -  ResidentSetSize of job (KB)
...
006 (3447427.009.000) 01/31 12:53:57 Image size of job updated: 462528
	391  -  MemoryUsage of job (MB)
	399780  -  ResidentSetSize of job (KB)
...
006 (3447427.009.000) 01/31 13:08:59 Image size of job updated: 462528
	391  -  MemoryUsage of job (MB)
	399792  -  ResidentSetSize of job (KB)
...
006 (3447427.009.000) 01/31 13:19:01 Image size of job updated: 462528
	391  -  MemoryUsage of job (MB)
	399804  -  ResidentSetSize of job (KB)
...
006 (3447427.009.000) 01/31 13:24:01 Image size of job updated: 462528
	391  -  MemoryUsage of job (MB)
	399808  -  ResidentSetSize of job (KB)
...
006 (3447427.009.000) 01/31 13:34:03 Image size of job updated: 462528
	391  -  MemoryUsage of job (MB)
	399832  -  ResidentSetSize of job (KB)
...
006 (3447427.009.000) 01/31 13:54:05 Image size of job updated: 462528
	391  -  MemoryUsage of job (MB)
	399840  -  ResidentSetSize of job (KB)
...
006 (3447427.009.000) 01/31 14:14:07 Image size of job updated: 462528
	391  -  MemoryUsage of job (MB)
	399844  -  ResidentSetSize of job (KB)
...
006 (3447427.009.000) 01/31 14:39:08 Image size of job updated: 462528
	391  -  MemoryUsage of job (MB)
	399864  -  ResidentSetSize of job (KB)
...
006 (3447427.009.000) 01/31 14:44:09 Image size of job updated: 462528
	391  -  MemoryUsage of job (MB)
	399884  -  ResidentSetSize of job (KB)
...
006 (3447427.009.000) 01/31 14:49:09 Image size of job updated: 462528
	391  -  MemoryUsage of job (MB)
	399904  -  ResidentSetSize of job (KB)
...
006 (3447427.009.000) 01/31 14:54:09 Image size of job updated: 462528
	391  -  MemoryUsage of job (MB)
	399928  -  ResidentSetSize of job (KB)
...
006 (3447427.009.000) 01/31 14:59:10 Image size of job updated: 462528
	391  -  MemoryUsage of job (MB)
	399952  -  ResidentSetSize of job (KB)
...
006 (3447427.009.000) 01/31 15:04:11 Image size of job updated: 462528
	391  -  MemoryUsage of job (MB)
	399980  -  ResidentSetSize of job (KB)
...
006 (3447427.009.000) 01/31 15:09:11 Image size of job updated: 462528
	391  -  MemoryUsage of job (MB)
	399996  -  ResidentSetSize of job (KB)
...
006 (3447427.009.000) 01/31 15:29:14 Image size of job updated: 462528
	391  -  MemoryUsage of job (MB)
	400008  -  ResidentSetSize of job (KB)
...
006 (3447427.009.000) 01/31 15:34:15 Image size of job updated: 462528
	391  -  MemoryUsage of job (MB)
	400036  -  ResidentSetSize of job (KB)
...
006 (3447427.009.000) 01/31 15:39:15 Image size of job updated: 462528
	391  -  MemoryUsage of job (MB)
	400056  -  ResidentSetSize of job (KB)
...
006 (3447427.009.000) 01/31 15:54:16 Image size of job updated: 462528
	391  -  MemoryUsage of job (MB)
	400064  -  ResidentSetSize of job (KB)
...
006 (3447427.009.000) 01/31 15:59:16 Image size of job updated: 462528
	391  -  MemoryUsage of job (MB)
	400088  -  ResidentSetSize of job (KB)
...
006 (3447427.009.000) 01/31 16:24:18 Image size of job updated: 462528
	391  -  MemoryUsage of job (MB)
	400168  -  ResidentSetSize of job (KB)
...
006 (3447427.009.000) 01/31 16:29:18 Image size of job updated: 462528
	391  -  MemoryUsage of job (MB)
	400200  -  ResidentSetSize of job (KB)
...
006 (3447427.009.000) 01/31 16:34:19 Image size of job updated: 462528
	391  -  MemoryUsage of job (MB)
	400208  -  ResidentSetSize of job (KB)
...
006 (3447427.009.000) 01/31 16:39:20 Image size of job updated: 462528
	391  -  MemoryUsage of job (MB)
	400220  -  ResidentSetSize of job (KB)
...
006 (3447427.009.000) 01/31 16:44:20 Image size of job updated: 462528
	391  -  MemoryUsage of job (MB)
	400228  -  ResidentSetSize of job (KB)
...
006 (3447427.009.000) 01/31 17:04:22 Image size of job updated: 462528
	391  -  MemoryUsage of job (MB)
	400292  -  ResidentSetSize of job (KB)
...
040 (3447427.009.000) 02/01 07:54:30 Started transferring input files
	Transferring to host: <128.142.126.83:9618?addrs=128.142.126.83-9618+[2001-1458-301-c3--100-281]-9618&noUDP&sock=2360_9559_24761>
...
040 (3447427.009.000) 02/01 07:54:30 Finished transferring input files
...
001 (3447427.009.000) 02/01 07:54:31 Job executing on host: <128.142.126.83:9618?addrs=128.142.126.83-9618+[2001-1458-301-c3--100-281]-9618&noUDP&sock=1806_5821_3>
...
040 (3447427.009.000) 02/01 07:55:54 Started transferring output files
...
040 (3447427.009.000) 02/01 07:55:54 Finished transferring output files
...
005 (3447427.009.000) 02/01 07:55:54 Job terminated.
	(1) Normal termination (return value 0)
		Usr 0 00:00:07, Sys 0 00:00:06  -  Run Remote Usage
		Usr 0 00:00:00, Sys 0 00:00:00  -  Run Local Usage
		Usr 0 00:00:07, Sys 0 00:00:06  -  Total Remote Usage
		Usr 0 00:00:00, Sys 0 00:00:00  -  Total Local Usage
	9715  -  Run Bytes Sent By Job
	493  -  Run Bytes Received By Job
	9715  -  Total Bytes Sent By Job
	986  -  Total Bytes Received By Job
	Partitionable Resources :    Usage  Request Allocated 
	   Cpus                 :     1.00        1         1 
	   Disk (KB)            :    24          42   2135953 
	   Memory (MB)          :   416        2000      2000 
...
