000 (3447449.012.000) 01/30 07:34:07 Job submitted from host: <188.185.71.142:9618?addrs=188.185.71.142-9618+[2001-1458-d00-7--100-388]-9618&alias=bigbird09.cern.ch&noUDP&sock=schedd_2208_1533_7>
...
040 (3447449.012.000) 01/30 07:56:01 Started transferring input files
	Transferring to host: <188.184.212.201:9618?addrs=188.184.212.201-9618+[2001-1458-301-10c--100-b0]-9618&noUDP&sock=20501_8f1b_195129>
...
040 (3447449.012.000) 01/30 07:56:01 Finished transferring input files
...
001 (3447449.012.000) 01/30 07:56:02 Job executing on host: <188.184.212.201:9618?addrs=188.184.212.201-9618+[2001-1458-301-10c--100-b0]-9618&noUDP&sock=20368_5514_3>
...
006 (3447449.012.000) 01/30 07:56:11 Image size of job updated: 135732
	73  -  MemoryUsage of job (MB)
	74320  -  ResidentSetSize of job (KB)
...
006 (3447449.012.000) 01/30 08:01:12 Image size of job updated: 430364
	354  -  MemoryUsage of job (MB)
	361608  -  ResidentSetSize of job (KB)
...
006 (3447449.012.000) 01/30 08:11:13 Image size of job updated: 430372
	354  -  MemoryUsage of job (MB)
	361616  -  ResidentSetSize of job (KB)
...
006 (3447449.012.000) 01/30 08:31:16 Image size of job updated: 430376
	354  -  MemoryUsage of job (MB)
	361620  -  ResidentSetSize of job (KB)
...
006 (3447449.012.000) 01/30 12:01:39 Image size of job updated: 430376
	354  -  MemoryUsage of job (MB)
	361764  -  ResidentSetSize of job (KB)
...
006 (3447449.012.000) 01/30 12:31:43 Image size of job updated: 430376
	354  -  MemoryUsage of job (MB)
	361788  -  ResidentSetSize of job (KB)
...
006 (3447449.012.000) 01/30 12:36:43 Image size of job updated: 430376
	354  -  MemoryUsage of job (MB)
	361828  -  ResidentSetSize of job (KB)
...
006 (3447449.012.000) 01/30 12:41:43 Image size of job updated: 430376
	354  -  MemoryUsage of job (MB)
	361904  -  ResidentSetSize of job (KB)
...
006 (3447449.012.000) 01/30 12:46:44 Image size of job updated: 430380
	354  -  MemoryUsage of job (MB)
	362000  -  ResidentSetSize of job (KB)
...
006 (3447449.012.000) 01/30 12:51:45 Image size of job updated: 430472
	354  -  MemoryUsage of job (MB)
	362092  -  ResidentSetSize of job (KB)
...
006 (3447449.012.000) 01/30 12:56:45 Image size of job updated: 430548
	354  -  MemoryUsage of job (MB)
	362168  -  ResidentSetSize of job (KB)
...
006 (3447449.012.000) 01/30 13:06:47 Image size of job updated: 430620
	354  -  MemoryUsage of job (MB)
	362240  -  ResidentSetSize of job (KB)
...
006 (3447449.012.000) 01/30 13:26:49 Image size of job updated: 431080
	354  -  MemoryUsage of job (MB)
	362240  -  ResidentSetSize of job (KB)
...
006 (3447449.012.000) 01/30 14:11:54 Image size of job updated: 431080
	354  -  MemoryUsage of job (MB)
	362244  -  ResidentSetSize of job (KB)
...
006 (3447449.012.000) 01/30 14:16:54 Image size of job updated: 431080
	354  -  MemoryUsage of job (MB)
	362404  -  ResidentSetSize of job (KB)
...
006 (3447449.012.000) 01/30 14:21:54 Image size of job updated: 431080
	354  -  MemoryUsage of job (MB)
	362416  -  ResidentSetSize of job (KB)
...
006 (3447449.012.000) 01/30 14:26:55 Image size of job updated: 431080
	355  -  MemoryUsage of job (MB)
	362540  -  ResidentSetSize of job (KB)
...
006 (3447449.012.000) 01/30 14:31:55 Image size of job updated: 431080
	355  -  MemoryUsage of job (MB)
	362604  -  ResidentSetSize of job (KB)
...
006 (3447449.012.000) 01/30 14:36:55 Image size of job updated: 431080
	355  -  MemoryUsage of job (MB)
	362664  -  ResidentSetSize of job (KB)
...
006 (3447449.012.000) 01/30 14:41:56 Image size of job updated: 431080
	355  -  MemoryUsage of job (MB)
	362772  -  ResidentSetSize of job (KB)
...
006 (3447449.012.000) 01/30 14:46:56 Image size of job updated: 431080
	355  -  MemoryUsage of job (MB)
	362848  -  ResidentSetSize of job (KB)
...
006 (3447449.012.000) 01/30 14:51:56 Image size of job updated: 431080
	355  -  MemoryUsage of job (MB)
	362872  -  ResidentSetSize of job (KB)
...
006 (3447449.012.000) 01/30 14:56:57 Image size of job updated: 431080
	355  -  MemoryUsage of job (MB)
	362916  -  ResidentSetSize of job (KB)
...
006 (3447449.012.000) 01/30 15:01:57 Image size of job updated: 431080
	355  -  MemoryUsage of job (MB)
	363048  -  ResidentSetSize of job (KB)
...
006 (3447449.012.000) 01/30 15:06:57 Image size of job updated: 431080
	355  -  MemoryUsage of job (MB)
	363168  -  ResidentSetSize of job (KB)
...
006 (3447449.012.000) 01/30 15:11:58 Image size of job updated: 431080
	355  -  MemoryUsage of job (MB)
	363228  -  ResidentSetSize of job (KB)
...
006 (3447449.012.000) 01/30 15:21:59 Image size of job updated: 431080
	355  -  MemoryUsage of job (MB)
	363260  -  ResidentSetSize of job (KB)
...
006 (3447449.012.000) 01/30 15:27:00 Image size of job updated: 431080
	355  -  MemoryUsage of job (MB)
	363332  -  ResidentSetSize of job (KB)
...
006 (3447449.012.000) 01/30 15:32:01 Image size of job updated: 431080
	355  -  MemoryUsage of job (MB)
	363488  -  ResidentSetSize of job (KB)
...
006 (3447449.012.000) 01/30 15:37:01 Image size of job updated: 431080
	356  -  MemoryUsage of job (MB)
	363532  -  ResidentSetSize of job (KB)
...
006 (3447449.012.000) 01/30 15:42:02 Image size of job updated: 431080
	356  -  MemoryUsage of job (MB)
	363708  -  ResidentSetSize of job (KB)
...
006 (3447449.012.000) 01/30 15:57:03 Image size of job updated: 431080
	356  -  MemoryUsage of job (MB)
	363820  -  ResidentSetSize of job (KB)
...
006 (3447449.012.000) 01/30 16:02:04 Image size of job updated: 431080
	356  -  MemoryUsage of job (MB)
	363836  -  ResidentSetSize of job (KB)
...
006 (3447449.012.000) 01/30 16:07:04 Image size of job updated: 431080
	356  -  MemoryUsage of job (MB)
	363860  -  ResidentSetSize of job (KB)
...
006 (3447449.012.000) 01/30 16:12:05 Image size of job updated: 431080
	356  -  MemoryUsage of job (MB)
	363964  -  ResidentSetSize of job (KB)
...
006 (3447449.012.000) 01/30 16:17:06 Image size of job updated: 431080
	356  -  MemoryUsage of job (MB)
	364020  -  ResidentSetSize of job (KB)
...
006 (3447449.012.000) 01/30 16:22:06 Image size of job updated: 431080
	356  -  MemoryUsage of job (MB)
	364096  -  ResidentSetSize of job (KB)
...
006 (3447449.012.000) 01/30 16:27:06 Image size of job updated: 431080
	356  -  MemoryUsage of job (MB)
	364100  -  ResidentSetSize of job (KB)
...
006 (3447449.012.000) 01/30 16:32:07 Image size of job updated: 431080
	356  -  MemoryUsage of job (MB)
	364236  -  ResidentSetSize of job (KB)
...
006 (3447449.012.000) 01/30 16:37:07 Image size of job updated: 431080
	356  -  MemoryUsage of job (MB)
	364308  -  ResidentSetSize of job (KB)
...
006 (3447449.012.000) 01/30 16:42:07 Image size of job updated: 431080
	356  -  MemoryUsage of job (MB)
	364340  -  ResidentSetSize of job (KB)
...
006 (3447449.012.000) 01/30 16:47:09 Image size of job updated: 431080
	356  -  MemoryUsage of job (MB)
	364508  -  ResidentSetSize of job (KB)
...
006 (3447449.012.000) 01/30 16:52:09 Image size of job updated: 431080
	357  -  MemoryUsage of job (MB)
	364576  -  ResidentSetSize of job (KB)
...
006 (3447449.012.000) 01/30 16:57:09 Image size of job updated: 431080
	357  -  MemoryUsage of job (MB)
	364644  -  ResidentSetSize of job (KB)
...
006 (3447449.012.000) 01/30 17:02:11 Image size of job updated: 431080
	357  -  MemoryUsage of job (MB)
	364692  -  ResidentSetSize of job (KB)
...
006 (3447449.012.000) 01/30 17:07:11 Image size of job updated: 431080
	357  -  MemoryUsage of job (MB)
	364844  -  ResidentSetSize of job (KB)
...
006 (3447449.012.000) 01/30 17:12:11 Image size of job updated: 431080
	357  -  MemoryUsage of job (MB)
	364888  -  ResidentSetSize of job (KB)
...
006 (3447449.012.000) 01/30 17:17:12 Image size of job updated: 431080
	357  -  MemoryUsage of job (MB)
	364912  -  ResidentSetSize of job (KB)
...
006 (3447449.012.000) 01/30 17:22:13 Image size of job updated: 431080
	357  -  MemoryUsage of job (MB)
	364972  -  ResidentSetSize of job (KB)
...
006 (3447449.012.000) 01/30 17:27:13 Image size of job updated: 431080
	357  -  MemoryUsage of job (MB)
	365088  -  ResidentSetSize of job (KB)
...
006 (3447449.012.000) 01/30 17:32:14 Image size of job updated: 431080
	357  -  MemoryUsage of job (MB)
	365132  -  ResidentSetSize of job (KB)
...
006 (3447449.012.000) 01/30 17:37:15 Image size of job updated: 431080
	357  -  MemoryUsage of job (MB)
	365156  -  ResidentSetSize of job (KB)
...
006 (3447449.012.000) 01/30 17:42:15 Image size of job updated: 431080
	357  -  MemoryUsage of job (MB)
	365316  -  ResidentSetSize of job (KB)
...
006 (3447449.012.000) 01/30 17:47:16 Image size of job updated: 431080
	357  -  MemoryUsage of job (MB)
	365428  -  ResidentSetSize of job (KB)
...
006 (3447449.012.000) 01/30 17:52:17 Image size of job updated: 431080
	357  -  MemoryUsage of job (MB)
	365484  -  ResidentSetSize of job (KB)
...
006 (3447449.012.000) 01/30 17:57:17 Image size of job updated: 431080
	358  -  MemoryUsage of job (MB)
	365600  -  ResidentSetSize of job (KB)
...
006 (3447449.012.000) 01/30 18:02:18 Image size of job updated: 431080
	358  -  MemoryUsage of job (MB)
	365616  -  ResidentSetSize of job (KB)
...
006 (3447449.012.000) 01/30 18:07:19 Image size of job updated: 431080
	358  -  MemoryUsage of job (MB)
	365648  -  ResidentSetSize of job (KB)
...
006 (3447449.012.000) 01/30 18:12:19 Image size of job updated: 431080
	358  -  MemoryUsage of job (MB)
	365860  -  ResidentSetSize of job (KB)
...
006 (3447449.012.000) 01/30 18:17:20 Image size of job updated: 431080
	359  -  MemoryUsage of job (MB)
	366804  -  ResidentSetSize of job (KB)
...
006 (3447449.012.000) 01/30 18:22:21 Image size of job updated: 431080
	360  -  MemoryUsage of job (MB)
	368012  -  ResidentSetSize of job (KB)
...
006 (3447449.012.000) 01/30 18:27:21 Image size of job updated: 431080
	360  -  MemoryUsage of job (MB)
	368152  -  ResidentSetSize of job (KB)
...
006 (3447449.012.000) 01/30 18:32:22 Image size of job updated: 431080
	360  -  MemoryUsage of job (MB)
	368184  -  ResidentSetSize of job (KB)
...
006 (3447449.012.000) 01/30 18:37:23 Image size of job updated: 431080
	360  -  MemoryUsage of job (MB)
	368200  -  ResidentSetSize of job (KB)
...
006 (3447449.012.000) 01/30 18:42:23 Image size of job updated: 431080
	360  -  MemoryUsage of job (MB)
	368248  -  ResidentSetSize of job (KB)
...
006 (3447449.012.000) 01/30 18:52:25 Image size of job updated: 431080
	360  -  MemoryUsage of job (MB)
	368340  -  ResidentSetSize of job (KB)
...
006 (3447449.012.000) 01/30 18:57:25 Image size of job updated: 431080
	360  -  MemoryUsage of job (MB)
	368420  -  ResidentSetSize of job (KB)
...
006 (3447449.012.000) 01/30 19:02:26 Image size of job updated: 431080
	360  -  MemoryUsage of job (MB)
	368432  -  ResidentSetSize of job (KB)
...
006 (3447449.012.000) 01/30 19:07:27 Image size of job updated: 431080
	360  -  MemoryUsage of job (MB)
	368512  -  ResidentSetSize of job (KB)
...
006 (3447449.012.000) 01/30 19:12:28 Image size of job updated: 431080
	360  -  MemoryUsage of job (MB)
	368576  -  ResidentSetSize of job (KB)
...
006 (3447449.012.000) 01/30 19:17:28 Image size of job updated: 431080
	360  -  MemoryUsage of job (MB)
	368640  -  ResidentSetSize of job (KB)
...
006 (3447449.012.000) 01/30 19:22:28 Image size of job updated: 431080
	361  -  MemoryUsage of job (MB)
	368664  -  ResidentSetSize of job (KB)
...
006 (3447449.012.000) 01/30 19:27:29 Image size of job updated: 431080
	361  -  MemoryUsage of job (MB)
	368740  -  ResidentSetSize of job (KB)
...
006 (3447449.012.000) 01/30 19:32:29 Image size of job updated: 431080
	361  -  MemoryUsage of job (MB)
	368780  -  ResidentSetSize of job (KB)
...
006 (3447449.012.000) 01/30 19:37:30 Image size of job updated: 431080
	361  -  MemoryUsage of job (MB)
	368820  -  ResidentSetSize of job (KB)
...
006 (3447449.012.000) 01/30 19:42:31 Image size of job updated: 431080
	361  -  MemoryUsage of job (MB)
	368852  -  ResidentSetSize of job (KB)
...
006 (3447449.012.000) 01/30 19:47:31 Image size of job updated: 431080
	361  -  MemoryUsage of job (MB)
	368900  -  ResidentSetSize of job (KB)
...
006 (3447449.012.000) 01/30 19:52:32 Image size of job updated: 431080
	361  -  MemoryUsage of job (MB)
	368916  -  ResidentSetSize of job (KB)
...
006 (3447449.012.000) 01/30 19:57:33 Image size of job updated: 431080
	361  -  MemoryUsage of job (MB)
	368944  -  ResidentSetSize of job (KB)
...
006 (3447449.012.000) 01/30 20:02:33 Image size of job updated: 431080
	361  -  MemoryUsage of job (MB)
	369024  -  ResidentSetSize of job (KB)
...
006 (3447449.012.000) 01/30 20:07:34 Image size of job updated: 431080
	361  -  MemoryUsage of job (MB)
	369044  -  ResidentSetSize of job (KB)
...
006 (3447449.012.000) 01/30 20:12:35 Image size of job updated: 431080
	361  -  MemoryUsage of job (MB)
	369096  -  ResidentSetSize of job (KB)
...
006 (3447449.012.000) 01/30 20:17:35 Image size of job updated: 431080
	361  -  MemoryUsage of job (MB)
	369128  -  ResidentSetSize of job (KB)
...
006 (3447449.012.000) 01/30 20:22:36 Image size of job updated: 431080
	361  -  MemoryUsage of job (MB)
	369188  -  ResidentSetSize of job (KB)
...
006 (3447449.012.000) 01/30 20:27:37 Image size of job updated: 431080
	361  -  MemoryUsage of job (MB)
	369208  -  ResidentSetSize of job (KB)
...
006 (3447449.012.000) 01/30 20:32:37 Image size of job updated: 431080
	361  -  MemoryUsage of job (MB)
	369252  -  ResidentSetSize of job (KB)
...
006 (3447449.012.000) 01/30 20:37:38 Image size of job updated: 431080
	361  -  MemoryUsage of job (MB)
	369264  -  ResidentSetSize of job (KB)
...
006 (3447449.012.000) 01/30 20:42:39 Image size of job updated: 431080
	361  -  MemoryUsage of job (MB)
	369276  -  ResidentSetSize of job (KB)
...
006 (3447449.012.000) 01/30 20:47:39 Image size of job updated: 431080
	361  -  MemoryUsage of job (MB)
	369348  -  ResidentSetSize of job (KB)
...
006 (3447449.012.000) 01/30 20:57:41 Image size of job updated: 431080
	361  -  MemoryUsage of job (MB)
	369408  -  ResidentSetSize of job (KB)
...
006 (3447449.012.000) 01/30 21:07:42 Image size of job updated: 431080
	361  -  MemoryUsage of job (MB)
	369432  -  ResidentSetSize of job (KB)
...
006 (3447449.012.000) 01/30 21:12:43 Image size of job updated: 431080
	361  -  MemoryUsage of job (MB)
	369548  -  ResidentSetSize of job (KB)
...
006 (3447449.012.000) 01/30 21:17:43 Image size of job updated: 431080
	361  -  MemoryUsage of job (MB)
	369564  -  ResidentSetSize of job (KB)
...
006 (3447449.012.000) 01/30 21:22:44 Image size of job updated: 431080
	361  -  MemoryUsage of job (MB)
	369596  -  ResidentSetSize of job (KB)
...
006 (3447449.012.000) 01/30 21:27:44 Image size of job updated: 431080
	361  -  MemoryUsage of job (MB)
	369640  -  ResidentSetSize of job (KB)
...
006 (3447449.012.000) 01/30 21:32:44 Image size of job updated: 431080
	361  -  MemoryUsage of job (MB)
	369664  -  ResidentSetSize of job (KB)
...
006 (3447449.012.000) 01/30 21:37:45 Image size of job updated: 431080
	362  -  MemoryUsage of job (MB)
	369704  -  ResidentSetSize of job (KB)
...
006 (3447449.012.000) 01/30 21:42:45 Image size of job updated: 431080
	362  -  MemoryUsage of job (MB)
	369740  -  ResidentSetSize of job (KB)
...
006 (3447449.012.000) 01/30 21:47:45 Image size of job updated: 431080
	362  -  MemoryUsage of job (MB)
	369780  -  ResidentSetSize of job (KB)
...
006 (3447449.012.000) 01/30 21:52:46 Image size of job updated: 431080
	362  -  MemoryUsage of job (MB)
	369808  -  ResidentSetSize of job (KB)
...
006 (3447449.012.000) 01/30 21:57:46 Image size of job updated: 431080
	362  -  MemoryUsage of job (MB)
	369836  -  ResidentSetSize of job (KB)
...
006 (3447449.012.000) 01/30 22:02:46 Image size of job updated: 431080
	362  -  MemoryUsage of job (MB)
	369884  -  ResidentSetSize of job (KB)
...
006 (3447449.012.000) 01/30 22:07:47 Image size of job updated: 431080
	362  -  MemoryUsage of job (MB)
	369928  -  ResidentSetSize of job (KB)
...
006 (3447449.012.000) 01/30 22:12:47 Image size of job updated: 431080
	362  -  MemoryUsage of job (MB)
	369952  -  ResidentSetSize of job (KB)
...
006 (3447449.012.000) 01/30 22:17:47 Image size of job updated: 431080
	362  -  MemoryUsage of job (MB)
	369980  -  ResidentSetSize of job (KB)
...
006 (3447449.012.000) 01/30 22:22:49 Image size of job updated: 431080
	362  -  MemoryUsage of job (MB)
	370020  -  ResidentSetSize of job (KB)
...
006 (3447449.012.000) 01/30 22:27:49 Image size of job updated: 431080
	362  -  MemoryUsage of job (MB)
	370044  -  ResidentSetSize of job (KB)
...
006 (3447449.012.000) 01/30 22:32:49 Image size of job updated: 431080
	362  -  MemoryUsage of job (MB)
	370060  -  ResidentSetSize of job (KB)
...
006 (3447449.012.000) 01/30 22:37:50 Image size of job updated: 431080
	362  -  MemoryUsage of job (MB)
	370144  -  ResidentSetSize of job (KB)
...
006 (3447449.012.000) 01/30 22:42:51 Image size of job updated: 431080
	362  -  MemoryUsage of job (MB)
	370160  -  ResidentSetSize of job (KB)
...
006 (3447449.012.000) 01/30 22:47:51 Image size of job updated: 431080
	362  -  MemoryUsage of job (MB)
	370200  -  ResidentSetSize of job (KB)
...
006 (3447449.012.000) 01/30 22:52:52 Image size of job updated: 431080
	362  -  MemoryUsage of job (MB)
	370252  -  ResidentSetSize of job (KB)
...
006 (3447449.012.000) 01/30 22:57:53 Image size of job updated: 431080
	362  -  MemoryUsage of job (MB)
	370268  -  ResidentSetSize of job (KB)
...
006 (3447449.012.000) 01/30 23:02:53 Image size of job updated: 431080
	362  -  MemoryUsage of job (MB)
	370300  -  ResidentSetSize of job (KB)
...
006 (3447449.012.000) 01/30 23:07:54 Image size of job updated: 431080
	362  -  MemoryUsage of job (MB)
	370352  -  ResidentSetSize of job (KB)
...
006 (3447449.012.000) 01/30 23:12:55 Image size of job updated: 431080
	362  -  MemoryUsage of job (MB)
	370376  -  ResidentSetSize of job (KB)
...
006 (3447449.012.000) 01/30 23:17:55 Image size of job updated: 431080
	362  -  MemoryUsage of job (MB)
	370448  -  ResidentSetSize of job (KB)
...
006 (3447449.012.000) 01/30 23:22:56 Image size of job updated: 431080
	362  -  MemoryUsage of job (MB)
	370456  -  ResidentSetSize of job (KB)
...
006 (3447449.012.000) 01/30 23:32:57 Image size of job updated: 431080
	362  -  MemoryUsage of job (MB)
	370556  -  ResidentSetSize of job (KB)
...
006 (3447449.012.000) 01/30 23:37:57 Image size of job updated: 431080
	362  -  MemoryUsage of job (MB)
	370636  -  ResidentSetSize of job (KB)
...
006 (3447449.012.000) 01/30 23:42:58 Image size of job updated: 431080
	362  -  MemoryUsage of job (MB)
	370672  -  ResidentSetSize of job (KB)
...
006 (3447449.012.000) 01/30 23:47:58 Image size of job updated: 431080
	363  -  MemoryUsage of job (MB)
	370692  -  ResidentSetSize of job (KB)
...
006 (3447449.012.000) 01/31 00:58:03 Image size of job updated: 431080
	363  -  MemoryUsage of job (MB)
	370724  -  ResidentSetSize of job (KB)
...
006 (3447449.012.000) 01/31 01:03:03 Image size of job updated: 431080
	363  -  MemoryUsage of job (MB)
	370796  -  ResidentSetSize of job (KB)
...
006 (3447449.012.000) 01/31 01:08:04 Image size of job updated: 431080
	363  -  MemoryUsage of job (MB)
	370800  -  ResidentSetSize of job (KB)
...
006 (3447449.012.000) 01/31 01:13:04 Image size of job updated: 431080
	363  -  MemoryUsage of job (MB)
	370892  -  ResidentSetSize of job (KB)
...
006 (3447449.012.000) 01/31 01:23:05 Image size of job updated: 431080
	363  -  MemoryUsage of job (MB)
	370960  -  ResidentSetSize of job (KB)
...
006 (3447449.012.000) 01/31 01:28:05 Image size of job updated: 431080
	363  -  MemoryUsage of job (MB)
	370996  -  ResidentSetSize of job (KB)
...
006 (3447449.012.000) 01/31 01:33:05 Image size of job updated: 431080
	363  -  MemoryUsage of job (MB)
	371036  -  ResidentSetSize of job (KB)
...
006 (3447449.012.000) 01/31 01:38:07 Image size of job updated: 431080
	363  -  MemoryUsage of job (MB)
	371068  -  ResidentSetSize of job (KB)
...
006 (3447449.012.000) 01/31 01:43:07 Image size of job updated: 431080
	363  -  MemoryUsage of job (MB)
	371120  -  ResidentSetSize of job (KB)
...
006 (3447449.012.000) 01/31 01:48:07 Image size of job updated: 431080
	363  -  MemoryUsage of job (MB)
	371188  -  ResidentSetSize of job (KB)
...
006 (3447449.012.000) 01/31 01:53:08 Image size of job updated: 431080
	363  -  MemoryUsage of job (MB)
	371264  -  ResidentSetSize of job (KB)
...
006 (3447449.012.000) 01/31 01:58:09 Image size of job updated: 431080
	363  -  MemoryUsage of job (MB)
	371280  -  ResidentSetSize of job (KB)
...
006 (3447449.012.000) 01/31 02:03:09 Image size of job updated: 431080
	363  -  MemoryUsage of job (MB)
	371308  -  ResidentSetSize of job (KB)
...
006 (3447449.012.000) 01/31 02:08:10 Image size of job updated: 431080
	363  -  MemoryUsage of job (MB)
	371332  -  ResidentSetSize of job (KB)
...
006 (3447449.012.000) 01/31 02:13:11 Image size of job updated: 431080
	363  -  MemoryUsage of job (MB)
	371368  -  ResidentSetSize of job (KB)
...
006 (3447449.012.000) 01/31 02:18:11 Image size of job updated: 431080
	363  -  MemoryUsage of job (MB)
	371412  -  ResidentSetSize of job (KB)
...
006 (3447449.012.000) 01/31 02:23:12 Image size of job updated: 431080
	363  -  MemoryUsage of job (MB)
	371432  -  ResidentSetSize of job (KB)
...
006 (3447449.012.000) 01/31 02:28:13 Image size of job updated: 431080
	363  -  MemoryUsage of job (MB)
	371492  -  ResidentSetSize of job (KB)
...
006 (3447449.012.000) 01/31 02:33:13 Image size of job updated: 431080
	363  -  MemoryUsage of job (MB)
	371520  -  ResidentSetSize of job (KB)
...
006 (3447449.012.000) 01/31 02:38:14 Image size of job updated: 431080
	363  -  MemoryUsage of job (MB)
	371536  -  ResidentSetSize of job (KB)
...
006 (3447449.012.000) 01/31 02:43:15 Image size of job updated: 431080
	363  -  MemoryUsage of job (MB)
	371628  -  ResidentSetSize of job (KB)
...
006 (3447449.012.000) 01/31 02:48:15 Image size of job updated: 431080
	363  -  MemoryUsage of job (MB)
	371664  -  ResidentSetSize of job (KB)
...
006 (3447449.012.000) 01/31 02:53:16 Image size of job updated: 431080
	363  -  MemoryUsage of job (MB)
	371708  -  ResidentSetSize of job (KB)
...
006 (3447449.012.000) 01/31 02:58:17 Image size of job updated: 431080
	364  -  MemoryUsage of job (MB)
	371880  -  ResidentSetSize of job (KB)
...
006 (3447449.012.000) 01/31 03:03:17 Image size of job updated: 431080
	364  -  MemoryUsage of job (MB)
	371916  -  ResidentSetSize of job (KB)
...
006 (3447449.012.000) 01/31 03:13:19 Image size of job updated: 431080
	364  -  MemoryUsage of job (MB)
	371952  -  ResidentSetSize of job (KB)
...
006 (3447449.012.000) 01/31 03:38:21 Image size of job updated: 431080
	364  -  MemoryUsage of job (MB)
	372012  -  ResidentSetSize of job (KB)
...
006 (3447449.012.000) 01/31 03:43:22 Image size of job updated: 431080
	364  -  MemoryUsage of job (MB)
	372032  -  ResidentSetSize of job (KB)
...
006 (3447449.012.000) 01/31 03:48:23 Image size of job updated: 431080
	364  -  MemoryUsage of job (MB)
	372076  -  ResidentSetSize of job (KB)
...
006 (3447449.012.000) 01/31 03:53:23 Image size of job updated: 431080
	364  -  MemoryUsage of job (MB)
	372256  -  ResidentSetSize of job (KB)
...
006 (3447449.012.000) 01/31 03:58:23 Image size of job updated: 431080
	364  -  MemoryUsage of job (MB)
	372312  -  ResidentSetSize of job (KB)
...
006 (3447449.012.000) 01/31 04:08:26 Image size of job updated: 431080
	364  -  MemoryUsage of job (MB)
	372344  -  ResidentSetSize of job (KB)
...
006 (3447449.012.000) 01/31 04:13:26 Image size of job updated: 431080
	364  -  MemoryUsage of job (MB)
	372348  -  ResidentSetSize of job (KB)
...
006 (3447449.012.000) 01/31 04:18:26 Image size of job updated: 431080
	364  -  MemoryUsage of job (MB)
	372364  -  ResidentSetSize of job (KB)
...
006 (3447449.012.000) 01/31 04:23:26 Image size of job updated: 431080
	364  -  MemoryUsage of job (MB)
	372384  -  ResidentSetSize of job (KB)
...
006 (3447449.012.000) 01/31 04:28:27 Image size of job updated: 431080
	364  -  MemoryUsage of job (MB)
	372408  -  ResidentSetSize of job (KB)
...
006 (3447449.012.000) 01/31 04:33:28 Image size of job updated: 431080
	364  -  MemoryUsage of job (MB)
	372412  -  ResidentSetSize of job (KB)
...
006 (3447449.012.000) 01/31 04:43:28 Image size of job updated: 431080
	364  -  MemoryUsage of job (MB)
	372436  -  ResidentSetSize of job (KB)
...
006 (3447449.012.000) 01/31 04:53:30 Image size of job updated: 431080
	364  -  MemoryUsage of job (MB)
	372456  -  ResidentSetSize of job (KB)
...
006 (3447449.012.000) 01/31 04:58:30 Image size of job updated: 431080
	364  -  MemoryUsage of job (MB)
	372476  -  ResidentSetSize of job (KB)
...
006 (3447449.012.000) 01/31 05:03:30 Image size of job updated: 431080
	364  -  MemoryUsage of job (MB)
	372488  -  ResidentSetSize of job (KB)
...
006 (3447449.012.000) 01/31 05:18:32 Image size of job updated: 431080
	364  -  MemoryUsage of job (MB)
	372496  -  ResidentSetSize of job (KB)
...
006 (3447449.012.000) 01/31 05:28:34 Image size of job updated: 431080
	364  -  MemoryUsage of job (MB)
	372508  -  ResidentSetSize of job (KB)
...
006 (3447449.012.000) 01/31 06:18:39 Image size of job updated: 431080
	364  -  MemoryUsage of job (MB)
	372512  -  ResidentSetSize of job (KB)
...
006 (3447449.012.000) 01/31 06:33:40 Image size of job updated: 431080
	364  -  MemoryUsage of job (MB)
	372544  -  ResidentSetSize of job (KB)
...
006 (3447449.012.000) 01/31 06:38:41 Image size of job updated: 431080
	364  -  MemoryUsage of job (MB)
	372548  -  ResidentSetSize of job (KB)
...
006 (3447449.012.000) 01/31 06:43:41 Image size of job updated: 431080
	364  -  MemoryUsage of job (MB)
	372556  -  ResidentSetSize of job (KB)
...
006 (3447449.012.000) 01/31 06:48:42 Image size of job updated: 431080
	364  -  MemoryUsage of job (MB)
	372568  -  ResidentSetSize of job (KB)
...
006 (3447449.012.000) 01/31 06:53:43 Image size of job updated: 431080
	364  -  MemoryUsage of job (MB)
	372592  -  ResidentSetSize of job (KB)
...
006 (3447449.012.000) 01/31 07:03:43 Image size of job updated: 431080
	364  -  MemoryUsage of job (MB)
	372616  -  ResidentSetSize of job (KB)
...
006 (3447449.012.000) 01/31 07:08:44 Image size of job updated: 431080
	364  -  MemoryUsage of job (MB)
	372688  -  ResidentSetSize of job (KB)
...
006 (3447449.012.000) 01/31 07:28:46 Image size of job updated: 431080
	364  -  MemoryUsage of job (MB)
	372732  -  ResidentSetSize of job (KB)
...
006 (3447449.012.000) 01/31 07:58:49 Image size of job updated: 431080
	365  -  MemoryUsage of job (MB)
	372768  -  ResidentSetSize of job (KB)
...
006 (3447449.012.000) 01/31 08:08:49 Image size of job updated: 431080
	365  -  MemoryUsage of job (MB)
	372832  -  ResidentSetSize of job (KB)
...
006 (3447449.012.000) 01/31 08:23:50 Image size of job updated: 431080
	365  -  MemoryUsage of job (MB)
	372836  -  ResidentSetSize of job (KB)
...
006 (3447449.012.000) 01/31 08:28:51 Image size of job updated: 431080
	365  -  MemoryUsage of job (MB)
	372852  -  ResidentSetSize of job (KB)
...
006 (3447449.012.000) 01/31 08:33:52 Image size of job updated: 431080
	365  -  MemoryUsage of job (MB)
	372880  -  ResidentSetSize of job (KB)
...
006 (3447449.012.000) 01/31 08:38:52 Image size of job updated: 431080
	365  -  MemoryUsage of job (MB)
	372896  -  ResidentSetSize of job (KB)
...
006 (3447449.012.000) 01/31 08:48:54 Image size of job updated: 431080
	365  -  MemoryUsage of job (MB)
	372932  -  ResidentSetSize of job (KB)
...
006 (3447449.012.000) 01/31 09:03:56 Image size of job updated: 431080
	365  -  MemoryUsage of job (MB)
	372976  -  ResidentSetSize of job (KB)
...
006 (3447449.012.000) 01/31 09:13:56 Image size of job updated: 431080
	365  -  MemoryUsage of job (MB)
	373016  -  ResidentSetSize of job (KB)
...
006 (3447449.012.000) 01/31 09:23:58 Image size of job updated: 431080
	365  -  MemoryUsage of job (MB)
	373064  -  ResidentSetSize of job (KB)
...
006 (3447449.012.000) 01/31 09:33:59 Image size of job updated: 431080
	365  -  MemoryUsage of job (MB)
	373104  -  ResidentSetSize of job (KB)
...
006 (3447449.012.000) 01/31 09:39:00 Image size of job updated: 431080
	365  -  MemoryUsage of job (MB)
	373116  -  ResidentSetSize of job (KB)
...
006 (3447449.012.000) 01/31 09:49:01 Image size of job updated: 431080
	365  -  MemoryUsage of job (MB)
	373148  -  ResidentSetSize of job (KB)
...
006 (3447449.012.000) 01/31 09:59:02 Image size of job updated: 431080
	365  -  MemoryUsage of job (MB)
	373156  -  ResidentSetSize of job (KB)
...
006 (3447449.012.000) 01/31 10:34:06 Image size of job updated: 431080
	365  -  MemoryUsage of job (MB)
	373180  -  ResidentSetSize of job (KB)
...
006 (3447449.012.000) 01/31 10:44:08 Image size of job updated: 431080
	365  -  MemoryUsage of job (MB)
	373196  -  ResidentSetSize of job (KB)
...
006 (3447449.012.000) 01/31 10:49:08 Image size of job updated: 431080
	365  -  MemoryUsage of job (MB)
	373252  -  ResidentSetSize of job (KB)
...
006 (3447449.012.000) 01/31 11:14:12 Image size of job updated: 431080
	365  -  MemoryUsage of job (MB)
	373300  -  ResidentSetSize of job (KB)
...
006 (3447449.012.000) 01/31 11:19:12 Image size of job updated: 431080
	365  -  MemoryUsage of job (MB)
	373328  -  ResidentSetSize of job (KB)
...
006 (3447449.012.000) 01/31 11:29:14 Image size of job updated: 431080
	365  -  MemoryUsage of job (MB)
	373376  -  ResidentSetSize of job (KB)
...
006 (3447449.012.000) 01/31 11:34:14 Image size of job updated: 431080
	365  -  MemoryUsage of job (MB)
	373396  -  ResidentSetSize of job (KB)
...
006 (3447449.012.000) 01/31 12:04:18 Image size of job updated: 431080
	365  -  MemoryUsage of job (MB)
	373400  -  ResidentSetSize of job (KB)
...
006 (3447449.012.000) 01/31 12:09:19 Image size of job updated: 431080
	365  -  MemoryUsage of job (MB)
	373412  -  ResidentSetSize of job (KB)
...
006 (3447449.012.000) 01/31 12:29:22 Image size of job updated: 431080
	365  -  MemoryUsage of job (MB)
	373424  -  ResidentSetSize of job (KB)
...
006 (3447449.012.000) 01/31 12:39:23 Image size of job updated: 431080
	365  -  MemoryUsage of job (MB)
	373448  -  ResidentSetSize of job (KB)
...
006 (3447449.012.000) 01/31 12:59:26 Image size of job updated: 431080
	365  -  MemoryUsage of job (MB)
	373452  -  ResidentSetSize of job (KB)
...
006 (3447449.012.000) 01/31 13:04:26 Image size of job updated: 431080
	365  -  MemoryUsage of job (MB)
	373500  -  ResidentSetSize of job (KB)
...
006 (3447449.012.000) 01/31 13:09:26 Image size of job updated: 431080
	365  -  MemoryUsage of job (MB)
	373508  -  ResidentSetSize of job (KB)
...
006 (3447449.012.000) 01/31 13:14:27 Image size of job updated: 431080
	365  -  MemoryUsage of job (MB)
	373556  -  ResidentSetSize of job (KB)
...
006 (3447449.012.000) 01/31 13:19:27 Image size of job updated: 431080
	365  -  MemoryUsage of job (MB)
	373572  -  ResidentSetSize of job (KB)
...
006 (3447449.012.000) 01/31 13:39:28 Image size of job updated: 431080
	365  -  MemoryUsage of job (MB)
	373592  -  ResidentSetSize of job (KB)
...
006 (3447449.012.000) 01/31 13:44:29 Image size of job updated: 431080
	365  -  MemoryUsage of job (MB)
	373636  -  ResidentSetSize of job (KB)
...
006 (3447449.012.000) 01/31 13:49:29 Image size of job updated: 431080
	365  -  MemoryUsage of job (MB)
	373660  -  ResidentSetSize of job (KB)
...
006 (3447449.012.000) 01/31 14:04:31 Image size of job updated: 431080
	365  -  MemoryUsage of job (MB)
	373672  -  ResidentSetSize of job (KB)
...
006 (3447449.012.000) 01/31 14:09:31 Image size of job updated: 431080
	365  -  MemoryUsage of job (MB)
	373692  -  ResidentSetSize of job (KB)
...
006 (3447449.012.000) 01/31 14:14:32 Image size of job updated: 431080
	365  -  MemoryUsage of job (MB)
	373724  -  ResidentSetSize of job (KB)
...
006 (3447449.012.000) 01/31 14:44:36 Image size of job updated: 431080
	365  -  MemoryUsage of job (MB)
	373748  -  ResidentSetSize of job (KB)
...
006 (3447449.012.000) 01/31 15:14:39 Image size of job updated: 431080
	365  -  MemoryUsage of job (MB)
	373756  -  ResidentSetSize of job (KB)
...
006 (3447449.012.000) 01/31 15:24:40 Image size of job updated: 431080
	366  -  MemoryUsage of job (MB)
	373784  -  ResidentSetSize of job (KB)
...
006 (3447449.012.000) 01/31 15:29:40 Image size of job updated: 431080
	366  -  MemoryUsage of job (MB)
	373824  -  ResidentSetSize of job (KB)
...
006 (3447449.012.000) 01/31 15:49:42 Image size of job updated: 431080
	366  -  MemoryUsage of job (MB)
	373840  -  ResidentSetSize of job (KB)
...
006 (3447449.012.000) 01/31 15:54:42 Image size of job updated: 431080
	366  -  MemoryUsage of job (MB)
	373860  -  ResidentSetSize of job (KB)
...
006 (3447449.012.000) 01/31 16:09:43 Image size of job updated: 431080
	366  -  MemoryUsage of job (MB)
	373900  -  ResidentSetSize of job (KB)
...
006 (3447449.012.000) 01/31 16:19:44 Image size of job updated: 431080
	366  -  MemoryUsage of job (MB)
	373904  -  ResidentSetSize of job (KB)
...
006 (3447449.012.000) 01/31 16:24:45 Image size of job updated: 431080
	366  -  MemoryUsage of job (MB)
	373912  -  ResidentSetSize of job (KB)
...
006 (3447449.012.000) 01/31 16:29:46 Image size of job updated: 431080
	366  -  MemoryUsage of job (MB)
	373944  -  ResidentSetSize of job (KB)
...
006 (3447449.012.000) 01/31 16:34:46 Image size of job updated: 431080
	366  -  MemoryUsage of job (MB)
	373968  -  ResidentSetSize of job (KB)
...
006 (3447449.012.000) 01/31 17:09:49 Image size of job updated: 431080
	366  -  MemoryUsage of job (MB)
	373976  -  ResidentSetSize of job (KB)
...
007 (3447449.012.000) 01/31 17:21:18 Shadow exception!
	Assertion ERROR on (result)
	0  -  Run Bytes Sent By Job
	493  -  Run Bytes Received By Job
...
040 (3447449.012.000) 02/01 07:54:38 Started transferring input files
	Transferring to host: <128.142.69.254:9618?addrs=128.142.69.254-9618+[2001-1458-301-52--100-4db]-9618&noUDP&sock=14391_82e2_12035>
...
040 (3447449.012.000) 02/01 07:54:38 Finished transferring input files
...
001 (3447449.012.000) 02/01 07:54:39 Job executing on host: <128.142.69.254:9618?addrs=128.142.69.254-9618+[2001-1458-301-52--100-4db]-9618&noUDP&sock=14186_fe99_3>
...
040 (3447449.012.000) 02/01 07:54:51 Started transferring output files
...
040 (3447449.012.000) 02/01 07:54:51 Finished transferring output files
...
005 (3447449.012.000) 02/01 07:54:51 Job terminated.
	(1) Normal termination (return value 0)
		Usr 0 00:00:04, Sys 0 00:00:03  -  Run Remote Usage
		Usr 0 00:00:00, Sys 0 00:00:00  -  Run Local Usage
		Usr 0 00:00:04, Sys 0 00:00:03  -  Total Remote Usage
		Usr 0 00:00:00, Sys 0 00:00:00  -  Total Local Usage
	9715  -  Run Bytes Sent By Job
	493  -  Run Bytes Received By Job
	9715  -  Total Bytes Sent By Job
	986  -  Total Bytes Received By Job
	Partitionable Resources :    Usage  Request Allocated 
	   Cpus                 :                 1           
	   Disk (KB)            :       24       35   2796464 
	   Memory (MB)          :      367     2000      2000 
...
