000 (3447448.003.000) 01/30 07:33:56 Job submitted from host: <188.185.71.142:9618?addrs=188.185.71.142-9618+[2001-1458-d00-7--100-388]-9618&alias=bigbird09.cern.ch&noUDP&sock=schedd_2208_1533_7>
...
040 (3447448.003.000) 01/30 07:55:51 Started transferring input files
	Transferring to host: <188.184.212.201:9618?addrs=188.184.212.201-9618+[2001-1458-301-10c--100-b0]-9618&noUDP&sock=20501_8f1b_195128>
...
040 (3447448.003.000) 01/30 07:55:51 Finished transferring input files
...
001 (3447448.003.000) 01/30 07:55:52 Job executing on host: <188.184.212.201:9618?addrs=188.184.212.201-9618+[2001-1458-301-10c--100-b0]-9618&noUDP&sock=20368_5514_3>
...
006 (3447448.003.000) 01/30 07:56:01 Image size of job updated: 164456
	94  -  MemoryUsage of job (MB)
	96124  -  ResidentSetSize of job (KB)
...
006 (3447448.003.000) 01/30 08:01:02 Image size of job updated: 365728
	353  -  MemoryUsage of job (MB)
	360696  -  ResidentSetSize of job (KB)
...
006 (3447448.003.000) 01/30 08:51:08 Image size of job updated: 365748
	353  -  MemoryUsage of job (MB)
	360716  -  ResidentSetSize of job (KB)
...
006 (3447448.003.000) 01/30 11:46:25 Image size of job updated: 365816
	353  -  MemoryUsage of job (MB)
	360784  -  ResidentSetSize of job (KB)
...
006 (3447448.003.000) 01/30 11:51:26 Image size of job updated: 366036
	353  -  MemoryUsage of job (MB)
	361004  -  ResidentSetSize of job (KB)
...
006 (3447448.003.000) 01/30 11:56:27 Image size of job updated: 366068
	353  -  MemoryUsage of job (MB)
	361036  -  ResidentSetSize of job (KB)
...
006 (3447448.003.000) 01/30 12:56:33 Image size of job updated: 366076
	353  -  MemoryUsage of job (MB)
	361044  -  ResidentSetSize of job (KB)
...
006 (3447448.003.000) 01/30 13:01:33 Image size of job updated: 366168
	353  -  MemoryUsage of job (MB)
	361136  -  ResidentSetSize of job (KB)
...
006 (3447448.003.000) 01/30 13:06:34 Image size of job updated: 366196
	353  -  MemoryUsage of job (MB)
	361164  -  ResidentSetSize of job (KB)
...
006 (3447448.003.000) 01/30 13:11:35 Image size of job updated: 366236
	353  -  MemoryUsage of job (MB)
	361204  -  ResidentSetSize of job (KB)
...
006 (3447448.003.000) 01/30 13:16:35 Image size of job updated: 366360
	353  -  MemoryUsage of job (MB)
	361328  -  ResidentSetSize of job (KB)
...
006 (3447448.003.000) 01/30 13:21:36 Image size of job updated: 366564
	354  -  MemoryUsage of job (MB)
	361532  -  ResidentSetSize of job (KB)
...
006 (3447448.003.000) 01/30 13:26:37 Image size of job updated: 366696
	354  -  MemoryUsage of job (MB)
	361572  -  ResidentSetSize of job (KB)
...
006 (3447448.003.000) 01/30 13:31:37 Image size of job updated: 366696
	354  -  MemoryUsage of job (MB)
	361668  -  ResidentSetSize of job (KB)
...
006 (3447448.003.000) 01/30 13:36:37 Image size of job updated: 366696
	354  -  MemoryUsage of job (MB)
	361824  -  ResidentSetSize of job (KB)
...
006 (3447448.003.000) 01/30 13:41:38 Image size of job updated: 366696
	354  -  MemoryUsage of job (MB)
	361884  -  ResidentSetSize of job (KB)
...
006 (3447448.003.000) 01/30 13:46:38 Image size of job updated: 366696
	354  -  MemoryUsage of job (MB)
	361964  -  ResidentSetSize of job (KB)
...
006 (3447448.003.000) 01/30 13:51:38 Image size of job updated: 366696
	354  -  MemoryUsage of job (MB)
	362068  -  ResidentSetSize of job (KB)
...
006 (3447448.003.000) 01/30 13:56:40 Image size of job updated: 366696
	354  -  MemoryUsage of job (MB)
	362140  -  ResidentSetSize of job (KB)
...
006 (3447448.003.000) 01/30 14:01:40 Image size of job updated: 366696
	354  -  MemoryUsage of job (MB)
	362228  -  ResidentSetSize of job (KB)
...
006 (3447448.003.000) 01/30 14:06:40 Image size of job updated: 366696
	354  -  MemoryUsage of job (MB)
	362312  -  ResidentSetSize of job (KB)
...
006 (3447448.003.000) 01/30 14:11:41 Image size of job updated: 366696
	354  -  MemoryUsage of job (MB)
	362460  -  ResidentSetSize of job (KB)
...
006 (3447448.003.000) 01/30 14:16:42 Image size of job updated: 366696
	354  -  MemoryUsage of job (MB)
	362464  -  ResidentSetSize of job (KB)
...
006 (3447448.003.000) 01/30 14:21:42 Image size of job updated: 366696
	355  -  MemoryUsage of job (MB)
	362536  -  ResidentSetSize of job (KB)
...
006 (3447448.003.000) 01/30 14:26:43 Image size of job updated: 366696
	355  -  MemoryUsage of job (MB)
	362640  -  ResidentSetSize of job (KB)
...
006 (3447448.003.000) 01/30 14:31:44 Image size of job updated: 366696
	355  -  MemoryUsage of job (MB)
	362684  -  ResidentSetSize of job (KB)
...
006 (3447448.003.000) 01/30 14:36:44 Image size of job updated: 366696
	355  -  MemoryUsage of job (MB)
	362756  -  ResidentSetSize of job (KB)
...
006 (3447448.003.000) 01/30 14:41:44 Image size of job updated: 366696
	355  -  MemoryUsage of job (MB)
	362860  -  ResidentSetSize of job (KB)
...
006 (3447448.003.000) 01/30 14:46:45 Image size of job updated: 366696
	355  -  MemoryUsage of job (MB)
	362900  -  ResidentSetSize of job (KB)
...
006 (3447448.003.000) 01/30 14:51:45 Image size of job updated: 366696
	355  -  MemoryUsage of job (MB)
	363012  -  ResidentSetSize of job (KB)
...
006 (3447448.003.000) 01/30 14:56:45 Image size of job updated: 366696
	355  -  MemoryUsage of job (MB)
	363020  -  ResidentSetSize of job (KB)
...
006 (3447448.003.000) 01/30 15:01:46 Image size of job updated: 366696
	355  -  MemoryUsage of job (MB)
	363148  -  ResidentSetSize of job (KB)
...
006 (3447448.003.000) 01/30 15:06:46 Image size of job updated: 366696
	355  -  MemoryUsage of job (MB)
	363196  -  ResidentSetSize of job (KB)
...
006 (3447448.003.000) 01/30 15:11:46 Image size of job updated: 366696
	355  -  MemoryUsage of job (MB)
	363356  -  ResidentSetSize of job (KB)
...
006 (3447448.003.000) 01/30 15:16:47 Image size of job updated: 366696
	355  -  MemoryUsage of job (MB)
	363384  -  ResidentSetSize of job (KB)
...
006 (3447448.003.000) 01/30 15:21:47 Image size of job updated: 366696
	355  -  MemoryUsage of job (MB)
	363512  -  ResidentSetSize of job (KB)
...
006 (3447448.003.000) 01/30 15:26:47 Image size of job updated: 366696
	356  -  MemoryUsage of job (MB)
	363596  -  ResidentSetSize of job (KB)
...
006 (3447448.003.000) 01/30 15:31:48 Image size of job updated: 366696
	356  -  MemoryUsage of job (MB)
	363680  -  ResidentSetSize of job (KB)
...
006 (3447448.003.000) 01/30 15:36:48 Image size of job updated: 366696
	356  -  MemoryUsage of job (MB)
	363756  -  ResidentSetSize of job (KB)
...
006 (3447448.003.000) 01/30 15:41:48 Image size of job updated: 366696
	356  -  MemoryUsage of job (MB)
	363824  -  ResidentSetSize of job (KB)
...
006 (3447448.003.000) 01/30 15:46:49 Image size of job updated: 366696
	356  -  MemoryUsage of job (MB)
	363904  -  ResidentSetSize of job (KB)
...
006 (3447448.003.000) 01/30 15:51:50 Image size of job updated: 366696
	356  -  MemoryUsage of job (MB)
	363944  -  ResidentSetSize of job (KB)
...
006 (3447448.003.000) 01/30 15:56:50 Image size of job updated: 366696
	356  -  MemoryUsage of job (MB)
	363964  -  ResidentSetSize of job (KB)
...
006 (3447448.003.000) 01/30 16:01:51 Image size of job updated: 366696
	356  -  MemoryUsage of job (MB)
	364096  -  ResidentSetSize of job (KB)
...
006 (3447448.003.000) 01/30 16:06:52 Image size of job updated: 366696
	356  -  MemoryUsage of job (MB)
	364200  -  ResidentSetSize of job (KB)
...
006 (3447448.003.000) 01/30 16:11:52 Image size of job updated: 366696
	356  -  MemoryUsage of job (MB)
	364252  -  ResidentSetSize of job (KB)
...
006 (3447448.003.000) 01/30 16:16:52 Image size of job updated: 366696
	356  -  MemoryUsage of job (MB)
	364280  -  ResidentSetSize of job (KB)
...
006 (3447448.003.000) 01/30 16:21:53 Image size of job updated: 366696
	356  -  MemoryUsage of job (MB)
	364400  -  ResidentSetSize of job (KB)
...
006 (3447448.003.000) 01/30 16:26:53 Image size of job updated: 366696
	356  -  MemoryUsage of job (MB)
	364492  -  ResidentSetSize of job (KB)
...
006 (3447448.003.000) 01/30 16:31:53 Image size of job updated: 366696
	357  -  MemoryUsage of job (MB)
	364620  -  ResidentSetSize of job (KB)
...
006 (3447448.003.000) 01/30 16:36:55 Image size of job updated: 366696
	357  -  MemoryUsage of job (MB)
	364900  -  ResidentSetSize of job (KB)
...
006 (3447448.003.000) 01/30 16:41:55 Image size of job updated: 379208
	358  -  MemoryUsage of job (MB)
	365800  -  ResidentSetSize of job (KB)
...
006 (3447448.003.000) 01/30 16:46:55 Image size of job updated: 380692
	359  -  MemoryUsage of job (MB)
	367004  -  ResidentSetSize of job (KB)
...
006 (3447448.003.000) 01/30 16:51:57 Image size of job updated: 380836
	359  -  MemoryUsage of job (MB)
	367148  -  ResidentSetSize of job (KB)
...
006 (3447448.003.000) 01/30 16:56:57 Image size of job updated: 380872
	359  -  MemoryUsage of job (MB)
	367184  -  ResidentSetSize of job (KB)
...
006 (3447448.003.000) 01/30 17:01:57 Image size of job updated: 380928
	359  -  MemoryUsage of job (MB)
	367240  -  ResidentSetSize of job (KB)
...
006 (3447448.003.000) 01/30 17:11:59 Image size of job updated: 380976
	359  -  MemoryUsage of job (MB)
	367288  -  ResidentSetSize of job (KB)
...
006 (3447448.003.000) 01/30 17:16:59 Image size of job updated: 381100
	359  -  MemoryUsage of job (MB)
	367388  -  ResidentSetSize of job (KB)
...
006 (3447448.003.000) 01/30 17:27:01 Image size of job updated: 381220
	359  -  MemoryUsage of job (MB)
	367508  -  ResidentSetSize of job (KB)
...
006 (3447448.003.000) 01/30 17:32:01 Image size of job updated: 381240
	359  -  MemoryUsage of job (MB)
	367528  -  ResidentSetSize of job (KB)
...
006 (3447448.003.000) 01/30 17:37:02 Image size of job updated: 381260
	359  -  MemoryUsage of job (MB)
	367548  -  ResidentSetSize of job (KB)
...
006 (3447448.003.000) 01/30 17:42:03 Image size of job updated: 381352
	360  -  MemoryUsage of job (MB)
	367640  -  ResidentSetSize of job (KB)
...
006 (3447448.003.000) 01/30 17:47:03 Image size of job updated: 381400
	360  -  MemoryUsage of job (MB)
	367688  -  ResidentSetSize of job (KB)
...
006 (3447448.003.000) 01/30 17:52:04 Image size of job updated: 381452
	360  -  MemoryUsage of job (MB)
	367740  -  ResidentSetSize of job (KB)
...
006 (3447448.003.000) 01/30 17:57:05 Image size of job updated: 381496
	360  -  MemoryUsage of job (MB)
	367784  -  ResidentSetSize of job (KB)
...
006 (3447448.003.000) 01/30 18:02:05 Image size of job updated: 381576
	360  -  MemoryUsage of job (MB)
	367864  -  ResidentSetSize of job (KB)
...
006 (3447448.003.000) 01/30 18:07:06 Image size of job updated: 381588
	360  -  MemoryUsage of job (MB)
	367876  -  ResidentSetSize of job (KB)
...
006 (3447448.003.000) 01/30 18:12:06 Image size of job updated: 381636
	360  -  MemoryUsage of job (MB)
	367924  -  ResidentSetSize of job (KB)
...
006 (3447448.003.000) 01/30 18:17:06 Image size of job updated: 381684
	360  -  MemoryUsage of job (MB)
	367972  -  ResidentSetSize of job (KB)
...
006 (3447448.003.000) 01/30 18:22:07 Image size of job updated: 381732
	360  -  MemoryUsage of job (MB)
	368020  -  ResidentSetSize of job (KB)
...
006 (3447448.003.000) 01/30 18:27:07 Image size of job updated: 381788
	360  -  MemoryUsage of job (MB)
	368076  -  ResidentSetSize of job (KB)
...
006 (3447448.003.000) 01/30 18:32:07 Image size of job updated: 381804
	360  -  MemoryUsage of job (MB)
	368092  -  ResidentSetSize of job (KB)
...
006 (3447448.003.000) 01/30 18:37:09 Image size of job updated: 381868
	360  -  MemoryUsage of job (MB)
	368156  -  ResidentSetSize of job (KB)
...
006 (3447448.003.000) 01/30 18:42:09 Image size of job updated: 381872
	360  -  MemoryUsage of job (MB)
	368160  -  ResidentSetSize of job (KB)
...
006 (3447448.003.000) 01/30 18:47:09 Image size of job updated: 381908
	360  -  MemoryUsage of job (MB)
	368196  -  ResidentSetSize of job (KB)
...
006 (3447448.003.000) 01/30 18:52:10 Image size of job updated: 382032
	360  -  MemoryUsage of job (MB)
	368320  -  ResidentSetSize of job (KB)
...
006 (3447448.003.000) 01/30 18:57:11 Image size of job updated: 382056
	360  -  MemoryUsage of job (MB)
	368344  -  ResidentSetSize of job (KB)
...
006 (3447448.003.000) 01/30 19:07:12 Image size of job updated: 382088
	360  -  MemoryUsage of job (MB)
	368376  -  ResidentSetSize of job (KB)
...
006 (3447448.003.000) 01/30 19:12:13 Image size of job updated: 382176
	360  -  MemoryUsage of job (MB)
	368464  -  ResidentSetSize of job (KB)
...
006 (3447448.003.000) 01/30 19:17:13 Image size of job updated: 382232
	360  -  MemoryUsage of job (MB)
	368520  -  ResidentSetSize of job (KB)
...
006 (3447448.003.000) 01/30 19:22:14 Image size of job updated: 382236
	360  -  MemoryUsage of job (MB)
	368524  -  ResidentSetSize of job (KB)
...
006 (3447448.003.000) 01/30 19:27:15 Image size of job updated: 382296
	360  -  MemoryUsage of job (MB)
	368584  -  ResidentSetSize of job (KB)
...
006 (3447448.003.000) 01/30 19:32:15 Image size of job updated: 382348
	360  -  MemoryUsage of job (MB)
	368636  -  ResidentSetSize of job (KB)
...
006 (3447448.003.000) 01/30 19:37:16 Image size of job updated: 382356
	361  -  MemoryUsage of job (MB)
	368644  -  ResidentSetSize of job (KB)
...
006 (3447448.003.000) 01/30 19:42:17 Image size of job updated: 382416
	361  -  MemoryUsage of job (MB)
	368704  -  ResidentSetSize of job (KB)
...
006 (3447448.003.000) 01/30 19:47:17 Image size of job updated: 382464
	361  -  MemoryUsage of job (MB)
	368752  -  ResidentSetSize of job (KB)
...
006 (3447448.003.000) 01/30 19:52:17 Image size of job updated: 382464
	361  -  MemoryUsage of job (MB)
	368772  -  ResidentSetSize of job (KB)
...
006 (3447448.003.000) 01/30 19:57:17 Image size of job updated: 382464
	361  -  MemoryUsage of job (MB)
	368812  -  ResidentSetSize of job (KB)
...
006 (3447448.003.000) 01/30 20:02:18 Image size of job updated: 382464
	361  -  MemoryUsage of job (MB)
	368932  -  ResidentSetSize of job (KB)
...
006 (3447448.003.000) 01/30 20:12:18 Image size of job updated: 382464
	361  -  MemoryUsage of job (MB)
	368980  -  ResidentSetSize of job (KB)
...
006 (3447448.003.000) 01/30 20:22:19 Image size of job updated: 382464
	361  -  MemoryUsage of job (MB)
	369032  -  ResidentSetSize of job (KB)
...
006 (3447448.003.000) 01/30 20:27:19 Image size of job updated: 382464
	361  -  MemoryUsage of job (MB)
	369076  -  ResidentSetSize of job (KB)
...
006 (3447448.003.000) 01/30 20:32:20 Image size of job updated: 382464
	361  -  MemoryUsage of job (MB)
	369084  -  ResidentSetSize of job (KB)
...
006 (3447448.003.000) 01/30 20:37:20 Image size of job updated: 382464
	361  -  MemoryUsage of job (MB)
	369124  -  ResidentSetSize of job (KB)
...
006 (3447448.003.000) 01/30 20:42:20 Image size of job updated: 382464
	361  -  MemoryUsage of job (MB)
	369152  -  ResidentSetSize of job (KB)
...
006 (3447448.003.000) 01/30 20:47:21 Image size of job updated: 382464
	361  -  MemoryUsage of job (MB)
	369244  -  ResidentSetSize of job (KB)
...
006 (3447448.003.000) 01/30 20:52:21 Image size of job updated: 382464
	361  -  MemoryUsage of job (MB)
	369284  -  ResidentSetSize of job (KB)
...
006 (3447448.003.000) 01/30 20:57:21 Image size of job updated: 382464
	361  -  MemoryUsage of job (MB)
	369288  -  ResidentSetSize of job (KB)
...
006 (3447448.003.000) 01/30 21:02:22 Image size of job updated: 382464
	361  -  MemoryUsage of job (MB)
	369336  -  ResidentSetSize of job (KB)
...
006 (3447448.003.000) 01/30 21:07:22 Image size of job updated: 382464
	361  -  MemoryUsage of job (MB)
	369392  -  ResidentSetSize of job (KB)
...
006 (3447448.003.000) 01/30 21:12:22 Image size of job updated: 382464
	361  -  MemoryUsage of job (MB)
	369460  -  ResidentSetSize of job (KB)
...
006 (3447448.003.000) 01/30 21:17:23 Image size of job updated: 382464
	361  -  MemoryUsage of job (MB)
	369488  -  ResidentSetSize of job (KB)
...
006 (3447448.003.000) 01/30 21:22:23 Image size of job updated: 382464
	361  -  MemoryUsage of job (MB)
	369496  -  ResidentSetSize of job (KB)
...
006 (3447448.003.000) 01/30 21:27:23 Image size of job updated: 382464
	361  -  MemoryUsage of job (MB)
	369608  -  ResidentSetSize of job (KB)
...
006 (3447448.003.000) 01/30 21:32:24 Image size of job updated: 382464
	361  -  MemoryUsage of job (MB)
	369640  -  ResidentSetSize of job (KB)
...
006 (3447448.003.000) 01/30 21:37:24 Image size of job updated: 382464
	362  -  MemoryUsage of job (MB)
	369672  -  ResidentSetSize of job (KB)
...
006 (3447448.003.000) 01/30 21:42:24 Image size of job updated: 382464
	362  -  MemoryUsage of job (MB)
	369712  -  ResidentSetSize of job (KB)
...
006 (3447448.003.000) 01/30 21:47:25 Image size of job updated: 382464
	362  -  MemoryUsage of job (MB)
	369792  -  ResidentSetSize of job (KB)
...
006 (3447448.003.000) 01/30 21:52:25 Image size of job updated: 382464
	362  -  MemoryUsage of job (MB)
	369828  -  ResidentSetSize of job (KB)
...
006 (3447448.003.000) 01/30 21:57:25 Image size of job updated: 382464
	362  -  MemoryUsage of job (MB)
	369856  -  ResidentSetSize of job (KB)
...
006 (3447448.003.000) 01/30 22:02:26 Image size of job updated: 382464
	362  -  MemoryUsage of job (MB)
	369900  -  ResidentSetSize of job (KB)
...
006 (3447448.003.000) 01/30 22:07:26 Image size of job updated: 382464
	362  -  MemoryUsage of job (MB)
	369980  -  ResidentSetSize of job (KB)
...
006 (3447448.003.000) 01/30 22:12:26 Image size of job updated: 382464
	362  -  MemoryUsage of job (MB)
	370012  -  ResidentSetSize of job (KB)
...
006 (3447448.003.000) 01/30 22:17:27 Image size of job updated: 382464
	362  -  MemoryUsage of job (MB)
	370048  -  ResidentSetSize of job (KB)
...
006 (3447448.003.000) 01/30 22:22:27 Image size of job updated: 382464
	362  -  MemoryUsage of job (MB)
	370072  -  ResidentSetSize of job (KB)
...
006 (3447448.003.000) 01/30 22:27:27 Image size of job updated: 382464
	362  -  MemoryUsage of job (MB)
	370088  -  ResidentSetSize of job (KB)
...
006 (3447448.003.000) 01/30 22:32:29 Image size of job updated: 382464
	362  -  MemoryUsage of job (MB)
	370148  -  ResidentSetSize of job (KB)
...
006 (3447448.003.000) 01/30 22:42:29 Image size of job updated: 382464
	362  -  MemoryUsage of job (MB)
	370204  -  ResidentSetSize of job (KB)
...
006 (3447448.003.000) 01/30 22:47:30 Image size of job updated: 382464
	362  -  MemoryUsage of job (MB)
	370324  -  ResidentSetSize of job (KB)
...
006 (3447448.003.000) 01/30 22:52:31 Image size of job updated: 382464
	362  -  MemoryUsage of job (MB)
	370384  -  ResidentSetSize of job (KB)
...
006 (3447448.003.000) 01/30 22:57:31 Image size of job updated: 382464
	362  -  MemoryUsage of job (MB)
	370432  -  ResidentSetSize of job (KB)
...
006 (3447448.003.000) 01/30 23:02:32 Image size of job updated: 382464
	362  -  MemoryUsage of job (MB)
	370448  -  ResidentSetSize of job (KB)
...
006 (3447448.003.000) 01/30 23:07:33 Image size of job updated: 382464
	362  -  MemoryUsage of job (MB)
	370508  -  ResidentSetSize of job (KB)
...
006 (3447448.003.000) 01/30 23:12:33 Image size of job updated: 382464
	362  -  MemoryUsage of job (MB)
	370588  -  ResidentSetSize of job (KB)
...
006 (3447448.003.000) 01/30 23:17:34 Image size of job updated: 382464
	362  -  MemoryUsage of job (MB)
	370640  -  ResidentSetSize of job (KB)
...
006 (3447448.003.000) 01/30 23:22:35 Image size of job updated: 382464
	362  -  MemoryUsage of job (MB)
	370668  -  ResidentSetSize of job (KB)
...
006 (3447448.003.000) 01/30 23:27:35 Image size of job updated: 382464
	363  -  MemoryUsage of job (MB)
	370708  -  ResidentSetSize of job (KB)
...
006 (3447448.003.000) 01/30 23:32:36 Image size of job updated: 382464
	363  -  MemoryUsage of job (MB)
	370732  -  ResidentSetSize of job (KB)
...
006 (3447448.003.000) 01/30 23:42:37 Image size of job updated: 382464
	363  -  MemoryUsage of job (MB)
	370836  -  ResidentSetSize of job (KB)
...
006 (3447448.003.000) 01/30 23:47:38 Image size of job updated: 382464
	363  -  MemoryUsage of job (MB)
	370856  -  ResidentSetSize of job (KB)
...
006 (3447448.003.000) 01/31 00:27:43 Image size of job updated: 382464
	363  -  MemoryUsage of job (MB)
	370920  -  ResidentSetSize of job (KB)
...
006 (3447448.003.000) 01/31 00:37:45 Image size of job updated: 382464
	363  -  MemoryUsage of job (MB)
	371224  -  ResidentSetSize of job (KB)
...
006 (3447448.003.000) 01/31 00:42:45 Image size of job updated: 382464
	363  -  MemoryUsage of job (MB)
	371496  -  ResidentSetSize of job (KB)
...
006 (3447448.003.000) 01/31 04:18:09 Image size of job updated: 382464
	363  -  MemoryUsage of job (MB)
	371520  -  ResidentSetSize of job (KB)
...
006 (3447448.003.000) 01/31 04:23:10 Image size of job updated: 382464
	363  -  MemoryUsage of job (MB)
	371560  -  ResidentSetSize of job (KB)
...
006 (3447448.003.000) 01/31 04:28:10 Image size of job updated: 382464
	363  -  MemoryUsage of job (MB)
	371592  -  ResidentSetSize of job (KB)
...
006 (3447448.003.000) 01/31 04:33:10 Image size of job updated: 382464
	363  -  MemoryUsage of job (MB)
	371652  -  ResidentSetSize of job (KB)
...
006 (3447448.003.000) 01/31 04:43:12 Image size of job updated: 382464
	363  -  MemoryUsage of job (MB)
	371676  -  ResidentSetSize of job (KB)
...
006 (3447448.003.000) 01/31 05:03:14 Image size of job updated: 382464
	364  -  MemoryUsage of job (MB)
	371724  -  ResidentSetSize of job (KB)
...
006 (3447448.003.000) 01/31 05:13:14 Image size of job updated: 382464
	364  -  MemoryUsage of job (MB)
	371744  -  ResidentSetSize of job (KB)
...
006 (3447448.003.000) 01/31 05:23:16 Image size of job updated: 382464
	364  -  MemoryUsage of job (MB)
	371756  -  ResidentSetSize of job (KB)
...
006 (3447448.003.000) 01/31 05:28:16 Image size of job updated: 382464
	364  -  MemoryUsage of job (MB)
	371780  -  ResidentSetSize of job (KB)
...
006 (3447448.003.000) 01/31 05:33:17 Image size of job updated: 382464
	364  -  MemoryUsage of job (MB)
	371800  -  ResidentSetSize of job (KB)
...
006 (3447448.003.000) 01/31 05:43:18 Image size of job updated: 382464
	364  -  MemoryUsage of job (MB)
	371872  -  ResidentSetSize of job (KB)
...
006 (3447448.003.000) 01/31 05:48:18 Image size of job updated: 382464
	364  -  MemoryUsage of job (MB)
	371932  -  ResidentSetSize of job (KB)
...
006 (3447448.003.000) 01/31 05:53:20 Image size of job updated: 382464
	364  -  MemoryUsage of job (MB)
	371944  -  ResidentSetSize of job (KB)
...
006 (3447448.003.000) 01/31 06:08:21 Image size of job updated: 382464
	364  -  MemoryUsage of job (MB)
	372004  -  ResidentSetSize of job (KB)
...
006 (3447448.003.000) 01/31 06:18:22 Image size of job updated: 382464
	364  -  MemoryUsage of job (MB)
	372028  -  ResidentSetSize of job (KB)
...
006 (3447448.003.000) 01/31 06:48:25 Image size of job updated: 382464
	364  -  MemoryUsage of job (MB)
	372084  -  ResidentSetSize of job (KB)
...
006 (3447448.003.000) 01/31 06:53:25 Image size of job updated: 382464
	364  -  MemoryUsage of job (MB)
	372088  -  ResidentSetSize of job (KB)
...
006 (3447448.003.000) 01/31 06:58:26 Image size of job updated: 382464
	364  -  MemoryUsage of job (MB)
	372136  -  ResidentSetSize of job (KB)
...
006 (3447448.003.000) 01/31 07:13:27 Image size of job updated: 382464
	364  -  MemoryUsage of job (MB)
	372220  -  ResidentSetSize of job (KB)
...
006 (3447448.003.000) 01/31 07:18:28 Image size of job updated: 382464
	364  -  MemoryUsage of job (MB)
	372240  -  ResidentSetSize of job (KB)
...
006 (3447448.003.000) 01/31 07:33:29 Image size of job updated: 382464
	364  -  MemoryUsage of job (MB)
	372268  -  ResidentSetSize of job (KB)
...
006 (3447448.003.000) 01/31 07:43:30 Image size of job updated: 382464
	364  -  MemoryUsage of job (MB)
	372304  -  ResidentSetSize of job (KB)
...
006 (3447448.003.000) 01/31 07:48:31 Image size of job updated: 382464
	364  -  MemoryUsage of job (MB)
	372376  -  ResidentSetSize of job (KB)
...
006 (3447448.003.000) 01/31 07:53:32 Image size of job updated: 382464
	364  -  MemoryUsage of job (MB)
	372428  -  ResidentSetSize of job (KB)
...
006 (3447448.003.000) 01/31 08:03:32 Image size of job updated: 382464
	364  -  MemoryUsage of job (MB)
	372440  -  ResidentSetSize of job (KB)
...
006 (3447448.003.000) 01/31 08:33:36 Image size of job updated: 382464
	364  -  MemoryUsage of job (MB)
	372452  -  ResidentSetSize of job (KB)
...
006 (3447448.003.000) 01/31 08:43:38 Image size of job updated: 382464
	364  -  MemoryUsage of job (MB)
	372464  -  ResidentSetSize of job (KB)
...
006 (3447448.003.000) 01/31 08:48:38 Image size of job updated: 382464
	364  -  MemoryUsage of job (MB)
	372488  -  ResidentSetSize of job (KB)
...
006 (3447448.003.000) 01/31 08:53:38 Image size of job updated: 382464
	364  -  MemoryUsage of job (MB)
	372496  -  ResidentSetSize of job (KB)
...
006 (3447448.003.000) 01/31 09:18:41 Image size of job updated: 382464
	364  -  MemoryUsage of job (MB)
	372580  -  ResidentSetSize of job (KB)
...
006 (3447448.003.000) 01/31 09:28:42 Image size of job updated: 382464
	364  -  MemoryUsage of job (MB)
	372596  -  ResidentSetSize of job (KB)
...
006 (3447448.003.000) 01/31 09:33:43 Image size of job updated: 382464
	364  -  MemoryUsage of job (MB)
	372620  -  ResidentSetSize of job (KB)
...
006 (3447448.003.000) 01/31 09:48:44 Image size of job updated: 382464
	364  -  MemoryUsage of job (MB)
	372652  -  ResidentSetSize of job (KB)
...
006 (3447448.003.000) 01/31 09:53:44 Image size of job updated: 382464
	364  -  MemoryUsage of job (MB)
	372672  -  ResidentSetSize of job (KB)
...
006 (3447448.003.000) 01/31 09:58:44 Image size of job updated: 382464
	364  -  MemoryUsage of job (MB)
	372684  -  ResidentSetSize of job (KB)
...
006 (3447448.003.000) 01/31 10:08:46 Image size of job updated: 382464
	364  -  MemoryUsage of job (MB)
	372704  -  ResidentSetSize of job (KB)
...
006 (3447448.003.000) 01/31 10:13:46 Image size of job updated: 382464
	365  -  MemoryUsage of job (MB)
	372768  -  ResidentSetSize of job (KB)
...
006 (3447448.003.000) 01/31 10:18:47 Image size of job updated: 382464
	365  -  MemoryUsage of job (MB)
	372796  -  ResidentSetSize of job (KB)
...
006 (3447448.003.000) 01/31 10:23:48 Image size of job updated: 382464
	365  -  MemoryUsage of job (MB)
	372808  -  ResidentSetSize of job (KB)
...
006 (3447448.003.000) 01/31 10:28:48 Image size of job updated: 382464
	365  -  MemoryUsage of job (MB)
	372820  -  ResidentSetSize of job (KB)
...
006 (3447448.003.000) 01/31 12:03:55 Image size of job updated: 382464
	365  -  MemoryUsage of job (MB)
	372828  -  ResidentSetSize of job (KB)
...
006 (3447448.003.000) 01/31 12:08:56 Image size of job updated: 382464
	365  -  MemoryUsage of job (MB)
	372832  -  ResidentSetSize of job (KB)
...
006 (3447448.003.000) 01/31 12:18:57 Image size of job updated: 382464
	365  -  MemoryUsage of job (MB)
	372844  -  ResidentSetSize of job (KB)
...
006 (3447448.003.000) 01/31 12:23:58 Image size of job updated: 382464
	365  -  MemoryUsage of job (MB)
	372872  -  ResidentSetSize of job (KB)
...
006 (3447448.003.000) 01/31 12:33:59 Image size of job updated: 382464
	365  -  MemoryUsage of job (MB)
	372884  -  ResidentSetSize of job (KB)
...
006 (3447448.003.000) 01/31 12:44:01 Image size of job updated: 382464
	365  -  MemoryUsage of job (MB)
	372904  -  ResidentSetSize of job (KB)
...
006 (3447448.003.000) 01/31 12:49:01 Image size of job updated: 382464
	365  -  MemoryUsage of job (MB)
	372916  -  ResidentSetSize of job (KB)
...
006 (3447448.003.000) 01/31 12:54:02 Image size of job updated: 382464
	365  -  MemoryUsage of job (MB)
	372920  -  ResidentSetSize of job (KB)
...
006 (3447448.003.000) 01/31 12:59:03 Image size of job updated: 382464
	365  -  MemoryUsage of job (MB)
	372924  -  ResidentSetSize of job (KB)
...
006 (3447448.003.000) 01/31 13:04:03 Image size of job updated: 382464
	365  -  MemoryUsage of job (MB)
	372944  -  ResidentSetSize of job (KB)
...
006 (3447448.003.000) 01/31 13:09:04 Image size of job updated: 382464
	365  -  MemoryUsage of job (MB)
	372972  -  ResidentSetSize of job (KB)
...
006 (3447448.003.000) 01/31 13:14:05 Image size of job updated: 382464
	365  -  MemoryUsage of job (MB)
	372988  -  ResidentSetSize of job (KB)
...
006 (3447448.003.000) 01/31 13:19:05 Image size of job updated: 382464
	365  -  MemoryUsage of job (MB)
	373012  -  ResidentSetSize of job (KB)
...
006 (3447448.003.000) 01/31 13:24:06 Image size of job updated: 382464
	365  -  MemoryUsage of job (MB)
	373052  -  ResidentSetSize of job (KB)
...
006 (3447448.003.000) 01/31 13:49:08 Image size of job updated: 382464
	365  -  MemoryUsage of job (MB)
	373056  -  ResidentSetSize of job (KB)
...
006 (3447448.003.000) 01/31 13:54:08 Image size of job updated: 382464
	365  -  MemoryUsage of job (MB)
	373084  -  ResidentSetSize of job (KB)
...
006 (3447448.003.000) 01/31 14:09:09 Image size of job updated: 382464
	365  -  MemoryUsage of job (MB)
	373112  -  ResidentSetSize of job (KB)
...
006 (3447448.003.000) 01/31 14:14:11 Image size of job updated: 382464
	365  -  MemoryUsage of job (MB)
	373136  -  ResidentSetSize of job (KB)
...
006 (3447448.003.000) 01/31 14:19:11 Image size of job updated: 382464
	365  -  MemoryUsage of job (MB)
	373156  -  ResidentSetSize of job (KB)
...
006 (3447448.003.000) 01/31 14:29:13 Image size of job updated: 382464
	365  -  MemoryUsage of job (MB)
	373172  -  ResidentSetSize of job (KB)
...
006 (3447448.003.000) 01/31 14:34:13 Image size of job updated: 382464
	365  -  MemoryUsage of job (MB)
	373188  -  ResidentSetSize of job (KB)
...
006 (3447448.003.000) 01/31 14:39:13 Image size of job updated: 382464
	365  -  MemoryUsage of job (MB)
	373228  -  ResidentSetSize of job (KB)
...
006 (3447448.003.000) 01/31 14:54:15 Image size of job updated: 382464
	365  -  MemoryUsage of job (MB)
	373248  -  ResidentSetSize of job (KB)
...
006 (3447448.003.000) 01/31 15:14:18 Image size of job updated: 382464
	365  -  MemoryUsage of job (MB)
	373260  -  ResidentSetSize of job (KB)
...
006 (3447448.003.000) 01/31 15:19:19 Image size of job updated: 382464
	365  -  MemoryUsage of job (MB)
	373292  -  ResidentSetSize of job (KB)
...
006 (3447448.003.000) 01/31 15:24:19 Image size of job updated: 382464
	365  -  MemoryUsage of job (MB)
	373312  -  ResidentSetSize of job (KB)
...
006 (3447448.003.000) 01/31 15:29:20 Image size of job updated: 382464
	365  -  MemoryUsage of job (MB)
	373336  -  ResidentSetSize of job (KB)
...
006 (3447448.003.000) 01/31 15:39:21 Image size of job updated: 382464
	365  -  MemoryUsage of job (MB)
	373340  -  ResidentSetSize of job (KB)
...
006 (3447448.003.000) 01/31 15:44:21 Image size of job updated: 382464
	365  -  MemoryUsage of job (MB)
	373360  -  ResidentSetSize of job (KB)
...
006 (3447448.003.000) 01/31 15:49:22 Image size of job updated: 382464
	365  -  MemoryUsage of job (MB)
	373388  -  ResidentSetSize of job (KB)
...
006 (3447448.003.000) 01/31 15:54:22 Image size of job updated: 382464
	365  -  MemoryUsage of job (MB)
	373404  -  ResidentSetSize of job (KB)
...
006 (3447448.003.000) 01/31 16:09:23 Image size of job updated: 382464
	365  -  MemoryUsage of job (MB)
	373408  -  ResidentSetSize of job (KB)
...
006 (3447448.003.000) 01/31 16:14:23 Image size of job updated: 382464
	365  -  MemoryUsage of job (MB)
	373432  -  ResidentSetSize of job (KB)
...
006 (3447448.003.000) 01/31 16:19:24 Image size of job updated: 382464
	365  -  MemoryUsage of job (MB)
	373444  -  ResidentSetSize of job (KB)
...
006 (3447448.003.000) 01/31 16:29:24 Image size of job updated: 382464
	365  -  MemoryUsage of job (MB)
	373496  -  ResidentSetSize of job (KB)
...
006 (3447448.003.000) 01/31 16:44:26 Image size of job updated: 382464
	365  -  MemoryUsage of job (MB)
	373524  -  ResidentSetSize of job (KB)
...
006 (3447448.003.000) 01/31 16:54:28 Image size of job updated: 382464
	365  -  MemoryUsage of job (MB)
	373540  -  ResidentSetSize of job (KB)
...
006 (3447448.003.000) 01/31 16:59:28 Image size of job updated: 382464
	365  -  MemoryUsage of job (MB)
	373552  -  ResidentSetSize of job (KB)
...
006 (3447448.003.000) 01/31 17:04:29 Image size of job updated: 382464
	365  -  MemoryUsage of job (MB)
	373576  -  ResidentSetSize of job (KB)
...
006 (3447448.003.000) 01/31 17:09:30 Image size of job updated: 382464
	365  -  MemoryUsage of job (MB)
	373588  -  ResidentSetSize of job (KB)
...
006 (3447448.003.000) 01/31 17:15:38 Image size of job updated: 382464
	365  -  MemoryUsage of job (MB)
	373616  -  ResidentSetSize of job (KB)
...
006 (3447448.003.000) 01/31 17:29:32 Image size of job updated: 382464
	365  -  MemoryUsage of job (MB)
	373632  -  ResidentSetSize of job (KB)
...
006 (3447448.003.000) 01/31 17:34:33 Image size of job updated: 382464
	365  -  MemoryUsage of job (MB)
	373648  -  ResidentSetSize of job (KB)
...
006 (3447448.003.000) 01/31 17:39:33 Image size of job updated: 382464
	365  -  MemoryUsage of job (MB)
	373660  -  ResidentSetSize of job (KB)
...
006 (3447448.003.000) 01/31 17:44:33 Image size of job updated: 382464
	365  -  MemoryUsage of job (MB)
	373688  -  ResidentSetSize of job (KB)
...
006 (3447448.003.000) 01/31 17:49:34 Image size of job updated: 382464
	365  -  MemoryUsage of job (MB)
	373724  -  ResidentSetSize of job (KB)
...
006 (3447448.003.000) 01/31 17:54:34 Image size of job updated: 382464
	365  -  MemoryUsage of job (MB)
	373736  -  ResidentSetSize of job (KB)
...
006 (3447448.003.000) 01/31 18:04:36 Image size of job updated: 382464
	366  -  MemoryUsage of job (MB)
	373768  -  ResidentSetSize of job (KB)
...
006 (3447448.003.000) 01/31 18:17:10 Image size of job updated: 382464
	366  -  MemoryUsage of job (MB)
	373832  -  ResidentSetSize of job (KB)
...
006 (3447448.003.000) 01/31 18:39:53 Image size of job updated: 382464
	366  -  MemoryUsage of job (MB)
	373916  -  ResidentSetSize of job (KB)
...
006 (3447448.003.000) 01/31 18:58:04 Image size of job updated: 382464
	366  -  MemoryUsage of job (MB)
	374004  -  ResidentSetSize of job (KB)
...
006 (3447448.003.000) 01/31 19:08:59 Image size of job updated: 382464
	366  -  MemoryUsage of job (MB)
	374024  -  ResidentSetSize of job (KB)
...
006 (3447448.003.000) 01/31 19:20:33 Image size of job updated: 382464
	366  -  MemoryUsage of job (MB)
	374032  -  ResidentSetSize of job (KB)
...
006 (3447448.003.000) 01/31 19:25:33 Image size of job updated: 382464
	366  -  MemoryUsage of job (MB)
	374044  -  ResidentSetSize of job (KB)
...
006 (3447448.003.000) 01/31 19:30:34 Image size of job updated: 382464
	366  -  MemoryUsage of job (MB)
	374056  -  ResidentSetSize of job (KB)
...
006 (3447448.003.000) 01/31 19:35:35 Image size of job updated: 382464
	366  -  MemoryUsage of job (MB)
	374064  -  ResidentSetSize of job (KB)
...
006 (3447448.003.000) 01/31 19:40:35 Image size of job updated: 382464
	366  -  MemoryUsage of job (MB)
	374092  -  ResidentSetSize of job (KB)
...
006 (3447448.003.000) 01/31 19:45:35 Image size of job updated: 382464
	366  -  MemoryUsage of job (MB)
	374120  -  ResidentSetSize of job (KB)
...
006 (3447448.003.000) 01/31 19:50:36 Image size of job updated: 382464
	366  -  MemoryUsage of job (MB)
	374148  -  ResidentSetSize of job (KB)
...
006 (3447448.003.000) 01/31 19:55:36 Image size of job updated: 382464
	366  -  MemoryUsage of job (MB)
	374152  -  ResidentSetSize of job (KB)
...
006 (3447448.003.000) 01/31 20:00:36 Image size of job updated: 382464
	366  -  MemoryUsage of job (MB)
	374156  -  ResidentSetSize of job (KB)
...
006 (3447448.003.000) 01/31 20:05:37 Image size of job updated: 382464
	366  -  MemoryUsage of job (MB)
	374188  -  ResidentSetSize of job (KB)
...
006 (3447448.003.000) 01/31 20:10:37 Image size of job updated: 382464
	366  -  MemoryUsage of job (MB)
	374232  -  ResidentSetSize of job (KB)
...
006 (3447448.003.000) 01/31 20:15:37 Image size of job updated: 382464
	366  -  MemoryUsage of job (MB)
	374240  -  ResidentSetSize of job (KB)
...
006 (3447448.003.000) 01/31 20:20:38 Image size of job updated: 382464
	366  -  MemoryUsage of job (MB)
	374244  -  ResidentSetSize of job (KB)
...
006 (3447448.003.000) 01/31 20:35:39 Image size of job updated: 382464
	366  -  MemoryUsage of job (MB)
	374252  -  ResidentSetSize of job (KB)
...
006 (3447448.003.000) 01/31 20:45:39 Image size of job updated: 382464
	366  -  MemoryUsage of job (MB)
	374268  -  ResidentSetSize of job (KB)
...
006 (3447448.003.000) 01/31 20:50:41 Image size of job updated: 382464
	366  -  MemoryUsage of job (MB)
	374280  -  ResidentSetSize of job (KB)
...
006 (3447448.003.000) 01/31 20:55:41 Image size of job updated: 382464
	366  -  MemoryUsage of job (MB)
	374316  -  ResidentSetSize of job (KB)
...
006 (3447448.003.000) 01/31 21:05:42 Image size of job updated: 382464
	366  -  MemoryUsage of job (MB)
	374332  -  ResidentSetSize of job (KB)
...
006 (3447448.003.000) 01/31 21:10:42 Image size of job updated: 382464
	366  -  MemoryUsage of job (MB)
	374356  -  ResidentSetSize of job (KB)
...
006 (3447448.003.000) 01/31 21:25:44 Image size of job updated: 382464
	366  -  MemoryUsage of job (MB)
	374368  -  ResidentSetSize of job (KB)
...
006 (3447448.003.000) 01/31 21:30:44 Image size of job updated: 382464
	366  -  MemoryUsage of job (MB)
	374380  -  ResidentSetSize of job (KB)
...
006 (3447448.003.000) 01/31 21:35:45 Image size of job updated: 382464
	366  -  MemoryUsage of job (MB)
	374384  -  ResidentSetSize of job (KB)
...
006 (3447448.003.000) 01/31 21:45:46 Image size of job updated: 382464
	366  -  MemoryUsage of job (MB)
	374400  -  ResidentSetSize of job (KB)
...
006 (3447448.003.000) 01/31 21:50:47 Image size of job updated: 382464
	366  -  MemoryUsage of job (MB)
	374408  -  ResidentSetSize of job (KB)
...
006 (3447448.003.000) 01/31 21:55:48 Image size of job updated: 382464
	366  -  MemoryUsage of job (MB)
	374420  -  ResidentSetSize of job (KB)
...
006 (3447448.003.000) 01/31 22:00:48 Image size of job updated: 382464
	366  -  MemoryUsage of job (MB)
	374464  -  ResidentSetSize of job (KB)
...
006 (3447448.003.000) 01/31 22:10:50 Image size of job updated: 382464
	366  -  MemoryUsage of job (MB)
	374468  -  ResidentSetSize of job (KB)
...
006 (3447448.003.000) 01/31 22:15:50 Image size of job updated: 382464
	366  -  MemoryUsage of job (MB)
	374492  -  ResidentSetSize of job (KB)
...
006 (3447448.003.000) 01/31 22:41:51 Image size of job updated: 382464
	366  -  MemoryUsage of job (MB)
	374516  -  ResidentSetSize of job (KB)
...
006 (3447448.003.000) 01/31 23:51:57 Image size of job updated: 382464
	366  -  MemoryUsage of job (MB)
	374528  -  ResidentSetSize of job (KB)
...
006 (3447448.003.000) 01/31 23:56:57 Image size of job updated: 382464
	366  -  MemoryUsage of job (MB)
	374536  -  ResidentSetSize of job (KB)
...
006 (3447448.003.000) 02/01 00:01:59 Image size of job updated: 382464
	366  -  MemoryUsage of job (MB)
	374540  -  ResidentSetSize of job (KB)
...
006 (3447448.003.000) 02/01 00:06:59 Image size of job updated: 382464
	366  -  MemoryUsage of job (MB)
	374572  -  ResidentSetSize of job (KB)
...
006 (3447448.003.000) 02/01 00:11:59 Image size of job updated: 382464
	366  -  MemoryUsage of job (MB)
	374624  -  ResidentSetSize of job (KB)
...
006 (3447448.003.000) 02/01 00:22:01 Image size of job updated: 382464
	366  -  MemoryUsage of job (MB)
	374644  -  ResidentSetSize of job (KB)
...
006 (3447448.003.000) 02/01 00:42:03 Image size of job updated: 382464
	366  -  MemoryUsage of job (MB)
	374648  -  ResidentSetSize of job (KB)
...
006 (3447448.003.000) 02/01 00:47:04 Image size of job updated: 382464
	366  -  MemoryUsage of job (MB)
	374684  -  ResidentSetSize of job (KB)
...
006 (3447448.003.000) 02/01 00:52:05 Image size of job updated: 382464
	366  -  MemoryUsage of job (MB)
	374696  -  ResidentSetSize of job (KB)
...
006 (3447448.003.000) 02/01 01:02:06 Image size of job updated: 382464
	366  -  MemoryUsage of job (MB)
	374708  -  ResidentSetSize of job (KB)
...
006 (3447448.003.000) 02/01 01:07:07 Image size of job updated: 382464
	366  -  MemoryUsage of job (MB)
	374712  -  ResidentSetSize of job (KB)
...
006 (3447448.003.000) 02/01 01:12:07 Image size of job updated: 382464
	366  -  MemoryUsage of job (MB)
	374732  -  ResidentSetSize of job (KB)
...
006 (3447448.003.000) 02/01 02:47:15 Image size of job updated: 382464
	366  -  MemoryUsage of job (MB)
	374736  -  ResidentSetSize of job (KB)
...
006 (3447448.003.000) 02/01 02:52:16 Image size of job updated: 382464
	366  -  MemoryUsage of job (MB)
	374744  -  ResidentSetSize of job (KB)
...
006 (3447448.003.000) 02/01 03:02:17 Image size of job updated: 382464
	366  -  MemoryUsage of job (MB)
	374780  -  ResidentSetSize of job (KB)
...
006 (3447448.003.000) 02/01 03:07:18 Image size of job updated: 382464
	367  -  MemoryUsage of job (MB)
	374792  -  ResidentSetSize of job (KB)
...
006 (3447448.003.000) 02/01 05:12:30 Image size of job updated: 382464
	367  -  MemoryUsage of job (MB)
	374804  -  ResidentSetSize of job (KB)
...
006 (3447448.003.000) 02/01 05:22:31 Image size of job updated: 382464
	367  -  MemoryUsage of job (MB)
	374832  -  ResidentSetSize of job (KB)
...
006 (3447448.003.000) 02/01 05:27:31 Image size of job updated: 382464
	367  -  MemoryUsage of job (MB)
	374844  -  ResidentSetSize of job (KB)
...
006 (3447448.003.000) 02/01 05:32:32 Image size of job updated: 382464
	367  -  MemoryUsage of job (MB)
	374864  -  ResidentSetSize of job (KB)
...
006 (3447448.003.000) 02/01 05:37:33 Image size of job updated: 382464
	367  -  MemoryUsage of job (MB)
	374908  -  ResidentSetSize of job (KB)
...
006 (3447448.003.000) 02/01 05:47:34 Image size of job updated: 382464
	367  -  MemoryUsage of job (MB)
	374932  -  ResidentSetSize of job (KB)
...
006 (3447448.003.000) 02/01 05:57:35 Image size of job updated: 382464
	367  -  MemoryUsage of job (MB)
	374948  -  ResidentSetSize of job (KB)
...
006 (3447448.003.000) 02/01 06:02:36 Image size of job updated: 382464
	367  -  MemoryUsage of job (MB)
	374968  -  ResidentSetSize of job (KB)
...
006 (3447448.003.000) 02/01 06:07:37 Image size of job updated: 382464
	367  -  MemoryUsage of job (MB)
	374996  -  ResidentSetSize of job (KB)
...
006 (3447448.003.000) 02/01 06:12:37 Image size of job updated: 382464
	367  -  MemoryUsage of job (MB)
	375012  -  ResidentSetSize of job (KB)
...
006 (3447448.003.000) 02/01 06:17:37 Image size of job updated: 382464
	367  -  MemoryUsage of job (MB)
	375068  -  ResidentSetSize of job (KB)
...
006 (3447448.003.000) 02/01 06:22:38 Image size of job updated: 382464
	367  -  MemoryUsage of job (MB)
	375092  -  ResidentSetSize of job (KB)
...
006 (3447448.003.000) 02/01 06:42:39 Image size of job updated: 382464
	367  -  MemoryUsage of job (MB)
	375100  -  ResidentSetSize of job (KB)
...
006 (3447448.003.000) 02/01 06:47:39 Image size of job updated: 382464
	367  -  MemoryUsage of job (MB)
	375128  -  ResidentSetSize of job (KB)
...
006 (3447448.003.000) 02/01 06:52:40 Image size of job updated: 382464
	367  -  MemoryUsage of job (MB)
	375152  -  ResidentSetSize of job (KB)
...
006 (3447448.003.000) 02/01 07:07:41 Image size of job updated: 382464
	367  -  MemoryUsage of job (MB)
	375184  -  ResidentSetSize of job (KB)
...
006 (3447448.003.000) 02/01 07:17:41 Image size of job updated: 382464
	367  -  MemoryUsage of job (MB)
	375220  -  ResidentSetSize of job (KB)
...
006 (3447448.003.000) 02/01 07:22:42 Image size of job updated: 382464
	367  -  MemoryUsage of job (MB)
	375248  -  ResidentSetSize of job (KB)
...
006 (3447448.003.000) 02/01 07:32:43 Image size of job updated: 382464
	367  -  MemoryUsage of job (MB)
	375256  -  ResidentSetSize of job (KB)
...
006 (3447448.003.000) 02/01 07:37:44 Image size of job updated: 382464
	367  -  MemoryUsage of job (MB)
	375264  -  ResidentSetSize of job (KB)
...
006 (3447448.003.000) 02/01 07:42:45 Image size of job updated: 382464
	367  -  MemoryUsage of job (MB)
	375292  -  ResidentSetSize of job (KB)
...
006 (3447448.003.000) 02/01 07:52:46 Image size of job updated: 382464
	367  -  MemoryUsage of job (MB)
	375308  -  ResidentSetSize of job (KB)
...
006 (3447448.003.000) 02/01 07:57:47 Image size of job updated: 382464
	367  -  MemoryUsage of job (MB)
	375320  -  ResidentSetSize of job (KB)
...
006 (3447448.003.000) 02/01 08:02:47 Image size of job updated: 382464
	367  -  MemoryUsage of job (MB)
	375332  -  ResidentSetSize of job (KB)
...
006 (3447448.003.000) 02/01 08:07:47 Image size of job updated: 382464
	367  -  MemoryUsage of job (MB)
	375348  -  ResidentSetSize of job (KB)
...
006 (3447448.003.000) 02/01 08:12:48 Image size of job updated: 382464
	367  -  MemoryUsage of job (MB)
	375368  -  ResidentSetSize of job (KB)
...
006 (3447448.003.000) 02/01 08:17:48 Image size of job updated: 382464
	367  -  MemoryUsage of job (MB)
	375404  -  ResidentSetSize of job (KB)
...
006 (3447448.003.000) 02/01 08:27:49 Image size of job updated: 382464
	367  -  MemoryUsage of job (MB)
	375412  -  ResidentSetSize of job (KB)
...
006 (3447448.003.000) 02/01 08:32:49 Image size of job updated: 382464
	367  -  MemoryUsage of job (MB)
	375416  -  ResidentSetSize of job (KB)
...
006 (3447448.003.000) 02/01 08:37:49 Image size of job updated: 382464
	367  -  MemoryUsage of job (MB)
	375468  -  ResidentSetSize of job (KB)
...
006 (3447448.003.000) 02/01 08:47:50 Image size of job updated: 382464
	367  -  MemoryUsage of job (MB)
	375472  -  ResidentSetSize of job (KB)
...
006 (3447448.003.000) 02/01 08:52:50 Image size of job updated: 382464
	367  -  MemoryUsage of job (MB)
	375496  -  ResidentSetSize of job (KB)
...
006 (3447448.003.000) 02/01 08:57:51 Image size of job updated: 382464
	367  -  MemoryUsage of job (MB)
	375528  -  ResidentSetSize of job (KB)
...
006 (3447448.003.000) 02/01 09:02:51 Image size of job updated: 382464
	367  -  MemoryUsage of job (MB)
	375568  -  ResidentSetSize of job (KB)
...
006 (3447448.003.000) 02/01 09:07:51 Image size of job updated: 382464
	367  -  MemoryUsage of job (MB)
	375588  -  ResidentSetSize of job (KB)
...
006 (3447448.003.000) 02/01 09:12:53 Image size of job updated: 382464
	367  -  MemoryUsage of job (MB)
	375592  -  ResidentSetSize of job (KB)
...
006 (3447448.003.000) 02/01 09:17:53 Image size of job updated: 382464
	367  -  MemoryUsage of job (MB)
	375616  -  ResidentSetSize of job (KB)
...
006 (3447448.003.000) 02/01 09:22:53 Image size of job updated: 382464
	367  -  MemoryUsage of job (MB)
	375628  -  ResidentSetSize of job (KB)
...
006 (3447448.003.000) 02/01 09:32:55 Image size of job updated: 382464
	367  -  MemoryUsage of job (MB)
	375644  -  ResidentSetSize of job (KB)
...
006 (3447448.003.000) 02/01 09:37:55 Image size of job updated: 382464
	367  -  MemoryUsage of job (MB)
	375672  -  ResidentSetSize of job (KB)
...
006 (3447448.003.000) 02/01 09:42:55 Image size of job updated: 382464
	367  -  MemoryUsage of job (MB)
	375688  -  ResidentSetSize of job (KB)
...
006 (3447448.003.000) 02/01 09:52:56 Image size of job updated: 382464
	367  -  MemoryUsage of job (MB)
	375712  -  ResidentSetSize of job (KB)
...
006 (3447448.003.000) 02/01 09:57:56 Image size of job updated: 382464
	367  -  MemoryUsage of job (MB)
	375720  -  ResidentSetSize of job (KB)
...
006 (3447448.003.000) 02/01 10:02:57 Image size of job updated: 382464
	367  -  MemoryUsage of job (MB)
	375756  -  ResidentSetSize of job (KB)
...
006 (3447448.003.000) 02/01 10:07:57 Image size of job updated: 382464
	367  -  MemoryUsage of job (MB)
	375764  -  ResidentSetSize of job (KB)
...
006 (3447448.003.000) 02/01 10:12:57 Image size of job updated: 382464
	367  -  MemoryUsage of job (MB)
	375804  -  ResidentSetSize of job (KB)
...
006 (3447448.003.000) 02/01 10:17:58 Image size of job updated: 382464
	368  -  MemoryUsage of job (MB)
	375812  -  ResidentSetSize of job (KB)
...
006 (3447448.003.000) 02/01 10:22:59 Image size of job updated: 382464
	368  -  MemoryUsage of job (MB)
	375816  -  ResidentSetSize of job (KB)
...
006 (3447448.003.000) 02/01 10:27:59 Image size of job updated: 382464
	368  -  MemoryUsage of job (MB)
	375836  -  ResidentSetSize of job (KB)
...
006 (3447448.003.000) 02/01 10:33:00 Image size of job updated: 382464
	368  -  MemoryUsage of job (MB)
	375860  -  ResidentSetSize of job (KB)
...
006 (3447448.003.000) 02/01 10:38:01 Image size of job updated: 382464
	368  -  MemoryUsage of job (MB)
	375884  -  ResidentSetSize of job (KB)
...
040 (3447448.003.000) 02/01 19:44:32 Started transferring input files
	Transferring to host: <128.142.71.112:9618?addrs=128.142.71.112-9618+[2001-1458-301-52--100-3da]-9618&noUDP&sock=14354_7101_13532>
...
040 (3447448.003.000) 02/01 19:44:32 Finished transferring input files
...
001 (3447448.003.000) 02/01 19:44:33 Job executing on host: <128.142.71.112:9618?addrs=128.142.71.112-9618+[2001-1458-301-52--100-3da]-9618&noUDP&sock=14150_4d31_3>
...
006 (3447448.003.000) 02/01 19:44:50 Image size of job updated: 1049968
	391  -  MemoryUsage of job (MB)
	400000  -  ResidentSetSize of job (KB)
...
040 (3447448.003.000) 02/01 19:44:50 Started transferring output files
...
040 (3447448.003.000) 02/01 19:44:50 Finished transferring output files
...
005 (3447448.003.000) 02/01 19:44:50 Job terminated.
	(1) Normal termination (return value 0)
		Usr 0 00:00:05, Sys 0 00:00:04  -  Run Remote Usage
		Usr 0 00:00:00, Sys 0 00:00:00  -  Run Local Usage
		Usr 0 00:00:05, Sys 0 00:00:04  -  Total Remote Usage
		Usr 0 00:00:00, Sys 0 00:00:00  -  Total Local Usage
	9715  -  Run Bytes Sent By Job
	493  -  Run Bytes Received By Job
	9715  -  Total Bytes Sent By Job
	986  -  Total Bytes Received By Job
	Partitionable Resources :    Usage  Request Allocated 
	   Cpus                 :                 1           
	   Disk (KB)            :       24       40   2768934 
	   Memory (MB)          :      391     2000      2000 
...
