000 (3444395.007.000) 01/29 18:50:40 Job submitted from host: <188.185.71.142:9618?addrs=188.185.71.142-9618+[2001-1458-d00-7--100-388]-9618&alias=bigbird09.cern.ch&noUDP&sock=schedd_2208_1533_7>
...
040 (3444395.007.000) 01/29 20:51:08 Started transferring input files
	Transferring to host: <188.184.212.16:9618?addrs=188.184.212.16-9618+[2001-1458-301-10c--100-2]-9618&noUDP&sock=17102_a7f1_35445>
...
040 (3444395.007.000) 01/29 20:51:08 Finished transferring input files
...
001 (3444395.007.000) 01/29 20:51:09 Job executing on host: <188.184.212.16:9618?addrs=188.184.212.16-9618+[2001-1458-301-10c--100-2]-9618&noUDP&sock=5728_8292_3>
...
006 (3444395.007.000) 01/29 20:51:18 Image size of job updated: 5240
	4  -  MemoryUsage of job (MB)
	4044  -  ResidentSetSize of job (KB)
...
006 (3444395.007.000) 01/29 20:56:19 Image size of job updated: 441420
	358  -  MemoryUsage of job (MB)
	366532  -  ResidentSetSize of job (KB)
...
006 (3444395.007.000) 01/29 21:36:24 Image size of job updated: 441420
	358  -  MemoryUsage of job (MB)
	366556  -  ResidentSetSize of job (KB)
...
006 (3444395.007.000) 01/29 21:41:24 Image size of job updated: 441420
	358  -  MemoryUsage of job (MB)
	366572  -  ResidentSetSize of job (KB)
...
006 (3444395.007.000) 01/30 00:16:44 Image size of job updated: 441420
	359  -  MemoryUsage of job (MB)
	366608  -  ResidentSetSize of job (KB)
...
006 (3444395.007.000) 01/30 00:21:44 Image size of job updated: 441420
	359  -  MemoryUsage of job (MB)
	366676  -  ResidentSetSize of job (KB)
...
006 (3444395.007.000) 01/30 00:46:47 Image size of job updated: 441420
	359  -  MemoryUsage of job (MB)
	366748  -  ResidentSetSize of job (KB)
...
006 (3444395.007.000) 01/30 00:51:48 Image size of job updated: 441420
	359  -  MemoryUsage of job (MB)
	366844  -  ResidentSetSize of job (KB)
...
006 (3444395.007.000) 01/30 00:56:48 Image size of job updated: 441420
	359  -  MemoryUsage of job (MB)
	366860  -  ResidentSetSize of job (KB)
...
006 (3444395.007.000) 01/30 01:01:49 Image size of job updated: 441420
	359  -  MemoryUsage of job (MB)
	366916  -  ResidentSetSize of job (KB)
...
006 (3444395.007.000) 01/30 01:11:50 Image size of job updated: 441420
	359  -  MemoryUsage of job (MB)
	366960  -  ResidentSetSize of job (KB)
...
006 (3444395.007.000) 01/30 01:16:51 Image size of job updated: 441420
	359  -  MemoryUsage of job (MB)
	367048  -  ResidentSetSize of job (KB)
...
006 (3444395.007.000) 01/30 01:51:56 Image size of job updated: 441420
	359  -  MemoryUsage of job (MB)
	367152  -  ResidentSetSize of job (KB)
...
006 (3444395.007.000) 01/30 01:56:56 Image size of job updated: 441420
	359  -  MemoryUsage of job (MB)
	367208  -  ResidentSetSize of job (KB)
...
006 (3444395.007.000) 01/30 02:01:57 Image size of job updated: 441420
	359  -  MemoryUsage of job (MB)
	367236  -  ResidentSetSize of job (KB)
...
006 (3444395.007.000) 01/30 02:06:58 Image size of job updated: 441420
	359  -  MemoryUsage of job (MB)
	367360  -  ResidentSetSize of job (KB)
...
006 (3444395.007.000) 01/30 02:11:58 Image size of job updated: 441420
	359  -  MemoryUsage of job (MB)
	367488  -  ResidentSetSize of job (KB)
...
006 (3444395.007.000) 01/30 02:16:59 Image size of job updated: 441420
	359  -  MemoryUsage of job (MB)
	367532  -  ResidentSetSize of job (KB)
...
006 (3444395.007.000) 01/30 02:22:00 Image size of job updated: 441420
	359  -  MemoryUsage of job (MB)
	367600  -  ResidentSetSize of job (KB)
...
006 (3444395.007.000) 01/30 02:27:00 Image size of job updated: 441420
	360  -  MemoryUsage of job (MB)
	367656  -  ResidentSetSize of job (KB)
...
006 (3444395.007.000) 01/30 02:32:01 Image size of job updated: 441420
	360  -  MemoryUsage of job (MB)
	367768  -  ResidentSetSize of job (KB)
...
006 (3444395.007.000) 01/30 02:37:02 Image size of job updated: 441420
	360  -  MemoryUsage of job (MB)
	367776  -  ResidentSetSize of job (KB)
...
006 (3444395.007.000) 01/30 02:42:02 Image size of job updated: 441420
	360  -  MemoryUsage of job (MB)
	367844  -  ResidentSetSize of job (KB)
...
006 (3444395.007.000) 01/30 02:47:03 Image size of job updated: 441420
	360  -  MemoryUsage of job (MB)
	368008  -  ResidentSetSize of job (KB)
...
006 (3444395.007.000) 01/30 02:57:04 Image size of job updated: 441420
	360  -  MemoryUsage of job (MB)
	368056  -  ResidentSetSize of job (KB)
...
006 (3444395.007.000) 01/30 03:02:05 Image size of job updated: 441420
	360  -  MemoryUsage of job (MB)
	368232  -  ResidentSetSize of job (KB)
...
006 (3444395.007.000) 01/30 03:07:06 Image size of job updated: 441420
	360  -  MemoryUsage of job (MB)
	368236  -  ResidentSetSize of job (KB)
...
006 (3444395.007.000) 01/30 03:12:06 Image size of job updated: 441420
	360  -  MemoryUsage of job (MB)
	368380  -  ResidentSetSize of job (KB)
...
006 (3444395.007.000) 01/30 03:17:07 Image size of job updated: 441420
	360  -  MemoryUsage of job (MB)
	368404  -  ResidentSetSize of job (KB)
...
006 (3444395.007.000) 01/30 03:22:08 Image size of job updated: 441420
	360  -  MemoryUsage of job (MB)
	368532  -  ResidentSetSize of job (KB)
...
040 (3444395.007.000) 02/01 07:53:49 Started transferring input files
	Transferring to host: <128.142.240.180:9618?addrs=128.142.240.180-9618+[2001-1458-301-9--100-3b]-9618&noUDP&sock=3594_0c4b_79396>
...
040 (3444395.007.000) 02/01 07:53:49 Finished transferring input files
...
001 (3444395.007.000) 02/01 07:53:50 Job executing on host: <128.142.240.180:9618?addrs=128.142.240.180-9618+[2001-1458-301-9--100-3b]-9618&noUDP&sock=3290_3eac_3>
...
040 (3444395.007.000) 02/01 07:54:36 Started transferring output files
...
040 (3444395.007.000) 02/01 07:54:37 Finished transferring output files
...
005 (3444395.007.000) 02/01 07:54:37 Job terminated.
	(1) Normal termination (return value 0)
		Usr 0 00:00:07, Sys 0 00:00:05  -  Run Remote Usage
		Usr 0 00:00:00, Sys 0 00:00:00  -  Run Local Usage
		Usr 0 00:00:07, Sys 0 00:00:05  -  Total Remote Usage
		Usr 0 00:00:00, Sys 0 00:00:00  -  Total Local Usage
	9715  -  Run Bytes Sent By Job
	493  -  Run Bytes Received By Job
	9715  -  Total Bytes Sent By Job
	986  -  Total Bytes Received By Job
	Partitionable Resources :    Usage  Request Allocated 
	   Cpus                 :     1.00        1         1 
	   Disk (KB)            :    24          45   2806669 
	   Memory (MB)          :   367        2000      2000 
...
