000 (3447417.001.000) 01/30 01:28:08 Job submitted from host: <188.185.71.142:9618?addrs=188.185.71.142-9618+[2001-1458-d00-7--100-388]-9618&alias=bigbird09.cern.ch&noUDP&sock=schedd_2208_1533_7>
...
040 (3447417.001.000) 01/30 04:24:07 Started transferring input files
	Transferring to host: <188.184.197.230:9618?addrs=188.184.197.230-9618+[2001-1458-301-103--100-d9]-9618&noUDP&sock=20794_0107_200258>
...
040 (3447417.001.000) 01/30 04:24:07 Finished transferring input files
...
001 (3447417.001.000) 01/30 04:24:08 Job executing on host: <188.184.197.230:9618?addrs=188.184.197.230-9618+[2001-1458-301-103--100-d9]-9618&noUDP&sock=20661_4e53_3>
...
006 (3447417.001.000) 01/30 04:24:16 Image size of job updated: 6628
	7  -  MemoryUsage of job (MB)
	6628  -  ResidentSetSize of job (KB)
...
006 (3447417.001.000) 01/30 04:29:16 Image size of job updated: 440636
	358  -  MemoryUsage of job (MB)
	366244  -  ResidentSetSize of job (KB)
...
006 (3447417.001.000) 01/30 04:34:17 Image size of job updated: 440636
	358  -  MemoryUsage of job (MB)
	366252  -  ResidentSetSize of job (KB)
...
006 (3447417.001.000) 01/30 04:39:18 Image size of job updated: 440636
	358  -  MemoryUsage of job (MB)
	366256  -  ResidentSetSize of job (KB)
...
006 (3447417.001.000) 01/30 04:49:18 Image size of job updated: 440636
	358  -  MemoryUsage of job (MB)
	366264  -  ResidentSetSize of job (KB)
...
006 (3447417.001.000) 01/30 04:59:19 Image size of job updated: 440636
	358  -  MemoryUsage of job (MB)
	366272  -  ResidentSetSize of job (KB)
...
006 (3447417.001.000) 01/30 05:29:23 Image size of job updated: 440636
	358  -  MemoryUsage of job (MB)
	366300  -  ResidentSetSize of job (KB)
...
006 (3447417.001.000) 01/30 08:29:43 Image size of job updated: 440636
	358  -  MemoryUsage of job (MB)
	366360  -  ResidentSetSize of job (KB)
...
006 (3447417.001.000) 01/30 08:39:45 Image size of job updated: 440688
	358  -  MemoryUsage of job (MB)
	366448  -  ResidentSetSize of job (KB)
...
006 (3447417.001.000) 01/30 08:44:45 Image size of job updated: 440892
	358  -  MemoryUsage of job (MB)
	366564  -  ResidentSetSize of job (KB)
...
006 (3447417.001.000) 01/30 08:49:45 Image size of job updated: 440892
	359  -  MemoryUsage of job (MB)
	366608  -  ResidentSetSize of job (KB)
...
006 (3447417.001.000) 01/30 08:54:45 Image size of job updated: 440948
	359  -  MemoryUsage of job (MB)
	366708  -  ResidentSetSize of job (KB)
...
006 (3447417.001.000) 01/30 08:59:46 Image size of job updated: 440988
	359  -  MemoryUsage of job (MB)
	366748  -  ResidentSetSize of job (KB)
...
006 (3447417.001.000) 01/30 09:04:46 Image size of job updated: 441092
	359  -  MemoryUsage of job (MB)
	366852  -  ResidentSetSize of job (KB)
...
006 (3447417.001.000) 01/30 09:09:46 Image size of job updated: 441128
	359  -  MemoryUsage of job (MB)
	366888  -  ResidentSetSize of job (KB)
...
006 (3447417.001.000) 01/30 09:14:47 Image size of job updated: 441208
	359  -  MemoryUsage of job (MB)
	366968  -  ResidentSetSize of job (KB)
...
006 (3447417.001.000) 01/30 09:19:48 Image size of job updated: 441288
	359  -  MemoryUsage of job (MB)
	367048  -  ResidentSetSize of job (KB)
...
006 (3447417.001.000) 01/30 09:24:48 Image size of job updated: 441428
	359  -  MemoryUsage of job (MB)
	367188  -  ResidentSetSize of job (KB)
...
006 (3447417.001.000) 01/30 09:29:49 Image size of job updated: 441536
	359  -  MemoryUsage of job (MB)
	367296  -  ResidentSetSize of job (KB)
...
006 (3447417.001.000) 01/30 09:34:50 Image size of job updated: 441576
	359  -  MemoryUsage of job (MB)
	367336  -  ResidentSetSize of job (KB)
...
006 (3447417.001.000) 01/30 09:39:50 Image size of job updated: 441640
	359  -  MemoryUsage of job (MB)
	367400  -  ResidentSetSize of job (KB)
...
006 (3447417.001.000) 01/30 09:44:50 Image size of job updated: 441796
	359  -  MemoryUsage of job (MB)
	367556  -  ResidentSetSize of job (KB)
...
006 (3447417.001.000) 01/30 09:49:51 Image size of job updated: 441892
	360  -  MemoryUsage of job (MB)
	367652  -  ResidentSetSize of job (KB)
...
006 (3447417.001.000) 01/30 09:54:51 Image size of job updated: 441960
	360  -  MemoryUsage of job (MB)
	367720  -  ResidentSetSize of job (KB)
...
006 (3447417.001.000) 01/30 09:59:51 Image size of job updated: 442016
	360  -  MemoryUsage of job (MB)
	367776  -  ResidentSetSize of job (KB)
...
006 (3447417.001.000) 01/30 10:04:52 Image size of job updated: 442204
	360  -  MemoryUsage of job (MB)
	367964  -  ResidentSetSize of job (KB)
...
006 (3447417.001.000) 01/30 10:09:53 Image size of job updated: 442236
	360  -  MemoryUsage of job (MB)
	367996  -  ResidentSetSize of job (KB)
...
006 (3447417.001.000) 01/30 10:14:53 Image size of job updated: 442388
	360  -  MemoryUsage of job (MB)
	368148  -  ResidentSetSize of job (KB)
...
006 (3447417.001.000) 01/30 10:19:54 Image size of job updated: 442532
	360  -  MemoryUsage of job (MB)
	368292  -  ResidentSetSize of job (KB)
...
006 (3447417.001.000) 01/30 10:24:55 Image size of job updated: 442588
	360  -  MemoryUsage of job (MB)
	368348  -  ResidentSetSize of job (KB)
...
006 (3447417.001.000) 01/30 10:29:55 Image size of job updated: 442652
	360  -  MemoryUsage of job (MB)
	368412  -  ResidentSetSize of job (KB)
...
006 (3447417.001.000) 01/30 10:34:55 Image size of job updated: 442772
	360  -  MemoryUsage of job (MB)
	368532  -  ResidentSetSize of job (KB)
...
006 (3447417.001.000) 01/30 10:39:56 Image size of job updated: 442864
	360  -  MemoryUsage of job (MB)
	368624  -  ResidentSetSize of job (KB)
...
006 (3447417.001.000) 01/30 10:44:57 Image size of job updated: 442940
	361  -  MemoryUsage of job (MB)
	368700  -  ResidentSetSize of job (KB)
...
006 (3447417.001.000) 01/30 10:49:57 Image size of job updated: 443076
	361  -  MemoryUsage of job (MB)
	368836  -  ResidentSetSize of job (KB)
...
006 (3447417.001.000) 01/30 10:54:58 Image size of job updated: 443104
	361  -  MemoryUsage of job (MB)
	368864  -  ResidentSetSize of job (KB)
...
006 (3447417.001.000) 01/30 10:59:59 Image size of job updated: 443188
	361  -  MemoryUsage of job (MB)
	368948  -  ResidentSetSize of job (KB)
...
006 (3447417.001.000) 01/30 11:04:59 Image size of job updated: 443248
	361  -  MemoryUsage of job (MB)
	369008  -  ResidentSetSize of job (KB)
...
006 (3447417.001.000) 01/30 11:10:00 Image size of job updated: 443412
	361  -  MemoryUsage of job (MB)
	369172  -  ResidentSetSize of job (KB)
...
006 (3447417.001.000) 01/30 11:15:01 Image size of job updated: 443448
	361  -  MemoryUsage of job (MB)
	369208  -  ResidentSetSize of job (KB)
...
006 (3447417.001.000) 01/30 11:20:01 Image size of job updated: 443556
	361  -  MemoryUsage of job (MB)
	369316  -  ResidentSetSize of job (KB)
...
006 (3447417.001.000) 01/30 11:25:01 Image size of job updated: 443696
	361  -  MemoryUsage of job (MB)
	369456  -  ResidentSetSize of job (KB)
...
006 (3447417.001.000) 01/30 11:30:02 Image size of job updated: 443828
	361  -  MemoryUsage of job (MB)
	369588  -  ResidentSetSize of job (KB)
...
006 (3447417.001.000) 01/30 11:35:03 Image size of job updated: 443940
	362  -  MemoryUsage of job (MB)
	369700  -  ResidentSetSize of job (KB)
...
006 (3447417.001.000) 01/30 11:40:03 Image size of job updated: 444052
	362  -  MemoryUsage of job (MB)
	369812  -  ResidentSetSize of job (KB)
...
006 (3447417.001.000) 01/30 11:45:04 Image size of job updated: 444096
	362  -  MemoryUsage of job (MB)
	369856  -  ResidentSetSize of job (KB)
...
006 (3447417.001.000) 01/30 11:50:05 Image size of job updated: 444144
	362  -  MemoryUsage of job (MB)
	369904  -  ResidentSetSize of job (KB)
...
006 (3447417.001.000) 01/30 11:55:05 Image size of job updated: 444228
	362  -  MemoryUsage of job (MB)
	369988  -  ResidentSetSize of job (KB)
...
006 (3447417.001.000) 01/30 12:00:05 Image size of job updated: 444752
	362  -  MemoryUsage of job (MB)
	370508  -  ResidentSetSize of job (KB)
...
006 (3447417.001.000) 01/30 12:05:07 Image size of job updated: 447320
	364  -  MemoryUsage of job (MB)
	372312  -  ResidentSetSize of job (KB)
...
006 (3447417.001.000) 01/30 12:10:07 Image size of job updated: 447468
	364  -  MemoryUsage of job (MB)
	372460  -  ResidentSetSize of job (KB)
...
006 (3447417.001.000) 01/30 12:15:07 Image size of job updated: 447468
	364  -  MemoryUsage of job (MB)
	372476  -  ResidentSetSize of job (KB)
...
006 (3447417.001.000) 01/30 12:20:08 Image size of job updated: 447468
	364  -  MemoryUsage of job (MB)
	372508  -  ResidentSetSize of job (KB)
...
006 (3447417.001.000) 01/30 12:25:09 Image size of job updated: 447468
	364  -  MemoryUsage of job (MB)
	372536  -  ResidentSetSize of job (KB)
...
006 (3447417.001.000) 01/30 12:30:10 Image size of job updated: 447484
	364  -  MemoryUsage of job (MB)
	372568  -  ResidentSetSize of job (KB)
...
006 (3447417.001.000) 01/30 12:35:10 Image size of job updated: 447516
	364  -  MemoryUsage of job (MB)
	372600  -  ResidentSetSize of job (KB)
...
006 (3447417.001.000) 01/30 12:40:10 Image size of job updated: 447564
	364  -  MemoryUsage of job (MB)
	372648  -  ResidentSetSize of job (KB)
...
006 (3447417.001.000) 01/30 12:45:12 Image size of job updated: 447604
	364  -  MemoryUsage of job (MB)
	372688  -  ResidentSetSize of job (KB)
...
006 (3447417.001.000) 01/30 12:50:12 Image size of job updated: 447636
	364  -  MemoryUsage of job (MB)
	372720  -  ResidentSetSize of job (KB)
...
006 (3447417.001.000) 01/30 13:00:13 Image size of job updated: 447708
	365  -  MemoryUsage of job (MB)
	372792  -  ResidentSetSize of job (KB)
...
006 (3447417.001.000) 01/30 13:05:14 Image size of job updated: 447760
	365  -  MemoryUsage of job (MB)
	372844  -  ResidentSetSize of job (KB)
...
006 (3447417.001.000) 01/30 13:10:14 Image size of job updated: 447796
	365  -  MemoryUsage of job (MB)
	372880  -  ResidentSetSize of job (KB)
...
006 (3447417.001.000) 01/30 13:15:14 Image size of job updated: 447860
	365  -  MemoryUsage of job (MB)
	372944  -  ResidentSetSize of job (KB)
...
006 (3447417.001.000) 01/30 13:20:16 Image size of job updated: 447892
	365  -  MemoryUsage of job (MB)
	372976  -  ResidentSetSize of job (KB)
...
006 (3447417.001.000) 01/30 13:25:16 Image size of job updated: 447932
	365  -  MemoryUsage of job (MB)
	373016  -  ResidentSetSize of job (KB)
...
006 (3447417.001.000) 01/30 13:30:16 Image size of job updated: 447932
	365  -  MemoryUsage of job (MB)
	373048  -  ResidentSetSize of job (KB)
...
006 (3447417.001.000) 01/30 13:35:17 Image size of job updated: 447932
	365  -  MemoryUsage of job (MB)
	373080  -  ResidentSetSize of job (KB)
...
006 (3447417.001.000) 01/30 13:40:18 Image size of job updated: 447932
	365  -  MemoryUsage of job (MB)
	373128  -  ResidentSetSize of job (KB)
...
006 (3447417.001.000) 01/30 13:45:18 Image size of job updated: 447932
	365  -  MemoryUsage of job (MB)
	373132  -  ResidentSetSize of job (KB)
...
006 (3447417.001.000) 01/30 13:50:19 Image size of job updated: 447932
	365  -  MemoryUsage of job (MB)
	373216  -  ResidentSetSize of job (KB)
...
006 (3447417.001.000) 01/30 13:55:20 Image size of job updated: 447932
	365  -  MemoryUsage of job (MB)
	373220  -  ResidentSetSize of job (KB)
...
006 (3447417.001.000) 01/30 14:00:20 Image size of job updated: 447932
	365  -  MemoryUsage of job (MB)
	373260  -  ResidentSetSize of job (KB)
...
006 (3447417.001.000) 01/30 14:05:20 Image size of job updated: 447932
	365  -  MemoryUsage of job (MB)
	373316  -  ResidentSetSize of job (KB)
...
006 (3447417.001.000) 01/30 14:10:22 Image size of job updated: 447932
	365  -  MemoryUsage of job (MB)
	373320  -  ResidentSetSize of job (KB)
...
006 (3447417.001.000) 01/30 14:15:22 Image size of job updated: 447932
	365  -  MemoryUsage of job (MB)
	373360  -  ResidentSetSize of job (KB)
...
006 (3447417.001.000) 01/30 14:20:22 Image size of job updated: 447932
	365  -  MemoryUsage of job (MB)
	373376  -  ResidentSetSize of job (KB)
...
006 (3447417.001.000) 01/30 14:25:23 Image size of job updated: 447932
	365  -  MemoryUsage of job (MB)
	373392  -  ResidentSetSize of job (KB)
...
006 (3447417.001.000) 01/30 14:30:24 Image size of job updated: 447932
	365  -  MemoryUsage of job (MB)
	373448  -  ResidentSetSize of job (KB)
...
006 (3447417.001.000) 01/30 14:35:24 Image size of job updated: 447932
	365  -  MemoryUsage of job (MB)
	373472  -  ResidentSetSize of job (KB)
...
006 (3447417.001.000) 01/30 14:40:24 Image size of job updated: 447932
	365  -  MemoryUsage of job (MB)
	373492  -  ResidentSetSize of job (KB)
...
006 (3447417.001.000) 01/30 14:45:26 Image size of job updated: 447932
	365  -  MemoryUsage of job (MB)
	373516  -  ResidentSetSize of job (KB)
...
006 (3447417.001.000) 01/30 14:50:26 Image size of job updated: 447932
	365  -  MemoryUsage of job (MB)
	373560  -  ResidentSetSize of job (KB)
...
006 (3447417.001.000) 01/30 14:55:26 Image size of job updated: 447932
	365  -  MemoryUsage of job (MB)
	373568  -  ResidentSetSize of job (KB)
...
006 (3447417.001.000) 01/30 15:00:27 Image size of job updated: 447932
	365  -  MemoryUsage of job (MB)
	373592  -  ResidentSetSize of job (KB)
...
006 (3447417.001.000) 01/30 15:05:28 Image size of job updated: 447932
	365  -  MemoryUsage of job (MB)
	373632  -  ResidentSetSize of job (KB)
...
006 (3447417.001.000) 01/30 15:10:28 Image size of job updated: 447932
	365  -  MemoryUsage of job (MB)
	373652  -  ResidentSetSize of job (KB)
...
006 (3447417.001.000) 01/30 15:15:29 Image size of job updated: 447932
	365  -  MemoryUsage of job (MB)
	373668  -  ResidentSetSize of job (KB)
...
006 (3447417.001.000) 01/30 15:20:30 Image size of job updated: 447932
	365  -  MemoryUsage of job (MB)
	373732  -  ResidentSetSize of job (KB)
...
006 (3447417.001.000) 01/30 15:25:30 Image size of job updated: 447932
	365  -  MemoryUsage of job (MB)
	373748  -  ResidentSetSize of job (KB)
...
006 (3447417.001.000) 01/30 15:30:30 Image size of job updated: 447932
	366  -  MemoryUsage of job (MB)
	373784  -  ResidentSetSize of job (KB)
...
006 (3447417.001.000) 01/30 15:40:31 Image size of job updated: 447932
	366  -  MemoryUsage of job (MB)
	373828  -  ResidentSetSize of job (KB)
...
006 (3447417.001.000) 01/30 15:45:31 Image size of job updated: 447932
	366  -  MemoryUsage of job (MB)
	373872  -  ResidentSetSize of job (KB)
...
006 (3447417.001.000) 01/30 15:50:32 Image size of job updated: 447932
	366  -  MemoryUsage of job (MB)
	373916  -  ResidentSetSize of job (KB)
...
006 (3447417.001.000) 01/30 15:55:33 Image size of job updated: 447932
	366  -  MemoryUsage of job (MB)
	373920  -  ResidentSetSize of job (KB)
...
006 (3447417.001.000) 01/30 16:00:33 Image size of job updated: 447932
	366  -  MemoryUsage of job (MB)
	373968  -  ResidentSetSize of job (KB)
...
006 (3447417.001.000) 01/30 16:05:34 Image size of job updated: 447932
	366  -  MemoryUsage of job (MB)
	374004  -  ResidentSetSize of job (KB)
...
006 (3447417.001.000) 01/30 16:10:35 Image size of job updated: 447932
	366  -  MemoryUsage of job (MB)
	374016  -  ResidentSetSize of job (KB)
...
006 (3447417.001.000) 01/30 16:15:35 Image size of job updated: 447932
	366  -  MemoryUsage of job (MB)
	374076  -  ResidentSetSize of job (KB)
...
006 (3447417.001.000) 01/30 16:20:36 Image size of job updated: 447932
	366  -  MemoryUsage of job (MB)
	374108  -  ResidentSetSize of job (KB)
...
006 (3447417.001.000) 01/30 16:25:37 Image size of job updated: 447932
	366  -  MemoryUsage of job (MB)
	374144  -  ResidentSetSize of job (KB)
...
006 (3447417.001.000) 01/30 16:30:37 Image size of job updated: 447932
	366  -  MemoryUsage of job (MB)
	374156  -  ResidentSetSize of job (KB)
...
006 (3447417.001.000) 01/30 16:35:37 Image size of job updated: 447932
	366  -  MemoryUsage of job (MB)
	374164  -  ResidentSetSize of job (KB)
...
006 (3447417.001.000) 01/30 16:40:38 Image size of job updated: 447932
	366  -  MemoryUsage of job (MB)
	374212  -  ResidentSetSize of job (KB)
...
006 (3447417.001.000) 01/30 16:45:38 Image size of job updated: 447932
	366  -  MemoryUsage of job (MB)
	374236  -  ResidentSetSize of job (KB)
...
006 (3447417.001.000) 01/30 16:50:38 Image size of job updated: 447932
	366  -  MemoryUsage of job (MB)
	374276  -  ResidentSetSize of job (KB)
...
006 (3447417.001.000) 01/30 16:55:39 Image size of job updated: 447932
	366  -  MemoryUsage of job (MB)
	374304  -  ResidentSetSize of job (KB)
...
006 (3447417.001.000) 01/30 17:05:39 Image size of job updated: 447932
	366  -  MemoryUsage of job (MB)
	374320  -  ResidentSetSize of job (KB)
...
006 (3447417.001.000) 01/30 17:10:40 Image size of job updated: 447932
	366  -  MemoryUsage of job (MB)
	374340  -  ResidentSetSize of job (KB)
...
006 (3447417.001.000) 01/30 17:15:40 Image size of job updated: 447932
	366  -  MemoryUsage of job (MB)
	374372  -  ResidentSetSize of job (KB)
...
006 (3447417.001.000) 01/30 17:20:40 Image size of job updated: 447932
	366  -  MemoryUsage of job (MB)
	374428  -  ResidentSetSize of job (KB)
...
006 (3447417.001.000) 01/30 17:30:42 Image size of job updated: 447932
	366  -  MemoryUsage of job (MB)
	374492  -  ResidentSetSize of job (KB)
...
006 (3447417.001.000) 01/30 17:40:43 Image size of job updated: 447932
	366  -  MemoryUsage of job (MB)
	374504  -  ResidentSetSize of job (KB)
...
006 (3447417.001.000) 01/30 17:45:44 Image size of job updated: 447932
	366  -  MemoryUsage of job (MB)
	374560  -  ResidentSetSize of job (KB)
...
006 (3447417.001.000) 01/30 17:50:44 Image size of job updated: 447932
	366  -  MemoryUsage of job (MB)
	374584  -  ResidentSetSize of job (KB)
...
006 (3447417.001.000) 01/30 17:55:45 Image size of job updated: 447932
	366  -  MemoryUsage of job (MB)
	374640  -  ResidentSetSize of job (KB)
...
006 (3447417.001.000) 01/30 18:00:46 Image size of job updated: 447932
	366  -  MemoryUsage of job (MB)
	374692  -  ResidentSetSize of job (KB)
...
006 (3447417.001.000) 01/30 18:05:46 Image size of job updated: 447932
	366  -  MemoryUsage of job (MB)
	374712  -  ResidentSetSize of job (KB)
...
006 (3447417.001.000) 01/30 18:10:47 Image size of job updated: 447932
	366  -  MemoryUsage of job (MB)
	374776  -  ResidentSetSize of job (KB)
...
006 (3447417.001.000) 01/30 18:20:48 Image size of job updated: 447932
	367  -  MemoryUsage of job (MB)
	374800  -  ResidentSetSize of job (KB)
...
006 (3447417.001.000) 01/30 18:25:48 Image size of job updated: 447932
	367  -  MemoryUsage of job (MB)
	374860  -  ResidentSetSize of job (KB)
...
006 (3447417.001.000) 01/30 18:30:49 Image size of job updated: 447932
	367  -  MemoryUsage of job (MB)
	374864  -  ResidentSetSize of job (KB)
...
006 (3447417.001.000) 01/30 18:35:49 Image size of job updated: 447932
	367  -  MemoryUsage of job (MB)
	374928  -  ResidentSetSize of job (KB)
...
006 (3447417.001.000) 01/30 18:40:49 Image size of job updated: 447932
	367  -  MemoryUsage of job (MB)
	374952  -  ResidentSetSize of job (KB)
...
006 (3447417.001.000) 01/30 18:45:50 Image size of job updated: 447932
	367  -  MemoryUsage of job (MB)
	374968  -  ResidentSetSize of job (KB)
...
006 (3447417.001.000) 01/30 18:55:50 Image size of job updated: 447932
	367  -  MemoryUsage of job (MB)
	375068  -  ResidentSetSize of job (KB)
...
006 (3447417.001.000) 01/30 19:00:51 Image size of job updated: 447932
	367  -  MemoryUsage of job (MB)
	375100  -  ResidentSetSize of job (KB)
...
006 (3447417.001.000) 01/30 19:05:51 Image size of job updated: 447932
	367  -  MemoryUsage of job (MB)
	375120  -  ResidentSetSize of job (KB)
...
006 (3447417.001.000) 01/30 19:10:51 Image size of job updated: 447932
	367  -  MemoryUsage of job (MB)
	375148  -  ResidentSetSize of job (KB)
...
006 (3447417.001.000) 01/30 19:15:52 Image size of job updated: 447932
	367  -  MemoryUsage of job (MB)
	375188  -  ResidentSetSize of job (KB)
...
006 (3447417.001.000) 01/30 19:20:52 Image size of job updated: 447932
	367  -  MemoryUsage of job (MB)
	375208  -  ResidentSetSize of job (KB)
...
006 (3447417.001.000) 01/30 19:25:52 Image size of job updated: 447932
	367  -  MemoryUsage of job (MB)
	375240  -  ResidentSetSize of job (KB)
...
006 (3447417.001.000) 01/30 19:35:54 Image size of job updated: 447932
	367  -  MemoryUsage of job (MB)
	375280  -  ResidentSetSize of job (KB)
...
006 (3447417.001.000) 01/30 19:40:54 Image size of job updated: 447932
	367  -  MemoryUsage of job (MB)
	375316  -  ResidentSetSize of job (KB)
...
006 (3447417.001.000) 01/30 19:45:55 Image size of job updated: 447932
	367  -  MemoryUsage of job (MB)
	375348  -  ResidentSetSize of job (KB)
...
006 (3447417.001.000) 01/30 19:50:56 Image size of job updated: 447932
	367  -  MemoryUsage of job (MB)
	375380  -  ResidentSetSize of job (KB)
...
006 (3447417.001.000) 01/30 19:55:56 Image size of job updated: 447932
	367  -  MemoryUsage of job (MB)
	375440  -  ResidentSetSize of job (KB)
...
006 (3447417.001.000) 01/30 20:05:58 Image size of job updated: 447932
	367  -  MemoryUsage of job (MB)
	375472  -  ResidentSetSize of job (KB)
...
006 (3447417.001.000) 01/30 20:10:58 Image size of job updated: 447932
	367  -  MemoryUsage of job (MB)
	375492  -  ResidentSetSize of job (KB)
...
006 (3447417.001.000) 01/30 20:15:59 Image size of job updated: 447932
	367  -  MemoryUsage of job (MB)
	375528  -  ResidentSetSize of job (KB)
...
006 (3447417.001.000) 01/30 20:21:00 Image size of job updated: 447932
	367  -  MemoryUsage of job (MB)
	375544  -  ResidentSetSize of job (KB)
...
006 (3447417.001.000) 01/30 20:26:00 Image size of job updated: 447932
	367  -  MemoryUsage of job (MB)
	375592  -  ResidentSetSize of job (KB)
...
006 (3447417.001.000) 01/30 20:31:01 Image size of job updated: 447932
	367  -  MemoryUsage of job (MB)
	375600  -  ResidentSetSize of job (KB)
...
006 (3447417.001.000) 01/30 20:36:01 Image size of job updated: 447932
	367  -  MemoryUsage of job (MB)
	375624  -  ResidentSetSize of job (KB)
...
006 (3447417.001.000) 01/30 20:41:01 Image size of job updated: 447932
	367  -  MemoryUsage of job (MB)
	375660  -  ResidentSetSize of job (KB)
...
006 (3447417.001.000) 01/30 20:46:02 Image size of job updated: 447932
	367  -  MemoryUsage of job (MB)
	375668  -  ResidentSetSize of job (KB)
...
006 (3447417.001.000) 01/30 20:51:03 Image size of job updated: 447932
	367  -  MemoryUsage of job (MB)
	375692  -  ResidentSetSize of job (KB)
...
006 (3447417.001.000) 01/30 20:56:03 Image size of job updated: 447932
	367  -  MemoryUsage of job (MB)
	375728  -  ResidentSetSize of job (KB)
...
006 (3447417.001.000) 01/30 21:01:04 Image size of job updated: 447932
	367  -  MemoryUsage of job (MB)
	375768  -  ResidentSetSize of job (KB)
...
006 (3447417.001.000) 01/30 21:06:05 Image size of job updated: 447932
	367  -  MemoryUsage of job (MB)
	375800  -  ResidentSetSize of job (KB)
...
006 (3447417.001.000) 01/30 21:11:05 Image size of job updated: 447932
	368  -  MemoryUsage of job (MB)
	375812  -  ResidentSetSize of job (KB)
...
006 (3447417.001.000) 01/30 21:16:06 Image size of job updated: 447932
	368  -  MemoryUsage of job (MB)
	375820  -  ResidentSetSize of job (KB)
...
006 (3447417.001.000) 01/30 21:21:07 Image size of job updated: 447932
	368  -  MemoryUsage of job (MB)
	375892  -  ResidentSetSize of job (KB)
...
006 (3447417.001.000) 01/30 21:31:07 Image size of job updated: 447932
	368  -  MemoryUsage of job (MB)
	375928  -  ResidentSetSize of job (KB)
...
006 (3447417.001.000) 01/30 21:36:08 Image size of job updated: 447932
	368  -  MemoryUsage of job (MB)
	375952  -  ResidentSetSize of job (KB)
...
006 (3447417.001.000) 01/30 21:41:08 Image size of job updated: 447932
	368  -  MemoryUsage of job (MB)
	375980  -  ResidentSetSize of job (KB)
...
006 (3447417.001.000) 01/30 21:46:08 Image size of job updated: 447932
	368  -  MemoryUsage of job (MB)
	376000  -  ResidentSetSize of job (KB)
...
006 (3447417.001.000) 01/30 21:51:09 Image size of job updated: 447932
	368  -  MemoryUsage of job (MB)
	376020  -  ResidentSetSize of job (KB)
...
006 (3447417.001.000) 01/30 21:56:09 Image size of job updated: 447932
	368  -  MemoryUsage of job (MB)
	376024  -  ResidentSetSize of job (KB)
...
006 (3447417.001.000) 01/30 22:01:09 Image size of job updated: 447932
	368  -  MemoryUsage of job (MB)
	376072  -  ResidentSetSize of job (KB)
...
006 (3447417.001.000) 01/30 22:06:10 Image size of job updated: 447932
	368  -  MemoryUsage of job (MB)
	376104  -  ResidentSetSize of job (KB)
...
006 (3447417.001.000) 01/30 22:11:10 Image size of job updated: 447932
	368  -  MemoryUsage of job (MB)
	376148  -  ResidentSetSize of job (KB)
...
006 (3447417.001.000) 01/30 22:16:10 Image size of job updated: 447932
	368  -  MemoryUsage of job (MB)
	376152  -  ResidentSetSize of job (KB)
...
006 (3447417.001.000) 01/30 22:21:12 Image size of job updated: 447932
	368  -  MemoryUsage of job (MB)
	376188  -  ResidentSetSize of job (KB)
...
006 (3447417.001.000) 01/30 22:26:12 Image size of job updated: 447932
	368  -  MemoryUsage of job (MB)
	376208  -  ResidentSetSize of job (KB)
...
006 (3447417.001.000) 01/30 22:31:12 Image size of job updated: 447932
	368  -  MemoryUsage of job (MB)
	376224  -  ResidentSetSize of job (KB)
...
006 (3447417.001.000) 01/30 22:36:13 Image size of job updated: 447932
	368  -  MemoryUsage of job (MB)
	376280  -  ResidentSetSize of job (KB)
...
006 (3447417.001.000) 01/30 22:41:14 Image size of job updated: 447932
	368  -  MemoryUsage of job (MB)
	376296  -  ResidentSetSize of job (KB)
...
006 (3447417.001.000) 01/30 22:46:14 Image size of job updated: 447932
	368  -  MemoryUsage of job (MB)
	376348  -  ResidentSetSize of job (KB)
...
006 (3447417.001.000) 01/30 22:51:15 Image size of job updated: 447932
	368  -  MemoryUsage of job (MB)
	376368  -  ResidentSetSize of job (KB)
...
006 (3447417.001.000) 01/30 22:56:16 Image size of job updated: 447932
	368  -  MemoryUsage of job (MB)
	376404  -  ResidentSetSize of job (KB)
...
006 (3447417.001.000) 01/30 23:01:16 Image size of job updated: 447932
	368  -  MemoryUsage of job (MB)
	376428  -  ResidentSetSize of job (KB)
...
006 (3447417.001.000) 01/30 23:06:16 Image size of job updated: 447932
	368  -  MemoryUsage of job (MB)
	376472  -  ResidentSetSize of job (KB)
...
006 (3447417.001.000) 01/30 23:11:17 Image size of job updated: 447932
	368  -  MemoryUsage of job (MB)
	376516  -  ResidentSetSize of job (KB)
...
006 (3447417.001.000) 01/30 23:16:17 Image size of job updated: 447932
	368  -  MemoryUsage of job (MB)
	376524  -  ResidentSetSize of job (KB)
...
006 (3447417.001.000) 01/30 23:21:17 Image size of job updated: 447932
	368  -  MemoryUsage of job (MB)
	376560  -  ResidentSetSize of job (KB)
...
006 (3447417.001.000) 01/30 23:26:18 Image size of job updated: 447932
	368  -  MemoryUsage of job (MB)
	376584  -  ResidentSetSize of job (KB)
...
006 (3447417.001.000) 01/30 23:31:19 Image size of job updated: 447932
	368  -  MemoryUsage of job (MB)
	376664  -  ResidentSetSize of job (KB)
...
006 (3447417.001.000) 01/30 23:36:19 Image size of job updated: 447932
	368  -  MemoryUsage of job (MB)
	376680  -  ResidentSetSize of job (KB)
...
006 (3447417.001.000) 01/30 23:46:20 Image size of job updated: 447932
	368  -  MemoryUsage of job (MB)
	376728  -  ResidentSetSize of job (KB)
...
006 (3447417.001.000) 01/30 23:51:20 Image size of job updated: 447932
	368  -  MemoryUsage of job (MB)
	376760  -  ResidentSetSize of job (KB)
...
006 (3447417.001.000) 01/30 23:56:20 Image size of job updated: 447932
	368  -  MemoryUsage of job (MB)
	376784  -  ResidentSetSize of job (KB)
...
006 (3447417.001.000) 01/31 00:01:22 Image size of job updated: 447932
	368  -  MemoryUsage of job (MB)
	376812  -  ResidentSetSize of job (KB)
...
006 (3447417.001.000) 01/31 00:06:22 Image size of job updated: 447932
	369  -  MemoryUsage of job (MB)
	376856  -  ResidentSetSize of job (KB)
...
006 (3447417.001.000) 01/31 00:11:22 Image size of job updated: 447932
	369  -  MemoryUsage of job (MB)
	376904  -  ResidentSetSize of job (KB)
...
006 (3447417.001.000) 01/31 00:16:23 Image size of job updated: 447932
	369  -  MemoryUsage of job (MB)
	377016  -  ResidentSetSize of job (KB)
...
006 (3447417.001.000) 01/31 00:21:24 Image size of job updated: 447932
	369  -  MemoryUsage of job (MB)
	377220  -  ResidentSetSize of job (KB)
...
006 (3447417.001.000) 01/31 00:26:24 Image size of job updated: 447932
	369  -  MemoryUsage of job (MB)
	377244  -  ResidentSetSize of job (KB)
...
006 (3447417.001.000) 01/31 01:31:30 Image size of job updated: 447932
	369  -  MemoryUsage of job (MB)
	377252  -  ResidentSetSize of job (KB)
...
006 (3447417.001.000) 01/31 01:36:31 Image size of job updated: 447932
	369  -  MemoryUsage of job (MB)
	377292  -  ResidentSetSize of job (KB)
...
006 (3447417.001.000) 01/31 01:41:32 Image size of job updated: 447932
	369  -  MemoryUsage of job (MB)
	377304  -  ResidentSetSize of job (KB)
...
006 (3447417.001.000) 01/31 01:46:32 Image size of job updated: 447932
	369  -  MemoryUsage of job (MB)
	377368  -  ResidentSetSize of job (KB)
...
006 (3447417.001.000) 01/31 01:51:32 Image size of job updated: 447932
	369  -  MemoryUsage of job (MB)
	377456  -  ResidentSetSize of job (KB)
...
006 (3447417.001.000) 01/31 01:56:33 Image size of job updated: 447932
	369  -  MemoryUsage of job (MB)
	377496  -  ResidentSetSize of job (KB)
...
006 (3447417.001.000) 01/31 02:01:34 Image size of job updated: 447932
	369  -  MemoryUsage of job (MB)
	377524  -  ResidentSetSize of job (KB)
...
006 (3447417.001.000) 01/31 02:06:34 Image size of job updated: 447932
	369  -  MemoryUsage of job (MB)
	377528  -  ResidentSetSize of job (KB)
...
006 (3447417.001.000) 01/31 02:11:35 Image size of job updated: 447932
	369  -  MemoryUsage of job (MB)
	377564  -  ResidentSetSize of job (KB)
...
006 (3447417.001.000) 01/31 02:16:36 Image size of job updated: 447932
	369  -  MemoryUsage of job (MB)
	377600  -  ResidentSetSize of job (KB)
...
006 (3447417.001.000) 01/31 02:21:36 Image size of job updated: 447932
	369  -  MemoryUsage of job (MB)
	377608  -  ResidentSetSize of job (KB)
...
006 (3447417.001.000) 01/31 02:36:38 Image size of job updated: 447932
	369  -  MemoryUsage of job (MB)
	377668  -  ResidentSetSize of job (KB)
...
006 (3447417.001.000) 01/31 02:41:38 Image size of job updated: 447932
	369  -  MemoryUsage of job (MB)
	377684  -  ResidentSetSize of job (KB)
...
006 (3447417.001.000) 01/31 02:46:39 Image size of job updated: 447932
	369  -  MemoryUsage of job (MB)
	377696  -  ResidentSetSize of job (KB)
...
006 (3447417.001.000) 01/31 02:56:40 Image size of job updated: 447932
	369  -  MemoryUsage of job (MB)
	377712  -  ResidentSetSize of job (KB)
...
006 (3447417.001.000) 01/31 03:01:40 Image size of job updated: 447932
	369  -  MemoryUsage of job (MB)
	377728  -  ResidentSetSize of job (KB)
...
006 (3447417.001.000) 01/31 03:06:41 Image size of job updated: 447932
	369  -  MemoryUsage of job (MB)
	377760  -  ResidentSetSize of job (KB)
...
006 (3447417.001.000) 01/31 03:11:41 Image size of job updated: 447932
	369  -  MemoryUsage of job (MB)
	377772  -  ResidentSetSize of job (KB)
...
006 (3447417.001.000) 01/31 03:26:43 Image size of job updated: 447932
	369  -  MemoryUsage of job (MB)
	377808  -  ResidentSetSize of job (KB)
...
006 (3447417.001.000) 01/31 03:51:45 Image size of job updated: 447932
	369  -  MemoryUsage of job (MB)
	377816  -  ResidentSetSize of job (KB)
...
006 (3447417.001.000) 01/31 04:01:47 Image size of job updated: 447932
	369  -  MemoryUsage of job (MB)
	377820  -  ResidentSetSize of job (KB)
...
006 (3447417.001.000) 01/31 04:06:47 Image size of job updated: 447932
	369  -  MemoryUsage of job (MB)
	377828  -  ResidentSetSize of job (KB)
...
006 (3447417.001.000) 01/31 04:16:49 Image size of job updated: 447932
	370  -  MemoryUsage of job (MB)
	377860  -  ResidentSetSize of job (KB)
...
006 (3447417.001.000) 01/31 04:21:49 Image size of job updated: 447932
	370  -  MemoryUsage of job (MB)
	377900  -  ResidentSetSize of job (KB)
...
006 (3447417.001.000) 01/31 04:31:51 Image size of job updated: 447932
	370  -  MemoryUsage of job (MB)
	377912  -  ResidentSetSize of job (KB)
...
006 (3447417.001.000) 01/31 04:41:51 Image size of job updated: 447932
	370  -  MemoryUsage of job (MB)
	377924  -  ResidentSetSize of job (KB)
...
006 (3447417.001.000) 01/31 04:51:53 Image size of job updated: 447932
	370  -  MemoryUsage of job (MB)
	377932  -  ResidentSetSize of job (KB)
...
006 (3447417.001.000) 01/31 05:01:54 Image size of job updated: 447932
	370  -  MemoryUsage of job (MB)
	377964  -  ResidentSetSize of job (KB)
...
006 (3447417.001.000) 01/31 05:06:55 Image size of job updated: 447932
	370  -  MemoryUsage of job (MB)
	377988  -  ResidentSetSize of job (KB)
...
006 (3447417.001.000) 01/31 05:26:56 Image size of job updated: 447932
	370  -  MemoryUsage of job (MB)
	378012  -  ResidentSetSize of job (KB)
...
006 (3447417.001.000) 01/31 06:07:00 Image size of job updated: 447932
	370  -  MemoryUsage of job (MB)
	378028  -  ResidentSetSize of job (KB)
...
006 (3447417.001.000) 01/31 06:12:01 Image size of job updated: 447932
	370  -  MemoryUsage of job (MB)
	378044  -  ResidentSetSize of job (KB)
...
006 (3447417.001.000) 01/31 06:17:02 Image size of job updated: 447932
	370  -  MemoryUsage of job (MB)
	378064  -  ResidentSetSize of job (KB)
...
006 (3447417.001.000) 01/31 06:22:02 Image size of job updated: 447932
	370  -  MemoryUsage of job (MB)
	378084  -  ResidentSetSize of job (KB)
...
006 (3447417.001.000) 01/31 06:27:02 Image size of job updated: 447932
	370  -  MemoryUsage of job (MB)
	378100  -  ResidentSetSize of job (KB)
...
006 (3447417.001.000) 01/31 06:32:03 Image size of job updated: 447932
	370  -  MemoryUsage of job (MB)
	378140  -  ResidentSetSize of job (KB)
...
006 (3447417.001.000) 01/31 06:52:05 Image size of job updated: 447932
	370  -  MemoryUsage of job (MB)
	378200  -  ResidentSetSize of job (KB)
...
006 (3447417.001.000) 01/31 06:57:06 Image size of job updated: 447932
	370  -  MemoryUsage of job (MB)
	378208  -  ResidentSetSize of job (KB)
...
006 (3447417.001.000) 01/31 07:12:07 Image size of job updated: 447932
	370  -  MemoryUsage of job (MB)
	378272  -  ResidentSetSize of job (KB)
...
006 (3447417.001.000) 01/31 07:17:08 Image size of job updated: 447932
	370  -  MemoryUsage of job (MB)
	378280  -  ResidentSetSize of job (KB)
...
006 (3447417.001.000) 01/31 07:32:09 Image size of job updated: 447932
	370  -  MemoryUsage of job (MB)
	378296  -  ResidentSetSize of job (KB)
...
006 (3447417.001.000) 01/31 07:37:09 Image size of job updated: 447932
	370  -  MemoryUsage of job (MB)
	378304  -  ResidentSetSize of job (KB)
...
006 (3447417.001.000) 01/31 07:42:09 Image size of job updated: 447932
	370  -  MemoryUsage of job (MB)
	378340  -  ResidentSetSize of job (KB)
...
006 (3447417.001.000) 01/31 07:47:10 Image size of job updated: 447932
	370  -  MemoryUsage of job (MB)
	378368  -  ResidentSetSize of job (KB)
...
006 (3447417.001.000) 01/31 07:57:11 Image size of job updated: 447932
	370  -  MemoryUsage of job (MB)
	378372  -  ResidentSetSize of job (KB)
...
006 (3447417.001.000) 01/31 08:02:11 Image size of job updated: 447932
	370  -  MemoryUsage of job (MB)
	378380  -  ResidentSetSize of job (KB)
...
006 (3447417.001.000) 01/31 08:07:12 Image size of job updated: 447932
	370  -  MemoryUsage of job (MB)
	378396  -  ResidentSetSize of job (KB)
...
006 (3447417.001.000) 01/31 08:22:13 Image size of job updated: 447932
	370  -  MemoryUsage of job (MB)
	378420  -  ResidentSetSize of job (KB)
...
006 (3447417.001.000) 01/31 08:27:14 Image size of job updated: 447932
	370  -  MemoryUsage of job (MB)
	378432  -  ResidentSetSize of job (KB)
...
006 (3447417.001.000) 01/31 08:32:14 Image size of job updated: 447932
	370  -  MemoryUsage of job (MB)
	378464  -  ResidentSetSize of job (KB)
...
006 (3447417.001.000) 01/31 08:37:15 Image size of job updated: 447932
	370  -  MemoryUsage of job (MB)
	378468  -  ResidentSetSize of job (KB)
...
006 (3447417.001.000) 01/31 08:47:16 Image size of job updated: 447932
	370  -  MemoryUsage of job (MB)
	378520  -  ResidentSetSize of job (KB)
...
006 (3447417.001.000) 01/31 08:57:17 Image size of job updated: 447932
	370  -  MemoryUsage of job (MB)
	378584  -  ResidentSetSize of job (KB)
...
006 (3447417.001.000) 01/31 09:12:18 Image size of job updated: 447932
	370  -  MemoryUsage of job (MB)
	378680  -  ResidentSetSize of job (KB)
...
006 (3447417.001.000) 01/31 09:22:19 Image size of job updated: 447932
	370  -  MemoryUsage of job (MB)
	378764  -  ResidentSetSize of job (KB)
...
006 (3447417.001.000) 01/31 09:37:21 Image size of job updated: 447932
	370  -  MemoryUsage of job (MB)
	378776  -  ResidentSetSize of job (KB)
...
006 (3447417.001.000) 01/31 09:42:21 Image size of job updated: 447932
	370  -  MemoryUsage of job (MB)
	378792  -  ResidentSetSize of job (KB)
...
006 (3447417.001.000) 01/31 09:52:22 Image size of job updated: 447932
	370  -  MemoryUsage of job (MB)
	378800  -  ResidentSetSize of job (KB)
...
006 (3447417.001.000) 01/31 09:57:23 Image size of job updated: 447932
	370  -  MemoryUsage of job (MB)
	378816  -  ResidentSetSize of job (KB)
...
006 (3447417.001.000) 01/31 10:17:25 Image size of job updated: 447932
	370  -  MemoryUsage of job (MB)
	378820  -  ResidentSetSize of job (KB)
...
006 (3447417.001.000) 01/31 10:22:25 Image size of job updated: 447932
	370  -  MemoryUsage of job (MB)
	378836  -  ResidentSetSize of job (KB)
...
006 (3447417.001.000) 01/31 10:27:25 Image size of job updated: 447932
	370  -  MemoryUsage of job (MB)
	378844  -  ResidentSetSize of job (KB)
...
006 (3447417.001.000) 01/31 10:37:27 Image size of job updated: 447932
	370  -  MemoryUsage of job (MB)
	378860  -  ResidentSetSize of job (KB)
...
006 (3447417.001.000) 01/31 10:42:27 Image size of job updated: 447932
	370  -  MemoryUsage of job (MB)
	378872  -  ResidentSetSize of job (KB)
...
006 (3447417.001.000) 01/31 11:07:29 Image size of job updated: 447932
	371  -  MemoryUsage of job (MB)
	378904  -  ResidentSetSize of job (KB)
...
006 (3447417.001.000) 01/31 11:12:30 Image size of job updated: 447932
	371  -  MemoryUsage of job (MB)
	378912  -  ResidentSetSize of job (KB)
...
006 (3447417.001.000) 01/31 11:17:31 Image size of job updated: 447932
	371  -  MemoryUsage of job (MB)
	378972  -  ResidentSetSize of job (KB)
...
006 (3447417.001.000) 01/31 11:27:31 Image size of job updated: 447932
	371  -  MemoryUsage of job (MB)
	378984  -  ResidentSetSize of job (KB)
...
006 (3447417.001.000) 01/31 11:37:33 Image size of job updated: 447932
	371  -  MemoryUsage of job (MB)
	379016  -  ResidentSetSize of job (KB)
...
006 (3447417.001.000) 01/31 11:42:33 Image size of job updated: 447932
	371  -  MemoryUsage of job (MB)
	379048  -  ResidentSetSize of job (KB)
...
006 (3447417.001.000) 01/31 11:47:33 Image size of job updated: 447932
	371  -  MemoryUsage of job (MB)
	379076  -  ResidentSetSize of job (KB)
...
006 (3447417.001.000) 01/31 11:57:35 Image size of job updated: 447932
	371  -  MemoryUsage of job (MB)
	379108  -  ResidentSetSize of job (KB)
...
006 (3447417.001.000) 01/31 12:07:35 Image size of job updated: 447932
	371  -  MemoryUsage of job (MB)
	379128  -  ResidentSetSize of job (KB)
...
006 (3447417.001.000) 01/31 12:17:36 Image size of job updated: 447932
	371  -  MemoryUsage of job (MB)
	379160  -  ResidentSetSize of job (KB)
...
006 (3447417.001.000) 01/31 12:27:37 Image size of job updated: 447932
	371  -  MemoryUsage of job (MB)
	379172  -  ResidentSetSize of job (KB)
...
006 (3447417.001.000) 01/31 12:32:37 Image size of job updated: 447932
	371  -  MemoryUsage of job (MB)
	379192  -  ResidentSetSize of job (KB)
...
006 (3447417.001.000) 01/31 12:37:38 Image size of job updated: 447932
	371  -  MemoryUsage of job (MB)
	379200  -  ResidentSetSize of job (KB)
...
006 (3447417.001.000) 01/31 12:42:39 Image size of job updated: 447932
	371  -  MemoryUsage of job (MB)
	379228  -  ResidentSetSize of job (KB)
...
006 (3447417.001.000) 01/31 12:47:40 Image size of job updated: 447932
	371  -  MemoryUsage of job (MB)
	379260  -  ResidentSetSize of job (KB)
...
006 (3447417.001.000) 01/31 12:57:40 Image size of job updated: 447932
	371  -  MemoryUsage of job (MB)
	379264  -  ResidentSetSize of job (KB)
...
006 (3447417.001.000) 01/31 13:07:42 Image size of job updated: 447932
	371  -  MemoryUsage of job (MB)
	379272  -  ResidentSetSize of job (KB)
...
006 (3447417.001.000) 01/31 13:12:42 Image size of job updated: 447932
	371  -  MemoryUsage of job (MB)
	379296  -  ResidentSetSize of job (KB)
...
006 (3447417.001.000) 01/31 13:22:44 Image size of job updated: 447932
	371  -  MemoryUsage of job (MB)
	379312  -  ResidentSetSize of job (KB)
...
006 (3447417.001.000) 01/31 13:27:44 Image size of job updated: 447932
	371  -  MemoryUsage of job (MB)
	379328  -  ResidentSetSize of job (KB)
...
006 (3447417.001.000) 01/31 13:32:45 Image size of job updated: 447932
	371  -  MemoryUsage of job (MB)
	379344  -  ResidentSetSize of job (KB)
...
006 (3447417.001.000) 01/31 13:37:46 Image size of job updated: 447932
	371  -  MemoryUsage of job (MB)
	379388  -  ResidentSetSize of job (KB)
...
006 (3447417.001.000) 01/31 13:47:46 Image size of job updated: 447932
	371  -  MemoryUsage of job (MB)
	379416  -  ResidentSetSize of job (KB)
...
006 (3447417.001.000) 01/31 13:57:47 Image size of job updated: 447932
	371  -  MemoryUsage of job (MB)
	379448  -  ResidentSetSize of job (KB)
...
006 (3447417.001.000) 01/31 14:02:47 Image size of job updated: 447932
	371  -  MemoryUsage of job (MB)
	379456  -  ResidentSetSize of job (KB)
...
006 (3447417.001.000) 01/31 14:22:49 Image size of job updated: 447932
	371  -  MemoryUsage of job (MB)
	379488  -  ResidentSetSize of job (KB)
...
006 (3447417.001.000) 01/31 14:27:49 Image size of job updated: 447932
	371  -  MemoryUsage of job (MB)
	379496  -  ResidentSetSize of job (KB)
...
006 (3447417.001.000) 01/31 14:32:49 Image size of job updated: 447932
	371  -  MemoryUsage of job (MB)
	379516  -  ResidentSetSize of job (KB)
...
006 (3447417.001.000) 01/31 14:42:51 Image size of job updated: 447932
	371  -  MemoryUsage of job (MB)
	379524  -  ResidentSetSize of job (KB)
...
006 (3447417.001.000) 01/31 14:47:51 Image size of job updated: 447932
	371  -  MemoryUsage of job (MB)
	379580  -  ResidentSetSize of job (KB)
...
006 (3447417.001.000) 01/31 15:17:55 Image size of job updated: 447932
	371  -  MemoryUsage of job (MB)
	379596  -  ResidentSetSize of job (KB)
...
006 (3447417.001.000) 01/31 15:22:56 Image size of job updated: 447932
	371  -  MemoryUsage of job (MB)
	379668  -  ResidentSetSize of job (KB)
...
006 (3447417.001.000) 01/31 15:27:57 Image size of job updated: 447932
	371  -  MemoryUsage of job (MB)
	379684  -  ResidentSetSize of job (KB)
...
006 (3447417.001.000) 01/31 15:37:57 Image size of job updated: 447932
	371  -  MemoryUsage of job (MB)
	379700  -  ResidentSetSize of job (KB)
...
006 (3447417.001.000) 01/31 15:47:58 Image size of job updated: 447932
	371  -  MemoryUsage of job (MB)
	379708  -  ResidentSetSize of job (KB)
...
006 (3447417.001.000) 01/31 15:52:58 Image size of job updated: 447932
	371  -  MemoryUsage of job (MB)
	379716  -  ResidentSetSize of job (KB)
...
006 (3447417.001.000) 01/31 16:02:59 Image size of job updated: 447932
	371  -  MemoryUsage of job (MB)
	379724  -  ResidentSetSize of job (KB)
...
006 (3447417.001.000) 01/31 16:07:59 Image size of job updated: 447932
	371  -  MemoryUsage of job (MB)
	379732  -  ResidentSetSize of job (KB)
...
006 (3447417.001.000) 01/31 16:13:00 Image size of job updated: 447932
	371  -  MemoryUsage of job (MB)
	379748  -  ResidentSetSize of job (KB)
...
006 (3447417.001.000) 01/31 16:18:00 Image size of job updated: 447932
	371  -  MemoryUsage of job (MB)
	379756  -  ResidentSetSize of job (KB)
...
006 (3447417.001.000) 01/31 16:23:00 Image size of job updated: 447932
	371  -  MemoryUsage of job (MB)
	379768  -  ResidentSetSize of job (KB)
...
006 (3447417.001.000) 01/31 16:28:01 Image size of job updated: 447932
	371  -  MemoryUsage of job (MB)
	379804  -  ResidentSetSize of job (KB)
...
006 (3447417.001.000) 01/31 16:48:04 Image size of job updated: 447932
	371  -  MemoryUsage of job (MB)
	379820  -  ResidentSetSize of job (KB)
...
006 (3447417.001.000) 01/31 16:53:04 Image size of job updated: 447932
	371  -  MemoryUsage of job (MB)
	379836  -  ResidentSetSize of job (KB)
...
006 (3447417.001.000) 01/31 16:58:05 Image size of job updated: 447932
	371  -  MemoryUsage of job (MB)
	379852  -  ResidentSetSize of job (KB)
...
006 (3447417.001.000) 01/31 17:03:06 Image size of job updated: 447932
	371  -  MemoryUsage of job (MB)
	379872  -  ResidentSetSize of job (KB)
...
006 (3447417.001.000) 01/31 17:14:35 Image size of job updated: 447932
	372  -  MemoryUsage of job (MB)
	379916  -  ResidentSetSize of job (KB)
...
006 (3447417.001.000) 01/31 17:19:00 Image size of job updated: 447932
	372  -  MemoryUsage of job (MB)
	379928  -  ResidentSetSize of job (KB)
...
006 (3447417.001.000) 01/31 17:24:00 Image size of job updated: 447932
	372  -  MemoryUsage of job (MB)
	379936  -  ResidentSetSize of job (KB)
...
040 (3447417.001.000) 02/01 07:54:11 Started transferring input files
	Transferring to host: <188.184.200.115:9618?addrs=188.184.200.115-9618+[2001-1458-301-68--100-366]-9618&noUDP&sock=4182_58e3_83378>
...
040 (3447417.001.000) 02/01 07:54:11 Finished transferring input files
...
001 (3447417.001.000) 02/01 07:54:12 Job executing on host: <188.184.200.115:9618?addrs=188.184.200.115-9618+[2001-1458-301-68--100-366]-9618&noUDP&sock=2327_b4f9_3>
...
040 (3447417.001.000) 02/01 07:54:59 Started transferring output files
...
040 (3447417.001.000) 02/01 07:54:59 Finished transferring output files
...
005 (3447417.001.000) 02/01 07:55:00 Job terminated.
	(1) Normal termination (return value 0)
		Usr 0 00:00:07, Sys 0 00:00:05  -  Run Remote Usage
		Usr 0 00:00:00, Sys 0 00:00:00  -  Run Local Usage
		Usr 0 00:00:07, Sys 0 00:00:05  -  Total Remote Usage
		Usr 0 00:00:00, Sys 0 00:00:00  -  Total Local Usage
	9715  -  Run Bytes Sent By Job
	493  -  Run Bytes Received By Job
	9715  -  Total Bytes Sent By Job
	986  -  Total Bytes Received By Job
	Partitionable Resources :    Usage  Request Allocated 
	   Cpus                 :                 1           
	   Disk (KB)            :       24       35   2148065 
	   Memory (MB)          :      391     2000      2000 
...
