000 (3447424.011.000) 01/30 01:49:27 Job submitted from host: <188.185.71.142:9618?addrs=188.185.71.142-9618+[2001-1458-d00-7--100-388]-9618&alias=bigbird09.cern.ch&noUDP&sock=schedd_2208_1533_7>
...
040 (3447424.011.000) 01/30 07:10:11 Started transferring input files
	Transferring to host: <188.184.138.227:9618?addrs=188.184.138.227-9618+[2001-1458-301-45--100-cd]-9618&noUDP&sock=4426_446d_199223>
...
040 (3447424.011.000) 01/30 07:10:11 Finished transferring input files
...
001 (3447424.011.000) 01/30 07:10:12 Job executing on host: <188.184.138.227:9618?addrs=188.184.138.227-9618+[2001-1458-301-45--100-cd]-9618&noUDP&sock=5584_bcee_3>
...
006 (3447424.011.000) 01/30 07:10:22 Image size of job updated: 5232
	4  -  MemoryUsage of job (MB)
	4036  -  ResidentSetSize of job (KB)
...
006 (3447424.011.000) 01/30 07:15:22 Image size of job updated: 437556
	355  -  MemoryUsage of job (MB)
	362752  -  ResidentSetSize of job (KB)
...
006 (3447424.011.000) 01/30 07:45:25 Image size of job updated: 437560
	355  -  MemoryUsage of job (MB)
	362756  -  ResidentSetSize of job (KB)
...
006 (3447424.011.000) 01/30 07:55:25 Image size of job updated: 437568
	355  -  MemoryUsage of job (MB)
	362764  -  ResidentSetSize of job (KB)
...
006 (3447424.011.000) 01/30 15:21:11 Image size of job updated: 437568
	355  -  MemoryUsage of job (MB)
	362844  -  ResidentSetSize of job (KB)
...
006 (3447424.011.000) 01/30 15:26:12 Image size of job updated: 437568
	355  -  MemoryUsage of job (MB)
	362860  -  ResidentSetSize of job (KB)
...
006 (3447424.011.000) 01/30 15:31:12 Image size of job updated: 437568
	355  -  MemoryUsage of job (MB)
	362948  -  ResidentSetSize of job (KB)
...
006 (3447424.011.000) 01/30 15:36:12 Image size of job updated: 437568
	355  -  MemoryUsage of job (MB)
	363080  -  ResidentSetSize of job (KB)
...
006 (3447424.011.000) 01/30 15:41:13 Image size of job updated: 437568
	355  -  MemoryUsage of job (MB)
	363164  -  ResidentSetSize of job (KB)
...
006 (3447424.011.000) 01/30 15:51:13 Image size of job updated: 437568
	355  -  MemoryUsage of job (MB)
	363280  -  ResidentSetSize of job (KB)
...
006 (3447424.011.000) 01/30 16:41:20 Image size of job updated: 437568
	355  -  MemoryUsage of job (MB)
	363288  -  ResidentSetSize of job (KB)
...
006 (3447424.011.000) 01/30 16:46:21 Image size of job updated: 437568
	355  -  MemoryUsage of job (MB)
	363376  -  ResidentSetSize of job (KB)
...
006 (3447424.011.000) 01/30 16:56:22 Image size of job updated: 437568
	355  -  MemoryUsage of job (MB)
	363432  -  ResidentSetSize of job (KB)
...
006 (3447424.011.000) 01/30 17:21:25 Image size of job updated: 437568
	355  -  MemoryUsage of job (MB)
	363464  -  ResidentSetSize of job (KB)
...
006 (3447424.011.000) 01/30 17:31:26 Image size of job updated: 437568
	355  -  MemoryUsage of job (MB)
	363508  -  ResidentSetSize of job (KB)
...
006 (3447424.011.000) 01/30 17:41:27 Image size of job updated: 437568
	356  -  MemoryUsage of job (MB)
	363580  -  ResidentSetSize of job (KB)
...
006 (3447424.011.000) 01/30 17:51:28 Image size of job updated: 437568
	356  -  MemoryUsage of job (MB)
	363616  -  ResidentSetSize of job (KB)
...
006 (3447424.011.000) 01/30 17:56:29 Image size of job updated: 437568
	356  -  MemoryUsage of job (MB)
	363728  -  ResidentSetSize of job (KB)
...
006 (3447424.011.000) 01/30 18:01:30 Image size of job updated: 437568
	356  -  MemoryUsage of job (MB)
	363768  -  ResidentSetSize of job (KB)
...
006 (3447424.011.000) 01/30 18:06:30 Image size of job updated: 437568
	356  -  MemoryUsage of job (MB)
	363816  -  ResidentSetSize of job (KB)
...
006 (3447424.011.000) 01/30 18:11:31 Image size of job updated: 437568
	356  -  MemoryUsage of job (MB)
	363848  -  ResidentSetSize of job (KB)
...
006 (3447424.011.000) 01/30 18:16:32 Image size of job updated: 437568
	356  -  MemoryUsage of job (MB)
	363892  -  ResidentSetSize of job (KB)
...
006 (3447424.011.000) 01/30 18:21:32 Image size of job updated: 437568
	356  -  MemoryUsage of job (MB)
	363896  -  ResidentSetSize of job (KB)
...
006 (3447424.011.000) 01/30 18:26:32 Image size of job updated: 437568
	356  -  MemoryUsage of job (MB)
	363928  -  ResidentSetSize of job (KB)
...
006 (3447424.011.000) 01/30 18:31:34 Image size of job updated: 437568
	356  -  MemoryUsage of job (MB)
	364064  -  ResidentSetSize of job (KB)
...
006 (3447424.011.000) 01/30 18:36:34 Image size of job updated: 437568
	356  -  MemoryUsage of job (MB)
	364080  -  ResidentSetSize of job (KB)
...
006 (3447424.011.000) 01/30 18:41:34 Image size of job updated: 437568
	356  -  MemoryUsage of job (MB)
	364132  -  ResidentSetSize of job (KB)
...
006 (3447424.011.000) 01/30 18:46:35 Image size of job updated: 437568
	356  -  MemoryUsage of job (MB)
	364180  -  ResidentSetSize of job (KB)
...
006 (3447424.011.000) 01/30 18:56:35 Image size of job updated: 437568
	356  -  MemoryUsage of job (MB)
	364252  -  ResidentSetSize of job (KB)
...
006 (3447424.011.000) 01/30 19:01:36 Image size of job updated: 437568
	356  -  MemoryUsage of job (MB)
	364284  -  ResidentSetSize of job (KB)
...
006 (3447424.011.000) 01/30 19:06:36 Image size of job updated: 437568
	356  -  MemoryUsage of job (MB)
	364292  -  ResidentSetSize of job (KB)
...
006 (3447424.011.000) 01/30 19:11:36 Image size of job updated: 437568
	356  -  MemoryUsage of job (MB)
	364356  -  ResidentSetSize of job (KB)
...
006 (3447424.011.000) 01/30 19:16:37 Image size of job updated: 437568
	356  -  MemoryUsage of job (MB)
	364420  -  ResidentSetSize of job (KB)
...
006 (3447424.011.000) 01/30 19:21:37 Image size of job updated: 437568
	356  -  MemoryUsage of job (MB)
	364432  -  ResidentSetSize of job (KB)
...
006 (3447424.011.000) 01/30 19:26:37 Image size of job updated: 437568
	356  -  MemoryUsage of job (MB)
	364496  -  ResidentSetSize of job (KB)
...
006 (3447424.011.000) 01/30 19:31:37 Image size of job updated: 437568
	356  -  MemoryUsage of job (MB)
	364524  -  ResidentSetSize of job (KB)
...
006 (3447424.011.000) 01/30 19:36:37 Image size of job updated: 437568
	357  -  MemoryUsage of job (MB)
	364552  -  ResidentSetSize of job (KB)
...
006 (3447424.011.000) 01/30 19:41:38 Image size of job updated: 437568
	357  -  MemoryUsage of job (MB)
	364628  -  ResidentSetSize of job (KB)
...
006 (3447424.011.000) 01/30 19:56:40 Image size of job updated: 437568
	357  -  MemoryUsage of job (MB)
	364712  -  ResidentSetSize of job (KB)
...
006 (3447424.011.000) 01/30 20:01:41 Image size of job updated: 437568
	357  -  MemoryUsage of job (MB)
	364772  -  ResidentSetSize of job (KB)
...
006 (3447424.011.000) 01/30 20:06:41 Image size of job updated: 437568
	357  -  MemoryUsage of job (MB)
	364796  -  ResidentSetSize of job (KB)
...
006 (3447424.011.000) 01/30 20:11:41 Image size of job updated: 437568
	357  -  MemoryUsage of job (MB)
	364812  -  ResidentSetSize of job (KB)
...
006 (3447424.011.000) 01/30 20:16:42 Image size of job updated: 437568
	357  -  MemoryUsage of job (MB)
	364844  -  ResidentSetSize of job (KB)
...
006 (3447424.011.000) 01/30 20:21:42 Image size of job updated: 437568
	357  -  MemoryUsage of job (MB)
	364904  -  ResidentSetSize of job (KB)
...
006 (3447424.011.000) 01/30 20:26:42 Image size of job updated: 437568
	357  -  MemoryUsage of job (MB)
	364920  -  ResidentSetSize of job (KB)
...
006 (3447424.011.000) 01/30 20:31:43 Image size of job updated: 437568
	357  -  MemoryUsage of job (MB)
	364968  -  ResidentSetSize of job (KB)
...
006 (3447424.011.000) 01/30 20:36:44 Image size of job updated: 437568
	357  -  MemoryUsage of job (MB)
	365000  -  ResidentSetSize of job (KB)
...
006 (3447424.011.000) 01/30 20:41:44 Image size of job updated: 437568
	357  -  MemoryUsage of job (MB)
	365020  -  ResidentSetSize of job (KB)
...
006 (3447424.011.000) 01/30 20:46:45 Image size of job updated: 437568
	357  -  MemoryUsage of job (MB)
	365060  -  ResidentSetSize of job (KB)
...
006 (3447424.011.000) 01/30 20:51:46 Image size of job updated: 437568
	357  -  MemoryUsage of job (MB)
	365096  -  ResidentSetSize of job (KB)
...
006 (3447424.011.000) 01/30 20:56:46 Image size of job updated: 437568
	357  -  MemoryUsage of job (MB)
	365136  -  ResidentSetSize of job (KB)
...
006 (3447424.011.000) 01/30 21:01:47 Image size of job updated: 437568
	357  -  MemoryUsage of job (MB)
	365220  -  ResidentSetSize of job (KB)
...
006 (3447424.011.000) 01/30 21:06:47 Image size of job updated: 437568
	357  -  MemoryUsage of job (MB)
	365248  -  ResidentSetSize of job (KB)
...
006 (3447424.011.000) 01/30 21:11:47 Image size of job updated: 437568
	357  -  MemoryUsage of job (MB)
	365264  -  ResidentSetSize of job (KB)
...
006 (3447424.011.000) 01/30 21:16:48 Image size of job updated: 437568
	357  -  MemoryUsage of job (MB)
	365288  -  ResidentSetSize of job (KB)
...
006 (3447424.011.000) 01/30 21:21:49 Image size of job updated: 437568
	357  -  MemoryUsage of job (MB)
	365352  -  ResidentSetSize of job (KB)
...
006 (3447424.011.000) 01/30 21:26:49 Image size of job updated: 437568
	357  -  MemoryUsage of job (MB)
	365380  -  ResidentSetSize of job (KB)
...
006 (3447424.011.000) 01/30 21:31:50 Image size of job updated: 437568
	357  -  MemoryUsage of job (MB)
	365404  -  ResidentSetSize of job (KB)
...
006 (3447424.011.000) 01/30 21:36:51 Image size of job updated: 437568
	357  -  MemoryUsage of job (MB)
	365440  -  ResidentSetSize of job (KB)
...
006 (3447424.011.000) 01/30 21:41:52 Image size of job updated: 437568
	357  -  MemoryUsage of job (MB)
	365464  -  ResidentSetSize of job (KB)
...
006 (3447424.011.000) 01/30 21:51:52 Image size of job updated: 437568
	357  -  MemoryUsage of job (MB)
	365500  -  ResidentSetSize of job (KB)
...
006 (3447424.011.000) 01/30 21:56:53 Image size of job updated: 437568
	357  -  MemoryUsage of job (MB)
	365524  -  ResidentSetSize of job (KB)
...
006 (3447424.011.000) 01/30 22:01:53 Image size of job updated: 437568
	358  -  MemoryUsage of job (MB)
	365620  -  ResidentSetSize of job (KB)
...
006 (3447424.011.000) 01/30 22:06:53 Image size of job updated: 437568
	358  -  MemoryUsage of job (MB)
	365652  -  ResidentSetSize of job (KB)
...
006 (3447424.011.000) 01/30 22:11:54 Image size of job updated: 437568
	358  -  MemoryUsage of job (MB)
	365696  -  ResidentSetSize of job (KB)
...
006 (3447424.011.000) 01/30 22:16:54 Image size of job updated: 437568
	358  -  MemoryUsage of job (MB)
	365728  -  ResidentSetSize of job (KB)
...
006 (3447424.011.000) 01/30 22:21:54 Image size of job updated: 437568
	358  -  MemoryUsage of job (MB)
	365800  -  ResidentSetSize of job (KB)
...
006 (3447424.011.000) 01/30 22:26:55 Image size of job updated: 437568
	358  -  MemoryUsage of job (MB)
	365840  -  ResidentSetSize of job (KB)
...
006 (3447424.011.000) 01/30 22:31:56 Image size of job updated: 437568
	358  -  MemoryUsage of job (MB)
	365868  -  ResidentSetSize of job (KB)
...
006 (3447424.011.000) 01/30 22:36:56 Image size of job updated: 437568
	358  -  MemoryUsage of job (MB)
	365908  -  ResidentSetSize of job (KB)
...
006 (3447424.011.000) 01/30 22:41:57 Image size of job updated: 437568
	358  -  MemoryUsage of job (MB)
	365928  -  ResidentSetSize of job (KB)
...
006 (3447424.011.000) 01/30 22:46:58 Image size of job updated: 437568
	358  -  MemoryUsage of job (MB)
	365968  -  ResidentSetSize of job (KB)
...
006 (3447424.011.000) 01/30 22:51:58 Image size of job updated: 437568
	358  -  MemoryUsage of job (MB)
	366028  -  ResidentSetSize of job (KB)
...
006 (3447424.011.000) 01/30 22:56:59 Image size of job updated: 437568
	358  -  MemoryUsage of job (MB)
	366060  -  ResidentSetSize of job (KB)
...
006 (3447424.011.000) 01/30 23:02:00 Image size of job updated: 437568
	358  -  MemoryUsage of job (MB)
	366100  -  ResidentSetSize of job (KB)
...
006 (3447424.011.000) 01/30 23:07:00 Image size of job updated: 437568
	358  -  MemoryUsage of job (MB)
	366144  -  ResidentSetSize of job (KB)
...
006 (3447424.011.000) 01/30 23:12:00 Image size of job updated: 437568
	358  -  MemoryUsage of job (MB)
	366164  -  ResidentSetSize of job (KB)
...
006 (3447424.011.000) 01/30 23:17:01 Image size of job updated: 437568
	358  -  MemoryUsage of job (MB)
	366236  -  ResidentSetSize of job (KB)
...
006 (3447424.011.000) 01/30 23:22:01 Image size of job updated: 437568
	358  -  MemoryUsage of job (MB)
	366252  -  ResidentSetSize of job (KB)
...
006 (3447424.011.000) 01/30 23:27:01 Image size of job updated: 437568
	358  -  MemoryUsage of job (MB)
	366332  -  ResidentSetSize of job (KB)
...
006 (3447424.011.000) 01/30 23:32:02 Image size of job updated: 437568
	358  -  MemoryUsage of job (MB)
	366336  -  ResidentSetSize of job (KB)
...
006 (3447424.011.000) 01/30 23:37:02 Image size of job updated: 437568
	358  -  MemoryUsage of job (MB)
	366396  -  ResidentSetSize of job (KB)
...
006 (3447424.011.000) 01/30 23:42:03 Image size of job updated: 437568
	358  -  MemoryUsage of job (MB)
	366472  -  ResidentSetSize of job (KB)
...
006 (3447424.011.000) 01/30 23:47:04 Image size of job updated: 437568
	358  -  MemoryUsage of job (MB)
	366508  -  ResidentSetSize of job (KB)
...
006 (3447424.011.000) 01/30 23:52:04 Image size of job updated: 437568
	358  -  MemoryUsage of job (MB)
	366540  -  ResidentSetSize of job (KB)
...
006 (3447424.011.000) 01/30 23:57:05 Image size of job updated: 437568
	358  -  MemoryUsage of job (MB)
	366552  -  ResidentSetSize of job (KB)
...
006 (3447424.011.000) 01/31 00:02:06 Image size of job updated: 437568
	359  -  MemoryUsage of job (MB)
	366640  -  ResidentSetSize of job (KB)
...
006 (3447424.011.000) 01/31 00:07:06 Image size of job updated: 437568
	359  -  MemoryUsage of job (MB)
	366696  -  ResidentSetSize of job (KB)
...
006 (3447424.011.000) 01/31 00:12:06 Image size of job updated: 437568
	359  -  MemoryUsage of job (MB)
	366776  -  ResidentSetSize of job (KB)
...
006 (3447424.011.000) 01/31 00:17:07 Image size of job updated: 437568
	359  -  MemoryUsage of job (MB)
	366800  -  ResidentSetSize of job (KB)
...
006 (3447424.011.000) 01/31 00:22:07 Image size of job updated: 437568
	359  -  MemoryUsage of job (MB)
	366828  -  ResidentSetSize of job (KB)
...
006 (3447424.011.000) 01/31 00:32:08 Image size of job updated: 437568
	359  -  MemoryUsage of job (MB)
	366884  -  ResidentSetSize of job (KB)
...
006 (3447424.011.000) 01/31 00:37:09 Image size of job updated: 437568
	359  -  MemoryUsage of job (MB)
	366916  -  ResidentSetSize of job (KB)
...
006 (3447424.011.000) 01/31 00:42:09 Image size of job updated: 437568
	359  -  MemoryUsage of job (MB)
	366980  -  ResidentSetSize of job (KB)
...
006 (3447424.011.000) 01/31 00:47:10 Image size of job updated: 437568
	359  -  MemoryUsage of job (MB)
	367080  -  ResidentSetSize of job (KB)
...
006 (3447424.011.000) 01/31 00:52:11 Image size of job updated: 437568
	359  -  MemoryUsage of job (MB)
	367092  -  ResidentSetSize of job (KB)
...
006 (3447424.011.000) 01/31 00:57:11 Image size of job updated: 437568
	359  -  MemoryUsage of job (MB)
	367124  -  ResidentSetSize of job (KB)
...
006 (3447424.011.000) 01/31 01:02:11 Image size of job updated: 437568
	359  -  MemoryUsage of job (MB)
	367132  -  ResidentSetSize of job (KB)
...
006 (3447424.011.000) 01/31 01:07:12 Image size of job updated: 437568
	359  -  MemoryUsage of job (MB)
	367160  -  ResidentSetSize of job (KB)
...
006 (3447424.011.000) 01/31 01:17:12 Image size of job updated: 437568
	359  -  MemoryUsage of job (MB)
	367224  -  ResidentSetSize of job (KB)
...
006 (3447424.011.000) 01/31 01:22:13 Image size of job updated: 437568
	359  -  MemoryUsage of job (MB)
	367240  -  ResidentSetSize of job (KB)
...
006 (3447424.011.000) 01/31 01:27:14 Image size of job updated: 437568
	359  -  MemoryUsage of job (MB)
	367296  -  ResidentSetSize of job (KB)
...
006 (3447424.011.000) 01/31 01:32:14 Image size of job updated: 437568
	359  -  MemoryUsage of job (MB)
	367328  -  ResidentSetSize of job (KB)
...
006 (3447424.011.000) 01/31 01:37:15 Image size of job updated: 437568
	359  -  MemoryUsage of job (MB)
	367396  -  ResidentSetSize of job (KB)
...
006 (3447424.011.000) 01/31 01:42:16 Image size of job updated: 437568
	359  -  MemoryUsage of job (MB)
	367412  -  ResidentSetSize of job (KB)
...
006 (3447424.011.000) 01/31 01:47:16 Image size of job updated: 437568
	360  -  MemoryUsage of job (MB)
	368556  -  ResidentSetSize of job (KB)
...
006 (3447424.011.000) 01/31 01:52:16 Image size of job updated: 437568
	362  -  MemoryUsage of job (MB)
	369880  -  ResidentSetSize of job (KB)
...
006 (3447424.011.000) 01/31 01:57:17 Image size of job updated: 437568
	362  -  MemoryUsage of job (MB)
	369932  -  ResidentSetSize of job (KB)
...
006 (3447424.011.000) 01/31 02:02:18 Image size of job updated: 437568
	362  -  MemoryUsage of job (MB)
	370128  -  ResidentSetSize of job (KB)
...
006 (3447424.011.000) 01/31 02:07:18 Image size of job updated: 437568
	362  -  MemoryUsage of job (MB)
	370168  -  ResidentSetSize of job (KB)
...
006 (3447424.011.000) 01/31 02:12:18 Image size of job updated: 437568
	362  -  MemoryUsage of job (MB)
	370264  -  ResidentSetSize of job (KB)
...
006 (3447424.011.000) 01/31 02:17:19 Image size of job updated: 437568
	362  -  MemoryUsage of job (MB)
	370392  -  ResidentSetSize of job (KB)
...
006 (3447424.011.000) 01/31 02:22:19 Image size of job updated: 437568
	362  -  MemoryUsage of job (MB)
	370488  -  ResidentSetSize of job (KB)
...
006 (3447424.011.000) 01/31 02:27:19 Image size of job updated: 437568
	362  -  MemoryUsage of job (MB)
	370620  -  ResidentSetSize of job (KB)
...
006 (3447424.011.000) 01/31 02:32:20 Image size of job updated: 437568
	363  -  MemoryUsage of job (MB)
	370724  -  ResidentSetSize of job (KB)
...
006 (3447424.011.000) 01/31 02:37:21 Image size of job updated: 437568
	363  -  MemoryUsage of job (MB)
	370860  -  ResidentSetSize of job (KB)
...
006 (3447424.011.000) 01/31 02:42:21 Image size of job updated: 437568
	363  -  MemoryUsage of job (MB)
	370936  -  ResidentSetSize of job (KB)
...
006 (3447424.011.000) 01/31 02:47:21 Image size of job updated: 437568
	363  -  MemoryUsage of job (MB)
	371084  -  ResidentSetSize of job (KB)
...
006 (3447424.011.000) 01/31 02:52:22 Image size of job updated: 437568
	363  -  MemoryUsage of job (MB)
	371184  -  ResidentSetSize of job (KB)
...
006 (3447424.011.000) 01/31 02:57:23 Image size of job updated: 437568
	363  -  MemoryUsage of job (MB)
	371224  -  ResidentSetSize of job (KB)
...
006 (3447424.011.000) 01/31 03:02:23 Image size of job updated: 437568
	363  -  MemoryUsage of job (MB)
	371316  -  ResidentSetSize of job (KB)
...
006 (3447424.011.000) 01/31 03:07:24 Image size of job updated: 437568
	363  -  MemoryUsage of job (MB)
	371472  -  ResidentSetSize of job (KB)
...
006 (3447424.011.000) 01/31 03:12:25 Image size of job updated: 437568
	363  -  MemoryUsage of job (MB)
	371540  -  ResidentSetSize of job (KB)
...
006 (3447424.011.000) 01/31 03:17:25 Image size of job updated: 437568
	363  -  MemoryUsage of job (MB)
	371604  -  ResidentSetSize of job (KB)
...
006 (3447424.011.000) 01/31 03:22:25 Image size of job updated: 437568
	364  -  MemoryUsage of job (MB)
	371756  -  ResidentSetSize of job (KB)
...
006 (3447424.011.000) 01/31 03:27:27 Image size of job updated: 437568
	364  -  MemoryUsage of job (MB)
	371892  -  ResidentSetSize of job (KB)
...
006 (3447424.011.000) 01/31 03:32:27 Image size of job updated: 437568
	364  -  MemoryUsage of job (MB)
	372040  -  ResidentSetSize of job (KB)
...
006 (3447424.011.000) 01/31 03:37:27 Image size of job updated: 437568
	364  -  MemoryUsage of job (MB)
	372188  -  ResidentSetSize of job (KB)
...
006 (3447424.011.000) 01/31 03:42:28 Image size of job updated: 437568
	364  -  MemoryUsage of job (MB)
	372324  -  ResidentSetSize of job (KB)
...
006 (3447424.011.000) 01/31 03:47:29 Image size of job updated: 437568
	364  -  MemoryUsage of job (MB)
	372412  -  ResidentSetSize of job (KB)
...
006 (3447424.011.000) 01/31 03:52:29 Image size of job updated: 437568
	364  -  MemoryUsage of job (MB)
	372508  -  ResidentSetSize of job (KB)
...
006 (3447424.011.000) 01/31 03:57:29 Image size of job updated: 437568
	364  -  MemoryUsage of job (MB)
	372556  -  ResidentSetSize of job (KB)
...
006 (3447424.011.000) 01/31 04:02:30 Image size of job updated: 437568
	364  -  MemoryUsage of job (MB)
	372704  -  ResidentSetSize of job (KB)
...
006 (3447424.011.000) 01/31 04:07:31 Image size of job updated: 437568
	365  -  MemoryUsage of job (MB)
	372872  -  ResidentSetSize of job (KB)
...
006 (3447424.011.000) 01/31 04:12:31 Image size of job updated: 437568
	365  -  MemoryUsage of job (MB)
	372952  -  ResidentSetSize of job (KB)
...
006 (3447424.011.000) 01/31 04:17:31 Image size of job updated: 437568
	365  -  MemoryUsage of job (MB)
	373104  -  ResidentSetSize of job (KB)
...
006 (3447424.011.000) 01/31 04:22:32 Image size of job updated: 437568
	365  -  MemoryUsage of job (MB)
	373172  -  ResidentSetSize of job (KB)
...
006 (3447424.011.000) 01/31 04:27:32 Image size of job updated: 437568
	365  -  MemoryUsage of job (MB)
	373296  -  ResidentSetSize of job (KB)
...
006 (3447424.011.000) 01/31 04:32:32 Image size of job updated: 437568
	365  -  MemoryUsage of job (MB)
	373436  -  ResidentSetSize of job (KB)
...
006 (3447424.011.000) 01/31 04:42:34 Image size of job updated: 437568
	365  -  MemoryUsage of job (MB)
	373608  -  ResidentSetSize of job (KB)
...
006 (3447424.011.000) 01/31 04:47:34 Image size of job updated: 437568
	365  -  MemoryUsage of job (MB)
	373684  -  ResidentSetSize of job (KB)
...
006 (3447424.011.000) 01/31 04:52:34 Image size of job updated: 437568
	366  -  MemoryUsage of job (MB)
	373876  -  ResidentSetSize of job (KB)
...
006 (3447424.011.000) 01/31 04:57:36 Image size of job updated: 437568
	366  -  MemoryUsage of job (MB)
	374036  -  ResidentSetSize of job (KB)
...
006 (3447424.011.000) 01/31 05:02:36 Image size of job updated: 437568
	366  -  MemoryUsage of job (MB)
	374084  -  ResidentSetSize of job (KB)
...
006 (3447424.011.000) 01/31 05:12:37 Image size of job updated: 437568
	366  -  MemoryUsage of job (MB)
	374092  -  ResidentSetSize of job (KB)
...
006 (3447424.011.000) 01/31 05:47:40 Image size of job updated: 437568
	366  -  MemoryUsage of job (MB)
	374140  -  ResidentSetSize of job (KB)
...
006 (3447424.011.000) 01/31 05:52:41 Image size of job updated: 437568
	366  -  MemoryUsage of job (MB)
	374168  -  ResidentSetSize of job (KB)
...
006 (3447424.011.000) 01/31 05:57:41 Image size of job updated: 437568
	366  -  MemoryUsage of job (MB)
	374268  -  ResidentSetSize of job (KB)
...
006 (3447424.011.000) 01/31 06:12:43 Image size of job updated: 437568
	366  -  MemoryUsage of job (MB)
	374344  -  ResidentSetSize of job (KB)
...
006 (3447424.011.000) 01/31 06:17:43 Image size of job updated: 437568
	366  -  MemoryUsage of job (MB)
	374380  -  ResidentSetSize of job (KB)
...
006 (3447424.011.000) 01/31 06:27:46 Image size of job updated: 437568
	366  -  MemoryUsage of job (MB)
	374388  -  ResidentSetSize of job (KB)
...
006 (3447424.011.000) 01/31 06:32:46 Image size of job updated: 437568
	366  -  MemoryUsage of job (MB)
	374412  -  ResidentSetSize of job (KB)
...
006 (3447424.011.000) 01/31 06:42:47 Image size of job updated: 437568
	366  -  MemoryUsage of job (MB)
	374420  -  ResidentSetSize of job (KB)
...
006 (3447424.011.000) 01/31 06:47:48 Image size of job updated: 437568
	366  -  MemoryUsage of job (MB)
	374432  -  ResidentSetSize of job (KB)
...
006 (3447424.011.000) 01/31 06:52:48 Image size of job updated: 437568
	366  -  MemoryUsage of job (MB)
	374436  -  ResidentSetSize of job (KB)
...
006 (3447424.011.000) 01/31 06:57:48 Image size of job updated: 437568
	366  -  MemoryUsage of job (MB)
	374444  -  ResidentSetSize of job (KB)
...
006 (3447424.011.000) 01/31 07:12:50 Image size of job updated: 437568
	366  -  MemoryUsage of job (MB)
	374452  -  ResidentSetSize of job (KB)
...
006 (3447424.011.000) 01/31 07:27:52 Image size of job updated: 437568
	366  -  MemoryUsage of job (MB)
	374476  -  ResidentSetSize of job (KB)
...
006 (3447424.011.000) 01/31 07:47:54 Image size of job updated: 437568
	366  -  MemoryUsage of job (MB)
	374488  -  ResidentSetSize of job (KB)
...
006 (3447424.011.000) 01/31 08:02:56 Image size of job updated: 437568
	366  -  MemoryUsage of job (MB)
	374508  -  ResidentSetSize of job (KB)
...
006 (3447424.011.000) 01/31 08:12:57 Image size of job updated: 437568
	366  -  MemoryUsage of job (MB)
	374536  -  ResidentSetSize of job (KB)
...
006 (3447424.011.000) 01/31 08:17:58 Image size of job updated: 437568
	366  -  MemoryUsage of job (MB)
	374568  -  ResidentSetSize of job (KB)
...
006 (3447424.011.000) 01/31 08:27:59 Image size of job updated: 437568
	366  -  MemoryUsage of job (MB)
	374580  -  ResidentSetSize of job (KB)
...
006 (3447424.011.000) 01/31 08:33:00 Image size of job updated: 437568
	366  -  MemoryUsage of job (MB)
	374596  -  ResidentSetSize of job (KB)
...
006 (3447424.011.000) 01/31 08:38:00 Image size of job updated: 437568
	366  -  MemoryUsage of job (MB)
	374616  -  ResidentSetSize of job (KB)
...
006 (3447424.011.000) 01/31 08:48:01 Image size of job updated: 437568
	366  -  MemoryUsage of job (MB)
	374644  -  ResidentSetSize of job (KB)
...
006 (3447424.011.000) 01/31 08:53:01 Image size of job updated: 437568
	366  -  MemoryUsage of job (MB)
	374676  -  ResidentSetSize of job (KB)
...
006 (3447424.011.000) 01/31 08:58:01 Image size of job updated: 437568
	366  -  MemoryUsage of job (MB)
	374684  -  ResidentSetSize of job (KB)
...
006 (3447424.011.000) 01/31 11:58:19 Image size of job updated: 437568
	367  -  MemoryUsage of job (MB)
	374860  -  ResidentSetSize of job (KB)
...
006 (3447424.011.000) 01/31 12:13:20 Image size of job updated: 437568
	367  -  MemoryUsage of job (MB)
	374868  -  ResidentSetSize of job (KB)
...
006 (3447424.011.000) 01/31 12:28:21 Image size of job updated: 437568
	367  -  MemoryUsage of job (MB)
	374952  -  ResidentSetSize of job (KB)
...
006 (3447424.011.000) 01/31 12:38:22 Image size of job updated: 437568
	367  -  MemoryUsage of job (MB)
	374976  -  ResidentSetSize of job (KB)
...
006 (3447424.011.000) 01/31 12:53:24 Image size of job updated: 437568
	367  -  MemoryUsage of job (MB)
	375032  -  ResidentSetSize of job (KB)
...
006 (3447424.011.000) 01/31 13:03:26 Image size of job updated: 437568
	367  -  MemoryUsage of job (MB)
	375060  -  ResidentSetSize of job (KB)
...
006 (3447424.011.000) 01/31 13:13:27 Image size of job updated: 437568
	367  -  MemoryUsage of job (MB)
	375148  -  ResidentSetSize of job (KB)
...
006 (3447424.011.000) 01/31 13:18:28 Image size of job updated: 437568
	367  -  MemoryUsage of job (MB)
	375176  -  ResidentSetSize of job (KB)
...
006 (3447424.011.000) 01/31 13:33:29 Image size of job updated: 437568
	367  -  MemoryUsage of job (MB)
	375180  -  ResidentSetSize of job (KB)
...
006 (3447424.011.000) 01/31 13:43:29 Image size of job updated: 437568
	367  -  MemoryUsage of job (MB)
	375212  -  ResidentSetSize of job (KB)
...
006 (3447424.011.000) 01/31 13:48:30 Image size of job updated: 437568
	367  -  MemoryUsage of job (MB)
	375248  -  ResidentSetSize of job (KB)
...
006 (3447424.011.000) 01/31 13:53:30 Image size of job updated: 437568
	367  -  MemoryUsage of job (MB)
	375256  -  ResidentSetSize of job (KB)
...
006 (3447424.011.000) 01/31 14:03:32 Image size of job updated: 437568
	367  -  MemoryUsage of job (MB)
	375312  -  ResidentSetSize of job (KB)
...
006 (3447424.011.000) 01/31 14:08:32 Image size of job updated: 437568
	367  -  MemoryUsage of job (MB)
	375316  -  ResidentSetSize of job (KB)
...
006 (3447424.011.000) 01/31 14:18:33 Image size of job updated: 437568
	367  -  MemoryUsage of job (MB)
	375340  -  ResidentSetSize of job (KB)
...
006 (3447424.011.000) 01/31 14:23:34 Image size of job updated: 437568
	367  -  MemoryUsage of job (MB)
	375376  -  ResidentSetSize of job (KB)
...
006 (3447424.011.000) 01/31 14:28:34 Image size of job updated: 437568
	367  -  MemoryUsage of job (MB)
	375392  -  ResidentSetSize of job (KB)
...
006 (3447424.011.000) 01/31 14:33:35 Image size of job updated: 437568
	367  -  MemoryUsage of job (MB)
	375404  -  ResidentSetSize of job (KB)
...
006 (3447424.011.000) 01/31 14:38:36 Image size of job updated: 437568
	367  -  MemoryUsage of job (MB)
	375448  -  ResidentSetSize of job (KB)
...
006 (3447424.011.000) 01/31 14:53:38 Image size of job updated: 437568
	367  -  MemoryUsage of job (MB)
	375452  -  ResidentSetSize of job (KB)
...
006 (3447424.011.000) 01/31 15:13:40 Image size of job updated: 437568
	367  -  MemoryUsage of job (MB)
	375468  -  ResidentSetSize of job (KB)
...
006 (3447424.011.000) 01/31 15:18:41 Image size of job updated: 437568
	367  -  MemoryUsage of job (MB)
	375520  -  ResidentSetSize of job (KB)
...
006 (3447424.011.000) 01/31 15:48:45 Image size of job updated: 437568
	367  -  MemoryUsage of job (MB)
	375524  -  ResidentSetSize of job (KB)
...
006 (3447424.011.000) 01/31 15:58:46 Image size of job updated: 437568
	367  -  MemoryUsage of job (MB)
	375536  -  ResidentSetSize of job (KB)
...
006 (3447424.011.000) 01/31 16:03:47 Image size of job updated: 437568
	367  -  MemoryUsage of job (MB)
	375552  -  ResidentSetSize of job (KB)
...
006 (3447424.011.000) 01/31 16:08:48 Image size of job updated: 437568
	367  -  MemoryUsage of job (MB)
	375576  -  ResidentSetSize of job (KB)
...
006 (3447424.011.000) 01/31 16:13:48 Image size of job updated: 437568
	367  -  MemoryUsage of job (MB)
	375592  -  ResidentSetSize of job (KB)
...
006 (3447424.011.000) 01/31 16:18:48 Image size of job updated: 437568
	367  -  MemoryUsage of job (MB)
	375600  -  ResidentSetSize of job (KB)
...
006 (3447424.011.000) 01/31 16:23:49 Image size of job updated: 437568
	367  -  MemoryUsage of job (MB)
	375608  -  ResidentSetSize of job (KB)
...
006 (3447424.011.000) 01/31 16:33:49 Image size of job updated: 437568
	367  -  MemoryUsage of job (MB)
	375660  -  ResidentSetSize of job (KB)
...
006 (3447424.011.000) 01/31 16:48:51 Image size of job updated: 437568
	367  -  MemoryUsage of job (MB)
	375684  -  ResidentSetSize of job (KB)
...
006 (3447424.011.000) 01/31 17:03:53 Image size of job updated: 437568
	367  -  MemoryUsage of job (MB)
	375704  -  ResidentSetSize of job (KB)
...
006 (3447424.011.000) 01/31 17:08:54 Image size of job updated: 437568
	367  -  MemoryUsage of job (MB)
	375708  -  ResidentSetSize of job (KB)
...
006 (3447424.011.000) 01/31 17:16:45 Image size of job updated: 437568
	367  -  MemoryUsage of job (MB)
	375736  -  ResidentSetSize of job (KB)
...
006 (3447424.011.000) 01/31 17:25:16 Image size of job updated: 437568
	367  -  MemoryUsage of job (MB)
	375788  -  ResidentSetSize of job (KB)
...
006 (3447424.011.000) 01/31 17:34:51 Image size of job updated: 437568
	368  -  MemoryUsage of job (MB)
	375840  -  ResidentSetSize of job (KB)
...
006 (3447424.011.000) 01/31 17:47:14 Image size of job updated: 437568
	368  -  MemoryUsage of job (MB)
	375852  -  ResidentSetSize of job (KB)
...
006 (3447424.011.000) 01/31 17:56:20 Image size of job updated: 437568
	368  -  MemoryUsage of job (MB)
	375892  -  ResidentSetSize of job (KB)
...
006 (3447424.011.000) 01/31 18:01:48 Image size of job updated: 437568
	368  -  MemoryUsage of job (MB)
	375896  -  ResidentSetSize of job (KB)
...
006 (3447424.011.000) 01/31 18:06:49 Image size of job updated: 437568
	368  -  MemoryUsage of job (MB)
	375900  -  ResidentSetSize of job (KB)
...
006 (3447424.011.000) 01/31 18:11:50 Image size of job updated: 437568
	368  -  MemoryUsage of job (MB)
	375940  -  ResidentSetSize of job (KB)
...
006 (3447424.011.000) 01/31 18:16:50 Image size of job updated: 437568
	368  -  MemoryUsage of job (MB)
	375960  -  ResidentSetSize of job (KB)
...
006 (3447424.011.000) 01/31 18:31:52 Image size of job updated: 437568
	368  -  MemoryUsage of job (MB)
	375972  -  ResidentSetSize of job (KB)
...
006 (3447424.011.000) 01/31 18:36:53 Image size of job updated: 437568
	368  -  MemoryUsage of job (MB)
	375996  -  ResidentSetSize of job (KB)
...
006 (3447424.011.000) 01/31 18:41:53 Image size of job updated: 437568
	368  -  MemoryUsage of job (MB)
	376064  -  ResidentSetSize of job (KB)
...
006 (3447424.011.000) 01/31 18:46:53 Image size of job updated: 437568
	368  -  MemoryUsage of job (MB)
	376068  -  ResidentSetSize of job (KB)
...
006 (3447424.011.000) 01/31 19:37:00 Image size of job updated: 437568
	368  -  MemoryUsage of job (MB)
	376112  -  ResidentSetSize of job (KB)
...
006 (3447424.011.000) 01/31 19:42:01 Image size of job updated: 437568
	368  -  MemoryUsage of job (MB)
	376132  -  ResidentSetSize of job (KB)
...
006 (3447424.011.000) 01/31 19:47:01 Image size of job updated: 437568
	368  -  MemoryUsage of job (MB)
	376152  -  ResidentSetSize of job (KB)
...
006 (3447424.011.000) 01/31 19:52:02 Image size of job updated: 437568
	368  -  MemoryUsage of job (MB)
	376176  -  ResidentSetSize of job (KB)
...
006 (3447424.011.000) 01/31 20:07:03 Image size of job updated: 437568
	368  -  MemoryUsage of job (MB)
	376188  -  ResidentSetSize of job (KB)
...
006 (3447424.011.000) 01/31 20:12:04 Image size of job updated: 437568
	368  -  MemoryUsage of job (MB)
	376200  -  ResidentSetSize of job (KB)
...
006 (3447424.011.000) 01/31 20:27:05 Image size of job updated: 437568
	368  -  MemoryUsage of job (MB)
	376220  -  ResidentSetSize of job (KB)
...
006 (3447424.011.000) 01/31 20:32:06 Image size of job updated: 437568
	368  -  MemoryUsage of job (MB)
	376248  -  ResidentSetSize of job (KB)
...
006 (3447424.011.000) 01/31 20:42:07 Image size of job updated: 437568
	368  -  MemoryUsage of job (MB)
	376276  -  ResidentSetSize of job (KB)
...
006 (3447424.011.000) 01/31 20:47:08 Image size of job updated: 437568
	368  -  MemoryUsage of job (MB)
	376292  -  ResidentSetSize of job (KB)
...
006 (3447424.011.000) 01/31 21:12:10 Image size of job updated: 437568
	368  -  MemoryUsage of job (MB)
	376308  -  ResidentSetSize of job (KB)
...
006 (3447424.011.000) 01/31 21:17:11 Image size of job updated: 437568
	368  -  MemoryUsage of job (MB)
	376372  -  ResidentSetSize of job (KB)
...
006 (3447424.011.000) 01/31 21:22:11 Image size of job updated: 437568
	368  -  MemoryUsage of job (MB)
	376416  -  ResidentSetSize of job (KB)
...
006 (3447424.011.000) 01/31 21:32:12 Image size of job updated: 437568
	368  -  MemoryUsage of job (MB)
	376424  -  ResidentSetSize of job (KB)
...
006 (3447424.011.000) 01/31 21:57:14 Image size of job updated: 437568
	368  -  MemoryUsage of job (MB)
	376440  -  ResidentSetSize of job (KB)
...
006 (3447424.011.000) 01/31 22:02:15 Image size of job updated: 437568
	368  -  MemoryUsage of job (MB)
	376444  -  ResidentSetSize of job (KB)
...
006 (3447424.011.000) 01/31 22:08:34 Image size of job updated: 437568
	368  -  MemoryUsage of job (MB)
	376452  -  ResidentSetSize of job (KB)
...
006 (3447424.011.000) 01/31 22:12:29 Image size of job updated: 437568
	368  -  MemoryUsage of job (MB)
	376480  -  ResidentSetSize of job (KB)
...
006 (3447424.011.000) 01/31 22:17:31 Image size of job updated: 437568
	368  -  MemoryUsage of job (MB)
	376492  -  ResidentSetSize of job (KB)
...
006 (3447424.011.000) 01/31 22:22:31 Image size of job updated: 437568
	368  -  MemoryUsage of job (MB)
	376524  -  ResidentSetSize of job (KB)
...
006 (3447424.011.000) 01/31 22:37:33 Image size of job updated: 437568
	368  -  MemoryUsage of job (MB)
	376532  -  ResidentSetSize of job (KB)
...
006 (3447424.011.000) 01/31 22:42:33 Image size of job updated: 437568
	368  -  MemoryUsage of job (MB)
	376544  -  ResidentSetSize of job (KB)
...
006 (3447424.011.000) 01/31 22:47:34 Image size of job updated: 437568
	368  -  MemoryUsage of job (MB)
	376556  -  ResidentSetSize of job (KB)
...
006 (3447424.011.000) 01/31 22:52:35 Image size of job updated: 437568
	368  -  MemoryUsage of job (MB)
	376612  -  ResidentSetSize of job (KB)
...
006 (3447424.011.000) 01/31 22:57:35 Image size of job updated: 437568
	368  -  MemoryUsage of job (MB)
	376704  -  ResidentSetSize of job (KB)
...
006 (3447424.011.000) 01/31 23:02:36 Image size of job updated: 437568
	368  -  MemoryUsage of job (MB)
	376788  -  ResidentSetSize of job (KB)
...
006 (3447424.011.000) 01/31 23:47:41 Image size of job updated: 437568
	368  -  MemoryUsage of job (MB)
	376796  -  ResidentSetSize of job (KB)
...
006 (3447424.011.000) 01/31 23:52:42 Image size of job updated: 437568
	368  -  MemoryUsage of job (MB)
	376804  -  ResidentSetSize of job (KB)
...
006 (3447424.011.000) 01/31 23:57:42 Image size of job updated: 437568
	368  -  MemoryUsage of job (MB)
	376820  -  ResidentSetSize of job (KB)
...
006 (3447424.011.000) 02/01 00:02:42 Image size of job updated: 437568
	369  -  MemoryUsage of job (MB)
	376844  -  ResidentSetSize of job (KB)
...
006 (3447424.011.000) 02/01 00:07:43 Image size of job updated: 437568
	369  -  MemoryUsage of job (MB)
	376860  -  ResidentSetSize of job (KB)
...
006 (3447424.011.000) 02/01 00:12:44 Image size of job updated: 437568
	369  -  MemoryUsage of job (MB)
	376900  -  ResidentSetSize of job (KB)
...
006 (3447424.011.000) 02/01 00:17:44 Image size of job updated: 437568
	369  -  MemoryUsage of job (MB)
	376924  -  ResidentSetSize of job (KB)
...
006 (3447424.011.000) 02/01 00:22:45 Image size of job updated: 437568
	369  -  MemoryUsage of job (MB)
	376992  -  ResidentSetSize of job (KB)
...
006 (3447424.011.000) 02/01 00:27:46 Image size of job updated: 437568
	369  -  MemoryUsage of job (MB)
	377016  -  ResidentSetSize of job (KB)
...
006 (3447424.011.000) 02/01 00:37:46 Image size of job updated: 437568
	369  -  MemoryUsage of job (MB)
	377028  -  ResidentSetSize of job (KB)
...
006 (3447424.011.000) 02/01 00:47:48 Image size of job updated: 437568
	369  -  MemoryUsage of job (MB)
	377048  -  ResidentSetSize of job (KB)
...
006 (3447424.011.000) 02/01 00:52:48 Image size of job updated: 437568
	369  -  MemoryUsage of job (MB)
	377088  -  ResidentSetSize of job (KB)
...
006 (3447424.011.000) 02/01 01:07:50 Image size of job updated: 437568
	369  -  MemoryUsage of job (MB)
	377112  -  ResidentSetSize of job (KB)
...
006 (3447424.011.000) 02/01 01:12:50 Image size of job updated: 437568
	369  -  MemoryUsage of job (MB)
	377132  -  ResidentSetSize of job (KB)
...
006 (3447424.011.000) 02/01 01:17:51 Image size of job updated: 437568
	369  -  MemoryUsage of job (MB)
	377136  -  ResidentSetSize of job (KB)
...
006 (3447424.011.000) 02/01 01:22:51 Image size of job updated: 437568
	369  -  MemoryUsage of job (MB)
	377140  -  ResidentSetSize of job (KB)
...
006 (3447424.011.000) 02/01 01:27:51 Image size of job updated: 437568
	369  -  MemoryUsage of job (MB)
	377176  -  ResidentSetSize of job (KB)
...
006 (3447424.011.000) 02/01 01:42:53 Image size of job updated: 437568
	369  -  MemoryUsage of job (MB)
	377184  -  ResidentSetSize of job (KB)
...
006 (3447424.011.000) 02/01 01:47:54 Image size of job updated: 437568
	369  -  MemoryUsage of job (MB)
	377192  -  ResidentSetSize of job (KB)
...
006 (3447424.011.000) 02/01 01:52:55 Image size of job updated: 437568
	369  -  MemoryUsage of job (MB)
	377208  -  ResidentSetSize of job (KB)
...
006 (3447424.011.000) 02/01 01:57:55 Image size of job updated: 437568
	369  -  MemoryUsage of job (MB)
	377248  -  ResidentSetSize of job (KB)
...
006 (3447424.011.000) 02/01 02:07:56 Image size of job updated: 437568
	369  -  MemoryUsage of job (MB)
	377260  -  ResidentSetSize of job (KB)
...
006 (3447424.011.000) 02/01 02:27:58 Image size of job updated: 437568
	369  -  MemoryUsage of job (MB)
	377296  -  ResidentSetSize of job (KB)
...
006 (3447424.011.000) 02/01 02:32:58 Image size of job updated: 437568
	369  -  MemoryUsage of job (MB)
	377312  -  ResidentSetSize of job (KB)
...
006 (3447424.011.000) 02/01 02:38:00 Image size of job updated: 437568
	369  -  MemoryUsage of job (MB)
	377372  -  ResidentSetSize of job (KB)
...
006 (3447424.011.000) 02/01 02:43:00 Image size of job updated: 437568
	369  -  MemoryUsage of job (MB)
	377392  -  ResidentSetSize of job (KB)
...
006 (3447424.011.000) 02/01 02:58:02 Image size of job updated: 437568
	369  -  MemoryUsage of job (MB)
	377408  -  ResidentSetSize of job (KB)
...
006 (3447424.011.000) 02/01 03:03:02 Image size of job updated: 437568
	369  -  MemoryUsage of job (MB)
	377416  -  ResidentSetSize of job (KB)
...
006 (3447424.011.000) 02/01 03:13:04 Image size of job updated: 437568
	369  -  MemoryUsage of job (MB)
	377436  -  ResidentSetSize of job (KB)
...
006 (3447424.011.000) 02/01 03:18:04 Image size of job updated: 437568
	369  -  MemoryUsage of job (MB)
	377440  -  ResidentSetSize of job (KB)
...
006 (3447424.011.000) 02/01 03:28:06 Image size of job updated: 437568
	369  -  MemoryUsage of job (MB)
	377456  -  ResidentSetSize of job (KB)
...
006 (3447424.011.000) 02/01 03:33:06 Image size of job updated: 437568
	369  -  MemoryUsage of job (MB)
	377468  -  ResidentSetSize of job (KB)
...
006 (3447424.011.000) 02/01 03:43:08 Image size of job updated: 437568
	369  -  MemoryUsage of job (MB)
	377472  -  ResidentSetSize of job (KB)
...
006 (3447424.011.000) 02/01 03:48:08 Image size of job updated: 437568
	369  -  MemoryUsage of job (MB)
	377500  -  ResidentSetSize of job (KB)
...
006 (3447424.011.000) 02/01 03:53:09 Image size of job updated: 437568
	369  -  MemoryUsage of job (MB)
	377516  -  ResidentSetSize of job (KB)
...
006 (3447424.011.000) 02/01 03:58:10 Image size of job updated: 437568
	369  -  MemoryUsage of job (MB)
	377556  -  ResidentSetSize of job (KB)
...
006 (3447424.011.000) 02/01 04:13:11 Image size of job updated: 437568
	369  -  MemoryUsage of job (MB)
	377572  -  ResidentSetSize of job (KB)
...
006 (3447424.011.000) 02/01 06:23:26 Image size of job updated: 437568
	369  -  MemoryUsage of job (MB)
	377588  -  ResidentSetSize of job (KB)
...
006 (3447424.011.000) 02/01 06:28:26 Image size of job updated: 437568
	369  -  MemoryUsage of job (MB)
	377592  -  ResidentSetSize of job (KB)
...
006 (3447424.011.000) 02/01 06:33:26 Image size of job updated: 437568
	369  -  MemoryUsage of job (MB)
	377596  -  ResidentSetSize of job (KB)
...
006 (3447424.011.000) 02/01 06:43:28 Image size of job updated: 437568
	369  -  MemoryUsage of job (MB)
	377656  -  ResidentSetSize of job (KB)
...
006 (3447424.011.000) 02/01 06:48:28 Image size of job updated: 437568
	369  -  MemoryUsage of job (MB)
	377668  -  ResidentSetSize of job (KB)
...
006 (3447424.011.000) 02/01 06:53:28 Image size of job updated: 437568
	369  -  MemoryUsage of job (MB)
	377684  -  ResidentSetSize of job (KB)
...
006 (3447424.011.000) 02/01 06:58:29 Image size of job updated: 437568
	369  -  MemoryUsage of job (MB)
	377712  -  ResidentSetSize of job (KB)
...
006 (3447424.011.000) 02/01 07:03:30 Image size of job updated: 437568
	369  -  MemoryUsage of job (MB)
	377744  -  ResidentSetSize of job (KB)
...
006 (3447424.011.000) 02/01 07:08:30 Image size of job updated: 437568
	369  -  MemoryUsage of job (MB)
	377800  -  ResidentSetSize of job (KB)
...
006 (3447424.011.000) 02/01 07:28:31 Image size of job updated: 437568
	369  -  MemoryUsage of job (MB)
	377812  -  ResidentSetSize of job (KB)
...
006 (3447424.011.000) 02/01 07:33:32 Image size of job updated: 437568
	369  -  MemoryUsage of job (MB)
	377816  -  ResidentSetSize of job (KB)
...
006 (3447424.011.000) 02/01 07:38:33 Image size of job updated: 437568
	369  -  MemoryUsage of job (MB)
	377836  -  ResidentSetSize of job (KB)
...
006 (3447424.011.000) 02/01 07:43:33 Image size of job updated: 437568
	369  -  MemoryUsage of job (MB)
	377848  -  ResidentSetSize of job (KB)
...
006 (3447424.011.000) 02/01 07:48:33 Image size of job updated: 437568
	370  -  MemoryUsage of job (MB)
	377900  -  ResidentSetSize of job (KB)
...
006 (3447424.011.000) 02/01 07:53:34 Image size of job updated: 437568
	370  -  MemoryUsage of job (MB)
	377920  -  ResidentSetSize of job (KB)
...
006 (3447424.011.000) 02/01 07:58:35 Image size of job updated: 437568
	370  -  MemoryUsage of job (MB)
	377928  -  ResidentSetSize of job (KB)
...
006 (3447424.011.000) 02/01 08:08:35 Image size of job updated: 437568
	370  -  MemoryUsage of job (MB)
	377972  -  ResidentSetSize of job (KB)
...
006 (3447424.011.000) 02/01 08:13:36 Image size of job updated: 437568
	370  -  MemoryUsage of job (MB)
	378028  -  ResidentSetSize of job (KB)
...
006 (3447424.011.000) 02/01 08:23:37 Image size of job updated: 437568
	370  -  MemoryUsage of job (MB)
	378032  -  ResidentSetSize of job (KB)
...
006 (3447424.011.000) 02/01 08:28:37 Image size of job updated: 437568
	370  -  MemoryUsage of job (MB)
	378064  -  ResidentSetSize of job (KB)
...
006 (3447424.011.000) 02/01 08:33:38 Image size of job updated: 437568
	370  -  MemoryUsage of job (MB)
	378080  -  ResidentSetSize of job (KB)
...
006 (3447424.011.000) 02/01 08:38:39 Image size of job updated: 437568
	370  -  MemoryUsage of job (MB)
	378112  -  ResidentSetSize of job (KB)
...
006 (3447424.011.000) 02/01 08:43:39 Image size of job updated: 437568
	370  -  MemoryUsage of job (MB)
	378172  -  ResidentSetSize of job (KB)
...
006 (3447424.011.000) 02/01 08:53:40 Image size of job updated: 437568
	370  -  MemoryUsage of job (MB)
	378176  -  ResidentSetSize of job (KB)
...
006 (3447424.011.000) 02/01 08:58:41 Image size of job updated: 437568
	370  -  MemoryUsage of job (MB)
	378180  -  ResidentSetSize of job (KB)
...
006 (3447424.011.000) 02/01 09:03:41 Image size of job updated: 437568
	370  -  MemoryUsage of job (MB)
	378232  -  ResidentSetSize of job (KB)
...
006 (3447424.011.000) 02/01 09:08:41 Image size of job updated: 437568
	370  -  MemoryUsage of job (MB)
	378240  -  ResidentSetSize of job (KB)
...
006 (3447424.011.000) 02/01 09:13:42 Image size of job updated: 437568
	370  -  MemoryUsage of job (MB)
	378268  -  ResidentSetSize of job (KB)
...
006 (3447424.011.000) 02/01 09:18:43 Image size of job updated: 437568
	370  -  MemoryUsage of job (MB)
	378280  -  ResidentSetSize of job (KB)
...
006 (3447424.011.000) 02/01 09:23:43 Image size of job updated: 437568
	370  -  MemoryUsage of job (MB)
	378336  -  ResidentSetSize of job (KB)
...
006 (3447424.011.000) 02/01 09:28:43 Image size of job updated: 437568
	370  -  MemoryUsage of job (MB)
	378356  -  ResidentSetSize of job (KB)
...
006 (3447424.011.000) 02/01 09:33:53 Image size of job updated: 437568
	370  -  MemoryUsage of job (MB)
	378388  -  ResidentSetSize of job (KB)
...
006 (3447424.011.000) 02/01 09:38:45 Image size of job updated: 437568
	370  -  MemoryUsage of job (MB)
	378408  -  ResidentSetSize of job (KB)
...
006 (3447424.011.000) 02/01 09:43:45 Image size of job updated: 437568
	370  -  MemoryUsage of job (MB)
	378444  -  ResidentSetSize of job (KB)
...
006 (3447424.011.000) 02/01 09:48:45 Image size of job updated: 437568
	370  -  MemoryUsage of job (MB)
	378460  -  ResidentSetSize of job (KB)
...
006 (3447424.011.000) 02/01 09:53:46 Image size of job updated: 437568
	370  -  MemoryUsage of job (MB)
	378496  -  ResidentSetSize of job (KB)
...
006 (3447424.011.000) 02/01 09:58:47 Image size of job updated: 437568
	370  -  MemoryUsage of job (MB)
	378572  -  ResidentSetSize of job (KB)
...
006 (3447424.011.000) 02/01 10:03:47 Image size of job updated: 437568
	370  -  MemoryUsage of job (MB)
	378576  -  ResidentSetSize of job (KB)
...
006 (3447424.011.000) 02/01 10:13:47 Image size of job updated: 437568
	370  -  MemoryUsage of job (MB)
	378612  -  ResidentSetSize of job (KB)
...
006 (3447424.011.000) 02/01 10:18:47 Image size of job updated: 437568
	370  -  MemoryUsage of job (MB)
	378636  -  ResidentSetSize of job (KB)
...
006 (3447424.011.000) 02/01 10:23:49 Image size of job updated: 437568
	370  -  MemoryUsage of job (MB)
	378644  -  ResidentSetSize of job (KB)
...
006 (3447424.011.000) 02/01 10:28:49 Image size of job updated: 437568
	370  -  MemoryUsage of job (MB)
	378668  -  ResidentSetSize of job (KB)
...
006 (3447424.011.000) 02/01 10:33:49 Image size of job updated: 437568
	370  -  MemoryUsage of job (MB)
	378724  -  ResidentSetSize of job (KB)
...
006 (3447424.011.000) 02/01 10:43:50 Image size of job updated: 437568
	370  -  MemoryUsage of job (MB)
	378752  -  ResidentSetSize of job (KB)
...
006 (3447424.011.000) 02/01 10:48:50 Image size of job updated: 437568
	370  -  MemoryUsage of job (MB)
	378796  -  ResidentSetSize of job (KB)
...
006 (3447424.011.000) 02/01 10:53:50 Image size of job updated: 437568
	370  -  MemoryUsage of job (MB)
	378812  -  ResidentSetSize of job (KB)
...
006 (3447424.011.000) 02/01 10:58:51 Image size of job updated: 437568
	370  -  MemoryUsage of job (MB)
	378824  -  ResidentSetSize of job (KB)
...
006 (3447424.011.000) 02/01 11:03:52 Image size of job updated: 437568
	370  -  MemoryUsage of job (MB)
	378840  -  ResidentSetSize of job (KB)
...
006 (3447424.011.000) 02/01 11:08:52 Image size of job updated: 437568
	370  -  MemoryUsage of job (MB)
	378868  -  ResidentSetSize of job (KB)
...
006 (3447424.011.000) 02/01 11:13:52 Image size of job updated: 437568
	371  -  MemoryUsage of job (MB)
	378952  -  ResidentSetSize of job (KB)
...
006 (3447424.011.000) 02/01 11:23:54 Image size of job updated: 437568
	371  -  MemoryUsage of job (MB)
	378964  -  ResidentSetSize of job (KB)
...
006 (3447424.011.000) 02/01 11:28:54 Image size of job updated: 437568
	371  -  MemoryUsage of job (MB)
	379040  -  ResidentSetSize of job (KB)
...
006 (3447424.011.000) 02/01 11:33:55 Image size of job updated: 437568
	371  -  MemoryUsage of job (MB)
	379104  -  ResidentSetSize of job (KB)
...
006 (3447424.011.000) 02/01 11:38:56 Image size of job updated: 437568
	371  -  MemoryUsage of job (MB)
	379108  -  ResidentSetSize of job (KB)
...
006 (3447424.011.000) 02/01 11:53:57 Image size of job updated: 437568
	371  -  MemoryUsage of job (MB)
	379152  -  ResidentSetSize of job (KB)
...
006 (3447424.011.000) 02/01 11:58:58 Image size of job updated: 437568
	371  -  MemoryUsage of job (MB)
	379176  -  ResidentSetSize of job (KB)
...
006 (3447424.011.000) 02/01 12:03:59 Image size of job updated: 437568
	371  -  MemoryUsage of job (MB)
	379224  -  ResidentSetSize of job (KB)
...
006 (3447424.011.000) 02/01 12:08:59 Image size of job updated: 437568
	371  -  MemoryUsage of job (MB)
	379284  -  ResidentSetSize of job (KB)
...
006 (3447424.011.000) 02/01 12:13:59 Image size of job updated: 437568
	371  -  MemoryUsage of job (MB)
	379308  -  ResidentSetSize of job (KB)
...
006 (3447424.011.000) 02/01 12:19:00 Image size of job updated: 437568
	371  -  MemoryUsage of job (MB)
	379352  -  ResidentSetSize of job (KB)
...
006 (3447424.011.000) 02/01 12:24:01 Image size of job updated: 437568
	371  -  MemoryUsage of job (MB)
	379360  -  ResidentSetSize of job (KB)
...
006 (3447424.011.000) 02/01 12:29:01 Image size of job updated: 437568
	371  -  MemoryUsage of job (MB)
	379412  -  ResidentSetSize of job (KB)
...
006 (3447424.011.000) 02/01 12:34:01 Image size of job updated: 437568
	371  -  MemoryUsage of job (MB)
	379452  -  ResidentSetSize of job (KB)
...
006 (3447424.011.000) 02/01 12:39:02 Image size of job updated: 437568
	371  -  MemoryUsage of job (MB)
	379480  -  ResidentSetSize of job (KB)
...
006 (3447424.011.000) 02/01 12:44:02 Image size of job updated: 437568
	371  -  MemoryUsage of job (MB)
	379516  -  ResidentSetSize of job (KB)
...
006 (3447424.011.000) 02/01 12:49:02 Image size of job updated: 437568
	371  -  MemoryUsage of job (MB)
	379552  -  ResidentSetSize of job (KB)
...
006 (3447424.011.000) 02/01 12:54:03 Image size of job updated: 437568
	371  -  MemoryUsage of job (MB)
	379600  -  ResidentSetSize of job (KB)
...
006 (3447424.011.000) 02/01 12:59:04 Image size of job updated: 437568
	371  -  MemoryUsage of job (MB)
	379688  -  ResidentSetSize of job (KB)
...
006 (3447424.011.000) 02/01 13:04:04 Image size of job updated: 437568
	371  -  MemoryUsage of job (MB)
	379716  -  ResidentSetSize of job (KB)
...
006 (3447424.011.000) 02/01 13:09:04 Image size of job updated: 437568
	371  -  MemoryUsage of job (MB)
	379732  -  ResidentSetSize of job (KB)
...
006 (3447424.011.000) 02/01 13:14:04 Image size of job updated: 437568
	372  -  MemoryUsage of job (MB)
	380856  -  ResidentSetSize of job (KB)
...
040 (3447424.011.000) 02/01 13:14:53 Entered queue to transfer output files
...
040 (3447424.011.000) 02/01 13:15:06 Started transferring output files
...
040 (3447424.011.000) 02/01 13:15:06 Finished transferring output files
...
005 (3447424.011.000) 02/01 13:15:18 Job terminated.
	(1) Normal termination (return value 0)
		Usr 2 05:17:18, Sys 0 00:03:01  -  Run Remote Usage
		Usr 0 00:00:00, Sys 0 00:00:00  -  Run Local Usage
		Usr 2 05:17:18, Sys 0 00:03:01  -  Total Remote Usage
		Usr 0 00:00:00, Sys 0 00:00:00  -  Total Local Usage
	34642  -  Run Bytes Sent By Job
	493  -  Run Bytes Received By Job
	34642  -  Total Bytes Sent By Job
	493  -  Total Bytes Received By Job
	Partitionable Resources :    Usage  Request Allocated 
	   Cpus                 :                 1           
	   Disk (KB)            :       47        1   2806672 
	   Memory (MB)          :      372     2000      2000 
...
