000 (3445799.009.000) 01/29 23:49:15 Job submitted from host: <188.185.71.142:9618?addrs=188.185.71.142-9618+[2001-1458-d00-7--100-388]-9618&alias=bigbird09.cern.ch&noUDP&sock=schedd_2208_1533_7>
...
040 (3445799.009.000) 01/30 04:11:38 Started transferring input files
	Transferring to host: <188.184.213.133:9618?addrs=188.184.213.133-9618+[--1]-9618&noUDP&sock=3954_b35a_17678>
...
040 (3445799.009.000) 01/30 04:11:38 Finished transferring input files
...
001 (3445799.009.000) 01/30 04:11:39 Job executing on host: <188.184.213.133:9618?addrs=188.184.213.133-9618+[--1]-9618&noUDP&sock=3238_93c0_3>
...
006 (3445799.009.000) 01/30 04:11:47 Image size of job updated: 5224
	4  -  MemoryUsage of job (MB)
	4028  -  ResidentSetSize of job (KB)
...
006 (3445799.009.000) 01/30 04:16:47 Image size of job updated: 392660
	378  -  MemoryUsage of job (MB)
	386776  -  ResidentSetSize of job (KB)
...
006 (3445799.009.000) 01/30 04:21:48 Image size of job updated: 392828
	378  -  MemoryUsage of job (MB)
	386944  -  ResidentSetSize of job (KB)
...
006 (3445799.009.000) 01/30 04:26:49 Image size of job updated: 393048
	379  -  MemoryUsage of job (MB)
	387164  -  ResidentSetSize of job (KB)
...
006 (3445799.009.000) 01/30 04:31:49 Image size of job updated: 393092
	379  -  MemoryUsage of job (MB)
	387208  -  ResidentSetSize of job (KB)
...
006 (3445799.009.000) 01/30 04:36:50 Image size of job updated: 393128
	379  -  MemoryUsage of job (MB)
	387244  -  ResidentSetSize of job (KB)
...
006 (3445799.009.000) 01/30 04:41:51 Image size of job updated: 393152
	379  -  MemoryUsage of job (MB)
	387268  -  ResidentSetSize of job (KB)
...
006 (3445799.009.000) 01/30 04:46:51 Image size of job updated: 393168
	379  -  MemoryUsage of job (MB)
	387284  -  ResidentSetSize of job (KB)
...
006 (3445799.009.000) 01/30 04:51:52 Image size of job updated: 393196
	379  -  MemoryUsage of job (MB)
	387312  -  ResidentSetSize of job (KB)
...
006 (3445799.009.000) 01/30 04:56:53 Image size of job updated: 393212
	379  -  MemoryUsage of job (MB)
	387328  -  ResidentSetSize of job (KB)
...
006 (3445799.009.000) 01/30 05:01:53 Image size of job updated: 393220
	379  -  MemoryUsage of job (MB)
	387336  -  ResidentSetSize of job (KB)
...
006 (3445799.009.000) 01/30 05:06:54 Image size of job updated: 393232
	379  -  MemoryUsage of job (MB)
	387348  -  ResidentSetSize of job (KB)
...
006 (3445799.009.000) 01/30 05:11:55 Image size of job updated: 393244
	379  -  MemoryUsage of job (MB)
	387360  -  ResidentSetSize of job (KB)
...
006 (3445799.009.000) 01/30 05:16:55 Image size of job updated: 393248
	379  -  MemoryUsage of job (MB)
	387364  -  ResidentSetSize of job (KB)
...
006 (3445799.009.000) 01/30 05:26:56 Image size of job updated: 393252
	379  -  MemoryUsage of job (MB)
	387368  -  ResidentSetSize of job (KB)
...
006 (3445799.009.000) 01/30 07:47:11 Image size of job updated: 393252
	379  -  MemoryUsage of job (MB)
	387432  -  ResidentSetSize of job (KB)
...
006 (3445799.009.000) 01/30 07:52:12 Image size of job updated: 393252
	379  -  MemoryUsage of job (MB)
	387472  -  ResidentSetSize of job (KB)
...
006 (3445799.009.000) 01/30 07:57:12 Image size of job updated: 393252
	379  -  MemoryUsage of job (MB)
	387508  -  ResidentSetSize of job (KB)
...
006 (3445799.009.000) 01/30 08:02:12 Image size of job updated: 393308
	379  -  MemoryUsage of job (MB)
	387572  -  ResidentSetSize of job (KB)
...
006 (3445799.009.000) 01/30 08:07:13 Image size of job updated: 393440
	379  -  MemoryUsage of job (MB)
	387704  -  ResidentSetSize of job (KB)
...
006 (3445799.009.000) 01/30 08:12:13 Image size of job updated: 393520
	379  -  MemoryUsage of job (MB)
	387784  -  ResidentSetSize of job (KB)
...
006 (3445799.009.000) 01/30 08:17:13 Image size of job updated: 393572
	379  -  MemoryUsage of job (MB)
	387836  -  ResidentSetSize of job (KB)
...
006 (3445799.009.000) 01/30 08:22:14 Image size of job updated: 393696
	379  -  MemoryUsage of job (MB)
	387960  -  ResidentSetSize of job (KB)
...
006 (3445799.009.000) 01/30 08:32:14 Image size of job updated: 393848
	380  -  MemoryUsage of job (MB)
	388112  -  ResidentSetSize of job (KB)
...
006 (3445799.009.000) 01/30 08:42:16 Image size of job updated: 393952
	380  -  MemoryUsage of job (MB)
	388216  -  ResidentSetSize of job (KB)
...
006 (3445799.009.000) 01/30 08:47:16 Image size of job updated: 394100
	380  -  MemoryUsage of job (MB)
	388364  -  ResidentSetSize of job (KB)
...
006 (3445799.009.000) 01/30 08:57:18 Image size of job updated: 394232
	380  -  MemoryUsage of job (MB)
	388496  -  ResidentSetSize of job (KB)
...
006 (3445799.009.000) 01/30 09:32:21 Image size of job updated: 394244
	380  -  MemoryUsage of job (MB)
	388508  -  ResidentSetSize of job (KB)
...
006 (3445799.009.000) 01/30 09:37:21 Image size of job updated: 394248
	380  -  MemoryUsage of job (MB)
	388512  -  ResidentSetSize of job (KB)
...
006 (3445799.009.000) 01/30 09:42:23 Image size of job updated: 394336
	380  -  MemoryUsage of job (MB)
	388600  -  ResidentSetSize of job (KB)
...
006 (3445799.009.000) 01/30 09:47:23 Image size of job updated: 394396
	380  -  MemoryUsage of job (MB)
	388660  -  ResidentSetSize of job (KB)
...
006 (3445799.009.000) 01/30 09:52:23 Image size of job updated: 394412
	380  -  MemoryUsage of job (MB)
	388676  -  ResidentSetSize of job (KB)
...
006 (3445799.009.000) 01/30 09:57:24 Image size of job updated: 394448
	380  -  MemoryUsage of job (MB)
	388712  -  ResidentSetSize of job (KB)
...
006 (3445799.009.000) 01/30 10:02:25 Image size of job updated: 394464
	380  -  MemoryUsage of job (MB)
	388728  -  ResidentSetSize of job (KB)
...
006 (3445799.009.000) 01/30 10:13:06 Image size of job updated: 394696
	380  -  MemoryUsage of job (MB)
	388960  -  ResidentSetSize of job (KB)
...
006 (3445799.009.000) 01/30 10:30:11 Image size of job updated: 395448
	381  -  MemoryUsage of job (MB)
	389712  -  ResidentSetSize of job (KB)
...
006 (3445799.009.000) 01/30 10:43:51 Image size of job updated: 395540
	381  -  MemoryUsage of job (MB)
	389804  -  ResidentSetSize of job (KB)
...
006 (3445799.009.000) 01/30 10:57:03 Image size of job updated: 395576
	381  -  MemoryUsage of job (MB)
	389840  -  ResidentSetSize of job (KB)
...
006 (3445799.009.000) 01/30 12:17:13 Image size of job updated: 395636
	381  -  MemoryUsage of job (MB)
	389900  -  ResidentSetSize of job (KB)
...
006 (3445799.009.000) 01/30 12:22:14 Image size of job updated: 395732
	381  -  MemoryUsage of job (MB)
	389996  -  ResidentSetSize of job (KB)
...
006 (3445799.009.000) 01/30 12:27:14 Image size of job updated: 395736
	381  -  MemoryUsage of job (MB)
	390000  -  ResidentSetSize of job (KB)
...
006 (3445799.009.000) 01/30 12:32:15 Image size of job updated: 395884
	382  -  MemoryUsage of job (MB)
	390148  -  ResidentSetSize of job (KB)
...
006 (3445799.009.000) 01/30 12:37:16 Image size of job updated: 395960
	382  -  MemoryUsage of job (MB)
	390224  -  ResidentSetSize of job (KB)
...
006 (3445799.009.000) 01/30 12:42:16 Image size of job updated: 396000
	382  -  MemoryUsage of job (MB)
	390264  -  ResidentSetSize of job (KB)
...
006 (3445799.009.000) 01/30 12:47:17 Image size of job updated: 396124
	382  -  MemoryUsage of job (MB)
	390388  -  ResidentSetSize of job (KB)
...
006 (3445799.009.000) 01/30 12:52:18 Image size of job updated: 396192
	382  -  MemoryUsage of job (MB)
	390456  -  ResidentSetSize of job (KB)
...
006 (3445799.009.000) 01/30 12:57:18 Image size of job updated: 396260
	382  -  MemoryUsage of job (MB)
	390524  -  ResidentSetSize of job (KB)
...
006 (3445799.009.000) 01/30 13:02:18 Image size of job updated: 396272
	382  -  MemoryUsage of job (MB)
	390536  -  ResidentSetSize of job (KB)
...
006 (3445799.009.000) 01/30 13:07:19 Image size of job updated: 396344
	382  -  MemoryUsage of job (MB)
	390608  -  ResidentSetSize of job (KB)
...
006 (3445799.009.000) 01/30 13:12:19 Image size of job updated: 396412
	382  -  MemoryUsage of job (MB)
	390676  -  ResidentSetSize of job (KB)
...
006 (3445799.009.000) 01/30 13:17:19 Image size of job updated: 396428
	382  -  MemoryUsage of job (MB)
	390692  -  ResidentSetSize of job (KB)
...
006 (3445799.009.000) 01/30 13:22:20 Image size of job updated: 396492
	382  -  MemoryUsage of job (MB)
	390756  -  ResidentSetSize of job (KB)
...
006 (3445799.009.000) 01/30 13:27:20 Image size of job updated: 396492
	382  -  MemoryUsage of job (MB)
	390852  -  ResidentSetSize of job (KB)
...
006 (3445799.009.000) 01/30 13:32:20 Image size of job updated: 396492
	382  -  MemoryUsage of job (MB)
	390888  -  ResidentSetSize of job (KB)
...
006 (3445799.009.000) 01/30 13:37:21 Image size of job updated: 396492
	382  -  MemoryUsage of job (MB)
	390928  -  ResidentSetSize of job (KB)
...
006 (3445799.009.000) 01/30 13:44:44 Image size of job updated: 396492
	382  -  MemoryUsage of job (MB)
	391032  -  ResidentSetSize of job (KB)
...
006 (3445799.009.000) 01/30 13:53:01 Image size of job updated: 396492
	382  -  MemoryUsage of job (MB)
	391168  -  ResidentSetSize of job (KB)
...
006 (3445799.009.000) 01/30 14:02:14 Image size of job updated: 396492
	383  -  MemoryUsage of job (MB)
	391284  -  ResidentSetSize of job (KB)
...
006 (3445799.009.000) 01/30 14:08:29 Image size of job updated: 396492
	383  -  MemoryUsage of job (MB)
	391388  -  ResidentSetSize of job (KB)
...
006 (3445799.009.000) 01/30 14:13:29 Image size of job updated: 396492
	383  -  MemoryUsage of job (MB)
	391504  -  ResidentSetSize of job (KB)
...
006 (3445799.009.000) 01/30 14:18:30 Image size of job updated: 396492
	383  -  MemoryUsage of job (MB)
	391512  -  ResidentSetSize of job (KB)
...
006 (3445799.009.000) 01/30 14:23:31 Image size of job updated: 396492
	383  -  MemoryUsage of job (MB)
	391592  -  ResidentSetSize of job (KB)
...
006 (3445799.009.000) 01/30 14:28:31 Image size of job updated: 396492
	383  -  MemoryUsage of job (MB)
	391672  -  ResidentSetSize of job (KB)
...
006 (3445799.009.000) 01/30 14:33:32 Image size of job updated: 396492
	383  -  MemoryUsage of job (MB)
	391812  -  ResidentSetSize of job (KB)
...
006 (3445799.009.000) 01/30 14:38:33 Image size of job updated: 396492
	383  -  MemoryUsage of job (MB)
	391836  -  ResidentSetSize of job (KB)
...
006 (3445799.009.000) 01/30 14:43:33 Image size of job updated: 396492
	383  -  MemoryUsage of job (MB)
	391968  -  ResidentSetSize of job (KB)
...
006 (3445799.009.000) 01/30 14:48:34 Image size of job updated: 396492
	383  -  MemoryUsage of job (MB)
	391992  -  ResidentSetSize of job (KB)
...
006 (3445799.009.000) 01/30 14:53:35 Image size of job updated: 396492
	383  -  MemoryUsage of job (MB)
	392128  -  ResidentSetSize of job (KB)
...
006 (3445799.009.000) 01/30 15:03:35 Image size of job updated: 396492
	384  -  MemoryUsage of job (MB)
	392228  -  ResidentSetSize of job (KB)
...
006 (3445799.009.000) 01/30 15:08:36 Image size of job updated: 396492
	384  -  MemoryUsage of job (MB)
	392316  -  ResidentSetSize of job (KB)
...
006 (3445799.009.000) 01/30 15:18:36 Image size of job updated: 396492
	384  -  MemoryUsage of job (MB)
	392444  -  ResidentSetSize of job (KB)
...
006 (3445799.009.000) 01/30 15:23:37 Image size of job updated: 396492
	384  -  MemoryUsage of job (MB)
	392576  -  ResidentSetSize of job (KB)
...
006 (3445799.009.000) 01/30 15:28:37 Image size of job updated: 396492
	384  -  MemoryUsage of job (MB)
	392596  -  ResidentSetSize of job (KB)
...
006 (3445799.009.000) 01/30 15:33:37 Image size of job updated: 396492
	384  -  MemoryUsage of job (MB)
	392628  -  ResidentSetSize of job (KB)
...
006 (3445799.009.000) 01/30 15:38:38 Image size of job updated: 396492
	384  -  MemoryUsage of job (MB)
	392704  -  ResidentSetSize of job (KB)
...
006 (3445799.009.000) 01/30 15:48:39 Image size of job updated: 396492
	384  -  MemoryUsage of job (MB)
	392800  -  ResidentSetSize of job (KB)
...
006 (3445799.009.000) 01/30 15:53:40 Image size of job updated: 396492
	384  -  MemoryUsage of job (MB)
	392856  -  ResidentSetSize of job (KB)
...
006 (3445799.009.000) 01/30 15:58:41 Image size of job updated: 396492
	385  -  MemoryUsage of job (MB)
	393540  -  ResidentSetSize of job (KB)
...
006 (3445799.009.000) 01/30 16:03:41 Image size of job updated: 396492
	386  -  MemoryUsage of job (MB)
	394252  -  ResidentSetSize of job (KB)
...
006 (3445799.009.000) 01/30 16:08:42 Image size of job updated: 396588
	386  -  MemoryUsage of job (MB)
	394504  -  ResidentSetSize of job (KB)
...
006 (3445799.009.000) 01/30 16:13:43 Image size of job updated: 411888
	387  -  MemoryUsage of job (MB)
	395756  -  ResidentSetSize of job (KB)
...
006 (3445799.009.000) 01/30 16:18:43 Image size of job updated: 411964
	387  -  MemoryUsage of job (MB)
	395832  -  ResidentSetSize of job (KB)
...
006 (3445799.009.000) 01/30 16:23:43 Image size of job updated: 412036
	387  -  MemoryUsage of job (MB)
	395904  -  ResidentSetSize of job (KB)
...
006 (3445799.009.000) 01/30 16:28:44 Image size of job updated: 412152
	387  -  MemoryUsage of job (MB)
	396020  -  ResidentSetSize of job (KB)
...
006 (3445799.009.000) 01/30 16:33:44 Image size of job updated: 412224
	387  -  MemoryUsage of job (MB)
	396092  -  ResidentSetSize of job (KB)
...
006 (3445799.009.000) 01/30 16:38:44 Image size of job updated: 412304
	387  -  MemoryUsage of job (MB)
	396172  -  ResidentSetSize of job (KB)
...
006 (3445799.009.000) 01/30 16:43:46 Image size of job updated: 412392
	387  -  MemoryUsage of job (MB)
	396260  -  ResidentSetSize of job (KB)
...
006 (3445799.009.000) 01/30 16:48:46 Image size of job updated: 412472
	388  -  MemoryUsage of job (MB)
	396340  -  ResidentSetSize of job (KB)
...
006 (3445799.009.000) 01/30 16:53:46 Image size of job updated: 412500
	388  -  MemoryUsage of job (MB)
	396368  -  ResidentSetSize of job (KB)
...
006 (3445799.009.000) 01/30 16:58:47 Image size of job updated: 412612
	388  -  MemoryUsage of job (MB)
	396480  -  ResidentSetSize of job (KB)
...
006 (3445799.009.000) 01/30 17:03:48 Image size of job updated: 412680
	388  -  MemoryUsage of job (MB)
	396548  -  ResidentSetSize of job (KB)
...
006 (3445799.009.000) 01/30 17:09:08 Image size of job updated: 412720
	388  -  MemoryUsage of job (MB)
	396588  -  ResidentSetSize of job (KB)
...
006 (3445799.009.000) 01/30 17:13:49 Image size of job updated: 412768
	388  -  MemoryUsage of job (MB)
	396636  -  ResidentSetSize of job (KB)
...
006 (3445799.009.000) 01/30 17:18:50 Image size of job updated: 412824
	388  -  MemoryUsage of job (MB)
	396692  -  ResidentSetSize of job (KB)
...
006 (3445799.009.000) 01/30 17:28:51 Image size of job updated: 412896
	388  -  MemoryUsage of job (MB)
	396764  -  ResidentSetSize of job (KB)
...
006 (3445799.009.000) 01/30 17:33:52 Image size of job updated: 412996
	388  -  MemoryUsage of job (MB)
	396864  -  ResidentSetSize of job (KB)
...
006 (3445799.009.000) 01/30 17:38:52 Image size of job updated: 413080
	388  -  MemoryUsage of job (MB)
	396948  -  ResidentSetSize of job (KB)
...
006 (3445799.009.000) 01/30 17:48:53 Image size of job updated: 413192
	388  -  MemoryUsage of job (MB)
	397060  -  ResidentSetSize of job (KB)
...
006 (3445799.009.000) 01/30 17:53:53 Image size of job updated: 413276
	388  -  MemoryUsage of job (MB)
	397144  -  ResidentSetSize of job (KB)
...
006 (3445799.009.000) 01/30 17:58:53 Image size of job updated: 413368
	388  -  MemoryUsage of job (MB)
	397236  -  ResidentSetSize of job (KB)
...
006 (3445799.009.000) 01/30 18:03:54 Image size of job updated: 413380
	388  -  MemoryUsage of job (MB)
	397248  -  ResidentSetSize of job (KB)
...
006 (3445799.009.000) 01/30 18:08:55 Image size of job updated: 413444
	388  -  MemoryUsage of job (MB)
	397312  -  ResidentSetSize of job (KB)
...
006 (3445799.009.000) 01/30 18:13:55 Image size of job updated: 413572
	389  -  MemoryUsage of job (MB)
	397440  -  ResidentSetSize of job (KB)
...
006 (3445799.009.000) 01/30 18:18:56 Image size of job updated: 413620
	389  -  MemoryUsage of job (MB)
	397488  -  ResidentSetSize of job (KB)
...
006 (3445799.009.000) 01/30 18:23:57 Image size of job updated: 413652
	389  -  MemoryUsage of job (MB)
	397520  -  ResidentSetSize of job (KB)
...
006 (3445799.009.000) 01/30 18:28:57 Image size of job updated: 413788
	389  -  MemoryUsage of job (MB)
	397656  -  ResidentSetSize of job (KB)
...
006 (3445799.009.000) 01/30 18:38:59 Image size of job updated: 413844
	389  -  MemoryUsage of job (MB)
	397712  -  ResidentSetSize of job (KB)
...
006 (3445799.009.000) 01/30 18:43:59 Image size of job updated: 413888
	389  -  MemoryUsage of job (MB)
	397756  -  ResidentSetSize of job (KB)
...
006 (3445799.009.000) 01/30 18:48:59 Image size of job updated: 413964
	389  -  MemoryUsage of job (MB)
	397832  -  ResidentSetSize of job (KB)
...
006 (3445799.009.000) 01/30 18:54:00 Image size of job updated: 414044
	389  -  MemoryUsage of job (MB)
	397912  -  ResidentSetSize of job (KB)
...
006 (3445799.009.000) 01/30 19:04:01 Image size of job updated: 414128
	389  -  MemoryUsage of job (MB)
	397996  -  ResidentSetSize of job (KB)
...
006 (3445799.009.000) 01/30 19:09:01 Image size of job updated: 414144
	389  -  MemoryUsage of job (MB)
	398012  -  ResidentSetSize of job (KB)
...
006 (3445799.009.000) 01/30 19:14:02 Image size of job updated: 414272
	389  -  MemoryUsage of job (MB)
	398140  -  ResidentSetSize of job (KB)
...
006 (3445799.009.000) 01/30 19:19:03 Image size of job updated: 414312
	389  -  MemoryUsage of job (MB)
	398160  -  ResidentSetSize of job (KB)
...
006 (3445799.009.000) 01/30 19:24:03 Image size of job updated: 414380
	389  -  MemoryUsage of job (MB)
	398228  -  ResidentSetSize of job (KB)
...
006 (3445799.009.000) 01/30 19:29:04 Image size of job updated: 414404
	389  -  MemoryUsage of job (MB)
	398252  -  ResidentSetSize of job (KB)
...
006 (3445799.009.000) 01/30 19:34:05 Image size of job updated: 414468
	389  -  MemoryUsage of job (MB)
	398304  -  ResidentSetSize of job (KB)
...
006 (3445799.009.000) 01/30 19:39:05 Image size of job updated: 414500
	389  -  MemoryUsage of job (MB)
	398336  -  ResidentSetSize of job (KB)
...
006 (3445799.009.000) 01/30 19:44:06 Image size of job updated: 414528
	390  -  MemoryUsage of job (MB)
	398364  -  ResidentSetSize of job (KB)
...
006 (3445799.009.000) 01/30 19:49:07 Image size of job updated: 414528
	390  -  MemoryUsage of job (MB)
	398488  -  ResidentSetSize of job (KB)
...
006 (3445799.009.000) 01/30 19:54:07 Image size of job updated: 414528
	390  -  MemoryUsage of job (MB)
	398548  -  ResidentSetSize of job (KB)
...
006 (3445799.009.000) 01/30 19:59:08 Image size of job updated: 414528
	390  -  MemoryUsage of job (MB)
	398640  -  ResidentSetSize of job (KB)
...
006 (3445799.009.000) 01/30 20:04:09 Image size of job updated: 414528
	390  -  MemoryUsage of job (MB)
	398672  -  ResidentSetSize of job (KB)
...
006 (3445799.009.000) 01/30 20:13:26 Image size of job updated: 414528
	390  -  MemoryUsage of job (MB)
	398820  -  ResidentSetSize of job (KB)
...
006 (3445799.009.000) 01/30 20:26:19 Image size of job updated: 414528
	390  -  MemoryUsage of job (MB)
	399000  -  ResidentSetSize of job (KB)
...
006 (3445799.009.000) 01/30 20:36:37 Image size of job updated: 414528
	390  -  MemoryUsage of job (MB)
	399164  -  ResidentSetSize of job (KB)
...
006 (3445799.009.000) 01/30 20:42:48 Image size of job updated: 414528
	390  -  MemoryUsage of job (MB)
	399296  -  ResidentSetSize of job (KB)
...
006 (3445799.009.000) 01/30 20:47:49 Image size of job updated: 414528
	390  -  MemoryUsage of job (MB)
	399344  -  ResidentSetSize of job (KB)
...
006 (3445799.009.000) 01/30 20:52:50 Image size of job updated: 414528
	390  -  MemoryUsage of job (MB)
	399348  -  ResidentSetSize of job (KB)
...
006 (3445799.009.000) 01/30 20:57:50 Image size of job updated: 414528
	391  -  MemoryUsage of job (MB)
	399456  -  ResidentSetSize of job (KB)
...
006 (3445799.009.000) 01/30 21:02:51 Image size of job updated: 414528
	391  -  MemoryUsage of job (MB)
	399508  -  ResidentSetSize of job (KB)
...
006 (3445799.009.000) 01/30 21:07:51 Image size of job updated: 414528
	391  -  MemoryUsage of job (MB)
	399628  -  ResidentSetSize of job (KB)
...
006 (3445799.009.000) 01/30 21:17:52 Image size of job updated: 414528
	391  -  MemoryUsage of job (MB)
	399732  -  ResidentSetSize of job (KB)
...
006 (3445799.009.000) 01/30 21:27:53 Image size of job updated: 414528
	391  -  MemoryUsage of job (MB)
	399824  -  ResidentSetSize of job (KB)
...
006 (3445799.009.000) 01/30 21:32:54 Image size of job updated: 414528
	391  -  MemoryUsage of job (MB)
	399960  -  ResidentSetSize of job (KB)
...
006 (3445799.009.000) 01/30 21:37:55 Image size of job updated: 414528
	391  -  MemoryUsage of job (MB)
	400084  -  ResidentSetSize of job (KB)
...
006 (3445799.009.000) 01/30 21:42:55 Image size of job updated: 414528
	391  -  MemoryUsage of job (MB)
	400112  -  ResidentSetSize of job (KB)
...
006 (3445799.009.000) 01/30 21:47:56 Image size of job updated: 414528
	391  -  MemoryUsage of job (MB)
	400340  -  ResidentSetSize of job (KB)
...
006 (3445799.009.000) 01/30 22:38:01 Image size of job updated: 414528
	392  -  MemoryUsage of job (MB)
	400404  -  ResidentSetSize of job (KB)
...
006 (3445799.009.000) 01/30 22:43:01 Image size of job updated: 414528
	392  -  MemoryUsage of job (MB)
	400448  -  ResidentSetSize of job (KB)
...
006 (3445799.009.000) 01/30 22:48:01 Image size of job updated: 414528
	392  -  MemoryUsage of job (MB)
	400488  -  ResidentSetSize of job (KB)
...
006 (3445799.009.000) 01/30 22:53:02 Image size of job updated: 414528
	392  -  MemoryUsage of job (MB)
	400556  -  ResidentSetSize of job (KB)
...
006 (3445799.009.000) 01/30 22:58:03 Image size of job updated: 414528
	392  -  MemoryUsage of job (MB)
	400632  -  ResidentSetSize of job (KB)
...
006 (3445799.009.000) 01/30 23:08:04 Image size of job updated: 414528
	392  -  MemoryUsage of job (MB)
	400680  -  ResidentSetSize of job (KB)
...
006 (3445799.009.000) 01/30 23:23:05 Image size of job updated: 414528
	392  -  MemoryUsage of job (MB)
	400692  -  ResidentSetSize of job (KB)
...
006 (3445799.009.000) 01/30 23:33:06 Image size of job updated: 414528
	392  -  MemoryUsage of job (MB)
	400700  -  ResidentSetSize of job (KB)
...
006 (3445799.009.000) 01/30 23:38:07 Image size of job updated: 414528
	392  -  MemoryUsage of job (MB)
	400708  -  ResidentSetSize of job (KB)
...
006 (3445799.009.000) 01/30 23:48:08 Image size of job updated: 414528
	392  -  MemoryUsage of job (MB)
	400724  -  ResidentSetSize of job (KB)
...
006 (3445799.009.000) 01/30 23:53:09 Image size of job updated: 414528
	392  -  MemoryUsage of job (MB)
	400736  -  ResidentSetSize of job (KB)
...
006 (3445799.009.000) 01/31 00:03:10 Image size of job updated: 414528
	392  -  MemoryUsage of job (MB)
	400748  -  ResidentSetSize of job (KB)
...
006 (3445799.009.000) 01/31 00:08:10 Image size of job updated: 414528
	392  -  MemoryUsage of job (MB)
	400756  -  ResidentSetSize of job (KB)
...
006 (3445799.009.000) 01/31 00:18:11 Image size of job updated: 414528
	392  -  MemoryUsage of job (MB)
	400768  -  ResidentSetSize of job (KB)
...
006 (3445799.009.000) 01/31 00:23:11 Image size of job updated: 414528
	392  -  MemoryUsage of job (MB)
	400784  -  ResidentSetSize of job (KB)
...
006 (3445799.009.000) 01/31 00:28:12 Image size of job updated: 414528
	392  -  MemoryUsage of job (MB)
	400812  -  ResidentSetSize of job (KB)
...
006 (3445799.009.000) 01/31 00:43:13 Image size of job updated: 414528
	392  -  MemoryUsage of job (MB)
	400824  -  ResidentSetSize of job (KB)
...
006 (3445799.009.000) 01/31 00:48:13 Image size of job updated: 414528
	392  -  MemoryUsage of job (MB)
	400844  -  ResidentSetSize of job (KB)
...
006 (3445799.009.000) 01/31 01:03:15 Image size of job updated: 414528
	392  -  MemoryUsage of job (MB)
	400860  -  ResidentSetSize of job (KB)
...
006 (3445799.009.000) 01/31 01:18:17 Image size of job updated: 414528
	392  -  MemoryUsage of job (MB)
	400896  -  ResidentSetSize of job (KB)
...
006 (3445799.009.000) 01/31 01:23:17 Image size of job updated: 414528
	392  -  MemoryUsage of job (MB)
	400908  -  ResidentSetSize of job (KB)
...
006 (3445799.009.000) 01/31 01:28:17 Image size of job updated: 414528
	392  -  MemoryUsage of job (MB)
	400920  -  ResidentSetSize of job (KB)
...
006 (3445799.009.000) 01/31 01:38:18 Image size of job updated: 414528
	392  -  MemoryUsage of job (MB)
	400944  -  ResidentSetSize of job (KB)
...
006 (3445799.009.000) 01/31 01:48:19 Image size of job updated: 414528
	392  -  MemoryUsage of job (MB)
	400952  -  ResidentSetSize of job (KB)
...
006 (3445799.009.000) 01/31 02:03:21 Image size of job updated: 414528
	392  -  MemoryUsage of job (MB)
	400980  -  ResidentSetSize of job (KB)
...
006 (3445799.009.000) 01/31 02:13:22 Image size of job updated: 414528
	392  -  MemoryUsage of job (MB)
	400988  -  ResidentSetSize of job (KB)
...
006 (3445799.009.000) 01/31 02:18:22 Image size of job updated: 414528
	392  -  MemoryUsage of job (MB)
	401012  -  ResidentSetSize of job (KB)
...
006 (3445799.009.000) 01/31 02:28:23 Image size of job updated: 414528
	392  -  MemoryUsage of job (MB)
	401024  -  ResidentSetSize of job (KB)
...
006 (3445799.009.000) 01/31 02:33:23 Image size of job updated: 414528
	392  -  MemoryUsage of job (MB)
	401036  -  ResidentSetSize of job (KB)
...
006 (3445799.009.000) 01/31 02:38:25 Image size of job updated: 414528
	392  -  MemoryUsage of job (MB)
	401052  -  ResidentSetSize of job (KB)
...
006 (3445799.009.000) 01/31 02:48:25 Image size of job updated: 414528
	392  -  MemoryUsage of job (MB)
	401076  -  ResidentSetSize of job (KB)
...
006 (3445799.009.000) 01/31 03:38:30 Image size of job updated: 414528
	392  -  MemoryUsage of job (MB)
	401124  -  ResidentSetSize of job (KB)
...
006 (3445799.009.000) 01/31 03:48:32 Image size of job updated: 414528
	392  -  MemoryUsage of job (MB)
	401148  -  ResidentSetSize of job (KB)
...
006 (3445799.009.000) 01/31 03:53:32 Image size of job updated: 414528
	392  -  MemoryUsage of job (MB)
	401192  -  ResidentSetSize of job (KB)
...
006 (3445799.009.000) 01/31 03:58:33 Image size of job updated: 414528
	392  -  MemoryUsage of job (MB)
	401220  -  ResidentSetSize of job (KB)
...
006 (3445799.009.000) 01/31 04:08:34 Image size of job updated: 414528
	392  -  MemoryUsage of job (MB)
	401224  -  ResidentSetSize of job (KB)
...
006 (3445799.009.000) 01/31 04:13:35 Image size of job updated: 414528
	392  -  MemoryUsage of job (MB)
	401244  -  ResidentSetSize of job (KB)
...
006 (3445799.009.000) 01/31 04:18:36 Image size of job updated: 414528
	392  -  MemoryUsage of job (MB)
	401276  -  ResidentSetSize of job (KB)
...
006 (3445799.009.000) 01/31 04:23:36 Image size of job updated: 414528
	392  -  MemoryUsage of job (MB)
	401288  -  ResidentSetSize of job (KB)
...
006 (3445799.009.000) 01/31 04:28:36 Image size of job updated: 414528
	392  -  MemoryUsage of job (MB)
	401324  -  ResidentSetSize of job (KB)
...
006 (3445799.009.000) 01/31 04:33:37 Image size of job updated: 414528
	392  -  MemoryUsage of job (MB)
	401336  -  ResidentSetSize of job (KB)
...
006 (3445799.009.000) 01/31 04:48:38 Image size of job updated: 414528
	392  -  MemoryUsage of job (MB)
	401352  -  ResidentSetSize of job (KB)
...
006 (3445799.009.000) 01/31 04:53:39 Image size of job updated: 414528
	393  -  MemoryUsage of job (MB)
	401440  -  ResidentSetSize of job (KB)
...
006 (3445799.009.000) 01/31 05:08:40 Image size of job updated: 414528
	393  -  MemoryUsage of job (MB)
	401508  -  ResidentSetSize of job (KB)
...
006 (3445799.009.000) 01/31 05:18:40 Image size of job updated: 414528
	393  -  MemoryUsage of job (MB)
	401552  -  ResidentSetSize of job (KB)
...
006 (3445799.009.000) 01/31 05:28:42 Image size of job updated: 414528
	393  -  MemoryUsage of job (MB)
	401616  -  ResidentSetSize of job (KB)
...
006 (3445799.009.000) 01/31 05:53:43 Image size of job updated: 414528
	393  -  MemoryUsage of job (MB)
	401624  -  ResidentSetSize of job (KB)
...
006 (3445799.009.000) 01/31 06:03:45 Image size of job updated: 414528
	393  -  MemoryUsage of job (MB)
	401628  -  ResidentSetSize of job (KB)
...
006 (3445799.009.000) 01/31 06:13:45 Image size of job updated: 414528
	393  -  MemoryUsage of job (MB)
	401640  -  ResidentSetSize of job (KB)
...
006 (3445799.009.000) 01/31 06:23:47 Image size of job updated: 414528
	393  -  MemoryUsage of job (MB)
	401724  -  ResidentSetSize of job (KB)
...
006 (3445799.009.000) 01/31 06:33:47 Image size of job updated: 414528
	393  -  MemoryUsage of job (MB)
	401732  -  ResidentSetSize of job (KB)
...
006 (3445799.009.000) 01/31 06:38:48 Image size of job updated: 414528
	393  -  MemoryUsage of job (MB)
	401740  -  ResidentSetSize of job (KB)
...
006 (3445799.009.000) 01/31 06:43:49 Image size of job updated: 414528
	393  -  MemoryUsage of job (MB)
	401848  -  ResidentSetSize of job (KB)
...
006 (3445799.009.000) 01/31 06:48:49 Image size of job updated: 414528
	393  -  MemoryUsage of job (MB)
	401900  -  ResidentSetSize of job (KB)
...
006 (3445799.009.000) 01/31 06:53:50 Image size of job updated: 414528
	393  -  MemoryUsage of job (MB)
	401920  -  ResidentSetSize of job (KB)
...
006 (3445799.009.000) 01/31 06:58:51 Image size of job updated: 414528
	393  -  MemoryUsage of job (MB)
	401952  -  ResidentSetSize of job (KB)
...
006 (3445799.009.000) 01/31 07:03:51 Image size of job updated: 414528
	393  -  MemoryUsage of job (MB)
	401960  -  ResidentSetSize of job (KB)
...
006 (3445799.009.000) 01/31 07:08:51 Image size of job updated: 414528
	393  -  MemoryUsage of job (MB)
	401988  -  ResidentSetSize of job (KB)
...
006 (3445799.009.000) 01/31 07:13:52 Image size of job updated: 414528
	393  -  MemoryUsage of job (MB)
	401996  -  ResidentSetSize of job (KB)
...
006 (3445799.009.000) 01/31 07:18:52 Image size of job updated: 414528
	393  -  MemoryUsage of job (MB)
	402000  -  ResidentSetSize of job (KB)
...
006 (3445799.009.000) 01/31 07:23:52 Image size of job updated: 414528
	393  -  MemoryUsage of job (MB)
	402024  -  ResidentSetSize of job (KB)
...
006 (3445799.009.000) 01/31 07:28:53 Image size of job updated: 414528
	393  -  MemoryUsage of job (MB)
	402108  -  ResidentSetSize of job (KB)
...
006 (3445799.009.000) 01/31 07:33:54 Image size of job updated: 414528
	393  -  MemoryUsage of job (MB)
	402116  -  ResidentSetSize of job (KB)
...
006 (3445799.009.000) 01/31 07:38:54 Image size of job updated: 414528
	393  -  MemoryUsage of job (MB)
	402136  -  ResidentSetSize of job (KB)
...
006 (3445799.009.000) 01/31 07:53:55 Image size of job updated: 414528
	393  -  MemoryUsage of job (MB)
	402144  -  ResidentSetSize of job (KB)
...
006 (3445799.009.000) 01/31 07:58:55 Image size of job updated: 414528
	393  -  MemoryUsage of job (MB)
	402160  -  ResidentSetSize of job (KB)
...
006 (3445799.009.000) 01/31 08:08:57 Image size of job updated: 414528
	393  -  MemoryUsage of job (MB)
	402184  -  ResidentSetSize of job (KB)
...
006 (3445799.009.000) 01/31 08:13:57 Image size of job updated: 414528
	393  -  MemoryUsage of job (MB)
	402212  -  ResidentSetSize of job (KB)
...
006 (3445799.009.000) 01/31 08:18:57 Image size of job updated: 414528
	393  -  MemoryUsage of job (MB)
	402236  -  ResidentSetSize of job (KB)
...
006 (3445799.009.000) 01/31 08:23:58 Image size of job updated: 414528
	393  -  MemoryUsage of job (MB)
	402240  -  ResidentSetSize of job (KB)
...
006 (3445799.009.000) 01/31 08:33:58 Image size of job updated: 414528
	393  -  MemoryUsage of job (MB)
	402244  -  ResidentSetSize of job (KB)
...
006 (3445799.009.000) 01/31 08:38:59 Image size of job updated: 414528
	393  -  MemoryUsage of job (MB)
	402256  -  ResidentSetSize of job (KB)
...
006 (3445799.009.000) 01/31 08:44:00 Image size of job updated: 414528
	393  -  MemoryUsage of job (MB)
	402264  -  ResidentSetSize of job (KB)
...
006 (3445799.009.000) 01/31 08:49:00 Image size of job updated: 414528
	393  -  MemoryUsage of job (MB)
	402284  -  ResidentSetSize of job (KB)
...
006 (3445799.009.000) 01/31 08:59:02 Image size of job updated: 414528
	393  -  MemoryUsage of job (MB)
	402316  -  ResidentSetSize of job (KB)
...
006 (3445799.009.000) 01/31 09:04:02 Image size of job updated: 414528
	393  -  MemoryUsage of job (MB)
	402336  -  ResidentSetSize of job (KB)
...
006 (3445799.009.000) 01/31 09:09:02 Image size of job updated: 414528
	393  -  MemoryUsage of job (MB)
	402368  -  ResidentSetSize of job (KB)
...
006 (3445799.009.000) 01/31 09:24:04 Image size of job updated: 414528
	393  -  MemoryUsage of job (MB)
	402372  -  ResidentSetSize of job (KB)
...
006 (3445799.009.000) 01/31 09:29:05 Image size of job updated: 414528
	393  -  MemoryUsage of job (MB)
	402408  -  ResidentSetSize of job (KB)
...
006 (3445799.009.000) 01/31 09:34:06 Image size of job updated: 414528
	394  -  MemoryUsage of job (MB)
	402436  -  ResidentSetSize of job (KB)
...
006 (3445799.009.000) 01/31 09:39:06 Image size of job updated: 414528
	394  -  MemoryUsage of job (MB)
	402448  -  ResidentSetSize of job (KB)
...
006 (3445799.009.000) 01/31 09:44:06 Image size of job updated: 414528
	394  -  MemoryUsage of job (MB)
	402452  -  ResidentSetSize of job (KB)
...
006 (3445799.009.000) 01/31 09:49:07 Image size of job updated: 414528
	394  -  MemoryUsage of job (MB)
	402460  -  ResidentSetSize of job (KB)
...
006 (3445799.009.000) 01/31 09:59:08 Image size of job updated: 414528
	394  -  MemoryUsage of job (MB)
	402488  -  ResidentSetSize of job (KB)
...
006 (3445799.009.000) 01/31 10:09:10 Image size of job updated: 414528
	394  -  MemoryUsage of job (MB)
	402508  -  ResidentSetSize of job (KB)
...
006 (3445799.009.000) 01/31 10:14:10 Image size of job updated: 414528
	394  -  MemoryUsage of job (MB)
	402516  -  ResidentSetSize of job (KB)
...
006 (3445799.009.000) 01/31 10:19:10 Image size of job updated: 414528
	394  -  MemoryUsage of job (MB)
	402536  -  ResidentSetSize of job (KB)
...
006 (3445799.009.000) 01/31 10:24:11 Image size of job updated: 414528
	394  -  MemoryUsage of job (MB)
	402568  -  ResidentSetSize of job (KB)
...
006 (3445799.009.000) 01/31 10:29:12 Image size of job updated: 414528
	394  -  MemoryUsage of job (MB)
	402616  -  ResidentSetSize of job (KB)
...
006 (3445799.009.000) 01/31 10:39:13 Image size of job updated: 414528
	394  -  MemoryUsage of job (MB)
	402624  -  ResidentSetSize of job (KB)
...
006 (3445799.009.000) 01/31 10:44:14 Image size of job updated: 414528
	394  -  MemoryUsage of job (MB)
	402636  -  ResidentSetSize of job (KB)
...
006 (3445799.009.000) 01/31 10:49:14 Image size of job updated: 414528
	394  -  MemoryUsage of job (MB)
	402644  -  ResidentSetSize of job (KB)
...
006 (3445799.009.000) 01/31 11:04:16 Image size of job updated: 414528
	394  -  MemoryUsage of job (MB)
	402660  -  ResidentSetSize of job (KB)
...
006 (3445799.009.000) 01/31 11:09:16 Image size of job updated: 414528
	394  -  MemoryUsage of job (MB)
	402680  -  ResidentSetSize of job (KB)
...
006 (3445799.009.000) 01/31 11:14:17 Image size of job updated: 414528
	394  -  MemoryUsage of job (MB)
	402684  -  ResidentSetSize of job (KB)
...
006 (3445799.009.000) 01/31 11:19:18 Image size of job updated: 414528
	394  -  MemoryUsage of job (MB)
	402688  -  ResidentSetSize of job (KB)
...
006 (3445799.009.000) 01/31 11:24:18 Image size of job updated: 414528
	394  -  MemoryUsage of job (MB)
	402692  -  ResidentSetSize of job (KB)
...
006 (3445799.009.000) 01/31 11:34:19 Image size of job updated: 414528
	394  -  MemoryUsage of job (MB)
	402712  -  ResidentSetSize of job (KB)
...
006 (3445799.009.000) 01/31 11:39:19 Image size of job updated: 414528
	394  -  MemoryUsage of job (MB)
	402764  -  ResidentSetSize of job (KB)
...
006 (3445799.009.000) 01/31 11:54:21 Image size of job updated: 414528
	394  -  MemoryUsage of job (MB)
	402780  -  ResidentSetSize of job (KB)
...
006 (3445799.009.000) 01/31 11:59:21 Image size of job updated: 414528
	394  -  MemoryUsage of job (MB)
	402832  -  ResidentSetSize of job (KB)
...
006 (3445799.009.000) 01/31 12:24:24 Image size of job updated: 414528
	394  -  MemoryUsage of job (MB)
	402848  -  ResidentSetSize of job (KB)
...
006 (3445799.009.000) 01/31 12:59:29 Image size of job updated: 414528
	394  -  MemoryUsage of job (MB)
	402872  -  ResidentSetSize of job (KB)
...
006 (3445799.009.000) 01/31 13:09:29 Image size of job updated: 414528
	394  -  MemoryUsage of job (MB)
	402880  -  ResidentSetSize of job (KB)
...
006 (3445799.009.000) 01/31 13:14:30 Image size of job updated: 414528
	394  -  MemoryUsage of job (MB)
	402920  -  ResidentSetSize of job (KB)
...
006 (3445799.009.000) 01/31 13:19:30 Image size of job updated: 414528
	394  -  MemoryUsage of job (MB)
	402936  -  ResidentSetSize of job (KB)
...
006 (3445799.009.000) 01/31 13:24:30 Image size of job updated: 414528
	394  -  MemoryUsage of job (MB)
	402948  -  ResidentSetSize of job (KB)
...
006 (3445799.009.000) 01/31 13:29:32 Image size of job updated: 414528
	394  -  MemoryUsage of job (MB)
	402984  -  ResidentSetSize of job (KB)
...
006 (3445799.009.000) 01/31 13:49:34 Image size of job updated: 414528
	394  -  MemoryUsage of job (MB)
	403024  -  ResidentSetSize of job (KB)
...
006 (3445799.009.000) 01/31 14:04:35 Image size of job updated: 414528
	394  -  MemoryUsage of job (MB)
	403060  -  ResidentSetSize of job (KB)
...
006 (3445799.009.000) 01/31 14:09:35 Image size of job updated: 414528
	394  -  MemoryUsage of job (MB)
	403064  -  ResidentSetSize of job (KB)
...
006 (3445799.009.000) 01/31 14:24:37 Image size of job updated: 414528
	394  -  MemoryUsage of job (MB)
	403076  -  ResidentSetSize of job (KB)
...
006 (3445799.009.000) 01/31 14:29:37 Image size of job updated: 414528
	394  -  MemoryUsage of job (MB)
	403140  -  ResidentSetSize of job (KB)
...
006 (3445799.009.000) 01/31 14:34:38 Image size of job updated: 414528
	394  -  MemoryUsage of job (MB)
	403148  -  ResidentSetSize of job (KB)
...
006 (3445799.009.000) 01/31 14:54:41 Image size of job updated: 414528
	394  -  MemoryUsage of job (MB)
	403172  -  ResidentSetSize of job (KB)
...
006 (3445799.009.000) 01/31 14:59:41 Image size of job updated: 414528
	394  -  MemoryUsage of job (MB)
	403188  -  ResidentSetSize of job (KB)
...
006 (3445799.009.000) 01/31 15:04:42 Image size of job updated: 414528
	394  -  MemoryUsage of job (MB)
	403204  -  ResidentSetSize of job (KB)
...
006 (3445799.009.000) 01/31 15:09:43 Image size of job updated: 414528
	394  -  MemoryUsage of job (MB)
	403236  -  ResidentSetSize of job (KB)
...
006 (3445799.009.000) 01/31 15:14:43 Image size of job updated: 414528
	394  -  MemoryUsage of job (MB)
	403252  -  ResidentSetSize of job (KB)
...
006 (3445799.009.000) 01/31 15:29:44 Image size of job updated: 414528
	394  -  MemoryUsage of job (MB)
	403312  -  ResidentSetSize of job (KB)
...
006 (3445799.009.000) 01/31 15:39:46 Image size of job updated: 414528
	394  -  MemoryUsage of job (MB)
	403324  -  ResidentSetSize of job (KB)
...
006 (3445799.009.000) 01/31 15:44:46 Image size of job updated: 414528
	394  -  MemoryUsage of job (MB)
	403372  -  ResidentSetSize of job (KB)
...
006 (3445799.009.000) 01/31 15:59:48 Image size of job updated: 414528
	394  -  MemoryUsage of job (MB)
	403392  -  ResidentSetSize of job (KB)
...
006 (3445799.009.000) 01/31 16:09:49 Image size of job updated: 414528
	394  -  MemoryUsage of job (MB)
	403416  -  ResidentSetSize of job (KB)
...
006 (3445799.009.000) 01/31 16:24:50 Image size of job updated: 414528
	394  -  MemoryUsage of job (MB)
	403428  -  ResidentSetSize of job (KB)
...
006 (3445799.009.000) 01/31 16:34:51 Image size of job updated: 414528
	394  -  MemoryUsage of job (MB)
	403432  -  ResidentSetSize of job (KB)
...
006 (3445799.009.000) 01/31 16:39:51 Image size of job updated: 414528
	394  -  MemoryUsage of job (MB)
	403436  -  ResidentSetSize of job (KB)
...
006 (3445799.009.000) 01/31 16:44:52 Image size of job updated: 414528
	395  -  MemoryUsage of job (MB)
	403460  -  ResidentSetSize of job (KB)
...
006 (3445799.009.000) 01/31 16:49:52 Image size of job updated: 414528
	395  -  MemoryUsage of job (MB)
	403496  -  ResidentSetSize of job (KB)
...
006 (3445799.009.000) 01/31 16:54:52 Image size of job updated: 414528
	395  -  MemoryUsage of job (MB)
	403516  -  ResidentSetSize of job (KB)
...
006 (3445799.009.000) 01/31 17:04:53 Image size of job updated: 414528
	395  -  MemoryUsage of job (MB)
	403588  -  ResidentSetSize of job (KB)
...
006 (3445799.009.000) 01/31 17:09:54 Image size of job updated: 414528
	395  -  MemoryUsage of job (MB)
	403644  -  ResidentSetSize of job (KB)
...
006 (3445799.009.000) 01/31 17:15:27 Image size of job updated: 414528
	395  -  MemoryUsage of job (MB)
	403668  -  ResidentSetSize of job (KB)
...
006 (3445799.009.000) 01/31 17:19:55 Image size of job updated: 414528
	395  -  MemoryUsage of job (MB)
	403772  -  ResidentSetSize of job (KB)
...
006 (3445799.009.000) 01/31 18:15:01 Image size of job updated: 414528
	395  -  MemoryUsage of job (MB)
	403780  -  ResidentSetSize of job (KB)
...
006 (3445799.009.000) 01/31 18:20:02 Image size of job updated: 414528
	395  -  MemoryUsage of job (MB)
	403796  -  ResidentSetSize of job (KB)
...
006 (3445799.009.000) 01/31 18:25:03 Image size of job updated: 414528
	395  -  MemoryUsage of job (MB)
	403808  -  ResidentSetSize of job (KB)
...
006 (3445799.009.000) 01/31 18:40:05 Image size of job updated: 414528
	395  -  MemoryUsage of job (MB)
	403816  -  ResidentSetSize of job (KB)
...
006 (3445799.009.000) 01/31 18:45:05 Image size of job updated: 414528
	395  -  MemoryUsage of job (MB)
	403840  -  ResidentSetSize of job (KB)
...
006 (3445799.009.000) 01/31 18:50:06 Image size of job updated: 414528
	395  -  MemoryUsage of job (MB)
	403864  -  ResidentSetSize of job (KB)
...
006 (3445799.009.000) 01/31 18:55:07 Image size of job updated: 414528
	395  -  MemoryUsage of job (MB)
	403872  -  ResidentSetSize of job (KB)
...
006 (3445799.009.000) 01/31 19:00:07 Image size of job updated: 414528
	395  -  MemoryUsage of job (MB)
	403884  -  ResidentSetSize of job (KB)
...
006 (3445799.009.000) 01/31 19:05:07 Image size of job updated: 414528
	395  -  MemoryUsage of job (MB)
	403896  -  ResidentSetSize of job (KB)
...
006 (3445799.009.000) 01/31 19:10:08 Image size of job updated: 414528
	395  -  MemoryUsage of job (MB)
	403900  -  ResidentSetSize of job (KB)
...
006 (3445799.009.000) 01/31 19:15:08 Image size of job updated: 414528
	395  -  MemoryUsage of job (MB)
	403916  -  ResidentSetSize of job (KB)
...
006 (3445799.009.000) 01/31 19:30:09 Image size of job updated: 414528
	395  -  MemoryUsage of job (MB)
	403956  -  ResidentSetSize of job (KB)
...
006 (3445799.009.000) 01/31 19:45:11 Image size of job updated: 414528
	395  -  MemoryUsage of job (MB)
	404000  -  ResidentSetSize of job (KB)
...
006 (3445799.009.000) 01/31 20:00:13 Image size of job updated: 414528
	395  -  MemoryUsage of job (MB)
	404012  -  ResidentSetSize of job (KB)
...
006 (3445799.009.000) 01/31 20:05:13 Image size of job updated: 414528
	395  -  MemoryUsage of job (MB)
	404032  -  ResidentSetSize of job (KB)
...
006 (3445799.009.000) 01/31 20:25:15 Image size of job updated: 414528
	395  -  MemoryUsage of job (MB)
	404044  -  ResidentSetSize of job (KB)
...
006 (3445799.009.000) 01/31 20:30:16 Image size of job updated: 414528
	395  -  MemoryUsage of job (MB)
	404056  -  ResidentSetSize of job (KB)
...
006 (3445799.009.000) 01/31 20:35:16 Image size of job updated: 414528
	395  -  MemoryUsage of job (MB)
	404068  -  ResidentSetSize of job (KB)
...
006 (3445799.009.000) 01/31 20:40:16 Image size of job updated: 414528
	395  -  MemoryUsage of job (MB)
	404088  -  ResidentSetSize of job (KB)
...
006 (3445799.009.000) 01/31 20:45:17 Image size of job updated: 414528
	395  -  MemoryUsage of job (MB)
	404096  -  ResidentSetSize of job (KB)
...
006 (3445799.009.000) 01/31 20:50:18 Image size of job updated: 414528
	395  -  MemoryUsage of job (MB)
	404164  -  ResidentSetSize of job (KB)
...
006 (3445799.009.000) 01/31 21:10:20 Image size of job updated: 414528
	395  -  MemoryUsage of job (MB)
	404184  -  ResidentSetSize of job (KB)
...
006 (3445799.009.000) 01/31 21:20:21 Image size of job updated: 414528
	395  -  MemoryUsage of job (MB)
	404200  -  ResidentSetSize of job (KB)
...
006 (3445799.009.000) 01/31 21:30:22 Image size of job updated: 414528
	395  -  MemoryUsage of job (MB)
	404224  -  ResidentSetSize of job (KB)
...
006 (3445799.009.000) 01/31 21:35:22 Image size of job updated: 414528
	395  -  MemoryUsage of job (MB)
	404232  -  ResidentSetSize of job (KB)
...
006 (3445799.009.000) 01/31 21:40:24 Image size of job updated: 414528
	395  -  MemoryUsage of job (MB)
	404240  -  ResidentSetSize of job (KB)
...
006 (3445799.009.000) 01/31 21:50:24 Image size of job updated: 414528
	395  -  MemoryUsage of job (MB)
	404248  -  ResidentSetSize of job (KB)
...
006 (3445799.009.000) 01/31 21:55:25 Image size of job updated: 414528
	395  -  MemoryUsage of job (MB)
	404264  -  ResidentSetSize of job (KB)
...
006 (3445799.009.000) 01/31 22:00:26 Image size of job updated: 414528
	395  -  MemoryUsage of job (MB)
	404288  -  ResidentSetSize of job (KB)
...
006 (3445799.009.000) 01/31 22:10:26 Image size of job updated: 414528
	395  -  MemoryUsage of job (MB)
	404308  -  ResidentSetSize of job (KB)
...
006 (3445799.009.000) 01/31 22:15:27 Image size of job updated: 414528
	395  -  MemoryUsage of job (MB)
	404312  -  ResidentSetSize of job (KB)
...
006 (3445799.009.000) 01/31 22:23:58 Image size of job updated: 414528
	395  -  MemoryUsage of job (MB)
	404324  -  ResidentSetSize of job (KB)
...
006 (3445799.009.000) 01/31 22:34:30 Image size of job updated: 414528
	395  -  MemoryUsage of job (MB)
	404364  -  ResidentSetSize of job (KB)
...
006 (3445799.009.000) 01/31 22:42:56 Image size of job updated: 414528
	395  -  MemoryUsage of job (MB)
	404424  -  ResidentSetSize of job (KB)
...
006 (3445799.009.000) 01/31 22:48:00 Image size of job updated: 414528
	395  -  MemoryUsage of job (MB)
	404452  -  ResidentSetSize of job (KB)
...
006 (3445799.009.000) 01/31 22:53:00 Image size of job updated: 414528
	395  -  MemoryUsage of job (MB)
	404464  -  ResidentSetSize of job (KB)
...
006 (3445799.009.000) 01/31 22:58:00 Image size of job updated: 414528
	395  -  MemoryUsage of job (MB)
	404468  -  ResidentSetSize of job (KB)
...
006 (3445799.009.000) 01/31 23:03:01 Image size of job updated: 414528
	396  -  MemoryUsage of job (MB)
	404484  -  ResidentSetSize of job (KB)
...
006 (3445799.009.000) 01/31 23:18:02 Image size of job updated: 414528
	396  -  MemoryUsage of job (MB)
	404492  -  ResidentSetSize of job (KB)
...
006 (3445799.009.000) 01/31 23:23:03 Image size of job updated: 414528
	396  -  MemoryUsage of job (MB)
	404524  -  ResidentSetSize of job (KB)
...
006 (3445799.009.000) 01/31 23:28:03 Image size of job updated: 414528
	396  -  MemoryUsage of job (MB)
	404532  -  ResidentSetSize of job (KB)
...
006 (3445799.009.000) 01/31 23:38:04 Image size of job updated: 414528
	396  -  MemoryUsage of job (MB)
	404544  -  ResidentSetSize of job (KB)
...
006 (3445799.009.000) 01/31 23:43:04 Image size of job updated: 414528
	396  -  MemoryUsage of job (MB)
	404560  -  ResidentSetSize of job (KB)
...
006 (3445799.009.000) 01/31 23:48:05 Image size of job updated: 414528
	396  -  MemoryUsage of job (MB)
	404616  -  ResidentSetSize of job (KB)
...
006 (3445799.009.000) 01/31 23:53:06 Image size of job updated: 414528
	396  -  MemoryUsage of job (MB)
	404628  -  ResidentSetSize of job (KB)
...
006 (3445799.009.000) 01/31 23:58:06 Image size of job updated: 414528
	396  -  MemoryUsage of job (MB)
	404636  -  ResidentSetSize of job (KB)
...
006 (3445799.009.000) 02/01 00:03:06 Image size of job updated: 414528
	396  -  MemoryUsage of job (MB)
	404664  -  ResidentSetSize of job (KB)
...
006 (3445799.009.000) 02/01 00:18:07 Image size of job updated: 414528
	396  -  MemoryUsage of job (MB)
	404692  -  ResidentSetSize of job (KB)
...
006 (3445799.009.000) 02/01 00:23:08 Image size of job updated: 414528
	396  -  MemoryUsage of job (MB)
	404700  -  ResidentSetSize of job (KB)
...
006 (3445799.009.000) 02/01 00:33:09 Image size of job updated: 414528
	396  -  MemoryUsage of job (MB)
	404716  -  ResidentSetSize of job (KB)
...
006 (3445799.009.000) 02/01 00:43:10 Image size of job updated: 414528
	396  -  MemoryUsage of job (MB)
	404720  -  ResidentSetSize of job (KB)
...
006 (3445799.009.000) 02/01 00:48:11 Image size of job updated: 414528
	396  -  MemoryUsage of job (MB)
	404748  -  ResidentSetSize of job (KB)
...
006 (3445799.009.000) 02/01 00:58:11 Image size of job updated: 414528
	396  -  MemoryUsage of job (MB)
	404756  -  ResidentSetSize of job (KB)
...
006 (3445799.009.000) 02/01 01:03:12 Image size of job updated: 414528
	396  -  MemoryUsage of job (MB)
	404768  -  ResidentSetSize of job (KB)
...
006 (3445799.009.000) 02/01 01:08:13 Image size of job updated: 414528
	396  -  MemoryUsage of job (MB)
	404796  -  ResidentSetSize of job (KB)
...
006 (3445799.009.000) 02/01 01:18:14 Image size of job updated: 414528
	396  -  MemoryUsage of job (MB)
	404804  -  ResidentSetSize of job (KB)
...
006 (3445799.009.000) 02/01 01:23:15 Image size of job updated: 414528
	396  -  MemoryUsage of job (MB)
	404820  -  ResidentSetSize of job (KB)
...
006 (3445799.009.000) 02/01 01:28:15 Image size of job updated: 414528
	396  -  MemoryUsage of job (MB)
	404828  -  ResidentSetSize of job (KB)
...
006 (3445799.009.000) 02/01 01:33:16 Image size of job updated: 414528
	396  -  MemoryUsage of job (MB)
	404836  -  ResidentSetSize of job (KB)
...
006 (3445799.009.000) 02/01 01:38:17 Image size of job updated: 414528
	396  -  MemoryUsage of job (MB)
	404884  -  ResidentSetSize of job (KB)
...
006 (3445799.009.000) 02/01 01:43:17 Image size of job updated: 414528
	396  -  MemoryUsage of job (MB)
	404888  -  ResidentSetSize of job (KB)
...
006 (3445799.009.000) 02/01 01:53:18 Image size of job updated: 414528
	396  -  MemoryUsage of job (MB)
	404908  -  ResidentSetSize of job (KB)
...
006 (3445799.009.000) 02/01 02:03:18 Image size of job updated: 414528
	396  -  MemoryUsage of job (MB)
	404920  -  ResidentSetSize of job (KB)
...
006 (3445799.009.000) 02/01 02:08:19 Image size of job updated: 414528
	396  -  MemoryUsage of job (MB)
	404932  -  ResidentSetSize of job (KB)
...
006 (3445799.009.000) 02/01 02:13:19 Image size of job updated: 414528
	396  -  MemoryUsage of job (MB)
	404944  -  ResidentSetSize of job (KB)
...
006 (3445799.009.000) 02/01 02:18:19 Image size of job updated: 414528
	396  -  MemoryUsage of job (MB)
	404972  -  ResidentSetSize of job (KB)
...
006 (3445799.009.000) 02/01 02:23:20 Image size of job updated: 414528
	396  -  MemoryUsage of job (MB)
	404988  -  ResidentSetSize of job (KB)
...
006 (3445799.009.000) 02/01 02:28:20 Image size of job updated: 414528
	396  -  MemoryUsage of job (MB)
	405008  -  ResidentSetSize of job (KB)
...
006 (3445799.009.000) 02/01 02:33:20 Image size of job updated: 414528
	396  -  MemoryUsage of job (MB)
	405016  -  ResidentSetSize of job (KB)
...
006 (3445799.009.000) 02/01 02:38:21 Image size of job updated: 414528
	396  -  MemoryUsage of job (MB)
	405036  -  ResidentSetSize of job (KB)
...
006 (3445799.009.000) 02/01 02:48:21 Image size of job updated: 414528
	396  -  MemoryUsage of job (MB)
	405044  -  ResidentSetSize of job (KB)
...
006 (3445799.009.000) 02/01 02:53:22 Image size of job updated: 414528
	396  -  MemoryUsage of job (MB)
	405052  -  ResidentSetSize of job (KB)
...
006 (3445799.009.000) 02/01 02:58:23 Image size of job updated: 414528
	396  -  MemoryUsage of job (MB)
	405076  -  ResidentSetSize of job (KB)
...
006 (3445799.009.000) 02/01 03:03:23 Image size of job updated: 414528
	396  -  MemoryUsage of job (MB)
	405096  -  ResidentSetSize of job (KB)
...
006 (3445799.009.000) 02/01 03:13:25 Image size of job updated: 414528
	396  -  MemoryUsage of job (MB)
	405108  -  ResidentSetSize of job (KB)
...
006 (3445799.009.000) 02/01 03:33:27 Image size of job updated: 414528
	396  -  MemoryUsage of job (MB)
	405132  -  ResidentSetSize of job (KB)
...
006 (3445799.009.000) 02/01 03:38:28 Image size of job updated: 414528
	396  -  MemoryUsage of job (MB)
	405168  -  ResidentSetSize of job (KB)
...
006 (3445799.009.000) 02/01 03:43:29 Image size of job updated: 414528
	396  -  MemoryUsage of job (MB)
	405172  -  ResidentSetSize of job (KB)
...
006 (3445799.009.000) 02/01 03:53:29 Image size of job updated: 414528
	396  -  MemoryUsage of job (MB)
	405212  -  ResidentSetSize of job (KB)
...
006 (3445799.009.000) 02/01 04:03:30 Image size of job updated: 414528
	396  -  MemoryUsage of job (MB)
	405228  -  ResidentSetSize of job (KB)
...
006 (3445799.009.000) 02/01 04:08:30 Image size of job updated: 414528
	396  -  MemoryUsage of job (MB)
	405236  -  ResidentSetSize of job (KB)
...
006 (3445799.009.000) 02/01 04:16:19 Image size of job updated: 414528
	396  -  MemoryUsage of job (MB)
	405244  -  ResidentSetSize of job (KB)
...
006 (3445799.009.000) 02/01 04:24:45 Image size of job updated: 414528
	396  -  MemoryUsage of job (MB)
	405280  -  ResidentSetSize of job (KB)
...
006 (3445799.009.000) 02/01 04:31:30 Image size of job updated: 414528
	396  -  MemoryUsage of job (MB)
	405284  -  ResidentSetSize of job (KB)
...
006 (3445799.009.000) 02/01 04:36:31 Image size of job updated: 414528
	396  -  MemoryUsage of job (MB)
	405296  -  ResidentSetSize of job (KB)
...
006 (3445799.009.000) 02/01 04:41:31 Image size of job updated: 414528
	396  -  MemoryUsage of job (MB)
	405324  -  ResidentSetSize of job (KB)
...
006 (3445799.009.000) 02/01 04:46:31 Image size of job updated: 414528
	396  -  MemoryUsage of job (MB)
	405364  -  ResidentSetSize of job (KB)
...
006 (3445799.009.000) 02/01 04:56:33 Image size of job updated: 414528
	396  -  MemoryUsage of job (MB)
	405408  -  ResidentSetSize of job (KB)
...
006 (3445799.009.000) 02/01 05:11:34 Image size of job updated: 414528
	396  -  MemoryUsage of job (MB)
	405420  -  ResidentSetSize of job (KB)
...
006 (3445799.009.000) 02/01 05:16:34 Image size of job updated: 414528
	396  -  MemoryUsage of job (MB)
	405456  -  ResidentSetSize of job (KB)
...
006 (3445799.009.000) 02/01 05:21:34 Image size of job updated: 414528
	396  -  MemoryUsage of job (MB)
	405460  -  ResidentSetSize of job (KB)
...
006 (3445799.009.000) 02/01 05:26:35 Image size of job updated: 414528
	396  -  MemoryUsage of job (MB)
	405468  -  ResidentSetSize of job (KB)
...
006 (3445799.009.000) 02/01 05:31:36 Image size of job updated: 414528
	396  -  MemoryUsage of job (MB)
	405484  -  ResidentSetSize of job (KB)
...
006 (3445799.009.000) 02/01 05:36:36 Image size of job updated: 414528
	396  -  MemoryUsage of job (MB)
	405504  -  ResidentSetSize of job (KB)
...
006 (3445799.009.000) 02/01 05:51:38 Image size of job updated: 414528
	397  -  MemoryUsage of job (MB)
	405532  -  ResidentSetSize of job (KB)
...
006 (3445799.009.000) 02/01 06:06:40 Image size of job updated: 414528
	397  -  MemoryUsage of job (MB)
	405540  -  ResidentSetSize of job (KB)
...
006 (3445799.009.000) 02/01 06:11:40 Image size of job updated: 414528
	397  -  MemoryUsage of job (MB)
	405568  -  ResidentSetSize of job (KB)
...
006 (3445799.009.000) 02/01 06:26:42 Image size of job updated: 414528
	397  -  MemoryUsage of job (MB)
	405600  -  ResidentSetSize of job (KB)
...
006 (3445799.009.000) 02/01 06:31:43 Image size of job updated: 414528
	397  -  MemoryUsage of job (MB)
	405656  -  ResidentSetSize of job (KB)
...
006 (3445799.009.000) 02/01 06:36:44 Image size of job updated: 414528
	397  -  MemoryUsage of job (MB)
	405684  -  ResidentSetSize of job (KB)
...
006 (3445799.009.000) 02/01 06:46:44 Image size of job updated: 414528
	397  -  MemoryUsage of job (MB)
	405708  -  ResidentSetSize of job (KB)
...
006 (3445799.009.000) 02/01 06:51:45 Image size of job updated: 414528
	397  -  MemoryUsage of job (MB)
	405732  -  ResidentSetSize of job (KB)
...
006 (3445799.009.000) 02/01 06:56:46 Image size of job updated: 414528
	397  -  MemoryUsage of job (MB)
	405752  -  ResidentSetSize of job (KB)
...
006 (3445799.009.000) 02/01 07:06:47 Image size of job updated: 414528
	397  -  MemoryUsage of job (MB)
	405780  -  ResidentSetSize of job (KB)
...
006 (3445799.009.000) 02/01 07:11:48 Image size of job updated: 414528
	397  -  MemoryUsage of job (MB)
	405788  -  ResidentSetSize of job (KB)
...
006 (3445799.009.000) 02/01 07:21:49 Image size of job updated: 414528
	397  -  MemoryUsage of job (MB)
	405812  -  ResidentSetSize of job (KB)
...
006 (3445799.009.000) 02/01 07:26:50 Image size of job updated: 414528
	397  -  MemoryUsage of job (MB)
	405828  -  ResidentSetSize of job (KB)
...
006 (3445799.009.000) 02/01 07:36:50 Image size of job updated: 414528
	397  -  MemoryUsage of job (MB)
	405840  -  ResidentSetSize of job (KB)
...
006 (3445799.009.000) 02/01 07:41:51 Image size of job updated: 414528
	397  -  MemoryUsage of job (MB)
	405860  -  ResidentSetSize of job (KB)
...
006 (3445799.009.000) 02/01 07:46:51 Image size of job updated: 414528
	397  -  MemoryUsage of job (MB)
	405916  -  ResidentSetSize of job (KB)
...
006 (3445799.009.000) 02/01 07:51:51 Image size of job updated: 414528
	397  -  MemoryUsage of job (MB)
	405920  -  ResidentSetSize of job (KB)
...
006 (3445799.009.000) 02/01 08:06:53 Image size of job updated: 414528
	397  -  MemoryUsage of job (MB)
	405940  -  ResidentSetSize of job (KB)
...
006 (3445799.009.000) 02/01 08:11:54 Image size of job updated: 414528
	397  -  MemoryUsage of job (MB)
	405960  -  ResidentSetSize of job (KB)
...
006 (3445799.009.000) 02/01 08:21:55 Image size of job updated: 414528
	397  -  MemoryUsage of job (MB)
	405980  -  ResidentSetSize of job (KB)
...
006 (3445799.009.000) 02/01 08:26:55 Image size of job updated: 414528
	397  -  MemoryUsage of job (MB)
	406036  -  ResidentSetSize of job (KB)
...
006 (3445799.009.000) 02/01 08:31:56 Image size of job updated: 414528
	397  -  MemoryUsage of job (MB)
	406096  -  ResidentSetSize of job (KB)
...
006 (3445799.009.000) 02/01 08:56:59 Image size of job updated: 414528
	397  -  MemoryUsage of job (MB)
	406132  -  ResidentSetSize of job (KB)
...
006 (3445799.009.000) 02/01 09:02:00 Image size of job updated: 414528
	397  -  MemoryUsage of job (MB)
	406136  -  ResidentSetSize of job (KB)
...
006 (3445799.009.000) 02/01 09:12:01 Image size of job updated: 414528
	397  -  MemoryUsage of job (MB)
	406144  -  ResidentSetSize of job (KB)
...
006 (3445799.009.000) 02/01 09:17:02 Image size of job updated: 414528
	397  -  MemoryUsage of job (MB)
	406172  -  ResidentSetSize of job (KB)
...
006 (3445799.009.000) 02/01 09:22:03 Image size of job updated: 414528
	397  -  MemoryUsage of job (MB)
	406176  -  ResidentSetSize of job (KB)
...
006 (3445799.009.000) 02/01 09:27:03 Image size of job updated: 414528
	397  -  MemoryUsage of job (MB)
	406180  -  ResidentSetSize of job (KB)
...
006 (3445799.009.000) 02/01 09:32:03 Image size of job updated: 414528
	397  -  MemoryUsage of job (MB)
	406200  -  ResidentSetSize of job (KB)
...
006 (3445799.009.000) 02/01 09:37:04 Image size of job updated: 414528
	397  -  MemoryUsage of job (MB)
	406228  -  ResidentSetSize of job (KB)
...
006 (3445799.009.000) 02/01 09:42:04 Image size of job updated: 414528
	397  -  MemoryUsage of job (MB)
	406236  -  ResidentSetSize of job (KB)
...
006 (3445799.009.000) 02/01 09:47:04 Image size of job updated: 414528
	397  -  MemoryUsage of job (MB)
	406276  -  ResidentSetSize of job (KB)
...
006 (3445799.009.000) 02/01 09:57:06 Image size of job updated: 414528
	397  -  MemoryUsage of job (MB)
	406288  -  ResidentSetSize of job (KB)
...
006 (3445799.009.000) 02/01 10:07:07 Image size of job updated: 414528
	397  -  MemoryUsage of job (MB)
	406292  -  ResidentSetSize of job (KB)
...
006 (3445799.009.000) 02/01 10:12:08 Image size of job updated: 414528
	397  -  MemoryUsage of job (MB)
	406356  -  ResidentSetSize of job (KB)
...
006 (3445799.009.000) 02/01 10:22:08 Image size of job updated: 414528
	397  -  MemoryUsage of job (MB)
	406372  -  ResidentSetSize of job (KB)
...
006 (3445799.009.000) 02/01 10:27:09 Image size of job updated: 414528
	397  -  MemoryUsage of job (MB)
	406400  -  ResidentSetSize of job (KB)
...
006 (3445799.009.000) 02/01 10:32:09 Image size of job updated: 414528
	397  -  MemoryUsage of job (MB)
	406412  -  ResidentSetSize of job (KB)
...
006 (3445799.009.000) 02/01 10:42:10 Image size of job updated: 414528
	397  -  MemoryUsage of job (MB)
	406440  -  ResidentSetSize of job (KB)
...
006 (3445799.009.000) 02/01 10:47:10 Image size of job updated: 414528
	397  -  MemoryUsage of job (MB)
	406452  -  ResidentSetSize of job (KB)
...
040 (3445799.009.000) 02/01 16:47:26 Started transferring input files
	Transferring to host: <188.184.197.55:9618?addrs=188.184.197.55-9618+[2001-1458-301-103--100-39]-9618&noUDP&sock=20398_fc77_201127>
...
040 (3445799.009.000) 02/01 16:47:26 Finished transferring input files
...
001 (3445799.009.000) 02/01 16:47:27 Job executing on host: <188.184.197.55:9618?addrs=188.184.197.55-9618+[2001-1458-301-103--100-39]-9618&noUDP&sock=20266_5e6b_3>
...
040 (3445799.009.000) 02/01 16:47:44 Started transferring output files
...
040 (3445799.009.000) 02/01 16:47:45 Finished transferring output files
...
005 (3445799.009.000) 02/01 16:47:45 Job terminated.
	(1) Normal termination (return value 0)
		Usr 0 00:00:05, Sys 0 00:00:04  -  Run Remote Usage
		Usr 0 00:00:00, Sys 0 00:00:00  -  Run Local Usage
		Usr 0 00:00:05, Sys 0 00:00:04  -  Total Remote Usage
		Usr 0 00:00:00, Sys 0 00:00:00  -  Total Local Usage
	9715  -  Run Bytes Sent By Job
	493  -  Run Bytes Received By Job
	9715  -  Total Bytes Sent By Job
	986  -  Total Bytes Received By Job
	Partitionable Resources :    Usage  Request Allocated 
	   Cpus                 :                 1           
	   Disk (KB)            :       24       40   2932670 
	   Memory (MB)          :      416     2000      2000 
...
