000 (3447424.008.000) 01/30 01:49:27 Job submitted from host: <188.185.71.142:9618?addrs=188.185.71.142-9618+[2001-1458-d00-7--100-388]-9618&alias=bigbird09.cern.ch&noUDP&sock=schedd_2208_1533_7>
...
040 (3447424.008.000) 01/30 07:10:17 Started transferring input files
	Transferring to host: <188.184.196.17:9618?addrs=188.184.196.17-9618+[2001-1458-301-102--100-5]-9618&noUDP&sock=12728_c6ff_35651>
...
040 (3447424.008.000) 01/30 07:10:17 Finished transferring input files
...
001 (3447424.008.000) 01/30 07:10:18 Job executing on host: <188.184.196.17:9618?addrs=188.184.196.17-9618+[2001-1458-301-102--100-5]-9618&noUDP&sock=5721_b568_3>
...
006 (3447424.008.000) 01/30 07:10:26 Image size of job updated: 5252
	4  -  MemoryUsage of job (MB)
	4056  -  ResidentSetSize of job (KB)
...
006 (3447424.008.000) 01/30 07:15:26 Image size of job updated: 464632
	381  -  MemoryUsage of job (MB)
	389820  -  ResidentSetSize of job (KB)
...
006 (3447424.008.000) 01/30 10:00:41 Image size of job updated: 464632
	381  -  MemoryUsage of job (MB)
	389832  -  ResidentSetSize of job (KB)
...
006 (3447424.008.000) 01/30 15:01:15 Image size of job updated: 464632
	381  -  MemoryUsage of job (MB)
	389872  -  ResidentSetSize of job (KB)
...
006 (3447424.008.000) 01/30 15:06:15 Image size of job updated: 464632
	381  -  MemoryUsage of job (MB)
	389908  -  ResidentSetSize of job (KB)
...
006 (3447424.008.000) 01/30 15:11:15 Image size of job updated: 464632
	381  -  MemoryUsage of job (MB)
	389932  -  ResidentSetSize of job (KB)
...
006 (3447424.008.000) 01/30 15:16:16 Image size of job updated: 464632
	381  -  MemoryUsage of job (MB)
	389964  -  ResidentSetSize of job (KB)
...
006 (3447424.008.000) 01/30 15:21:16 Image size of job updated: 464632
	381  -  MemoryUsage of job (MB)
	389984  -  ResidentSetSize of job (KB)
...
006 (3447424.008.000) 01/30 15:26:16 Image size of job updated: 464632
	381  -  MemoryUsage of job (MB)
	389992  -  ResidentSetSize of job (KB)
...
006 (3447424.008.000) 01/30 15:31:17 Image size of job updated: 464632
	381  -  MemoryUsage of job (MB)
	390064  -  ResidentSetSize of job (KB)
...
006 (3447424.008.000) 01/30 15:36:17 Image size of job updated: 464632
	381  -  MemoryUsage of job (MB)
	390076  -  ResidentSetSize of job (KB)
...
006 (3447424.008.000) 01/30 15:41:17 Image size of job updated: 464632
	381  -  MemoryUsage of job (MB)
	390120  -  ResidentSetSize of job (KB)
...
006 (3447424.008.000) 01/30 15:46:19 Image size of job updated: 464632
	382  -  MemoryUsage of job (MB)
	390152  -  ResidentSetSize of job (KB)
...
006 (3447424.008.000) 01/30 15:51:19 Image size of job updated: 464632
	382  -  MemoryUsage of job (MB)
	390160  -  ResidentSetSize of job (KB)
...
006 (3447424.008.000) 01/30 15:56:19 Image size of job updated: 464632
	382  -  MemoryUsage of job (MB)
	390208  -  ResidentSetSize of job (KB)
...
006 (3447424.008.000) 01/30 16:06:21 Image size of job updated: 464632
	382  -  MemoryUsage of job (MB)
	390252  -  ResidentSetSize of job (KB)
...
006 (3447424.008.000) 01/30 16:11:21 Image size of job updated: 464632
	382  -  MemoryUsage of job (MB)
	390296  -  ResidentSetSize of job (KB)
...
006 (3447424.008.000) 01/30 16:16:22 Image size of job updated: 464632
	382  -  MemoryUsage of job (MB)
	390324  -  ResidentSetSize of job (KB)
...
006 (3447424.008.000) 01/30 16:21:23 Image size of job updated: 464632
	382  -  MemoryUsage of job (MB)
	390364  -  ResidentSetSize of job (KB)
...
006 (3447424.008.000) 01/30 16:26:23 Image size of job updated: 464632
	382  -  MemoryUsage of job (MB)
	390396  -  ResidentSetSize of job (KB)
...
006 (3447424.008.000) 01/30 16:31:24 Image size of job updated: 464632
	382  -  MemoryUsage of job (MB)
	390424  -  ResidentSetSize of job (KB)
...
006 (3447424.008.000) 01/30 16:36:25 Image size of job updated: 464632
	382  -  MemoryUsage of job (MB)
	390448  -  ResidentSetSize of job (KB)
...
006 (3447424.008.000) 01/30 16:46:26 Image size of job updated: 464632
	382  -  MemoryUsage of job (MB)
	390516  -  ResidentSetSize of job (KB)
...
006 (3447424.008.000) 01/30 16:51:27 Image size of job updated: 464632
	382  -  MemoryUsage of job (MB)
	390528  -  ResidentSetSize of job (KB)
...
006 (3447424.008.000) 01/30 16:56:27 Image size of job updated: 464632
	382  -  MemoryUsage of job (MB)
	390564  -  ResidentSetSize of job (KB)
...
006 (3447424.008.000) 01/30 17:01:27 Image size of job updated: 464632
	382  -  MemoryUsage of job (MB)
	390584  -  ResidentSetSize of job (KB)
...
006 (3447424.008.000) 01/30 17:06:28 Image size of job updated: 464632
	382  -  MemoryUsage of job (MB)
	390588  -  ResidentSetSize of job (KB)
...
006 (3447424.008.000) 01/30 17:11:28 Image size of job updated: 464632
	382  -  MemoryUsage of job (MB)
	390692  -  ResidentSetSize of job (KB)
...
006 (3447424.008.000) 01/30 17:16:28 Image size of job updated: 464632
	382  -  MemoryUsage of job (MB)
	390696  -  ResidentSetSize of job (KB)
...
006 (3447424.008.000) 01/30 17:21:29 Image size of job updated: 464632
	382  -  MemoryUsage of job (MB)
	390760  -  ResidentSetSize of job (KB)
...
006 (3447424.008.000) 01/30 17:26:29 Image size of job updated: 464632
	382  -  MemoryUsage of job (MB)
	390788  -  ResidentSetSize of job (KB)
...
006 (3447424.008.000) 01/30 17:31:30 Image size of job updated: 464632
	382  -  MemoryUsage of job (MB)
	390812  -  ResidentSetSize of job (KB)
...
006 (3447424.008.000) 01/30 17:41:31 Image size of job updated: 464632
	382  -  MemoryUsage of job (MB)
	390908  -  ResidentSetSize of job (KB)
...
006 (3447424.008.000) 01/30 17:51:33 Image size of job updated: 464632
	382  -  MemoryUsage of job (MB)
	390956  -  ResidentSetSize of job (KB)
...
006 (3447424.008.000) 01/30 17:56:33 Image size of job updated: 464632
	382  -  MemoryUsage of job (MB)
	390972  -  ResidentSetSize of job (KB)
...
006 (3447424.008.000) 01/30 18:01:34 Image size of job updated: 464632
	382  -  MemoryUsage of job (MB)
	390996  -  ResidentSetSize of job (KB)
...
006 (3447424.008.000) 01/30 18:06:35 Image size of job updated: 464632
	382  -  MemoryUsage of job (MB)
	391000  -  ResidentSetSize of job (KB)
...
006 (3447424.008.000) 01/30 18:16:36 Image size of job updated: 464632
	382  -  MemoryUsage of job (MB)
	391064  -  ResidentSetSize of job (KB)
...
006 (3447424.008.000) 01/30 18:21:37 Image size of job updated: 464632
	382  -  MemoryUsage of job (MB)
	391084  -  ResidentSetSize of job (KB)
...
006 (3447424.008.000) 01/30 18:26:37 Image size of job updated: 464632
	383  -  MemoryUsage of job (MB)
	391260  -  ResidentSetSize of job (KB)
...
006 (3447424.008.000) 01/30 18:31:38 Image size of job updated: 464632
	383  -  MemoryUsage of job (MB)
	391332  -  ResidentSetSize of job (KB)
...
006 (3447424.008.000) 01/30 18:41:39 Image size of job updated: 464632
	383  -  MemoryUsage of job (MB)
	391480  -  ResidentSetSize of job (KB)
...
006 (3447424.008.000) 01/30 19:06:43 Image size of job updated: 464632
	383  -  MemoryUsage of job (MB)
	391512  -  ResidentSetSize of job (KB)
...
006 (3447424.008.000) 01/30 19:11:43 Image size of job updated: 464632
	383  -  MemoryUsage of job (MB)
	391584  -  ResidentSetSize of job (KB)
...
006 (3447424.008.000) 01/30 19:16:44 Image size of job updated: 464632
	383  -  MemoryUsage of job (MB)
	391652  -  ResidentSetSize of job (KB)
...
006 (3447424.008.000) 01/30 19:56:49 Image size of job updated: 464632
	383  -  MemoryUsage of job (MB)
	391700  -  ResidentSetSize of job (KB)
...
006 (3447424.008.000) 01/30 20:01:50 Image size of job updated: 464632
	383  -  MemoryUsage of job (MB)
	391704  -  ResidentSetSize of job (KB)
...
006 (3447424.008.000) 01/30 20:06:51 Image size of job updated: 464632
	383  -  MemoryUsage of job (MB)
	391720  -  ResidentSetSize of job (KB)
...
006 (3447424.008.000) 01/30 20:11:51 Image size of job updated: 464632
	383  -  MemoryUsage of job (MB)
	391744  -  ResidentSetSize of job (KB)
...
006 (3447424.008.000) 01/30 20:16:52 Image size of job updated: 464632
	383  -  MemoryUsage of job (MB)
	391760  -  ResidentSetSize of job (KB)
...
006 (3447424.008.000) 01/30 20:21:53 Image size of job updated: 464632
	383  -  MemoryUsage of job (MB)
	391788  -  ResidentSetSize of job (KB)
...
006 (3447424.008.000) 01/30 20:26:53 Image size of job updated: 464632
	383  -  MemoryUsage of job (MB)
	391800  -  ResidentSetSize of job (KB)
...
006 (3447424.008.000) 01/30 20:31:54 Image size of job updated: 464632
	383  -  MemoryUsage of job (MB)
	391868  -  ResidentSetSize of job (KB)
...
006 (3447424.008.000) 01/30 20:41:55 Image size of job updated: 464632
	383  -  MemoryUsage of job (MB)
	391896  -  ResidentSetSize of job (KB)
...
006 (3447424.008.000) 01/30 20:46:56 Image size of job updated: 464632
	383  -  MemoryUsage of job (MB)
	391964  -  ResidentSetSize of job (KB)
...
006 (3447424.008.000) 01/30 20:51:57 Image size of job updated: 464632
	383  -  MemoryUsage of job (MB)
	391988  -  ResidentSetSize of job (KB)
...
006 (3447424.008.000) 01/30 20:56:57 Image size of job updated: 464632
	383  -  MemoryUsage of job (MB)
	392040  -  ResidentSetSize of job (KB)
...
006 (3447424.008.000) 01/30 21:06:59 Image size of job updated: 464632
	383  -  MemoryUsage of job (MB)
	392100  -  ResidentSetSize of job (KB)
...
006 (3447424.008.000) 01/30 21:11:59 Image size of job updated: 464632
	383  -  MemoryUsage of job (MB)
	392152  -  ResidentSetSize of job (KB)
...
006 (3447424.008.000) 01/30 21:22:01 Image size of job updated: 464632
	383  -  MemoryUsage of job (MB)
	392180  -  ResidentSetSize of job (KB)
...
006 (3447424.008.000) 01/30 21:27:01 Image size of job updated: 464632
	384  -  MemoryUsage of job (MB)
	392220  -  ResidentSetSize of job (KB)
...
006 (3447424.008.000) 01/30 21:32:02 Image size of job updated: 464632
	384  -  MemoryUsage of job (MB)
	392256  -  ResidentSetSize of job (KB)
...
006 (3447424.008.000) 01/30 21:42:04 Image size of job updated: 464632
	384  -  MemoryUsage of job (MB)
	392304  -  ResidentSetSize of job (KB)
...
006 (3447424.008.000) 01/30 21:47:04 Image size of job updated: 464632
	384  -  MemoryUsage of job (MB)
	392340  -  ResidentSetSize of job (KB)
...
006 (3447424.008.000) 01/30 21:52:05 Image size of job updated: 464632
	384  -  MemoryUsage of job (MB)
	392348  -  ResidentSetSize of job (KB)
...
006 (3447424.008.000) 01/30 21:57:06 Image size of job updated: 464632
	384  -  MemoryUsage of job (MB)
	392404  -  ResidentSetSize of job (KB)
...
006 (3447424.008.000) 01/30 22:02:06 Image size of job updated: 464632
	384  -  MemoryUsage of job (MB)
	392472  -  ResidentSetSize of job (KB)
...
006 (3447424.008.000) 01/30 22:07:07 Image size of job updated: 464632
	384  -  MemoryUsage of job (MB)
	392504  -  ResidentSetSize of job (KB)
...
006 (3447424.008.000) 01/30 22:12:08 Image size of job updated: 464632
	384  -  MemoryUsage of job (MB)
	392532  -  ResidentSetSize of job (KB)
...
006 (3447424.008.000) 01/30 22:22:09 Image size of job updated: 464632
	384  -  MemoryUsage of job (MB)
	392596  -  ResidentSetSize of job (KB)
...
006 (3447424.008.000) 01/30 22:27:10 Image size of job updated: 464632
	384  -  MemoryUsage of job (MB)
	392616  -  ResidentSetSize of job (KB)
...
006 (3447424.008.000) 01/30 22:32:10 Image size of job updated: 464632
	384  -  MemoryUsage of job (MB)
	392636  -  ResidentSetSize of job (KB)
...
006 (3447424.008.000) 01/30 22:37:11 Image size of job updated: 464632
	384  -  MemoryUsage of job (MB)
	392656  -  ResidentSetSize of job (KB)
...
006 (3447424.008.000) 01/30 22:42:12 Image size of job updated: 464632
	384  -  MemoryUsage of job (MB)
	392712  -  ResidentSetSize of job (KB)
...
006 (3447424.008.000) 01/30 22:47:12 Image size of job updated: 464632
	384  -  MemoryUsage of job (MB)
	392720  -  ResidentSetSize of job (KB)
...
006 (3447424.008.000) 01/30 22:52:13 Image size of job updated: 464632
	384  -  MemoryUsage of job (MB)
	392760  -  ResidentSetSize of job (KB)
...
006 (3447424.008.000) 01/30 22:57:14 Image size of job updated: 464632
	384  -  MemoryUsage of job (MB)
	392776  -  ResidentSetSize of job (KB)
...
006 (3447424.008.000) 01/30 23:02:14 Image size of job updated: 464632
	384  -  MemoryUsage of job (MB)
	392836  -  ResidentSetSize of job (KB)
...
006 (3447424.008.000) 01/30 23:07:15 Image size of job updated: 464632
	384  -  MemoryUsage of job (MB)
	392896  -  ResidentSetSize of job (KB)
...
006 (3447424.008.000) 01/30 23:12:16 Image size of job updated: 464632
	384  -  MemoryUsage of job (MB)
	392928  -  ResidentSetSize of job (KB)
...
006 (3447424.008.000) 01/30 23:17:16 Image size of job updated: 464632
	384  -  MemoryUsage of job (MB)
	393056  -  ResidentSetSize of job (KB)
...
006 (3447424.008.000) 01/30 23:22:16 Image size of job updated: 464632
	385  -  MemoryUsage of job (MB)
	393224  -  ResidentSetSize of job (KB)
...
006 (3447424.008.000) 01/31 00:02:19 Image size of job updated: 464632
	385  -  MemoryUsage of job (MB)
	393244  -  ResidentSetSize of job (KB)
...
006 (3447424.008.000) 01/31 00:07:19 Image size of job updated: 464632
	385  -  MemoryUsage of job (MB)
	393300  -  ResidentSetSize of job (KB)
...
006 (3447424.008.000) 01/31 00:12:19 Image size of job updated: 464632
	385  -  MemoryUsage of job (MB)
	393340  -  ResidentSetSize of job (KB)
...
006 (3447424.008.000) 01/31 00:27:20 Image size of job updated: 464632
	385  -  MemoryUsage of job (MB)
	393344  -  ResidentSetSize of job (KB)
...
006 (3447424.008.000) 01/31 00:32:21 Image size of job updated: 464632
	385  -  MemoryUsage of job (MB)
	393348  -  ResidentSetSize of job (KB)
...
006 (3447424.008.000) 01/31 00:42:21 Image size of job updated: 464632
	385  -  MemoryUsage of job (MB)
	393356  -  ResidentSetSize of job (KB)
...
006 (3447424.008.000) 01/31 00:47:23 Image size of job updated: 464632
	385  -  MemoryUsage of job (MB)
	393436  -  ResidentSetSize of job (KB)
...
006 (3447424.008.000) 01/31 00:52:23 Image size of job updated: 464632
	385  -  MemoryUsage of job (MB)
	393488  -  ResidentSetSize of job (KB)
...
006 (3447424.008.000) 01/31 00:57:23 Image size of job updated: 464632
	385  -  MemoryUsage of job (MB)
	393560  -  ResidentSetSize of job (KB)
...
006 (3447424.008.000) 01/31 01:07:25 Image size of job updated: 464632
	385  -  MemoryUsage of job (MB)
	393604  -  ResidentSetSize of job (KB)
...
006 (3447424.008.000) 01/31 01:12:25 Image size of job updated: 464632
	385  -  MemoryUsage of job (MB)
	393636  -  ResidentSetSize of job (KB)
...
006 (3447424.008.000) 01/31 01:17:27 Image size of job updated: 464632
	385  -  MemoryUsage of job (MB)
	393680  -  ResidentSetSize of job (KB)
...
006 (3447424.008.000) 01/31 01:22:27 Image size of job updated: 464632
	385  -  MemoryUsage of job (MB)
	393684  -  ResidentSetSize of job (KB)
...
006 (3447424.008.000) 01/31 01:27:27 Image size of job updated: 464632
	385  -  MemoryUsage of job (MB)
	393704  -  ResidentSetSize of job (KB)
...
006 (3447424.008.000) 01/31 01:32:28 Image size of job updated: 464632
	385  -  MemoryUsage of job (MB)
	393728  -  ResidentSetSize of job (KB)
...
006 (3447424.008.000) 01/31 01:42:29 Image size of job updated: 464632
	385  -  MemoryUsage of job (MB)
	393776  -  ResidentSetSize of job (KB)
...
006 (3447424.008.000) 01/31 01:47:30 Image size of job updated: 464632
	385  -  MemoryUsage of job (MB)
	393836  -  ResidentSetSize of job (KB)
...
006 (3447424.008.000) 01/31 01:57:31 Image size of job updated: 464632
	385  -  MemoryUsage of job (MB)
	393884  -  ResidentSetSize of job (KB)
...
006 (3447424.008.000) 01/31 02:02:32 Image size of job updated: 464632
	385  -  MemoryUsage of job (MB)
	393940  -  ResidentSetSize of job (KB)
...
006 (3447424.008.000) 01/31 02:07:33 Image size of job updated: 464632
	385  -  MemoryUsage of job (MB)
	393948  -  ResidentSetSize of job (KB)
...
006 (3447424.008.000) 01/31 02:17:34 Image size of job updated: 464632
	385  -  MemoryUsage of job (MB)
	394008  -  ResidentSetSize of job (KB)
...
006 (3447424.008.000) 01/31 02:22:35 Image size of job updated: 464632
	385  -  MemoryUsage of job (MB)
	394036  -  ResidentSetSize of job (KB)
...
006 (3447424.008.000) 01/31 02:27:35 Image size of job updated: 464632
	385  -  MemoryUsage of job (MB)
	394076  -  ResidentSetSize of job (KB)
...
006 (3447424.008.000) 01/31 02:32:36 Image size of job updated: 464632
	385  -  MemoryUsage of job (MB)
	394136  -  ResidentSetSize of job (KB)
...
006 (3447424.008.000) 01/31 02:37:37 Image size of job updated: 464632
	385  -  MemoryUsage of job (MB)
	394152  -  ResidentSetSize of job (KB)
...
006 (3447424.008.000) 01/31 02:42:37 Image size of job updated: 464632
	385  -  MemoryUsage of job (MB)
	394168  -  ResidentSetSize of job (KB)
...
006 (3447424.008.000) 01/31 02:47:37 Image size of job updated: 464632
	385  -  MemoryUsage of job (MB)
	394224  -  ResidentSetSize of job (KB)
...
006 (3447424.008.000) 01/31 02:52:38 Image size of job updated: 464632
	386  -  MemoryUsage of job (MB)
	394248  -  ResidentSetSize of job (KB)
...
006 (3447424.008.000) 01/31 02:57:38 Image size of job updated: 464632
	386  -  MemoryUsage of job (MB)
	394256  -  ResidentSetSize of job (KB)
...
006 (3447424.008.000) 01/31 03:02:38 Image size of job updated: 464632
	386  -  MemoryUsage of job (MB)
	394324  -  ResidentSetSize of job (KB)
...
006 (3447424.008.000) 01/31 03:07:39 Image size of job updated: 464632
	386  -  MemoryUsage of job (MB)
	394344  -  ResidentSetSize of job (KB)
...
006 (3447424.008.000) 01/31 03:12:40 Image size of job updated: 464632
	386  -  MemoryUsage of job (MB)
	394352  -  ResidentSetSize of job (KB)
...
006 (3447424.008.000) 01/31 03:17:40 Image size of job updated: 464632
	386  -  MemoryUsage of job (MB)
	394392  -  ResidentSetSize of job (KB)
...
006 (3447424.008.000) 01/31 03:22:41 Image size of job updated: 464632
	386  -  MemoryUsage of job (MB)
	394456  -  ResidentSetSize of job (KB)
...
006 (3447424.008.000) 01/31 03:27:42 Image size of job updated: 464632
	386  -  MemoryUsage of job (MB)
	394460  -  ResidentSetSize of job (KB)
...
006 (3447424.008.000) 01/31 03:32:42 Image size of job updated: 464632
	386  -  MemoryUsage of job (MB)
	394524  -  ResidentSetSize of job (KB)
...
006 (3447424.008.000) 01/31 03:37:42 Image size of job updated: 464632
	386  -  MemoryUsage of job (MB)
	394576  -  ResidentSetSize of job (KB)
...
006 (3447424.008.000) 01/31 03:42:43 Image size of job updated: 464632
	386  -  MemoryUsage of job (MB)
	394628  -  ResidentSetSize of job (KB)
...
006 (3447424.008.000) 01/31 03:47:44 Image size of job updated: 464632
	386  -  MemoryUsage of job (MB)
	394688  -  ResidentSetSize of job (KB)
...
006 (3447424.008.000) 01/31 03:52:44 Image size of job updated: 464632
	386  -  MemoryUsage of job (MB)
	394692  -  ResidentSetSize of job (KB)
...
006 (3447424.008.000) 01/31 03:57:44 Image size of job updated: 464632
	386  -  MemoryUsage of job (MB)
	394712  -  ResidentSetSize of job (KB)
...
006 (3447424.008.000) 01/31 04:02:45 Image size of job updated: 464632
	386  -  MemoryUsage of job (MB)
	394788  -  ResidentSetSize of job (KB)
...
006 (3447424.008.000) 01/31 04:07:45 Image size of job updated: 464632
	386  -  MemoryUsage of job (MB)
	394824  -  ResidentSetSize of job (KB)
...
006 (3447424.008.000) 01/31 04:12:45 Image size of job updated: 464632
	386  -  MemoryUsage of job (MB)
	394840  -  ResidentSetSize of job (KB)
...
006 (3447424.008.000) 01/31 04:17:46 Image size of job updated: 464632
	386  -  MemoryUsage of job (MB)
	394856  -  ResidentSetSize of job (KB)
...
006 (3447424.008.000) 01/31 04:22:47 Image size of job updated: 464632
	386  -  MemoryUsage of job (MB)
	394904  -  ResidentSetSize of job (KB)
...
006 (3447424.008.000) 01/31 04:27:47 Image size of job updated: 464632
	386  -  MemoryUsage of job (MB)
	394952  -  ResidentSetSize of job (KB)
...
006 (3447424.008.000) 01/31 04:32:47 Image size of job updated: 464632
	386  -  MemoryUsage of job (MB)
	395004  -  ResidentSetSize of job (KB)
...
006 (3447424.008.000) 01/31 04:37:48 Image size of job updated: 464632
	386  -  MemoryUsage of job (MB)
	395044  -  ResidentSetSize of job (KB)
...
006 (3447424.008.000) 01/31 04:42:49 Image size of job updated: 464632
	386  -  MemoryUsage of job (MB)
	395096  -  ResidentSetSize of job (KB)
...
006 (3447424.008.000) 01/31 04:47:49 Image size of job updated: 464632
	386  -  MemoryUsage of job (MB)
	395124  -  ResidentSetSize of job (KB)
...
006 (3447424.008.000) 01/31 04:52:49 Image size of job updated: 464632
	386  -  MemoryUsage of job (MB)
	395184  -  ResidentSetSize of job (KB)
...
006 (3447424.008.000) 01/31 04:57:50 Image size of job updated: 464632
	386  -  MemoryUsage of job (MB)
	395196  -  ResidentSetSize of job (KB)
...
006 (3447424.008.000) 01/31 05:02:51 Image size of job updated: 464632
	386  -  MemoryUsage of job (MB)
	395256  -  ResidentSetSize of job (KB)
...
006 (3447424.008.000) 01/31 05:07:51 Image size of job updated: 464632
	387  -  MemoryUsage of job (MB)
	395344  -  ResidentSetSize of job (KB)
...
006 (3447424.008.000) 01/31 05:12:51 Image size of job updated: 464632
	387  -  MemoryUsage of job (MB)
	395384  -  ResidentSetSize of job (KB)
...
006 (3447424.008.000) 01/31 05:17:52 Image size of job updated: 464632
	387  -  MemoryUsage of job (MB)
	395452  -  ResidentSetSize of job (KB)
...
006 (3447424.008.000) 01/31 05:22:52 Image size of job updated: 464632
	387  -  MemoryUsage of job (MB)
	395500  -  ResidentSetSize of job (KB)
...
006 (3447424.008.000) 01/31 05:27:52 Image size of job updated: 464632
	387  -  MemoryUsage of job (MB)
	395512  -  ResidentSetSize of job (KB)
...
006 (3447424.008.000) 01/31 05:32:53 Image size of job updated: 464632
	387  -  MemoryUsage of job (MB)
	395568  -  ResidentSetSize of job (KB)
...
006 (3447424.008.000) 01/31 05:37:54 Image size of job updated: 464632
	387  -  MemoryUsage of job (MB)
	395624  -  ResidentSetSize of job (KB)
...
006 (3447424.008.000) 01/31 05:42:54 Image size of job updated: 464632
	387  -  MemoryUsage of job (MB)
	395684  -  ResidentSetSize of job (KB)
...
006 (3447424.008.000) 01/31 05:47:54 Image size of job updated: 464632
	387  -  MemoryUsage of job (MB)
	395720  -  ResidentSetSize of job (KB)
...
006 (3447424.008.000) 01/31 05:52:55 Image size of job updated: 464632
	387  -  MemoryUsage of job (MB)
	395756  -  ResidentSetSize of job (KB)
...
006 (3447424.008.000) 01/31 05:57:55 Image size of job updated: 464632
	387  -  MemoryUsage of job (MB)
	395792  -  ResidentSetSize of job (KB)
...
006 (3447424.008.000) 01/31 06:02:55 Image size of job updated: 464632
	387  -  MemoryUsage of job (MB)
	395820  -  ResidentSetSize of job (KB)
...
006 (3447424.008.000) 01/31 06:07:55 Image size of job updated: 464632
	387  -  MemoryUsage of job (MB)
	395848  -  ResidentSetSize of job (KB)
...
006 (3447424.008.000) 01/31 06:12:56 Image size of job updated: 464632
	387  -  MemoryUsage of job (MB)
	395912  -  ResidentSetSize of job (KB)
...
006 (3447424.008.000) 01/31 06:22:57 Image size of job updated: 464632
	387  -  MemoryUsage of job (MB)
	395984  -  ResidentSetSize of job (KB)
...
006 (3447424.008.000) 01/31 06:27:58 Image size of job updated: 464632
	387  -  MemoryUsage of job (MB)
	396036  -  ResidentSetSize of job (KB)
...
006 (3447424.008.000) 01/31 06:32:59 Image size of job updated: 464632
	389  -  MemoryUsage of job (MB)
	397600  -  ResidentSetSize of job (KB)
...
006 (3447424.008.000) 01/31 06:38:00 Image size of job updated: 464632
	390  -  MemoryUsage of job (MB)
	398876  -  ResidentSetSize of job (KB)
...
006 (3447424.008.000) 01/31 06:43:00 Image size of job updated: 464632
	390  -  MemoryUsage of job (MB)
	399036  -  ResidentSetSize of job (KB)
...
006 (3447424.008.000) 01/31 06:48:00 Image size of job updated: 464632
	390  -  MemoryUsage of job (MB)
	399108  -  ResidentSetSize of job (KB)
...
006 (3447424.008.000) 01/31 06:53:01 Image size of job updated: 464632
	390  -  MemoryUsage of job (MB)
	399188  -  ResidentSetSize of job (KB)
...
006 (3447424.008.000) 01/31 06:58:01 Image size of job updated: 464632
	390  -  MemoryUsage of job (MB)
	399292  -  ResidentSetSize of job (KB)
...
006 (3447424.008.000) 01/31 07:03:01 Image size of job updated: 464632
	391  -  MemoryUsage of job (MB)
	399372  -  ResidentSetSize of job (KB)
...
006 (3447424.008.000) 01/31 07:08:02 Image size of job updated: 464632
	391  -  MemoryUsage of job (MB)
	399508  -  ResidentSetSize of job (KB)
...
006 (3447424.008.000) 01/31 07:13:03 Image size of job updated: 464632
	391  -  MemoryUsage of job (MB)
	399664  -  ResidentSetSize of job (KB)
...
006 (3447424.008.000) 01/31 07:18:03 Image size of job updated: 464632
	391  -  MemoryUsage of job (MB)
	399792  -  ResidentSetSize of job (KB)
...
006 (3447424.008.000) 01/31 07:23:03 Image size of job updated: 464632
	391  -  MemoryUsage of job (MB)
	399964  -  ResidentSetSize of job (KB)
...
006 (3447424.008.000) 01/31 07:28:04 Image size of job updated: 464632
	391  -  MemoryUsage of job (MB)
	400060  -  ResidentSetSize of job (KB)
...
006 (3447424.008.000) 01/31 07:33:04 Image size of job updated: 464632
	391  -  MemoryUsage of job (MB)
	400208  -  ResidentSetSize of job (KB)
...
006 (3447424.008.000) 01/31 07:38:04 Image size of job updated: 464632
	391  -  MemoryUsage of job (MB)
	400256  -  ResidentSetSize of job (KB)
...
006 (3447424.008.000) 01/31 07:43:05 Image size of job updated: 464632
	391  -  MemoryUsage of job (MB)
	400340  -  ResidentSetSize of job (KB)
...
006 (3447424.008.000) 01/31 07:48:06 Image size of job updated: 464632
	392  -  MemoryUsage of job (MB)
	400496  -  ResidentSetSize of job (KB)
...
006 (3447424.008.000) 01/31 07:53:06 Image size of job updated: 464632
	392  -  MemoryUsage of job (MB)
	400616  -  ResidentSetSize of job (KB)
...
006 (3447424.008.000) 01/31 07:58:07 Image size of job updated: 464632
	392  -  MemoryUsage of job (MB)
	400656  -  ResidentSetSize of job (KB)
...
006 (3447424.008.000) 01/31 08:03:08 Image size of job updated: 464632
	392  -  MemoryUsage of job (MB)
	400720  -  ResidentSetSize of job (KB)
...
006 (3447424.008.000) 01/31 08:08:08 Image size of job updated: 464632
	392  -  MemoryUsage of job (MB)
	400832  -  ResidentSetSize of job (KB)
...
006 (3447424.008.000) 01/31 08:13:08 Image size of job updated: 464632
	392  -  MemoryUsage of job (MB)
	401016  -  ResidentSetSize of job (KB)
...
006 (3447424.008.000) 01/31 08:18:09 Image size of job updated: 464632
	392  -  MemoryUsage of job (MB)
	401068  -  ResidentSetSize of job (KB)
...
006 (3447424.008.000) 01/31 08:23:10 Image size of job updated: 464632
	392  -  MemoryUsage of job (MB)
	401224  -  ResidentSetSize of job (KB)
...
006 (3447424.008.000) 01/31 08:28:10 Image size of job updated: 464632
	392  -  MemoryUsage of job (MB)
	401272  -  ResidentSetSize of job (KB)
...
006 (3447424.008.000) 01/31 08:33:11 Image size of job updated: 464632
	392  -  MemoryUsage of job (MB)
	401344  -  ResidentSetSize of job (KB)
...
006 (3447424.008.000) 01/31 08:38:13 Image size of job updated: 464632
	393  -  MemoryUsage of job (MB)
	401472  -  ResidentSetSize of job (KB)
...
006 (3447424.008.000) 01/31 08:43:13 Image size of job updated: 464632
	393  -  MemoryUsage of job (MB)
	401560  -  ResidentSetSize of job (KB)
...
006 (3447424.008.000) 01/31 08:48:13 Image size of job updated: 464632
	393  -  MemoryUsage of job (MB)
	401820  -  ResidentSetSize of job (KB)
...
006 (3447424.008.000) 01/31 08:53:14 Image size of job updated: 464632
	393  -  MemoryUsage of job (MB)
	401828  -  ResidentSetSize of job (KB)
...
006 (3447424.008.000) 01/31 08:58:15 Image size of job updated: 464632
	393  -  MemoryUsage of job (MB)
	402120  -  ResidentSetSize of job (KB)
...
006 (3447424.008.000) 01/31 09:03:15 Image size of job updated: 464632
	393  -  MemoryUsage of job (MB)
	402184  -  ResidentSetSize of job (KB)
...
006 (3447424.008.000) 01/31 09:08:15 Image size of job updated: 464632
	393  -  MemoryUsage of job (MB)
	402272  -  ResidentSetSize of job (KB)
...
006 (3447424.008.000) 01/31 09:13:16 Image size of job updated: 464632
	394  -  MemoryUsage of job (MB)
	402452  -  ResidentSetSize of job (KB)
...
006 (3447424.008.000) 01/31 09:18:17 Image size of job updated: 464632
	394  -  MemoryUsage of job (MB)
	402528  -  ResidentSetSize of job (KB)
...
006 (3447424.008.000) 01/31 09:23:17 Image size of job updated: 464632
	394  -  MemoryUsage of job (MB)
	402752  -  ResidentSetSize of job (KB)
...
006 (3447424.008.000) 01/31 09:33:18 Image size of job updated: 464632
	394  -  MemoryUsage of job (MB)
	403236  -  ResidentSetSize of job (KB)
...
006 (3447424.008.000) 01/31 09:38:19 Image size of job updated: 464632
	394  -  MemoryUsage of job (MB)
	403412  -  ResidentSetSize of job (KB)
...
006 (3447424.008.000) 01/31 09:53:20 Image size of job updated: 464632
	395  -  MemoryUsage of job (MB)
	403512  -  ResidentSetSize of job (KB)
...
006 (3447424.008.000) 01/31 09:58:20 Image size of job updated: 464632
	395  -  MemoryUsage of job (MB)
	403604  -  ResidentSetSize of job (KB)
...
040 (3447424.008.000) 02/01 07:54:18 Started transferring input files
	Transferring to host: <128.142.70.4:9618?addrs=128.142.70.4-9618+[2001-1458-301-52--100-18c]-9618&noUDP&sock=14412_4ec3_12740>
...
040 (3447424.008.000) 02/01 07:54:18 Finished transferring input files
...
001 (3447424.008.000) 02/01 07:54:19 Job executing on host: <128.142.70.4:9618?addrs=128.142.70.4-9618+[2001-1458-301-52--100-18c]-9618&noUDP&sock=14207_6617_3>
...
040 (3447424.008.000) 02/01 19:31:11 Started transferring input files
	Transferring to host: <188.184.139.42:9618?addrs=188.184.139.42-9618+[2001-1458-301-45--100-113]-9618&noUDP&sock=7706_52f2_150121>
...
040 (3447424.008.000) 02/01 19:31:11 Finished transferring input files
...
001 (3447424.008.000) 02/01 19:31:12 Job executing on host: <188.184.139.42:9618?addrs=188.184.139.42-9618+[2001-1458-301-45--100-113]-9618&noUDP&sock=5698_eeba_3>
...
