000 (3447444.007.000) 01/30 07:33:26 Job submitted from host: <188.185.71.142:9618?addrs=188.185.71.142-9618+[2001-1458-d00-7--100-388]-9618&alias=bigbird09.cern.ch&noUDP&sock=schedd_2208_1533_7>
...
040 (3447444.007.000) 01/30 07:55:37 Started transferring input files
	Transferring to host: <128.142.67.55:9618?addrs=128.142.67.55-9618+[2001-1458-301-4c--100-3fe]-9618&noUDP&sock=3691_64af_24318>
...
040 (3447444.007.000) 01/30 07:55:37 Finished transferring input files
...
001 (3447444.007.000) 01/30 07:55:38 Job executing on host: <128.142.67.55:9618?addrs=128.142.67.55-9618+[2001-1458-301-4c--100-3fe]-9618&noUDP&sock=2825_4b22_3>
...
006 (3447444.007.000) 01/30 07:55:46 Image size of job updated: 1168
	2  -  MemoryUsage of job (MB)
	1168  -  ResidentSetSize of job (KB)
...
006 (3447444.007.000) 01/30 07:55:51 Image size of job updated: 13400
	2  -  MemoryUsage of job (MB)
	1168  -  ResidentSetSize of job (KB)
...
040 (3447444.007.000) 01/30 07:55:51 Started transferring output files
...
040 (3447444.007.000) 01/30 07:55:51 Finished transferring output files
...
005 (3447444.007.000) 01/30 07:55:51 Job terminated.
	(1) Normal termination (return value 0)
		Usr 0 00:00:02, Sys 0 00:00:03  -  Run Remote Usage
		Usr 0 00:00:00, Sys 0 00:00:00  -  Run Local Usage
		Usr 0 00:00:02, Sys 0 00:00:03  -  Total Remote Usage
		Usr 0 00:00:00, Sys 0 00:00:00  -  Total Local Usage
	327  -  Run Bytes Sent By Job
	493  -  Run Bytes Received By Job
	327  -  Total Bytes Sent By Job
	493  -  Total Bytes Received By Job
	Partitionable Resources :    Usage  Request Allocated 
	   Cpus                 :                 1           
	   Disk (KB)            :       17        1   2811901 
	   Memory (MB)          :        2     2000      2000 
...
