000 (3447418.010.000) 01/30 01:28:19 Job submitted from host: <188.185.71.142:9618?addrs=188.185.71.142-9618+[2001-1458-d00-7--100-388]-9618&alias=bigbird09.cern.ch&noUDP&sock=schedd_2208_1533_7>
...
040 (3447418.010.000) 01/30 07:55:45 Started transferring input files
	Transferring to host: <188.184.139.26:9618?addrs=188.184.139.26-9618+[2001-1458-301-45--100-124]-9618&noUDP&sock=23124_b325_36247>
...
040 (3447418.010.000) 01/30 07:55:45 Finished transferring input files
...
001 (3447418.010.000) 01/30 07:55:46 Job executing on host: <188.184.139.26:9618?addrs=188.184.139.26-9618+[2001-1458-301-45--100-124]-9618&noUDP&sock=3286_804b_3>
...
006 (3447418.010.000) 01/30 07:55:54 Image size of job updated: 6624
	7  -  MemoryUsage of job (MB)
	6624  -  ResidentSetSize of job (KB)
...
006 (3447418.010.000) 01/30 08:00:54 Image size of job updated: 393396
	358  -  MemoryUsage of job (MB)
	366456  -  ResidentSetSize of job (KB)
...
006 (3447418.010.000) 01/30 08:10:56 Image size of job updated: 393408
	358  -  MemoryUsage of job (MB)
	366468  -  ResidentSetSize of job (KB)
...
006 (3447418.010.000) 01/30 09:01:02 Image size of job updated: 393436
	358  -  MemoryUsage of job (MB)
	366496  -  ResidentSetSize of job (KB)
...
006 (3447418.010.000) 01/30 11:46:18 Image size of job updated: 393436
	359  -  MemoryUsage of job (MB)
	366616  -  ResidentSetSize of job (KB)
...
006 (3447418.010.000) 01/30 11:51:19 Image size of job updated: 393436
	359  -  MemoryUsage of job (MB)
	366624  -  ResidentSetSize of job (KB)
...
006 (3447418.010.000) 01/30 12:21:22 Image size of job updated: 393436
	359  -  MemoryUsage of job (MB)
	366784  -  ResidentSetSize of job (KB)
...
006 (3447418.010.000) 01/30 12:46:24 Image size of job updated: 393436
	359  -  MemoryUsage of job (MB)
	366788  -  ResidentSetSize of job (KB)
...
006 (3447418.010.000) 01/30 12:51:24 Image size of job updated: 393436
	359  -  MemoryUsage of job (MB)
	366928  -  ResidentSetSize of job (KB)
...
006 (3447418.010.000) 01/30 12:56:25 Image size of job updated: 393444
	359  -  MemoryUsage of job (MB)
	367012  -  ResidentSetSize of job (KB)
...
006 (3447418.010.000) 01/30 13:01:25 Image size of job updated: 393460
	359  -  MemoryUsage of job (MB)
	367028  -  ResidentSetSize of job (KB)
...
006 (3447418.010.000) 01/30 13:06:25 Image size of job updated: 393592
	359  -  MemoryUsage of job (MB)
	367160  -  ResidentSetSize of job (KB)
...
006 (3447418.010.000) 01/30 13:11:27 Image size of job updated: 393744
	359  -  MemoryUsage of job (MB)
	367312  -  ResidentSetSize of job (KB)
...
006 (3447418.010.000) 01/30 13:16:27 Image size of job updated: 393824
	359  -  MemoryUsage of job (MB)
	367392  -  ResidentSetSize of job (KB)
...
006 (3447418.010.000) 01/30 13:21:27 Image size of job updated: 393900
	359  -  MemoryUsage of job (MB)
	367468  -  ResidentSetSize of job (KB)
...
006 (3447418.010.000) 01/30 13:26:28 Image size of job updated: 393900
	359  -  MemoryUsage of job (MB)
	367572  -  ResidentSetSize of job (KB)
...
006 (3447418.010.000) 01/30 13:31:29 Image size of job updated: 393900
	360  -  MemoryUsage of job (MB)
	367692  -  ResidentSetSize of job (KB)
...
006 (3447418.010.000) 01/30 13:36:29 Image size of job updated: 393900
	360  -  MemoryUsage of job (MB)
	367844  -  ResidentSetSize of job (KB)
...
006 (3447418.010.000) 01/30 13:41:29 Image size of job updated: 393900
	360  -  MemoryUsage of job (MB)
	367920  -  ResidentSetSize of job (KB)
...
006 (3447418.010.000) 01/30 13:46:30 Image size of job updated: 393900
	360  -  MemoryUsage of job (MB)
	368096  -  ResidentSetSize of job (KB)
...
006 (3447418.010.000) 01/30 13:51:30 Image size of job updated: 393900
	360  -  MemoryUsage of job (MB)
	368196  -  ResidentSetSize of job (KB)
...
006 (3447418.010.000) 01/30 13:56:30 Image size of job updated: 393900
	360  -  MemoryUsage of job (MB)
	368228  -  ResidentSetSize of job (KB)
...
006 (3447418.010.000) 01/30 14:01:31 Image size of job updated: 393900
	360  -  MemoryUsage of job (MB)
	368352  -  ResidentSetSize of job (KB)
...
006 (3447418.010.000) 01/30 14:06:32 Image size of job updated: 393900
	360  -  MemoryUsage of job (MB)
	368376  -  ResidentSetSize of job (KB)
...
006 (3447418.010.000) 01/30 14:11:32 Image size of job updated: 393900
	360  -  MemoryUsage of job (MB)
	368456  -  ResidentSetSize of job (KB)
...
006 (3447418.010.000) 01/30 14:21:34 Image size of job updated: 393900
	360  -  MemoryUsage of job (MB)
	368616  -  ResidentSetSize of job (KB)
...
006 (3447418.010.000) 01/30 14:26:34 Image size of job updated: 393900
	361  -  MemoryUsage of job (MB)
	368696  -  ResidentSetSize of job (KB)
...
006 (3447418.010.000) 01/30 14:31:35 Image size of job updated: 393900
	361  -  MemoryUsage of job (MB)
	368736  -  ResidentSetSize of job (KB)
...
006 (3447418.010.000) 01/30 14:36:36 Image size of job updated: 393900
	361  -  MemoryUsage of job (MB)
	368832  -  ResidentSetSize of job (KB)
...
006 (3447418.010.000) 01/30 14:41:36 Image size of job updated: 393900
	361  -  MemoryUsage of job (MB)
	368948  -  ResidentSetSize of job (KB)
...
006 (3447418.010.000) 01/30 14:46:37 Image size of job updated: 393900
	361  -  MemoryUsage of job (MB)
	368968  -  ResidentSetSize of job (KB)
...
006 (3447418.010.000) 01/30 14:51:38 Image size of job updated: 393900
	361  -  MemoryUsage of job (MB)
	369100  -  ResidentSetSize of job (KB)
...
006 (3447418.010.000) 01/30 14:56:38 Image size of job updated: 393900
	361  -  MemoryUsage of job (MB)
	369288  -  ResidentSetSize of job (KB)
...
006 (3447418.010.000) 01/30 15:01:38 Image size of job updated: 393900
	361  -  MemoryUsage of job (MB)
	369312  -  ResidentSetSize of job (KB)
...
006 (3447418.010.000) 01/30 15:06:39 Image size of job updated: 393900
	361  -  MemoryUsage of job (MB)
	369428  -  ResidentSetSize of job (KB)
...
006 (3447418.010.000) 01/30 15:11:39 Image size of job updated: 393900
	361  -  MemoryUsage of job (MB)
	369556  -  ResidentSetSize of job (KB)
...
006 (3447418.010.000) 01/30 15:16:39 Image size of job updated: 393900
	361  -  MemoryUsage of job (MB)
	369592  -  ResidentSetSize of job (KB)
...
006 (3447418.010.000) 01/30 15:21:40 Image size of job updated: 393900
	361  -  MemoryUsage of job (MB)
	369616  -  ResidentSetSize of job (KB)
...
006 (3447418.010.000) 01/30 15:26:41 Image size of job updated: 393900
	362  -  MemoryUsage of job (MB)
	369732  -  ResidentSetSize of job (KB)
...
006 (3447418.010.000) 01/30 15:31:41 Image size of job updated: 393900
	362  -  MemoryUsage of job (MB)
	369872  -  ResidentSetSize of job (KB)
...
006 (3447418.010.000) 01/30 15:36:42 Image size of job updated: 393900
	362  -  MemoryUsage of job (MB)
	369992  -  ResidentSetSize of job (KB)
...
006 (3447418.010.000) 01/30 15:41:43 Image size of job updated: 393900
	362  -  MemoryUsage of job (MB)
	370044  -  ResidentSetSize of job (KB)
...
006 (3447418.010.000) 01/30 15:46:43 Image size of job updated: 393900
	362  -  MemoryUsage of job (MB)
	370180  -  ResidentSetSize of job (KB)
...
006 (3447418.010.000) 01/30 15:51:44 Image size of job updated: 393900
	362  -  MemoryUsage of job (MB)
	370232  -  ResidentSetSize of job (KB)
...
006 (3447418.010.000) 01/30 15:56:45 Image size of job updated: 393900
	362  -  MemoryUsage of job (MB)
	370312  -  ResidentSetSize of job (KB)
...
006 (3447418.010.000) 01/30 16:01:45 Image size of job updated: 393900
	362  -  MemoryUsage of job (MB)
	370348  -  ResidentSetSize of job (KB)
...
006 (3447418.010.000) 01/30 16:06:45 Image size of job updated: 393900
	363  -  MemoryUsage of job (MB)
	370852  -  ResidentSetSize of job (KB)
...
006 (3447418.010.000) 01/30 16:11:46 Image size of job updated: 393900
	363  -  MemoryUsage of job (MB)
	371452  -  ResidentSetSize of job (KB)
...
006 (3447418.010.000) 01/30 16:16:46 Image size of job updated: 393900
	364  -  MemoryUsage of job (MB)
	372728  -  ResidentSetSize of job (KB)
...
006 (3447418.010.000) 01/30 16:21:46 Image size of job updated: 393900
	365  -  MemoryUsage of job (MB)
	372808  -  ResidentSetSize of job (KB)
...
006 (3447418.010.000) 01/30 16:26:47 Image size of job updated: 393900
	365  -  MemoryUsage of job (MB)
	372836  -  ResidentSetSize of job (KB)
...
006 (3447418.010.000) 01/30 16:31:47 Image size of job updated: 393900
	365  -  MemoryUsage of job (MB)
	372860  -  ResidentSetSize of job (KB)
...
006 (3447418.010.000) 01/30 16:36:47 Image size of job updated: 393900
	365  -  MemoryUsage of job (MB)
	372872  -  ResidentSetSize of job (KB)
...
006 (3447418.010.000) 01/30 16:41:48 Image size of job updated: 393900
	365  -  MemoryUsage of job (MB)
	372900  -  ResidentSetSize of job (KB)
...
006 (3447418.010.000) 01/30 16:46:48 Image size of job updated: 393900
	365  -  MemoryUsage of job (MB)
	372924  -  ResidentSetSize of job (KB)
...
006 (3447418.010.000) 01/30 16:51:48 Image size of job updated: 393900
	365  -  MemoryUsage of job (MB)
	372996  -  ResidentSetSize of job (KB)
...
006 (3447418.010.000) 01/30 16:56:49 Image size of job updated: 393900
	365  -  MemoryUsage of job (MB)
	373028  -  ResidentSetSize of job (KB)
...
006 (3447418.010.000) 01/30 17:01:50 Image size of job updated: 393900
	365  -  MemoryUsage of job (MB)
	373048  -  ResidentSetSize of job (KB)
...
006 (3447418.010.000) 01/30 17:06:50 Image size of job updated: 393900
	365  -  MemoryUsage of job (MB)
	373092  -  ResidentSetSize of job (KB)
...
006 (3447418.010.000) 01/30 17:11:51 Image size of job updated: 393900
	365  -  MemoryUsage of job (MB)
	373120  -  ResidentSetSize of job (KB)
...
006 (3447418.010.000) 01/30 17:16:52 Image size of job updated: 393900
	365  -  MemoryUsage of job (MB)
	373128  -  ResidentSetSize of job (KB)
...
006 (3447418.010.000) 01/30 17:21:52 Image size of job updated: 393900
	365  -  MemoryUsage of job (MB)
	373204  -  ResidentSetSize of job (KB)
...
006 (3447418.010.000) 01/30 17:26:53 Image size of job updated: 393900
	365  -  MemoryUsage of job (MB)
	373240  -  ResidentSetSize of job (KB)
...
006 (3447418.010.000) 01/30 17:31:54 Image size of job updated: 393900
	365  -  MemoryUsage of job (MB)
	373272  -  ResidentSetSize of job (KB)
...
006 (3447418.010.000) 01/30 17:36:54 Image size of job updated: 393900
	365  -  MemoryUsage of job (MB)
	373292  -  ResidentSetSize of job (KB)
...
006 (3447418.010.000) 01/30 17:41:54 Image size of job updated: 393900
	365  -  MemoryUsage of job (MB)
	373320  -  ResidentSetSize of job (KB)
...
006 (3447418.010.000) 01/30 17:46:55 Image size of job updated: 393900
	365  -  MemoryUsage of job (MB)
	373396  -  ResidentSetSize of job (KB)
...
006 (3447418.010.000) 01/30 17:51:55 Image size of job updated: 393900
	365  -  MemoryUsage of job (MB)
	373440  -  ResidentSetSize of job (KB)
...
006 (3447418.010.000) 01/30 17:56:55 Image size of job updated: 393900
	365  -  MemoryUsage of job (MB)
	373448  -  ResidentSetSize of job (KB)
...
006 (3447418.010.000) 01/30 18:01:56 Image size of job updated: 393900
	365  -  MemoryUsage of job (MB)
	373476  -  ResidentSetSize of job (KB)
...
006 (3447418.010.000) 01/30 18:06:56 Image size of job updated: 393900
	365  -  MemoryUsage of job (MB)
	373520  -  ResidentSetSize of job (KB)
...
006 (3447418.010.000) 01/30 18:11:56 Image size of job updated: 393900
	365  -  MemoryUsage of job (MB)
	373536  -  ResidentSetSize of job (KB)
...
006 (3447418.010.000) 01/30 18:16:57 Image size of job updated: 393900
	365  -  MemoryUsage of job (MB)
	373552  -  ResidentSetSize of job (KB)
...
006 (3447418.010.000) 01/30 18:21:57 Image size of job updated: 393900
	365  -  MemoryUsage of job (MB)
	373596  -  ResidentSetSize of job (KB)
...
006 (3447418.010.000) 01/30 18:26:57 Image size of job updated: 393900
	365  -  MemoryUsage of job (MB)
	373640  -  ResidentSetSize of job (KB)
...
006 (3447418.010.000) 01/30 18:36:59 Image size of job updated: 393900
	365  -  MemoryUsage of job (MB)
	373684  -  ResidentSetSize of job (KB)
...
006 (3447418.010.000) 01/30 18:41:59 Image size of job updated: 393900
	365  -  MemoryUsage of job (MB)
	373700  -  ResidentSetSize of job (KB)
...
006 (3447418.010.000) 01/30 18:47:01 Image size of job updated: 393900
	365  -  MemoryUsage of job (MB)
	373748  -  ResidentSetSize of job (KB)
...
006 (3447418.010.000) 01/30 18:52:01 Image size of job updated: 393900
	365  -  MemoryUsage of job (MB)
	373752  -  ResidentSetSize of job (KB)
...
006 (3447418.010.000) 01/30 18:57:01 Image size of job updated: 393900
	366  -  MemoryUsage of job (MB)
	373784  -  ResidentSetSize of job (KB)
...
006 (3447418.010.000) 01/30 19:02:02 Image size of job updated: 393900
	366  -  MemoryUsage of job (MB)
	373792  -  ResidentSetSize of job (KB)
...
006 (3447418.010.000) 01/30 19:07:03 Image size of job updated: 393900
	366  -  MemoryUsage of job (MB)
	373812  -  ResidentSetSize of job (KB)
...
006 (3447418.010.000) 01/30 19:12:03 Image size of job updated: 393900
	366  -  MemoryUsage of job (MB)
	373848  -  ResidentSetSize of job (KB)
...
006 (3447418.010.000) 01/30 19:17:04 Image size of job updated: 393900
	366  -  MemoryUsage of job (MB)
	373912  -  ResidentSetSize of job (KB)
...
006 (3447418.010.000) 01/30 19:27:05 Image size of job updated: 393900
	366  -  MemoryUsage of job (MB)
	373924  -  ResidentSetSize of job (KB)
...
006 (3447418.010.000) 01/30 19:32:06 Image size of job updated: 393900
	366  -  MemoryUsage of job (MB)
	373972  -  ResidentSetSize of job (KB)
...
006 (3447418.010.000) 01/30 19:37:07 Image size of job updated: 393900
	366  -  MemoryUsage of job (MB)
	373996  -  ResidentSetSize of job (KB)
...
006 (3447418.010.000) 01/30 19:42:07 Image size of job updated: 393900
	366  -  MemoryUsage of job (MB)
	374016  -  ResidentSetSize of job (KB)
...
006 (3447418.010.000) 01/30 19:52:09 Image size of job updated: 393900
	366  -  MemoryUsage of job (MB)
	374040  -  ResidentSetSize of job (KB)
...
006 (3447418.010.000) 01/30 19:57:09 Image size of job updated: 393900
	366  -  MemoryUsage of job (MB)
	374076  -  ResidentSetSize of job (KB)
...
006 (3447418.010.000) 01/30 20:02:10 Image size of job updated: 393900
	366  -  MemoryUsage of job (MB)
	374100  -  ResidentSetSize of job (KB)
...
006 (3447418.010.000) 01/30 20:07:11 Image size of job updated: 393900
	366  -  MemoryUsage of job (MB)
	374116  -  ResidentSetSize of job (KB)
...
006 (3447418.010.000) 01/30 20:12:11 Image size of job updated: 393900
	366  -  MemoryUsage of job (MB)
	374140  -  ResidentSetSize of job (KB)
...
006 (3447418.010.000) 01/30 20:17:12 Image size of job updated: 393900
	366  -  MemoryUsage of job (MB)
	374156  -  ResidentSetSize of job (KB)
...
006 (3447418.010.000) 01/30 20:22:13 Image size of job updated: 393900
	366  -  MemoryUsage of job (MB)
	374192  -  ResidentSetSize of job (KB)
...
006 (3447418.010.000) 01/30 20:27:13 Image size of job updated: 393900
	366  -  MemoryUsage of job (MB)
	374232  -  ResidentSetSize of job (KB)
...
006 (3447418.010.000) 01/30 20:32:14 Image size of job updated: 393900
	366  -  MemoryUsage of job (MB)
	374268  -  ResidentSetSize of job (KB)
...
006 (3447418.010.000) 01/30 20:37:15 Image size of job updated: 393900
	366  -  MemoryUsage of job (MB)
	374288  -  ResidentSetSize of job (KB)
...
006 (3447418.010.000) 01/30 20:42:15 Image size of job updated: 393900
	366  -  MemoryUsage of job (MB)
	374304  -  ResidentSetSize of job (KB)
...
006 (3447418.010.000) 01/30 20:47:15 Image size of job updated: 393900
	366  -  MemoryUsage of job (MB)
	374332  -  ResidentSetSize of job (KB)
...
006 (3447418.010.000) 01/30 20:52:16 Image size of job updated: 393900
	366  -  MemoryUsage of job (MB)
	374352  -  ResidentSetSize of job (KB)
...
006 (3447418.010.000) 01/30 20:57:16 Image size of job updated: 393900
	366  -  MemoryUsage of job (MB)
	374384  -  ResidentSetSize of job (KB)
...
006 (3447418.010.000) 01/30 21:02:17 Image size of job updated: 393900
	366  -  MemoryUsage of job (MB)
	374412  -  ResidentSetSize of job (KB)
...
006 (3447418.010.000) 01/30 21:07:18 Image size of job updated: 393900
	366  -  MemoryUsage of job (MB)
	374464  -  ResidentSetSize of job (KB)
...
006 (3447418.010.000) 01/30 21:12:18 Image size of job updated: 393900
	366  -  MemoryUsage of job (MB)
	374492  -  ResidentSetSize of job (KB)
...
006 (3447418.010.000) 01/30 21:17:19 Image size of job updated: 393900
	366  -  MemoryUsage of job (MB)
	374560  -  ResidentSetSize of job (KB)
...
006 (3447418.010.000) 01/30 21:27:20 Image size of job updated: 393900
	366  -  MemoryUsage of job (MB)
	374640  -  ResidentSetSize of job (KB)
...
006 (3447418.010.000) 01/30 21:32:21 Image size of job updated: 393900
	366  -  MemoryUsage of job (MB)
	374684  -  ResidentSetSize of job (KB)
...
006 (3447418.010.000) 01/30 21:37:22 Image size of job updated: 393900
	366  -  MemoryUsage of job (MB)
	374720  -  ResidentSetSize of job (KB)
...
006 (3447418.010.000) 01/30 21:42:22 Image size of job updated: 393900
	366  -  MemoryUsage of job (MB)
	374732  -  ResidentSetSize of job (KB)
...
006 (3447418.010.000) 01/30 21:47:23 Image size of job updated: 393900
	366  -  MemoryUsage of job (MB)
	374760  -  ResidentSetSize of job (KB)
...
006 (3447418.010.000) 01/30 21:52:24 Image size of job updated: 393900
	367  -  MemoryUsage of job (MB)
	374812  -  ResidentSetSize of job (KB)
...
006 (3447418.010.000) 01/30 21:57:24 Image size of job updated: 393900
	367  -  MemoryUsage of job (MB)
	374836  -  ResidentSetSize of job (KB)
...
006 (3447418.010.000) 01/30 22:02:24 Image size of job updated: 393900
	367  -  MemoryUsage of job (MB)
	374876  -  ResidentSetSize of job (KB)
...
006 (3447418.010.000) 01/30 22:12:25 Image size of job updated: 393900
	367  -  MemoryUsage of job (MB)
	374932  -  ResidentSetSize of job (KB)
...
006 (3447418.010.000) 01/30 22:17:25 Image size of job updated: 393900
	367  -  MemoryUsage of job (MB)
	374960  -  ResidentSetSize of job (KB)
...
006 (3447418.010.000) 01/30 22:22:26 Image size of job updated: 393900
	367  -  MemoryUsage of job (MB)
	374968  -  ResidentSetSize of job (KB)
...
006 (3447418.010.000) 01/30 22:27:27 Image size of job updated: 393900
	367  -  MemoryUsage of job (MB)
	375044  -  ResidentSetSize of job (KB)
...
006 (3447418.010.000) 01/30 22:32:27 Image size of job updated: 393900
	367  -  MemoryUsage of job (MB)
	375064  -  ResidentSetSize of job (KB)
...
006 (3447418.010.000) 01/30 22:37:28 Image size of job updated: 393900
	367  -  MemoryUsage of job (MB)
	375108  -  ResidentSetSize of job (KB)
...
006 (3447418.010.000) 01/30 22:42:29 Image size of job updated: 393900
	367  -  MemoryUsage of job (MB)
	375132  -  ResidentSetSize of job (KB)
...
006 (3447418.010.000) 01/30 22:47:29 Image size of job updated: 393900
	367  -  MemoryUsage of job (MB)
	375172  -  ResidentSetSize of job (KB)
...
006 (3447418.010.000) 01/30 22:57:30 Image size of job updated: 393900
	367  -  MemoryUsage of job (MB)
	375196  -  ResidentSetSize of job (KB)
...
006 (3447418.010.000) 01/30 23:02:30 Image size of job updated: 393900
	367  -  MemoryUsage of job (MB)
	375216  -  ResidentSetSize of job (KB)
...
006 (3447418.010.000) 01/30 23:07:30 Image size of job updated: 393900
	367  -  MemoryUsage of job (MB)
	375300  -  ResidentSetSize of job (KB)
...
006 (3447418.010.000) 01/30 23:12:31 Image size of job updated: 393900
	367  -  MemoryUsage of job (MB)
	375304  -  ResidentSetSize of job (KB)
...
006 (3447418.010.000) 01/30 23:17:32 Image size of job updated: 393900
	367  -  MemoryUsage of job (MB)
	375352  -  ResidentSetSize of job (KB)
...
006 (3447418.010.000) 01/30 23:22:32 Image size of job updated: 393900
	367  -  MemoryUsage of job (MB)
	375376  -  ResidentSetSize of job (KB)
...
006 (3447418.010.000) 01/30 23:27:33 Image size of job updated: 393900
	367  -  MemoryUsage of job (MB)
	375416  -  ResidentSetSize of job (KB)
...
006 (3447418.010.000) 01/30 23:37:34 Image size of job updated: 393900
	367  -  MemoryUsage of job (MB)
	375456  -  ResidentSetSize of job (KB)
...
006 (3447418.010.000) 01/30 23:42:34 Image size of job updated: 393900
	367  -  MemoryUsage of job (MB)
	375532  -  ResidentSetSize of job (KB)
...
006 (3447418.010.000) 01/30 23:47:35 Image size of job updated: 393900
	367  -  MemoryUsage of job (MB)
	375548  -  ResidentSetSize of job (KB)
...
006 (3447418.010.000) 01/30 23:57:35 Image size of job updated: 393900
	367  -  MemoryUsage of job (MB)
	375556  -  ResidentSetSize of job (KB)
...
006 (3447418.010.000) 01/31 00:02:36 Image size of job updated: 393900
	367  -  MemoryUsage of job (MB)
	375604  -  ResidentSetSize of job (KB)
...
006 (3447418.010.000) 01/31 00:07:37 Image size of job updated: 393900
	367  -  MemoryUsage of job (MB)
	375700  -  ResidentSetSize of job (KB)
...
006 (3447418.010.000) 01/31 00:12:37 Image size of job updated: 393900
	367  -  MemoryUsage of job (MB)
	375724  -  ResidentSetSize of job (KB)
...
006 (3447418.010.000) 01/31 00:17:38 Image size of job updated: 393900
	367  -  MemoryUsage of job (MB)
	375784  -  ResidentSetSize of job (KB)
...
006 (3447418.010.000) 01/31 00:22:39 Image size of job updated: 393900
	368  -  MemoryUsage of job (MB)
	375824  -  ResidentSetSize of job (KB)
...
006 (3447418.010.000) 01/31 00:27:39 Image size of job updated: 393900
	368  -  MemoryUsage of job (MB)
	375852  -  ResidentSetSize of job (KB)
...
006 (3447418.010.000) 01/31 00:37:41 Image size of job updated: 393900
	368  -  MemoryUsage of job (MB)
	375868  -  ResidentSetSize of job (KB)
...
006 (3447418.010.000) 01/31 00:42:41 Image size of job updated: 393900
	368  -  MemoryUsage of job (MB)
	375872  -  ResidentSetSize of job (KB)
...
006 (3447418.010.000) 01/31 00:47:41 Image size of job updated: 393900
	368  -  MemoryUsage of job (MB)
	375916  -  ResidentSetSize of job (KB)
...
006 (3447418.010.000) 01/31 00:52:42 Image size of job updated: 393900
	368  -  MemoryUsage of job (MB)
	375932  -  ResidentSetSize of job (KB)
...
006 (3447418.010.000) 01/31 00:57:42 Image size of job updated: 393900
	368  -  MemoryUsage of job (MB)
	375960  -  ResidentSetSize of job (KB)
...
006 (3447418.010.000) 01/31 01:02:42 Image size of job updated: 393900
	368  -  MemoryUsage of job (MB)
	376040  -  ResidentSetSize of job (KB)
...
006 (3447418.010.000) 01/31 01:07:43 Image size of job updated: 393900
	368  -  MemoryUsage of job (MB)
	376112  -  ResidentSetSize of job (KB)
...
006 (3447418.010.000) 01/31 01:12:44 Image size of job updated: 393900
	368  -  MemoryUsage of job (MB)
	376128  -  ResidentSetSize of job (KB)
...
006 (3447418.010.000) 01/31 01:17:44 Image size of job updated: 393900
	368  -  MemoryUsage of job (MB)
	376160  -  ResidentSetSize of job (KB)
...
006 (3447418.010.000) 01/31 01:22:45 Image size of job updated: 393900
	368  -  MemoryUsage of job (MB)
	376188  -  ResidentSetSize of job (KB)
...
006 (3447418.010.000) 01/31 01:27:45 Image size of job updated: 393900
	368  -  MemoryUsage of job (MB)
	376228  -  ResidentSetSize of job (KB)
...
006 (3447418.010.000) 01/31 01:32:45 Image size of job updated: 393900
	368  -  MemoryUsage of job (MB)
	376236  -  ResidentSetSize of job (KB)
...
006 (3447418.010.000) 01/31 01:37:46 Image size of job updated: 393900
	368  -  MemoryUsage of job (MB)
	376276  -  ResidentSetSize of job (KB)
...
006 (3447418.010.000) 01/31 01:42:47 Image size of job updated: 393900
	368  -  MemoryUsage of job (MB)
	376288  -  ResidentSetSize of job (KB)
...
006 (3447418.010.000) 01/31 01:47:47 Image size of job updated: 393900
	368  -  MemoryUsage of job (MB)
	376308  -  ResidentSetSize of job (KB)
...
006 (3447418.010.000) 01/31 01:52:47 Image size of job updated: 393900
	368  -  MemoryUsage of job (MB)
	376332  -  ResidentSetSize of job (KB)
...
006 (3447418.010.000) 01/31 02:02:49 Image size of job updated: 393900
	368  -  MemoryUsage of job (MB)
	376424  -  ResidentSetSize of job (KB)
...
006 (3447418.010.000) 01/31 02:07:49 Image size of job updated: 393900
	368  -  MemoryUsage of job (MB)
	376460  -  ResidentSetSize of job (KB)
...
006 (3447418.010.000) 01/31 02:12:50 Image size of job updated: 393900
	368  -  MemoryUsage of job (MB)
	376508  -  ResidentSetSize of job (KB)
...
006 (3447418.010.000) 01/31 02:17:51 Image size of job updated: 393900
	368  -  MemoryUsage of job (MB)
	376512  -  ResidentSetSize of job (KB)
...
006 (3447418.010.000) 01/31 02:22:51 Image size of job updated: 393900
	368  -  MemoryUsage of job (MB)
	376580  -  ResidentSetSize of job (KB)
...
006 (3447418.010.000) 01/31 02:27:51 Image size of job updated: 393900
	368  -  MemoryUsage of job (MB)
	376616  -  ResidentSetSize of job (KB)
...
006 (3447418.010.000) 01/31 02:32:52 Image size of job updated: 393900
	368  -  MemoryUsage of job (MB)
	376640  -  ResidentSetSize of job (KB)
...
006 (3447418.010.000) 01/31 02:37:53 Image size of job updated: 393900
	368  -  MemoryUsage of job (MB)
	376668  -  ResidentSetSize of job (KB)
...
006 (3447418.010.000) 01/31 02:42:53 Image size of job updated: 393900
	368  -  MemoryUsage of job (MB)
	376684  -  ResidentSetSize of job (KB)
...
006 (3447418.010.000) 01/31 02:47:54 Image size of job updated: 393900
	368  -  MemoryUsage of job (MB)
	376732  -  ResidentSetSize of job (KB)
...
006 (3447418.010.000) 01/31 02:52:55 Image size of job updated: 393900
	368  -  MemoryUsage of job (MB)
	376768  -  ResidentSetSize of job (KB)
...
006 (3447418.010.000) 01/31 02:57:55 Image size of job updated: 393900
	368  -  MemoryUsage of job (MB)
	376820  -  ResidentSetSize of job (KB)
...
006 (3447418.010.000) 01/31 03:02:55 Image size of job updated: 393900
	369  -  MemoryUsage of job (MB)
	376840  -  ResidentSetSize of job (KB)
...
006 (3447418.010.000) 01/31 03:07:56 Image size of job updated: 393900
	369  -  MemoryUsage of job (MB)
	376888  -  ResidentSetSize of job (KB)
...
006 (3447418.010.000) 01/31 03:12:56 Image size of job updated: 393900
	369  -  MemoryUsage of job (MB)
	376924  -  ResidentSetSize of job (KB)
...
006 (3447418.010.000) 01/31 03:17:56 Image size of job updated: 393900
	369  -  MemoryUsage of job (MB)
	376932  -  ResidentSetSize of job (KB)
...
006 (3447418.010.000) 01/31 03:22:57 Image size of job updated: 393900
	369  -  MemoryUsage of job (MB)
	376960  -  ResidentSetSize of job (KB)
...
006 (3447418.010.000) 01/31 03:27:58 Image size of job updated: 393900
	369  -  MemoryUsage of job (MB)
	376980  -  ResidentSetSize of job (KB)
...
006 (3447418.010.000) 01/31 03:32:58 Image size of job updated: 393900
	369  -  MemoryUsage of job (MB)
	377060  -  ResidentSetSize of job (KB)
...
006 (3447418.010.000) 01/31 03:37:59 Image size of job updated: 393900
	369  -  MemoryUsage of job (MB)
	377068  -  ResidentSetSize of job (KB)
...
006 (3447418.010.000) 01/31 03:43:00 Image size of job updated: 393900
	369  -  MemoryUsage of job (MB)
	377104  -  ResidentSetSize of job (KB)
...
006 (3447418.010.000) 01/31 03:48:00 Image size of job updated: 393900
	369  -  MemoryUsage of job (MB)
	377124  -  ResidentSetSize of job (KB)
...
006 (3447418.010.000) 01/31 03:53:01 Image size of job updated: 393900
	369  -  MemoryUsage of job (MB)
	377152  -  ResidentSetSize of job (KB)
...
006 (3447418.010.000) 01/31 03:58:02 Image size of job updated: 393900
	369  -  MemoryUsage of job (MB)
	377164  -  ResidentSetSize of job (KB)
...
006 (3447418.010.000) 01/31 04:03:02 Image size of job updated: 393900
	369  -  MemoryUsage of job (MB)
	377304  -  ResidentSetSize of job (KB)
...
006 (3447418.010.000) 01/31 04:08:02 Image size of job updated: 393900
	369  -  MemoryUsage of job (MB)
	377536  -  ResidentSetSize of job (KB)
...
006 (3447418.010.000) 01/31 04:13:03 Image size of job updated: 393900
	369  -  MemoryUsage of job (MB)
	377592  -  ResidentSetSize of job (KB)
...
006 (3447418.010.000) 01/31 04:58:07 Image size of job updated: 393900
	369  -  MemoryUsage of job (MB)
	377620  -  ResidentSetSize of job (KB)
...
006 (3447418.010.000) 01/31 05:23:10 Image size of job updated: 393900
	369  -  MemoryUsage of job (MB)
	377628  -  ResidentSetSize of job (KB)
...
006 (3447418.010.000) 01/31 05:28:10 Image size of job updated: 393900
	369  -  MemoryUsage of job (MB)
	377636  -  ResidentSetSize of job (KB)
...
006 (3447418.010.000) 01/31 05:33:11 Image size of job updated: 393900
	369  -  MemoryUsage of job (MB)
	377656  -  ResidentSetSize of job (KB)
...
006 (3447418.010.000) 01/31 05:38:11 Image size of job updated: 393900
	369  -  MemoryUsage of job (MB)
	377664  -  ResidentSetSize of job (KB)
...
006 (3447418.010.000) 01/31 05:43:11 Image size of job updated: 393900
	369  -  MemoryUsage of job (MB)
	377680  -  ResidentSetSize of job (KB)
...
006 (3447418.010.000) 01/31 05:48:12 Image size of job updated: 393900
	369  -  MemoryUsage of job (MB)
	377708  -  ResidentSetSize of job (KB)
...
006 (3447418.010.000) 01/31 05:53:12 Image size of job updated: 393900
	369  -  MemoryUsage of job (MB)
	377724  -  ResidentSetSize of job (KB)
...
006 (3447418.010.000) 01/31 06:03:13 Image size of job updated: 393900
	369  -  MemoryUsage of job (MB)
	377736  -  ResidentSetSize of job (KB)
...
006 (3447418.010.000) 01/31 06:08:14 Image size of job updated: 393900
	369  -  MemoryUsage of job (MB)
	377792  -  ResidentSetSize of job (KB)
...
006 (3447418.010.000) 01/31 06:13:14 Image size of job updated: 393900
	369  -  MemoryUsage of job (MB)
	377820  -  ResidentSetSize of job (KB)
...
006 (3447418.010.000) 01/31 06:28:16 Image size of job updated: 393900
	369  -  MemoryUsage of job (MB)
	377836  -  ResidentSetSize of job (KB)
...
006 (3447418.010.000) 01/31 06:33:16 Image size of job updated: 393900
	369  -  MemoryUsage of job (MB)
	377856  -  ResidentSetSize of job (KB)
...
006 (3447418.010.000) 01/31 06:38:17 Image size of job updated: 393900
	370  -  MemoryUsage of job (MB)
	377872  -  ResidentSetSize of job (KB)
...
006 (3447418.010.000) 01/31 06:43:17 Image size of job updated: 393900
	370  -  MemoryUsage of job (MB)
	377916  -  ResidentSetSize of job (KB)
...
006 (3447418.010.000) 01/31 06:48:17 Image size of job updated: 393900
	370  -  MemoryUsage of job (MB)
	377920  -  ResidentSetSize of job (KB)
...
006 (3447418.010.000) 01/31 06:53:18 Image size of job updated: 393900
	370  -  MemoryUsage of job (MB)
	377940  -  ResidentSetSize of job (KB)
...
006 (3447418.010.000) 01/31 07:03:19 Image size of job updated: 393900
	370  -  MemoryUsage of job (MB)
	377952  -  ResidentSetSize of job (KB)
...
006 (3447418.010.000) 01/31 07:08:20 Image size of job updated: 393900
	370  -  MemoryUsage of job (MB)
	377968  -  ResidentSetSize of job (KB)
...
006 (3447418.010.000) 01/31 07:18:21 Image size of job updated: 393900
	370  -  MemoryUsage of job (MB)
	378008  -  ResidentSetSize of job (KB)
...
006 (3447418.010.000) 01/31 07:28:23 Image size of job updated: 393900
	370  -  MemoryUsage of job (MB)
	378044  -  ResidentSetSize of job (KB)
...
006 (3447418.010.000) 01/31 07:38:23 Image size of job updated: 393900
	370  -  MemoryUsage of job (MB)
	378064  -  ResidentSetSize of job (KB)
...
006 (3447418.010.000) 01/31 07:43:24 Image size of job updated: 393900
	370  -  MemoryUsage of job (MB)
	378076  -  ResidentSetSize of job (KB)
...
006 (3447418.010.000) 01/31 07:53:24 Image size of job updated: 393900
	370  -  MemoryUsage of job (MB)
	378128  -  ResidentSetSize of job (KB)
...
006 (3447418.010.000) 01/31 08:03:25 Image size of job updated: 393900
	370  -  MemoryUsage of job (MB)
	378136  -  ResidentSetSize of job (KB)
...
006 (3447418.010.000) 01/31 08:13:26 Image size of job updated: 393900
	370  -  MemoryUsage of job (MB)
	378148  -  ResidentSetSize of job (KB)
...
006 (3447418.010.000) 01/31 08:33:27 Image size of job updated: 393900
	370  -  MemoryUsage of job (MB)
	378156  -  ResidentSetSize of job (KB)
...
006 (3447418.010.000) 01/31 08:43:28 Image size of job updated: 393900
	370  -  MemoryUsage of job (MB)
	378164  -  ResidentSetSize of job (KB)
...
006 (3447418.010.000) 01/31 08:53:29 Image size of job updated: 393900
	370  -  MemoryUsage of job (MB)
	378172  -  ResidentSetSize of job (KB)
...
006 (3447418.010.000) 01/31 09:08:31 Image size of job updated: 393900
	370  -  MemoryUsage of job (MB)
	378220  -  ResidentSetSize of job (KB)
...
006 (3447418.010.000) 01/31 09:18:31 Image size of job updated: 393900
	370  -  MemoryUsage of job (MB)
	378264  -  ResidentSetSize of job (KB)
...
006 (3447418.010.000) 01/31 09:23:32 Image size of job updated: 393900
	370  -  MemoryUsage of job (MB)
	378280  -  ResidentSetSize of job (KB)
...
006 (3447418.010.000) 01/31 09:48:35 Image size of job updated: 393900
	370  -  MemoryUsage of job (MB)
	378308  -  ResidentSetSize of job (KB)
...
006 (3447418.010.000) 01/31 09:53:36 Image size of job updated: 393900
	370  -  MemoryUsage of job (MB)
	378320  -  ResidentSetSize of job (KB)
...
006 (3447418.010.000) 01/31 10:03:37 Image size of job updated: 393900
	370  -  MemoryUsage of job (MB)
	378360  -  ResidentSetSize of job (KB)
...
006 (3447418.010.000) 01/31 10:18:39 Image size of job updated: 393900
	370  -  MemoryUsage of job (MB)
	378376  -  ResidentSetSize of job (KB)
...
006 (3447418.010.000) 01/31 10:33:41 Image size of job updated: 393900
	370  -  MemoryUsage of job (MB)
	378392  -  ResidentSetSize of job (KB)
...
006 (3447418.010.000) 01/31 10:38:42 Image size of job updated: 393900
	370  -  MemoryUsage of job (MB)
	378412  -  ResidentSetSize of job (KB)
...
006 (3447418.010.000) 01/31 10:48:43 Image size of job updated: 393900
	370  -  MemoryUsage of job (MB)
	378480  -  ResidentSetSize of job (KB)
...
006 (3447418.010.000) 01/31 11:18:46 Image size of job updated: 393900
	370  -  MemoryUsage of job (MB)
	378544  -  ResidentSetSize of job (KB)
...
006 (3447418.010.000) 01/31 11:48:49 Image size of job updated: 393900
	370  -  MemoryUsage of job (MB)
	378580  -  ResidentSetSize of job (KB)
...
006 (3447418.010.000) 01/31 11:58:49 Image size of job updated: 393900
	370  -  MemoryUsage of job (MB)
	378592  -  ResidentSetSize of job (KB)
...
006 (3447418.010.000) 01/31 12:08:51 Image size of job updated: 393900
	370  -  MemoryUsage of job (MB)
	378612  -  ResidentSetSize of job (KB)
...
006 (3447418.010.000) 01/31 12:13:51 Image size of job updated: 393900
	370  -  MemoryUsage of job (MB)
	378628  -  ResidentSetSize of job (KB)
...
006 (3447418.010.000) 01/31 12:28:53 Image size of job updated: 393900
	370  -  MemoryUsage of job (MB)
	378656  -  ResidentSetSize of job (KB)
...
006 (3447418.010.000) 01/31 12:38:55 Image size of job updated: 393900
	370  -  MemoryUsage of job (MB)
	378664  -  ResidentSetSize of job (KB)
...
006 (3447418.010.000) 01/31 12:48:55 Image size of job updated: 393900
	370  -  MemoryUsage of job (MB)
	378732  -  ResidentSetSize of job (KB)
...
006 (3447418.010.000) 01/31 12:53:56 Image size of job updated: 393900
	370  -  MemoryUsage of job (MB)
	378736  -  ResidentSetSize of job (KB)
...
006 (3447418.010.000) 01/31 13:03:56 Image size of job updated: 393900
	370  -  MemoryUsage of job (MB)
	378744  -  ResidentSetSize of job (KB)
...
006 (3447418.010.000) 01/31 13:08:58 Image size of job updated: 393900
	370  -  MemoryUsage of job (MB)
	378756  -  ResidentSetSize of job (KB)
...
006 (3447418.010.000) 01/31 13:13:58 Image size of job updated: 393900
	370  -  MemoryUsage of job (MB)
	378780  -  ResidentSetSize of job (KB)
...
006 (3447418.010.000) 01/31 13:34:00 Image size of job updated: 393900
	370  -  MemoryUsage of job (MB)
	378788  -  ResidentSetSize of job (KB)
...
006 (3447418.010.000) 01/31 13:39:01 Image size of job updated: 393900
	370  -  MemoryUsage of job (MB)
	378796  -  ResidentSetSize of job (KB)
...
006 (3447418.010.000) 01/31 13:44:02 Image size of job updated: 393900
	370  -  MemoryUsage of job (MB)
	378824  -  ResidentSetSize of job (KB)
...
006 (3447418.010.000) 01/31 13:49:02 Image size of job updated: 393900
	370  -  MemoryUsage of job (MB)
	378832  -  ResidentSetSize of job (KB)
...
006 (3447418.010.000) 01/31 13:54:02 Image size of job updated: 393900
	370  -  MemoryUsage of job (MB)
	378844  -  ResidentSetSize of job (KB)
...
006 (3447418.010.000) 01/31 13:59:03 Image size of job updated: 393900
	370  -  MemoryUsage of job (MB)
	378848  -  ResidentSetSize of job (KB)
...
006 (3447418.010.000) 01/31 14:04:03 Image size of job updated: 393900
	370  -  MemoryUsage of job (MB)
	378876  -  ResidentSetSize of job (KB)
...
006 (3447418.010.000) 01/31 14:09:03 Image size of job updated: 393900
	371  -  MemoryUsage of job (MB)
	378900  -  ResidentSetSize of job (KB)
...
006 (3447418.010.000) 01/31 14:14:05 Image size of job updated: 393900
	371  -  MemoryUsage of job (MB)
	378904  -  ResidentSetSize of job (KB)
...
006 (3447418.010.000) 01/31 14:24:05 Image size of job updated: 393900
	371  -  MemoryUsage of job (MB)
	378924  -  ResidentSetSize of job (KB)
...
006 (3447418.010.000) 01/31 14:29:06 Image size of job updated: 393900
	371  -  MemoryUsage of job (MB)
	378936  -  ResidentSetSize of job (KB)
...
006 (3447418.010.000) 01/31 14:34:07 Image size of job updated: 393900
	371  -  MemoryUsage of job (MB)
	378948  -  ResidentSetSize of job (KB)
...
006 (3447418.010.000) 01/31 14:39:07 Image size of job updated: 393900
	371  -  MemoryUsage of job (MB)
	378956  -  ResidentSetSize of job (KB)
...
006 (3447418.010.000) 01/31 14:44:08 Image size of job updated: 393900
	371  -  MemoryUsage of job (MB)
	378976  -  ResidentSetSize of job (KB)
...
006 (3447418.010.000) 01/31 14:54:09 Image size of job updated: 393900
	371  -  MemoryUsage of job (MB)
	379008  -  ResidentSetSize of job (KB)
...
006 (3447418.010.000) 01/31 15:04:10 Image size of job updated: 393900
	371  -  MemoryUsage of job (MB)
	379020  -  ResidentSetSize of job (KB)
...
006 (3447418.010.000) 01/31 15:14:10 Image size of job updated: 393900
	371  -  MemoryUsage of job (MB)
	379028  -  ResidentSetSize of job (KB)
...
006 (3447418.010.000) 01/31 15:19:12 Image size of job updated: 393900
	371  -  MemoryUsage of job (MB)
	379048  -  ResidentSetSize of job (KB)
...
006 (3447418.010.000) 01/31 15:24:12 Image size of job updated: 393900
	371  -  MemoryUsage of job (MB)
	379060  -  ResidentSetSize of job (KB)
...
006 (3447418.010.000) 01/31 15:29:12 Image size of job updated: 393900
	371  -  MemoryUsage of job (MB)
	379092  -  ResidentSetSize of job (KB)
...
006 (3447418.010.000) 01/31 15:34:14 Image size of job updated: 393900
	371  -  MemoryUsage of job (MB)
	379108  -  ResidentSetSize of job (KB)
...
006 (3447418.010.000) 01/31 15:39:14 Image size of job updated: 393900
	371  -  MemoryUsage of job (MB)
	379124  -  ResidentSetSize of job (KB)
...
006 (3447418.010.000) 01/31 15:44:14 Image size of job updated: 393900
	371  -  MemoryUsage of job (MB)
	379144  -  ResidentSetSize of job (KB)
...
006 (3447418.010.000) 01/31 15:49:15 Image size of job updated: 393900
	371  -  MemoryUsage of job (MB)
	379156  -  ResidentSetSize of job (KB)
...
006 (3447418.010.000) 01/31 16:49:23 Image size of job updated: 393900
	371  -  MemoryUsage of job (MB)
	379168  -  ResidentSetSize of job (KB)
...
006 (3447418.010.000) 01/31 17:04:25 Image size of job updated: 393900
	371  -  MemoryUsage of job (MB)
	379204  -  ResidentSetSize of job (KB)
...
006 (3447418.010.000) 01/31 17:09:25 Image size of job updated: 393900
	371  -  MemoryUsage of job (MB)
	379224  -  ResidentSetSize of job (KB)
...
006 (3447418.010.000) 01/31 17:14:25 Image size of job updated: 393900
	371  -  MemoryUsage of job (MB)
	379236  -  ResidentSetSize of job (KB)
...
006 (3447418.010.000) 01/31 17:19:26 Image size of job updated: 393900
	371  -  MemoryUsage of job (MB)
	379240  -  ResidentSetSize of job (KB)
...
006 (3447418.010.000) 01/31 17:24:26 Image size of job updated: 393900
	371  -  MemoryUsage of job (MB)
	379288  -  ResidentSetSize of job (KB)
...
006 (3447418.010.000) 01/31 17:30:55 Image size of job updated: 393900
	371  -  MemoryUsage of job (MB)
	379292  -  ResidentSetSize of job (KB)
...
040 (3447418.010.000) 02/01 07:54:14 Started transferring input files
	Transferring to host: <128.142.33.172:9618?addrs=128.142.33.172-9618+[2001-1458-301-117--100-2bd]-9618&noUDP&sock=13410_4eda_51508>
...
040 (3447418.010.000) 02/01 07:54:14 Finished transferring input files
...
001 (3447418.010.000) 02/01 07:54:15 Job executing on host: <128.142.33.172:9618?addrs=128.142.33.172-9618+[2001-1458-301-117--100-2bd]-9618&noUDP&sock=13203_bd01_3>
...
040 (3447418.010.000) 02/01 07:55:00 Started transferring output files
...
040 (3447418.010.000) 02/01 07:55:00 Finished transferring output files
...
005 (3447418.010.000) 02/01 07:55:00 Job terminated.
	(1) Normal termination (return value 0)
		Usr 0 00:00:06, Sys 0 00:00:04  -  Run Remote Usage
		Usr 0 00:00:00, Sys 0 00:00:00  -  Run Local Usage
		Usr 0 00:00:06, Sys 0 00:00:04  -  Total Remote Usage
		Usr 0 00:00:00, Sys 0 00:00:00  -  Total Local Usage
	9715  -  Run Bytes Sent By Job
	493  -  Run Bytes Received By Job
	9715  -  Total Bytes Sent By Job
	986  -  Total Bytes Received By Job
	Partitionable Resources :    Usage  Request Allocated 
	   Cpus                 :     0.99        1         1 
	   Disk (KB)            :    24          42   2165828 
	   Memory (MB)          :   391        2000      2000 
...
