000 (3447426.006.000) 01/30 01:49:35 Job submitted from host: <188.185.71.142:9618?addrs=188.185.71.142-9618+[2001-1458-d00-7--100-388]-9618&alias=bigbird09.cern.ch&noUDP&sock=schedd_2208_1533_7>
...
040 (3447426.006.000) 01/30 07:10:13 Started transferring input files
	Transferring to host: <188.184.197.85:9618?addrs=188.184.197.85-9618+[2001-1458-301-103--100-40]-9618&noUDP&sock=20408_0837_198069>
...
040 (3447426.006.000) 01/30 07:10:13 Finished transferring input files
...
001 (3447426.006.000) 01/30 07:10:14 Job executing on host: <188.184.197.85:9618?addrs=188.184.197.85-9618+[2001-1458-301-103--100-40]-9618&noUDP&sock=20277_e9f5_3>
...
006 (3447426.006.000) 01/30 07:10:23 Image size of job updated: 1540
	2  -  MemoryUsage of job (MB)
	1540  -  ResidentSetSize of job (KB)
...
006 (3447426.006.000) 01/30 07:15:24 Image size of job updated: 445044
	363  -  MemoryUsage of job (MB)
	370840  -  ResidentSetSize of job (KB)
...
006 (3447426.006.000) 01/30 07:20:24 Image size of job updated: 445048
	363  -  MemoryUsage of job (MB)
	370840  -  ResidentSetSize of job (KB)
...
006 (3447426.006.000) 01/30 07:25:25 Image size of job updated: 445060
	363  -  MemoryUsage of job (MB)
	370848  -  ResidentSetSize of job (KB)
...
006 (3447426.006.000) 01/30 09:30:38 Image size of job updated: 445060
	363  -  MemoryUsage of job (MB)
	370856  -  ResidentSetSize of job (KB)
...
006 (3447426.006.000) 01/30 09:35:38 Image size of job updated: 445060
	363  -  MemoryUsage of job (MB)
	370872  -  ResidentSetSize of job (KB)
...
006 (3447426.006.000) 01/30 16:52:02 Image size of job updated: 445060
	363  -  MemoryUsage of job (MB)
	370888  -  ResidentSetSize of job (KB)
...
006 (3447426.006.000) 01/30 16:57:02 Image size of job updated: 445060
	363  -  MemoryUsage of job (MB)
	370892  -  ResidentSetSize of job (KB)
...
006 (3447426.006.000) 01/30 17:07:04 Image size of job updated: 445060
	363  -  MemoryUsage of job (MB)
	370992  -  ResidentSetSize of job (KB)
...
006 (3447426.006.000) 01/30 17:12:04 Image size of job updated: 445060
	363  -  MemoryUsage of job (MB)
	370996  -  ResidentSetSize of job (KB)
...
006 (3447426.006.000) 01/30 17:17:04 Image size of job updated: 445060
	363  -  MemoryUsage of job (MB)
	371064  -  ResidentSetSize of job (KB)
...
006 (3447426.006.000) 01/30 17:22:05 Image size of job updated: 445060
	363  -  MemoryUsage of job (MB)
	371096  -  ResidentSetSize of job (KB)
...
006 (3447426.006.000) 01/30 17:27:05 Image size of job updated: 445060
	363  -  MemoryUsage of job (MB)
	371132  -  ResidentSetSize of job (KB)
...
006 (3447426.006.000) 01/30 17:32:05 Image size of job updated: 445060
	363  -  MemoryUsage of job (MB)
	371160  -  ResidentSetSize of job (KB)
...
006 (3447426.006.000) 01/30 17:37:06 Image size of job updated: 445060
	363  -  MemoryUsage of job (MB)
	371248  -  ResidentSetSize of job (KB)
...
006 (3447426.006.000) 01/30 17:42:06 Image size of job updated: 445060
	363  -  MemoryUsage of job (MB)
	371336  -  ResidentSetSize of job (KB)
...
006 (3447426.006.000) 01/30 17:47:06 Image size of job updated: 445060
	363  -  MemoryUsage of job (MB)
	371380  -  ResidentSetSize of job (KB)
...
006 (3447426.006.000) 01/30 17:52:08 Image size of job updated: 445060
	363  -  MemoryUsage of job (MB)
	371388  -  ResidentSetSize of job (KB)
...
006 (3447426.006.000) 01/30 17:57:08 Image size of job updated: 445060
	363  -  MemoryUsage of job (MB)
	371444  -  ResidentSetSize of job (KB)
...
006 (3447426.006.000) 01/30 18:12:10 Image size of job updated: 445060
	363  -  MemoryUsage of job (MB)
	371516  -  ResidentSetSize of job (KB)
...
006 (3447426.006.000) 01/30 18:22:11 Image size of job updated: 445060
	363  -  MemoryUsage of job (MB)
	371584  -  ResidentSetSize of job (KB)
...
006 (3447426.006.000) 01/30 18:27:12 Image size of job updated: 445060
	363  -  MemoryUsage of job (MB)
	371668  -  ResidentSetSize of job (KB)
...
006 (3447426.006.000) 01/30 18:32:12 Image size of job updated: 445060
	363  -  MemoryUsage of job (MB)
	371676  -  ResidentSetSize of job (KB)
...
006 (3447426.006.000) 01/30 18:42:14 Image size of job updated: 445060
	364  -  MemoryUsage of job (MB)
	371748  -  ResidentSetSize of job (KB)
...
006 (3447426.006.000) 01/30 18:47:14 Image size of job updated: 445060
	364  -  MemoryUsage of job (MB)
	371756  -  ResidentSetSize of job (KB)
...
006 (3447426.006.000) 01/30 18:52:14 Image size of job updated: 445060
	364  -  MemoryUsage of job (MB)
	371764  -  ResidentSetSize of job (KB)
...
006 (3447426.006.000) 01/30 18:57:15 Image size of job updated: 445060
	364  -  MemoryUsage of job (MB)
	371844  -  ResidentSetSize of job (KB)
...
006 (3447426.006.000) 01/30 19:02:15 Image size of job updated: 445060
	364  -  MemoryUsage of job (MB)
	371868  -  ResidentSetSize of job (KB)
...
006 (3447426.006.000) 01/30 19:12:16 Image size of job updated: 445060
	364  -  MemoryUsage of job (MB)
	371948  -  ResidentSetSize of job (KB)
...
006 (3447426.006.000) 01/30 19:17:16 Image size of job updated: 445060
	364  -  MemoryUsage of job (MB)
	371988  -  ResidentSetSize of job (KB)
...
006 (3447426.006.000) 01/30 19:22:16 Image size of job updated: 445060
	364  -  MemoryUsage of job (MB)
	372016  -  ResidentSetSize of job (KB)
...
006 (3447426.006.000) 01/30 19:32:17 Image size of job updated: 445060
	364  -  MemoryUsage of job (MB)
	372080  -  ResidentSetSize of job (KB)
...
006 (3447426.006.000) 01/30 19:37:17 Image size of job updated: 445060
	364  -  MemoryUsage of job (MB)
	372152  -  ResidentSetSize of job (KB)
...
006 (3447426.006.000) 01/30 19:47:18 Image size of job updated: 445060
	364  -  MemoryUsage of job (MB)
	372168  -  ResidentSetSize of job (KB)
...
006 (3447426.006.000) 01/30 19:52:18 Image size of job updated: 445060
	364  -  MemoryUsage of job (MB)
	372256  -  ResidentSetSize of job (KB)
...
006 (3447426.006.000) 01/30 19:57:19 Image size of job updated: 445060
	364  -  MemoryUsage of job (MB)
	372260  -  ResidentSetSize of job (KB)
...
006 (3447426.006.000) 01/30 20:02:19 Image size of job updated: 445060
	364  -  MemoryUsage of job (MB)
	372356  -  ResidentSetSize of job (KB)
...
006 (3447426.006.000) 01/30 20:07:19 Image size of job updated: 445060
	364  -  MemoryUsage of job (MB)
	372404  -  ResidentSetSize of job (KB)
...
006 (3447426.006.000) 01/30 20:12:20 Image size of job updated: 445060
	364  -  MemoryUsage of job (MB)
	372448  -  ResidentSetSize of job (KB)
...
006 (3447426.006.000) 01/30 20:17:20 Image size of job updated: 445060
	364  -  MemoryUsage of job (MB)
	372472  -  ResidentSetSize of job (KB)
...
006 (3447426.006.000) 01/30 20:22:20 Image size of job updated: 445060
	364  -  MemoryUsage of job (MB)
	372504  -  ResidentSetSize of job (KB)
...
006 (3447426.006.000) 01/30 20:27:21 Image size of job updated: 445060
	364  -  MemoryUsage of job (MB)
	372540  -  ResidentSetSize of job (KB)
...
006 (3447426.006.000) 01/30 20:32:21 Image size of job updated: 445060
	364  -  MemoryUsage of job (MB)
	372552  -  ResidentSetSize of job (KB)
...
006 (3447426.006.000) 01/30 20:37:21 Image size of job updated: 445060
	364  -  MemoryUsage of job (MB)
	372572  -  ResidentSetSize of job (KB)
...
006 (3447426.006.000) 01/30 20:42:22 Image size of job updated: 445060
	364  -  MemoryUsage of job (MB)
	372640  -  ResidentSetSize of job (KB)
...
006 (3447426.006.000) 01/30 20:47:23 Image size of job updated: 445060
	364  -  MemoryUsage of job (MB)
	372688  -  ResidentSetSize of job (KB)
...
006 (3447426.006.000) 01/30 20:52:23 Image size of job updated: 445060
	365  -  MemoryUsage of job (MB)
	372752  -  ResidentSetSize of job (KB)
...
006 (3447426.006.000) 01/30 21:02:24 Image size of job updated: 445060
	365  -  MemoryUsage of job (MB)
	372816  -  ResidentSetSize of job (KB)
...
006 (3447426.006.000) 01/30 21:07:24 Image size of job updated: 445060
	365  -  MemoryUsage of job (MB)
	372860  -  ResidentSetSize of job (KB)
...
006 (3447426.006.000) 01/30 21:17:26 Image size of job updated: 445060
	365  -  MemoryUsage of job (MB)
	372948  -  ResidentSetSize of job (KB)
...
006 (3447426.006.000) 01/30 21:22:26 Image size of job updated: 445060
	365  -  MemoryUsage of job (MB)
	372964  -  ResidentSetSize of job (KB)
...
006 (3447426.006.000) 01/30 21:27:26 Image size of job updated: 445060
	365  -  MemoryUsage of job (MB)
	373024  -  ResidentSetSize of job (KB)
...
006 (3447426.006.000) 01/30 21:32:27 Image size of job updated: 445060
	365  -  MemoryUsage of job (MB)
	373084  -  ResidentSetSize of job (KB)
...
006 (3447426.006.000) 01/30 21:42:29 Image size of job updated: 445060
	365  -  MemoryUsage of job (MB)
	373144  -  ResidentSetSize of job (KB)
...
006 (3447426.006.000) 01/30 21:47:29 Image size of job updated: 445060
	365  -  MemoryUsage of job (MB)
	373184  -  ResidentSetSize of job (KB)
...
006 (3447426.006.000) 01/30 21:52:29 Image size of job updated: 445060
	365  -  MemoryUsage of job (MB)
	373200  -  ResidentSetSize of job (KB)
...
006 (3447426.006.000) 01/30 21:57:30 Image size of job updated: 445060
	365  -  MemoryUsage of job (MB)
	373208  -  ResidentSetSize of job (KB)
...
006 (3447426.006.000) 01/30 22:02:31 Image size of job updated: 445060
	365  -  MemoryUsage of job (MB)
	373260  -  ResidentSetSize of job (KB)
...
006 (3447426.006.000) 01/30 22:07:31 Image size of job updated: 445060
	365  -  MemoryUsage of job (MB)
	373268  -  ResidentSetSize of job (KB)
...
006 (3447426.006.000) 01/30 22:12:32 Image size of job updated: 445060
	365  -  MemoryUsage of job (MB)
	373320  -  ResidentSetSize of job (KB)
...
006 (3447426.006.000) 01/30 22:17:33 Image size of job updated: 445060
	365  -  MemoryUsage of job (MB)
	373368  -  ResidentSetSize of job (KB)
...
006 (3447426.006.000) 01/30 22:22:33 Image size of job updated: 445060
	365  -  MemoryUsage of job (MB)
	373380  -  ResidentSetSize of job (KB)
...
006 (3447426.006.000) 01/30 22:27:34 Image size of job updated: 445060
	365  -  MemoryUsage of job (MB)
	373420  -  ResidentSetSize of job (KB)
...
006 (3447426.006.000) 01/30 22:32:35 Image size of job updated: 445060
	365  -  MemoryUsage of job (MB)
	373472  -  ResidentSetSize of job (KB)
...
006 (3447426.006.000) 01/30 22:37:35 Image size of job updated: 445060
	365  -  MemoryUsage of job (MB)
	373508  -  ResidentSetSize of job (KB)
...
006 (3447426.006.000) 01/30 22:42:36 Image size of job updated: 445060
	365  -  MemoryUsage of job (MB)
	373532  -  ResidentSetSize of job (KB)
...
006 (3447426.006.000) 01/30 22:47:37 Image size of job updated: 445060
	365  -  MemoryUsage of job (MB)
	373544  -  ResidentSetSize of job (KB)
...
006 (3447426.006.000) 01/30 22:52:37 Image size of job updated: 445060
	365  -  MemoryUsage of job (MB)
	373564  -  ResidentSetSize of job (KB)
...
006 (3447426.006.000) 01/30 22:57:37 Image size of job updated: 445060
	365  -  MemoryUsage of job (MB)
	373572  -  ResidentSetSize of job (KB)
...
006 (3447426.006.000) 01/30 23:02:38 Image size of job updated: 445060
	365  -  MemoryUsage of job (MB)
	373584  -  ResidentSetSize of job (KB)
...
006 (3447426.006.000) 01/30 23:07:38 Image size of job updated: 445060
	365  -  MemoryUsage of job (MB)
	373628  -  ResidentSetSize of job (KB)
...
006 (3447426.006.000) 01/30 23:12:38 Image size of job updated: 445060
	365  -  MemoryUsage of job (MB)
	373632  -  ResidentSetSize of job (KB)
...
006 (3447426.006.000) 01/30 23:17:39 Image size of job updated: 445060
	365  -  MemoryUsage of job (MB)
	373644  -  ResidentSetSize of job (KB)
...
006 (3447426.006.000) 01/30 23:22:39 Image size of job updated: 445060
	365  -  MemoryUsage of job (MB)
	373692  -  ResidentSetSize of job (KB)
...
006 (3447426.006.000) 01/30 23:27:39 Image size of job updated: 445060
	366  -  MemoryUsage of job (MB)
	373780  -  ResidentSetSize of job (KB)
...
006 (3447426.006.000) 01/30 23:32:41 Image size of job updated: 445060
	366  -  MemoryUsage of job (MB)
	373796  -  ResidentSetSize of job (KB)
...
006 (3447426.006.000) 01/30 23:37:41 Image size of job updated: 445060
	366  -  MemoryUsage of job (MB)
	373820  -  ResidentSetSize of job (KB)
...
006 (3447426.006.000) 01/30 23:42:41 Image size of job updated: 445060
	366  -  MemoryUsage of job (MB)
	373832  -  ResidentSetSize of job (KB)
...
006 (3447426.006.000) 01/30 23:47:42 Image size of job updated: 445060
	366  -  MemoryUsage of job (MB)
	373864  -  ResidentSetSize of job (KB)
...
006 (3447426.006.000) 01/30 23:52:43 Image size of job updated: 445060
	366  -  MemoryUsage of job (MB)
	374028  -  ResidentSetSize of job (KB)
...
006 (3447426.006.000) 01/30 23:57:43 Image size of job updated: 445060
	366  -  MemoryUsage of job (MB)
	374060  -  ResidentSetSize of job (KB)
...
006 (3447426.006.000) 01/31 00:02:44 Image size of job updated: 445060
	366  -  MemoryUsage of job (MB)
	374084  -  ResidentSetSize of job (KB)
...
006 (3447426.006.000) 01/31 00:07:45 Image size of job updated: 445060
	366  -  MemoryUsage of job (MB)
	374120  -  ResidentSetSize of job (KB)
...
006 (3447426.006.000) 01/31 00:17:46 Image size of job updated: 445060
	366  -  MemoryUsage of job (MB)
	374232  -  ResidentSetSize of job (KB)
...
006 (3447426.006.000) 01/31 00:22:47 Image size of job updated: 445060
	366  -  MemoryUsage of job (MB)
	374296  -  ResidentSetSize of job (KB)
...
006 (3447426.006.000) 01/31 00:27:47 Image size of job updated: 445060
	366  -  MemoryUsage of job (MB)
	374336  -  ResidentSetSize of job (KB)
...
006 (3447426.006.000) 01/31 00:32:48 Image size of job updated: 445060
	366  -  MemoryUsage of job (MB)
	374340  -  ResidentSetSize of job (KB)
...
006 (3447426.006.000) 01/31 00:37:49 Image size of job updated: 445060
	366  -  MemoryUsage of job (MB)
	374412  -  ResidentSetSize of job (KB)
...
006 (3447426.006.000) 01/31 00:42:49 Image size of job updated: 445060
	366  -  MemoryUsage of job (MB)
	374428  -  ResidentSetSize of job (KB)
...
006 (3447426.006.000) 01/31 00:47:49 Image size of job updated: 445060
	366  -  MemoryUsage of job (MB)
	374488  -  ResidentSetSize of job (KB)
...
006 (3447426.006.000) 01/31 00:52:50 Image size of job updated: 445060
	366  -  MemoryUsage of job (MB)
	374516  -  ResidentSetSize of job (KB)
...
006 (3447426.006.000) 01/31 01:02:50 Image size of job updated: 445060
	366  -  MemoryUsage of job (MB)
	374560  -  ResidentSetSize of job (KB)
...
006 (3447426.006.000) 01/31 01:07:51 Image size of job updated: 445060
	366  -  MemoryUsage of job (MB)
	374676  -  ResidentSetSize of job (KB)
...
006 (3447426.006.000) 01/31 01:12:52 Image size of job updated: 445060
	366  -  MemoryUsage of job (MB)
	374700  -  ResidentSetSize of job (KB)
...
006 (3447426.006.000) 01/31 01:17:52 Image size of job updated: 445060
	366  -  MemoryUsage of job (MB)
	374760  -  ResidentSetSize of job (KB)
...
006 (3447426.006.000) 01/31 01:22:53 Image size of job updated: 445060
	366  -  MemoryUsage of job (MB)
	374768  -  ResidentSetSize of job (KB)
...
006 (3447426.006.000) 01/31 01:27:54 Image size of job updated: 445060
	367  -  MemoryUsage of job (MB)
	374824  -  ResidentSetSize of job (KB)
...
006 (3447426.006.000) 01/31 01:32:54 Image size of job updated: 445060
	367  -  MemoryUsage of job (MB)
	374828  -  ResidentSetSize of job (KB)
...
006 (3447426.006.000) 01/31 01:42:56 Image size of job updated: 445060
	367  -  MemoryUsage of job (MB)
	374932  -  ResidentSetSize of job (KB)
...
006 (3447426.006.000) 01/31 01:47:56 Image size of job updated: 445060
	367  -  MemoryUsage of job (MB)
	374980  -  ResidentSetSize of job (KB)
...
006 (3447426.006.000) 01/31 01:52:57 Image size of job updated: 445060
	367  -  MemoryUsage of job (MB)
	375036  -  ResidentSetSize of job (KB)
...
006 (3447426.006.000) 01/31 01:57:58 Image size of job updated: 445060
	367  -  MemoryUsage of job (MB)
	375064  -  ResidentSetSize of job (KB)
...
006 (3447426.006.000) 01/31 02:02:58 Image size of job updated: 445060
	367  -  MemoryUsage of job (MB)
	375108  -  ResidentSetSize of job (KB)
...
006 (3447426.006.000) 01/31 02:07:58 Image size of job updated: 445060
	367  -  MemoryUsage of job (MB)
	375124  -  ResidentSetSize of job (KB)
...
006 (3447426.006.000) 01/31 02:12:59 Image size of job updated: 445060
	367  -  MemoryUsage of job (MB)
	375140  -  ResidentSetSize of job (KB)
...
006 (3447426.006.000) 01/31 02:17:59 Image size of job updated: 445060
	367  -  MemoryUsage of job (MB)
	375184  -  ResidentSetSize of job (KB)
...
006 (3447426.006.000) 01/31 02:22:59 Image size of job updated: 445060
	367  -  MemoryUsage of job (MB)
	375224  -  ResidentSetSize of job (KB)
...
006 (3447426.006.000) 01/31 02:28:01 Image size of job updated: 445060
	367  -  MemoryUsage of job (MB)
	375260  -  ResidentSetSize of job (KB)
...
006 (3447426.006.000) 01/31 02:33:01 Image size of job updated: 445060
	367  -  MemoryUsage of job (MB)
	375276  -  ResidentSetSize of job (KB)
...
006 (3447426.006.000) 01/31 02:38:01 Image size of job updated: 445060
	367  -  MemoryUsage of job (MB)
	375308  -  ResidentSetSize of job (KB)
...
006 (3447426.006.000) 01/31 02:43:02 Image size of job updated: 445060
	367  -  MemoryUsage of job (MB)
	375392  -  ResidentSetSize of job (KB)
...
006 (3447426.006.000) 01/31 02:53:03 Image size of job updated: 445060
	367  -  MemoryUsage of job (MB)
	375468  -  ResidentSetSize of job (KB)
...
006 (3447426.006.000) 01/31 02:58:03 Image size of job updated: 445060
	367  -  MemoryUsage of job (MB)
	375504  -  ResidentSetSize of job (KB)
...
006 (3447426.006.000) 01/31 03:03:04 Image size of job updated: 445060
	367  -  MemoryUsage of job (MB)
	375540  -  ResidentSetSize of job (KB)
...
006 (3447426.006.000) 01/31 03:13:04 Image size of job updated: 445060
	367  -  MemoryUsage of job (MB)
	375604  -  ResidentSetSize of job (KB)
...
006 (3447426.006.000) 01/31 03:18:05 Image size of job updated: 445060
	367  -  MemoryUsage of job (MB)
	375644  -  ResidentSetSize of job (KB)
...
006 (3447426.006.000) 01/31 03:23:06 Image size of job updated: 445060
	367  -  MemoryUsage of job (MB)
	375664  -  ResidentSetSize of job (KB)
...
006 (3447426.006.000) 01/31 03:28:06 Image size of job updated: 445060
	367  -  MemoryUsage of job (MB)
	375696  -  ResidentSetSize of job (KB)
...
006 (3447426.006.000) 01/31 03:33:07 Image size of job updated: 445060
	367  -  MemoryUsage of job (MB)
	375764  -  ResidentSetSize of job (KB)
...
006 (3447426.006.000) 01/31 03:38:08 Image size of job updated: 445060
	369  -  MemoryUsage of job (MB)
	376896  -  ResidentSetSize of job (KB)
...
006 (3447426.006.000) 01/31 03:43:08 Image size of job updated: 445060
	370  -  MemoryUsage of job (MB)
	378092  -  ResidentSetSize of job (KB)
...
006 (3447426.006.000) 01/31 03:48:09 Image size of job updated: 445060
	370  -  MemoryUsage of job (MB)
	378320  -  ResidentSetSize of job (KB)
...
006 (3447426.006.000) 01/31 03:53:10 Image size of job updated: 445060
	370  -  MemoryUsage of job (MB)
	378412  -  ResidentSetSize of job (KB)
...
006 (3447426.006.000) 01/31 03:58:10 Image size of job updated: 445060
	370  -  MemoryUsage of job (MB)
	378512  -  ResidentSetSize of job (KB)
...
006 (3447426.006.000) 01/31 04:03:10 Image size of job updated: 445060
	370  -  MemoryUsage of job (MB)
	378540  -  ResidentSetSize of job (KB)
...
006 (3447426.006.000) 01/31 04:08:12 Image size of job updated: 445060
	370  -  MemoryUsage of job (MB)
	378680  -  ResidentSetSize of job (KB)
...
006 (3447426.006.000) 01/31 04:18:12 Image size of job updated: 445060
	370  -  MemoryUsage of job (MB)
	378728  -  ResidentSetSize of job (KB)
...
006 (3447426.006.000) 01/31 04:23:13 Image size of job updated: 445060
	370  -  MemoryUsage of job (MB)
	378868  -  ResidentSetSize of job (KB)
...
006 (3447426.006.000) 01/31 04:28:14 Image size of job updated: 445060
	371  -  MemoryUsage of job (MB)
	378952  -  ResidentSetSize of job (KB)
...
006 (3447426.006.000) 01/31 04:33:14 Image size of job updated: 445060
	371  -  MemoryUsage of job (MB)
	379092  -  ResidentSetSize of job (KB)
...
006 (3447426.006.000) 01/31 04:38:15 Image size of job updated: 445060
	371  -  MemoryUsage of job (MB)
	379140  -  ResidentSetSize of job (KB)
...
006 (3447426.006.000) 01/31 04:43:16 Image size of job updated: 445060
	371  -  MemoryUsage of job (MB)
	379196  -  ResidentSetSize of job (KB)
...
006 (3447426.006.000) 01/31 04:48:16 Image size of job updated: 445060
	371  -  MemoryUsage of job (MB)
	379312  -  ResidentSetSize of job (KB)
...
006 (3447426.006.000) 01/31 04:53:16 Image size of job updated: 445060
	371  -  MemoryUsage of job (MB)
	379376  -  ResidentSetSize of job (KB)
...
006 (3447426.006.000) 01/31 04:58:17 Image size of job updated: 445060
	371  -  MemoryUsage of job (MB)
	379496  -  ResidentSetSize of job (KB)
...
006 (3447426.006.000) 01/31 05:03:18 Image size of job updated: 445060
	371  -  MemoryUsage of job (MB)
	379572  -  ResidentSetSize of job (KB)
...
006 (3447426.006.000) 01/31 05:08:18 Image size of job updated: 445060
	371  -  MemoryUsage of job (MB)
	379712  -  ResidentSetSize of job (KB)
...
006 (3447426.006.000) 01/31 05:13:19 Image size of job updated: 445060
	371  -  MemoryUsage of job (MB)
	379832  -  ResidentSetSize of job (KB)
...
006 (3447426.006.000) 01/31 05:18:20 Image size of job updated: 445060
	372  -  MemoryUsage of job (MB)
	379912  -  ResidentSetSize of job (KB)
...
006 (3447426.006.000) 01/31 05:23:20 Image size of job updated: 445060
	372  -  MemoryUsage of job (MB)
	379940  -  ResidentSetSize of job (KB)
...
006 (3447426.006.000) 01/31 05:28:20 Image size of job updated: 445060
	372  -  MemoryUsage of job (MB)
	380024  -  ResidentSetSize of job (KB)
...
006 (3447426.006.000) 01/31 05:33:21 Image size of job updated: 445060
	372  -  MemoryUsage of job (MB)
	380120  -  ResidentSetSize of job (KB)
...
006 (3447426.006.000) 01/31 05:38:22 Image size of job updated: 445060
	372  -  MemoryUsage of job (MB)
	380176  -  ResidentSetSize of job (KB)
...
006 (3447426.006.000) 01/31 05:43:22 Image size of job updated: 445060
	372  -  MemoryUsage of job (MB)
	380252  -  ResidentSetSize of job (KB)
...
006 (3447426.006.000) 01/31 05:48:23 Image size of job updated: 445060
	372  -  MemoryUsage of job (MB)
	380348  -  ResidentSetSize of job (KB)
...
006 (3447426.006.000) 01/31 05:53:24 Image size of job updated: 445060
	372  -  MemoryUsage of job (MB)
	380520  -  ResidentSetSize of job (KB)
...
006 (3447426.006.000) 01/31 05:58:24 Image size of job updated: 445060
	372  -  MemoryUsage of job (MB)
	380596  -  ResidentSetSize of job (KB)
...
006 (3447426.006.000) 01/31 06:03:24 Image size of job updated: 445060
	372  -  MemoryUsage of job (MB)
	380680  -  ResidentSetSize of job (KB)
...
006 (3447426.006.000) 01/31 06:08:25 Image size of job updated: 445060
	372  -  MemoryUsage of job (MB)
	380844  -  ResidentSetSize of job (KB)
...
006 (3447426.006.000) 01/31 06:18:26 Image size of job updated: 445060
	373  -  MemoryUsage of job (MB)
	381000  -  ResidentSetSize of job (KB)
...
006 (3447426.006.000) 01/31 06:23:26 Image size of job updated: 445060
	373  -  MemoryUsage of job (MB)
	381104  -  ResidentSetSize of job (KB)
...
006 (3447426.006.000) 01/31 06:28:27 Image size of job updated: 445060
	373  -  MemoryUsage of job (MB)
	381264  -  ResidentSetSize of job (KB)
...
006 (3447426.006.000) 01/31 06:33:28 Image size of job updated: 445060
	373  -  MemoryUsage of job (MB)
	381348  -  ResidentSetSize of job (KB)
...
006 (3447426.006.000) 01/31 06:38:28 Image size of job updated: 445060
	373  -  MemoryUsage of job (MB)
	381496  -  ResidentSetSize of job (KB)
...
006 (3447426.006.000) 01/31 06:48:30 Image size of job updated: 445060
	373  -  MemoryUsage of job (MB)
	381612  -  ResidentSetSize of job (KB)
...
006 (3447426.006.000) 01/31 06:53:30 Image size of job updated: 445060
	373  -  MemoryUsage of job (MB)
	381916  -  ResidentSetSize of job (KB)
...
006 (3447426.006.000) 01/31 06:58:30 Image size of job updated: 445060
	374  -  MemoryUsage of job (MB)
	382284  -  ResidentSetSize of job (KB)
...
006 (3447426.006.000) 01/31 07:03:32 Image size of job updated: 445060
	374  -  MemoryUsage of job (MB)
	382380  -  ResidentSetSize of job (KB)
...
006 (3447426.006.000) 01/31 07:13:32 Image size of job updated: 445060
	374  -  MemoryUsage of job (MB)
	382412  -  ResidentSetSize of job (KB)
...
006 (3447426.006.000) 01/31 07:23:34 Image size of job updated: 445060
	374  -  MemoryUsage of job (MB)
	382628  -  ResidentSetSize of job (KB)
...
006 (3447426.006.000) 01/31 07:43:36 Image size of job updated: 445060
	374  -  MemoryUsage of job (MB)
	382740  -  ResidentSetSize of job (KB)
...
006 (3447426.006.000) 01/31 07:48:36 Image size of job updated: 445060
	374  -  MemoryUsage of job (MB)
	382936  -  ResidentSetSize of job (KB)
...
006 (3447426.006.000) 01/31 08:48:42 Image size of job updated: 445060
	374  -  MemoryUsage of job (MB)
	382960  -  ResidentSetSize of job (KB)
...
006 (3447426.006.000) 01/31 08:53:42 Image size of job updated: 445060
	374  -  MemoryUsage of job (MB)
	382976  -  ResidentSetSize of job (KB)
...
006 (3447426.006.000) 01/31 09:03:44 Image size of job updated: 445060
	375  -  MemoryUsage of job (MB)
	383004  -  ResidentSetSize of job (KB)
...
006 (3447426.006.000) 01/31 09:08:44 Image size of job updated: 445060
	375  -  MemoryUsage of job (MB)
	383072  -  ResidentSetSize of job (KB)
...
006 (3447426.006.000) 01/31 09:23:46 Image size of job updated: 445060
	375  -  MemoryUsage of job (MB)
	383224  -  ResidentSetSize of job (KB)
...
006 (3447426.006.000) 01/31 09:33:46 Image size of job updated: 445060
	375  -  MemoryUsage of job (MB)
	383248  -  ResidentSetSize of job (KB)
...
006 (3447426.006.000) 01/31 09:53:49 Image size of job updated: 445060
	375  -  MemoryUsage of job (MB)
	383264  -  ResidentSetSize of job (KB)
...
006 (3447426.006.000) 01/31 10:03:50 Image size of job updated: 445060
	375  -  MemoryUsage of job (MB)
	383300  -  ResidentSetSize of job (KB)
...
006 (3447426.006.000) 01/31 10:08:50 Image size of job updated: 445060
	375  -  MemoryUsage of job (MB)
	383328  -  ResidentSetSize of job (KB)
...
006 (3447426.006.000) 01/31 10:18:52 Image size of job updated: 445060
	375  -  MemoryUsage of job (MB)
	383344  -  ResidentSetSize of job (KB)
...
006 (3447426.006.000) 01/31 10:28:53 Image size of job updated: 445060
	375  -  MemoryUsage of job (MB)
	383352  -  ResidentSetSize of job (KB)
...
006 (3447426.006.000) 01/31 10:38:54 Image size of job updated: 445060
	375  -  MemoryUsage of job (MB)
	383360  -  ResidentSetSize of job (KB)
...
006 (3447426.006.000) 01/31 10:48:55 Image size of job updated: 445060
	375  -  MemoryUsage of job (MB)
	383400  -  ResidentSetSize of job (KB)
...
006 (3447426.006.000) 01/31 10:58:56 Image size of job updated: 445060
	375  -  MemoryUsage of job (MB)
	383408  -  ResidentSetSize of job (KB)
...
006 (3447426.006.000) 01/31 11:08:58 Image size of job updated: 445060
	375  -  MemoryUsage of job (MB)
	383432  -  ResidentSetSize of job (KB)
...
006 (3447426.006.000) 01/31 11:18:58 Image size of job updated: 445060
	375  -  MemoryUsage of job (MB)
	383436  -  ResidentSetSize of job (KB)
...
006 (3447426.006.000) 01/31 11:23:59 Image size of job updated: 445060
	375  -  MemoryUsage of job (MB)
	383448  -  ResidentSetSize of job (KB)
...
006 (3447426.006.000) 01/31 11:33:59 Image size of job updated: 445060
	375  -  MemoryUsage of job (MB)
	383476  -  ResidentSetSize of job (KB)
...
006 (3447426.006.000) 01/31 11:39:00 Image size of job updated: 445060
	375  -  MemoryUsage of job (MB)
	383480  -  ResidentSetSize of job (KB)
...
006 (3447426.006.000) 01/31 11:54:02 Image size of job updated: 445060
	375  -  MemoryUsage of job (MB)
	383508  -  ResidentSetSize of job (KB)
...
006 (3447426.006.000) 01/31 12:04:03 Image size of job updated: 445060
	375  -  MemoryUsage of job (MB)
	383524  -  ResidentSetSize of job (KB)
...
006 (3447426.006.000) 01/31 12:09:03 Image size of job updated: 445060
	375  -  MemoryUsage of job (MB)
	383532  -  ResidentSetSize of job (KB)
...
006 (3447426.006.000) 01/31 12:19:05 Image size of job updated: 445060
	375  -  MemoryUsage of job (MB)
	383540  -  ResidentSetSize of job (KB)
...
006 (3447426.006.000) 01/31 12:44:08 Image size of job updated: 445060
	375  -  MemoryUsage of job (MB)
	383564  -  ResidentSetSize of job (KB)
...
006 (3447426.006.000) 01/31 12:59:09 Image size of job updated: 445060
	375  -  MemoryUsage of job (MB)
	383644  -  ResidentSetSize of job (KB)
...
006 (3447426.006.000) 01/31 13:09:10 Image size of job updated: 445060
	375  -  MemoryUsage of job (MB)
	383664  -  ResidentSetSize of job (KB)
...
006 (3447426.006.000) 01/31 13:19:11 Image size of job updated: 445060
	375  -  MemoryUsage of job (MB)
	383688  -  ResidentSetSize of job (KB)
...
006 (3447426.006.000) 01/31 13:34:12 Image size of job updated: 445060
	375  -  MemoryUsage of job (MB)
	383708  -  ResidentSetSize of job (KB)
...
006 (3447426.006.000) 01/31 13:44:13 Image size of job updated: 445060
	375  -  MemoryUsage of job (MB)
	383720  -  ResidentSetSize of job (KB)
...
006 (3447426.006.000) 01/31 13:49:14 Image size of job updated: 445060
	375  -  MemoryUsage of job (MB)
	383728  -  ResidentSetSize of job (KB)
...
006 (3447426.006.000) 01/31 13:54:15 Image size of job updated: 445060
	375  -  MemoryUsage of job (MB)
	383752  -  ResidentSetSize of job (KB)
...
006 (3447426.006.000) 01/31 13:59:15 Image size of job updated: 445060
	375  -  MemoryUsage of job (MB)
	383764  -  ResidentSetSize of job (KB)
...
006 (3447426.006.000) 01/31 14:14:16 Image size of job updated: 445060
	375  -  MemoryUsage of job (MB)
	383784  -  ResidentSetSize of job (KB)
...
006 (3447426.006.000) 01/31 14:19:16 Image size of job updated: 445060
	375  -  MemoryUsage of job (MB)
	383804  -  ResidentSetSize of job (KB)
...
006 (3447426.006.000) 01/31 14:29:17 Image size of job updated: 445060
	375  -  MemoryUsage of job (MB)
	383888  -  ResidentSetSize of job (KB)
...
006 (3447426.006.000) 01/31 14:44:19 Image size of job updated: 445060
	375  -  MemoryUsage of job (MB)
	383900  -  ResidentSetSize of job (KB)
...
006 (3447426.006.000) 01/31 14:59:21 Image size of job updated: 445060
	375  -  MemoryUsage of job (MB)
	383940  -  ResidentSetSize of job (KB)
...
006 (3447426.006.000) 01/31 15:04:21 Image size of job updated: 445060
	375  -  MemoryUsage of job (MB)
	383948  -  ResidentSetSize of job (KB)
...
006 (3447426.006.000) 01/31 15:24:22 Image size of job updated: 445060
	375  -  MemoryUsage of job (MB)
	383992  -  ResidentSetSize of job (KB)
...
006 (3447426.006.000) 01/31 15:39:23 Image size of job updated: 445060
	375  -  MemoryUsage of job (MB)
	384000  -  ResidentSetSize of job (KB)
...
006 (3447426.006.000) 01/31 15:44:24 Image size of job updated: 445060
	376  -  MemoryUsage of job (MB)
	384024  -  ResidentSetSize of job (KB)
...
006 (3447426.006.000) 01/31 15:49:24 Image size of job updated: 445060
	376  -  MemoryUsage of job (MB)
	384056  -  ResidentSetSize of job (KB)
...
006 (3447426.006.000) 01/31 15:59:25 Image size of job updated: 445060
	376  -  MemoryUsage of job (MB)
	384068  -  ResidentSetSize of job (KB)
...
006 (3447426.006.000) 01/31 16:04:26 Image size of job updated: 445060
	376  -  MemoryUsage of job (MB)
	384100  -  ResidentSetSize of job (KB)
...
006 (3447426.006.000) 01/31 16:24:27 Image size of job updated: 445060
	376  -  MemoryUsage of job (MB)
	384104  -  ResidentSetSize of job (KB)
...
006 (3447426.006.000) 01/31 16:29:27 Image size of job updated: 445060
	376  -  MemoryUsage of job (MB)
	384152  -  ResidentSetSize of job (KB)
...
006 (3447426.006.000) 01/31 17:04:31 Image size of job updated: 445060
	376  -  MemoryUsage of job (MB)
	384204  -  ResidentSetSize of job (KB)
...
006 (3447426.006.000) 01/31 17:19:32 Image size of job updated: 445060
	376  -  MemoryUsage of job (MB)
	384208  -  ResidentSetSize of job (KB)
...
006 (3447426.006.000) 01/31 17:24:33 Image size of job updated: 445060
	376  -  MemoryUsage of job (MB)
	384252  -  ResidentSetSize of job (KB)
...
007 (3447426.006.000) 01/31 17:34:41 Shadow exception!
	Assertion ERROR on (result)
	0  -  Run Bytes Sent By Job
	493  -  Run Bytes Received By Job
...
040 (3447426.006.000) 02/01 07:54:21 Started transferring input files
	Transferring to host: <128.142.240.205:9618?addrs=128.142.240.205-9618+[2001-1458-301-9--100-38]-9618&noUDP&sock=5197_81ac_79826>
...
040 (3447426.006.000) 02/01 07:54:21 Finished transferring input files
...
001 (3447426.006.000) 02/01 07:54:22 Job executing on host: <128.142.240.205:9618?addrs=128.142.240.205-9618+[2001-1458-301-9--100-38]-9618&noUDP&sock=3292_9ddd_3>
...
040 (3447426.006.000) 02/01 19:41:20 Started transferring input files
	Transferring to host: <128.142.111.31:9618?addrs=128.142.111.31-9618+[--1]-9618&noUDP&sock=2190_cd92_25691>
...
040 (3447426.006.000) 02/01 19:41:20 Finished transferring input files
...
001 (3447426.006.000) 02/01 19:41:21 Job executing on host: <128.142.111.31:9618?addrs=128.142.111.31-9618+[--1]-9618&noUDP&sock=1804_f8f0_3>
...
