000 (3445804.009.000) 01/29 23:49:27 Job submitted from host: <188.185.71.142:9618?addrs=188.185.71.142-9618+[2001-1458-d00-7--100-388]-9618&alias=bigbird09.cern.ch&noUDP&sock=schedd_2208_1533_7>
...
040 (3445804.009.000) 01/30 04:11:56 Started transferring input files
	Transferring to host: <128.142.68.138:9618?addrs=128.142.68.138-9618+[2001-1458-301-52--100-1c0]-9618&noUDP&sock=14387_b162_15172>
...
040 (3445804.009.000) 01/30 04:11:56 Finished transferring input files
...
001 (3445804.009.000) 01/30 04:11:57 Job executing on host: <128.142.68.138:9618?addrs=128.142.68.138-9618+[2001-1458-301-52--100-1c0]-9618&noUDP&sock=14181_90a0_3>
...
006 (3445804.009.000) 01/30 04:12:06 Image size of job updated: 848
	1  -  MemoryUsage of job (MB)
	848  -  ResidentSetSize of job (KB)
...
006 (3445804.009.000) 01/30 04:17:07 Image size of job updated: 390432
	351  -  MemoryUsage of job (MB)
	358464  -  ResidentSetSize of job (KB)
...
006 (3445804.009.000) 01/30 04:22:07 Image size of job updated: 393400
	353  -  MemoryUsage of job (MB)
	361360  -  ResidentSetSize of job (KB)
...
006 (3445804.009.000) 01/30 04:32:08 Image size of job updated: 393412
	353  -  MemoryUsage of job (MB)
	361372  -  ResidentSetSize of job (KB)
...
006 (3445804.009.000) 01/30 05:22:13 Image size of job updated: 393440
	353  -  MemoryUsage of job (MB)
	361400  -  ResidentSetSize of job (KB)
...
006 (3445804.009.000) 01/30 07:42:26 Image size of job updated: 393440
	354  -  MemoryUsage of job (MB)
	361516  -  ResidentSetSize of job (KB)
...
006 (3445804.009.000) 01/30 08:02:29 Image size of job updated: 393440
	354  -  MemoryUsage of job (MB)
	361532  -  ResidentSetSize of job (KB)
...
006 (3445804.009.000) 01/30 08:07:30 Image size of job updated: 393468
	354  -  MemoryUsage of job (MB)
	361680  -  ResidentSetSize of job (KB)
...
006 (3445804.009.000) 01/30 08:32:31 Image size of job updated: 393560
	354  -  MemoryUsage of job (MB)
	361772  -  ResidentSetSize of job (KB)
...
006 (3445804.009.000) 01/30 08:37:32 Image size of job updated: 393692
	354  -  MemoryUsage of job (MB)
	361904  -  ResidentSetSize of job (KB)
...
006 (3445804.009.000) 01/30 08:42:33 Image size of job updated: 393712
	354  -  MemoryUsage of job (MB)
	361924  -  ResidentSetSize of job (KB)
...
006 (3445804.009.000) 01/30 08:47:33 Image size of job updated: 393928
	354  -  MemoryUsage of job (MB)
	362140  -  ResidentSetSize of job (KB)
...
006 (3445804.009.000) 01/30 08:52:33 Image size of job updated: 394012
	354  -  MemoryUsage of job (MB)
	362224  -  ResidentSetSize of job (KB)
...
006 (3445804.009.000) 01/30 08:57:34 Image size of job updated: 394116
	354  -  MemoryUsage of job (MB)
	362328  -  ResidentSetSize of job (KB)
...
006 (3445804.009.000) 01/30 09:02:35 Image size of job updated: 394256
	354  -  MemoryUsage of job (MB)
	362468  -  ResidentSetSize of job (KB)
...
006 (3445804.009.000) 01/30 09:07:35 Image size of job updated: 394296
	355  -  MemoryUsage of job (MB)
	362508  -  ResidentSetSize of job (KB)
...
006 (3445804.009.000) 01/30 09:12:36 Image size of job updated: 394464
	355  -  MemoryUsage of job (MB)
	362676  -  ResidentSetSize of job (KB)
...
006 (3445804.009.000) 01/30 09:17:37 Image size of job updated: 394516
	355  -  MemoryUsage of job (MB)
	362728  -  ResidentSetSize of job (KB)
...
006 (3445804.009.000) 01/30 09:22:37 Image size of job updated: 394660
	355  -  MemoryUsage of job (MB)
	362872  -  ResidentSetSize of job (KB)
...
006 (3445804.009.000) 01/30 09:27:37 Image size of job updated: 394828
	355  -  MemoryUsage of job (MB)
	363040  -  ResidentSetSize of job (KB)
...
006 (3445804.009.000) 01/30 09:32:38 Image size of job updated: 394984
	355  -  MemoryUsage of job (MB)
	363196  -  ResidentSetSize of job (KB)
...
006 (3445804.009.000) 01/30 09:37:39 Image size of job updated: 394988
	355  -  MemoryUsage of job (MB)
	363200  -  ResidentSetSize of job (KB)
...
006 (3445804.009.000) 01/30 09:42:39 Image size of job updated: 395056
	355  -  MemoryUsage of job (MB)
	363268  -  ResidentSetSize of job (KB)
...
006 (3445804.009.000) 01/30 09:47:39 Image size of job updated: 395260
	355  -  MemoryUsage of job (MB)
	363472  -  ResidentSetSize of job (KB)
...
006 (3445804.009.000) 01/30 09:52:40 Image size of job updated: 395312
	356  -  MemoryUsage of job (MB)
	363524  -  ResidentSetSize of job (KB)
...
006 (3445804.009.000) 01/30 09:57:40 Image size of job updated: 395420
	356  -  MemoryUsage of job (MB)
	363632  -  ResidentSetSize of job (KB)
...
006 (3445804.009.000) 01/30 10:02:40 Image size of job updated: 395508
	356  -  MemoryUsage of job (MB)
	363720  -  ResidentSetSize of job (KB)
...
006 (3445804.009.000) 01/30 10:07:41 Image size of job updated: 395600
	356  -  MemoryUsage of job (MB)
	363812  -  ResidentSetSize of job (KB)
...
006 (3445804.009.000) 01/30 10:12:42 Image size of job updated: 395684
	356  -  MemoryUsage of job (MB)
	363896  -  ResidentSetSize of job (KB)
...
006 (3445804.009.000) 01/30 10:17:42 Image size of job updated: 395720
	356  -  MemoryUsage of job (MB)
	363932  -  ResidentSetSize of job (KB)
...
006 (3445804.009.000) 01/30 10:22:42 Image size of job updated: 395848
	356  -  MemoryUsage of job (MB)
	364060  -  ResidentSetSize of job (KB)
...
006 (3445804.009.000) 01/30 10:27:43 Image size of job updated: 395964
	356  -  MemoryUsage of job (MB)
	364176  -  ResidentSetSize of job (KB)
...
006 (3445804.009.000) 01/30 10:32:43 Image size of job updated: 396060
	356  -  MemoryUsage of job (MB)
	364272  -  ResidentSetSize of job (KB)
...
006 (3445804.009.000) 01/30 10:37:43 Image size of job updated: 396172
	356  -  MemoryUsage of job (MB)
	364384  -  ResidentSetSize of job (KB)
...
006 (3445804.009.000) 01/30 10:42:44 Image size of job updated: 396244
	356  -  MemoryUsage of job (MB)
	364456  -  ResidentSetSize of job (KB)
...
006 (3445804.009.000) 01/30 10:47:45 Image size of job updated: 396304
	356  -  MemoryUsage of job (MB)
	364516  -  ResidentSetSize of job (KB)
...
006 (3445804.009.000) 01/30 10:52:45 Image size of job updated: 396384
	357  -  MemoryUsage of job (MB)
	364596  -  ResidentSetSize of job (KB)
...
006 (3445804.009.000) 01/30 10:57:46 Image size of job updated: 396432
	357  -  MemoryUsage of job (MB)
	364644  -  ResidentSetSize of job (KB)
...
006 (3445804.009.000) 01/30 11:02:47 Image size of job updated: 396568
	357  -  MemoryUsage of job (MB)
	364780  -  ResidentSetSize of job (KB)
...
006 (3445804.009.000) 01/30 11:07:47 Image size of job updated: 396624
	357  -  MemoryUsage of job (MB)
	364836  -  ResidentSetSize of job (KB)
...
006 (3445804.009.000) 01/30 11:12:47 Image size of job updated: 396792
	357  -  MemoryUsage of job (MB)
	365004  -  ResidentSetSize of job (KB)
...
006 (3445804.009.000) 01/30 11:17:48 Image size of job updated: 396860
	357  -  MemoryUsage of job (MB)
	365072  -  ResidentSetSize of job (KB)
...
006 (3445804.009.000) 01/30 11:22:49 Image size of job updated: 397000
	357  -  MemoryUsage of job (MB)
	365212  -  ResidentSetSize of job (KB)
...
006 (3445804.009.000) 01/30 11:27:49 Image size of job updated: 397160
	357  -  MemoryUsage of job (MB)
	365372  -  ResidentSetSize of job (KB)
...
006 (3445804.009.000) 01/30 11:37:51 Image size of job updated: 398624
	359  -  MemoryUsage of job (MB)
	366832  -  ResidentSetSize of job (KB)
...
006 (3445804.009.000) 01/30 11:42:51 Image size of job updated: 400344
	360  -  MemoryUsage of job (MB)
	368068  -  ResidentSetSize of job (KB)
...
006 (3445804.009.000) 01/30 11:47:51 Image size of job updated: 400488
	360  -  MemoryUsage of job (MB)
	368212  -  ResidentSetSize of job (KB)
...
006 (3445804.009.000) 01/30 11:52:52 Image size of job updated: 400584
	360  -  MemoryUsage of job (MB)
	368316  -  ResidentSetSize of job (KB)
...
006 (3445804.009.000) 01/30 11:57:52 Image size of job updated: 400692
	360  -  MemoryUsage of job (MB)
	368424  -  ResidentSetSize of job (KB)
...
006 (3445804.009.000) 01/30 12:07:53 Image size of job updated: 400812
	360  -  MemoryUsage of job (MB)
	368544  -  ResidentSetSize of job (KB)
...
006 (3445804.009.000) 01/30 12:17:54 Image size of job updated: 400956
	361  -  MemoryUsage of job (MB)
	368688  -  ResidentSetSize of job (KB)
...
006 (3445804.009.000) 01/30 12:22:55 Image size of job updated: 401016
	361  -  MemoryUsage of job (MB)
	368748  -  ResidentSetSize of job (KB)
...
006 (3445804.009.000) 01/30 12:27:56 Image size of job updated: 401076
	361  -  MemoryUsage of job (MB)
	368808  -  ResidentSetSize of job (KB)
...
006 (3445804.009.000) 01/30 12:32:56 Image size of job updated: 401160
	361  -  MemoryUsage of job (MB)
	368892  -  ResidentSetSize of job (KB)
...
006 (3445804.009.000) 01/30 12:37:56 Image size of job updated: 401228
	361  -  MemoryUsage of job (MB)
	368960  -  ResidentSetSize of job (KB)
...
006 (3445804.009.000) 01/30 12:42:58 Image size of job updated: 401340
	361  -  MemoryUsage of job (MB)
	369072  -  ResidentSetSize of job (KB)
...
006 (3445804.009.000) 01/30 12:47:58 Image size of job updated: 401416
	361  -  MemoryUsage of job (MB)
	369148  -  ResidentSetSize of job (KB)
...
006 (3445804.009.000) 01/30 12:52:58 Image size of job updated: 401456
	361  -  MemoryUsage of job (MB)
	369188  -  ResidentSetSize of job (KB)
...
006 (3445804.009.000) 01/30 12:57:59 Image size of job updated: 401560
	361  -  MemoryUsage of job (MB)
	369292  -  ResidentSetSize of job (KB)
...
006 (3445804.009.000) 01/30 13:03:00 Image size of job updated: 401764
	361  -  MemoryUsage of job (MB)
	369496  -  ResidentSetSize of job (KB)
...
006 (3445804.009.000) 01/30 13:08:00 Image size of job updated: 401872
	361  -  MemoryUsage of job (MB)
	369604  -  ResidentSetSize of job (KB)
...
006 (3445804.009.000) 01/30 13:13:00 Image size of job updated: 401904
	361  -  MemoryUsage of job (MB)
	369636  -  ResidentSetSize of job (KB)
...
006 (3445804.009.000) 01/30 13:18:01 Image size of job updated: 401996
	362  -  MemoryUsage of job (MB)
	369728  -  ResidentSetSize of job (KB)
...
006 (3445804.009.000) 01/30 13:23:01 Image size of job updated: 402060
	362  -  MemoryUsage of job (MB)
	369792  -  ResidentSetSize of job (KB)
...
006 (3445804.009.000) 01/30 13:28:01 Image size of job updated: 402060
	362  -  MemoryUsage of job (MB)
	369856  -  ResidentSetSize of job (KB)
...
006 (3445804.009.000) 01/30 13:33:02 Image size of job updated: 402060
	362  -  MemoryUsage of job (MB)
	369892  -  ResidentSetSize of job (KB)
...
006 (3445804.009.000) 01/30 13:38:03 Image size of job updated: 402060
	362  -  MemoryUsage of job (MB)
	369964  -  ResidentSetSize of job (KB)
...
006 (3445804.009.000) 01/30 13:43:03 Image size of job updated: 402060
	362  -  MemoryUsage of job (MB)
	370040  -  ResidentSetSize of job (KB)
...
006 (3445804.009.000) 01/30 13:48:04 Image size of job updated: 402060
	362  -  MemoryUsage of job (MB)
	370072  -  ResidentSetSize of job (KB)
...
006 (3445804.009.000) 01/30 13:53:05 Image size of job updated: 402060
	362  -  MemoryUsage of job (MB)
	370248  -  ResidentSetSize of job (KB)
...
006 (3445804.009.000) 01/30 13:58:05 Image size of job updated: 402060
	362  -  MemoryUsage of job (MB)
	370296  -  ResidentSetSize of job (KB)
...
006 (3445804.009.000) 01/30 14:03:06 Image size of job updated: 402060
	362  -  MemoryUsage of job (MB)
	370452  -  ResidentSetSize of job (KB)
...
006 (3445804.009.000) 01/30 14:08:07 Image size of job updated: 402060
	362  -  MemoryUsage of job (MB)
	370516  -  ResidentSetSize of job (KB)
...
006 (3445804.009.000) 01/30 14:13:07 Image size of job updated: 402060
	362  -  MemoryUsage of job (MB)
	370588  -  ResidentSetSize of job (KB)
...
006 (3445804.009.000) 01/30 14:18:07 Image size of job updated: 402060
	363  -  MemoryUsage of job (MB)
	370696  -  ResidentSetSize of job (KB)
...
006 (3445804.009.000) 01/30 14:23:08 Image size of job updated: 402060
	363  -  MemoryUsage of job (MB)
	370848  -  ResidentSetSize of job (KB)
...
006 (3445804.009.000) 01/30 14:28:08 Image size of job updated: 402060
	363  -  MemoryUsage of job (MB)
	370896  -  ResidentSetSize of job (KB)
...
006 (3445804.009.000) 01/30 14:33:08 Image size of job updated: 402060
	363  -  MemoryUsage of job (MB)
	371040  -  ResidentSetSize of job (KB)
...
006 (3445804.009.000) 01/30 14:38:09 Image size of job updated: 402060
	363  -  MemoryUsage of job (MB)
	371076  -  ResidentSetSize of job (KB)
...
006 (3445804.009.000) 01/30 14:43:10 Image size of job updated: 402060
	363  -  MemoryUsage of job (MB)
	371220  -  ResidentSetSize of job (KB)
...
006 (3445804.009.000) 01/30 14:48:10 Image size of job updated: 402060
	363  -  MemoryUsage of job (MB)
	371276  -  ResidentSetSize of job (KB)
...
006 (3445804.009.000) 01/30 14:53:10 Image size of job updated: 402060
	363  -  MemoryUsage of job (MB)
	371356  -  ResidentSetSize of job (KB)
...
006 (3445804.009.000) 01/30 14:58:11 Image size of job updated: 402060
	363  -  MemoryUsage of job (MB)
	371412  -  ResidentSetSize of job (KB)
...
006 (3445804.009.000) 01/30 15:03:11 Image size of job updated: 402060
	363  -  MemoryUsage of job (MB)
	371548  -  ResidentSetSize of job (KB)
...
006 (3445804.009.000) 01/30 15:08:11 Image size of job updated: 402060
	363  -  MemoryUsage of job (MB)
	371620  -  ResidentSetSize of job (KB)
...
006 (3445804.009.000) 01/30 15:13:12 Image size of job updated: 402060
	363  -  MemoryUsage of job (MB)
	371636  -  ResidentSetSize of job (KB)
...
006 (3445804.009.000) 01/30 15:18:13 Image size of job updated: 402060
	363  -  MemoryUsage of job (MB)
	371688  -  ResidentSetSize of job (KB)
...
006 (3445804.009.000) 01/30 15:23:13 Image size of job updated: 402060
	364  -  MemoryUsage of job (MB)
	371804  -  ResidentSetSize of job (KB)
...
006 (3445804.009.000) 01/30 15:28:14 Image size of job updated: 402060
	364  -  MemoryUsage of job (MB)
	371944  -  ResidentSetSize of job (KB)
...
006 (3445804.009.000) 01/30 15:33:15 Image size of job updated: 402060
	364  -  MemoryUsage of job (MB)
	372020  -  ResidentSetSize of job (KB)
...
006 (3445804.009.000) 01/30 15:38:15 Image size of job updated: 402060
	364  -  MemoryUsage of job (MB)
	372076  -  ResidentSetSize of job (KB)
...
006 (3445804.009.000) 01/30 15:43:15 Image size of job updated: 402060
	364  -  MemoryUsage of job (MB)
	372344  -  ResidentSetSize of job (KB)
...
006 (3445804.009.000) 01/30 15:48:16 Image size of job updated: 402060
	364  -  MemoryUsage of job (MB)
	372560  -  ResidentSetSize of job (KB)
...
006 (3445804.009.000) 01/30 15:58:17 Image size of job updated: 402060
	365  -  MemoryUsage of job (MB)
	372784  -  ResidentSetSize of job (KB)
...
006 (3445804.009.000) 01/30 17:23:26 Image size of job updated: 402060
	365  -  MemoryUsage of job (MB)
	372800  -  ResidentSetSize of job (KB)
...
006 (3445804.009.000) 01/30 17:28:26 Image size of job updated: 402060
	365  -  MemoryUsage of job (MB)
	372828  -  ResidentSetSize of job (KB)
...
006 (3445804.009.000) 01/30 17:43:27 Image size of job updated: 402060
	365  -  MemoryUsage of job (MB)
	372836  -  ResidentSetSize of job (KB)
...
006 (3445804.009.000) 01/30 17:48:28 Image size of job updated: 402060
	365  -  MemoryUsage of job (MB)
	372852  -  ResidentSetSize of job (KB)
...
006 (3445804.009.000) 01/30 18:13:30 Image size of job updated: 402060
	365  -  MemoryUsage of job (MB)
	372864  -  ResidentSetSize of job (KB)
...
006 (3445804.009.000) 01/30 18:28:32 Image size of job updated: 402060
	365  -  MemoryUsage of job (MB)
	372872  -  ResidentSetSize of job (KB)
...
006 (3445804.009.000) 01/30 20:46:05 Image size of job updated: 402060
	365  -  MemoryUsage of job (MB)
	372888  -  ResidentSetSize of job (KB)
...
006 (3445804.009.000) 01/30 20:56:05 Image size of job updated: 402060
	365  -  MemoryUsage of job (MB)
	372916  -  ResidentSetSize of job (KB)
...
006 (3445804.009.000) 01/30 21:11:07 Image size of job updated: 402060
	365  -  MemoryUsage of job (MB)
	372920  -  ResidentSetSize of job (KB)
...
006 (3445804.009.000) 01/30 21:16:08 Image size of job updated: 402060
	365  -  MemoryUsage of job (MB)
	372944  -  ResidentSetSize of job (KB)
...
006 (3445804.009.000) 01/30 21:26:09 Image size of job updated: 402060
	365  -  MemoryUsage of job (MB)
	372952  -  ResidentSetSize of job (KB)
...
006 (3445804.009.000) 01/30 21:31:10 Image size of job updated: 402060
	365  -  MemoryUsage of job (MB)
	372960  -  ResidentSetSize of job (KB)
...
006 (3445804.009.000) 01/30 21:51:13 Image size of job updated: 402060
	365  -  MemoryUsage of job (MB)
	372964  -  ResidentSetSize of job (KB)
...
006 (3445804.009.000) 01/30 21:56:13 Image size of job updated: 402060
	365  -  MemoryUsage of job (MB)
	372984  -  ResidentSetSize of job (KB)
...
006 (3445804.009.000) 01/30 22:01:14 Image size of job updated: 402060
	365  -  MemoryUsage of job (MB)
	373016  -  ResidentSetSize of job (KB)
...
006 (3445804.009.000) 01/30 22:11:11 Image size of job updated: 402060
	365  -  MemoryUsage of job (MB)
	373048  -  ResidentSetSize of job (KB)
...
006 (3445804.009.000) 01/30 22:26:02 Image size of job updated: 402060
	365  -  MemoryUsage of job (MB)
	373068  -  ResidentSetSize of job (KB)
...
006 (3445804.009.000) 01/30 22:45:02 Image size of job updated: 402060
	365  -  MemoryUsage of job (MB)
	373132  -  ResidentSetSize of job (KB)
...
006 (3445804.009.000) 01/30 22:50:03 Image size of job updated: 402060
	365  -  MemoryUsage of job (MB)
	373144  -  ResidentSetSize of job (KB)
...
006 (3445804.009.000) 01/30 22:55:03 Image size of job updated: 402060
	365  -  MemoryUsage of job (MB)
	373168  -  ResidentSetSize of job (KB)
...
006 (3445804.009.000) 01/30 23:05:04 Image size of job updated: 402060
	365  -  MemoryUsage of job (MB)
	373236  -  ResidentSetSize of job (KB)
...
006 (3445804.009.000) 01/30 23:25:07 Image size of job updated: 402060
	365  -  MemoryUsage of job (MB)
	373252  -  ResidentSetSize of job (KB)
...
006 (3445804.009.000) 01/30 23:35:07 Image size of job updated: 402060
	365  -  MemoryUsage of job (MB)
	373260  -  ResidentSetSize of job (KB)
...
006 (3445804.009.000) 01/30 23:40:08 Image size of job updated: 402060
	365  -  MemoryUsage of job (MB)
	373336  -  ResidentSetSize of job (KB)
...
006 (3445804.009.000) 01/30 23:45:08 Image size of job updated: 402060
	365  -  MemoryUsage of job (MB)
	373376  -  ResidentSetSize of job (KB)
...
006 (3445804.009.000) 01/30 23:55:10 Image size of job updated: 402060
	365  -  MemoryUsage of job (MB)
	373460  -  ResidentSetSize of job (KB)
...
006 (3445804.009.000) 01/31 00:00:10 Image size of job updated: 402060
	365  -  MemoryUsage of job (MB)
	373508  -  ResidentSetSize of job (KB)
...
006 (3445804.009.000) 01/31 00:05:10 Image size of job updated: 402060
	365  -  MemoryUsage of job (MB)
	373564  -  ResidentSetSize of job (KB)
...
006 (3445804.009.000) 01/31 00:10:11 Image size of job updated: 402060
	365  -  MemoryUsage of job (MB)
	373572  -  ResidentSetSize of job (KB)
...
006 (3445804.009.000) 01/31 00:15:11 Image size of job updated: 402060
	365  -  MemoryUsage of job (MB)
	373616  -  ResidentSetSize of job (KB)
...
006 (3445804.009.000) 01/31 00:20:11 Image size of job updated: 402060
	365  -  MemoryUsage of job (MB)
	373672  -  ResidentSetSize of job (KB)
...
006 (3445804.009.000) 01/31 00:30:13 Image size of job updated: 402060
	365  -  MemoryUsage of job (MB)
	373692  -  ResidentSetSize of job (KB)
...
006 (3445804.009.000) 01/31 00:35:13 Image size of job updated: 402060
	365  -  MemoryUsage of job (MB)
	373716  -  ResidentSetSize of job (KB)
...
006 (3445804.009.000) 01/31 00:40:14 Image size of job updated: 402060
	365  -  MemoryUsage of job (MB)
	373720  -  ResidentSetSize of job (KB)
...
006 (3445804.009.000) 01/31 00:45:15 Image size of job updated: 402060
	365  -  MemoryUsage of job (MB)
	373748  -  ResidentSetSize of job (KB)
...
006 (3445804.009.000) 01/31 00:50:15 Image size of job updated: 402060
	366  -  MemoryUsage of job (MB)
	373780  -  ResidentSetSize of job (KB)
...
006 (3445804.009.000) 01/31 00:55:16 Image size of job updated: 402060
	366  -  MemoryUsage of job (MB)
	373816  -  ResidentSetSize of job (KB)
...
006 (3445804.009.000) 01/31 01:00:17 Image size of job updated: 402060
	366  -  MemoryUsage of job (MB)
	373820  -  ResidentSetSize of job (KB)
...
006 (3445804.009.000) 01/31 01:05:17 Image size of job updated: 402060
	366  -  MemoryUsage of job (MB)
	373856  -  ResidentSetSize of job (KB)
...
006 (3445804.009.000) 01/31 01:10:43 Image size of job updated: 402060
	366  -  MemoryUsage of job (MB)
	373900  -  ResidentSetSize of job (KB)
...
006 (3445804.009.000) 01/31 01:25:18 Image size of job updated: 402060
	366  -  MemoryUsage of job (MB)
	373912  -  ResidentSetSize of job (KB)
...
006 (3445804.009.000) 01/31 01:35:20 Image size of job updated: 402060
	366  -  MemoryUsage of job (MB)
	373952  -  ResidentSetSize of job (KB)
...
006 (3445804.009.000) 01/31 01:40:20 Image size of job updated: 402060
	366  -  MemoryUsage of job (MB)
	373960  -  ResidentSetSize of job (KB)
...
006 (3445804.009.000) 01/31 01:45:21 Image size of job updated: 402060
	366  -  MemoryUsage of job (MB)
	373996  -  ResidentSetSize of job (KB)
...
006 (3445804.009.000) 01/31 01:50:22 Image size of job updated: 402060
	366  -  MemoryUsage of job (MB)
	374052  -  ResidentSetSize of job (KB)
...
006 (3445804.009.000) 01/31 01:55:22 Image size of job updated: 402060
	366  -  MemoryUsage of job (MB)
	374068  -  ResidentSetSize of job (KB)
...
006 (3445804.009.000) 01/31 02:15:25 Image size of job updated: 402060
	366  -  MemoryUsage of job (MB)
	374096  -  ResidentSetSize of job (KB)
...
006 (3445804.009.000) 01/31 02:20:26 Image size of job updated: 402060
	366  -  MemoryUsage of job (MB)
	374132  -  ResidentSetSize of job (KB)
...
006 (3445804.009.000) 01/31 02:25:26 Image size of job updated: 402060
	366  -  MemoryUsage of job (MB)
	374200  -  ResidentSetSize of job (KB)
...
006 (3445804.009.000) 01/31 02:30:26 Image size of job updated: 402060
	366  -  MemoryUsage of job (MB)
	374228  -  ResidentSetSize of job (KB)
...
006 (3445804.009.000) 01/31 02:35:27 Image size of job updated: 402060
	366  -  MemoryUsage of job (MB)
	374256  -  ResidentSetSize of job (KB)
...
006 (3445804.009.000) 01/31 02:40:28 Image size of job updated: 402060
	366  -  MemoryUsage of job (MB)
	374264  -  ResidentSetSize of job (KB)
...
006 (3445804.009.000) 01/31 02:45:28 Image size of job updated: 402060
	366  -  MemoryUsage of job (MB)
	374288  -  ResidentSetSize of job (KB)
...
006 (3445804.009.000) 01/31 02:50:29 Image size of job updated: 402060
	366  -  MemoryUsage of job (MB)
	374292  -  ResidentSetSize of job (KB)
...
006 (3445804.009.000) 01/31 03:00:30 Image size of job updated: 402060
	366  -  MemoryUsage of job (MB)
	374324  -  ResidentSetSize of job (KB)
...
006 (3445804.009.000) 01/31 03:05:30 Image size of job updated: 402060
	366  -  MemoryUsage of job (MB)
	374332  -  ResidentSetSize of job (KB)
...
006 (3445804.009.000) 01/31 03:10:31 Image size of job updated: 402060
	366  -  MemoryUsage of job (MB)
	374388  -  ResidentSetSize of job (KB)
...
006 (3445804.009.000) 01/31 03:15:31 Image size of job updated: 402060
	366  -  MemoryUsage of job (MB)
	374408  -  ResidentSetSize of job (KB)
...
006 (3445804.009.000) 01/31 03:20:31 Image size of job updated: 402060
	366  -  MemoryUsage of job (MB)
	374416  -  ResidentSetSize of job (KB)
...
006 (3445804.009.000) 01/31 03:25:32 Image size of job updated: 402060
	366  -  MemoryUsage of job (MB)
	374444  -  ResidentSetSize of job (KB)
...
006 (3445804.009.000) 01/31 03:35:32 Image size of job updated: 402060
	366  -  MemoryUsage of job (MB)
	374472  -  ResidentSetSize of job (KB)
...
006 (3445804.009.000) 01/31 03:45:34 Image size of job updated: 402060
	366  -  MemoryUsage of job (MB)
	374476  -  ResidentSetSize of job (KB)
...
006 (3445804.009.000) 01/31 03:50:34 Image size of job updated: 402060
	366  -  MemoryUsage of job (MB)
	374532  -  ResidentSetSize of job (KB)
...
006 (3445804.009.000) 01/31 03:55:35 Image size of job updated: 402060
	366  -  MemoryUsage of job (MB)
	374536  -  ResidentSetSize of job (KB)
...
006 (3445804.009.000) 01/31 04:00:36 Image size of job updated: 402060
	366  -  MemoryUsage of job (MB)
	374540  -  ResidentSetSize of job (KB)
...
006 (3445804.009.000) 01/31 04:05:36 Image size of job updated: 402060
	366  -  MemoryUsage of job (MB)
	374552  -  ResidentSetSize of job (KB)
...
006 (3445804.009.000) 01/31 04:10:37 Image size of job updated: 402060
	366  -  MemoryUsage of job (MB)
	374556  -  ResidentSetSize of job (KB)
...
006 (3445804.009.000) 01/31 04:15:38 Image size of job updated: 402060
	366  -  MemoryUsage of job (MB)
	374684  -  ResidentSetSize of job (KB)
...
006 (3445804.009.000) 01/31 04:20:38 Image size of job updated: 402060
	366  -  MemoryUsage of job (MB)
	374768  -  ResidentSetSize of job (KB)
...
006 (3445804.009.000) 01/31 04:35:39 Image size of job updated: 402060
	367  -  MemoryUsage of job (MB)
	374796  -  ResidentSetSize of job (KB)
...
006 (3445804.009.000) 01/31 04:40:40 Image size of job updated: 402060
	367  -  MemoryUsage of job (MB)
	374808  -  ResidentSetSize of job (KB)
...
006 (3445804.009.000) 01/31 04:55:41 Image size of job updated: 402060
	367  -  MemoryUsage of job (MB)
	374824  -  ResidentSetSize of job (KB)
...
006 (3445804.009.000) 01/31 05:00:43 Image size of job updated: 402060
	367  -  MemoryUsage of job (MB)
	374832  -  ResidentSetSize of job (KB)
...
006 (3445804.009.000) 01/31 05:05:43 Image size of job updated: 402060
	367  -  MemoryUsage of job (MB)
	374852  -  ResidentSetSize of job (KB)
...
006 (3445804.009.000) 01/31 05:10:43 Image size of job updated: 402060
	367  -  MemoryUsage of job (MB)
	374868  -  ResidentSetSize of job (KB)
...
006 (3445804.009.000) 01/31 05:15:44 Image size of job updated: 402060
	367  -  MemoryUsage of job (MB)
	374892  -  ResidentSetSize of job (KB)
...
006 (3445804.009.000) 01/31 05:20:45 Image size of job updated: 402060
	367  -  MemoryUsage of job (MB)
	374916  -  ResidentSetSize of job (KB)
...
006 (3445804.009.000) 01/31 05:30:46 Image size of job updated: 402060
	367  -  MemoryUsage of job (MB)
	374960  -  ResidentSetSize of job (KB)
...
006 (3445804.009.000) 01/31 05:35:47 Image size of job updated: 402060
	367  -  MemoryUsage of job (MB)
	375040  -  ResidentSetSize of job (KB)
...
006 (3445804.009.000) 01/31 05:50:48 Image size of job updated: 402060
	367  -  MemoryUsage of job (MB)
	375080  -  ResidentSetSize of job (KB)
...
006 (3445804.009.000) 01/31 06:20:52 Image size of job updated: 402060
	367  -  MemoryUsage of job (MB)
	375092  -  ResidentSetSize of job (KB)
...
006 (3445804.009.000) 01/31 06:25:53 Image size of job updated: 402060
	367  -  MemoryUsage of job (MB)
	375104  -  ResidentSetSize of job (KB)
...
006 (3445804.009.000) 01/31 06:30:53 Image size of job updated: 402060
	367  -  MemoryUsage of job (MB)
	375116  -  ResidentSetSize of job (KB)
...
006 (3445804.009.000) 01/31 06:40:54 Image size of job updated: 402060
	367  -  MemoryUsage of job (MB)
	375140  -  ResidentSetSize of job (KB)
...
006 (3445804.009.000) 01/31 06:45:55 Image size of job updated: 402060
	367  -  MemoryUsage of job (MB)
	375180  -  ResidentSetSize of job (KB)
...
006 (3445804.009.000) 01/31 06:50:55 Image size of job updated: 402060
	367  -  MemoryUsage of job (MB)
	375184  -  ResidentSetSize of job (KB)
...
006 (3445804.009.000) 01/31 06:55:56 Image size of job updated: 402060
	367  -  MemoryUsage of job (MB)
	375268  -  ResidentSetSize of job (KB)
...
006 (3445804.009.000) 01/31 07:15:59 Image size of job updated: 402060
	367  -  MemoryUsage of job (MB)
	375272  -  ResidentSetSize of job (KB)
...
006 (3445804.009.000) 01/31 07:20:59 Image size of job updated: 402060
	367  -  MemoryUsage of job (MB)
	375296  -  ResidentSetSize of job (KB)
...
006 (3445804.009.000) 01/31 07:31:00 Image size of job updated: 402060
	367  -  MemoryUsage of job (MB)
	375344  -  ResidentSetSize of job (KB)
...
006 (3445804.009.000) 01/31 07:36:00 Image size of job updated: 402060
	367  -  MemoryUsage of job (MB)
	375348  -  ResidentSetSize of job (KB)
...
006 (3445804.009.000) 01/31 07:41:00 Image size of job updated: 402060
	367  -  MemoryUsage of job (MB)
	375360  -  ResidentSetSize of job (KB)
...
006 (3445804.009.000) 01/31 07:46:01 Image size of job updated: 402060
	367  -  MemoryUsage of job (MB)
	375376  -  ResidentSetSize of job (KB)
...
006 (3445804.009.000) 01/31 07:51:01 Image size of job updated: 402060
	367  -  MemoryUsage of job (MB)
	375416  -  ResidentSetSize of job (KB)
...
006 (3445804.009.000) 01/31 07:56:02 Image size of job updated: 402060
	367  -  MemoryUsage of job (MB)
	375424  -  ResidentSetSize of job (KB)
...
006 (3445804.009.000) 01/31 08:01:03 Image size of job updated: 402060
	367  -  MemoryUsage of job (MB)
	375440  -  ResidentSetSize of job (KB)
...
006 (3445804.009.000) 01/31 08:06:03 Image size of job updated: 402060
	367  -  MemoryUsage of job (MB)
	375488  -  ResidentSetSize of job (KB)
...
006 (3445804.009.000) 01/31 08:13:08 Image size of job updated: 402060
	367  -  MemoryUsage of job (MB)
	375520  -  ResidentSetSize of job (KB)
...
006 (3445804.009.000) 01/31 08:24:24 Image size of job updated: 402060
	367  -  MemoryUsage of job (MB)
	375552  -  ResidentSetSize of job (KB)
...
006 (3445804.009.000) 01/31 08:29:25 Image size of job updated: 402060
	367  -  MemoryUsage of job (MB)
	375592  -  ResidentSetSize of job (KB)
...
006 (3445804.009.000) 01/31 08:39:26 Image size of job updated: 402060
	367  -  MemoryUsage of job (MB)
	375600  -  ResidentSetSize of job (KB)
...
006 (3445804.009.000) 01/31 08:44:27 Image size of job updated: 402060
	367  -  MemoryUsage of job (MB)
	375636  -  ResidentSetSize of job (KB)
...
006 (3445804.009.000) 01/31 08:54:28 Image size of job updated: 402060
	367  -  MemoryUsage of job (MB)
	375668  -  ResidentSetSize of job (KB)
...
006 (3445804.009.000) 01/31 08:59:29 Image size of job updated: 402060
	367  -  MemoryUsage of job (MB)
	375688  -  ResidentSetSize of job (KB)
...
006 (3445804.009.000) 01/31 09:09:30 Image size of job updated: 402060
	367  -  MemoryUsage of job (MB)
	375724  -  ResidentSetSize of job (KB)
...
006 (3445804.009.000) 01/31 09:14:31 Image size of job updated: 402060
	367  -  MemoryUsage of job (MB)
	375732  -  ResidentSetSize of job (KB)
...
006 (3445804.009.000) 01/31 09:19:32 Image size of job updated: 402060
	367  -  MemoryUsage of job (MB)
	375760  -  ResidentSetSize of job (KB)
...
006 (3445804.009.000) 01/31 09:24:32 Image size of job updated: 402060
	368  -  MemoryUsage of job (MB)
	375824  -  ResidentSetSize of job (KB)
...
006 (3445804.009.000) 01/31 09:39:33 Image size of job updated: 402060
	368  -  MemoryUsage of job (MB)
	375836  -  ResidentSetSize of job (KB)
...
006 (3445804.009.000) 01/31 09:49:34 Image size of job updated: 402060
	368  -  MemoryUsage of job (MB)
	375864  -  ResidentSetSize of job (KB)
...
006 (3445804.009.000) 01/31 09:54:35 Image size of job updated: 402060
	368  -  MemoryUsage of job (MB)
	375876  -  ResidentSetSize of job (KB)
...
006 (3445804.009.000) 01/31 09:59:35 Image size of job updated: 402060
	368  -  MemoryUsage of job (MB)
	375908  -  ResidentSetSize of job (KB)
...
006 (3445804.009.000) 01/31 10:04:35 Image size of job updated: 402060
	368  -  MemoryUsage of job (MB)
	375956  -  ResidentSetSize of job (KB)
...
006 (3445804.009.000) 01/31 10:19:36 Image size of job updated: 402060
	368  -  MemoryUsage of job (MB)
	375972  -  ResidentSetSize of job (KB)
...
006 (3445804.009.000) 01/31 10:29:38 Image size of job updated: 402060
	368  -  MemoryUsage of job (MB)
	376000  -  ResidentSetSize of job (KB)
...
006 (3445804.009.000) 01/31 10:34:38 Image size of job updated: 402060
	368  -  MemoryUsage of job (MB)
	376012  -  ResidentSetSize of job (KB)
...
006 (3445804.009.000) 01/31 10:39:38 Image size of job updated: 402060
	368  -  MemoryUsage of job (MB)
	376036  -  ResidentSetSize of job (KB)
...
006 (3445804.009.000) 01/31 10:44:39 Image size of job updated: 402060
	368  -  MemoryUsage of job (MB)
	376072  -  ResidentSetSize of job (KB)
...
006 (3445804.009.000) 01/31 10:54:39 Image size of job updated: 402060
	368  -  MemoryUsage of job (MB)
	376080  -  ResidentSetSize of job (KB)
...
006 (3445804.009.000) 01/31 10:59:40 Image size of job updated: 402060
	368  -  MemoryUsage of job (MB)
	376096  -  ResidentSetSize of job (KB)
...
006 (3445804.009.000) 01/31 11:04:40 Image size of job updated: 402060
	368  -  MemoryUsage of job (MB)
	376140  -  ResidentSetSize of job (KB)
...
006 (3445804.009.000) 01/31 11:14:41 Image size of job updated: 402060
	368  -  MemoryUsage of job (MB)
	376168  -  ResidentSetSize of job (KB)
...
006 (3445804.009.000) 01/31 11:19:41 Image size of job updated: 402060
	368  -  MemoryUsage of job (MB)
	376200  -  ResidentSetSize of job (KB)
...
006 (3445804.009.000) 01/31 11:24:41 Image size of job updated: 402060
	368  -  MemoryUsage of job (MB)
	376208  -  ResidentSetSize of job (KB)
...
006 (3445804.009.000) 01/31 11:29:42 Image size of job updated: 402060
	368  -  MemoryUsage of job (MB)
	376228  -  ResidentSetSize of job (KB)
...
006 (3445804.009.000) 01/31 11:34:42 Image size of job updated: 402060
	368  -  MemoryUsage of job (MB)
	376264  -  ResidentSetSize of job (KB)
...
006 (3445804.009.000) 01/31 11:39:42 Image size of job updated: 402060
	368  -  MemoryUsage of job (MB)
	376280  -  ResidentSetSize of job (KB)
...
006 (3445804.009.000) 01/31 11:44:43 Image size of job updated: 402060
	368  -  MemoryUsage of job (MB)
	376320  -  ResidentSetSize of job (KB)
...
006 (3445804.009.000) 01/31 11:54:43 Image size of job updated: 402060
	368  -  MemoryUsage of job (MB)
	376360  -  ResidentSetSize of job (KB)
...
006 (3445804.009.000) 01/31 11:59:44 Image size of job updated: 402060
	368  -  MemoryUsage of job (MB)
	376364  -  ResidentSetSize of job (KB)
...
006 (3445804.009.000) 01/31 12:09:44 Image size of job updated: 402060
	368  -  MemoryUsage of job (MB)
	376396  -  ResidentSetSize of job (KB)
...
006 (3445804.009.000) 01/31 12:14:45 Image size of job updated: 402060
	368  -  MemoryUsage of job (MB)
	376440  -  ResidentSetSize of job (KB)
...
006 (3445804.009.000) 01/31 12:19:45 Image size of job updated: 402060
	368  -  MemoryUsage of job (MB)
	376472  -  ResidentSetSize of job (KB)
...
006 (3445804.009.000) 01/31 12:34:46 Image size of job updated: 402060
	368  -  MemoryUsage of job (MB)
	376536  -  ResidentSetSize of job (KB)
...
006 (3445804.009.000) 01/31 12:39:46 Image size of job updated: 402060
	368  -  MemoryUsage of job (MB)
	376548  -  ResidentSetSize of job (KB)
...
006 (3445804.009.000) 01/31 12:44:47 Image size of job updated: 402060
	368  -  MemoryUsage of job (MB)
	376564  -  ResidentSetSize of job (KB)
...
006 (3445804.009.000) 01/31 12:59:48 Image size of job updated: 402060
	368  -  MemoryUsage of job (MB)
	376576  -  ResidentSetSize of job (KB)
...
006 (3445804.009.000) 01/31 13:04:48 Image size of job updated: 402060
	368  -  MemoryUsage of job (MB)
	376584  -  ResidentSetSize of job (KB)
...
006 (3445804.009.000) 01/31 13:09:48 Image size of job updated: 402060
	368  -  MemoryUsage of job (MB)
	376612  -  ResidentSetSize of job (KB)
...
006 (3445804.009.000) 01/31 13:14:49 Image size of job updated: 402060
	368  -  MemoryUsage of job (MB)
	376644  -  ResidentSetSize of job (KB)
...
006 (3445804.009.000) 01/31 13:19:49 Image size of job updated: 402060
	368  -  MemoryUsage of job (MB)
	376648  -  ResidentSetSize of job (KB)
...
006 (3445804.009.000) 01/31 13:24:49 Image size of job updated: 402060
	368  -  MemoryUsage of job (MB)
	376688  -  ResidentSetSize of job (KB)
...
006 (3445804.009.000) 01/31 13:29:50 Image size of job updated: 402060
	368  -  MemoryUsage of job (MB)
	376700  -  ResidentSetSize of job (KB)
...
006 (3445804.009.000) 01/31 13:34:51 Image size of job updated: 402060
	368  -  MemoryUsage of job (MB)
	376740  -  ResidentSetSize of job (KB)
...
006 (3445804.009.000) 01/31 13:44:51 Image size of job updated: 402060
	368  -  MemoryUsage of job (MB)
	376816  -  ResidentSetSize of job (KB)
...
006 (3445804.009.000) 01/31 13:49:52 Image size of job updated: 402060
	369  -  MemoryUsage of job (MB)
	376848  -  ResidentSetSize of job (KB)
...
006 (3445804.009.000) 01/31 13:54:53 Image size of job updated: 402060
	369  -  MemoryUsage of job (MB)
	376860  -  ResidentSetSize of job (KB)
...
006 (3445804.009.000) 01/31 13:59:53 Image size of job updated: 402060
	369  -  MemoryUsage of job (MB)
	376900  -  ResidentSetSize of job (KB)
...
006 (3445804.009.000) 01/31 14:04:53 Image size of job updated: 402060
	369  -  MemoryUsage of job (MB)
	376948  -  ResidentSetSize of job (KB)
...
006 (3445804.009.000) 01/31 14:09:54 Image size of job updated: 402060
	369  -  MemoryUsage of job (MB)
	376956  -  ResidentSetSize of job (KB)
...
006 (3445804.009.000) 01/31 14:14:55 Image size of job updated: 402060
	369  -  MemoryUsage of job (MB)
	377008  -  ResidentSetSize of job (KB)
...
006 (3445804.009.000) 01/31 14:19:55 Image size of job updated: 402060
	369  -  MemoryUsage of job (MB)
	377052  -  ResidentSetSize of job (KB)
...
006 (3445804.009.000) 01/31 14:24:55 Image size of job updated: 402060
	369  -  MemoryUsage of job (MB)
	377072  -  ResidentSetSize of job (KB)
...
006 (3445804.009.000) 01/31 14:29:56 Image size of job updated: 402060
	369  -  MemoryUsage of job (MB)
	377088  -  ResidentSetSize of job (KB)
...
006 (3445804.009.000) 01/31 14:39:57 Image size of job updated: 402060
	369  -  MemoryUsage of job (MB)
	377100  -  ResidentSetSize of job (KB)
...
006 (3445804.009.000) 01/31 14:44:57 Image size of job updated: 402060
	369  -  MemoryUsage of job (MB)
	377160  -  ResidentSetSize of job (KB)
...
006 (3445804.009.000) 01/31 14:49:58 Image size of job updated: 402060
	369  -  MemoryUsage of job (MB)
	377188  -  ResidentSetSize of job (KB)
...
006 (3445804.009.000) 01/31 14:54:59 Image size of job updated: 402060
	369  -  MemoryUsage of job (MB)
	377256  -  ResidentSetSize of job (KB)
...
006 (3445804.009.000) 01/31 14:59:59 Image size of job updated: 402060
	369  -  MemoryUsage of job (MB)
	377288  -  ResidentSetSize of job (KB)
...
006 (3445804.009.000) 01/31 15:04:59 Image size of job updated: 402060
	369  -  MemoryUsage of job (MB)
	377336  -  ResidentSetSize of job (KB)
...
006 (3445804.009.000) 01/31 15:15:00 Image size of job updated: 402060
	369  -  MemoryUsage of job (MB)
	377408  -  ResidentSetSize of job (KB)
...
006 (3445804.009.000) 01/31 15:20:01 Image size of job updated: 402060
	369  -  MemoryUsage of job (MB)
	377452  -  ResidentSetSize of job (KB)
...
006 (3445804.009.000) 01/31 15:25:01 Image size of job updated: 402060
	369  -  MemoryUsage of job (MB)
	377476  -  ResidentSetSize of job (KB)
...
006 (3445804.009.000) 01/31 15:35:02 Image size of job updated: 402060
	369  -  MemoryUsage of job (MB)
	377540  -  ResidentSetSize of job (KB)
...
006 (3445804.009.000) 01/31 15:40:03 Image size of job updated: 402060
	369  -  MemoryUsage of job (MB)
	377580  -  ResidentSetSize of job (KB)
...
006 (3445804.009.000) 01/31 15:45:04 Image size of job updated: 402060
	369  -  MemoryUsage of job (MB)
	377608  -  ResidentSetSize of job (KB)
...
006 (3445804.009.000) 01/31 15:50:04 Image size of job updated: 402060
	369  -  MemoryUsage of job (MB)
	377620  -  ResidentSetSize of job (KB)
...
006 (3445804.009.000) 01/31 15:55:05 Image size of job updated: 402060
	369  -  MemoryUsage of job (MB)
	377660  -  ResidentSetSize of job (KB)
...
006 (3445804.009.000) 01/31 16:00:06 Image size of job updated: 402060
	370  -  MemoryUsage of job (MB)
	378312  -  ResidentSetSize of job (KB)
...
040 (3445804.009.000) 01/31 16:02:36 Started transferring output files
...
040 (3445804.009.000) 01/31 16:02:36 Finished transferring output files
...
005 (3445804.009.000) 01/31 16:02:36 Job terminated.
	(1) Normal termination (return value 0)
		Usr 1 11:20:49, Sys 0 00:02:17  -  Run Remote Usage
		Usr 0 00:00:00, Sys 0 00:00:00  -  Run Local Usage
		Usr 1 11:20:49, Sys 0 00:02:17  -  Total Remote Usage
		Usr 0 00:00:00, Sys 0 00:00:00  -  Total Local Usage
	34851  -  Run Bytes Sent By Job
	493  -  Run Bytes Received By Job
	34851  -  Total Bytes Sent By Job
	493  -  Total Bytes Received By Job
	Partitionable Resources :    Usage  Request Allocated 
	   Cpus                 :                 1           
	   Disk (KB)            :       47        1   2782835 
	   Memory (MB)          :      370     2000      2000 
...
