000 (3447419.002.000) 01/30 01:28:32 Job submitted from host: <188.185.71.142:9618?addrs=188.185.71.142-9618+[2001-1458-d00-7--100-388]-9618&alias=bigbird09.cern.ch&noUDP&sock=schedd_2208_1533_7>
...
040 (3447419.002.000) 01/30 07:10:06 Started transferring input files
	Transferring to host: <188.184.196.161:9618?addrs=188.184.196.161-9618+[2001-1458-301-102--100-b4]-9618&noUDP&sock=7904_d53a_198888>
...
040 (3447419.002.000) 01/30 07:10:06 Finished transferring input files
...
001 (3447419.002.000) 01/30 07:10:07 Job executing on host: <188.184.196.161:9618?addrs=188.184.196.161-9618+[2001-1458-301-102--100-b4]-9618&noUDP&sock=5777_1eb6_3>
...
006 (3447419.002.000) 01/30 07:10:16 Image size of job updated: 5228
	4  -  MemoryUsage of job (MB)
	4032  -  ResidentSetSize of job (KB)
...
006 (3447419.002.000) 01/30 07:15:17 Image size of job updated: 440308
	357  -  MemoryUsage of job (MB)
	365352  -  ResidentSetSize of job (KB)
...
006 (3447419.002.000) 01/30 07:35:20 Image size of job updated: 440316
	357  -  MemoryUsage of job (MB)
	365360  -  ResidentSetSize of job (KB)
...
006 (3447419.002.000) 01/30 08:05:22 Image size of job updated: 440316
	357  -  MemoryUsage of job (MB)
	365384  -  ResidentSetSize of job (KB)
...
006 (3447419.002.000) 01/30 11:00:39 Image size of job updated: 440316
	357  -  MemoryUsage of job (MB)
	365488  -  ResidentSetSize of job (KB)
...
006 (3447419.002.000) 01/30 11:05:39 Image size of job updated: 440316
	357  -  MemoryUsage of job (MB)
	365524  -  ResidentSetSize of job (KB)
...
006 (3447419.002.000) 01/30 11:10:40 Image size of job updated: 440316
	357  -  MemoryUsage of job (MB)
	365564  -  ResidentSetSize of job (KB)
...
006 (3447419.002.000) 01/30 11:25:41 Image size of job updated: 440316
	358  -  MemoryUsage of job (MB)
	365588  -  ResidentSetSize of job (KB)
...
006 (3447419.002.000) 01/30 11:30:42 Image size of job updated: 440316
	358  -  MemoryUsage of job (MB)
	365612  -  ResidentSetSize of job (KB)
...
006 (3447419.002.000) 01/30 11:35:42 Image size of job updated: 440316
	358  -  MemoryUsage of job (MB)
	365700  -  ResidentSetSize of job (KB)
...
006 (3447419.002.000) 01/30 11:40:42 Image size of job updated: 440316
	358  -  MemoryUsage of job (MB)
	365812  -  ResidentSetSize of job (KB)
...
006 (3447419.002.000) 01/30 11:45:43 Image size of job updated: 440316
	358  -  MemoryUsage of job (MB)
	365988  -  ResidentSetSize of job (KB)
...
006 (3447419.002.000) 01/30 11:50:43 Image size of job updated: 440316
	358  -  MemoryUsage of job (MB)
	366036  -  ResidentSetSize of job (KB)
...
006 (3447419.002.000) 01/30 11:55:43 Image size of job updated: 440324
	358  -  MemoryUsage of job (MB)
	366132  -  ResidentSetSize of job (KB)
...
006 (3447419.002.000) 01/30 12:00:44 Image size of job updated: 440440
	358  -  MemoryUsage of job (MB)
	366248  -  ResidentSetSize of job (KB)
...
006 (3447419.002.000) 01/30 12:05:45 Image size of job updated: 440540
	358  -  MemoryUsage of job (MB)
	366348  -  ResidentSetSize of job (KB)
...
006 (3447419.002.000) 01/30 12:10:45 Image size of job updated: 440616
	358  -  MemoryUsage of job (MB)
	366424  -  ResidentSetSize of job (KB)
...
006 (3447419.002.000) 01/30 12:15:45 Image size of job updated: 440760
	358  -  MemoryUsage of job (MB)
	366568  -  ResidentSetSize of job (KB)
...
006 (3447419.002.000) 01/30 12:20:46 Image size of job updated: 440816
	359  -  MemoryUsage of job (MB)
	366624  -  ResidentSetSize of job (KB)
...
006 (3447419.002.000) 01/30 12:25:46 Image size of job updated: 440944
	359  -  MemoryUsage of job (MB)
	366752  -  ResidentSetSize of job (KB)
...
006 (3447419.002.000) 01/30 12:30:46 Image size of job updated: 441000
	359  -  MemoryUsage of job (MB)
	366808  -  ResidentSetSize of job (KB)
...
006 (3447419.002.000) 01/30 12:35:47 Image size of job updated: 441128
	359  -  MemoryUsage of job (MB)
	366936  -  ResidentSetSize of job (KB)
...
006 (3447419.002.000) 01/30 12:40:48 Image size of job updated: 441284
	359  -  MemoryUsage of job (MB)
	367092  -  ResidentSetSize of job (KB)
...
006 (3447419.002.000) 01/30 12:45:48 Image size of job updated: 441328
	359  -  MemoryUsage of job (MB)
	367136  -  ResidentSetSize of job (KB)
...
006 (3447419.002.000) 01/30 12:50:49 Image size of job updated: 441432
	359  -  MemoryUsage of job (MB)
	367240  -  ResidentSetSize of job (KB)
...
006 (3447419.002.000) 01/30 12:55:50 Image size of job updated: 441456
	359  -  MemoryUsage of job (MB)
	367264  -  ResidentSetSize of job (KB)
...
006 (3447419.002.000) 01/30 13:00:50 Image size of job updated: 441604
	359  -  MemoryUsage of job (MB)
	367412  -  ResidentSetSize of job (KB)
...
006 (3447419.002.000) 01/30 13:05:50 Image size of job updated: 441720
	359  -  MemoryUsage of job (MB)
	367528  -  ResidentSetSize of job (KB)
...
006 (3447419.002.000) 01/30 13:15:51 Image size of job updated: 441888
	360  -  MemoryUsage of job (MB)
	367696  -  ResidentSetSize of job (KB)
...
006 (3447419.002.000) 01/30 13:20:51 Image size of job updated: 441944
	360  -  MemoryUsage of job (MB)
	367752  -  ResidentSetSize of job (KB)
...
006 (3447419.002.000) 01/30 13:25:52 Image size of job updated: 442040
	360  -  MemoryUsage of job (MB)
	367848  -  ResidentSetSize of job (KB)
...
006 (3447419.002.000) 01/30 13:30:52 Image size of job updated: 442040
	360  -  MemoryUsage of job (MB)
	367892  -  ResidentSetSize of job (KB)
...
006 (3447419.002.000) 01/30 13:35:52 Image size of job updated: 442040
	360  -  MemoryUsage of job (MB)
	367944  -  ResidentSetSize of job (KB)
...
006 (3447419.002.000) 01/30 13:40:53 Image size of job updated: 442040
	360  -  MemoryUsage of job (MB)
	368004  -  ResidentSetSize of job (KB)
...
006 (3447419.002.000) 01/30 13:45:54 Image size of job updated: 442040
	360  -  MemoryUsage of job (MB)
	368036  -  ResidentSetSize of job (KB)
...
006 (3447419.002.000) 01/30 13:50:54 Image size of job updated: 442040
	360  -  MemoryUsage of job (MB)
	368208  -  ResidentSetSize of job (KB)
...
006 (3447419.002.000) 01/30 13:55:55 Image size of job updated: 442040
	360  -  MemoryUsage of job (MB)
	368268  -  ResidentSetSize of job (KB)
...
006 (3447419.002.000) 01/30 14:00:56 Image size of job updated: 442040
	360  -  MemoryUsage of job (MB)
	368392  -  ResidentSetSize of job (KB)
...
006 (3447419.002.000) 01/30 14:05:56 Image size of job updated: 442040
	360  -  MemoryUsage of job (MB)
	368440  -  ResidentSetSize of job (KB)
...
006 (3447419.002.000) 01/30 14:10:57 Image size of job updated: 442040
	360  -  MemoryUsage of job (MB)
	368616  -  ResidentSetSize of job (KB)
...
006 (3447419.002.000) 01/30 14:15:58 Image size of job updated: 442040
	361  -  MemoryUsage of job (MB)
	368680  -  ResidentSetSize of job (KB)
...
006 (3447419.002.000) 01/30 14:20:58 Image size of job updated: 442040
	361  -  MemoryUsage of job (MB)
	368808  -  ResidentSetSize of job (KB)
...
006 (3447419.002.000) 01/30 14:30:58 Image size of job updated: 442040
	361  -  MemoryUsage of job (MB)
	368960  -  ResidentSetSize of job (KB)
...
006 (3447419.002.000) 01/30 14:35:58 Image size of job updated: 442040
	361  -  MemoryUsage of job (MB)
	369008  -  ResidentSetSize of job (KB)
...
006 (3447419.002.000) 01/30 14:40:59 Image size of job updated: 442040
	361  -  MemoryUsage of job (MB)
	369096  -  ResidentSetSize of job (KB)
...
006 (3447419.002.000) 01/30 14:45:59 Image size of job updated: 442040
	361  -  MemoryUsage of job (MB)
	369104  -  ResidentSetSize of job (KB)
...
006 (3447419.002.000) 01/30 14:50:59 Image size of job updated: 442040
	362  -  MemoryUsage of job (MB)
	369724  -  ResidentSetSize of job (KB)
...
006 (3447419.002.000) 01/30 14:56:00 Image size of job updated: 442040
	362  -  MemoryUsage of job (MB)
	369864  -  ResidentSetSize of job (KB)
...
006 (3447419.002.000) 01/30 15:01:00 Image size of job updated: 442040
	362  -  MemoryUsage of job (MB)
	370172  -  ResidentSetSize of job (KB)
...
006 (3447419.002.000) 01/30 15:06:00 Image size of job updated: 442040
	363  -  MemoryUsage of job (MB)
	371472  -  ResidentSetSize of job (KB)
...
006 (3447419.002.000) 01/30 15:11:01 Image size of job updated: 442040
	363  -  MemoryUsage of job (MB)
	371508  -  ResidentSetSize of job (KB)
...
006 (3447419.002.000) 01/30 15:16:01 Image size of job updated: 442040
	363  -  MemoryUsage of job (MB)
	371532  -  ResidentSetSize of job (KB)
...
006 (3447419.002.000) 01/30 15:21:01 Image size of job updated: 442040
	363  -  MemoryUsage of job (MB)
	371580  -  ResidentSetSize of job (KB)
...
006 (3447419.002.000) 01/30 15:26:02 Image size of job updated: 442040
	363  -  MemoryUsage of job (MB)
	371588  -  ResidentSetSize of job (KB)
...
006 (3447419.002.000) 01/30 15:31:02 Image size of job updated: 442040
	363  -  MemoryUsage of job (MB)
	371632  -  ResidentSetSize of job (KB)
...
006 (3447419.002.000) 01/30 15:36:02 Image size of job updated: 442040
	363  -  MemoryUsage of job (MB)
	371672  -  ResidentSetSize of job (KB)
...
006 (3447419.002.000) 01/30 15:41:03 Image size of job updated: 442040
	364  -  MemoryUsage of job (MB)
	371728  -  ResidentSetSize of job (KB)
...
006 (3447419.002.000) 01/30 15:46:04 Image size of job updated: 442040
	364  -  MemoryUsage of job (MB)
	371756  -  ResidentSetSize of job (KB)
...
006 (3447419.002.000) 01/30 15:51:04 Image size of job updated: 442040
	364  -  MemoryUsage of job (MB)
	371812  -  ResidentSetSize of job (KB)
...
006 (3447419.002.000) 01/30 16:01:06 Image size of job updated: 442040
	364  -  MemoryUsage of job (MB)
	371888  -  ResidentSetSize of job (KB)
...
006 (3447419.002.000) 01/30 16:06:06 Image size of job updated: 442040
	364  -  MemoryUsage of job (MB)
	371896  -  ResidentSetSize of job (KB)
...
006 (3447419.002.000) 01/30 16:11:06 Image size of job updated: 442040
	364  -  MemoryUsage of job (MB)
	371940  -  ResidentSetSize of job (KB)
...
006 (3447419.002.000) 01/30 16:16:07 Image size of job updated: 442040
	364  -  MemoryUsage of job (MB)
	371960  -  ResidentSetSize of job (KB)
...
006 (3447419.002.000) 01/30 16:26:07 Image size of job updated: 442040
	364  -  MemoryUsage of job (MB)
	372000  -  ResidentSetSize of job (KB)
...
006 (3447419.002.000) 01/30 16:31:08 Image size of job updated: 442040
	364  -  MemoryUsage of job (MB)
	372024  -  ResidentSetSize of job (KB)
...
006 (3447419.002.000) 01/30 16:41:08 Image size of job updated: 442040
	364  -  MemoryUsage of job (MB)
	372088  -  ResidentSetSize of job (KB)
...
006 (3447419.002.000) 01/30 16:46:10 Image size of job updated: 442040
	364  -  MemoryUsage of job (MB)
	372116  -  ResidentSetSize of job (KB)
...
006 (3447419.002.000) 01/30 16:51:10 Image size of job updated: 442040
	364  -  MemoryUsage of job (MB)
	372152  -  ResidentSetSize of job (KB)
...
006 (3447419.002.000) 01/30 16:56:10 Image size of job updated: 442040
	364  -  MemoryUsage of job (MB)
	372188  -  ResidentSetSize of job (KB)
...
006 (3447419.002.000) 01/30 17:01:11 Image size of job updated: 442040
	364  -  MemoryUsage of job (MB)
	372224  -  ResidentSetSize of job (KB)
...
006 (3447419.002.000) 01/30 17:11:12 Image size of job updated: 442040
	364  -  MemoryUsage of job (MB)
	372272  -  ResidentSetSize of job (KB)
...
006 (3447419.002.000) 01/30 17:16:13 Image size of job updated: 442040
	364  -  MemoryUsage of job (MB)
	372276  -  ResidentSetSize of job (KB)
...
006 (3447419.002.000) 01/30 17:21:14 Image size of job updated: 442040
	364  -  MemoryUsage of job (MB)
	372332  -  ResidentSetSize of job (KB)
...
006 (3447419.002.000) 01/30 17:26:14 Image size of job updated: 442040
	364  -  MemoryUsage of job (MB)
	372372  -  ResidentSetSize of job (KB)
...
006 (3447419.002.000) 01/30 17:31:15 Image size of job updated: 442040
	364  -  MemoryUsage of job (MB)
	372388  -  ResidentSetSize of job (KB)
...
006 (3447419.002.000) 01/30 17:41:16 Image size of job updated: 442040
	364  -  MemoryUsage of job (MB)
	372440  -  ResidentSetSize of job (KB)
...
006 (3447419.002.000) 01/30 17:46:16 Image size of job updated: 442040
	364  -  MemoryUsage of job (MB)
	372468  -  ResidentSetSize of job (KB)
...
006 (3447419.002.000) 01/30 17:51:17 Image size of job updated: 442040
	364  -  MemoryUsage of job (MB)
	372492  -  ResidentSetSize of job (KB)
...
006 (3447419.002.000) 01/30 17:56:17 Image size of job updated: 442040
	364  -  MemoryUsage of job (MB)
	372536  -  ResidentSetSize of job (KB)
...
006 (3447419.002.000) 01/30 18:01:17 Image size of job updated: 442040
	364  -  MemoryUsage of job (MB)
	372564  -  ResidentSetSize of job (KB)
...
006 (3447419.002.000) 01/30 18:06:18 Image size of job updated: 442040
	364  -  MemoryUsage of job (MB)
	372572  -  ResidentSetSize of job (KB)
...
006 (3447419.002.000) 01/30 18:11:19 Image size of job updated: 442040
	364  -  MemoryUsage of job (MB)
	372620  -  ResidentSetSize of job (KB)
...
006 (3447419.002.000) 01/30 18:16:20 Image size of job updated: 442040
	364  -  MemoryUsage of job (MB)
	372636  -  ResidentSetSize of job (KB)
...
006 (3447419.002.000) 01/30 18:21:20 Image size of job updated: 442040
	364  -  MemoryUsage of job (MB)
	372680  -  ResidentSetSize of job (KB)
...
006 (3447419.002.000) 01/30 18:26:21 Image size of job updated: 442040
	364  -  MemoryUsage of job (MB)
	372684  -  ResidentSetSize of job (KB)
...
006 (3447419.002.000) 01/30 18:31:22 Image size of job updated: 442040
	365  -  MemoryUsage of job (MB)
	372764  -  ResidentSetSize of job (KB)
...
006 (3447419.002.000) 01/30 18:36:22 Image size of job updated: 442040
	365  -  MemoryUsage of job (MB)
	372776  -  ResidentSetSize of job (KB)
...
006 (3447419.002.000) 01/30 18:41:23 Image size of job updated: 442040
	365  -  MemoryUsage of job (MB)
	372824  -  ResidentSetSize of job (KB)
...
006 (3447419.002.000) 01/30 18:51:24 Image size of job updated: 442040
	365  -  MemoryUsage of job (MB)
	372880  -  ResidentSetSize of job (KB)
...
006 (3447419.002.000) 01/30 18:56:24 Image size of job updated: 442040
	365  -  MemoryUsage of job (MB)
	372904  -  ResidentSetSize of job (KB)
...
006 (3447419.002.000) 01/30 19:01:25 Image size of job updated: 442040
	365  -  MemoryUsage of job (MB)
	372924  -  ResidentSetSize of job (KB)
...
006 (3447419.002.000) 01/30 19:06:25 Image size of job updated: 442040
	365  -  MemoryUsage of job (MB)
	372988  -  ResidentSetSize of job (KB)
...
006 (3447419.002.000) 01/30 19:11:25 Image size of job updated: 442040
	365  -  MemoryUsage of job (MB)
	373000  -  ResidentSetSize of job (KB)
...
006 (3447419.002.000) 01/30 19:16:26 Image size of job updated: 442040
	365  -  MemoryUsage of job (MB)
	373028  -  ResidentSetSize of job (KB)
...
006 (3447419.002.000) 01/30 19:21:26 Image size of job updated: 442040
	365  -  MemoryUsage of job (MB)
	373048  -  ResidentSetSize of job (KB)
...
006 (3447419.002.000) 01/30 19:26:26 Image size of job updated: 442040
	365  -  MemoryUsage of job (MB)
	373072  -  ResidentSetSize of job (KB)
...
006 (3447419.002.000) 01/30 19:31:28 Image size of job updated: 442040
	365  -  MemoryUsage of job (MB)
	373096  -  ResidentSetSize of job (KB)
...
006 (3447419.002.000) 01/30 19:36:28 Image size of job updated: 442040
	365  -  MemoryUsage of job (MB)
	373120  -  ResidentSetSize of job (KB)
...
006 (3447419.002.000) 01/30 19:41:28 Image size of job updated: 442040
	365  -  MemoryUsage of job (MB)
	373136  -  ResidentSetSize of job (KB)
...
006 (3447419.002.000) 01/30 19:46:29 Image size of job updated: 442040
	365  -  MemoryUsage of job (MB)
	373204  -  ResidentSetSize of job (KB)
...
006 (3447419.002.000) 01/30 19:51:29 Image size of job updated: 442040
	365  -  MemoryUsage of job (MB)
	373236  -  ResidentSetSize of job (KB)
...
006 (3447419.002.000) 01/30 19:56:29 Image size of job updated: 442040
	365  -  MemoryUsage of job (MB)
	373276  -  ResidentSetSize of job (KB)
...
006 (3447419.002.000) 01/30 20:01:31 Image size of job updated: 442040
	365  -  MemoryUsage of job (MB)
	373288  -  ResidentSetSize of job (KB)
...
006 (3447419.002.000) 01/30 20:06:31 Image size of job updated: 442040
	365  -  MemoryUsage of job (MB)
	373348  -  ResidentSetSize of job (KB)
...
006 (3447419.002.000) 01/30 20:16:32 Image size of job updated: 442040
	365  -  MemoryUsage of job (MB)
	373396  -  ResidentSetSize of job (KB)
...
006 (3447419.002.000) 01/30 20:21:33 Image size of job updated: 442040
	365  -  MemoryUsage of job (MB)
	373420  -  ResidentSetSize of job (KB)
...
006 (3447419.002.000) 01/30 20:26:33 Image size of job updated: 442040
	365  -  MemoryUsage of job (MB)
	373448  -  ResidentSetSize of job (KB)
...
006 (3447419.002.000) 01/30 20:31:34 Image size of job updated: 442040
	365  -  MemoryUsage of job (MB)
	373464  -  ResidentSetSize of job (KB)
...
006 (3447419.002.000) 01/30 20:36:35 Image size of job updated: 442040
	365  -  MemoryUsage of job (MB)
	373572  -  ResidentSetSize of job (KB)
...
006 (3447419.002.000) 01/30 20:41:35 Image size of job updated: 442040
	365  -  MemoryUsage of job (MB)
	373608  -  ResidentSetSize of job (KB)
...
006 (3447419.002.000) 01/30 20:46:36 Image size of job updated: 442040
	365  -  MemoryUsage of job (MB)
	373612  -  ResidentSetSize of job (KB)
...
006 (3447419.002.000) 01/30 20:51:37 Image size of job updated: 442040
	365  -  MemoryUsage of job (MB)
	373648  -  ResidentSetSize of job (KB)
...
006 (3447419.002.000) 01/30 20:56:37 Image size of job updated: 442040
	365  -  MemoryUsage of job (MB)
	373724  -  ResidentSetSize of job (KB)
...
006 (3447419.002.000) 01/30 21:06:39 Image size of job updated: 442040
	366  -  MemoryUsage of job (MB)
	373764  -  ResidentSetSize of job (KB)
...
006 (3447419.002.000) 01/30 21:11:39 Image size of job updated: 442040
	366  -  MemoryUsage of job (MB)
	373788  -  ResidentSetSize of job (KB)
...
006 (3447419.002.000) 01/30 21:16:40 Image size of job updated: 442040
	366  -  MemoryUsage of job (MB)
	373792  -  ResidentSetSize of job (KB)
...
006 (3447419.002.000) 01/30 21:26:41 Image size of job updated: 442040
	366  -  MemoryUsage of job (MB)
	373872  -  ResidentSetSize of job (KB)
...
006 (3447419.002.000) 01/30 21:31:41 Image size of job updated: 442040
	366  -  MemoryUsage of job (MB)
	373892  -  ResidentSetSize of job (KB)
...
006 (3447419.002.000) 01/30 21:41:42 Image size of job updated: 442040
	366  -  MemoryUsage of job (MB)
	373944  -  ResidentSetSize of job (KB)
...
006 (3447419.002.000) 01/30 21:46:43 Image size of job updated: 442040
	366  -  MemoryUsage of job (MB)
	373960  -  ResidentSetSize of job (KB)
...
006 (3447419.002.000) 01/30 21:51:43 Image size of job updated: 442040
	366  -  MemoryUsage of job (MB)
	373996  -  ResidentSetSize of job (KB)
...
006 (3447419.002.000) 01/30 22:01:45 Image size of job updated: 442040
	366  -  MemoryUsage of job (MB)
	374032  -  ResidentSetSize of job (KB)
...
006 (3447419.002.000) 01/30 22:06:45 Image size of job updated: 442040
	366  -  MemoryUsage of job (MB)
	374076  -  ResidentSetSize of job (KB)
...
006 (3447419.002.000) 01/30 22:11:46 Image size of job updated: 442040
	366  -  MemoryUsage of job (MB)
	374112  -  ResidentSetSize of job (KB)
...
006 (3447419.002.000) 01/30 22:21:47 Image size of job updated: 442040
	366  -  MemoryUsage of job (MB)
	374160  -  ResidentSetSize of job (KB)
...
006 (3447419.002.000) 01/30 22:26:48 Image size of job updated: 442040
	366  -  MemoryUsage of job (MB)
	374168  -  ResidentSetSize of job (KB)
...
006 (3447419.002.000) 01/30 22:31:49 Image size of job updated: 442040
	366  -  MemoryUsage of job (MB)
	374196  -  ResidentSetSize of job (KB)
...
006 (3447419.002.000) 01/30 22:36:49 Image size of job updated: 442040
	366  -  MemoryUsage of job (MB)
	374232  -  ResidentSetSize of job (KB)
...
006 (3447419.002.000) 01/30 22:41:49 Image size of job updated: 442040
	366  -  MemoryUsage of job (MB)
	374244  -  ResidentSetSize of job (KB)
...
006 (3447419.002.000) 01/30 22:46:50 Image size of job updated: 442040
	366  -  MemoryUsage of job (MB)
	374284  -  ResidentSetSize of job (KB)
...
006 (3447419.002.000) 01/30 22:56:50 Image size of job updated: 442040
	366  -  MemoryUsage of job (MB)
	374324  -  ResidentSetSize of job (KB)
...
006 (3447419.002.000) 01/30 23:01:51 Image size of job updated: 442040
	366  -  MemoryUsage of job (MB)
	374360  -  ResidentSetSize of job (KB)
...
006 (3447419.002.000) 01/30 23:06:51 Image size of job updated: 442040
	366  -  MemoryUsage of job (MB)
	374372  -  ResidentSetSize of job (KB)
...
006 (3447419.002.000) 01/30 23:16:52 Image size of job updated: 442040
	366  -  MemoryUsage of job (MB)
	374408  -  ResidentSetSize of job (KB)
...
006 (3447419.002.000) 01/30 23:21:52 Image size of job updated: 442040
	366  -  MemoryUsage of job (MB)
	374460  -  ResidentSetSize of job (KB)
...
006 (3447419.002.000) 01/30 23:26:53 Image size of job updated: 442040
	366  -  MemoryUsage of job (MB)
	374500  -  ResidentSetSize of job (KB)
...
006 (3447419.002.000) 01/30 23:31:54 Image size of job updated: 442040
	366  -  MemoryUsage of job (MB)
	374548  -  ResidentSetSize of job (KB)
...
006 (3447419.002.000) 01/30 23:41:55 Image size of job updated: 442040
	366  -  MemoryUsage of job (MB)
	374616  -  ResidentSetSize of job (KB)
...
006 (3447419.002.000) 01/30 23:46:56 Image size of job updated: 442040
	366  -  MemoryUsage of job (MB)
	374636  -  ResidentSetSize of job (KB)
...
006 (3447419.002.000) 01/30 23:51:56 Image size of job updated: 442040
	366  -  MemoryUsage of job (MB)
	374656  -  ResidentSetSize of job (KB)
...
006 (3447419.002.000) 01/30 23:56:57 Image size of job updated: 442040
	366  -  MemoryUsage of job (MB)
	374716  -  ResidentSetSize of job (KB)
...
006 (3447419.002.000) 01/31 00:01:57 Image size of job updated: 442040
	366  -  MemoryUsage of job (MB)
	374720  -  ResidentSetSize of job (KB)
...
006 (3447419.002.000) 01/31 00:06:57 Image size of job updated: 442040
	366  -  MemoryUsage of job (MB)
	374772  -  ResidentSetSize of job (KB)
...
006 (3447419.002.000) 01/31 00:11:58 Image size of job updated: 442040
	367  -  MemoryUsage of job (MB)
	374816  -  ResidentSetSize of job (KB)
...
006 (3447419.002.000) 01/31 00:16:58 Image size of job updated: 442040
	367  -  MemoryUsage of job (MB)
	374844  -  ResidentSetSize of job (KB)
...
006 (3447419.002.000) 01/31 00:21:58 Image size of job updated: 442040
	367  -  MemoryUsage of job (MB)
	374868  -  ResidentSetSize of job (KB)
...
006 (3447419.002.000) 01/31 00:27:00 Image size of job updated: 442040
	367  -  MemoryUsage of job (MB)
	374892  -  ResidentSetSize of job (KB)
...
006 (3447419.002.000) 01/31 00:32:00 Image size of job updated: 442040
	367  -  MemoryUsage of job (MB)
	374908  -  ResidentSetSize of job (KB)
...
006 (3447419.002.000) 01/31 00:37:00 Image size of job updated: 442040
	367  -  MemoryUsage of job (MB)
	374940  -  ResidentSetSize of job (KB)
...
006 (3447419.002.000) 01/31 00:42:01 Image size of job updated: 442040
	367  -  MemoryUsage of job (MB)
	374964  -  ResidentSetSize of job (KB)
...
006 (3447419.002.000) 01/31 00:47:02 Image size of job updated: 442040
	367  -  MemoryUsage of job (MB)
	374996  -  ResidentSetSize of job (KB)
...
006 (3447419.002.000) 01/31 00:52:02 Image size of job updated: 442040
	367  -  MemoryUsage of job (MB)
	375068  -  ResidentSetSize of job (KB)
...
006 (3447419.002.000) 01/31 01:02:04 Image size of job updated: 442040
	367  -  MemoryUsage of job (MB)
	375096  -  ResidentSetSize of job (KB)
...
006 (3447419.002.000) 01/31 01:07:04 Image size of job updated: 442040
	367  -  MemoryUsage of job (MB)
	375132  -  ResidentSetSize of job (KB)
...
006 (3447419.002.000) 01/31 01:12:05 Image size of job updated: 442040
	367  -  MemoryUsage of job (MB)
	375136  -  ResidentSetSize of job (KB)
...
006 (3447419.002.000) 01/31 01:17:06 Image size of job updated: 442040
	367  -  MemoryUsage of job (MB)
	375188  -  ResidentSetSize of job (KB)
...
006 (3447419.002.000) 01/31 01:22:06 Image size of job updated: 442040
	367  -  MemoryUsage of job (MB)
	375224  -  ResidentSetSize of job (KB)
...
006 (3447419.002.000) 01/31 01:27:06 Image size of job updated: 442040
	367  -  MemoryUsage of job (MB)
	375240  -  ResidentSetSize of job (KB)
...
006 (3447419.002.000) 01/31 01:32:07 Image size of job updated: 442040
	367  -  MemoryUsage of job (MB)
	375260  -  ResidentSetSize of job (KB)
...
006 (3447419.002.000) 01/31 01:37:07 Image size of job updated: 442040
	367  -  MemoryUsage of job (MB)
	375312  -  ResidentSetSize of job (KB)
...
006 (3447419.002.000) 01/31 01:42:07 Image size of job updated: 442040
	367  -  MemoryUsage of job (MB)
	375372  -  ResidentSetSize of job (KB)
...
006 (3447419.002.000) 01/31 01:52:08 Image size of job updated: 442040
	367  -  MemoryUsage of job (MB)
	375380  -  ResidentSetSize of job (KB)
...
006 (3447419.002.000) 01/31 01:57:08 Image size of job updated: 442040
	367  -  MemoryUsage of job (MB)
	375416  -  ResidentSetSize of job (KB)
...
006 (3447419.002.000) 01/31 02:02:09 Image size of job updated: 442040
	367  -  MemoryUsage of job (MB)
	375428  -  ResidentSetSize of job (KB)
...
006 (3447419.002.000) 01/31 02:07:10 Image size of job updated: 442040
	367  -  MemoryUsage of job (MB)
	375468  -  ResidentSetSize of job (KB)
...
006 (3447419.002.000) 01/31 02:12:10 Image size of job updated: 442040
	367  -  MemoryUsage of job (MB)
	375496  -  ResidentSetSize of job (KB)
...
006 (3447419.002.000) 01/31 02:17:11 Image size of job updated: 442040
	367  -  MemoryUsage of job (MB)
	375508  -  ResidentSetSize of job (KB)
...
006 (3447419.002.000) 01/31 02:22:12 Image size of job updated: 442040
	367  -  MemoryUsage of job (MB)
	375564  -  ResidentSetSize of job (KB)
...
006 (3447419.002.000) 01/31 02:27:12 Image size of job updated: 442040
	367  -  MemoryUsage of job (MB)
	375580  -  ResidentSetSize of job (KB)
...
006 (3447419.002.000) 01/31 02:32:13 Image size of job updated: 442040
	367  -  MemoryUsage of job (MB)
	375612  -  ResidentSetSize of job (KB)
...
006 (3447419.002.000) 01/31 02:37:14 Image size of job updated: 442040
	367  -  MemoryUsage of job (MB)
	375636  -  ResidentSetSize of job (KB)
...
006 (3447419.002.000) 01/31 02:42:14 Image size of job updated: 442040
	367  -  MemoryUsage of job (MB)
	375656  -  ResidentSetSize of job (KB)
...
006 (3447419.002.000) 01/31 02:47:14 Image size of job updated: 442040
	367  -  MemoryUsage of job (MB)
	375700  -  ResidentSetSize of job (KB)
...
006 (3447419.002.000) 01/31 02:52:15 Image size of job updated: 442040
	367  -  MemoryUsage of job (MB)
	375716  -  ResidentSetSize of job (KB)
...
006 (3447419.002.000) 01/31 03:02:15 Image size of job updated: 442040
	367  -  MemoryUsage of job (MB)
	375732  -  ResidentSetSize of job (KB)
...
006 (3447419.002.000) 01/31 03:07:16 Image size of job updated: 442040
	367  -  MemoryUsage of job (MB)
	375804  -  ResidentSetSize of job (KB)
...
006 (3447419.002.000) 01/31 03:17:17 Image size of job updated: 442040
	368  -  MemoryUsage of job (MB)
	375840  -  ResidentSetSize of job (KB)
...
006 (3447419.002.000) 01/31 03:22:18 Image size of job updated: 442040
	368  -  MemoryUsage of job (MB)
	375852  -  ResidentSetSize of job (KB)
...
006 (3447419.002.000) 01/31 03:27:19 Image size of job updated: 442040
	368  -  MemoryUsage of job (MB)
	375876  -  ResidentSetSize of job (KB)
...
006 (3447419.002.000) 01/31 03:32:19 Image size of job updated: 442040
	368  -  MemoryUsage of job (MB)
	375908  -  ResidentSetSize of job (KB)
...
006 (3447419.002.000) 01/31 03:37:20 Image size of job updated: 442040
	368  -  MemoryUsage of job (MB)
	375924  -  ResidentSetSize of job (KB)
...
006 (3447419.002.000) 01/31 03:42:21 Image size of job updated: 442040
	368  -  MemoryUsage of job (MB)
	375996  -  ResidentSetSize of job (KB)
...
006 (3447419.002.000) 01/31 03:47:21 Image size of job updated: 442040
	368  -  MemoryUsage of job (MB)
	376004  -  ResidentSetSize of job (KB)
...
006 (3447419.002.000) 01/31 03:52:21 Image size of job updated: 442040
	368  -  MemoryUsage of job (MB)
	376188  -  ResidentSetSize of job (KB)
...
006 (3447419.002.000) 01/31 03:57:23 Image size of job updated: 442040
	368  -  MemoryUsage of job (MB)
	376296  -  ResidentSetSize of job (KB)
...
006 (3447419.002.000) 01/31 04:02:23 Image size of job updated: 442040
	368  -  MemoryUsage of job (MB)
	376436  -  ResidentSetSize of job (KB)
...
006 (3447419.002.000) 01/31 04:12:24 Image size of job updated: 442040
	368  -  MemoryUsage of job (MB)
	376572  -  ResidentSetSize of job (KB)
...
006 (3447419.002.000) 01/31 04:22:25 Image size of job updated: 442040
	368  -  MemoryUsage of job (MB)
	376576  -  ResidentSetSize of job (KB)
...
006 (3447419.002.000) 01/31 05:17:30 Image size of job updated: 442040
	368  -  MemoryUsage of job (MB)
	376620  -  ResidentSetSize of job (KB)
...
006 (3447419.002.000) 01/31 05:22:31 Image size of job updated: 442040
	368  -  MemoryUsage of job (MB)
	376640  -  ResidentSetSize of job (KB)
...
006 (3447419.002.000) 01/31 05:27:32 Image size of job updated: 442040
	368  -  MemoryUsage of job (MB)
	376644  -  ResidentSetSize of job (KB)
...
006 (3447419.002.000) 01/31 05:37:33 Image size of job updated: 442040
	368  -  MemoryUsage of job (MB)
	376712  -  ResidentSetSize of job (KB)
...
006 (3447419.002.000) 01/31 05:42:34 Image size of job updated: 442040
	368  -  MemoryUsage of job (MB)
	376764  -  ResidentSetSize of job (KB)
...
006 (3447419.002.000) 01/31 05:47:34 Image size of job updated: 442040
	368  -  MemoryUsage of job (MB)
	376776  -  ResidentSetSize of job (KB)
...
006 (3447419.002.000) 01/31 06:02:36 Image size of job updated: 442040
	368  -  MemoryUsage of job (MB)
	376796  -  ResidentSetSize of job (KB)
...
006 (3447419.002.000) 01/31 07:37:47 Image size of job updated: 442040
	368  -  MemoryUsage of job (MB)
	376812  -  ResidentSetSize of job (KB)
...
006 (3447419.002.000) 01/31 07:47:48 Image size of job updated: 442040
	368  -  MemoryUsage of job (MB)
	376828  -  ResidentSetSize of job (KB)
...
006 (3447419.002.000) 01/31 07:52:48 Image size of job updated: 442040
	369  -  MemoryUsage of job (MB)
	376856  -  ResidentSetSize of job (KB)
...
006 (3447419.002.000) 01/31 07:57:49 Image size of job updated: 442040
	369  -  MemoryUsage of job (MB)
	376876  -  ResidentSetSize of job (KB)
...
006 (3447419.002.000) 01/31 08:02:49 Image size of job updated: 442040
	369  -  MemoryUsage of job (MB)
	376916  -  ResidentSetSize of job (KB)
...
006 (3447419.002.000) 01/31 08:12:50 Image size of job updated: 442040
	369  -  MemoryUsage of job (MB)
	376964  -  ResidentSetSize of job (KB)
...
006 (3447419.002.000) 01/31 08:17:51 Image size of job updated: 442040
	369  -  MemoryUsage of job (MB)
	376988  -  ResidentSetSize of job (KB)
...
006 (3447419.002.000) 01/31 08:22:51 Image size of job updated: 442040
	369  -  MemoryUsage of job (MB)
	377036  -  ResidentSetSize of job (KB)
...
006 (3447419.002.000) 01/31 08:27:51 Image size of job updated: 442040
	369  -  MemoryUsage of job (MB)
	377080  -  ResidentSetSize of job (KB)
...
006 (3447419.002.000) 01/31 08:32:52 Image size of job updated: 442040
	369  -  MemoryUsage of job (MB)
	377088  -  ResidentSetSize of job (KB)
...
006 (3447419.002.000) 01/31 08:37:53 Image size of job updated: 442040
	369  -  MemoryUsage of job (MB)
	377128  -  ResidentSetSize of job (KB)
...
006 (3447419.002.000) 01/31 08:42:53 Image size of job updated: 442040
	369  -  MemoryUsage of job (MB)
	377144  -  ResidentSetSize of job (KB)
...
006 (3447419.002.000) 01/31 08:47:53 Image size of job updated: 442040
	369  -  MemoryUsage of job (MB)
	377172  -  ResidentSetSize of job (KB)
...
006 (3447419.002.000) 01/31 09:07:56 Image size of job updated: 442040
	369  -  MemoryUsage of job (MB)
	377184  -  ResidentSetSize of job (KB)
...
006 (3447419.002.000) 01/31 09:12:57 Image size of job updated: 442040
	369  -  MemoryUsage of job (MB)
	377204  -  ResidentSetSize of job (KB)
...
006 (3447419.002.000) 01/31 09:17:57 Image size of job updated: 442040
	369  -  MemoryUsage of job (MB)
	377212  -  ResidentSetSize of job (KB)
...
006 (3447419.002.000) 01/31 09:48:01 Image size of job updated: 442040
	369  -  MemoryUsage of job (MB)
	377232  -  ResidentSetSize of job (KB)
...
006 (3447419.002.000) 01/31 09:58:02 Image size of job updated: 442040
	369  -  MemoryUsage of job (MB)
	377256  -  ResidentSetSize of job (KB)
...
006 (3447419.002.000) 01/31 10:03:03 Image size of job updated: 442040
	369  -  MemoryUsage of job (MB)
	377280  -  ResidentSetSize of job (KB)
...
006 (3447419.002.000) 01/31 10:28:04 Image size of job updated: 442040
	369  -  MemoryUsage of job (MB)
	377304  -  ResidentSetSize of job (KB)
...
006 (3447419.002.000) 01/31 10:33:05 Image size of job updated: 442040
	369  -  MemoryUsage of job (MB)
	377324  -  ResidentSetSize of job (KB)
...
006 (3447419.002.000) 01/31 10:38:05 Image size of job updated: 442040
	369  -  MemoryUsage of job (MB)
	377352  -  ResidentSetSize of job (KB)
...
006 (3447419.002.000) 01/31 10:53:06 Image size of job updated: 442040
	369  -  MemoryUsage of job (MB)
	377356  -  ResidentSetSize of job (KB)
...
006 (3447419.002.000) 01/31 10:58:06 Image size of job updated: 442040
	369  -  MemoryUsage of job (MB)
	377420  -  ResidentSetSize of job (KB)
...
006 (3447419.002.000) 01/31 11:48:13 Image size of job updated: 442040
	369  -  MemoryUsage of job (MB)
	377432  -  ResidentSetSize of job (KB)
...
006 (3447419.002.000) 01/31 11:58:14 Image size of job updated: 442040
	369  -  MemoryUsage of job (MB)
	377464  -  ResidentSetSize of job (KB)
...
006 (3447419.002.000) 01/31 12:08:16 Image size of job updated: 442040
	369  -  MemoryUsage of job (MB)
	377480  -  ResidentSetSize of job (KB)
...
006 (3447419.002.000) 01/31 12:23:17 Image size of job updated: 442040
	369  -  MemoryUsage of job (MB)
	377484  -  ResidentSetSize of job (KB)
...
006 (3447419.002.000) 01/31 12:28:18 Image size of job updated: 442040
	369  -  MemoryUsage of job (MB)
	377488  -  ResidentSetSize of job (KB)
...
006 (3447419.002.000) 01/31 12:33:18 Image size of job updated: 442040
	369  -  MemoryUsage of job (MB)
	377496  -  ResidentSetSize of job (KB)
...
006 (3447419.002.000) 01/31 12:38:18 Image size of job updated: 442040
	369  -  MemoryUsage of job (MB)
	377528  -  ResidentSetSize of job (KB)
...
006 (3447419.002.000) 01/31 12:43:20 Image size of job updated: 442040
	369  -  MemoryUsage of job (MB)
	377588  -  ResidentSetSize of job (KB)
...
006 (3447419.002.000) 01/31 12:53:20 Image size of job updated: 442040
	369  -  MemoryUsage of job (MB)
	377600  -  ResidentSetSize of job (KB)
...
006 (3447419.002.000) 01/31 12:58:21 Image size of job updated: 442040
	369  -  MemoryUsage of job (MB)
	377604  -  ResidentSetSize of job (KB)
...
006 (3447419.002.000) 01/31 13:03:22 Image size of job updated: 442040
	369  -  MemoryUsage of job (MB)
	377660  -  ResidentSetSize of job (KB)
...
006 (3447419.002.000) 01/31 13:08:22 Image size of job updated: 442040
	369  -  MemoryUsage of job (MB)
	377668  -  ResidentSetSize of job (KB)
...
006 (3447419.002.000) 01/31 13:18:23 Image size of job updated: 442040
	369  -  MemoryUsage of job (MB)
	377712  -  ResidentSetSize of job (KB)
...
006 (3447419.002.000) 01/31 13:23:24 Image size of job updated: 442040
	369  -  MemoryUsage of job (MB)
	377748  -  ResidentSetSize of job (KB)
...
006 (3447419.002.000) 01/31 13:28:24 Image size of job updated: 442040
	369  -  MemoryUsage of job (MB)
	377764  -  ResidentSetSize of job (KB)
...
006 (3447419.002.000) 01/31 13:48:26 Image size of job updated: 442040
	369  -  MemoryUsage of job (MB)
	377768  -  ResidentSetSize of job (KB)
...
006 (3447419.002.000) 01/31 13:58:27 Image size of job updated: 442040
	369  -  MemoryUsage of job (MB)
	377800  -  ResidentSetSize of job (KB)
...
006 (3447419.002.000) 01/31 14:03:28 Image size of job updated: 442040
	369  -  MemoryUsage of job (MB)
	377816  -  ResidentSetSize of job (KB)
...
006 (3447419.002.000) 01/31 14:13:29 Image size of job updated: 442040
	369  -  MemoryUsage of job (MB)
	377820  -  ResidentSetSize of job (KB)
...
006 (3447419.002.000) 01/31 14:18:30 Image size of job updated: 442040
	369  -  MemoryUsage of job (MB)
	377836  -  ResidentSetSize of job (KB)
...
006 (3447419.002.000) 01/31 14:23:30 Image size of job updated: 442040
	370  -  MemoryUsage of job (MB)
	377864  -  ResidentSetSize of job (KB)
...
006 (3447419.002.000) 01/31 14:28:30 Image size of job updated: 442040
	370  -  MemoryUsage of job (MB)
	377892  -  ResidentSetSize of job (KB)
...
006 (3447419.002.000) 01/31 14:33:31 Image size of job updated: 442040
	370  -  MemoryUsage of job (MB)
	377936  -  ResidentSetSize of job (KB)
...
006 (3447419.002.000) 01/31 14:53:33 Image size of job updated: 442040
	370  -  MemoryUsage of job (MB)
	377960  -  ResidentSetSize of job (KB)
...
006 (3447419.002.000) 01/31 14:58:35 Image size of job updated: 442040
	370  -  MemoryUsage of job (MB)
	377980  -  ResidentSetSize of job (KB)
...
006 (3447419.002.000) 01/31 15:03:35 Image size of job updated: 442040
	370  -  MemoryUsage of job (MB)
	377996  -  ResidentSetSize of job (KB)
...
006 (3447419.002.000) 01/31 15:08:35 Image size of job updated: 442040
	370  -  MemoryUsage of job (MB)
	378008  -  ResidentSetSize of job (KB)
...
006 (3447419.002.000) 01/31 15:13:36 Image size of job updated: 442040
	370  -  MemoryUsage of job (MB)
	378020  -  ResidentSetSize of job (KB)
...
006 (3447419.002.000) 01/31 15:18:37 Image size of job updated: 442040
	370  -  MemoryUsage of job (MB)
	378036  -  ResidentSetSize of job (KB)
...
006 (3447419.002.000) 01/31 15:23:37 Image size of job updated: 442040
	370  -  MemoryUsage of job (MB)
	378052  -  ResidentSetSize of job (KB)
...
006 (3447419.002.000) 01/31 15:33:38 Image size of job updated: 442040
	370  -  MemoryUsage of job (MB)
	378076  -  ResidentSetSize of job (KB)
...
006 (3447419.002.000) 01/31 15:38:39 Image size of job updated: 442040
	370  -  MemoryUsage of job (MB)
	378112  -  ResidentSetSize of job (KB)
...
006 (3447419.002.000) 01/31 15:48:39 Image size of job updated: 442040
	370  -  MemoryUsage of job (MB)
	378120  -  ResidentSetSize of job (KB)
...
006 (3447419.002.000) 01/31 15:53:40 Image size of job updated: 442040
	370  -  MemoryUsage of job (MB)
	378132  -  ResidentSetSize of job (KB)
...
006 (3447419.002.000) 01/31 15:58:41 Image size of job updated: 442040
	370  -  MemoryUsage of job (MB)
	378140  -  ResidentSetSize of job (KB)
...
006 (3447419.002.000) 01/31 16:03:41 Image size of job updated: 442040
	370  -  MemoryUsage of job (MB)
	378160  -  ResidentSetSize of job (KB)
...
006 (3447419.002.000) 01/31 16:08:41 Image size of job updated: 442040
	370  -  MemoryUsage of job (MB)
	378176  -  ResidentSetSize of job (KB)
...
006 (3447419.002.000) 01/31 16:13:43 Image size of job updated: 442040
	370  -  MemoryUsage of job (MB)
	378192  -  ResidentSetSize of job (KB)
...
006 (3447419.002.000) 01/31 16:18:43 Image size of job updated: 442040
	370  -  MemoryUsage of job (MB)
	378220  -  ResidentSetSize of job (KB)
...
006 (3447419.002.000) 01/31 16:23:43 Image size of job updated: 442040
	370  -  MemoryUsage of job (MB)
	378256  -  ResidentSetSize of job (KB)
...
006 (3447419.002.000) 01/31 16:28:44 Image size of job updated: 442040
	370  -  MemoryUsage of job (MB)
	378260  -  ResidentSetSize of job (KB)
...
006 (3447419.002.000) 01/31 16:33:46 Image size of job updated: 442040
	370  -  MemoryUsage of job (MB)
	378280  -  ResidentSetSize of job (KB)
...
006 (3447419.002.000) 01/31 16:40:23 Image size of job updated: 442040
	370  -  MemoryUsage of job (MB)
	378288  -  ResidentSetSize of job (KB)
...
006 (3447419.002.000) 01/31 16:45:14 Image size of job updated: 442040
	370  -  MemoryUsage of job (MB)
	378316  -  ResidentSetSize of job (KB)
...
006 (3447419.002.000) 01/31 16:50:14 Image size of job updated: 442040
	370  -  MemoryUsage of job (MB)
	378364  -  ResidentSetSize of job (KB)
...
006 (3447419.002.000) 01/31 16:55:15 Image size of job updated: 442040
	370  -  MemoryUsage of job (MB)
	378384  -  ResidentSetSize of job (KB)
...
006 (3447419.002.000) 01/31 17:05:16 Image size of job updated: 442040
	370  -  MemoryUsage of job (MB)
	378420  -  ResidentSetSize of job (KB)
...
006 (3447419.002.000) 01/31 17:15:19 Image size of job updated: 442040
	370  -  MemoryUsage of job (MB)
	378452  -  ResidentSetSize of job (KB)
...
006 (3447419.002.000) 01/31 17:25:19 Image size of job updated: 442040
	370  -  MemoryUsage of job (MB)
	378496  -  ResidentSetSize of job (KB)
...
006 (3447419.002.000) 01/31 17:33:01 Image size of job updated: 442040
	370  -  MemoryUsage of job (MB)
	378512  -  ResidentSetSize of job (KB)
...
006 (3447419.002.000) 01/31 17:41:06 Image size of job updated: 442040
	370  -  MemoryUsage of job (MB)
	378552  -  ResidentSetSize of job (KB)
...
006 (3447419.002.000) 01/31 18:02:36 Image size of job updated: 442040
	370  -  MemoryUsage of job (MB)
	378608  -  ResidentSetSize of job (KB)
...
006 (3447419.002.000) 01/31 18:24:42 Image size of job updated: 442040
	370  -  MemoryUsage of job (MB)
	378620  -  ResidentSetSize of job (KB)
...
006 (3447419.002.000) 01/31 18:34:57 Image size of job updated: 442040
	370  -  MemoryUsage of job (MB)
	378640  -  ResidentSetSize of job (KB)
...
006 (3447419.002.000) 01/31 18:41:07 Image size of job updated: 442040
	370  -  MemoryUsage of job (MB)
	378668  -  ResidentSetSize of job (KB)
...
006 (3447419.002.000) 01/31 18:46:07 Image size of job updated: 442040
	370  -  MemoryUsage of job (MB)
	378688  -  ResidentSetSize of job (KB)
...
006 (3447419.002.000) 01/31 18:56:08 Image size of job updated: 442040
	370  -  MemoryUsage of job (MB)
	378720  -  ResidentSetSize of job (KB)
...
006 (3447419.002.000) 01/31 19:06:08 Image size of job updated: 442040
	370  -  MemoryUsage of job (MB)
	378740  -  ResidentSetSize of job (KB)
...
006 (3447419.002.000) 01/31 19:16:09 Image size of job updated: 442040
	370  -  MemoryUsage of job (MB)
	378776  -  ResidentSetSize of job (KB)
...
006 (3447419.002.000) 01/31 19:31:11 Image size of job updated: 442040
	370  -  MemoryUsage of job (MB)
	378792  -  ResidentSetSize of job (KB)
...
006 (3447419.002.000) 01/31 19:36:12 Image size of job updated: 442040
	370  -  MemoryUsage of job (MB)
	378808  -  ResidentSetSize of job (KB)
...
006 (3447419.002.000) 01/31 19:41:13 Image size of job updated: 442040
	370  -  MemoryUsage of job (MB)
	378812  -  ResidentSetSize of job (KB)
...
006 (3447419.002.000) 01/31 19:46:13 Image size of job updated: 442040
	370  -  MemoryUsage of job (MB)
	378820  -  ResidentSetSize of job (KB)
...
006 (3447419.002.000) 01/31 19:51:14 Image size of job updated: 442040
	370  -  MemoryUsage of job (MB)
	378832  -  ResidentSetSize of job (KB)
...
006 (3447419.002.000) 01/31 19:56:15 Image size of job updated: 442040
	370  -  MemoryUsage of job (MB)
	378856  -  ResidentSetSize of job (KB)
...
006 (3447419.002.000) 01/31 20:01:15 Image size of job updated: 442040
	371  -  MemoryUsage of job (MB)
	378884  -  ResidentSetSize of job (KB)
...
006 (3447419.002.000) 01/31 20:06:15 Image size of job updated: 442040
	371  -  MemoryUsage of job (MB)
	378892  -  ResidentSetSize of job (KB)
...
006 (3447419.002.000) 01/31 20:11:16 Image size of job updated: 442040
	371  -  MemoryUsage of job (MB)
	378896  -  ResidentSetSize of job (KB)
...
006 (3447419.002.000) 01/31 20:16:17 Image size of job updated: 442040
	371  -  MemoryUsage of job (MB)
	378920  -  ResidentSetSize of job (KB)
...
006 (3447419.002.000) 01/31 20:21:17 Image size of job updated: 442040
	371  -  MemoryUsage of job (MB)
	378924  -  ResidentSetSize of job (KB)
...
006 (3447419.002.000) 01/31 20:26:18 Image size of job updated: 442040
	371  -  MemoryUsage of job (MB)
	378944  -  ResidentSetSize of job (KB)
...
006 (3447419.002.000) 01/31 20:31:19 Image size of job updated: 442040
	371  -  MemoryUsage of job (MB)
	378956  -  ResidentSetSize of job (KB)
...
006 (3447419.002.000) 01/31 20:36:19 Image size of job updated: 442040
	371  -  MemoryUsage of job (MB)
	378972  -  ResidentSetSize of job (KB)
...
006 (3447419.002.000) 01/31 20:46:21 Image size of job updated: 442040
	371  -  MemoryUsage of job (MB)
	378992  -  ResidentSetSize of job (KB)
...
006 (3447419.002.000) 01/31 20:51:21 Image size of job updated: 442040
	371  -  MemoryUsage of job (MB)
	379016  -  ResidentSetSize of job (KB)
...
006 (3447419.002.000) 01/31 21:01:23 Image size of job updated: 442040
	371  -  MemoryUsage of job (MB)
	379032  -  ResidentSetSize of job (KB)
...
006 (3447419.002.000) 01/31 21:06:23 Image size of job updated: 442040
	371  -  MemoryUsage of job (MB)
	379056  -  ResidentSetSize of job (KB)
...
006 (3447419.002.000) 01/31 21:12:06 Image size of job updated: 442040
	371  -  MemoryUsage of job (MB)
	379072  -  ResidentSetSize of job (KB)
...
006 (3447419.002.000) 01/31 21:16:24 Image size of job updated: 442040
	371  -  MemoryUsage of job (MB)
	379080  -  ResidentSetSize of job (KB)
...
006 (3447419.002.000) 01/31 21:21:24 Image size of job updated: 442040
	371  -  MemoryUsage of job (MB)
	379096  -  ResidentSetSize of job (KB)
...
006 (3447419.002.000) 01/31 21:26:25 Image size of job updated: 442040
	371  -  MemoryUsage of job (MB)
	379100  -  ResidentSetSize of job (KB)
...
006 (3447419.002.000) 01/31 21:36:25 Image size of job updated: 442040
	371  -  MemoryUsage of job (MB)
	379140  -  ResidentSetSize of job (KB)
...
006 (3447419.002.000) 01/31 21:51:27 Image size of job updated: 442040
	371  -  MemoryUsage of job (MB)
	379152  -  ResidentSetSize of job (KB)
...
006 (3447419.002.000) 01/31 22:06:29 Image size of job updated: 442040
	371  -  MemoryUsage of job (MB)
	379172  -  ResidentSetSize of job (KB)
...
006 (3447419.002.000) 01/31 22:11:30 Image size of job updated: 442040
	371  -  MemoryUsage of job (MB)
	379204  -  ResidentSetSize of job (KB)
...
006 (3447419.002.000) 01/31 22:16:31 Image size of job updated: 442040
	371  -  MemoryUsage of job (MB)
	379244  -  ResidentSetSize of job (KB)
...
006 (3447419.002.000) 01/31 22:23:38 Image size of job updated: 442040
	371  -  MemoryUsage of job (MB)
	379352  -  ResidentSetSize of job (KB)
...
006 (3447419.002.000) 01/31 22:30:02 Image size of job updated: 442040
	371  -  MemoryUsage of job (MB)
	379444  -  ResidentSetSize of job (KB)
...
006 (3447419.002.000) 01/31 22:35:09 Image size of job updated: 442040
	371  -  MemoryUsage of job (MB)
	379456  -  ResidentSetSize of job (KB)
...
006 (3447419.002.000) 01/31 22:40:10 Image size of job updated: 442040
	371  -  MemoryUsage of job (MB)
	379460  -  ResidentSetSize of job (KB)
...
006 (3447419.002.000) 01/31 22:50:10 Image size of job updated: 442040
	371  -  MemoryUsage of job (MB)
	379468  -  ResidentSetSize of job (KB)
...
006 (3447419.002.000) 01/31 23:40:18 Image size of job updated: 442040
	371  -  MemoryUsage of job (MB)
	379476  -  ResidentSetSize of job (KB)
...
006 (3447419.002.000) 01/31 23:45:18 Image size of job updated: 442040
	371  -  MemoryUsage of job (MB)
	379532  -  ResidentSetSize of job (KB)
...
006 (3447419.002.000) 01/31 23:50:18 Image size of job updated: 442040
	371  -  MemoryUsage of job (MB)
	379548  -  ResidentSetSize of job (KB)
...
006 (3447419.002.000) 01/31 23:55:19 Image size of job updated: 442040
	371  -  MemoryUsage of job (MB)
	379572  -  ResidentSetSize of job (KB)
...
006 (3447419.002.000) 02/01 00:00:19 Image size of job updated: 442040
	371  -  MemoryUsage of job (MB)
	379664  -  ResidentSetSize of job (KB)
...
006 (3447419.002.000) 02/01 00:05:19 Image size of job updated: 442040
	371  -  MemoryUsage of job (MB)
	379704  -  ResidentSetSize of job (KB)
...
006 (3447419.002.000) 02/01 00:10:20 Image size of job updated: 442040
	371  -  MemoryUsage of job (MB)
	379724  -  ResidentSetSize of job (KB)
...
006 (3447419.002.000) 02/01 00:55:23 Image size of job updated: 442040
	371  -  MemoryUsage of job (MB)
	379748  -  ResidentSetSize of job (KB)
...
006 (3447419.002.000) 02/01 01:00:25 Image size of job updated: 442040
	371  -  MemoryUsage of job (MB)
	379772  -  ResidentSetSize of job (KB)
...
006 (3447419.002.000) 02/01 01:05:25 Image size of job updated: 442040
	371  -  MemoryUsage of job (MB)
	379776  -  ResidentSetSize of job (KB)
...
006 (3447419.002.000) 02/01 01:10:25 Image size of job updated: 442040
	371  -  MemoryUsage of job (MB)
	379796  -  ResidentSetSize of job (KB)
...
006 (3447419.002.000) 02/01 01:15:26 Image size of job updated: 442040
	371  -  MemoryUsage of job (MB)
	379800  -  ResidentSetSize of job (KB)
...
006 (3447419.002.000) 02/01 01:25:27 Image size of job updated: 442040
	371  -  MemoryUsage of job (MB)
	379824  -  ResidentSetSize of job (KB)
...
006 (3447419.002.000) 02/01 01:30:28 Image size of job updated: 442040
	371  -  MemoryUsage of job (MB)
	379832  -  ResidentSetSize of job (KB)
...
006 (3447419.002.000) 02/01 01:35:29 Image size of job updated: 442040
	371  -  MemoryUsage of job (MB)
	379852  -  ResidentSetSize of job (KB)
...
006 (3447419.002.000) 02/01 01:40:29 Image size of job updated: 442040
	371  -  MemoryUsage of job (MB)
	379872  -  ResidentSetSize of job (KB)
...
006 (3447419.002.000) 02/01 01:45:30 Image size of job updated: 442040
	371  -  MemoryUsage of job (MB)
	379884  -  ResidentSetSize of job (KB)
...
006 (3447419.002.000) 02/01 01:50:31 Image size of job updated: 442040
	372  -  MemoryUsage of job (MB)
	379936  -  ResidentSetSize of job (KB)
...
006 (3447419.002.000) 02/01 02:22:58 Image size of job updated: 442040
	372  -  MemoryUsage of job (MB)
	379952  -  ResidentSetSize of job (KB)
...
006 (3447419.002.000) 02/01 02:27:58 Image size of job updated: 442040
	372  -  MemoryUsage of job (MB)
	379968  -  ResidentSetSize of job (KB)
...
006 (3447419.002.000) 02/01 02:38:00 Image size of job updated: 442040
	372  -  MemoryUsage of job (MB)
	379980  -  ResidentSetSize of job (KB)
...
006 (3447419.002.000) 02/01 02:48:00 Image size of job updated: 442040
	372  -  MemoryUsage of job (MB)
	380012  -  ResidentSetSize of job (KB)
...
006 (3447419.002.000) 02/01 02:53:01 Image size of job updated: 442040
	372  -  MemoryUsage of job (MB)
	380024  -  ResidentSetSize of job (KB)
...
006 (3447419.002.000) 02/01 02:58:01 Image size of job updated: 442040
	372  -  MemoryUsage of job (MB)
	380052  -  ResidentSetSize of job (KB)
...
006 (3447419.002.000) 02/01 03:08:02 Image size of job updated: 442040
	372  -  MemoryUsage of job (MB)
	380080  -  ResidentSetSize of job (KB)
...
006 (3447419.002.000) 02/01 03:18:02 Image size of job updated: 442040
	372  -  MemoryUsage of job (MB)
	380108  -  ResidentSetSize of job (KB)
...
006 (3447419.002.000) 02/01 03:33:04 Image size of job updated: 442040
	372  -  MemoryUsage of job (MB)
	380116  -  ResidentSetSize of job (KB)
...
006 (3447419.002.000) 02/01 03:43:06 Image size of job updated: 442040
	372  -  MemoryUsage of job (MB)
	380144  -  ResidentSetSize of job (KB)
...
006 (3447419.002.000) 02/01 03:48:06 Image size of job updated: 442040
	372  -  MemoryUsage of job (MB)
	380152  -  ResidentSetSize of job (KB)
...
006 (3447419.002.000) 02/01 03:53:07 Image size of job updated: 442040
	372  -  MemoryUsage of job (MB)
	380172  -  ResidentSetSize of job (KB)
...
006 (3447419.002.000) 02/01 04:03:08 Image size of job updated: 442040
	372  -  MemoryUsage of job (MB)
	380184  -  ResidentSetSize of job (KB)
...
006 (3447419.002.000) 02/01 04:08:09 Image size of job updated: 442040
	372  -  MemoryUsage of job (MB)
	380220  -  ResidentSetSize of job (KB)
...
006 (3447419.002.000) 02/01 04:17:24 Image size of job updated: 442040
	372  -  MemoryUsage of job (MB)
	380232  -  ResidentSetSize of job (KB)
...
006 (3447419.002.000) 02/01 04:30:06 Image size of job updated: 442040
	372  -  MemoryUsage of job (MB)
	380276  -  ResidentSetSize of job (KB)
...
006 (3447419.002.000) 02/01 04:40:16 Image size of job updated: 442040
	372  -  MemoryUsage of job (MB)
	380284  -  ResidentSetSize of job (KB)
...
006 (3447419.002.000) 02/01 04:46:23 Image size of job updated: 442040
	372  -  MemoryUsage of job (MB)
	380288  -  ResidentSetSize of job (KB)
...
006 (3447419.002.000) 02/01 04:51:23 Image size of job updated: 442040
	372  -  MemoryUsage of job (MB)
	380316  -  ResidentSetSize of job (KB)
...
006 (3447419.002.000) 02/01 04:56:24 Image size of job updated: 442040
	372  -  MemoryUsage of job (MB)
	380332  -  ResidentSetSize of job (KB)
...
006 (3447419.002.000) 02/01 05:06:24 Image size of job updated: 442040
	372  -  MemoryUsage of job (MB)
	380356  -  ResidentSetSize of job (KB)
...
006 (3447419.002.000) 02/01 05:11:25 Image size of job updated: 442040
	372  -  MemoryUsage of job (MB)
	380380  -  ResidentSetSize of job (KB)
...
006 (3447419.002.000) 02/01 05:26:27 Image size of job updated: 442040
	372  -  MemoryUsage of job (MB)
	380412  -  ResidentSetSize of job (KB)
...
006 (3447419.002.000) 02/01 05:31:27 Image size of job updated: 442040
	372  -  MemoryUsage of job (MB)
	380432  -  ResidentSetSize of job (KB)
...
006 (3447419.002.000) 02/01 05:36:27 Image size of job updated: 442040
	372  -  MemoryUsage of job (MB)
	380464  -  ResidentSetSize of job (KB)
...
006 (3447419.002.000) 02/01 05:41:29 Image size of job updated: 442040
	372  -  MemoryUsage of job (MB)
	380472  -  ResidentSetSize of job (KB)
...
006 (3447419.002.000) 02/01 05:51:29 Image size of job updated: 442040
	372  -  MemoryUsage of job (MB)
	380476  -  ResidentSetSize of job (KB)
...
006 (3447419.002.000) 02/01 05:56:30 Image size of job updated: 442040
	372  -  MemoryUsage of job (MB)
	380504  -  ResidentSetSize of job (KB)
...
006 (3447419.002.000) 02/01 06:01:30 Image size of job updated: 442040
	372  -  MemoryUsage of job (MB)
	380524  -  ResidentSetSize of job (KB)
...
006 (3447419.002.000) 02/01 06:06:30 Image size of job updated: 442040
	372  -  MemoryUsage of job (MB)
	380536  -  ResidentSetSize of job (KB)
...
006 (3447419.002.000) 02/01 06:11:32 Image size of job updated: 442040
	372  -  MemoryUsage of job (MB)
	380540  -  ResidentSetSize of job (KB)
...
006 (3447419.002.000) 02/01 06:16:32 Image size of job updated: 442040
	372  -  MemoryUsage of job (MB)
	380564  -  ResidentSetSize of job (KB)
...
006 (3447419.002.000) 02/01 06:21:32 Image size of job updated: 442040
	372  -  MemoryUsage of job (MB)
	380572  -  ResidentSetSize of job (KB)
...
006 (3447419.002.000) 02/01 06:26:33 Image size of job updated: 442040
	372  -  MemoryUsage of job (MB)
	380584  -  ResidentSetSize of job (KB)
...
006 (3447419.002.000) 02/01 06:31:34 Image size of job updated: 442040
	372  -  MemoryUsage of job (MB)
	380608  -  ResidentSetSize of job (KB)
...
006 (3447419.002.000) 02/01 06:41:35 Image size of job updated: 442040
	372  -  MemoryUsage of job (MB)
	380648  -  ResidentSetSize of job (KB)
...
006 (3447419.002.000) 02/01 06:46:36 Image size of job updated: 442040
	372  -  MemoryUsage of job (MB)
	380652  -  ResidentSetSize of job (KB)
...
006 (3447419.002.000) 02/01 06:51:36 Image size of job updated: 442040
	372  -  MemoryUsage of job (MB)
	380656  -  ResidentSetSize of job (KB)
...
006 (3447419.002.000) 02/01 07:01:38 Image size of job updated: 442040
	372  -  MemoryUsage of job (MB)
	380660  -  ResidentSetSize of job (KB)
...
006 (3447419.002.000) 02/01 07:07:42 Image size of job updated: 442040
	372  -  MemoryUsage of job (MB)
	380696  -  ResidentSetSize of job (KB)
...
006 (3447419.002.000) 02/01 07:11:39 Image size of job updated: 442040
	372  -  MemoryUsage of job (MB)
	380700  -  ResidentSetSize of job (KB)
...
006 (3447419.002.000) 02/01 07:16:40 Image size of job updated: 442040
	372  -  MemoryUsage of job (MB)
	380736  -  ResidentSetSize of job (KB)
...
006 (3447419.002.000) 02/01 07:21:40 Image size of job updated: 442040
	372  -  MemoryUsage of job (MB)
	380756  -  ResidentSetSize of job (KB)
...
006 (3447419.002.000) 02/01 07:31:42 Image size of job updated: 442040
	372  -  MemoryUsage of job (MB)
	380804  -  ResidentSetSize of job (KB)
...
006 (3447419.002.000) 02/01 07:36:42 Image size of job updated: 442040
	372  -  MemoryUsage of job (MB)
	380820  -  ResidentSetSize of job (KB)
...
006 (3447419.002.000) 02/01 08:01:46 Image size of job updated: 442040
	372  -  MemoryUsage of job (MB)
	380852  -  ResidentSetSize of job (KB)
...
006 (3447419.002.000) 02/01 08:06:46 Image size of job updated: 442040
	372  -  MemoryUsage of job (MB)
	380868  -  ResidentSetSize of job (KB)
...
006 (3447419.002.000) 02/01 08:15:55 Image size of job updated: 442040
	372  -  MemoryUsage of job (MB)
	380928  -  ResidentSetSize of job (KB)
...
006 (3447419.002.000) 02/01 08:28:24 Image size of job updated: 442040
	373  -  MemoryUsage of job (MB)
	380964  -  ResidentSetSize of job (KB)
...
006 (3447419.002.000) 02/01 08:38:23 Image size of job updated: 442040
	373  -  MemoryUsage of job (MB)
	380992  -  ResidentSetSize of job (KB)
...
006 (3447419.002.000) 02/01 08:44:22 Image size of job updated: 442040
	373  -  MemoryUsage of job (MB)
	381020  -  ResidentSetSize of job (KB)
...
006 (3447419.002.000) 02/01 08:54:23 Image size of job updated: 442040
	373  -  MemoryUsage of job (MB)
	381036  -  ResidentSetSize of job (KB)
...
006 (3447419.002.000) 02/01 08:59:23 Image size of job updated: 442040
	373  -  MemoryUsage of job (MB)
	381056  -  ResidentSetSize of job (KB)
...
006 (3447419.002.000) 02/01 09:04:23 Image size of job updated: 442040
	373  -  MemoryUsage of job (MB)
	381076  -  ResidentSetSize of job (KB)
...
006 (3447419.002.000) 02/01 09:10:50 Image size of job updated: 442040
	373  -  MemoryUsage of job (MB)
	381108  -  ResidentSetSize of job (KB)
...
006 (3447419.002.000) 02/01 09:15:22 Image size of job updated: 442040
	373  -  MemoryUsage of job (MB)
	381112  -  ResidentSetSize of job (KB)
...
006 (3447419.002.000) 02/01 09:20:22 Image size of job updated: 442040
	373  -  MemoryUsage of job (MB)
	381120  -  ResidentSetSize of job (KB)
...
006 (3447419.002.000) 02/01 09:30:24 Image size of job updated: 442040
	373  -  MemoryUsage of job (MB)
	381148  -  ResidentSetSize of job (KB)
...
006 (3447419.002.000) 02/01 09:35:24 Image size of job updated: 442040
	373  -  MemoryUsage of job (MB)
	381168  -  ResidentSetSize of job (KB)
...
006 (3447419.002.000) 02/01 09:45:26 Image size of job updated: 442040
	373  -  MemoryUsage of job (MB)
	381204  -  ResidentSetSize of job (KB)
...
006 (3447419.002.000) 02/01 09:55:27 Image size of job updated: 442040
	373  -  MemoryUsage of job (MB)
	381224  -  ResidentSetSize of job (KB)
...
006 (3447419.002.000) 02/01 10:00:28 Image size of job updated: 442040
	373  -  MemoryUsage of job (MB)
	381260  -  ResidentSetSize of job (KB)
...
006 (3447419.002.000) 02/01 10:05:28 Image size of job updated: 442040
	373  -  MemoryUsage of job (MB)
	381264  -  ResidentSetSize of job (KB)
...
006 (3447419.002.000) 02/01 10:11:42 Image size of job updated: 442040
	373  -  MemoryUsage of job (MB)
	381280  -  ResidentSetSize of job (KB)
...
006 (3447419.002.000) 02/01 10:20:30 Image size of job updated: 442040
	373  -  MemoryUsage of job (MB)
	381284  -  ResidentSetSize of job (KB)
...
006 (3447419.002.000) 02/01 10:25:31 Image size of job updated: 442040
	373  -  MemoryUsage of job (MB)
	381324  -  ResidentSetSize of job (KB)
...
006 (3447419.002.000) 02/01 10:40:33 Image size of job updated: 442040
	373  -  MemoryUsage of job (MB)
	381356  -  ResidentSetSize of job (KB)
...
006 (3447419.002.000) 02/01 10:50:34 Image size of job updated: 442040
	373  -  MemoryUsage of job (MB)
	381368  -  ResidentSetSize of job (KB)
...
006 (3447419.002.000) 02/01 10:55:35 Image size of job updated: 442040
	373  -  MemoryUsage of job (MB)
	381396  -  ResidentSetSize of job (KB)
...
006 (3447419.002.000) 02/01 11:05:36 Image size of job updated: 442040
	373  -  MemoryUsage of job (MB)
	381400  -  ResidentSetSize of job (KB)
...
006 (3447419.002.000) 02/01 11:10:37 Image size of job updated: 442040
	373  -  MemoryUsage of job (MB)
	381404  -  ResidentSetSize of job (KB)
...
006 (3447419.002.000) 02/01 11:15:38 Image size of job updated: 442040
	373  -  MemoryUsage of job (MB)
	381424  -  ResidentSetSize of job (KB)
...
040 (3447419.002.000) 02/01 19:28:58 Started transferring input files
	Transferring to host: <188.184.254.27:9618?addrs=188.184.254.27-9618+[2001-1458-301-8--100-24]-9618&noUDP&sock=31277_39d1_200981>
...
040 (3447419.002.000) 02/01 19:28:58 Finished transferring input files
...
001 (3447419.002.000) 02/01 19:28:59 Job executing on host: <188.184.254.27:9618?addrs=188.184.254.27-9618+[2001-1458-301-8--100-24]-9618&noUDP&sock=5603_c53b_3>
...
040 (3447419.002.000) 02/01 19:29:41 Started transferring output files
...
040 (3447419.002.000) 02/01 19:29:42 Finished transferring output files
...
005 (3447419.002.000) 02/01 19:29:42 Job terminated.
	(1) Normal termination (return value 0)
		Usr 0 00:00:06, Sys 0 00:00:04  -  Run Remote Usage
		Usr 0 00:00:00, Sys 0 00:00:00  -  Run Local Usage
		Usr 0 00:00:06, Sys 0 00:00:04  -  Total Remote Usage
		Usr 0 00:00:00, Sys 0 00:00:00  -  Total Local Usage
	9715  -  Run Bytes Sent By Job
	493  -  Run Bytes Received By Job
	9715  -  Total Bytes Sent By Job
	986  -  Total Bytes Received By Job
	Partitionable Resources :    Usage  Request Allocated 
	   Cpus                 :                 1           
	   Disk (KB)            :       24       40   2548816 
	   Memory (MB)          :      391     2000      2000 
...
