000 (3447427.011.000) 01/30 01:49:43 Job submitted from host: <188.185.71.142:9618?addrs=188.185.71.142-9618+[2001-1458-d00-7--100-388]-9618&alias=bigbird09.cern.ch&noUDP&sock=schedd_2208_1533_7>
...
040 (3447427.011.000) 01/30 07:10:10 Started transferring input files
	Transferring to host: <188.184.210.163:9618?addrs=188.184.210.163-9618+[2001-1458-301-10b--100-9d]-9618&noUDP&sock=7643_ef50_147876>
...
040 (3447427.011.000) 01/30 07:10:10 Finished transferring input files
...
001 (3447427.011.000) 01/30 07:10:11 Job executing on host: <188.184.210.163:9618?addrs=188.184.210.163-9618+[2001-1458-301-10b--100-9d]-9618&noUDP&sock=5677_873d_3>
...
006 (3447427.011.000) 01/30 07:10:20 Image size of job updated: 5236
	4  -  MemoryUsage of job (MB)
	4040  -  ResidentSetSize of job (KB)
...
006 (3447427.011.000) 01/30 07:15:21 Image size of job updated: 458280
	375  -  MemoryUsage of job (MB)
	383468  -  ResidentSetSize of job (KB)
...
006 (3447427.011.000) 01/30 09:05:30 Image size of job updated: 458280
	375  -  MemoryUsage of job (MB)
	383492  -  ResidentSetSize of job (KB)
...
006 (3447427.011.000) 01/30 09:10:31 Image size of job updated: 458280
	375  -  MemoryUsage of job (MB)
	383504  -  ResidentSetSize of job (KB)
...
006 (3447427.011.000) 01/30 13:46:00 Image size of job updated: 458280
	375  -  MemoryUsage of job (MB)
	383572  -  ResidentSetSize of job (KB)
...
006 (3447427.011.000) 01/30 13:51:01 Image size of job updated: 458280
	375  -  MemoryUsage of job (MB)
	383580  -  ResidentSetSize of job (KB)
...
006 (3447427.011.000) 01/30 13:56:01 Image size of job updated: 458280
	375  -  MemoryUsage of job (MB)
	383624  -  ResidentSetSize of job (KB)
...
006 (3447427.011.000) 01/30 14:01:01 Image size of job updated: 458280
	375  -  MemoryUsage of job (MB)
	383640  -  ResidentSetSize of job (KB)
...
006 (3447427.011.000) 01/30 14:06:02 Image size of job updated: 458280
	375  -  MemoryUsage of job (MB)
	383708  -  ResidentSetSize of job (KB)
...
006 (3447427.011.000) 01/30 14:11:03 Image size of job updated: 458280
	375  -  MemoryUsage of job (MB)
	383736  -  ResidentSetSize of job (KB)
...
006 (3447427.011.000) 01/30 14:16:03 Image size of job updated: 458280
	375  -  MemoryUsage of job (MB)
	383824  -  ResidentSetSize of job (KB)
...
006 (3447427.011.000) 01/30 14:21:03 Image size of job updated: 458280
	375  -  MemoryUsage of job (MB)
	383856  -  ResidentSetSize of job (KB)
...
006 (3447427.011.000) 01/30 14:26:04 Image size of job updated: 458280
	375  -  MemoryUsage of job (MB)
	383880  -  ResidentSetSize of job (KB)
...
006 (3447427.011.000) 01/30 14:46:07 Image size of job updated: 458280
	375  -  MemoryUsage of job (MB)
	383900  -  ResidentSetSize of job (KB)
...
006 (3447427.011.000) 01/30 14:51:08 Image size of job updated: 458280
	375  -  MemoryUsage of job (MB)
	383932  -  ResidentSetSize of job (KB)
...
006 (3447427.011.000) 01/30 14:56:08 Image size of job updated: 458280
	375  -  MemoryUsage of job (MB)
	383956  -  ResidentSetSize of job (KB)
...
006 (3447427.011.000) 01/30 15:06:09 Image size of job updated: 458280
	375  -  MemoryUsage of job (MB)
	383992  -  ResidentSetSize of job (KB)
...
006 (3447427.011.000) 01/30 15:11:09 Image size of job updated: 458280
	376  -  MemoryUsage of job (MB)
	384052  -  ResidentSetSize of job (KB)
...
006 (3447427.011.000) 01/30 15:21:10 Image size of job updated: 458280
	376  -  MemoryUsage of job (MB)
	384080  -  ResidentSetSize of job (KB)
...
006 (3447427.011.000) 01/30 15:26:10 Image size of job updated: 458280
	376  -  MemoryUsage of job (MB)
	384124  -  ResidentSetSize of job (KB)
...
006 (3447427.011.000) 01/30 15:31:11 Image size of job updated: 458280
	376  -  MemoryUsage of job (MB)
	384156  -  ResidentSetSize of job (KB)
...
006 (3447427.011.000) 01/30 15:36:12 Image size of job updated: 458280
	376  -  MemoryUsage of job (MB)
	384180  -  ResidentSetSize of job (KB)
...
006 (3447427.011.000) 01/30 15:41:12 Image size of job updated: 458280
	376  -  MemoryUsage of job (MB)
	384212  -  ResidentSetSize of job (KB)
...
006 (3447427.011.000) 01/30 15:51:13 Image size of job updated: 458280
	376  -  MemoryUsage of job (MB)
	384284  -  ResidentSetSize of job (KB)
...
006 (3447427.011.000) 01/30 15:56:13 Image size of job updated: 458280
	376  -  MemoryUsage of job (MB)
	384292  -  ResidentSetSize of job (KB)
...
006 (3447427.011.000) 01/30 16:01:13 Image size of job updated: 458280
	376  -  MemoryUsage of job (MB)
	384348  -  ResidentSetSize of job (KB)
...
006 (3447427.011.000) 01/30 16:06:14 Image size of job updated: 458280
	376  -  MemoryUsage of job (MB)
	384380  -  ResidentSetSize of job (KB)
...
006 (3447427.011.000) 01/30 16:11:15 Image size of job updated: 458280
	376  -  MemoryUsage of job (MB)
	384432  -  ResidentSetSize of job (KB)
...
006 (3447427.011.000) 01/30 16:16:15 Image size of job updated: 458280
	376  -  MemoryUsage of job (MB)
	384436  -  ResidentSetSize of job (KB)
...
006 (3447427.011.000) 01/30 16:21:16 Image size of job updated: 458280
	376  -  MemoryUsage of job (MB)
	384480  -  ResidentSetSize of job (KB)
...
006 (3447427.011.000) 01/30 16:26:17 Image size of job updated: 458280
	376  -  MemoryUsage of job (MB)
	384512  -  ResidentSetSize of job (KB)
...
006 (3447427.011.000) 01/30 16:31:17 Image size of job updated: 458280
	376  -  MemoryUsage of job (MB)
	384576  -  ResidentSetSize of job (KB)
...
006 (3447427.011.000) 01/30 16:36:18 Image size of job updated: 458280
	376  -  MemoryUsage of job (MB)
	384628  -  ResidentSetSize of job (KB)
...
006 (3447427.011.000) 01/30 16:41:19 Image size of job updated: 458280
	376  -  MemoryUsage of job (MB)
	384640  -  ResidentSetSize of job (KB)
...
006 (3447427.011.000) 01/30 16:51:20 Image size of job updated: 458280
	376  -  MemoryUsage of job (MB)
	384672  -  ResidentSetSize of job (KB)
...
006 (3447427.011.000) 01/30 16:56:21 Image size of job updated: 458280
	376  -  MemoryUsage of job (MB)
	384724  -  ResidentSetSize of job (KB)
...
006 (3447427.011.000) 01/30 17:06:21 Image size of job updated: 458280
	376  -  MemoryUsage of job (MB)
	384752  -  ResidentSetSize of job (KB)
...
006 (3447427.011.000) 01/30 17:11:22 Image size of job updated: 458280
	376  -  MemoryUsage of job (MB)
	384836  -  ResidentSetSize of job (KB)
...
006 (3447427.011.000) 01/30 17:16:22 Image size of job updated: 458280
	376  -  MemoryUsage of job (MB)
	384892  -  ResidentSetSize of job (KB)
...
006 (3447427.011.000) 01/30 17:26:22 Image size of job updated: 458280
	377  -  MemoryUsage of job (MB)
	385036  -  ResidentSetSize of job (KB)
...
006 (3447427.011.000) 01/30 17:31:23 Image size of job updated: 458280
	377  -  MemoryUsage of job (MB)
	385168  -  ResidentSetSize of job (KB)
...
006 (3447427.011.000) 01/30 17:36:24 Image size of job updated: 458280
	377  -  MemoryUsage of job (MB)
	385252  -  ResidentSetSize of job (KB)
...
006 (3447427.011.000) 01/30 18:26:28 Image size of job updated: 458280
	377  -  MemoryUsage of job (MB)
	385272  -  ResidentSetSize of job (KB)
...
006 (3447427.011.000) 01/30 18:31:28 Image size of job updated: 458280
	377  -  MemoryUsage of job (MB)
	385280  -  ResidentSetSize of job (KB)
...
006 (3447427.011.000) 01/30 18:46:29 Image size of job updated: 458280
	377  -  MemoryUsage of job (MB)
	385424  -  ResidentSetSize of job (KB)
...
006 (3447427.011.000) 01/30 18:51:31 Image size of job updated: 458280
	377  -  MemoryUsage of job (MB)
	385456  -  ResidentSetSize of job (KB)
...
006 (3447427.011.000) 01/30 19:36:36 Image size of job updated: 458280
	377  -  MemoryUsage of job (MB)
	385488  -  ResidentSetSize of job (KB)
...
006 (3447427.011.000) 01/30 19:56:38 Image size of job updated: 458280
	377  -  MemoryUsage of job (MB)
	385492  -  ResidentSetSize of job (KB)
...
006 (3447427.011.000) 01/30 20:01:38 Image size of job updated: 458280
	377  -  MemoryUsage of job (MB)
	385536  -  ResidentSetSize of job (KB)
...
006 (3447427.011.000) 01/30 20:06:38 Image size of job updated: 458280
	377  -  MemoryUsage of job (MB)
	385596  -  ResidentSetSize of job (KB)
...
006 (3447427.011.000) 01/30 20:11:39 Image size of job updated: 458280
	377  -  MemoryUsage of job (MB)
	385672  -  ResidentSetSize of job (KB)
...
006 (3447427.011.000) 01/30 20:16:39 Image size of job updated: 458280
	377  -  MemoryUsage of job (MB)
	385680  -  ResidentSetSize of job (KB)
...
006 (3447427.011.000) 01/30 20:21:39 Image size of job updated: 458280
	377  -  MemoryUsage of job (MB)
	385716  -  ResidentSetSize of job (KB)
...
006 (3447427.011.000) 01/30 20:26:40 Image size of job updated: 458280
	377  -  MemoryUsage of job (MB)
	385752  -  ResidentSetSize of job (KB)
...
006 (3447427.011.000) 01/30 20:31:41 Image size of job updated: 458280
	377  -  MemoryUsage of job (MB)
	385780  -  ResidentSetSize of job (KB)
...
006 (3447427.011.000) 01/30 20:36:41 Image size of job updated: 458280
	377  -  MemoryUsage of job (MB)
	385812  -  ResidentSetSize of job (KB)
...
006 (3447427.011.000) 01/30 20:41:42 Image size of job updated: 458280
	377  -  MemoryUsage of job (MB)
	385852  -  ResidentSetSize of job (KB)
...
006 (3447427.011.000) 01/30 20:46:43 Image size of job updated: 458280
	377  -  MemoryUsage of job (MB)
	385904  -  ResidentSetSize of job (KB)
...
006 (3447427.011.000) 01/30 20:56:45 Image size of job updated: 458280
	377  -  MemoryUsage of job (MB)
	386004  -  ResidentSetSize of job (KB)
...
006 (3447427.011.000) 01/30 21:01:45 Image size of job updated: 458280
	377  -  MemoryUsage of job (MB)
	386048  -  ResidentSetSize of job (KB)
...
006 (3447427.011.000) 01/30 21:06:46 Image size of job updated: 458280
	378  -  MemoryUsage of job (MB)
	386052  -  ResidentSetSize of job (KB)
...
006 (3447427.011.000) 01/30 21:11:46 Image size of job updated: 458280
	378  -  MemoryUsage of job (MB)
	386084  -  ResidentSetSize of job (KB)
...
006 (3447427.011.000) 01/30 21:16:46 Image size of job updated: 458280
	378  -  MemoryUsage of job (MB)
	386120  -  ResidentSetSize of job (KB)
...
006 (3447427.011.000) 01/30 21:21:47 Image size of job updated: 458280
	378  -  MemoryUsage of job (MB)
	386156  -  ResidentSetSize of job (KB)
...
006 (3447427.011.000) 01/30 21:26:47 Image size of job updated: 458280
	378  -  MemoryUsage of job (MB)
	386168  -  ResidentSetSize of job (KB)
...
006 (3447427.011.000) 01/30 21:31:47 Image size of job updated: 458280
	378  -  MemoryUsage of job (MB)
	386184  -  ResidentSetSize of job (KB)
...
006 (3447427.011.000) 01/30 21:41:49 Image size of job updated: 458280
	378  -  MemoryUsage of job (MB)
	386272  -  ResidentSetSize of job (KB)
...
006 (3447427.011.000) 01/30 21:46:49 Image size of job updated: 458280
	378  -  MemoryUsage of job (MB)
	386304  -  ResidentSetSize of job (KB)
...
006 (3447427.011.000) 01/30 21:51:50 Image size of job updated: 458280
	378  -  MemoryUsage of job (MB)
	386316  -  ResidentSetSize of job (KB)
...
006 (3447427.011.000) 01/30 22:01:51 Image size of job updated: 458280
	378  -  MemoryUsage of job (MB)
	386340  -  ResidentSetSize of job (KB)
...
006 (3447427.011.000) 01/30 22:06:52 Image size of job updated: 458280
	378  -  MemoryUsage of job (MB)
	386372  -  ResidentSetSize of job (KB)
...
006 (3447427.011.000) 01/30 22:11:53 Image size of job updated: 458280
	378  -  MemoryUsage of job (MB)
	386380  -  ResidentSetSize of job (KB)
...
006 (3447427.011.000) 01/30 22:16:53 Image size of job updated: 458280
	378  -  MemoryUsage of job (MB)
	386436  -  ResidentSetSize of job (KB)
...
006 (3447427.011.000) 01/30 22:26:54 Image size of job updated: 458280
	378  -  MemoryUsage of job (MB)
	386504  -  ResidentSetSize of job (KB)
...
006 (3447427.011.000) 01/30 22:31:54 Image size of job updated: 458280
	378  -  MemoryUsage of job (MB)
	386556  -  ResidentSetSize of job (KB)
...
006 (3447427.011.000) 01/30 22:36:54 Image size of job updated: 458280
	378  -  MemoryUsage of job (MB)
	386560  -  ResidentSetSize of job (KB)
...
006 (3447427.011.000) 01/30 22:41:55 Image size of job updated: 458280
	378  -  MemoryUsage of job (MB)
	386588  -  ResidentSetSize of job (KB)
...
006 (3447427.011.000) 01/30 22:46:56 Image size of job updated: 458280
	378  -  MemoryUsage of job (MB)
	386604  -  ResidentSetSize of job (KB)
...
006 (3447427.011.000) 01/30 22:51:56 Image size of job updated: 458280
	378  -  MemoryUsage of job (MB)
	386624  -  ResidentSetSize of job (KB)
...
006 (3447427.011.000) 01/30 22:56:57 Image size of job updated: 458280
	378  -  MemoryUsage of job (MB)
	386688  -  ResidentSetSize of job (KB)
...
006 (3447427.011.000) 01/30 23:01:58 Image size of job updated: 458280
	378  -  MemoryUsage of job (MB)
	386700  -  ResidentSetSize of job (KB)
...
006 (3447427.011.000) 01/30 23:06:58 Image size of job updated: 458280
	378  -  MemoryUsage of job (MB)
	386736  -  ResidentSetSize of job (KB)
...
006 (3447427.011.000) 01/30 23:11:59 Image size of job updated: 458280
	378  -  MemoryUsage of job (MB)
	386780  -  ResidentSetSize of job (KB)
...
006 (3447427.011.000) 01/30 23:21:59 Image size of job updated: 458280
	378  -  MemoryUsage of job (MB)
	386816  -  ResidentSetSize of job (KB)
...
006 (3447427.011.000) 01/30 23:27:00 Image size of job updated: 458280
	378  -  MemoryUsage of job (MB)
	386872  -  ResidentSetSize of job (KB)
...
006 (3447427.011.000) 01/30 23:32:00 Image size of job updated: 458280
	378  -  MemoryUsage of job (MB)
	386888  -  ResidentSetSize of job (KB)
...
006 (3447427.011.000) 01/30 23:37:00 Image size of job updated: 458280
	378  -  MemoryUsage of job (MB)
	386944  -  ResidentSetSize of job (KB)
...
006 (3447427.011.000) 01/30 23:42:01 Image size of job updated: 458280
	378  -  MemoryUsage of job (MB)
	386968  -  ResidentSetSize of job (KB)
...
006 (3447427.011.000) 01/30 23:47:02 Image size of job updated: 458280
	378  -  MemoryUsage of job (MB)
	386980  -  ResidentSetSize of job (KB)
...
006 (3447427.011.000) 01/30 23:52:02 Image size of job updated: 458280
	378  -  MemoryUsage of job (MB)
	387008  -  ResidentSetSize of job (KB)
...
006 (3447427.011.000) 01/30 23:57:03 Image size of job updated: 458280
	378  -  MemoryUsage of job (MB)
	387044  -  ResidentSetSize of job (KB)
...
006 (3447427.011.000) 01/31 00:02:04 Image size of job updated: 458280
	378  -  MemoryUsage of job (MB)
	387056  -  ResidentSetSize of job (KB)
...
006 (3447427.011.000) 01/31 00:07:04 Image size of job updated: 458280
	379  -  MemoryUsage of job (MB)
	387112  -  ResidentSetSize of job (KB)
...
006 (3447427.011.000) 01/31 00:12:05 Image size of job updated: 458280
	379  -  MemoryUsage of job (MB)
	387116  -  ResidentSetSize of job (KB)
...
006 (3447427.011.000) 01/31 00:22:06 Image size of job updated: 458280
	379  -  MemoryUsage of job (MB)
	387188  -  ResidentSetSize of job (KB)
...
006 (3447427.011.000) 01/31 00:27:07 Image size of job updated: 458280
	379  -  MemoryUsage of job (MB)
	387248  -  ResidentSetSize of job (KB)
...
006 (3447427.011.000) 01/31 00:32:08 Image size of job updated: 458280
	379  -  MemoryUsage of job (MB)
	387260  -  ResidentSetSize of job (KB)
...
006 (3447427.011.000) 01/31 00:37:08 Image size of job updated: 458280
	379  -  MemoryUsage of job (MB)
	387316  -  ResidentSetSize of job (KB)
...
006 (3447427.011.000) 01/31 00:42:09 Image size of job updated: 458280
	379  -  MemoryUsage of job (MB)
	387364  -  ResidentSetSize of job (KB)
...
006 (3447427.011.000) 01/31 00:47:10 Image size of job updated: 458280
	379  -  MemoryUsage of job (MB)
	387388  -  ResidentSetSize of job (KB)
...
006 (3447427.011.000) 01/31 00:52:10 Image size of job updated: 458280
	379  -  MemoryUsage of job (MB)
	387444  -  ResidentSetSize of job (KB)
...
006 (3447427.011.000) 01/31 00:57:10 Image size of job updated: 458280
	379  -  MemoryUsage of job (MB)
	387456  -  ResidentSetSize of job (KB)
...
006 (3447427.011.000) 01/31 01:02:11 Image size of job updated: 458280
	379  -  MemoryUsage of job (MB)
	387492  -  ResidentSetSize of job (KB)
...
006 (3447427.011.000) 01/31 01:07:12 Image size of job updated: 458280
	379  -  MemoryUsage of job (MB)
	387504  -  ResidentSetSize of job (KB)
...
006 (3447427.011.000) 01/31 01:17:13 Image size of job updated: 458280
	379  -  MemoryUsage of job (MB)
	387576  -  ResidentSetSize of job (KB)
...
006 (3447427.011.000) 01/31 01:22:14 Image size of job updated: 458280
	379  -  MemoryUsage of job (MB)
	387584  -  ResidentSetSize of job (KB)
...
006 (3447427.011.000) 01/31 01:27:14 Image size of job updated: 458280
	379  -  MemoryUsage of job (MB)
	387644  -  ResidentSetSize of job (KB)
...
006 (3447427.011.000) 01/31 01:32:15 Image size of job updated: 458280
	379  -  MemoryUsage of job (MB)
	387668  -  ResidentSetSize of job (KB)
...
006 (3447427.011.000) 01/31 01:37:16 Image size of job updated: 458280
	379  -  MemoryUsage of job (MB)
	387708  -  ResidentSetSize of job (KB)
...
006 (3447427.011.000) 01/31 01:42:16 Image size of job updated: 458280
	379  -  MemoryUsage of job (MB)
	387732  -  ResidentSetSize of job (KB)
...
006 (3447427.011.000) 01/31 01:47:16 Image size of job updated: 458280
	379  -  MemoryUsage of job (MB)
	387760  -  ResidentSetSize of job (KB)
...
006 (3447427.011.000) 01/31 01:52:17 Image size of job updated: 458280
	379  -  MemoryUsage of job (MB)
	387788  -  ResidentSetSize of job (KB)
...
006 (3447427.011.000) 01/31 02:02:18 Image size of job updated: 458280
	379  -  MemoryUsage of job (MB)
	387884  -  ResidentSetSize of job (KB)
...
006 (3447427.011.000) 01/31 02:07:19 Image size of job updated: 458280
	379  -  MemoryUsage of job (MB)
	387920  -  ResidentSetSize of job (KB)
...
006 (3447427.011.000) 01/31 02:12:20 Image size of job updated: 458280
	379  -  MemoryUsage of job (MB)
	387932  -  ResidentSetSize of job (KB)
...
006 (3447427.011.000) 01/31 02:17:20 Image size of job updated: 458280
	379  -  MemoryUsage of job (MB)
	388020  -  ResidentSetSize of job (KB)
...
006 (3447427.011.000) 01/31 02:27:22 Image size of job updated: 458280
	379  -  MemoryUsage of job (MB)
	388052  -  ResidentSetSize of job (KB)
...
006 (3447427.011.000) 01/31 02:37:22 Image size of job updated: 458280
	379  -  MemoryUsage of job (MB)
	388084  -  ResidentSetSize of job (KB)
...
006 (3447427.011.000) 01/31 02:42:23 Image size of job updated: 458280
	380  -  MemoryUsage of job (MB)
	388148  -  ResidentSetSize of job (KB)
...
006 (3447427.011.000) 01/31 02:47:24 Image size of job updated: 458280
	380  -  MemoryUsage of job (MB)
	388232  -  ResidentSetSize of job (KB)
...
006 (3447427.011.000) 01/31 02:52:24 Image size of job updated: 458280
	380  -  MemoryUsage of job (MB)
	388272  -  ResidentSetSize of job (KB)
...
006 (3447427.011.000) 01/31 02:57:24 Image size of job updated: 458280
	380  -  MemoryUsage of job (MB)
	388304  -  ResidentSetSize of job (KB)
...
006 (3447427.011.000) 01/31 03:07:26 Image size of job updated: 458280
	380  -  MemoryUsage of job (MB)
	388360  -  ResidentSetSize of job (KB)
...
006 (3447427.011.000) 01/31 03:12:26 Image size of job updated: 458280
	380  -  MemoryUsage of job (MB)
	388424  -  ResidentSetSize of job (KB)
...
006 (3447427.011.000) 01/31 03:27:28 Image size of job updated: 458280
	380  -  MemoryUsage of job (MB)
	388528  -  ResidentSetSize of job (KB)
...
006 (3447427.011.000) 01/31 03:32:28 Image size of job updated: 458280
	380  -  MemoryUsage of job (MB)
	388548  -  ResidentSetSize of job (KB)
...
006 (3447427.011.000) 01/31 03:37:29 Image size of job updated: 458280
	380  -  MemoryUsage of job (MB)
	388564  -  ResidentSetSize of job (KB)
...
006 (3447427.011.000) 01/31 03:42:29 Image size of job updated: 458280
	380  -  MemoryUsage of job (MB)
	388580  -  ResidentSetSize of job (KB)
...
006 (3447427.011.000) 01/31 03:47:29 Image size of job updated: 458280
	380  -  MemoryUsage of job (MB)
	388676  -  ResidentSetSize of job (KB)
...
006 (3447427.011.000) 01/31 03:52:31 Image size of job updated: 458280
	380  -  MemoryUsage of job (MB)
	388700  -  ResidentSetSize of job (KB)
...
006 (3447427.011.000) 01/31 03:57:31 Image size of job updated: 458280
	380  -  MemoryUsage of job (MB)
	388724  -  ResidentSetSize of job (KB)
...
006 (3447427.011.000) 01/31 04:02:31 Image size of job updated: 458280
	380  -  MemoryUsage of job (MB)
	388776  -  ResidentSetSize of job (KB)
...
006 (3447427.011.000) 01/31 04:12:33 Image size of job updated: 458280
	380  -  MemoryUsage of job (MB)
	388840  -  ResidentSetSize of job (KB)
...
006 (3447427.011.000) 01/31 04:17:33 Image size of job updated: 458280
	380  -  MemoryUsage of job (MB)
	388848  -  ResidentSetSize of job (KB)
...
006 (3447427.011.000) 01/31 04:22:34 Image size of job updated: 458280
	380  -  MemoryUsage of job (MB)
	388924  -  ResidentSetSize of job (KB)
...
006 (3447427.011.000) 01/31 04:27:35 Image size of job updated: 458280
	380  -  MemoryUsage of job (MB)
	388968  -  ResidentSetSize of job (KB)
...
006 (3447427.011.000) 01/31 04:32:35 Image size of job updated: 458280
	380  -  MemoryUsage of job (MB)
	388984  -  ResidentSetSize of job (KB)
...
006 (3447427.011.000) 01/31 04:37:35 Image size of job updated: 458280
	380  -  MemoryUsage of job (MB)
	389036  -  ResidentSetSize of job (KB)
...
006 (3447427.011.000) 01/31 04:42:37 Image size of job updated: 458280
	380  -  MemoryUsage of job (MB)
	389056  -  ResidentSetSize of job (KB)
...
006 (3447427.011.000) 01/31 04:47:37 Image size of job updated: 458280
	380  -  MemoryUsage of job (MB)
	389072  -  ResidentSetSize of job (KB)
...
006 (3447427.011.000) 01/31 04:52:37 Image size of job updated: 458280
	380  -  MemoryUsage of job (MB)
	389096  -  ResidentSetSize of job (KB)
...
006 (3447427.011.000) 01/31 04:57:38 Image size of job updated: 458280
	381  -  MemoryUsage of job (MB)
	389136  -  ResidentSetSize of job (KB)
...
006 (3447427.011.000) 01/31 05:02:39 Image size of job updated: 458280
	381  -  MemoryUsage of job (MB)
	389164  -  ResidentSetSize of job (KB)
...
006 (3447427.011.000) 01/31 05:07:39 Image size of job updated: 458280
	381  -  MemoryUsage of job (MB)
	389204  -  ResidentSetSize of job (KB)
...
006 (3447427.011.000) 01/31 05:12:40 Image size of job updated: 458280
	381  -  MemoryUsage of job (MB)
	389212  -  ResidentSetSize of job (KB)
...
006 (3447427.011.000) 01/31 05:17:41 Image size of job updated: 458280
	381  -  MemoryUsage of job (MB)
	389264  -  ResidentSetSize of job (KB)
...
006 (3447427.011.000) 01/31 05:22:41 Image size of job updated: 458280
	381  -  MemoryUsage of job (MB)
	389272  -  ResidentSetSize of job (KB)
...
006 (3447427.011.000) 01/31 05:27:41 Image size of job updated: 458280
	381  -  MemoryUsage of job (MB)
	389312  -  ResidentSetSize of job (KB)
...
006 (3447427.011.000) 01/31 05:32:43 Image size of job updated: 458280
	381  -  MemoryUsage of job (MB)
	389332  -  ResidentSetSize of job (KB)
...
006 (3447427.011.000) 01/31 05:37:43 Image size of job updated: 458280
	381  -  MemoryUsage of job (MB)
	389372  -  ResidentSetSize of job (KB)
...
006 (3447427.011.000) 01/31 05:42:43 Image size of job updated: 458280
	381  -  MemoryUsage of job (MB)
	389428  -  ResidentSetSize of job (KB)
...
006 (3447427.011.000) 01/31 05:47:44 Image size of job updated: 458280
	381  -  MemoryUsage of job (MB)
	389464  -  ResidentSetSize of job (KB)
...
006 (3447427.011.000) 01/31 05:52:45 Image size of job updated: 458280
	381  -  MemoryUsage of job (MB)
	389516  -  ResidentSetSize of job (KB)
...
006 (3447427.011.000) 01/31 05:57:45 Image size of job updated: 458280
	381  -  MemoryUsage of job (MB)
	389568  -  ResidentSetSize of job (KB)
...
006 (3447427.011.000) 01/31 06:02:46 Image size of job updated: 458280
	381  -  MemoryUsage of job (MB)
	389572  -  ResidentSetSize of job (KB)
...
006 (3447427.011.000) 01/31 06:07:47 Image size of job updated: 458280
	381  -  MemoryUsage of job (MB)
	389672  -  ResidentSetSize of job (KB)
...
006 (3447427.011.000) 01/31 06:12:47 Image size of job updated: 458280
	381  -  MemoryUsage of job (MB)
	389704  -  ResidentSetSize of job (KB)
...
006 (3447427.011.000) 01/31 06:17:47 Image size of job updated: 458280
	381  -  MemoryUsage of job (MB)
	389772  -  ResidentSetSize of job (KB)
...
006 (3447427.011.000) 01/31 06:22:48 Image size of job updated: 458280
	382  -  MemoryUsage of job (MB)
	390924  -  ResidentSetSize of job (KB)
...
006 (3447427.011.000) 01/31 06:27:48 Image size of job updated: 458280
	383  -  MemoryUsage of job (MB)
	392152  -  ResidentSetSize of job (KB)
...
006 (3447427.011.000) 01/31 06:32:48 Image size of job updated: 458280
	384  -  MemoryUsage of job (MB)
	392300  -  ResidentSetSize of job (KB)
...
006 (3447427.011.000) 01/31 06:37:49 Image size of job updated: 458280
	384  -  MemoryUsage of job (MB)
	392440  -  ResidentSetSize of job (KB)
...
006 (3447427.011.000) 01/31 06:42:50 Image size of job updated: 458280
	384  -  MemoryUsage of job (MB)
	392464  -  ResidentSetSize of job (KB)
...
006 (3447427.011.000) 01/31 06:47:50 Image size of job updated: 458280
	384  -  MemoryUsage of job (MB)
	392576  -  ResidentSetSize of job (KB)
...
006 (3447427.011.000) 01/31 06:52:51 Image size of job updated: 458280
	384  -  MemoryUsage of job (MB)
	392684  -  ResidentSetSize of job (KB)
...
006 (3447427.011.000) 01/31 06:57:52 Image size of job updated: 458280
	384  -  MemoryUsage of job (MB)
	392812  -  ResidentSetSize of job (KB)
...
006 (3447427.011.000) 01/31 07:02:52 Image size of job updated: 458280
	384  -  MemoryUsage of job (MB)
	392936  -  ResidentSetSize of job (KB)
...
006 (3447427.011.000) 01/31 07:07:52 Image size of job updated: 458280
	384  -  MemoryUsage of job (MB)
	393056  -  ResidentSetSize of job (KB)
...
006 (3447427.011.000) 01/31 07:12:53 Image size of job updated: 458280
	384  -  MemoryUsage of job (MB)
	393180  -  ResidentSetSize of job (KB)
...
006 (3447427.011.000) 01/31 07:17:53 Image size of job updated: 458280
	384  -  MemoryUsage of job (MB)
	393204  -  ResidentSetSize of job (KB)
...
006 (3447427.011.000) 01/31 07:22:53 Image size of job updated: 458280
	385  -  MemoryUsage of job (MB)
	393384  -  ResidentSetSize of job (KB)
...
006 (3447427.011.000) 01/31 07:27:54 Image size of job updated: 458280
	385  -  MemoryUsage of job (MB)
	393540  -  ResidentSetSize of job (KB)
...
006 (3447427.011.000) 01/31 07:32:54 Image size of job updated: 458280
	385  -  MemoryUsage of job (MB)
	393568  -  ResidentSetSize of job (KB)
...
006 (3447427.011.000) 01/31 07:37:54 Image size of job updated: 458280
	385  -  MemoryUsage of job (MB)
	393652  -  ResidentSetSize of job (KB)
...
006 (3447427.011.000) 01/31 07:42:55 Image size of job updated: 458280
	385  -  MemoryUsage of job (MB)
	393720  -  ResidentSetSize of job (KB)
...
006 (3447427.011.000) 01/31 07:47:55 Image size of job updated: 458280
	385  -  MemoryUsage of job (MB)
	393744  -  ResidentSetSize of job (KB)
...
006 (3447427.011.000) 01/31 07:52:55 Image size of job updated: 458280
	385  -  MemoryUsage of job (MB)
	393900  -  ResidentSetSize of job (KB)
...
006 (3447427.011.000) 01/31 07:57:56 Image size of job updated: 458280
	385  -  MemoryUsage of job (MB)
	393956  -  ResidentSetSize of job (KB)
...
006 (3447427.011.000) 01/31 08:02:56 Image size of job updated: 458280
	385  -  MemoryUsage of job (MB)
	394200  -  ResidentSetSize of job (KB)
...
006 (3447427.011.000) 01/31 08:07:56 Image size of job updated: 458280
	386  -  MemoryUsage of job (MB)
	394252  -  ResidentSetSize of job (KB)
...
006 (3447427.011.000) 01/31 08:12:57 Image size of job updated: 458280
	386  -  MemoryUsage of job (MB)
	394288  -  ResidentSetSize of job (KB)
...
006 (3447427.011.000) 01/31 08:17:57 Image size of job updated: 458280
	386  -  MemoryUsage of job (MB)
	394444  -  ResidentSetSize of job (KB)
...
006 (3447427.011.000) 01/31 08:22:57 Image size of job updated: 458280
	386  -  MemoryUsage of job (MB)
	394532  -  ResidentSetSize of job (KB)
...
006 (3447427.011.000) 01/31 08:27:59 Image size of job updated: 458280
	386  -  MemoryUsage of job (MB)
	394612  -  ResidentSetSize of job (KB)
...
006 (3447427.011.000) 01/31 08:32:59 Image size of job updated: 458280
	386  -  MemoryUsage of job (MB)
	394692  -  ResidentSetSize of job (KB)
...
006 (3447427.011.000) 01/31 08:37:59 Image size of job updated: 458280
	386  -  MemoryUsage of job (MB)
	394896  -  ResidentSetSize of job (KB)
...
006 (3447427.011.000) 01/31 08:43:00 Image size of job updated: 458280
	386  -  MemoryUsage of job (MB)
	394960  -  ResidentSetSize of job (KB)
...
006 (3447427.011.000) 01/31 08:48:01 Image size of job updated: 458280
	386  -  MemoryUsage of job (MB)
	395012  -  ResidentSetSize of job (KB)
...
006 (3447427.011.000) 01/31 08:53:01 Image size of job updated: 458280
	386  -  MemoryUsage of job (MB)
	395120  -  ResidentSetSize of job (KB)
...
006 (3447427.011.000) 01/31 08:58:02 Image size of job updated: 458280
	386  -  MemoryUsage of job (MB)
	395264  -  ResidentSetSize of job (KB)
...
006 (3447427.011.000) 01/31 09:03:03 Image size of job updated: 458280
	387  -  MemoryUsage of job (MB)
	395324  -  ResidentSetSize of job (KB)
...
006 (3447427.011.000) 01/31 09:08:03 Image size of job updated: 458280
	387  -  MemoryUsage of job (MB)
	395392  -  ResidentSetSize of job (KB)
...
006 (3447427.011.000) 01/31 09:13:04 Image size of job updated: 458280
	387  -  MemoryUsage of job (MB)
	395500  -  ResidentSetSize of job (KB)
...
006 (3447427.011.000) 01/31 09:18:05 Image size of job updated: 458280
	387  -  MemoryUsage of job (MB)
	395624  -  ResidentSetSize of job (KB)
...
006 (3447427.011.000) 01/31 09:23:05 Image size of job updated: 458280
	387  -  MemoryUsage of job (MB)
	395788  -  ResidentSetSize of job (KB)
...
006 (3447427.011.000) 01/31 09:28:05 Image size of job updated: 458280
	387  -  MemoryUsage of job (MB)
	396000  -  ResidentSetSize of job (KB)
...
006 (3447427.011.000) 01/31 09:33:06 Image size of job updated: 458280
	387  -  MemoryUsage of job (MB)
	396104  -  ResidentSetSize of job (KB)
...
006 (3447427.011.000) 01/31 09:38:07 Image size of job updated: 458280
	387  -  MemoryUsage of job (MB)
	396176  -  ResidentSetSize of job (KB)
...
006 (3447427.011.000) 01/31 09:43:07 Image size of job updated: 458280
	388  -  MemoryUsage of job (MB)
	396360  -  ResidentSetSize of job (KB)
...
006 (3447427.011.000) 01/31 09:48:07 Image size of job updated: 458280
	388  -  MemoryUsage of job (MB)
	396516  -  ResidentSetSize of job (KB)
...
006 (3447427.011.000) 01/31 09:53:08 Image size of job updated: 458280
	388  -  MemoryUsage of job (MB)
	396584  -  ResidentSetSize of job (KB)
...
006 (3447427.011.000) 01/31 09:58:08 Image size of job updated: 458280
	388  -  MemoryUsage of job (MB)
	396608  -  ResidentSetSize of job (KB)
...
006 (3447427.011.000) 01/31 10:08:09 Image size of job updated: 458280
	388  -  MemoryUsage of job (MB)
	396612  -  ResidentSetSize of job (KB)
...
006 (3447427.011.000) 01/31 11:08:16 Image size of job updated: 458280
	388  -  MemoryUsage of job (MB)
	396660  -  ResidentSetSize of job (KB)
...
006 (3447427.011.000) 01/31 11:13:16 Image size of job updated: 458280
	388  -  MemoryUsage of job (MB)
	396680  -  ResidentSetSize of job (KB)
...
006 (3447427.011.000) 01/31 11:33:18 Image size of job updated: 458280
	388  -  MemoryUsage of job (MB)
	396700  -  ResidentSetSize of job (KB)
...
006 (3447427.011.000) 01/31 11:48:19 Image size of job updated: 458280
	388  -  MemoryUsage of job (MB)
	396724  -  ResidentSetSize of job (KB)
...
006 (3447427.011.000) 01/31 11:58:19 Image size of job updated: 458280
	388  -  MemoryUsage of job (MB)
	396748  -  ResidentSetSize of job (KB)
...
006 (3447427.011.000) 01/31 12:13:20 Image size of job updated: 458280
	388  -  MemoryUsage of job (MB)
	396776  -  ResidentSetSize of job (KB)
...
006 (3447427.011.000) 01/31 15:33:42 Image size of job updated: 458280
	388  -  MemoryUsage of job (MB)
	396804  -  ResidentSetSize of job (KB)
...
006 (3447427.011.000) 01/31 15:58:43 Image size of job updated: 458280
	388  -  MemoryUsage of job (MB)
	396808  -  ResidentSetSize of job (KB)
...
006 (3447427.011.000) 01/31 16:13:45 Image size of job updated: 458280
	388  -  MemoryUsage of job (MB)
	396812  -  ResidentSetSize of job (KB)
...
006 (3447427.011.000) 01/31 16:23:47 Image size of job updated: 458280
	388  -  MemoryUsage of job (MB)
	396880  -  ResidentSetSize of job (KB)
...
006 (3447427.011.000) 01/31 16:38:49 Image size of job updated: 458280
	388  -  MemoryUsage of job (MB)
	396892  -  ResidentSetSize of job (KB)
...
006 (3447427.011.000) 01/31 16:48:50 Image size of job updated: 458280
	388  -  MemoryUsage of job (MB)
	396932  -  ResidentSetSize of job (KB)
...
006 (3447427.011.000) 01/31 17:08:52 Image size of job updated: 458280
	388  -  MemoryUsage of job (MB)
	396968  -  ResidentSetSize of job (KB)
...
006 (3447427.011.000) 01/31 17:13:53 Image size of job updated: 458280
	388  -  MemoryUsage of job (MB)
	396976  -  ResidentSetSize of job (KB)
...
006 (3447427.011.000) 01/31 17:46:53 Image size of job updated: 458280
	388  -  MemoryUsage of job (MB)
	396984  -  ResidentSetSize of job (KB)
...
006 (3447427.011.000) 01/31 17:57:40 Image size of job updated: 458280
	388  -  MemoryUsage of job (MB)
	397056  -  ResidentSetSize of job (KB)
...
006 (3447427.011.000) 01/31 18:04:10 Image size of job updated: 458280
	388  -  MemoryUsage of job (MB)
	397060  -  ResidentSetSize of job (KB)
...
006 (3447427.011.000) 01/31 18:09:10 Image size of job updated: 458280
	388  -  MemoryUsage of job (MB)
	397096  -  ResidentSetSize of job (KB)
...
006 (3447427.011.000) 01/31 18:24:12 Image size of job updated: 458280
	388  -  MemoryUsage of job (MB)
	397132  -  ResidentSetSize of job (KB)
...
006 (3447427.011.000) 01/31 18:49:15 Image size of job updated: 458280
	388  -  MemoryUsage of job (MB)
	397184  -  ResidentSetSize of job (KB)
...
006 (3447427.011.000) 01/31 19:09:17 Image size of job updated: 458280
	388  -  MemoryUsage of job (MB)
	397200  -  ResidentSetSize of job (KB)
...
006 (3447427.011.000) 01/31 19:14:17 Image size of job updated: 458280
	388  -  MemoryUsage of job (MB)
	397208  -  ResidentSetSize of job (KB)
...
006 (3447427.011.000) 01/31 19:29:18 Image size of job updated: 458280
	388  -  MemoryUsage of job (MB)
	397212  -  ResidentSetSize of job (KB)
...
006 (3447427.011.000) 01/31 19:34:18 Image size of job updated: 458280
	388  -  MemoryUsage of job (MB)
	397300  -  ResidentSetSize of job (KB)
...
006 (3447427.011.000) 01/31 19:49:19 Image size of job updated: 458280
	389  -  MemoryUsage of job (MB)
	397364  -  ResidentSetSize of job (KB)
...
006 (3447427.011.000) 01/31 20:09:22 Image size of job updated: 458280
	389  -  MemoryUsage of job (MB)
	397380  -  ResidentSetSize of job (KB)
...
006 (3447427.011.000) 01/31 20:19:22 Image size of job updated: 458280
	389  -  MemoryUsage of job (MB)
	397416  -  ResidentSetSize of job (KB)
...
006 (3447427.011.000) 01/31 20:34:24 Image size of job updated: 458280
	389  -  MemoryUsage of job (MB)
	397424  -  ResidentSetSize of job (KB)
...
006 (3447427.011.000) 01/31 21:04:28 Image size of job updated: 458280
	389  -  MemoryUsage of job (MB)
	397472  -  ResidentSetSize of job (KB)
...
006 (3447427.011.000) 01/31 21:09:29 Image size of job updated: 458280
	389  -  MemoryUsage of job (MB)
	397500  -  ResidentSetSize of job (KB)
...
006 (3447427.011.000) 01/31 21:29:31 Image size of job updated: 458280
	389  -  MemoryUsage of job (MB)
	397504  -  ResidentSetSize of job (KB)
...
006 (3447427.011.000) 01/31 21:44:32 Image size of job updated: 458280
	389  -  MemoryUsage of job (MB)
	397512  -  ResidentSetSize of job (KB)
...
006 (3447427.011.000) 01/31 21:54:32 Image size of job updated: 458280
	389  -  MemoryUsage of job (MB)
	397552  -  ResidentSetSize of job (KB)
...
006 (3447427.011.000) 01/31 21:59:33 Image size of job updated: 458280
	389  -  MemoryUsage of job (MB)
	397560  -  ResidentSetSize of job (KB)
...
006 (3447427.011.000) 01/31 22:04:33 Image size of job updated: 458280
	389  -  MemoryUsage of job (MB)
	397604  -  ResidentSetSize of job (KB)
...
006 (3447427.011.000) 01/31 22:35:04 Image size of job updated: 458280
	389  -  MemoryUsage of job (MB)
	397676  -  ResidentSetSize of job (KB)
...
006 (3447427.011.000) 01/31 22:44:23 Image size of job updated: 458280
	389  -  MemoryUsage of job (MB)
	397692  -  ResidentSetSize of job (KB)
...
006 (3447427.011.000) 01/31 23:00:01 Image size of job updated: 458280
	389  -  MemoryUsage of job (MB)
	397708  -  ResidentSetSize of job (KB)
...
006 (3447427.011.000) 01/31 23:05:02 Image size of job updated: 458280
	389  -  MemoryUsage of job (MB)
	397720  -  ResidentSetSize of job (KB)
...
006 (3447427.011.000) 01/31 23:15:03 Image size of job updated: 458280
	389  -  MemoryUsage of job (MB)
	397724  -  ResidentSetSize of job (KB)
...
006 (3447427.011.000) 01/31 23:30:04 Image size of job updated: 458280
	389  -  MemoryUsage of job (MB)
	397804  -  ResidentSetSize of job (KB)
...
006 (3447427.011.000) 01/31 23:35:04 Image size of job updated: 458280
	389  -  MemoryUsage of job (MB)
	397828  -  ResidentSetSize of job (KB)
...
006 (3447427.011.000) 01/31 23:50:05 Image size of job updated: 458280
	389  -  MemoryUsage of job (MB)
	397836  -  ResidentSetSize of job (KB)
...
006 (3447427.011.000) 02/01 00:00:07 Image size of job updated: 458280
	389  -  MemoryUsage of job (MB)
	397840  -  ResidentSetSize of job (KB)
...
006 (3447427.011.000) 02/01 00:10:07 Image size of job updated: 458280
	389  -  MemoryUsage of job (MB)
	397892  -  ResidentSetSize of job (KB)
...
006 (3447427.011.000) 02/01 00:15:08 Image size of job updated: 458280
	389  -  MemoryUsage of job (MB)
	397900  -  ResidentSetSize of job (KB)
...
006 (3447427.011.000) 02/01 00:20:09 Image size of job updated: 458280
	389  -  MemoryUsage of job (MB)
	397912  -  ResidentSetSize of job (KB)
...
006 (3447427.011.000) 02/01 00:25:09 Image size of job updated: 458280
	389  -  MemoryUsage of job (MB)
	397936  -  ResidentSetSize of job (KB)
...
006 (3447427.011.000) 02/01 00:35:11 Image size of job updated: 458280
	389  -  MemoryUsage of job (MB)
	397944  -  ResidentSetSize of job (KB)
...
006 (3447427.011.000) 02/01 00:40:12 Image size of job updated: 458280
	389  -  MemoryUsage of job (MB)
	397972  -  ResidentSetSize of job (KB)
...
006 (3447427.011.000) 02/01 00:45:12 Image size of job updated: 458280
	389  -  MemoryUsage of job (MB)
	397976  -  ResidentSetSize of job (KB)
...
006 (3447427.011.000) 02/01 00:50:12 Image size of job updated: 458280
	389  -  MemoryUsage of job (MB)
	398004  -  ResidentSetSize of job (KB)
...
006 (3447427.011.000) 02/01 00:55:13 Image size of job updated: 458280
	389  -  MemoryUsage of job (MB)
	398032  -  ResidentSetSize of job (KB)
...
006 (3447427.011.000) 02/01 01:00:14 Image size of job updated: 458280
	389  -  MemoryUsage of job (MB)
	398052  -  ResidentSetSize of job (KB)
...
006 (3447427.011.000) 02/01 01:05:14 Image size of job updated: 458280
	389  -  MemoryUsage of job (MB)
	398056  -  ResidentSetSize of job (KB)
...
006 (3447427.011.000) 02/01 01:15:15 Image size of job updated: 458280
	389  -  MemoryUsage of job (MB)
	398060  -  ResidentSetSize of job (KB)
...
006 (3447427.011.000) 02/01 01:20:17 Image size of job updated: 458280
	389  -  MemoryUsage of job (MB)
	398080  -  ResidentSetSize of job (KB)
...
006 (3447427.011.000) 02/01 01:25:17 Image size of job updated: 458280
	389  -  MemoryUsage of job (MB)
	398100  -  ResidentSetSize of job (KB)
...
006 (3447427.011.000) 02/01 01:35:18 Image size of job updated: 458280
	389  -  MemoryUsage of job (MB)
	398120  -  ResidentSetSize of job (KB)
...
006 (3447427.011.000) 02/01 01:45:20 Image size of job updated: 458280
	389  -  MemoryUsage of job (MB)
	398148  -  ResidentSetSize of job (KB)
...
006 (3447427.011.000) 02/01 01:50:20 Image size of job updated: 458280
	389  -  MemoryUsage of job (MB)
	398160  -  ResidentSetSize of job (KB)
...
006 (3447427.011.000) 02/01 01:55:20 Image size of job updated: 458280
	389  -  MemoryUsage of job (MB)
	398188  -  ResidentSetSize of job (KB)
...
006 (3447427.011.000) 02/01 02:00:21 Image size of job updated: 458280
	389  -  MemoryUsage of job (MB)
	398204  -  ResidentSetSize of job (KB)
...
006 (3447427.011.000) 02/01 02:05:22 Image size of job updated: 458280
	389  -  MemoryUsage of job (MB)
	398212  -  ResidentSetSize of job (KB)
...
006 (3447427.011.000) 02/01 02:13:13 Image size of job updated: 458280
	389  -  MemoryUsage of job (MB)
	398232  -  ResidentSetSize of job (KB)
...
006 (3447427.011.000) 02/01 02:21:46 Image size of job updated: 458280
	389  -  MemoryUsage of job (MB)
	398312  -  ResidentSetSize of job (KB)
...
006 (3447427.011.000) 02/01 02:28:37 Image size of job updated: 458280
	390  -  MemoryUsage of job (MB)
	398348  -  ResidentSetSize of job (KB)
...
006 (3447427.011.000) 02/01 02:43:38 Image size of job updated: 458280
	390  -  MemoryUsage of job (MB)
	398372  -  ResidentSetSize of job (KB)
...
006 (3447427.011.000) 02/01 02:48:39 Image size of job updated: 458280
	390  -  MemoryUsage of job (MB)
	398436  -  ResidentSetSize of job (KB)
...
006 (3447427.011.000) 02/01 03:13:41 Image size of job updated: 458280
	390  -  MemoryUsage of job (MB)
	398484  -  ResidentSetSize of job (KB)
...
006 (3447427.011.000) 02/01 03:18:41 Image size of job updated: 458280
	390  -  MemoryUsage of job (MB)
	398516  -  ResidentSetSize of job (KB)
...
006 (3447427.011.000) 02/01 03:23:41 Image size of job updated: 458280
	390  -  MemoryUsage of job (MB)
	398544  -  ResidentSetSize of job (KB)
...
006 (3447427.011.000) 02/01 03:28:42 Image size of job updated: 458280
	390  -  MemoryUsage of job (MB)
	398600  -  ResidentSetSize of job (KB)
...
006 (3447427.011.000) 02/01 03:33:43 Image size of job updated: 458280
	390  -  MemoryUsage of job (MB)
	398608  -  ResidentSetSize of job (KB)
...
006 (3447427.011.000) 02/01 03:38:43 Image size of job updated: 458280
	390  -  MemoryUsage of job (MB)
	398640  -  ResidentSetSize of job (KB)
...
006 (3447427.011.000) 02/01 04:08:46 Image size of job updated: 458280
	390  -  MemoryUsage of job (MB)
	398648  -  ResidentSetSize of job (KB)
...
006 (3447427.011.000) 02/01 04:18:46 Image size of job updated: 458280
	390  -  MemoryUsage of job (MB)
	398700  -  ResidentSetSize of job (KB)
...
006 (3447427.011.000) 02/01 04:33:45 Image size of job updated: 458280
	390  -  MemoryUsage of job (MB)
	398780  -  ResidentSetSize of job (KB)
...
006 (3447427.011.000) 02/01 04:45:46 Image size of job updated: 458280
	390  -  MemoryUsage of job (MB)
	398784  -  ResidentSetSize of job (KB)
...
006 (3447427.011.000) 02/01 04:52:59 Image size of job updated: 458280
	390  -  MemoryUsage of job (MB)
	398792  -  ResidentSetSize of job (KB)
...
006 (3447427.011.000) 02/01 04:58:00 Image size of job updated: 458280
	390  -  MemoryUsage of job (MB)
	398820  -  ResidentSetSize of job (KB)
...
006 (3447427.011.000) 02/01 05:03:01 Image size of job updated: 458280
	390  -  MemoryUsage of job (MB)
	398836  -  ResidentSetSize of job (KB)
...
006 (3447427.011.000) 02/01 05:08:01 Image size of job updated: 458280
	390  -  MemoryUsage of job (MB)
	398856  -  ResidentSetSize of job (KB)
...
006 (3447427.011.000) 02/01 05:13:01 Image size of job updated: 458280
	390  -  MemoryUsage of job (MB)
	398868  -  ResidentSetSize of job (KB)
...
006 (3447427.011.000) 02/01 05:18:02 Image size of job updated: 458280
	390  -  MemoryUsage of job (MB)
	398880  -  ResidentSetSize of job (KB)
...
006 (3447427.011.000) 02/01 05:23:03 Image size of job updated: 458280
	390  -  MemoryUsage of job (MB)
	398896  -  ResidentSetSize of job (KB)
...
006 (3447427.011.000) 02/01 05:28:03 Image size of job updated: 458280
	390  -  MemoryUsage of job (MB)
	398908  -  ResidentSetSize of job (KB)
...
006 (3447427.011.000) 02/01 05:33:03 Image size of job updated: 458280
	390  -  MemoryUsage of job (MB)
	398916  -  ResidentSetSize of job (KB)
...
006 (3447427.011.000) 02/01 05:48:05 Image size of job updated: 458280
	390  -  MemoryUsage of job (MB)
	398948  -  ResidentSetSize of job (KB)
...
006 (3447427.011.000) 02/01 05:53:05 Image size of job updated: 458280
	390  -  MemoryUsage of job (MB)
	398952  -  ResidentSetSize of job (KB)
...
006 (3447427.011.000) 02/01 06:03:07 Image size of job updated: 458280
	390  -  MemoryUsage of job (MB)
	399044  -  ResidentSetSize of job (KB)
...
006 (3447427.011.000) 02/01 06:08:08 Image size of job updated: 458280
	390  -  MemoryUsage of job (MB)
	399064  -  ResidentSetSize of job (KB)
...
006 (3447427.011.000) 02/01 06:13:08 Image size of job updated: 458280
	390  -  MemoryUsage of job (MB)
	399092  -  ResidentSetSize of job (KB)
...
006 (3447427.011.000) 02/01 06:18:08 Image size of job updated: 458280
	390  -  MemoryUsage of job (MB)
	399112  -  ResidentSetSize of job (KB)
...
006 (3447427.011.000) 02/01 06:48:12 Image size of job updated: 458280
	390  -  MemoryUsage of job (MB)
	399120  -  ResidentSetSize of job (KB)
...
006 (3447427.011.000) 02/01 06:53:12 Image size of job updated: 458280
	390  -  MemoryUsage of job (MB)
	399128  -  ResidentSetSize of job (KB)
...
006 (3447427.011.000) 02/01 06:58:12 Image size of job updated: 458280
	390  -  MemoryUsage of job (MB)
	399164  -  ResidentSetSize of job (KB)
...
006 (3447427.011.000) 02/01 07:03:13 Image size of job updated: 458280
	390  -  MemoryUsage of job (MB)
	399168  -  ResidentSetSize of job (KB)
...
006 (3447427.011.000) 02/01 07:08:14 Image size of job updated: 458280
	390  -  MemoryUsage of job (MB)
	399176  -  ResidentSetSize of job (KB)
...
006 (3447427.011.000) 02/01 07:18:14 Image size of job updated: 458280
	390  -  MemoryUsage of job (MB)
	399244  -  ResidentSetSize of job (KB)
...
006 (3447427.011.000) 02/01 07:48:18 Image size of job updated: 458280
	390  -  MemoryUsage of job (MB)
	399280  -  ResidentSetSize of job (KB)
...
006 (3447427.011.000) 02/01 07:53:18 Image size of job updated: 458280
	390  -  MemoryUsage of job (MB)
	399292  -  ResidentSetSize of job (KB)
...
006 (3447427.011.000) 02/01 07:58:18 Image size of job updated: 458280
	390  -  MemoryUsage of job (MB)
	399316  -  ResidentSetSize of job (KB)
...
006 (3447427.011.000) 02/01 08:03:19 Image size of job updated: 458280
	391  -  MemoryUsage of job (MB)
	399400  -  ResidentSetSize of job (KB)
...
006 (3447427.011.000) 02/01 08:08:20 Image size of job updated: 458280
	391  -  MemoryUsage of job (MB)
	399420  -  ResidentSetSize of job (KB)
...
006 (3447427.011.000) 02/01 08:13:20 Image size of job updated: 458280
	391  -  MemoryUsage of job (MB)
	399436  -  ResidentSetSize of job (KB)
...
006 (3447427.011.000) 02/01 08:23:21 Image size of job updated: 458280
	391  -  MemoryUsage of job (MB)
	399496  -  ResidentSetSize of job (KB)
...
006 (3447427.011.000) 02/01 08:28:22 Image size of job updated: 458280
	391  -  MemoryUsage of job (MB)
	399528  -  ResidentSetSize of job (KB)
...
006 (3447427.011.000) 02/01 08:33:22 Image size of job updated: 458280
	391  -  MemoryUsage of job (MB)
	399532  -  ResidentSetSize of job (KB)
...
006 (3447427.011.000) 02/01 08:43:23 Image size of job updated: 458280
	391  -  MemoryUsage of job (MB)
	399536  -  ResidentSetSize of job (KB)
...
006 (3447427.011.000) 02/01 08:48:24 Image size of job updated: 458280
	391  -  MemoryUsage of job (MB)
	399540  -  ResidentSetSize of job (KB)
...
006 (3447427.011.000) 02/01 08:53:25 Image size of job updated: 458280
	391  -  MemoryUsage of job (MB)
	399556  -  ResidentSetSize of job (KB)
...
006 (3447427.011.000) 02/01 08:58:25 Image size of job updated: 458280
	391  -  MemoryUsage of job (MB)
	399564  -  ResidentSetSize of job (KB)
...
006 (3447427.011.000) 02/01 09:03:25 Image size of job updated: 458280
	391  -  MemoryUsage of job (MB)
	399580  -  ResidentSetSize of job (KB)
...
006 (3447427.011.000) 02/01 09:08:26 Image size of job updated: 458280
	391  -  MemoryUsage of job (MB)
	399600  -  ResidentSetSize of job (KB)
...
006 (3447427.011.000) 02/01 09:13:27 Image size of job updated: 458280
	391  -  MemoryUsage of job (MB)
	399628  -  ResidentSetSize of job (KB)
...
006 (3447427.011.000) 02/01 09:18:27 Image size of job updated: 458280
	391  -  MemoryUsage of job (MB)
	399668  -  ResidentSetSize of job (KB)
...
006 (3447427.011.000) 02/01 09:23:27 Image size of job updated: 458280
	391  -  MemoryUsage of job (MB)
	399776  -  ResidentSetSize of job (KB)
...
006 (3447427.011.000) 02/01 09:28:28 Image size of job updated: 458280
	391  -  MemoryUsage of job (MB)
	399816  -  ResidentSetSize of job (KB)
...
006 (3447427.011.000) 02/01 09:33:29 Image size of job updated: 458280
	391  -  MemoryUsage of job (MB)
	399832  -  ResidentSetSize of job (KB)
...
006 (3447427.011.000) 02/01 09:38:29 Image size of job updated: 458280
	391  -  MemoryUsage of job (MB)
	399856  -  ResidentSetSize of job (KB)
...
006 (3447427.011.000) 02/01 09:43:29 Image size of job updated: 458280
	391  -  MemoryUsage of job (MB)
	399880  -  ResidentSetSize of job (KB)
...
006 (3447427.011.000) 02/01 09:48:30 Image size of job updated: 458280
	391  -  MemoryUsage of job (MB)
	399896  -  ResidentSetSize of job (KB)
...
006 (3447427.011.000) 02/01 09:53:31 Image size of job updated: 458280
	391  -  MemoryUsage of job (MB)
	399904  -  ResidentSetSize of job (KB)
...
006 (3447427.011.000) 02/01 09:58:31 Image size of job updated: 458280
	391  -  MemoryUsage of job (MB)
	399928  -  ResidentSetSize of job (KB)
...
006 (3447427.011.000) 02/01 10:03:31 Image size of job updated: 458280
	391  -  MemoryUsage of job (MB)
	399956  -  ResidentSetSize of job (KB)
...
006 (3447427.011.000) 02/01 10:13:33 Image size of job updated: 458280
	391  -  MemoryUsage of job (MB)
	399976  -  ResidentSetSize of job (KB)
...
006 (3447427.011.000) 02/01 10:33:34 Image size of job updated: 458280
	391  -  MemoryUsage of job (MB)
	399984  -  ResidentSetSize of job (KB)
...
006 (3447427.011.000) 02/01 10:38:34 Image size of job updated: 458280
	391  -  MemoryUsage of job (MB)
	399988  -  ResidentSetSize of job (KB)
...
006 (3447427.011.000) 02/01 10:43:35 Image size of job updated: 458280
	391  -  MemoryUsage of job (MB)
	400020  -  ResidentSetSize of job (KB)
...
006 (3447427.011.000) 02/01 10:48:35 Image size of job updated: 458280
	391  -  MemoryUsage of job (MB)
	400036  -  ResidentSetSize of job (KB)
...
040 (3447427.011.000) 02/01 19:43:35 Started transferring input files
	Transferring to host: <128.142.71.112:9618?addrs=128.142.71.112-9618+[2001-1458-301-52--100-3da]-9618&noUDP&sock=14354_7101_13522>
...
040 (3447427.011.000) 02/01 19:43:35 Finished transferring input files
...
001 (3447427.011.000) 02/01 19:43:36 Job executing on host: <128.142.71.112:9618?addrs=128.142.71.112-9618+[2001-1458-301-52--100-3da]-9618&noUDP&sock=14150_4d31_3>
...
