000 (3447449.005.000) 01/30 07:34:07 Job submitted from host: <188.185.71.142:9618?addrs=188.185.71.142-9618+[2001-1458-d00-7--100-388]-9618&alias=bigbird09.cern.ch&noUDP&sock=schedd_2208_1533_7>
...
040 (3447449.005.000) 01/30 07:55:59 Started transferring input files
	Transferring to host: <188.184.138.15:9618?addrs=188.184.138.15-9618+[2001-1458-301-45--100-d]-9618&noUDP&sock=7565_fa0d_177500>
...
040 (3447449.005.000) 01/30 07:55:59 Finished transferring input files
...
001 (3447449.005.000) 01/30 07:56:00 Job executing on host: <188.184.138.15:9618?addrs=188.184.138.15-9618+[2001-1458-301-45--100-d]-9618&noUDP&sock=5696_8f8a_3>
...
006 (3447449.005.000) 01/30 07:56:09 Image size of job updated: 144560
	81  -  MemoryUsage of job (MB)
	82072  -  ResidentSetSize of job (KB)
...
006 (3447449.005.000) 01/30 08:01:10 Image size of job updated: 362276
	353  -  MemoryUsage of job (MB)
	360544  -  ResidentSetSize of job (KB)
...
006 (3447449.005.000) 01/30 08:06:10 Image size of job updated: 362288
	353  -  MemoryUsage of job (MB)
	360556  -  ResidentSetSize of job (KB)
...
006 (3447449.005.000) 01/30 08:11:10 Image size of job updated: 362292
	353  -  MemoryUsage of job (MB)
	360560  -  ResidentSetSize of job (KB)
...
006 (3447449.005.000) 01/30 08:16:11 Image size of job updated: 362304
	353  -  MemoryUsage of job (MB)
	360572  -  ResidentSetSize of job (KB)
...
006 (3447449.005.000) 01/30 08:21:11 Image size of job updated: 362308
	353  -  MemoryUsage of job (MB)
	360576  -  ResidentSetSize of job (KB)
...
006 (3447449.005.000) 01/30 08:26:11 Image size of job updated: 362312
	353  -  MemoryUsage of job (MB)
	360580  -  ResidentSetSize of job (KB)
...
006 (3447449.005.000) 01/30 08:31:12 Image size of job updated: 362316
	353  -  MemoryUsage of job (MB)
	360584  -  ResidentSetSize of job (KB)
...
006 (3447449.005.000) 01/30 09:01:16 Image size of job updated: 362332
	353  -  MemoryUsage of job (MB)
	360600  -  ResidentSetSize of job (KB)
...
006 (3447449.005.000) 01/30 09:06:17 Image size of job updated: 362340
	353  -  MemoryUsage of job (MB)
	360608  -  ResidentSetSize of job (KB)
...
006 (3447449.005.000) 01/30 11:46:35 Image size of job updated: 362352
	353  -  MemoryUsage of job (MB)
	360608  -  ResidentSetSize of job (KB)
...
006 (3447449.005.000) 01/30 12:31:39 Image size of job updated: 362388
	353  -  MemoryUsage of job (MB)
	360644  -  ResidentSetSize of job (KB)
...
006 (3447449.005.000) 01/30 12:36:39 Image size of job updated: 362400
	353  -  MemoryUsage of job (MB)
	360656  -  ResidentSetSize of job (KB)
...
006 (3447449.005.000) 01/30 12:41:41 Image size of job updated: 362436
	353  -  MemoryUsage of job (MB)
	360692  -  ResidentSetSize of job (KB)
...
006 (3447449.005.000) 01/30 12:51:41 Image size of job updated: 362444
	353  -  MemoryUsage of job (MB)
	360700  -  ResidentSetSize of job (KB)
...
006 (3447449.005.000) 01/30 12:56:42 Image size of job updated: 362460
	353  -  MemoryUsage of job (MB)
	360716  -  ResidentSetSize of job (KB)
...
006 (3447449.005.000) 01/30 13:01:43 Image size of job updated: 362540
	353  -  MemoryUsage of job (MB)
	360796  -  ResidentSetSize of job (KB)
...
006 (3447449.005.000) 01/30 13:06:43 Image size of job updated: 362596
	353  -  MemoryUsage of job (MB)
	360852  -  ResidentSetSize of job (KB)
...
006 (3447449.005.000) 01/30 13:11:44 Image size of job updated: 362608
	353  -  MemoryUsage of job (MB)
	360864  -  ResidentSetSize of job (KB)
...
006 (3447449.005.000) 01/30 13:16:45 Image size of job updated: 362668
	353  -  MemoryUsage of job (MB)
	360924  -  ResidentSetSize of job (KB)
...
006 (3447449.005.000) 01/30 13:21:45 Image size of job updated: 362744
	353  -  MemoryUsage of job (MB)
	361000  -  ResidentSetSize of job (KB)
...
006 (3447449.005.000) 01/30 13:26:46 Image size of job updated: 362864
	353  -  MemoryUsage of job (MB)
	361120  -  ResidentSetSize of job (KB)
...
006 (3447449.005.000) 01/30 13:31:47 Image size of job updated: 362864
	353  -  MemoryUsage of job (MB)
	361236  -  ResidentSetSize of job (KB)
...
006 (3447449.005.000) 01/30 13:36:47 Image size of job updated: 362864
	353  -  MemoryUsage of job (MB)
	361292  -  ResidentSetSize of job (KB)
...
006 (3447449.005.000) 01/30 13:41:48 Image size of job updated: 362864
	353  -  MemoryUsage of job (MB)
	361324  -  ResidentSetSize of job (KB)
...
006 (3447449.005.000) 01/30 13:46:49 Image size of job updated: 362864
	353  -  MemoryUsage of job (MB)
	361440  -  ResidentSetSize of job (KB)
...
006 (3447449.005.000) 01/30 13:51:49 Image size of job updated: 362864
	354  -  MemoryUsage of job (MB)
	361504  -  ResidentSetSize of job (KB)
...
006 (3447449.005.000) 01/30 13:56:50 Image size of job updated: 362864
	354  -  MemoryUsage of job (MB)
	361588  -  ResidentSetSize of job (KB)
...
006 (3447449.005.000) 01/30 14:01:51 Image size of job updated: 362864
	354  -  MemoryUsage of job (MB)
	361668  -  ResidentSetSize of job (KB)
...
006 (3447449.005.000) 01/30 14:06:51 Image size of job updated: 362864
	354  -  MemoryUsage of job (MB)
	361756  -  ResidentSetSize of job (KB)
...
006 (3447449.005.000) 01/30 14:11:51 Image size of job updated: 362864
	354  -  MemoryUsage of job (MB)
	361864  -  ResidentSetSize of job (KB)
...
006 (3447449.005.000) 01/30 14:16:53 Image size of job updated: 362864
	354  -  MemoryUsage of job (MB)
	361952  -  ResidentSetSize of job (KB)
...
006 (3447449.005.000) 01/30 14:21:53 Image size of job updated: 362864
	354  -  MemoryUsage of job (MB)
	362008  -  ResidentSetSize of job (KB)
...
006 (3447449.005.000) 01/30 14:26:53 Image size of job updated: 362864
	354  -  MemoryUsage of job (MB)
	362084  -  ResidentSetSize of job (KB)
...
006 (3447449.005.000) 01/30 14:31:54 Image size of job updated: 362864
	354  -  MemoryUsage of job (MB)
	362152  -  ResidentSetSize of job (KB)
...
006 (3447449.005.000) 01/30 14:36:55 Image size of job updated: 362864
	354  -  MemoryUsage of job (MB)
	362288  -  ResidentSetSize of job (KB)
...
006 (3447449.005.000) 01/30 14:41:55 Image size of job updated: 362864
	354  -  MemoryUsage of job (MB)
	362348  -  ResidentSetSize of job (KB)
...
006 (3447449.005.000) 01/30 14:46:55 Image size of job updated: 362864
	354  -  MemoryUsage of job (MB)
	362416  -  ResidentSetSize of job (KB)
...
006 (3447449.005.000) 01/30 14:51:56 Image size of job updated: 362864
	354  -  MemoryUsage of job (MB)
	362496  -  ResidentSetSize of job (KB)
...
006 (3447449.005.000) 01/30 14:56:57 Image size of job updated: 362896
	355  -  MemoryUsage of job (MB)
	362640  -  ResidentSetSize of job (KB)
...
006 (3447449.005.000) 01/30 15:01:57 Image size of job updated: 362928
	355  -  MemoryUsage of job (MB)
	362672  -  ResidentSetSize of job (KB)
...
006 (3447449.005.000) 01/30 15:06:58 Image size of job updated: 362980
	355  -  MemoryUsage of job (MB)
	362724  -  ResidentSetSize of job (KB)
...
006 (3447449.005.000) 01/30 15:11:59 Image size of job updated: 363060
	355  -  MemoryUsage of job (MB)
	362804  -  ResidentSetSize of job (KB)
...
006 (3447449.005.000) 01/30 15:16:59 Image size of job updated: 363140
	355  -  MemoryUsage of job (MB)
	362884  -  ResidentSetSize of job (KB)
...
006 (3447449.005.000) 01/30 15:22:00 Image size of job updated: 363204
	355  -  MemoryUsage of job (MB)
	362948  -  ResidentSetSize of job (KB)
...
006 (3447449.005.000) 01/30 15:27:01 Image size of job updated: 363316
	355  -  MemoryUsage of job (MB)
	363060  -  ResidentSetSize of job (KB)
...
006 (3447449.005.000) 01/30 15:32:01 Image size of job updated: 363408
	355  -  MemoryUsage of job (MB)
	363152  -  ResidentSetSize of job (KB)
...
006 (3447449.005.000) 01/30 15:37:01 Image size of job updated: 363424
	355  -  MemoryUsage of job (MB)
	363168  -  ResidentSetSize of job (KB)
...
006 (3447449.005.000) 01/30 15:42:02 Image size of job updated: 363484
	355  -  MemoryUsage of job (MB)
	363228  -  ResidentSetSize of job (KB)
...
006 (3447449.005.000) 01/30 15:47:02 Image size of job updated: 363492
	355  -  MemoryUsage of job (MB)
	363236  -  ResidentSetSize of job (KB)
...
006 (3447449.005.000) 01/30 15:52:02 Image size of job updated: 363600
	355  -  MemoryUsage of job (MB)
	363344  -  ResidentSetSize of job (KB)
...
006 (3447449.005.000) 01/30 15:57:04 Image size of job updated: 363740
	355  -  MemoryUsage of job (MB)
	363396  -  ResidentSetSize of job (KB)
...
006 (3447449.005.000) 01/30 16:02:04 Image size of job updated: 363788
	355  -  MemoryUsage of job (MB)
	363444  -  ResidentSetSize of job (KB)
...
006 (3447449.005.000) 01/30 16:07:04 Image size of job updated: 363880
	356  -  MemoryUsage of job (MB)
	363536  -  ResidentSetSize of job (KB)
...
006 (3447449.005.000) 01/30 16:12:06 Image size of job updated: 363920
	356  -  MemoryUsage of job (MB)
	363664  -  ResidentSetSize of job (KB)
...
006 (3447449.005.000) 01/30 16:17:06 Image size of job updated: 363952
	356  -  MemoryUsage of job (MB)
	363696  -  ResidentSetSize of job (KB)
...
006 (3447449.005.000) 01/30 16:22:06 Image size of job updated: 364156
	356  -  MemoryUsage of job (MB)
	363900  -  ResidentSetSize of job (KB)
...
006 (3447449.005.000) 01/30 16:27:07 Image size of job updated: 364160
	356  -  MemoryUsage of job (MB)
	363904  -  ResidentSetSize of job (KB)
...
006 (3447449.005.000) 01/30 16:32:08 Image size of job updated: 364264
	356  -  MemoryUsage of job (MB)
	364008  -  ResidentSetSize of job (KB)
...
006 (3447449.005.000) 01/30 16:37:08 Image size of job updated: 364308
	356  -  MemoryUsage of job (MB)
	364052  -  ResidentSetSize of job (KB)
...
006 (3447449.005.000) 01/30 16:42:09 Image size of job updated: 364400
	356  -  MemoryUsage of job (MB)
	364144  -  ResidentSetSize of job (KB)
...
006 (3447449.005.000) 01/30 16:47:10 Image size of job updated: 364520
	356  -  MemoryUsage of job (MB)
	364260  -  ResidentSetSize of job (KB)
...
006 (3447449.005.000) 01/30 16:52:10 Image size of job updated: 365480
	356  -  MemoryUsage of job (MB)
	364292  -  ResidentSetSize of job (KB)
...
006 (3447449.005.000) 01/30 16:57:11 Image size of job updated: 365600
	356  -  MemoryUsage of job (MB)
	364412  -  ResidentSetSize of job (KB)
...
006 (3447449.005.000) 01/30 17:02:12 Image size of job updated: 365600
	356  -  MemoryUsage of job (MB)
	364416  -  ResidentSetSize of job (KB)
...
006 (3447449.005.000) 01/30 17:07:12 Image size of job updated: 365892
	357  -  MemoryUsage of job (MB)
	364744  -  ResidentSetSize of job (KB)
...
006 (3447449.005.000) 01/30 17:12:12 Image size of job updated: 368012
	359  -  MemoryUsage of job (MB)
	366864  -  ResidentSetSize of job (KB)
...
006 (3447449.005.000) 01/30 17:17:13 Image size of job updated: 368076
	359  -  MemoryUsage of job (MB)
	366928  -  ResidentSetSize of job (KB)
...
006 (3447449.005.000) 01/30 17:22:13 Image size of job updated: 368156
	359  -  MemoryUsage of job (MB)
	366980  -  ResidentSetSize of job (KB)
...
006 (3447449.005.000) 01/30 17:27:13 Image size of job updated: 368216
	359  -  MemoryUsage of job (MB)
	367068  -  ResidentSetSize of job (KB)
...
006 (3447449.005.000) 01/30 17:32:14 Image size of job updated: 368244
	359  -  MemoryUsage of job (MB)
	367096  -  ResidentSetSize of job (KB)
...
006 (3447449.005.000) 01/30 17:37:15 Image size of job updated: 368332
	359  -  MemoryUsage of job (MB)
	367156  -  ResidentSetSize of job (KB)
...
006 (3447449.005.000) 01/30 17:42:15 Image size of job updated: 368380
	359  -  MemoryUsage of job (MB)
	367192  -  ResidentSetSize of job (KB)
...
006 (3447449.005.000) 01/30 17:47:15 Image size of job updated: 368392
	359  -  MemoryUsage of job (MB)
	367244  -  ResidentSetSize of job (KB)
...
006 (3447449.005.000) 01/30 17:52:17 Image size of job updated: 368428
	359  -  MemoryUsage of job (MB)
	367280  -  ResidentSetSize of job (KB)
...
006 (3447449.005.000) 01/30 17:57:17 Image size of job updated: 368504
	359  -  MemoryUsage of job (MB)
	367356  -  ResidentSetSize of job (KB)
...
006 (3447449.005.000) 01/30 18:02:17 Image size of job updated: 368556
	359  -  MemoryUsage of job (MB)
	367408  -  ResidentSetSize of job (KB)
...
006 (3447449.005.000) 01/30 18:07:19 Image size of job updated: 368568
	359  -  MemoryUsage of job (MB)
	367420  -  ResidentSetSize of job (KB)
...
006 (3447449.005.000) 01/30 18:12:19 Image size of job updated: 368596
	359  -  MemoryUsage of job (MB)
	367448  -  ResidentSetSize of job (KB)
...
006 (3447449.005.000) 01/30 18:22:20 Image size of job updated: 368672
	359  -  MemoryUsage of job (MB)
	367524  -  ResidentSetSize of job (KB)
...
006 (3447449.005.000) 01/30 18:27:21 Image size of job updated: 368728
	359  -  MemoryUsage of job (MB)
	367580  -  ResidentSetSize of job (KB)
...
006 (3447449.005.000) 01/30 18:32:21 Image size of job updated: 368756
	359  -  MemoryUsage of job (MB)
	367608  -  ResidentSetSize of job (KB)
...
006 (3447449.005.000) 01/30 18:37:22 Image size of job updated: 368824
	360  -  MemoryUsage of job (MB)
	367676  -  ResidentSetSize of job (KB)
...
006 (3447449.005.000) 01/30 18:42:23 Image size of job updated: 368828
	360  -  MemoryUsage of job (MB)
	367680  -  ResidentSetSize of job (KB)
...
006 (3447449.005.000) 01/30 18:47:23 Image size of job updated: 368904
	360  -  MemoryUsage of job (MB)
	367756  -  ResidentSetSize of job (KB)
...
006 (3447449.005.000) 01/30 18:52:24 Image size of job updated: 368916
	360  -  MemoryUsage of job (MB)
	367768  -  ResidentSetSize of job (KB)
...
006 (3447449.005.000) 01/30 18:57:25 Image size of job updated: 368948
	360  -  MemoryUsage of job (MB)
	367800  -  ResidentSetSize of job (KB)
...
006 (3447449.005.000) 01/30 19:02:25 Image size of job updated: 368968
	360  -  MemoryUsage of job (MB)
	367820  -  ResidentSetSize of job (KB)
...
006 (3447449.005.000) 01/30 19:07:25 Image size of job updated: 368992
	360  -  MemoryUsage of job (MB)
	367844  -  ResidentSetSize of job (KB)
...
006 (3447449.005.000) 01/30 19:12:26 Image size of job updated: 369020
	360  -  MemoryUsage of job (MB)
	367872  -  ResidentSetSize of job (KB)
...
006 (3447449.005.000) 01/30 19:17:26 Image size of job updated: 369084
	360  -  MemoryUsage of job (MB)
	367936  -  ResidentSetSize of job (KB)
...
006 (3447449.005.000) 01/30 19:22:26 Image size of job updated: 369092
	360  -  MemoryUsage of job (MB)
	367944  -  ResidentSetSize of job (KB)
...
006 (3447449.005.000) 01/30 19:27:27 Image size of job updated: 369140
	360  -  MemoryUsage of job (MB)
	367992  -  ResidentSetSize of job (KB)
...
006 (3447449.005.000) 01/30 19:32:27 Image size of job updated: 369172
	360  -  MemoryUsage of job (MB)
	368024  -  ResidentSetSize of job (KB)
...
006 (3447449.005.000) 01/30 19:37:27 Image size of job updated: 369188
	360  -  MemoryUsage of job (MB)
	368040  -  ResidentSetSize of job (KB)
...
006 (3447449.005.000) 01/30 19:42:28 Image size of job updated: 369244
	360  -  MemoryUsage of job (MB)
	368096  -  ResidentSetSize of job (KB)
...
006 (3447449.005.000) 01/30 19:47:28 Image size of job updated: 369256
	360  -  MemoryUsage of job (MB)
	368108  -  ResidentSetSize of job (KB)
...
006 (3447449.005.000) 01/30 19:52:28 Image size of job updated: 369256
	360  -  MemoryUsage of job (MB)
	368152  -  ResidentSetSize of job (KB)
...
006 (3447449.005.000) 01/30 19:57:29 Image size of job updated: 369256
	360  -  MemoryUsage of job (MB)
	368160  -  ResidentSetSize of job (KB)
...
006 (3447449.005.000) 01/30 20:02:29 Image size of job updated: 369256
	360  -  MemoryUsage of job (MB)
	368220  -  ResidentSetSize of job (KB)
...
006 (3447449.005.000) 01/30 20:07:30 Image size of job updated: 369288
	360  -  MemoryUsage of job (MB)
	368256  -  ResidentSetSize of job (KB)
...
006 (3447449.005.000) 01/30 20:12:30 Image size of job updated: 369292
	360  -  MemoryUsage of job (MB)
	368260  -  ResidentSetSize of job (KB)
...
006 (3447449.005.000) 01/30 20:17:30 Image size of job updated: 369348
	360  -  MemoryUsage of job (MB)
	368316  -  ResidentSetSize of job (KB)
...
006 (3447449.005.000) 01/30 20:22:31 Image size of job updated: 369420
	360  -  MemoryUsage of job (MB)
	368388  -  ResidentSetSize of job (KB)
...
006 (3447449.005.000) 01/30 20:27:32 Image size of job updated: 369444
	360  -  MemoryUsage of job (MB)
	368412  -  ResidentSetSize of job (KB)
...
006 (3447449.005.000) 01/30 20:32:32 Image size of job updated: 369484
	360  -  MemoryUsage of job (MB)
	368452  -  ResidentSetSize of job (KB)
...
006 (3447449.005.000) 01/30 20:37:32 Image size of job updated: 369540
	360  -  MemoryUsage of job (MB)
	368508  -  ResidentSetSize of job (KB)
...
006 (3447449.005.000) 01/30 20:42:33 Image size of job updated: 369580
	360  -  MemoryUsage of job (MB)
	368548  -  ResidentSetSize of job (KB)
...
006 (3447449.005.000) 01/30 20:47:33 Image size of job updated: 369588
	360  -  MemoryUsage of job (MB)
	368556  -  ResidentSetSize of job (KB)
...
006 (3447449.005.000) 01/30 20:52:33 Image size of job updated: 369600
	360  -  MemoryUsage of job (MB)
	368568  -  ResidentSetSize of job (KB)
...
006 (3447449.005.000) 01/30 20:57:34 Image size of job updated: 369656
	360  -  MemoryUsage of job (MB)
	368624  -  ResidentSetSize of job (KB)
...
006 (3447449.005.000) 01/30 21:02:34 Image size of job updated: 369696
	361  -  MemoryUsage of job (MB)
	368664  -  ResidentSetSize of job (KB)
...
006 (3447449.005.000) 01/30 21:07:34 Image size of job updated: 369696
	361  -  MemoryUsage of job (MB)
	368680  -  ResidentSetSize of job (KB)
...
006 (3447449.005.000) 01/30 21:12:35 Image size of job updated: 369808
	361  -  MemoryUsage of job (MB)
	368716  -  ResidentSetSize of job (KB)
...
006 (3447449.005.000) 01/30 21:17:35 Image size of job updated: 369868
	361  -  MemoryUsage of job (MB)
	368776  -  ResidentSetSize of job (KB)
...
006 (3447449.005.000) 01/30 21:27:37 Image size of job updated: 369916
	361  -  MemoryUsage of job (MB)
	368824  -  ResidentSetSize of job (KB)
...
006 (3447449.005.000) 01/30 21:32:37 Image size of job updated: 369932
	361  -  MemoryUsage of job (MB)
	368840  -  ResidentSetSize of job (KB)
...
006 (3447449.005.000) 01/30 21:37:37 Image size of job updated: 369988
	361  -  MemoryUsage of job (MB)
	368896  -  ResidentSetSize of job (KB)
...
006 (3447449.005.000) 01/30 21:42:38 Image size of job updated: 370004
	361  -  MemoryUsage of job (MB)
	368912  -  ResidentSetSize of job (KB)
...
006 (3447449.005.000) 01/30 21:47:39 Image size of job updated: 370064
	361  -  MemoryUsage of job (MB)
	368972  -  ResidentSetSize of job (KB)
...
006 (3447449.005.000) 01/30 21:57:40 Image size of job updated: 370128
	361  -  MemoryUsage of job (MB)
	369036  -  ResidentSetSize of job (KB)
...
006 (3447449.005.000) 01/30 22:02:41 Image size of job updated: 370184
	361  -  MemoryUsage of job (MB)
	369092  -  ResidentSetSize of job (KB)
...
006 (3447449.005.000) 01/30 22:07:41 Image size of job updated: 370216
	361  -  MemoryUsage of job (MB)
	369124  -  ResidentSetSize of job (KB)
...
006 (3447449.005.000) 01/30 22:12:42 Image size of job updated: 370264
	361  -  MemoryUsage of job (MB)
	369172  -  ResidentSetSize of job (KB)
...
006 (3447449.005.000) 01/30 22:22:43 Image size of job updated: 370292
	361  -  MemoryUsage of job (MB)
	369200  -  ResidentSetSize of job (KB)
...
006 (3447449.005.000) 01/30 22:27:43 Image size of job updated: 370320
	361  -  MemoryUsage of job (MB)
	369228  -  ResidentSetSize of job (KB)
...
006 (3447449.005.000) 01/30 22:32:44 Image size of job updated: 370384
	361  -  MemoryUsage of job (MB)
	369292  -  ResidentSetSize of job (KB)
...
006 (3447449.005.000) 01/30 22:37:44 Image size of job updated: 370388
	361  -  MemoryUsage of job (MB)
	369296  -  ResidentSetSize of job (KB)
...
006 (3447449.005.000) 01/30 22:42:44 Image size of job updated: 370448
	361  -  MemoryUsage of job (MB)
	369356  -  ResidentSetSize of job (KB)
...
006 (3447449.005.000) 01/30 22:47:45 Image size of job updated: 370472
	361  -  MemoryUsage of job (MB)
	369380  -  ResidentSetSize of job (KB)
...
006 (3447449.005.000) 01/30 22:52:46 Image size of job updated: 370528
	361  -  MemoryUsage of job (MB)
	369436  -  ResidentSetSize of job (KB)
...
006 (3447449.005.000) 01/30 22:57:46 Image size of job updated: 370604
	361  -  MemoryUsage of job (MB)
	369512  -  ResidentSetSize of job (KB)
...
006 (3447449.005.000) 01/30 23:02:46 Image size of job updated: 370648
	361  -  MemoryUsage of job (MB)
	369556  -  ResidentSetSize of job (KB)
...
006 (3447449.005.000) 01/30 23:07:47 Image size of job updated: 370652
	361  -  MemoryUsage of job (MB)
	369560  -  ResidentSetSize of job (KB)
...
006 (3447449.005.000) 01/30 23:12:47 Image size of job updated: 370704
	361  -  MemoryUsage of job (MB)
	369612  -  ResidentSetSize of job (KB)
...
006 (3447449.005.000) 01/30 23:17:47 Image size of job updated: 370736
	361  -  MemoryUsage of job (MB)
	369644  -  ResidentSetSize of job (KB)
...
006 (3447449.005.000) 01/30 23:22:48 Image size of job updated: 370792
	362  -  MemoryUsage of job (MB)
	369700  -  ResidentSetSize of job (KB)
...
006 (3447449.005.000) 01/30 23:27:48 Image size of job updated: 370796
	362  -  MemoryUsage of job (MB)
	369704  -  ResidentSetSize of job (KB)
...
006 (3447449.005.000) 01/30 23:32:48 Image size of job updated: 370832
	362  -  MemoryUsage of job (MB)
	369740  -  ResidentSetSize of job (KB)
...
006 (3447449.005.000) 01/30 23:37:49 Image size of job updated: 370856
	362  -  MemoryUsage of job (MB)
	369764  -  ResidentSetSize of job (KB)
...
006 (3447449.005.000) 01/30 23:42:49 Image size of job updated: 370900
	362  -  MemoryUsage of job (MB)
	369808  -  ResidentSetSize of job (KB)
...
006 (3447449.005.000) 01/30 23:47:50 Image size of job updated: 370944
	362  -  MemoryUsage of job (MB)
	369852  -  ResidentSetSize of job (KB)
...
006 (3447449.005.000) 01/30 23:52:50 Image size of job updated: 370996
	362  -  MemoryUsage of job (MB)
	369904  -  ResidentSetSize of job (KB)
...
006 (3447449.005.000) 01/30 23:57:51 Image size of job updated: 371008
	362  -  MemoryUsage of job (MB)
	369916  -  ResidentSetSize of job (KB)
...
006 (3447449.005.000) 01/31 00:02:52 Image size of job updated: 371064
	362  -  MemoryUsage of job (MB)
	369972  -  ResidentSetSize of job (KB)
...
006 (3447449.005.000) 01/31 00:07:52 Image size of job updated: 371092
	362  -  MemoryUsage of job (MB)
	370000  -  ResidentSetSize of job (KB)
...
006 (3447449.005.000) 01/31 00:12:53 Image size of job updated: 371140
	362  -  MemoryUsage of job (MB)
	370048  -  ResidentSetSize of job (KB)
...
006 (3447449.005.000) 01/31 00:17:54 Image size of job updated: 371168
	362  -  MemoryUsage of job (MB)
	370076  -  ResidentSetSize of job (KB)
...
006 (3447449.005.000) 01/31 00:22:54 Image size of job updated: 371200
	362  -  MemoryUsage of job (MB)
	370108  -  ResidentSetSize of job (KB)
...
006 (3447449.005.000) 01/31 00:27:55 Image size of job updated: 371220
	362  -  MemoryUsage of job (MB)
	370128  -  ResidentSetSize of job (KB)
...
006 (3447449.005.000) 01/31 00:32:56 Image size of job updated: 371252
	362  -  MemoryUsage of job (MB)
	370168  -  ResidentSetSize of job (KB)
...
006 (3447449.005.000) 01/31 00:37:56 Image size of job updated: 371296
	362  -  MemoryUsage of job (MB)
	370212  -  ResidentSetSize of job (KB)
...
006 (3447449.005.000) 01/31 00:42:57 Image size of job updated: 371368
	362  -  MemoryUsage of job (MB)
	370284  -  ResidentSetSize of job (KB)
...
006 (3447449.005.000) 01/31 00:52:58 Image size of job updated: 371412
	362  -  MemoryUsage of job (MB)
	370328  -  ResidentSetSize of job (KB)
...
006 (3447449.005.000) 01/31 00:57:59 Image size of job updated: 371432
	362  -  MemoryUsage of job (MB)
	370348  -  ResidentSetSize of job (KB)
...
006 (3447449.005.000) 01/31 01:08:00 Image size of job updated: 371488
	362  -  MemoryUsage of job (MB)
	370404  -  ResidentSetSize of job (KB)
...
006 (3447449.005.000) 01/31 01:13:00 Image size of job updated: 371556
	362  -  MemoryUsage of job (MB)
	370472  -  ResidentSetSize of job (KB)
...
006 (3447449.005.000) 01/31 01:18:01 Image size of job updated: 371584
	362  -  MemoryUsage of job (MB)
	370500  -  ResidentSetSize of job (KB)
...
006 (3447449.005.000) 01/31 01:23:01 Image size of job updated: 371612
	362  -  MemoryUsage of job (MB)
	370528  -  ResidentSetSize of job (KB)
...
006 (3447449.005.000) 01/31 01:28:01 Image size of job updated: 371656
	362  -  MemoryUsage of job (MB)
	370572  -  ResidentSetSize of job (KB)
...
006 (3447449.005.000) 01/31 01:33:02 Image size of job updated: 371708
	362  -  MemoryUsage of job (MB)
	370624  -  ResidentSetSize of job (KB)
...
006 (3447449.005.000) 01/31 01:38:03 Image size of job updated: 371760
	362  -  MemoryUsage of job (MB)
	370676  -  ResidentSetSize of job (KB)
...
006 (3447449.005.000) 01/31 01:43:03 Image size of job updated: 371788
	363  -  MemoryUsage of job (MB)
	370704  -  ResidentSetSize of job (KB)
...
006 (3447449.005.000) 01/31 01:48:04 Image size of job updated: 371812
	363  -  MemoryUsage of job (MB)
	370728  -  ResidentSetSize of job (KB)
...
006 (3447449.005.000) 01/31 01:53:05 Image size of job updated: 371856
	363  -  MemoryUsage of job (MB)
	370772  -  ResidentSetSize of job (KB)
...
006 (3447449.005.000) 01/31 01:58:05 Image size of job updated: 371912
	363  -  MemoryUsage of job (MB)
	370828  -  ResidentSetSize of job (KB)
...
006 (3447449.005.000) 01/31 02:08:07 Image size of job updated: 372004
	363  -  MemoryUsage of job (MB)
	370920  -  ResidentSetSize of job (KB)
...
006 (3447449.005.000) 01/31 02:18:07 Image size of job updated: 372036
	363  -  MemoryUsage of job (MB)
	370952  -  ResidentSetSize of job (KB)
...
006 (3447449.005.000) 01/31 02:23:08 Image size of job updated: 372060
	363  -  MemoryUsage of job (MB)
	370976  -  ResidentSetSize of job (KB)
...
006 (3447449.005.000) 01/31 02:28:08 Image size of job updated: 372148
	363  -  MemoryUsage of job (MB)
	371064  -  ResidentSetSize of job (KB)
...
006 (3447449.005.000) 01/31 02:33:08 Image size of job updated: 372220
	363  -  MemoryUsage of job (MB)
	371136  -  ResidentSetSize of job (KB)
...
006 (3447449.005.000) 01/31 02:38:09 Image size of job updated: 372256
	363  -  MemoryUsage of job (MB)
	371172  -  ResidentSetSize of job (KB)
...
006 (3447449.005.000) 01/31 02:43:10 Image size of job updated: 372296
	363  -  MemoryUsage of job (MB)
	371212  -  ResidentSetSize of job (KB)
...
006 (3447449.005.000) 01/31 02:48:10 Image size of job updated: 372512
	363  -  MemoryUsage of job (MB)
	371428  -  ResidentSetSize of job (KB)
...
006 (3447449.005.000) 01/31 02:53:11 Image size of job updated: 372660
	363  -  MemoryUsage of job (MB)
	371576  -  ResidentSetSize of job (KB)
...
006 (3447449.005.000) 01/31 02:58:12 Image size of job updated: 372704
	363  -  MemoryUsage of job (MB)
	371620  -  ResidentSetSize of job (KB)
...
006 (3447449.005.000) 01/31 03:08:12 Image size of job updated: 372732
	363  -  MemoryUsage of job (MB)
	371648  -  ResidentSetSize of job (KB)
...
006 (3447449.005.000) 01/31 03:18:13 Image size of job updated: 372740
	363  -  MemoryUsage of job (MB)
	371656  -  ResidentSetSize of job (KB)
...
006 (3447449.005.000) 01/31 04:03:18 Image size of job updated: 373124
	364  -  MemoryUsage of job (MB)
	371756  -  ResidentSetSize of job (KB)
...
006 (3447449.005.000) 01/31 04:08:18 Image size of job updated: 373196
	364  -  MemoryUsage of job (MB)
	371828  -  ResidentSetSize of job (KB)
...
006 (3447449.005.000) 01/31 04:13:19 Image size of job updated: 373204
	364  -  MemoryUsage of job (MB)
	371836  -  ResidentSetSize of job (KB)
...
006 (3447449.005.000) 01/31 04:18:20 Image size of job updated: 373216
	364  -  MemoryUsage of job (MB)
	371848  -  ResidentSetSize of job (KB)
...
006 (3447449.005.000) 01/31 04:23:20 Image size of job updated: 373240
	364  -  MemoryUsage of job (MB)
	371872  -  ResidentSetSize of job (KB)
...
006 (3447449.005.000) 01/31 04:28:20 Image size of job updated: 373312
	364  -  MemoryUsage of job (MB)
	371944  -  ResidentSetSize of job (KB)
...
006 (3447449.005.000) 01/31 04:38:21 Image size of job updated: 373324
	364  -  MemoryUsage of job (MB)
	371956  -  ResidentSetSize of job (KB)
...
006 (3447449.005.000) 01/31 04:43:21 Image size of job updated: 373384
	364  -  MemoryUsage of job (MB)
	371956  -  ResidentSetSize of job (KB)
...
006 (3447449.005.000) 01/31 04:48:22 Image size of job updated: 373428
	364  -  MemoryUsage of job (MB)
	372000  -  ResidentSetSize of job (KB)
...
006 (3447449.005.000) 01/31 04:58:23 Image size of job updated: 373428
	364  -  MemoryUsage of job (MB)
	372012  -  ResidentSetSize of job (KB)
...
006 (3447449.005.000) 01/31 05:08:25 Image size of job updated: 373428
	364  -  MemoryUsage of job (MB)
	372036  -  ResidentSetSize of job (KB)
...
006 (3447449.005.000) 01/31 05:23:27 Image size of job updated: 373428
	364  -  MemoryUsage of job (MB)
	372060  -  ResidentSetSize of job (KB)
...
006 (3447449.005.000) 01/31 05:43:29 Image size of job updated: 373428
	364  -  MemoryUsage of job (MB)
	372068  -  ResidentSetSize of job (KB)
...
006 (3447449.005.000) 01/31 05:48:29 Image size of job updated: 373428
	364  -  MemoryUsage of job (MB)
	372088  -  ResidentSetSize of job (KB)
...
006 (3447449.005.000) 01/31 05:53:30 Image size of job updated: 373452
	364  -  MemoryUsage of job (MB)
	372112  -  ResidentSetSize of job (KB)
...
006 (3447449.005.000) 01/31 05:58:31 Image size of job updated: 373476
	364  -  MemoryUsage of job (MB)
	372136  -  ResidentSetSize of job (KB)
...
006 (3447449.005.000) 01/31 06:43:36 Image size of job updated: 373500
	364  -  MemoryUsage of job (MB)
	372160  -  ResidentSetSize of job (KB)
...
006 (3447449.005.000) 01/31 06:53:37 Image size of job updated: 373508
	364  -  MemoryUsage of job (MB)
	372168  -  ResidentSetSize of job (KB)
...
006 (3447449.005.000) 01/31 07:23:41 Image size of job updated: 373516
	364  -  MemoryUsage of job (MB)
	372176  -  ResidentSetSize of job (KB)
...
006 (3447449.005.000) 01/31 07:28:41 Image size of job updated: 373520
	364  -  MemoryUsage of job (MB)
	372180  -  ResidentSetSize of job (KB)
...
006 (3447449.005.000) 01/31 07:33:41 Image size of job updated: 373528
	364  -  MemoryUsage of job (MB)
	372188  -  ResidentSetSize of job (KB)
...
006 (3447449.005.000) 01/31 07:43:42 Image size of job updated: 373564
	364  -  MemoryUsage of job (MB)
	372224  -  ResidentSetSize of job (KB)
...
006 (3447449.005.000) 01/31 08:08:45 Image size of job updated: 373584
	364  -  MemoryUsage of job (MB)
	372244  -  ResidentSetSize of job (KB)
...
006 (3447449.005.000) 01/31 08:13:46 Image size of job updated: 373612
	364  -  MemoryUsage of job (MB)
	372272  -  ResidentSetSize of job (KB)
...
006 (3447449.005.000) 01/31 08:28:48 Image size of job updated: 373636
	364  -  MemoryUsage of job (MB)
	372296  -  ResidentSetSize of job (KB)
...
006 (3447449.005.000) 01/31 08:43:50 Image size of job updated: 373640
	364  -  MemoryUsage of job (MB)
	372300  -  ResidentSetSize of job (KB)
...
006 (3447449.005.000) 01/31 08:48:50 Image size of job updated: 373676
	364  -  MemoryUsage of job (MB)
	372336  -  ResidentSetSize of job (KB)
...
006 (3447449.005.000) 01/31 08:53:51 Image size of job updated: 373684
	364  -  MemoryUsage of job (MB)
	372344  -  ResidentSetSize of job (KB)
...
006 (3447449.005.000) 01/31 09:08:53 Image size of job updated: 373720
	364  -  MemoryUsage of job (MB)
	372380  -  ResidentSetSize of job (KB)
...
006 (3447449.005.000) 01/31 09:13:54 Image size of job updated: 373740
	364  -  MemoryUsage of job (MB)
	372400  -  ResidentSetSize of job (KB)
...
006 (3447449.005.000) 01/31 09:28:55 Image size of job updated: 373748
	364  -  MemoryUsage of job (MB)
	372408  -  ResidentSetSize of job (KB)
...
006 (3447449.005.000) 01/31 09:33:56 Image size of job updated: 373764
	364  -  MemoryUsage of job (MB)
	372424  -  ResidentSetSize of job (KB)
...
006 (3447449.005.000) 01/31 09:38:56 Image size of job updated: 373788
	364  -  MemoryUsage of job (MB)
	372448  -  ResidentSetSize of job (KB)
...
006 (3447449.005.000) 01/31 09:43:56 Image size of job updated: 373820
	364  -  MemoryUsage of job (MB)
	372480  -  ResidentSetSize of job (KB)
...
006 (3447449.005.000) 01/31 09:58:58 Image size of job updated: 373860
	364  -  MemoryUsage of job (MB)
	372520  -  ResidentSetSize of job (KB)
...
006 (3447449.005.000) 01/31 10:08:59 Image size of job updated: 373880
	364  -  MemoryUsage of job (MB)
	372540  -  ResidentSetSize of job (KB)
...
006 (3447449.005.000) 01/31 10:13:59 Image size of job updated: 373892
	364  -  MemoryUsage of job (MB)
	372552  -  ResidentSetSize of job (KB)
...
006 (3447449.005.000) 01/31 10:34:01 Image size of job updated: 373940
	364  -  MemoryUsage of job (MB)
	372600  -  ResidentSetSize of job (KB)
...
006 (3447449.005.000) 01/31 10:39:01 Image size of job updated: 373948
	364  -  MemoryUsage of job (MB)
	372608  -  ResidentSetSize of job (KB)
...
006 (3447449.005.000) 01/31 10:54:02 Image size of job updated: 374000
	364  -  MemoryUsage of job (MB)
	372660  -  ResidentSetSize of job (KB)
...
006 (3447449.005.000) 01/31 11:04:04 Image size of job updated: 374048
	364  -  MemoryUsage of job (MB)
	372708  -  ResidentSetSize of job (KB)
...
006 (3447449.005.000) 01/31 11:09:04 Image size of job updated: 374060
	364  -  MemoryUsage of job (MB)
	372720  -  ResidentSetSize of job (KB)
...
006 (3447449.005.000) 01/31 11:19:05 Image size of job updated: 374080
	365  -  MemoryUsage of job (MB)
	372740  -  ResidentSetSize of job (KB)
...
006 (3447449.005.000) 01/31 11:39:07 Image size of job updated: 374112
	365  -  MemoryUsage of job (MB)
	372772  -  ResidentSetSize of job (KB)
...
006 (3447449.005.000) 01/31 11:54:08 Image size of job updated: 374112
	365  -  MemoryUsage of job (MB)
	372828  -  ResidentSetSize of job (KB)
...
006 (3447449.005.000) 01/31 12:09:09 Image size of job updated: 374112
	365  -  MemoryUsage of job (MB)
	372840  -  ResidentSetSize of job (KB)
...
006 (3447449.005.000) 01/31 12:14:10 Image size of job updated: 374112
	365  -  MemoryUsage of job (MB)
	372856  -  ResidentSetSize of job (KB)
...
006 (3447449.005.000) 01/31 12:24:10 Image size of job updated: 374112
	365  -  MemoryUsage of job (MB)
	372860  -  ResidentSetSize of job (KB)
...
006 (3447449.005.000) 01/31 12:39:11 Image size of job updated: 374112
	365  -  MemoryUsage of job (MB)
	372920  -  ResidentSetSize of job (KB)
...
006 (3447449.005.000) 01/31 12:54:13 Image size of job updated: 374112
	365  -  MemoryUsage of job (MB)
	372964  -  ResidentSetSize of job (KB)
...
006 (3447449.005.000) 01/31 13:09:15 Image size of job updated: 374112
	365  -  MemoryUsage of job (MB)
	372976  -  ResidentSetSize of job (KB)
...
006 (3447449.005.000) 01/31 13:14:16 Image size of job updated: 374112
	365  -  MemoryUsage of job (MB)
	372984  -  ResidentSetSize of job (KB)
...
006 (3447449.005.000) 01/31 13:24:17 Image size of job updated: 374112
	365  -  MemoryUsage of job (MB)
	373012  -  ResidentSetSize of job (KB)
...
006 (3447449.005.000) 01/31 13:34:18 Image size of job updated: 374112
	365  -  MemoryUsage of job (MB)
	373016  -  ResidentSetSize of job (KB)
...
006 (3447449.005.000) 01/31 13:39:18 Image size of job updated: 374112
	365  -  MemoryUsage of job (MB)
	373024  -  ResidentSetSize of job (KB)
...
006 (3447449.005.000) 01/31 13:59:20 Image size of job updated: 374112
	365  -  MemoryUsage of job (MB)
	373028  -  ResidentSetSize of job (KB)
...
006 (3447449.005.000) 01/31 14:24:24 Image size of job updated: 374112
	365  -  MemoryUsage of job (MB)
	373032  -  ResidentSetSize of job (KB)
...
006 (3447449.005.000) 01/31 14:29:24 Image size of job updated: 374112
	365  -  MemoryUsage of job (MB)
	373044  -  ResidentSetSize of job (KB)
...
006 (3447449.005.000) 01/31 14:34:24 Image size of job updated: 374112
	365  -  MemoryUsage of job (MB)
	373056  -  ResidentSetSize of job (KB)
...
006 (3447449.005.000) 01/31 14:39:25 Image size of job updated: 374112
	365  -  MemoryUsage of job (MB)
	373084  -  ResidentSetSize of job (KB)
...
006 (3447449.005.000) 01/31 14:44:25 Image size of job updated: 374112
	365  -  MemoryUsage of job (MB)
	373124  -  ResidentSetSize of job (KB)
...
006 (3447449.005.000) 01/31 14:49:25 Image size of job updated: 374112
	365  -  MemoryUsage of job (MB)
	373168  -  ResidentSetSize of job (KB)
...
006 (3447449.005.000) 01/31 14:54:27 Image size of job updated: 374112
	365  -  MemoryUsage of job (MB)
	373180  -  ResidentSetSize of job (KB)
...
006 (3447449.005.000) 01/31 15:04:27 Image size of job updated: 374496
	365  -  MemoryUsage of job (MB)
	373180  -  ResidentSetSize of job (KB)
...
006 (3447449.005.000) 01/31 15:09:28 Image size of job updated: 374508
	365  -  MemoryUsage of job (MB)
	373192  -  ResidentSetSize of job (KB)
...
006 (3447449.005.000) 01/31 15:14:29 Image size of job updated: 374568
	365  -  MemoryUsage of job (MB)
	373192  -  ResidentSetSize of job (KB)
...
006 (3447449.005.000) 01/31 15:34:31 Image size of job updated: 374596
	365  -  MemoryUsage of job (MB)
	373220  -  ResidentSetSize of job (KB)
...
006 (3447449.005.000) 01/31 15:39:31 Image size of job updated: 374608
	365  -  MemoryUsage of job (MB)
	373232  -  ResidentSetSize of job (KB)
...
006 (3447449.005.000) 01/31 15:44:32 Image size of job updated: 374628
	365  -  MemoryUsage of job (MB)
	373252  -  ResidentSetSize of job (KB)
...
006 (3447449.005.000) 01/31 15:49:32 Image size of job updated: 374652
	365  -  MemoryUsage of job (MB)
	373276  -  ResidentSetSize of job (KB)
...
006 (3447449.005.000) 01/31 15:54:32 Image size of job updated: 374664
	365  -  MemoryUsage of job (MB)
	373288  -  ResidentSetSize of job (KB)
...
006 (3447449.005.000) 01/31 16:09:33 Image size of job updated: 374668
	365  -  MemoryUsage of job (MB)
	373292  -  ResidentSetSize of job (KB)
...
006 (3447449.005.000) 01/31 16:14:34 Image size of job updated: 374680
	365  -  MemoryUsage of job (MB)
	373304  -  ResidentSetSize of job (KB)
...
006 (3447449.005.000) 01/31 16:19:34 Image size of job updated: 374688
	365  -  MemoryUsage of job (MB)
	373312  -  ResidentSetSize of job (KB)
...
006 (3447449.005.000) 01/31 16:24:34 Image size of job updated: 374708
	365  -  MemoryUsage of job (MB)
	373332  -  ResidentSetSize of job (KB)
...
006 (3447449.005.000) 01/31 16:29:36 Image size of job updated: 374728
	365  -  MemoryUsage of job (MB)
	373352  -  ResidentSetSize of job (KB)
...
006 (3447449.005.000) 01/31 16:34:36 Image size of job updated: 374740
	365  -  MemoryUsage of job (MB)
	373364  -  ResidentSetSize of job (KB)
...
006 (3447449.005.000) 01/31 16:39:36 Image size of job updated: 374760
	365  -  MemoryUsage of job (MB)
	373384  -  ResidentSetSize of job (KB)
...
006 (3447449.005.000) 01/31 16:49:37 Image size of job updated: 374760
	365  -  MemoryUsage of job (MB)
	373392  -  ResidentSetSize of job (KB)
...
006 (3447449.005.000) 01/31 16:54:37 Image size of job updated: 374760
	365  -  MemoryUsage of job (MB)
	373424  -  ResidentSetSize of job (KB)
...
006 (3447449.005.000) 01/31 16:59:39 Image size of job updated: 374760
	365  -  MemoryUsage of job (MB)
	373432  -  ResidentSetSize of job (KB)
...
006 (3447449.005.000) 01/31 17:04:39 Image size of job updated: 374760
	365  -  MemoryUsage of job (MB)
	373456  -  ResidentSetSize of job (KB)
...
006 (3447449.005.000) 01/31 17:20:06 Image size of job updated: 374760
	365  -  MemoryUsage of job (MB)
	373464  -  ResidentSetSize of job (KB)
...
006 (3447449.005.000) 01/31 17:25:07 Image size of job updated: 374760
	365  -  MemoryUsage of job (MB)
	373472  -  ResidentSetSize of job (KB)
...
006 (3447449.005.000) 01/31 17:35:08 Image size of job updated: 374760
	365  -  MemoryUsage of job (MB)
	373484  -  ResidentSetSize of job (KB)
...
006 (3447449.005.000) 01/31 17:45:10 Image size of job updated: 374760
	365  -  MemoryUsage of job (MB)
	373496  -  ResidentSetSize of job (KB)
...
006 (3447449.005.000) 01/31 18:00:12 Image size of job updated: 374760
	365  -  MemoryUsage of job (MB)
	373520  -  ResidentSetSize of job (KB)
...
006 (3447449.005.000) 01/31 18:05:12 Image size of job updated: 374760
	365  -  MemoryUsage of job (MB)
	373532  -  ResidentSetSize of job (KB)
...
006 (3447449.005.000) 01/31 18:10:12 Image size of job updated: 374760
	365  -  MemoryUsage of job (MB)
	373564  -  ResidentSetSize of job (KB)
...
006 (3447449.005.000) 01/31 18:15:13 Image size of job updated: 374760
	365  -  MemoryUsage of job (MB)
	373580  -  ResidentSetSize of job (KB)
...
006 (3447449.005.000) 01/31 18:20:13 Image size of job updated: 374760
	365  -  MemoryUsage of job (MB)
	373600  -  ResidentSetSize of job (KB)
...
006 (3447449.005.000) 01/31 18:25:13 Image size of job updated: 374760
	365  -  MemoryUsage of job (MB)
	373624  -  ResidentSetSize of job (KB)
...
006 (3447449.005.000) 01/31 18:35:15 Image size of job updated: 374760
	365  -  MemoryUsage of job (MB)
	373648  -  ResidentSetSize of job (KB)
...
006 (3447449.005.000) 01/31 18:45:16 Image size of job updated: 374760
	365  -  MemoryUsage of job (MB)
	373664  -  ResidentSetSize of job (KB)
...
006 (3447449.005.000) 01/31 18:55:17 Image size of job updated: 374760
	365  -  MemoryUsage of job (MB)
	373680  -  ResidentSetSize of job (KB)
...
006 (3447449.005.000) 01/31 19:00:18 Image size of job updated: 374760
	365  -  MemoryUsage of job (MB)
	373700  -  ResidentSetSize of job (KB)
...
006 (3447449.005.000) 01/31 19:05:19 Image size of job updated: 374760
	365  -  MemoryUsage of job (MB)
	373716  -  ResidentSetSize of job (KB)
...
006 (3447449.005.000) 01/31 19:15:19 Image size of job updated: 374760
	365  -  MemoryUsage of job (MB)
	373756  -  ResidentSetSize of job (KB)
...
006 (3447449.005.000) 01/31 19:20:20 Image size of job updated: 374760
	366  -  MemoryUsage of job (MB)
	373804  -  ResidentSetSize of job (KB)
...
006 (3447449.005.000) 01/31 19:35:22 Image size of job updated: 374760
	366  -  MemoryUsage of job (MB)
	373816  -  ResidentSetSize of job (KB)
...
006 (3447449.005.000) 01/31 19:40:22 Image size of job updated: 374760
	366  -  MemoryUsage of job (MB)
	373832  -  ResidentSetSize of job (KB)
...
006 (3447449.005.000) 01/31 19:45:22 Image size of job updated: 374760
	366  -  MemoryUsage of job (MB)
	373844  -  ResidentSetSize of job (KB)
...
006 (3447449.005.000) 01/31 19:50:23 Image size of job updated: 375368
	366  -  MemoryUsage of job (MB)
	373848  -  ResidentSetSize of job (KB)
...
006 (3447449.005.000) 01/31 20:05:25 Image size of job updated: 375396
	366  -  MemoryUsage of job (MB)
	373876  -  ResidentSetSize of job (KB)
...
006 (3447449.005.000) 01/31 20:10:26 Image size of job updated: 375412
	366  -  MemoryUsage of job (MB)
	373892  -  ResidentSetSize of job (KB)
...
006 (3447449.005.000) 01/31 20:15:26 Image size of job updated: 375472
	366  -  MemoryUsage of job (MB)
	373892  -  ResidentSetSize of job (KB)
...
006 (3447449.005.000) 01/31 20:25:28 Image size of job updated: 375484
	366  -  MemoryUsage of job (MB)
	373904  -  ResidentSetSize of job (KB)
...
006 (3447449.005.000) 01/31 20:30:28 Image size of job updated: 375520
	366  -  MemoryUsage of job (MB)
	373940  -  ResidentSetSize of job (KB)
...
006 (3447449.005.000) 01/31 20:35:29 Image size of job updated: 375524
	366  -  MemoryUsage of job (MB)
	373944  -  ResidentSetSize of job (KB)
...
006 (3447449.005.000) 01/31 20:55:32 Image size of job updated: 375556
	366  -  MemoryUsage of job (MB)
	373976  -  ResidentSetSize of job (KB)
...
006 (3447449.005.000) 01/31 21:05:33 Image size of job updated: 375560
	366  -  MemoryUsage of job (MB)
	373980  -  ResidentSetSize of job (KB)
...
006 (3447449.005.000) 01/31 21:10:34 Image size of job updated: 375588
	366  -  MemoryUsage of job (MB)
	374008  -  ResidentSetSize of job (KB)
...
006 (3447449.005.000) 01/31 21:20:34 Image size of job updated: 375592
	366  -  MemoryUsage of job (MB)
	374012  -  ResidentSetSize of job (KB)
...
006 (3447449.005.000) 01/31 21:30:35 Image size of job updated: 375632
	366  -  MemoryUsage of job (MB)
	374052  -  ResidentSetSize of job (KB)
...
006 (3447449.005.000) 01/31 21:35:35 Image size of job updated: 375692
	366  -  MemoryUsage of job (MB)
	374112  -  ResidentSetSize of job (KB)
...
006 (3447449.005.000) 01/31 21:40:36 Image size of job updated: 375704
	366  -  MemoryUsage of job (MB)
	374124  -  ResidentSetSize of job (KB)
...
006 (3447449.005.000) 01/31 21:45:36 Image size of job updated: 375724
	366  -  MemoryUsage of job (MB)
	374144  -  ResidentSetSize of job (KB)
...
006 (3447449.005.000) 01/31 21:50:36 Image size of job updated: 375764
	366  -  MemoryUsage of job (MB)
	374184  -  ResidentSetSize of job (KB)
...
006 (3447449.005.000) 01/31 21:55:37 Image size of job updated: 375776
	366  -  MemoryUsage of job (MB)
	374196  -  ResidentSetSize of job (KB)
...
006 (3447449.005.000) 01/31 22:00:38 Image size of job updated: 375788
	366  -  MemoryUsage of job (MB)
	374208  -  ResidentSetSize of job (KB)
...
006 (3447449.005.000) 01/31 22:05:38 Image size of job updated: 375808
	366  -  MemoryUsage of job (MB)
	374228  -  ResidentSetSize of job (KB)
...
006 (3447449.005.000) 01/31 22:10:39 Image size of job updated: 375832
	366  -  MemoryUsage of job (MB)
	374252  -  ResidentSetSize of job (KB)
...
006 (3447449.005.000) 01/31 22:47:28 Image size of job updated: 375848
	366  -  MemoryUsage of job (MB)
	374268  -  ResidentSetSize of job (KB)
...
006 (3447449.005.000) 01/31 22:52:28 Image size of job updated: 375876
	366  -  MemoryUsage of job (MB)
	374296  -  ResidentSetSize of job (KB)
...
006 (3447449.005.000) 01/31 22:57:28 Image size of job updated: 375908
	366  -  MemoryUsage of job (MB)
	374328  -  ResidentSetSize of job (KB)
...
006 (3447449.005.000) 01/31 23:12:30 Image size of job updated: 375908
	366  -  MemoryUsage of job (MB)
	374348  -  ResidentSetSize of job (KB)
...
006 (3447449.005.000) 01/31 23:17:31 Image size of job updated: 375908
	366  -  MemoryUsage of job (MB)
	374364  -  ResidentSetSize of job (KB)
...
006 (3447449.005.000) 01/31 23:22:32 Image size of job updated: 375912
	366  -  MemoryUsage of job (MB)
	374372  -  ResidentSetSize of job (KB)
...
006 (3447449.005.000) 01/31 23:27:32 Image size of job updated: 375920
	366  -  MemoryUsage of job (MB)
	374380  -  ResidentSetSize of job (KB)
...
006 (3447449.005.000) 01/31 23:32:33 Image size of job updated: 375944
	366  -  MemoryUsage of job (MB)
	374392  -  ResidentSetSize of job (KB)
...
006 (3447449.005.000) 01/31 23:37:34 Image size of job updated: 375944
	366  -  MemoryUsage of job (MB)
	374404  -  ResidentSetSize of job (KB)
...
006 (3447449.005.000) 01/31 23:42:34 Image size of job updated: 375944
	366  -  MemoryUsage of job (MB)
	374408  -  ResidentSetSize of job (KB)
...
006 (3447449.005.000) 01/31 23:47:34 Image size of job updated: 375944
	366  -  MemoryUsage of job (MB)
	374440  -  ResidentSetSize of job (KB)
...
006 (3447449.005.000) 01/31 23:52:36 Image size of job updated: 375944
	366  -  MemoryUsage of job (MB)
	374444  -  ResidentSetSize of job (KB)
...
006 (3447449.005.000) 01/31 23:57:36 Image size of job updated: 375944
	366  -  MemoryUsage of job (MB)
	374452  -  ResidentSetSize of job (KB)
...
006 (3447449.005.000) 02/01 00:02:36 Image size of job updated: 375944
	366  -  MemoryUsage of job (MB)
	374468  -  ResidentSetSize of job (KB)
...
006 (3447449.005.000) 02/01 00:07:37 Image size of job updated: 375968
	366  -  MemoryUsage of job (MB)
	374488  -  ResidentSetSize of job (KB)
...
006 (3447449.005.000) 02/01 00:12:38 Image size of job updated: 376008
	366  -  MemoryUsage of job (MB)
	374528  -  ResidentSetSize of job (KB)
...
006 (3447449.005.000) 02/01 00:17:38 Image size of job updated: 376036
	366  -  MemoryUsage of job (MB)
	374556  -  ResidentSetSize of job (KB)
...
006 (3447449.005.000) 02/01 00:22:39 Image size of job updated: 376044
	366  -  MemoryUsage of job (MB)
	374564  -  ResidentSetSize of job (KB)
...
006 (3447449.005.000) 02/01 00:27:40 Image size of job updated: 376060
	366  -  MemoryUsage of job (MB)
	374580  -  ResidentSetSize of job (KB)
...
006 (3447449.005.000) 02/01 00:32:40 Image size of job updated: 376076
	366  -  MemoryUsage of job (MB)
	374596  -  ResidentSetSize of job (KB)
...
006 (3447449.005.000) 02/01 00:37:40 Image size of job updated: 376104
	366  -  MemoryUsage of job (MB)
	374624  -  ResidentSetSize of job (KB)
...
006 (3447449.005.000) 02/01 00:42:41 Image size of job updated: 376236
	366  -  MemoryUsage of job (MB)
	374756  -  ResidentSetSize of job (KB)
...
006 (3447449.005.000) 02/01 00:47:41 Image size of job updated: 376240
	366  -  MemoryUsage of job (MB)
	374760  -  ResidentSetSize of job (KB)
...
006 (3447449.005.000) 02/01 00:52:41 Image size of job updated: 376260
	366  -  MemoryUsage of job (MB)
	374780  -  ResidentSetSize of job (KB)
...
006 (3447449.005.000) 02/01 00:57:42 Image size of job updated: 376268
	367  -  MemoryUsage of job (MB)
	374788  -  ResidentSetSize of job (KB)
...
006 (3447449.005.000) 02/01 01:02:42 Image size of job updated: 376276
	367  -  MemoryUsage of job (MB)
	374796  -  ResidentSetSize of job (KB)
...
006 (3447449.005.000) 02/01 01:47:48 Image size of job updated: 376280
	367  -  MemoryUsage of job (MB)
	374800  -  ResidentSetSize of job (KB)
...
006 (3447449.005.000) 02/01 01:52:48 Image size of job updated: 376372
	367  -  MemoryUsage of job (MB)
	374892  -  ResidentSetSize of job (KB)
...
006 (3447449.005.000) 02/01 01:57:48 Image size of job updated: 376404
	367  -  MemoryUsage of job (MB)
	374924  -  ResidentSetSize of job (KB)
...
006 (3447449.005.000) 02/01 02:02:49 Image size of job updated: 376512
	367  -  MemoryUsage of job (MB)
	374972  -  ResidentSetSize of job (KB)
...
006 (3447449.005.000) 02/01 02:07:49 Image size of job updated: 376532
	367  -  MemoryUsage of job (MB)
	374992  -  ResidentSetSize of job (KB)
...
006 (3447449.005.000) 02/01 02:17:51 Image size of job updated: 376556
	367  -  MemoryUsage of job (MB)
	375016  -  ResidentSetSize of job (KB)
...
006 (3447449.005.000) 02/01 02:42:53 Image size of job updated: 376568
	367  -  MemoryUsage of job (MB)
	375028  -  ResidentSetSize of job (KB)
...
006 (3447449.005.000) 02/01 02:47:54 Image size of job updated: 376596
	367  -  MemoryUsage of job (MB)
	375056  -  ResidentSetSize of job (KB)
...
006 (3447449.005.000) 02/01 03:02:55 Image size of job updated: 376596
	367  -  MemoryUsage of job (MB)
	375072  -  ResidentSetSize of job (KB)
...
006 (3447449.005.000) 02/01 03:07:56 Image size of job updated: 376596
	367  -  MemoryUsage of job (MB)
	375088  -  ResidentSetSize of job (KB)
...
006 (3447449.005.000) 02/01 03:12:56 Image size of job updated: 376596
	367  -  MemoryUsage of job (MB)
	375148  -  ResidentSetSize of job (KB)
...
006 (3447449.005.000) 02/01 03:17:56 Image size of job updated: 376596
	367  -  MemoryUsage of job (MB)
	375156  -  ResidentSetSize of job (KB)
...
006 (3447449.005.000) 02/01 03:48:00 Image size of job updated: 376748
	367  -  MemoryUsage of job (MB)
	375208  -  ResidentSetSize of job (KB)
...
006 (3447449.005.000) 02/01 03:58:02 Image size of job updated: 376772
	367  -  MemoryUsage of job (MB)
	375232  -  ResidentSetSize of job (KB)
...
006 (3447449.005.000) 02/01 04:08:03 Image size of job updated: 376788
	367  -  MemoryUsage of job (MB)
	375248  -  ResidentSetSize of job (KB)
...
006 (3447449.005.000) 02/01 04:16:19 Image size of job updated: 376800
	367  -  MemoryUsage of job (MB)
	375260  -  ResidentSetSize of job (KB)
...
006 (3447449.005.000) 02/01 04:26:05 Image size of job updated: 376852
	367  -  MemoryUsage of job (MB)
	375312  -  ResidentSetSize of job (KB)
...
006 (3447449.005.000) 02/01 04:33:54 Image size of job updated: 376880
	367  -  MemoryUsage of job (MB)
	375340  -  ResidentSetSize of job (KB)
...
006 (3447449.005.000) 02/01 04:38:54 Image size of job updated: 376888
	367  -  MemoryUsage of job (MB)
	375348  -  ResidentSetSize of job (KB)
...
006 (3447449.005.000) 02/01 04:48:56 Image size of job updated: 376900
	367  -  MemoryUsage of job (MB)
	375360  -  ResidentSetSize of job (KB)
...
006 (3447449.005.000) 02/01 04:53:56 Image size of job updated: 376932
	367  -  MemoryUsage of job (MB)
	375392  -  ResidentSetSize of job (KB)
...
006 (3447449.005.000) 02/01 04:58:57 Image size of job updated: 376952
	367  -  MemoryUsage of job (MB)
	375412  -  ResidentSetSize of job (KB)
...
006 (3447449.005.000) 02/01 05:03:58 Image size of job updated: 376964
	367  -  MemoryUsage of job (MB)
	375424  -  ResidentSetSize of job (KB)
...
006 (3447449.005.000) 02/01 05:08:58 Image size of job updated: 376976
	367  -  MemoryUsage of job (MB)
	375436  -  ResidentSetSize of job (KB)
...
006 (3447449.005.000) 02/01 05:13:58 Image size of job updated: 376980
	367  -  MemoryUsage of job (MB)
	375440  -  ResidentSetSize of job (KB)
...
006 (3447449.005.000) 02/01 05:18:59 Image size of job updated: 376996
	367  -  MemoryUsage of job (MB)
	375456  -  ResidentSetSize of job (KB)
...
006 (3447449.005.000) 02/01 05:23:59 Image size of job updated: 377004
	367  -  MemoryUsage of job (MB)
	375464  -  ResidentSetSize of job (KB)
...
006 (3447449.005.000) 02/01 05:28:59 Image size of job updated: 377028
	367  -  MemoryUsage of job (MB)
	375488  -  ResidentSetSize of job (KB)
...
006 (3447449.005.000) 02/01 05:34:01 Image size of job updated: 377048
	367  -  MemoryUsage of job (MB)
	375508  -  ResidentSetSize of job (KB)
...
006 (3447449.005.000) 02/01 05:39:01 Image size of job updated: 377052
	367  -  MemoryUsage of job (MB)
	375512  -  ResidentSetSize of job (KB)
...
006 (3447449.005.000) 02/01 05:44:01 Image size of job updated: 377056
	367  -  MemoryUsage of job (MB)
	375516  -  ResidentSetSize of job (KB)
...
006 (3447449.005.000) 02/01 05:49:02 Image size of job updated: 377108
	367  -  MemoryUsage of job (MB)
	375568  -  ResidentSetSize of job (KB)
...
006 (3447449.005.000) 02/01 05:54:03 Image size of job updated: 377136
	367  -  MemoryUsage of job (MB)
	375596  -  ResidentSetSize of job (KB)
...
006 (3447449.005.000) 02/01 05:59:03 Image size of job updated: 377156
	367  -  MemoryUsage of job (MB)
	375616  -  ResidentSetSize of job (KB)
...
006 (3447449.005.000) 02/01 06:04:04 Image size of job updated: 377168
	367  -  MemoryUsage of job (MB)
	375628  -  ResidentSetSize of job (KB)
...
006 (3447449.005.000) 02/01 06:14:05 Image size of job updated: 377192
	367  -  MemoryUsage of job (MB)
	375652  -  ResidentSetSize of job (KB)
...
006 (3447449.005.000) 02/01 06:24:07 Image size of job updated: 377244
	367  -  MemoryUsage of job (MB)
	375704  -  ResidentSetSize of job (KB)
...
006 (3447449.005.000) 02/01 06:39:08 Image size of job updated: 377260
	367  -  MemoryUsage of job (MB)
	375720  -  ResidentSetSize of job (KB)
...
006 (3447449.005.000) 02/01 06:44:08 Image size of job updated: 377292
	367  -  MemoryUsage of job (MB)
	375752  -  ResidentSetSize of job (KB)
...
006 (3447449.005.000) 02/01 06:49:08 Image size of job updated: 377320
	367  -  MemoryUsage of job (MB)
	375780  -  ResidentSetSize of job (KB)
...
006 (3447449.005.000) 02/01 06:54:09 Image size of job updated: 377328
	367  -  MemoryUsage of job (MB)
	375788  -  ResidentSetSize of job (KB)
...
006 (3447449.005.000) 02/01 06:59:10 Image size of job updated: 377340
	367  -  MemoryUsage of job (MB)
	375800  -  ResidentSetSize of job (KB)
...
006 (3447449.005.000) 02/01 07:04:10 Image size of job updated: 377344
	367  -  MemoryUsage of job (MB)
	375804  -  ResidentSetSize of job (KB)
...
006 (3447449.005.000) 02/01 07:09:11 Image size of job updated: 377372
	368  -  MemoryUsage of job (MB)
	375832  -  ResidentSetSize of job (KB)
...
006 (3447449.005.000) 02/01 07:14:12 Image size of job updated: 377376
	368  -  MemoryUsage of job (MB)
	375836  -  ResidentSetSize of job (KB)
...
006 (3447449.005.000) 02/01 07:24:13 Image size of job updated: 377384
	368  -  MemoryUsage of job (MB)
	375844  -  ResidentSetSize of job (KB)
...
006 (3447449.005.000) 02/01 07:29:14 Image size of job updated: 377400
	368  -  MemoryUsage of job (MB)
	375860  -  ResidentSetSize of job (KB)
...
006 (3447449.005.000) 02/01 07:34:14 Image size of job updated: 377412
	368  -  MemoryUsage of job (MB)
	375872  -  ResidentSetSize of job (KB)
...
006 (3447449.005.000) 02/01 07:39:14 Image size of job updated: 377436
	368  -  MemoryUsage of job (MB)
	375896  -  ResidentSetSize of job (KB)
...
006 (3447449.005.000) 02/01 07:44:15 Image size of job updated: 377472
	368  -  MemoryUsage of job (MB)
	375932  -  ResidentSetSize of job (KB)
...
006 (3447449.005.000) 02/01 07:59:17 Image size of job updated: 377480
	368  -  MemoryUsage of job (MB)
	375940  -  ResidentSetSize of job (KB)
...
006 (3447449.005.000) 02/01 08:04:17 Image size of job updated: 377488
	368  -  MemoryUsage of job (MB)
	375948  -  ResidentSetSize of job (KB)
...
006 (3447449.005.000) 02/01 08:09:17 Image size of job updated: 377516
	368  -  MemoryUsage of job (MB)
	375976  -  ResidentSetSize of job (KB)
...
006 (3447449.005.000) 02/01 08:14:18 Image size of job updated: 377524
	368  -  MemoryUsage of job (MB)
	375984  -  ResidentSetSize of job (KB)
...
006 (3447449.005.000) 02/01 08:19:19 Image size of job updated: 377560
	368  -  MemoryUsage of job (MB)
	376020  -  ResidentSetSize of job (KB)
...
006 (3447449.005.000) 02/01 08:24:19 Image size of job updated: 377568
	368  -  MemoryUsage of job (MB)
	376028  -  ResidentSetSize of job (KB)
...
006 (3447449.005.000) 02/01 08:29:20 Image size of job updated: 377584
	368  -  MemoryUsage of job (MB)
	376044  -  ResidentSetSize of job (KB)
...
006 (3447449.005.000) 02/01 08:34:21 Image size of job updated: 377604
	368  -  MemoryUsage of job (MB)
	376064  -  ResidentSetSize of job (KB)
...
006 (3447449.005.000) 02/01 08:44:22 Image size of job updated: 377628
	368  -  MemoryUsage of job (MB)
	376088  -  ResidentSetSize of job (KB)
...
006 (3447449.005.000) 02/01 08:54:23 Image size of job updated: 377640
	368  -  MemoryUsage of job (MB)
	376100  -  ResidentSetSize of job (KB)
...
006 (3447449.005.000) 02/01 08:59:23 Image size of job updated: 377668
	368  -  MemoryUsage of job (MB)
	376128  -  ResidentSetSize of job (KB)
...
006 (3447449.005.000) 02/01 09:04:24 Image size of job updated: 377688
	368  -  MemoryUsage of job (MB)
	376148  -  ResidentSetSize of job (KB)
...
006 (3447449.005.000) 02/01 09:09:24 Image size of job updated: 377728
	368  -  MemoryUsage of job (MB)
	376188  -  ResidentSetSize of job (KB)
...
006 (3447449.005.000) 02/01 09:14:24 Image size of job updated: 377764
	368  -  MemoryUsage of job (MB)
	376224  -  ResidentSetSize of job (KB)
...
006 (3447449.005.000) 02/01 09:29:26 Image size of job updated: 377784
	368  -  MemoryUsage of job (MB)
	376244  -  ResidentSetSize of job (KB)
...
006 (3447449.005.000) 02/01 09:34:27 Image size of job updated: 377800
	368  -  MemoryUsage of job (MB)
	376260  -  ResidentSetSize of job (KB)
...
006 (3447449.005.000) 02/01 09:44:28 Image size of job updated: 377804
	368  -  MemoryUsage of job (MB)
	376264  -  ResidentSetSize of job (KB)
...
006 (3447449.005.000) 02/01 09:59:30 Image size of job updated: 377832
	368  -  MemoryUsage of job (MB)
	376292  -  ResidentSetSize of job (KB)
...
006 (3447449.005.000) 02/01 10:04:30 Image size of job updated: 377876
	368  -  MemoryUsage of job (MB)
	376336  -  ResidentSetSize of job (KB)
...
006 (3447449.005.000) 02/01 10:14:32 Image size of job updated: 377912
	368  -  MemoryUsage of job (MB)
	376372  -  ResidentSetSize of job (KB)
...
040 (3447449.005.000) 02/01 19:44:13 Started transferring input files
	Transferring to host: <128.142.71.112:9618?addrs=128.142.71.112-9618+[2001-1458-301-52--100-3da]-9618&noUDP&sock=14354_7101_13525>
...
040 (3447449.005.000) 02/01 19:44:13 Finished transferring input files
...
001 (3447449.005.000) 02/01 19:44:14 Job executing on host: <128.142.71.112:9618?addrs=128.142.71.112-9618+[2001-1458-301-52--100-3da]-9618&noUDP&sock=14150_4d31_3>
...
040 (3447449.005.000) 02/01 19:44:31 Started transferring output files
...
040 (3447449.005.000) 02/01 19:44:31 Finished transferring output files
...
005 (3447449.005.000) 02/01 19:44:31 Job terminated.
	(1) Normal termination (return value 0)
		Usr 0 00:00:05, Sys 0 00:00:05  -  Run Remote Usage
		Usr 0 00:00:00, Sys 0 00:00:00  -  Run Local Usage
		Usr 0 00:00:05, Sys 0 00:00:05  -  Total Remote Usage
		Usr 0 00:00:00, Sys 0 00:00:00  -  Total Local Usage
	9715  -  Run Bytes Sent By Job
	493  -  Run Bytes Received By Job
	9715  -  Total Bytes Sent By Job
	986  -  Total Bytes Received By Job
	Partitionable Resources :    Usage  Request Allocated 
	   Cpus                 :                 1           
	   Disk (KB)            :       24       40   2768934 
	   Memory (MB)          :      391     2000      2000 
...
