000 (3447447.003.000) 01/30 07:33:49 Job submitted from host: <188.185.71.142:9618?addrs=188.185.71.142-9618+[2001-1458-d00-7--100-388]-9618&alias=bigbird09.cern.ch&noUDP&sock=schedd_2208_1533_7>
...
040 (3447447.003.000) 01/30 07:55:49 Started transferring input files
	Transferring to host: <188.184.138.15:9618?addrs=188.184.138.15-9618+[2001-1458-301-45--100-d]-9618&noUDP&sock=7565_fa0d_177499>
...
040 (3447447.003.000) 01/30 07:55:49 Finished transferring input files
...
001 (3447447.003.000) 01/30 07:55:50 Job executing on host: <188.184.138.15:9618?addrs=188.184.138.15-9618+[2001-1458-301-45--100-d]-9618&noUDP&sock=5696_8f8a_3>
...
006 (3447447.003.000) 01/30 07:55:59 Image size of job updated: 151512
	87  -  MemoryUsage of job (MB)
	88404  -  ResidentSetSize of job (KB)
...
006 (3447447.003.000) 01/30 08:01:00 Image size of job updated: 362380
	353  -  MemoryUsage of job (MB)
	360940  -  ResidentSetSize of job (KB)
...
006 (3447447.003.000) 01/30 08:36:03 Image size of job updated: 362388
	353  -  MemoryUsage of job (MB)
	360948  -  ResidentSetSize of job (KB)
...
006 (3447447.003.000) 01/30 08:41:03 Image size of job updated: 362392
	353  -  MemoryUsage of job (MB)
	360952  -  ResidentSetSize of job (KB)
...
006 (3447447.003.000) 01/30 09:01:06 Image size of job updated: 362420
	353  -  MemoryUsage of job (MB)
	360980  -  ResidentSetSize of job (KB)
...
006 (3447447.003.000) 01/30 11:46:25 Image size of job updated: 362548
	353  -  MemoryUsage of job (MB)
	361056  -  ResidentSetSize of job (KB)
...
006 (3447447.003.000) 01/30 11:51:26 Image size of job updated: 362664
	353  -  MemoryUsage of job (MB)
	361172  -  ResidentSetSize of job (KB)
...
006 (3447447.003.000) 01/30 12:21:29 Image size of job updated: 362748
	353  -  MemoryUsage of job (MB)
	361256  -  ResidentSetSize of job (KB)
...
006 (3447447.003.000) 01/30 12:26:30 Image size of job updated: 362816
	353  -  MemoryUsage of job (MB)
	361324  -  ResidentSetSize of job (KB)
...
006 (3447447.003.000) 01/30 12:31:30 Image size of job updated: 362828
	353  -  MemoryUsage of job (MB)
	361336  -  ResidentSetSize of job (KB)
...
006 (3447447.003.000) 01/30 12:46:31 Image size of job updated: 362908
	353  -  MemoryUsage of job (MB)
	361416  -  ResidentSetSize of job (KB)
...
006 (3447447.003.000) 01/30 12:51:31 Image size of job updated: 362936
	353  -  MemoryUsage of job (MB)
	361444  -  ResidentSetSize of job (KB)
...
006 (3447447.003.000) 01/30 12:56:32 Image size of job updated: 362980
	354  -  MemoryUsage of job (MB)
	361488  -  ResidentSetSize of job (KB)
...
006 (3447447.003.000) 01/30 13:01:33 Image size of job updated: 363088
	354  -  MemoryUsage of job (MB)
	361596  -  ResidentSetSize of job (KB)
...
006 (3447447.003.000) 01/30 13:06:33 Image size of job updated: 363096
	354  -  MemoryUsage of job (MB)
	361604  -  ResidentSetSize of job (KB)
...
006 (3447447.003.000) 01/30 13:11:34 Image size of job updated: 363208
	354  -  MemoryUsage of job (MB)
	361716  -  ResidentSetSize of job (KB)
...
006 (3447447.003.000) 01/30 13:16:35 Image size of job updated: 363328
	354  -  MemoryUsage of job (MB)
	361836  -  ResidentSetSize of job (KB)
...
006 (3447447.003.000) 01/30 13:21:35 Image size of job updated: 363364
	354  -  MemoryUsage of job (MB)
	361872  -  ResidentSetSize of job (KB)
...
006 (3447447.003.000) 01/30 13:26:36 Image size of job updated: 363504
	354  -  MemoryUsage of job (MB)
	362012  -  ResidentSetSize of job (KB)
...
006 (3447447.003.000) 01/30 13:31:37 Image size of job updated: 363504
	354  -  MemoryUsage of job (MB)
	362064  -  ResidentSetSize of job (KB)
...
006 (3447447.003.000) 01/30 13:36:37 Image size of job updated: 363504
	354  -  MemoryUsage of job (MB)
	362160  -  ResidentSetSize of job (KB)
...
006 (3447447.003.000) 01/30 13:41:38 Image size of job updated: 363504
	354  -  MemoryUsage of job (MB)
	362208  -  ResidentSetSize of job (KB)
...
006 (3447447.003.000) 01/30 13:46:39 Image size of job updated: 363504
	354  -  MemoryUsage of job (MB)
	362264  -  ResidentSetSize of job (KB)
...
006 (3447447.003.000) 01/30 13:51:39 Image size of job updated: 363536
	354  -  MemoryUsage of job (MB)
	362320  -  ResidentSetSize of job (KB)
...
006 (3447447.003.000) 01/30 13:56:39 Image size of job updated: 363660
	354  -  MemoryUsage of job (MB)
	362444  -  ResidentSetSize of job (KB)
...
006 (3447447.003.000) 01/30 14:01:40 Image size of job updated: 363792
	355  -  MemoryUsage of job (MB)
	362576  -  ResidentSetSize of job (KB)
...
006 (3447447.003.000) 01/30 14:11:40 Image size of job updated: 363880
	355  -  MemoryUsage of job (MB)
	362664  -  ResidentSetSize of job (KB)
...
006 (3447447.003.000) 01/30 14:16:41 Image size of job updated: 364048
	355  -  MemoryUsage of job (MB)
	362832  -  ResidentSetSize of job (KB)
...
006 (3447447.003.000) 01/30 14:21:42 Image size of job updated: 364064
	355  -  MemoryUsage of job (MB)
	362848  -  ResidentSetSize of job (KB)
...
006 (3447447.003.000) 01/30 14:26:42 Image size of job updated: 364192
	355  -  MemoryUsage of job (MB)
	362976  -  ResidentSetSize of job (KB)
...
006 (3447447.003.000) 01/30 14:31:42 Image size of job updated: 364260
	355  -  MemoryUsage of job (MB)
	363044  -  ResidentSetSize of job (KB)
...
006 (3447447.003.000) 01/30 14:36:43 Image size of job updated: 364360
	355  -  MemoryUsage of job (MB)
	363144  -  ResidentSetSize of job (KB)
...
006 (3447447.003.000) 01/30 14:41:43 Image size of job updated: 364496
	355  -  MemoryUsage of job (MB)
	363280  -  ResidentSetSize of job (KB)
...
006 (3447447.003.000) 01/30 14:46:43 Image size of job updated: 364576
	355  -  MemoryUsage of job (MB)
	363360  -  ResidentSetSize of job (KB)
...
006 (3447447.003.000) 01/30 14:51:44 Image size of job updated: 364652
	355  -  MemoryUsage of job (MB)
	363436  -  ResidentSetSize of job (KB)
...
006 (3447447.003.000) 01/30 14:56:45 Image size of job updated: 364708
	355  -  MemoryUsage of job (MB)
	363492  -  ResidentSetSize of job (KB)
...
006 (3447447.003.000) 01/30 15:01:45 Image size of job updated: 364748
	356  -  MemoryUsage of job (MB)
	363532  -  ResidentSetSize of job (KB)
...
006 (3447447.003.000) 01/30 15:06:46 Image size of job updated: 364760
	356  -  MemoryUsage of job (MB)
	363544  -  ResidentSetSize of job (KB)
...
006 (3447447.003.000) 01/30 15:11:47 Image size of job updated: 364912
	356  -  MemoryUsage of job (MB)
	363696  -  ResidentSetSize of job (KB)
...
006 (3447447.003.000) 01/30 15:16:47 Image size of job updated: 364952
	356  -  MemoryUsage of job (MB)
	363736  -  ResidentSetSize of job (KB)
...
006 (3447447.003.000) 01/30 15:21:47 Image size of job updated: 365012
	356  -  MemoryUsage of job (MB)
	363796  -  ResidentSetSize of job (KB)
...
006 (3447447.003.000) 01/30 15:26:48 Image size of job updated: 365116
	356  -  MemoryUsage of job (MB)
	363900  -  ResidentSetSize of job (KB)
...
006 (3447447.003.000) 01/30 15:31:48 Image size of job updated: 365180
	356  -  MemoryUsage of job (MB)
	363964  -  ResidentSetSize of job (KB)
...
006 (3447447.003.000) 01/30 15:36:48 Image size of job updated: 365256
	356  -  MemoryUsage of job (MB)
	364040  -  ResidentSetSize of job (KB)
...
006 (3447447.003.000) 01/30 15:41:49 Image size of job updated: 365304
	356  -  MemoryUsage of job (MB)
	364088  -  ResidentSetSize of job (KB)
...
006 (3447447.003.000) 01/30 15:46:49 Image size of job updated: 365364
	356  -  MemoryUsage of job (MB)
	364148  -  ResidentSetSize of job (KB)
...
006 (3447447.003.000) 01/30 15:51:49 Image size of job updated: 366828
	358  -  MemoryUsage of job (MB)
	365612  -  ResidentSetSize of job (KB)
...
006 (3447447.003.000) 01/30 15:56:50 Image size of job updated: 366908
	358  -  MemoryUsage of job (MB)
	365780  -  ResidentSetSize of job (KB)
...
006 (3447447.003.000) 01/30 16:06:51 Image size of job updated: 366968
	358  -  MemoryUsage of job (MB)
	365840  -  ResidentSetSize of job (KB)
...
006 (3447447.003.000) 01/30 16:11:53 Image size of job updated: 367044
	358  -  MemoryUsage of job (MB)
	365916  -  ResidentSetSize of job (KB)
...
006 (3447447.003.000) 01/30 16:16:53 Image size of job updated: 367128
	358  -  MemoryUsage of job (MB)
	366000  -  ResidentSetSize of job (KB)
...
006 (3447447.003.000) 01/30 16:21:53 Image size of job updated: 367152
	358  -  MemoryUsage of job (MB)
	366024  -  ResidentSetSize of job (KB)
...
006 (3447447.003.000) 01/30 16:26:54 Image size of job updated: 367420
	358  -  MemoryUsage of job (MB)
	366204  -  ResidentSetSize of job (KB)
...
006 (3447447.003.000) 01/30 16:31:55 Image size of job updated: 367436
	358  -  MemoryUsage of job (MB)
	366220  -  ResidentSetSize of job (KB)
...
006 (3447447.003.000) 01/30 16:36:55 Image size of job updated: 367464
	358  -  MemoryUsage of job (MB)
	366308  -  ResidentSetSize of job (KB)
...
006 (3447447.003.000) 01/30 16:41:56 Image size of job updated: 367584
	358  -  MemoryUsage of job (MB)
	366368  -  ResidentSetSize of job (KB)
...
006 (3447447.003.000) 01/30 16:46:57 Image size of job updated: 367652
	358  -  MemoryUsage of job (MB)
	366436  -  ResidentSetSize of job (KB)
...
006 (3447447.003.000) 01/30 16:51:57 Image size of job updated: 383844
	361  -  MemoryUsage of job (MB)
	368744  -  ResidentSetSize of job (KB)
...
006 (3447447.003.000) 01/30 16:56:58 Image size of job updated: 383976
	361  -  MemoryUsage of job (MB)
	368876  -  ResidentSetSize of job (KB)
...
006 (3447447.003.000) 01/30 17:01:59 Image size of job updated: 383996
	361  -  MemoryUsage of job (MB)
	368904  -  ResidentSetSize of job (KB)
...
006 (3447447.003.000) 01/30 17:06:59 Image size of job updated: 384064
	361  -  MemoryUsage of job (MB)
	368968  -  ResidentSetSize of job (KB)
...
006 (3447447.003.000) 01/30 17:11:59 Image size of job updated: 384104
	361  -  MemoryUsage of job (MB)
	369008  -  ResidentSetSize of job (KB)
...
006 (3447447.003.000) 01/30 17:17:00 Image size of job updated: 384212
	361  -  MemoryUsage of job (MB)
	369088  -  ResidentSetSize of job (KB)
...
006 (3447447.003.000) 01/30 17:22:00 Image size of job updated: 384244
	361  -  MemoryUsage of job (MB)
	369148  -  ResidentSetSize of job (KB)
...
006 (3447447.003.000) 01/30 17:27:00 Image size of job updated: 384284
	361  -  MemoryUsage of job (MB)
	369188  -  ResidentSetSize of job (KB)
...
006 (3447447.003.000) 01/30 17:32:01 Image size of job updated: 384332
	361  -  MemoryUsage of job (MB)
	369236  -  ResidentSetSize of job (KB)
...
006 (3447447.003.000) 01/30 17:37:02 Image size of job updated: 384352
	361  -  MemoryUsage of job (MB)
	369256  -  ResidentSetSize of job (KB)
...
006 (3447447.003.000) 01/30 17:42:02 Image size of job updated: 384360
	361  -  MemoryUsage of job (MB)
	369264  -  ResidentSetSize of job (KB)
...
006 (3447447.003.000) 01/30 17:47:02 Image size of job updated: 384416
	361  -  MemoryUsage of job (MB)
	369320  -  ResidentSetSize of job (KB)
...
006 (3447447.003.000) 01/30 17:52:03 Image size of job updated: 384480
	361  -  MemoryUsage of job (MB)
	369384  -  ResidentSetSize of job (KB)
...
006 (3447447.003.000) 01/30 18:02:04 Image size of job updated: 384480
	361  -  MemoryUsage of job (MB)
	369452  -  ResidentSetSize of job (KB)
...
006 (3447447.003.000) 01/30 18:07:05 Image size of job updated: 384500
	361  -  MemoryUsage of job (MB)
	369476  -  ResidentSetSize of job (KB)
...
006 (3447447.003.000) 01/30 18:12:06 Image size of job updated: 384572
	361  -  MemoryUsage of job (MB)
	369548  -  ResidentSetSize of job (KB)
...
006 (3447447.003.000) 01/30 18:17:06 Image size of job updated: 384620
	361  -  MemoryUsage of job (MB)
	369596  -  ResidentSetSize of job (KB)
...
006 (3447447.003.000) 01/30 18:22:06 Image size of job updated: 384632
	361  -  MemoryUsage of job (MB)
	369608  -  ResidentSetSize of job (KB)
...
006 (3447447.003.000) 01/30 18:27:07 Image size of job updated: 384688
	361  -  MemoryUsage of job (MB)
	369664  -  ResidentSetSize of job (KB)
...
006 (3447447.003.000) 01/30 18:32:07 Image size of job updated: 384760
	362  -  MemoryUsage of job (MB)
	369736  -  ResidentSetSize of job (KB)
...
006 (3447447.003.000) 01/30 18:37:07 Image size of job updated: 384828
	362  -  MemoryUsage of job (MB)
	369804  -  ResidentSetSize of job (KB)
...
006 (3447447.003.000) 01/30 18:42:08 Image size of job updated: 384836
	362  -  MemoryUsage of job (MB)
	369812  -  ResidentSetSize of job (KB)
...
006 (3447447.003.000) 01/30 18:47:08 Image size of job updated: 384860
	362  -  MemoryUsage of job (MB)
	369836  -  ResidentSetSize of job (KB)
...
006 (3447447.003.000) 01/30 18:52:08 Image size of job updated: 384876
	362  -  MemoryUsage of job (MB)
	369852  -  ResidentSetSize of job (KB)
...
006 (3447447.003.000) 01/30 18:57:10 Image size of job updated: 384944
	362  -  MemoryUsage of job (MB)
	369920  -  ResidentSetSize of job (KB)
...
006 (3447447.003.000) 01/30 19:02:10 Image size of job updated: 385000
	362  -  MemoryUsage of job (MB)
	369976  -  ResidentSetSize of job (KB)
...
006 (3447447.003.000) 01/30 19:07:10 Image size of job updated: 385040
	362  -  MemoryUsage of job (MB)
	370016  -  ResidentSetSize of job (KB)
...
006 (3447447.003.000) 01/30 19:12:12 Image size of job updated: 385072
	362  -  MemoryUsage of job (MB)
	370048  -  ResidentSetSize of job (KB)
...
006 (3447447.003.000) 01/30 19:17:12 Image size of job updated: 385108
	362  -  MemoryUsage of job (MB)
	370084  -  ResidentSetSize of job (KB)
...
006 (3447447.003.000) 01/30 19:22:12 Image size of job updated: 385140
	362  -  MemoryUsage of job (MB)
	370112  -  ResidentSetSize of job (KB)
...
006 (3447447.003.000) 01/30 19:27:13 Image size of job updated: 385172
	362  -  MemoryUsage of job (MB)
	370144  -  ResidentSetSize of job (KB)
...
006 (3447447.003.000) 01/30 19:32:13 Image size of job updated: 385208
	362  -  MemoryUsage of job (MB)
	370184  -  ResidentSetSize of job (KB)
...
006 (3447447.003.000) 01/30 19:37:13 Image size of job updated: 385256
	362  -  MemoryUsage of job (MB)
	370232  -  ResidentSetSize of job (KB)
...
006 (3447447.003.000) 01/30 19:42:14 Image size of job updated: 385280
	362  -  MemoryUsage of job (MB)
	370256  -  ResidentSetSize of job (KB)
...
006 (3447447.003.000) 01/30 19:47:14 Image size of job updated: 385328
	362  -  MemoryUsage of job (MB)
	370304  -  ResidentSetSize of job (KB)
...
006 (3447447.003.000) 01/30 19:52:14 Image size of job updated: 385328
	362  -  MemoryUsage of job (MB)
	370324  -  ResidentSetSize of job (KB)
...
006 (3447447.003.000) 01/30 19:57:16 Image size of job updated: 385328
	362  -  MemoryUsage of job (MB)
	370368  -  ResidentSetSize of job (KB)
...
006 (3447447.003.000) 01/30 20:02:17 Image size of job updated: 385328
	362  -  MemoryUsage of job (MB)
	370388  -  ResidentSetSize of job (KB)
...
006 (3447447.003.000) 01/30 20:07:17 Image size of job updated: 385328
	362  -  MemoryUsage of job (MB)
	370428  -  ResidentSetSize of job (KB)
...
006 (3447447.003.000) 01/30 20:12:18 Image size of job updated: 385328
	362  -  MemoryUsage of job (MB)
	370492  -  ResidentSetSize of job (KB)
...
006 (3447447.003.000) 01/30 20:17:19 Image size of job updated: 385328
	362  -  MemoryUsage of job (MB)
	370528  -  ResidentSetSize of job (KB)
...
006 (3447447.003.000) 01/30 20:22:19 Image size of job updated: 385328
	362  -  MemoryUsage of job (MB)
	370568  -  ResidentSetSize of job (KB)
...
006 (3447447.003.000) 01/30 20:27:19 Image size of job updated: 385328
	362  -  MemoryUsage of job (MB)
	370580  -  ResidentSetSize of job (KB)
...
006 (3447447.003.000) 01/30 20:32:20 Image size of job updated: 385328
	362  -  MemoryUsage of job (MB)
	370608  -  ResidentSetSize of job (KB)
...
006 (3447447.003.000) 01/30 20:37:20 Image size of job updated: 385328
	362  -  MemoryUsage of job (MB)
	370644  -  ResidentSetSize of job (KB)
...
006 (3447447.003.000) 01/30 20:42:20 Image size of job updated: 385328
	363  -  MemoryUsage of job (MB)
	370724  -  ResidentSetSize of job (KB)
...
006 (3447447.003.000) 01/30 20:47:21 Image size of job updated: 385328
	363  -  MemoryUsage of job (MB)
	370744  -  ResidentSetSize of job (KB)
...
006 (3447447.003.000) 01/30 20:52:22 Image size of job updated: 385328
	363  -  MemoryUsage of job (MB)
	370772  -  ResidentSetSize of job (KB)
...
006 (3447447.003.000) 01/30 20:57:22 Image size of job updated: 385328
	363  -  MemoryUsage of job (MB)
	370844  -  ResidentSetSize of job (KB)
...
006 (3447447.003.000) 01/30 21:02:23 Image size of job updated: 385328
	363  -  MemoryUsage of job (MB)
	370848  -  ResidentSetSize of job (KB)
...
006 (3447447.003.000) 01/30 21:07:23 Image size of job updated: 385328
	363  -  MemoryUsage of job (MB)
	370864  -  ResidentSetSize of job (KB)
...
006 (3447447.003.000) 01/30 21:12:24 Image size of job updated: 385328
	363  -  MemoryUsage of job (MB)
	370884  -  ResidentSetSize of job (KB)
...
006 (3447447.003.000) 01/30 21:17:25 Image size of job updated: 385328
	363  -  MemoryUsage of job (MB)
	370940  -  ResidentSetSize of job (KB)
...
006 (3447447.003.000) 01/30 21:22:25 Image size of job updated: 385328
	363  -  MemoryUsage of job (MB)
	370976  -  ResidentSetSize of job (KB)
...
006 (3447447.003.000) 01/30 21:27:26 Image size of job updated: 385328
	363  -  MemoryUsage of job (MB)
	371056  -  ResidentSetSize of job (KB)
...
006 (3447447.003.000) 01/30 21:32:27 Image size of job updated: 385328
	363  -  MemoryUsage of job (MB)
	371084  -  ResidentSetSize of job (KB)
...
006 (3447447.003.000) 01/30 21:37:27 Image size of job updated: 385328
	363  -  MemoryUsage of job (MB)
	371140  -  ResidentSetSize of job (KB)
...
006 (3447447.003.000) 01/30 21:42:28 Image size of job updated: 385328
	363  -  MemoryUsage of job (MB)
	371156  -  ResidentSetSize of job (KB)
...
006 (3447447.003.000) 01/30 21:47:29 Image size of job updated: 385328
	363  -  MemoryUsage of job (MB)
	371200  -  ResidentSetSize of job (KB)
...
006 (3447447.003.000) 01/30 21:52:29 Image size of job updated: 385328
	363  -  MemoryUsage of job (MB)
	371248  -  ResidentSetSize of job (KB)
...
006 (3447447.003.000) 01/30 21:57:30 Image size of job updated: 385328
	363  -  MemoryUsage of job (MB)
	371284  -  ResidentSetSize of job (KB)
...
006 (3447447.003.000) 01/30 22:07:31 Image size of job updated: 385328
	363  -  MemoryUsage of job (MB)
	371364  -  ResidentSetSize of job (KB)
...
006 (3447447.003.000) 01/30 22:12:32 Image size of job updated: 385328
	363  -  MemoryUsage of job (MB)
	371380  -  ResidentSetSize of job (KB)
...
006 (3447447.003.000) 01/30 22:17:33 Image size of job updated: 385328
	363  -  MemoryUsage of job (MB)
	371436  -  ResidentSetSize of job (KB)
...
006 (3447447.003.000) 01/30 22:22:33 Image size of job updated: 385328
	363  -  MemoryUsage of job (MB)
	371524  -  ResidentSetSize of job (KB)
...
006 (3447447.003.000) 01/30 22:27:34 Image size of job updated: 385328
	363  -  MemoryUsage of job (MB)
	371564  -  ResidentSetSize of job (KB)
...
006 (3447447.003.000) 01/30 22:32:35 Image size of job updated: 385328
	363  -  MemoryUsage of job (MB)
	371596  -  ResidentSetSize of job (KB)
...
006 (3447447.003.000) 01/30 22:37:35 Image size of job updated: 385328
	363  -  MemoryUsage of job (MB)
	371624  -  ResidentSetSize of job (KB)
...
006 (3447447.003.000) 01/30 22:42:35 Image size of job updated: 385328
	363  -  MemoryUsage of job (MB)
	371664  -  ResidentSetSize of job (KB)
...
006 (3447447.003.000) 01/30 22:47:36 Image size of job updated: 385328
	364  -  MemoryUsage of job (MB)
	371716  -  ResidentSetSize of job (KB)
...
006 (3447447.003.000) 01/30 22:52:37 Image size of job updated: 385328
	364  -  MemoryUsage of job (MB)
	371760  -  ResidentSetSize of job (KB)
...
006 (3447447.003.000) 01/30 22:57:37 Image size of job updated: 385328
	364  -  MemoryUsage of job (MB)
	371764  -  ResidentSetSize of job (KB)
...
006 (3447447.003.000) 01/30 23:02:38 Image size of job updated: 385328
	364  -  MemoryUsage of job (MB)
	371772  -  ResidentSetSize of job (KB)
...
006 (3447447.003.000) 01/30 23:07:39 Image size of job updated: 385328
	364  -  MemoryUsage of job (MB)
	371884  -  ResidentSetSize of job (KB)
...
006 (3447447.003.000) 01/30 23:12:39 Image size of job updated: 385328
	364  -  MemoryUsage of job (MB)
	371912  -  ResidentSetSize of job (KB)
...
006 (3447447.003.000) 01/30 23:17:40 Image size of job updated: 385328
	364  -  MemoryUsage of job (MB)
	371952  -  ResidentSetSize of job (KB)
...
006 (3447447.003.000) 01/30 23:22:41 Image size of job updated: 385328
	364  -  MemoryUsage of job (MB)
	372000  -  ResidentSetSize of job (KB)
...
006 (3447447.003.000) 01/30 23:27:41 Image size of job updated: 385328
	364  -  MemoryUsage of job (MB)
	372016  -  ResidentSetSize of job (KB)
...
006 (3447447.003.000) 01/30 23:32:41 Image size of job updated: 385328
	364  -  MemoryUsage of job (MB)
	372068  -  ResidentSetSize of job (KB)
...
006 (3447447.003.000) 01/30 23:37:42 Image size of job updated: 385328
	364  -  MemoryUsage of job (MB)
	372104  -  ResidentSetSize of job (KB)
...
006 (3447447.003.000) 01/30 23:47:43 Image size of job updated: 385328
	364  -  MemoryUsage of job (MB)
	372212  -  ResidentSetSize of job (KB)
...
006 (3447447.003.000) 01/30 23:57:45 Image size of job updated: 385328
	364  -  MemoryUsage of job (MB)
	372292  -  ResidentSetSize of job (KB)
...
006 (3447447.003.000) 01/31 00:02:45 Image size of job updated: 385328
	364  -  MemoryUsage of job (MB)
	372308  -  ResidentSetSize of job (KB)
...
006 (3447447.003.000) 01/31 00:07:46 Image size of job updated: 385328
	364  -  MemoryUsage of job (MB)
	372348  -  ResidentSetSize of job (KB)
...
006 (3447447.003.000) 01/31 00:12:46 Image size of job updated: 385328
	364  -  MemoryUsage of job (MB)
	372448  -  ResidentSetSize of job (KB)
...
006 (3447447.003.000) 01/31 00:17:46 Image size of job updated: 385328
	364  -  MemoryUsage of job (MB)
	372468  -  ResidentSetSize of job (KB)
...
006 (3447447.003.000) 01/31 00:22:47 Image size of job updated: 385328
	364  -  MemoryUsage of job (MB)
	372492  -  ResidentSetSize of job (KB)
...
006 (3447447.003.000) 01/31 00:27:47 Image size of job updated: 385328
	364  -  MemoryUsage of job (MB)
	372532  -  ResidentSetSize of job (KB)
...
006 (3447447.003.000) 01/31 00:37:49 Image size of job updated: 385328
	364  -  MemoryUsage of job (MB)
	372592  -  ResidentSetSize of job (KB)
...
006 (3447447.003.000) 01/31 00:42:49 Image size of job updated: 385328
	364  -  MemoryUsage of job (MB)
	372632  -  ResidentSetSize of job (KB)
...
006 (3447447.003.000) 01/31 00:47:49 Image size of job updated: 385328
	364  -  MemoryUsage of job (MB)
	372664  -  ResidentSetSize of job (KB)
...
006 (3447447.003.000) 01/31 00:52:50 Image size of job updated: 385328
	364  -  MemoryUsage of job (MB)
	372712  -  ResidentSetSize of job (KB)
...
006 (3447447.003.000) 01/31 00:57:51 Image size of job updated: 385328
	364  -  MemoryUsage of job (MB)
	372728  -  ResidentSetSize of job (KB)
...
006 (3447447.003.000) 01/31 01:02:51 Image size of job updated: 385328
	365  -  MemoryUsage of job (MB)
	372772  -  ResidentSetSize of job (KB)
...
006 (3447447.003.000) 01/31 01:07:52 Image size of job updated: 385328
	365  -  MemoryUsage of job (MB)
	372820  -  ResidentSetSize of job (KB)
...
006 (3447447.003.000) 01/31 01:12:53 Image size of job updated: 385328
	365  -  MemoryUsage of job (MB)
	372836  -  ResidentSetSize of job (KB)
...
006 (3447447.003.000) 01/31 01:17:53 Image size of job updated: 385328
	365  -  MemoryUsage of job (MB)
	372888  -  ResidentSetSize of job (KB)
...
006 (3447447.003.000) 01/31 01:22:54 Image size of job updated: 385328
	365  -  MemoryUsage of job (MB)
	372936  -  ResidentSetSize of job (KB)
...
006 (3447447.003.000) 01/31 01:27:55 Image size of job updated: 385328
	365  -  MemoryUsage of job (MB)
	372940  -  ResidentSetSize of job (KB)
...
006 (3447447.003.000) 01/31 01:32:55 Image size of job updated: 385328
	365  -  MemoryUsage of job (MB)
	373012  -  ResidentSetSize of job (KB)
...
006 (3447447.003.000) 01/31 01:37:56 Image size of job updated: 385328
	365  -  MemoryUsage of job (MB)
	373028  -  ResidentSetSize of job (KB)
...
006 (3447447.003.000) 01/31 01:42:57 Image size of job updated: 385328
	365  -  MemoryUsage of job (MB)
	373128  -  ResidentSetSize of job (KB)
...
006 (3447447.003.000) 01/31 01:47:57 Image size of job updated: 385328
	365  -  MemoryUsage of job (MB)
	373252  -  ResidentSetSize of job (KB)
...
006 (3447447.003.000) 01/31 01:52:57 Image size of job updated: 385328
	365  -  MemoryUsage of job (MB)
	373416  -  ResidentSetSize of job (KB)
...
006 (3447447.003.000) 01/31 01:57:58 Image size of job updated: 385328
	365  -  MemoryUsage of job (MB)
	373508  -  ResidentSetSize of job (KB)
...
006 (3447447.003.000) 01/31 02:02:58 Image size of job updated: 385328
	365  -  MemoryUsage of job (MB)
	373512  -  ResidentSetSize of job (KB)
...
006 (3447447.003.000) 01/31 02:53:03 Image size of job updated: 385328
	365  -  MemoryUsage of job (MB)
	373624  -  ResidentSetSize of job (KB)
...
006 (3447447.003.000) 01/31 02:58:03 Image size of job updated: 385328
	365  -  MemoryUsage of job (MB)
	373668  -  ResidentSetSize of job (KB)
...
006 (3447447.003.000) 01/31 03:18:05 Image size of job updated: 385328
	365  -  MemoryUsage of job (MB)
	373672  -  ResidentSetSize of job (KB)
...
006 (3447447.003.000) 01/31 03:23:06 Image size of job updated: 385328
	365  -  MemoryUsage of job (MB)
	373676  -  ResidentSetSize of job (KB)
...
006 (3447447.003.000) 01/31 03:28:06 Image size of job updated: 385328
	365  -  MemoryUsage of job (MB)
	373680  -  ResidentSetSize of job (KB)
...
006 (3447447.003.000) 01/31 03:43:08 Image size of job updated: 385328
	365  -  MemoryUsage of job (MB)
	373712  -  ResidentSetSize of job (KB)
...
006 (3447447.003.000) 01/31 03:48:08 Image size of job updated: 385328
	365  -  MemoryUsage of job (MB)
	373720  -  ResidentSetSize of job (KB)
...
006 (3447447.003.000) 01/31 03:53:09 Image size of job updated: 385328
	365  -  MemoryUsage of job (MB)
	373728  -  ResidentSetSize of job (KB)
...
006 (3447447.003.000) 01/31 03:58:09 Image size of job updated: 385328
	365  -  MemoryUsage of job (MB)
	373748  -  ResidentSetSize of job (KB)
...
006 (3447447.003.000) 01/31 04:08:10 Image size of job updated: 385328
	365  -  MemoryUsage of job (MB)
	373760  -  ResidentSetSize of job (KB)
...
006 (3447447.003.000) 01/31 04:18:10 Image size of job updated: 385328
	366  -  MemoryUsage of job (MB)
	373804  -  ResidentSetSize of job (KB)
...
006 (3447447.003.000) 01/31 04:23:11 Image size of job updated: 385328
	366  -  MemoryUsage of job (MB)
	373812  -  ResidentSetSize of job (KB)
...
006 (3447447.003.000) 01/31 04:33:12 Image size of job updated: 385328
	366  -  MemoryUsage of job (MB)
	373828  -  ResidentSetSize of job (KB)
...
006 (3447447.003.000) 01/31 04:38:13 Image size of job updated: 385328
	366  -  MemoryUsage of job (MB)
	373844  -  ResidentSetSize of job (KB)
...
006 (3447447.003.000) 01/31 04:43:14 Image size of job updated: 385328
	366  -  MemoryUsage of job (MB)
	373860  -  ResidentSetSize of job (KB)
...
006 (3447447.003.000) 01/31 04:48:14 Image size of job updated: 385328
	366  -  MemoryUsage of job (MB)
	373900  -  ResidentSetSize of job (KB)
...
006 (3447447.003.000) 01/31 04:58:15 Image size of job updated: 385328
	366  -  MemoryUsage of job (MB)
	373932  -  ResidentSetSize of job (KB)
...
006 (3447447.003.000) 01/31 05:03:16 Image size of job updated: 385328
	366  -  MemoryUsage of job (MB)
	373940  -  ResidentSetSize of job (KB)
...
006 (3447447.003.000) 01/31 05:08:16 Image size of job updated: 385328
	366  -  MemoryUsage of job (MB)
	373956  -  ResidentSetSize of job (KB)
...
006 (3447447.003.000) 01/31 05:18:18 Image size of job updated: 385328
	366  -  MemoryUsage of job (MB)
	373968  -  ResidentSetSize of job (KB)
...
006 (3447447.003.000) 01/31 05:23:18 Image size of job updated: 385328
	366  -  MemoryUsage of job (MB)
	373992  -  ResidentSetSize of job (KB)
...
006 (3447447.003.000) 01/31 05:33:20 Image size of job updated: 385328
	366  -  MemoryUsage of job (MB)
	374008  -  ResidentSetSize of job (KB)
...
006 (3447447.003.000) 01/31 05:43:20 Image size of job updated: 385328
	366  -  MemoryUsage of job (MB)
	374044  -  ResidentSetSize of job (KB)
...
006 (3447447.003.000) 01/31 05:48:21 Image size of job updated: 385328
	366  -  MemoryUsage of job (MB)
	374060  -  ResidentSetSize of job (KB)
...
006 (3447447.003.000) 01/31 05:53:21 Image size of job updated: 385328
	366  -  MemoryUsage of job (MB)
	374072  -  ResidentSetSize of job (KB)
...
006 (3447447.003.000) 01/31 05:58:21 Image size of job updated: 385328
	366  -  MemoryUsage of job (MB)
	374096  -  ResidentSetSize of job (KB)
...
006 (3447447.003.000) 01/31 06:08:23 Image size of job updated: 385328
	366  -  MemoryUsage of job (MB)
	374116  -  ResidentSetSize of job (KB)
...
006 (3447447.003.000) 01/31 06:13:23 Image size of job updated: 385328
	366  -  MemoryUsage of job (MB)
	374156  -  ResidentSetSize of job (KB)
...
006 (3447447.003.000) 01/31 06:23:25 Image size of job updated: 385328
	366  -  MemoryUsage of job (MB)
	374180  -  ResidentSetSize of job (KB)
...
006 (3447447.003.000) 01/31 06:53:27 Image size of job updated: 385328
	366  -  MemoryUsage of job (MB)
	374192  -  ResidentSetSize of job (KB)
...
006 (3447447.003.000) 01/31 06:58:28 Image size of job updated: 385328
	366  -  MemoryUsage of job (MB)
	374208  -  ResidentSetSize of job (KB)
...
006 (3447447.003.000) 01/31 07:03:28 Image size of job updated: 385328
	366  -  MemoryUsage of job (MB)
	374240  -  ResidentSetSize of job (KB)
...
006 (3447447.003.000) 01/31 07:13:30 Image size of job updated: 385328
	366  -  MemoryUsage of job (MB)
	374252  -  ResidentSetSize of job (KB)
...
006 (3447447.003.000) 01/31 07:33:31 Image size of job updated: 385328
	366  -  MemoryUsage of job (MB)
	374268  -  ResidentSetSize of job (KB)
...
006 (3447447.003.000) 01/31 07:43:33 Image size of job updated: 385328
	366  -  MemoryUsage of job (MB)
	374344  -  ResidentSetSize of job (KB)
...
006 (3447447.003.000) 01/31 07:53:33 Image size of job updated: 385328
	366  -  MemoryUsage of job (MB)
	374384  -  ResidentSetSize of job (KB)
...
006 (3447447.003.000) 01/31 08:03:35 Image size of job updated: 385328
	366  -  MemoryUsage of job (MB)
	374388  -  ResidentSetSize of job (KB)
...
006 (3447447.003.000) 01/31 08:08:35 Image size of job updated: 385328
	366  -  MemoryUsage of job (MB)
	374420  -  ResidentSetSize of job (KB)
...
006 (3447447.003.000) 01/31 08:13:36 Image size of job updated: 385328
	366  -  MemoryUsage of job (MB)
	374432  -  ResidentSetSize of job (KB)
...
006 (3447447.003.000) 01/31 08:23:37 Image size of job updated: 385328
	366  -  MemoryUsage of job (MB)
	374444  -  ResidentSetSize of job (KB)
...
006 (3447447.003.000) 01/31 08:28:38 Image size of job updated: 385328
	366  -  MemoryUsage of job (MB)
	374472  -  ResidentSetSize of job (KB)
...
006 (3447447.003.000) 01/31 08:38:39 Image size of job updated: 385328
	366  -  MemoryUsage of job (MB)
	374516  -  ResidentSetSize of job (KB)
...
006 (3447447.003.000) 01/31 08:48:41 Image size of job updated: 385328
	366  -  MemoryUsage of job (MB)
	374536  -  ResidentSetSize of job (KB)
...
006 (3447447.003.000) 01/31 08:53:41 Image size of job updated: 385328
	366  -  MemoryUsage of job (MB)
	374548  -  ResidentSetSize of job (KB)
...
006 (3447447.003.000) 01/31 09:03:43 Image size of job updated: 385328
	366  -  MemoryUsage of job (MB)
	374592  -  ResidentSetSize of job (KB)
...
006 (3447447.003.000) 01/31 09:13:44 Image size of job updated: 385328
	366  -  MemoryUsage of job (MB)
	374628  -  ResidentSetSize of job (KB)
...
006 (3447447.003.000) 01/31 09:18:45 Image size of job updated: 385328
	366  -  MemoryUsage of job (MB)
	374644  -  ResidentSetSize of job (KB)
...
006 (3447447.003.000) 01/31 09:23:45 Image size of job updated: 385328
	366  -  MemoryUsage of job (MB)
	374700  -  ResidentSetSize of job (KB)
...
006 (3447447.003.000) 01/31 09:28:45 Image size of job updated: 385328
	366  -  MemoryUsage of job (MB)
	374712  -  ResidentSetSize of job (KB)
...
006 (3447447.003.000) 01/31 09:33:46 Image size of job updated: 385328
	366  -  MemoryUsage of job (MB)
	374724  -  ResidentSetSize of job (KB)
...
006 (3447447.003.000) 01/31 09:38:47 Image size of job updated: 385328
	366  -  MemoryUsage of job (MB)
	374736  -  ResidentSetSize of job (KB)
...
006 (3447447.003.000) 01/31 09:53:48 Image size of job updated: 385328
	367  -  MemoryUsage of job (MB)
	374812  -  ResidentSetSize of job (KB)
...
006 (3447447.003.000) 01/31 10:18:50 Image size of job updated: 385328
	367  -  MemoryUsage of job (MB)
	374832  -  ResidentSetSize of job (KB)
...
006 (3447447.003.000) 01/31 10:23:51 Image size of job updated: 385328
	367  -  MemoryUsage of job (MB)
	374852  -  ResidentSetSize of job (KB)
...
006 (3447447.003.000) 01/31 10:33:52 Image size of job updated: 385328
	367  -  MemoryUsage of job (MB)
	374880  -  ResidentSetSize of job (KB)
...
006 (3447447.003.000) 01/31 10:48:54 Image size of job updated: 385328
	367  -  MemoryUsage of job (MB)
	374928  -  ResidentSetSize of job (KB)
...
006 (3447447.003.000) 01/31 10:53:54 Image size of job updated: 385328
	367  -  MemoryUsage of job (MB)
	374932  -  ResidentSetSize of job (KB)
...
006 (3447447.003.000) 01/31 11:03:55 Image size of job updated: 385328
	367  -  MemoryUsage of job (MB)
	374952  -  ResidentSetSize of job (KB)
...
006 (3447447.003.000) 01/31 11:08:55 Image size of job updated: 385328
	367  -  MemoryUsage of job (MB)
	374960  -  ResidentSetSize of job (KB)
...
006 (3447447.003.000) 01/31 11:18:56 Image size of job updated: 385328
	367  -  MemoryUsage of job (MB)
	374996  -  ResidentSetSize of job (KB)
...
006 (3447447.003.000) 01/31 11:28:57 Image size of job updated: 385328
	367  -  MemoryUsage of job (MB)
	375024  -  ResidentSetSize of job (KB)
...
006 (3447447.003.000) 01/31 11:33:58 Image size of job updated: 385328
	367  -  MemoryUsage of job (MB)
	375028  -  ResidentSetSize of job (KB)
...
006 (3447447.003.000) 01/31 11:38:59 Image size of job updated: 385328
	367  -  MemoryUsage of job (MB)
	375032  -  ResidentSetSize of job (KB)
...
006 (3447447.003.000) 01/31 11:48:59 Image size of job updated: 385328
	367  -  MemoryUsage of job (MB)
	375040  -  ResidentSetSize of job (KB)
...
006 (3447447.003.000) 01/31 11:54:00 Image size of job updated: 385328
	367  -  MemoryUsage of job (MB)
	375044  -  ResidentSetSize of job (KB)
...
006 (3447447.003.000) 01/31 12:04:01 Image size of job updated: 385328
	367  -  MemoryUsage of job (MB)
	375080  -  ResidentSetSize of job (KB)
...
006 (3447447.003.000) 01/31 12:19:02 Image size of job updated: 385328
	367  -  MemoryUsage of job (MB)
	375100  -  ResidentSetSize of job (KB)
...
006 (3447447.003.000) 01/31 12:34:04 Image size of job updated: 385328
	367  -  MemoryUsage of job (MB)
	375104  -  ResidentSetSize of job (KB)
...
006 (3447447.003.000) 01/31 12:39:04 Image size of job updated: 385328
	367  -  MemoryUsage of job (MB)
	375120  -  ResidentSetSize of job (KB)
...
006 (3447447.003.000) 01/31 12:44:05 Image size of job updated: 385328
	367  -  MemoryUsage of job (MB)
	375136  -  ResidentSetSize of job (KB)
...
006 (3447447.003.000) 01/31 12:49:06 Image size of job updated: 385328
	367  -  MemoryUsage of job (MB)
	375140  -  ResidentSetSize of job (KB)
...
006 (3447447.003.000) 01/31 12:54:06 Image size of job updated: 385328
	367  -  MemoryUsage of job (MB)
	375164  -  ResidentSetSize of job (KB)
...
006 (3447447.003.000) 01/31 12:59:06 Image size of job updated: 385328
	367  -  MemoryUsage of job (MB)
	375176  -  ResidentSetSize of job (KB)
...
006 (3447447.003.000) 01/31 13:04:07 Image size of job updated: 385328
	367  -  MemoryUsage of job (MB)
	375184  -  ResidentSetSize of job (KB)
...
006 (3447447.003.000) 01/31 13:09:07 Image size of job updated: 385328
	367  -  MemoryUsage of job (MB)
	375228  -  ResidentSetSize of job (KB)
...
006 (3447447.003.000) 01/31 13:14:07 Image size of job updated: 385328
	367  -  MemoryUsage of job (MB)
	375244  -  ResidentSetSize of job (KB)
...
006 (3447447.003.000) 01/31 13:19:09 Image size of job updated: 385328
	367  -  MemoryUsage of job (MB)
	375256  -  ResidentSetSize of job (KB)
...
006 (3447447.003.000) 01/31 13:34:10 Image size of job updated: 385328
	367  -  MemoryUsage of job (MB)
	375288  -  ResidentSetSize of job (KB)
...
006 (3447447.003.000) 01/31 13:39:11 Image size of job updated: 385328
	367  -  MemoryUsage of job (MB)
	375324  -  ResidentSetSize of job (KB)
...
006 (3447447.003.000) 01/31 14:09:14 Image size of job updated: 385328
	367  -  MemoryUsage of job (MB)
	375352  -  ResidentSetSize of job (KB)
...
006 (3447447.003.000) 01/31 14:14:14 Image size of job updated: 385328
	367  -  MemoryUsage of job (MB)
	375368  -  ResidentSetSize of job (KB)
...
006 (3447447.003.000) 01/31 14:19:14 Image size of job updated: 385328
	367  -  MemoryUsage of job (MB)
	375376  -  ResidentSetSize of job (KB)
...
006 (3447447.003.000) 01/31 14:24:16 Image size of job updated: 385328
	367  -  MemoryUsage of job (MB)
	375380  -  ResidentSetSize of job (KB)
...
006 (3447447.003.000) 01/31 14:29:16 Image size of job updated: 385328
	367  -  MemoryUsage of job (MB)
	375400  -  ResidentSetSize of job (KB)
...
006 (3447447.003.000) 01/31 14:34:16 Image size of job updated: 385328
	367  -  MemoryUsage of job (MB)
	375408  -  ResidentSetSize of job (KB)
...
006 (3447447.003.000) 01/31 14:39:17 Image size of job updated: 385328
	367  -  MemoryUsage of job (MB)
	375432  -  ResidentSetSize of job (KB)
...
006 (3447447.003.000) 01/31 14:44:18 Image size of job updated: 385328
	367  -  MemoryUsage of job (MB)
	375480  -  ResidentSetSize of job (KB)
...
006 (3447447.003.000) 01/31 14:59:19 Image size of job updated: 385328
	367  -  MemoryUsage of job (MB)
	375500  -  ResidentSetSize of job (KB)
...
006 (3447447.003.000) 01/31 15:04:19 Image size of job updated: 385328
	367  -  MemoryUsage of job (MB)
	375528  -  ResidentSetSize of job (KB)
...
006 (3447447.003.000) 01/31 15:14:21 Image size of job updated: 385328
	367  -  MemoryUsage of job (MB)
	375536  -  ResidentSetSize of job (KB)
...
006 (3447447.003.000) 01/31 15:19:21 Image size of job updated: 385328
	367  -  MemoryUsage of job (MB)
	375584  -  ResidentSetSize of job (KB)
...
006 (3447447.003.000) 01/31 15:24:21 Image size of job updated: 385328
	367  -  MemoryUsage of job (MB)
	375588  -  ResidentSetSize of job (KB)
...
006 (3447447.003.000) 01/31 15:44:24 Image size of job updated: 385328
	367  -  MemoryUsage of job (MB)
	375592  -  ResidentSetSize of job (KB)
...
006 (3447447.003.000) 01/31 15:49:25 Image size of job updated: 385328
	367  -  MemoryUsage of job (MB)
	375616  -  ResidentSetSize of job (KB)
...
006 (3447447.003.000) 01/31 15:54:25 Image size of job updated: 385328
	367  -  MemoryUsage of job (MB)
	375640  -  ResidentSetSize of job (KB)
...
006 (3447447.003.000) 01/31 16:04:27 Image size of job updated: 385328
	367  -  MemoryUsage of job (MB)
	375648  -  ResidentSetSize of job (KB)
...
006 (3447447.003.000) 01/31 16:14:28 Image size of job updated: 385328
	367  -  MemoryUsage of job (MB)
	375668  -  ResidentSetSize of job (KB)
...
006 (3447447.003.000) 01/31 16:19:29 Image size of job updated: 385328
	367  -  MemoryUsage of job (MB)
	375696  -  ResidentSetSize of job (KB)
...
006 (3447447.003.000) 01/31 16:24:29 Image size of job updated: 385328
	367  -  MemoryUsage of job (MB)
	375720  -  ResidentSetSize of job (KB)
...
006 (3447447.003.000) 01/31 16:29:29 Image size of job updated: 385328
	367  -  MemoryUsage of job (MB)
	375732  -  ResidentSetSize of job (KB)
...
006 (3447447.003.000) 01/31 16:44:30 Image size of job updated: 385328
	367  -  MemoryUsage of job (MB)
	375740  -  ResidentSetSize of job (KB)
...
006 (3447447.003.000) 01/31 16:49:31 Image size of job updated: 385328
	367  -  MemoryUsage of job (MB)
	375748  -  ResidentSetSize of job (KB)
...
006 (3447447.003.000) 01/31 16:54:32 Image size of job updated: 385328
	367  -  MemoryUsage of job (MB)
	375772  -  ResidentSetSize of job (KB)
...
006 (3447447.003.000) 01/31 16:59:32 Image size of job updated: 385328
	368  -  MemoryUsage of job (MB)
	375820  -  ResidentSetSize of job (KB)
...
006 (3447447.003.000) 01/31 17:04:33 Image size of job updated: 385328
	368  -  MemoryUsage of job (MB)
	375832  -  ResidentSetSize of job (KB)
...
006 (3447447.003.000) 01/31 17:15:27 Image size of job updated: 385328
	368  -  MemoryUsage of job (MB)
	375864  -  ResidentSetSize of job (KB)
...
006 (3447447.003.000) 01/31 17:29:35 Image size of job updated: 385328
	368  -  MemoryUsage of job (MB)
	375876  -  ResidentSetSize of job (KB)
...
006 (3447447.003.000) 01/31 17:35:18 Image size of job updated: 385328
	368  -  MemoryUsage of job (MB)
	375884  -  ResidentSetSize of job (KB)
...
040 (3447447.003.000) 02/01 07:54:31 Started transferring input files
	Transferring to host: <128.142.240.168:9618?addrs=128.142.240.168-9618+[2001-1458-301-9--100-32]-9618&noUDP&sock=5037_c5a6_78923>
...
040 (3447447.003.000) 02/01 07:54:32 Finished transferring input files
...
001 (3447447.003.000) 02/01 07:54:32 Job executing on host: <128.142.240.168:9618?addrs=128.142.240.168-9618+[2001-1458-301-9--100-32]-9618&noUDP&sock=3296_5c3e_3>
...
040 (3447447.003.000) 02/01 07:55:04 Started transferring output files
...
040 (3447447.003.000) 02/01 07:55:04 Finished transferring output files
...
005 (3447447.003.000) 02/01 07:55:04 Job terminated.
	(1) Normal termination (return value 0)
		Usr 0 00:00:07, Sys 0 00:00:05  -  Run Remote Usage
		Usr 0 00:00:00, Sys 0 00:00:00  -  Run Local Usage
		Usr 0 00:00:07, Sys 0 00:00:05  -  Total Remote Usage
		Usr 0 00:00:00, Sys 0 00:00:00  -  Total Local Usage
	9715  -  Run Bytes Sent By Job
	493  -  Run Bytes Received By Job
	9715  -  Total Bytes Sent By Job
	986  -  Total Bytes Received By Job
	Partitionable Resources :    Usage  Request Allocated 
	   Cpus                 :                 1           
	   Disk (KB)            :       24       35   2974115 
	   Memory (MB)          :      391     2000      2000 
...
