000 (3447447.008.000) 01/30 07:33:49 Job submitted from host: <188.185.71.142:9618?addrs=188.185.71.142-9618+[2001-1458-d00-7--100-388]-9618&alias=bigbird09.cern.ch&noUDP&sock=schedd_2208_1533_7>
...
040 (3447447.008.000) 01/30 07:55:50 Started transferring input files
	Transferring to host: <188.184.190.239:9618?addrs=188.184.190.239-9618+[2001-1458-301-4b--100-c9]-9618&noUDP&sock=2392_215a_198641>
...
040 (3447447.008.000) 01/30 07:55:50 Finished transferring input files
...
001 (3447447.008.000) 01/30 07:55:51 Job executing on host: <188.184.190.239:9618?addrs=188.184.190.239-9618+[2001-1458-301-4b--100-c9]-9618&noUDP&sock=5606_d404_3>
...
006 (3447447.008.000) 01/30 07:55:59 Image size of job updated: 146184
	82  -  MemoryUsage of job (MB)
	83360  -  ResidentSetSize of job (KB)
...
006 (3447447.008.000) 01/30 08:01:00 Image size of job updated: 366340
	353  -  MemoryUsage of job (MB)
	361352  -  ResidentSetSize of job (KB)
...
006 (3447447.008.000) 01/30 08:46:05 Image size of job updated: 366360
	353  -  MemoryUsage of job (MB)
	361372  -  ResidentSetSize of job (KB)
...
006 (3447447.008.000) 01/30 08:51:05 Image size of job updated: 366364
	353  -  MemoryUsage of job (MB)
	361376  -  ResidentSetSize of job (KB)
...
006 (3447447.008.000) 01/30 08:56:05 Image size of job updated: 366376
	353  -  MemoryUsage of job (MB)
	361388  -  ResidentSetSize of job (KB)
...
006 (3447447.008.000) 01/30 11:46:22 Image size of job updated: 366464
	354  -  MemoryUsage of job (MB)
	361476  -  ResidentSetSize of job (KB)
...
006 (3447447.008.000) 01/30 11:51:23 Image size of job updated: 366628
	354  -  MemoryUsage of job (MB)
	361640  -  ResidentSetSize of job (KB)
...
006 (3447447.008.000) 01/30 11:56:24 Image size of job updated: 366752
	354  -  MemoryUsage of job (MB)
	361764  -  ResidentSetSize of job (KB)
...
006 (3447447.008.000) 01/30 12:56:31 Image size of job updated: 366840
	354  -  MemoryUsage of job (MB)
	361852  -  ResidentSetSize of job (KB)
...
006 (3447447.008.000) 01/30 13:01:31 Image size of job updated: 366908
	354  -  MemoryUsage of job (MB)
	361920  -  ResidentSetSize of job (KB)
...
006 (3447447.008.000) 01/30 13:06:32 Image size of job updated: 367092
	354  -  MemoryUsage of job (MB)
	362104  -  ResidentSetSize of job (KB)
...
006 (3447447.008.000) 01/30 13:11:32 Image size of job updated: 367244
	354  -  MemoryUsage of job (MB)
	362256  -  ResidentSetSize of job (KB)
...
006 (3447447.008.000) 01/30 13:16:32 Image size of job updated: 367296
	354  -  MemoryUsage of job (MB)
	362308  -  ResidentSetSize of job (KB)
...
006 (3447447.008.000) 01/30 13:26:34 Image size of job updated: 367388
	354  -  MemoryUsage of job (MB)
	362400  -  ResidentSetSize of job (KB)
...
006 (3447447.008.000) 01/30 13:31:34 Image size of job updated: 367388
	355  -  MemoryUsage of job (MB)
	362516  -  ResidentSetSize of job (KB)
...
006 (3447447.008.000) 01/30 13:36:35 Image size of job updated: 367388
	355  -  MemoryUsage of job (MB)
	362652  -  ResidentSetSize of job (KB)
...
006 (3447447.008.000) 01/30 13:41:36 Image size of job updated: 367388
	355  -  MemoryUsage of job (MB)
	362752  -  ResidentSetSize of job (KB)
...
006 (3447447.008.000) 01/30 13:46:36 Image size of job updated: 367388
	355  -  MemoryUsage of job (MB)
	362784  -  ResidentSetSize of job (KB)
...
006 (3447447.008.000) 01/30 13:51:36 Image size of job updated: 367388
	355  -  MemoryUsage of job (MB)
	362924  -  ResidentSetSize of job (KB)
...
006 (3447447.008.000) 01/30 13:56:37 Image size of job updated: 367388
	355  -  MemoryUsage of job (MB)
	363004  -  ResidentSetSize of job (KB)
...
006 (3447447.008.000) 01/30 14:01:38 Image size of job updated: 367388
	355  -  MemoryUsage of job (MB)
	363116  -  ResidentSetSize of job (KB)
...
006 (3447447.008.000) 01/30 14:06:38 Image size of job updated: 367388
	355  -  MemoryUsage of job (MB)
	363216  -  ResidentSetSize of job (KB)
...
006 (3447447.008.000) 01/30 14:11:39 Image size of job updated: 367388
	355  -  MemoryUsage of job (MB)
	363260  -  ResidentSetSize of job (KB)
...
006 (3447447.008.000) 01/30 14:16:40 Image size of job updated: 367388
	355  -  MemoryUsage of job (MB)
	363368  -  ResidentSetSize of job (KB)
...
006 (3447447.008.000) 01/30 14:21:40 Image size of job updated: 367388
	355  -  MemoryUsage of job (MB)
	363404  -  ResidentSetSize of job (KB)
...
006 (3447447.008.000) 01/30 14:26:40 Image size of job updated: 367388
	355  -  MemoryUsage of job (MB)
	363480  -  ResidentSetSize of job (KB)
...
006 (3447447.008.000) 01/30 14:31:41 Image size of job updated: 367388
	356  -  MemoryUsage of job (MB)
	363576  -  ResidentSetSize of job (KB)
...
006 (3447447.008.000) 01/30 14:36:41 Image size of job updated: 367388
	356  -  MemoryUsage of job (MB)
	363668  -  ResidentSetSize of job (KB)
...
006 (3447447.008.000) 01/30 14:41:41 Image size of job updated: 367388
	356  -  MemoryUsage of job (MB)
	363776  -  ResidentSetSize of job (KB)
...
006 (3447447.008.000) 01/30 14:46:42 Image size of job updated: 367388
	356  -  MemoryUsage of job (MB)
	363860  -  ResidentSetSize of job (KB)
...
006 (3447447.008.000) 01/30 14:51:43 Image size of job updated: 367388
	356  -  MemoryUsage of job (MB)
	363932  -  ResidentSetSize of job (KB)
...
006 (3447447.008.000) 01/30 15:01:44 Image size of job updated: 367388
	356  -  MemoryUsage of job (MB)
	364088  -  ResidentSetSize of job (KB)
...
006 (3447447.008.000) 01/30 15:06:45 Image size of job updated: 367388
	356  -  MemoryUsage of job (MB)
	364116  -  ResidentSetSize of job (KB)
...
006 (3447447.008.000) 01/30 15:11:45 Image size of job updated: 367388
	356  -  MemoryUsage of job (MB)
	364224  -  ResidentSetSize of job (KB)
...
006 (3447447.008.000) 01/30 15:16:46 Image size of job updated: 367388
	356  -  MemoryUsage of job (MB)
	364244  -  ResidentSetSize of job (KB)
...
006 (3447447.008.000) 01/30 15:21:47 Image size of job updated: 367388
	356  -  MemoryUsage of job (MB)
	364300  -  ResidentSetSize of job (KB)
...
006 (3447447.008.000) 01/30 15:26:47 Image size of job updated: 367388
	356  -  MemoryUsage of job (MB)
	364376  -  ResidentSetSize of job (KB)
...
006 (3447447.008.000) 01/30 15:31:47 Image size of job updated: 367388
	356  -  MemoryUsage of job (MB)
	364460  -  ResidentSetSize of job (KB)
...
006 (3447447.008.000) 01/30 15:36:48 Image size of job updated: 367388
	356  -  MemoryUsage of job (MB)
	364536  -  ResidentSetSize of job (KB)
...
006 (3447447.008.000) 01/30 15:41:48 Image size of job updated: 367388
	357  -  MemoryUsage of job (MB)
	364668  -  ResidentSetSize of job (KB)
...
006 (3447447.008.000) 01/30 15:46:48 Image size of job updated: 367388
	357  -  MemoryUsage of job (MB)
	364684  -  ResidentSetSize of job (KB)
...
006 (3447447.008.000) 01/30 15:51:49 Image size of job updated: 367388
	357  -  MemoryUsage of job (MB)
	364800  -  ResidentSetSize of job (KB)
...
006 (3447447.008.000) 01/30 15:56:49 Image size of job updated: 367388
	357  -  MemoryUsage of job (MB)
	364904  -  ResidentSetSize of job (KB)
...
006 (3447447.008.000) 01/30 16:01:49 Image size of job updated: 367388
	357  -  MemoryUsage of job (MB)
	364976  -  ResidentSetSize of job (KB)
...
006 (3447447.008.000) 01/30 16:06:50 Image size of job updated: 367388
	357  -  MemoryUsage of job (MB)
	365076  -  ResidentSetSize of job (KB)
...
006 (3447447.008.000) 01/30 16:11:50 Image size of job updated: 367388
	357  -  MemoryUsage of job (MB)
	365080  -  ResidentSetSize of job (KB)
...
006 (3447447.008.000) 01/30 16:16:51 Image size of job updated: 367388
	357  -  MemoryUsage of job (MB)
	365208  -  ResidentSetSize of job (KB)
...
006 (3447447.008.000) 01/30 16:21:52 Image size of job updated: 367388
	357  -  MemoryUsage of job (MB)
	365256  -  ResidentSetSize of job (KB)
...
006 (3447447.008.000) 01/30 16:26:52 Image size of job updated: 367388
	357  -  MemoryUsage of job (MB)
	365320  -  ResidentSetSize of job (KB)
...
006 (3447447.008.000) 01/30 16:32:19 Image size of job updated: 367388
	357  -  MemoryUsage of job (MB)
	365396  -  ResidentSetSize of job (KB)
...
006 (3447447.008.000) 01/30 16:36:54 Image size of job updated: 379840
	358  -  MemoryUsage of job (MB)
	366524  -  ResidentSetSize of job (KB)
...
006 (3447447.008.000) 01/30 16:41:54 Image size of job updated: 381448
	360  -  MemoryUsage of job (MB)
	367824  -  ResidentSetSize of job (KB)
...
006 (3447447.008.000) 01/30 16:46:54 Image size of job updated: 381500
	360  -  MemoryUsage of job (MB)
	367876  -  ResidentSetSize of job (KB)
...
006 (3447447.008.000) 01/30 16:51:55 Image size of job updated: 381508
	360  -  MemoryUsage of job (MB)
	367884  -  ResidentSetSize of job (KB)
...
006 (3447447.008.000) 01/30 16:56:55 Image size of job updated: 381564
	360  -  MemoryUsage of job (MB)
	367940  -  ResidentSetSize of job (KB)
...
006 (3447447.008.000) 01/30 17:01:55 Image size of job updated: 381580
	360  -  MemoryUsage of job (MB)
	367956  -  ResidentSetSize of job (KB)
...
006 (3447447.008.000) 01/30 17:06:57 Image size of job updated: 381644
	360  -  MemoryUsage of job (MB)
	368020  -  ResidentSetSize of job (KB)
...
006 (3447447.008.000) 01/30 17:11:57 Image size of job updated: 381692
	360  -  MemoryUsage of job (MB)
	368068  -  ResidentSetSize of job (KB)
...
006 (3447447.008.000) 01/30 17:16:57 Image size of job updated: 381728
	360  -  MemoryUsage of job (MB)
	368104  -  ResidentSetSize of job (KB)
...
006 (3447447.008.000) 01/30 17:26:59 Image size of job updated: 381840
	360  -  MemoryUsage of job (MB)
	368216  -  ResidentSetSize of job (KB)
...
006 (3447447.008.000) 01/30 17:31:59 Image size of job updated: 381924
	360  -  MemoryUsage of job (MB)
	368300  -  ResidentSetSize of job (KB)
...
006 (3447447.008.000) 01/30 17:37:00 Image size of job updated: 381948
	360  -  MemoryUsage of job (MB)
	368312  -  ResidentSetSize of job (KB)
...
006 (3447447.008.000) 01/30 17:42:01 Image size of job updated: 382000
	360  -  MemoryUsage of job (MB)
	368364  -  ResidentSetSize of job (KB)
...
006 (3447447.008.000) 01/30 17:47:01 Image size of job updated: 382052
	360  -  MemoryUsage of job (MB)
	368416  -  ResidentSetSize of job (KB)
...
006 (3447447.008.000) 01/30 17:52:02 Image size of job updated: 382092
	360  -  MemoryUsage of job (MB)
	368424  -  ResidentSetSize of job (KB)
...
006 (3447447.008.000) 01/30 17:57:03 Image size of job updated: 382176
	360  -  MemoryUsage of job (MB)
	368508  -  ResidentSetSize of job (KB)
...
006 (3447447.008.000) 01/30 18:02:03 Image size of job updated: 382240
	360  -  MemoryUsage of job (MB)
	368572  -  ResidentSetSize of job (KB)
...
006 (3447447.008.000) 01/30 18:07:04 Image size of job updated: 382312
	360  -  MemoryUsage of job (MB)
	368580  -  ResidentSetSize of job (KB)
...
006 (3447447.008.000) 01/30 18:12:05 Image size of job updated: 382340
	360  -  MemoryUsage of job (MB)
	368608  -  ResidentSetSize of job (KB)
...
006 (3447447.008.000) 01/30 18:17:05 Image size of job updated: 382364
	361  -  MemoryUsage of job (MB)
	368664  -  ResidentSetSize of job (KB)
...
006 (3447447.008.000) 01/30 18:22:06 Image size of job updated: 382424
	361  -  MemoryUsage of job (MB)
	368712  -  ResidentSetSize of job (KB)
...
006 (3447447.008.000) 01/30 18:27:07 Image size of job updated: 382472
	361  -  MemoryUsage of job (MB)
	368760  -  ResidentSetSize of job (KB)
...
006 (3447447.008.000) 01/30 18:32:07 Image size of job updated: 382496
	361  -  MemoryUsage of job (MB)
	368784  -  ResidentSetSize of job (KB)
...
006 (3447447.008.000) 01/30 18:37:08 Image size of job updated: 382500
	361  -  MemoryUsage of job (MB)
	368788  -  ResidentSetSize of job (KB)
...
006 (3447447.008.000) 01/30 18:42:09 Image size of job updated: 382592
	361  -  MemoryUsage of job (MB)
	368880  -  ResidentSetSize of job (KB)
...
006 (3447447.008.000) 01/30 18:47:09 Image size of job updated: 382636
	361  -  MemoryUsage of job (MB)
	368924  -  ResidentSetSize of job (KB)
...
006 (3447447.008.000) 01/30 18:57:11 Image size of job updated: 382720
	361  -  MemoryUsage of job (MB)
	369008  -  ResidentSetSize of job (KB)
...
006 (3447447.008.000) 01/30 19:02:11 Image size of job updated: 382812
	361  -  MemoryUsage of job (MB)
	369100  -  ResidentSetSize of job (KB)
...
006 (3447447.008.000) 01/30 19:08:09 Image size of job updated: 382836
	361  -  MemoryUsage of job (MB)
	369124  -  ResidentSetSize of job (KB)
...
006 (3447447.008.000) 01/30 19:12:13 Image size of job updated: 382872
	361  -  MemoryUsage of job (MB)
	369160  -  ResidentSetSize of job (KB)
...
006 (3447447.008.000) 01/30 19:17:14 Image size of job updated: 382952
	361  -  MemoryUsage of job (MB)
	369240  -  ResidentSetSize of job (KB)
...
006 (3447447.008.000) 01/30 19:22:14 Image size of job updated: 382996
	361  -  MemoryUsage of job (MB)
	369284  -  ResidentSetSize of job (KB)
...
006 (3447447.008.000) 01/30 19:27:15 Image size of job updated: 383048
	361  -  MemoryUsage of job (MB)
	369340  -  ResidentSetSize of job (KB)
...
006 (3447447.008.000) 01/30 19:32:16 Image size of job updated: 383084
	361  -  MemoryUsage of job (MB)
	369376  -  ResidentSetSize of job (KB)
...
006 (3447447.008.000) 01/30 19:42:17 Image size of job updated: 383204
	361  -  MemoryUsage of job (MB)
	369496  -  ResidentSetSize of job (KB)
...
006 (3447447.008.000) 01/30 19:52:17 Image size of job updated: 383204
	361  -  MemoryUsage of job (MB)
	369576  -  ResidentSetSize of job (KB)
...
006 (3447447.008.000) 01/30 19:57:18 Image size of job updated: 383204
	361  -  MemoryUsage of job (MB)
	369604  -  ResidentSetSize of job (KB)
...
006 (3447447.008.000) 01/30 20:02:18 Image size of job updated: 383204
	361  -  MemoryUsage of job (MB)
	369612  -  ResidentSetSize of job (KB)
...
006 (3447447.008.000) 01/30 20:07:18 Image size of job updated: 383204
	362  -  MemoryUsage of job (MB)
	369688  -  ResidentSetSize of job (KB)
...
006 (3447447.008.000) 01/30 20:12:19 Image size of job updated: 383204
	362  -  MemoryUsage of job (MB)
	369752  -  ResidentSetSize of job (KB)
...
006 (3447447.008.000) 01/30 20:22:20 Image size of job updated: 383204
	362  -  MemoryUsage of job (MB)
	369808  -  ResidentSetSize of job (KB)
...
006 (3447447.008.000) 01/30 20:27:21 Image size of job updated: 383204
	362  -  MemoryUsage of job (MB)
	369848  -  ResidentSetSize of job (KB)
...
006 (3447447.008.000) 01/30 20:32:22 Image size of job updated: 383204
	362  -  MemoryUsage of job (MB)
	369880  -  ResidentSetSize of job (KB)
...
006 (3447447.008.000) 01/30 20:37:22 Image size of job updated: 383204
	362  -  MemoryUsage of job (MB)
	369908  -  ResidentSetSize of job (KB)
...
006 (3447447.008.000) 01/30 20:42:23 Image size of job updated: 383204
	362  -  MemoryUsage of job (MB)
	369980  -  ResidentSetSize of job (KB)
...
006 (3447447.008.000) 01/30 20:47:24 Image size of job updated: 383204
	362  -  MemoryUsage of job (MB)
	370012  -  ResidentSetSize of job (KB)
...
006 (3447447.008.000) 01/30 20:52:24 Image size of job updated: 383204
	362  -  MemoryUsage of job (MB)
	370024  -  ResidentSetSize of job (KB)
...
006 (3447447.008.000) 01/30 20:57:25 Image size of job updated: 383204
	362  -  MemoryUsage of job (MB)
	370124  -  ResidentSetSize of job (KB)
...
006 (3447447.008.000) 01/30 21:02:26 Image size of job updated: 383204
	362  -  MemoryUsage of job (MB)
	370172  -  ResidentSetSize of job (KB)
...
006 (3447447.008.000) 01/30 21:07:26 Image size of job updated: 383204
	362  -  MemoryUsage of job (MB)
	370196  -  ResidentSetSize of job (KB)
...
006 (3447447.008.000) 01/30 21:12:27 Image size of job updated: 383204
	362  -  MemoryUsage of job (MB)
	370200  -  ResidentSetSize of job (KB)
...
006 (3447447.008.000) 01/30 21:17:27 Image size of job updated: 383204
	362  -  MemoryUsage of job (MB)
	370300  -  ResidentSetSize of job (KB)
...
006 (3447447.008.000) 01/30 21:22:27 Image size of job updated: 383204
	362  -  MemoryUsage of job (MB)
	370344  -  ResidentSetSize of job (KB)
...
006 (3447447.008.000) 01/30 21:27:28 Image size of job updated: 383204
	362  -  MemoryUsage of job (MB)
	370384  -  ResidentSetSize of job (KB)
...
006 (3447447.008.000) 01/30 21:32:29 Image size of job updated: 383204
	362  -  MemoryUsage of job (MB)
	370464  -  ResidentSetSize of job (KB)
...
006 (3447447.008.000) 01/30 21:37:29 Image size of job updated: 383204
	362  -  MemoryUsage of job (MB)
	370508  -  ResidentSetSize of job (KB)
...
006 (3447447.008.000) 01/30 21:42:30 Image size of job updated: 383204
	362  -  MemoryUsage of job (MB)
	370548  -  ResidentSetSize of job (KB)
...
006 (3447447.008.000) 01/30 21:47:31 Image size of job updated: 383204
	362  -  MemoryUsage of job (MB)
	370580  -  ResidentSetSize of job (KB)
...
006 (3447447.008.000) 01/30 21:52:31 Image size of job updated: 383204
	362  -  MemoryUsage of job (MB)
	370648  -  ResidentSetSize of job (KB)
...
006 (3447447.008.000) 01/30 21:57:32 Image size of job updated: 383204
	362  -  MemoryUsage of job (MB)
	370680  -  ResidentSetSize of job (KB)
...
006 (3447447.008.000) 01/30 22:02:33 Image size of job updated: 383204
	363  -  MemoryUsage of job (MB)
	370712  -  ResidentSetSize of job (KB)
...
006 (3447447.008.000) 01/30 22:07:33 Image size of job updated: 383204
	363  -  MemoryUsage of job (MB)
	370768  -  ResidentSetSize of job (KB)
...
006 (3447447.008.000) 01/30 22:17:35 Image size of job updated: 383204
	363  -  MemoryUsage of job (MB)
	370824  -  ResidentSetSize of job (KB)
...
006 (3447447.008.000) 01/30 22:22:35 Image size of job updated: 383204
	363  -  MemoryUsage of job (MB)
	370884  -  ResidentSetSize of job (KB)
...
006 (3447447.008.000) 01/30 22:27:35 Image size of job updated: 383204
	363  -  MemoryUsage of job (MB)
	370888  -  ResidentSetSize of job (KB)
...
006 (3447447.008.000) 01/30 22:32:36 Image size of job updated: 383204
	363  -  MemoryUsage of job (MB)
	370976  -  ResidentSetSize of job (KB)
...
006 (3447447.008.000) 01/30 22:37:37 Image size of job updated: 383204
	363  -  MemoryUsage of job (MB)
	371016  -  ResidentSetSize of job (KB)
...
006 (3447447.008.000) 01/30 22:42:37 Image size of job updated: 383204
	363  -  MemoryUsage of job (MB)
	371044  -  ResidentSetSize of job (KB)
...
006 (3447447.008.000) 01/30 22:47:38 Image size of job updated: 383204
	363  -  MemoryUsage of job (MB)
	371088  -  ResidentSetSize of job (KB)
...
006 (3447447.008.000) 01/30 22:57:39 Image size of job updated: 383204
	363  -  MemoryUsage of job (MB)
	371136  -  ResidentSetSize of job (KB)
...
006 (3447447.008.000) 01/30 23:02:39 Image size of job updated: 383204
	363  -  MemoryUsage of job (MB)
	371228  -  ResidentSetSize of job (KB)
...
006 (3447447.008.000) 01/30 23:07:41 Image size of job updated: 383204
	363  -  MemoryUsage of job (MB)
	371320  -  ResidentSetSize of job (KB)
...
006 (3447447.008.000) 01/30 23:12:41 Image size of job updated: 383204
	363  -  MemoryUsage of job (MB)
	371356  -  ResidentSetSize of job (KB)
...
006 (3447447.008.000) 01/30 23:17:41 Image size of job updated: 383204
	363  -  MemoryUsage of job (MB)
	371496  -  ResidentSetSize of job (KB)
...
006 (3447447.008.000) 01/30 23:22:42 Image size of job updated: 383204
	363  -  MemoryUsage of job (MB)
	371536  -  ResidentSetSize of job (KB)
...
006 (3447447.008.000) 01/30 23:27:43 Image size of job updated: 383204
	363  -  MemoryUsage of job (MB)
	371576  -  ResidentSetSize of job (KB)
...
006 (3447447.008.000) 01/30 23:32:43 Image size of job updated: 383204
	363  -  MemoryUsage of job (MB)
	371624  -  ResidentSetSize of job (KB)
...
006 (3447447.008.000) 01/30 23:37:44 Image size of job updated: 383204
	363  -  MemoryUsage of job (MB)
	371664  -  ResidentSetSize of job (KB)
...
006 (3447447.008.000) 01/30 23:42:45 Image size of job updated: 383204
	364  -  MemoryUsage of job (MB)
	371776  -  ResidentSetSize of job (KB)
...
006 (3447447.008.000) 01/30 23:47:45 Image size of job updated: 383204
	364  -  MemoryUsage of job (MB)
	371792  -  ResidentSetSize of job (KB)
...
006 (3447447.008.000) 01/30 23:52:45 Image size of job updated: 383204
	364  -  MemoryUsage of job (MB)
	371872  -  ResidentSetSize of job (KB)
...
006 (3447447.008.000) 01/30 23:57:46 Image size of job updated: 383204
	364  -  MemoryUsage of job (MB)
	371920  -  ResidentSetSize of job (KB)
...
006 (3447447.008.000) 01/31 00:02:46 Image size of job updated: 383204
	364  -  MemoryUsage of job (MB)
	372040  -  ResidentSetSize of job (KB)
...
006 (3447447.008.000) 01/31 00:07:47 Image size of job updated: 383204
	364  -  MemoryUsage of job (MB)
	372296  -  ResidentSetSize of job (KB)
...
006 (3447447.008.000) 01/31 00:12:48 Image size of job updated: 383204
	364  -  MemoryUsage of job (MB)
	372440  -  ResidentSetSize of job (KB)
...
006 (3447447.008.000) 01/31 00:17:48 Image size of job updated: 383204
	364  -  MemoryUsage of job (MB)
	372608  -  ResidentSetSize of job (KB)
...
006 (3447447.008.000) 01/31 00:22:48 Image size of job updated: 383204
	365  -  MemoryUsage of job (MB)
	372768  -  ResidentSetSize of job (KB)
...
006 (3447447.008.000) 01/31 00:32:50 Image size of job updated: 383204
	365  -  MemoryUsage of job (MB)
	372792  -  ResidentSetSize of job (KB)
...
006 (3447447.008.000) 01/31 00:37:50 Image size of job updated: 383204
	365  -  MemoryUsage of job (MB)
	373148  -  ResidentSetSize of job (KB)
...
006 (3447447.008.000) 01/31 00:47:51 Image size of job updated: 383204
	365  -  MemoryUsage of job (MB)
	373168  -  ResidentSetSize of job (KB)
...
006 (3447447.008.000) 01/31 00:52:51 Image size of job updated: 383204
	365  -  MemoryUsage of job (MB)
	373376  -  ResidentSetSize of job (KB)
...
006 (3447447.008.000) 01/31 00:57:52 Image size of job updated: 383204
	365  -  MemoryUsage of job (MB)
	373456  -  ResidentSetSize of job (KB)
...
006 (3447447.008.000) 01/31 01:02:52 Image size of job updated: 383204
	365  -  MemoryUsage of job (MB)
	373492  -  ResidentSetSize of job (KB)
...
006 (3447447.008.000) 01/31 01:17:54 Image size of job updated: 383204
	365  -  MemoryUsage of job (MB)
	373544  -  ResidentSetSize of job (KB)
...
006 (3447447.008.000) 01/31 01:32:56 Image size of job updated: 383204
	365  -  MemoryUsage of job (MB)
	373684  -  ResidentSetSize of job (KB)
...
006 (3447447.008.000) 01/31 01:42:57 Image size of job updated: 383204
	365  -  MemoryUsage of job (MB)
	373712  -  ResidentSetSize of job (KB)
...
006 (3447447.008.000) 01/31 09:33:49 Image size of job updated: 383204
	365  -  MemoryUsage of job (MB)
	373756  -  ResidentSetSize of job (KB)
...
006 (3447447.008.000) 01/31 09:43:51 Image size of job updated: 383204
	366  -  MemoryUsage of job (MB)
	373804  -  ResidentSetSize of job (KB)
...
006 (3447447.008.000) 01/31 09:53:52 Image size of job updated: 383204
	366  -  MemoryUsage of job (MB)
	373816  -  ResidentSetSize of job (KB)
...
006 (3447447.008.000) 01/31 09:58:53 Image size of job updated: 383204
	366  -  MemoryUsage of job (MB)
	373888  -  ResidentSetSize of job (KB)
...
006 (3447447.008.000) 01/31 10:03:53 Image size of job updated: 383204
	366  -  MemoryUsage of job (MB)
	373936  -  ResidentSetSize of job (KB)
...
006 (3447447.008.000) 01/31 10:08:54 Image size of job updated: 383204
	366  -  MemoryUsage of job (MB)
	374004  -  ResidentSetSize of job (KB)
...
006 (3447447.008.000) 01/31 10:18:55 Image size of job updated: 383204
	366  -  MemoryUsage of job (MB)
	374028  -  ResidentSetSize of job (KB)
...
006 (3447447.008.000) 01/31 10:28:56 Image size of job updated: 383204
	366  -  MemoryUsage of job (MB)
	374044  -  ResidentSetSize of job (KB)
...
006 (3447447.008.000) 01/31 10:33:57 Image size of job updated: 383204
	366  -  MemoryUsage of job (MB)
	374072  -  ResidentSetSize of job (KB)
...
006 (3447447.008.000) 01/31 10:38:57 Image size of job updated: 383204
	366  -  MemoryUsage of job (MB)
	374112  -  ResidentSetSize of job (KB)
...
006 (3447447.008.000) 01/31 10:43:58 Image size of job updated: 383204
	366  -  MemoryUsage of job (MB)
	374140  -  ResidentSetSize of job (KB)
...
006 (3447447.008.000) 01/31 10:48:59 Image size of job updated: 383204
	366  -  MemoryUsage of job (MB)
	374164  -  ResidentSetSize of job (KB)
...
006 (3447447.008.000) 01/31 10:53:59 Image size of job updated: 383204
	366  -  MemoryUsage of job (MB)
	374168  -  ResidentSetSize of job (KB)
...
006 (3447447.008.000) 01/31 10:59:00 Image size of job updated: 383204
	366  -  MemoryUsage of job (MB)
	374176  -  ResidentSetSize of job (KB)
...
006 (3447447.008.000) 01/31 11:04:01 Image size of job updated: 383204
	366  -  MemoryUsage of job (MB)
	374188  -  ResidentSetSize of job (KB)
...
006 (3447447.008.000) 01/31 11:09:01 Image size of job updated: 383204
	366  -  MemoryUsage of job (MB)
	374200  -  ResidentSetSize of job (KB)
...
006 (3447447.008.000) 01/31 11:14:01 Image size of job updated: 383204
	366  -  MemoryUsage of job (MB)
	374240  -  ResidentSetSize of job (KB)
...
006 (3447447.008.000) 01/31 11:19:02 Image size of job updated: 383204
	366  -  MemoryUsage of job (MB)
	374264  -  ResidentSetSize of job (KB)
...
006 (3447447.008.000) 01/31 11:24:02 Image size of job updated: 383204
	366  -  MemoryUsage of job (MB)
	374276  -  ResidentSetSize of job (KB)
...
006 (3447447.008.000) 01/31 11:29:02 Image size of job updated: 383204
	366  -  MemoryUsage of job (MB)
	374304  -  ResidentSetSize of job (KB)
...
006 (3447447.008.000) 01/31 11:34:03 Image size of job updated: 383204
	366  -  MemoryUsage of job (MB)
	374308  -  ResidentSetSize of job (KB)
...
006 (3447447.008.000) 01/31 11:39:04 Image size of job updated: 383204
	366  -  MemoryUsage of job (MB)
	374324  -  ResidentSetSize of job (KB)
...
006 (3447447.008.000) 01/31 11:44:04 Image size of job updated: 383204
	366  -  MemoryUsage of job (MB)
	374336  -  ResidentSetSize of job (KB)
...
006 (3447447.008.000) 01/31 11:49:05 Image size of job updated: 383204
	366  -  MemoryUsage of job (MB)
	374340  -  ResidentSetSize of job (KB)
...
006 (3447447.008.000) 01/31 11:54:06 Image size of job updated: 383204
	366  -  MemoryUsage of job (MB)
	374348  -  ResidentSetSize of job (KB)
...
006 (3447447.008.000) 01/31 11:59:06 Image size of job updated: 383204
	366  -  MemoryUsage of job (MB)
	374380  -  ResidentSetSize of job (KB)
...
006 (3447447.008.000) 01/31 12:04:06 Image size of job updated: 383204
	366  -  MemoryUsage of job (MB)
	374396  -  ResidentSetSize of job (KB)
...
006 (3447447.008.000) 01/31 12:09:07 Image size of job updated: 383204
	366  -  MemoryUsage of job (MB)
	374400  -  ResidentSetSize of job (KB)
...
006 (3447447.008.000) 01/31 12:14:07 Image size of job updated: 383204
	366  -  MemoryUsage of job (MB)
	374440  -  ResidentSetSize of job (KB)
...
006 (3447447.008.000) 01/31 12:19:07 Image size of job updated: 383204
	366  -  MemoryUsage of job (MB)
	374468  -  ResidentSetSize of job (KB)
...
006 (3447447.008.000) 01/31 12:44:11 Image size of job updated: 383204
	366  -  MemoryUsage of job (MB)
	374492  -  ResidentSetSize of job (KB)
...
006 (3447447.008.000) 01/31 12:49:11 Image size of job updated: 383204
	366  -  MemoryUsage of job (MB)
	374516  -  ResidentSetSize of job (KB)
...
006 (3447447.008.000) 01/31 12:54:12 Image size of job updated: 383204
	366  -  MemoryUsage of job (MB)
	374544  -  ResidentSetSize of job (KB)
...
006 (3447447.008.000) 01/31 12:59:13 Image size of job updated: 383204
	366  -  MemoryUsage of job (MB)
	374548  -  ResidentSetSize of job (KB)
...
006 (3447447.008.000) 01/31 13:04:13 Image size of job updated: 383204
	366  -  MemoryUsage of job (MB)
	374564  -  ResidentSetSize of job (KB)
...
006 (3447447.008.000) 01/31 13:09:13 Image size of job updated: 383204
	366  -  MemoryUsage of job (MB)
	374580  -  ResidentSetSize of job (KB)
...
006 (3447447.008.000) 01/31 13:14:14 Image size of job updated: 383204
	366  -  MemoryUsage of job (MB)
	374584  -  ResidentSetSize of job (KB)
...
006 (3447447.008.000) 01/31 13:19:14 Image size of job updated: 383204
	366  -  MemoryUsage of job (MB)
	374604  -  ResidentSetSize of job (KB)
...
006 (3447447.008.000) 01/31 13:29:15 Image size of job updated: 383204
	366  -  MemoryUsage of job (MB)
	374616  -  ResidentSetSize of job (KB)
...
006 (3447447.008.000) 01/31 13:34:15 Image size of job updated: 383204
	366  -  MemoryUsage of job (MB)
	374632  -  ResidentSetSize of job (KB)
...
006 (3447447.008.000) 01/31 13:39:15 Image size of job updated: 383204
	366  -  MemoryUsage of job (MB)
	374636  -  ResidentSetSize of job (KB)
...
006 (3447447.008.000) 01/31 13:44:16 Image size of job updated: 383204
	366  -  MemoryUsage of job (MB)
	374644  -  ResidentSetSize of job (KB)
...
006 (3447447.008.000) 01/31 13:49:16 Image size of job updated: 383204
	366  -  MemoryUsage of job (MB)
	374676  -  ResidentSetSize of job (KB)
...
006 (3447447.008.000) 01/31 13:54:16 Image size of job updated: 383204
	366  -  MemoryUsage of job (MB)
	374680  -  ResidentSetSize of job (KB)
...
006 (3447447.008.000) 01/31 13:59:18 Image size of job updated: 383204
	366  -  MemoryUsage of job (MB)
	374688  -  ResidentSetSize of job (KB)
...
006 (3447447.008.000) 01/31 14:04:18 Image size of job updated: 383204
	366  -  MemoryUsage of job (MB)
	374736  -  ResidentSetSize of job (KB)
...
006 (3447447.008.000) 01/31 14:24:20 Image size of job updated: 383204
	366  -  MemoryUsage of job (MB)
	374756  -  ResidentSetSize of job (KB)
...
006 (3447447.008.000) 01/31 14:34:22 Image size of job updated: 383204
	366  -  MemoryUsage of job (MB)
	374760  -  ResidentSetSize of job (KB)
...
006 (3447447.008.000) 01/31 14:39:22 Image size of job updated: 383204
	367  -  MemoryUsage of job (MB)
	374800  -  ResidentSetSize of job (KB)
...
006 (3447447.008.000) 01/31 14:49:24 Image size of job updated: 383204
	367  -  MemoryUsage of job (MB)
	374804  -  ResidentSetSize of job (KB)
...
006 (3447447.008.000) 01/31 14:54:24 Image size of job updated: 383204
	367  -  MemoryUsage of job (MB)
	374848  -  ResidentSetSize of job (KB)
...
006 (3447447.008.000) 01/31 14:59:25 Image size of job updated: 383204
	367  -  MemoryUsage of job (MB)
	374856  -  ResidentSetSize of job (KB)
...
006 (3447447.008.000) 01/31 15:09:26 Image size of job updated: 383204
	367  -  MemoryUsage of job (MB)
	374888  -  ResidentSetSize of job (KB)
...
006 (3447447.008.000) 01/31 15:14:27 Image size of job updated: 383204
	367  -  MemoryUsage of job (MB)
	374896  -  ResidentSetSize of job (KB)
...
006 (3447447.008.000) 01/31 15:19:28 Image size of job updated: 383204
	367  -  MemoryUsage of job (MB)
	374912  -  ResidentSetSize of job (KB)
...
006 (3447447.008.000) 01/31 15:34:30 Image size of job updated: 383204
	367  -  MemoryUsage of job (MB)
	374932  -  ResidentSetSize of job (KB)
...
006 (3447447.008.000) 01/31 15:39:30 Image size of job updated: 383204
	367  -  MemoryUsage of job (MB)
	374944  -  ResidentSetSize of job (KB)
...
006 (3447447.008.000) 01/31 15:44:30 Image size of job updated: 383204
	367  -  MemoryUsage of job (MB)
	374964  -  ResidentSetSize of job (KB)
...
006 (3447447.008.000) 01/31 15:54:31 Image size of job updated: 383204
	367  -  MemoryUsage of job (MB)
	374992  -  ResidentSetSize of job (KB)
...
006 (3447447.008.000) 01/31 16:09:32 Image size of job updated: 383204
	367  -  MemoryUsage of job (MB)
	375028  -  ResidentSetSize of job (KB)
...
006 (3447447.008.000) 01/31 16:14:32 Image size of job updated: 383204
	367  -  MemoryUsage of job (MB)
	375032  -  ResidentSetSize of job (KB)
...
006 (3447447.008.000) 01/31 16:19:32 Image size of job updated: 383204
	367  -  MemoryUsage of job (MB)
	375080  -  ResidentSetSize of job (KB)
...
006 (3447447.008.000) 01/31 16:24:33 Image size of job updated: 383204
	367  -  MemoryUsage of job (MB)
	375088  -  ResidentSetSize of job (KB)
...
006 (3447447.008.000) 01/31 16:34:34 Image size of job updated: 383204
	367  -  MemoryUsage of job (MB)
	375096  -  ResidentSetSize of job (KB)
...
006 (3447447.008.000) 01/31 16:39:35 Image size of job updated: 383204
	367  -  MemoryUsage of job (MB)
	375120  -  ResidentSetSize of job (KB)
...
006 (3447447.008.000) 01/31 16:44:36 Image size of job updated: 383204
	367  -  MemoryUsage of job (MB)
	375140  -  ResidentSetSize of job (KB)
...
006 (3447447.008.000) 01/31 16:49:36 Image size of job updated: 383204
	367  -  MemoryUsage of job (MB)
	375168  -  ResidentSetSize of job (KB)
...
006 (3447447.008.000) 01/31 17:09:39 Image size of job updated: 383204
	367  -  MemoryUsage of job (MB)
	375176  -  ResidentSetSize of job (KB)
...
006 (3447447.008.000) 01/31 17:15:07 Image size of job updated: 383204
	367  -  MemoryUsage of job (MB)
	375200  -  ResidentSetSize of job (KB)
...
006 (3447447.008.000) 01/31 17:19:40 Image size of job updated: 383204
	367  -  MemoryUsage of job (MB)
	375232  -  ResidentSetSize of job (KB)
...
006 (3447447.008.000) 01/31 17:24:41 Image size of job updated: 383204
	367  -  MemoryUsage of job (MB)
	375244  -  ResidentSetSize of job (KB)
...
006 (3447447.008.000) 01/31 17:29:42 Image size of job updated: 383204
	367  -  MemoryUsage of job (MB)
	375264  -  ResidentSetSize of job (KB)
...
006 (3447447.008.000) 01/31 17:34:42 Image size of job updated: 383204
	367  -  MemoryUsage of job (MB)
	375280  -  ResidentSetSize of job (KB)
...
006 (3447447.008.000) 01/31 17:39:43 Image size of job updated: 383204
	367  -  MemoryUsage of job (MB)
	375300  -  ResidentSetSize of job (KB)
...
006 (3447447.008.000) 01/31 17:44:44 Image size of job updated: 383204
	367  -  MemoryUsage of job (MB)
	375328  -  ResidentSetSize of job (KB)
...
006 (3447447.008.000) 01/31 17:49:44 Image size of job updated: 383204
	367  -  MemoryUsage of job (MB)
	375336  -  ResidentSetSize of job (KB)
...
006 (3447447.008.000) 01/31 17:59:46 Image size of job updated: 383204
	367  -  MemoryUsage of job (MB)
	375340  -  ResidentSetSize of job (KB)
...
006 (3447447.008.000) 01/31 18:04:46 Image size of job updated: 383204
	367  -  MemoryUsage of job (MB)
	375360  -  ResidentSetSize of job (KB)
...
006 (3447447.008.000) 01/31 18:09:47 Image size of job updated: 383204
	367  -  MemoryUsage of job (MB)
	375372  -  ResidentSetSize of job (KB)
...
006 (3447447.008.000) 01/31 18:14:48 Image size of job updated: 383204
	367  -  MemoryUsage of job (MB)
	375376  -  ResidentSetSize of job (KB)
...
006 (3447447.008.000) 01/31 18:24:49 Image size of job updated: 383204
	367  -  MemoryUsage of job (MB)
	375420  -  ResidentSetSize of job (KB)
...
006 (3447447.008.000) 01/31 18:29:50 Image size of job updated: 383204
	367  -  MemoryUsage of job (MB)
	375444  -  ResidentSetSize of job (KB)
...
006 (3447447.008.000) 01/31 18:34:50 Image size of job updated: 383204
	367  -  MemoryUsage of job (MB)
	375448  -  ResidentSetSize of job (KB)
...
006 (3447447.008.000) 01/31 18:39:50 Image size of job updated: 383204
	367  -  MemoryUsage of job (MB)
	375492  -  ResidentSetSize of job (KB)
...
006 (3447447.008.000) 01/31 18:44:51 Image size of job updated: 383204
	367  -  MemoryUsage of job (MB)
	375500  -  ResidentSetSize of job (KB)
...
006 (3447447.008.000) 01/31 18:49:51 Image size of job updated: 383204
	367  -  MemoryUsage of job (MB)
	375508  -  ResidentSetSize of job (KB)
...
006 (3447447.008.000) 01/31 18:54:52 Image size of job updated: 383204
	367  -  MemoryUsage of job (MB)
	375512  -  ResidentSetSize of job (KB)
...
006 (3447447.008.000) 01/31 18:59:53 Image size of job updated: 383204
	367  -  MemoryUsage of job (MB)
	375524  -  ResidentSetSize of job (KB)
...
006 (3447447.008.000) 01/31 19:04:53 Image size of job updated: 383204
	367  -  MemoryUsage of job (MB)
	375532  -  ResidentSetSize of job (KB)
...
006 (3447447.008.000) 01/31 19:09:54 Image size of job updated: 383204
	367  -  MemoryUsage of job (MB)
	375568  -  ResidentSetSize of job (KB)
...
006 (3447447.008.000) 01/31 19:14:55 Image size of job updated: 383204
	367  -  MemoryUsage of job (MB)
	375664  -  ResidentSetSize of job (KB)
...
006 (3447447.008.000) 01/31 19:19:55 Image size of job updated: 383204
	367  -  MemoryUsage of job (MB)
	375712  -  ResidentSetSize of job (KB)
...
006 (3447447.008.000) 01/31 19:29:57 Image size of job updated: 383204
	367  -  MemoryUsage of job (MB)
	375732  -  ResidentSetSize of job (KB)
...
006 (3447447.008.000) 01/31 19:34:57 Image size of job updated: 383204
	367  -  MemoryUsage of job (MB)
	375760  -  ResidentSetSize of job (KB)
...
006 (3447447.008.000) 01/31 19:39:57 Image size of job updated: 383204
	367  -  MemoryUsage of job (MB)
	375764  -  ResidentSetSize of job (KB)
...
006 (3447447.008.000) 01/31 20:10:00 Image size of job updated: 383204
	367  -  MemoryUsage of job (MB)
	375788  -  ResidentSetSize of job (KB)
...
006 (3447447.008.000) 01/31 20:15:01 Image size of job updated: 383204
	367  -  MemoryUsage of job (MB)
	375804  -  ResidentSetSize of job (KB)
...
006 (3447447.008.000) 01/31 20:20:02 Image size of job updated: 383204
	368  -  MemoryUsage of job (MB)
	375832  -  ResidentSetSize of job (KB)
...
006 (3447447.008.000) 01/31 20:25:02 Image size of job updated: 383204
	368  -  MemoryUsage of job (MB)
	375892  -  ResidentSetSize of job (KB)
...
006 (3447447.008.000) 01/31 20:30:02 Image size of job updated: 383204
	368  -  MemoryUsage of job (MB)
	376060  -  ResidentSetSize of job (KB)
...
006 (3447447.008.000) 01/31 21:30:08 Image size of job updated: 383204
	368  -  MemoryUsage of job (MB)
	376076  -  ResidentSetSize of job (KB)
...
006 (3447447.008.000) 01/31 21:35:08 Image size of job updated: 383204
	368  -  MemoryUsage of job (MB)
	376100  -  ResidentSetSize of job (KB)
...
006 (3447447.008.000) 01/31 21:40:09 Image size of job updated: 383204
	368  -  MemoryUsage of job (MB)
	376108  -  ResidentSetSize of job (KB)
...
006 (3447447.008.000) 01/31 21:45:09 Image size of job updated: 383204
	368  -  MemoryUsage of job (MB)
	376132  -  ResidentSetSize of job (KB)
...
006 (3447447.008.000) 01/31 21:55:11 Image size of job updated: 383204
	368  -  MemoryUsage of job (MB)
	376144  -  ResidentSetSize of job (KB)
...
006 (3447447.008.000) 01/31 22:00:11 Image size of job updated: 383204
	368  -  MemoryUsage of job (MB)
	376192  -  ResidentSetSize of job (KB)
...
006 (3447447.008.000) 01/31 22:05:11 Image size of job updated: 383204
	368  -  MemoryUsage of job (MB)
	376196  -  ResidentSetSize of job (KB)
...
006 (3447447.008.000) 01/31 22:10:12 Image size of job updated: 383204
	368  -  MemoryUsage of job (MB)
	376200  -  ResidentSetSize of job (KB)
...
006 (3447447.008.000) 01/31 22:15:13 Image size of job updated: 383204
	368  -  MemoryUsage of job (MB)
	376216  -  ResidentSetSize of job (KB)
...
006 (3447447.008.000) 01/31 22:23:20 Image size of job updated: 383204
	368  -  MemoryUsage of job (MB)
	376224  -  ResidentSetSize of job (KB)
...
006 (3447447.008.000) 01/31 22:32:43 Image size of job updated: 383204
	368  -  MemoryUsage of job (MB)
	376252  -  ResidentSetSize of job (KB)
...
006 (3447447.008.000) 02/01 01:35:30 Image size of job updated: 383204
	368  -  MemoryUsage of job (MB)
	376256  -  ResidentSetSize of job (KB)
...
006 (3447447.008.000) 02/01 01:40:30 Image size of job updated: 383204
	368  -  MemoryUsage of job (MB)
	376264  -  ResidentSetSize of job (KB)
...
006 (3447447.008.000) 02/01 01:45:30 Image size of job updated: 383204
	368  -  MemoryUsage of job (MB)
	376296  -  ResidentSetSize of job (KB)
...
006 (3447447.008.000) 02/01 01:50:31 Image size of job updated: 383204
	368  -  MemoryUsage of job (MB)
	376348  -  ResidentSetSize of job (KB)
...
006 (3447447.008.000) 02/01 02:00:32 Image size of job updated: 383204
	368  -  MemoryUsage of job (MB)
	376372  -  ResidentSetSize of job (KB)
...
006 (3447447.008.000) 02/01 02:05:33 Image size of job updated: 383204
	368  -  MemoryUsage of job (MB)
	376384  -  ResidentSetSize of job (KB)
...
006 (3447447.008.000) 02/01 02:20:35 Image size of job updated: 383204
	368  -  MemoryUsage of job (MB)
	376392  -  ResidentSetSize of job (KB)
...
006 (3447447.008.000) 02/01 02:25:36 Image size of job updated: 383204
	368  -  MemoryUsage of job (MB)
	376420  -  ResidentSetSize of job (KB)
...
006 (3447447.008.000) 02/01 02:30:36 Image size of job updated: 383204
	368  -  MemoryUsage of job (MB)
	376436  -  ResidentSetSize of job (KB)
...
006 (3447447.008.000) 02/01 02:35:37 Image size of job updated: 383204
	368  -  MemoryUsage of job (MB)
	376448  -  ResidentSetSize of job (KB)
...
006 (3447447.008.000) 02/01 02:40:38 Image size of job updated: 383204
	368  -  MemoryUsage of job (MB)
	376472  -  ResidentSetSize of job (KB)
...
006 (3447447.008.000) 02/01 02:55:40 Image size of job updated: 383204
	368  -  MemoryUsage of job (MB)
	376484  -  ResidentSetSize of job (KB)
...
006 (3447447.008.000) 02/01 03:00:40 Image size of job updated: 383204
	368  -  MemoryUsage of job (MB)
	376520  -  ResidentSetSize of job (KB)
...
006 (3447447.008.000) 02/01 03:05:40 Image size of job updated: 383204
	368  -  MemoryUsage of job (MB)
	376536  -  ResidentSetSize of job (KB)
...
006 (3447447.008.000) 02/01 03:15:41 Image size of job updated: 383204
	368  -  MemoryUsage of job (MB)
	376580  -  ResidentSetSize of job (KB)
...
006 (3447447.008.000) 02/01 03:20:41 Image size of job updated: 383204
	368  -  MemoryUsage of job (MB)
	376588  -  ResidentSetSize of job (KB)
...
006 (3447447.008.000) 02/01 03:25:42 Image size of job updated: 383204
	368  -  MemoryUsage of job (MB)
	376596  -  ResidentSetSize of job (KB)
...
006 (3447447.008.000) 02/01 03:30:42 Image size of job updated: 383204
	368  -  MemoryUsage of job (MB)
	376604  -  ResidentSetSize of job (KB)
...
006 (3447447.008.000) 02/01 03:35:42 Image size of job updated: 383204
	368  -  MemoryUsage of job (MB)
	376640  -  ResidentSetSize of job (KB)
...
006 (3447447.008.000) 02/01 03:45:43 Image size of job updated: 383204
	368  -  MemoryUsage of job (MB)
	376660  -  ResidentSetSize of job (KB)
...
006 (3447447.008.000) 02/01 03:55:44 Image size of job updated: 383204
	368  -  MemoryUsage of job (MB)
	376676  -  ResidentSetSize of job (KB)
...
006 (3447447.008.000) 02/01 04:00:44 Image size of job updated: 383204
	368  -  MemoryUsage of job (MB)
	376684  -  ResidentSetSize of job (KB)
...
006 (3447447.008.000) 02/01 04:05:44 Image size of job updated: 383204
	368  -  MemoryUsage of job (MB)
	376712  -  ResidentSetSize of job (KB)
...
006 (3447447.008.000) 02/01 04:11:26 Image size of job updated: 383204
	368  -  MemoryUsage of job (MB)
	376716  -  ResidentSetSize of job (KB)
...
006 (3447447.008.000) 02/01 04:15:46 Image size of job updated: 383204
	368  -  MemoryUsage of job (MB)
	376732  -  ResidentSetSize of job (KB)
...
006 (3447447.008.000) 02/01 04:20:47 Image size of job updated: 383204
	368  -  MemoryUsage of job (MB)
	376764  -  ResidentSetSize of job (KB)
...
006 (3447447.008.000) 02/01 04:25:47 Image size of job updated: 383204
	368  -  MemoryUsage of job (MB)
	376784  -  ResidentSetSize of job (KB)
...
006 (3447447.008.000) 02/01 04:35:49 Image size of job updated: 383204
	368  -  MemoryUsage of job (MB)
	376812  -  ResidentSetSize of job (KB)
...
006 (3447447.008.000) 02/01 04:40:49 Image size of job updated: 383204
	369  -  MemoryUsage of job (MB)
	376872  -  ResidentSetSize of job (KB)
...
006 (3447447.008.000) 02/01 04:50:51 Image size of job updated: 383204
	369  -  MemoryUsage of job (MB)
	376876  -  ResidentSetSize of job (KB)
...
006 (3447447.008.000) 02/01 04:55:51 Image size of job updated: 383204
	369  -  MemoryUsage of job (MB)
	376888  -  ResidentSetSize of job (KB)
...
006 (3447447.008.000) 02/01 05:00:52 Image size of job updated: 383204
	369  -  MemoryUsage of job (MB)
	376896  -  ResidentSetSize of job (KB)
...
006 (3447447.008.000) 02/01 05:05:53 Image size of job updated: 383204
	369  -  MemoryUsage of job (MB)
	376920  -  ResidentSetSize of job (KB)
...
006 (3447447.008.000) 02/01 05:20:54 Image size of job updated: 383204
	369  -  MemoryUsage of job (MB)
	376956  -  ResidentSetSize of job (KB)
...
006 (3447447.008.000) 02/01 05:25:54 Image size of job updated: 383204
	369  -  MemoryUsage of job (MB)
	377004  -  ResidentSetSize of job (KB)
...
006 (3447447.008.000) 02/01 05:40:55 Image size of job updated: 383204
	369  -  MemoryUsage of job (MB)
	377052  -  ResidentSetSize of job (KB)
...
006 (3447447.008.000) 02/01 05:45:55 Image size of job updated: 383204
	369  -  MemoryUsage of job (MB)
	377088  -  ResidentSetSize of job (KB)
...
006 (3447447.008.000) 02/01 06:00:56 Image size of job updated: 383204
	369  -  MemoryUsage of job (MB)
	377096  -  ResidentSetSize of job (KB)
...
006 (3447447.008.000) 02/01 06:05:58 Image size of job updated: 383204
	369  -  MemoryUsage of job (MB)
	377112  -  ResidentSetSize of job (KB)
...
006 (3447447.008.000) 02/01 06:15:58 Image size of job updated: 383204
	369  -  MemoryUsage of job (MB)
	377124  -  ResidentSetSize of job (KB)
...
006 (3447447.008.000) 02/01 06:21:00 Image size of job updated: 383204
	369  -  MemoryUsage of job (MB)
	377144  -  ResidentSetSize of job (KB)
...
006 (3447447.008.000) 02/01 06:26:00 Image size of job updated: 383204
	369  -  MemoryUsage of job (MB)
	377168  -  ResidentSetSize of job (KB)
...
006 (3447447.008.000) 02/01 06:36:01 Image size of job updated: 383204
	369  -  MemoryUsage of job (MB)
	377192  -  ResidentSetSize of job (KB)
...
006 (3447447.008.000) 02/01 06:46:02 Image size of job updated: 383204
	369  -  MemoryUsage of job (MB)
	377196  -  ResidentSetSize of job (KB)
...
006 (3447447.008.000) 02/01 07:01:04 Image size of job updated: 383204
	369  -  MemoryUsage of job (MB)
	377244  -  ResidentSetSize of job (KB)
...
006 (3447447.008.000) 02/01 07:11:06 Image size of job updated: 383204
	369  -  MemoryUsage of job (MB)
	377284  -  ResidentSetSize of job (KB)
...
006 (3447447.008.000) 02/01 07:16:06 Image size of job updated: 383204
	369  -  MemoryUsage of job (MB)
	377288  -  ResidentSetSize of job (KB)
...
006 (3447447.008.000) 02/01 07:21:07 Image size of job updated: 383204
	369  -  MemoryUsage of job (MB)
	377348  -  ResidentSetSize of job (KB)
...
006 (3447447.008.000) 02/01 07:31:08 Image size of job updated: 383204
	369  -  MemoryUsage of job (MB)
	377352  -  ResidentSetSize of job (KB)
...
006 (3447447.008.000) 02/01 07:46:09 Image size of job updated: 383204
	369  -  MemoryUsage of job (MB)
	377388  -  ResidentSetSize of job (KB)
...
006 (3447447.008.000) 02/01 07:51:09 Image size of job updated: 383204
	369  -  MemoryUsage of job (MB)
	377416  -  ResidentSetSize of job (KB)
...
006 (3447447.008.000) 02/01 07:56:11 Image size of job updated: 383204
	369  -  MemoryUsage of job (MB)
	377432  -  ResidentSetSize of job (KB)
...
006 (3447447.008.000) 02/01 08:11:12 Image size of job updated: 383204
	369  -  MemoryUsage of job (MB)
	377464  -  ResidentSetSize of job (KB)
...
006 (3447447.008.000) 02/01 08:16:13 Image size of job updated: 383204
	369  -  MemoryUsage of job (MB)
	377472  -  ResidentSetSize of job (KB)
...
006 (3447447.008.000) 02/01 08:21:13 Image size of job updated: 383204
	369  -  MemoryUsage of job (MB)
	377516  -  ResidentSetSize of job (KB)
...
006 (3447447.008.000) 02/01 08:26:14 Image size of job updated: 383204
	369  -  MemoryUsage of job (MB)
	377524  -  ResidentSetSize of job (KB)
...
006 (3447447.008.000) 02/01 08:31:15 Image size of job updated: 383204
	369  -  MemoryUsage of job (MB)
	377548  -  ResidentSetSize of job (KB)
...
006 (3447447.008.000) 02/01 08:36:15 Image size of job updated: 383204
	369  -  MemoryUsage of job (MB)
	377564  -  ResidentSetSize of job (KB)
...
006 (3447447.008.000) 02/01 08:46:17 Image size of job updated: 383204
	369  -  MemoryUsage of job (MB)
	377592  -  ResidentSetSize of job (KB)
...
006 (3447447.008.000) 02/01 08:51:17 Image size of job updated: 383204
	369  -  MemoryUsage of job (MB)
	377616  -  ResidentSetSize of job (KB)
...
006 (3447447.008.000) 02/01 08:56:17 Image size of job updated: 383204
	369  -  MemoryUsage of job (MB)
	377656  -  ResidentSetSize of job (KB)
...
006 (3447447.008.000) 02/01 09:11:19 Image size of job updated: 383204
	369  -  MemoryUsage of job (MB)
	377660  -  ResidentSetSize of job (KB)
...
006 (3447447.008.000) 02/01 09:16:20 Image size of job updated: 383204
	369  -  MemoryUsage of job (MB)
	377664  -  ResidentSetSize of job (KB)
...
006 (3447447.008.000) 02/01 09:21:21 Image size of job updated: 383204
	369  -  MemoryUsage of job (MB)
	377684  -  ResidentSetSize of job (KB)
...
006 (3447447.008.000) 02/01 09:26:21 Image size of job updated: 383204
	369  -  MemoryUsage of job (MB)
	377688  -  ResidentSetSize of job (KB)
...
006 (3447447.008.000) 02/01 09:31:21 Image size of job updated: 383204
	369  -  MemoryUsage of job (MB)
	377748  -  ResidentSetSize of job (KB)
...
006 (3447447.008.000) 02/01 09:36:22 Image size of job updated: 383204
	369  -  MemoryUsage of job (MB)
	377776  -  ResidentSetSize of job (KB)
...
006 (3447447.008.000) 02/01 09:41:22 Image size of job updated: 383204
	369  -  MemoryUsage of job (MB)
	377796  -  ResidentSetSize of job (KB)
...
006 (3447447.008.000) 02/01 09:51:23 Image size of job updated: 383204
	369  -  MemoryUsage of job (MB)
	377800  -  ResidentSetSize of job (KB)
...
006 (3447447.008.000) 02/01 09:56:23 Image size of job updated: 383204
	369  -  MemoryUsage of job (MB)
	377824  -  ResidentSetSize of job (KB)
...
006 (3447447.008.000) 02/01 10:01:23 Image size of job updated: 383204
	369  -  MemoryUsage of job (MB)
	377844  -  ResidentSetSize of job (KB)
...
006 (3447447.008.000) 02/01 10:06:24 Image size of job updated: 383204
	370  -  MemoryUsage of job (MB)
	377864  -  ResidentSetSize of job (KB)
...
006 (3447447.008.000) 02/01 10:11:25 Image size of job updated: 383204
	370  -  MemoryUsage of job (MB)
	377880  -  ResidentSetSize of job (KB)
...
006 (3447447.008.000) 02/01 10:16:25 Image size of job updated: 383204
	370  -  MemoryUsage of job (MB)
	377928  -  ResidentSetSize of job (KB)
...
006 (3447447.008.000) 02/01 10:21:25 Image size of job updated: 383204
	370  -  MemoryUsage of job (MB)
	377964  -  ResidentSetSize of job (KB)
...
006 (3447447.008.000) 02/01 10:26:25 Image size of job updated: 383204
	370  -  MemoryUsage of job (MB)
	377968  -  ResidentSetSize of job (KB)
...
006 (3447447.008.000) 02/01 10:31:26 Image size of job updated: 383204
	370  -  MemoryUsage of job (MB)
	377976  -  ResidentSetSize of job (KB)
...
006 (3447447.008.000) 02/01 10:36:26 Image size of job updated: 383204
	370  -  MemoryUsage of job (MB)
	378028  -  ResidentSetSize of job (KB)
...
006 (3447447.008.000) 02/01 10:41:26 Image size of job updated: 383204
	370  -  MemoryUsage of job (MB)
	378032  -  ResidentSetSize of job (KB)
...
006 (3447447.008.000) 02/01 10:51:28 Image size of job updated: 383204
	370  -  MemoryUsage of job (MB)
	378044  -  ResidentSetSize of job (KB)
...
006 (3447447.008.000) 02/01 10:56:28 Image size of job updated: 383204
	370  -  MemoryUsage of job (MB)
	378068  -  ResidentSetSize of job (KB)
...
006 (3447447.008.000) 02/01 11:01:28 Image size of job updated: 383204
	370  -  MemoryUsage of job (MB)
	378088  -  ResidentSetSize of job (KB)
...
006 (3447447.008.000) 02/01 11:06:30 Image size of job updated: 383204
	370  -  MemoryUsage of job (MB)
	378104  -  ResidentSetSize of job (KB)
...
006 (3447447.008.000) 02/01 11:11:30 Image size of job updated: 383204
	370  -  MemoryUsage of job (MB)
	378128  -  ResidentSetSize of job (KB)
...
006 (3447447.008.000) 02/01 11:16:30 Image size of job updated: 383204
	370  -  MemoryUsage of job (MB)
	378144  -  ResidentSetSize of job (KB)
...
006 (3447447.008.000) 02/01 11:21:31 Image size of job updated: 383204
	370  -  MemoryUsage of job (MB)
	378176  -  ResidentSetSize of job (KB)
...
006 (3447447.008.000) 02/01 11:26:32 Image size of job updated: 383204
	370  -  MemoryUsage of job (MB)
	378208  -  ResidentSetSize of job (KB)
...
006 (3447447.008.000) 02/01 11:41:34 Image size of job updated: 383204
	370  -  MemoryUsage of job (MB)
	378232  -  ResidentSetSize of job (KB)
...
006 (3447447.008.000) 02/01 11:46:34 Image size of job updated: 383204
	370  -  MemoryUsage of job (MB)
	378652  -  ResidentSetSize of job (KB)
...
006 (3447447.008.000) 02/01 11:51:30 Image size of job updated: 1223708
	370  -  MemoryUsage of job (MB)
	378652  -  ResidentSetSize of job (KB)
...
040 (3447447.008.000) 02/01 11:51:31 Started transferring output files
...
040 (3447447.008.000) 02/01 11:51:32 Finished transferring output files
...
005 (3447447.008.000) 02/01 11:51:36 Job terminated.
	(1) Normal termination (return value 0)
		Usr 2 03:00:13, Sys 0 00:03:17  -  Run Remote Usage
		Usr 0 00:00:00, Sys 0 00:00:00  -  Run Local Usage
		Usr 2 03:00:13, Sys 0 00:03:17  -  Total Remote Usage
		Usr 0 00:00:00, Sys 0 00:00:00  -  Total Local Usage
	34699  -  Run Bytes Sent By Job
	493  -  Run Bytes Received By Job
	34699  -  Total Bytes Sent By Job
	493  -  Total Bytes Received By Job
	Partitionable Resources :    Usage  Request Allocated 
	   Cpus                 :                 1           
	   Disk (KB)            :       47        1   2909786 
	   Memory (MB)          :      370     2000      2000 
...
