000 (3447426.008.000) 01/30 01:49:35 Job submitted from host: <188.185.71.142:9618?addrs=188.185.71.142-9618+[2001-1458-d00-7--100-388]-9618&alias=bigbird09.cern.ch&noUDP&sock=schedd_2208_1533_7>
...
040 (3447426.008.000) 01/30 07:17:00 Started transferring input files
	Transferring to host: <188.184.196.24:9618?addrs=188.184.196.24-9618+[2001-1458-301-102--100-a]-9618&noUDP&sock=20785_a9a6_36438>
...
040 (3447426.008.000) 01/30 07:17:00 Finished transferring input files
...
001 (3447426.008.000) 01/30 07:17:01 Job executing on host: <188.184.196.24:9618?addrs=188.184.196.24-9618+[2001-1458-301-102--100-a]-9618&noUDP&sock=5709_7a45_3>
...
006 (3447426.008.000) 01/30 07:17:10 Image size of job updated: 4160
	4  -  MemoryUsage of job (MB)
	4048  -  ResidentSetSize of job (KB)
...
006 (3447426.008.000) 01/30 07:22:11 Image size of job updated: 416724
	386  -  MemoryUsage of job (MB)
	394344  -  ResidentSetSize of job (KB)
...
006 (3447426.008.000) 01/30 09:02:20 Image size of job updated: 416736
	386  -  MemoryUsage of job (MB)
	394356  -  ResidentSetSize of job (KB)
...
006 (3447426.008.000) 01/30 09:32:23 Image size of job updated: 416736
	386  -  MemoryUsage of job (MB)
	394364  -  ResidentSetSize of job (KB)
...
006 (3447426.008.000) 01/30 09:37:24 Image size of job updated: 416736
	386  -  MemoryUsage of job (MB)
	394376  -  ResidentSetSize of job (KB)
...
006 (3447426.008.000) 01/30 15:58:06 Image size of job updated: 416736
	386  -  MemoryUsage of job (MB)
	394444  -  ResidentSetSize of job (KB)
...
006 (3447426.008.000) 01/30 16:03:06 Image size of job updated: 416736
	386  -  MemoryUsage of job (MB)
	394460  -  ResidentSetSize of job (KB)
...
006 (3447426.008.000) 01/30 16:08:07 Image size of job updated: 416736
	386  -  MemoryUsage of job (MB)
	394480  -  ResidentSetSize of job (KB)
...
006 (3447426.008.000) 01/30 16:23:09 Image size of job updated: 416736
	386  -  MemoryUsage of job (MB)
	394524  -  ResidentSetSize of job (KB)
...
006 (3447426.008.000) 01/30 16:28:10 Image size of job updated: 416736
	386  -  MemoryUsage of job (MB)
	394540  -  ResidentSetSize of job (KB)
...
006 (3447426.008.000) 01/30 16:38:11 Image size of job updated: 416736
	386  -  MemoryUsage of job (MB)
	394560  -  ResidentSetSize of job (KB)
...
006 (3447426.008.000) 01/30 16:48:12 Image size of job updated: 416736
	386  -  MemoryUsage of job (MB)
	394676  -  ResidentSetSize of job (KB)
...
006 (3447426.008.000) 01/30 16:53:13 Image size of job updated: 416736
	386  -  MemoryUsage of job (MB)
	394692  -  ResidentSetSize of job (KB)
...
006 (3447426.008.000) 01/30 16:58:14 Image size of job updated: 416736
	386  -  MemoryUsage of job (MB)
	394716  -  ResidentSetSize of job (KB)
...
006 (3447426.008.000) 01/30 17:08:15 Image size of job updated: 416736
	386  -  MemoryUsage of job (MB)
	394784  -  ResidentSetSize of job (KB)
...
006 (3447426.008.000) 01/30 17:13:16 Image size of job updated: 416736
	386  -  MemoryUsage of job (MB)
	394796  -  ResidentSetSize of job (KB)
...
006 (3447426.008.000) 01/30 17:18:16 Image size of job updated: 416736
	386  -  MemoryUsage of job (MB)
	394808  -  ResidentSetSize of job (KB)
...
006 (3447426.008.000) 01/30 17:23:17 Image size of job updated: 416736
	386  -  MemoryUsage of job (MB)
	394812  -  ResidentSetSize of job (KB)
...
006 (3447426.008.000) 01/30 17:28:17 Image size of job updated: 416736
	386  -  MemoryUsage of job (MB)
	394848  -  ResidentSetSize of job (KB)
...
006 (3447426.008.000) 01/30 17:33:17 Image size of job updated: 416736
	386  -  MemoryUsage of job (MB)
	394876  -  ResidentSetSize of job (KB)
...
006 (3447426.008.000) 01/30 17:38:18 Image size of job updated: 416736
	386  -  MemoryUsage of job (MB)
	394968  -  ResidentSetSize of job (KB)
...
006 (3447426.008.000) 01/30 17:43:18 Image size of job updated: 416736
	386  -  MemoryUsage of job (MB)
	395004  -  ResidentSetSize of job (KB)
...
006 (3447426.008.000) 01/30 17:48:18 Image size of job updated: 416736
	386  -  MemoryUsage of job (MB)
	395036  -  ResidentSetSize of job (KB)
...
006 (3447426.008.000) 01/30 17:58:19 Image size of job updated: 416736
	386  -  MemoryUsage of job (MB)
	395064  -  ResidentSetSize of job (KB)
...
006 (3447426.008.000) 01/30 18:03:19 Image size of job updated: 416736
	386  -  MemoryUsage of job (MB)
	395132  -  ResidentSetSize of job (KB)
...
006 (3447426.008.000) 01/30 18:08:20 Image size of job updated: 416736
	386  -  MemoryUsage of job (MB)
	395152  -  ResidentSetSize of job (KB)
...
006 (3447426.008.000) 01/30 18:23:21 Image size of job updated: 416736
	386  -  MemoryUsage of job (MB)
	395200  -  ResidentSetSize of job (KB)
...
006 (3447426.008.000) 01/30 18:28:21 Image size of job updated: 416736
	386  -  MemoryUsage of job (MB)
	395224  -  ResidentSetSize of job (KB)
...
006 (3447426.008.000) 01/30 18:33:21 Image size of job updated: 416736
	387  -  MemoryUsage of job (MB)
	395308  -  ResidentSetSize of job (KB)
...
006 (3447426.008.000) 01/30 18:48:22 Image size of job updated: 416736
	387  -  MemoryUsage of job (MB)
	395312  -  ResidentSetSize of job (KB)
...
006 (3447426.008.000) 01/30 18:53:23 Image size of job updated: 416736
	387  -  MemoryUsage of job (MB)
	395392  -  ResidentSetSize of job (KB)
...
006 (3447426.008.000) 01/30 19:03:23 Image size of job updated: 416736
	387  -  MemoryUsage of job (MB)
	395440  -  ResidentSetSize of job (KB)
...
006 (3447426.008.000) 01/30 19:08:24 Image size of job updated: 416736
	387  -  MemoryUsage of job (MB)
	395480  -  ResidentSetSize of job (KB)
...
006 (3447426.008.000) 01/30 19:13:24 Image size of job updated: 416736
	387  -  MemoryUsage of job (MB)
	395496  -  ResidentSetSize of job (KB)
...
006 (3447426.008.000) 01/30 19:18:24 Image size of job updated: 416736
	387  -  MemoryUsage of job (MB)
	395532  -  ResidentSetSize of job (KB)
...
006 (3447426.008.000) 01/30 19:28:25 Image size of job updated: 416736
	387  -  MemoryUsage of job (MB)
	395540  -  ResidentSetSize of job (KB)
...
006 (3447426.008.000) 01/30 19:33:26 Image size of job updated: 416736
	387  -  MemoryUsage of job (MB)
	395816  -  ResidentSetSize of job (KB)
...
006 (3447426.008.000) 01/30 19:38:27 Image size of job updated: 416736
	387  -  MemoryUsage of job (MB)
	395872  -  ResidentSetSize of job (KB)
...
006 (3447426.008.000) 01/30 19:43:27 Image size of job updated: 416736
	387  -  MemoryUsage of job (MB)
	395916  -  ResidentSetSize of job (KB)
...
006 (3447426.008.000) 01/30 20:13:31 Image size of job updated: 416736
	387  -  MemoryUsage of job (MB)
	395980  -  ResidentSetSize of job (KB)
...
006 (3447426.008.000) 01/30 20:18:31 Image size of job updated: 416736
	387  -  MemoryUsage of job (MB)
	396056  -  ResidentSetSize of job (KB)
...
006 (3447426.008.000) 01/30 20:23:32 Image size of job updated: 416736
	387  -  MemoryUsage of job (MB)
	396108  -  ResidentSetSize of job (KB)
...
006 (3447426.008.000) 01/30 20:28:32 Image size of job updated: 416736
	387  -  MemoryUsage of job (MB)
	396148  -  ResidentSetSize of job (KB)
...
006 (3447426.008.000) 01/30 20:33:32 Image size of job updated: 416736
	387  -  MemoryUsage of job (MB)
	396216  -  ResidentSetSize of job (KB)
...
006 (3447426.008.000) 01/30 21:23:38 Image size of job updated: 416736
	387  -  MemoryUsage of job (MB)
	396228  -  ResidentSetSize of job (KB)
...
006 (3447426.008.000) 01/30 21:28:39 Image size of job updated: 416736
	387  -  MemoryUsage of job (MB)
	396236  -  ResidentSetSize of job (KB)
...
006 (3447426.008.000) 01/30 21:33:39 Image size of job updated: 416736
	388  -  MemoryUsage of job (MB)
	396300  -  ResidentSetSize of job (KB)
...
006 (3447426.008.000) 01/30 21:38:40 Image size of job updated: 416736
	388  -  MemoryUsage of job (MB)
	396312  -  ResidentSetSize of job (KB)
...
006 (3447426.008.000) 01/30 21:43:41 Image size of job updated: 416736
	388  -  MemoryUsage of job (MB)
	396340  -  ResidentSetSize of job (KB)
...
006 (3447426.008.000) 01/30 21:48:41 Image size of job updated: 416736
	388  -  MemoryUsage of job (MB)
	396372  -  ResidentSetSize of job (KB)
...
006 (3447426.008.000) 01/30 21:53:42 Image size of job updated: 416736
	388  -  MemoryUsage of job (MB)
	396416  -  ResidentSetSize of job (KB)
...
006 (3447426.008.000) 01/30 21:58:43 Image size of job updated: 416736
	388  -  MemoryUsage of job (MB)
	396420  -  ResidentSetSize of job (KB)
...
006 (3447426.008.000) 01/30 22:03:43 Image size of job updated: 416736
	388  -  MemoryUsage of job (MB)
	396456  -  ResidentSetSize of job (KB)
...
006 (3447426.008.000) 01/30 22:08:44 Image size of job updated: 416736
	388  -  MemoryUsage of job (MB)
	396488  -  ResidentSetSize of job (KB)
...
006 (3447426.008.000) 01/30 22:13:45 Image size of job updated: 416736
	388  -  MemoryUsage of job (MB)
	396528  -  ResidentSetSize of job (KB)
...
006 (3447426.008.000) 01/30 22:18:45 Image size of job updated: 416736
	388  -  MemoryUsage of job (MB)
	396580  -  ResidentSetSize of job (KB)
...
006 (3447426.008.000) 01/30 22:23:46 Image size of job updated: 416736
	388  -  MemoryUsage of job (MB)
	396600  -  ResidentSetSize of job (KB)
...
006 (3447426.008.000) 01/30 22:28:47 Image size of job updated: 416736
	388  -  MemoryUsage of job (MB)
	396620  -  ResidentSetSize of job (KB)
...
006 (3447426.008.000) 01/30 22:38:47 Image size of job updated: 416736
	388  -  MemoryUsage of job (MB)
	396688  -  ResidentSetSize of job (KB)
...
006 (3447426.008.000) 01/30 22:48:49 Image size of job updated: 416736
	388  -  MemoryUsage of job (MB)
	396712  -  ResidentSetSize of job (KB)
...
006 (3447426.008.000) 01/30 22:53:49 Image size of job updated: 416736
	388  -  MemoryUsage of job (MB)
	396772  -  ResidentSetSize of job (KB)
...
006 (3447426.008.000) 01/30 22:58:50 Image size of job updated: 416736
	388  -  MemoryUsage of job (MB)
	396784  -  ResidentSetSize of job (KB)
...
006 (3447426.008.000) 01/30 23:03:51 Image size of job updated: 416736
	388  -  MemoryUsage of job (MB)
	396852  -  ResidentSetSize of job (KB)
...
006 (3447426.008.000) 01/30 23:13:52 Image size of job updated: 416736
	388  -  MemoryUsage of job (MB)
	396896  -  ResidentSetSize of job (KB)
...
006 (3447426.008.000) 01/30 23:18:53 Image size of job updated: 416736
	388  -  MemoryUsage of job (MB)
	396956  -  ResidentSetSize of job (KB)
...
006 (3447426.008.000) 01/30 23:23:53 Image size of job updated: 416736
	388  -  MemoryUsage of job (MB)
	397028  -  ResidentSetSize of job (KB)
...
006 (3447426.008.000) 01/30 23:28:54 Image size of job updated: 416736
	388  -  MemoryUsage of job (MB)
	397084  -  ResidentSetSize of job (KB)
...
006 (3447426.008.000) 01/30 23:33:55 Image size of job updated: 416736
	388  -  MemoryUsage of job (MB)
	397100  -  ResidentSetSize of job (KB)
...
006 (3447426.008.000) 01/30 23:38:55 Image size of job updated: 416736
	388  -  MemoryUsage of job (MB)
	397164  -  ResidentSetSize of job (KB)
...
006 (3447426.008.000) 01/30 23:43:56 Image size of job updated: 416736
	388  -  MemoryUsage of job (MB)
	397168  -  ResidentSetSize of job (KB)
...
006 (3447426.008.000) 01/30 23:48:57 Image size of job updated: 416736
	388  -  MemoryUsage of job (MB)
	397188  -  ResidentSetSize of job (KB)
...
006 (3447426.008.000) 01/30 23:58:58 Image size of job updated: 416736
	388  -  MemoryUsage of job (MB)
	397312  -  ResidentSetSize of job (KB)
...
006 (3447426.008.000) 01/31 00:03:59 Image size of job updated: 416736
	389  -  MemoryUsage of job (MB)
	397324  -  ResidentSetSize of job (KB)
...
006 (3447426.008.000) 01/31 00:08:59 Image size of job updated: 416736
	389  -  MemoryUsage of job (MB)
	397428  -  ResidentSetSize of job (KB)
...
006 (3447426.008.000) 01/31 00:14:00 Image size of job updated: 416736
	389  -  MemoryUsage of job (MB)
	397448  -  ResidentSetSize of job (KB)
...
006 (3447426.008.000) 01/31 00:19:01 Image size of job updated: 416736
	389  -  MemoryUsage of job (MB)
	397472  -  ResidentSetSize of job (KB)
...
006 (3447426.008.000) 01/31 00:24:02 Image size of job updated: 416736
	389  -  MemoryUsage of job (MB)
	397524  -  ResidentSetSize of job (KB)
...
006 (3447426.008.000) 01/31 00:29:03 Image size of job updated: 416736
	389  -  MemoryUsage of job (MB)
	397572  -  ResidentSetSize of job (KB)
...
006 (3447426.008.000) 01/31 00:34:03 Image size of job updated: 416736
	389  -  MemoryUsage of job (MB)
	397628  -  ResidentSetSize of job (KB)
...
006 (3447426.008.000) 01/31 00:39:04 Image size of job updated: 416736
	389  -  MemoryUsage of job (MB)
	397636  -  ResidentSetSize of job (KB)
...
006 (3447426.008.000) 01/31 00:44:05 Image size of job updated: 416736
	389  -  MemoryUsage of job (MB)
	397676  -  ResidentSetSize of job (KB)
...
006 (3447426.008.000) 01/31 00:54:06 Image size of job updated: 416736
	389  -  MemoryUsage of job (MB)
	397736  -  ResidentSetSize of job (KB)
...
006 (3447426.008.000) 01/31 00:59:07 Image size of job updated: 416736
	389  -  MemoryUsage of job (MB)
	397836  -  ResidentSetSize of job (KB)
...
006 (3447426.008.000) 01/31 01:09:08 Image size of job updated: 416736
	389  -  MemoryUsage of job (MB)
	397848  -  ResidentSetSize of job (KB)
...
006 (3447426.008.000) 01/31 01:14:08 Image size of job updated: 416736
	389  -  MemoryUsage of job (MB)
	397864  -  ResidentSetSize of job (KB)
...
006 (3447426.008.000) 01/31 01:19:08 Image size of job updated: 416736
	389  -  MemoryUsage of job (MB)
	397924  -  ResidentSetSize of job (KB)
...
006 (3447426.008.000) 01/31 01:24:10 Image size of job updated: 416736
	389  -  MemoryUsage of job (MB)
	397956  -  ResidentSetSize of job (KB)
...
006 (3447426.008.000) 01/31 01:29:10 Image size of job updated: 416736
	389  -  MemoryUsage of job (MB)
	398000  -  ResidentSetSize of job (KB)
...
006 (3447426.008.000) 01/31 01:34:10 Image size of job updated: 416736
	389  -  MemoryUsage of job (MB)
	398016  -  ResidentSetSize of job (KB)
...
006 (3447426.008.000) 01/31 01:39:11 Image size of job updated: 416736
	389  -  MemoryUsage of job (MB)
	398056  -  ResidentSetSize of job (KB)
...
006 (3447426.008.000) 01/31 01:44:12 Image size of job updated: 416736
	389  -  MemoryUsage of job (MB)
	398068  -  ResidentSetSize of job (KB)
...
006 (3447426.008.000) 01/31 01:49:12 Image size of job updated: 416736
	389  -  MemoryUsage of job (MB)
	398092  -  ResidentSetSize of job (KB)
...
006 (3447426.008.000) 01/31 01:59:14 Image size of job updated: 416736
	389  -  MemoryUsage of job (MB)
	398148  -  ResidentSetSize of job (KB)
...
006 (3447426.008.000) 01/31 02:04:14 Image size of job updated: 416736
	389  -  MemoryUsage of job (MB)
	398176  -  ResidentSetSize of job (KB)
...
006 (3447426.008.000) 01/31 02:09:14 Image size of job updated: 416736
	389  -  MemoryUsage of job (MB)
	398228  -  ResidentSetSize of job (KB)
...
006 (3447426.008.000) 01/31 02:14:15 Image size of job updated: 416736
	389  -  MemoryUsage of job (MB)
	398288  -  ResidentSetSize of job (KB)
...
006 (3447426.008.000) 01/31 02:24:15 Image size of job updated: 416736
	390  -  MemoryUsage of job (MB)
	398352  -  ResidentSetSize of job (KB)
...
006 (3447426.008.000) 01/31 02:29:16 Image size of job updated: 416736
	390  -  MemoryUsage of job (MB)
	398368  -  ResidentSetSize of job (KB)
...
006 (3447426.008.000) 01/31 02:34:17 Image size of job updated: 416736
	390  -  MemoryUsage of job (MB)
	398412  -  ResidentSetSize of job (KB)
...
006 (3447426.008.000) 01/31 02:39:17 Image size of job updated: 416736
	390  -  MemoryUsage of job (MB)
	398440  -  ResidentSetSize of job (KB)
...
006 (3447426.008.000) 01/31 02:44:17 Image size of job updated: 416736
	390  -  MemoryUsage of job (MB)
	398524  -  ResidentSetSize of job (KB)
...
006 (3447426.008.000) 01/31 02:49:18 Image size of job updated: 416736
	390  -  MemoryUsage of job (MB)
	398548  -  ResidentSetSize of job (KB)
...
006 (3447426.008.000) 01/31 02:54:18 Image size of job updated: 416736
	390  -  MemoryUsage of job (MB)
	398580  -  ResidentSetSize of job (KB)
...
006 (3447426.008.000) 01/31 02:59:18 Image size of job updated: 416736
	390  -  MemoryUsage of job (MB)
	398596  -  ResidentSetSize of job (KB)
...
006 (3447426.008.000) 01/31 03:04:19 Image size of job updated: 416736
	390  -  MemoryUsage of job (MB)
	398844  -  ResidentSetSize of job (KB)
...
006 (3447426.008.000) 01/31 03:19:21 Image size of job updated: 416736
	390  -  MemoryUsage of job (MB)
	398876  -  ResidentSetSize of job (KB)
...
006 (3447426.008.000) 01/31 03:24:22 Image size of job updated: 416736
	390  -  MemoryUsage of job (MB)
	398944  -  ResidentSetSize of job (KB)
...
006 (3447426.008.000) 01/31 03:29:22 Image size of job updated: 416736
	390  -  MemoryUsage of job (MB)
	398952  -  ResidentSetSize of job (KB)
...
006 (3447426.008.000) 01/31 03:34:22 Image size of job updated: 416736
	390  -  MemoryUsage of job (MB)
	398968  -  ResidentSetSize of job (KB)
...
006 (3447426.008.000) 01/31 03:39:23 Image size of job updated: 416736
	390  -  MemoryUsage of job (MB)
	399024  -  ResidentSetSize of job (KB)
...
006 (3447426.008.000) 01/31 03:44:23 Image size of job updated: 416736
	390  -  MemoryUsage of job (MB)
	399028  -  ResidentSetSize of job (KB)
...
006 (3447426.008.000) 01/31 03:49:23 Image size of job updated: 416736
	390  -  MemoryUsage of job (MB)
	399072  -  ResidentSetSize of job (KB)
...
006 (3447426.008.000) 01/31 03:54:24 Image size of job updated: 416736
	390  -  MemoryUsage of job (MB)
	399148  -  ResidentSetSize of job (KB)
...
006 (3447426.008.000) 01/31 03:59:25 Image size of job updated: 416736
	390  -  MemoryUsage of job (MB)
	399208  -  ResidentSetSize of job (KB)
...
006 (3447426.008.000) 01/31 04:04:25 Image size of job updated: 416736
	390  -  MemoryUsage of job (MB)
	399240  -  ResidentSetSize of job (KB)
...
006 (3447426.008.000) 01/31 04:09:25 Image size of job updated: 416736
	390  -  MemoryUsage of job (MB)
	399288  -  ResidentSetSize of job (KB)
...
006 (3447426.008.000) 01/31 04:14:26 Image size of job updated: 416736
	390  -  MemoryUsage of job (MB)
	399304  -  ResidentSetSize of job (KB)
...
006 (3447426.008.000) 01/31 04:19:26 Image size of job updated: 416736
	391  -  MemoryUsage of job (MB)
	399404  -  ResidentSetSize of job (KB)
...
006 (3447426.008.000) 01/31 04:34:28 Image size of job updated: 416736
	391  -  MemoryUsage of job (MB)
	399484  -  ResidentSetSize of job (KB)
...
006 (3447426.008.000) 01/31 04:39:28 Image size of job updated: 416736
	391  -  MemoryUsage of job (MB)
	399488  -  ResidentSetSize of job (KB)
...
006 (3447426.008.000) 01/31 04:44:28 Image size of job updated: 416736
	391  -  MemoryUsage of job (MB)
	399572  -  ResidentSetSize of job (KB)
...
006 (3447426.008.000) 01/31 04:49:29 Image size of job updated: 416736
	391  -  MemoryUsage of job (MB)
	399612  -  ResidentSetSize of job (KB)
...
006 (3447426.008.000) 01/31 04:54:30 Image size of job updated: 416736
	391  -  MemoryUsage of job (MB)
	399632  -  ResidentSetSize of job (KB)
...
006 (3447426.008.000) 01/31 04:59:30 Image size of job updated: 416736
	391  -  MemoryUsage of job (MB)
	399668  -  ResidentSetSize of job (KB)
...
006 (3447426.008.000) 01/31 05:04:30 Image size of job updated: 416736
	391  -  MemoryUsage of job (MB)
	399724  -  ResidentSetSize of job (KB)
...
006 (3447426.008.000) 01/31 05:09:31 Image size of job updated: 416736
	391  -  MemoryUsage of job (MB)
	399728  -  ResidentSetSize of job (KB)
...
006 (3447426.008.000) 01/31 05:14:32 Image size of job updated: 416736
	391  -  MemoryUsage of job (MB)
	399772  -  ResidentSetSize of job (KB)
...
006 (3447426.008.000) 01/31 05:19:32 Image size of job updated: 416736
	391  -  MemoryUsage of job (MB)
	399824  -  ResidentSetSize of job (KB)
...
006 (3447426.008.000) 01/31 05:29:33 Image size of job updated: 416736
	391  -  MemoryUsage of job (MB)
	399928  -  ResidentSetSize of job (KB)
...
006 (3447426.008.000) 01/31 05:34:33 Image size of job updated: 416736
	391  -  MemoryUsage of job (MB)
	400036  -  ResidentSetSize of job (KB)
...
006 (3447426.008.000) 01/31 05:39:33 Image size of job updated: 416736
	391  -  MemoryUsage of job (MB)
	400056  -  ResidentSetSize of job (KB)
...
006 (3447426.008.000) 01/31 05:44:34 Image size of job updated: 416736
	391  -  MemoryUsage of job (MB)
	400128  -  ResidentSetSize of job (KB)
...
006 (3447426.008.000) 01/31 05:49:35 Image size of job updated: 416736
	391  -  MemoryUsage of job (MB)
	400152  -  ResidentSetSize of job (KB)
...
006 (3447426.008.000) 01/31 05:54:35 Image size of job updated: 416736
	391  -  MemoryUsage of job (MB)
	400184  -  ResidentSetSize of job (KB)
...
006 (3447426.008.000) 01/31 05:59:35 Image size of job updated: 416736
	391  -  MemoryUsage of job (MB)
	400284  -  ResidentSetSize of job (KB)
...
006 (3447426.008.000) 01/31 06:04:36 Image size of job updated: 416736
	391  -  MemoryUsage of job (MB)
	400348  -  ResidentSetSize of job (KB)
...
006 (3447426.008.000) 01/31 06:09:37 Image size of job updated: 416736
	391  -  MemoryUsage of job (MB)
	400372  -  ResidentSetSize of job (KB)
...
006 (3447426.008.000) 01/31 06:14:37 Image size of job updated: 416736
	391  -  MemoryUsage of job (MB)
	400384  -  ResidentSetSize of job (KB)
...
006 (3447426.008.000) 01/31 06:19:37 Image size of job updated: 416736
	392  -  MemoryUsage of job (MB)
	400464  -  ResidentSetSize of job (KB)
...
006 (3447426.008.000) 01/31 06:24:38 Image size of job updated: 416736
	392  -  MemoryUsage of job (MB)
	400808  -  ResidentSetSize of job (KB)
...
006 (3447426.008.000) 01/31 06:29:39 Image size of job updated: 416736
	394  -  MemoryUsage of job (MB)
	403096  -  ResidentSetSize of job (KB)
...
006 (3447426.008.000) 01/31 06:34:39 Image size of job updated: 416736
	394  -  MemoryUsage of job (MB)
	403264  -  ResidentSetSize of job (KB)
...
006 (3447426.008.000) 01/31 06:39:39 Image size of job updated: 416736
	394  -  MemoryUsage of job (MB)
	403304  -  ResidentSetSize of job (KB)
...
006 (3447426.008.000) 01/31 06:44:40 Image size of job updated: 416736
	394  -  MemoryUsage of job (MB)
	403428  -  ResidentSetSize of job (KB)
...
006 (3447426.008.000) 01/31 06:49:41 Image size of job updated: 416736
	394  -  MemoryUsage of job (MB)
	403456  -  ResidentSetSize of job (KB)
...
006 (3447426.008.000) 01/31 06:54:41 Image size of job updated: 416736
	395  -  MemoryUsage of job (MB)
	403580  -  ResidentSetSize of job (KB)
...
006 (3447426.008.000) 01/31 06:59:41 Image size of job updated: 416736
	395  -  MemoryUsage of job (MB)
	403644  -  ResidentSetSize of job (KB)
...
006 (3447426.008.000) 01/31 07:04:42 Image size of job updated: 416736
	395  -  MemoryUsage of job (MB)
	403784  -  ResidentSetSize of job (KB)
...
006 (3447426.008.000) 01/31 07:09:43 Image size of job updated: 416736
	395  -  MemoryUsage of job (MB)
	403836  -  ResidentSetSize of job (KB)
...
006 (3447426.008.000) 01/31 07:14:43 Image size of job updated: 416736
	395  -  MemoryUsage of job (MB)
	403876  -  ResidentSetSize of job (KB)
...
006 (3447426.008.000) 01/31 07:19:44 Image size of job updated: 416736
	395  -  MemoryUsage of job (MB)
	403944  -  ResidentSetSize of job (KB)
...
006 (3447426.008.000) 01/31 07:24:45 Image size of job updated: 416736
	395  -  MemoryUsage of job (MB)
	404060  -  ResidentSetSize of job (KB)
...
006 (3447426.008.000) 01/31 07:29:45 Image size of job updated: 416736
	395  -  MemoryUsage of job (MB)
	404140  -  ResidentSetSize of job (KB)
...
006 (3447426.008.000) 01/31 07:34:45 Image size of job updated: 416736
	395  -  MemoryUsage of job (MB)
	404236  -  ResidentSetSize of job (KB)
...
006 (3447426.008.000) 01/31 07:39:46 Image size of job updated: 416736
	395  -  MemoryUsage of job (MB)
	404292  -  ResidentSetSize of job (KB)
...
006 (3447426.008.000) 01/31 07:44:46 Image size of job updated: 416736
	395  -  MemoryUsage of job (MB)
	404400  -  ResidentSetSize of job (KB)
...
006 (3447426.008.000) 01/31 07:49:46 Image size of job updated: 416736
	396  -  MemoryUsage of job (MB)
	404488  -  ResidentSetSize of job (KB)
...
006 (3447426.008.000) 01/31 07:54:47 Image size of job updated: 416736
	396  -  MemoryUsage of job (MB)
	404584  -  ResidentSetSize of job (KB)
...
006 (3447426.008.000) 01/31 07:59:47 Image size of job updated: 416736
	396  -  MemoryUsage of job (MB)
	404616  -  ResidentSetSize of job (KB)
...
006 (3447426.008.000) 01/31 08:04:47 Image size of job updated: 416736
	396  -  MemoryUsage of job (MB)
	404664  -  ResidentSetSize of job (KB)
...
006 (3447426.008.000) 01/31 08:09:49 Image size of job updated: 416736
	396  -  MemoryUsage of job (MB)
	404744  -  ResidentSetSize of job (KB)
...
006 (3447426.008.000) 01/31 08:14:49 Image size of job updated: 416736
	396  -  MemoryUsage of job (MB)
	404852  -  ResidentSetSize of job (KB)
...
006 (3447426.008.000) 01/31 08:19:49 Image size of job updated: 416736
	396  -  MemoryUsage of job (MB)
	404912  -  ResidentSetSize of job (KB)
...
006 (3447426.008.000) 01/31 08:24:50 Image size of job updated: 416736
	396  -  MemoryUsage of job (MB)
	404984  -  ResidentSetSize of job (KB)
...
006 (3447426.008.000) 01/31 08:29:51 Image size of job updated: 416736
	396  -  MemoryUsage of job (MB)
	405136  -  ResidentSetSize of job (KB)
...
006 (3447426.008.000) 01/31 08:34:51 Image size of job updated: 416736
	396  -  MemoryUsage of job (MB)
	405180  -  ResidentSetSize of job (KB)
...
006 (3447426.008.000) 01/31 08:39:52 Image size of job updated: 416736
	396  -  MemoryUsage of job (MB)
	405244  -  ResidentSetSize of job (KB)
...
006 (3447426.008.000) 01/31 08:44:53 Image size of job updated: 416736
	396  -  MemoryUsage of job (MB)
	405288  -  ResidentSetSize of job (KB)
...
006 (3447426.008.000) 01/31 08:49:53 Image size of job updated: 416736
	396  -  MemoryUsage of job (MB)
	405364  -  ResidentSetSize of job (KB)
...
006 (3447426.008.000) 01/31 08:54:54 Image size of job updated: 416736
	397  -  MemoryUsage of job (MB)
	405520  -  ResidentSetSize of job (KB)
...
006 (3447426.008.000) 01/31 09:04:54 Image size of job updated: 416736
	397  -  MemoryUsage of job (MB)
	405680  -  ResidentSetSize of job (KB)
...
006 (3447426.008.000) 01/31 09:09:56 Image size of job updated: 416736
	397  -  MemoryUsage of job (MB)
	405700  -  ResidentSetSize of job (KB)
...
006 (3447426.008.000) 01/31 09:14:56 Image size of job updated: 416736
	397  -  MemoryUsage of job (MB)
	405884  -  ResidentSetSize of job (KB)
...
006 (3447426.008.000) 01/31 09:19:56 Image size of job updated: 416736
	397  -  MemoryUsage of job (MB)
	405996  -  ResidentSetSize of job (KB)
...
006 (3447426.008.000) 01/31 09:24:57 Image size of job updated: 416736
	397  -  MemoryUsage of job (MB)
	406048  -  ResidentSetSize of job (KB)
...
006 (3447426.008.000) 01/31 09:29:58 Image size of job updated: 416736
	397  -  MemoryUsage of job (MB)
	406116  -  ResidentSetSize of job (KB)
...
006 (3447426.008.000) 01/31 09:34:58 Image size of job updated: 416736
	397  -  MemoryUsage of job (MB)
	406176  -  ResidentSetSize of job (KB)
...
006 (3447426.008.000) 01/31 09:39:59 Image size of job updated: 416736
	397  -  MemoryUsage of job (MB)
	406236  -  ResidentSetSize of job (KB)
...
006 (3447426.008.000) 01/31 09:45:00 Image size of job updated: 416736
	397  -  MemoryUsage of job (MB)
	406356  -  ResidentSetSize of job (KB)
...
006 (3447426.008.000) 01/31 09:50:00 Image size of job updated: 416736
	397  -  MemoryUsage of job (MB)
	406360  -  ResidentSetSize of job (KB)
...
006 (3447426.008.000) 01/31 09:55:01 Image size of job updated: 416736
	398  -  MemoryUsage of job (MB)
	406532  -  ResidentSetSize of job (KB)
...
006 (3447426.008.000) 01/31 10:00:02 Image size of job updated: 416736
	398  -  MemoryUsage of job (MB)
	406576  -  ResidentSetSize of job (KB)
...
006 (3447426.008.000) 01/31 10:05:02 Image size of job updated: 416736
	398  -  MemoryUsage of job (MB)
	406712  -  ResidentSetSize of job (KB)
...
006 (3447426.008.000) 01/31 10:15:04 Image size of job updated: 416736
	398  -  MemoryUsage of job (MB)
	406720  -  ResidentSetSize of job (KB)
...
006 (3447426.008.000) 01/31 10:20:04 Image size of job updated: 416736
	398  -  MemoryUsage of job (MB)
	406772  -  ResidentSetSize of job (KB)
...
006 (3447426.008.000) 01/31 10:25:04 Image size of job updated: 416736
	398  -  MemoryUsage of job (MB)
	406872  -  ResidentSetSize of job (KB)
...
006 (3447426.008.000) 01/31 10:30:05 Image size of job updated: 416736
	398  -  MemoryUsage of job (MB)
	406888  -  ResidentSetSize of job (KB)
...
006 (3447426.008.000) 01/31 10:35:05 Image size of job updated: 416736
	398  -  MemoryUsage of job (MB)
	407004  -  ResidentSetSize of job (KB)
...
006 (3447426.008.000) 01/31 10:40:05 Image size of job updated: 416736
	398  -  MemoryUsage of job (MB)
	407076  -  ResidentSetSize of job (KB)
...
006 (3447426.008.000) 01/31 10:45:06 Image size of job updated: 416736
	398  -  MemoryUsage of job (MB)
	407276  -  ResidentSetSize of job (KB)
...
006 (3447426.008.000) 01/31 10:55:06 Image size of job updated: 416736
	398  -  MemoryUsage of job (MB)
	407328  -  ResidentSetSize of job (KB)
...
006 (3447426.008.000) 01/31 11:10:07 Image size of job updated: 416736
	398  -  MemoryUsage of job (MB)
	407340  -  ResidentSetSize of job (KB)
...
006 (3447426.008.000) 01/31 11:20:08 Image size of job updated: 416736
	398  -  MemoryUsage of job (MB)
	407344  -  ResidentSetSize of job (KB)
...
040 (3447426.008.000) 02/01 07:54:21 Started transferring input files
	Transferring to host: <188.184.183.147:9618?addrs=188.184.183.147-9618+[2001-1458-301-2b--100-15e]-9618&noUDP&sock=5113_5229_80347>
...
040 (3447426.008.000) 02/01 07:54:21 Finished transferring input files
...
001 (3447426.008.000) 02/01 07:54:22 Job executing on host: <188.184.183.147:9618?addrs=188.184.183.147-9618+[2001-1458-301-2b--100-15e]-9618&noUDP&sock=3289_8f14_3>
...
040 (3447426.008.000) 02/01 19:42:24 Started transferring input files
	Transferring to host: <128.142.111.31:9618?addrs=128.142.111.31-9618+[--1]-9618&noUDP&sock=2190_cd92_25692>
...
040 (3447426.008.000) 02/01 19:42:24 Finished transferring input files
...
001 (3447426.008.000) 02/01 19:42:25 Job executing on host: <128.142.111.31:9618?addrs=128.142.111.31-9618+[--1]-9618&noUDP&sock=1804_f8f0_3>
...
006 (3447426.008.000) 02/01 19:47:35 Image size of job updated: 462808
	416  -  MemoryUsage of job (MB)
	425000  -  ResidentSetSize of job (KB)
...
