000 (3444395.000.000) 01/29 18:50:40 Job submitted from host: <188.185.71.142:9618?addrs=188.185.71.142-9618+[2001-1458-d00-7--100-388]-9618&alias=bigbird09.cern.ch&noUDP&sock=schedd_2208_1533_7>
...
040 (3444395.000.000) 01/29 20:51:05 Started transferring input files
	Transferring to host: <128.142.240.123:9618?addrs=128.142.240.123-9618+[2001-1458-301-f9--100-70]-9618&noUDP&sock=4222_87e5_87816>
...
040 (3444395.000.000) 01/29 20:51:05 Finished transferring input files
...
001 (3444395.000.000) 01/29 20:51:06 Job executing on host: <128.142.240.123:9618?addrs=128.142.240.123-9618+[2001-1458-301-f9--100-70]-9618&noUDP&sock=2341_4f4c_3>
...
006 (3444395.000.000) 01/29 20:51:14 Image size of job updated: 5232
	4  -  MemoryUsage of job (MB)
	4036  -  ResidentSetSize of job (KB)
...
006 (3444395.000.000) 01/29 20:56:14 Image size of job updated: 435468
	353  -  MemoryUsage of job (MB)
	361236  -  ResidentSetSize of job (KB)
...
006 (3444395.000.000) 01/29 21:11:16 Image size of job updated: 435472
	353  -  MemoryUsage of job (MB)
	361240  -  ResidentSetSize of job (KB)
...
006 (3444395.000.000) 01/29 21:36:18 Image size of job updated: 435568
	353  -  MemoryUsage of job (MB)
	361240  -  ResidentSetSize of job (KB)
...
006 (3444395.000.000) 01/29 21:41:19 Image size of job updated: 435640
	353  -  MemoryUsage of job (MB)
	361308  -  ResidentSetSize of job (KB)
...
006 (3444395.000.000) 01/29 21:46:19 Image size of job updated: 436964
	355  -  MemoryUsage of job (MB)
	362632  -  ResidentSetSize of job (KB)
...
006 (3444395.000.000) 01/30 01:16:41 Image size of job updated: 436964
	355  -  MemoryUsage of job (MB)
	362708  -  ResidentSetSize of job (KB)
...
006 (3444395.000.000) 01/30 01:21:42 Image size of job updated: 436964
	355  -  MemoryUsage of job (MB)
	362732  -  ResidentSetSize of job (KB)
...
006 (3444395.000.000) 01/30 01:26:42 Image size of job updated: 436964
	355  -  MemoryUsage of job (MB)
	362808  -  ResidentSetSize of job (KB)
...
006 (3444395.000.000) 01/30 01:31:42 Image size of job updated: 436964
	355  -  MemoryUsage of job (MB)
	362852  -  ResidentSetSize of job (KB)
...
006 (3444395.000.000) 01/30 01:51:45 Image size of job updated: 436964
	355  -  MemoryUsage of job (MB)
	362928  -  ResidentSetSize of job (KB)
...
006 (3444395.000.000) 01/30 01:56:46 Image size of job updated: 436964
	355  -  MemoryUsage of job (MB)
	362984  -  ResidentSetSize of job (KB)
...
006 (3444395.000.000) 01/30 02:01:46 Image size of job updated: 436964
	355  -  MemoryUsage of job (MB)
	363004  -  ResidentSetSize of job (KB)
...
006 (3444395.000.000) 01/30 02:06:47 Image size of job updated: 436964
	355  -  MemoryUsage of job (MB)
	363108  -  ResidentSetSize of job (KB)
...
006 (3444395.000.000) 01/30 02:11:48 Image size of job updated: 436964
	355  -  MemoryUsage of job (MB)
	363260  -  ResidentSetSize of job (KB)
...
006 (3444395.000.000) 01/30 02:16:48 Image size of job updated: 436964
	355  -  MemoryUsage of job (MB)
	363332  -  ResidentSetSize of job (KB)
...
006 (3444395.000.000) 01/30 02:21:48 Image size of job updated: 436964
	355  -  MemoryUsage of job (MB)
	363488  -  ResidentSetSize of job (KB)
...
006 (3444395.000.000) 01/30 02:26:49 Image size of job updated: 436964
	356  -  MemoryUsage of job (MB)
	363536  -  ResidentSetSize of job (KB)
...
006 (3444395.000.000) 01/30 02:31:49 Image size of job updated: 436964
	356  -  MemoryUsage of job (MB)
	363568  -  ResidentSetSize of job (KB)
...
006 (3444395.000.000) 01/30 02:36:49 Image size of job updated: 436964
	356  -  MemoryUsage of job (MB)
	363584  -  ResidentSetSize of job (KB)
...
006 (3444395.000.000) 01/30 02:41:50 Image size of job updated: 436964
	356  -  MemoryUsage of job (MB)
	363704  -  ResidentSetSize of job (KB)
...
006 (3444395.000.000) 01/30 02:46:51 Image size of job updated: 436964
	356  -  MemoryUsage of job (MB)
	363848  -  ResidentSetSize of job (KB)
...
006 (3444395.000.000) 01/30 02:56:52 Image size of job updated: 436964
	356  -  MemoryUsage of job (MB)
	363956  -  ResidentSetSize of job (KB)
...
006 (3444395.000.000) 01/30 03:01:53 Image size of job updated: 436964
	356  -  MemoryUsage of job (MB)
	364020  -  ResidentSetSize of job (KB)
...
006 (3444395.000.000) 01/30 03:06:53 Image size of job updated: 436964
	356  -  MemoryUsage of job (MB)
	364088  -  ResidentSetSize of job (KB)
...
006 (3444395.000.000) 01/30 03:11:54 Image size of job updated: 436964
	356  -  MemoryUsage of job (MB)
	364156  -  ResidentSetSize of job (KB)
...
006 (3444395.000.000) 01/30 03:16:55 Image size of job updated: 436964
	356  -  MemoryUsage of job (MB)
	364220  -  ResidentSetSize of job (KB)
...
006 (3444395.000.000) 01/30 03:21:55 Image size of job updated: 436964
	356  -  MemoryUsage of job (MB)
	364284  -  ResidentSetSize of job (KB)
...
006 (3444395.000.000) 01/30 03:26:56 Image size of job updated: 436964
	356  -  MemoryUsage of job (MB)
	364312  -  ResidentSetSize of job (KB)
...
006 (3444395.000.000) 01/30 03:31:57 Image size of job updated: 436964
	356  -  MemoryUsage of job (MB)
	364400  -  ResidentSetSize of job (KB)
...
006 (3444395.000.000) 01/30 03:36:57 Image size of job updated: 436964
	356  -  MemoryUsage of job (MB)
	364520  -  ResidentSetSize of job (KB)
...
006 (3444395.000.000) 01/30 03:41:58 Image size of job updated: 436964
	356  -  MemoryUsage of job (MB)
	364532  -  ResidentSetSize of job (KB)
...
006 (3444395.000.000) 01/30 03:46:59 Image size of job updated: 436964
	357  -  MemoryUsage of job (MB)
	364656  -  ResidentSetSize of job (KB)
...
006 (3444395.000.000) 01/30 03:51:59 Image size of job updated: 436964
	357  -  MemoryUsage of job (MB)
	364688  -  ResidentSetSize of job (KB)
...
006 (3444395.000.000) 01/30 04:02:01 Image size of job updated: 436964
	357  -  MemoryUsage of job (MB)
	364848  -  ResidentSetSize of job (KB)
...
006 (3444395.000.000) 01/30 04:07:01 Image size of job updated: 436964
	357  -  MemoryUsage of job (MB)
	364884  -  ResidentSetSize of job (KB)
...
006 (3444395.000.000) 01/30 04:12:01 Image size of job updated: 436964
	357  -  MemoryUsage of job (MB)
	364940  -  ResidentSetSize of job (KB)
...
006 (3444395.000.000) 01/30 04:17:03 Image size of job updated: 436964
	357  -  MemoryUsage of job (MB)
	365016  -  ResidentSetSize of job (KB)
...
006 (3444395.000.000) 01/30 04:22:03 Image size of job updated: 436964
	357  -  MemoryUsage of job (MB)
	365104  -  ResidentSetSize of job (KB)
...
006 (3444395.000.000) 01/30 04:27:03 Image size of job updated: 436964
	357  -  MemoryUsage of job (MB)
	365124  -  ResidentSetSize of job (KB)
...
006 (3444395.000.000) 01/30 04:32:04 Image size of job updated: 436964
	357  -  MemoryUsage of job (MB)
	365292  -  ResidentSetSize of job (KB)
...
006 (3444395.000.000) 01/30 04:37:05 Image size of job updated: 436964
	357  -  MemoryUsage of job (MB)
	365372  -  ResidentSetSize of job (KB)
...
006 (3444395.000.000) 01/30 04:42:05 Image size of job updated: 436964
	357  -  MemoryUsage of job (MB)
	365404  -  ResidentSetSize of job (KB)
...
006 (3444395.000.000) 01/30 04:47:06 Image size of job updated: 436964
	357  -  MemoryUsage of job (MB)
	365492  -  ResidentSetSize of job (KB)
...
006 (3444395.000.000) 01/30 04:52:07 Image size of job updated: 436964
	357  -  MemoryUsage of job (MB)
	365508  -  ResidentSetSize of job (KB)
...
006 (3444395.000.000) 01/30 04:57:07 Image size of job updated: 436964
	358  -  MemoryUsage of job (MB)
	365584  -  ResidentSetSize of job (KB)
...
006 (3444395.000.000) 01/30 05:07:09 Image size of job updated: 436964
	358  -  MemoryUsage of job (MB)
	365704  -  ResidentSetSize of job (KB)
...
006 (3444395.000.000) 01/30 05:12:09 Image size of job updated: 436964
	358  -  MemoryUsage of job (MB)
	365724  -  ResidentSetSize of job (KB)
...
006 (3444395.000.000) 01/30 05:17:10 Image size of job updated: 436964
	358  -  MemoryUsage of job (MB)
	365812  -  ResidentSetSize of job (KB)
...
006 (3444395.000.000) 01/30 05:22:11 Image size of job updated: 436964
	358  -  MemoryUsage of job (MB)
	365828  -  ResidentSetSize of job (KB)
...
006 (3444395.000.000) 01/30 05:27:11 Image size of job updated: 436964
	358  -  MemoryUsage of job (MB)
	365932  -  ResidentSetSize of job (KB)
...
006 (3444395.000.000) 01/30 05:32:11 Image size of job updated: 436964
	358  -  MemoryUsage of job (MB)
	366032  -  ResidentSetSize of job (KB)
...
006 (3444395.000.000) 01/30 05:37:12 Image size of job updated: 436964
	358  -  MemoryUsage of job (MB)
	366080  -  ResidentSetSize of job (KB)
...
006 (3444395.000.000) 01/30 05:42:12 Image size of job updated: 436964
	358  -  MemoryUsage of job (MB)
	366188  -  ResidentSetSize of job (KB)
...
006 (3444395.000.000) 01/30 05:47:12 Image size of job updated: 436964
	358  -  MemoryUsage of job (MB)
	366256  -  ResidentSetSize of job (KB)
...
006 (3444395.000.000) 01/30 05:52:13 Image size of job updated: 436964
	358  -  MemoryUsage of job (MB)
	366352  -  ResidentSetSize of job (KB)
...
006 (3444395.000.000) 01/30 05:57:13 Image size of job updated: 436964
	358  -  MemoryUsage of job (MB)
	366416  -  ResidentSetSize of job (KB)
...
006 (3444395.000.000) 01/30 06:02:13 Image size of job updated: 436964
	358  -  MemoryUsage of job (MB)
	366428  -  ResidentSetSize of job (KB)
...
006 (3444395.000.000) 01/30 06:07:14 Image size of job updated: 436964
	360  -  MemoryUsage of job (MB)
	367620  -  ResidentSetSize of job (KB)
...
006 (3444395.000.000) 01/30 06:12:14 Image size of job updated: 436964
	361  -  MemoryUsage of job (MB)
	368816  -  ResidentSetSize of job (KB)
...
006 (3444395.000.000) 01/30 06:17:14 Image size of job updated: 436964
	361  -  MemoryUsage of job (MB)
	368924  -  ResidentSetSize of job (KB)
...
006 (3444395.000.000) 01/30 06:22:15 Image size of job updated: 436964
	361  -  MemoryUsage of job (MB)
	369040  -  ResidentSetSize of job (KB)
...
006 (3444395.000.000) 01/30 06:27:16 Image size of job updated: 436964
	361  -  MemoryUsage of job (MB)
	369044  -  ResidentSetSize of job (KB)
...
006 (3444395.000.000) 01/30 06:32:16 Image size of job updated: 436964
	361  -  MemoryUsage of job (MB)
	369116  -  ResidentSetSize of job (KB)
...
006 (3444395.000.000) 01/30 06:37:17 Image size of job updated: 436964
	361  -  MemoryUsage of job (MB)
	369156  -  ResidentSetSize of job (KB)
...
006 (3444395.000.000) 01/30 06:47:18 Image size of job updated: 436964
	361  -  MemoryUsage of job (MB)
	369232  -  ResidentSetSize of job (KB)
...
006 (3444395.000.000) 01/30 06:52:19 Image size of job updated: 436964
	361  -  MemoryUsage of job (MB)
	369300  -  ResidentSetSize of job (KB)
...
006 (3444395.000.000) 01/30 06:57:20 Image size of job updated: 436964
	361  -  MemoryUsage of job (MB)
	369384  -  ResidentSetSize of job (KB)
...
006 (3444395.000.000) 01/30 07:02:20 Image size of job updated: 436964
	361  -  MemoryUsage of job (MB)
	369420  -  ResidentSetSize of job (KB)
...
006 (3444395.000.000) 01/30 07:07:20 Image size of job updated: 436964
	361  -  MemoryUsage of job (MB)
	369480  -  ResidentSetSize of job (KB)
...
006 (3444395.000.000) 01/30 07:12:21 Image size of job updated: 436964
	361  -  MemoryUsage of job (MB)
	369488  -  ResidentSetSize of job (KB)
...
006 (3444395.000.000) 01/30 07:17:21 Image size of job updated: 436964
	361  -  MemoryUsage of job (MB)
	369520  -  ResidentSetSize of job (KB)
...
006 (3444395.000.000) 01/30 07:22:21 Image size of job updated: 436964
	361  -  MemoryUsage of job (MB)
	369592  -  ResidentSetSize of job (KB)
...
006 (3444395.000.000) 01/30 07:27:23 Image size of job updated: 436964
	361  -  MemoryUsage of job (MB)
	369600  -  ResidentSetSize of job (KB)
...
006 (3444395.000.000) 01/30 07:32:23 Image size of job updated: 436964
	361  -  MemoryUsage of job (MB)
	369628  -  ResidentSetSize of job (KB)
...
006 (3444395.000.000) 01/30 07:37:23 Image size of job updated: 436964
	361  -  MemoryUsage of job (MB)
	369656  -  ResidentSetSize of job (KB)
...
006 (3444395.000.000) 01/30 07:42:25 Image size of job updated: 436964
	362  -  MemoryUsage of job (MB)
	369708  -  ResidentSetSize of job (KB)
...
006 (3444395.000.000) 01/30 07:47:25 Image size of job updated: 436964
	362  -  MemoryUsage of job (MB)
	369740  -  ResidentSetSize of job (KB)
...
006 (3444395.000.000) 01/30 07:52:25 Image size of job updated: 436964
	362  -  MemoryUsage of job (MB)
	369800  -  ResidentSetSize of job (KB)
...
006 (3444395.000.000) 01/30 08:02:27 Image size of job updated: 436964
	362  -  MemoryUsage of job (MB)
	369896  -  ResidentSetSize of job (KB)
...
006 (3444395.000.000) 01/30 08:12:28 Image size of job updated: 436964
	362  -  MemoryUsage of job (MB)
	369940  -  ResidentSetSize of job (KB)
...
006 (3444395.000.000) 01/30 08:17:29 Image size of job updated: 436964
	362  -  MemoryUsage of job (MB)
	370104  -  ResidentSetSize of job (KB)
...
006 (3444395.000.000) 01/30 08:22:29 Image size of job updated: 436964
	362  -  MemoryUsage of job (MB)
	370120  -  ResidentSetSize of job (KB)
...
006 (3444395.000.000) 01/30 08:27:30 Image size of job updated: 436964
	362  -  MemoryUsage of job (MB)
	370188  -  ResidentSetSize of job (KB)
...
006 (3444395.000.000) 01/30 08:32:31 Image size of job updated: 436964
	362  -  MemoryUsage of job (MB)
	370212  -  ResidentSetSize of job (KB)
...
006 (3444395.000.000) 01/30 08:37:31 Image size of job updated: 436964
	362  -  MemoryUsage of job (MB)
	370276  -  ResidentSetSize of job (KB)
...
006 (3444395.000.000) 01/30 08:42:31 Image size of job updated: 436964
	362  -  MemoryUsage of job (MB)
	370304  -  ResidentSetSize of job (KB)
...
006 (3444395.000.000) 01/30 08:47:32 Image size of job updated: 436964
	362  -  MemoryUsage of job (MB)
	370316  -  ResidentSetSize of job (KB)
...
006 (3444395.000.000) 01/30 08:52:32 Image size of job updated: 436964
	362  -  MemoryUsage of job (MB)
	370380  -  ResidentSetSize of job (KB)
...
006 (3444395.000.000) 01/30 08:57:32 Image size of job updated: 436964
	362  -  MemoryUsage of job (MB)
	370408  -  ResidentSetSize of job (KB)
...
006 (3444395.000.000) 01/30 09:02:33 Image size of job updated: 436964
	362  -  MemoryUsage of job (MB)
	370444  -  ResidentSetSize of job (KB)
...
006 (3444395.000.000) 01/30 09:07:33 Image size of job updated: 436964
	362  -  MemoryUsage of job (MB)
	370492  -  ResidentSetSize of job (KB)
...
006 (3444395.000.000) 01/30 09:12:33 Image size of job updated: 436964
	362  -  MemoryUsage of job (MB)
	370560  -  ResidentSetSize of job (KB)
...
006 (3444395.000.000) 01/30 09:17:34 Image size of job updated: 436964
	362  -  MemoryUsage of job (MB)
	370572  -  ResidentSetSize of job (KB)
...
006 (3444395.000.000) 01/30 09:22:34 Image size of job updated: 436964
	362  -  MemoryUsage of job (MB)
	370604  -  ResidentSetSize of job (KB)
...
006 (3444395.000.000) 01/30 09:27:34 Image size of job updated: 436964
	362  -  MemoryUsage of job (MB)
	370644  -  ResidentSetSize of job (KB)
...
006 (3444395.000.000) 01/30 09:32:35 Image size of job updated: 436964
	363  -  MemoryUsage of job (MB)
	370700  -  ResidentSetSize of job (KB)
...
006 (3444395.000.000) 01/30 09:42:35 Image size of job updated: 436964
	363  -  MemoryUsage of job (MB)
	370780  -  ResidentSetSize of job (KB)
...
006 (3444395.000.000) 01/30 09:47:37 Image size of job updated: 436964
	363  -  MemoryUsage of job (MB)
	370784  -  ResidentSetSize of job (KB)
...
006 (3444395.000.000) 01/30 09:52:37 Image size of job updated: 436964
	363  -  MemoryUsage of job (MB)
	370860  -  ResidentSetSize of job (KB)
...
006 (3444395.000.000) 01/30 09:57:37 Image size of job updated: 436964
	363  -  MemoryUsage of job (MB)
	370908  -  ResidentSetSize of job (KB)
...
006 (3444395.000.000) 01/30 10:02:38 Image size of job updated: 436964
	363  -  MemoryUsage of job (MB)
	370940  -  ResidentSetSize of job (KB)
...
006 (3444395.000.000) 01/30 10:07:39 Image size of job updated: 436964
	363  -  MemoryUsage of job (MB)
	371008  -  ResidentSetSize of job (KB)
...
006 (3444395.000.000) 01/30 10:12:39 Image size of job updated: 436964
	363  -  MemoryUsage of job (MB)
	371024  -  ResidentSetSize of job (KB)
...
006 (3444395.000.000) 01/30 10:17:40 Image size of job updated: 436964
	363  -  MemoryUsage of job (MB)
	371044  -  ResidentSetSize of job (KB)
...
006 (3444395.000.000) 01/30 10:22:41 Image size of job updated: 436964
	363  -  MemoryUsage of job (MB)
	371132  -  ResidentSetSize of job (KB)
...
006 (3444395.000.000) 01/30 10:27:41 Image size of job updated: 436964
	363  -  MemoryUsage of job (MB)
	371160  -  ResidentSetSize of job (KB)
...
006 (3444395.000.000) 01/30 10:32:41 Image size of job updated: 436964
	363  -  MemoryUsage of job (MB)
	371212  -  ResidentSetSize of job (KB)
...
006 (3444395.000.000) 01/30 10:37:42 Image size of job updated: 436964
	363  -  MemoryUsage of job (MB)
	371288  -  ResidentSetSize of job (KB)
...
006 (3444395.000.000) 01/30 10:42:43 Image size of job updated: 436964
	363  -  MemoryUsage of job (MB)
	371356  -  ResidentSetSize of job (KB)
...
006 (3444395.000.000) 01/30 10:47:43 Image size of job updated: 436964
	363  -  MemoryUsage of job (MB)
	371412  -  ResidentSetSize of job (KB)
...
006 (3444395.000.000) 01/30 10:52:44 Image size of job updated: 436964
	363  -  MemoryUsage of job (MB)
	371460  -  ResidentSetSize of job (KB)
...
006 (3444395.000.000) 01/30 10:57:45 Image size of job updated: 436964
	363  -  MemoryUsage of job (MB)
	371504  -  ResidentSetSize of job (KB)
...
006 (3444395.000.000) 01/30 11:02:45 Image size of job updated: 436964
	363  -  MemoryUsage of job (MB)
	371536  -  ResidentSetSize of job (KB)
...
006 (3444395.000.000) 01/30 11:07:45 Image size of job updated: 436964
	363  -  MemoryUsage of job (MB)
	371568  -  ResidentSetSize of job (KB)
...
006 (3444395.000.000) 01/30 11:12:46 Image size of job updated: 436964
	363  -  MemoryUsage of job (MB)
	371640  -  ResidentSetSize of job (KB)
...
006 (3444395.000.000) 01/30 11:17:46 Image size of job updated: 436964
	363  -  MemoryUsage of job (MB)
	371684  -  ResidentSetSize of job (KB)
...
006 (3444395.000.000) 01/30 11:22:46 Image size of job updated: 436964
	364  -  MemoryUsage of job (MB)
	371736  -  ResidentSetSize of job (KB)
...
006 (3444395.000.000) 01/30 11:27:47 Image size of job updated: 436964
	364  -  MemoryUsage of job (MB)
	371832  -  ResidentSetSize of job (KB)
...
006 (3444395.000.000) 01/30 11:32:48 Image size of job updated: 436964
	364  -  MemoryUsage of job (MB)
	371884  -  ResidentSetSize of job (KB)
...
006 (3444395.000.000) 01/30 11:37:48 Image size of job updated: 436964
	364  -  MemoryUsage of job (MB)
	371944  -  ResidentSetSize of job (KB)
...
006 (3444395.000.000) 01/30 11:42:49 Image size of job updated: 436964
	364  -  MemoryUsage of job (MB)
	371948  -  ResidentSetSize of job (KB)
...
006 (3444395.000.000) 01/30 11:47:50 Image size of job updated: 436964
	364  -  MemoryUsage of job (MB)
	372100  -  ResidentSetSize of job (KB)
...
006 (3444395.000.000) 01/30 11:52:50 Image size of job updated: 436964
	364  -  MemoryUsage of job (MB)
	372120  -  ResidentSetSize of job (KB)
...
006 (3444395.000.000) 01/30 11:57:50 Image size of job updated: 436964
	364  -  MemoryUsage of job (MB)
	372156  -  ResidentSetSize of job (KB)
...
006 (3444395.000.000) 01/30 12:02:52 Image size of job updated: 436964
	364  -  MemoryUsage of job (MB)
	372216  -  ResidentSetSize of job (KB)
...
006 (3444395.000.000) 01/30 12:07:52 Image size of job updated: 436964
	364  -  MemoryUsage of job (MB)
	372224  -  ResidentSetSize of job (KB)
...
006 (3444395.000.000) 01/30 12:12:52 Image size of job updated: 436964
	364  -  MemoryUsage of job (MB)
	372236  -  ResidentSetSize of job (KB)
...
006 (3444395.000.000) 01/30 12:17:53 Image size of job updated: 436964
	364  -  MemoryUsage of job (MB)
	372272  -  ResidentSetSize of job (KB)
...
006 (3444395.000.000) 01/30 12:22:54 Image size of job updated: 436964
	364  -  MemoryUsage of job (MB)
	372348  -  ResidentSetSize of job (KB)
...
006 (3444395.000.000) 01/30 12:32:55 Image size of job updated: 436964
	364  -  MemoryUsage of job (MB)
	372452  -  ResidentSetSize of job (KB)
...
006 (3444395.000.000) 01/30 12:37:56 Image size of job updated: 436964
	364  -  MemoryUsage of job (MB)
	372512  -  ResidentSetSize of job (KB)
...
006 (3444395.000.000) 01/30 12:42:56 Image size of job updated: 436964
	364  -  MemoryUsage of job (MB)
	372516  -  ResidentSetSize of job (KB)
...
006 (3444395.000.000) 01/30 12:47:56 Image size of job updated: 436964
	364  -  MemoryUsage of job (MB)
	372564  -  ResidentSetSize of job (KB)
...
006 (3444395.000.000) 01/30 12:52:57 Image size of job updated: 436964
	364  -  MemoryUsage of job (MB)
	372648  -  ResidentSetSize of job (KB)
...
006 (3444395.000.000) 01/30 12:57:57 Image size of job updated: 436964
	364  -  MemoryUsage of job (MB)
	372696  -  ResidentSetSize of job (KB)
...
006 (3444395.000.000) 01/30 13:07:58 Image size of job updated: 436964
	365  -  MemoryUsage of job (MB)
	372784  -  ResidentSetSize of job (KB)
...
006 (3444395.000.000) 01/30 13:12:58 Image size of job updated: 436964
	365  -  MemoryUsage of job (MB)
	372812  -  ResidentSetSize of job (KB)
...
006 (3444395.000.000) 01/30 13:17:58 Image size of job updated: 436964
	365  -  MemoryUsage of job (MB)
	372820  -  ResidentSetSize of job (KB)
...
006 (3444395.000.000) 01/30 13:22:59 Image size of job updated: 436964
	365  -  MemoryUsage of job (MB)
	372852  -  ResidentSetSize of job (KB)
...
006 (3444395.000.000) 01/30 13:27:59 Image size of job updated: 436964
	365  -  MemoryUsage of job (MB)
	372928  -  ResidentSetSize of job (KB)
...
006 (3444395.000.000) 01/30 13:38:00 Image size of job updated: 436964
	365  -  MemoryUsage of job (MB)
	372952  -  ResidentSetSize of job (KB)
...
006 (3444395.000.000) 01/30 13:43:00 Image size of job updated: 436964
	365  -  MemoryUsage of job (MB)
	373060  -  ResidentSetSize of job (KB)
...
006 (3444395.000.000) 01/30 13:49:07 Image size of job updated: 436964
	365  -  MemoryUsage of job (MB)
	373132  -  ResidentSetSize of job (KB)
...
006 (3444395.000.000) 01/30 13:53:02 Image size of job updated: 436964
	365  -  MemoryUsage of job (MB)
	373360  -  ResidentSetSize of job (KB)
...
006 (3444395.000.000) 01/30 13:58:02 Image size of job updated: 436964
	365  -  MemoryUsage of job (MB)
	373472  -  ResidentSetSize of job (KB)
...
006 (3444395.000.000) 01/30 14:03:02 Image size of job updated: 436964
	365  -  MemoryUsage of job (MB)
	373712  -  ResidentSetSize of job (KB)
...
006 (3444395.000.000) 01/30 14:13:04 Image size of job updated: 436964
	365  -  MemoryUsage of job (MB)
	373740  -  ResidentSetSize of job (KB)
...
006 (3444395.000.000) 01/30 14:23:04 Image size of job updated: 436964
	366  -  MemoryUsage of job (MB)
	373868  -  ResidentSetSize of job (KB)
...
006 (3444395.000.000) 01/30 16:08:15 Image size of job updated: 436964
	366  -  MemoryUsage of job (MB)
	373892  -  ResidentSetSize of job (KB)
...
006 (3444395.000.000) 01/30 16:23:17 Image size of job updated: 436964
	366  -  MemoryUsage of job (MB)
	373932  -  ResidentSetSize of job (KB)
...
006 (3444395.000.000) 01/30 16:38:18 Image size of job updated: 436964
	366  -  MemoryUsage of job (MB)
	373940  -  ResidentSetSize of job (KB)
...
006 (3444395.000.000) 01/30 16:48:19 Image size of job updated: 436964
	366  -  MemoryUsage of job (MB)
	373944  -  ResidentSetSize of job (KB)
...
006 (3444395.000.000) 01/30 16:53:20 Image size of job updated: 436964
	366  -  MemoryUsage of job (MB)
	373984  -  ResidentSetSize of job (KB)
...
006 (3444395.000.000) 01/30 17:23:22 Image size of job updated: 436964
	366  -  MemoryUsage of job (MB)
	374008  -  ResidentSetSize of job (KB)
...
006 (3444395.000.000) 01/30 17:33:23 Image size of job updated: 436964
	366  -  MemoryUsage of job (MB)
	374028  -  ResidentSetSize of job (KB)
...
006 (3444395.000.000) 01/30 17:38:23 Image size of job updated: 436964
	366  -  MemoryUsage of job (MB)
	374032  -  ResidentSetSize of job (KB)
...
006 (3444395.000.000) 01/30 17:43:24 Image size of job updated: 436964
	366  -  MemoryUsage of job (MB)
	374036  -  ResidentSetSize of job (KB)
...
006 (3444395.000.000) 01/30 17:48:25 Image size of job updated: 436964
	366  -  MemoryUsage of job (MB)
	374048  -  ResidentSetSize of job (KB)
...
006 (3444395.000.000) 01/30 18:13:27 Image size of job updated: 436964
	366  -  MemoryUsage of job (MB)
	374060  -  ResidentSetSize of job (KB)
...
006 (3444395.000.000) 01/30 18:18:28 Image size of job updated: 436964
	366  -  MemoryUsage of job (MB)
	374064  -  ResidentSetSize of job (KB)
...
006 (3444395.000.000) 01/30 18:33:30 Image size of job updated: 436964
	366  -  MemoryUsage of job (MB)
	374072  -  ResidentSetSize of job (KB)
...
006 (3444395.000.000) 01/30 18:43:31 Image size of job updated: 436964
	366  -  MemoryUsage of job (MB)
	374088  -  ResidentSetSize of job (KB)
...
006 (3444395.000.000) 01/30 18:53:32 Image size of job updated: 436964
	366  -  MemoryUsage of job (MB)
	374136  -  ResidentSetSize of job (KB)
...
006 (3444395.000.000) 01/30 19:03:33 Image size of job updated: 436964
	366  -  MemoryUsage of job (MB)
	374148  -  ResidentSetSize of job (KB)
...
006 (3444395.000.000) 01/30 19:18:35 Image size of job updated: 436964
	366  -  MemoryUsage of job (MB)
	374160  -  ResidentSetSize of job (KB)
...
006 (3444395.000.000) 01/30 19:38:37 Image size of job updated: 436964
	366  -  MemoryUsage of job (MB)
	374196  -  ResidentSetSize of job (KB)
...
006 (3444395.000.000) 01/30 19:48:38 Image size of job updated: 436964
	366  -  MemoryUsage of job (MB)
	374200  -  ResidentSetSize of job (KB)
...
006 (3444395.000.000) 01/30 20:03:40 Image size of job updated: 436964
	366  -  MemoryUsage of job (MB)
	374228  -  ResidentSetSize of job (KB)
...
006 (3444395.000.000) 01/30 21:08:47 Image size of job updated: 436964
	366  -  MemoryUsage of job (MB)
	374236  -  ResidentSetSize of job (KB)
...
006 (3444395.000.000) 01/30 21:18:48 Image size of job updated: 436964
	366  -  MemoryUsage of job (MB)
	374248  -  ResidentSetSize of job (KB)
...
006 (3444395.000.000) 01/30 21:23:48 Image size of job updated: 436964
	366  -  MemoryUsage of job (MB)
	374260  -  ResidentSetSize of job (KB)
...
006 (3444395.000.000) 01/30 21:28:48 Image size of job updated: 436964
	366  -  MemoryUsage of job (MB)
	374272  -  ResidentSetSize of job (KB)
...
006 (3444395.000.000) 01/30 21:33:49 Image size of job updated: 436964
	366  -  MemoryUsage of job (MB)
	374288  -  ResidentSetSize of job (KB)
...
006 (3444395.000.000) 01/30 21:43:49 Image size of job updated: 436964
	366  -  MemoryUsage of job (MB)
	374316  -  ResidentSetSize of job (KB)
...
006 (3444395.000.000) 01/30 21:48:50 Image size of job updated: 436964
	366  -  MemoryUsage of job (MB)
	374328  -  ResidentSetSize of job (KB)
...
006 (3444395.000.000) 01/30 21:53:51 Image size of job updated: 436964
	366  -  MemoryUsage of job (MB)
	374368  -  ResidentSetSize of job (KB)
...
006 (3444395.000.000) 01/30 21:58:51 Image size of job updated: 436964
	366  -  MemoryUsage of job (MB)
	374372  -  ResidentSetSize of job (KB)
...
006 (3444395.000.000) 01/30 22:03:52 Image size of job updated: 436964
	366  -  MemoryUsage of job (MB)
	374408  -  ResidentSetSize of job (KB)
...
006 (3444395.000.000) 01/30 22:18:53 Image size of job updated: 436964
	366  -  MemoryUsage of job (MB)
	374416  -  ResidentSetSize of job (KB)
...
006 (3444395.000.000) 01/30 22:33:54 Image size of job updated: 436964
	366  -  MemoryUsage of job (MB)
	374452  -  ResidentSetSize of job (KB)
...
006 (3444395.000.000) 01/30 22:38:55 Image size of job updated: 436964
	366  -  MemoryUsage of job (MB)
	374460  -  ResidentSetSize of job (KB)
...
006 (3444395.000.000) 01/30 22:48:56 Image size of job updated: 436964
	366  -  MemoryUsage of job (MB)
	374476  -  ResidentSetSize of job (KB)
...
006 (3444395.000.000) 01/30 23:08:58 Image size of job updated: 436964
	366  -  MemoryUsage of job (MB)
	374480  -  ResidentSetSize of job (KB)
...
006 (3444395.000.000) 01/30 23:13:59 Image size of job updated: 436964
	366  -  MemoryUsage of job (MB)
	374484  -  ResidentSetSize of job (KB)
...
006 (3444395.000.000) 01/30 23:18:59 Image size of job updated: 436964
	366  -  MemoryUsage of job (MB)
	374488  -  ResidentSetSize of job (KB)
...
006 (3444395.000.000) 01/30 23:34:01 Image size of job updated: 436964
	366  -  MemoryUsage of job (MB)
	374500  -  ResidentSetSize of job (KB)
...
006 (3444395.000.000) 01/30 23:39:01 Image size of job updated: 436964
	366  -  MemoryUsage of job (MB)
	374516  -  ResidentSetSize of job (KB)
...
006 (3444395.000.000) 01/30 23:54:03 Image size of job updated: 436964
	366  -  MemoryUsage of job (MB)
	374684  -  ResidentSetSize of job (KB)
...
006 (3444395.000.000) 01/31 00:04:05 Image size of job updated: 436964
	366  -  MemoryUsage of job (MB)
	374712  -  ResidentSetSize of job (KB)
...
006 (3444395.000.000) 01/31 00:29:07 Image size of job updated: 436964
	366  -  MemoryUsage of job (MB)
	374752  -  ResidentSetSize of job (KB)
...
006 (3444395.000.000) 01/31 00:34:07 Image size of job updated: 436964
	366  -  MemoryUsage of job (MB)
	374768  -  ResidentSetSize of job (KB)
...
006 (3444395.000.000) 01/31 00:39:08 Image size of job updated: 436964
	366  -  MemoryUsage of job (MB)
	374784  -  ResidentSetSize of job (KB)
...
006 (3444395.000.000) 01/31 00:44:09 Image size of job updated: 436964
	367  -  MemoryUsage of job (MB)
	374804  -  ResidentSetSize of job (KB)
...
006 (3444395.000.000) 01/31 00:49:09 Image size of job updated: 436964
	367  -  MemoryUsage of job (MB)
	374812  -  ResidentSetSize of job (KB)
...
006 (3444395.000.000) 01/31 00:54:09 Image size of job updated: 436964
	367  -  MemoryUsage of job (MB)
	374820  -  ResidentSetSize of job (KB)
...
006 (3444395.000.000) 01/31 00:59:09 Image size of job updated: 436964
	367  -  MemoryUsage of job (MB)
	374852  -  ResidentSetSize of job (KB)
...
006 (3444395.000.000) 01/31 01:04:09 Image size of job updated: 436964
	367  -  MemoryUsage of job (MB)
	374888  -  ResidentSetSize of job (KB)
...
006 (3444395.000.000) 01/31 01:14:11 Image size of job updated: 436964
	367  -  MemoryUsage of job (MB)
	374904  -  ResidentSetSize of job (KB)
...
006 (3444395.000.000) 01/31 01:19:11 Image size of job updated: 436964
	367  -  MemoryUsage of job (MB)
	374912  -  ResidentSetSize of job (KB)
...
006 (3444395.000.000) 01/31 01:24:11 Image size of job updated: 436964
	367  -  MemoryUsage of job (MB)
	374988  -  ResidentSetSize of job (KB)
...
006 (3444395.000.000) 01/31 01:29:13 Image size of job updated: 436964
	367  -  MemoryUsage of job (MB)
	375036  -  ResidentSetSize of job (KB)
...
006 (3444395.000.000) 01/31 02:34:20 Image size of job updated: 436964
	367  -  MemoryUsage of job (MB)
	375040  -  ResidentSetSize of job (KB)
...
006 (3444395.000.000) 01/31 02:39:21 Image size of job updated: 436964
	367  -  MemoryUsage of job (MB)
	375068  -  ResidentSetSize of job (KB)
...
006 (3444395.000.000) 01/31 02:59:23 Image size of job updated: 436964
	367  -  MemoryUsage of job (MB)
	375088  -  ResidentSetSize of job (KB)
...
006 (3444395.000.000) 01/31 03:04:24 Image size of job updated: 436964
	367  -  MemoryUsage of job (MB)
	375100  -  ResidentSetSize of job (KB)
...
006 (3444395.000.000) 01/31 03:14:24 Image size of job updated: 436964
	367  -  MemoryUsage of job (MB)
	375116  -  ResidentSetSize of job (KB)
...
006 (3444395.000.000) 01/31 03:19:26 Image size of job updated: 436964
	367  -  MemoryUsage of job (MB)
	375136  -  ResidentSetSize of job (KB)
...
006 (3444395.000.000) 01/31 03:24:26 Image size of job updated: 436964
	367  -  MemoryUsage of job (MB)
	375152  -  ResidentSetSize of job (KB)
...
006 (3444395.000.000) 01/31 03:29:26 Image size of job updated: 436964
	367  -  MemoryUsage of job (MB)
	375180  -  ResidentSetSize of job (KB)
...
006 (3444395.000.000) 01/31 03:49:28 Image size of job updated: 436964
	367  -  MemoryUsage of job (MB)
	375188  -  ResidentSetSize of job (KB)
...
006 (3444395.000.000) 01/31 03:54:29 Image size of job updated: 436964
	367  -  MemoryUsage of job (MB)
	375204  -  ResidentSetSize of job (KB)
...
006 (3444395.000.000) 01/31 03:59:30 Image size of job updated: 436964
	367  -  MemoryUsage of job (MB)
	375236  -  ResidentSetSize of job (KB)
...
006 (3444395.000.000) 01/31 04:24:32 Image size of job updated: 436964
	367  -  MemoryUsage of job (MB)
	375244  -  ResidentSetSize of job (KB)
...
006 (3444395.000.000) 01/31 04:29:32 Image size of job updated: 436964
	367  -  MemoryUsage of job (MB)
	375284  -  ResidentSetSize of job (KB)
...
006 (3444395.000.000) 01/31 04:34:34 Image size of job updated: 436964
	367  -  MemoryUsage of job (MB)
	375308  -  ResidentSetSize of job (KB)
...
006 (3444395.000.000) 01/31 04:39:34 Image size of job updated: 436964
	367  -  MemoryUsage of job (MB)
	375348  -  ResidentSetSize of job (KB)
...
006 (3444395.000.000) 01/31 04:44:34 Image size of job updated: 436964
	367  -  MemoryUsage of job (MB)
	375380  -  ResidentSetSize of job (KB)
...
006 (3444395.000.000) 01/31 05:04:36 Image size of job updated: 436964
	367  -  MemoryUsage of job (MB)
	375384  -  ResidentSetSize of job (KB)
...
006 (3444395.000.000) 01/31 05:09:38 Image size of job updated: 436964
	367  -  MemoryUsage of job (MB)
	375404  -  ResidentSetSize of job (KB)
...
006 (3444395.000.000) 01/31 05:14:38 Image size of job updated: 436964
	367  -  MemoryUsage of job (MB)
	375412  -  ResidentSetSize of job (KB)
...
006 (3444395.000.000) 01/31 05:19:38 Image size of job updated: 436964
	367  -  MemoryUsage of job (MB)
	375440  -  ResidentSetSize of job (KB)
...
006 (3444395.000.000) 01/31 05:29:40 Image size of job updated: 436964
	367  -  MemoryUsage of job (MB)
	375464  -  ResidentSetSize of job (KB)
...
006 (3444395.000.000) 01/31 05:39:40 Image size of job updated: 436964
	367  -  MemoryUsage of job (MB)
	375468  -  ResidentSetSize of job (KB)
...
006 (3444395.000.000) 01/31 05:44:42 Image size of job updated: 436964
	367  -  MemoryUsage of job (MB)
	375484  -  ResidentSetSize of job (KB)
...
006 (3444395.000.000) 01/31 05:49:42 Image size of job updated: 436964
	367  -  MemoryUsage of job (MB)
	375516  -  ResidentSetSize of job (KB)
...
006 (3444395.000.000) 01/31 05:54:42 Image size of job updated: 436964
	367  -  MemoryUsage of job (MB)
	375520  -  ResidentSetSize of job (KB)
...
006 (3444395.000.000) 01/31 06:04:44 Image size of job updated: 436964
	367  -  MemoryUsage of job (MB)
	375536  -  ResidentSetSize of job (KB)
...
006 (3444395.000.000) 01/31 06:09:44 Image size of job updated: 436964
	367  -  MemoryUsage of job (MB)
	375556  -  ResidentSetSize of job (KB)
...
006 (3444395.000.000) 01/31 06:14:44 Image size of job updated: 436964
	367  -  MemoryUsage of job (MB)
	375576  -  ResidentSetSize of job (KB)
...
006 (3444395.000.000) 01/31 06:24:46 Image size of job updated: 436964
	367  -  MemoryUsage of job (MB)
	375600  -  ResidentSetSize of job (KB)
...
006 (3444395.000.000) 01/31 06:29:46 Image size of job updated: 436964
	367  -  MemoryUsage of job (MB)
	375668  -  ResidentSetSize of job (KB)
...
006 (3444395.000.000) 01/31 06:44:47 Image size of job updated: 436964
	367  -  MemoryUsage of job (MB)
	375672  -  ResidentSetSize of job (KB)
...
006 (3444395.000.000) 01/31 06:49:47 Image size of job updated: 436964
	367  -  MemoryUsage of job (MB)
	375716  -  ResidentSetSize of job (KB)
...
006 (3444395.000.000) 01/31 06:54:48 Image size of job updated: 436964
	367  -  MemoryUsage of job (MB)
	375724  -  ResidentSetSize of job (KB)
...
006 (3444395.000.000) 01/31 07:04:49 Image size of job updated: 436964
	367  -  MemoryUsage of job (MB)
	375752  -  ResidentSetSize of job (KB)
...
006 (3444395.000.000) 01/31 07:09:49 Image size of job updated: 436964
	367  -  MemoryUsage of job (MB)
	375768  -  ResidentSetSize of job (KB)
...
006 (3444395.000.000) 01/31 07:14:50 Image size of job updated: 436964
	367  -  MemoryUsage of job (MB)
	375792  -  ResidentSetSize of job (KB)
...
006 (3444395.000.000) 01/31 07:19:51 Image size of job updated: 436964
	367  -  MemoryUsage of job (MB)
	375800  -  ResidentSetSize of job (KB)
...
006 (3444395.000.000) 01/31 07:24:51 Image size of job updated: 436964
	367  -  MemoryUsage of job (MB)
	375804  -  ResidentSetSize of job (KB)
...
006 (3444395.000.000) 01/31 07:29:52 Image size of job updated: 436964
	368  -  MemoryUsage of job (MB)
	375820  -  ResidentSetSize of job (KB)
...
006 (3444395.000.000) 01/31 07:34:53 Image size of job updated: 436964
	368  -  MemoryUsage of job (MB)
	375836  -  ResidentSetSize of job (KB)
...
006 (3444395.000.000) 01/31 07:39:53 Image size of job updated: 436964
	368  -  MemoryUsage of job (MB)
	375856  -  ResidentSetSize of job (KB)
...
006 (3444395.000.000) 01/31 07:44:53 Image size of job updated: 436964
	368  -  MemoryUsage of job (MB)
	375868  -  ResidentSetSize of job (KB)
...
006 (3444395.000.000) 01/31 07:49:54 Image size of job updated: 436964
	368  -  MemoryUsage of job (MB)
	375908  -  ResidentSetSize of job (KB)
...
006 (3444395.000.000) 01/31 07:59:55 Image size of job updated: 436964
	368  -  MemoryUsage of job (MB)
	375960  -  ResidentSetSize of job (KB)
...
006 (3444395.000.000) 01/31 08:04:55 Image size of job updated: 436964
	368  -  MemoryUsage of job (MB)
	375968  -  ResidentSetSize of job (KB)
...
006 (3444395.000.000) 01/31 08:09:56 Image size of job updated: 436964
	368  -  MemoryUsage of job (MB)
	375996  -  ResidentSetSize of job (KB)
...
040 (3444395.000.000) 02/01 07:53:48 Started transferring input files
	Transferring to host: <128.142.149.79:9618?addrs=128.142.149.79-9618+[2001-1458-301-b--100-26]-9618&noUDP&sock=5131_00ea_79290>
...
040 (3444395.000.000) 02/01 07:53:48 Finished transferring input files
...
001 (3444395.000.000) 02/01 07:53:49 Job executing on host: <128.142.149.79:9618?addrs=128.142.149.79-9618+[2001-1458-301-b--100-26]-9618&noUDP&sock=3280_62ba_3>
...
040 (3444395.000.000) 02/01 07:54:48 Started transferring output files
...
040 (3444395.000.000) 02/01 07:54:48 Finished transferring output files
...
005 (3444395.000.000) 02/01 07:54:48 Job terminated.
	(1) Normal termination (return value 0)
		Usr 0 00:00:07, Sys 0 00:00:04  -  Run Remote Usage
		Usr 0 00:00:00, Sys 0 00:00:00  -  Run Local Usage
		Usr 0 00:00:07, Sys 0 00:00:04  -  Total Remote Usage
		Usr 0 00:00:00, Sys 0 00:00:00  -  Total Local Usage
	9715  -  Run Bytes Sent By Job
	493  -  Run Bytes Received By Job
	9715  -  Total Bytes Sent By Job
	986  -  Total Bytes Received By Job
	Partitionable Resources :    Usage  Request Allocated 
	   Cpus                 :                 1           
	   Disk (KB)            :       24       40   2533376 
	   Memory (MB)          :      391     2000      2000 
...
