000 (3447445.003.000) 01/30 07:33:33 Job submitted from host: <188.185.71.142:9618?addrs=188.185.71.142-9618+[2001-1458-d00-7--100-388]-9618&alias=bigbird09.cern.ch&noUDP&sock=schedd_2208_1533_7>
...
000 (3447446.003.000) 01/30 07:33:40 Job submitted from host: <188.185.71.142:9618?addrs=188.185.71.142-9618+[2001-1458-d00-7--100-388]-9618&alias=bigbird09.cern.ch&noUDP&sock=schedd_2208_1533_7>
...
040 (3447445.003.000) 01/30 07:55:39 Started transferring input files
	Transferring to host: <188.184.139.84:9618?addrs=188.184.139.84-9618+[2001-1458-301-45--100-164]-9618&noUDP&sock=30352_7acb_200137>
...
040 (3447445.003.000) 01/30 07:55:39 Finished transferring input files
...
001 (3447445.003.000) 01/30 07:55:40 Job executing on host: <188.184.139.84:9618?addrs=188.184.139.84-9618+[2001-1458-301-45--100-164]-9618&noUDP&sock=5588_7b4f_3>
...
040 (3447446.003.000) 01/30 07:55:45 Started transferring input files
	Transferring to host: <128.142.67.228:9618?addrs=128.142.67.228-9618+[2001-1458-301-4c--100-539]-9618&noUDP&sock=14475_b266_11696>
...
040 (3447446.003.000) 01/30 07:55:45 Finished transferring input files
...
001 (3447446.003.000) 01/30 07:55:46 Job executing on host: <128.142.67.228:9618?addrs=128.142.67.228-9618+[2001-1458-301-4c--100-539]-9618&noUDP&sock=14275_0a87_3>
...
006 (3447445.003.000) 01/30 07:55:49 Image size of job updated: 11464
	7  -  MemoryUsage of job (MB)
	6364  -  ResidentSetSize of job (KB)
...
006 (3447446.003.000) 01/30 07:55:54 Image size of job updated: 8412
	5  -  MemoryUsage of job (MB)
	5016  -  ResidentSetSize of job (KB)
...
006 (3447446.003.000) 01/30 07:55:57 Image size of job updated: 13280
	5  -  MemoryUsage of job (MB)
	5016  -  ResidentSetSize of job (KB)
...
040 (3447446.003.000) 01/30 07:55:57 Started transferring output files
...
040 (3447446.003.000) 01/30 07:55:57 Finished transferring output files
...
005 (3447446.003.000) 01/30 07:55:57 Job terminated.
	(1) Normal termination (return value 0)
		Usr 0 00:00:01, Sys 0 00:00:03  -  Run Remote Usage
		Usr 0 00:00:00, Sys 0 00:00:00  -  Run Local Usage
		Usr 0 00:00:01, Sys 0 00:00:03  -  Total Remote Usage
		Usr 0 00:00:00, Sys 0 00:00:00  -  Total Local Usage
	327  -  Run Bytes Sent By Job
	493  -  Run Bytes Received By Job
	327  -  Total Bytes Sent By Job
	493  -  Total Bytes Received By Job
	Partitionable Resources :    Usage  Request Allocated 
	   Cpus                 :                 1           
	   Disk (KB)            :       17        1   2840448 
	   Memory (MB)          :        5     2000      2000 
...
006 (3447445.003.000) 01/30 08:00:50 Image size of job updated: 367128
	359  -  MemoryUsage of job (MB)
	366648  -  ResidentSetSize of job (KB)
...
006 (3447445.003.000) 01/30 08:10:50 Image size of job updated: 367136
	359  -  MemoryUsage of job (MB)
	366656  -  ResidentSetSize of job (KB)
...
006 (3447445.003.000) 01/30 12:11:15 Image size of job updated: 367188
	359  -  MemoryUsage of job (MB)
	366708  -  ResidentSetSize of job (KB)
...
006 (3447445.003.000) 01/30 12:16:15 Image size of job updated: 367228
	359  -  MemoryUsage of job (MB)
	366748  -  ResidentSetSize of job (KB)
...
006 (3447445.003.000) 01/30 12:21:16 Image size of job updated: 367252
	359  -  MemoryUsage of job (MB)
	366772  -  ResidentSetSize of job (KB)
...
006 (3447445.003.000) 01/30 12:26:17 Image size of job updated: 367264
	359  -  MemoryUsage of job (MB)
	366784  -  ResidentSetSize of job (KB)
...
006 (3447445.003.000) 01/30 12:36:18 Image size of job updated: 367320
	359  -  MemoryUsage of job (MB)
	366840  -  ResidentSetSize of job (KB)
...
006 (3447445.003.000) 01/30 12:41:19 Image size of job updated: 367336
	359  -  MemoryUsage of job (MB)
	366856  -  ResidentSetSize of job (KB)
...
006 (3447445.003.000) 01/30 12:56:20 Image size of job updated: 367372
	359  -  MemoryUsage of job (MB)
	366892  -  ResidentSetSize of job (KB)
...
006 (3447445.003.000) 01/30 13:01:22 Image size of job updated: 367512
	359  -  MemoryUsage of job (MB)
	367032  -  ResidentSetSize of job (KB)
...
006 (3447445.003.000) 01/30 13:06:22 Image size of job updated: 367544
	359  -  MemoryUsage of job (MB)
	367064  -  ResidentSetSize of job (KB)
...
006 (3447445.003.000) 01/30 13:11:22 Image size of job updated: 367680
	359  -  MemoryUsage of job (MB)
	367200  -  ResidentSetSize of job (KB)
...
006 (3447445.003.000) 01/30 13:16:23 Image size of job updated: 367740
	359  -  MemoryUsage of job (MB)
	367260  -  ResidentSetSize of job (KB)
...
006 (3447445.003.000) 01/30 13:21:24 Image size of job updated: 367908
	359  -  MemoryUsage of job (MB)
	367428  -  ResidentSetSize of job (KB)
...
006 (3447445.003.000) 01/30 13:26:24 Image size of job updated: 369344
	359  -  MemoryUsage of job (MB)
	367524  -  ResidentSetSize of job (KB)
...
006 (3447445.003.000) 01/30 13:31:24 Image size of job updated: 369496
	360  -  MemoryUsage of job (MB)
	367676  -  ResidentSetSize of job (KB)
...
006 (3447445.003.000) 01/30 13:36:25 Image size of job updated: 369496
	360  -  MemoryUsage of job (MB)
	367744  -  ResidentSetSize of job (KB)
...
006 (3447445.003.000) 01/30 13:41:26 Image size of job updated: 369496
	360  -  MemoryUsage of job (MB)
	367808  -  ResidentSetSize of job (KB)
...
006 (3447445.003.000) 01/30 13:46:26 Image size of job updated: 369496
	360  -  MemoryUsage of job (MB)
	367876  -  ResidentSetSize of job (KB)
...
006 (3447445.003.000) 01/30 13:51:27 Image size of job updated: 369496
	360  -  MemoryUsage of job (MB)
	367968  -  ResidentSetSize of job (KB)
...
006 (3447445.003.000) 01/30 13:56:28 Image size of job updated: 369496
	360  -  MemoryUsage of job (MB)
	367988  -  ResidentSetSize of job (KB)
...
006 (3447445.003.000) 01/30 14:01:28 Image size of job updated: 369496
	360  -  MemoryUsage of job (MB)
	368076  -  ResidentSetSize of job (KB)
...
006 (3447445.003.000) 01/30 14:06:28 Image size of job updated: 369540
	360  -  MemoryUsage of job (MB)
	368144  -  ResidentSetSize of job (KB)
...
006 (3447445.003.000) 01/30 14:11:29 Image size of job updated: 369576
	360  -  MemoryUsage of job (MB)
	368180  -  ResidentSetSize of job (KB)
...
006 (3447445.003.000) 01/30 14:16:29 Image size of job updated: 369592
	360  -  MemoryUsage of job (MB)
	368196  -  ResidentSetSize of job (KB)
...
006 (3447445.003.000) 01/30 14:21:29 Image size of job updated: 369660
	360  -  MemoryUsage of job (MB)
	368264  -  ResidentSetSize of job (KB)
...
006 (3447445.003.000) 01/30 14:26:30 Image size of job updated: 369744
	360  -  MemoryUsage of job (MB)
	368348  -  ResidentSetSize of job (KB)
...
006 (3447445.003.000) 01/30 14:31:31 Image size of job updated: 369788
	360  -  MemoryUsage of job (MB)
	368392  -  ResidentSetSize of job (KB)
...
006 (3447445.003.000) 01/30 14:36:31 Image size of job updated: 369892
	360  -  MemoryUsage of job (MB)
	368496  -  ResidentSetSize of job (KB)
...
006 (3447445.003.000) 01/30 14:41:32 Image size of job updated: 369956
	360  -  MemoryUsage of job (MB)
	368560  -  ResidentSetSize of job (KB)
...
006 (3447445.003.000) 01/30 14:51:33 Image size of job updated: 370040
	361  -  MemoryUsage of job (MB)
	368644  -  ResidentSetSize of job (KB)
...
006 (3447445.003.000) 01/30 14:56:33 Image size of job updated: 370148
	361  -  MemoryUsage of job (MB)
	368752  -  ResidentSetSize of job (KB)
...
006 (3447445.003.000) 01/30 15:01:34 Image size of job updated: 370208
	361  -  MemoryUsage of job (MB)
	368812  -  ResidentSetSize of job (KB)
...
006 (3447445.003.000) 01/30 15:06:34 Image size of job updated: 370352
	361  -  MemoryUsage of job (MB)
	368956  -  ResidentSetSize of job (KB)
...
006 (3447445.003.000) 01/30 15:11:34 Image size of job updated: 370380
	361  -  MemoryUsage of job (MB)
	368984  -  ResidentSetSize of job (KB)
...
006 (3447445.003.000) 01/30 15:21:36 Image size of job updated: 370528
	361  -  MemoryUsage of job (MB)
	369132  -  ResidentSetSize of job (KB)
...
006 (3447445.003.000) 01/30 15:26:36 Image size of job updated: 370552
	361  -  MemoryUsage of job (MB)
	369156  -  ResidentSetSize of job (KB)
...
006 (3447445.003.000) 01/30 15:31:37 Image size of job updated: 370652
	361  -  MemoryUsage of job (MB)
	369256  -  ResidentSetSize of job (KB)
...
006 (3447445.003.000) 01/30 15:36:38 Image size of job updated: 370764
	361  -  MemoryUsage of job (MB)
	369368  -  ResidentSetSize of job (KB)
...
006 (3447445.003.000) 01/30 15:41:38 Image size of job updated: 370820
	361  -  MemoryUsage of job (MB)
	369424  -  ResidentSetSize of job (KB)
...
006 (3447445.003.000) 01/30 15:46:39 Image size of job updated: 370884
	361  -  MemoryUsage of job (MB)
	369488  -  ResidentSetSize of job (KB)
...
006 (3447445.003.000) 01/30 15:51:40 Image size of job updated: 370960
	361  -  MemoryUsage of job (MB)
	369564  -  ResidentSetSize of job (KB)
...
006 (3447445.003.000) 01/30 15:56:40 Image size of job updated: 371064
	362  -  MemoryUsage of job (MB)
	369668  -  ResidentSetSize of job (KB)
...
006 (3447445.003.000) 01/30 16:01:40 Image size of job updated: 371140
	362  -  MemoryUsage of job (MB)
	369744  -  ResidentSetSize of job (KB)
...
006 (3447445.003.000) 01/30 16:11:41 Image size of job updated: 371220
	362  -  MemoryUsage of job (MB)
	369824  -  ResidentSetSize of job (KB)
...
006 (3447445.003.000) 01/30 16:16:41 Image size of job updated: 371268
	362  -  MemoryUsage of job (MB)
	369872  -  ResidentSetSize of job (KB)
...
006 (3447445.003.000) 01/30 16:26:42 Image size of job updated: 371392
	362  -  MemoryUsage of job (MB)
	369996  -  ResidentSetSize of job (KB)
...
006 (3447445.003.000) 01/30 16:31:42 Image size of job updated: 371444
	362  -  MemoryUsage of job (MB)
	370048  -  ResidentSetSize of job (KB)
...
006 (3447445.003.000) 01/30 16:36:43 Image size of job updated: 371504
	362  -  MemoryUsage of job (MB)
	370108  -  ResidentSetSize of job (KB)
...
006 (3447445.003.000) 01/30 16:41:43 Image size of job updated: 371652
	362  -  MemoryUsage of job (MB)
	370256  -  ResidentSetSize of job (KB)
...
006 (3447445.003.000) 01/30 16:51:44 Image size of job updated: 371740
	362  -  MemoryUsage of job (MB)
	370344  -  ResidentSetSize of job (KB)
...
006 (3447445.003.000) 01/30 16:56:45 Image size of job updated: 371844
	362  -  MemoryUsage of job (MB)
	370448  -  ResidentSetSize of job (KB)
...
006 (3447445.003.000) 01/30 17:01:45 Image size of job updated: 371928
	362  -  MemoryUsage of job (MB)
	370532  -  ResidentSetSize of job (KB)
...
006 (3447445.003.000) 01/30 17:06:46 Image size of job updated: 373232
	362  -  MemoryUsage of job (MB)
	370564  -  ResidentSetSize of job (KB)
...
006 (3447445.003.000) 01/30 17:11:47 Image size of job updated: 373320
	362  -  MemoryUsage of job (MB)
	370648  -  ResidentSetSize of job (KB)
...
006 (3447445.003.000) 01/30 17:16:47 Image size of job updated: 373356
	362  -  MemoryUsage of job (MB)
	370684  -  ResidentSetSize of job (KB)
...
006 (3447445.003.000) 01/30 17:21:47 Image size of job updated: 375796
	365  -  MemoryUsage of job (MB)
	373124  -  ResidentSetSize of job (KB)
...
006 (3447445.003.000) 01/30 17:26:48 Image size of job updated: 375948
	365  -  MemoryUsage of job (MB)
	373276  -  ResidentSetSize of job (KB)
...
006 (3447445.003.000) 01/30 17:31:48 Image size of job updated: 376048
	365  -  MemoryUsage of job (MB)
	373376  -  ResidentSetSize of job (KB)
...
006 (3447445.003.000) 01/30 17:36:48 Image size of job updated: 376168
	365  -  MemoryUsage of job (MB)
	373496  -  ResidentSetSize of job (KB)
...
006 (3447445.003.000) 01/30 17:41:49 Image size of job updated: 376252
	365  -  MemoryUsage of job (MB)
	373580  -  ResidentSetSize of job (KB)
...
006 (3447445.003.000) 01/30 17:46:49 Image size of job updated: 376288
	365  -  MemoryUsage of job (MB)
	373616  -  ResidentSetSize of job (KB)
...
006 (3447445.003.000) 01/30 17:51:49 Image size of job updated: 376376
	365  -  MemoryUsage of job (MB)
	373704  -  ResidentSetSize of job (KB)
...
006 (3447445.003.000) 01/30 17:56:50 Image size of job updated: 376448
	366  -  MemoryUsage of job (MB)
	373776  -  ResidentSetSize of job (KB)
...
006 (3447445.003.000) 01/30 18:01:50 Image size of job updated: 376532
	366  -  MemoryUsage of job (MB)
	373860  -  ResidentSetSize of job (KB)
...
006 (3447445.003.000) 01/30 18:06:50 Image size of job updated: 376620
	366  -  MemoryUsage of job (MB)
	373948  -  ResidentSetSize of job (KB)
...
006 (3447445.003.000) 01/30 18:11:51 Image size of job updated: 376692
	366  -  MemoryUsage of job (MB)
	374020  -  ResidentSetSize of job (KB)
...
006 (3447445.003.000) 01/30 18:16:52 Image size of job updated: 376856
	366  -  MemoryUsage of job (MB)
	374184  -  ResidentSetSize of job (KB)
...
006 (3447445.003.000) 01/30 18:21:52 Image size of job updated: 376916
	366  -  MemoryUsage of job (MB)
	374244  -  ResidentSetSize of job (KB)
...
006 (3447445.003.000) 01/30 18:26:53 Image size of job updated: 376972
	366  -  MemoryUsage of job (MB)
	374300  -  ResidentSetSize of job (KB)
...
006 (3447445.003.000) 01/30 18:31:54 Image size of job updated: 377020
	366  -  MemoryUsage of job (MB)
	374348  -  ResidentSetSize of job (KB)
...
006 (3447445.003.000) 01/30 18:36:54 Image size of job updated: 377140
	366  -  MemoryUsage of job (MB)
	374468  -  ResidentSetSize of job (KB)
...
006 (3447445.003.000) 01/30 18:41:55 Image size of job updated: 377244
	366  -  MemoryUsage of job (MB)
	374572  -  ResidentSetSize of job (KB)
...
006 (3447445.003.000) 01/30 18:46:56 Image size of job updated: 377316
	366  -  MemoryUsage of job (MB)
	374644  -  ResidentSetSize of job (KB)
...
006 (3447445.003.000) 01/30 18:51:56 Image size of job updated: 377360
	366  -  MemoryUsage of job (MB)
	374688  -  ResidentSetSize of job (KB)
...
006 (3447445.003.000) 01/30 18:56:56 Image size of job updated: 377484
	367  -  MemoryUsage of job (MB)
	374812  -  ResidentSetSize of job (KB)
...
006 (3447445.003.000) 01/30 19:01:57 Image size of job updated: 377588
	367  -  MemoryUsage of job (MB)
	374916  -  ResidentSetSize of job (KB)
...
006 (3447445.003.000) 01/30 19:06:57 Image size of job updated: 377668
	367  -  MemoryUsage of job (MB)
	374996  -  ResidentSetSize of job (KB)
...
006 (3447445.003.000) 01/30 19:11:57 Image size of job updated: 377768
	367  -  MemoryUsage of job (MB)
	375096  -  ResidentSetSize of job (KB)
...
006 (3447445.003.000) 01/30 19:16:58 Image size of job updated: 377856
	367  -  MemoryUsage of job (MB)
	375184  -  ResidentSetSize of job (KB)
...
006 (3447445.003.000) 01/30 19:21:58 Image size of job updated: 377928
	367  -  MemoryUsage of job (MB)
	375256  -  ResidentSetSize of job (KB)
...
006 (3447445.003.000) 01/30 19:26:58 Image size of job updated: 378080
	367  -  MemoryUsage of job (MB)
	375408  -  ResidentSetSize of job (KB)
...
006 (3447445.003.000) 01/30 19:31:59 Image size of job updated: 378164
	367  -  MemoryUsage of job (MB)
	375492  -  ResidentSetSize of job (KB)
...
006 (3447445.003.000) 01/30 19:36:59 Image size of job updated: 378196
	367  -  MemoryUsage of job (MB)
	375524  -  ResidentSetSize of job (KB)
...
006 (3447445.003.000) 01/30 19:41:59 Image size of job updated: 378220
	367  -  MemoryUsage of job (MB)
	375548  -  ResidentSetSize of job (KB)
...
006 (3447445.003.000) 01/30 19:47:00 Image size of job updated: 378332
	367  -  MemoryUsage of job (MB)
	375660  -  ResidentSetSize of job (KB)
...
006 (3447445.003.000) 01/30 19:57:00 Image size of job updated: 378332
	367  -  MemoryUsage of job (MB)
	375788  -  ResidentSetSize of job (KB)
...
006 (3447445.003.000) 01/30 20:02:01 Image size of job updated: 378332
	368  -  MemoryUsage of job (MB)
	375916  -  ResidentSetSize of job (KB)
...
006 (3447445.003.000) 01/30 20:07:01 Image size of job updated: 378332
	368  -  MemoryUsage of job (MB)
	376044  -  ResidentSetSize of job (KB)
...
006 (3447445.003.000) 01/30 20:12:01 Image size of job updated: 378332
	368  -  MemoryUsage of job (MB)
	376144  -  ResidentSetSize of job (KB)
...
006 (3447445.003.000) 01/30 20:17:02 Image size of job updated: 378332
	368  -  MemoryUsage of job (MB)
	376256  -  ResidentSetSize of job (KB)
...
006 (3447445.003.000) 01/30 20:22:03 Image size of job updated: 378332
	368  -  MemoryUsage of job (MB)
	376392  -  ResidentSetSize of job (KB)
...
006 (3447445.003.000) 01/30 20:27:03 Image size of job updated: 378332
	368  -  MemoryUsage of job (MB)
	376412  -  ResidentSetSize of job (KB)
...
006 (3447445.003.000) 01/30 20:32:04 Image size of job updated: 378332
	368  -  MemoryUsage of job (MB)
	376520  -  ResidentSetSize of job (KB)
...
006 (3447445.003.000) 01/30 20:42:05 Image size of job updated: 378332
	368  -  MemoryUsage of job (MB)
	376652  -  ResidentSetSize of job (KB)
...
006 (3447445.003.000) 01/30 20:47:05 Image size of job updated: 378332
	368  -  MemoryUsage of job (MB)
	376804  -  ResidentSetSize of job (KB)
...
006 (3447445.003.000) 01/30 20:52:05 Image size of job updated: 378332
	369  -  MemoryUsage of job (MB)
	377000  -  ResidentSetSize of job (KB)
...
006 (3447445.003.000) 01/30 20:57:06 Image size of job updated: 378640
	369  -  MemoryUsage of job (MB)
	377308  -  ResidentSetSize of job (KB)
...
006 (3447445.003.000) 01/30 21:02:07 Image size of job updated: 378692
	369  -  MemoryUsage of job (MB)
	377360  -  ResidentSetSize of job (KB)
...
006 (3447445.003.000) 01/30 21:07:07 Image size of job updated: 379116
	369  -  MemoryUsage of job (MB)
	377784  -  ResidentSetSize of job (KB)
...
006 (3447445.003.000) 01/30 21:12:07 Image size of job updated: 379300
	370  -  MemoryUsage of job (MB)
	377968  -  ResidentSetSize of job (KB)
...
006 (3447445.003.000) 01/30 21:32:10 Image size of job updated: 379560
	370  -  MemoryUsage of job (MB)
	378228  -  ResidentSetSize of job (KB)
...
006 (3447445.003.000) 01/30 21:42:11 Image size of job updated: 379632
	370  -  MemoryUsage of job (MB)
	378300  -  ResidentSetSize of job (KB)
...
006 (3447445.003.000) 01/30 22:32:17 Image size of job updated: 379640
	370  -  MemoryUsage of job (MB)
	378308  -  ResidentSetSize of job (KB)
...
006 (3447445.003.000) 01/30 22:37:18 Image size of job updated: 379652
	370  -  MemoryUsage of job (MB)
	378320  -  ResidentSetSize of job (KB)
...
006 (3447445.003.000) 01/30 22:42:19 Image size of job updated: 379672
	370  -  MemoryUsage of job (MB)
	378340  -  ResidentSetSize of job (KB)
...
006 (3447445.003.000) 01/30 22:47:19 Image size of job updated: 379716
	370  -  MemoryUsage of job (MB)
	378384  -  ResidentSetSize of job (KB)
...
006 (3447445.003.000) 01/30 23:42:24 Image size of job updated: 379720
	370  -  MemoryUsage of job (MB)
	378388  -  ResidentSetSize of job (KB)
...
006 (3447445.003.000) 01/30 23:52:25 Image size of job updated: 379772
	370  -  MemoryUsage of job (MB)
	378440  -  ResidentSetSize of job (KB)
...
006 (3447445.003.000) 01/31 00:02:26 Image size of job updated: 379784
	370  -  MemoryUsage of job (MB)
	378452  -  ResidentSetSize of job (KB)
...
006 (3447445.003.000) 01/31 00:07:27 Image size of job updated: 379892
	370  -  MemoryUsage of job (MB)
	378560  -  ResidentSetSize of job (KB)
...
006 (3447445.003.000) 01/31 00:22:29 Image size of job updated: 379960
	370  -  MemoryUsage of job (MB)
	378628  -  ResidentSetSize of job (KB)
...
006 (3447445.003.000) 01/31 00:32:30 Image size of job updated: 379960
	370  -  MemoryUsage of job (MB)
	378656  -  ResidentSetSize of job (KB)
...
006 (3447445.003.000) 01/31 00:37:31 Image size of job updated: 379960
	370  -  MemoryUsage of job (MB)
	378672  -  ResidentSetSize of job (KB)
...
006 (3447445.003.000) 01/31 00:52:32 Image size of job updated: 379960
	370  -  MemoryUsage of job (MB)
	378720  -  ResidentSetSize of job (KB)
...
006 (3447445.003.000) 01/31 01:02:32 Image size of job updated: 379960
	370  -  MemoryUsage of job (MB)
	378752  -  ResidentSetSize of job (KB)
...
006 (3447445.003.000) 01/31 01:12:34 Image size of job updated: 379960
	370  -  MemoryUsage of job (MB)
	378756  -  ResidentSetSize of job (KB)
...
006 (3447445.003.000) 01/31 01:17:34 Image size of job updated: 379960
	370  -  MemoryUsage of job (MB)
	378780  -  ResidentSetSize of job (KB)
...
006 (3447445.003.000) 01/31 01:27:36 Image size of job updated: 379960
	370  -  MemoryUsage of job (MB)
	378828  -  ResidentSetSize of job (KB)
...
006 (3447445.003.000) 01/31 01:47:38 Image size of job updated: 379960
	370  -  MemoryUsage of job (MB)
	378852  -  ResidentSetSize of job (KB)
...
006 (3447445.003.000) 01/31 02:07:40 Image size of job updated: 379960
	370  -  MemoryUsage of job (MB)
	378864  -  ResidentSetSize of job (KB)
...
006 (3447445.003.000) 01/31 02:17:41 Image size of job updated: 379960
	370  -  MemoryUsage of job (MB)
	378880  -  ResidentSetSize of job (KB)
...
006 (3447445.003.000) 01/31 02:22:42 Image size of job updated: 379960
	371  -  MemoryUsage of job (MB)
	378912  -  ResidentSetSize of job (KB)
...
006 (3447445.003.000) 01/31 02:32:42 Image size of job updated: 379960
	371  -  MemoryUsage of job (MB)
	378916  -  ResidentSetSize of job (KB)
...
006 (3447445.003.000) 01/31 02:42:44 Image size of job updated: 379960
	371  -  MemoryUsage of job (MB)
	378920  -  ResidentSetSize of job (KB)
...
006 (3447445.003.000) 01/31 02:52:44 Image size of job updated: 379960
	371  -  MemoryUsage of job (MB)
	378928  -  ResidentSetSize of job (KB)
...
006 (3447445.003.000) 01/31 03:02:45 Image size of job updated: 379960
	371  -  MemoryUsage of job (MB)
	378952  -  ResidentSetSize of job (KB)
...
006 (3447445.003.000) 01/31 03:12:46 Image size of job updated: 379960
	371  -  MemoryUsage of job (MB)
	378992  -  ResidentSetSize of job (KB)
...
006 (3447445.003.000) 01/31 03:22:47 Image size of job updated: 379960
	371  -  MemoryUsage of job (MB)
	378996  -  ResidentSetSize of job (KB)
...
006 (3447445.003.000) 01/31 03:47:50 Image size of job updated: 379960
	371  -  MemoryUsage of job (MB)
	379008  -  ResidentSetSize of job (KB)
...
006 (3447445.003.000) 01/31 03:57:51 Image size of job updated: 379960
	371  -  MemoryUsage of job (MB)
	379048  -  ResidentSetSize of job (KB)
...
006 (3447445.003.000) 01/31 04:07:52 Image size of job updated: 379960
	371  -  MemoryUsage of job (MB)
	379076  -  ResidentSetSize of job (KB)
...
006 (3447445.003.000) 01/31 04:32:54 Image size of job updated: 379960
	371  -  MemoryUsage of job (MB)
	379084  -  ResidentSetSize of job (KB)
...
006 (3447445.003.000) 01/31 05:07:58 Image size of job updated: 379960
	371  -  MemoryUsage of job (MB)
	379092  -  ResidentSetSize of job (KB)
...
006 (3447445.003.000) 01/31 05:12:58 Image size of job updated: 379960
	371  -  MemoryUsage of job (MB)
	379096  -  ResidentSetSize of job (KB)
...
006 (3447445.003.000) 01/31 05:28:00 Image size of job updated: 379960
	371  -  MemoryUsage of job (MB)
	379116  -  ResidentSetSize of job (KB)
...
006 (3447445.003.000) 01/31 05:38:02 Image size of job updated: 379960
	371  -  MemoryUsage of job (MB)
	379148  -  ResidentSetSize of job (KB)
...
006 (3447445.003.000) 01/31 05:48:02 Image size of job updated: 379960
	371  -  MemoryUsage of job (MB)
	379160  -  ResidentSetSize of job (KB)
...
006 (3447445.003.000) 01/31 05:58:04 Image size of job updated: 379960
	371  -  MemoryUsage of job (MB)
	379176  -  ResidentSetSize of job (KB)
...
006 (3447445.003.000) 01/31 06:08:05 Image size of job updated: 379960
	371  -  MemoryUsage of job (MB)
	379200  -  ResidentSetSize of job (KB)
...
006 (3447445.003.000) 01/31 06:13:06 Image size of job updated: 379960
	371  -  MemoryUsage of job (MB)
	379212  -  ResidentSetSize of job (KB)
...
006 (3447445.003.000) 01/31 06:33:07 Image size of job updated: 379960
	371  -  MemoryUsage of job (MB)
	379324  -  ResidentSetSize of job (KB)
...
006 (3447445.003.000) 01/31 06:38:07 Image size of job updated: 379960
	371  -  MemoryUsage of job (MB)
	379352  -  ResidentSetSize of job (KB)
...
006 (3447445.003.000) 01/31 06:48:08 Image size of job updated: 379960
	371  -  MemoryUsage of job (MB)
	379376  -  ResidentSetSize of job (KB)
...
006 (3447445.003.000) 01/31 06:53:08 Image size of job updated: 379960
	371  -  MemoryUsage of job (MB)
	379392  -  ResidentSetSize of job (KB)
...
006 (3447445.003.000) 01/31 07:08:10 Image size of job updated: 379984
	371  -  MemoryUsage of job (MB)
	379468  -  ResidentSetSize of job (KB)
...
006 (3447445.003.000) 01/31 07:18:12 Image size of job updated: 379996
	371  -  MemoryUsage of job (MB)
	379480  -  ResidentSetSize of job (KB)
...
006 (3447445.003.000) 01/31 07:43:13 Image size of job updated: 380044
	371  -  MemoryUsage of job (MB)
	379528  -  ResidentSetSize of job (KB)
...
006 (3447445.003.000) 01/31 07:48:14 Image size of job updated: 380068
	371  -  MemoryUsage of job (MB)
	379552  -  ResidentSetSize of job (KB)
...
006 (3447445.003.000) 01/31 07:53:14 Image size of job updated: 380120
	371  -  MemoryUsage of job (MB)
	379604  -  ResidentSetSize of job (KB)
...
006 (3447445.003.000) 01/31 07:58:14 Image size of job updated: 380168
	371  -  MemoryUsage of job (MB)
	379652  -  ResidentSetSize of job (KB)
...
006 (3447445.003.000) 01/31 08:03:15 Image size of job updated: 380212
	371  -  MemoryUsage of job (MB)
	379696  -  ResidentSetSize of job (KB)
...
006 (3447445.003.000) 01/31 08:08:16 Image size of job updated: 380232
	371  -  MemoryUsage of job (MB)
	379716  -  ResidentSetSize of job (KB)
...
006 (3447445.003.000) 01/31 08:13:16 Image size of job updated: 380288
	371  -  MemoryUsage of job (MB)
	379772  -  ResidentSetSize of job (KB)
...
006 (3447445.003.000) 01/31 08:23:19 Image size of job updated: 380328
	371  -  MemoryUsage of job (MB)
	379812  -  ResidentSetSize of job (KB)
...
006 (3447445.003.000) 01/31 08:28:19 Image size of job updated: 380360
	371  -  MemoryUsage of job (MB)
	379844  -  ResidentSetSize of job (KB)
...
006 (3447445.003.000) 01/31 08:33:19 Image size of job updated: 380452
	372  -  MemoryUsage of job (MB)
	379936  -  ResidentSetSize of job (KB)
...
006 (3447445.003.000) 01/31 08:43:21 Image size of job updated: 380456
	372  -  MemoryUsage of job (MB)
	379940  -  ResidentSetSize of job (KB)
...
006 (3447445.003.000) 01/31 08:53:22 Image size of job updated: 380464
	372  -  MemoryUsage of job (MB)
	379948  -  ResidentSetSize of job (KB)
...
006 (3447445.003.000) 01/31 08:58:23 Image size of job updated: 380468
	372  -  MemoryUsage of job (MB)
	379952  -  ResidentSetSize of job (KB)
...
006 (3447445.003.000) 01/31 09:03:23 Image size of job updated: 380496
	372  -  MemoryUsage of job (MB)
	379980  -  ResidentSetSize of job (KB)
...
006 (3447445.003.000) 01/31 09:08:23 Image size of job updated: 380516
	372  -  MemoryUsage of job (MB)
	380000  -  ResidentSetSize of job (KB)
...
006 (3447445.003.000) 01/31 09:13:24 Image size of job updated: 380532
	372  -  MemoryUsage of job (MB)
	380016  -  ResidentSetSize of job (KB)
...
006 (3447445.003.000) 01/31 09:18:25 Image size of job updated: 380556
	372  -  MemoryUsage of job (MB)
	380040  -  ResidentSetSize of job (KB)
...
006 (3447445.003.000) 01/31 09:23:25 Image size of job updated: 380592
	372  -  MemoryUsage of job (MB)
	380076  -  ResidentSetSize of job (KB)
...
006 (3447445.003.000) 01/31 09:28:26 Image size of job updated: 380608
	372  -  MemoryUsage of job (MB)
	380092  -  ResidentSetSize of job (KB)
...
006 (3447445.003.000) 01/31 09:53:29 Image size of job updated: 380612
	372  -  MemoryUsage of job (MB)
	380096  -  ResidentSetSize of job (KB)
...
006 (3447445.003.000) 01/31 10:03:30 Image size of job updated: 380664
	372  -  MemoryUsage of job (MB)
	380148  -  ResidentSetSize of job (KB)
...
006 (3447445.003.000) 01/31 10:08:31 Image size of job updated: 380684
	372  -  MemoryUsage of job (MB)
	380168  -  ResidentSetSize of job (KB)
...
006 (3447445.003.000) 01/31 10:13:31 Image size of job updated: 380704
	372  -  MemoryUsage of job (MB)
	380188  -  ResidentSetSize of job (KB)
...
006 (3447445.003.000) 01/31 10:23:32 Image size of job updated: 380716
	372  -  MemoryUsage of job (MB)
	380200  -  ResidentSetSize of job (KB)
...
006 (3447445.003.000) 01/31 10:28:32 Image size of job updated: 380728
	372  -  MemoryUsage of job (MB)
	380212  -  ResidentSetSize of job (KB)
...
006 (3447445.003.000) 01/31 10:38:33 Image size of job updated: 380736
	372  -  MemoryUsage of job (MB)
	380220  -  ResidentSetSize of job (KB)
...
006 (3447445.003.000) 01/31 10:43:34 Image size of job updated: 380748
	372  -  MemoryUsage of job (MB)
	380232  -  ResidentSetSize of job (KB)
...
006 (3447445.003.000) 01/31 10:48:34 Image size of job updated: 380768
	372  -  MemoryUsage of job (MB)
	380252  -  ResidentSetSize of job (KB)
...
006 (3447445.003.000) 01/31 10:53:35 Image size of job updated: 380776
	372  -  MemoryUsage of job (MB)
	380260  -  ResidentSetSize of job (KB)
...
006 (3447445.003.000) 01/31 10:58:36 Image size of job updated: 380836
	372  -  MemoryUsage of job (MB)
	380320  -  ResidentSetSize of job (KB)
...
006 (3447445.003.000) 01/31 11:18:37 Image size of job updated: 380848
	372  -  MemoryUsage of job (MB)
	380332  -  ResidentSetSize of job (KB)
...
006 (3447445.003.000) 01/31 11:28:38 Image size of job updated: 380884
	372  -  MemoryUsage of job (MB)
	380368  -  ResidentSetSize of job (KB)
...
006 (3447445.003.000) 01/31 11:33:39 Image size of job updated: 380900
	372  -  MemoryUsage of job (MB)
	380384  -  ResidentSetSize of job (KB)
...
006 (3447445.003.000) 01/31 11:38:39 Image size of job updated: 380908
	372  -  MemoryUsage of job (MB)
	380392  -  ResidentSetSize of job (KB)
...
006 (3447445.003.000) 01/31 11:43:40 Image size of job updated: 380920
	372  -  MemoryUsage of job (MB)
	380404  -  ResidentSetSize of job (KB)
...
006 (3447445.003.000) 01/31 11:48:41 Image size of job updated: 381100
	372  -  MemoryUsage of job (MB)
	380408  -  ResidentSetSize of job (KB)
...
006 (3447445.003.000) 01/31 11:53:41 Image size of job updated: 381148
	372  -  MemoryUsage of job (MB)
	380456  -  ResidentSetSize of job (KB)
...
006 (3447445.003.000) 01/31 11:58:41 Image size of job updated: 381160
	372  -  MemoryUsage of job (MB)
	380468  -  ResidentSetSize of job (KB)
...
006 (3447445.003.000) 01/31 12:03:42 Image size of job updated: 381164
	372  -  MemoryUsage of job (MB)
	380472  -  ResidentSetSize of job (KB)
...
006 (3447445.003.000) 01/31 12:13:42 Image size of job updated: 381220
	372  -  MemoryUsage of job (MB)
	380476  -  ResidentSetSize of job (KB)
...
006 (3447445.003.000) 01/31 12:18:43 Image size of job updated: 381224
	372  -  MemoryUsage of job (MB)
	380480  -  ResidentSetSize of job (KB)
...
006 (3447445.003.000) 01/31 12:23:44 Image size of job updated: 381260
	372  -  MemoryUsage of job (MB)
	380516  -  ResidentSetSize of job (KB)
...
006 (3447445.003.000) 01/31 12:28:44 Image size of job updated: 381288
	372  -  MemoryUsage of job (MB)
	380544  -  ResidentSetSize of job (KB)
...
006 (3447445.003.000) 01/31 12:33:45 Image size of job updated: 381308
	372  -  MemoryUsage of job (MB)
	380564  -  ResidentSetSize of job (KB)
...
006 (3447445.003.000) 01/31 12:53:47 Image size of job updated: 381332
	372  -  MemoryUsage of job (MB)
	380588  -  ResidentSetSize of job (KB)
...
006 (3447445.003.000) 01/31 12:58:48 Image size of job updated: 381344
	372  -  MemoryUsage of job (MB)
	380600  -  ResidentSetSize of job (KB)
...
006 (3447445.003.000) 01/31 13:03:48 Image size of job updated: 381372
	372  -  MemoryUsage of job (MB)
	380628  -  ResidentSetSize of job (KB)
...
006 (3447445.003.000) 01/31 13:08:49 Image size of job updated: 381392
	372  -  MemoryUsage of job (MB)
	380648  -  ResidentSetSize of job (KB)
...
006 (3447445.003.000) 01/31 13:13:50 Image size of job updated: 381440
	372  -  MemoryUsage of job (MB)
	380696  -  ResidentSetSize of job (KB)
...
006 (3447445.003.000) 01/31 13:23:50 Image size of job updated: 381468
	372  -  MemoryUsage of job (MB)
	380724  -  ResidentSetSize of job (KB)
...
006 (3447445.003.000) 01/31 13:33:51 Image size of job updated: 381480
	372  -  MemoryUsage of job (MB)
	380736  -  ResidentSetSize of job (KB)
...
006 (3447445.003.000) 01/31 13:38:51 Image size of job updated: 381484
	372  -  MemoryUsage of job (MB)
	380740  -  ResidentSetSize of job (KB)
...
006 (3447445.003.000) 01/31 13:48:52 Image size of job updated: 381492
	372  -  MemoryUsage of job (MB)
	380748  -  ResidentSetSize of job (KB)
...
006 (3447445.003.000) 01/31 13:53:52 Image size of job updated: 381500
	372  -  MemoryUsage of job (MB)
	380756  -  ResidentSetSize of job (KB)
...
006 (3447445.003.000) 01/31 13:58:53 Image size of job updated: 381512
	372  -  MemoryUsage of job (MB)
	380768  -  ResidentSetSize of job (KB)
...
006 (3447445.003.000) 01/31 14:03:54 Image size of job updated: 381528
	372  -  MemoryUsage of job (MB)
	380784  -  ResidentSetSize of job (KB)
...
006 (3447445.003.000) 01/31 14:13:55 Image size of job updated: 381572
	372  -  MemoryUsage of job (MB)
	380828  -  ResidentSetSize of job (KB)
...
006 (3447445.003.000) 01/31 14:18:56 Image size of job updated: 381608
	372  -  MemoryUsage of job (MB)
	380864  -  ResidentSetSize of job (KB)
...
006 (3447445.003.000) 01/31 14:23:56 Image size of job updated: 381612
	372  -  MemoryUsage of job (MB)
	380868  -  ResidentSetSize of job (KB)
...
006 (3447445.003.000) 01/31 14:33:57 Image size of job updated: 381640
	372  -  MemoryUsage of job (MB)
	380896  -  ResidentSetSize of job (KB)
...
006 (3447445.003.000) 01/31 14:38:57 Image size of job updated: 381656
	372  -  MemoryUsage of job (MB)
	380912  -  ResidentSetSize of job (KB)
...
006 (3447445.003.000) 01/31 14:43:57 Image size of job updated: 381680
	373  -  MemoryUsage of job (MB)
	380936  -  ResidentSetSize of job (KB)
...
006 (3447445.003.000) 01/31 14:48:58 Image size of job updated: 381688
	373  -  MemoryUsage of job (MB)
	380944  -  ResidentSetSize of job (KB)
...
006 (3447445.003.000) 01/31 14:53:59 Image size of job updated: 381700
	373  -  MemoryUsage of job (MB)
	380956  -  ResidentSetSize of job (KB)
...
006 (3447445.003.000) 01/31 14:58:59 Image size of job updated: 381716
	373  -  MemoryUsage of job (MB)
	380972  -  ResidentSetSize of job (KB)
...
006 (3447445.003.000) 01/31 15:09:01 Image size of job updated: 381716
	373  -  MemoryUsage of job (MB)
	380996  -  ResidentSetSize of job (KB)
...
006 (3447445.003.000) 01/31 15:24:02 Image size of job updated: 381716
	373  -  MemoryUsage of job (MB)
	381000  -  ResidentSetSize of job (KB)
...
006 (3447445.003.000) 01/31 15:29:02 Image size of job updated: 381716
	373  -  MemoryUsage of job (MB)
	381024  -  ResidentSetSize of job (KB)
...
006 (3447445.003.000) 01/31 15:34:02 Image size of job updated: 381716
	373  -  MemoryUsage of job (MB)
	381032  -  ResidentSetSize of job (KB)
...
006 (3447445.003.000) 01/31 15:39:04 Image size of job updated: 381716
	373  -  MemoryUsage of job (MB)
	381048  -  ResidentSetSize of job (KB)
...
006 (3447445.003.000) 01/31 15:44:04 Image size of job updated: 381716
	373  -  MemoryUsage of job (MB)
	381064  -  ResidentSetSize of job (KB)
...
006 (3447445.003.000) 01/31 15:49:04 Image size of job updated: 381716
	373  -  MemoryUsage of job (MB)
	381080  -  ResidentSetSize of job (KB)
...
006 (3447445.003.000) 01/31 15:54:05 Image size of job updated: 381716
	373  -  MemoryUsage of job (MB)
	381104  -  ResidentSetSize of job (KB)
...
006 (3447445.003.000) 01/31 15:59:06 Image size of job updated: 381716
	373  -  MemoryUsage of job (MB)
	381112  -  ResidentSetSize of job (KB)
...
006 (3447445.003.000) 01/31 16:09:07 Image size of job updated: 381780
	373  -  MemoryUsage of job (MB)
	381208  -  ResidentSetSize of job (KB)
...
006 (3447445.003.000) 01/31 16:14:08 Image size of job updated: 381892
	373  -  MemoryUsage of job (MB)
	381320  -  ResidentSetSize of job (KB)
...
006 (3447445.003.000) 01/31 16:44:11 Image size of job updated: 382776
	373  -  MemoryUsage of job (MB)
	381320  -  ResidentSetSize of job (KB)
...
006 (3447445.003.000) 01/31 16:54:11 Image size of job updated: 382776
	373  -  MemoryUsage of job (MB)
	381328  -  ResidentSetSize of job (KB)
...
006 (3447445.003.000) 01/31 16:59:12 Image size of job updated: 382776
	373  -  MemoryUsage of job (MB)
	381336  -  ResidentSetSize of job (KB)
...
006 (3447445.003.000) 01/31 17:04:12 Image size of job updated: 382948
	373  -  MemoryUsage of job (MB)
	381372  -  ResidentSetSize of job (KB)
...
006 (3447445.003.000) 01/31 17:09:12 Image size of job updated: 382972
	373  -  MemoryUsage of job (MB)
	381396  -  ResidentSetSize of job (KB)
...
006 (3447445.003.000) 01/31 17:15:23 Image size of job updated: 382980
	373  -  MemoryUsage of job (MB)
	381404  -  ResidentSetSize of job (KB)
...
006 (3447445.003.000) 01/31 17:19:13 Image size of job updated: 383000
	373  -  MemoryUsage of job (MB)
	381424  -  ResidentSetSize of job (KB)
...
006 (3447445.003.000) 01/31 17:24:13 Image size of job updated: 383000
	373  -  MemoryUsage of job (MB)
	381500  -  ResidentSetSize of job (KB)
...
006 (3447445.003.000) 01/31 17:29:14 Image size of job updated: 383000
	373  -  MemoryUsage of job (MB)
	381532  -  ResidentSetSize of job (KB)
...
006 (3447445.003.000) 01/31 17:35:23 Image size of job updated: 383000
	373  -  MemoryUsage of job (MB)
	381568  -  ResidentSetSize of job (KB)
...
006 (3447445.003.000) 01/31 17:44:27 Image size of job updated: 383000
	373  -  MemoryUsage of job (MB)
	381580  -  ResidentSetSize of job (KB)
...
006 (3447445.003.000) 01/31 17:49:27 Image size of job updated: 383000
	373  -  MemoryUsage of job (MB)
	381588  -  ResidentSetSize of job (KB)
...
006 (3447445.003.000) 01/31 18:04:29 Image size of job updated: 383000
	373  -  MemoryUsage of job (MB)
	381636  -  ResidentSetSize of job (KB)
...
006 (3447445.003.000) 01/31 18:14:31 Image size of job updated: 383000
	373  -  MemoryUsage of job (MB)
	381652  -  ResidentSetSize of job (KB)
...
006 (3447445.003.000) 01/31 18:19:31 Image size of job updated: 383000
	373  -  MemoryUsage of job (MB)
	381660  -  ResidentSetSize of job (KB)
...
006 (3447445.003.000) 01/31 18:24:32 Image size of job updated: 383000
	373  -  MemoryUsage of job (MB)
	381664  -  ResidentSetSize of job (KB)
...
006 (3447445.003.000) 01/31 18:29:33 Image size of job updated: 383000
	373  -  MemoryUsage of job (MB)
	381728  -  ResidentSetSize of job (KB)
...
006 (3447445.003.000) 01/31 18:34:33 Image size of job updated: 383000
	373  -  MemoryUsage of job (MB)
	381732  -  ResidentSetSize of job (KB)
...
006 (3447445.003.000) 01/31 18:39:33 Image size of job updated: 383000
	373  -  MemoryUsage of job (MB)
	381744  -  ResidentSetSize of job (KB)
...
006 (3447445.003.000) 01/31 18:44:34 Image size of job updated: 383000
	373  -  MemoryUsage of job (MB)
	381752  -  ResidentSetSize of job (KB)
...
006 (3447445.003.000) 01/31 18:54:35 Image size of job updated: 383000
	373  -  MemoryUsage of job (MB)
	381756  -  ResidentSetSize of job (KB)
...
006 (3447445.003.000) 01/31 18:59:35 Image size of job updated: 383000
	373  -  MemoryUsage of job (MB)
	381788  -  ResidentSetSize of job (KB)
...
006 (3447445.003.000) 01/31 19:04:35 Image size of job updated: 383000
	373  -  MemoryUsage of job (MB)
	381792  -  ResidentSetSize of job (KB)
...
006 (3447445.003.000) 01/31 19:09:36 Image size of job updated: 383000
	373  -  MemoryUsage of job (MB)
	381808  -  ResidentSetSize of job (KB)
...
006 (3447445.003.000) 01/31 19:19:37 Image size of job updated: 383000
	373  -  MemoryUsage of job (MB)
	381832  -  ResidentSetSize of job (KB)
...
006 (3447445.003.000) 01/31 19:24:38 Image size of job updated: 383000
	373  -  MemoryUsage of job (MB)
	381856  -  ResidentSetSize of job (KB)
...
006 (3447445.003.000) 01/31 19:29:39 Image size of job updated: 383000
	373  -  MemoryUsage of job (MB)
	381876  -  ResidentSetSize of job (KB)
...
006 (3447445.003.000) 01/31 19:34:39 Image size of job updated: 383000
	373  -  MemoryUsage of job (MB)
	381908  -  ResidentSetSize of job (KB)
...
006 (3447445.003.000) 01/31 19:39:39 Image size of job updated: 383000
	373  -  MemoryUsage of job (MB)
	381932  -  ResidentSetSize of job (KB)
...
006 (3447445.003.000) 01/31 19:49:40 Image size of job updated: 383392
	373  -  MemoryUsage of job (MB)
	381936  -  ResidentSetSize of job (KB)
...
006 (3447445.003.000) 01/31 19:54:40 Image size of job updated: 383424
	374  -  MemoryUsage of job (MB)
	381968  -  ResidentSetSize of job (KB)
...
006 (3447445.003.000) 01/31 19:59:41 Image size of job updated: 383484
	374  -  MemoryUsage of job (MB)
	382016  -  ResidentSetSize of job (KB)
...
006 (3447445.003.000) 01/31 20:04:42 Image size of job updated: 383520
	374  -  MemoryUsage of job (MB)
	382052  -  ResidentSetSize of job (KB)
...
006 (3447445.003.000) 01/31 20:09:42 Image size of job updated: 383536
	374  -  MemoryUsage of job (MB)
	382068  -  ResidentSetSize of job (KB)
...
006 (3447445.003.000) 01/31 20:19:43 Image size of job updated: 383544
	374  -  MemoryUsage of job (MB)
	382076  -  ResidentSetSize of job (KB)
...
006 (3447445.003.000) 01/31 20:24:44 Image size of job updated: 383552
	374  -  MemoryUsage of job (MB)
	382084  -  ResidentSetSize of job (KB)
...
006 (3447445.003.000) 01/31 20:39:45 Image size of job updated: 383584
	374  -  MemoryUsage of job (MB)
	382116  -  ResidentSetSize of job (KB)
...
006 (3447445.003.000) 01/31 20:44:46 Image size of job updated: 383656
	374  -  MemoryUsage of job (MB)
	382188  -  ResidentSetSize of job (KB)
...
006 (3447445.003.000) 01/31 20:54:46 Image size of job updated: 383676
	374  -  MemoryUsage of job (MB)
	382208  -  ResidentSetSize of job (KB)
...
006 (3447445.003.000) 01/31 21:04:48 Image size of job updated: 383708
	374  -  MemoryUsage of job (MB)
	382240  -  ResidentSetSize of job (KB)
...
006 (3447445.003.000) 01/31 21:09:48 Image size of job updated: 383744
	374  -  MemoryUsage of job (MB)
	382276  -  ResidentSetSize of job (KB)
...
006 (3447445.003.000) 01/31 21:14:48 Image size of job updated: 383760
	374  -  MemoryUsage of job (MB)
	382292  -  ResidentSetSize of job (KB)
...
006 (3447445.003.000) 01/31 21:34:50 Image size of job updated: 383768
	374  -  MemoryUsage of job (MB)
	382300  -  ResidentSetSize of job (KB)
...
006 (3447445.003.000) 01/31 21:39:51 Image size of job updated: 383804
	374  -  MemoryUsage of job (MB)
	382336  -  ResidentSetSize of job (KB)
...
006 (3447445.003.000) 01/31 21:44:51 Image size of job updated: 383840
	374  -  MemoryUsage of job (MB)
	382372  -  ResidentSetSize of job (KB)
...
006 (3447445.003.000) 01/31 21:49:51 Image size of job updated: 383872
	374  -  MemoryUsage of job (MB)
	382404  -  ResidentSetSize of job (KB)
...
006 (3447445.003.000) 01/31 21:54:52 Image size of job updated: 383880
	374  -  MemoryUsage of job (MB)
	382412  -  ResidentSetSize of job (KB)
...
006 (3447445.003.000) 01/31 21:59:53 Image size of job updated: 383948
	374  -  MemoryUsage of job (MB)
	382480  -  ResidentSetSize of job (KB)
...
006 (3447445.003.000) 01/31 22:04:53 Image size of job updated: 383956
	374  -  MemoryUsage of job (MB)
	382488  -  ResidentSetSize of job (KB)
...
006 (3447445.003.000) 01/31 22:14:54 Image size of job updated: 383968
	374  -  MemoryUsage of job (MB)
	382500  -  ResidentSetSize of job (KB)
...
006 (3447445.003.000) 01/31 22:19:55 Image size of job updated: 384004
	374  -  MemoryUsage of job (MB)
	382536  -  ResidentSetSize of job (KB)
...
006 (3447445.003.000) 01/31 22:24:55 Image size of job updated: 384028
	374  -  MemoryUsage of job (MB)
	382560  -  ResidentSetSize of job (KB)
...
006 (3447445.003.000) 01/31 22:29:55 Image size of job updated: 384044
	374  -  MemoryUsage of job (MB)
	382576  -  ResidentSetSize of job (KB)
...
006 (3447445.003.000) 01/31 22:34:56 Image size of job updated: 384076
	374  -  MemoryUsage of job (MB)
	382608  -  ResidentSetSize of job (KB)
...
006 (3447445.003.000) 01/31 22:39:57 Image size of job updated: 384096
	374  -  MemoryUsage of job (MB)
	382628  -  ResidentSetSize of job (KB)
...
006 (3447445.003.000) 01/31 22:44:57 Image size of job updated: 384144
	374  -  MemoryUsage of job (MB)
	382676  -  ResidentSetSize of job (KB)
...
006 (3447445.003.000) 01/31 22:49:57 Image size of job updated: 384152
	374  -  MemoryUsage of job (MB)
	382684  -  ResidentSetSize of job (KB)
...
006 (3447445.003.000) 01/31 22:59:59 Image size of job updated: 384172
	374  -  MemoryUsage of job (MB)
	382704  -  ResidentSetSize of job (KB)
...
006 (3447445.003.000) 01/31 23:04:59 Image size of job updated: 384220
	374  -  MemoryUsage of job (MB)
	382752  -  ResidentSetSize of job (KB)
...
006 (3447445.003.000) 01/31 23:09:59 Image size of job updated: 384268
	374  -  MemoryUsage of job (MB)
	382800  -  ResidentSetSize of job (KB)
...
006 (3447445.003.000) 01/31 23:20:00 Image size of job updated: 384276
	374  -  MemoryUsage of job (MB)
	382808  -  ResidentSetSize of job (KB)
...
006 (3447445.003.000) 01/31 23:25:00 Image size of job updated: 384304
	374  -  MemoryUsage of job (MB)
	382836  -  ResidentSetSize of job (KB)
...
006 (3447445.003.000) 01/31 23:30:01 Image size of job updated: 384360
	374  -  MemoryUsage of job (MB)
	382892  -  ResidentSetSize of job (KB)
...
006 (3447445.003.000) 01/31 23:40:02 Image size of job updated: 384392
	374  -  MemoryUsage of job (MB)
	382924  -  ResidentSetSize of job (KB)
...
006 (3447445.003.000) 01/31 23:45:02 Image size of job updated: 384432
	374  -  MemoryUsage of job (MB)
	382964  -  ResidentSetSize of job (KB)
...
006 (3447445.003.000) 01/31 23:50:03 Image size of job updated: 384444
	374  -  MemoryUsage of job (MB)
	382976  -  ResidentSetSize of job (KB)
...
006 (3447445.003.000) 02/01 00:00:04 Image size of job updated: 384456
	375  -  MemoryUsage of job (MB)
	382988  -  ResidentSetSize of job (KB)
...
006 (3447445.003.000) 02/01 00:10:05 Image size of job updated: 384512
	375  -  MemoryUsage of job (MB)
	383044  -  ResidentSetSize of job (KB)
...
006 (3447445.003.000) 02/01 00:15:06 Image size of job updated: 384516
	375  -  MemoryUsage of job (MB)
	383048  -  ResidentSetSize of job (KB)
...
006 (3447445.003.000) 02/01 00:20:06 Image size of job updated: 384608
	375  -  MemoryUsage of job (MB)
	383140  -  ResidentSetSize of job (KB)
...
006 (3447445.003.000) 02/01 00:30:07 Image size of job updated: 384664
	375  -  MemoryUsage of job (MB)
	383196  -  ResidentSetSize of job (KB)
...
006 (3447445.003.000) 02/01 00:40:08 Image size of job updated: 384716
	375  -  MemoryUsage of job (MB)
	383248  -  ResidentSetSize of job (KB)
...
006 (3447445.003.000) 02/01 00:50:09 Image size of job updated: 384716
	375  -  MemoryUsage of job (MB)
	383256  -  ResidentSetSize of job (KB)
...
006 (3447445.003.000) 02/01 00:55:10 Image size of job updated: 384716
	375  -  MemoryUsage of job (MB)
	383284  -  ResidentSetSize of job (KB)
...
006 (3447445.003.000) 02/01 01:05:10 Image size of job updated: 384740
	375  -  MemoryUsage of job (MB)
	383312  -  ResidentSetSize of job (KB)
...
006 (3447445.003.000) 02/01 01:10:12 Image size of job updated: 384740
	375  -  MemoryUsage of job (MB)
	383328  -  ResidentSetSize of job (KB)
...
006 (3447445.003.000) 02/01 01:15:12 Image size of job updated: 384740
	375  -  MemoryUsage of job (MB)
	383344  -  ResidentSetSize of job (KB)
...
006 (3447445.003.000) 02/01 01:20:12 Image size of job updated: 384740
	375  -  MemoryUsage of job (MB)
	383400  -  ResidentSetSize of job (KB)
...
006 (3447445.003.000) 02/01 01:35:14 Image size of job updated: 384740
	375  -  MemoryUsage of job (MB)
	383428  -  ResidentSetSize of job (KB)
...
006 (3447445.003.000) 02/01 01:40:15 Image size of job updated: 384740
	375  -  MemoryUsage of job (MB)
	383452  -  ResidentSetSize of job (KB)
...
006 (3447445.003.000) 02/01 01:45:16 Image size of job updated: 384740
	375  -  MemoryUsage of job (MB)
	383476  -  ResidentSetSize of job (KB)
...
006 (3447445.003.000) 02/01 01:50:16 Image size of job updated: 384740
	375  -  MemoryUsage of job (MB)
	383496  -  ResidentSetSize of job (KB)
...
006 (3447445.003.000) 02/01 01:55:16 Image size of job updated: 384740
	375  -  MemoryUsage of job (MB)
	383504  -  ResidentSetSize of job (KB)
...
006 (3447445.003.000) 02/01 02:00:17 Image size of job updated: 384740
	375  -  MemoryUsage of job (MB)
	383524  -  ResidentSetSize of job (KB)
...
006 (3447445.003.000) 02/01 02:05:17 Image size of job updated: 384740
	375  -  MemoryUsage of job (MB)
	383544  -  ResidentSetSize of job (KB)
...
006 (3447445.003.000) 02/01 02:11:56 Image size of job updated: 384740
	375  -  MemoryUsage of job (MB)
	383568  -  ResidentSetSize of job (KB)
...
006 (3447445.003.000) 02/01 02:16:53 Image size of job updated: 384740
	375  -  MemoryUsage of job (MB)
	383604  -  ResidentSetSize of job (KB)
...
006 (3447445.003.000) 02/01 02:21:54 Image size of job updated: 384740
	375  -  MemoryUsage of job (MB)
	383644  -  ResidentSetSize of job (KB)
...
006 (3447445.003.000) 02/01 02:31:54 Image size of job updated: 384740
	375  -  MemoryUsage of job (MB)
	383668  -  ResidentSetSize of job (KB)
...
006 (3447445.003.000) 02/01 02:36:55 Image size of job updated: 384740
	375  -  MemoryUsage of job (MB)
	383696  -  ResidentSetSize of job (KB)
...
006 (3447445.003.000) 02/01 02:41:55 Image size of job updated: 384740
	375  -  MemoryUsage of job (MB)
	383752  -  ResidentSetSize of job (KB)
...
006 (3447445.003.000) 02/01 02:46:55 Image size of job updated: 384740
	375  -  MemoryUsage of job (MB)
	383756  -  ResidentSetSize of job (KB)
...
006 (3447445.003.000) 02/01 02:51:56 Image size of job updated: 384740
	375  -  MemoryUsage of job (MB)
	383808  -  ResidentSetSize of job (KB)
...
006 (3447445.003.000) 02/01 03:06:58 Image size of job updated: 384740
	375  -  MemoryUsage of job (MB)
	383816  -  ResidentSetSize of job (KB)
...
006 (3447445.003.000) 02/01 03:11:59 Image size of job updated: 384740
	375  -  MemoryUsage of job (MB)
	383864  -  ResidentSetSize of job (KB)
...
006 (3447445.003.000) 02/01 03:16:59 Image size of job updated: 384740
	375  -  MemoryUsage of job (MB)
	383892  -  ResidentSetSize of job (KB)
...
006 (3447445.003.000) 02/01 03:21:59 Image size of job updated: 384740
	375  -  MemoryUsage of job (MB)
	383900  -  ResidentSetSize of job (KB)
...
006 (3447445.003.000) 02/01 03:27:00 Image size of job updated: 384740
	375  -  MemoryUsage of job (MB)
	383928  -  ResidentSetSize of job (KB)
...
006 (3447445.003.000) 02/01 03:37:01 Image size of job updated: 384740
	375  -  MemoryUsage of job (MB)
	383960  -  ResidentSetSize of job (KB)
...
006 (3447445.003.000) 02/01 03:47:03 Image size of job updated: 384740
	376  -  MemoryUsage of job (MB)
	384040  -  ResidentSetSize of job (KB)
...
006 (3447445.003.000) 02/01 03:52:03 Image size of job updated: 384740
	376  -  MemoryUsage of job (MB)
	384096  -  ResidentSetSize of job (KB)
...
006 (3447445.003.000) 02/01 04:02:04 Image size of job updated: 384740
	376  -  MemoryUsage of job (MB)
	384116  -  ResidentSetSize of job (KB)
...
006 (3447445.003.000) 02/01 04:07:05 Image size of job updated: 384760
	376  -  MemoryUsage of job (MB)
	384180  -  ResidentSetSize of job (KB)
...
006 (3447445.003.000) 02/01 04:12:24 Image size of job updated: 384776
	376  -  MemoryUsage of job (MB)
	384196  -  ResidentSetSize of job (KB)
...
006 (3447445.003.000) 02/01 04:17:05 Image size of job updated: 384804
	376  -  MemoryUsage of job (MB)
	384224  -  ResidentSetSize of job (KB)
...
006 (3447445.003.000) 02/01 04:27:05 Image size of job updated: 384820
	376  -  MemoryUsage of job (MB)
	384240  -  ResidentSetSize of job (KB)
...
006 (3447445.003.000) 02/01 04:32:06 Image size of job updated: 384836
	376  -  MemoryUsage of job (MB)
	384256  -  ResidentSetSize of job (KB)
...
006 (3447445.003.000) 02/01 04:37:06 Image size of job updated: 384848
	376  -  MemoryUsage of job (MB)
	384268  -  ResidentSetSize of job (KB)
...
006 (3447445.003.000) 02/01 04:42:07 Image size of job updated: 384896
	376  -  MemoryUsage of job (MB)
	384316  -  ResidentSetSize of job (KB)
...
006 (3447445.003.000) 02/01 04:47:08 Image size of job updated: 384924
	376  -  MemoryUsage of job (MB)
	384344  -  ResidentSetSize of job (KB)
...
006 (3447445.003.000) 02/01 04:52:08 Image size of job updated: 384992
	376  -  MemoryUsage of job (MB)
	384412  -  ResidentSetSize of job (KB)
...
006 (3447445.003.000) 02/01 04:57:08 Image size of job updated: 385000
	376  -  MemoryUsage of job (MB)
	384420  -  ResidentSetSize of job (KB)
...
006 (3447445.003.000) 02/01 05:02:09 Image size of job updated: 385024
	376  -  MemoryUsage of job (MB)
	384444  -  ResidentSetSize of job (KB)
...
006 (3447445.003.000) 02/01 05:07:10 Image size of job updated: 385040
	376  -  MemoryUsage of job (MB)
	384460  -  ResidentSetSize of job (KB)
...
006 (3447445.003.000) 02/01 05:12:10 Image size of job updated: 385076
	376  -  MemoryUsage of job (MB)
	384496  -  ResidentSetSize of job (KB)
...
006 (3447445.003.000) 02/01 05:22:11 Image size of job updated: 385116
	376  -  MemoryUsage of job (MB)
	384536  -  ResidentSetSize of job (KB)
...
006 (3447445.003.000) 02/01 05:27:11 Image size of job updated: 385536
	376  -  MemoryUsage of job (MB)
	384952  -  ResidentSetSize of job (KB)
...
006 (3447445.003.000) 02/01 05:32:11 Image size of job updated: 386076
	377  -  MemoryUsage of job (MB)
	385480  -  ResidentSetSize of job (KB)
...
040 (3447445.003.000) 02/01 05:35:57 Started transferring output files
...
040 (3447445.003.000) 02/01 05:35:57 Finished transferring output files
...
005 (3447445.003.000) 02/01 05:35:57 Job terminated.
	(1) Normal termination (return value 0)
		Usr 1 21:00:34, Sys 0 00:02:26  -  Run Remote Usage
		Usr 0 00:00:00, Sys 0 00:00:00  -  Run Local Usage
		Usr 1 21:00:34, Sys 0 00:02:26  -  Total Remote Usage
		Usr 0 00:00:00, Sys 0 00:00:00  -  Total Local Usage
	34643  -  Run Bytes Sent By Job
	493  -  Run Bytes Received By Job
	34643  -  Total Bytes Sent By Job
	493  -  Total Bytes Received By Job
	Partitionable Resources :    Usage  Request Allocated 
	   Cpus                 :                 1           
	   Disk (KB)            :       47        1   3075845 
	   Memory (MB)          :      377     2000      2000 
...
