000 (3447447.004.000) 01/30 07:33:49 Job submitted from host: <188.185.71.142:9618?addrs=188.185.71.142-9618+[2001-1458-d00-7--100-388]-9618&alias=bigbird09.cern.ch&noUDP&sock=schedd_2208_1533_7>
...
040 (3447447.004.000) 01/30 07:55:54 Started transferring input files
	Transferring to host: <188.184.138.94:9618?addrs=188.184.138.94-9618+[2001-1458-301-45--100-7f]-9618&noUDP&sock=1877_4425_198956>
...
040 (3447447.004.000) 01/30 07:55:54 Finished transferring input files
...
001 (3447447.004.000) 01/30 07:55:55 Job executing on host: <188.184.138.94:9618?addrs=188.184.138.94-9618+[2001-1458-301-45--100-7f]-9618&noUDP&sock=5579_4ef5_3>
...
006 (3447447.004.000) 01/30 07:56:04 Image size of job updated: 135604
	73  -  MemoryUsage of job (MB)
	74312  -  ResidentSetSize of job (KB)
...
006 (3447447.004.000) 01/30 08:01:05 Image size of job updated: 364016
	354  -  MemoryUsage of job (MB)
	361564  -  ResidentSetSize of job (KB)
...
006 (3447447.004.000) 01/30 09:01:11 Image size of job updated: 364028
	354  -  MemoryUsage of job (MB)
	361580  -  ResidentSetSize of job (KB)
...
006 (3447447.004.000) 01/30 11:51:30 Image size of job updated: 364156
	354  -  MemoryUsage of job (MB)
	361708  -  ResidentSetSize of job (KB)
...
006 (3447447.004.000) 01/30 12:11:32 Image size of job updated: 364200
	354  -  MemoryUsage of job (MB)
	361752  -  ResidentSetSize of job (KB)
...
006 (3447447.004.000) 01/30 12:16:33 Image size of job updated: 364276
	354  -  MemoryUsage of job (MB)
	361828  -  ResidentSetSize of job (KB)
...
006 (3447447.004.000) 01/30 12:21:34 Image size of job updated: 364284
	354  -  MemoryUsage of job (MB)
	361836  -  ResidentSetSize of job (KB)
...
006 (3447447.004.000) 01/30 12:31:34 Image size of job updated: 364548
	354  -  MemoryUsage of job (MB)
	362076  -  ResidentSetSize of job (KB)
...
006 (3447447.004.000) 01/30 12:36:35 Image size of job updated: 364588
	354  -  MemoryUsage of job (MB)
	362100  -  ResidentSetSize of job (KB)
...
006 (3447447.004.000) 01/30 12:41:35 Image size of job updated: 364652
	354  -  MemoryUsage of job (MB)
	362164  -  ResidentSetSize of job (KB)
...
006 (3447447.004.000) 01/30 12:46:35 Image size of job updated: 364740
	354  -  MemoryUsage of job (MB)
	362252  -  ResidentSetSize of job (KB)
...
006 (3447447.004.000) 01/30 12:51:36 Image size of job updated: 364836
	354  -  MemoryUsage of job (MB)
	362348  -  ResidentSetSize of job (KB)
...
006 (3447447.004.000) 01/30 12:56:37 Image size of job updated: 364960
	354  -  MemoryUsage of job (MB)
	362472  -  ResidentSetSize of job (KB)
...
006 (3447447.004.000) 01/30 13:01:37 Image size of job updated: 364992
	355  -  MemoryUsage of job (MB)
	362504  -  ResidentSetSize of job (KB)
...
006 (3447447.004.000) 01/30 13:06:37 Image size of job updated: 365116
	355  -  MemoryUsage of job (MB)
	362628  -  ResidentSetSize of job (KB)
...
006 (3447447.004.000) 01/30 13:11:38 Image size of job updated: 365232
	355  -  MemoryUsage of job (MB)
	362744  -  ResidentSetSize of job (KB)
...
006 (3447447.004.000) 01/30 13:16:39 Image size of job updated: 365276
	355  -  MemoryUsage of job (MB)
	362788  -  ResidentSetSize of job (KB)
...
006 (3447447.004.000) 01/30 13:21:39 Image size of job updated: 365416
	355  -  MemoryUsage of job (MB)
	362928  -  ResidentSetSize of job (KB)
...
006 (3447447.004.000) 01/30 13:26:39 Image size of job updated: 365444
	355  -  MemoryUsage of job (MB)
	362956  -  ResidentSetSize of job (KB)
...
006 (3447447.004.000) 01/30 13:31:40 Image size of job updated: 365444
	355  -  MemoryUsage of job (MB)
	363076  -  ResidentSetSize of job (KB)
...
006 (3447447.004.000) 01/30 13:36:41 Image size of job updated: 365444
	355  -  MemoryUsage of job (MB)
	363096  -  ResidentSetSize of job (KB)
...
006 (3447447.004.000) 01/30 13:41:41 Image size of job updated: 365444
	355  -  MemoryUsage of job (MB)
	363204  -  ResidentSetSize of job (KB)
...
006 (3447447.004.000) 01/30 13:46:41 Image size of job updated: 365444
	355  -  MemoryUsage of job (MB)
	363328  -  ResidentSetSize of job (KB)
...
006 (3447447.004.000) 01/30 13:51:42 Image size of job updated: 365444
	355  -  MemoryUsage of job (MB)
	363412  -  ResidentSetSize of job (KB)
...
006 (3447447.004.000) 01/30 13:56:42 Image size of job updated: 365444
	356  -  MemoryUsage of job (MB)
	363536  -  ResidentSetSize of job (KB)
...
006 (3447447.004.000) 01/30 14:01:42 Image size of job updated: 365444
	356  -  MemoryUsage of job (MB)
	363608  -  ResidentSetSize of job (KB)
...
006 (3447447.004.000) 01/30 14:06:43 Image size of job updated: 365444
	356  -  MemoryUsage of job (MB)
	363748  -  ResidentSetSize of job (KB)
...
006 (3447447.004.000) 01/30 14:11:44 Image size of job updated: 365444
	356  -  MemoryUsage of job (MB)
	363896  -  ResidentSetSize of job (KB)
...
006 (3447447.004.000) 01/30 14:16:44 Image size of job updated: 365444
	356  -  MemoryUsage of job (MB)
	363924  -  ResidentSetSize of job (KB)
...
006 (3447447.004.000) 01/30 14:21:44 Image size of job updated: 365444
	356  -  MemoryUsage of job (MB)
	364024  -  ResidentSetSize of job (KB)
...
006 (3447447.004.000) 01/30 14:26:45 Image size of job updated: 365444
	356  -  MemoryUsage of job (MB)
	364120  -  ResidentSetSize of job (KB)
...
006 (3447447.004.000) 01/30 14:31:46 Image size of job updated: 365444
	356  -  MemoryUsage of job (MB)
	364308  -  ResidentSetSize of job (KB)
...
006 (3447447.004.000) 01/30 14:36:46 Image size of job updated: 365444
	356  -  MemoryUsage of job (MB)
	364348  -  ResidentSetSize of job (KB)
...
006 (3447447.004.000) 01/30 14:41:47 Image size of job updated: 365444
	357  -  MemoryUsage of job (MB)
	364572  -  ResidentSetSize of job (KB)
...
006 (3447447.004.000) 01/30 14:46:48 Image size of job updated: 365444
	357  -  MemoryUsage of job (MB)
	364672  -  ResidentSetSize of job (KB)
...
006 (3447447.004.000) 01/30 14:51:48 Image size of job updated: 365444
	357  -  MemoryUsage of job (MB)
	364752  -  ResidentSetSize of job (KB)
...
006 (3447447.004.000) 01/30 14:56:48 Image size of job updated: 365532
	357  -  MemoryUsage of job (MB)
	364876  -  ResidentSetSize of job (KB)
...
006 (3447447.004.000) 01/30 15:01:49 Image size of job updated: 365640
	357  -  MemoryUsage of job (MB)
	364984  -  ResidentSetSize of job (KB)
...
006 (3447447.004.000) 01/30 15:06:50 Image size of job updated: 365768
	357  -  MemoryUsage of job (MB)
	365112  -  ResidentSetSize of job (KB)
...
006 (3447447.004.000) 01/30 15:11:50 Image size of job updated: 365852
	357  -  MemoryUsage of job (MB)
	365196  -  ResidentSetSize of job (KB)
...
006 (3447447.004.000) 01/30 15:16:50 Image size of job updated: 365952
	357  -  MemoryUsage of job (MB)
	365296  -  ResidentSetSize of job (KB)
...
006 (3447447.004.000) 01/30 15:21:51 Image size of job updated: 366044
	357  -  MemoryUsage of job (MB)
	365388  -  ResidentSetSize of job (KB)
...
006 (3447447.004.000) 01/30 15:26:52 Image size of job updated: 366180
	357  -  MemoryUsage of job (MB)
	365524  -  ResidentSetSize of job (KB)
...
006 (3447447.004.000) 01/30 15:31:52 Image size of job updated: 383268
	360  -  MemoryUsage of job (MB)
	367944  -  ResidentSetSize of job (KB)
...
006 (3447447.004.000) 01/30 15:36:52 Image size of job updated: 383456
	360  -  MemoryUsage of job (MB)
	368132  -  ResidentSetSize of job (KB)
...
006 (3447447.004.000) 01/30 15:41:53 Image size of job updated: 383508
	360  -  MemoryUsage of job (MB)
	368184  -  ResidentSetSize of job (KB)
...
006 (3447447.004.000) 01/30 15:46:54 Image size of job updated: 383588
	360  -  MemoryUsage of job (MB)
	368264  -  ResidentSetSize of job (KB)
...
006 (3447447.004.000) 01/30 15:51:54 Image size of job updated: 383676
	360  -  MemoryUsage of job (MB)
	368352  -  ResidentSetSize of job (KB)
...
006 (3447447.004.000) 01/30 15:56:54 Image size of job updated: 383732
	360  -  MemoryUsage of job (MB)
	368408  -  ResidentSetSize of job (KB)
...
006 (3447447.004.000) 01/30 16:01:55 Image size of job updated: 383796
	360  -  MemoryUsage of job (MB)
	368472  -  ResidentSetSize of job (KB)
...
006 (3447447.004.000) 01/30 16:06:56 Image size of job updated: 383832
	360  -  MemoryUsage of job (MB)
	368508  -  ResidentSetSize of job (KB)
...
006 (3447447.004.000) 01/30 16:11:56 Image size of job updated: 383924
	360  -  MemoryUsage of job (MB)
	368600  -  ResidentSetSize of job (KB)
...
006 (3447447.004.000) 01/30 16:16:56 Image size of job updated: 383968
	361  -  MemoryUsage of job (MB)
	368644  -  ResidentSetSize of job (KB)
...
006 (3447447.004.000) 01/30 16:21:57 Image size of job updated: 383976
	361  -  MemoryUsage of job (MB)
	368652  -  ResidentSetSize of job (KB)
...
006 (3447447.004.000) 01/30 16:26:58 Image size of job updated: 384076
	361  -  MemoryUsage of job (MB)
	368752  -  ResidentSetSize of job (KB)
...
006 (3447447.004.000) 01/30 16:31:58 Image size of job updated: 384140
	361  -  MemoryUsage of job (MB)
	368816  -  ResidentSetSize of job (KB)
...
006 (3447447.004.000) 01/30 16:36:58 Image size of job updated: 384224
	361  -  MemoryUsage of job (MB)
	368900  -  ResidentSetSize of job (KB)
...
006 (3447447.004.000) 01/30 16:41:59 Image size of job updated: 384244
	361  -  MemoryUsage of job (MB)
	368920  -  ResidentSetSize of job (KB)
...
006 (3447447.004.000) 01/30 16:47:00 Image size of job updated: 384276
	361  -  MemoryUsage of job (MB)
	368952  -  ResidentSetSize of job (KB)
...
006 (3447447.004.000) 01/30 16:52:00 Image size of job updated: 384364
	361  -  MemoryUsage of job (MB)
	369040  -  ResidentSetSize of job (KB)
...
006 (3447447.004.000) 01/30 16:57:00 Image size of job updated: 384444
	361  -  MemoryUsage of job (MB)
	369120  -  ResidentSetSize of job (KB)
...
006 (3447447.004.000) 01/30 17:02:01 Image size of job updated: 384496
	361  -  MemoryUsage of job (MB)
	369172  -  ResidentSetSize of job (KB)
...
006 (3447447.004.000) 01/30 17:07:03 Image size of job updated: 384544
	361  -  MemoryUsage of job (MB)
	369220  -  ResidentSetSize of job (KB)
...
006 (3447447.004.000) 01/30 17:12:03 Image size of job updated: 384620
	361  -  MemoryUsage of job (MB)
	369296  -  ResidentSetSize of job (KB)
...
006 (3447447.004.000) 01/30 17:17:03 Image size of job updated: 384656
	361  -  MemoryUsage of job (MB)
	369332  -  ResidentSetSize of job (KB)
...
006 (3447447.004.000) 01/30 17:22:03 Image size of job updated: 384728
	361  -  MemoryUsage of job (MB)
	369404  -  ResidentSetSize of job (KB)
...
006 (3447447.004.000) 01/30 17:27:05 Image size of job updated: 384804
	361  -  MemoryUsage of job (MB)
	369480  -  ResidentSetSize of job (KB)
...
006 (3447447.004.000) 01/30 17:32:05 Image size of job updated: 384872
	361  -  MemoryUsage of job (MB)
	369548  -  ResidentSetSize of job (KB)
...
006 (3447447.004.000) 01/30 17:37:05 Image size of job updated: 384920
	361  -  MemoryUsage of job (MB)
	369596  -  ResidentSetSize of job (KB)
...
006 (3447447.004.000) 01/30 17:42:05 Image size of job updated: 384952
	361  -  MemoryUsage of job (MB)
	369628  -  ResidentSetSize of job (KB)
...
006 (3447447.004.000) 01/30 17:47:06 Image size of job updated: 385040
	362  -  MemoryUsage of job (MB)
	369716  -  ResidentSetSize of job (KB)
...
006 (3447447.004.000) 01/30 17:52:07 Image size of job updated: 385080
	362  -  MemoryUsage of job (MB)
	369756  -  ResidentSetSize of job (KB)
...
006 (3447447.004.000) 01/30 17:57:07 Image size of job updated: 385116
	362  -  MemoryUsage of job (MB)
	369792  -  ResidentSetSize of job (KB)
...
006 (3447447.004.000) 01/30 18:02:07 Image size of job updated: 385216
	362  -  MemoryUsage of job (MB)
	369892  -  ResidentSetSize of job (KB)
...
006 (3447447.004.000) 01/30 18:07:07 Image size of job updated: 385236
	362  -  MemoryUsage of job (MB)
	369912  -  ResidentSetSize of job (KB)
...
006 (3447447.004.000) 01/30 18:12:07 Image size of job updated: 385296
	362  -  MemoryUsage of job (MB)
	369972  -  ResidentSetSize of job (KB)
...
006 (3447447.004.000) 01/30 18:17:08 Image size of job updated: 385464
	362  -  MemoryUsage of job (MB)
	370140  -  ResidentSetSize of job (KB)
...
006 (3447447.004.000) 01/30 18:22:09 Image size of job updated: 385532
	362  -  MemoryUsage of job (MB)
	370196  -  ResidentSetSize of job (KB)
...
006 (3447447.004.000) 01/30 18:27:10 Image size of job updated: 385556
	362  -  MemoryUsage of job (MB)
	370232  -  ResidentSetSize of job (KB)
...
006 (3447447.004.000) 01/30 18:32:10 Image size of job updated: 385644
	362  -  MemoryUsage of job (MB)
	370320  -  ResidentSetSize of job (KB)
...
006 (3447447.004.000) 01/30 18:37:10 Image size of job updated: 385704
	362  -  MemoryUsage of job (MB)
	370380  -  ResidentSetSize of job (KB)
...
006 (3447447.004.000) 01/30 18:42:11 Image size of job updated: 385756
	362  -  MemoryUsage of job (MB)
	370432  -  ResidentSetSize of job (KB)
...
006 (3447447.004.000) 01/30 18:47:12 Image size of job updated: 385832
	362  -  MemoryUsage of job (MB)
	370508  -  ResidentSetSize of job (KB)
...
006 (3447447.004.000) 01/30 18:52:12 Image size of job updated: 385932
	362  -  MemoryUsage of job (MB)
	370608  -  ResidentSetSize of job (KB)
...
006 (3447447.004.000) 01/30 18:57:12 Image size of job updated: 386012
	362  -  MemoryUsage of job (MB)
	370688  -  ResidentSetSize of job (KB)
...
006 (3447447.004.000) 01/30 19:02:13 Image size of job updated: 386088
	363  -  MemoryUsage of job (MB)
	370764  -  ResidentSetSize of job (KB)
...
006 (3447447.004.000) 01/30 19:07:14 Image size of job updated: 386128
	363  -  MemoryUsage of job (MB)
	370804  -  ResidentSetSize of job (KB)
...
006 (3447447.004.000) 01/30 19:12:14 Image size of job updated: 386196
	363  -  MemoryUsage of job (MB)
	370872  -  ResidentSetSize of job (KB)
...
006 (3447447.004.000) 01/30 19:17:14 Image size of job updated: 386256
	363  -  MemoryUsage of job (MB)
	370932  -  ResidentSetSize of job (KB)
...
006 (3447447.004.000) 01/30 19:22:16 Image size of job updated: 386332
	363  -  MemoryUsage of job (MB)
	371008  -  ResidentSetSize of job (KB)
...
006 (3447447.004.000) 01/30 19:27:16 Image size of job updated: 386344
	363  -  MemoryUsage of job (MB)
	371020  -  ResidentSetSize of job (KB)
...
006 (3447447.004.000) 01/30 19:32:17 Image size of job updated: 386464
	363  -  MemoryUsage of job (MB)
	371124  -  ResidentSetSize of job (KB)
...
006 (3447447.004.000) 01/30 19:37:18 Image size of job updated: 386496
	363  -  MemoryUsage of job (MB)
	371172  -  ResidentSetSize of job (KB)
...
006 (3447447.004.000) 01/30 19:42:18 Image size of job updated: 386496
	363  -  MemoryUsage of job (MB)
	371232  -  ResidentSetSize of job (KB)
...
006 (3447447.004.000) 01/30 19:47:18 Image size of job updated: 386496
	363  -  MemoryUsage of job (MB)
	371276  -  ResidentSetSize of job (KB)
...
006 (3447447.004.000) 01/30 19:52:19 Image size of job updated: 386496
	363  -  MemoryUsage of job (MB)
	371368  -  ResidentSetSize of job (KB)
...
006 (3447447.004.000) 01/30 19:57:20 Image size of job updated: 386496
	363  -  MemoryUsage of job (MB)
	371392  -  ResidentSetSize of job (KB)
...
006 (3447447.004.000) 01/30 20:02:20 Image size of job updated: 386496
	363  -  MemoryUsage of job (MB)
	371440  -  ResidentSetSize of job (KB)
...
006 (3447447.004.000) 01/30 20:07:21 Image size of job updated: 386496
	363  -  MemoryUsage of job (MB)
	371464  -  ResidentSetSize of job (KB)
...
006 (3447447.004.000) 01/30 20:12:22 Image size of job updated: 386496
	363  -  MemoryUsage of job (MB)
	371512  -  ResidentSetSize of job (KB)
...
006 (3447447.004.000) 01/30 20:17:22 Image size of job updated: 386496
	363  -  MemoryUsage of job (MB)
	371564  -  ResidentSetSize of job (KB)
...
006 (3447447.004.000) 01/30 20:27:24 Image size of job updated: 386496
	363  -  MemoryUsage of job (MB)
	371644  -  ResidentSetSize of job (KB)
...
006 (3447447.004.000) 01/30 20:32:24 Image size of job updated: 386496
	363  -  MemoryUsage of job (MB)
	371668  -  ResidentSetSize of job (KB)
...
006 (3447447.004.000) 01/30 20:37:25 Image size of job updated: 386496
	364  -  MemoryUsage of job (MB)
	371724  -  ResidentSetSize of job (KB)
...
006 (3447447.004.000) 01/30 20:42:26 Image size of job updated: 386496
	364  -  MemoryUsage of job (MB)
	371780  -  ResidentSetSize of job (KB)
...
006 (3447447.004.000) 01/30 20:47:26 Image size of job updated: 386496
	364  -  MemoryUsage of job (MB)
	371788  -  ResidentSetSize of job (KB)
...
006 (3447447.004.000) 01/30 20:52:27 Image size of job updated: 386496
	364  -  MemoryUsage of job (MB)
	371840  -  ResidentSetSize of job (KB)
...
006 (3447447.004.000) 01/30 20:57:28 Image size of job updated: 386496
	364  -  MemoryUsage of job (MB)
	371892  -  ResidentSetSize of job (KB)
...
006 (3447447.004.000) 01/30 21:02:28 Image size of job updated: 386496
	364  -  MemoryUsage of job (MB)
	371932  -  ResidentSetSize of job (KB)
...
006 (3447447.004.000) 01/30 21:07:29 Image size of job updated: 386496
	364  -  MemoryUsage of job (MB)
	371956  -  ResidentSetSize of job (KB)
...
006 (3447447.004.000) 01/30 21:12:30 Image size of job updated: 386496
	364  -  MemoryUsage of job (MB)
	372012  -  ResidentSetSize of job (KB)
...
006 (3447447.004.000) 01/30 21:17:30 Image size of job updated: 386496
	364  -  MemoryUsage of job (MB)
	372052  -  ResidentSetSize of job (KB)
...
006 (3447447.004.000) 01/30 21:22:31 Image size of job updated: 386496
	364  -  MemoryUsage of job (MB)
	372080  -  ResidentSetSize of job (KB)
...
006 (3447447.004.000) 01/30 21:27:32 Image size of job updated: 386496
	364  -  MemoryUsage of job (MB)
	372128  -  ResidentSetSize of job (KB)
...
006 (3447447.004.000) 01/30 21:37:33 Image size of job updated: 386496
	364  -  MemoryUsage of job (MB)
	372200  -  ResidentSetSize of job (KB)
...
006 (3447447.004.000) 01/30 21:42:34 Image size of job updated: 386496
	364  -  MemoryUsage of job (MB)
	372232  -  ResidentSetSize of job (KB)
...
006 (3447447.004.000) 01/30 21:47:34 Image size of job updated: 386496
	364  -  MemoryUsage of job (MB)
	372440  -  ResidentSetSize of job (KB)
...
006 (3447447.004.000) 01/30 21:52:35 Image size of job updated: 386496
	364  -  MemoryUsage of job (MB)
	372484  -  ResidentSetSize of job (KB)
...
006 (3447447.004.000) 01/30 21:57:36 Image size of job updated: 386496
	364  -  MemoryUsage of job (MB)
	372508  -  ResidentSetSize of job (KB)
...
006 (3447447.004.000) 01/30 22:02:36 Image size of job updated: 386496
	364  -  MemoryUsage of job (MB)
	372532  -  ResidentSetSize of job (KB)
...
006 (3447447.004.000) 01/30 22:12:38 Image size of job updated: 386496
	364  -  MemoryUsage of job (MB)
	372540  -  ResidentSetSize of job (KB)
...
006 (3447447.004.000) 01/30 22:52:42 Image size of job updated: 386496
	364  -  MemoryUsage of job (MB)
	372544  -  ResidentSetSize of job (KB)
...
006 (3447447.004.000) 01/30 22:57:44 Image size of job updated: 386496
	364  -  MemoryUsage of job (MB)
	372568  -  ResidentSetSize of job (KB)
...
006 (3447447.004.000) 01/30 23:02:44 Image size of job updated: 386496
	364  -  MemoryUsage of job (MB)
	372728  -  ResidentSetSize of job (KB)
...
006 (3447447.004.000) 01/30 23:12:45 Image size of job updated: 386496
	365  -  MemoryUsage of job (MB)
	372756  -  ResidentSetSize of job (KB)
...
006 (3447447.004.000) 01/30 23:32:48 Image size of job updated: 386496
	365  -  MemoryUsage of job (MB)
	372780  -  ResidentSetSize of job (KB)
...
006 (3447447.004.000) 01/30 23:42:49 Image size of job updated: 386496
	365  -  MemoryUsage of job (MB)
	372808  -  ResidentSetSize of job (KB)
...
006 (3447447.004.000) 01/30 23:57:50 Image size of job updated: 386496
	365  -  MemoryUsage of job (MB)
	372824  -  ResidentSetSize of job (KB)
...
006 (3447447.004.000) 01/31 00:07:51 Image size of job updated: 386496
	365  -  MemoryUsage of job (MB)
	372844  -  ResidentSetSize of job (KB)
...
006 (3447447.004.000) 01/31 00:12:51 Image size of job updated: 386496
	365  -  MemoryUsage of job (MB)
	372848  -  ResidentSetSize of job (KB)
...
006 (3447447.004.000) 01/31 00:17:52 Image size of job updated: 386496
	365  -  MemoryUsage of job (MB)
	372852  -  ResidentSetSize of job (KB)
...
006 (3447447.004.000) 01/31 00:22:52 Image size of job updated: 386496
	365  -  MemoryUsage of job (MB)
	372860  -  ResidentSetSize of job (KB)
...
006 (3447447.004.000) 01/31 00:27:52 Image size of job updated: 386496
	365  -  MemoryUsage of job (MB)
	372888  -  ResidentSetSize of job (KB)
...
006 (3447447.004.000) 01/31 00:32:53 Image size of job updated: 386496
	365  -  MemoryUsage of job (MB)
	372904  -  ResidentSetSize of job (KB)
...
006 (3447447.004.000) 01/31 00:42:53 Image size of job updated: 386496
	365  -  MemoryUsage of job (MB)
	372920  -  ResidentSetSize of job (KB)
...
006 (3447447.004.000) 01/31 00:52:54 Image size of job updated: 386496
	365  -  MemoryUsage of job (MB)
	372940  -  ResidentSetSize of job (KB)
...
006 (3447447.004.000) 01/31 00:57:54 Image size of job updated: 386496
	365  -  MemoryUsage of job (MB)
	372948  -  ResidentSetSize of job (KB)
...
006 (3447447.004.000) 01/31 01:02:55 Image size of job updated: 386496
	365  -  MemoryUsage of job (MB)
	372964  -  ResidentSetSize of job (KB)
...
006 (3447447.004.000) 01/31 01:07:55 Image size of job updated: 386496
	365  -  MemoryUsage of job (MB)
	372972  -  ResidentSetSize of job (KB)
...
006 (3447447.004.000) 01/31 01:12:55 Image size of job updated: 386496
	365  -  MemoryUsage of job (MB)
	372984  -  ResidentSetSize of job (KB)
...
006 (3447447.004.000) 01/31 01:17:56 Image size of job updated: 386496
	365  -  MemoryUsage of job (MB)
	373028  -  ResidentSetSize of job (KB)
...
006 (3447447.004.000) 01/31 01:27:56 Image size of job updated: 386496
	365  -  MemoryUsage of job (MB)
	373044  -  ResidentSetSize of job (KB)
...
006 (3447447.004.000) 01/31 01:32:57 Image size of job updated: 386496
	365  -  MemoryUsage of job (MB)
	373060  -  ResidentSetSize of job (KB)
...
006 (3447447.004.000) 01/31 01:42:57 Image size of job updated: 386496
	365  -  MemoryUsage of job (MB)
	373084  -  ResidentSetSize of job (KB)
...
006 (3447447.004.000) 01/31 01:52:58 Image size of job updated: 386496
	365  -  MemoryUsage of job (MB)
	373120  -  ResidentSetSize of job (KB)
...
006 (3447447.004.000) 01/31 02:02:59 Image size of job updated: 386496
	365  -  MemoryUsage of job (MB)
	373156  -  ResidentSetSize of job (KB)
...
006 (3447447.004.000) 01/31 02:12:59 Image size of job updated: 386496
	365  -  MemoryUsage of job (MB)
	373192  -  ResidentSetSize of job (KB)
...
006 (3447447.004.000) 01/31 02:23:00 Image size of job updated: 386496
	365  -  MemoryUsage of job (MB)
	373204  -  ResidentSetSize of job (KB)
...
006 (3447447.004.000) 01/31 02:28:00 Image size of job updated: 386496
	365  -  MemoryUsage of job (MB)
	373236  -  ResidentSetSize of job (KB)
...
006 (3447447.004.000) 01/31 02:48:02 Image size of job updated: 386496
	365  -  MemoryUsage of job (MB)
	373240  -  ResidentSetSize of job (KB)
...
006 (3447447.004.000) 01/31 03:03:04 Image size of job updated: 386496
	365  -  MemoryUsage of job (MB)
	373268  -  ResidentSetSize of job (KB)
...
006 (3447447.004.000) 01/31 03:23:06 Image size of job updated: 386496
	365  -  MemoryUsage of job (MB)
	373276  -  ResidentSetSize of job (KB)
...
006 (3447447.004.000) 01/31 03:38:08 Image size of job updated: 386496
	365  -  MemoryUsage of job (MB)
	373324  -  ResidentSetSize of job (KB)
...
006 (3447447.004.000) 01/31 03:48:09 Image size of job updated: 386496
	365  -  MemoryUsage of job (MB)
	373328  -  ResidentSetSize of job (KB)
...
006 (3447447.004.000) 01/31 03:58:10 Image size of job updated: 386496
	365  -  MemoryUsage of job (MB)
	373360  -  ResidentSetSize of job (KB)
...
006 (3447447.004.000) 01/31 04:03:10 Image size of job updated: 386496
	365  -  MemoryUsage of job (MB)
	373388  -  ResidentSetSize of job (KB)
...
006 (3447447.004.000) 01/31 04:18:12 Image size of job updated: 386496
	365  -  MemoryUsage of job (MB)
	373424  -  ResidentSetSize of job (KB)
...
006 (3447447.004.000) 01/31 04:23:12 Image size of job updated: 386496
	365  -  MemoryUsage of job (MB)
	373464  -  ResidentSetSize of job (KB)
...
006 (3447447.004.000) 01/31 04:28:13 Image size of job updated: 386496
	365  -  MemoryUsage of job (MB)
	373488  -  ResidentSetSize of job (KB)
...
006 (3447447.004.000) 01/31 04:43:14 Image size of job updated: 386496
	365  -  MemoryUsage of job (MB)
	373516  -  ResidentSetSize of job (KB)
...
006 (3447447.004.000) 01/31 04:53:14 Image size of job updated: 386496
	365  -  MemoryUsage of job (MB)
	373556  -  ResidentSetSize of job (KB)
...
006 (3447447.004.000) 01/31 05:18:18 Image size of job updated: 386496
	365  -  MemoryUsage of job (MB)
	373572  -  ResidentSetSize of job (KB)
...
006 (3447447.004.000) 01/31 05:23:18 Image size of job updated: 386496
	365  -  MemoryUsage of job (MB)
	373592  -  ResidentSetSize of job (KB)
...
006 (3447447.004.000) 01/31 05:38:20 Image size of job updated: 386496
	365  -  MemoryUsage of job (MB)
	373644  -  ResidentSetSize of job (KB)
...
006 (3447447.004.000) 01/31 06:13:24 Image size of job updated: 386496
	365  -  MemoryUsage of job (MB)
	373752  -  ResidentSetSize of job (KB)
...
006 (3447447.004.000) 01/31 06:18:25 Image size of job updated: 386496
	365  -  MemoryUsage of job (MB)
	373756  -  ResidentSetSize of job (KB)
...
006 (3447447.004.000) 01/31 06:23:25 Image size of job updated: 386496
	366  -  MemoryUsage of job (MB)
	373764  -  ResidentSetSize of job (KB)
...
006 (3447447.004.000) 01/31 06:33:26 Image size of job updated: 386496
	366  -  MemoryUsage of job (MB)
	373884  -  ResidentSetSize of job (KB)
...
006 (3447447.004.000) 01/31 06:38:26 Image size of job updated: 386496
	366  -  MemoryUsage of job (MB)
	373924  -  ResidentSetSize of job (KB)
...
006 (3447447.004.000) 01/31 06:43:26 Image size of job updated: 386496
	366  -  MemoryUsage of job (MB)
	373944  -  ResidentSetSize of job (KB)
...
006 (3447447.004.000) 01/31 06:53:28 Image size of job updated: 386496
	366  -  MemoryUsage of job (MB)
	373960  -  ResidentSetSize of job (KB)
...
006 (3447447.004.000) 01/31 06:58:28 Image size of job updated: 386496
	366  -  MemoryUsage of job (MB)
	374004  -  ResidentSetSize of job (KB)
...
006 (3447447.004.000) 01/31 07:03:29 Image size of job updated: 386496
	366  -  MemoryUsage of job (MB)
	374012  -  ResidentSetSize of job (KB)
...
006 (3447447.004.000) 01/31 07:08:30 Image size of job updated: 386496
	366  -  MemoryUsage of job (MB)
	374020  -  ResidentSetSize of job (KB)
...
006 (3447447.004.000) 01/31 07:18:31 Image size of job updated: 386496
	366  -  MemoryUsage of job (MB)
	374028  -  ResidentSetSize of job (KB)
...
006 (3447447.004.000) 01/31 07:23:32 Image size of job updated: 386496
	366  -  MemoryUsage of job (MB)
	374060  -  ResidentSetSize of job (KB)
...
006 (3447447.004.000) 01/31 07:28:32 Image size of job updated: 386496
	366  -  MemoryUsage of job (MB)
	374068  -  ResidentSetSize of job (KB)
...
006 (3447447.004.000) 01/31 07:33:33 Image size of job updated: 386496
	366  -  MemoryUsage of job (MB)
	374080  -  ResidentSetSize of job (KB)
...
006 (3447447.004.000) 01/31 07:48:35 Image size of job updated: 386496
	366  -  MemoryUsage of job (MB)
	374092  -  ResidentSetSize of job (KB)
...
006 (3447447.004.000) 01/31 07:58:36 Image size of job updated: 386496
	366  -  MemoryUsage of job (MB)
	374116  -  ResidentSetSize of job (KB)
...
006 (3447447.004.000) 01/31 08:03:37 Image size of job updated: 386496
	366  -  MemoryUsage of job (MB)
	374128  -  ResidentSetSize of job (KB)
...
006 (3447447.004.000) 01/31 08:08:38 Image size of job updated: 386496
	366  -  MemoryUsage of job (MB)
	374160  -  ResidentSetSize of job (KB)
...
006 (3447447.004.000) 01/31 08:23:40 Image size of job updated: 386496
	366  -  MemoryUsage of job (MB)
	374180  -  ResidentSetSize of job (KB)
...
006 (3447447.004.000) 01/31 08:28:40 Image size of job updated: 386496
	366  -  MemoryUsage of job (MB)
	374204  -  ResidentSetSize of job (KB)
...
006 (3447447.004.000) 01/31 08:38:42 Image size of job updated: 386496
	366  -  MemoryUsage of job (MB)
	374208  -  ResidentSetSize of job (KB)
...
006 (3447447.004.000) 01/31 08:43:42 Image size of job updated: 386496
	366  -  MemoryUsage of job (MB)
	374216  -  ResidentSetSize of job (KB)
...
006 (3447447.004.000) 01/31 08:48:44 Image size of job updated: 386496
	366  -  MemoryUsage of job (MB)
	374228  -  ResidentSetSize of job (KB)
...
006 (3447447.004.000) 01/31 08:53:44 Image size of job updated: 386496
	366  -  MemoryUsage of job (MB)
	374240  -  ResidentSetSize of job (KB)
...
006 (3447447.004.000) 01/31 08:58:44 Image size of job updated: 386496
	366  -  MemoryUsage of job (MB)
	374244  -  ResidentSetSize of job (KB)
...
006 (3447447.004.000) 01/31 09:03:45 Image size of job updated: 386496
	366  -  MemoryUsage of job (MB)
	374252  -  ResidentSetSize of job (KB)
...
006 (3447447.004.000) 01/31 09:08:46 Image size of job updated: 386496
	366  -  MemoryUsage of job (MB)
	374256  -  ResidentSetSize of job (KB)
...
006 (3447447.004.000) 01/31 09:18:47 Image size of job updated: 386496
	366  -  MemoryUsage of job (MB)
	374260  -  ResidentSetSize of job (KB)
...
006 (3447447.004.000) 01/31 09:23:48 Image size of job updated: 386496
	366  -  MemoryUsage of job (MB)
	374264  -  ResidentSetSize of job (KB)
...
006 (3447447.004.000) 01/31 09:28:48 Image size of job updated: 386496
	366  -  MemoryUsage of job (MB)
	374268  -  ResidentSetSize of job (KB)
...
006 (3447447.004.000) 01/31 09:33:49 Image size of job updated: 386496
	366  -  MemoryUsage of job (MB)
	374288  -  ResidentSetSize of job (KB)
...
006 (3447447.004.000) 01/31 09:38:50 Image size of job updated: 386496
	366  -  MemoryUsage of job (MB)
	374300  -  ResidentSetSize of job (KB)
...
006 (3447447.004.000) 01/31 09:43:50 Image size of job updated: 386496
	366  -  MemoryUsage of job (MB)
	374316  -  ResidentSetSize of job (KB)
...
006 (3447447.004.000) 01/31 09:48:51 Image size of job updated: 386496
	366  -  MemoryUsage of job (MB)
	374324  -  ResidentSetSize of job (KB)
...
006 (3447447.004.000) 01/31 09:53:52 Image size of job updated: 386496
	366  -  MemoryUsage of job (MB)
	374336  -  ResidentSetSize of job (KB)
...
006 (3447447.004.000) 01/31 09:58:52 Image size of job updated: 386496
	366  -  MemoryUsage of job (MB)
	374340  -  ResidentSetSize of job (KB)
...
006 (3447447.004.000) 01/31 10:03:53 Image size of job updated: 386496
	366  -  MemoryUsage of job (MB)
	374348  -  ResidentSetSize of job (KB)
...
006 (3447447.004.000) 01/31 10:08:54 Image size of job updated: 386496
	366  -  MemoryUsage of job (MB)
	374368  -  ResidentSetSize of job (KB)
...
006 (3447447.004.000) 01/31 10:13:54 Image size of job updated: 386496
	366  -  MemoryUsage of job (MB)
	374372  -  ResidentSetSize of job (KB)
...
006 (3447447.004.000) 01/31 10:18:54 Image size of job updated: 386496
	366  -  MemoryUsage of job (MB)
	374388  -  ResidentSetSize of job (KB)
...
006 (3447447.004.000) 01/31 10:23:55 Image size of job updated: 386496
	366  -  MemoryUsage of job (MB)
	374396  -  ResidentSetSize of job (KB)
...
006 (3447447.004.000) 01/31 10:28:55 Image size of job updated: 386496
	366  -  MemoryUsage of job (MB)
	374420  -  ResidentSetSize of job (KB)
...
006 (3447447.004.000) 01/31 10:33:55 Image size of job updated: 386496
	366  -  MemoryUsage of job (MB)
	374424  -  ResidentSetSize of job (KB)
...
006 (3447447.004.000) 01/31 10:38:56 Image size of job updated: 386496
	366  -  MemoryUsage of job (MB)
	374460  -  ResidentSetSize of job (KB)
...
006 (3447447.004.000) 01/31 10:43:56 Image size of job updated: 386496
	366  -  MemoryUsage of job (MB)
	374468  -  ResidentSetSize of job (KB)
...
006 (3447447.004.000) 01/31 10:58:57 Image size of job updated: 386496
	366  -  MemoryUsage of job (MB)
	374480  -  ResidentSetSize of job (KB)
...
006 (3447447.004.000) 01/31 11:03:57 Image size of job updated: 386496
	366  -  MemoryUsage of job (MB)
	374496  -  ResidentSetSize of job (KB)
...
006 (3447447.004.000) 01/31 11:08:58 Image size of job updated: 386496
	366  -  MemoryUsage of job (MB)
	374520  -  ResidentSetSize of job (KB)
...
006 (3447447.004.000) 01/31 11:18:59 Image size of job updated: 386496
	366  -  MemoryUsage of job (MB)
	374532  -  ResidentSetSize of job (KB)
...
006 (3447447.004.000) 01/31 11:24:00 Image size of job updated: 386496
	366  -  MemoryUsage of job (MB)
	374564  -  ResidentSetSize of job (KB)
...
006 (3447447.004.000) 01/31 11:29:01 Image size of job updated: 386496
	366  -  MemoryUsage of job (MB)
	374576  -  ResidentSetSize of job (KB)
...
006 (3447447.004.000) 01/31 11:39:02 Image size of job updated: 386496
	366  -  MemoryUsage of job (MB)
	374596  -  ResidentSetSize of job (KB)
...
006 (3447447.004.000) 01/31 11:44:03 Image size of job updated: 386496
	366  -  MemoryUsage of job (MB)
	374632  -  ResidentSetSize of job (KB)
...
006 (3447447.004.000) 01/31 11:49:03 Image size of job updated: 386496
	366  -  MemoryUsage of job (MB)
	374664  -  ResidentSetSize of job (KB)
...
006 (3447447.004.000) 01/31 12:04:05 Image size of job updated: 386496
	366  -  MemoryUsage of job (MB)
	374712  -  ResidentSetSize of job (KB)
...
006 (3447447.004.000) 01/31 12:09:06 Image size of job updated: 386496
	366  -  MemoryUsage of job (MB)
	374716  -  ResidentSetSize of job (KB)
...
006 (3447447.004.000) 01/31 12:19:07 Image size of job updated: 386496
	366  -  MemoryUsage of job (MB)
	374736  -  ResidentSetSize of job (KB)
...
006 (3447447.004.000) 01/31 12:25:44 Image size of job updated: 386496
	366  -  MemoryUsage of job (MB)
	374748  -  ResidentSetSize of job (KB)
...
006 (3447447.004.000) 01/31 12:30:30 Image size of job updated: 386496
	366  -  MemoryUsage of job (MB)
	374756  -  ResidentSetSize of job (KB)
...
006 (3447447.004.000) 01/31 12:35:30 Image size of job updated: 386496
	366  -  MemoryUsage of job (MB)
	374776  -  ResidentSetSize of job (KB)
...
006 (3447447.004.000) 01/31 13:00:32 Image size of job updated: 386496
	367  -  MemoryUsage of job (MB)
	374800  -  ResidentSetSize of job (KB)
...
006 (3447447.004.000) 01/31 13:10:33 Image size of job updated: 386496
	367  -  MemoryUsage of job (MB)
	374824  -  ResidentSetSize of job (KB)
...
006 (3447447.004.000) 01/31 13:15:33 Image size of job updated: 386496
	367  -  MemoryUsage of job (MB)
	374840  -  ResidentSetSize of job (KB)
...
006 (3447447.004.000) 01/31 13:25:34 Image size of job updated: 386496
	367  -  MemoryUsage of job (MB)
	374860  -  ResidentSetSize of job (KB)
...
006 (3447447.004.000) 01/31 13:30:34 Image size of job updated: 386496
	367  -  MemoryUsage of job (MB)
	374868  -  ResidentSetSize of job (KB)
...
006 (3447447.004.000) 01/31 13:35:34 Image size of job updated: 386496
	367  -  MemoryUsage of job (MB)
	374900  -  ResidentSetSize of job (KB)
...
006 (3447447.004.000) 01/31 13:40:35 Image size of job updated: 386496
	367  -  MemoryUsage of job (MB)
	374916  -  ResidentSetSize of job (KB)
...
006 (3447447.004.000) 01/31 13:55:36 Image size of job updated: 386496
	367  -  MemoryUsage of job (MB)
	374928  -  ResidentSetSize of job (KB)
...
006 (3447447.004.000) 01/31 14:05:36 Image size of job updated: 386496
	367  -  MemoryUsage of job (MB)
	374932  -  ResidentSetSize of job (KB)
...
006 (3447447.004.000) 01/31 14:10:37 Image size of job updated: 386496
	367  -  MemoryUsage of job (MB)
	374960  -  ResidentSetSize of job (KB)
...
006 (3447447.004.000) 01/31 14:20:37 Image size of job updated: 386496
	367  -  MemoryUsage of job (MB)
	374980  -  ResidentSetSize of job (KB)
...
006 (3447447.004.000) 01/31 14:25:39 Image size of job updated: 386496
	367  -  MemoryUsage of job (MB)
	374992  -  ResidentSetSize of job (KB)
...
006 (3447447.004.000) 01/31 14:30:39 Image size of job updated: 386496
	367  -  MemoryUsage of job (MB)
	375012  -  ResidentSetSize of job (KB)
...
006 (3447447.004.000) 01/31 14:35:39 Image size of job updated: 386496
	367  -  MemoryUsage of job (MB)
	375028  -  ResidentSetSize of job (KB)
...
006 (3447447.004.000) 01/31 14:50:41 Image size of job updated: 386496
	367  -  MemoryUsage of job (MB)
	375052  -  ResidentSetSize of job (KB)
...
006 (3447447.004.000) 01/31 14:55:42 Image size of job updated: 386496
	367  -  MemoryUsage of job (MB)
	375064  -  ResidentSetSize of job (KB)
...
006 (3447447.004.000) 01/31 15:00:43 Image size of job updated: 386496
	367  -  MemoryUsage of job (MB)
	375096  -  ResidentSetSize of job (KB)
...
006 (3447447.004.000) 01/31 15:15:45 Image size of job updated: 386496
	367  -  MemoryUsage of job (MB)
	375144  -  ResidentSetSize of job (KB)
...
006 (3447447.004.000) 01/31 15:25:46 Image size of job updated: 386496
	367  -  MemoryUsage of job (MB)
	375148  -  ResidentSetSize of job (KB)
...
006 (3447447.004.000) 01/31 15:35:47 Image size of job updated: 386496
	367  -  MemoryUsage of job (MB)
	375160  -  ResidentSetSize of job (KB)
...
006 (3447447.004.000) 01/31 15:40:48 Image size of job updated: 386496
	367  -  MemoryUsage of job (MB)
	375188  -  ResidentSetSize of job (KB)
...
006 (3447447.004.000) 01/31 15:55:49 Image size of job updated: 386496
	367  -  MemoryUsage of job (MB)
	375200  -  ResidentSetSize of job (KB)
...
006 (3447447.004.000) 01/31 16:05:50 Image size of job updated: 386496
	367  -  MemoryUsage of job (MB)
	375212  -  ResidentSetSize of job (KB)
...
006 (3447447.004.000) 01/31 16:10:50 Image size of job updated: 386496
	367  -  MemoryUsage of job (MB)
	375244  -  ResidentSetSize of job (KB)
...
006 (3447447.004.000) 01/31 16:15:51 Image size of job updated: 386496
	367  -  MemoryUsage of job (MB)
	375260  -  ResidentSetSize of job (KB)
...
006 (3447447.004.000) 01/31 16:20:51 Image size of job updated: 386496
	367  -  MemoryUsage of job (MB)
	375276  -  ResidentSetSize of job (KB)
...
006 (3447447.004.000) 01/31 16:25:52 Image size of job updated: 386496
	367  -  MemoryUsage of job (MB)
	375352  -  ResidentSetSize of job (KB)
...
006 (3447447.004.000) 01/31 16:30:53 Image size of job updated: 386496
	367  -  MemoryUsage of job (MB)
	375388  -  ResidentSetSize of job (KB)
...
006 (3447447.004.000) 01/31 16:35:53 Image size of job updated: 386496
	367  -  MemoryUsage of job (MB)
	375400  -  ResidentSetSize of job (KB)
...
006 (3447447.004.000) 01/31 17:00:57 Image size of job updated: 386496
	367  -  MemoryUsage of job (MB)
	375416  -  ResidentSetSize of job (KB)
...
006 (3447447.004.000) 01/31 17:10:58 Image size of job updated: 386496
	367  -  MemoryUsage of job (MB)
	375456  -  ResidentSetSize of job (KB)
...
006 (3447447.004.000) 01/31 17:16:06 Image size of job updated: 386496
	367  -  MemoryUsage of job (MB)
	375492  -  ResidentSetSize of job (KB)
...
006 (3447447.004.000) 01/31 17:20:59 Image size of job updated: 386496
	367  -  MemoryUsage of job (MB)
	375512  -  ResidentSetSize of job (KB)
...
006 (3447447.004.000) 01/31 17:25:59 Image size of job updated: 386496
	367  -  MemoryUsage of job (MB)
	375516  -  ResidentSetSize of job (KB)
...
006 (3447447.004.000) 01/31 17:36:00 Image size of job updated: 386496
	367  -  MemoryUsage of job (MB)
	375520  -  ResidentSetSize of job (KB)
...
006 (3447447.004.000) 01/31 17:51:01 Image size of job updated: 386496
	367  -  MemoryUsage of job (MB)
	375528  -  ResidentSetSize of job (KB)
...
006 (3447447.004.000) 01/31 17:56:01 Image size of job updated: 386496
	367  -  MemoryUsage of job (MB)
	375552  -  ResidentSetSize of job (KB)
...
006 (3447447.004.000) 01/31 18:01:02 Image size of job updated: 386496
	367  -  MemoryUsage of job (MB)
	375556  -  ResidentSetSize of job (KB)
...
006 (3447447.004.000) 01/31 18:06:03 Image size of job updated: 386496
	367  -  MemoryUsage of job (MB)
	375580  -  ResidentSetSize of job (KB)
...
006 (3447447.004.000) 01/31 18:11:03 Image size of job updated: 386496
	367  -  MemoryUsage of job (MB)
	375676  -  ResidentSetSize of job (KB)
...
006 (3447447.004.000) 01/31 18:16:03 Image size of job updated: 386496
	367  -  MemoryUsage of job (MB)
	375732  -  ResidentSetSize of job (KB)
...
006 (3447447.004.000) 01/31 18:21:04 Image size of job updated: 386496
	367  -  MemoryUsage of job (MB)
	375808  -  ResidentSetSize of job (KB)
...
006 (3447447.004.000) 01/31 18:46:07 Image size of job updated: 386496
	368  -  MemoryUsage of job (MB)
	375816  -  ResidentSetSize of job (KB)
...
006 (3447447.004.000) 01/31 18:51:07 Image size of job updated: 386496
	368  -  MemoryUsage of job (MB)
	375840  -  ResidentSetSize of job (KB)
...
006 (3447447.004.000) 01/31 18:56:08 Image size of job updated: 386496
	368  -  MemoryUsage of job (MB)
	375864  -  ResidentSetSize of job (KB)
...
006 (3447447.004.000) 01/31 19:01:08 Image size of job updated: 386496
	368  -  MemoryUsage of job (MB)
	375892  -  ResidentSetSize of job (KB)
...
006 (3447447.004.000) 01/31 19:06:08 Image size of job updated: 386496
	368  -  MemoryUsage of job (MB)
	375908  -  ResidentSetSize of job (KB)
...
006 (3447447.004.000) 01/31 19:16:09 Image size of job updated: 386496
	368  -  MemoryUsage of job (MB)
	375924  -  ResidentSetSize of job (KB)
...
006 (3447447.004.000) 01/31 19:31:10 Image size of job updated: 386496
	368  -  MemoryUsage of job (MB)
	375928  -  ResidentSetSize of job (KB)
...
006 (3447447.004.000) 01/31 19:36:10 Image size of job updated: 386496
	368  -  MemoryUsage of job (MB)
	375972  -  ResidentSetSize of job (KB)
...
006 (3447447.004.000) 01/31 19:41:11 Image size of job updated: 386496
	368  -  MemoryUsage of job (MB)
	375980  -  ResidentSetSize of job (KB)
...
006 (3447447.004.000) 01/31 19:51:12 Image size of job updated: 386496
	368  -  MemoryUsage of job (MB)
	375992  -  ResidentSetSize of job (KB)
...
006 (3447447.004.000) 01/31 19:56:13 Image size of job updated: 386496
	368  -  MemoryUsage of job (MB)
	376004  -  ResidentSetSize of job (KB)
...
006 (3447447.004.000) 01/31 20:01:14 Image size of job updated: 386496
	368  -  MemoryUsage of job (MB)
	376012  -  ResidentSetSize of job (KB)
...
006 (3447447.004.000) 01/31 20:13:23 Image size of job updated: 386496
	368  -  MemoryUsage of job (MB)
	376052  -  ResidentSetSize of job (KB)
...
006 (3447447.004.000) 01/31 20:34:49 Image size of job updated: 386496
	368  -  MemoryUsage of job (MB)
	376092  -  ResidentSetSize of job (KB)
...
006 (3447447.004.000) 01/31 20:51:58 Image size of job updated: 386496
	368  -  MemoryUsage of job (MB)
	376128  -  ResidentSetSize of job (KB)
...
006 (3447447.004.000) 01/31 21:02:16 Image size of job updated: 386496
	368  -  MemoryUsage of job (MB)
	376144  -  ResidentSetSize of job (KB)
...
006 (3447447.004.000) 01/31 21:08:27 Image size of job updated: 386496
	368  -  MemoryUsage of job (MB)
	376176  -  ResidentSetSize of job (KB)
...
006 (3447447.004.000) 01/31 21:28:30 Image size of job updated: 386496
	368  -  MemoryUsage of job (MB)
	376236  -  ResidentSetSize of job (KB)
...
006 (3447447.004.000) 01/31 21:33:31 Image size of job updated: 386496
	368  -  MemoryUsage of job (MB)
	376240  -  ResidentSetSize of job (KB)
...
006 (3447447.004.000) 01/31 21:38:31 Image size of job updated: 386496
	368  -  MemoryUsage of job (MB)
	376288  -  ResidentSetSize of job (KB)
...
006 (3447447.004.000) 01/31 21:43:31 Image size of job updated: 386496
	368  -  MemoryUsage of job (MB)
	376336  -  ResidentSetSize of job (KB)
...
006 (3447447.004.000) 01/31 21:48:32 Image size of job updated: 386496
	368  -  MemoryUsage of job (MB)
	376356  -  ResidentSetSize of job (KB)
...
006 (3447447.004.000) 01/31 21:53:32 Image size of job updated: 386496
	368  -  MemoryUsage of job (MB)
	376372  -  ResidentSetSize of job (KB)
...
006 (3447447.004.000) 01/31 22:33:35 Image size of job updated: 386496
	368  -  MemoryUsage of job (MB)
	376380  -  ResidentSetSize of job (KB)
...
006 (3447447.004.000) 01/31 22:38:35 Image size of job updated: 386496
	368  -  MemoryUsage of job (MB)
	376408  -  ResidentSetSize of job (KB)
...
006 (3447447.004.000) 01/31 22:48:36 Image size of job updated: 386496
	368  -  MemoryUsage of job (MB)
	376428  -  ResidentSetSize of job (KB)
...
006 (3447447.004.000) 01/31 22:53:36 Image size of job updated: 386496
	368  -  MemoryUsage of job (MB)
	376436  -  ResidentSetSize of job (KB)
...
006 (3447447.004.000) 01/31 23:03:37 Image size of job updated: 386496
	368  -  MemoryUsage of job (MB)
	376456  -  ResidentSetSize of job (KB)
...
006 (3447447.004.000) 01/31 23:08:37 Image size of job updated: 386496
	368  -  MemoryUsage of job (MB)
	376476  -  ResidentSetSize of job (KB)
...
006 (3447447.004.000) 01/31 23:13:37 Image size of job updated: 386496
	368  -  MemoryUsage of job (MB)
	376496  -  ResidentSetSize of job (KB)
...
006 (3447447.004.000) 01/31 23:18:39 Image size of job updated: 386496
	368  -  MemoryUsage of job (MB)
	376520  -  ResidentSetSize of job (KB)
...
006 (3447447.004.000) 01/31 23:23:39 Image size of job updated: 386496
	368  -  MemoryUsage of job (MB)
	376528  -  ResidentSetSize of job (KB)
...
006 (3447447.004.000) 01/31 23:28:39 Image size of job updated: 386496
	368  -  MemoryUsage of job (MB)
	376552  -  ResidentSetSize of job (KB)
...
006 (3447447.004.000) 01/31 23:38:41 Image size of job updated: 386496
	368  -  MemoryUsage of job (MB)
	376572  -  ResidentSetSize of job (KB)
...
006 (3447447.004.000) 01/31 23:48:42 Image size of job updated: 386496
	368  -  MemoryUsage of job (MB)
	376576  -  ResidentSetSize of job (KB)
...
006 (3447447.004.000) 01/31 23:53:43 Image size of job updated: 386496
	368  -  MemoryUsage of job (MB)
	376584  -  ResidentSetSize of job (KB)
...
006 (3447447.004.000) 01/31 23:58:43 Image size of job updated: 386496
	368  -  MemoryUsage of job (MB)
	376592  -  ResidentSetSize of job (KB)
...
006 (3447447.004.000) 02/01 00:03:44 Image size of job updated: 386496
	368  -  MemoryUsage of job (MB)
	376624  -  ResidentSetSize of job (KB)
...
006 (3447447.004.000) 02/01 00:08:45 Image size of job updated: 386496
	368  -  MemoryUsage of job (MB)
	376664  -  ResidentSetSize of job (KB)
...
006 (3447447.004.000) 02/01 00:13:45 Image size of job updated: 386496
	368  -  MemoryUsage of job (MB)
	376708  -  ResidentSetSize of job (KB)
...
006 (3447447.004.000) 02/01 00:18:46 Image size of job updated: 386496
	368  -  MemoryUsage of job (MB)
	376712  -  ResidentSetSize of job (KB)
...
006 (3447447.004.000) 02/01 00:38:49 Image size of job updated: 386496
	368  -  MemoryUsage of job (MB)
	376724  -  ResidentSetSize of job (KB)
...
006 (3447447.004.000) 02/01 00:43:49 Image size of job updated: 386496
	368  -  MemoryUsage of job (MB)
	376728  -  ResidentSetSize of job (KB)
...
006 (3447447.004.000) 02/01 00:48:50 Image size of job updated: 386496
	368  -  MemoryUsage of job (MB)
	376752  -  ResidentSetSize of job (KB)
...
006 (3447447.004.000) 02/01 00:53:51 Image size of job updated: 386496
	368  -  MemoryUsage of job (MB)
	376768  -  ResidentSetSize of job (KB)
...
006 (3447447.004.000) 02/01 00:58:51 Image size of job updated: 386496
	368  -  MemoryUsage of job (MB)
	376784  -  ResidentSetSize of job (KB)
...
006 (3447447.004.000) 02/01 01:03:52 Image size of job updated: 386496
	368  -  MemoryUsage of job (MB)
	376792  -  ResidentSetSize of job (KB)
...
006 (3447447.004.000) 02/01 01:13:53 Image size of job updated: 386496
	368  -  MemoryUsage of job (MB)
	376832  -  ResidentSetSize of job (KB)
...
006 (3447447.004.000) 02/01 01:18:53 Image size of job updated: 386496
	369  -  MemoryUsage of job (MB)
	376848  -  ResidentSetSize of job (KB)
...
006 (3447447.004.000) 02/01 01:23:55 Image size of job updated: 386496
	369  -  MemoryUsage of job (MB)
	376860  -  ResidentSetSize of job (KB)
...
006 (3447447.004.000) 02/01 01:28:55 Image size of job updated: 386496
	369  -  MemoryUsage of job (MB)
	376876  -  ResidentSetSize of job (KB)
...
006 (3447447.004.000) 02/01 01:33:55 Image size of job updated: 386496
	369  -  MemoryUsage of job (MB)
	376880  -  ResidentSetSize of job (KB)
...
006 (3447447.004.000) 02/01 01:43:57 Image size of job updated: 386496
	369  -  MemoryUsage of job (MB)
	376908  -  ResidentSetSize of job (KB)
...
006 (3447447.004.000) 02/01 01:48:57 Image size of job updated: 386496
	369  -  MemoryUsage of job (MB)
	376928  -  ResidentSetSize of job (KB)
...
006 (3447447.004.000) 02/01 01:53:58 Image size of job updated: 386496
	369  -  MemoryUsage of job (MB)
	376948  -  ResidentSetSize of job (KB)
...
006 (3447447.004.000) 02/01 02:10:53 Image size of job updated: 386496
	369  -  MemoryUsage of job (MB)
	376960  -  ResidentSetSize of job (KB)
...
006 (3447447.004.000) 02/01 02:16:32 Image size of job updated: 386496
	369  -  MemoryUsage of job (MB)
	376980  -  ResidentSetSize of job (KB)
...
006 (3447447.004.000) 02/01 02:21:32 Image size of job updated: 386496
	369  -  MemoryUsage of job (MB)
	377012  -  ResidentSetSize of job (KB)
...
006 (3447447.004.000) 02/01 02:26:32 Image size of job updated: 386496
	369  -  MemoryUsage of job (MB)
	377036  -  ResidentSetSize of job (KB)
...
006 (3447447.004.000) 02/01 02:36:33 Image size of job updated: 386496
	369  -  MemoryUsage of job (MB)
	377040  -  ResidentSetSize of job (KB)
...
006 (3447447.004.000) 02/01 02:41:33 Image size of job updated: 386496
	369  -  MemoryUsage of job (MB)
	377048  -  ResidentSetSize of job (KB)
...
006 (3447447.004.000) 02/01 02:46:35 Image size of job updated: 386496
	369  -  MemoryUsage of job (MB)
	377072  -  ResidentSetSize of job (KB)
...
006 (3447447.004.000) 02/01 02:51:35 Image size of job updated: 386496
	369  -  MemoryUsage of job (MB)
	377088  -  ResidentSetSize of job (KB)
...
006 (3447447.004.000) 02/01 02:56:35 Image size of job updated: 386496
	369  -  MemoryUsage of job (MB)
	377096  -  ResidentSetSize of job (KB)
...
006 (3447447.004.000) 02/01 03:01:36 Image size of job updated: 386496
	369  -  MemoryUsage of job (MB)
	377112  -  ResidentSetSize of job (KB)
...
006 (3447447.004.000) 02/01 03:06:37 Image size of job updated: 386496
	369  -  MemoryUsage of job (MB)
	377140  -  ResidentSetSize of job (KB)
...
006 (3447447.004.000) 02/01 03:11:37 Image size of job updated: 386496
	369  -  MemoryUsage of job (MB)
	377156  -  ResidentSetSize of job (KB)
...
006 (3447447.004.000) 02/01 03:16:37 Image size of job updated: 386496
	369  -  MemoryUsage of job (MB)
	377188  -  ResidentSetSize of job (KB)
...
006 (3447447.004.000) 02/01 03:21:38 Image size of job updated: 386496
	369  -  MemoryUsage of job (MB)
	377208  -  ResidentSetSize of job (KB)
...
006 (3447447.004.000) 02/01 03:26:38 Image size of job updated: 386496
	369  -  MemoryUsage of job (MB)
	377228  -  ResidentSetSize of job (KB)
...
006 (3447447.004.000) 02/01 03:31:38 Image size of job updated: 386496
	369  -  MemoryUsage of job (MB)
	377252  -  ResidentSetSize of job (KB)
...
006 (3447447.004.000) 02/01 03:36:38 Image size of job updated: 386496
	369  -  MemoryUsage of job (MB)
	377256  -  ResidentSetSize of job (KB)
...
006 (3447447.004.000) 02/01 03:41:39 Image size of job updated: 386496
	369  -  MemoryUsage of job (MB)
	377284  -  ResidentSetSize of job (KB)
...
006 (3447447.004.000) 02/01 03:46:39 Image size of job updated: 386496
	369  -  MemoryUsage of job (MB)
	377324  -  ResidentSetSize of job (KB)
...
006 (3447447.004.000) 02/01 03:56:40 Image size of job updated: 386496
	369  -  MemoryUsage of job (MB)
	377392  -  ResidentSetSize of job (KB)
...
006 (3447447.004.000) 02/01 04:01:41 Image size of job updated: 386496
	369  -  MemoryUsage of job (MB)
	377428  -  ResidentSetSize of job (KB)
...
006 (3447447.004.000) 02/01 04:11:55 Image size of job updated: 386496
	369  -  MemoryUsage of job (MB)
	377436  -  ResidentSetSize of job (KB)
...
006 (3447447.004.000) 02/01 04:16:42 Image size of job updated: 386496
	369  -  MemoryUsage of job (MB)
	377440  -  ResidentSetSize of job (KB)
...
006 (3447447.004.000) 02/01 04:21:43 Image size of job updated: 386496
	369  -  MemoryUsage of job (MB)
	377456  -  ResidentSetSize of job (KB)
...
006 (3447447.004.000) 02/01 04:26:43 Image size of job updated: 386496
	369  -  MemoryUsage of job (MB)
	377512  -  ResidentSetSize of job (KB)
...
006 (3447447.004.000) 02/01 04:31:43 Image size of job updated: 386496
	369  -  MemoryUsage of job (MB)
	377528  -  ResidentSetSize of job (KB)
...
006 (3447447.004.000) 02/01 04:36:44 Image size of job updated: 386496
	369  -  MemoryUsage of job (MB)
	377536  -  ResidentSetSize of job (KB)
...
006 (3447447.004.000) 02/01 04:46:45 Image size of job updated: 386496
	369  -  MemoryUsage of job (MB)
	377592  -  ResidentSetSize of job (KB)
...
006 (3447447.004.000) 02/01 04:56:47 Image size of job updated: 386496
	369  -  MemoryUsage of job (MB)
	377624  -  ResidentSetSize of job (KB)
...
006 (3447447.004.000) 02/01 05:01:47 Image size of job updated: 386496
	369  -  MemoryUsage of job (MB)
	377668  -  ResidentSetSize of job (KB)
...
006 (3447447.004.000) 02/01 05:11:48 Image size of job updated: 386496
	369  -  MemoryUsage of job (MB)
	377684  -  ResidentSetSize of job (KB)
...
006 (3447447.004.000) 02/01 05:16:49 Image size of job updated: 386496
	369  -  MemoryUsage of job (MB)
	377712  -  ResidentSetSize of job (KB)
...
006 (3447447.004.000) 02/01 05:21:49 Image size of job updated: 386496
	369  -  MemoryUsage of job (MB)
	377732  -  ResidentSetSize of job (KB)
...
006 (3447447.004.000) 02/01 05:26:49 Image size of job updated: 386496
	369  -  MemoryUsage of job (MB)
	377756  -  ResidentSetSize of job (KB)
...
006 (3447447.004.000) 02/01 05:31:50 Image size of job updated: 386496
	369  -  MemoryUsage of job (MB)
	377784  -  ResidentSetSize of job (KB)
...
006 (3447447.004.000) 02/01 05:36:51 Image size of job updated: 386496
	369  -  MemoryUsage of job (MB)
	377816  -  ResidentSetSize of job (KB)
...
006 (3447447.004.000) 02/01 05:41:51 Image size of job updated: 386496
	369  -  MemoryUsage of job (MB)
	377856  -  ResidentSetSize of job (KB)
...
006 (3447447.004.000) 02/01 05:46:51 Image size of job updated: 386496
	370  -  MemoryUsage of job (MB)
	377872  -  ResidentSetSize of job (KB)
...
006 (3447447.004.000) 02/01 05:56:52 Image size of job updated: 386496
	370  -  MemoryUsage of job (MB)
	377888  -  ResidentSetSize of job (KB)
...
006 (3447447.004.000) 02/01 06:01:52 Image size of job updated: 386496
	370  -  MemoryUsage of job (MB)
	377916  -  ResidentSetSize of job (KB)
...
006 (3447447.004.000) 02/01 06:06:53 Image size of job updated: 386496
	370  -  MemoryUsage of job (MB)
	377936  -  ResidentSetSize of job (KB)
...
006 (3447447.004.000) 02/01 06:11:54 Image size of job updated: 386496
	370  -  MemoryUsage of job (MB)
	377972  -  ResidentSetSize of job (KB)
...
006 (3447447.004.000) 02/01 06:21:54 Image size of job updated: 386496
	370  -  MemoryUsage of job (MB)
	377992  -  ResidentSetSize of job (KB)
...
006 (3447447.004.000) 02/01 06:26:55 Image size of job updated: 386496
	370  -  MemoryUsage of job (MB)
	378016  -  ResidentSetSize of job (KB)
...
006 (3447447.004.000) 02/01 06:31:56 Image size of job updated: 386496
	370  -  MemoryUsage of job (MB)
	378032  -  ResidentSetSize of job (KB)
...
006 (3447447.004.000) 02/01 06:41:57 Image size of job updated: 386496
	370  -  MemoryUsage of job (MB)
	378072  -  ResidentSetSize of job (KB)
...
006 (3447447.004.000) 02/01 06:46:58 Image size of job updated: 386496
	370  -  MemoryUsage of job (MB)
	378080  -  ResidentSetSize of job (KB)
...
006 (3447447.004.000) 02/01 06:51:58 Image size of job updated: 386496
	370  -  MemoryUsage of job (MB)
	378136  -  ResidentSetSize of job (KB)
...
006 (3447447.004.000) 02/01 06:56:58 Image size of job updated: 386496
	370  -  MemoryUsage of job (MB)
	378148  -  ResidentSetSize of job (KB)
...
006 (3447447.004.000) 02/01 07:02:00 Image size of job updated: 386496
	370  -  MemoryUsage of job (MB)
	378152  -  ResidentSetSize of job (KB)
...
006 (3447447.004.000) 02/01 07:07:00 Image size of job updated: 386496
	370  -  MemoryUsage of job (MB)
	378192  -  ResidentSetSize of job (KB)
...
006 (3447447.004.000) 02/01 07:12:00 Image size of job updated: 386496
	370  -  MemoryUsage of job (MB)
	378196  -  ResidentSetSize of job (KB)
...
006 (3447447.004.000) 02/01 07:17:01 Image size of job updated: 386496
	370  -  MemoryUsage of job (MB)
	378240  -  ResidentSetSize of job (KB)
...
006 (3447447.004.000) 02/01 07:27:02 Image size of job updated: 386496
	370  -  MemoryUsage of job (MB)
	378296  -  ResidentSetSize of job (KB)
...
006 (3447447.004.000) 02/01 07:37:03 Image size of job updated: 386496
	370  -  MemoryUsage of job (MB)
	378304  -  ResidentSetSize of job (KB)
...
006 (3447447.004.000) 02/01 07:42:03 Image size of job updated: 386496
	370  -  MemoryUsage of job (MB)
	378384  -  ResidentSetSize of job (KB)
...
006 (3447447.004.000) 02/01 07:52:04 Image size of job updated: 386496
	370  -  MemoryUsage of job (MB)
	378396  -  ResidentSetSize of job (KB)
...
006 (3447447.004.000) 02/01 07:57:04 Image size of job updated: 386496
	370  -  MemoryUsage of job (MB)
	378416  -  ResidentSetSize of job (KB)
...
006 (3447447.004.000) 02/01 08:02:04 Image size of job updated: 386496
	370  -  MemoryUsage of job (MB)
	378432  -  ResidentSetSize of job (KB)
...
006 (3447447.004.000) 02/01 08:07:05 Image size of job updated: 386496
	370  -  MemoryUsage of job (MB)
	378468  -  ResidentSetSize of job (KB)
...
006 (3447447.004.000) 02/01 08:12:06 Image size of job updated: 386496
	370  -  MemoryUsage of job (MB)
	378484  -  ResidentSetSize of job (KB)
...
006 (3447447.004.000) 02/01 08:17:06 Image size of job updated: 386496
	370  -  MemoryUsage of job (MB)
	378496  -  ResidentSetSize of job (KB)
...
006 (3447447.004.000) 02/01 08:22:06 Image size of job updated: 386496
	370  -  MemoryUsage of job (MB)
	378524  -  ResidentSetSize of job (KB)
...
006 (3447447.004.000) 02/01 08:27:07 Image size of job updated: 386496
	370  -  MemoryUsage of job (MB)
	378580  -  ResidentSetSize of job (KB)
...
006 (3447447.004.000) 02/01 08:32:08 Image size of job updated: 386496
	370  -  MemoryUsage of job (MB)
	378604  -  ResidentSetSize of job (KB)
...
006 (3447447.004.000) 02/01 08:37:08 Image size of job updated: 386496
	370  -  MemoryUsage of job (MB)
	378688  -  ResidentSetSize of job (KB)
...
006 (3447447.004.000) 02/01 08:47:09 Image size of job updated: 386496
	370  -  MemoryUsage of job (MB)
	378700  -  ResidentSetSize of job (KB)
...
006 (3447447.004.000) 02/01 08:57:09 Image size of job updated: 386496
	370  -  MemoryUsage of job (MB)
	378724  -  ResidentSetSize of job (KB)
...
006 (3447447.004.000) 02/01 09:02:10 Image size of job updated: 386496
	371  -  MemoryUsage of job (MB)
	379140  -  ResidentSetSize of job (KB)
...
040 (3447447.004.000) 02/01 09:06:44 Entered queue to transfer output files
...
040 (3447447.004.000) 02/01 09:06:56 Started transferring output files
...
040 (3447447.004.000) 02/01 09:06:59 Finished transferring output files
...
005 (3447447.004.000) 02/01 09:07:00 Job terminated.
	(1) Normal termination (return value 0)
		Usr 2 00:23:24, Sys 0 00:02:21  -  Run Remote Usage
		Usr 0 00:00:00, Sys 0 00:00:00  -  Run Local Usage
		Usr 2 00:23:24, Sys 0 00:02:21  -  Total Remote Usage
		Usr 0 00:00:00, Sys 0 00:00:00  -  Total Local Usage
	34706  -  Run Bytes Sent By Job
	493  -  Run Bytes Received By Job
	34706  -  Total Bytes Sent By Job
	493  -  Total Bytes Received By Job
	Partitionable Resources :    Usage  Request Allocated 
	   Cpus                 :                 1           
	   Disk (KB)            :       47        1   3061922 
	   Memory (MB)          :      371     2000      2000 
...
