000 (3447348.006.000) 01/30 00:59:33 Job submitted from host: <188.185.71.142:9618?addrs=188.185.71.142-9618+[2001-1458-d00-7--100-388]-9618&alias=bigbird09.cern.ch&noUDP&sock=schedd_2208_1533_7>
...
040 (3447348.006.000) 01/30 04:11:52 Started transferring input files
	Transferring to host: <128.142.65.132:9618?addrs=128.142.65.132-9618+[2001-1458-301-4c--100-19]-9618&noUDP&sock=14672_804e_16045>
...
040 (3447348.006.000) 01/30 04:11:52 Finished transferring input files
...
001 (3447348.006.000) 01/30 04:11:53 Job executing on host: <128.142.65.132:9618?addrs=128.142.65.132-9618+[2001-1458-301-4c--100-19]-9618&noUDP&sock=14467_bcb6_3>
...
006 (3447348.006.000) 01/30 04:12:02 Image size of job updated: 1456
	2  -  MemoryUsage of job (MB)
	1456  -  ResidentSetSize of job (KB)
...
006 (3447348.006.000) 01/30 04:17:03 Image size of job updated: 439996
	391  -  MemoryUsage of job (MB)
	399660  -  ResidentSetSize of job (KB)
...
006 (3447348.006.000) 01/30 04:22:03 Image size of job updated: 450064
	401  -  MemoryUsage of job (MB)
	409692  -  ResidentSetSize of job (KB)
...
006 (3447348.006.000) 01/30 04:27:04 Image size of job updated: 450072
	401  -  MemoryUsage of job (MB)
	409700  -  ResidentSetSize of job (KB)
...
006 (3447348.006.000) 01/30 04:47:07 Image size of job updated: 450076
	401  -  MemoryUsage of job (MB)
	409704  -  ResidentSetSize of job (KB)
...
006 (3447348.006.000) 01/30 05:27:11 Image size of job updated: 450104
	401  -  MemoryUsage of job (MB)
	409732  -  ResidentSetSize of job (KB)
...
006 (3447348.006.000) 01/30 06:42:18 Image size of job updated: 450264
	401  -  MemoryUsage of job (MB)
	409892  -  ResidentSetSize of job (KB)
...
006 (3447348.006.000) 01/30 06:47:19 Image size of job updated: 450520
	401  -  MemoryUsage of job (MB)
	410148  -  ResidentSetSize of job (KB)
...
006 (3447348.006.000) 01/30 06:52:20 Image size of job updated: 450760
	401  -  MemoryUsage of job (MB)
	410388  -  ResidentSetSize of job (KB)
...
006 (3447348.006.000) 01/30 09:02:34 Image size of job updated: 450760
	401  -  MemoryUsage of job (MB)
	410412  -  ResidentSetSize of job (KB)
...
006 (3447348.006.000) 01/30 09:07:34 Image size of job updated: 450760
	401  -  MemoryUsage of job (MB)
	410480  -  ResidentSetSize of job (KB)
...
006 (3447348.006.000) 01/30 09:12:35 Image size of job updated: 450760
	401  -  MemoryUsage of job (MB)
	410512  -  ResidentSetSize of job (KB)
...
006 (3447348.006.000) 01/30 09:17:35 Image size of job updated: 450760
	401  -  MemoryUsage of job (MB)
	410572  -  ResidentSetSize of job (KB)
...
006 (3447348.006.000) 01/30 09:22:35 Image size of job updated: 450760
	402  -  MemoryUsage of job (MB)
	410660  -  ResidentSetSize of job (KB)
...
006 (3447348.006.000) 01/30 09:27:36 Image size of job updated: 450880
	402  -  MemoryUsage of job (MB)
	410756  -  ResidentSetSize of job (KB)
...
006 (3447348.006.000) 01/30 09:37:36 Image size of job updated: 450968
	402  -  MemoryUsage of job (MB)
	410844  -  ResidentSetSize of job (KB)
...
006 (3447348.006.000) 01/30 09:47:38 Image size of job updated: 451064
	402  -  MemoryUsage of job (MB)
	410940  -  ResidentSetSize of job (KB)
...
006 (3447348.006.000) 01/30 09:52:38 Image size of job updated: 451160
	402  -  MemoryUsage of job (MB)
	411036  -  ResidentSetSize of job (KB)
...
006 (3447348.006.000) 01/30 09:57:39 Image size of job updated: 451164
	402  -  MemoryUsage of job (MB)
	411040  -  ResidentSetSize of job (KB)
...
006 (3447348.006.000) 01/30 10:02:40 Image size of job updated: 451204
	402  -  MemoryUsage of job (MB)
	411080  -  ResidentSetSize of job (KB)
...
006 (3447348.006.000) 01/30 10:11:30 Image size of job updated: 451328
	402  -  MemoryUsage of job (MB)
	411204  -  ResidentSetSize of job (KB)
...
006 (3447348.006.000) 01/30 10:23:01 Image size of job updated: 451436
	402  -  MemoryUsage of job (MB)
	411312  -  ResidentSetSize of job (KB)
...
006 (3447348.006.000) 01/30 10:32:14 Image size of job updated: 451604
	402  -  MemoryUsage of job (MB)
	411480  -  ResidentSetSize of job (KB)
...
006 (3447348.006.000) 01/30 10:37:46 Image size of job updated: 451664
	402  -  MemoryUsage of job (MB)
	411540  -  ResidentSetSize of job (KB)
...
006 (3447348.006.000) 01/30 10:42:46 Image size of job updated: 451708
	402  -  MemoryUsage of job (MB)
	411584  -  ResidentSetSize of job (KB)
...
006 (3447348.006.000) 01/30 10:47:47 Image size of job updated: 451744
	402  -  MemoryUsage of job (MB)
	411620  -  ResidentSetSize of job (KB)
...
006 (3447348.006.000) 01/30 10:52:48 Image size of job updated: 451820
	403  -  MemoryUsage of job (MB)
	411696  -  ResidentSetSize of job (KB)
...
006 (3447348.006.000) 01/30 10:57:48 Image size of job updated: 451852
	403  -  MemoryUsage of job (MB)
	411728  -  ResidentSetSize of job (KB)
...
006 (3447348.006.000) 01/30 11:02:49 Image size of job updated: 451896
	403  -  MemoryUsage of job (MB)
	411772  -  ResidentSetSize of job (KB)
...
006 (3447348.006.000) 01/30 11:07:50 Image size of job updated: 452040
	403  -  MemoryUsage of job (MB)
	411916  -  ResidentSetSize of job (KB)
...
006 (3447348.006.000) 01/30 11:12:50 Image size of job updated: 452260
	403  -  MemoryUsage of job (MB)
	412136  -  ResidentSetSize of job (KB)
...
006 (3447348.006.000) 01/30 11:17:50 Image size of job updated: 452288
	403  -  MemoryUsage of job (MB)
	412164  -  ResidentSetSize of job (KB)
...
006 (3447348.006.000) 01/30 11:32:51 Image size of job updated: 452292
	403  -  MemoryUsage of job (MB)
	412168  -  ResidentSetSize of job (KB)
...
006 (3447348.006.000) 01/30 11:37:52 Image size of job updated: 452352
	403  -  MemoryUsage of job (MB)
	412228  -  ResidentSetSize of job (KB)
...
006 (3447348.006.000) 01/30 11:42:52 Image size of job updated: 452516
	403  -  MemoryUsage of job (MB)
	412392  -  ResidentSetSize of job (KB)
...
006 (3447348.006.000) 01/30 12:32:56 Image size of job updated: 452548
	403  -  MemoryUsage of job (MB)
	412424  -  ResidentSetSize of job (KB)
...
006 (3447348.006.000) 01/30 12:37:57 Image size of job updated: 452576
	403  -  MemoryUsage of job (MB)
	412452  -  ResidentSetSize of job (KB)
...
006 (3447348.006.000) 01/30 12:52:59 Image size of job updated: 452588
	403  -  MemoryUsage of job (MB)
	412456  -  ResidentSetSize of job (KB)
...
006 (3447348.006.000) 01/30 12:57:59 Image size of job updated: 452796
	403  -  MemoryUsage of job (MB)
	412652  -  ResidentSetSize of job (KB)
...
006 (3447348.006.000) 01/30 13:08:00 Image size of job updated: 452868
	404  -  MemoryUsage of job (MB)
	412700  -  ResidentSetSize of job (KB)
...
006 (3447348.006.000) 01/30 13:13:00 Image size of job updated: 452940
	404  -  MemoryUsage of job (MB)
	412700  -  ResidentSetSize of job (KB)
...
006 (3447348.006.000) 01/30 13:18:00 Image size of job updated: 453072
	404  -  MemoryUsage of job (MB)
	412700  -  ResidentSetSize of job (KB)
...
006 (3447348.006.000) 01/30 13:23:01 Image size of job updated: 453108
	404  -  MemoryUsage of job (MB)
	412700  -  ResidentSetSize of job (KB)
...
006 (3447348.006.000) 01/30 13:43:03 Image size of job updated: 453108
	404  -  MemoryUsage of job (MB)
	412776  -  ResidentSetSize of job (KB)
...
006 (3447348.006.000) 01/30 13:48:03 Image size of job updated: 453108
	404  -  MemoryUsage of job (MB)
	412832  -  ResidentSetSize of job (KB)
...
006 (3447348.006.000) 01/30 13:53:04 Image size of job updated: 453108
	404  -  MemoryUsage of job (MB)
	412952  -  ResidentSetSize of job (KB)
...
006 (3447348.006.000) 01/30 13:58:05 Image size of job updated: 453108
	404  -  MemoryUsage of job (MB)
	413060  -  ResidentSetSize of job (KB)
...
006 (3447348.006.000) 01/30 14:13:06 Image size of job updated: 453108
	404  -  MemoryUsage of job (MB)
	413196  -  ResidentSetSize of job (KB)
...
006 (3447348.006.000) 01/30 14:23:07 Image size of job updated: 453108
	404  -  MemoryUsage of job (MB)
	413212  -  ResidentSetSize of job (KB)
...
006 (3447348.006.000) 01/30 14:28:07 Image size of job updated: 453108
	404  -  MemoryUsage of job (MB)
	413288  -  ResidentSetSize of job (KB)
...
006 (3447348.006.000) 01/30 14:33:07 Image size of job updated: 453108
	404  -  MemoryUsage of job (MB)
	413320  -  ResidentSetSize of job (KB)
...
006 (3447348.006.000) 01/30 14:43:09 Image size of job updated: 453108
	404  -  MemoryUsage of job (MB)
	413484  -  ResidentSetSize of job (KB)
...
006 (3447348.006.000) 01/30 14:48:09 Image size of job updated: 453108
	404  -  MemoryUsage of job (MB)
	413572  -  ResidentSetSize of job (KB)
...
006 (3447348.006.000) 01/30 14:58:11 Image size of job updated: 453108
	404  -  MemoryUsage of job (MB)
	413632  -  ResidentSetSize of job (KB)
...
006 (3447348.006.000) 01/30 15:03:11 Image size of job updated: 453108
	404  -  MemoryUsage of job (MB)
	413648  -  ResidentSetSize of job (KB)
...
006 (3447348.006.000) 01/30 15:08:12 Image size of job updated: 453108
	405  -  MemoryUsage of job (MB)
	413724  -  ResidentSetSize of job (KB)
...
006 (3447348.006.000) 01/30 15:13:13 Image size of job updated: 453108
	405  -  MemoryUsage of job (MB)
	413800  -  ResidentSetSize of job (KB)
...
006 (3447348.006.000) 01/30 15:18:13 Image size of job updated: 453108
	405  -  MemoryUsage of job (MB)
	413844  -  ResidentSetSize of job (KB)
...
006 (3447348.006.000) 01/30 15:23:14 Image size of job updated: 453108
	405  -  MemoryUsage of job (MB)
	413904  -  ResidentSetSize of job (KB)
...
006 (3447348.006.000) 01/30 15:33:15 Image size of job updated: 453108
	405  -  MemoryUsage of job (MB)
	413960  -  ResidentSetSize of job (KB)
...
006 (3447348.006.000) 01/30 15:38:16 Image size of job updated: 453108
	405  -  MemoryUsage of job (MB)
	414012  -  ResidentSetSize of job (KB)
...
006 (3447348.006.000) 01/30 15:43:17 Image size of job updated: 453108
	405  -  MemoryUsage of job (MB)
	414148  -  ResidentSetSize of job (KB)
...
006 (3447348.006.000) 01/30 15:53:17 Image size of job updated: 453108
	405  -  MemoryUsage of job (MB)
	414220  -  ResidentSetSize of job (KB)
...
006 (3447348.006.000) 01/30 15:58:18 Image size of job updated: 453108
	405  -  MemoryUsage of job (MB)
	414284  -  ResidentSetSize of job (KB)
...
006 (3447348.006.000) 01/30 16:03:18 Image size of job updated: 453108
	405  -  MemoryUsage of job (MB)
	414356  -  ResidentSetSize of job (KB)
...
006 (3447348.006.000) 01/30 16:08:18 Image size of job updated: 453108
	405  -  MemoryUsage of job (MB)
	414396  -  ResidentSetSize of job (KB)
...
006 (3447348.006.000) 01/30 16:13:19 Image size of job updated: 453108
	405  -  MemoryUsage of job (MB)
	414436  -  ResidentSetSize of job (KB)
...
006 (3447348.006.000) 01/30 16:18:19 Image size of job updated: 453108
	405  -  MemoryUsage of job (MB)
	414496  -  ResidentSetSize of job (KB)
...
006 (3447348.006.000) 01/30 16:23:19 Image size of job updated: 453108
	405  -  MemoryUsage of job (MB)
	414572  -  ResidentSetSize of job (KB)
...
006 (3447348.006.000) 01/30 16:28:21 Image size of job updated: 453108
	405  -  MemoryUsage of job (MB)
	414636  -  ResidentSetSize of job (KB)
...
006 (3447348.006.000) 01/30 16:38:21 Image size of job updated: 453108
	406  -  MemoryUsage of job (MB)
	414760  -  ResidentSetSize of job (KB)
...
006 (3447348.006.000) 01/30 16:43:23 Image size of job updated: 453108
	406  -  MemoryUsage of job (MB)
	415096  -  ResidentSetSize of job (KB)
...
006 (3447348.006.000) 01/30 16:58:24 Image size of job updated: 453108
	406  -  MemoryUsage of job (MB)
	415132  -  ResidentSetSize of job (KB)
...
006 (3447348.006.000) 01/30 17:33:29 Image size of job updated: 453108
	406  -  MemoryUsage of job (MB)
	415200  -  ResidentSetSize of job (KB)
...
006 (3447348.006.000) 01/30 17:38:29 Image size of job updated: 453108
	406  -  MemoryUsage of job (MB)
	415236  -  ResidentSetSize of job (KB)
...
006 (3447348.006.000) 01/30 17:43:30 Image size of job updated: 453108
	406  -  MemoryUsage of job (MB)
	415328  -  ResidentSetSize of job (KB)
...
006 (3447348.006.000) 01/30 17:48:31 Image size of job updated: 453108
	406  -  MemoryUsage of job (MB)
	415400  -  ResidentSetSize of job (KB)
...
006 (3447348.006.000) 01/30 17:58:31 Image size of job updated: 453108
	406  -  MemoryUsage of job (MB)
	415536  -  ResidentSetSize of job (KB)
...
006 (3447348.006.000) 01/30 18:03:32 Image size of job updated: 453108
	407  -  MemoryUsage of job (MB)
	415804  -  ResidentSetSize of job (KB)
...
006 (3447348.006.000) 01/30 18:08:33 Image size of job updated: 453108
	407  -  MemoryUsage of job (MB)
	415952  -  ResidentSetSize of job (KB)
...
006 (3447348.006.000) 01/30 18:13:34 Image size of job updated: 453108
	407  -  MemoryUsage of job (MB)
	416084  -  ResidentSetSize of job (KB)
...
006 (3447348.006.000) 01/30 18:38:36 Image size of job updated: 453108
	407  -  MemoryUsage of job (MB)
	416112  -  ResidentSetSize of job (KB)
...
006 (3447348.006.000) 01/30 18:43:37 Image size of job updated: 453108
	407  -  MemoryUsage of job (MB)
	416200  -  ResidentSetSize of job (KB)
...
006 (3447348.006.000) 01/30 18:48:37 Image size of job updated: 453108
	407  -  MemoryUsage of job (MB)
	416212  -  ResidentSetSize of job (KB)
...
006 (3447348.006.000) 01/30 18:53:37 Image size of job updated: 453108
	408  -  MemoryUsage of job (MB)
	417160  -  ResidentSetSize of job (KB)
...
006 (3447348.006.000) 01/30 18:58:38 Image size of job updated: 453108
	409  -  MemoryUsage of job (MB)
	418608  -  ResidentSetSize of job (KB)
...
006 (3447348.006.000) 01/30 19:13:39 Image size of job updated: 453108
	411  -  MemoryUsage of job (MB)
	419856  -  ResidentSetSize of job (KB)
...
006 (3447348.006.000) 01/30 19:18:39 Image size of job updated: 453108
	411  -  MemoryUsage of job (MB)
	419952  -  ResidentSetSize of job (KB)
...
006 (3447348.006.000) 01/30 19:23:40 Image size of job updated: 453108
	411  -  MemoryUsage of job (MB)
	420020  -  ResidentSetSize of job (KB)
...
006 (3447348.006.000) 01/30 19:28:40 Image size of job updated: 453108
	411  -  MemoryUsage of job (MB)
	420152  -  ResidentSetSize of job (KB)
...
006 (3447348.006.000) 01/30 19:38:41 Image size of job updated: 453108
	411  -  MemoryUsage of job (MB)
	420344  -  ResidentSetSize of job (KB)
...
006 (3447348.006.000) 01/30 19:43:41 Image size of job updated: 453108
	411  -  MemoryUsage of job (MB)
	420428  -  ResidentSetSize of job (KB)
...
006 (3447348.006.000) 01/30 19:48:41 Image size of job updated: 453108
	411  -  MemoryUsage of job (MB)
	420512  -  ResidentSetSize of job (KB)
...
006 (3447348.006.000) 01/30 19:53:42 Image size of job updated: 453108
	411  -  MemoryUsage of job (MB)
	420524  -  ResidentSetSize of job (KB)
...
006 (3447348.006.000) 01/30 19:58:42 Image size of job updated: 453108
	411  -  MemoryUsage of job (MB)
	420648  -  ResidentSetSize of job (KB)
...
006 (3447348.006.000) 01/30 20:03:42 Image size of job updated: 453108
	411  -  MemoryUsage of job (MB)
	420684  -  ResidentSetSize of job (KB)
...
006 (3447348.006.000) 01/30 20:08:44 Image size of job updated: 453108
	411  -  MemoryUsage of job (MB)
	420740  -  ResidentSetSize of job (KB)
...
006 (3447348.006.000) 01/30 20:13:44 Image size of job updated: 453108
	411  -  MemoryUsage of job (MB)
	420760  -  ResidentSetSize of job (KB)
...
006 (3447348.006.000) 01/30 20:18:44 Image size of job updated: 453108
	411  -  MemoryUsage of job (MB)
	420852  -  ResidentSetSize of job (KB)
...
006 (3447348.006.000) 01/30 20:23:45 Image size of job updated: 453108
	412  -  MemoryUsage of job (MB)
	420992  -  ResidentSetSize of job (KB)
...
006 (3447348.006.000) 01/30 20:33:46 Image size of job updated: 453108
	412  -  MemoryUsage of job (MB)
	421064  -  ResidentSetSize of job (KB)
...
006 (3447348.006.000) 01/30 20:38:47 Image size of job updated: 453108
	412  -  MemoryUsage of job (MB)
	421260  -  ResidentSetSize of job (KB)
...
006 (3447348.006.000) 01/30 20:43:47 Image size of job updated: 453108
	412  -  MemoryUsage of job (MB)
	421276  -  ResidentSetSize of job (KB)
...
006 (3447348.006.000) 01/30 20:48:47 Image size of job updated: 453108
	412  -  MemoryUsage of job (MB)
	421364  -  ResidentSetSize of job (KB)
...
006 (3447348.006.000) 01/30 20:53:48 Image size of job updated: 453108
	412  -  MemoryUsage of job (MB)
	421436  -  ResidentSetSize of job (KB)
...
006 (3447348.006.000) 01/30 21:03:48 Image size of job updated: 453108
	412  -  MemoryUsage of job (MB)
	421588  -  ResidentSetSize of job (KB)
...
006 (3447348.006.000) 01/30 21:08:49 Image size of job updated: 453108
	412  -  MemoryUsage of job (MB)
	421612  -  ResidentSetSize of job (KB)
...
006 (3447348.006.000) 01/30 21:13:49 Image size of job updated: 453108
	412  -  MemoryUsage of job (MB)
	421720  -  ResidentSetSize of job (KB)
...
006 (3447348.006.000) 01/30 21:18:49 Image size of job updated: 453108
	412  -  MemoryUsage of job (MB)
	421808  -  ResidentSetSize of job (KB)
...
006 (3447348.006.000) 01/30 21:23:50 Image size of job updated: 453108
	412  -  MemoryUsage of job (MB)
	421880  -  ResidentSetSize of job (KB)
...
006 (3447348.006.000) 01/30 21:28:50 Image size of job updated: 453108
	413  -  MemoryUsage of job (MB)
	421964  -  ResidentSetSize of job (KB)
...
006 (3447348.006.000) 01/30 21:33:50 Image size of job updated: 453108
	413  -  MemoryUsage of job (MB)
	422036  -  ResidentSetSize of job (KB)
...
006 (3447348.006.000) 01/30 21:38:51 Image size of job updated: 453108
	413  -  MemoryUsage of job (MB)
	422104  -  ResidentSetSize of job (KB)
...
006 (3447348.006.000) 01/30 21:43:51 Image size of job updated: 453108
	413  -  MemoryUsage of job (MB)
	422184  -  ResidentSetSize of job (KB)
...
006 (3447348.006.000) 01/30 21:48:51 Image size of job updated: 453108
	413  -  MemoryUsage of job (MB)
	422368  -  ResidentSetSize of job (KB)
...
006 (3447348.006.000) 01/30 21:58:52 Image size of job updated: 453108
	413  -  MemoryUsage of job (MB)
	422504  -  ResidentSetSize of job (KB)
...
006 (3447348.006.000) 01/30 22:03:52 Image size of job updated: 453108
	413  -  MemoryUsage of job (MB)
	422644  -  ResidentSetSize of job (KB)
...
006 (3447348.006.000) 01/30 22:08:54 Image size of job updated: 453108
	413  -  MemoryUsage of job (MB)
	422680  -  ResidentSetSize of job (KB)
...
006 (3447348.006.000) 01/30 22:13:54 Image size of job updated: 453108
	413  -  MemoryUsage of job (MB)
	422772  -  ResidentSetSize of job (KB)
...
006 (3447348.006.000) 01/30 22:18:54 Image size of job updated: 453108
	413  -  MemoryUsage of job (MB)
	422856  -  ResidentSetSize of job (KB)
...
006 (3447348.006.000) 01/30 22:23:55 Image size of job updated: 453108
	413  -  MemoryUsage of job (MB)
	422892  -  ResidentSetSize of job (KB)
...
006 (3447348.006.000) 01/30 22:28:56 Image size of job updated: 453108
	414  -  MemoryUsage of job (MB)
	423000  -  ResidentSetSize of job (KB)
...
006 (3447348.006.000) 01/30 22:38:56 Image size of job updated: 453108
	414  -  MemoryUsage of job (MB)
	423152  -  ResidentSetSize of job (KB)
...
006 (3447348.006.000) 01/30 22:43:57 Image size of job updated: 453108
	414  -  MemoryUsage of job (MB)
	423232  -  ResidentSetSize of job (KB)
...
006 (3447348.006.000) 01/30 22:48:57 Image size of job updated: 453108
	414  -  MemoryUsage of job (MB)
	423384  -  ResidentSetSize of job (KB)
...
006 (3447348.006.000) 01/30 22:53:57 Image size of job updated: 453108
	414  -  MemoryUsage of job (MB)
	423556  -  ResidentSetSize of job (KB)
...
006 (3447348.006.000) 01/30 22:58:58 Image size of job updated: 453108
	414  -  MemoryUsage of job (MB)
	423624  -  ResidentSetSize of job (KB)
...
006 (3447348.006.000) 01/30 23:03:59 Image size of job updated: 453108
	414  -  MemoryUsage of job (MB)
	423724  -  ResidentSetSize of job (KB)
...
006 (3447348.006.000) 01/30 23:08:59 Image size of job updated: 453108
	414  -  MemoryUsage of job (MB)
	423800  -  ResidentSetSize of job (KB)
...
006 (3447348.006.000) 01/30 23:13:59 Image size of job updated: 453108
	415  -  MemoryUsage of job (MB)
	423956  -  ResidentSetSize of job (KB)
...
006 (3447348.006.000) 01/30 23:19:00 Image size of job updated: 453108
	415  -  MemoryUsage of job (MB)
	424104  -  ResidentSetSize of job (KB)
...
006 (3447348.006.000) 01/30 23:24:01 Image size of job updated: 453108
	415  -  MemoryUsage of job (MB)
	424408  -  ResidentSetSize of job (KB)
...
006 (3447348.006.000) 01/30 23:29:01 Image size of job updated: 453108
	415  -  MemoryUsage of job (MB)
	424940  -  ResidentSetSize of job (KB)
...
006 (3447348.006.000) 01/30 23:44:02 Image size of job updated: 453108
	416  -  MemoryUsage of job (MB)
	425192  -  ResidentSetSize of job (KB)
...
006 (3447348.006.000) 01/30 23:49:03 Image size of job updated: 453108
	416  -  MemoryUsage of job (MB)
	425420  -  ResidentSetSize of job (KB)
...
006 (3447348.006.000) 01/31 05:44:38 Image size of job updated: 453108
	416  -  MemoryUsage of job (MB)
	425452  -  ResidentSetSize of job (KB)
...
006 (3447348.006.000) 01/31 05:49:39 Image size of job updated: 453108
	416  -  MemoryUsage of job (MB)
	425488  -  ResidentSetSize of job (KB)
...
006 (3447348.006.000) 01/31 05:59:40 Image size of job updated: 453108
	416  -  MemoryUsage of job (MB)
	425500  -  ResidentSetSize of job (KB)
...
006 (3447348.006.000) 01/31 06:04:41 Image size of job updated: 453108
	416  -  MemoryUsage of job (MB)
	425528  -  ResidentSetSize of job (KB)
...
006 (3447348.006.000) 01/31 06:14:41 Image size of job updated: 453108
	416  -  MemoryUsage of job (MB)
	425588  -  ResidentSetSize of job (KB)
...
006 (3447348.006.000) 01/31 06:29:43 Image size of job updated: 453108
	416  -  MemoryUsage of job (MB)
	425604  -  ResidentSetSize of job (KB)
...
006 (3447348.006.000) 01/31 06:39:44 Image size of job updated: 453108
	416  -  MemoryUsage of job (MB)
	425612  -  ResidentSetSize of job (KB)
...
006 (3447348.006.000) 01/31 06:59:46 Image size of job updated: 453108
	416  -  MemoryUsage of job (MB)
	425748  -  ResidentSetSize of job (KB)
...
040 (3447348.006.000) 02/01 19:21:02 Started transferring input files
	Transferring to host: <188.184.211.82:9618?addrs=188.184.211.82-9618+[2001-1458-301-10b--100-15d]-9618&noUDP&sock=20502_437b_201667>
...
040 (3447348.006.000) 02/01 19:21:02 Finished transferring input files
...
001 (3447348.006.000) 02/01 19:21:03 Job executing on host: <188.184.211.82:9618?addrs=188.184.211.82-9618+[2001-1458-301-10b--100-15d]-9618&noUDP&sock=20368_5514_3>
...
006 (3447348.006.000) 02/01 19:21:24 Image size of job updated: 1138144
	440  -  MemoryUsage of job (MB)
	450000  -  ResidentSetSize of job (KB)
...
040 (3447348.006.000) 02/01 19:21:24 Started transferring output files
...
040 (3447348.006.000) 02/01 19:21:24 Finished transferring output files
...
005 (3447348.006.000) 02/01 19:21:24 Job terminated.
	(1) Normal termination (return value 0)
		Usr 0 00:00:06, Sys 0 00:00:04  -  Run Remote Usage
		Usr 0 00:00:00, Sys 0 00:00:00  -  Run Local Usage
		Usr 0 00:00:06, Sys 0 00:00:04  -  Total Remote Usage
		Usr 0 00:00:00, Sys 0 00:00:00  -  Total Local Usage
	9715  -  Run Bytes Sent By Job
	493  -  Run Bytes Received By Job
	9715  -  Total Bytes Sent By Job
	986  -  Total Bytes Received By Job
	Partitionable Resources :    Usage  Request Allocated 
	   Cpus                 :                 1           
	   Disk (KB)            :       24       40   3162993 
	   Memory (MB)          :      440     2000      2000 
...
