000 (3447348.003.000) 01/30 00:59:33 Job submitted from host: <188.185.71.142:9618?addrs=188.185.71.142-9618+[2001-1458-d00-7--100-388]-9618&alias=bigbird09.cern.ch&noUDP&sock=schedd_2208_1533_7>
...
040 (3447348.003.000) 01/30 04:11:53 Started transferring input files
	Transferring to host: <128.142.115.142:9618?addrs=128.142.115.142-9618+[2001-1458-301-90--100-542]-9618&noUDP&sock=2147_8170_29721>
...
040 (3447348.003.000) 01/30 04:11:53 Finished transferring input files
...
001 (3447348.003.000) 01/30 04:11:54 Job executing on host: <128.142.115.142:9618?addrs=128.142.115.142-9618+[2001-1458-301-90--100-542]-9618&noUDP&sock=1826_1006_3>
...
006 (3447348.003.000) 01/30 04:12:03 Image size of job updated: 852
	1  -  MemoryUsage of job (MB)
	852  -  ResidentSetSize of job (KB)
...
006 (3447348.003.000) 01/30 04:22:05 Image size of job updated: 411608
	401  -  MemoryUsage of job (MB)
	409628  -  ResidentSetSize of job (KB)
...
006 (3447348.003.000) 01/30 04:27:05 Image size of job updated: 411624
	401  -  MemoryUsage of job (MB)
	409644  -  ResidentSetSize of job (KB)
...
006 (3447348.003.000) 01/30 04:32:05 Image size of job updated: 411640
	401  -  MemoryUsage of job (MB)
	409660  -  ResidentSetSize of job (KB)
...
006 (3447348.003.000) 01/30 04:37:06 Image size of job updated: 411648
	401  -  MemoryUsage of job (MB)
	409668  -  ResidentSetSize of job (KB)
...
006 (3447348.003.000) 01/30 04:42:06 Image size of job updated: 411656
	401  -  MemoryUsage of job (MB)
	409676  -  ResidentSetSize of job (KB)
...
006 (3447348.003.000) 01/30 04:47:06 Image size of job updated: 411676
	401  -  MemoryUsage of job (MB)
	409696  -  ResidentSetSize of job (KB)
...
006 (3447348.003.000) 01/30 04:57:07 Image size of job updated: 411692
	401  -  MemoryUsage of job (MB)
	409712  -  ResidentSetSize of job (KB)
...
006 (3447348.003.000) 01/30 05:02:07 Image size of job updated: 411708
	401  -  MemoryUsage of job (MB)
	409728  -  ResidentSetSize of job (KB)
...
006 (3447348.003.000) 01/30 05:07:08 Image size of job updated: 411712
	401  -  MemoryUsage of job (MB)
	409732  -  ResidentSetSize of job (KB)
...
006 (3447348.003.000) 01/30 05:12:08 Image size of job updated: 411716
	401  -  MemoryUsage of job (MB)
	409736  -  ResidentSetSize of job (KB)
...
006 (3447348.003.000) 01/30 05:17:08 Image size of job updated: 411724
	401  -  MemoryUsage of job (MB)
	409744  -  ResidentSetSize of job (KB)
...
006 (3447348.003.000) 01/30 05:22:09 Image size of job updated: 411736
	401  -  MemoryUsage of job (MB)
	409756  -  ResidentSetSize of job (KB)
...
006 (3447348.003.000) 01/30 05:27:09 Image size of job updated: 411740
	401  -  MemoryUsage of job (MB)
	409760  -  ResidentSetSize of job (KB)
...
006 (3447348.003.000) 01/30 05:47:10 Image size of job updated: 411764
	401  -  MemoryUsage of job (MB)
	409784  -  ResidentSetSize of job (KB)
...
006 (3447348.003.000) 01/30 05:52:11 Image size of job updated: 411768
	401  -  MemoryUsage of job (MB)
	409788  -  ResidentSetSize of job (KB)
...
006 (3447348.003.000) 01/30 07:27:21 Image size of job updated: 411800
	401  -  MemoryUsage of job (MB)
	409816  -  ResidentSetSize of job (KB)
...
006 (3447348.003.000) 01/30 07:32:21 Image size of job updated: 411856
	401  -  MemoryUsage of job (MB)
	409872  -  ResidentSetSize of job (KB)
...
006 (3447348.003.000) 01/30 07:37:21 Image size of job updated: 411892
	401  -  MemoryUsage of job (MB)
	409908  -  ResidentSetSize of job (KB)
...
006 (3447348.003.000) 01/30 07:42:22 Image size of job updated: 411976
	401  -  MemoryUsage of job (MB)
	409988  -  ResidentSetSize of job (KB)
...
006 (3447348.003.000) 01/30 07:47:22 Image size of job updated: 411984
	401  -  MemoryUsage of job (MB)
	409996  -  ResidentSetSize of job (KB)
...
006 (3447348.003.000) 01/30 07:52:22 Image size of job updated: 412156
	401  -  MemoryUsage of job (MB)
	410168  -  ResidentSetSize of job (KB)
...
006 (3447348.003.000) 01/30 07:57:23 Image size of job updated: 412172
	401  -  MemoryUsage of job (MB)
	410168  -  ResidentSetSize of job (KB)
...
006 (3447348.003.000) 01/30 08:02:23 Image size of job updated: 412228
	401  -  MemoryUsage of job (MB)
	410224  -  ResidentSetSize of job (KB)
...
006 (3447348.003.000) 01/30 08:07:23 Image size of job updated: 412272
	401  -  MemoryUsage of job (MB)
	410268  -  ResidentSetSize of job (KB)
...
006 (3447348.003.000) 01/30 08:17:24 Image size of job updated: 412368
	401  -  MemoryUsage of job (MB)
	410268  -  ResidentSetSize of job (KB)
...
006 (3447348.003.000) 01/30 08:22:24 Image size of job updated: 412376
	401  -  MemoryUsage of job (MB)
	410268  -  ResidentSetSize of job (KB)
...
006 (3447348.003.000) 01/30 08:27:25 Image size of job updated: 412488
	401  -  MemoryUsage of job (MB)
	410268  -  ResidentSetSize of job (KB)
...
006 (3447348.003.000) 01/30 08:37:25 Image size of job updated: 412560
	401  -  MemoryUsage of job (MB)
	410268  -  ResidentSetSize of job (KB)
...
006 (3447348.003.000) 01/30 08:42:26 Image size of job updated: 412704
	401  -  MemoryUsage of job (MB)
	410268  -  ResidentSetSize of job (KB)
...
006 (3447348.003.000) 01/30 08:47:26 Image size of job updated: 412780
	401  -  MemoryUsage of job (MB)
	410268  -  ResidentSetSize of job (KB)
...
006 (3447348.003.000) 01/30 08:52:26 Image size of job updated: 412812
	401  -  MemoryUsage of job (MB)
	410268  -  ResidentSetSize of job (KB)
...
006 (3447348.003.000) 01/30 08:57:27 Image size of job updated: 412872
	401  -  MemoryUsage of job (MB)
	410268  -  ResidentSetSize of job (KB)
...
006 (3447348.003.000) 01/30 09:02:27 Image size of job updated: 412928
	401  -  MemoryUsage of job (MB)
	410268  -  ResidentSetSize of job (KB)
...
006 (3447348.003.000) 01/30 09:07:27 Image size of job updated: 412972
	401  -  MemoryUsage of job (MB)
	410268  -  ResidentSetSize of job (KB)
...
006 (3447348.003.000) 01/30 09:12:29 Image size of job updated: 413072
	401  -  MemoryUsage of job (MB)
	410268  -  ResidentSetSize of job (KB)
...
006 (3447348.003.000) 01/30 09:17:29 Image size of job updated: 413168
	401  -  MemoryUsage of job (MB)
	410268  -  ResidentSetSize of job (KB)
...
006 (3447348.003.000) 01/30 09:22:29 Image size of job updated: 413216
	401  -  MemoryUsage of job (MB)
	410268  -  ResidentSetSize of job (KB)
...
006 (3447348.003.000) 01/30 09:27:30 Image size of job updated: 413228
	401  -  MemoryUsage of job (MB)
	410268  -  ResidentSetSize of job (KB)
...
006 (3447348.003.000) 01/30 09:32:31 Image size of job updated: 413232
	401  -  MemoryUsage of job (MB)
	410268  -  ResidentSetSize of job (KB)
...
006 (3447348.003.000) 01/30 09:37:31 Image size of job updated: 413360
	401  -  MemoryUsage of job (MB)
	410268  -  ResidentSetSize of job (KB)
...
006 (3447348.003.000) 01/30 09:47:33 Image size of job updated: 413436
	401  -  MemoryUsage of job (MB)
	410268  -  ResidentSetSize of job (KB)
...
006 (3447348.003.000) 01/30 09:52:33 Image size of job updated: 413512
	401  -  MemoryUsage of job (MB)
	410268  -  ResidentSetSize of job (KB)
...
006 (3447348.003.000) 01/30 09:57:34 Image size of job updated: 413732
	401  -  MemoryUsage of job (MB)
	410268  -  ResidentSetSize of job (KB)
...
006 (3447348.003.000) 01/30 10:12:35 Image size of job updated: 413812
	401  -  MemoryUsage of job (MB)
	410300  -  ResidentSetSize of job (KB)
...
006 (3447348.003.000) 01/30 10:52:39 Image size of job updated: 413828
	401  -  MemoryUsage of job (MB)
	410300  -  ResidentSetSize of job (KB)
...
006 (3447348.003.000) 01/30 10:57:39 Image size of job updated: 413912
	401  -  MemoryUsage of job (MB)
	410300  -  ResidentSetSize of job (KB)
...
006 (3447348.003.000) 01/30 11:02:39 Image size of job updated: 413972
	401  -  MemoryUsage of job (MB)
	410300  -  ResidentSetSize of job (KB)
...
006 (3447348.003.000) 01/30 11:17:41 Image size of job updated: 413976
	401  -  MemoryUsage of job (MB)
	410300  -  ResidentSetSize of job (KB)
...
006 (3447348.003.000) 01/30 11:27:42 Image size of job updated: 413996
	401  -  MemoryUsage of job (MB)
	410300  -  ResidentSetSize of job (KB)
...
006 (3447348.003.000) 01/30 11:32:42 Image size of job updated: 414036
	401  -  MemoryUsage of job (MB)
	410300  -  ResidentSetSize of job (KB)
...
006 (3447348.003.000) 01/30 11:37:42 Image size of job updated: 414044
	401  -  MemoryUsage of job (MB)
	410300  -  ResidentSetSize of job (KB)
...
006 (3447348.003.000) 01/30 11:47:44 Image size of job updated: 414048
	401  -  MemoryUsage of job (MB)
	410300  -  ResidentSetSize of job (KB)
...
006 (3447348.003.000) 01/30 11:52:44 Image size of job updated: 414076
	401  -  MemoryUsage of job (MB)
	410300  -  ResidentSetSize of job (KB)
...
006 (3447348.003.000) 01/30 11:57:44 Image size of job updated: 414204
	401  -  MemoryUsage of job (MB)
	410300  -  ResidentSetSize of job (KB)
...
006 (3447348.003.000) 01/30 12:02:45 Image size of job updated: 414288
	401  -  MemoryUsage of job (MB)
	410300  -  ResidentSetSize of job (KB)
...
006 (3447348.003.000) 01/30 12:07:46 Image size of job updated: 414384
	401  -  MemoryUsage of job (MB)
	410300  -  ResidentSetSize of job (KB)
...
006 (3447348.003.000) 01/30 12:12:46 Image size of job updated: 414512
	401  -  MemoryUsage of job (MB)
	410300  -  ResidentSetSize of job (KB)
...
006 (3447348.003.000) 01/30 12:17:46 Image size of job updated: 414648
	401  -  MemoryUsage of job (MB)
	410300  -  ResidentSetSize of job (KB)
...
006 (3447348.003.000) 01/30 12:22:47 Image size of job updated: 414672
	401  -  MemoryUsage of job (MB)
	410300  -  ResidentSetSize of job (KB)
...
006 (3447348.003.000) 01/30 12:27:47 Image size of job updated: 414856
	401  -  MemoryUsage of job (MB)
	410300  -  ResidentSetSize of job (KB)
...
006 (3447348.003.000) 01/30 12:32:47 Image size of job updated: 414880
	401  -  MemoryUsage of job (MB)
	410300  -  ResidentSetSize of job (KB)
...
006 (3447348.003.000) 01/30 12:37:48 Image size of job updated: 415024
	401  -  MemoryUsage of job (MB)
	410300  -  ResidentSetSize of job (KB)
...
006 (3447348.003.000) 01/30 12:42:49 Image size of job updated: 415040
	401  -  MemoryUsage of job (MB)
	410300  -  ResidentSetSize of job (KB)
...
006 (3447348.003.000) 01/30 12:47:49 Image size of job updated: 415080
	401  -  MemoryUsage of job (MB)
	410300  -  ResidentSetSize of job (KB)
...
006 (3447348.003.000) 01/30 12:52:50 Image size of job updated: 415116
	401  -  MemoryUsage of job (MB)
	410300  -  ResidentSetSize of job (KB)
...
006 (3447348.003.000) 01/30 12:57:51 Image size of job updated: 415136
	401  -  MemoryUsage of job (MB)
	410300  -  ResidentSetSize of job (KB)
...
006 (3447348.003.000) 01/30 13:02:51 Image size of job updated: 415268
	401  -  MemoryUsage of job (MB)
	410300  -  ResidentSetSize of job (KB)
...
006 (3447348.003.000) 01/30 13:07:52 Image size of job updated: 415288
	401  -  MemoryUsage of job (MB)
	410300  -  ResidentSetSize of job (KB)
...
006 (3447348.003.000) 01/30 13:12:53 Image size of job updated: 415336
	401  -  MemoryUsage of job (MB)
	410300  -  ResidentSetSize of job (KB)
...
006 (3447348.003.000) 01/30 13:17:53 Image size of job updated: 415340
	401  -  MemoryUsage of job (MB)
	410300  -  ResidentSetSize of job (KB)
...
006 (3447348.003.000) 01/30 13:22:54 Image size of job updated: 415400
	401  -  MemoryUsage of job (MB)
	410300  -  ResidentSetSize of job (KB)
...
006 (3447348.003.000) 01/30 15:43:11 Image size of job updated: 415476
	401  -  MemoryUsage of job (MB)
	410300  -  ResidentSetSize of job (KB)
...
006 (3447348.003.000) 01/30 15:48:11 Image size of job updated: 415604
	401  -  MemoryUsage of job (MB)
	410300  -  ResidentSetSize of job (KB)
...
006 (3447348.003.000) 01/30 15:53:11 Image size of job updated: 415644
	401  -  MemoryUsage of job (MB)
	410300  -  ResidentSetSize of job (KB)
...
006 (3447348.003.000) 01/30 15:58:13 Image size of job updated: 415680
	401  -  MemoryUsage of job (MB)
	410300  -  ResidentSetSize of job (KB)
...
006 (3447348.003.000) 01/30 16:08:13 Image size of job updated: 415736
	401  -  MemoryUsage of job (MB)
	410300  -  ResidentSetSize of job (KB)
...
006 (3447348.003.000) 01/30 16:13:15 Image size of job updated: 415872
	401  -  MemoryUsage of job (MB)
	410300  -  ResidentSetSize of job (KB)
...
006 (3447348.003.000) 01/30 16:18:15 Image size of job updated: 415960
	401  -  MemoryUsage of job (MB)
	410300  -  ResidentSetSize of job (KB)
...
006 (3447348.003.000) 01/30 16:23:15 Image size of job updated: 416000
	401  -  MemoryUsage of job (MB)
	410300  -  ResidentSetSize of job (KB)
...
006 (3447348.003.000) 01/30 16:28:16 Image size of job updated: 416044
	401  -  MemoryUsage of job (MB)
	410300  -  ResidentSetSize of job (KB)
...
006 (3447348.003.000) 01/30 16:33:17 Image size of job updated: 416080
	401  -  MemoryUsage of job (MB)
	410300  -  ResidentSetSize of job (KB)
...
006 (3447348.003.000) 01/30 16:38:17 Image size of job updated: 416176
	401  -  MemoryUsage of job (MB)
	410300  -  ResidentSetSize of job (KB)
...
006 (3447348.003.000) 01/30 16:43:18 Image size of job updated: 416184
	401  -  MemoryUsage of job (MB)
	410300  -  ResidentSetSize of job (KB)
...
006 (3447348.003.000) 01/30 16:48:19 Image size of job updated: 416188
	401  -  MemoryUsage of job (MB)
	410300  -  ResidentSetSize of job (KB)
...
006 (3447348.003.000) 01/30 16:53:19 Image size of job updated: 416268
	401  -  MemoryUsage of job (MB)
	410300  -  ResidentSetSize of job (KB)
...
006 (3447348.003.000) 01/30 16:58:20 Image size of job updated: 416324
	401  -  MemoryUsage of job (MB)
	410300  -  ResidentSetSize of job (KB)
...
006 (3447348.003.000) 01/30 17:03:20 Image size of job updated: 416416
	401  -  MemoryUsage of job (MB)
	410300  -  ResidentSetSize of job (KB)
...
006 (3447348.003.000) 01/30 17:08:20 Image size of job updated: 416452
	401  -  MemoryUsage of job (MB)
	410300  -  ResidentSetSize of job (KB)
...
006 (3447348.003.000) 01/30 17:13:21 Image size of job updated: 416456
	401  -  MemoryUsage of job (MB)
	410300  -  ResidentSetSize of job (KB)
...
006 (3447348.003.000) 01/30 17:18:21 Image size of job updated: 416528
	401  -  MemoryUsage of job (MB)
	410300  -  ResidentSetSize of job (KB)
...
006 (3447348.003.000) 01/30 17:23:21 Image size of job updated: 417508
	401  -  MemoryUsage of job (MB)
	410300  -  ResidentSetSize of job (KB)
...
006 (3447348.003.000) 01/30 17:28:21 Image size of job updated: 432984
	401  -  MemoryUsage of job (MB)
	410300  -  ResidentSetSize of job (KB)
...
006 (3447348.003.000) 01/30 17:33:21 Image size of job updated: 432992
	401  -  MemoryUsage of job (MB)
	410300  -  ResidentSetSize of job (KB)
...
006 (3447348.003.000) 01/30 17:38:22 Image size of job updated: 434716
	401  -  MemoryUsage of job (MB)
	410300  -  ResidentSetSize of job (KB)
...
006 (3447348.003.000) 01/30 17:43:22 Image size of job updated: 434884
	401  -  MemoryUsage of job (MB)
	410300  -  ResidentSetSize of job (KB)
...
006 (3447348.003.000) 01/30 17:53:23 Image size of job updated: 434928
	401  -  MemoryUsage of job (MB)
	410300  -  ResidentSetSize of job (KB)
...
006 (3447348.003.000) 01/30 17:58:23 Image size of job updated: 435016
	401  -  MemoryUsage of job (MB)
	410300  -  ResidentSetSize of job (KB)
...
006 (3447348.003.000) 01/30 18:03:23 Image size of job updated: 435144
	401  -  MemoryUsage of job (MB)
	410300  -  ResidentSetSize of job (KB)
...
006 (3447348.003.000) 01/30 18:08:24 Image size of job updated: 435180
	401  -  MemoryUsage of job (MB)
	410300  -  ResidentSetSize of job (KB)
...
006 (3447348.003.000) 01/30 18:13:24 Image size of job updated: 435316
	401  -  MemoryUsage of job (MB)
	410300  -  ResidentSetSize of job (KB)
...
006 (3447348.003.000) 01/30 18:18:25 Image size of job updated: 435360
	401  -  MemoryUsage of job (MB)
	410300  -  ResidentSetSize of job (KB)
...
006 (3447348.003.000) 01/30 18:23:26 Image size of job updated: 435524
	401  -  MemoryUsage of job (MB)
	410300  -  ResidentSetSize of job (KB)
...
006 (3447348.003.000) 01/30 18:28:26 Image size of job updated: 435544
	401  -  MemoryUsage of job (MB)
	410300  -  ResidentSetSize of job (KB)
...
006 (3447348.003.000) 01/30 18:33:27 Image size of job updated: 435656
	401  -  MemoryUsage of job (MB)
	410300  -  ResidentSetSize of job (KB)
...
006 (3447348.003.000) 01/30 18:38:28 Image size of job updated: 435692
	401  -  MemoryUsage of job (MB)
	410300  -  ResidentSetSize of job (KB)
...
006 (3447348.003.000) 01/30 18:43:28 Image size of job updated: 435708
	401  -  MemoryUsage of job (MB)
	410300  -  ResidentSetSize of job (KB)
...
006 (3447348.003.000) 01/30 18:48:29 Image size of job updated: 435852
	401  -  MemoryUsage of job (MB)
	410300  -  ResidentSetSize of job (KB)
...
006 (3447348.003.000) 01/30 18:53:30 Image size of job updated: 435880
	401  -  MemoryUsage of job (MB)
	410300  -  ResidentSetSize of job (KB)
...
006 (3447348.003.000) 01/30 18:58:30 Image size of job updated: 435984
	401  -  MemoryUsage of job (MB)
	410300  -  ResidentSetSize of job (KB)
...
006 (3447348.003.000) 01/30 19:03:30 Image size of job updated: 436120
	401  -  MemoryUsage of job (MB)
	410300  -  ResidentSetSize of job (KB)
...
006 (3447348.003.000) 01/30 19:13:32 Image size of job updated: 436172
	401  -  MemoryUsage of job (MB)
	410300  -  ResidentSetSize of job (KB)
...
006 (3447348.003.000) 01/30 19:18:32 Image size of job updated: 436292
	401  -  MemoryUsage of job (MB)
	410300  -  ResidentSetSize of job (KB)
...
006 (3447348.003.000) 01/30 19:33:33 Image size of job updated: 436296
	401  -  MemoryUsage of job (MB)
	410300  -  ResidentSetSize of job (KB)
...
006 (3447348.003.000) 01/30 19:38:33 Image size of job updated: 436304
	401  -  MemoryUsage of job (MB)
	410300  -  ResidentSetSize of job (KB)
...
006 (3447348.003.000) 01/30 19:43:34 Image size of job updated: 436352
	401  -  MemoryUsage of job (MB)
	410300  -  ResidentSetSize of job (KB)
...
040 (3447348.003.000) 02/01 19:21:03 Started transferring input files
	Transferring to host: <188.184.190.32:9618?addrs=188.184.190.32-9618+[2001-1458-301-4b--100-4a]-9618&noUDP&sock=1873_72a5_200958>
...
040 (3447348.003.000) 02/01 19:21:03 Finished transferring input files
...
001 (3447348.003.000) 02/01 19:21:04 Job executing on host: <188.184.190.32:9618?addrs=188.184.190.32-9618+[2001-1458-301-4b--100-4a]-9618&noUDP&sock=5592_39b0_3>
...
040 (3447348.003.000) 02/01 19:21:36 Started transferring output files
...
040 (3447348.003.000) 02/01 19:21:36 Finished transferring output files
...
005 (3447348.003.000) 02/01 19:21:36 Job terminated.
	(1) Normal termination (return value 0)
		Usr 0 00:00:07, Sys 0 00:00:05  -  Run Remote Usage
		Usr 0 00:00:00, Sys 0 00:00:00  -  Run Local Usage
		Usr 0 00:00:07, Sys 0 00:00:05  -  Total Remote Usage
		Usr 0 00:00:00, Sys 0 00:00:00  -  Total Local Usage
	9715  -  Run Bytes Sent By Job
	493  -  Run Bytes Received By Job
	9715  -  Total Bytes Sent By Job
	986  -  Total Bytes Received By Job
	Partitionable Resources :    Usage  Request Allocated 
	   Cpus                 :                 1           
	   Disk (KB)            :       24       40   3004876 
	   Memory (MB)          :      416     2000      2000 
...
