000 (3444396.001.000) 01/29 18:50:48 Job submitted from host: <188.185.71.142:9618?addrs=188.185.71.142-9618+[2001-1458-d00-7--100-388]-9618&alias=bigbird09.cern.ch&noUDP&sock=schedd_2208_1533_7>
...
040 (3444396.001.000) 01/29 20:53:56 Started transferring input files
	Transferring to host: <188.184.212.252:9618?addrs=188.184.212.252-9618+[2001-1458-301-10c--100-ee]-9618&noUDP&sock=20356_64b5_198633>
...
040 (3444396.001.000) 01/29 20:53:56 Finished transferring input files
...
001 (3444396.001.000) 01/29 20:53:57 Job executing on host: <188.184.212.252:9618?addrs=188.184.212.252-9618+[2001-1458-301-10c--100-ee]-9618&noUDP&sock=20223_dfd8_3>
...
006 (3444396.001.000) 01/29 20:54:05 Image size of job updated: 5240
	4  -  MemoryUsage of job (MB)
	4044  -  ResidentSetSize of job (KB)
...
006 (3444396.001.000) 01/29 20:59:05 Image size of job updated: 442536
	360  -  MemoryUsage of job (MB)
	367752  -  ResidentSetSize of job (KB)
...
006 (3444396.001.000) 01/29 21:04:06 Image size of job updated: 442828
	360  -  MemoryUsage of job (MB)
	368016  -  ResidentSetSize of job (KB)
...
006 (3444396.001.000) 01/29 21:11:28 Image size of job updated: 442856
	360  -  MemoryUsage of job (MB)
	368044  -  ResidentSetSize of job (KB)
...
006 (3444396.001.000) 01/29 21:18:36 Image size of job updated: 442876
	360  -  MemoryUsage of job (MB)
	368064  -  ResidentSetSize of job (KB)
...
006 (3444396.001.000) 01/29 21:24:18 Image size of job updated: 442884
	360  -  MemoryUsage of job (MB)
	368072  -  ResidentSetSize of job (KB)
...
006 (3444396.001.000) 01/29 21:29:19 Image size of job updated: 442904
	360  -  MemoryUsage of job (MB)
	368092  -  ResidentSetSize of job (KB)
...
006 (3444396.001.000) 01/29 21:34:20 Image size of job updated: 442912
	360  -  MemoryUsage of job (MB)
	368100  -  ResidentSetSize of job (KB)
...
006 (3444396.001.000) 01/29 21:44:20 Image size of job updated: 442924
	360  -  MemoryUsage of job (MB)
	368112  -  ResidentSetSize of job (KB)
...
006 (3444396.001.000) 01/29 21:49:21 Image size of job updated: 442928
	360  -  MemoryUsage of job (MB)
	368116  -  ResidentSetSize of job (KB)
...
006 (3444396.001.000) 01/29 21:54:21 Image size of job updated: 442932
	360  -  MemoryUsage of job (MB)
	368120  -  ResidentSetSize of job (KB)
...
006 (3444396.001.000) 01/29 22:04:22 Image size of job updated: 442940
	360  -  MemoryUsage of job (MB)
	368128  -  ResidentSetSize of job (KB)
...
006 (3444396.001.000) 01/29 22:12:14 Image size of job updated: 442968
	360  -  MemoryUsage of job (MB)
	368156  -  ResidentSetSize of job (KB)
...
006 (3444396.001.000) 01/30 01:57:32 Image size of job updated: 442968
	360  -  MemoryUsage of job (MB)
	368172  -  ResidentSetSize of job (KB)
...
006 (3444396.001.000) 01/30 02:02:33 Image size of job updated: 442968
	360  -  MemoryUsage of job (MB)
	368236  -  ResidentSetSize of job (KB)
...
006 (3444396.001.000) 01/30 02:07:34 Image size of job updated: 442968
	360  -  MemoryUsage of job (MB)
	368336  -  ResidentSetSize of job (KB)
...
006 (3444396.001.000) 01/30 02:12:34 Image size of job updated: 442968
	360  -  MemoryUsage of job (MB)
	368348  -  ResidentSetSize of job (KB)
...
006 (3444396.001.000) 01/30 02:37:38 Image size of job updated: 442968
	360  -  MemoryUsage of job (MB)
	368400  -  ResidentSetSize of job (KB)
...
006 (3444396.001.000) 01/30 02:42:38 Image size of job updated: 442968
	360  -  MemoryUsage of job (MB)
	368512  -  ResidentSetSize of job (KB)
...
006 (3444396.001.000) 01/30 02:47:38 Image size of job updated: 442968
	360  -  MemoryUsage of job (MB)
	368596  -  ResidentSetSize of job (KB)
...
006 (3444396.001.000) 01/30 02:52:39 Image size of job updated: 442968
	360  -  MemoryUsage of job (MB)
	368628  -  ResidentSetSize of job (KB)
...
006 (3444396.001.000) 01/30 02:57:39 Image size of job updated: 442968
	361  -  MemoryUsage of job (MB)
	368660  -  ResidentSetSize of job (KB)
...
006 (3444396.001.000) 01/30 03:02:39 Image size of job updated: 442968
	361  -  MemoryUsage of job (MB)
	368688  -  ResidentSetSize of job (KB)
...
006 (3444396.001.000) 01/30 03:09:58 Image size of job updated: 442968
	361  -  MemoryUsage of job (MB)
	368728  -  ResidentSetSize of job (KB)
...
006 (3444396.001.000) 01/30 03:16:55 Image size of job updated: 442968
	361  -  MemoryUsage of job (MB)
	368836  -  ResidentSetSize of job (KB)
...
006 (3444396.001.000) 01/30 03:22:28 Image size of job updated: 442968
	361  -  MemoryUsage of job (MB)
	368908  -  ResidentSetSize of job (KB)
...
006 (3444396.001.000) 01/30 03:27:29 Image size of job updated: 442968
	361  -  MemoryUsage of job (MB)
	369048  -  ResidentSetSize of job (KB)
...
006 (3444396.001.000) 01/30 03:32:30 Image size of job updated: 442968
	361  -  MemoryUsage of job (MB)
	369172  -  ResidentSetSize of job (KB)
...
006 (3444396.001.000) 01/30 03:37:30 Image size of job updated: 442968
	361  -  MemoryUsage of job (MB)
	369248  -  ResidentSetSize of job (KB)
...
006 (3444396.001.000) 01/30 03:42:31 Image size of job updated: 442968
	361  -  MemoryUsage of job (MB)
	369360  -  ResidentSetSize of job (KB)
...
006 (3444396.001.000) 01/30 03:52:32 Image size of job updated: 442968
	361  -  MemoryUsage of job (MB)
	369428  -  ResidentSetSize of job (KB)
...
006 (3444396.001.000) 01/30 03:57:32 Image size of job updated: 442968
	361  -  MemoryUsage of job (MB)
	369516  -  ResidentSetSize of job (KB)
...
006 (3444396.001.000) 01/30 04:02:33 Image size of job updated: 442968
	361  -  MemoryUsage of job (MB)
	369564  -  ResidentSetSize of job (KB)
...
006 (3444396.001.000) 01/30 04:07:33 Image size of job updated: 442968
	361  -  MemoryUsage of job (MB)
	369608  -  ResidentSetSize of job (KB)
...
006 (3444396.001.000) 01/30 04:15:06 Image size of job updated: 442968
	362  -  MemoryUsage of job (MB)
	369688  -  ResidentSetSize of job (KB)
...
006 (3444396.001.000) 01/30 04:22:44 Image size of job updated: 442968
	362  -  MemoryUsage of job (MB)
	369840  -  ResidentSetSize of job (KB)
...
006 (3444396.001.000) 01/30 04:28:50 Image size of job updated: 442968
	362  -  MemoryUsage of job (MB)
	369924  -  ResidentSetSize of job (KB)
...
006 (3444396.001.000) 01/30 04:33:51 Image size of job updated: 442968
	362  -  MemoryUsage of job (MB)
	370020  -  ResidentSetSize of job (KB)
...
006 (3444396.001.000) 01/30 04:43:52 Image size of job updated: 442968
	362  -  MemoryUsage of job (MB)
	370172  -  ResidentSetSize of job (KB)
...
006 (3444396.001.000) 01/30 04:48:53 Image size of job updated: 442968
	362  -  MemoryUsage of job (MB)
	370180  -  ResidentSetSize of job (KB)
...
006 (3444396.001.000) 01/30 04:53:54 Image size of job updated: 442968
	362  -  MemoryUsage of job (MB)
	370268  -  ResidentSetSize of job (KB)
...
006 (3444396.001.000) 01/30 04:58:54 Image size of job updated: 442968
	362  -  MemoryUsage of job (MB)
	370320  -  ResidentSetSize of job (KB)
...
006 (3444396.001.000) 01/30 05:03:55 Image size of job updated: 442968
	362  -  MemoryUsage of job (MB)
	370368  -  ResidentSetSize of job (KB)
...
006 (3444396.001.000) 01/30 05:08:55 Image size of job updated: 442968
	362  -  MemoryUsage of job (MB)
	370548  -  ResidentSetSize of job (KB)
...
006 (3444396.001.000) 01/30 05:13:55 Image size of job updated: 442968
	362  -  MemoryUsage of job (MB)
	370588  -  ResidentSetSize of job (KB)
...
006 (3444396.001.000) 01/30 05:18:57 Image size of job updated: 442968
	362  -  MemoryUsage of job (MB)
	370664  -  ResidentSetSize of job (KB)
...
006 (3444396.001.000) 01/30 05:23:57 Image size of job updated: 442968
	363  -  MemoryUsage of job (MB)
	370768  -  ResidentSetSize of job (KB)
...
006 (3444396.001.000) 01/30 05:28:57 Image size of job updated: 442968
	363  -  MemoryUsage of job (MB)
	370812  -  ResidentSetSize of job (KB)
...
006 (3444396.001.000) 01/30 05:38:59 Image size of job updated: 442968
	363  -  MemoryUsage of job (MB)
	370900  -  ResidentSetSize of job (KB)
...
006 (3444396.001.000) 01/30 05:43:59 Image size of job updated: 442968
	363  -  MemoryUsage of job (MB)
	370976  -  ResidentSetSize of job (KB)
...
006 (3444396.001.000) 01/30 05:49:00 Image size of job updated: 442968
	363  -  MemoryUsage of job (MB)
	371028  -  ResidentSetSize of job (KB)
...
006 (3444396.001.000) 01/30 05:54:01 Image size of job updated: 442968
	363  -  MemoryUsage of job (MB)
	371140  -  ResidentSetSize of job (KB)
...
006 (3444396.001.000) 01/30 05:59:01 Image size of job updated: 442968
	363  -  MemoryUsage of job (MB)
	371192  -  ResidentSetSize of job (KB)
...
006 (3444396.001.000) 01/30 06:04:02 Image size of job updated: 442968
	363  -  MemoryUsage of job (MB)
	371292  -  ResidentSetSize of job (KB)
...
006 (3444396.001.000) 01/30 06:09:03 Image size of job updated: 442968
	363  -  MemoryUsage of job (MB)
	371316  -  ResidentSetSize of job (KB)
...
006 (3444396.001.000) 01/30 06:14:03 Image size of job updated: 442968
	363  -  MemoryUsage of job (MB)
	371464  -  ResidentSetSize of job (KB)
...
006 (3444396.001.000) 01/30 06:19:04 Image size of job updated: 442968
	363  -  MemoryUsage of job (MB)
	371516  -  ResidentSetSize of job (KB)
...
006 (3444396.001.000) 01/30 06:24:05 Image size of job updated: 442968
	363  -  MemoryUsage of job (MB)
	371600  -  ResidentSetSize of job (KB)
...
006 (3444396.001.000) 01/30 06:29:05 Image size of job updated: 442968
	363  -  MemoryUsage of job (MB)
	371608  -  ResidentSetSize of job (KB)
...
006 (3444396.001.000) 01/30 06:34:05 Image size of job updated: 442968
	363  -  MemoryUsage of job (MB)
	371708  -  ResidentSetSize of job (KB)
...
006 (3444396.001.000) 01/30 06:39:06 Image size of job updated: 442968
	364  -  MemoryUsage of job (MB)
	371832  -  ResidentSetSize of job (KB)
...
006 (3444396.001.000) 01/30 06:44:06 Image size of job updated: 442968
	364  -  MemoryUsage of job (MB)
	371900  -  ResidentSetSize of job (KB)
...
006 (3444396.001.000) 01/30 06:49:06 Image size of job updated: 442968
	364  -  MemoryUsage of job (MB)
	371992  -  ResidentSetSize of job (KB)
...
006 (3444396.001.000) 01/30 06:54:07 Image size of job updated: 442968
	364  -  MemoryUsage of job (MB)
	372008  -  ResidentSetSize of job (KB)
...
006 (3444396.001.000) 01/30 06:59:07 Image size of job updated: 442968
	365  -  MemoryUsage of job (MB)
	373124  -  ResidentSetSize of job (KB)
...
006 (3444396.001.000) 01/30 07:04:07 Image size of job updated: 442968
	366  -  MemoryUsage of job (MB)
	374456  -  ResidentSetSize of job (KB)
...
006 (3444396.001.000) 01/30 07:09:09 Image size of job updated: 442968
	366  -  MemoryUsage of job (MB)
	374500  -  ResidentSetSize of job (KB)
...
006 (3444396.001.000) 01/30 07:19:09 Image size of job updated: 442968
	366  -  MemoryUsage of job (MB)
	374548  -  ResidentSetSize of job (KB)
...
006 (3444396.001.000) 01/30 07:24:10 Image size of job updated: 442968
	366  -  MemoryUsage of job (MB)
	374652  -  ResidentSetSize of job (KB)
...
006 (3444396.001.000) 01/30 07:29:11 Image size of job updated: 442968
	366  -  MemoryUsage of job (MB)
	374692  -  ResidentSetSize of job (KB)
...
006 (3444396.001.000) 01/30 07:34:11 Image size of job updated: 442968
	366  -  MemoryUsage of job (MB)
	374732  -  ResidentSetSize of job (KB)
...
006 (3444396.001.000) 01/30 07:39:12 Image size of job updated: 442968
	366  -  MemoryUsage of job (MB)
	374748  -  ResidentSetSize of job (KB)
...
006 (3444396.001.000) 01/30 07:44:13 Image size of job updated: 442968
	367  -  MemoryUsage of job (MB)
	374844  -  ResidentSetSize of job (KB)
...
006 (3444396.001.000) 01/30 07:49:13 Image size of job updated: 442968
	367  -  MemoryUsage of job (MB)
	374884  -  ResidentSetSize of job (KB)
...
006 (3444396.001.000) 01/30 07:54:14 Image size of job updated: 442968
	367  -  MemoryUsage of job (MB)
	374920  -  ResidentSetSize of job (KB)
...
006 (3444396.001.000) 01/30 07:59:15 Image size of job updated: 442968
	367  -  MemoryUsage of job (MB)
	374996  -  ResidentSetSize of job (KB)
...
006 (3444396.001.000) 01/30 08:09:16 Image size of job updated: 442968
	367  -  MemoryUsage of job (MB)
	375088  -  ResidentSetSize of job (KB)
...
006 (3444396.001.000) 01/30 08:14:17 Image size of job updated: 442968
	367  -  MemoryUsage of job (MB)
	375092  -  ResidentSetSize of job (KB)
...
006 (3444396.001.000) 01/30 08:19:17 Image size of job updated: 442968
	367  -  MemoryUsage of job (MB)
	375180  -  ResidentSetSize of job (KB)
...
006 (3444396.001.000) 01/30 08:24:17 Image size of job updated: 442968
	367  -  MemoryUsage of job (MB)
	375252  -  ResidentSetSize of job (KB)
...
006 (3444396.001.000) 01/30 08:29:18 Image size of job updated: 442968
	367  -  MemoryUsage of job (MB)
	375300  -  ResidentSetSize of job (KB)
...
006 (3444396.001.000) 01/30 08:34:18 Image size of job updated: 442968
	367  -  MemoryUsage of job (MB)
	375328  -  ResidentSetSize of job (KB)
...
006 (3444396.001.000) 01/30 08:39:18 Image size of job updated: 442968
	367  -  MemoryUsage of job (MB)
	375348  -  ResidentSetSize of job (KB)
...
006 (3444396.001.000) 01/30 08:49:20 Image size of job updated: 442968
	367  -  MemoryUsage of job (MB)
	375440  -  ResidentSetSize of job (KB)
...
006 (3444396.001.000) 01/30 08:54:20 Image size of job updated: 442968
	367  -  MemoryUsage of job (MB)
	375496  -  ResidentSetSize of job (KB)
...
006 (3444396.001.000) 01/30 08:59:21 Image size of job updated: 442968
	367  -  MemoryUsage of job (MB)
	375564  -  ResidentSetSize of job (KB)
...
006 (3444396.001.000) 01/30 09:04:22 Image size of job updated: 442968
	367  -  MemoryUsage of job (MB)
	375584  -  ResidentSetSize of job (KB)
...
006 (3444396.001.000) 01/30 09:09:22 Image size of job updated: 442968
	367  -  MemoryUsage of job (MB)
	375632  -  ResidentSetSize of job (KB)
...
006 (3444396.001.000) 01/30 09:14:22 Image size of job updated: 442968
	367  -  MemoryUsage of job (MB)
	375692  -  ResidentSetSize of job (KB)
...
006 (3444396.001.000) 01/30 09:19:23 Image size of job updated: 442968
	367  -  MemoryUsage of job (MB)
	375740  -  ResidentSetSize of job (KB)
...
006 (3444396.001.000) 01/30 09:24:24 Image size of job updated: 442968
	367  -  MemoryUsage of job (MB)
	375776  -  ResidentSetSize of job (KB)
...
006 (3444396.001.000) 01/30 09:29:24 Image size of job updated: 442968
	368  -  MemoryUsage of job (MB)
	375828  -  ResidentSetSize of job (KB)
...
006 (3444396.001.000) 01/30 09:34:24 Image size of job updated: 442968
	368  -  MemoryUsage of job (MB)
	375896  -  ResidentSetSize of job (KB)
...
006 (3444396.001.000) 01/30 09:39:25 Image size of job updated: 442968
	368  -  MemoryUsage of job (MB)
	375956  -  ResidentSetSize of job (KB)
...
006 (3444396.001.000) 01/30 09:44:26 Image size of job updated: 442968
	368  -  MemoryUsage of job (MB)
	376004  -  ResidentSetSize of job (KB)
...
006 (3444396.001.000) 01/30 09:49:26 Image size of job updated: 442968
	368  -  MemoryUsage of job (MB)
	376020  -  ResidentSetSize of job (KB)
...
006 (3444396.001.000) 01/30 09:54:27 Image size of job updated: 442968
	368  -  MemoryUsage of job (MB)
	376140  -  ResidentSetSize of job (KB)
...
006 (3444396.001.000) 01/30 09:59:28 Image size of job updated: 442968
	368  -  MemoryUsage of job (MB)
	376184  -  ResidentSetSize of job (KB)
...
006 (3444396.001.000) 01/30 10:04:28 Image size of job updated: 442968
	368  -  MemoryUsage of job (MB)
	376272  -  ResidentSetSize of job (KB)
...
006 (3444396.001.000) 01/30 10:09:28 Image size of job updated: 442968
	368  -  MemoryUsage of job (MB)
	376284  -  ResidentSetSize of job (KB)
...
006 (3444396.001.000) 01/30 10:14:29 Image size of job updated: 442968
	368  -  MemoryUsage of job (MB)
	376332  -  ResidentSetSize of job (KB)
...
006 (3444396.001.000) 01/30 10:24:30 Image size of job updated: 442968
	368  -  MemoryUsage of job (MB)
	376480  -  ResidentSetSize of job (KB)
...
006 (3444396.001.000) 01/30 10:29:31 Image size of job updated: 442968
	368  -  MemoryUsage of job (MB)
	376484  -  ResidentSetSize of job (KB)
...
006 (3444396.001.000) 01/30 10:34:32 Image size of job updated: 442968
	368  -  MemoryUsage of job (MB)
	376504  -  ResidentSetSize of job (KB)
...
006 (3444396.001.000) 01/30 10:39:32 Image size of job updated: 442968
	368  -  MemoryUsage of job (MB)
	376636  -  ResidentSetSize of job (KB)
...
006 (3444396.001.000) 01/30 10:49:33 Image size of job updated: 442968
	368  -  MemoryUsage of job (MB)
	376672  -  ResidentSetSize of job (KB)
...
006 (3444396.001.000) 01/30 10:54:34 Image size of job updated: 442968
	368  -  MemoryUsage of job (MB)
	376732  -  ResidentSetSize of job (KB)
...
006 (3444396.001.000) 01/30 10:59:34 Image size of job updated: 442968
	368  -  MemoryUsage of job (MB)
	376800  -  ResidentSetSize of job (KB)
...
006 (3444396.001.000) 01/30 11:04:34 Image size of job updated: 442968
	368  -  MemoryUsage of job (MB)
	376808  -  ResidentSetSize of job (KB)
...
006 (3444396.001.000) 01/30 11:09:35 Image size of job updated: 442968
	369  -  MemoryUsage of job (MB)
	376880  -  ResidentSetSize of job (KB)
...
006 (3444396.001.000) 01/30 11:14:35 Image size of job updated: 442968
	369  -  MemoryUsage of job (MB)
	376928  -  ResidentSetSize of job (KB)
...
006 (3444396.001.000) 01/30 11:19:35 Image size of job updated: 442968
	369  -  MemoryUsage of job (MB)
	376948  -  ResidentSetSize of job (KB)
...
006 (3444396.001.000) 01/30 11:24:36 Image size of job updated: 442968
	369  -  MemoryUsage of job (MB)
	377008  -  ResidentSetSize of job (KB)
...
006 (3444396.001.000) 01/30 11:29:37 Image size of job updated: 442968
	369  -  MemoryUsage of job (MB)
	377088  -  ResidentSetSize of job (KB)
...
006 (3444396.001.000) 01/30 11:34:37 Image size of job updated: 442968
	369  -  MemoryUsage of job (MB)
	377140  -  ResidentSetSize of job (KB)
...
006 (3444396.001.000) 01/30 11:39:37 Image size of job updated: 442968
	369  -  MemoryUsage of job (MB)
	377164  -  ResidentSetSize of job (KB)
...
006 (3444396.001.000) 01/30 11:44:39 Image size of job updated: 442968
	369  -  MemoryUsage of job (MB)
	377240  -  ResidentSetSize of job (KB)
...
006 (3444396.001.000) 01/30 11:49:39 Image size of job updated: 442968
	369  -  MemoryUsage of job (MB)
	377312  -  ResidentSetSize of job (KB)
...
006 (3444396.001.000) 01/30 11:54:39 Image size of job updated: 442968
	369  -  MemoryUsage of job (MB)
	377364  -  ResidentSetSize of job (KB)
...
006 (3444396.001.000) 01/30 11:59:40 Image size of job updated: 442968
	369  -  MemoryUsage of job (MB)
	377392  -  ResidentSetSize of job (KB)
...
006 (3444396.001.000) 01/30 12:04:41 Image size of job updated: 442968
	369  -  MemoryUsage of job (MB)
	377472  -  ResidentSetSize of job (KB)
...
006 (3444396.001.000) 01/30 12:09:41 Image size of job updated: 442968
	369  -  MemoryUsage of job (MB)
	377496  -  ResidentSetSize of job (KB)
...
006 (3444396.001.000) 01/30 12:14:41 Image size of job updated: 442968
	369  -  MemoryUsage of job (MB)
	377520  -  ResidentSetSize of job (KB)
...
006 (3444396.001.000) 01/30 12:19:42 Image size of job updated: 442968
	369  -  MemoryUsage of job (MB)
	377548  -  ResidentSetSize of job (KB)
...
006 (3444396.001.000) 01/30 12:24:42 Image size of job updated: 442968
	369  -  MemoryUsage of job (MB)
	377592  -  ResidentSetSize of job (KB)
...
006 (3444396.001.000) 01/30 12:29:42 Image size of job updated: 442968
	369  -  MemoryUsage of job (MB)
	377656  -  ResidentSetSize of job (KB)
...
006 (3444396.001.000) 01/30 12:34:43 Image size of job updated: 442968
	369  -  MemoryUsage of job (MB)
	377688  -  ResidentSetSize of job (KB)
...
006 (3444396.001.000) 01/30 12:39:44 Image size of job updated: 442968
	369  -  MemoryUsage of job (MB)
	377732  -  ResidentSetSize of job (KB)
...
006 (3444396.001.000) 01/30 12:44:44 Image size of job updated: 442968
	369  -  MemoryUsage of job (MB)
	377736  -  ResidentSetSize of job (KB)
...
006 (3444396.001.000) 01/30 12:49:45 Image size of job updated: 442968
	370  -  MemoryUsage of job (MB)
	377860  -  ResidentSetSize of job (KB)
...
006 (3444396.001.000) 01/30 12:54:46 Image size of job updated: 442968
	370  -  MemoryUsage of job (MB)
	377940  -  ResidentSetSize of job (KB)
...
006 (3444396.001.000) 01/30 13:04:46 Image size of job updated: 442968
	370  -  MemoryUsage of job (MB)
	378020  -  ResidentSetSize of job (KB)
...
006 (3444396.001.000) 01/30 13:09:48 Image size of job updated: 442968
	370  -  MemoryUsage of job (MB)
	378044  -  ResidentSetSize of job (KB)
...
006 (3444396.001.000) 01/30 13:14:48 Image size of job updated: 442968
	370  -  MemoryUsage of job (MB)
	378084  -  ResidentSetSize of job (KB)
...
006 (3444396.001.000) 01/30 13:19:48 Image size of job updated: 442968
	370  -  MemoryUsage of job (MB)
	378096  -  ResidentSetSize of job (KB)
...
006 (3444396.001.000) 01/30 13:24:49 Image size of job updated: 442968
	370  -  MemoryUsage of job (MB)
	378164  -  ResidentSetSize of job (KB)
...
006 (3444396.001.000) 01/30 13:29:50 Image size of job updated: 442968
	370  -  MemoryUsage of job (MB)
	378172  -  ResidentSetSize of job (KB)
...
006 (3444396.001.000) 01/30 13:34:50 Image size of job updated: 442968
	370  -  MemoryUsage of job (MB)
	378184  -  ResidentSetSize of job (KB)
...
006 (3444396.001.000) 01/30 13:39:51 Image size of job updated: 442968
	370  -  MemoryUsage of job (MB)
	378272  -  ResidentSetSize of job (KB)
...
006 (3444396.001.000) 01/30 13:44:52 Image size of job updated: 442968
	370  -  MemoryUsage of job (MB)
	378348  -  ResidentSetSize of job (KB)
...
006 (3444396.001.000) 01/30 13:49:52 Image size of job updated: 442968
	370  -  MemoryUsage of job (MB)
	378420  -  ResidentSetSize of job (KB)
...
006 (3444396.001.000) 01/30 13:59:53 Image size of job updated: 442968
	370  -  MemoryUsage of job (MB)
	378532  -  ResidentSetSize of job (KB)
...
006 (3444396.001.000) 01/30 14:04:53 Image size of job updated: 442968
	370  -  MemoryUsage of job (MB)
	378616  -  ResidentSetSize of job (KB)
...
006 (3444396.001.000) 01/30 14:09:53 Image size of job updated: 442968
	370  -  MemoryUsage of job (MB)
	378744  -  ResidentSetSize of job (KB)
...
006 (3444396.001.000) 01/30 14:14:54 Image size of job updated: 442968
	371  -  MemoryUsage of job (MB)
	379036  -  ResidentSetSize of job (KB)
...
006 (3444396.001.000) 01/30 14:19:55 Image size of job updated: 442968
	371  -  MemoryUsage of job (MB)
	379068  -  ResidentSetSize of job (KB)
...
006 (3444396.001.000) 01/30 14:24:55 Image size of job updated: 442968
	371  -  MemoryUsage of job (MB)
	379296  -  ResidentSetSize of job (KB)
...
006 (3444396.001.000) 01/30 14:39:57 Image size of job updated: 442968
	371  -  MemoryUsage of job (MB)
	379448  -  ResidentSetSize of job (KB)
...
006 (3444396.001.000) 01/30 14:49:58 Image size of job updated: 442968
	371  -  MemoryUsage of job (MB)
	379568  -  ResidentSetSize of job (KB)
...
006 (3444396.001.000) 01/30 14:59:59 Image size of job updated: 442968
	371  -  MemoryUsage of job (MB)
	379584  -  ResidentSetSize of job (KB)
...
006 (3444396.001.000) 01/30 15:05:00 Image size of job updated: 442968
	371  -  MemoryUsage of job (MB)
	379788  -  ResidentSetSize of job (KB)
...
006 (3444396.001.000) 01/30 15:15:01 Image size of job updated: 442968
	371  -  MemoryUsage of job (MB)
	379804  -  ResidentSetSize of job (KB)
...
006 (3444396.001.000) 01/30 15:35:03 Image size of job updated: 442968
	371  -  MemoryUsage of job (MB)
	379892  -  ResidentSetSize of job (KB)
...
006 (3444396.001.000) 01/30 18:30:20 Image size of job updated: 442968
	372  -  MemoryUsage of job (MB)
	379912  -  ResidentSetSize of job (KB)
...
006 (3444396.001.000) 01/30 18:40:21 Image size of job updated: 442968
	372  -  MemoryUsage of job (MB)
	379928  -  ResidentSetSize of job (KB)
...
006 (3444396.001.000) 01/30 18:45:21 Image size of job updated: 442968
	372  -  MemoryUsage of job (MB)
	379940  -  ResidentSetSize of job (KB)
...
006 (3444396.001.000) 01/30 18:55:22 Image size of job updated: 442968
	372  -  MemoryUsage of job (MB)
	379968  -  ResidentSetSize of job (KB)
...
006 (3444396.001.000) 01/30 19:00:22 Image size of job updated: 442968
	372  -  MemoryUsage of job (MB)
	379972  -  ResidentSetSize of job (KB)
...
006 (3444396.001.000) 01/30 19:05:24 Image size of job updated: 442968
	372  -  MemoryUsage of job (MB)
	380012  -  ResidentSetSize of job (KB)
...
006 (3444396.001.000) 01/30 19:30:26 Image size of job updated: 442968
	372  -  MemoryUsage of job (MB)
	380016  -  ResidentSetSize of job (KB)
...
006 (3444396.001.000) 01/30 19:40:28 Image size of job updated: 442968
	372  -  MemoryUsage of job (MB)
	380036  -  ResidentSetSize of job (KB)
...
006 (3444396.001.000) 01/30 20:05:30 Image size of job updated: 442968
	372  -  MemoryUsage of job (MB)
	380056  -  ResidentSetSize of job (KB)
...
006 (3444396.001.000) 01/30 20:10:31 Image size of job updated: 442968
	372  -  MemoryUsage of job (MB)
	380064  -  ResidentSetSize of job (KB)
...
006 (3444396.001.000) 01/30 20:30:33 Image size of job updated: 442968
	372  -  MemoryUsage of job (MB)
	380084  -  ResidentSetSize of job (KB)
...
006 (3444396.001.000) 01/30 20:35:33 Image size of job updated: 442968
	372  -  MemoryUsage of job (MB)
	380104  -  ResidentSetSize of job (KB)
...
006 (3444396.001.000) 01/30 20:45:35 Image size of job updated: 442968
	372  -  MemoryUsage of job (MB)
	380108  -  ResidentSetSize of job (KB)
...
006 (3444396.001.000) 01/30 21:00:36 Image size of job updated: 442968
	372  -  MemoryUsage of job (MB)
	380136  -  ResidentSetSize of job (KB)
...
006 (3444396.001.000) 01/30 21:05:37 Image size of job updated: 442968
	372  -  MemoryUsage of job (MB)
	380164  -  ResidentSetSize of job (KB)
...
006 (3444396.001.000) 01/30 21:30:40 Image size of job updated: 442968
	372  -  MemoryUsage of job (MB)
	380188  -  ResidentSetSize of job (KB)
...
006 (3444396.001.000) 01/30 21:40:41 Image size of job updated: 442968
	372  -  MemoryUsage of job (MB)
	380232  -  ResidentSetSize of job (KB)
...
006 (3444396.001.000) 01/30 21:50:42 Image size of job updated: 442968
	372  -  MemoryUsage of job (MB)
	380244  -  ResidentSetSize of job (KB)
...
006 (3444396.001.000) 01/30 21:55:42 Image size of job updated: 442968
	372  -  MemoryUsage of job (MB)
	380260  -  ResidentSetSize of job (KB)
...
006 (3444396.001.000) 01/30 22:10:44 Image size of job updated: 442968
	372  -  MemoryUsage of job (MB)
	380268  -  ResidentSetSize of job (KB)
...
006 (3444396.001.000) 01/30 22:40:48 Image size of job updated: 442968
	372  -  MemoryUsage of job (MB)
	380272  -  ResidentSetSize of job (KB)
...
006 (3444396.001.000) 01/30 22:45:48 Image size of job updated: 442968
	372  -  MemoryUsage of job (MB)
	380292  -  ResidentSetSize of job (KB)
...
006 (3444396.001.000) 01/30 22:50:48 Image size of job updated: 442968
	372  -  MemoryUsage of job (MB)
	380300  -  ResidentSetSize of job (KB)
...
006 (3444396.001.000) 01/30 23:00:49 Image size of job updated: 442968
	372  -  MemoryUsage of job (MB)
	380308  -  ResidentSetSize of job (KB)
...
006 (3444396.001.000) 01/30 23:10:50 Image size of job updated: 442968
	372  -  MemoryUsage of job (MB)
	380316  -  ResidentSetSize of job (KB)
...
006 (3444396.001.000) 01/30 23:25:51 Image size of job updated: 442968
	372  -  MemoryUsage of job (MB)
	380360  -  ResidentSetSize of job (KB)
...
006 (3444396.001.000) 01/30 23:45:53 Image size of job updated: 442968
	372  -  MemoryUsage of job (MB)
	380384  -  ResidentSetSize of job (KB)
...
006 (3444396.001.000) 01/30 23:55:54 Image size of job updated: 442968
	372  -  MemoryUsage of job (MB)
	380420  -  ResidentSetSize of job (KB)
...
006 (3444396.001.000) 01/31 00:10:56 Image size of job updated: 442968
	372  -  MemoryUsage of job (MB)
	380504  -  ResidentSetSize of job (KB)
...
006 (3444396.001.000) 01/31 00:25:57 Image size of job updated: 442968
	372  -  MemoryUsage of job (MB)
	380524  -  ResidentSetSize of job (KB)
...
006 (3444396.001.000) 01/31 00:30:58 Image size of job updated: 442968
	372  -  MemoryUsage of job (MB)
	380552  -  ResidentSetSize of job (KB)
...
006 (3444396.001.000) 01/31 00:35:58 Image size of job updated: 442968
	372  -  MemoryUsage of job (MB)
	380596  -  ResidentSetSize of job (KB)
...
006 (3444396.001.000) 01/31 00:56:00 Image size of job updated: 442968
	372  -  MemoryUsage of job (MB)
	380604  -  ResidentSetSize of job (KB)
...
006 (3444396.001.000) 01/31 01:06:01 Image size of job updated: 442968
	372  -  MemoryUsage of job (MB)
	380612  -  ResidentSetSize of job (KB)
...
006 (3444396.001.000) 01/31 01:16:02 Image size of job updated: 442968
	372  -  MemoryUsage of job (MB)
	380632  -  ResidentSetSize of job (KB)
...
006 (3444396.001.000) 01/31 01:26:03 Image size of job updated: 442968
	372  -  MemoryUsage of job (MB)
	380648  -  ResidentSetSize of job (KB)
...
006 (3444396.001.000) 01/31 01:41:05 Image size of job updated: 442968
	372  -  MemoryUsage of job (MB)
	380668  -  ResidentSetSize of job (KB)
...
006 (3444396.001.000) 01/31 01:46:05 Image size of job updated: 442968
	372  -  MemoryUsage of job (MB)
	380684  -  ResidentSetSize of job (KB)
...
006 (3444396.001.000) 01/31 02:16:09 Image size of job updated: 442968
	372  -  MemoryUsage of job (MB)
	380692  -  ResidentSetSize of job (KB)
...
006 (3444396.001.000) 01/31 02:21:09 Image size of job updated: 442968
	372  -  MemoryUsage of job (MB)
	380716  -  ResidentSetSize of job (KB)
...
006 (3444396.001.000) 01/31 02:31:11 Image size of job updated: 442968
	372  -  MemoryUsage of job (MB)
	380724  -  ResidentSetSize of job (KB)
...
006 (3444396.001.000) 01/31 02:41:11 Image size of job updated: 442968
	372  -  MemoryUsage of job (MB)
	380784  -  ResidentSetSize of job (KB)
...
006 (3444396.001.000) 01/31 03:11:14 Image size of job updated: 442968
	372  -  MemoryUsage of job (MB)
	380804  -  ResidentSetSize of job (KB)
...
006 (3444396.001.000) 01/31 03:31:16 Image size of job updated: 442968
	372  -  MemoryUsage of job (MB)
	380820  -  ResidentSetSize of job (KB)
...
006 (3444396.001.000) 01/31 03:36:17 Image size of job updated: 442968
	372  -  MemoryUsage of job (MB)
	380824  -  ResidentSetSize of job (KB)
...
006 (3444396.001.000) 01/31 03:46:18 Image size of job updated: 442968
	372  -  MemoryUsage of job (MB)
	380840  -  ResidentSetSize of job (KB)
...
006 (3444396.001.000) 01/31 03:51:18 Image size of job updated: 442968
	372  -  MemoryUsage of job (MB)
	380884  -  ResidentSetSize of job (KB)
...
006 (3444396.001.000) 01/31 04:16:21 Image size of job updated: 442968
	372  -  MemoryUsage of job (MB)
	380900  -  ResidentSetSize of job (KB)
...
006 (3444396.001.000) 01/31 04:31:22 Image size of job updated: 442968
	372  -  MemoryUsage of job (MB)
	380912  -  ResidentSetSize of job (KB)
...
006 (3444396.001.000) 01/31 04:36:23 Image size of job updated: 442968
	372  -  MemoryUsage of job (MB)
	380924  -  ResidentSetSize of job (KB)
...
006 (3444396.001.000) 01/31 04:41:24 Image size of job updated: 442968
	373  -  MemoryUsage of job (MB)
	380936  -  ResidentSetSize of job (KB)
...
006 (3444396.001.000) 01/31 04:46:24 Image size of job updated: 442968
	373  -  MemoryUsage of job (MB)
	380948  -  ResidentSetSize of job (KB)
...
006 (3444396.001.000) 01/31 04:51:24 Image size of job updated: 442968
	373  -  MemoryUsage of job (MB)
	380968  -  ResidentSetSize of job (KB)
...
006 (3444396.001.000) 01/31 04:56:25 Image size of job updated: 442968
	373  -  MemoryUsage of job (MB)
	380980  -  ResidentSetSize of job (KB)
...
006 (3444396.001.000) 01/31 05:01:25 Image size of job updated: 442968
	373  -  MemoryUsage of job (MB)
	381008  -  ResidentSetSize of job (KB)
...
006 (3444396.001.000) 01/31 05:06:25 Image size of job updated: 442968
	373  -  MemoryUsage of job (MB)
	381048  -  ResidentSetSize of job (KB)
...
006 (3444396.001.000) 01/31 05:11:26 Image size of job updated: 442968
	373  -  MemoryUsage of job (MB)
	381060  -  ResidentSetSize of job (KB)
...
006 (3444396.001.000) 01/31 05:16:27 Image size of job updated: 442968
	373  -  MemoryUsage of job (MB)
	381076  -  ResidentSetSize of job (KB)
...
006 (3444396.001.000) 01/31 05:21:27 Image size of job updated: 442968
	373  -  MemoryUsage of job (MB)
	381088  -  ResidentSetSize of job (KB)
...
006 (3444396.001.000) 01/31 05:26:27 Image size of job updated: 442968
	373  -  MemoryUsage of job (MB)
	381096  -  ResidentSetSize of job (KB)
...
006 (3444396.001.000) 01/31 05:36:29 Image size of job updated: 442968
	373  -  MemoryUsage of job (MB)
	381100  -  ResidentSetSize of job (KB)
...
006 (3444396.001.000) 01/31 05:41:29 Image size of job updated: 442968
	373  -  MemoryUsage of job (MB)
	381152  -  ResidentSetSize of job (KB)
...
006 (3444396.001.000) 01/31 05:56:31 Image size of job updated: 442968
	373  -  MemoryUsage of job (MB)
	381156  -  ResidentSetSize of job (KB)
...
006 (3444396.001.000) 01/31 06:11:33 Image size of job updated: 442968
	373  -  MemoryUsage of job (MB)
	381168  -  ResidentSetSize of job (KB)
...
006 (3444396.001.000) 01/31 06:16:33 Image size of job updated: 442968
	373  -  MemoryUsage of job (MB)
	381180  -  ResidentSetSize of job (KB)
...
006 (3444396.001.000) 01/31 06:21:33 Image size of job updated: 442968
	373  -  MemoryUsage of job (MB)
	381184  -  ResidentSetSize of job (KB)
...
006 (3444396.001.000) 01/31 06:26:34 Image size of job updated: 442968
	373  -  MemoryUsage of job (MB)
	381196  -  ResidentSetSize of job (KB)
...
006 (3444396.001.000) 01/31 06:36:35 Image size of job updated: 442968
	373  -  MemoryUsage of job (MB)
	381204  -  ResidentSetSize of job (KB)
...
006 (3444396.001.000) 01/31 06:41:35 Image size of job updated: 442968
	373  -  MemoryUsage of job (MB)
	381224  -  ResidentSetSize of job (KB)
...
006 (3444396.001.000) 01/31 06:46:36 Image size of job updated: 442968
	373  -  MemoryUsage of job (MB)
	381264  -  ResidentSetSize of job (KB)
...
006 (3444396.001.000) 01/31 06:51:38 Image size of job updated: 442968
	373  -  MemoryUsage of job (MB)
	381276  -  ResidentSetSize of job (KB)
...
006 (3444396.001.000) 01/31 06:56:38 Image size of job updated: 442968
	373  -  MemoryUsage of job (MB)
	381288  -  ResidentSetSize of job (KB)
...
006 (3444396.001.000) 01/31 07:06:38 Image size of job updated: 442968
	373  -  MemoryUsage of job (MB)
	381296  -  ResidentSetSize of job (KB)
...
006 (3444396.001.000) 01/31 07:11:39 Image size of job updated: 442968
	373  -  MemoryUsage of job (MB)
	381328  -  ResidentSetSize of job (KB)
...
006 (3444396.001.000) 01/31 07:21:40 Image size of job updated: 442968
	373  -  MemoryUsage of job (MB)
	381356  -  ResidentSetSize of job (KB)
...
006 (3444396.001.000) 01/31 07:26:40 Image size of job updated: 442968
	373  -  MemoryUsage of job (MB)
	381360  -  ResidentSetSize of job (KB)
...
006 (3444396.001.000) 01/31 07:31:41 Image size of job updated: 442968
	373  -  MemoryUsage of job (MB)
	381384  -  ResidentSetSize of job (KB)
...
006 (3444396.001.000) 01/31 07:36:42 Image size of job updated: 442968
	373  -  MemoryUsage of job (MB)
	381404  -  ResidentSetSize of job (KB)
...
006 (3444396.001.000) 01/31 07:41:42 Image size of job updated: 442968
	373  -  MemoryUsage of job (MB)
	381412  -  ResidentSetSize of job (KB)
...
006 (3444396.001.000) 01/31 07:46:42 Image size of job updated: 442968
	373  -  MemoryUsage of job (MB)
	381460  -  ResidentSetSize of job (KB)
...
006 (3444396.001.000) 01/31 07:51:44 Image size of job updated: 442968
	373  -  MemoryUsage of job (MB)
	381464  -  ResidentSetSize of job (KB)
...
006 (3444396.001.000) 01/31 07:56:44 Image size of job updated: 442968
	373  -  MemoryUsage of job (MB)
	381488  -  ResidentSetSize of job (KB)
...
006 (3444396.001.000) 01/31 08:01:44 Image size of job updated: 442968
	373  -  MemoryUsage of job (MB)
	381528  -  ResidentSetSize of job (KB)
...
006 (3444396.001.000) 01/31 08:11:46 Image size of job updated: 442968
	373  -  MemoryUsage of job (MB)
	381556  -  ResidentSetSize of job (KB)
...
006 (3444396.001.000) 01/31 08:21:46 Image size of job updated: 442968
	373  -  MemoryUsage of job (MB)
	381560  -  ResidentSetSize of job (KB)
...
006 (3444396.001.000) 01/31 08:26:47 Image size of job updated: 442968
	373  -  MemoryUsage of job (MB)
	381572  -  ResidentSetSize of job (KB)
...
006 (3444396.001.000) 01/31 08:31:48 Image size of job updated: 442968
	373  -  MemoryUsage of job (MB)
	381592  -  ResidentSetSize of job (KB)
...
006 (3444396.001.000) 01/31 08:36:48 Image size of job updated: 442968
	373  -  MemoryUsage of job (MB)
	381620  -  ResidentSetSize of job (KB)
...
006 (3444396.001.000) 01/31 08:41:48 Image size of job updated: 442968
	373  -  MemoryUsage of job (MB)
	381652  -  ResidentSetSize of job (KB)
...
006 (3444396.001.000) 01/31 08:51:50 Image size of job updated: 442968
	373  -  MemoryUsage of job (MB)
	381680  -  ResidentSetSize of job (KB)
...
006 (3444396.001.000) 01/31 08:56:50 Image size of job updated: 442968
	373  -  MemoryUsage of job (MB)
	381696  -  ResidentSetSize of job (KB)
...
006 (3444396.001.000) 01/31 09:01:51 Image size of job updated: 442968
	373  -  MemoryUsage of job (MB)
	381752  -  ResidentSetSize of job (KB)
...
006 (3444396.001.000) 01/31 09:06:52 Image size of job updated: 442968
	373  -  MemoryUsage of job (MB)
	381756  -  ResidentSetSize of job (KB)
...
006 (3444396.001.000) 01/31 09:11:52 Image size of job updated: 442968
	373  -  MemoryUsage of job (MB)
	381772  -  ResidentSetSize of job (KB)
...
006 (3444396.001.000) 01/31 09:16:52 Image size of job updated: 442968
	373  -  MemoryUsage of job (MB)
	381820  -  ResidentSetSize of job (KB)
...
006 (3444396.001.000) 01/31 09:21:53 Image size of job updated: 442968
	373  -  MemoryUsage of job (MB)
	381872  -  ResidentSetSize of job (KB)
...
006 (3444396.001.000) 01/31 09:26:54 Image size of job updated: 442968
	373  -  MemoryUsage of job (MB)
	381884  -  ResidentSetSize of job (KB)
...
006 (3444396.001.000) 01/31 09:31:55 Image size of job updated: 442968
	373  -  MemoryUsage of job (MB)
	381908  -  ResidentSetSize of job (KB)
...
006 (3444396.001.000) 01/31 09:41:55 Image size of job updated: 442968
	373  -  MemoryUsage of job (MB)
	381916  -  ResidentSetSize of job (KB)
...
006 (3444396.001.000) 01/31 09:46:56 Image size of job updated: 442968
	373  -  MemoryUsage of job (MB)
	381928  -  ResidentSetSize of job (KB)
...
006 (3444396.001.000) 01/31 09:51:57 Image size of job updated: 442968
	373  -  MemoryUsage of job (MB)
	381944  -  ResidentSetSize of job (KB)
...
006 (3444396.001.000) 01/31 09:56:57 Image size of job updated: 442968
	374  -  MemoryUsage of job (MB)
	381976  -  ResidentSetSize of job (KB)
...
006 (3444396.001.000) 01/31 10:01:57 Image size of job updated: 442968
	374  -  MemoryUsage of job (MB)
	382012  -  ResidentSetSize of job (KB)
...
006 (3444396.001.000) 01/31 10:06:58 Image size of job updated: 442968
	374  -  MemoryUsage of job (MB)
	382036  -  ResidentSetSize of job (KB)
...
006 (3444396.001.000) 01/31 10:32:00 Image size of job updated: 442968
	374  -  MemoryUsage of job (MB)
	382112  -  ResidentSetSize of job (KB)
...
006 (3444396.001.000) 01/31 10:42:01 Image size of job updated: 442968
	374  -  MemoryUsage of job (MB)
	382140  -  ResidentSetSize of job (KB)
...
006 (3444396.001.000) 01/31 10:52:02 Image size of job updated: 442968
	374  -  MemoryUsage of job (MB)
	382176  -  ResidentSetSize of job (KB)
...
006 (3444396.001.000) 01/31 10:57:03 Image size of job updated: 442968
	374  -  MemoryUsage of job (MB)
	382212  -  ResidentSetSize of job (KB)
...
006 (3444396.001.000) 01/31 11:02:03 Image size of job updated: 442968
	374  -  MemoryUsage of job (MB)
	382224  -  ResidentSetSize of job (KB)
...
040 (3444396.001.000) 02/01 07:05:21 Started transferring output files
...
040 (3444396.001.000) 02/01 07:05:21 Finished transferring output files
...
005 (3444396.001.000) 02/01 07:05:21 Job terminated.
	(1) Normal termination (return value 0)
		Usr 2 09:28:07, Sys 0 00:03:25  -  Run Remote Usage
		Usr 0 00:00:00, Sys 0 00:00:00  -  Run Local Usage
		Usr 2 09:28:07, Sys 0 00:03:25  -  Total Remote Usage
		Usr 0 00:00:00, Sys 0 00:00:00  -  Total Local Usage
	34707  -  Run Bytes Sent By Job
	493  -  Run Bytes Received By Job
	34707  -  Total Bytes Sent By Job
	493  -  Total Bytes Received By Job
	Partitionable Resources :    Usage  Request Allocated 
	   Cpus                 :                 1           
	   Disk (KB)            :       47        1   2588429 
	   Memory (MB)          :      374     2000      2000 
...
