000 (3447454.011.000) 01/30 08:57:46 Job submitted from host: <188.185.71.142:9618?addrs=188.185.71.142-9618+[2001-1458-d00-7--100-388]-9618&alias=bigbird09.cern.ch&noUDP&sock=schedd_2208_1533_7>
...
040 (3447454.011.000) 01/31 06:12:08 Started transferring input files
	Transferring to host: <188.184.143.104:9618?addrs=188.184.143.104-9618+[2001-1458-301-46--100-102]-9618&noUDP&sock=4407_e14c_82844>
...
040 (3447454.011.000) 01/31 06:12:08 Finished transferring input files
...
001 (3447454.011.000) 01/31 06:12:09 Job executing on host: <188.184.143.104:9618?addrs=188.184.143.104-9618+[2001-1458-301-46--100-102]-9618&noUDP&sock=2389_3bd8_3>
...
006 (3447454.011.000) 01/31 06:12:18 Image size of job updated: 5240
	4  -  MemoryUsage of job (MB)
	4044  -  ResidentSetSize of job (KB)
...
006 (3447454.011.000) 01/31 06:17:19 Image size of job updated: 436836
	354  -  MemoryUsage of job (MB)
	362028  -  ResidentSetSize of job (KB)
...
006 (3447454.011.000) 01/31 06:32:20 Image size of job updated: 436840
	354  -  MemoryUsage of job (MB)
	362032  -  ResidentSetSize of job (KB)
...
006 (3447454.011.000) 01/31 07:02:23 Image size of job updated: 436856
	354  -  MemoryUsage of job (MB)
	362048  -  ResidentSetSize of job (KB)
...
006 (3447454.011.000) 01/31 09:02:35 Image size of job updated: 436900
	354  -  MemoryUsage of job (MB)
	362092  -  ResidentSetSize of job (KB)
...
006 (3447454.011.000) 01/31 09:07:35 Image size of job updated: 436992
	354  -  MemoryUsage of job (MB)
	362184  -  ResidentSetSize of job (KB)
...
006 (3447454.011.000) 01/31 09:12:35 Image size of job updated: 437236
	354  -  MemoryUsage of job (MB)
	362428  -  ResidentSetSize of job (KB)
...
006 (3447454.011.000) 01/31 09:37:38 Image size of job updated: 437236
	355  -  MemoryUsage of job (MB)
	362504  -  ResidentSetSize of job (KB)
...
006 (3447454.011.000) 01/31 09:42:39 Image size of job updated: 437236
	355  -  MemoryUsage of job (MB)
	362588  -  ResidentSetSize of job (KB)
...
006 (3447454.011.000) 01/31 09:47:39 Image size of job updated: 437236
	355  -  MemoryUsage of job (MB)
	362600  -  ResidentSetSize of job (KB)
...
006 (3447454.011.000) 01/31 09:52:39 Image size of job updated: 437236
	355  -  MemoryUsage of job (MB)
	362640  -  ResidentSetSize of job (KB)
...
006 (3447454.011.000) 01/31 09:57:40 Image size of job updated: 437236
	355  -  MemoryUsage of job (MB)
	362680  -  ResidentSetSize of job (KB)
...
006 (3447454.011.000) 01/31 10:52:46 Image size of job updated: 437236
	355  -  MemoryUsage of job (MB)
	362752  -  ResidentSetSize of job (KB)
...
006 (3447454.011.000) 01/31 10:57:46 Image size of job updated: 437236
	355  -  MemoryUsage of job (MB)
	362924  -  ResidentSetSize of job (KB)
...
006 (3447454.011.000) 01/31 11:02:46 Image size of job updated: 437236
	355  -  MemoryUsage of job (MB)
	363008  -  ResidentSetSize of job (KB)
...
006 (3447454.011.000) 01/31 11:07:47 Image size of job updated: 437236
	355  -  MemoryUsage of job (MB)
	363048  -  ResidentSetSize of job (KB)
...
006 (3447454.011.000) 01/31 11:12:48 Image size of job updated: 437236
	355  -  MemoryUsage of job (MB)
	363140  -  ResidentSetSize of job (KB)
...
006 (3447454.011.000) 01/31 11:17:48 Image size of job updated: 437236
	355  -  MemoryUsage of job (MB)
	363280  -  ResidentSetSize of job (KB)
...
006 (3447454.011.000) 01/31 11:22:48 Image size of job updated: 437236
	355  -  MemoryUsage of job (MB)
	363372  -  ResidentSetSize of job (KB)
...
006 (3447454.011.000) 01/31 11:27:50 Image size of job updated: 437412
	356  -  MemoryUsage of job (MB)
	363556  -  ResidentSetSize of job (KB)
...
006 (3447454.011.000) 01/31 11:32:50 Image size of job updated: 437424
	356  -  MemoryUsage of job (MB)
	363568  -  ResidentSetSize of job (KB)
...
006 (3447454.011.000) 01/31 11:37:50 Image size of job updated: 437564
	356  -  MemoryUsage of job (MB)
	363708  -  ResidentSetSize of job (KB)
...
006 (3447454.011.000) 01/31 11:42:51 Image size of job updated: 437624
	356  -  MemoryUsage of job (MB)
	363768  -  ResidentSetSize of job (KB)
...
006 (3447454.011.000) 01/31 11:47:52 Image size of job updated: 437624
	356  -  MemoryUsage of job (MB)
	363856  -  ResidentSetSize of job (KB)
...
006 (3447454.011.000) 01/31 11:52:52 Image size of job updated: 437624
	356  -  MemoryUsage of job (MB)
	363916  -  ResidentSetSize of job (KB)
...
006 (3447454.011.000) 01/31 11:57:52 Image size of job updated: 437624
	356  -  MemoryUsage of job (MB)
	363960  -  ResidentSetSize of job (KB)
...
006 (3447454.011.000) 01/31 12:02:53 Image size of job updated: 437624
	356  -  MemoryUsage of job (MB)
	364092  -  ResidentSetSize of job (KB)
...
006 (3447454.011.000) 01/31 12:07:54 Image size of job updated: 437624
	356  -  MemoryUsage of job (MB)
	364172  -  ResidentSetSize of job (KB)
...
006 (3447454.011.000) 01/31 12:12:54 Image size of job updated: 437624
	356  -  MemoryUsage of job (MB)
	364208  -  ResidentSetSize of job (KB)
...
006 (3447454.011.000) 01/31 12:17:55 Image size of job updated: 437624
	356  -  MemoryUsage of job (MB)
	364296  -  ResidentSetSize of job (KB)
...
006 (3447454.011.000) 01/31 12:22:56 Image size of job updated: 437624
	356  -  MemoryUsage of job (MB)
	364492  -  ResidentSetSize of job (KB)
...
006 (3447454.011.000) 01/31 12:27:56 Image size of job updated: 437624
	357  -  MemoryUsage of job (MB)
	364548  -  ResidentSetSize of job (KB)
...
006 (3447454.011.000) 01/31 12:32:56 Image size of job updated: 437624
	357  -  MemoryUsage of job (MB)
	364596  -  ResidentSetSize of job (KB)
...
006 (3447454.011.000) 01/31 12:37:57 Image size of job updated: 437624
	357  -  MemoryUsage of job (MB)
	364668  -  ResidentSetSize of job (KB)
...
006 (3447454.011.000) 01/31 12:42:57 Image size of job updated: 437624
	357  -  MemoryUsage of job (MB)
	364684  -  ResidentSetSize of job (KB)
...
006 (3447454.011.000) 01/31 12:47:57 Image size of job updated: 437624
	357  -  MemoryUsage of job (MB)
	364736  -  ResidentSetSize of job (KB)
...
006 (3447454.011.000) 01/31 12:52:58 Image size of job updated: 437624
	357  -  MemoryUsage of job (MB)
	364944  -  ResidentSetSize of job (KB)
...
006 (3447454.011.000) 01/31 12:57:59 Image size of job updated: 437624
	357  -  MemoryUsage of job (MB)
	365084  -  ResidentSetSize of job (KB)
...
006 (3447454.011.000) 01/31 13:13:01 Image size of job updated: 437624
	357  -  MemoryUsage of job (MB)
	365164  -  ResidentSetSize of job (KB)
...
006 (3447454.011.000) 01/31 13:18:01 Image size of job updated: 437624
	357  -  MemoryUsage of job (MB)
	365308  -  ResidentSetSize of job (KB)
...
006 (3447454.011.000) 01/31 13:23:01 Image size of job updated: 437624
	357  -  MemoryUsage of job (MB)
	365344  -  ResidentSetSize of job (KB)
...
006 (3447454.011.000) 01/31 13:28:03 Image size of job updated: 437624
	357  -  MemoryUsage of job (MB)
	365440  -  ResidentSetSize of job (KB)
...
006 (3447454.011.000) 01/31 13:33:03 Image size of job updated: 437624
	357  -  MemoryUsage of job (MB)
	365496  -  ResidentSetSize of job (KB)
...
006 (3447454.011.000) 01/31 13:38:03 Image size of job updated: 437624
	357  -  MemoryUsage of job (MB)
	365540  -  ResidentSetSize of job (KB)
...
006 (3447454.011.000) 01/31 13:43:04 Image size of job updated: 437624
	358  -  MemoryUsage of job (MB)
	365676  -  ResidentSetSize of job (KB)
...
006 (3447454.011.000) 01/31 13:48:05 Image size of job updated: 437624
	358  -  MemoryUsage of job (MB)
	365716  -  ResidentSetSize of job (KB)
...
006 (3447454.011.000) 01/31 13:53:05 Image size of job updated: 437624
	358  -  MemoryUsage of job (MB)
	365844  -  ResidentSetSize of job (KB)
...
006 (3447454.011.000) 01/31 13:58:06 Image size of job updated: 437624
	358  -  MemoryUsage of job (MB)
	365912  -  ResidentSetSize of job (KB)
...
006 (3447454.011.000) 01/31 14:03:07 Image size of job updated: 437624
	358  -  MemoryUsage of job (MB)
	365996  -  ResidentSetSize of job (KB)
...
006 (3447454.011.000) 01/31 14:08:07 Image size of job updated: 437624
	358  -  MemoryUsage of job (MB)
	366088  -  ResidentSetSize of job (KB)
...
006 (3447454.011.000) 01/31 14:13:07 Image size of job updated: 437624
	358  -  MemoryUsage of job (MB)
	366156  -  ResidentSetSize of job (KB)
...
006 (3447454.011.000) 01/31 14:18:08 Image size of job updated: 437624
	358  -  MemoryUsage of job (MB)
	366232  -  ResidentSetSize of job (KB)
...
006 (3447454.011.000) 01/31 14:23:08 Image size of job updated: 437624
	359  -  MemoryUsage of job (MB)
	367576  -  ResidentSetSize of job (KB)
...
006 (3447454.011.000) 01/31 14:28:08 Image size of job updated: 437624
	360  -  MemoryUsage of job (MB)
	367840  -  ResidentSetSize of job (KB)
...
006 (3447454.011.000) 01/31 14:33:09 Image size of job updated: 437624
	361  -  MemoryUsage of job (MB)
	369200  -  ResidentSetSize of job (KB)
...
006 (3447454.011.000) 01/31 14:38:09 Image size of job updated: 437624
	361  -  MemoryUsage of job (MB)
	369356  -  ResidentSetSize of job (KB)
...
006 (3447454.011.000) 01/31 14:43:09 Image size of job updated: 437624
	361  -  MemoryUsage of job (MB)
	369396  -  ResidentSetSize of job (KB)
...
006 (3447454.011.000) 01/31 14:48:10 Image size of job updated: 437624
	361  -  MemoryUsage of job (MB)
	369524  -  ResidentSetSize of job (KB)
...
006 (3447454.011.000) 01/31 14:53:11 Image size of job updated: 437624
	361  -  MemoryUsage of job (MB)
	369548  -  ResidentSetSize of job (KB)
...
006 (3447454.011.000) 01/31 14:58:11 Image size of job updated: 437624
	361  -  MemoryUsage of job (MB)
	369652  -  ResidentSetSize of job (KB)
...
006 (3447454.011.000) 01/31 15:03:12 Image size of job updated: 437624
	362  -  MemoryUsage of job (MB)
	369712  -  ResidentSetSize of job (KB)
...
006 (3447454.011.000) 01/31 15:08:13 Image size of job updated: 437624
	362  -  MemoryUsage of job (MB)
	369748  -  ResidentSetSize of job (KB)
...
006 (3447454.011.000) 01/31 15:13:13 Image size of job updated: 437624
	362  -  MemoryUsage of job (MB)
	369884  -  ResidentSetSize of job (KB)
...
006 (3447454.011.000) 01/31 15:18:13 Image size of job updated: 437624
	362  -  MemoryUsage of job (MB)
	369968  -  ResidentSetSize of job (KB)
...
006 (3447454.011.000) 01/31 15:23:14 Image size of job updated: 437624
	362  -  MemoryUsage of job (MB)
	370016  -  ResidentSetSize of job (KB)
...
006 (3447454.011.000) 01/31 15:28:14 Image size of job updated: 437624
	362  -  MemoryUsage of job (MB)
	370128  -  ResidentSetSize of job (KB)
...
006 (3447454.011.000) 01/31 15:33:14 Image size of job updated: 437624
	362  -  MemoryUsage of job (MB)
	370240  -  ResidentSetSize of job (KB)
...
006 (3447454.011.000) 01/31 15:38:15 Image size of job updated: 437624
	362  -  MemoryUsage of job (MB)
	370264  -  ResidentSetSize of job (KB)
...
006 (3447454.011.000) 01/31 15:43:16 Image size of job updated: 437624
	362  -  MemoryUsage of job (MB)
	370340  -  ResidentSetSize of job (KB)
...
006 (3447454.011.000) 01/31 15:53:17 Image size of job updated: 437624
	362  -  MemoryUsage of job (MB)
	370440  -  ResidentSetSize of job (KB)
...
006 (3447454.011.000) 01/31 15:58:18 Image size of job updated: 437624
	362  -  MemoryUsage of job (MB)
	370524  -  ResidentSetSize of job (KB)
...
006 (3447454.011.000) 01/31 16:03:18 Image size of job updated: 437624
	362  -  MemoryUsage of job (MB)
	370576  -  ResidentSetSize of job (KB)
...
006 (3447454.011.000) 01/31 16:08:18 Image size of job updated: 437624
	362  -  MemoryUsage of job (MB)
	370628  -  ResidentSetSize of job (KB)
...
006 (3447454.011.000) 01/31 16:13:19 Image size of job updated: 437624
	363  -  MemoryUsage of job (MB)
	370708  -  ResidentSetSize of job (KB)
...
006 (3447454.011.000) 01/31 16:18:19 Image size of job updated: 437624
	363  -  MemoryUsage of job (MB)
	370768  -  ResidentSetSize of job (KB)
...
006 (3447454.011.000) 01/31 16:23:19 Image size of job updated: 437624
	363  -  MemoryUsage of job (MB)
	370804  -  ResidentSetSize of job (KB)
...
006 (3447454.011.000) 01/31 16:28:20 Image size of job updated: 437624
	363  -  MemoryUsage of job (MB)
	370816  -  ResidentSetSize of job (KB)
...
006 (3447454.011.000) 01/31 16:33:21 Image size of job updated: 437624
	363  -  MemoryUsage of job (MB)
	370936  -  ResidentSetSize of job (KB)
...
006 (3447454.011.000) 01/31 16:38:21 Image size of job updated: 437624
	363  -  MemoryUsage of job (MB)
	370996  -  ResidentSetSize of job (KB)
...
006 (3447454.011.000) 01/31 16:43:22 Image size of job updated: 437624
	363  -  MemoryUsage of job (MB)
	371088  -  ResidentSetSize of job (KB)
...
006 (3447454.011.000) 01/31 16:48:23 Image size of job updated: 437624
	363  -  MemoryUsage of job (MB)
	371128  -  ResidentSetSize of job (KB)
...
006 (3447454.011.000) 01/31 16:53:23 Image size of job updated: 437624
	363  -  MemoryUsage of job (MB)
	371132  -  ResidentSetSize of job (KB)
...
006 (3447454.011.000) 01/31 16:58:24 Image size of job updated: 437624
	363  -  MemoryUsage of job (MB)
	371284  -  ResidentSetSize of job (KB)
...
006 (3447454.011.000) 01/31 17:03:24 Image size of job updated: 437624
	363  -  MemoryUsage of job (MB)
	371400  -  ResidentSetSize of job (KB)
...
006 (3447454.011.000) 01/31 17:08:25 Image size of job updated: 437624
	363  -  MemoryUsage of job (MB)
	371456  -  ResidentSetSize of job (KB)
...
006 (3447454.011.000) 01/31 17:15:18 Image size of job updated: 437624
	363  -  MemoryUsage of job (MB)
	371600  -  ResidentSetSize of job (KB)
...
006 (3447454.011.000) 01/31 17:20:58 Image size of job updated: 437624
	364  -  MemoryUsage of job (MB)
	371752  -  ResidentSetSize of job (KB)
...
006 (3447454.011.000) 01/31 17:25:58 Image size of job updated: 437624
	364  -  MemoryUsage of job (MB)
	371864  -  ResidentSetSize of job (KB)
...
006 (3447454.011.000) 01/31 17:32:17 Image size of job updated: 437624
	364  -  MemoryUsage of job (MB)
	371924  -  ResidentSetSize of job (KB)
...
006 (3447454.011.000) 01/31 17:37:46 Image size of job updated: 437624
	364  -  MemoryUsage of job (MB)
	372008  -  ResidentSetSize of job (KB)
...
006 (3447454.011.000) 01/31 17:42:46 Image size of job updated: 437624
	364  -  MemoryUsage of job (MB)
	372040  -  ResidentSetSize of job (KB)
...
006 (3447454.011.000) 01/31 17:47:47 Image size of job updated: 437624
	364  -  MemoryUsage of job (MB)
	372168  -  ResidentSetSize of job (KB)
...
006 (3447454.011.000) 01/31 17:52:47 Image size of job updated: 437624
	364  -  MemoryUsage of job (MB)
	372196  -  ResidentSetSize of job (KB)
...
006 (3447454.011.000) 01/31 17:57:47 Image size of job updated: 437624
	364  -  MemoryUsage of job (MB)
	372324  -  ResidentSetSize of job (KB)
...
006 (3447454.011.000) 01/31 18:02:48 Image size of job updated: 437624
	364  -  MemoryUsage of job (MB)
	372356  -  ResidentSetSize of job (KB)
...
006 (3447454.011.000) 01/31 18:07:49 Image size of job updated: 437624
	364  -  MemoryUsage of job (MB)
	372468  -  ResidentSetSize of job (KB)
...
006 (3447454.011.000) 01/31 18:12:49 Image size of job updated: 437624
	364  -  MemoryUsage of job (MB)
	372500  -  ResidentSetSize of job (KB)
...
006 (3447454.011.000) 01/31 18:17:50 Image size of job updated: 437624
	364  -  MemoryUsage of job (MB)
	372536  -  ResidentSetSize of job (KB)
...
006 (3447454.011.000) 01/31 18:22:51 Image size of job updated: 437624
	364  -  MemoryUsage of job (MB)
	372584  -  ResidentSetSize of job (KB)
...
006 (3447454.011.000) 01/31 18:27:51 Image size of job updated: 437624
	364  -  MemoryUsage of job (MB)
	372684  -  ResidentSetSize of job (KB)
...
006 (3447454.011.000) 01/31 18:32:52 Image size of job updated: 437624
	364  -  MemoryUsage of job (MB)
	372728  -  ResidentSetSize of job (KB)
...
006 (3447454.011.000) 01/31 18:37:53 Image size of job updated: 437624
	365  -  MemoryUsage of job (MB)
	372776  -  ResidentSetSize of job (KB)
...
006 (3447454.011.000) 01/31 18:42:53 Image size of job updated: 437624
	365  -  MemoryUsage of job (MB)
	372832  -  ResidentSetSize of job (KB)
...
006 (3447454.011.000) 01/31 18:47:54 Image size of job updated: 437624
	365  -  MemoryUsage of job (MB)
	372924  -  ResidentSetSize of job (KB)
...
006 (3447454.011.000) 01/31 18:52:55 Image size of job updated: 437624
	365  -  MemoryUsage of job (MB)
	372948  -  ResidentSetSize of job (KB)
...
006 (3447454.011.000) 01/31 18:57:55 Image size of job updated: 437624
	365  -  MemoryUsage of job (MB)
	373100  -  ResidentSetSize of job (KB)
...
006 (3447454.011.000) 01/31 19:02:56 Image size of job updated: 437624
	365  -  MemoryUsage of job (MB)
	373156  -  ResidentSetSize of job (KB)
...
006 (3447454.011.000) 01/31 19:07:57 Image size of job updated: 437624
	365  -  MemoryUsage of job (MB)
	373184  -  ResidentSetSize of job (KB)
...
006 (3447454.011.000) 01/31 19:12:57 Image size of job updated: 437624
	365  -  MemoryUsage of job (MB)
	373216  -  ResidentSetSize of job (KB)
...
006 (3447454.011.000) 01/31 19:17:58 Image size of job updated: 437624
	365  -  MemoryUsage of job (MB)
	373280  -  ResidentSetSize of job (KB)
...
006 (3447454.011.000) 01/31 19:22:59 Image size of job updated: 437624
	365  -  MemoryUsage of job (MB)
	373588  -  ResidentSetSize of job (KB)
...
006 (3447454.011.000) 01/31 19:27:59 Image size of job updated: 437624
	366  -  MemoryUsage of job (MB)
	373832  -  ResidentSetSize of job (KB)
...
006 (3447454.011.000) 01/31 19:32:59 Image size of job updated: 437624
	366  -  MemoryUsage of job (MB)
	373968  -  ResidentSetSize of job (KB)
...
006 (3447454.011.000) 01/31 19:53:01 Image size of job updated: 437624
	366  -  MemoryUsage of job (MB)
	374196  -  ResidentSetSize of job (KB)
...
006 (3447454.011.000) 01/31 21:38:12 Image size of job updated: 437624
	366  -  MemoryUsage of job (MB)
	374204  -  ResidentSetSize of job (KB)
...
006 (3447454.011.000) 01/31 21:43:12 Image size of job updated: 437624
	366  -  MemoryUsage of job (MB)
	374228  -  ResidentSetSize of job (KB)
...
006 (3447454.011.000) 01/31 22:03:46 Image size of job updated: 437624
	366  -  MemoryUsage of job (MB)
	374252  -  ResidentSetSize of job (KB)
...
006 (3447454.011.000) 01/31 22:08:14 Image size of job updated: 437624
	366  -  MemoryUsage of job (MB)
	374308  -  ResidentSetSize of job (KB)
...
006 (3447454.011.000) 01/31 22:18:16 Image size of job updated: 437624
	366  -  MemoryUsage of job (MB)
	374324  -  ResidentSetSize of job (KB)
...
006 (3447454.011.000) 01/31 22:23:22 Image size of job updated: 437624
	366  -  MemoryUsage of job (MB)
	374340  -  ResidentSetSize of job (KB)
...
006 (3447454.011.000) 01/31 22:28:16 Image size of job updated: 437624
	366  -  MemoryUsage of job (MB)
	374368  -  ResidentSetSize of job (KB)
...
006 (3447454.011.000) 01/31 22:33:17 Image size of job updated: 437624
	366  -  MemoryUsage of job (MB)
	374408  -  ResidentSetSize of job (KB)
...
006 (3447454.011.000) 01/31 22:48:18 Image size of job updated: 437624
	366  -  MemoryUsage of job (MB)
	374432  -  ResidentSetSize of job (KB)
...
006 (3447454.011.000) 01/31 23:23:21 Image size of job updated: 437624
	366  -  MemoryUsage of job (MB)
	374436  -  ResidentSetSize of job (KB)
...
006 (3447454.011.000) 01/31 23:38:22 Image size of job updated: 437624
	366  -  MemoryUsage of job (MB)
	374444  -  ResidentSetSize of job (KB)
...
006 (3447454.011.000) 01/31 23:48:24 Image size of job updated: 437624
	366  -  MemoryUsage of job (MB)
	374460  -  ResidentSetSize of job (KB)
...
006 (3447454.011.000) 02/01 00:28:28 Image size of job updated: 437624
	366  -  MemoryUsage of job (MB)
	374468  -  ResidentSetSize of job (KB)
...
006 (3447454.011.000) 02/01 00:48:29 Image size of job updated: 437624
	366  -  MemoryUsage of job (MB)
	374480  -  ResidentSetSize of job (KB)
...
006 (3447454.011.000) 02/01 00:58:31 Image size of job updated: 437624
	366  -  MemoryUsage of job (MB)
	374492  -  ResidentSetSize of job (KB)
...
006 (3447454.011.000) 02/01 01:18:33 Image size of job updated: 437624
	366  -  MemoryUsage of job (MB)
	374508  -  ResidentSetSize of job (KB)
...
006 (3447454.011.000) 02/01 01:28:35 Image size of job updated: 437624
	366  -  MemoryUsage of job (MB)
	374536  -  ResidentSetSize of job (KB)
...
006 (3447454.011.000) 02/01 01:48:36 Image size of job updated: 437624
	366  -  MemoryUsage of job (MB)
	374560  -  ResidentSetSize of job (KB)
...
006 (3447454.011.000) 02/01 02:30:27 Image size of job updated: 437624
	366  -  MemoryUsage of job (MB)
	374564  -  ResidentSetSize of job (KB)
...
006 (3447454.011.000) 02/01 02:40:28 Image size of job updated: 437624
	366  -  MemoryUsage of job (MB)
	374568  -  ResidentSetSize of job (KB)
...
006 (3447454.011.000) 02/01 02:45:29 Image size of job updated: 437624
	366  -  MemoryUsage of job (MB)
	374584  -  ResidentSetSize of job (KB)
...
006 (3447454.011.000) 02/01 02:55:29 Image size of job updated: 437624
	366  -  MemoryUsage of job (MB)
	374592  -  ResidentSetSize of job (KB)
...
006 (3447454.011.000) 02/01 03:10:30 Image size of job updated: 437624
	366  -  MemoryUsage of job (MB)
	374608  -  ResidentSetSize of job (KB)
...
006 (3447454.011.000) 02/01 03:20:31 Image size of job updated: 437624
	366  -  MemoryUsage of job (MB)
	374648  -  ResidentSetSize of job (KB)
...
006 (3447454.011.000) 02/01 03:40:33 Image size of job updated: 437624
	366  -  MemoryUsage of job (MB)
	374660  -  ResidentSetSize of job (KB)
...
006 (3447454.011.000) 02/01 03:45:34 Image size of job updated: 437624
	366  -  MemoryUsage of job (MB)
	374688  -  ResidentSetSize of job (KB)
...
006 (3447454.011.000) 02/01 04:11:28 Image size of job updated: 437624
	367  -  MemoryUsage of job (MB)
	374828  -  ResidentSetSize of job (KB)
...
006 (3447454.011.000) 02/01 04:20:38 Image size of job updated: 437624
	367  -  MemoryUsage of job (MB)
	374848  -  ResidentSetSize of job (KB)
...
006 (3447454.011.000) 02/01 04:30:39 Image size of job updated: 437624
	367  -  MemoryUsage of job (MB)
	374888  -  ResidentSetSize of job (KB)
...
006 (3447454.011.000) 02/01 04:35:40 Image size of job updated: 437624
	367  -  MemoryUsage of job (MB)
	374912  -  ResidentSetSize of job (KB)
...
006 (3447454.011.000) 02/01 05:00:43 Image size of job updated: 437624
	367  -  MemoryUsage of job (MB)
	374960  -  ResidentSetSize of job (KB)
...
006 (3447454.011.000) 02/01 05:15:44 Image size of job updated: 437624
	367  -  MemoryUsage of job (MB)
	375040  -  ResidentSetSize of job (KB)
...
006 (3447454.011.000) 02/01 05:20:45 Image size of job updated: 437624
	367  -  MemoryUsage of job (MB)
	375088  -  ResidentSetSize of job (KB)
...
006 (3447454.011.000) 02/01 05:25:45 Image size of job updated: 437624
	367  -  MemoryUsage of job (MB)
	375116  -  ResidentSetSize of job (KB)
...
006 (3447454.011.000) 02/01 05:35:46 Image size of job updated: 437624
	367  -  MemoryUsage of job (MB)
	375172  -  ResidentSetSize of job (KB)
...
006 (3447454.011.000) 02/01 05:40:46 Image size of job updated: 437624
	367  -  MemoryUsage of job (MB)
	375180  -  ResidentSetSize of job (KB)
...
006 (3447454.011.000) 02/01 05:45:46 Image size of job updated: 437624
	367  -  MemoryUsage of job (MB)
	375200  -  ResidentSetSize of job (KB)
...
006 (3447454.011.000) 02/01 05:55:48 Image size of job updated: 437624
	367  -  MemoryUsage of job (MB)
	375276  -  ResidentSetSize of job (KB)
...
006 (3447454.011.000) 02/01 06:05:49 Image size of job updated: 437624
	367  -  MemoryUsage of job (MB)
	375296  -  ResidentSetSize of job (KB)
...
006 (3447454.011.000) 02/01 06:15:50 Image size of job updated: 437624
	367  -  MemoryUsage of job (MB)
	375328  -  ResidentSetSize of job (KB)
...
006 (3447454.011.000) 02/01 06:20:50 Image size of job updated: 437624
	367  -  MemoryUsage of job (MB)
	375344  -  ResidentSetSize of job (KB)
...
006 (3447454.011.000) 02/01 06:35:52 Image size of job updated: 437624
	367  -  MemoryUsage of job (MB)
	375360  -  ResidentSetSize of job (KB)
...
006 (3447454.011.000) 02/01 06:40:53 Image size of job updated: 437624
	367  -  MemoryUsage of job (MB)
	375396  -  ResidentSetSize of job (KB)
...
006 (3447454.011.000) 02/01 06:45:54 Image size of job updated: 437624
	367  -  MemoryUsage of job (MB)
	375400  -  ResidentSetSize of job (KB)
...
006 (3447454.011.000) 02/01 07:05:55 Image size of job updated: 437624
	367  -  MemoryUsage of job (MB)
	375412  -  ResidentSetSize of job (KB)
...
006 (3447454.011.000) 02/01 07:10:55 Image size of job updated: 437624
	367  -  MemoryUsage of job (MB)
	375420  -  ResidentSetSize of job (KB)
...
006 (3447454.011.000) 02/01 07:20:57 Image size of job updated: 437624
	367  -  MemoryUsage of job (MB)
	375440  -  ResidentSetSize of job (KB)
...
006 (3447454.011.000) 02/01 07:35:59 Image size of job updated: 437624
	367  -  MemoryUsage of job (MB)
	375452  -  ResidentSetSize of job (KB)
...
006 (3447454.011.000) 02/01 07:40:59 Image size of job updated: 437624
	367  -  MemoryUsage of job (MB)
	375472  -  ResidentSetSize of job (KB)
...
006 (3447454.011.000) 02/01 07:51:01 Image size of job updated: 437624
	367  -  MemoryUsage of job (MB)
	375492  -  ResidentSetSize of job (KB)
...
006 (3447454.011.000) 02/01 07:56:01 Image size of job updated: 437624
	367  -  MemoryUsage of job (MB)
	375540  -  ResidentSetSize of job (KB)
...
006 (3447454.011.000) 02/01 08:11:03 Image size of job updated: 437624
	367  -  MemoryUsage of job (MB)
	375544  -  ResidentSetSize of job (KB)
...
006 (3447454.011.000) 02/01 08:51:07 Image size of job updated: 437624
	367  -  MemoryUsage of job (MB)
	375568  -  ResidentSetSize of job (KB)
...
006 (3447454.011.000) 02/01 09:01:08 Image size of job updated: 437624
	367  -  MemoryUsage of job (MB)
	375576  -  ResidentSetSize of job (KB)
...
006 (3447454.011.000) 02/01 09:06:08 Image size of job updated: 437624
	367  -  MemoryUsage of job (MB)
	375612  -  ResidentSetSize of job (KB)
...
006 (3447454.011.000) 02/01 09:21:10 Image size of job updated: 437624
	367  -  MemoryUsage of job (MB)
	375640  -  ResidentSetSize of job (KB)
...
006 (3447454.011.000) 02/01 09:26:11 Image size of job updated: 437624
	367  -  MemoryUsage of job (MB)
	375660  -  ResidentSetSize of job (KB)
...
006 (3447454.011.000) 02/01 09:41:12 Image size of job updated: 437624
	367  -  MemoryUsage of job (MB)
	375680  -  ResidentSetSize of job (KB)
...
006 (3447454.011.000) 02/01 09:46:13 Image size of job updated: 437624
	367  -  MemoryUsage of job (MB)
	375684  -  ResidentSetSize of job (KB)
...
006 (3447454.011.000) 02/01 09:51:13 Image size of job updated: 437624
	367  -  MemoryUsage of job (MB)
	375692  -  ResidentSetSize of job (KB)
...
006 (3447454.011.000) 02/01 09:56:13 Image size of job updated: 437624
	367  -  MemoryUsage of job (MB)
	375744  -  ResidentSetSize of job (KB)
...
006 (3447454.011.000) 02/01 10:06:15 Image size of job updated: 437624
	367  -  MemoryUsage of job (MB)
	375748  -  ResidentSetSize of job (KB)
...
006 (3447454.011.000) 02/01 10:16:16 Image size of job updated: 437624
	367  -  MemoryUsage of job (MB)
	375776  -  ResidentSetSize of job (KB)
...
006 (3447454.011.000) 02/01 10:21:17 Image size of job updated: 437624
	367  -  MemoryUsage of job (MB)
	375792  -  ResidentSetSize of job (KB)
...
006 (3447454.011.000) 02/01 10:36:19 Image size of job updated: 437624
	367  -  MemoryUsage of job (MB)
	375808  -  ResidentSetSize of job (KB)
...
006 (3447454.011.000) 02/01 10:41:19 Image size of job updated: 437624
	368  -  MemoryUsage of job (MB)
	375836  -  ResidentSetSize of job (KB)
...
040 (3447454.011.000) 02/01 19:58:43 Started transferring input files
	Transferring to host: <188.184.194.11:9618?addrs=188.184.194.11-9618+[2001-1458-301-50--100-36]-9618&noUDP&sock=14713_63af_45259>
...
040 (3447454.011.000) 02/01 19:58:43 Finished transferring input files
...
001 (3447454.011.000) 02/01 19:58:44 Job executing on host: <188.184.194.11:9618?addrs=188.184.194.11-9618+[2001-1458-301-50--100-36]-9618&noUDP&sock=14506_7ce8_3>
...
040 (3447454.011.000) 02/01 19:59:08 Started transferring output files
...
040 (3447454.011.000) 02/01 19:59:08 Finished transferring output files
...
005 (3447454.011.000) 02/01 19:59:08 Job terminated.
	(1) Normal termination (return value 0)
		Usr 0 00:00:04, Sys 0 00:00:03  -  Run Remote Usage
		Usr 0 00:00:00, Sys 0 00:00:00  -  Run Local Usage
		Usr 0 00:00:04, Sys 0 00:00:03  -  Total Remote Usage
		Usr 0 00:00:00, Sys 0 00:00:00  -  Total Local Usage
	9715  -  Run Bytes Sent By Job
	493  -  Run Bytes Received By Job
	9715  -  Total Bytes Sent By Job
	986  -  Total Bytes Received By Job
	Partitionable Resources :    Usage  Request Allocated 
	   Cpus                 :                 1           
	   Disk (KB)            :       24       35   2816195 
	   Memory (MB)          :      391     2000      2000 
...
